[2017-10-16 12:08:55,396 INFO root] Taurus CLI Tool v1.9.5
[2017-10-16 12:08:55,396 DEBUG root] Command-line options: {'verbose': None, 'no_system_configs': None, 'quiet': None, 'log': '/var/folders/vq/xzrdy2lx047cst78f69v8z3xfzqz1q/T/bzt_dRyT0V.log', 'option': None, 'aliases': ['cloud']}
[2017-10-16 12:08:55,396 DEBUG root] Python: CPython 2.7.13
[2017-10-16 12:08:55,396 DEBUG root] OS: ('Darwin', 'daper01mac1124', '16.7.0', 'Darwin Kernel Version 16.7.0: Thu Jun 15 17:36:27 PDT 2017; root:xnu-3789.70.16~2/RELEASE_X86_64', 'x86_64', 'i386')
[2017-10-16 12:08:55,396 INFO root] Starting with configs: ['gatling_sample.yml']
[2017-10-16 12:08:55,397 DEBUG root] Using personal config: /Users/daper01/.bzt-rc
[2017-10-16 12:08:55,397 INFO Engine] Configuring...
[2017-10-16 12:08:55,397 DEBUG Engine] Reading extension configs from: /usr/local/etc/bzt.d
[2017-10-16 12:08:55,397 DEBUG Engine.Configuration] Configs: ['/usr/local/lib/python2.7/site-packages/bzt/resources/base-config.yml', '/usr/local/etc/bzt.d/99-installID.yml']
[2017-10-16 12:08:55,398 DEBUG Engine.Configuration] Reading /usr/local/lib/python2.7/site-packages/bzt/resources/base-config.yml as YAML
[2017-10-16 12:08:55,424 DEBUG Engine.Configuration] Reading /usr/local/etc/bzt.d/99-installID.yml as YAML
[2017-10-16 12:08:55,425 DEBUG Engine.Configuration] Configs: ['/Users/daper01/.bzt-rc', 'gatling_sample.yml']
[2017-10-16 12:08:55,425 DEBUG Engine.Configuration] Reading /Users/daper01/.bzt-rc as YAML
[2017-10-16 12:08:55,427 DEBUG Engine.Configuration] Reading gatling_sample.yml as YAML
[2017-10-16 12:08:55,429 DEBUG Engine.Configuration] Configs: ['/Users/daper01/.bzt-rc', 'gatling_sample.yml']
[2017-10-16 12:08:55,429 DEBUG Engine.Configuration] Reading /Users/daper01/.bzt-rc as YAML
[2017-10-16 12:08:55,430 DEBUG Engine.Configuration] Reading gatling_sample.yml as YAML
[2017-10-16 12:08:55,441 DEBUG Engine] Requesting updates info: http://gettaurus.org/updates/?version=1.9.5&installID=784f43782a15
[2017-10-16 12:08:55,446 INFO Engine] Artifacts dir: /Users/daper01/Documents/OSLo/Gatling/2017-10-16_12-08-55.441276
[2017-10-16 12:08:55,447 DEBUG Engine] New artifact filename: /Users/daper01/Documents/OSLo/Gatling/2017-10-16_12-08-55.441276/effective
[2017-10-16 12:08:55,449 DEBUG Engine.Configuration] Dumping YAML config into /Users/daper01/Documents/OSLo/Gatling/2017-10-16_12-08-55.441276/effective.yml
[2017-10-16 12:08:55,522 DEBUG Engine.Configuration] Dumping JSON config into /Users/daper01/Documents/OSLo/Gatling/2017-10-16_12-08-55.441276/effective.json
[2017-10-16 12:08:55,557 DEBUG Engine] New artifact filename: /Users/daper01/Documents/OSLo/Gatling/2017-10-16_12-08-55.441276/merged.yml
[2017-10-16 12:08:55,557 DEBUG Engine.Configuration] Dumping YAML config into /Users/daper01/Documents/OSLo/Gatling/2017-10-16_12-08-55.441276/merged.yml
[2017-10-16 12:08:55,590 DEBUG Engine] New artifact filename: /Users/daper01/Documents/OSLo/Gatling/2017-10-16_12-08-55.441276/merged.json
[2017-10-16 12:08:55,590 DEBUG Engine.Configuration] Dumping JSON config into /Users/daper01/Documents/OSLo/Gatling/2017-10-16_12-08-55.441276/merged.json
[2017-10-16 12:08:55,622 DEBUG Engine] Add existing artifact (move=False): gatling_sample.yml
[2017-10-16 12:08:55,622 DEBUG Engine] Copying gatling_sample.yml to /Users/daper01/Documents/OSLo/Gatling/2017-10-16_12-08-55.441276/gatling_sample.yml
[2017-10-16 12:08:55,652 DEBUG root] Closing log handler: /var/folders/vq/xzrdy2lx047cst78f69v8z3xfzqz1q/T/bzt_dRyT0V.log
[2017-10-16 12:08:55,717 DEBUG root] Switched writing logs to /Users/daper01/Documents/OSLo/Gatling/2017-10-16_12-08-55.441276/bzt.log
[2017-10-16 12:08:55,717 INFO Engine] Preparing...
[2017-10-16 12:08:55,717 DEBUG Engine] Module config: consolidator defaultdict(None, {'class': 'bzt.modules.aggregator.ConsolidatingAggregator'})
[2017-10-16 12:08:55,717 DEBUG root] Importing module: bzt.modules.aggregator
[2017-10-16 12:08:55,723 DEBUG root] Loading class: 'ConsolidatingAggregator' from <module 'bzt.modules.aggregator' from '/usr/local/lib/python2.7/site-packages/bzt/modules/aggregator.pyc'>
[2017-10-16 12:08:55,723 DEBUG Engine.consolidator] Exception in dehumanize_time(inf)
[2017-10-16 12:08:55,724 DEBUG Engine.consolidator] Buffer scaling setup: percentile 95.0 from [0.0, 50.0, 90.0, 95.0, 99.0, 99.9, 100.0] selected
[2017-10-16 12:08:55,724 DEBUG Engine] Module config: monitoring defaultdict(None, {'class': 'bzt.modules.monitoring.Monitoring'})
[2017-10-16 12:08:55,724 DEBUG root] Importing module: bzt.modules.monitoring
[2017-10-16 12:08:55,758 DEBUG root] Loading class: 'Monitoring' from <module 'bzt.modules.monitoring' from '/usr/local/lib/python2.7/site-packages/bzt/modules/monitoring.pyc'>
[2017-10-16 12:08:55,758 DEBUG Engine.monitoring] Should not run because of non-matching prov: cloud != local
[2017-10-16 12:08:55,758 DEBUG Engine] Module config: cloud defaultdict(None, {'test': 'gatling test', 'report-name': 'gatling test', 'class': 'bzt.modules.blazemeter.CloudProvisioning', 'default-location': 'us-central1-a'})
[2017-10-16 12:08:55,758 DEBUG root] Importing module: bzt.modules.blazemeter
[2017-10-16 12:08:55,848 DEBUG easyprocess] version=0.2.3
[2017-10-16 12:08:55,851 DEBUG pyvirtualdisplay] version=0.2.1
[2017-10-16 12:08:55,853 DEBUG root] Loading class: 'CloudProvisioning' from <module 'bzt.modules.blazemeter' from '/usr/local/lib/python2.7/site-packages/bzt/modules/blazemeter.pyc'>
[2017-10-16 12:08:55,853 DEBUG Engine] Module config: blazemeter defaultdict(None, {'token': '********', 'class': 'bzt.modules.blazemeter.BlazeMeterUploader'})
[2017-10-16 12:08:55,853 DEBUG root] Importing module: bzt.modules.blazemeter
[2017-10-16 12:08:55,853 DEBUG root] Loading class: 'BlazeMeterUploader' from <module 'bzt.modules.blazemeter' from '/usr/local/lib/python2.7/site-packages/bzt/modules/blazemeter.pyc'>
[2017-10-16 12:08:55,853 DEBUG Engine.cloud] Request: GET https://a.blazemeter.com/api/v4/accounts None
[2017-10-16 12:08:55,918 DEBUG Engine] Taurus updates info: {"latest":"1.9.6","needsUpgrade":true}
[2017-10-16 12:08:55,918 WARNING Engine] There is newer version of Taurus 1.9.6 available, consider upgrading. What's new: http://gettaurus.org/docs/Changelog/
[2017-10-16 12:08:55,945 DEBUG urllib3.connectionpool] Starting new HTTPS connection (1): a.blazemeter.com
[2017-10-16 12:08:56,293 DEBUG urllib3.connectionpool] https://a.blazemeter.com:443 "GET /api/v4/accounts HTTP/1.1" 200 2726
[2017-10-16 12:08:56,300 DEBUG Engine.cloud] Response: {
    "limit": 10,
    "skip": 0,
    "total": 3,
    "hidden": 0,
    "api_version": 4,
    "error": null,
    "result": [
        {
            "id": 153221,
            "name": "BlazeMeter Demo",
            "thumbnailUrl": "https://www.blazemeter.com/s
[2017-10-16 12:08:56,302 DEBUG Engine.cloud] Request: GET https://a.blazemeter.com/api/v4/workspaces?accountId=153221&enabled=true&limit=100 None
[2017-10-16 12:08:56,305 DEBUG urllib3.connectionpool] Starting new HTTPS connection (1): a.blazemeter.com
[2017-10-16 12:08:56,578 DEBUG urllib3.connectionpool] https://a.blazemeter.com:443 "GET /api/v4/workspaces?accountId=153221&enabled=true&limit=100 HTTP/1.1" 200 814
[2017-10-16 12:08:56,585 DEBUG Engine.cloud] Response: {
    "limit": 100,
    "skip": 0,
    "total": 1,
    "hidden": 0,
    "api_version": 4,
    "error": null,
    "result": [
        {
            "id": 146738,
            "name": "Demo workspace",
            "userId": 368191,
            "created": 1498
[2017-10-16 12:08:56,585 DEBUG Engine.cloud] Request: GET https://a.blazemeter.com/api/v4/workspaces?accountId=125626&enabled=true&limit=100 None
[2017-10-16 12:08:56,589 DEBUG urllib3.connectionpool] Starting new HTTPS connection (1): a.blazemeter.com
[2017-10-16 12:08:56,955 DEBUG urllib3.connectionpool] https://a.blazemeter.com:443 "GET /api/v4/workspaces?accountId=125626&enabled=true&limit=100 HTTP/1.1" 200 4881
[2017-10-16 12:08:56,962 DEBUG Engine.cloud] Response: {
    "limit": 100,
    "skip": 0,
    "total": 7,
    "hidden": 0,
    "api_version": 4,
    "error": null,
    "result": [
        {
            "id": 119008,
            "name": "Default workspace",
            "userId": 339612,
            "created": 1
[2017-10-16 12:08:56,964 DEBUG Engine.cloud] Request: GET https://a.blazemeter.com/api/v4/workspaces?accountId=21166&enabled=true&limit=100 None
[2017-10-16 12:08:56,967 DEBUG urllib3.connectionpool] Starting new HTTPS connection (1): a.blazemeter.com
[2017-10-16 12:08:57,513 DEBUG urllib3.connectionpool] https://a.blazemeter.com:443 "GET /api/v4/workspaces?accountId=21166&enabled=true&limit=100 HTTP/1.1" 200 1480
[2017-10-16 12:08:57,519 DEBUG Engine.cloud] Response: {
    "limit": 100,
    "skip": 0,
    "total": 2,
    "hidden": 0,
    "api_version": 4,
    "error": null,
    "result": [
        {
            "id": 7199,
            "name": "CA SE Workspace",
            "userId": 307773,
            "created": 14775
[2017-10-16 12:08:57,521 DEBUG Engine] Module config: gatling defaultdict(None, {'version': '2.2.4', 'class': 'bzt.modules.gatling.GatlingExecutor', 'properties': defaultdict(None, {'gatling.data.file.bufferSize': 256})})
[2017-10-16 12:08:57,521 DEBUG root] Importing module: bzt.modules.gatling
[2017-10-16 12:08:57,523 DEBUG root] Loading class: 'GatlingExecutor' from <module 'bzt.modules.gatling' from '/usr/local/lib/python2.7/site-packages/bzt/modules/gatling.pyc'>
[2017-10-16 12:08:57,524 DEBUG Engine.cloud] Request: GET https://a.blazemeter.com/api/v4/multi-tests?workspaceId=146738&name=gatling+test None
[2017-10-16 12:08:57,528 DEBUG urllib3.connectionpool] Starting new HTTPS connection (1): a.blazemeter.com
[2017-10-16 12:08:57,737 DEBUG urllib3.connectionpool] https://a.blazemeter.com:443 "GET /api/v4/multi-tests?workspaceId=146738&name=gatling+test HTTP/1.1" 200 126
[2017-10-16 12:08:57,742 DEBUG Engine.cloud] Response: {
    "limit": 10,
    "skip": 0,
    "total": 0,
    "hidden": 0,
    "api_version": 4,
    "error": null,
    "result": []
}
[2017-10-16 12:08:57,742 DEBUG Engine.cloud] Request: GET https://a.blazemeter.com/api/v4/multi-tests?workspaceId=119008&name=gatling+test None
[2017-10-16 12:08:57,744 DEBUG urllib3.connectionpool] Starting new HTTPS connection (1): a.blazemeter.com
[2017-10-16 12:08:57,963 DEBUG urllib3.connectionpool] https://a.blazemeter.com:443 "GET /api/v4/multi-tests?workspaceId=119008&name=gatling+test HTTP/1.1" 200 126
[2017-10-16 12:08:57,968 DEBUG Engine.cloud] Response: {
    "limit": 10,
    "skip": 0,
    "total": 0,
    "hidden": 0,
    "api_version": 4,
    "error": null,
    "result": []
}
[2017-10-16 12:08:57,968 DEBUG Engine.cloud] Request: GET https://a.blazemeter.com/api/v4/multi-tests?workspaceId=127980&name=gatling+test None
[2017-10-16 12:08:57,971 DEBUG urllib3.connectionpool] Starting new HTTPS connection (1): a.blazemeter.com
[2017-10-16 12:08:58,217 DEBUG urllib3.connectionpool] https://a.blazemeter.com:443 "GET /api/v4/multi-tests?workspaceId=127980&name=gatling+test HTTP/1.1" 200 126
[2017-10-16 12:08:58,224 DEBUG Engine.cloud] Response: {
    "limit": 10,
    "skip": 0,
    "total": 0,
    "hidden": 0,
    "api_version": 4,
    "error": null,
    "result": []
}
[2017-10-16 12:08:58,224 DEBUG Engine.cloud] Request: GET https://a.blazemeter.com/api/v4/multi-tests?workspaceId=127984&name=gatling+test None
[2017-10-16 12:08:58,228 DEBUG urllib3.connectionpool] Starting new HTTPS connection (1): a.blazemeter.com
[2017-10-16 12:08:58,454 DEBUG urllib3.connectionpool] https://a.blazemeter.com:443 "GET /api/v4/multi-tests?workspaceId=127984&name=gatling+test HTTP/1.1" 200 126
[2017-10-16 12:08:58,461 DEBUG Engine.cloud] Response: {
    "limit": 10,
    "skip": 0,
    "total": 0,
    "hidden": 0,
    "api_version": 4,
    "error": null,
    "result": []
}
[2017-10-16 12:08:58,462 DEBUG Engine.cloud] Request: GET https://a.blazemeter.com/api/v4/multi-tests?workspaceId=132723&name=gatling+test None
[2017-10-16 12:08:58,464 DEBUG urllib3.connectionpool] Starting new HTTPS connection (1): a.blazemeter.com
[2017-10-16 12:08:58,672 DEBUG urllib3.connectionpool] https://a.blazemeter.com:443 "GET /api/v4/multi-tests?workspaceId=132723&name=gatling+test HTTP/1.1" 200 126
[2017-10-16 12:08:58,679 DEBUG Engine.cloud] Response: {
    "limit": 10,
    "skip": 0,
    "total": 0,
    "hidden": 0,
    "api_version": 4,
    "error": null,
    "result": []
}
[2017-10-16 12:08:58,679 DEBUG Engine.cloud] Request: GET https://a.blazemeter.com/api/v4/multi-tests?workspaceId=153836&name=gatling+test None
[2017-10-16 12:08:58,683 DEBUG urllib3.connectionpool] Starting new HTTPS connection (1): a.blazemeter.com
[2017-10-16 12:08:58,899 DEBUG urllib3.connectionpool] https://a.blazemeter.com:443 "GET /api/v4/multi-tests?workspaceId=153836&name=gatling+test HTTP/1.1" 200 126
[2017-10-16 12:08:58,906 DEBUG Engine.cloud] Response: {
    "limit": 10,
    "skip": 0,
    "total": 0,
    "hidden": 0,
    "api_version": 4,
    "error": null,
    "result": []
}
[2017-10-16 12:08:58,907 DEBUG Engine.cloud] Request: GET https://a.blazemeter.com/api/v4/multi-tests?workspaceId=163251&name=gatling+test None
[2017-10-16 12:08:58,909 DEBUG urllib3.connectionpool] Starting new HTTPS connection (1): a.blazemeter.com
[2017-10-16 12:08:59,109 DEBUG urllib3.connectionpool] https://a.blazemeter.com:443 "GET /api/v4/multi-tests?workspaceId=163251&name=gatling+test HTTP/1.1" 200 126
[2017-10-16 12:08:59,112 DEBUG Engine.cloud] Response: {
    "limit": 10,
    "skip": 0,
    "total": 0,
    "hidden": 0,
    "api_version": 4,
    "error": null,
    "result": []
}
[2017-10-16 12:08:59,112 DEBUG Engine.cloud] Request: GET https://a.blazemeter.com/api/v4/multi-tests?workspaceId=135886&name=gatling+test None
[2017-10-16 12:08:59,114 DEBUG urllib3.connectionpool] Starting new HTTPS connection (1): a.blazemeter.com
[2017-10-16 12:08:59,338 DEBUG urllib3.connectionpool] https://a.blazemeter.com:443 "GET /api/v4/multi-tests?workspaceId=135886&name=gatling+test HTTP/1.1" 200 126
[2017-10-16 12:08:59,348 DEBUG Engine.cloud] Response: {
    "limit": 10,
    "skip": 0,
    "total": 0,
    "hidden": 0,
    "api_version": 4,
    "error": null,
    "result": []
}
[2017-10-16 12:08:59,348 DEBUG Engine.cloud] Request: GET https://a.blazemeter.com/api/v4/multi-tests?workspaceId=7199&name=gatling+test None
[2017-10-16 12:08:59,351 DEBUG urllib3.connectionpool] Starting new HTTPS connection (1): a.blazemeter.com
[2017-10-16 12:08:59,561 DEBUG urllib3.connectionpool] https://a.blazemeter.com:443 "GET /api/v4/multi-tests?workspaceId=7199&name=gatling+test HTTP/1.1" 200 126
[2017-10-16 12:08:59,566 DEBUG Engine.cloud] Response: {
    "limit": 10,
    "skip": 0,
    "total": 0,
    "hidden": 0,
    "api_version": 4,
    "error": null,
    "result": []
}
[2017-10-16 12:08:59,567 DEBUG Engine.cloud] Request: GET https://a.blazemeter.com/api/v4/multi-tests?workspaceId=133217&name=gatling+test None
[2017-10-16 12:08:59,569 DEBUG urllib3.connectionpool] Starting new HTTPS connection (1): a.blazemeter.com
[2017-10-16 12:08:59,822 DEBUG urllib3.connectionpool] https://a.blazemeter.com:443 "GET /api/v4/multi-tests?workspaceId=133217&name=gatling+test HTTP/1.1" 200 126
[2017-10-16 12:08:59,826 DEBUG Engine.cloud] Response: {
    "limit": 10,
    "skip": 0,
    "total": 0,
    "hidden": 0,
    "api_version": 4,
    "error": null,
    "result": []
}
[2017-10-16 12:08:59,826 DEBUG Engine.cloud.ProjectFinder] Looked for collection: None
[2017-10-16 12:08:59,826 DEBUG Engine.cloud] Request: GET https://a.blazemeter.com/api/v4/tests?workspaceId=146738&name=gatling+test None
[2017-10-16 12:08:59,828 DEBUG urllib3.connectionpool] Starting new HTTPS connection (1): a.blazemeter.com
[2017-10-16 12:09:00,293 DEBUG urllib3.connectionpool] https://a.blazemeter.com:443 "GET /api/v4/tests?workspaceId=146738&name=gatling+test HTTP/1.1" 200 126
[2017-10-16 12:09:00,301 DEBUG Engine.cloud] Response: {
    "limit": 10,
    "skip": 0,
    "total": 0,
    "hidden": 0,
    "api_version": 4,
    "error": null,
    "result": []
}
[2017-10-16 12:09:00,301 DEBUG Engine.cloud] Request: GET https://a.blazemeter.com/api/v4/tests?workspaceId=119008&name=gatling+test None
[2017-10-16 12:09:00,304 DEBUG urllib3.connectionpool] Starting new HTTPS connection (1): a.blazemeter.com
[2017-10-16 12:09:00,537 DEBUG urllib3.connectionpool] https://a.blazemeter.com:443 "GET /api/v4/tests?workspaceId=119008&name=gatling+test HTTP/1.1" 200 126
[2017-10-16 12:09:00,544 DEBUG Engine.cloud] Response: {
    "limit": 10,
    "skip": 0,
    "total": 0,
    "hidden": 0,
    "api_version": 4,
    "error": null,
    "result": []
}
[2017-10-16 12:09:00,545 DEBUG Engine.cloud] Request: GET https://a.blazemeter.com/api/v4/tests?workspaceId=127980&name=gatling+test None
[2017-10-16 12:09:00,548 DEBUG urllib3.connectionpool] Starting new HTTPS connection (1): a.blazemeter.com
[2017-10-16 12:09:00,762 DEBUG urllib3.connectionpool] https://a.blazemeter.com:443 "GET /api/v4/tests?workspaceId=127980&name=gatling+test HTTP/1.1" 200 126
[2017-10-16 12:09:00,769 DEBUG Engine.cloud] Response: {
    "limit": 10,
    "skip": 0,
    "total": 0,
    "hidden": 0,
    "api_version": 4,
    "error": null,
    "result": []
}
[2017-10-16 12:09:00,770 DEBUG Engine.cloud] Request: GET https://a.blazemeter.com/api/v4/tests?workspaceId=127984&name=gatling+test None
[2017-10-16 12:09:00,773 DEBUG urllib3.connectionpool] Starting new HTTPS connection (1): a.blazemeter.com
[2017-10-16 12:09:01,013 DEBUG urllib3.connectionpool] https://a.blazemeter.com:443 "GET /api/v4/tests?workspaceId=127984&name=gatling+test HTTP/1.1" 200 126
[2017-10-16 12:09:01,020 DEBUG Engine.cloud] Response: {
    "limit": 10,
    "skip": 0,
    "total": 0,
    "hidden": 0,
    "api_version": 4,
    "error": null,
    "result": []
}
[2017-10-16 12:09:01,021 DEBUG Engine.cloud] Request: GET https://a.blazemeter.com/api/v4/tests?workspaceId=132723&name=gatling+test None
[2017-10-16 12:09:01,025 DEBUG urllib3.connectionpool] Starting new HTTPS connection (1): a.blazemeter.com
[2017-10-16 12:09:01,254 DEBUG urllib3.connectionpool] https://a.blazemeter.com:443 "GET /api/v4/tests?workspaceId=132723&name=gatling+test HTTP/1.1" 200 126
[2017-10-16 12:09:01,262 DEBUG Engine.cloud] Response: {
    "limit": 10,
    "skip": 0,
    "total": 0,
    "hidden": 0,
    "api_version": 4,
    "error": null,
    "result": []
}
[2017-10-16 12:09:01,262 DEBUG Engine.cloud] Request: GET https://a.blazemeter.com/api/v4/tests?workspaceId=153836&name=gatling+test None
[2017-10-16 12:09:01,266 DEBUG urllib3.connectionpool] Starting new HTTPS connection (1): a.blazemeter.com
[2017-10-16 12:09:01,477 DEBUG urllib3.connectionpool] https://a.blazemeter.com:443 "GET /api/v4/tests?workspaceId=153836&name=gatling+test HTTP/1.1" 200 126
[2017-10-16 12:09:01,484 DEBUG Engine.cloud] Response: {
    "limit": 10,
    "skip": 0,
    "total": 0,
    "hidden": 0,
    "api_version": 4,
    "error": null,
    "result": []
}
[2017-10-16 12:09:01,484 DEBUG Engine.cloud] Request: GET https://a.blazemeter.com/api/v4/tests?workspaceId=163251&name=gatling+test None
[2017-10-16 12:09:01,487 DEBUG urllib3.connectionpool] Starting new HTTPS connection (1): a.blazemeter.com
[2017-10-16 12:09:01,720 DEBUG urllib3.connectionpool] https://a.blazemeter.com:443 "GET /api/v4/tests?workspaceId=163251&name=gatling+test HTTP/1.1" 200 126
[2017-10-16 12:09:01,726 DEBUG Engine.cloud] Response: {
    "limit": 10,
    "skip": 0,
    "total": 0,
    "hidden": 0,
    "api_version": 4,
    "error": null,
    "result": []
}
[2017-10-16 12:09:01,727 DEBUG Engine.cloud] Request: GET https://a.blazemeter.com/api/v4/tests?workspaceId=135886&name=gatling+test None
[2017-10-16 12:09:01,729 DEBUG urllib3.connectionpool] Starting new HTTPS connection (1): a.blazemeter.com
[2017-10-16 12:09:02,035 DEBUG urllib3.connectionpool] https://a.blazemeter.com:443 "GET /api/v4/tests?workspaceId=135886&name=gatling+test HTTP/1.1" 200 126
[2017-10-16 12:09:02,042 DEBUG Engine.cloud] Response: {
    "limit": 10,
    "skip": 0,
    "total": 0,
    "hidden": 0,
    "api_version": 4,
    "error": null,
    "result": []
}
[2017-10-16 12:09:02,043 DEBUG Engine.cloud] Request: GET https://a.blazemeter.com/api/v4/tests?workspaceId=7199&name=gatling+test None
[2017-10-16 12:09:02,046 DEBUG urllib3.connectionpool] Starting new HTTPS connection (1): a.blazemeter.com
[2017-10-16 12:09:02,274 DEBUG urllib3.connectionpool] https://a.blazemeter.com:443 "GET /api/v4/tests?workspaceId=7199&name=gatling+test HTTP/1.1" 200 126
[2017-10-16 12:09:02,282 DEBUG Engine.cloud] Response: {
    "limit": 10,
    "skip": 0,
    "total": 0,
    "hidden": 0,
    "api_version": 4,
    "error": null,
    "result": []
}
[2017-10-16 12:09:02,282 DEBUG Engine.cloud] Request: GET https://a.blazemeter.com/api/v4/tests?workspaceId=133217&name=gatling+test None
[2017-10-16 12:09:02,286 DEBUG urllib3.connectionpool] Starting new HTTPS connection (1): a.blazemeter.com
[2017-10-16 12:09:02,534 DEBUG urllib3.connectionpool] https://a.blazemeter.com:443 "GET /api/v4/tests?workspaceId=133217&name=gatling+test HTTP/1.1" 200 126
[2017-10-16 12:09:02,542 DEBUG Engine.cloud] Response: {
    "limit": 10,
    "skip": 0,
    "total": 0,
    "hidden": 0,
    "api_version": 4,
    "error": null,
    "result": []
}
[2017-10-16 12:09:02,542 DEBUG Engine.cloud.ProjectFinder] Looked for test: None
[2017-10-16 12:09:02,542 DEBUG Engine.cloud] Request: GET https://a.blazemeter.com/api/v4/user None
[2017-10-16 12:09:02,546 DEBUG urllib3.connectionpool] Starting new HTTPS connection (1): a.blazemeter.com
[2017-10-16 12:09:02,804 DEBUG urllib3.connectionpool] https://a.blazemeter.com:443 "GET /api/v4/user HTTP/1.1" 200 2250
[2017-10-16 12:09:02,810 DEBUG Engine.cloud] Response: {
    "api_version": 4,
    "error": null,
    "result": {
        "id": 339612,
        "email": "eric.dapp@blazemeter.com",
        "access": 1508170142,
        "login": 1507844986,
        "firstName": "Eric",
        "lastName": "Dapp",
        "timez
[2017-10-16 12:09:02,811 DEBUG Engine.cloud] Request: GET https://a.blazemeter.com/api/v4/projects?workspaceId=146738&limit=99999 None
[2017-10-16 12:09:02,815 DEBUG urllib3.connectionpool] Starting new HTTPS connection (1): a.blazemeter.com
[2017-10-16 12:09:03,039 DEBUG urllib3.connectionpool] https://a.blazemeter.com:443 "GET /api/v4/projects?workspaceId=146738&limit=99999 HTTP/1.1" 200 1124
[2017-10-16 12:09:03,047 DEBUG Engine.cloud] Response: {
    "limit": 99999,
    "skip": 0,
    "total": 3,
    "hidden": 0,
    "api_version": 4,
    "error": null,
    "result": [
        {
            "id": 216192,
            "name": "API Stress Tests",
            "userId": null,
            "description"
[2017-10-16 12:09:03,048 DEBUG Engine.cloud] Request: GET https://a.blazemeter.com/api/v4/projects?workspaceId=119008&limit=99999 None
[2017-10-16 12:09:03,051 DEBUG urllib3.connectionpool] Starting new HTTPS connection (1): a.blazemeter.com
[2017-10-16 12:09:03,269 DEBUG urllib3.connectionpool] https://a.blazemeter.com:443 "GET /api/v4/projects?workspaceId=119008&limit=99999 HTTP/1.1" 200 2051
[2017-10-16 12:09:03,275 DEBUG Engine.cloud] Response: {
    "limit": 99999,
    "skip": 0,
    "total": 6,
    "hidden": 0,
    "api_version": 4,
    "error": null,
    "result": [
        {
            "id": 163658,
            "name": "BlazeDemo Tests",
            "userId": null,
            "description":
[2017-10-16 12:09:03,276 DEBUG Engine.cloud] Request: GET https://a.blazemeter.com/api/v4/projects?workspaceId=127980&limit=99999 None
[2017-10-16 12:09:03,281 DEBUG urllib3.connectionpool] Starting new HTTPS connection (1): a.blazemeter.com
[2017-10-16 12:09:03,505 DEBUG urllib3.connectionpool] https://a.blazemeter.com:443 "GET /api/v4/projects?workspaceId=127980&limit=99999 HTTP/1.1" 200 723
[2017-10-16 12:09:03,512 DEBUG Engine.cloud] Response: {
    "limit": 99999,
    "skip": 0,
    "total": 2,
    "hidden": 0,
    "api_version": 4,
    "error": null,
    "result": [
        {
            "id": 173138,
            "name": "Default project",
            "userId": null,
            "description":
[2017-10-16 12:09:03,512 DEBUG Engine.cloud] Request: GET https://a.blazemeter.com/api/v4/projects?workspaceId=127984&limit=99999 None
[2017-10-16 12:09:03,516 DEBUG urllib3.connectionpool] Starting new HTTPS connection (1): a.blazemeter.com
[2017-10-16 12:09:03,742 DEBUG urllib3.connectionpool] https://a.blazemeter.com:443 "GET /api/v4/projects?workspaceId=127984&limit=99999 HTTP/1.1" 200 413
[2017-10-16 12:09:03,745 DEBUG Engine.cloud] Response: {
    "limit": 99999,
    "skip": 0,
    "total": 1,
    "hidden": 0,
    "api_version": 4,
    "error": null,
    "result": [
        {
            "id": 173143,
            "name": "Default project",
            "userId": null,
            "description":
[2017-10-16 12:09:03,746 DEBUG Engine.cloud] Request: GET https://a.blazemeter.com/api/v4/projects?workspaceId=132723&limit=99999 None
[2017-10-16 12:09:03,747 DEBUG urllib3.connectionpool] Starting new HTTPS connection (1): a.blazemeter.com
[2017-10-16 12:09:03,968 DEBUG urllib3.connectionpool] https://a.blazemeter.com:443 "GET /api/v4/projects?workspaceId=132723&limit=99999 HTTP/1.1" 200 414
[2017-10-16 12:09:03,974 DEBUG Engine.cloud] Response: {
    "limit": 99999,
    "skip": 0,
    "total": 1,
    "hidden": 0,
    "api_version": 4,
    "error": null,
    "result": [
        {
            "id": 178588,
            "name": "Default project",
            "userId": null,
            "description":
[2017-10-16 12:09:03,974 DEBUG Engine.cloud] Request: GET https://a.blazemeter.com/api/v4/projects?workspaceId=153836&limit=99999 None
[2017-10-16 12:09:03,979 DEBUG urllib3.connectionpool] Starting new HTTPS connection (1): a.blazemeter.com
[2017-10-16 12:09:04,187 DEBUG urllib3.connectionpool] https://a.blazemeter.com:443 "GET /api/v4/projects?workspaceId=153836&limit=99999 HTTP/1.1" 200 687
[2017-10-16 12:09:04,193 DEBUG Engine.cloud] Response: {
    "limit": 99999,
    "skip": 0,
    "total": 2,
    "hidden": 0,
    "api_version": 4,
    "error": null,
    "result": [
        {
            "id": 202867,
            "name": "Default project",
            "userId": null,
            "description":
[2017-10-16 12:09:04,193 DEBUG Engine.cloud] Request: GET https://a.blazemeter.com/api/v4/projects?workspaceId=163251&limit=99999 None
[2017-10-16 12:09:04,196 DEBUG urllib3.connectionpool] Starting new HTTPS connection (1): a.blazemeter.com
[2017-10-16 12:09:04,412 DEBUG urllib3.connectionpool] https://a.blazemeter.com:443 "GET /api/v4/projects?workspaceId=163251&limit=99999 HTTP/1.1" 200 413
[2017-10-16 12:09:04,417 DEBUG Engine.cloud] Response: {
    "limit": 99999,
    "skip": 0,
    "total": 1,
    "hidden": 0,
    "api_version": 4,
    "error": null,
    "result": [
        {
            "id": 213729,
            "name": "Default project",
            "userId": null,
            "description":
[2017-10-16 12:09:04,418 DEBUG Engine.cloud] Request: GET https://a.blazemeter.com/api/v4/projects?workspaceId=135886&limit=99999 None
[2017-10-16 12:09:04,420 DEBUG urllib3.connectionpool] Starting new HTTPS connection (1): a.blazemeter.com
[2017-10-16 12:09:04,669 DEBUG urllib3.connectionpool] https://a.blazemeter.com:443 "GET /api/v4/projects?workspaceId=135886&limit=99999 HTTP/1.1" 200 682
[2017-10-16 12:09:04,674 DEBUG Engine.cloud] Response: {
    "limit": 99999,
    "skip": 0,
    "total": 2,
    "hidden": 0,
    "api_version": 4,
    "error": null,
    "result": [
        {
            "id": 182182,
            "name": "Default project",
            "userId": null,
            "description":
[2017-10-16 12:09:04,674 DEBUG Engine.cloud] Request: GET https://a.blazemeter.com/api/v4/projects?workspaceId=7199&limit=99999 None
[2017-10-16 12:09:04,677 DEBUG urllib3.connectionpool] Starting new HTTPS connection (1): a.blazemeter.com
[2017-10-16 12:09:04,925 DEBUG urllib3.connectionpool] https://a.blazemeter.com:443 "GET /api/v4/projects?workspaceId=7199&limit=99999 HTTP/1.1" 200 4017
[2017-10-16 12:09:04,931 DEBUG Engine.cloud] Response: {
    "limit": 99999,
    "skip": 0,
    "total": 14,
    "hidden": 0,
    "api_version": 4,
    "error": null,
    "result": [
        {
            "id": 167099,
            "name": "APM",
            "userId": null,
            "description": "JMeter wi
[2017-10-16 12:09:04,932 DEBUG Engine.cloud] Request: GET https://a.blazemeter.com/api/v4/projects?workspaceId=133217&limit=99999 None
[2017-10-16 12:09:04,935 DEBUG urllib3.connectionpool] Starting new HTTPS connection (1): a.blazemeter.com
[2017-10-16 12:09:05,162 DEBUG urllib3.connectionpool] https://a.blazemeter.com:443 "GET /api/v4/projects?workspaceId=133217&limit=99999 HTTP/1.1" 200 1344
[2017-10-16 12:09:05,167 DEBUG Engine.cloud] Response: {
    "limit": 99999,
    "skip": 0,
    "total": 4,
    "hidden": 0,
    "api_version": 4,
    "error": null,
    "result": [
        {
            "id": 201589,
            "name": "API ",
            "userId": null,
            "description": "Tests to 
[2017-10-16 12:09:05,168 DEBUG Engine.cloud.ProjectFinder] Will create old-style test
[2017-10-16 12:09:05,168 DEBUG Engine.cloud] Request: GET https://a.blazemeter.com/api/v4/workspaces/146738 None
[2017-10-16 12:09:05,170 DEBUG urllib3.connectionpool] Starting new HTTPS connection (1): a.blazemeter.com
[2017-10-16 12:09:05,493 DEBUG urllib3.connectionpool] https://a.blazemeter.com:443 "GET /api/v4/workspaces/146738 HTTP/1.1" 200 None
[2017-10-16 12:09:05,528 DEBUG Engine.cloud] Response: {
    "api_version": 4,
    "error": null,
    "result": {
        "id": 146738,
        "name": "Demo workspace",
        "userId": 368191,
        "created": 1498856673,
        "updated": 1507833190,
        "enabled": true,
        "dedicatedIpsEnabled
[2017-10-16 12:09:05,535 DEBUG Engine.cloud] Request: GET https://a.blazemeter.com/api/v4/workspaces/119008 None
[2017-10-16 12:09:05,538 DEBUG urllib3.connectionpool] Starting new HTTPS connection (1): a.blazemeter.com
[2017-10-16 12:09:06,149 DEBUG urllib3.connectionpool] https://a.blazemeter.com:443 "GET /api/v4/workspaces/119008 HTTP/1.1" 200 None
[2017-10-16 12:09:06,299 DEBUG Engine.cloud] Response: {
    "api_version": 4,
    "error": null,
    "result": {
        "id": 119008,
        "name": "Default workspace",
        "userId": 339612,
        "created": 1486702692,
        "updated": 1486702692,
        "enabled": true,
        "dedicatedIpsEnab
[2017-10-16 12:09:06,303 DEBUG Engine.cloud] Request: GET https://a.blazemeter.com/api/v4/workspaces/127980 None
[2017-10-16 12:09:06,305 DEBUG urllib3.connectionpool] Starting new HTTPS connection (1): a.blazemeter.com
[2017-10-16 12:09:06,595 DEBUG urllib3.connectionpool] https://a.blazemeter.com:443 "GET /api/v4/workspaces/127980 HTTP/1.1" 200 None
[2017-10-16 12:09:06,632 DEBUG Engine.cloud] Response: {
    "api_version": 4,
    "error": null,
    "result": {
        "id": 127980,
        "name": "Demo Workspace",
        "userId": 339612,
        "created": 1491255975,
        "updated": 1491255975,
        "enabled": true,
        "dedicatedIpsEnabled
[2017-10-16 12:09:06,638 DEBUG Engine.cloud] Request: GET https://a.blazemeter.com/api/v4/workspaces/127984 None
[2017-10-16 12:09:06,640 DEBUG urllib3.connectionpool] Starting new HTTPS connection (1): a.blazemeter.com
[2017-10-16 12:09:06,901 DEBUG urllib3.connectionpool] https://a.blazemeter.com:443 "GET /api/v4/workspaces/127984 HTTP/1.1" 200 None
[2017-10-16 12:09:06,936 DEBUG Engine.cloud] Response: {
    "api_version": 4,
    "error": null,
    "result": {
        "id": 127984,
        "name": "Demo Workspace 2",
        "userId": 339612,
        "created": 1491261975,
        "updated": 1491261975,
        "enabled": true,
        "dedicatedIpsEnabl
[2017-10-16 12:09:06,942 DEBUG Engine.cloud] Request: GET https://a.blazemeter.com/api/v4/workspaces/132723 None
[2017-10-16 12:09:06,944 DEBUG urllib3.connectionpool] Starting new HTTPS connection (1): a.blazemeter.com
[2017-10-16 12:09:07,188 DEBUG urllib3.connectionpool] https://a.blazemeter.com:443 "GET /api/v4/workspaces/132723 HTTP/1.1" 200 None
[2017-10-16 12:09:07,242 DEBUG Engine.cloud] Response: {
    "api_version": 4,
    "error": null,
    "result": {
        "id": 132723,
        "name": "Functional",
        "userId": 339612,
        "created": 1493312851,
        "updated": 1499734757,
        "enabled": true,
        "dedicatedIpsEnabled": t
[2017-10-16 12:09:07,250 DEBUG Engine.cloud] Request: GET https://a.blazemeter.com/api/v4/workspaces/153836 None
[2017-10-16 12:09:07,253 DEBUG urllib3.connectionpool] Starting new HTTPS connection (1): a.blazemeter.com
[2017-10-16 12:09:07,538 DEBUG urllib3.connectionpool] https://a.blazemeter.com:443 "GET /api/v4/workspaces/153836 HTTP/1.1" 200 None
[2017-10-16 12:09:07,609 DEBUG Engine.cloud] Response: {
    "api_version": 4,
    "error": null,
    "result": {
        "id": 153836,
        "name": "blazedemo",
        "userId": 339612,
        "created": 1501870483,
        "updated": 1501870483,
        "enabled": true,
        "dedicatedIpsEnabled": tr
[2017-10-16 12:09:07,614 DEBUG Engine.cloud] Request: GET https://a.blazemeter.com/api/v4/workspaces/163251 None
[2017-10-16 12:09:07,616 DEBUG urllib3.connectionpool] Starting new HTTPS connection (1): a.blazemeter.com
[2017-10-16 12:09:07,909 DEBUG urllib3.connectionpool] https://a.blazemeter.com:443 "GET /api/v4/workspaces/163251 HTTP/1.1" 200 None
[2017-10-16 12:09:07,946 DEBUG Engine.cloud] Response: {
    "api_version": 4,
    "error": null,
    "result": {
        "id": 163251,
        "name": "new opls",
        "userId": 339612,
        "created": 1505929373,
        "updated": 1505929373,
        "enabled": true,
        "dedicatedIpsEnabled": tru
[2017-10-16 12:09:07,952 DEBUG Engine.cloud] Request: GET https://a.blazemeter.com/api/v4/workspaces/135886 None
[2017-10-16 12:09:07,954 DEBUG urllib3.connectionpool] Starting new HTTPS connection (1): a.blazemeter.com
[2017-10-16 12:09:08,226 DEBUG urllib3.connectionpool] https://a.blazemeter.com:443 "GET /api/v4/workspaces/135886 HTTP/1.1" 200 None
[2017-10-16 12:09:08,619 DEBUG Engine.cloud] Response: {
    "api_version": 4,
    "error": null,
    "result": {
        "id": 135886,
        "name": "scratch",
        "userId": 339612,
        "created": 1494801554,
        "updated": 1494801554,
        "enabled": true,
        "dedicatedIpsEnabled": true
[2017-10-16 12:09:08,628 DEBUG Engine.cloud] Request: GET https://a.blazemeter.com/api/v4/workspaces/7199 None
[2017-10-16 12:09:08,631 DEBUG urllib3.connectionpool] Starting new HTTPS connection (1): a.blazemeter.com
[2017-10-16 12:09:08,894 DEBUG urllib3.connectionpool] https://a.blazemeter.com:443 "GET /api/v4/workspaces/7199 HTTP/1.1" 200 None
[2017-10-16 12:09:08,963 DEBUG Engine.cloud] Response: {
    "api_version": 4,
    "error": null,
    "result": {
        "id": 7199,
        "name": "CA SE Workspace",
        "userId": 307773,
        "created": 1477580960,
        "updated": 1507211353,
        "enabled": true,
        "dedicatedIpsEnabled"
[2017-10-16 12:09:08,969 DEBUG Engine.cloud] Request: GET https://a.blazemeter.com/api/v4/workspaces/133217 None
[2017-10-16 12:09:08,971 DEBUG urllib3.connectionpool] Starting new HTTPS connection (1): a.blazemeter.com
[2017-10-16 12:09:09,233 DEBUG urllib3.connectionpool] https://a.blazemeter.com:443 "GET /api/v4/workspaces/133217 HTTP/1.1" 200 None
[2017-10-16 12:09:09,266 DEBUG Engine.cloud] Response: {
    "api_version": 4,
    "error": null,
    "result": {
        "id": 133217,
        "name": "SE DEMOs",
        "userId": 307773,
        "created": 1493664013,
        "updated": 1505742362,
        "enabled": true,
        "dedicatedIpsEnabled": tru
[2017-10-16 12:09:09,273 DEBUG Engine.gatling] Extract defaultdict(None, {'keepalive': True, 'simulation': 'BlazeDemo', 'script': './BlazeDemo.scala'}) into scenarios
[2017-10-16 12:09:09,273 DEBUG Engine.cloud] All resource files are: ['./BlazeDemo.scala']
[2017-10-16 12:09:09,273 DEBUG Engine.cloud] Replace file names in config: ['./BlazeDemo.scala'] with ['BlazeDemo.scala']
[2017-10-16 12:09:09,273 DEBUG Engine.cloud] Replaced ./BlazeDemo.scala with BlazeDemo.scala
[2017-10-16 12:09:09,275 DEBUG Engine] New artifact filename: /Users/daper01/Documents/OSLo/Gatling/2017-10-16_12-08-55.441276/cloud
[2017-10-16 12:09:09,275 DEBUG root] Dumping YAML config into /Users/daper01/Documents/OSLo/Gatling/2017-10-16_12-08-55.441276/cloud.yml
[2017-10-16 12:09:09,321 DEBUG root] Dumping JSON config into /Users/daper01/Documents/OSLo/Gatling/2017-10-16_12-08-55.441276/cloud.json
[2017-10-16 12:09:09,354 DEBUG Engine.cloud] Creating new test
[2017-10-16 12:09:09,354 DEBUG Engine.cloud] Request: POST https://a.blazemeter.com/api/v4/tests {
 "projectId": 162568, 
 "configuration": {
  "type": "taurus", 
  "plugins": {
   "taurus": {
    "filename": ""
   }
  }
 }, 
 "name": "gatling test"
}
[2017-10-16 12:09:09,356 DEBUG urllib3.connectionpool] Starting new HTTPS connection (1): a.blazemeter.com
[2017-10-16 12:09:09,612 DEBUG urllib3.connectionpool] https://a.blazemeter.com:443 "POST /api/v4/tests HTTP/1.1" 201 568
[2017-10-16 12:09:09,618 DEBUG Engine.cloud] Response: {
    "api_version": 4,
    "error": null,
    "result": {
        "id": 5777955,
        "name": "gatling test",
        "userId": 339612,
        "created": 1508170149,
        "updated": 1508170149,
        "creatorClientId": "Taurus",
        "projectI
[2017-10-16 12:09:09,619 DEBUG Engine.cloud] Request: GET https://a.blazemeter.com/api/v4/web/elfinder/5777955?cmd=open&target=s1_Lw None
[2017-10-16 12:09:09,622 DEBUG urllib3.connectionpool] Starting new HTTPS connection (1): a.blazemeter.com
[2017-10-16 12:09:09,923 DEBUG urllib3.connectionpool] https://a.blazemeter.com:443 "GET /api/v4/web/elfinder/5777955?cmd=open&target=s1_Lw HTTP/1.1" 200 1234
[2017-10-16 12:09:09,931 DEBUG Engine.cloud] Response: {"cwd":{"name":"data","size":0,"mime":"directory","read":1,"write":1,"parent_id":"users","hash":"s1_Lw","rootRev":"","options":{"path":"","url":"","tmbUrl":"","disabled":["mkdir","archive","extract","chmod"],"separator":"\/","copyOverwrite":1,"uploadOverwr
[2017-10-16 12:09:09,931 DEBUG Engine.cloud] Test files: []
[2017-10-16 12:09:09,939 DEBUG Engine.cloud] Uploading files into the test: ['/Users/daper01/Documents/OSLo/Gatling/BlazeDemo.scala']
[2017-10-16 12:09:09,982 DEBUG Engine.cloud] Request: POST https://a.blazemeter.com/api/v4/tests/5777955/files --===============2545636492581383619==
Content-Disposition: file; name="script"; filename="taurus.yml"
Content-Type: application/octet-stream

---
execution:
- executor: gatling
  locations:
    us-central1-a: 1
  scenario: BlazeDemo.scala
local-bzt-ve
[2017-10-16 12:09:09,984 DEBUG urllib3.connectionpool] Starting new HTTPS connection (1): a.blazemeter.com
[2017-10-16 12:09:10,596 DEBUG urllib3.connectionpool] https://a.blazemeter.com:443 "POST /api/v4/tests/5777955/files HTTP/1.1" 201 514
[2017-10-16 12:09:10,604 DEBUG Engine.cloud] Response: {
    "api_version": 4,
    "error": null,
    "result": {
        "id": 5777955,
        "name": "gatling test",
        "userId": 339612,
        "creatorClientId": "Taurus",
        "created": 1508170149,
        "updated": 1508170150,
        "configur
[2017-10-16 12:09:10,604 DEBUG Engine.cloud] Request: PATCH https://a.blazemeter.com/api/v4/tests/5777955 {
 "configuration": {
  "executionType": null
 }
}
[2017-10-16 12:09:10,607 DEBUG urllib3.connectionpool] Starting new HTTPS connection (1): a.blazemeter.com
[2017-10-16 12:09:11,146 DEBUG urllib3.connectionpool] https://a.blazemeter.com:443 "PATCH /api/v4/tests/5777955 HTTP/1.1" 200 1111
[2017-10-16 12:09:11,152 DEBUG Engine.cloud] Response: {
    "api_version": 4,
    "error": null,
    "result": {
        "id": 5777955,
        "name": "gatling test",
        "userId": 339612,
        "creatorClientId": "Taurus",
        "created": 1508170149,
        "updated": 1508170151,
        "projectI
[2017-10-16 12:09:11,152 DEBUG Engine] Module config: final-stats defaultdict(None, {'class': 'bzt.modules.reporting.FinalStatus'})
[2017-10-16 12:09:11,152 DEBUG root] Importing module: bzt.modules.reporting
[2017-10-16 12:09:11,155 DEBUG root] Loading class: 'FinalStatus' from <module 'bzt.modules.reporting' from '/usr/local/lib/python2.7/site-packages/bzt/modules/reporting.pyc'>
[2017-10-16 12:09:11,156 DEBUG Engine] Module config: console defaultdict(None, {'class': 'bzt.modules.console.ConsoleStatusReporter'})
[2017-10-16 12:09:11,156 DEBUG root] Importing module: bzt.modules.console
[2017-10-16 12:09:11,156 DEBUG root] Loading class: 'ConsoleStatusReporter' from <module 'bzt.modules.console' from '/usr/local/lib/python2.7/site-packages/bzt/modules/console.pyc'>
[2017-10-16 12:09:11,167 DEBUG Engine.Configuration] Dumping YAML config into /Users/daper01/Documents/OSLo/Gatling/2017-10-16_12-08-55.441276/effective.yml
[2017-10-16 12:09:11,226 DEBUG Engine.Configuration] Dumping JSON config into /Users/daper01/Documents/OSLo/Gatling/2017-10-16_12-08-55.441276/effective.json
[2017-10-16 12:09:11,258 INFO Engine] Starting...
[2017-10-16 12:09:11,258 DEBUG Engine] Startup <bzt.modules.aggregator.ConsolidatingAggregator object at 0x10567b550>
[2017-10-16 12:09:11,259 DEBUG Engine] Startup <bzt.modules.reporting.FinalStatus object at 0x106668f90>
[2017-10-16 12:09:11,259 DEBUG Engine] Startup <bzt.modules.console.ConsoleStatusReporter object at 0x1066726d0>
[2017-10-16 12:09:11,259 INFO Engine.console] Waiting for results...
[2017-10-16 12:09:11,259 DEBUG Engine] Startup <bzt.modules.blazemeter.CloudProvisioning object at 0x10569ab10>
[2017-10-16 12:09:11,259 INFO Engine.cloud.ProjectFinder.CloudTaurusTest] Initiating cloud test with https://a.blazemeter.com ...
[2017-10-16 12:09:11,259 DEBUG Engine.cloud] Request: POST https://a.blazemeter.com/api/v4/tests/5777955/start None
[2017-10-16 12:09:11,261 DEBUG urllib3.connectionpool] Starting new HTTPS connection (1): a.blazemeter.com
[2017-10-16 12:09:12,240 DEBUG urllib3.connectionpool] https://a.blazemeter.com:443 "POST /api/v4/tests/5777955/start HTTP/1.1" 202 517
[2017-10-16 12:09:12,247 DEBUG Engine.cloud] Response: {
    "api_version": 4,
    "error": null,
    "result": {
        "id": 16766522,
        "name": "gatling test",
        "userId": 339612,
        "runnerUserId": 339612,
        "creatorClientId": "Taurus",
        "executorClientId": "Taurus",
        
[2017-10-16 12:09:12,248 INFO Engine.cloud] Started cloud test: https://a.blazemeter.com/app/#/masters/16766522
[2017-10-16 12:09:12,367 DEBUG Engine.cloud] Request: PATCH https://a.blazemeter.com/api/v4/masters/16766522 {
 "name": "gatling test"
}
[2017-10-16 12:09:12,371 DEBUG urllib3.connectionpool] Starting new HTTPS connection (1): a.blazemeter.com
[2017-10-16 12:09:12,634 DEBUG urllib3.connectionpool] https://a.blazemeter.com:443 "PATCH /api/v4/masters/16766522 HTTP/1.1" 200 435
[2017-10-16 12:09:12,638 DEBUG Engine.cloud] Response: {
    "api_version": 4,
    "error": null,
    "result": {
        "id": 16766522,
        "name": "gatling test",
        "userId": 339612,
        "runnerUserId": 339612,
        "creatorClientId": "Taurus",
        "executorClientId": "Taurus",
        
[2017-10-16 12:09:12,640 DEBUG Engine.Configuration] Dumping YAML config into /Users/daper01/Documents/OSLo/Gatling/2017-10-16_12-08-55.441276/effective.yml
[2017-10-16 12:09:12,700 DEBUG Engine.Configuration] Dumping JSON config into /Users/daper01/Documents/OSLo/Gatling/2017-10-16_12-08-55.441276/effective.json
[2017-10-16 12:09:12,752 DEBUG root] Leveling down log file verbosity, use -v option to have DEBUG messages enabled
[2017-10-16 12:09:12,974 INFO Engine.cloud] Cloud test status: INIT
[2017-10-16 12:09:13,210 INFO Engine.console] Waiting for finish...
[2017-10-16 12:09:18,145 INFO Engine.cloud] Cloud test status: BOOT_STARTING
[2017-10-16 12:09:58,148 INFO Engine.cloud] Cloud test status: INIT_SCRIPT
[2017-10-16 12:10:03,139 INFO Engine.cloud] Cloud test status: TAURUS_ENGINE_INIT
[2017-10-16 12:12:43,550 INFO Engine.cloud] Cloud test status: DATA_RECIEVED
[2017-10-16 12:15:18,546 INFO Engine.cloud] Cloud test status: ENDED
[2017-10-16 12:15:18,561 INFO Engine.cloud] Test was stopped in the cloud: ENDED
[2017-10-16 12:15:19,421 WARNING Engine] Please wait for graceful shutdown...
[2017-10-16 12:15:19,427 DEBUG root] Leveled up log file verbosity
[2017-10-16 12:15:19,427 INFO Engine] Shutting down...
[2017-10-16 12:15:19,432 DEBUG Engine.console] Restoring logging streams, [<logging.StreamHandler object at 0x104bd42d0>]/{<logging.StreamHandler object at 0x104bd42d0>: <open file '<stdout>', mode 'w' at 0x104040150>}
[2017-10-16 12:15:19,434 DEBUG Engine.Configuration] Dumping YAML config into /Users/daper01/Documents/OSLo/Gatling/2017-10-16_12-08-55.441276/effective.yml
[2017-10-16 12:15:19,488 DEBUG Engine.Configuration] Dumping JSON config into /Users/daper01/Documents/OSLo/Gatling/2017-10-16_12-08-55.441276/effective.json
[2017-10-16 12:15:19,521 INFO Engine] Post-processing...
[2017-10-16 12:15:19,521 DEBUG Engine.cloud] Request: GET https://a.blazemeter.com/api/v4/masters/16766522/full None
[2017-10-16 12:15:19,523 DEBUG urllib3.connectionpool] Starting new HTTPS connection (1): a.blazemeter.com
[2017-10-16 12:15:19,761 DEBUG urllib3.connectionpool] https://a.blazemeter.com:443 "GET /api/v4/masters/16766522/full HTTP/1.1" 200 3305
[2017-10-16 12:15:19,769 DEBUG Engine.cloud] Response: {
    "api_version": 4,
    "error": null,
    "result": {
        "id": 16766522,
        "name": "gatling test",
        "userId": 339612,
        "ended": 1508170513,
        "runnerUserId": 339612,
        "maxUsers": 26,
        "created": 1508170151,
[2017-10-16 12:15:19,770 DEBUG Engine.cloud] Request: GET https://a.blazemeter.com/api/v4/data/labels?master_id=16766522 None
[2017-10-16 12:15:19,774 DEBUG urllib3.connectionpool] Starting new HTTPS connection (1): a.blazemeter.com
[2017-10-16 12:15:19,995 DEBUG urllib3.connectionpool] https://a.blazemeter.com:443 "GET /api/v4/data/labels?master_id=16766522 HTTP/1.1" 200 398
[2017-10-16 12:15:20,002 DEBUG Engine.cloud] Response: {
    "api_version": 4,
    "error": null,
    "result": [
        {
            "id": "ALL",
            "name": "ALL",
            "sessions": [
                "r-t-59e4d9aa4175c"
            ]
        },
        {
            "id": "684d2e5c539ef4b9da8
[2017-10-16 12:15:20,002 DEBUG Engine.cloud] Request: GET https://a.blazemeter.com/api/v4/data/kpis?interval=1&from=1508170476&master_ids%5B%5D=16766522&kpis%5B%5D=t&kpis%5B%5D=lt&kpis%5B%5D=by&kpis%5B%5D=n&kpis%5B%5D=ec&kpis%5B%5D=ts&kpis%5B%5D=na&labels%5B%5D=ALL&labels%5B%5D=684d2e5c539ef4b9da810a1e45e08000 None
[2017-10-16 12:15:20,007 DEBUG urllib3.connectionpool] Starting new HTTPS connection (1): a.blazemeter.com
[2017-10-16 12:15:20,261 DEBUG urllib3.connectionpool] https://a.blazemeter.com:443 "GET /api/v4/data/kpis?interval=1&from=1508170476&master_ids%5B%5D=16766522&kpis%5B%5D=t&kpis%5B%5D=lt&kpis%5B%5D=by&kpis%5B%5D=n&kpis%5B%5D=ec&kpis%5B%5D=ts&kpis%5B%5D=na&labels%5B%5D=ALL&labels%5B%5D=684d2e5c539ef4b9da810a1e45e08000 HTTP/1.1" 200 1096
[2017-10-16 12:15:20,269 DEBUG Engine.cloud] Response: {
    "api_version": 4,
    "error": null,
    "result": [
        {
            "labelId": "684d2e5c539ef4b9da810a1e45e08000",
            "labelName": "request_0",
            "label": "request_0",
            "kpis": [
                {
                
[2017-10-16 12:15:20,269 DEBUG Engine.cloud] Request: GET https://a.blazemeter.com/api/v4/masters/16766522/reports/aggregatereport/data None
[2017-10-16 12:15:20,271 DEBUG urllib3.connectionpool] Starting new HTTPS connection (1): a.blazemeter.com
[2017-10-16 12:15:20,512 DEBUG urllib3.connectionpool] https://a.blazemeter.com:443 "GET /api/v4/masters/16766522/reports/aggregatereport/data HTTP/1.1" 200 1362
[2017-10-16 12:15:20,517 DEBUG Engine.cloud] Response: {
    "api_version": 4,
    "error": null,
    "result": [
        {
            "labelId": "ALL",
            "labelName": "ALL",
            "samples": 6100,
            "avgResponseTime": 232,
            "90line": 233,
            "95line": 237,
      
[2017-10-16 12:15:20,517 DEBUG Engine.cloud] Request: GET https://a.blazemeter.com/api/v4/masters/16766522/reports/errorsreport/data?noDataError=false None
[2017-10-16 12:15:20,520 DEBUG urllib3.connectionpool] Starting new HTTPS connection (1): a.blazemeter.com
[2017-10-16 12:15:20,752 DEBUG urllib3.connectionpool] https://a.blazemeter.com:443 "GET /api/v4/masters/16766522/reports/errorsreport/data?noDataError=false HTTP/1.1" 200 61
[2017-10-16 12:15:20,759 DEBUG Engine.cloud] Response: {
    "api_version": 4,
    "error": null,
    "result": []
}
[2017-10-16 12:15:20,760 DEBUG Engine.consolidator] Consolidator buffer[3]: [1508170474, 1508170475, 1508170476]
[2017-10-16 12:15:20,760 DEBUG Engine.consolidator] Merging into 1508170474
[2017-10-16 12:15:20,760 DEBUG Engine.consolidator] Merging 1508170474
[2017-10-16 12:15:20,763 DEBUG Engine.consolidator] Processed datapoint: 1508170474/None
[2017-10-16 12:15:20,763 DEBUG Engine.consolidator] Merging into 1508170475
[2017-10-16 12:15:20,763 DEBUG Engine.consolidator] Merging 1508170475
[2017-10-16 12:15:20,765 DEBUG Engine.consolidator] Processed datapoint: 1508170475/None
[2017-10-16 12:15:20,766 DEBUG Engine.consolidator] Merging into 1508170476
[2017-10-16 12:15:20,766 DEBUG Engine.consolidator] Merging 1508170476
[2017-10-16 12:15:20,768 DEBUG Engine.consolidator] Processed datapoint: 1508170476/None
[2017-10-16 12:15:20,768 INFO Engine.final-stats] Test duration: 0:06:09
[2017-10-16 12:15:20,768 INFO Engine.final-stats] Samples count: 6100, 0.00% failures
[2017-10-16 12:15:20,769 INFO Engine.final-stats] Average times: total 0.233, latency 0.120, connect 0.000
[2017-10-16 12:15:20,769 INFO Engine.final-stats] Percentile 90.0%: 0.263
[2017-10-16 12:15:20,769 INFO Engine.final-stats] Percentile 95.0%: 0.263
[2017-10-16 12:15:20,769 INFO Engine.final-stats] Percentile 99.0%: 0.263
[2017-10-16 12:15:20,769 DEBUG Engine.console] No logger_handler or orig_stream was detected
[2017-10-16 12:15:20,771 DEBUG Engine.Configuration] Dumping YAML config into /Users/daper01/Documents/OSLo/Gatling/2017-10-16_12-08-55.441276/effective.yml
[2017-10-16 12:15:20,829 DEBUG Engine.Configuration] Dumping JSON config into /Users/daper01/Documents/OSLo/Gatling/2017-10-16_12-08-55.441276/effective.json
[2017-10-16 12:15:20,861 INFO root] Artifacts dir: /Users/daper01/Documents/OSLo/Gatling/2017-10-16_12-08-55.441276
[2017-10-16 12:15:20,861 INFO root] Done performing with code: 0
[2017-10-16 12:15:20,861 DEBUG root] Closing log handler: /Users/daper01/Documents/OSLo/Gatling/2017-10-16_12-08-55.441276/bzt.log
