[2017-12-20 08:21:21,832 INFO root] Taurus CLI Tool v1.9.6
[2017-12-20 08:21:21,832 DEBUG root] Command-line options: {'verbose': None, 'no_system_configs': None, 'quiet': None, 'log': '/var/folders/vq/xzrdy2lx047cst78f69v8z3xfzqz1q/T/bzt_04YQaF.log', 'option': None, 'aliases': ['locations']}
[2017-12-20 08:21:21,832 DEBUG root] Python: CPython 2.7.13
[2017-12-20 08:21:21,832 DEBUG root] OS: ('Darwin', 'daper01mac1124', '17.2.0', 'Darwin Kernel Version 17.2.0: Fri Sep 29 18:27:05 PDT 2017; root:xnu-4570.20.62~3/RELEASE_X86_64', 'x86_64', 'i386')
[2017-12-20 08:21:21,832 INFO root] Starting with configs: []
[2017-12-20 08:21:21,832 DEBUG root] Using personal config: /Users/daper01/.bzt-rc
[2017-12-20 08:21:21,832 INFO Engine] Configuring...
[2017-12-20 08:21:21,833 DEBUG Engine] Reading extension configs from: /usr/local/etc/bzt.d
[2017-12-20 08:21:21,833 DEBUG Engine.Configuration] Configs: ['/usr/local/lib/python2.7/site-packages/bzt/resources/base-config.yml', '/usr/local/etc/bzt.d/99-installID.yml']
[2017-12-20 08:21:21,833 DEBUG Engine.Configuration] Reading /usr/local/lib/python2.7/site-packages/bzt/resources/base-config.yml as YAML
[2017-12-20 08:21:21,856 DEBUG Engine.Configuration] Reading /usr/local/etc/bzt.d/99-installID.yml as YAML
[2017-12-20 08:21:21,857 DEBUG Engine.Configuration] Configs: ['/Users/daper01/.bzt-rc']
[2017-12-20 08:21:21,857 DEBUG Engine.Configuration] Reading /Users/daper01/.bzt-rc as YAML
[2017-12-20 08:21:21,858 DEBUG Engine.Configuration] Configs: ['/Users/daper01/.bzt-rc']
[2017-12-20 08:21:21,859 DEBUG Engine.Configuration] Reading /Users/daper01/.bzt-rc as YAML
[2017-12-20 08:21:21,867 DEBUG Engine] Requesting updates info: http://gettaurus.org/updates/?version=1.9.6&installID=784f43782a15
[2017-12-20 08:21:21,875 INFO Engine] Artifacts dir: /Users/daper01/Documents/OSLo/multi scenario/2017-12-20_08-21-21.867570
[2017-12-20 08:21:21,875 DEBUG Engine] New artifact filename: /Users/daper01/Documents/OSLo/multi scenario/2017-12-20_08-21-21.867570/effective
[2017-12-20 08:21:21,878 DEBUG Engine.Configuration] Dumping YAML config into /Users/daper01/Documents/OSLo/multi scenario/2017-12-20_08-21-21.867570/effective.yml
[2017-12-20 08:21:21,901 DEBUG Engine.Configuration] Dumping JSON config into /Users/daper01/Documents/OSLo/multi scenario/2017-12-20_08-21-21.867570/effective.json
[2017-12-20 08:21:21,903 DEBUG Engine] New artifact filename: /Users/daper01/Documents/OSLo/multi scenario/2017-12-20_08-21-21.867570/merged.yml
[2017-12-20 08:21:21,903 DEBUG Engine.Configuration] Dumping YAML config into /Users/daper01/Documents/OSLo/multi scenario/2017-12-20_08-21-21.867570/merged.yml
[2017-12-20 08:21:21,904 DEBUG Engine] New artifact filename: /Users/daper01/Documents/OSLo/multi scenario/2017-12-20_08-21-21.867570/merged.json
[2017-12-20 08:21:21,905 DEBUG Engine.Configuration] Dumping JSON config into /Users/daper01/Documents/OSLo/multi scenario/2017-12-20_08-21-21.867570/merged.json
[2017-12-20 08:21:21,907 DEBUG root] Closing log handler: /var/folders/vq/xzrdy2lx047cst78f69v8z3xfzqz1q/T/bzt_04YQaF.log
[2017-12-20 08:21:22,150 DEBUG root] Switched writing logs to /Users/daper01/Documents/OSLo/multi scenario/2017-12-20_08-21-21.867570/bzt.log
[2017-12-20 08:21:22,151 INFO Engine] Preparing...
[2017-12-20 08:21:22,151 DEBUG Engine] Module config: consolidator defaultdict(None, {'class': 'bzt.modules.aggregator.ConsolidatingAggregator'})
[2017-12-20 08:21:22,151 DEBUG root] Importing module: bzt.modules.aggregator
[2017-12-20 08:21:22,154 DEBUG root] Loading class: 'ConsolidatingAggregator' from <module 'bzt.modules.aggregator' from '/usr/local/lib/python2.7/site-packages/bzt/modules/aggregator.pyc'>
[2017-12-20 08:21:22,154 DEBUG Engine.consolidator] Exception in dehumanize_time(inf)
[2017-12-20 08:21:22,154 DEBUG Engine.consolidator] Buffer scaling setup: percentile 95.0 from [0.0, 50.0, 90.0, 95.0, 99.0, 99.9, 100.0] selected
[2017-12-20 08:21:22,154 DEBUG Engine] Module config: monitoring defaultdict(None, {'class': 'bzt.modules.monitoring.Monitoring'})
[2017-12-20 08:21:22,154 DEBUG root] Importing module: bzt.modules.monitoring
[2017-12-20 08:21:22,166 DEBUG root] Loading class: 'Monitoring' from <module 'bzt.modules.monitoring' from '/usr/local/lib/python2.7/site-packages/bzt/modules/monitoring.pyc'>
[2017-12-20 08:21:22,166 DEBUG Engine.monitoring] Should not run because of non-matching prov: cloud != local
[2017-12-20 08:21:22,166 DEBUG Engine] Module config: cloud defaultdict(None, {'class': 'bzt.modules.blazemeter.CloudProvisioning', 'default-location': 'us-central1-a', 'dump-locations': True})
[2017-12-20 08:21:22,166 DEBUG root] Importing module: bzt.modules.blazemeter
[2017-12-20 08:21:22,221 DEBUG easyprocess] version=0.2.3
[2017-12-20 08:21:22,223 DEBUG pyvirtualdisplay] version=0.2.1
[2017-12-20 08:21:22,224 DEBUG root] Loading class: 'CloudProvisioning' from <module 'bzt.modules.blazemeter' from '/usr/local/lib/python2.7/site-packages/bzt/modules/blazemeter.pyc'>
[2017-12-20 08:21:22,224 DEBUG Engine] Module config: blazemeter defaultdict(None, {'token': '********', 'class': 'bzt.modules.blazemeter.BlazeMeterUploader'})
[2017-12-20 08:21:22,224 DEBUG root] Importing module: bzt.modules.blazemeter
[2017-12-20 08:21:22,224 DEBUG root] Loading class: 'BlazeMeterUploader' from <module 'bzt.modules.blazemeter' from '/usr/local/lib/python2.7/site-packages/bzt/modules/blazemeter.pyc'>
[2017-12-20 08:21:22,224 DEBUG Engine.cloud] Request: GET https://a.blazemeter.com/api/v4/accounts None
[2017-12-20 08:21:22,228 DEBUG urllib3.connectionpool] Starting new HTTPS connection (1): a.blazemeter.com
[2017-12-20 08:21:22,456 DEBUG Engine] Taurus updates info: {"latest":"1.10.3","needsUpgrade":true}
[2017-12-20 08:21:22,456 WARNING Engine] There is newer version of Taurus 1.10.3 available, consider upgrading. What's new: http://gettaurus.org/docs/Changelog/
[2017-12-20 08:21:22,574 DEBUG urllib3.connectionpool] https://a.blazemeter.com:443 "GET /api/v4/accounts HTTP/1.1" 401 121
[2017-12-20 08:21:22,579 DEBUG Engine.cloud] Response [401]: {
    "error": {
        "code": 401,
        "message": "Unauthorized"
    },
    "api_version": 4,
    "result": null
}
[2017-12-20 08:21:22,579 ERROR root] Network Error: API call error https://a.blazemeter.com/api/v4/accounts: {u'message': u'Unauthorized', u'code': 401}
[2017-12-20 08:21:22,580 DEBUG root] TaurusNetworkError: API call error https://a.blazemeter.com/api/v4/accounts: {u'message': u'Unauthorized', u'code': 401}
Traceback (most recent call last):
  File "/usr/local/lib/python2.7/site-packages/bzt/cli.py", line 220, in perform
    self.engine.prepare()
  File "/usr/local/lib/python2.7/site-packages/bzt/engine.py", line 158, in prepare
    self.__prepare_provisioning()
  File "/usr/local/lib/python2.7/site-packages/bzt/engine.py", line 490, in __prepare_provisioning
    self.provisioning.prepare()
  File "/usr/local/lib/python2.7/site-packages/bzt/modules/blazemeter.py", line 1432, in prepare
    self._workspaces = self.user.accounts().workspaces()
  File "/usr/local/lib/python2.7/site-packages/bzt/bza.py", line 157, in accounts
    res = self._request(self.address + '/api/v4/accounts')
  File "/usr/local/lib/python2.7/site-packages/bzt/bza.py", line 100, in _request
    raise TaurusNetworkError("API call error %s: %s" % (url, result['error']))
TaurusNetworkError: API call error https://a.blazemeter.com/api/v4/accounts: {u'message': u'Unauthorized', u'code': 401}
[2017-12-20 08:21:22,581 INFO Engine] Post-processing...
[2017-12-20 08:21:22,581 DEBUG Engine.consolidator] Consolidator buffer[0]: []
[2017-12-20 08:21:22,583 DEBUG Engine.Configuration] Dumping YAML config into /Users/daper01/Documents/OSLo/multi scenario/2017-12-20_08-21-21.867570/effective.yml
[2017-12-20 08:21:22,606 DEBUG Engine.Configuration] Dumping JSON config into /Users/daper01/Documents/OSLo/multi scenario/2017-12-20_08-21-21.867570/effective.json
[2017-12-20 08:21:22,607 INFO root] Artifacts dir: /Users/daper01/Documents/OSLo/multi scenario/2017-12-20_08-21-21.867570
[2017-12-20 08:21:22,608 WARNING root] Done performing with code: 1
[2017-12-20 08:21:22,608 DEBUG root] Closing log handler: /Users/daper01/Documents/OSLo/multi scenario/2017-12-20_08-21-21.867570/bzt.log
