[2017-11-08 16:40:03,387 INFO root] Taurus CLI Tool v1.9.6
[2017-11-08 16:40:03,387 DEBUG root] Command-line options: {'verbose': None, 'no_system_configs': None, 'quiet': None, 'log': '/var/folders/vq/xzrdy2lx047cst78f69v8z3xfzqz1q/T/bzt_gnTpIg.log', 'option': None, 'aliases': []}
[2017-11-08 16:40:03,387 DEBUG root] Python: CPython 2.7.13
[2017-11-08 16:40:03,387 DEBUG root] OS: ('Darwin', 'daper01mac1124', '16.7.0', 'Darwin Kernel Version 16.7.0: Thu Jun 15 17:36:27 PDT 2017; root:xnu-3789.70.16~2/RELEASE_X86_64', 'x86_64', 'i386')
[2017-11-08 16:40:03,387 INFO root] Starting with configs: ['headless.yml']
[2017-11-08 16:40:03,388 DEBUG root] Using personal config: /Users/daper01/.bzt-rc
[2017-11-08 16:40:03,388 INFO Engine] Configuring...
[2017-11-08 16:40:03,388 DEBUG Engine] Reading extension configs from: /usr/local/etc/bzt.d
[2017-11-08 16:40:03,388 DEBUG Engine.Configuration] Configs: ['/usr/local/lib/python2.7/site-packages/bzt/resources/base-config.yml', '/usr/local/etc/bzt.d/99-installID.yml']
[2017-11-08 16:40:03,388 DEBUG Engine.Configuration] Reading /usr/local/lib/python2.7/site-packages/bzt/resources/base-config.yml as YAML
[2017-11-08 16:40:03,411 DEBUG Engine.Configuration] Reading /usr/local/etc/bzt.d/99-installID.yml as YAML
[2017-11-08 16:40:03,411 DEBUG Engine.Configuration] Configs: ['/Users/daper01/.bzt-rc', 'headless.yml']
[2017-11-08 16:40:03,411 DEBUG Engine.Configuration] Reading /Users/daper01/.bzt-rc as YAML
[2017-11-08 16:40:03,412 DEBUG Engine.Configuration] Reading headless.yml as YAML
[2017-11-08 16:40:03,413 DEBUG Engine.Configuration] Configs: ['/Users/daper01/.bzt-rc', 'headless.yml']
[2017-11-08 16:40:03,413 DEBUG Engine.Configuration] Reading /Users/daper01/.bzt-rc as YAML
[2017-11-08 16:40:03,414 DEBUG Engine.Configuration] Reading headless.yml as YAML
[2017-11-08 16:40:03,426 DEBUG Engine] Requesting updates info: http://gettaurus.org/updates/?version=1.9.6&installID=784f43782a15
[2017-11-08 16:40:03,431 INFO Engine] Artifacts dir: /Users/daper01/Documents/OSLo/Selenium/2017-11-08_16-40-03.431103
[2017-11-08 16:40:03,431 DEBUG Engine] New artifact filename: /Users/daper01/Documents/OSLo/Selenium/2017-11-08_16-40-03.431103/effective
[2017-11-08 16:40:03,433 DEBUG Engine.Configuration] Dumping YAML config into /Users/daper01/Documents/OSLo/Selenium/2017-11-08_16-40-03.431103/effective.yml
[2017-11-08 16:40:03,456 DEBUG Engine.Configuration] Dumping JSON config into /Users/daper01/Documents/OSLo/Selenium/2017-11-08_16-40-03.431103/effective.json
[2017-11-08 16:40:03,457 DEBUG Engine] New artifact filename: /Users/daper01/Documents/OSLo/Selenium/2017-11-08_16-40-03.431103/merged.yml
[2017-11-08 16:40:03,458 DEBUG Engine.Configuration] Dumping YAML config into /Users/daper01/Documents/OSLo/Selenium/2017-11-08_16-40-03.431103/merged.yml
[2017-11-08 16:40:03,460 DEBUG Engine] New artifact filename: /Users/daper01/Documents/OSLo/Selenium/2017-11-08_16-40-03.431103/merged.json
[2017-11-08 16:40:03,461 DEBUG Engine.Configuration] Dumping JSON config into /Users/daper01/Documents/OSLo/Selenium/2017-11-08_16-40-03.431103/merged.json
[2017-11-08 16:40:03,461 DEBUG Engine] Add existing artifact (move=False): headless.yml
[2017-11-08 16:40:03,461 DEBUG Engine] Copying headless.yml to /Users/daper01/Documents/OSLo/Selenium/2017-11-08_16-40-03.431103/headless.yml
[2017-11-08 16:40:03,462 DEBUG root] Closing log handler: /var/folders/vq/xzrdy2lx047cst78f69v8z3xfzqz1q/T/bzt_gnTpIg.log
[2017-11-08 16:40:03,669 DEBUG root] Switched writing logs to /Users/daper01/Documents/OSLo/Selenium/2017-11-08_16-40-03.431103/bzt.log
[2017-11-08 16:40:03,670 INFO Engine] Preparing...
[2017-11-08 16:40:03,670 DEBUG Engine] Module config: consolidator defaultdict(None, {'class': 'bzt.modules.aggregator.ConsolidatingAggregator'})
[2017-11-08 16:40:03,670 DEBUG root] Importing module: bzt.modules.aggregator
[2017-11-08 16:40:03,672 DEBUG root] Loading class: 'ConsolidatingAggregator' from <module 'bzt.modules.aggregator' from '/usr/local/lib/python2.7/site-packages/bzt/modules/aggregator.pyc'>
[2017-11-08 16:40:03,672 DEBUG Engine.consolidator] Exception in dehumanize_time(inf)
[2017-11-08 16:40:03,673 DEBUG Engine.consolidator] Buffer scaling setup: percentile 95.0 from [0.0, 50.0, 90.0, 95.0, 99.0, 99.9, 100.0] selected
[2017-11-08 16:40:03,673 DEBUG Engine] Module config: monitoring defaultdict(None, {'class': 'bzt.modules.monitoring.Monitoring'})
[2017-11-08 16:40:03,673 DEBUG root] Importing module: bzt.modules.monitoring
[2017-11-08 16:40:03,691 DEBUG root] Loading class: 'Monitoring' from <module 'bzt.modules.monitoring' from '/usr/local/lib/python2.7/site-packages/bzt/modules/monitoring.pyc'>
[2017-11-08 16:40:03,691 DEBUG Engine] Module config: local defaultdict(None, {'class': 'bzt.modules.provisioning.Local'})
[2017-11-08 16:40:03,692 DEBUG root] Importing module: bzt.modules.provisioning
[2017-11-08 16:40:03,692 DEBUG root] Loading class: 'Local' from <module 'bzt.modules.provisioning' from '/usr/local/lib/python2.7/site-packages/bzt/modules/provisioning.pyc'>
[2017-11-08 16:40:03,692 DEBUG Engine] Module config: selenium defaultdict(None, {'class': 'bzt.modules.selenium.SeleniumExecutor'})
[2017-11-08 16:40:03,692 DEBUG root] Importing module: bzt.modules.selenium
[2017-11-08 16:40:03,695 DEBUG easyprocess] version=0.2.3
[2017-11-08 16:40:03,696 DEBUG pyvirtualdisplay] version=0.2.1
[2017-11-08 16:40:03,697 DEBUG root] Loading class: 'SeleniumExecutor' from <module 'bzt.modules.selenium' from '/usr/local/lib/python2.7/site-packages/bzt/modules/selenium.pyc'>
[2017-11-08 16:40:03,697 DEBUG Engine.local] Preparing executor: selenium/4377570320
[2017-11-08 16:40:03,697 DEBUG Engine.selenium] Extract defaultdict(None, {'script': 'blazedemo_headless.py'}) into scenarios
[2017-11-08 16:40:03,697 DEBUG Engine.selenium] Detected script type: nose
[2017-11-08 16:40:03,698 DEBUG Engine] Module config: nose defaultdict(None, {'class': 'bzt.modules.python.NoseTester'})
[2017-11-08 16:40:03,698 DEBUG root] Importing module: bzt.modules.python
[2017-11-08 16:40:03,742 DEBUG root] Loading class: 'NoseTester' from <module 'bzt.modules.python' from '/usr/local/lib/python2.7/site-packages/bzt/modules/python.pyc'>
[2017-11-08 16:40:03,743 DEBUG Engine.nose.TclLibrary] We don't need to check tcl library on this platform
[2017-11-08 16:40:03,743 DEBUG Engine] New artifact filename: /Users/daper01/Documents/OSLo/Selenium/2017-11-08_16-40-03.431103/NoseTester.ldjson
[2017-11-08 16:40:03,743 DEBUG Engine] Module config: final-stats defaultdict(None, {'class': 'bzt.modules.reporting.FinalStatus'})
[2017-11-08 16:40:03,743 DEBUG root] Importing module: bzt.modules.reporting
[2017-11-08 16:40:03,748 DEBUG root] Loading class: 'FinalStatus' from <module 'bzt.modules.reporting' from '/usr/local/lib/python2.7/site-packages/bzt/modules/reporting.pyc'>
[2017-11-08 16:40:03,748 DEBUG Engine] Module config: console defaultdict(None, {'class': 'bzt.modules.console.ConsoleStatusReporter'})
[2017-11-08 16:40:03,748 DEBUG root] Importing module: bzt.modules.console
[2017-11-08 16:40:03,748 DEBUG root] Loading class: 'ConsoleStatusReporter' from <module 'bzt.modules.console' from '/usr/local/lib/python2.7/site-packages/bzt/modules/console.pyc'>
[2017-11-08 16:40:03,756 DEBUG Engine.Configuration] Dumping YAML config into /Users/daper01/Documents/OSLo/Selenium/2017-11-08_16-40-03.431103/effective.yml
[2017-11-08 16:40:03,778 DEBUG Engine.Configuration] Dumping JSON config into /Users/daper01/Documents/OSLo/Selenium/2017-11-08_16-40-03.431103/effective.json
[2017-11-08 16:40:03,778 INFO Engine] Starting...
[2017-11-08 16:40:03,779 DEBUG Engine] Startup <bzt.modules.monitoring.Monitoring object at 0x10458ea90>
[2017-11-08 16:40:03,779 DEBUG Engine] Startup <bzt.modules.aggregator.ConsolidatingAggregator object at 0x1045719d0>
[2017-11-08 16:40:03,779 DEBUG Engine] Startup <bzt.modules.reporting.FinalStatus object at 0x105401e10>
[2017-11-08 16:40:03,779 DEBUG Engine] Startup <bzt.modules.console.ConsoleStatusReporter object at 0x10541aa10>
[2017-11-08 16:40:03,779 INFO Engine.console] Waiting for results...
[2017-11-08 16:40:03,779 DEBUG Engine] Startup <bzt.modules.provisioning.Local object at 0x104571550>
[2017-11-08 16:40:03,779 DEBUG Engine.local] Delay setup for selenium/blazedemo_headless.py: 0(start-at) + 0(delay) = 0
[2017-11-08 16:40:03,782 DEBUG Engine.Configuration] Dumping YAML config into /Users/daper01/Documents/OSLo/Selenium/2017-11-08_16-40-03.431103/effective.yml
[2017-11-08 16:40:03,828 DEBUG Engine.Configuration] Dumping JSON config into /Users/daper01/Documents/OSLo/Selenium/2017-11-08_16-40-03.431103/effective.json
[2017-11-08 16:40:03,829 DEBUG root] Leveling down log file verbosity, use -v option to have DEBUG messages enabled
[2017-11-08 16:40:04,049 INFO Engine.console] Waiting for finish...
[2017-11-08 16:40:04,134 WARNING Engine] There is newer version of Taurus 1.10.0 available, consider upgrading. What's new: http://gettaurus.org/docs/Changelog/
[2017-11-08 16:40:20,854 INFO LoadSamplesReader] Changed data analysis delay to 15s
[2017-11-08 16:41:11,038 WARNING Engine] Please wait for graceful shutdown...
[2017-11-08 16:41:11,046 DEBUG root] Leveled up log file verbosity
[2017-11-08 16:41:11,046 INFO Engine] Shutting down...
[2017-11-08 16:41:11,053 DEBUG Engine.local] Shutdown selenium/blazedemo_headless.py
[2017-11-08 16:41:11,053 DEBUG Engine.selenium] Selenium tests ran for 67.2238879204 seconds
[2017-11-08 16:41:11,053 DEBUG Engine.console] Restoring logging streams, [<logging.StreamHandler object at 0x103ab9690>]/{<logging.StreamHandler object at 0x103ab9690>: <open file '<stdout>', mode 'w' at 0x102f2a150>}
[2017-11-08 16:41:11,056 DEBUG Engine.Configuration] Dumping YAML config into /Users/daper01/Documents/OSLo/Selenium/2017-11-08_16-40-03.431103/effective.yml
[2017-11-08 16:41:11,100 DEBUG Engine.Configuration] Dumping JSON config into /Users/daper01/Documents/OSLo/Selenium/2017-11-08_16-40-03.431103/effective.json
[2017-11-08 16:41:11,101 INFO Engine] Post-processing...
[2017-11-08 16:41:11,101 DEBUG Engine.local] Post-process selenium/blazedemo_headless.py
[2017-11-08 16:41:11,102 DEBUG LoadSamplesReader] Buffer len: 2
[2017-11-08 16:41:11,102 DEBUG LoadSamplesReader] Aggregating: 1510188055
[2017-11-08 16:41:11,103 DEBUG LoadSamplesReader] Aggregating: 1510188063
[2017-11-08 16:41:11,104 DEBUG Engine.consolidator] Consolidator buffer[3]: [1510188048, 1510188055, 1510188063]
[2017-11-08 16:41:11,104 DEBUG Engine.consolidator] Merging into 1510188048
[2017-11-08 16:41:11,104 DEBUG Engine.consolidator] Merging 1510188048
[2017-11-08 16:41:11,108 DEBUG Engine.consolidator] Processed datapoint: 1510188048/None
[2017-11-08 16:41:11,108 DEBUG Engine.consolidator] Merging into 1510188055
[2017-11-08 16:41:11,108 DEBUG Engine.consolidator] Merging 1510188055
[2017-11-08 16:41:11,112 DEBUG Engine.consolidator] Processed datapoint: 1510188055/None
[2017-11-08 16:41:11,112 DEBUG Engine.consolidator] Merging into 1510188063
[2017-11-08 16:41:11,112 DEBUG Engine.consolidator] Merging 1510188063
[2017-11-08 16:41:11,116 DEBUG Engine.consolidator] Processed datapoint: 1510188063/None
[2017-11-08 16:41:11,116 INFO Engine.final-stats] Test duration: 0:01:08
[2017-11-08 16:41:11,116 INFO Engine.final-stats] Samples count: 9, 0.00% failures
[2017-11-08 16:41:11,117 INFO Engine.final-stats] Average times: total 7.312, latency 0.000, connect 0.000
[2017-11-08 16:41:11,117 INFO Engine.final-stats] Percentile 0.0%: 7.024
[2017-11-08 16:41:11,117 INFO Engine.final-stats] Percentile 50.0%: 7.232
[2017-11-08 16:41:11,117 INFO Engine.final-stats] Percentile 90.0%: 7.979
[2017-11-08 16:41:11,117 INFO Engine.final-stats] Percentile 95.0%: 7.979
[2017-11-08 16:41:11,117 INFO Engine.final-stats] Percentile 99.0%: 7.979
[2017-11-08 16:41:11,117 INFO Engine.final-stats] Percentile 99.9%: 7.979
[2017-11-08 16:41:11,118 INFO Engine.final-stats] Percentile 100.0%: 7.979
[2017-11-08 16:41:11,118 DEBUG Engine.console] No logger_handler or orig_stream was detected
[2017-11-08 16:41:11,120 DEBUG Engine.Configuration] Dumping YAML config into /Users/daper01/Documents/OSLo/Selenium/2017-11-08_16-40-03.431103/effective.yml
[2017-11-08 16:41:11,166 DEBUG Engine.Configuration] Dumping JSON config into /Users/daper01/Documents/OSLo/Selenium/2017-11-08_16-40-03.431103/effective.json
[2017-11-08 16:41:11,167 INFO root] Artifacts dir: /Users/daper01/Documents/OSLo/Selenium/2017-11-08_16-40-03.431103
[2017-11-08 16:41:11,168 INFO root] Done performing with code: 0
[2017-11-08 16:41:11,168 DEBUG root] Closing log handler: /Users/daper01/Documents/OSLo/Selenium/2017-11-08_16-40-03.431103/bzt.log
