[2018-02-08 10:29:54,413 INFO root] Taurus CLI Tool v1.10.3
[2018-02-08 10:29:54,413 DEBUG root] Command-line options: {'verbose': None, 'no_system_configs': None, 'quiet': None, 'log': '/var/folders/vq/xzrdy2lx047cst78f69v8z3xfzqz1q/T/bzt_fxhVDe.log', 'option': None, 'aliases': []}
[2018-02-08 10:29:54,413 DEBUG root] Python: CPython 2.7.13
[2018-02-08 10:29:54,413 DEBUG root] OS: ('Darwin', 'daper01mac1124', '17.2.0', 'Darwin Kernel Version 17.2.0: Fri Sep 29 18:27:05 PDT 2017; root:xnu-4570.20.62~3/RELEASE_X86_64', 'x86_64', 'i386')
[2018-02-08 10:29:54,413 INFO root] Starting with configs: ['python_Selenium.yml']
[2018-02-08 10:29:54,413 DEBUG root] Using personal config: /Users/daper01/.bzt-rc
[2018-02-08 10:29:54,413 INFO Engine] Configuring...
[2018-02-08 10:29:54,414 DEBUG Engine] Reading extension configs from: /usr/local/etc/bzt.d
[2018-02-08 10:29:54,414 DEBUG Engine.Configuration] Configs: ['/usr/local/lib/python2.7/site-packages/bzt/resources/base-config.yml', '/usr/local/etc/bzt.d/99-installID.yml']
[2018-02-08 10:29:54,414 DEBUG Engine.Configuration] Reading /usr/local/lib/python2.7/site-packages/bzt/resources/base-config.yml as YAML
[2018-02-08 10:29:54,442 DEBUG Engine.Configuration] Reading /usr/local/etc/bzt.d/99-installID.yml as YAML
[2018-02-08 10:29:54,443 DEBUG Engine.Configuration] Configs: ['/Users/daper01/.bzt-rc', 'python_Selenium.yml']
[2018-02-08 10:29:54,444 DEBUG Engine.Configuration] Reading /Users/daper01/.bzt-rc as YAML
[2018-02-08 10:29:54,446 DEBUG Engine.Configuration] Reading python_Selenium.yml as YAML
[2018-02-08 10:29:54,449 DEBUG Engine.Configuration] Configs: ['/Users/daper01/.bzt-rc', 'python_Selenium.yml']
[2018-02-08 10:29:54,449 DEBUG Engine.Configuration] Reading /Users/daper01/.bzt-rc as YAML
[2018-02-08 10:29:54,451 DEBUG Engine.Configuration] Reading python_Selenium.yml as YAML
[2018-02-08 10:29:54,471 DEBUG Engine] Requesting updates info: http://gettaurus.org/updates/?version=1.10.3&installID=784f43782a15
[2018-02-08 10:29:54,476 INFO Engine] Artifacts dir: /Users/daper01/Documents/OSLo/Selenium/2018-02-08_10-29-54.471648
[2018-02-08 10:29:54,477 DEBUG Engine] New artifact filename: /Users/daper01/Documents/OSLo/Selenium/2018-02-08_10-29-54.471648/effective
[2018-02-08 10:29:54,481 DEBUG Engine.Configuration] Dumping YAML config into /Users/daper01/Documents/OSLo/Selenium/2018-02-08_10-29-54.471648/effective.yml
[2018-02-08 10:29:54,532 DEBUG Engine.Configuration] Dumping JSON config into /Users/daper01/Documents/OSLo/Selenium/2018-02-08_10-29-54.471648/effective.json
[2018-02-08 10:29:54,534 DEBUG Engine] New artifact filename: /Users/daper01/Documents/OSLo/Selenium/2018-02-08_10-29-54.471648/merged.yml
[2018-02-08 10:29:54,534 DEBUG Engine.Configuration] Dumping YAML config into /Users/daper01/Documents/OSLo/Selenium/2018-02-08_10-29-54.471648/merged.yml
[2018-02-08 10:29:54,539 DEBUG Engine] New artifact filename: /Users/daper01/Documents/OSLo/Selenium/2018-02-08_10-29-54.471648/merged.json
[2018-02-08 10:29:54,540 DEBUG Engine.Configuration] Dumping JSON config into /Users/daper01/Documents/OSLo/Selenium/2018-02-08_10-29-54.471648/merged.json
[2018-02-08 10:29:54,540 DEBUG Engine] Add existing artifact (move=False): python_Selenium.yml
[2018-02-08 10:29:54,541 DEBUG Engine] Copying python_Selenium.yml to /Users/daper01/Documents/OSLo/Selenium/2018-02-08_10-29-54.471648/python_Selenium.yml
[2018-02-08 10:29:54,541 DEBUG root] Closing log handler: /var/folders/vq/xzrdy2lx047cst78f69v8z3xfzqz1q/T/bzt_fxhVDe.log
[2018-02-08 10:29:54,550 DEBUG root] Switched writing logs to /Users/daper01/Documents/OSLo/Selenium/2018-02-08_10-29-54.471648/bzt.log
[2018-02-08 10:29:54,550 INFO Engine] Preparing...
[2018-02-08 10:29:54,551 DEBUG Engine] Module config: consolidator defaultdict(None, {'class': 'bzt.modules.aggregator.ConsolidatingAggregator'})
[2018-02-08 10:29:54,551 DEBUG root] Importing module: bzt.modules.aggregator
[2018-02-08 10:29:54,622 DEBUG root] Loading class: 'ConsolidatingAggregator' from <module 'bzt.modules.aggregator' from '/usr/local/lib/python2.7/site-packages/bzt/modules/aggregator.pyc'>
[2018-02-08 10:29:54,622 DEBUG Engine.consolidator] Exception in dehumanize_time(inf)
[2018-02-08 10:29:54,622 DEBUG Engine.consolidator] Buffer scaling setup: percentile 95.0 from [0.0, 50.0, 90.0, 95.0, 99.0, 99.9, 100.0] selected
[2018-02-08 10:29:54,623 DEBUG Engine] Module config: monitoring defaultdict(None, {'class': 'bzt.modules.monitoring.Monitoring'})
[2018-02-08 10:29:54,623 DEBUG root] Importing module: bzt.modules.monitoring
[2018-02-08 10:29:54,629 DEBUG root] Loading class: 'Monitoring' from <module 'bzt.modules.monitoring' from '/usr/local/lib/python2.7/site-packages/bzt/modules/monitoring.pyc'>
[2018-02-08 10:29:54,629 DEBUG Engine] Module config: capturehar defaultdict(None, {'class': 'bzt.modules.blazemeter.ServiceStubCaptureHAR'})
[2018-02-08 10:29:54,629 DEBUG root] Importing module: bzt.modules.blazemeter
[2018-02-08 10:29:54,829 DEBUG easyprocess] version=0.2.3
[2018-02-08 10:29:54,833 DEBUG pyvirtualdisplay] version=0.2.1
[2018-02-08 10:29:54,834 DEBUG root] Loading class: 'ServiceStubCaptureHAR' from <module 'bzt.modules.blazemeter' from '/usr/local/lib/python2.7/site-packages/bzt/modules/blazemeter.pyc'>
[2018-02-08 10:29:54,835 DEBUG Engine] Module config: local defaultdict(None, {'class': 'bzt.modules.provisioning.Local'})
[2018-02-08 10:29:54,835 DEBUG root] Importing module: bzt.modules.provisioning
[2018-02-08 10:29:54,835 DEBUG root] Loading class: 'Local' from <module 'bzt.modules.provisioning' from '/usr/local/lib/python2.7/site-packages/bzt/modules/provisioning.pyc'>
[2018-02-08 10:29:54,835 DEBUG Engine] Module config: selenium defaultdict(None, {'class': 'bzt.modules.selenium.SeleniumExecutor'})
[2018-02-08 10:29:54,835 DEBUG root] Importing module: bzt.modules.selenium
[2018-02-08 10:29:54,839 DEBUG root] Loading class: 'SeleniumExecutor' from <module 'bzt.modules.selenium' from '/usr/local/lib/python2.7/site-packages/bzt/modules/selenium.pyc'>
[2018-02-08 10:29:54,839 DEBUG Engine.local] Preparing executor: selenium/4600471440
[2018-02-08 10:29:54,840 DEBUG Engine.selenium] Using script type: nose
[2018-02-08 10:29:54,840 DEBUG Engine] Module config: nose defaultdict(None, {'class': 'bzt.modules.python.ApiritifNoseExecutor'})
[2018-02-08 10:29:54,840 DEBUG root] Importing module: bzt.modules.python
[2018-02-08 10:29:54,932 DEBUG root] Loading class: 'ApiritifNoseExecutor' from <module 'bzt.modules.python' from '/usr/local/lib/python2.7/site-packages/bzt/modules/python.pyc'>
[2018-02-08 10:29:54,932 DEBUG Engine.nose] Extract defaultdict(None, {'script': './blazeDemo_Selenium_with_unit_chrome.py'}) into scenarios
[2018-02-08 10:29:54,933 DEBUG Engine] New artifact filename: /Users/daper01/Documents/OSLo/Selenium/2018-02-08_10-29-54.471648/ApiritifNoseExecutor.ldjson
[2018-02-08 10:29:54,933 DEBUG Engine] Module config: final-stats defaultdict(None, {'class': 'bzt.modules.reporting.FinalStatus'})
[2018-02-08 10:29:54,933 DEBUG root] Importing module: bzt.modules.reporting
[2018-02-08 10:29:54,934 DEBUG root] Loading class: 'FinalStatus' from <module 'bzt.modules.reporting' from '/usr/local/lib/python2.7/site-packages/bzt/modules/reporting.pyc'>
[2018-02-08 10:29:54,934 DEBUG Engine] Module config: console defaultdict(None, {'class': 'bzt.modules.console.ConsoleStatusReporter'})
[2018-02-08 10:29:54,935 DEBUG root] Importing module: bzt.modules.console
[2018-02-08 10:29:54,935 DEBUG root] Loading class: 'ConsoleStatusReporter' from <module 'bzt.modules.console' from '/usr/local/lib/python2.7/site-packages/bzt/modules/console.pyc'>
[2018-02-08 10:29:54,945 DEBUG Engine.Configuration] Dumping YAML config into /Users/daper01/Documents/OSLo/Selenium/2018-02-08_10-29-54.471648/effective.yml
[2018-02-08 10:29:54,991 DEBUG Engine.Configuration] Dumping JSON config into /Users/daper01/Documents/OSLo/Selenium/2018-02-08_10-29-54.471648/effective.json
[2018-02-08 10:29:54,993 INFO Engine] Starting...
[2018-02-08 10:29:54,993 DEBUG Engine] Startup <bzt.modules.monitoring.Monitoring object at 0x1117ce2d0>
[2018-02-08 10:29:54,994 DEBUG Engine] Startup <bzt.modules.blazemeter.ServiceStubCaptureHAR object at 0x1118cb550>
[2018-02-08 10:29:54,994 WARNING Engine.capturehar] Stub for service 'capturehar', use cloud provisioning to have it working
[2018-02-08 10:29:54,994 DEBUG Engine] Startup <bzt.modules.aggregator.ConsolidatingAggregator object at 0x11139ff90>
[2018-02-08 10:29:54,994 DEBUG Engine] Startup <bzt.modules.reporting.FinalStatus object at 0x11243bad0>
[2018-02-08 10:29:54,995 DEBUG Engine] Startup <bzt.modules.console.ConsoleStatusReporter object at 0x112450690>
[2018-02-08 10:29:54,995 INFO Engine.console] Waiting for results...
[2018-02-08 10:29:54,995 DEBUG Engine] Startup <bzt.modules.provisioning.Local object at 0x1113b6150>
[2018-02-08 10:29:54,995 DEBUG Engine.local] Delay setup for selenium/4600471440: 0(start-at) + 0(delay) = 0
[2018-02-08 10:29:54,999 DEBUG Engine.Configuration] Dumping YAML config into /Users/daper01/Documents/OSLo/Selenium/2018-02-08_10-29-54.471648/effective.yml
[2018-02-08 10:29:55,037 DEBUG Engine.Configuration] Dumping JSON config into /Users/daper01/Documents/OSLo/Selenium/2018-02-08_10-29-54.471648/effective.json
[2018-02-08 10:29:55,041 DEBUG root] Leveling down log file verbosity, use -v option to have DEBUG messages enabled
[2018-02-08 10:29:55,042 DEBUG root] Leveled up log file verbosity
[2018-02-08 10:29:55,042 DEBUG Engine] New artifact filename: /Users/daper01/Documents/OSLo/Selenium/2018-02-08_10-29-54.471648/apiritif-
[2018-02-08 10:29:55,042 DEBUG Engine] New artifact filename: /Users/daper01/Documents/OSLo/Selenium/2018-02-08_10-29-54.471648/nose.out
[2018-02-08 10:29:55,043 DEBUG Engine] New artifact filename: /Users/daper01/Documents/OSLo/Selenium/2018-02-08_10-29-54.471648/nose.err
[2018-02-08 10:29:55,043 DEBUG Engine.nose] Running process with env {'PATH': '/Users/daper01/.bzt/selenium-taurus/tools/chromedriver/2.33:/Users/daper01/.bzt/selenium-taurus/tools/geckodriver/0.19.0:/opt/local/bin:/opt/local/sbin:/Users/daper01/google-cloud-sdk/bin:/usr/local/Cellar:/usr/local/bin:/usr/local/sbin:/Users/daper01/Documents/groupon_/:/Users/daper01/Documents/grinder-3.11/lib/:/Users/daper01/Documents/WebDriver:/usr/local/bin:/usr/bin:/bin:/usr/sbin:/sbin:/usr/local/Cellar:/Library/TeX/texbin:/opt/X11/bin', 'PYTHONPATH': '/usr/local/lib/python2.7/site-packages'}
[2018-02-08 10:29:55,044 DEBUG Engine.nose] Executing shell from /Users/daper01/Documents/OSLo/Selenium: ['/usr/local/opt/python/bin/python2.7', '-m', 'apiritif.loadgen', '--result-file-template', '/Users/daper01/Documents/OSLo/Selenium/2018-02-08_10-29-54.471648/apiritif-%s.csv', '--concurrency', '1', '--hold-for', '120.0', './blazeDemo_Selenium_with_unit_chrome.py']
[2018-02-08 10:29:55,044 DEBUG bzt.utils] Executing shell: ['/usr/local/opt/python/bin/python2.7', '-m', 'apiritif.loadgen', '--result-file-template', '/Users/daper01/Documents/OSLo/Selenium/2018-02-08_10-29-54.471648/apiritif-%s.csv', '--concurrency', '1', '--hold-for', '120.0', './blazeDemo_Selenium_with_unit_chrome.py'] at /Users/daper01/Documents/OSLo/Selenium
[2018-02-08 10:29:55,059 DEBUG root] Leveling down log file verbosity, use -v option to have DEBUG messages enabled
[2018-02-08 10:29:55,060 WARNING Engine] There is newer version of Taurus 1.10.5 available, consider upgrading. What's new: http://gettaurus.org/docs/Changelog/
[2018-02-08 10:29:55,288 INFO Engine.console] Waiting for finish...
[2018-02-08 10:30:10,079 INFO Engine.nose.JTLReader] Changed data analysis delay to 12s
[2018-02-08 10:30:45,161 INFO Engine.nose.JTLReader] Changed data analysis delay to 13s
[2018-02-08 10:30:53,178 INFO Engine.nose.JTLReader] Changed data analysis delay to 19s
[2018-02-08 10:30:53,981 WARNING Engine] Please wait for graceful shutdown...
[2018-02-08 10:30:54,002 DEBUG root] Leveled up log file verbosity
[2018-02-08 10:30:54,002 INFO Engine] Shutting down...
[2018-02-08 10:30:54,015 DEBUG Engine.local] Shutdown selenium/4600471440
[2018-02-08 10:30:55,017 INFO Engine.nose] Terminating process PID 5873 with signal 15 (59 tries left)
[2018-02-08 10:30:56,031 INFO Engine.nose] Terminating process PID 5873 with signal 15 (58 tries left)
[2018-02-08 10:30:56,048 DEBUG Engine.nose] Failed to terminate process: [Errno 1] Operation not permitted
[2018-02-08 10:30:56,049 DEBUG Engine.selenium] Selenium tests ran for 61.0070459843 seconds
[2018-02-08 10:30:56,050 DEBUG Engine.console] Restoring logging streams, [<logging.StreamHandler object at 0x1108070d0>]/{<logging.StreamHandler object at 0x1108070d0>: <open file '<stdout>', mode 'w' at 0x11004e150>}
[2018-02-08 10:30:56,055 DEBUG Engine.Configuration] Dumping YAML config into /Users/daper01/Documents/OSLo/Selenium/2018-02-08_10-29-54.471648/effective.yml
[2018-02-08 10:30:56,269 DEBUG Engine.Configuration] Dumping JSON config into /Users/daper01/Documents/OSLo/Selenium/2018-02-08_10-29-54.471648/effective.json
[2018-02-08 10:30:56,286 WARNING root] Keyboard interrupt
[2018-02-08 10:30:56,288 DEBUG root] KeyboardInterrupt: 
Traceback (most recent call last):
  File "/usr/local/lib/python2.7/site-packages/bzt/cli.py", line 225, in perform
    self.engine.run()
  File "/usr/local/lib/python2.7/site-packages/bzt/engine.py", line 202, in run
    reraise(exc_info)
  File "/usr/local/lib/python2.7/site-packages/bzt/engine.py", line 184, in run
    self._wait()
  File "/usr/local/lib/python2.7/site-packages/bzt/engine.py", line 227, in _wait
    time.sleep(delay)
KeyboardInterrupt
[2018-02-08 10:30:56,288 INFO Engine] Post-processing...
[2018-02-08 10:30:56,289 DEBUG Engine.local] Post-process selenium/4600471440
[2018-02-08 10:30:56,290 DEBUG Engine.nose.TestReportReader.LDJSONReader] No data to start reading yet
[2018-02-08 10:30:56,291 DEBUG LoadSamplesReader] Buffer len: 0
[2018-02-08 10:30:56,292 DEBUG Engine.nose.JTLReader.IncrementalCSVReader] Reading JTL: /Users/daper01/Documents/OSLo/Selenium/2018-02-08_10-29-54.471648/apiritif-0.csv
[2018-02-08 10:30:56,292 DEBUG Engine.nose.JTLReader.IncrementalCSVReader] Read lines: 0 / 0 bytes (at speed 1048576)
[2018-02-08 10:30:56,293 DEBUG Engine.nose.JTLReader] Buffer len: 2
[2018-02-08 10:30:56,293 DEBUG Engine.nose.JTLReader] Aggregating: 1518114636
[2018-02-08 10:30:56,297 DEBUG Engine.nose.JTLReader] Aggregating: 1518114643
[2018-02-08 10:30:56,301 DEBUG Engine.consolidator] Consolidator buffer[3]: [1518114643, 1518114627, 1518114636]
[2018-02-08 10:30:56,301 DEBUG Engine.consolidator] Merging into 1518114627
[2018-02-08 10:30:56,302 DEBUG Engine.consolidator] Merging 1518114627
[2018-02-08 10:30:56,320 DEBUG Engine.consolidator] Processed datapoint: 1518114627/None
[2018-02-08 10:30:56,321 DEBUG Engine.consolidator] Merging into 1518114636
[2018-02-08 10:30:56,321 DEBUG Engine.consolidator] Merging 1518114636
[2018-02-08 10:30:56,422 DEBUG Engine.consolidator] Processed datapoint: 1518114636/None
[2018-02-08 10:30:56,423 DEBUG Engine.consolidator] Merging into 1518114643
[2018-02-08 10:30:56,423 DEBUG Engine.consolidator] Merging 1518114643
[2018-02-08 10:30:56,443 DEBUG Engine.consolidator] Processed datapoint: 1518114643/None
[2018-02-08 10:30:56,444 INFO Engine.final-stats] Test duration: 0:01:02
[2018-02-08 10:30:56,445 INFO Engine.final-stats] Samples count: 8, 0.00% failures
[2018-02-08 10:30:56,446 INFO Engine.final-stats] Average times: total 6.905, latency 0.000, connect 0.000
[2018-02-08 10:30:56,447 INFO Engine.final-stats] Percentile 0.0%: 6.051
[2018-02-08 10:30:56,448 INFO Engine.final-stats] Percentile 50.0%: 6.289
[2018-02-08 10:30:56,448 INFO Engine.final-stats] Percentile 90.0%: 9.620
[2018-02-08 10:30:56,448 INFO Engine.final-stats] Percentile 95.0%: 9.620
[2018-02-08 10:30:56,448 INFO Engine.final-stats] Percentile 99.0%: 9.620
[2018-02-08 10:30:56,448 INFO Engine.final-stats] Percentile 99.9%: 9.620
[2018-02-08 10:30:56,449 INFO Engine.final-stats] Percentile 100.0%: 9.620
[2018-02-08 10:30:56,450 DEBUG Engine.console] No logger_handler or orig_stream was detected
[2018-02-08 10:30:56,453 DEBUG Engine.Configuration] Dumping YAML config into /Users/daper01/Documents/OSLo/Selenium/2018-02-08_10-29-54.471648/effective.yml
[2018-02-08 10:30:56,778 DEBUG Engine.Configuration] Dumping JSON config into /Users/daper01/Documents/OSLo/Selenium/2018-02-08_10-29-54.471648/effective.json
[2018-02-08 10:30:56,782 INFO root] Artifacts dir: /Users/daper01/Documents/OSLo/Selenium/2018-02-08_10-29-54.471648
[2018-02-08 10:30:56,783 WARNING root] Done performing with code: 1
[2018-02-08 10:30:56,784 DEBUG root] Closing log handler: /Users/daper01/Documents/OSLo/Selenium/2018-02-08_10-29-54.471648/bzt.log
