[2017-12-18 14:35:13,769 INFO root] Taurus CLI Tool v1.9.6
[2017-12-18 14:35:13,769 DEBUG root] Command-line options: {'verbose': None, 'no_system_configs': None, 'quiet': None, 'log': '/var/folders/vq/xzrdy2lx047cst78f69v8z3xfzqz1q/T/bzt_NNdF2q.log', 'option': None, 'aliases': []}
[2017-12-18 14:35:13,769 DEBUG root] Python: CPython 2.7.13
[2017-12-18 14:35:13,769 DEBUG root] OS: ('Darwin', 'daper01mac1124', '17.2.0', 'Darwin Kernel Version 17.2.0: Fri Sep 29 18:27:05 PDT 2017; root:xnu-4570.20.62~3/RELEASE_X86_64', 'x86_64', 'i386')
[2017-12-18 14:35:13,770 INFO root] Starting with configs: ['sample.yml']
[2017-12-18 14:35:13,770 DEBUG root] Using personal config: /Users/daper01/.bzt-rc
[2017-12-18 14:35:13,770 INFO Engine] Configuring...
[2017-12-18 14:35:13,770 DEBUG Engine] Reading extension configs from: /usr/local/etc/bzt.d
[2017-12-18 14:35:13,770 DEBUG Engine.Configuration] Configs: ['/usr/local/lib/python2.7/site-packages/bzt/resources/base-config.yml', '/usr/local/etc/bzt.d/99-installID.yml']
[2017-12-18 14:35:13,771 DEBUG Engine.Configuration] Reading /usr/local/lib/python2.7/site-packages/bzt/resources/base-config.yml as YAML
[2017-12-18 14:35:13,796 DEBUG Engine.Configuration] Reading /usr/local/etc/bzt.d/99-installID.yml as YAML
[2017-12-18 14:35:13,796 DEBUG Engine.Configuration] Configs: ['/Users/daper01/.bzt-rc', 'sample.yml']
[2017-12-18 14:35:13,797 DEBUG Engine.Configuration] Reading /Users/daper01/.bzt-rc as YAML
[2017-12-18 14:35:13,798 DEBUG Engine.Configuration] Reading sample.yml as YAML
[2017-12-18 14:35:13,801 DEBUG Engine.Configuration] Configs: ['/Users/daper01/.bzt-rc', 'sample.yml']
[2017-12-18 14:35:13,801 DEBUG Engine.Configuration] Reading /Users/daper01/.bzt-rc as YAML
[2017-12-18 14:35:13,801 DEBUG Engine.Configuration] Reading sample.yml as YAML
[2017-12-18 14:35:13,821 DEBUG Engine] Requesting updates info: http://gettaurus.org/updates/?version=1.9.6&installID=784f43782a15
[2017-12-18 14:35:13,830 INFO Engine] Artifacts dir: /Users/daper01/Documents/OSLo/onboarding/2017-12-18_14-35-13.829762
[2017-12-18 14:35:13,831 DEBUG Engine] New artifact filename: /Users/daper01/Documents/OSLo/onboarding/2017-12-18_14-35-13.829762/effective
[2017-12-18 14:35:13,834 DEBUG Engine.Configuration] Dumping YAML config into /Users/daper01/Documents/OSLo/onboarding/2017-12-18_14-35-13.829762/effective.yml
[2017-12-18 14:35:13,864 DEBUG Engine.Configuration] Dumping JSON config into /Users/daper01/Documents/OSLo/onboarding/2017-12-18_14-35-13.829762/effective.json
[2017-12-18 14:35:13,865 DEBUG Engine] New artifact filename: /Users/daper01/Documents/OSLo/onboarding/2017-12-18_14-35-13.829762/merged.yml
[2017-12-18 14:35:13,865 DEBUG Engine.Configuration] Dumping YAML config into /Users/daper01/Documents/OSLo/onboarding/2017-12-18_14-35-13.829762/merged.yml
[2017-12-18 14:35:13,867 DEBUG Engine] New artifact filename: /Users/daper01/Documents/OSLo/onboarding/2017-12-18_14-35-13.829762/merged.json
[2017-12-18 14:35:13,868 DEBUG Engine.Configuration] Dumping JSON config into /Users/daper01/Documents/OSLo/onboarding/2017-12-18_14-35-13.829762/merged.json
[2017-12-18 14:35:13,868 DEBUG Engine] Add existing artifact (move=False): sample.yml
[2017-12-18 14:35:13,868 DEBUG Engine] Copying sample.yml to /Users/daper01/Documents/OSLo/onboarding/2017-12-18_14-35-13.829762/sample.yml
[2017-12-18 14:35:13,869 DEBUG root] Closing log handler: /var/folders/vq/xzrdy2lx047cst78f69v8z3xfzqz1q/T/bzt_NNdF2q.log
[2017-12-18 14:35:13,974 DEBUG root] Switched writing logs to /Users/daper01/Documents/OSLo/onboarding/2017-12-18_14-35-13.829762/bzt.log
[2017-12-18 14:35:13,974 INFO Engine] Preparing...
[2017-12-18 14:35:13,975 DEBUG Engine] Module config: consolidator defaultdict(None, {'class': 'bzt.modules.aggregator.ConsolidatingAggregator'})
[2017-12-18 14:35:13,975 DEBUG root] Importing module: bzt.modules.aggregator
[2017-12-18 14:35:13,985 DEBUG root] Loading class: 'ConsolidatingAggregator' from <module 'bzt.modules.aggregator' from '/usr/local/lib/python2.7/site-packages/bzt/modules/aggregator.pyc'>
[2017-12-18 14:35:13,985 DEBUG Engine.consolidator] Exception in dehumanize_time(inf)
[2017-12-18 14:35:13,985 DEBUG Engine.consolidator] Buffer scaling setup: percentile 95.0 from [0.0, 50.0, 90.0, 95.0, 99.0, 99.9, 100.0] selected
[2017-12-18 14:35:13,985 DEBUG Engine] Module config: monitoring defaultdict(None, {'class': 'bzt.modules.monitoring.Monitoring'})
[2017-12-18 14:35:13,985 DEBUG root] Importing module: bzt.modules.monitoring
[2017-12-18 14:35:14,035 DEBUG root] Loading class: 'Monitoring' from <module 'bzt.modules.monitoring' from '/usr/local/lib/python2.7/site-packages/bzt/modules/monitoring.pyc'>
[2017-12-18 14:35:14,036 DEBUG Engine] Module config: local defaultdict(None, {'class': 'bzt.modules.provisioning.Local'})
[2017-12-18 14:35:14,036 DEBUG root] Importing module: bzt.modules.provisioning
[2017-12-18 14:35:14,036 DEBUG root] Loading class: 'Local' from <module 'bzt.modules.provisioning' from '/usr/local/lib/python2.7/site-packages/bzt/modules/provisioning.pyc'>
[2017-12-18 14:35:14,036 DEBUG Engine] Module config: jmeter defaultdict(None, {'properties': defaultdict(None, {'jmeter.save.saveservice.autoflush': 'true', 'summariser.name': '', 'jmeter.save.saveservice.connect_time': 'true', 'mode': 'Stripped', 'jmeterengine.force.system.exit': 'true'}), 'class': 'bzt.modules.jmeter.JMeterExecutor', 'plugins': ['jpgc-casutg', 'jpgc-dummy', 'jpgc-ffw', 'jpgc-fifo', 'jpgc-functions', 'jpgc-json', 'jpgc-perfmon', 'jpgc-prmctl', 'jpgc-tst']})
[2017-12-18 14:35:14,036 DEBUG root] Importing module: bzt.modules.jmeter
[2017-12-18 14:35:14,060 DEBUG root] Loading class: 'JMeterExecutor' from <module 'bzt.modules.jmeter' from '/usr/local/lib/python2.7/site-packages/bzt/modules/jmeter.pyc'>
[2017-12-18 14:35:14,061 DEBUG Engine.local] Preparing executor: jmeter/4408531792
[2017-12-18 14:35:14,061 DEBUG Engine] New artifact filename: /Users/daper01/Documents/OSLo/onboarding/2017-12-18_14-35-13.829762/jmeter.log
[2017-12-18 14:35:14,061 DEBUG Engine.jmeter] Checking if port 4445 is free
[2017-12-18 14:35:14,061 DEBUG Engine.jmeter] Port 4445 is free
[2017-12-18 14:35:14,062 DEBUG Engine.jmeter] Using port 4445 for management
[2017-12-18 14:35:14,062 DEBUG Engine.jmeter.JavaVM] Trying JavaVM: ['java', '-version']
[2017-12-18 14:35:14,209 DEBUG Engine.jmeter.JavaVM] JavaVM output: java version "1.8.0_121"
Java(TM) SE Runtime Environment (build 1.8.0_121-b13)
Java HotSpot(TM) 64-Bit Server VM (build 25.121-b13, mixed mode)

[2017-12-18 14:35:14,209 DEBUG Engine.jmeter.TclLibrary] We don't need to check tcl library on this platform
[2017-12-18 14:35:14,209 DEBUG Engine.jmeter.JMeter] Trying jmeter: /Users/daper01/.bzt/jmeter-taurus/3.3/bin/jmeter.sh
[2017-12-18 14:35:14,210 DEBUG bzt.utils] Executing shell: ['/Users/daper01/.bzt/jmeter-taurus/3.3/bin/jmeter.sh', '-j', '/var/folders/vq/xzrdy2lx047cst78f69v8z3xfzqz1q/T/jmeterYHH2nxlog', '--version']
[2017-12-18 14:35:14,556 DEBUG Engine] Taurus updates info: {"latest":"1.10.3","needsUpgrade":true}
[2017-12-18 14:35:14,557 WARNING Engine] There is newer version of Taurus 1.10.3 available, consider upgrading. What's new: http://gettaurus.org/docs/Changelog/
[2017-12-18 14:35:15,567 DEBUG Engine.jmeter.JMeter] JMeter check:     _    ____   _    ____ _   _ _____       _ __  __ _____ _____ _____ ____     
   / \  |  _ \ / \  / ___| | | | ____|     | |  \/  | ____|_   _| ____|  _ \   
  / _ \ | |_) / _ \| |   | |_| |  _|    _  | | |\/| |  _|   | | |  _| | |_) | 
 / ___ \|  __/ ___ \ |___|  _  | |___  | |_| | |  | | |___  | | | |___|  _ <  
/_/   \_\_| /_/   \_\____|_| |_|_____|  \___/|_|  |_|_____| |_| |_____|_| \_\ 3.3 r1808647  

Copyright (c) 1999-2017 The Apache Software Foundation

 / None
[2017-12-18 14:35:15,568 DEBUG Engine] New artifact filename: /Users/daper01/Documents/OSLo/onboarding/2017-12-18_14-35-13.829762/requests.jmx
[2017-12-18 14:35:15,574 DEBUG JMeterScenarioBuilder] Saving JMX to: /Users/daper01/Documents/OSLo/onboarding/2017-12-18_14-35-13.829762/requests.jmx
[2017-12-18 14:35:15,577 DEBUG bzt.utils] Executing shell: ['/Users/daper01/.bzt/jmeter-taurus/3.3/bin/PluginsManagerCMD.sh', 'install-for-jmx', '/Users/daper01/Documents/OSLo/onboarding/2017-12-18_14-35-13.829762/requests.jmx']
[2017-12-18 14:35:18,252 DEBUG Engine.jmeter.JMeter] Try to detect plugins for /Users/daper01/Documents/OSLo/onboarding/2017-12-18_14-35-13.829762/requests.jmx
14:35:17.156 [main] INFO  org.jmeterplugins.repository.PluginManager - Plugins Status: [jpgc-functions=2.0, jpgc-casutg=2.1, jpgc-dummy=0.2, jpgc-ffw=2.0, jpgc-fifo=0.2, jpgc-json=2.6, jpgc-prmctl=0.3, jpgc-perfmon=2.1, jpgc-plugins-manager=0.16, jpgc-tst=2.1, jmeter-core=3.3, jmeter-ftp=3.3, jmeter-http=3.3, jmeter-jdbc=3.3, jmeter-jms=3.3, jmeter-junit=3.3, jmeter-java=3.3, jmeter-ldap=3.3, jmeter-mail=3.3, jmeter-mongodb=3.3, jmeter-native=3.3, jmeter-tcp=3.3, jmeter-components=3.3]
2017-12-18 14:35:17,156 INFO o.j.r.PluginManager: Plugins Status: [jpgc-functions=2.0, jpgc-casutg=2.1, jpgc-dummy=0.2, jpgc-ffw=2.0, jpgc-fifo=0.2, jpgc-json=2.6, jpgc-prmctl=0.3, jpgc-perfmon=2.1, jpgc-plugins-manager=0.16, jpgc-tst=2.1, jmeter-core=3.3, jmeter-ftp=3.3, jmeter-http=3.3, jmeter-jdbc=3.3, jmeter-jms=3.3, jmeter-junit=3.3, jmeter-java=3.3, jmeter-ldap=3.3, jmeter-mail=3.3, jmeter-mongodb=3.3, jmeter-native=3.3, jmeter-tcp=3.3, jmeter-components=3.3]
14:35:17.546 [main] INFO  org.apache.jmeter.save.SaveService - Testplan (JMX) version: 2.2. Testlog (JTL) version: 2.2
2017-12-18 14:35:17,546 INFO o.a.j.s.SaveService: Testplan (JMX) version: 2.2. Testlog (JTL) version: 2.2
14:35:17.561 [main] INFO  org.apache.jmeter.save.SaveService - Using SaveService properties file encoding UTF-8
2017-12-18 14:35:17,561 INFO o.a.j.s.SaveService: Using SaveService properties file encoding UTF-8
14:35:17.566 [main] INFO  org.apache.jmeter.save.SaveService - Using SaveService properties version 3.2
2017-12-18 14:35:17,566 INFO o.a.j.s.SaveService: Using SaveService properties version 3.2
14:35:17.615 [main] INFO  org.apache.jmeter.protocol.http.control.CacheManager - Will only cache the following methods: [GET]
2017-12-18 14:35:17,615 INFO o.a.j.p.h.c.CacheManager: Will only cache the following methods: [GET]
14:35:17.618 [main] INFO  org.apache.jmeter.protocol.http.control.CookieManager - Settings: Delete null: true Check: true Allow variable: true Save: false Prefix: COOKIE_
2017-12-18 14:35:17,618 INFO o.a.j.p.h.c.CookieManager: Settings: Delete null: true Check: true Allow variable: true Save: false Prefix: COOKIE_
14:35:17.697 [main] INFO  org.jmeterplugins.repository.PluginManager - Restarting JMeter...
2017-12-18 14:35:17,697 INFO o.j.r.PluginManager: Restarting JMeter...
14:35:17.698 [Thread-1] INFO  org.jmeterplugins.repository.PluginManager - Starting JMeter Plugins modifications
2017-12-18 14:35:17,698 INFO o.j.r.PluginManager: Starting JMeter Plugins modifications

ERROR StatusLogger No log4j2 configuration file found. Using default configuration: logging only errors to the console. Set system property 'org.apache.logging.log4j.simplelog.StatusLogger.level' to TRACE to show Log4j2 internal initialization logging.

[2017-12-18 14:35:18,253 DEBUG Engine.jmeter] Load: LoadSpec(concurrency=50, throughput=None, ramp_up=30.0, hold=30.0, iterations=0, duration=60.0, steps=None)
[2017-12-18 14:35:18,263 DEBUG Engine.jmeter.LoadSettingsProcessor.ThreadGroupHandler] Converting ThreadGroup (my_scenario) to ConcurrencyThreadGroup and apply load parameters
[2017-12-18 14:35:18,264 DEBUG Engine] New artifact filename: /Users/daper01/Documents/OSLo/onboarding/2017-12-18_14-35-13.829762/kpi.jtl
[2017-12-18 14:35:18,265 DEBUG Engine] New artifact filename: /Users/daper01/Documents/OSLo/onboarding/2017-12-18_14-35-13.829762/error.jtl
[2017-12-18 14:35:18,266 DEBUG Engine] New artifact filename: /Users/daper01/Documents/OSLo/onboarding/2017-12-18_14-35-13.829762/modified_requests.jmx
[2017-12-18 14:35:18,266 DEBUG JMX] Saving JMX to: /Users/daper01/Documents/OSLo/onboarding/2017-12-18_14-35-13.829762/modified_requests.jmx
[2017-12-18 14:35:18,266 DEBUG Engine.jmeter] Additional properties: defaultdict(None, {'jmeter.save.saveservice.autoflush': 'true', 'jmeter.save.saveservice.connect_time': 'true', 'user.classpath': '/Users/daper01/Documents/OSLo/onboarding/2017-12-18_14-35-13.829762', 'sampleresult.default.encoding': 'UTF-8', 'summariser.name': '', 'jmeterengine.force.system.exit': 'true', 'jmeter.save.saveservice.timestamp_format': 'ms', 'mode': 'Stripped', 'jmeterengine.nongui.maxport': 4445, 'jmeterengine.nongui.port': 4445})
[2017-12-18 14:35:18,267 DEBUG Engine] New artifact filename: /Users/daper01/Documents/OSLo/onboarding/2017-12-18_14-35-13.829762/jmeter-bzt.properties
[2017-12-18 14:35:18,267 DEBUG Engine.jmeter] Additional system properties defaultdict(None, {'sun.net.inetaddr.ttl': 0})
[2017-12-18 14:35:18,267 DEBUG Engine] New artifact filename: /Users/daper01/Documents/OSLo/onboarding/2017-12-18_14-35-13.829762/system.properties
[2017-12-18 14:35:18,267 DEBUG Engine] New artifact filename: /Users/daper01/Documents/OSLo/onboarding/2017-12-18_14-35-13.829762/jmeter.out
[2017-12-18 14:35:18,268 DEBUG Engine] New artifact filename: /Users/daper01/Documents/OSLo/onboarding/2017-12-18_14-35-13.829762/jmeter.err
[2017-12-18 14:35:18,268 DEBUG Engine] Module config: final-stats defaultdict(None, {'class': 'bzt.modules.reporting.FinalStatus'})
[2017-12-18 14:35:18,269 DEBUG root] Importing module: bzt.modules.reporting
[2017-12-18 14:35:18,371 DEBUG easyprocess] version=0.2.3
[2017-12-18 14:35:18,375 DEBUG pyvirtualdisplay] version=0.2.1
[2017-12-18 14:35:18,377 DEBUG root] Loading class: 'FinalStatus' from <module 'bzt.modules.reporting' from '/usr/local/lib/python2.7/site-packages/bzt/modules/reporting.pyc'>
[2017-12-18 14:35:18,377 DEBUG Engine] Module config: console defaultdict(None, {'class': 'bzt.modules.console.ConsoleStatusReporter'})
[2017-12-18 14:35:18,378 DEBUG root] Importing module: bzt.modules.console
[2017-12-18 14:35:18,378 DEBUG root] Loading class: 'ConsoleStatusReporter' from <module 'bzt.modules.console' from '/usr/local/lib/python2.7/site-packages/bzt/modules/console.pyc'>
[2017-12-18 14:35:18,384 DEBUG Engine.Configuration] Dumping YAML config into /Users/daper01/Documents/OSLo/onboarding/2017-12-18_14-35-13.829762/effective.yml
[2017-12-18 14:35:18,410 DEBUG Engine.Configuration] Dumping JSON config into /Users/daper01/Documents/OSLo/onboarding/2017-12-18_14-35-13.829762/effective.json
[2017-12-18 14:35:18,411 INFO Engine] Starting...
[2017-12-18 14:35:18,411 DEBUG Engine] Startup <bzt.modules.monitoring.Monitoring object at 0x106c89610>
[2017-12-18 14:35:18,411 DEBUG Engine] Startup <bzt.modules.aggregator.ConsolidatingAggregator object at 0x106c6cb50>
[2017-12-18 14:35:18,411 DEBUG Engine] Startup <bzt.modules.reporting.FinalStatus object at 0x106c4d750>
[2017-12-18 14:35:18,412 DEBUG Engine] Startup <bzt.modules.console.ConsoleStatusReporter object at 0x107795290>
[2017-12-18 14:35:18,412 INFO Engine.console] Waiting for results...
[2017-12-18 14:35:18,412 DEBUG Engine] Startup <bzt.modules.provisioning.Local object at 0x106c6c190>
[2017-12-18 14:35:18,412 DEBUG Engine.local] Delay setup for jmeter/my_scenario: 0(start-at) + 0(delay) = 0
[2017-12-18 14:35:18,414 DEBUG Engine.Configuration] Dumping YAML config into /Users/daper01/Documents/OSLo/onboarding/2017-12-18_14-35-13.829762/effective.yml
[2017-12-18 14:35:18,451 DEBUG Engine.Configuration] Dumping JSON config into /Users/daper01/Documents/OSLo/onboarding/2017-12-18_14-35-13.829762/effective.json
[2017-12-18 14:35:18,453 DEBUG root] Leveling down log file verbosity, use -v option to have DEBUG messages enabled
[2017-12-18 14:35:18,673 INFO Engine.console] Waiting for finish...
[2017-12-18 14:35:24,465 INFO Engine.jmeter.JTLReader] Changed data analysis delay to 3s
[2017-12-18 14:35:28,473 INFO Engine.jmeter.JTLReader] Changed data analysis delay to 2s
[2017-12-18 14:35:30,473 INFO Engine.jmeter.JTLReader] Changed data analysis delay to 3s
[2017-12-18 14:35:33,474 INFO Engine.jmeter.JTLReader] Changed data analysis delay to 4s
[2017-12-18 14:35:36,475 INFO Engine.jmeter.JTLReader] Changed data analysis delay to 5s
[2017-12-18 14:35:41,482 INFO Engine.jmeter.JTLReader] Changed data analysis delay to 6s
[2017-12-18 14:35:47,493 INFO Engine.jmeter.JTLReader] Changed data analysis delay to 8s
[2017-12-18 14:35:53,509 INFO Engine.jmeter.JTLReader] Changed data analysis delay to 9s
[2017-12-18 14:35:56,510 INFO Engine.jmeter.JTLReader] Changed data analysis delay to 11s
[2017-12-18 14:36:00,514 INFO Engine.jmeter.JTLReader] Changed data analysis delay to 14s
[2017-12-18 14:36:07,520 INFO Engine.jmeter.JTLReader] Changed data analysis delay to 15s
[2017-12-18 14:36:42,565 INFO Engine.jmeter.JTLReader] Changed data analysis delay to 16s
[2017-12-18 14:36:42,841 WARNING Engine] Please wait for graceful shutdown...
[2017-12-18 14:36:42,853 DEBUG root] Leveled up log file verbosity
[2017-12-18 14:36:42,854 INFO Engine] Shutting down...
[2017-12-18 14:36:42,873 DEBUG Engine.local] Shutdown jmeter/my_scenario
[2017-12-18 14:36:42,873 DEBUG Engine.console] Restoring logging streams, [<logging.StreamHandler object at 0x1061a4690>]/{<logging.StreamHandler object at 0x1061a4690>: <open file '<stdout>', mode 'w' at 0x105216150>}
[2017-12-18 14:36:42,881 DEBUG Engine.Configuration] Dumping YAML config into /Users/daper01/Documents/OSLo/onboarding/2017-12-18_14-35-13.829762/effective.yml
[2017-12-18 14:36:42,937 DEBUG Engine.Configuration] Dumping JSON config into /Users/daper01/Documents/OSLo/onboarding/2017-12-18_14-35-13.829762/effective.json
[2017-12-18 14:36:42,939 INFO Engine] Post-processing...
[2017-12-18 14:36:42,939 DEBUG Engine.local] Post-process jmeter/my_scenario
[2017-12-18 14:36:42,939 DEBUG Engine] Add existing artifact (move=True): /Users/daper01/Documents/OSLo/onboarding/2017-12-18_14-35-13.829762/modified_requests.jmx
[2017-12-18 14:36:42,939 DEBUG Engine] No need to copy /Users/daper01/Documents/OSLo/onboarding/2017-12-18_14-35-13.829762/modified_requests.jmx
[2017-12-18 14:36:42,939 DEBUG Engine.jmeter.JTLReader.IncrementalCSVReader] Reading JTL: /Users/daper01/Documents/OSLo/onboarding/2017-12-18_14-35-13.829762/kpi.jtl
[2017-12-18 14:36:42,940 DEBUG Engine.jmeter.JTLReader.IncrementalCSVReader] Read lines: 0 / 0 bytes (at speed 1048576)
[2017-12-18 14:36:42,940 DEBUG Engine.jmeter.JTLReader] Buffer len: 1
[2017-12-18 14:36:42,940 DEBUG Engine.jmeter.JTLReader] Aggregating: 1513636600
[2017-12-18 14:36:42,947 DEBUG Engine.consolidator] Consolidator buffer[3]: [1513636583, 1513636584, 1513636600]
[2017-12-18 14:36:42,947 DEBUG Engine.consolidator] Merging into 1513636583
[2017-12-18 14:36:42,947 DEBUG Engine.consolidator] Merging 1513636583
[2017-12-18 14:36:42,963 DEBUG Engine.consolidator] Processed datapoint: 1513636583/None
[2017-12-18 14:36:42,963 DEBUG Engine.consolidator] Merging into 1513636584
[2017-12-18 14:36:42,963 DEBUG Engine.consolidator] Merging 1513636584
[2017-12-18 14:36:42,980 DEBUG Engine.consolidator] Processed datapoint: 1513636584/None
[2017-12-18 14:36:42,980 DEBUG Engine.consolidator] Merging into 1513636600
[2017-12-18 14:36:42,980 DEBUG Engine.consolidator] Merging 1513636600
[2017-12-18 14:36:42,992 DEBUG Engine.consolidator] Processed datapoint: 1513636600/None
[2017-12-18 14:36:42,992 INFO Engine.final-stats] Test duration: 0:01:24
[2017-12-18 14:36:42,993 INFO Engine.final-stats] Samples count: 652, 0.00% failures
[2017-12-18 14:36:42,993 INFO Engine.final-stats] Average times: total 3.731, latency 0.367, connect 0.000
[2017-12-18 14:36:42,993 INFO Engine.final-stats] Percentile 0.0%: 0.298
[2017-12-18 14:36:42,993 INFO Engine.final-stats] Percentile 50.0%: 2.990
[2017-12-18 14:36:42,994 INFO Engine.final-stats] Percentile 90.0%: 7.036
[2017-12-18 14:36:42,994 INFO Engine.final-stats] Percentile 95.0%: 8.171
[2017-12-18 14:36:42,994 INFO Engine.final-stats] Percentile 99.0%: 10.076
[2017-12-18 14:36:42,994 INFO Engine.final-stats] Percentile 99.9%: 23.306
[2017-12-18 14:36:42,994 INFO Engine.final-stats] Percentile 100.0%: 23.306
[2017-12-18 14:36:42,995 DEBUG Engine.console] No logger_handler or orig_stream was detected
[2017-12-18 14:36:42,998 DEBUG Engine.Configuration] Dumping YAML config into /Users/daper01/Documents/OSLo/onboarding/2017-12-18_14-35-13.829762/effective.yml
[2017-12-18 14:36:43,033 DEBUG Engine.Configuration] Dumping JSON config into /Users/daper01/Documents/OSLo/onboarding/2017-12-18_14-35-13.829762/effective.json
[2017-12-18 14:36:43,035 INFO root] Artifacts dir: /Users/daper01/Documents/OSLo/onboarding/2017-12-18_14-35-13.829762
[2017-12-18 14:36:43,035 INFO root] Done performing with code: 0
[2017-12-18 14:36:43,035 DEBUG root] Closing log handler: /Users/daper01/Documents/OSLo/onboarding/2017-12-18_14-35-13.829762/bzt.log
