2017-12-18 14:35:19,353 INFO o.a.j.u.JMeterUtils: Setting Locale to en_US
2017-12-18 14:35:19,365 INFO o.a.j.JMeter: Loading user properties from: /Users/daper01/.bzt/jmeter-taurus/3.3/bin/user.properties
2017-12-18 14:35:19,365 INFO o.a.j.JMeter: Loading system properties from: /Users/daper01/.bzt/jmeter-taurus/3.3/bin/system.properties
2017-12-18 14:35:19,366 INFO o.a.j.JMeter: Setting System properties from file: /Users/daper01/Documents/OSLo/onboarding/2017-12-18_14-35-13.829762/system.properties
2017-12-18 14:35:19,371 INFO o.a.j.JMeter: Copyright (c) 1998-2017 The Apache Software Foundation
2017-12-18 14:35:19,371 INFO o.a.j.JMeter: Version 3.3 r1808647
2017-12-18 14:35:19,371 INFO o.a.j.JMeter: java.version=1.8.0_121
2017-12-18 14:35:19,372 INFO o.a.j.JMeter: java.vm.name=Java HotSpot(TM) 64-Bit Server VM
2017-12-18 14:35:19,372 INFO o.a.j.JMeter: os.name=Mac OS X
2017-12-18 14:35:19,372 INFO o.a.j.JMeter: os.arch=x86_64
2017-12-18 14:35:19,372 INFO o.a.j.JMeter: os.version=10.13.1
2017-12-18 14:35:19,372 INFO o.a.j.JMeter: file.encoding=UTF-8
2017-12-18 14:35:19,372 INFO o.a.j.JMeter: Max memory     =3817865216
2017-12-18 14:35:19,372 INFO o.a.j.JMeter: Available Processors =4
2017-12-18 14:35:19,375 INFO o.a.j.JMeter: Default Locale=English (United States)
2017-12-18 14:35:19,375 INFO o.a.j.JMeter: JMeter  Locale=English (United States)
2017-12-18 14:35:19,375 INFO o.a.j.JMeter: JMeterHome=/Users/daper01/.bzt/jmeter-taurus/3.3
2017-12-18 14:35:19,375 INFO o.a.j.JMeter: user.dir  =/Users/daper01/Documents/OSLo/onboarding
2017-12-18 14:35:19,375 INFO o.a.j.JMeter: PWD       =/Users/daper01/Documents/OSLo/onboarding
2017-12-18 14:35:19,377 INFO o.a.j.JMeter: IP: 10.137.176.213 Name: daper01mac1124 FullName: daper01mac1124.ca.com
2017-12-18 14:35:19,377 INFO o.a.j.JMeter: user.classpath=/Users/daper01/Documents/OSLo/onboarding/2017-12-18_14-35-13.829762
2017-12-18 14:35:19,378 INFO o.a.j.JMeter: Adding to classpath and loader: /Users/daper01/Documents/OSLo/onboarding/2017-12-18_14-35-13.829762
2017-12-18 14:35:19,381 INFO o.a.j.s.FileServer: Default base='/Users/daper01/Documents/OSLo/onboarding'
2017-12-18 14:35:19,381 INFO o.a.j.s.FileServer: Set new base='/Users/daper01/Documents/OSLo/onboarding/2017-12-18_14-35-13.829762'
2017-12-18 14:35:19,515 INFO o.a.j.s.SaveService: Testplan (JMX) version: 2.2. Testlog (JTL) version: 2.2
2017-12-18 14:35:19,531 INFO o.a.j.s.SaveService: Using SaveService properties file encoding UTF-8
2017-12-18 14:35:19,535 INFO o.a.j.s.SaveService: Using SaveService properties version 3.2
2017-12-18 14:35:19,540 INFO o.a.j.s.SaveService: Loading file: /Users/daper01/Documents/OSLo/onboarding/2017-12-18_14-35-13.829762/modified_requests.jmx
2017-12-18 14:35:19,595 INFO o.a.j.p.h.c.CacheManager: Will only cache the following methods: [GET]
2017-12-18 14:35:19,596 INFO o.a.j.p.h.c.CookieManager: Settings: Delete null: true Check: true Allow variable: true Save: false Prefix: COOKIE_
2017-12-18 14:35:19,612 INFO o.a.j.p.h.s.HTTPSamplerBase: Parser for text/html is org.apache.jmeter.protocol.http.parser.LagartoBasedHtmlParser
2017-12-18 14:35:19,612 INFO o.a.j.p.h.s.HTTPSamplerBase: Parser for application/xhtml+xml is org.apache.jmeter.protocol.http.parser.LagartoBasedHtmlParser
2017-12-18 14:35:19,612 INFO o.a.j.p.h.s.HTTPSamplerBase: Parser for application/xml is org.apache.jmeter.protocol.http.parser.LagartoBasedHtmlParser
2017-12-18 14:35:19,612 INFO o.a.j.p.h.s.HTTPSamplerBase: Parser for text/xml is org.apache.jmeter.protocol.http.parser.LagartoBasedHtmlParser
2017-12-18 14:35:19,612 INFO o.a.j.p.h.s.HTTPSamplerBase: Parser for text/vnd.wap.wml is org.apache.jmeter.protocol.http.parser.RegexpHTMLParser
2017-12-18 14:35:19,612 INFO o.a.j.p.h.s.HTTPSamplerBase: Parser for text/css is org.apache.jmeter.protocol.http.parser.CssParser
2017-12-18 14:35:19,630 INFO o.a.j.e.StandardJMeterEngine: Running the test!
2017-12-18 14:35:19,630 INFO o.a.j.s.SampleEvent: List of sample_variables: []
2017-12-18 14:35:19,631 INFO o.a.j.s.SampleEvent: List of sample_variables: []
2017-12-18 14:35:19,633 INFO o.a.j.e.u.CompoundVariable: Note: Function class names must contain the string: '.functions.'
2017-12-18 14:35:19,634 INFO o.a.j.e.u.CompoundVariable: Note: Function class names must not contain the string: '.gui.'
2017-12-18 14:35:20,079 INFO o.a.j.JMeter: Running test (1513636520079)
2017-12-18 14:35:20,116 INFO o.a.j.e.StandardJMeterEngine: Starting ThreadGroup: 1 : my_scenario
2017-12-18 14:35:20,116 INFO o.a.j.e.StandardJMeterEngine: Starting 50 threads for group my_scenario.
2017-12-18 14:35:20,116 INFO o.a.j.e.StandardJMeterEngine: Thread will continue on error
2017-12-18 14:35:20,119 INFO o.a.j.e.StandardJMeterEngine: All thread groups have been started
2017-12-18 14:35:20,119 INFO c.b.j.t.c.ConcurrencyThreadStarter: Start supplying threads
2017-12-18 14:35:20,424 INFO o.a.j.s.SampleResult: Note: Sample TimeStamps are START times
2017-12-18 14:35:20,424 INFO o.a.j.s.SampleResult: sampleresult.default.encoding is set to UTF-8
2017-12-18 14:35:20,424 INFO o.a.j.s.SampleResult: sampleresult.useNanoTime=true
2017-12-18 14:35:20,424 INFO o.a.j.s.SampleResult: sampleresult.nanoThreadSleep=5000
2017-12-18 14:35:20,424 INFO o.a.j.t.JMeterThread: Thread started: my_scenario 1-1
2017-12-18 14:35:20,446 INFO o.a.j.p.h.s.HTTPHCAbstractImpl: Local host = daper01mac1124
2017-12-18 14:35:20,450 INFO o.a.j.p.h.s.HTTPHC4Impl: HTTP request retry count = 0
2017-12-18 14:35:20,623 INFO o.a.j.p.h.p.BaseParser: Created org.apache.jmeter.protocol.http.parser.LagartoBasedHtmlParser
2017-12-18 14:35:20,711 INFO o.a.j.p.h.s.ResourcesDownloader: Creating ResourcesDownloader with keepalive_inseconds : 60
2017-12-18 14:35:20,806 INFO o.a.j.p.h.s.LazySchemeSocketFactory: Setting up HTTPS TrustAll Socket Factory
2017-12-18 14:35:20,819 INFO o.a.j.u.JsseSSLManager: Using default SSL protocol: TLS
2017-12-18 14:35:20,819 INFO o.a.j.u.JsseSSLManager: SSL session context: per-thread
2017-12-18 14:35:20,946 INFO o.a.j.p.h.p.BaseParser: Created org.apache.jmeter.protocol.http.parser.CssParser
2017-12-18 14:35:20,946 INFO o.a.j.p.h.p.BaseParser: Created org.apache.jmeter.protocol.http.parser.CssParser
2017-12-18 14:35:20,951 INFO o.a.j.p.h.p.BaseParser: Created org.apache.jmeter.protocol.http.parser.CssParser
2017-12-18 14:35:21,034 INFO o.a.j.u.SSLManager: JmeterKeyStore Location:  type JKS
2017-12-18 14:35:21,035 INFO o.a.j.u.SSLManager: KeyStore created OK
2017-12-18 14:35:21,035 WARN o.a.j.u.SSLManager: Keystore file not found, loading empty keystore
2017-12-18 14:35:21,428 INFO o.a.j.t.JMeterThread: Thread started: my_scenario 1-2
2017-12-18 14:35:22,431 INFO o.a.j.t.JMeterThread: Thread started: my_scenario 1-3
2017-12-18 14:35:22,432 INFO o.a.j.t.JMeterThread: Thread started: my_scenario 1-4
2017-12-18 14:35:23,433 INFO o.a.j.t.JMeterThread: Thread started: my_scenario 1-5
2017-12-18 14:35:23,434 INFO o.a.j.t.JMeterThread: Thread started: my_scenario 1-6
2017-12-18 14:35:24,435 INFO o.a.j.t.JMeterThread: Thread started: my_scenario 1-7
2017-12-18 14:35:25,436 INFO o.a.j.t.JMeterThread: Thread started: my_scenario 1-8
2017-12-18 14:35:25,437 INFO o.a.j.t.JMeterThread: Thread started: my_scenario 1-9
2017-12-18 14:35:26,440 INFO o.a.j.t.JMeterThread: Thread started: my_scenario 1-10
2017-12-18 14:35:26,440 INFO o.a.j.t.JMeterThread: Thread started: my_scenario 1-11
2017-12-18 14:35:27,443 INFO o.a.j.t.JMeterThread: Thread started: my_scenario 1-12
2017-12-18 14:35:28,448 INFO o.a.j.t.JMeterThread: Thread started: my_scenario 1-13
2017-12-18 14:35:28,449 INFO o.a.j.t.JMeterThread: Thread started: my_scenario 1-14
2017-12-18 14:35:29,454 INFO o.a.j.t.JMeterThread: Thread started: my_scenario 1-15
2017-12-18 14:35:29,455 INFO o.a.j.t.JMeterThread: Thread started: my_scenario 1-16
2017-12-18 14:35:30,455 INFO o.a.j.t.JMeterThread: Thread started: my_scenario 1-17
2017-12-18 14:35:31,456 INFO o.a.j.t.JMeterThread: Thread started: my_scenario 1-18
2017-12-18 14:35:31,456 INFO o.a.j.t.JMeterThread: Thread started: my_scenario 1-19
2017-12-18 14:35:32,459 INFO o.a.j.t.JMeterThread: Thread started: my_scenario 1-20
2017-12-18 14:35:32,459 INFO o.a.j.t.JMeterThread: Thread started: my_scenario 1-21
2017-12-18 14:35:33,462 INFO o.a.j.t.JMeterThread: Thread started: my_scenario 1-22
2017-12-18 14:35:34,462 INFO o.a.j.t.JMeterThread: Thread started: my_scenario 1-23
2017-12-18 14:35:34,462 INFO o.a.j.t.JMeterThread: Thread started: my_scenario 1-24
2017-12-18 14:35:35,466 INFO o.a.j.t.JMeterThread: Thread started: my_scenario 1-25
2017-12-18 14:35:35,466 INFO o.a.j.t.JMeterThread: Thread started: my_scenario 1-26
2017-12-18 14:35:36,530 INFO o.a.j.t.JMeterThread: Thread started: my_scenario 1-27
2017-12-18 14:35:37,530 INFO o.a.j.t.JMeterThread: Thread started: my_scenario 1-28
2017-12-18 14:35:37,531 INFO o.a.j.t.JMeterThread: Thread started: my_scenario 1-29
2017-12-18 14:35:38,563 INFO o.a.j.t.JMeterThread: Thread started: my_scenario 1-30
2017-12-18 14:35:38,564 INFO o.a.j.t.JMeterThread: Thread started: my_scenario 1-31
2017-12-18 14:35:39,568 INFO o.a.j.t.JMeterThread: Thread started: my_scenario 1-32
2017-12-18 14:35:40,568 INFO o.a.j.t.JMeterThread: Thread started: my_scenario 1-33
2017-12-18 14:35:40,569 INFO o.a.j.t.JMeterThread: Thread started: my_scenario 1-34
2017-12-18 14:35:41,696 INFO o.a.j.t.JMeterThread: Thread started: my_scenario 1-35
2017-12-18 14:35:41,697 INFO o.a.j.t.JMeterThread: Thread started: my_scenario 1-36
2017-12-18 14:35:42,701 INFO o.a.j.t.JMeterThread: Thread started: my_scenario 1-37
2017-12-18 14:35:42,702 INFO o.a.j.t.JMeterThread: Thread started: my_scenario 1-38
2017-12-18 14:35:43,702 INFO o.a.j.t.JMeterThread: Thread started: my_scenario 1-39
2017-12-18 14:35:44,707 INFO o.a.j.t.JMeterThread: Thread started: my_scenario 1-40
2017-12-18 14:35:44,707 INFO o.a.j.t.JMeterThread: Thread started: my_scenario 1-41
2017-12-18 14:35:45,708 INFO o.a.j.t.JMeterThread: Thread started: my_scenario 1-42
2017-12-18 14:35:45,708 INFO o.a.j.t.JMeterThread: Thread started: my_scenario 1-43
2017-12-18 14:35:46,710 INFO o.a.j.t.JMeterThread: Thread started: my_scenario 1-44
2017-12-18 14:35:47,713 INFO o.a.j.t.JMeterThread: Thread started: my_scenario 1-45
2017-12-18 14:35:47,714 INFO o.a.j.t.JMeterThread: Thread started: my_scenario 1-46
2017-12-18 14:35:48,719 INFO o.a.j.t.JMeterThread: Thread started: my_scenario 1-47
2017-12-18 14:35:48,719 INFO o.a.j.t.JMeterThread: Thread started: my_scenario 1-48
2017-12-18 14:35:49,723 INFO o.a.j.t.JMeterThread: Thread started: my_scenario 1-49
2017-12-18 14:35:50,724 INFO o.a.j.t.JMeterThread: Thread started: my_scenario 1-50
2017-12-18 14:36:20,894 INFO c.b.j.t.c.ConcurrencyThreadStarter: Done supplying threads
2017-12-18 14:36:21,042 INFO c.b.j.c.VirtualUserController: Test limit reached, thread is done: my_scenario 1-34
2017-12-18 14:36:21,042 INFO o.a.j.t.JMeterThread: Thread is done: my_scenario 1-34
2017-12-18 14:36:21,043 INFO o.a.j.t.JMeterThread: Thread finished: my_scenario 1-34
2017-12-18 14:36:21,055 INFO c.b.j.c.VirtualUserController: Test limit reached, thread is done: my_scenario 1-8
2017-12-18 14:36:21,055 INFO o.a.j.t.JMeterThread: Thread is done: my_scenario 1-8
2017-12-18 14:36:21,055 INFO o.a.j.t.JMeterThread: Thread finished: my_scenario 1-8
2017-12-18 14:36:21,360 INFO c.b.j.c.VirtualUserController: Test limit reached, thread is done: my_scenario 1-14
2017-12-18 14:36:21,360 INFO o.a.j.t.JMeterThread: Thread is done: my_scenario 1-14
2017-12-18 14:36:21,361 INFO o.a.j.t.JMeterThread: Thread finished: my_scenario 1-14
2017-12-18 14:36:21,419 INFO c.b.j.c.VirtualUserController: Test limit reached, thread is done: my_scenario 1-18
2017-12-18 14:36:21,419 INFO o.a.j.t.JMeterThread: Thread is done: my_scenario 1-18
2017-12-18 14:36:21,419 INFO o.a.j.t.JMeterThread: Thread finished: my_scenario 1-18
2017-12-18 14:36:21,595 INFO c.b.j.c.VirtualUserController: Test limit reached, thread is done: my_scenario 1-13
2017-12-18 14:36:21,595 INFO o.a.j.t.JMeterThread: Thread is done: my_scenario 1-13
2017-12-18 14:36:21,595 INFO o.a.j.t.JMeterThread: Thread finished: my_scenario 1-13
2017-12-18 14:36:21,601 INFO c.b.j.c.VirtualUserController: Test limit reached, thread is done: my_scenario 1-22
2017-12-18 14:36:21,601 INFO o.a.j.t.JMeterThread: Thread is done: my_scenario 1-22
2017-12-18 14:36:21,601 INFO o.a.j.t.JMeterThread: Thread finished: my_scenario 1-22
2017-12-18 14:36:21,818 INFO c.b.j.c.VirtualUserController: Test limit reached, thread is done: my_scenario 1-25
2017-12-18 14:36:21,819 INFO o.a.j.t.JMeterThread: Thread is done: my_scenario 1-25
2017-12-18 14:36:21,819 INFO o.a.j.t.JMeterThread: Thread finished: my_scenario 1-25
2017-12-18 14:36:21,882 INFO c.b.j.c.VirtualUserController: Test limit reached, thread is done: my_scenario 1-3
2017-12-18 14:36:21,882 INFO o.a.j.t.JMeterThread: Thread is done: my_scenario 1-3
2017-12-18 14:36:21,882 INFO o.a.j.t.JMeterThread: Thread finished: my_scenario 1-3
2017-12-18 14:36:22,168 INFO c.b.j.c.VirtualUserController: Test limit reached, thread is done: my_scenario 1-28
2017-12-18 14:36:22,168 INFO o.a.j.t.JMeterThread: Thread is done: my_scenario 1-28
2017-12-18 14:36:22,168 INFO o.a.j.t.JMeterThread: Thread finished: my_scenario 1-28
2017-12-18 14:36:22,235 INFO c.b.j.c.VirtualUserController: Test limit reached, thread is done: my_scenario 1-46
2017-12-18 14:36:22,235 INFO o.a.j.t.JMeterThread: Thread is done: my_scenario 1-46
2017-12-18 14:36:22,235 INFO o.a.j.t.JMeterThread: Thread finished: my_scenario 1-46
2017-12-18 14:36:22,314 INFO c.b.j.c.VirtualUserController: Test limit reached, thread is done: my_scenario 1-4
2017-12-18 14:36:22,314 INFO o.a.j.t.JMeterThread: Thread is done: my_scenario 1-4
2017-12-18 14:36:22,314 INFO o.a.j.t.JMeterThread: Thread finished: my_scenario 1-4
2017-12-18 14:36:22,393 INFO c.b.j.c.VirtualUserController: Test limit reached, thread is done: my_scenario 1-48
2017-12-18 14:36:22,393 INFO o.a.j.t.JMeterThread: Thread is done: my_scenario 1-48
2017-12-18 14:36:22,393 INFO o.a.j.t.JMeterThread: Thread finished: my_scenario 1-48
2017-12-18 14:36:22,483 INFO c.b.j.c.VirtualUserController: Test limit reached, thread is done: my_scenario 1-41
2017-12-18 14:36:22,483 INFO o.a.j.t.JMeterThread: Thread is done: my_scenario 1-41
2017-12-18 14:36:22,483 INFO o.a.j.t.JMeterThread: Thread finished: my_scenario 1-41
2017-12-18 14:36:22,843 INFO c.b.j.c.VirtualUserController: Test limit reached, thread is done: my_scenario 1-50
2017-12-18 14:36:22,843 INFO o.a.j.t.JMeterThread: Thread is done: my_scenario 1-50
2017-12-18 14:36:22,843 INFO o.a.j.t.JMeterThread: Thread finished: my_scenario 1-50
2017-12-18 14:36:22,927 INFO c.b.j.c.VirtualUserController: Test limit reached, thread is done: my_scenario 1-12
2017-12-18 14:36:22,927 INFO o.a.j.t.JMeterThread: Thread is done: my_scenario 1-12
2017-12-18 14:36:22,928 INFO o.a.j.t.JMeterThread: Thread finished: my_scenario 1-12
2017-12-18 14:36:22,966 INFO c.b.j.c.VirtualUserController: Test limit reached, thread is done: my_scenario 1-2
2017-12-18 14:36:22,966 INFO o.a.j.t.JMeterThread: Thread is done: my_scenario 1-2
2017-12-18 14:36:22,966 INFO o.a.j.t.JMeterThread: Thread finished: my_scenario 1-2
2017-12-18 14:36:23,188 INFO c.b.j.c.VirtualUserController: Test limit reached, thread is done: my_scenario 1-17
2017-12-18 14:36:23,188 INFO o.a.j.t.JMeterThread: Thread is done: my_scenario 1-17
2017-12-18 14:36:23,189 INFO o.a.j.t.JMeterThread: Thread finished: my_scenario 1-17
2017-12-18 14:36:23,284 INFO c.b.j.c.VirtualUserController: Test limit reached, thread is done: my_scenario 1-47
2017-12-18 14:36:23,284 INFO o.a.j.t.JMeterThread: Thread is done: my_scenario 1-47
2017-12-18 14:36:23,284 INFO o.a.j.t.JMeterThread: Thread finished: my_scenario 1-47
2017-12-18 14:36:24,187 INFO c.b.j.c.VirtualUserController: Test limit reached, thread is done: my_scenario 1-20
2017-12-18 14:36:24,187 INFO o.a.j.t.JMeterThread: Thread is done: my_scenario 1-20
2017-12-18 14:36:24,188 INFO o.a.j.t.JMeterThread: Thread finished: my_scenario 1-20
2017-12-18 14:36:24,213 INFO c.b.j.c.VirtualUserController: Test limit reached, thread is done: my_scenario 1-29
2017-12-18 14:36:24,213 INFO o.a.j.t.JMeterThread: Thread is done: my_scenario 1-29
2017-12-18 14:36:24,213 INFO c.b.j.c.VirtualUserController: Test limit reached, thread is done: my_scenario 1-23
2017-12-18 14:36:24,213 INFO o.a.j.t.JMeterThread: Thread is done: my_scenario 1-23
2017-12-18 14:36:24,213 INFO o.a.j.t.JMeterThread: Thread finished: my_scenario 1-29
2017-12-18 14:36:24,213 INFO o.a.j.t.JMeterThread: Thread finished: my_scenario 1-23
2017-12-18 14:36:24,216 INFO c.b.j.c.VirtualUserController: Test limit reached, thread is done: my_scenario 1-19
2017-12-18 14:36:24,216 INFO o.a.j.t.JMeterThread: Thread is done: my_scenario 1-19
2017-12-18 14:36:24,217 INFO o.a.j.t.JMeterThread: Thread finished: my_scenario 1-19
2017-12-18 14:36:24,226 INFO c.b.j.c.VirtualUserController: Test limit reached, thread is done: my_scenario 1-42
2017-12-18 14:36:24,226 INFO o.a.j.t.JMeterThread: Thread is done: my_scenario 1-42
2017-12-18 14:36:24,226 INFO o.a.j.t.JMeterThread: Thread finished: my_scenario 1-42
2017-12-18 14:36:24,410 INFO c.b.j.c.VirtualUserController: Test limit reached, thread is done: my_scenario 1-49
2017-12-18 14:36:24,410 INFO o.a.j.t.JMeterThread: Thread is done: my_scenario 1-49
2017-12-18 14:36:24,410 INFO o.a.j.t.JMeterThread: Thread finished: my_scenario 1-49
2017-12-18 14:36:24,442 INFO c.b.j.c.VirtualUserController: Test limit reached, thread is done: my_scenario 1-35
2017-12-18 14:36:24,443 INFO o.a.j.t.JMeterThread: Thread is done: my_scenario 1-35
2017-12-18 14:36:24,443 INFO o.a.j.t.JMeterThread: Thread finished: my_scenario 1-35
2017-12-18 14:36:24,600 INFO c.b.j.c.VirtualUserController: Test limit reached, thread is done: my_scenario 1-32
2017-12-18 14:36:24,600 INFO o.a.j.t.JMeterThread: Thread is done: my_scenario 1-32
2017-12-18 14:36:24,600 INFO o.a.j.t.JMeterThread: Thread finished: my_scenario 1-32
2017-12-18 14:36:24,682 INFO c.b.j.c.VirtualUserController: Test limit reached, thread is done: my_scenario 1-10
2017-12-18 14:36:24,682 INFO o.a.j.t.JMeterThread: Thread is done: my_scenario 1-10
2017-12-18 14:36:24,682 INFO o.a.j.t.JMeterThread: Thread finished: my_scenario 1-10
2017-12-18 14:36:24,725 INFO c.b.j.c.VirtualUserController: Test limit reached, thread is done: my_scenario 1-33
2017-12-18 14:36:24,725 INFO o.a.j.t.JMeterThread: Thread is done: my_scenario 1-33
2017-12-18 14:36:24,725 INFO o.a.j.t.JMeterThread: Thread finished: my_scenario 1-33
2017-12-18 14:36:24,746 INFO c.b.j.c.VirtualUserController: Test limit reached, thread is done: my_scenario 1-39
2017-12-18 14:36:24,746 INFO o.a.j.t.JMeterThread: Thread is done: my_scenario 1-39
2017-12-18 14:36:24,746 INFO o.a.j.t.JMeterThread: Thread finished: my_scenario 1-39
2017-12-18 14:36:24,753 INFO c.b.j.c.VirtualUserController: Test limit reached, thread is done: my_scenario 1-7
2017-12-18 14:36:24,753 INFO o.a.j.t.JMeterThread: Thread is done: my_scenario 1-7
2017-12-18 14:36:24,753 INFO o.a.j.t.JMeterThread: Thread finished: my_scenario 1-7
2017-12-18 14:36:24,768 INFO c.b.j.c.VirtualUserController: Test limit reached, thread is done: my_scenario 1-6
2017-12-18 14:36:24,769 INFO o.a.j.t.JMeterThread: Thread is done: my_scenario 1-6
2017-12-18 14:36:24,769 INFO o.a.j.t.JMeterThread: Thread finished: my_scenario 1-6
2017-12-18 14:36:24,848 INFO c.b.j.c.VirtualUserController: Test limit reached, thread is done: my_scenario 1-11
2017-12-18 14:36:24,848 INFO o.a.j.t.JMeterThread: Thread is done: my_scenario 1-11
2017-12-18 14:36:24,848 INFO o.a.j.t.JMeterThread: Thread finished: my_scenario 1-11
2017-12-18 14:36:25,164 INFO c.b.j.c.VirtualUserController: Test limit reached, thread is done: my_scenario 1-27
2017-12-18 14:36:25,164 INFO o.a.j.t.JMeterThread: Thread is done: my_scenario 1-27
2017-12-18 14:36:25,164 INFO o.a.j.t.JMeterThread: Thread finished: my_scenario 1-27
2017-12-18 14:36:25,180 INFO c.b.j.c.VirtualUserController: Test limit reached, thread is done: my_scenario 1-40
2017-12-18 14:36:25,181 INFO o.a.j.t.JMeterThread: Thread is done: my_scenario 1-40
2017-12-18 14:36:25,181 INFO o.a.j.t.JMeterThread: Thread finished: my_scenario 1-40
2017-12-18 14:36:25,185 INFO c.b.j.c.VirtualUserController: Test limit reached, thread is done: my_scenario 1-36
2017-12-18 14:36:25,185 INFO o.a.j.t.JMeterThread: Thread is done: my_scenario 1-36
2017-12-18 14:36:25,186 INFO o.a.j.t.JMeterThread: Thread finished: my_scenario 1-36
2017-12-18 14:36:25,186 INFO c.b.j.c.VirtualUserController: Test limit reached, thread is done: my_scenario 1-21
2017-12-18 14:36:25,186 INFO o.a.j.t.JMeterThread: Thread is done: my_scenario 1-21
2017-12-18 14:36:25,186 INFO o.a.j.t.JMeterThread: Thread finished: my_scenario 1-21
2017-12-18 14:36:25,289 INFO c.b.j.c.VirtualUserController: Test limit reached, thread is done: my_scenario 1-38
2017-12-18 14:36:25,289 INFO o.a.j.t.JMeterThread: Thread is done: my_scenario 1-38
2017-12-18 14:36:25,289 INFO o.a.j.t.JMeterThread: Thread finished: my_scenario 1-38
2017-12-18 14:36:25,291 INFO c.b.j.c.VirtualUserController: Test limit reached, thread is done: my_scenario 1-24
2017-12-18 14:36:25,291 INFO o.a.j.t.JMeterThread: Thread is done: my_scenario 1-24
2017-12-18 14:36:25,291 INFO o.a.j.t.JMeterThread: Thread finished: my_scenario 1-24
2017-12-18 14:36:25,295 INFO c.b.j.c.VirtualUserController: Test limit reached, thread is done: my_scenario 1-15
2017-12-18 14:36:25,295 INFO o.a.j.t.JMeterThread: Thread is done: my_scenario 1-15
2017-12-18 14:36:25,295 INFO o.a.j.t.JMeterThread: Thread finished: my_scenario 1-15
2017-12-18 14:36:25,304 INFO c.b.j.c.VirtualUserController: Test limit reached, thread is done: my_scenario 1-5
2017-12-18 14:36:25,304 INFO o.a.j.t.JMeterThread: Thread is done: my_scenario 1-5
2017-12-18 14:36:25,304 INFO o.a.j.t.JMeterThread: Thread finished: my_scenario 1-5
2017-12-18 14:36:25,309 INFO c.b.j.c.VirtualUserController: Test limit reached, thread is done: my_scenario 1-26
2017-12-18 14:36:25,309 INFO o.a.j.t.JMeterThread: Thread is done: my_scenario 1-26
2017-12-18 14:36:25,309 INFO o.a.j.t.JMeterThread: Thread finished: my_scenario 1-26
2017-12-18 14:36:25,315 INFO c.b.j.c.VirtualUserController: Test limit reached, thread is done: my_scenario 1-45
2017-12-18 14:36:25,315 INFO o.a.j.t.JMeterThread: Thread is done: my_scenario 1-45
2017-12-18 14:36:25,315 INFO o.a.j.t.JMeterThread: Thread finished: my_scenario 1-45
2017-12-18 14:36:25,322 INFO c.b.j.c.VirtualUserController: Test limit reached, thread is done: my_scenario 1-43
2017-12-18 14:36:25,322 INFO c.b.j.c.VirtualUserController: Test limit reached, thread is done: my_scenario 1-31
2017-12-18 14:36:25,322 INFO o.a.j.t.JMeterThread: Thread is done: my_scenario 1-43
2017-12-18 14:36:25,322 INFO o.a.j.t.JMeterThread: Thread finished: my_scenario 1-43
2017-12-18 14:36:25,322 INFO o.a.j.t.JMeterThread: Thread is done: my_scenario 1-31
2017-12-18 14:36:25,323 INFO o.a.j.t.JMeterThread: Thread finished: my_scenario 1-31
2017-12-18 14:36:25,327 INFO c.b.j.c.VirtualUserController: Test limit reached, thread is done: my_scenario 1-30
2017-12-18 14:36:25,327 INFO o.a.j.t.JMeterThread: Thread is done: my_scenario 1-30
2017-12-18 14:36:25,327 INFO o.a.j.t.JMeterThread: Thread finished: my_scenario 1-30
2017-12-18 14:36:25,328 INFO c.b.j.c.VirtualUserController: Test limit reached, thread is done: my_scenario 1-1
2017-12-18 14:36:25,328 INFO o.a.j.t.JMeterThread: Thread is done: my_scenario 1-1
2017-12-18 14:36:25,329 INFO o.a.j.t.JMeterThread: Thread finished: my_scenario 1-1
2017-12-18 14:36:25,347 INFO c.b.j.c.VirtualUserController: Test limit reached, thread is done: my_scenario 1-16
2017-12-18 14:36:25,347 INFO o.a.j.t.JMeterThread: Thread is done: my_scenario 1-16
2017-12-18 14:36:25,347 INFO o.a.j.t.JMeterThread: Thread finished: my_scenario 1-16
2017-12-18 14:36:25,359 INFO c.b.j.c.VirtualUserController: Test limit reached, thread is done: my_scenario 1-9
2017-12-18 14:36:25,360 INFO o.a.j.t.JMeterThread: Thread is done: my_scenario 1-9
2017-12-18 14:36:25,360 INFO o.a.j.t.JMeterThread: Thread finished: my_scenario 1-9
2017-12-18 14:36:25,391 INFO c.b.j.c.VirtualUserController: Test limit reached, thread is done: my_scenario 1-44
2017-12-18 14:36:25,391 INFO o.a.j.t.JMeterThread: Thread is done: my_scenario 1-44
2017-12-18 14:36:25,392 INFO o.a.j.t.JMeterThread: Thread finished: my_scenario 1-44
2017-12-18 14:36:40,999 INFO c.b.j.c.VirtualUserController: Test limit reached, thread is done: my_scenario 1-37
2017-12-18 14:36:41,000 INFO o.a.j.t.JMeterThread: Thread is done: my_scenario 1-37
2017-12-18 14:36:41,000 INFO o.a.j.t.JMeterThread: Thread finished: my_scenario 1-37
2017-12-18 14:36:41,001 INFO o.a.j.e.StandardJMeterEngine: Notifying test listeners of end of test
2017-12-18 14:36:41,005 INFO o.a.j.e.StandardJMeterEngine: Forced JVM shutdown requested at end of test
