[2017-06-27 13:42:27,787 INFO root] Taurus CLI Tool v1.9.3
[2017-06-27 13:42:27,787 DEBUG root] Command-line options: {'verbose': None, 'no_system_configs': None, 'quiet': None, 'log': '/var/folders/vq/xzrdy2lx047cst78f69v8z3xfzqz1q/T/bzt_8EVweM.log', 'option': None, 'aliases': []}
[2017-06-27 13:42:27,787 DEBUG root] Python: CPython 2.7.13
[2017-06-27 13:42:27,788 DEBUG root] OS: ('Darwin', 'daper01mac1124', '16.4.0', 'Darwin Kernel Version 16.4.0: Thu Dec 22 22:53:21 PST 2016; root:xnu-3789.41.3~3/RELEASE_X86_64', 'x86_64', 'i386')
[2017-06-27 13:42:27,788 INFO root] Starting with configs: ['load_scenario_from_csv.yml', 'execution_jmeter.yml']
[2017-06-27 13:42:27,788 DEBUG root] Using personal config: /Users/daper01/.bzt-rc
[2017-06-27 13:42:27,788 INFO Engine] Configuring...
[2017-06-27 13:42:27,788 DEBUG Engine] Reading extension configs from: /usr/local/etc/bzt.d
[2017-06-27 13:42:27,788 DEBUG Engine.Configuration] Configs: ['/usr/local/lib/python2.7/site-packages/bzt/resources/base-config.yml', '/usr/local/etc/bzt.d/99-installID.yml']
[2017-06-27 13:42:27,789 DEBUG Engine.Configuration] Reading /usr/local/lib/python2.7/site-packages/bzt/resources/base-config.yml as YAML
[2017-06-27 13:42:27,814 DEBUG Engine.Configuration] Reading /usr/local/etc/bzt.d/99-installID.yml as YAML
[2017-06-27 13:42:27,815 DEBUG Engine.Configuration] Configs: ['/Users/daper01/.bzt-rc', 'load_scenario_from_csv.yml', 'execution_jmeter.yml']
[2017-06-27 13:42:27,815 DEBUG Engine.Configuration] Reading /Users/daper01/.bzt-rc as YAML
[2017-06-27 13:42:27,816 DEBUG Engine.Configuration] Reading load_scenario_from_csv.yml as YAML
[2017-06-27 13:42:27,822 DEBUG Engine.Configuration] Reading execution_jmeter.yml as YAML
[2017-06-27 13:42:27,826 DEBUG Engine.Configuration] Configs: ['/Users/daper01/.bzt-rc', 'load_scenario_from_csv.yml', 'execution_jmeter.yml']
[2017-06-27 13:42:27,826 DEBUG Engine.Configuration] Reading /Users/daper01/.bzt-rc as YAML
[2017-06-27 13:42:27,827 DEBUG Engine.Configuration] Reading load_scenario_from_csv.yml as YAML
[2017-06-27 13:42:27,836 DEBUG Engine.Configuration] Reading execution_jmeter.yml as YAML
[2017-06-27 13:42:27,854 DEBUG Engine] Requesting updates info: http://gettaurus.org/updates/?version=1.9.3&installID=784f43782a15
[2017-06-27 13:42:27,861 INFO Engine] Artifacts dir: /Users/daper01/Documents/OSLo/from_scenario/2017-06-27_13-42-27.854589
[2017-06-27 13:42:27,863 DEBUG Engine] New artifact filename: /Users/daper01/Documents/OSLo/from_scenario/2017-06-27_13-42-27.854589/effective
[2017-06-27 13:42:27,865 DEBUG Engine.Configuration] Dumping YAML config into /Users/daper01/Documents/OSLo/from_scenario/2017-06-27_13-42-27.854589/effective.yml
[2017-06-27 13:42:27,899 DEBUG Engine.Configuration] Dumping JSON config into /Users/daper01/Documents/OSLo/from_scenario/2017-06-27_13-42-27.854589/effective.json
[2017-06-27 13:42:27,901 DEBUG Engine] New artifact filename: /Users/daper01/Documents/OSLo/from_scenario/2017-06-27_13-42-27.854589/merged.yml
[2017-06-27 13:42:27,903 DEBUG Engine.Configuration] Dumping YAML config into /Users/daper01/Documents/OSLo/from_scenario/2017-06-27_13-42-27.854589/merged.yml
[2017-06-27 13:42:27,910 DEBUG Engine] New artifact filename: /Users/daper01/Documents/OSLo/from_scenario/2017-06-27_13-42-27.854589/merged.json
[2017-06-27 13:42:27,911 DEBUG Engine.Configuration] Dumping JSON config into /Users/daper01/Documents/OSLo/from_scenario/2017-06-27_13-42-27.854589/merged.json
[2017-06-27 13:42:27,912 DEBUG Engine] Add existing artifact (move=False): load_scenario_from_csv.yml
[2017-06-27 13:42:27,912 DEBUG Engine] Copying load_scenario_from_csv.yml to /Users/daper01/Documents/OSLo/from_scenario/2017-06-27_13-42-27.854589/load_scenario_from_csv.yml
[2017-06-27 13:42:27,913 DEBUG Engine] Add existing artifact (move=False): execution_jmeter.yml
[2017-06-27 13:42:27,913 DEBUG Engine] Copying execution_jmeter.yml to /Users/daper01/Documents/OSLo/from_scenario/2017-06-27_13-42-27.854589/execution_jmeter.yml
[2017-06-27 13:42:27,913 DEBUG root] Closing log handler: /var/folders/vq/xzrdy2lx047cst78f69v8z3xfzqz1q/T/bzt_8EVweM.log
[2017-06-27 13:42:27,914 DEBUG root] Switched writing logs to /Users/daper01/Documents/OSLo/from_scenario/2017-06-27_13-42-27.854589/bzt.log
[2017-06-27 13:42:27,914 INFO Engine] Preparing...
[2017-06-27 13:42:27,914 DEBUG Engine] Module config: consolidator defaultdict(None, {'class': 'bzt.modules.aggregator.ConsolidatingAggregator'})
[2017-06-27 13:42:27,914 DEBUG root] Importing module: bzt.modules.aggregator
[2017-06-27 13:42:27,920 DEBUG root] Loading class: 'ConsolidatingAggregator' from <module 'bzt.modules.aggregator' from '/usr/local/lib/python2.7/site-packages/bzt/modules/aggregator.pyc'>
[2017-06-27 13:42:27,920 DEBUG Engine.consolidator] Exception in dehumanize_time(inf)
[2017-06-27 13:42:27,920 DEBUG Engine.consolidator] Buffer scaling setup: percentile 95.0 from [0.0, 50.0, 90.0, 95.0, 99.0, 99.9, 100.0] selected
[2017-06-27 13:42:27,920 DEBUG Engine] Module config: monitoring defaultdict(None, {'class': 'bzt.modules.monitoring.Monitoring'})
[2017-06-27 13:42:27,920 DEBUG root] Importing module: bzt.modules.monitoring
[2017-06-27 13:42:27,982 DEBUG root] Loading class: 'Monitoring' from <module 'bzt.modules.monitoring' from '/usr/local/lib/python2.7/site-packages/bzt/modules/monitoring.pyc'>
[2017-06-27 13:42:27,982 DEBUG Engine] Module config: local defaultdict(None, {'class': 'bzt.modules.provisioning.Local'})
[2017-06-27 13:42:27,982 DEBUG root] Importing module: bzt.modules.provisioning
[2017-06-27 13:42:27,983 DEBUG root] Loading class: 'Local' from <module 'bzt.modules.provisioning' from '/usr/local/lib/python2.7/site-packages/bzt/modules/provisioning.pyc'>
[2017-06-27 13:42:27,983 DEBUG Engine] Module config: jmeter defaultdict(None, {'properties': defaultdict(None, {'jmeter.save.saveservice.autoflush': 'true', 'summariser.name': '', 'jmeter.save.saveservice.connect_time': 'true', 'mode': 'Stripped', 'jmeterengine.force.system.exit': 'true'}), 'class': 'bzt.modules.jmeter.JMeterExecutor', 'plugins': ['jpgc-casutg', 'jpgc-dummy', 'jpgc-ffw', 'jpgc-fifo', 'jpgc-functions', 'jpgc-json', 'jpgc-perfmon', 'jpgc-prmctl', 'jpgc-tst']})
[2017-06-27 13:42:27,983 DEBUG root] Importing module: bzt.modules.jmeter
[2017-06-27 13:42:27,994 DEBUG root] Loading class: 'JMeterExecutor' from <module 'bzt.modules.jmeter' from '/usr/local/lib/python2.7/site-packages/bzt/modules/jmeter.pyc'>
[2017-06-27 13:42:27,994 DEBUG Engine.local] Preparing executor: jmeter/4523936080
[2017-06-27 13:42:27,994 DEBUG Engine] New artifact filename: /Users/daper01/Documents/OSLo/from_scenario/2017-06-27_13-42-27.854589/jmeter.log
[2017-06-27 13:42:27,995 DEBUG Engine.jmeter] Checking if port 4445 is free
[2017-06-27 13:42:27,996 DEBUG Engine.jmeter] Port 4445 is free
[2017-06-27 13:42:27,997 DEBUG Engine.jmeter] Using port 4445 for management
[2017-06-27 13:42:27,997 DEBUG Engine.jmeter.JavaVM] Trying JavaVM: ['java', '-version']
[2017-06-27 13:42:28,140 DEBUG Engine.jmeter.JavaVM] JavaVM output: java version "1.8.0_121"
Java(TM) SE Runtime Environment (build 1.8.0_121-b13)
Java HotSpot(TM) 64-Bit Server VM (build 25.121-b13, mixed mode)

[2017-06-27 13:42:28,140 DEBUG Engine.jmeter.TclLibrary] We don't need to check tcl library on this platform
[2017-06-27 13:42:28,142 DEBUG Engine.jmeter.JMeter] Trying jmeter: /Users/daper01/.bzt/jmeter-taurus/3.2/bin/jmeter.sh
[2017-06-27 13:42:28,143 DEBUG bzt.utils] Executing shell: ['/Users/daper01/.bzt/jmeter-taurus/3.2/bin/jmeter.sh', '-j', '/var/folders/vq/xzrdy2lx047cst78f69v8z3xfzqz1q/T/jmeterVkJvFclog', '--version']
[2017-06-27 13:42:28,456 DEBUG Engine] Taurus updates info: {"latest":"1.9.3","needsUpgrade":false}
[2017-06-27 13:42:28,456 DEBUG Engine] Installation is up-to-date
[2017-06-27 13:42:29,529 DEBUG Engine.jmeter.JMeter] JMeter check:     _    ____   _    ____ _   _ _____       _ __  __ _____ _____ _____ ____     
   / \  |  _ \ / \  / ___| | | | ____|     | |  \/  | ____|_   _| ____|  _ \   
  / _ \ | |_) / _ \| |   | |_| |  _|    _  | | |\/| |  _|   | | |  _| | |_) | 
 / ___ \|  __/ ___ \ |___|  _  | |___  | |_| | |  | | |___  | | | |___|  _ <  
/_/   \_\_| /_/   \_\____|_| |_|_____|  \___/|_|  |_|_____| |_| |_____|_| \_\ 3.2 r1790748  

Copyright (c) 1999-2017 The Apache Software Foundation

 / None
[2017-06-27 13:42:29,531 DEBUG Engine] New artifact filename: /Users/daper01/Documents/OSLo/from_scenario/2017-06-27_13-42-27.854589/requests.jmx
[2017-06-27 13:42:29,537 DEBUG JMeterScenarioBuilder] Saving JMX to: /Users/daper01/Documents/OSLo/from_scenario/2017-06-27_13-42-27.854589/requests.jmx
[2017-06-27 13:42:29,539 DEBUG Engine.jmeter] Load: LoadSpec(concurrency=50, throughput=None, ramp_up=30.0, hold=120.0, iterations=0, duration=150.0, steps=None)
[2017-06-27 13:42:29,543 DEBUG Engine.jmeter] Original threads: 1.0
[2017-06-27 13:42:29,545 DEBUG Engine] New artifact filename: /Users/daper01/Documents/OSLo/from_scenario/2017-06-27_13-42-27.854589/kpi.jtl
[2017-06-27 13:42:29,546 DEBUG Engine] New artifact filename: /Users/daper01/Documents/OSLo/from_scenario/2017-06-27_13-42-27.854589/error.jtl
[2017-06-27 13:42:29,546 DEBUG Engine] New artifact filename: /Users/daper01/Documents/OSLo/from_scenario/2017-06-27_13-42-27.854589/modified_requests.jmx
[2017-06-27 13:42:29,546 DEBUG JMX] Saving JMX to: /Users/daper01/Documents/OSLo/from_scenario/2017-06-27_13-42-27.854589/modified_requests.jmx
[2017-06-27 13:42:29,547 DEBUG Engine.jmeter] Additional properties: defaultdict(None, {'jmeter.save.saveservice.autoflush': 'true', 'jmeter.save.saveservice.connect_time': 'true', 'user.classpath': '/Users/daper01/Documents/OSLo/from_scenario/2017-06-27_13-42-27.854589', 'sampleresult.default.encoding': 'UTF-8', 'summariser.name': '', 'jmeterengine.force.system.exit': 'true', 'jmeter.save.saveservice.timestamp_format': 'ms', 'mode': 'Stripped', 'jmeterengine.nongui.maxport': 4445, 'jmeterengine.nongui.port': 4445})
[2017-06-27 13:42:29,547 DEBUG Engine] New artifact filename: /Users/daper01/Documents/OSLo/from_scenario/2017-06-27_13-42-27.854589/jmeter-bzt.properties
[2017-06-27 13:42:29,547 DEBUG Engine.jmeter] Additional system properties defaultdict(None, {'sun.net.inetaddr.ttl': 0})
[2017-06-27 13:42:29,548 DEBUG Engine] New artifact filename: /Users/daper01/Documents/OSLo/from_scenario/2017-06-27_13-42-27.854589/system.properties
[2017-06-27 13:42:29,548 DEBUG Engine] New artifact filename: /Users/daper01/Documents/OSLo/from_scenario/2017-06-27_13-42-27.854589/jmeter.out
[2017-06-27 13:42:29,548 DEBUG Engine] New artifact filename: /Users/daper01/Documents/OSLo/from_scenario/2017-06-27_13-42-27.854589/jmeter.err
[2017-06-27 13:42:29,548 DEBUG Engine] Module config: final-stats defaultdict(None, {'class': 'bzt.modules.reporting.FinalStatus'})
[2017-06-27 13:42:29,548 DEBUG root] Importing module: bzt.modules.reporting
[2017-06-27 13:42:29,622 DEBUG easyprocess] version=0.2.3
[2017-06-27 13:42:29,623 DEBUG pyvirtualdisplay] version=0.2.1
[2017-06-27 13:42:29,625 DEBUG root] Loading class: 'FinalStatus' from <module 'bzt.modules.reporting' from '/usr/local/lib/python2.7/site-packages/bzt/modules/reporting.pyc'>
[2017-06-27 13:42:29,625 DEBUG Engine] Module config: console defaultdict(None, {'class': 'bzt.modules.console.ConsoleStatusReporter'})
[2017-06-27 13:42:29,625 DEBUG root] Importing module: bzt.modules.console
[2017-06-27 13:42:29,625 DEBUG root] Loading class: 'ConsoleStatusReporter' from <module 'bzt.modules.console' from '/usr/local/lib/python2.7/site-packages/bzt/modules/console.pyc'>
[2017-06-27 13:42:29,634 DEBUG Engine.Configuration] Dumping YAML config into /Users/daper01/Documents/OSLo/from_scenario/2017-06-27_13-42-27.854589/effective.yml
[2017-06-27 13:42:29,701 DEBUG Engine.Configuration] Dumping JSON config into /Users/daper01/Documents/OSLo/from_scenario/2017-06-27_13-42-27.854589/effective.json
[2017-06-27 13:42:29,704 INFO Engine] Starting...
[2017-06-27 13:42:29,705 DEBUG Engine] Startup <bzt.modules.monitoring.Monitoring object at 0x10d8ae910>
[2017-06-27 13:42:29,705 DEBUG Engine] Startup <bzt.modules.aggregator.ConsolidatingAggregator object at 0x10ce75890>
[2017-06-27 13:42:29,706 DEBUG Engine] Startup <bzt.modules.reporting.FinalStatus object at 0x10d9d9090>
[2017-06-27 13:42:29,706 DEBUG Engine] Startup <bzt.modules.console.ConsoleStatusReporter object at 0x10db6ae10>
[2017-06-27 13:42:29,706 INFO Engine.console] Waiting for results...
[2017-06-27 13:42:29,706 DEBUG Engine] Startup <bzt.modules.reporting.FinalStatus object at 0x10db93110>
[2017-06-27 13:42:29,706 DEBUG Engine] Startup <bzt.modules.provisioning.Local object at 0x10d8952d0>
[2017-06-27 13:42:29,707 DEBUG Engine.local] Delay setup for jmeter/blazedemo: 0(start-at) + 0(delay) = 0
[2017-06-27 13:42:29,710 DEBUG Engine.Configuration] Dumping YAML config into /Users/daper01/Documents/OSLo/from_scenario/2017-06-27_13-42-27.854589/effective.yml
[2017-06-27 13:42:29,778 DEBUG Engine.Configuration] Dumping JSON config into /Users/daper01/Documents/OSLo/from_scenario/2017-06-27_13-42-27.854589/effective.json
[2017-06-27 13:42:29,779 DEBUG root] Leveling down log file verbosity, use -v option to have DEBUG messages enabled
[2017-06-27 13:42:29,998 INFO Engine.console] Waiting for finish...
[2017-06-27 13:42:36,804 INFO Engine.jmeter.JTLReader] Changed data analysis delay to 5s
[2017-06-27 13:42:41,824 INFO Engine.jmeter.JTLReader] Changed data analysis delay to 4s
[2017-06-27 13:42:42,827 INFO Engine.jmeter.JTLReader] Changed data analysis delay to 2s
[2017-06-27 13:42:59,006 WARNING Engine] Please wait for graceful shutdown...
[2017-06-27 13:42:59,014 DEBUG root] Leveled up log file verbosity
[2017-06-27 13:42:59,014 INFO Engine] Shutting down...
[2017-06-27 13:42:59,036 DEBUG Engine.local] Shutdown jmeter/blazedemo
[2017-06-27 13:43:00,041 INFO Engine.jmeter] Sending Shutdown command to JMeter on port 4445...
[2017-06-27 13:43:03,066 DEBUG Engine.jmeter] JMeter stopped on Shutdown command
[2017-06-27 13:43:03,067 DEBUG Engine.console] Restoring logging streams, [<logging.StreamHandler object at 0x10d871150>]/{<logging.StreamHandler object at 0x10d871150>: <open file '<stdout>', mode 'w' at 0x10c2e7150>}
[2017-06-27 13:43:03,071 DEBUG Engine.Configuration] Dumping YAML config into /Users/daper01/Documents/OSLo/from_scenario/2017-06-27_13-42-27.854589/effective.yml
[2017-06-27 13:43:03,132 DEBUG Engine.Configuration] Dumping JSON config into /Users/daper01/Documents/OSLo/from_scenario/2017-06-27_13-42-27.854589/effective.json
[2017-06-27 13:43:03,134 WARNING root] Keyboard interrupt
[2017-06-27 13:43:03,135 DEBUG root] KeyboardInterrupt: 
Traceback (most recent call last):
  File "/usr/local/lib/python2.7/site-packages/bzt/cli.py", line 216, in perform
    self.engine.run()
  File "/usr/local/lib/python2.7/site-packages/bzt/engine.py", line 175, in run
    reraise(exc_info)
  File "/usr/local/lib/python2.7/site-packages/bzt/engine.py", line 157, in run
    self._wait()
  File "/usr/local/lib/python2.7/site-packages/bzt/engine.py", line 200, in _wait
    time.sleep(delay)
KeyboardInterrupt
[2017-06-27 13:43:03,135 INFO Engine] Post-processing...
[2017-06-27 13:43:03,135 DEBUG Engine.local] Post-process jmeter/blazedemo
[2017-06-27 13:43:03,135 DEBUG Engine] Add existing artifact (move=True): /Users/daper01/Documents/OSLo/from_scenario/2017-06-27_13-42-27.854589/modified_requests.jmx
[2017-06-27 13:43:03,135 DEBUG Engine] No need to copy /Users/daper01/Documents/OSLo/from_scenario/2017-06-27_13-42-27.854589/modified_requests.jmx
[2017-06-27 13:43:03,136 DEBUG Engine.jmeter.JTLErrorsReader] Opening /Users/daper01/Documents/OSLo/from_scenario/2017-06-27_13-42-27.854589/error.jtl
[2017-06-27 13:43:03,139 DEBUG Engine.jmeter.JTLReader.IncrementalCSVReader] Reading JTL: /Users/daper01/Documents/OSLo/from_scenario/2017-06-27_13-42-27.854589/kpi.jtl
[2017-06-27 13:43:03,139 DEBUG Engine.jmeter.JTLReader.IncrementalCSVReader] Read lines: 237 / 21206 bytes (at speed 1048576)
[2017-06-27 13:43:03,144 DEBUG Engine.jmeter.JTLReader] Buffer len: 4
[2017-06-27 13:43:03,144 DEBUG Engine.jmeter.JTLReader] Aggregating: 1498596177
[2017-06-27 13:43:03,153 DEBUG Engine.jmeter.JTLReader] Aggregating: 1498596178
[2017-06-27 13:43:03,164 DEBUG Engine.jmeter.JTLReader] Aggregating: 1498596179
[2017-06-27 13:43:03,184 DEBUG Engine.jmeter.JTLReader] Aggregating: 1498596180
[2017-06-27 13:43:03,203 DEBUG Engine.consolidator] Consolidator buffer[6]: [1498596176, 1498596177, 1498596178, 1498596179, 1498596180, 1498596175]
[2017-06-27 13:43:03,203 DEBUG Engine.consolidator] Merging into 1498596175
[2017-06-27 13:43:03,203 DEBUG Engine.consolidator] Merging 1498596175
[2017-06-27 13:43:03,222 DEBUG Engine.consolidator] Processed datapoint: 1498596175/None
[2017-06-27 13:43:03,223 DEBUG Engine.consolidator] Merging into 1498596176
[2017-06-27 13:43:03,223 DEBUG Engine.consolidator] Merging 1498596176
[2017-06-27 13:43:03,319 DEBUG Engine.consolidator] Processed datapoint: 1498596176/None
[2017-06-27 13:43:03,319 DEBUG Engine.consolidator] Merging into 1498596177
[2017-06-27 13:43:03,320 DEBUG Engine.consolidator] Merging 1498596177
[2017-06-27 13:43:03,426 DEBUG Engine.consolidator] Processed datapoint: 1498596177/None
[2017-06-27 13:43:03,426 DEBUG Engine.consolidator] Merging into 1498596178
[2017-06-27 13:43:03,426 DEBUG Engine.consolidator] Merging 1498596178
[2017-06-27 13:43:03,499 DEBUG Engine.consolidator] Processed datapoint: 1498596178/None
[2017-06-27 13:43:03,499 DEBUG Engine.consolidator] Merging into 1498596179
[2017-06-27 13:43:03,499 DEBUG Engine.consolidator] Merging 1498596179
[2017-06-27 13:43:03,585 DEBUG Engine.consolidator] Processed datapoint: 1498596179/None
[2017-06-27 13:43:03,585 DEBUG Engine.consolidator] Merging into 1498596180
[2017-06-27 13:43:03,585 DEBUG Engine.consolidator] Merging 1498596180
[2017-06-27 13:43:03,607 DEBUG Engine.consolidator] Processed datapoint: 1498596180/None
[2017-06-27 13:43:03,607 INFO Engine.final-stats] Test duration: 0:00:34
[2017-06-27 13:43:03,608 INFO Engine.final-stats] Samples count: 2402, 0.00% failures
[2017-06-27 13:43:03,609 INFO Engine.final-stats] Average times: total 0.272, latency 0.227, connect 0.000
[2017-06-27 13:43:03,609 INFO Engine.final-stats] Percentile 0.0%: 0.171
[2017-06-27 13:43:03,609 INFO Engine.final-stats] Percentile 50.0%: 0.196
[2017-06-27 13:43:03,609 INFO Engine.final-stats] Percentile 90.0%: 0.376
[2017-06-27 13:43:03,609 INFO Engine.final-stats] Percentile 95.0%: 0.527
[2017-06-27 13:43:03,610 INFO Engine.final-stats] Percentile 99.0%: 1.074
[2017-06-27 13:43:03,610 INFO Engine.final-stats] Percentile 99.9%: 2.361
[2017-06-27 13:43:03,610 INFO Engine.final-stats] Percentile 100.0%: 2.687
[2017-06-27 13:43:03,610 DEBUG Engine.console] No logger_handler or orig_stream was detected
[2017-06-27 13:43:03,610 INFO Engine.final-stats] Test duration: 0:00:34
[2017-06-27 13:43:03,610 INFO Engine.final-stats] Samples count: 2402, 0.00% failures
[2017-06-27 13:43:03,610 INFO Engine.final-stats] Average times: total 0.272, latency 0.227, connect 0.000
[2017-06-27 13:43:03,611 INFO Engine.final-stats] Percentile 0.0%: 0.171
[2017-06-27 13:43:03,611 INFO Engine.final-stats] Percentile 50.0%: 0.196
[2017-06-27 13:43:03,613 INFO Engine.final-stats] Percentile 90.0%: 0.376
[2017-06-27 13:43:03,613 INFO Engine.final-stats] Percentile 95.0%: 0.527
[2017-06-27 13:43:03,613 INFO Engine.final-stats] Percentile 99.0%: 1.074
[2017-06-27 13:43:03,613 INFO Engine.final-stats] Percentile 99.9%: 2.361
[2017-06-27 13:43:03,613 INFO Engine.final-stats] Percentile 100.0%: 2.687
[2017-06-27 13:43:03,613 INFO Engine.final-stats] Dumping final status as XML: stats.xml
[2017-06-27 13:43:03,624 DEBUG Engine.Configuration] Dumping YAML config into /Users/daper01/Documents/OSLo/from_scenario/2017-06-27_13-42-27.854589/effective.yml
[2017-06-27 13:43:03,738 DEBUG Engine.Configuration] Dumping JSON config into /Users/daper01/Documents/OSLo/from_scenario/2017-06-27_13-42-27.854589/effective.json
[2017-06-27 13:43:03,740 INFO root] Artifacts dir: /Users/daper01/Documents/OSLo/from_scenario/2017-06-27_13-42-27.854589
[2017-06-27 13:43:03,742 WARNING root] Done performing with code: 1
[2017-06-27 13:43:03,742 DEBUG root] Closing log handler: /Users/daper01/Documents/OSLo/from_scenario/2017-06-27_13-42-27.854589/bzt.log
