2017-06-27 13:42:31,117 INFO o.a.j.u.JMeterUtils: Setting Locale to en_US
2017-06-27 13:42:31,133 INFO o.a.j.JMeter: Loading user properties from: /Users/daper01/.bzt/jmeter-taurus/3.2/bin/user.properties
2017-06-27 13:42:31,133 INFO o.a.j.JMeter: Loading system properties from: /Users/daper01/.bzt/jmeter-taurus/3.2/bin/system.properties
2017-06-27 13:42:31,134 INFO o.a.j.JMeter: Setting System properties from file: /Users/daper01/Documents/OSLo/from_scenario/2017-06-27_13-42-27.854589/system.properties
2017-06-27 13:42:31,139 INFO o.a.j.JMeter: Copyright (c) 1998-2017 The Apache Software Foundation
2017-06-27 13:42:31,139 INFO o.a.j.JMeter: Version 3.2 r1790748
2017-06-27 13:42:31,139 INFO o.a.j.JMeter: java.version=1.8.0_121
2017-06-27 13:42:31,139 INFO o.a.j.JMeter: java.vm.name=Java HotSpot(TM) 64-Bit Server VM
2017-06-27 13:42:31,139 INFO o.a.j.JMeter: os.name=Mac OS X
2017-06-27 13:42:31,139 INFO o.a.j.JMeter: os.arch=x86_64
2017-06-27 13:42:31,139 INFO o.a.j.JMeter: os.version=10.12.3
2017-06-27 13:42:31,140 INFO o.a.j.JMeter: file.encoding=UTF-8
2017-06-27 13:42:31,140 INFO o.a.j.JMeter: Max memory     =3817865216
2017-06-27 13:42:31,140 INFO o.a.j.JMeter: Available Processors =4
2017-06-27 13:42:31,147 INFO o.a.j.JMeter: Default Locale=English (United States)
2017-06-27 13:42:31,147 INFO o.a.j.JMeter: JMeter  Locale=English (United States)
2017-06-27 13:42:31,147 INFO o.a.j.JMeter: JMeterHome=/Users/daper01/.bzt/jmeter-taurus/3.2
2017-06-27 13:42:31,147 INFO o.a.j.JMeter: user.dir  =/Users/daper01/Documents/OSLo/from_scenario
2017-06-27 13:42:31,148 INFO o.a.j.JMeter: PWD       =/Users/daper01/Documents/OSLo/from_scenario
2017-06-27 13:42:31,150 INFO o.a.j.JMeter: IP: 192.168.1.77 Name: daper01mac1124 FullName: daper01mac1124
2017-06-27 13:42:31,150 INFO o.a.j.JMeter: user.classpath=/Users/daper01/Documents/OSLo/from_scenario/2017-06-27_13-42-27.854589
2017-06-27 13:42:31,151 INFO o.a.j.JMeter: Adding to classpath and loader: /Users/daper01/Documents/OSLo/from_scenario/2017-06-27_13-42-27.854589
2017-06-27 13:42:31,157 INFO o.a.j.s.FileServer: Default base='/Users/daper01/Documents/OSLo/from_scenario'
2017-06-27 13:42:31,158 INFO o.a.j.s.FileServer: Set new base='/Users/daper01/Documents/OSLo/from_scenario/2017-06-27_13-42-27.854589'
2017-06-27 13:42:31,323 INFO o.a.j.s.SaveService: Testplan (JMX) version: 2.2. Testlog (JTL) version: 2.2
2017-06-27 13:42:31,336 INFO o.a.j.s.SaveService: Using SaveService properties file encoding UTF-8
2017-06-27 13:42:31,347 INFO o.a.j.s.SaveService: Using SaveService properties version 3.2
2017-06-27 13:42:31,353 INFO o.a.j.s.SaveService: Loading file: /Users/daper01/Documents/OSLo/from_scenario/2017-06-27_13-42-27.854589/modified_requests.jmx
2017-06-27 13:42:31,401 INFO o.a.j.p.h.c.CacheManager: Will only cache the following methods: [GET]
2017-06-27 13:42:31,403 INFO o.a.j.p.h.c.CookieManager: Settings: Delete null: true Check: true Allow variable: true Save: false Prefix: COOKIE_
2017-06-27 13:42:31,427 INFO o.a.j.p.h.s.HTTPSamplerBase: Parser for text/html is org.apache.jmeter.protocol.http.parser.LagartoBasedHtmlParser
2017-06-27 13:42:31,427 INFO o.a.j.p.h.s.HTTPSamplerBase: Parser for application/xhtml+xml is org.apache.jmeter.protocol.http.parser.LagartoBasedHtmlParser
2017-06-27 13:42:31,427 INFO o.a.j.p.h.s.HTTPSamplerBase: Parser for application/xml is org.apache.jmeter.protocol.http.parser.LagartoBasedHtmlParser
2017-06-27 13:42:31,428 INFO o.a.j.p.h.s.HTTPSamplerBase: Parser for text/xml is org.apache.jmeter.protocol.http.parser.LagartoBasedHtmlParser
2017-06-27 13:42:31,428 INFO o.a.j.p.h.s.HTTPSamplerBase: Parser for text/vnd.wap.wml is org.apache.jmeter.protocol.http.parser.RegexpHTMLParser
2017-06-27 13:42:31,428 INFO o.a.j.p.h.s.HTTPSamplerBase: Parser for text/css is org.apache.jmeter.protocol.http.parser.CssParser
2017-06-27 13:42:31,483 INFO o.a.j.e.StandardJMeterEngine: Running the test!
2017-06-27 13:42:31,483 INFO o.a.j.s.SampleEvent: List of sample_variables: []
2017-06-27 13:42:31,484 INFO o.a.j.s.SampleEvent: List of sample_variables: []
2017-06-27 13:42:31,488 INFO o.a.j.e.u.CompoundVariable: Note: Function class names must contain the string: '.functions.'
2017-06-27 13:42:31,488 INFO o.a.j.e.u.CompoundVariable: Note: Function class names must not contain the string: '.gui.'
2017-06-27 13:42:32,015 INFO o.a.j.JMeter: Running test (1498596152015)
2017-06-27 13:42:32,085 INFO o.a.j.e.StandardJMeterEngine: Starting ThreadGroup: 1 : blazedemo
2017-06-27 13:42:32,085 INFO o.a.j.e.StandardJMeterEngine: Starting 50 threads for group blazedemo.
2017-06-27 13:42:32,085 INFO o.a.j.e.StandardJMeterEngine: Thread will continue on error
2017-06-27 13:42:32,085 INFO o.a.j.t.ThreadGroup: Starting thread group... number=1 threads=50 ramp-up=30 perThread=600.0 delayedStart=false
2017-06-27 13:42:32,339 INFO o.a.j.t.ThreadGroup: Started thread group number 1
2017-06-27 13:42:32,339 INFO o.a.j.e.StandardJMeterEngine: All thread groups have been started
2017-06-27 13:42:32,502 INFO o.a.j.t.JMeterThread: Thread started: blazedemo 1-1
2017-06-27 13:42:32,504 INFO o.a.j.s.FileServer: Stored: /Users/daper01/Documents/OSLo/from_scenario/param.csv
2017-06-27 13:42:32,536 INFO o.a.j.p.h.s.HTTPHCAbstractImpl: Local host = daper01mac1124
2017-06-27 13:42:32,541 INFO o.a.j.p.h.s.HTTPHC4Impl: HTTP request retry count = 0
2017-06-27 13:42:32,550 INFO o.a.j.s.SampleResult: Note: Sample TimeStamps are START times
2017-06-27 13:42:32,550 INFO o.a.j.s.SampleResult: sampleresult.default.encoding is set to UTF-8
2017-06-27 13:42:32,550 INFO o.a.j.s.SampleResult: sampleresult.useNanoTime=true
2017-06-27 13:42:32,550 INFO o.a.j.s.SampleResult: sampleresult.nanoThreadSleep=5000
2017-06-27 13:42:33,108 INFO o.a.j.t.JMeterThread: Thread started: blazedemo 1-2
2017-06-27 13:42:33,710 INFO o.a.j.t.JMeterThread: Thread started: blazedemo 1-3
2017-06-27 13:42:34,310 INFO o.a.j.t.JMeterThread: Thread started: blazedemo 1-4
2017-06-27 13:42:34,915 INFO o.a.j.t.JMeterThread: Thread started: blazedemo 1-5
2017-06-27 13:42:35,510 INFO o.a.j.t.JMeterThread: Thread started: blazedemo 1-6
2017-06-27 13:42:36,112 INFO o.a.j.t.JMeterThread: Thread started: blazedemo 1-7
2017-06-27 13:42:36,711 INFO o.a.j.t.JMeterThread: Thread started: blazedemo 1-8
2017-06-27 13:42:37,311 INFO o.a.j.t.JMeterThread: Thread started: blazedemo 1-9
2017-06-27 13:42:37,910 INFO o.a.j.t.JMeterThread: Thread started: blazedemo 1-10
2017-06-27 13:42:38,505 INFO o.a.j.t.JMeterThread: Thread started: blazedemo 1-11
2017-06-27 13:42:39,112 INFO o.a.j.t.JMeterThread: Thread started: blazedemo 1-12
2017-06-27 13:42:39,712 INFO o.a.j.t.JMeterThread: Thread started: blazedemo 1-13
2017-06-27 13:42:40,310 INFO o.a.j.t.JMeterThread: Thread started: blazedemo 1-14
2017-06-27 13:42:40,913 INFO o.a.j.t.JMeterThread: Thread started: blazedemo 1-15
2017-06-27 13:42:41,510 INFO o.a.j.t.JMeterThread: Thread started: blazedemo 1-16
2017-06-27 13:42:42,106 INFO o.a.j.t.JMeterThread: Thread started: blazedemo 1-17
2017-06-27 13:42:42,710 INFO o.a.j.t.JMeterThread: Thread started: blazedemo 1-18
2017-06-27 13:42:43,313 INFO o.a.j.t.JMeterThread: Thread started: blazedemo 1-19
2017-06-27 13:42:43,910 INFO o.a.j.t.JMeterThread: Thread started: blazedemo 1-20
2017-06-27 13:42:44,512 INFO o.a.j.t.JMeterThread: Thread started: blazedemo 1-21
2017-06-27 13:42:45,110 INFO o.a.j.t.JMeterThread: Thread started: blazedemo 1-22
2017-06-27 13:42:45,710 INFO o.a.j.t.JMeterThread: Thread started: blazedemo 1-23
2017-06-27 13:42:46,310 INFO o.a.j.t.JMeterThread: Thread started: blazedemo 1-24
2017-06-27 13:42:46,905 INFO o.a.j.t.JMeterThread: Thread started: blazedemo 1-25
2017-06-27 13:42:47,505 INFO o.a.j.t.JMeterThread: Thread started: blazedemo 1-26
2017-06-27 13:42:48,105 INFO o.a.j.t.JMeterThread: Thread started: blazedemo 1-27
2017-06-27 13:42:48,704 INFO o.a.j.t.JMeterThread: Thread started: blazedemo 1-28
2017-06-27 13:42:49,307 INFO o.a.j.t.JMeterThread: Thread started: blazedemo 1-29
2017-06-27 13:42:49,902 INFO o.a.j.t.JMeterThread: Thread started: blazedemo 1-30
2017-06-27 13:42:50,508 INFO o.a.j.t.JMeterThread: Thread started: blazedemo 1-31
2017-06-27 13:42:51,105 INFO o.a.j.t.JMeterThread: Thread started: blazedemo 1-32
2017-06-27 13:42:51,707 INFO o.a.j.t.JMeterThread: Thread started: blazedemo 1-33
2017-06-27 13:42:52,306 INFO o.a.j.t.JMeterThread: Thread started: blazedemo 1-34
2017-06-27 13:42:52,907 INFO o.a.j.t.JMeterThread: Thread started: blazedemo 1-35
2017-06-27 13:42:53,508 INFO o.a.j.t.JMeterThread: Thread started: blazedemo 1-36
2017-06-27 13:42:54,107 INFO o.a.j.t.JMeterThread: Thread started: blazedemo 1-37
2017-06-27 13:42:54,707 INFO o.a.j.t.JMeterThread: Thread started: blazedemo 1-38
2017-06-27 13:42:55,307 INFO o.a.j.t.JMeterThread: Thread started: blazedemo 1-39
2017-06-27 13:42:55,906 INFO o.a.j.t.JMeterThread: Thread started: blazedemo 1-40
2017-06-27 13:42:56,508 INFO o.a.j.t.JMeterThread: Thread started: blazedemo 1-41
2017-06-27 13:42:57,110 INFO o.a.j.t.JMeterThread: Thread started: blazedemo 1-42
2017-06-27 13:42:57,710 INFO o.a.j.t.JMeterThread: Thread started: blazedemo 1-43
2017-06-27 13:42:58,310 INFO o.a.j.t.JMeterThread: Thread started: blazedemo 1-44
2017-06-27 13:42:58,910 INFO o.a.j.t.JMeterThread: Thread started: blazedemo 1-45
2017-06-27 13:42:59,510 INFO o.a.j.t.JMeterThread: Thread started: blazedemo 1-46
2017-06-27 13:43:00,055 INFO o.a.j.JMeter: Command: Shutdown received from /127.0.0.1
2017-06-27 13:43:00,056 INFO o.a.j.t.JMeterThread: Stopping: blazedemo 1-41
2017-06-27 13:43:00,057 INFO o.a.j.t.JMeterThread: Stopping: blazedemo 1-27
2017-06-27 13:43:00,057 INFO o.a.j.t.JMeterThread: Stopping: blazedemo 1-32
2017-06-27 13:43:00,057 INFO o.a.j.t.JMeterThread: Stopping: blazedemo 1-4
2017-06-27 13:43:00,057 INFO o.a.j.t.JMeterThread: Stopping: blazedemo 1-16
2017-06-27 13:43:00,057 INFO o.a.j.t.JMeterThread: Stopping: blazedemo 1-46
2017-06-27 13:43:00,057 INFO o.a.j.t.JMeterThread: Stopping: blazedemo 1-49
2017-06-27 13:43:00,057 INFO o.a.j.t.JMeterThread: Stopping: blazedemo 1-11
2017-06-27 13:43:00,057 INFO o.a.j.t.JMeterThread: Stopping: blazedemo 1-19
2017-06-27 13:43:00,057 INFO o.a.j.t.JMeterThread: Stopping: blazedemo 1-25
2017-06-27 13:43:00,057 INFO o.a.j.t.JMeterThread: Stopping: blazedemo 1-22
2017-06-27 13:43:00,057 INFO o.a.j.t.JMeterThread: Stopping: blazedemo 1-14
2017-06-27 13:43:00,057 INFO o.a.j.t.JMeterThread: Stopping: blazedemo 1-2
2017-06-27 13:43:00,057 INFO o.a.j.t.JMeterThread: Stopping: blazedemo 1-3
2017-06-27 13:43:00,057 INFO o.a.j.t.JMeterThread: Stopping: blazedemo 1-24
2017-06-27 13:43:00,057 INFO o.a.j.t.JMeterThread: Stopping: blazedemo 1-48
2017-06-27 13:43:00,057 INFO o.a.j.t.JMeterThread: Stopping: blazedemo 1-6
2017-06-27 13:43:00,058 INFO o.a.j.t.JMeterThread: Stopping: blazedemo 1-30
2017-06-27 13:43:00,058 INFO o.a.j.t.JMeterThread: Stopping: blazedemo 1-23
2017-06-27 13:43:00,058 INFO o.a.j.t.JMeterThread: Stopping: blazedemo 1-35
2017-06-27 13:43:00,058 INFO o.a.j.t.JMeterThread: Stopping: blazedemo 1-13
2017-06-27 13:43:00,058 INFO o.a.j.t.JMeterThread: Stopping: blazedemo 1-7
2017-06-27 13:43:00,058 INFO o.a.j.t.JMeterThread: Stopping: blazedemo 1-39
2017-06-27 13:43:00,058 INFO o.a.j.t.JMeterThread: Stopping: blazedemo 1-28
2017-06-27 13:43:00,058 INFO o.a.j.t.JMeterThread: Stopping: blazedemo 1-47
2017-06-27 13:43:00,058 INFO o.a.j.t.JMeterThread: Stopping: blazedemo 1-17
2017-06-27 13:43:00,058 INFO o.a.j.t.JMeterThread: Stopping: blazedemo 1-21
2017-06-27 13:43:00,058 INFO o.a.j.t.JMeterThread: Stopping: blazedemo 1-29
2017-06-27 13:43:00,058 INFO o.a.j.t.JMeterThread: Stopping: blazedemo 1-37
2017-06-27 13:43:00,059 INFO o.a.j.t.JMeterThread: Stopping: blazedemo 1-43
2017-06-27 13:43:00,059 INFO o.a.j.t.JMeterThread: Stopping: blazedemo 1-18
2017-06-27 13:43:00,059 INFO o.a.j.t.JMeterThread: Stopping: blazedemo 1-9
2017-06-27 13:43:00,059 INFO o.a.j.t.JMeterThread: Stopping: blazedemo 1-36
2017-06-27 13:43:00,059 INFO o.a.j.t.JMeterThread: Stopping: blazedemo 1-42
2017-06-27 13:43:00,059 INFO o.a.j.t.JMeterThread: Stopping: blazedemo 1-26
2017-06-27 13:43:00,060 INFO o.a.j.t.JMeterThread: Stopping: blazedemo 1-10
2017-06-27 13:43:00,060 INFO o.a.j.t.JMeterThread: Stopping: blazedemo 1-44
2017-06-27 13:43:00,060 INFO o.a.j.t.JMeterThread: Stopping: blazedemo 1-45
2017-06-27 13:43:00,060 INFO o.a.j.t.JMeterThread: Stopping: blazedemo 1-20
2017-06-27 13:43:00,060 INFO o.a.j.t.JMeterThread: Stopping: blazedemo 1-50
2017-06-27 13:43:00,060 INFO o.a.j.t.JMeterThread: Stopping: blazedemo 1-15
2017-06-27 13:43:00,060 INFO o.a.j.t.JMeterThread: Stopping: blazedemo 1-40
2017-06-27 13:43:00,060 INFO o.a.j.t.JMeterThread: Stopping: blazedemo 1-8
2017-06-27 13:43:00,060 INFO o.a.j.t.JMeterThread: Stopping: blazedemo 1-1
2017-06-27 13:43:00,061 INFO o.a.j.t.JMeterThread: Stopping: blazedemo 1-38
2017-06-27 13:43:00,061 INFO o.a.j.t.JMeterThread: Stopping: blazedemo 1-5
2017-06-27 13:43:00,061 INFO o.a.j.t.JMeterThread: Stopping: blazedemo 1-31
2017-06-27 13:43:00,061 INFO o.a.j.t.JMeterThread: Stopping: blazedemo 1-34
2017-06-27 13:43:00,061 INFO o.a.j.t.JMeterThread: Stopping: blazedemo 1-33
2017-06-27 13:43:00,061 INFO o.a.j.t.JMeterThread: Stopping: blazedemo 1-12
2017-06-27 13:43:00,078 INFO o.a.j.t.JMeterThread: Thread finished: blazedemo 1-40
2017-06-27 13:43:00,080 INFO o.a.j.t.JMeterThread: Thread finished: blazedemo 1-45
2017-06-27 13:43:00,080 INFO o.a.j.t.JMeterThread: Thread finished: blazedemo 1-32
2017-06-27 13:43:00,084 INFO o.a.j.t.JMeterThread: Thread finished: blazedemo 1-30
2017-06-27 13:43:00,084 INFO o.a.j.t.JMeterThread: Thread finished: blazedemo 1-46
2017-06-27 13:43:00,086 INFO o.a.j.t.JMeterThread: Thread finished: blazedemo 1-27
2017-06-27 13:43:00,086 INFO o.a.j.t.JMeterThread: Thread finished: blazedemo 1-9
2017-06-27 13:43:00,088 INFO o.a.j.t.JMeterThread: Thread finished: blazedemo 1-23
2017-06-27 13:43:00,089 INFO o.a.j.t.JMeterThread: Thread finished: blazedemo 1-31
2017-06-27 13:43:00,097 INFO o.a.j.t.JMeterThread: Thread finished: blazedemo 1-5
2017-06-27 13:43:00,097 INFO o.a.j.t.JMeterThread: Thread finished: blazedemo 1-41
2017-06-27 13:43:00,098 INFO o.a.j.t.JMeterThread: Thread finished: blazedemo 1-36
2017-06-27 13:43:00,098 INFO o.a.j.t.JMeterThread: Thread finished: blazedemo 1-16
2017-06-27 13:43:00,098 INFO o.a.j.t.JMeterThread: Thread finished: blazedemo 1-21
2017-06-27 13:43:00,098 INFO o.a.j.t.JMeterThread: Thread finished: blazedemo 1-10
2017-06-27 13:43:00,098 INFO o.a.j.t.JMeterThread: Thread finished: blazedemo 1-8
2017-06-27 13:43:00,099 INFO o.a.j.t.JMeterThread: Thread finished: blazedemo 1-26
2017-06-27 13:43:00,098 INFO o.a.j.t.JMeterThread: Thread finished: blazedemo 1-34
2017-06-27 13:43:00,100 INFO o.a.j.t.JMeterThread: Thread finished: blazedemo 1-17
2017-06-27 13:43:00,108 INFO o.a.j.t.JMeterThread: Thread started: blazedemo 1-47
2017-06-27 13:43:00,108 INFO o.a.j.t.JMeterThread: Thread finished: blazedemo 1-47
2017-06-27 13:43:00,119 INFO o.a.j.t.JMeterThread: Thread finished: blazedemo 1-44
2017-06-27 13:43:00,120 INFO o.a.j.t.JMeterThread: Thread finished: blazedemo 1-18
2017-06-27 13:43:00,123 INFO o.a.j.t.JMeterThread: Thread finished: blazedemo 1-3
2017-06-27 13:43:00,147 INFO o.a.j.t.JMeterThread: Thread finished: blazedemo 1-25
2017-06-27 13:43:00,154 INFO o.a.j.t.JMeterThread: Thread finished: blazedemo 1-42
2017-06-27 13:43:00,157 INFO o.a.j.t.JMeterThread: Thread finished: blazedemo 1-11
2017-06-27 13:43:00,168 INFO o.a.j.t.JMeterThread: Thread finished: blazedemo 1-4
2017-06-27 13:43:00,173 INFO o.a.j.t.JMeterThread: Thread finished: blazedemo 1-14
2017-06-27 13:43:00,174 INFO o.a.j.t.JMeterThread: Thread finished: blazedemo 1-22
2017-06-27 13:43:00,179 INFO o.a.j.t.JMeterThread: Thread finished: blazedemo 1-15
2017-06-27 13:43:00,181 INFO o.a.j.t.JMeterThread: Thread finished: blazedemo 1-39
2017-06-27 13:43:00,185 INFO o.a.j.t.JMeterThread: Thread finished: blazedemo 1-13
2017-06-27 13:43:00,191 INFO o.a.j.t.JMeterThread: Thread finished: blazedemo 1-2
2017-06-27 13:43:00,198 INFO o.a.j.t.JMeterThread: Thread finished: blazedemo 1-1
2017-06-27 13:43:00,211 INFO o.a.j.t.JMeterThread: Thread finished: blazedemo 1-28
2017-06-27 13:43:00,219 INFO o.a.j.t.JMeterThread: Thread finished: blazedemo 1-43
2017-06-27 13:43:00,223 INFO o.a.j.t.JMeterThread: Thread finished: blazedemo 1-38
2017-06-27 13:43:00,227 INFO o.a.j.t.JMeterThread: Thread finished: blazedemo 1-12
2017-06-27 13:43:00,234 INFO o.a.j.t.JMeterThread: Thread finished: blazedemo 1-7
2017-06-27 13:43:00,255 INFO o.a.j.t.JMeterThread: Thread finished: blazedemo 1-19
2017-06-27 13:43:00,292 INFO o.a.j.t.JMeterThread: Thread finished: blazedemo 1-29
2017-06-27 13:43:00,364 INFO o.a.j.t.JMeterThread: Thread finished: blazedemo 1-33
2017-06-27 13:43:00,406 INFO o.a.j.t.JMeterThread: Thread finished: blazedemo 1-35
2017-06-27 13:43:00,456 INFO o.a.j.t.JMeterThread: Thread finished: blazedemo 1-20
2017-06-27 13:43:00,536 INFO o.a.j.t.JMeterThread: Thread finished: blazedemo 1-37
2017-06-27 13:43:00,594 INFO o.a.j.t.JMeterThread: Thread started: blazedemo 1-50
2017-06-27 13:43:00,595 INFO o.a.j.t.JMeterThread: Thread finished: blazedemo 1-50
2017-06-27 13:43:00,604 INFO o.a.j.t.JMeterThread: Thread started: blazedemo 1-49
2017-06-27 13:43:00,604 INFO o.a.j.t.JMeterThread: Thread started: blazedemo 1-48
2017-06-27 13:43:00,605 INFO o.a.j.t.JMeterThread: Thread finished: blazedemo 1-49
2017-06-27 13:43:00,605 INFO o.a.j.t.JMeterThread: Thread finished: blazedemo 1-48
2017-06-27 13:43:01,295 INFO o.a.j.t.JMeterThread: Thread finished: blazedemo 1-24
2017-06-27 13:43:02,042 INFO o.a.j.t.JMeterThread: Thread finished: blazedemo 1-6
2017-06-27 13:43:02,042 INFO o.a.j.e.StandardJMeterEngine: Notifying test listeners of end of test
2017-06-27 13:43:02,042 INFO o.a.j.s.FileServer: Close: /Users/daper01/Documents/OSLo/from_scenario/param.csv
2017-06-27 13:43:02,044 INFO o.a.j.e.StandardJMeterEngine: Forced JVM shutdown requested at end of test
