[2017-10-16 13:19:49,546 INFO root] Taurus CLI Tool v1.9.6
[2017-10-16 13:19:49,546 DEBUG root] Command-line options: {'verbose': None, 'no_system_configs': None, 'quiet': None, 'log': '/var/folders/vq/xzrdy2lx047cst78f69v8z3xfzqz1q/T/bzt_g8ZHrd.log', 'option': None, 'aliases': []}
[2017-10-16 13:19:49,546 DEBUG root] Python: CPython 2.7.13
[2017-10-16 13:19:49,546 DEBUG root] OS: ('Darwin', 'daper01mac1124', '16.7.0', 'Darwin Kernel Version 16.7.0: Thu Jun 15 17:36:27 PDT 2017; root:xnu-3789.70.16~2/RELEASE_X86_64', 'x86_64', 'i386')
[2017-10-16 13:19:49,546 INFO root] Starting with configs: ['gatling_sample.yml']
[2017-10-16 13:19:49,547 DEBUG root] Using personal config: /Users/daper01/.bzt-rc
[2017-10-16 13:19:49,547 INFO Engine] Configuring...
[2017-10-16 13:19:49,547 DEBUG Engine] Reading extension configs from: /usr/local/etc/bzt.d
[2017-10-16 13:19:49,547 DEBUG Engine.Configuration] Configs: ['/usr/local/lib/python2.7/site-packages/bzt/resources/base-config.yml', '/usr/local/etc/bzt.d/99-installID.yml']
[2017-10-16 13:19:49,548 DEBUG Engine.Configuration] Reading /usr/local/lib/python2.7/site-packages/bzt/resources/base-config.yml as YAML
[2017-10-16 13:19:49,573 DEBUG Engine.Configuration] Reading /usr/local/etc/bzt.d/99-installID.yml as YAML
[2017-10-16 13:19:49,573 DEBUG Engine.Configuration] Configs: ['/Users/daper01/.bzt-rc', 'gatling_sample.yml']
[2017-10-16 13:19:49,575 DEBUG Engine.Configuration] Reading /Users/daper01/.bzt-rc as YAML
[2017-10-16 13:19:49,576 DEBUG Engine.Configuration] Reading gatling_sample.yml as YAML
[2017-10-16 13:19:49,578 DEBUG Engine.Configuration] Configs: ['/Users/daper01/.bzt-rc', 'gatling_sample.yml']
[2017-10-16 13:19:49,578 DEBUG Engine.Configuration] Reading /Users/daper01/.bzt-rc as YAML
[2017-10-16 13:19:49,579 DEBUG Engine.Configuration] Reading gatling_sample.yml as YAML
[2017-10-16 13:19:49,590 DEBUG Engine] Requesting updates info: http://gettaurus.org/updates/?version=1.9.6&installID=784f43782a15
[2017-10-16 13:19:49,596 INFO Engine] Artifacts dir: /Users/daper01/Documents/OSLo/Gatling/2017-10-16_13-19-49.595898
[2017-10-16 13:19:49,596 DEBUG Engine] New artifact filename: /Users/daper01/Documents/OSLo/Gatling/2017-10-16_13-19-49.595898/effective
[2017-10-16 13:19:49,598 DEBUG Engine.Configuration] Dumping YAML config into /Users/daper01/Documents/OSLo/Gatling/2017-10-16_13-19-49.595898/effective.yml
[2017-10-16 13:19:49,655 DEBUG Engine.Configuration] Dumping JSON config into /Users/daper01/Documents/OSLo/Gatling/2017-10-16_13-19-49.595898/effective.json
[2017-10-16 13:19:49,691 DEBUG Engine] New artifact filename: /Users/daper01/Documents/OSLo/Gatling/2017-10-16_13-19-49.595898/merged.yml
[2017-10-16 13:19:49,692 DEBUG Engine.Configuration] Dumping YAML config into /Users/daper01/Documents/OSLo/Gatling/2017-10-16_13-19-49.595898/merged.yml
[2017-10-16 13:19:49,726 DEBUG Engine] New artifact filename: /Users/daper01/Documents/OSLo/Gatling/2017-10-16_13-19-49.595898/merged.json
[2017-10-16 13:19:49,727 DEBUG Engine.Configuration] Dumping JSON config into /Users/daper01/Documents/OSLo/Gatling/2017-10-16_13-19-49.595898/merged.json
[2017-10-16 13:19:49,759 DEBUG Engine] Add existing artifact (move=False): gatling_sample.yml
[2017-10-16 13:19:49,759 DEBUG Engine] Copying gatling_sample.yml to /Users/daper01/Documents/OSLo/Gatling/2017-10-16_13-19-49.595898/gatling_sample.yml
[2017-10-16 13:19:49,791 DEBUG root] Closing log handler: /var/folders/vq/xzrdy2lx047cst78f69v8z3xfzqz1q/T/bzt_g8ZHrd.log
[2017-10-16 13:19:49,863 DEBUG root] Switched writing logs to /Users/daper01/Documents/OSLo/Gatling/2017-10-16_13-19-49.595898/bzt.log
[2017-10-16 13:19:49,863 INFO Engine] Preparing...
[2017-10-16 13:19:49,863 DEBUG Engine] Module config: consolidator defaultdict(None, {'class': 'bzt.modules.aggregator.ConsolidatingAggregator'})
[2017-10-16 13:19:49,863 DEBUG root] Importing module: bzt.modules.aggregator
[2017-10-16 13:19:49,869 DEBUG root] Loading class: 'ConsolidatingAggregator' from <module 'bzt.modules.aggregator' from '/usr/local/lib/python2.7/site-packages/bzt/modules/aggregator.pyc'>
[2017-10-16 13:19:49,869 DEBUG Engine.consolidator] Exception in dehumanize_time(inf)
[2017-10-16 13:19:49,869 DEBUG Engine.consolidator] Buffer scaling setup: percentile 95.0 from [0.0, 50.0, 90.0, 95.0, 99.0, 99.9, 100.0] selected
[2017-10-16 13:19:49,869 DEBUG Engine] Module config: monitoring defaultdict(None, {'class': 'bzt.modules.monitoring.Monitoring'})
[2017-10-16 13:19:49,869 DEBUG root] Importing module: bzt.modules.monitoring
[2017-10-16 13:19:49,906 DEBUG root] Loading class: 'Monitoring' from <module 'bzt.modules.monitoring' from '/usr/local/lib/python2.7/site-packages/bzt/modules/monitoring.pyc'>
[2017-10-16 13:19:49,906 DEBUG Engine] Module config: local defaultdict(None, {'class': 'bzt.modules.provisioning.Local'})
[2017-10-16 13:19:49,906 DEBUG root] Importing module: bzt.modules.provisioning
[2017-10-16 13:19:49,906 DEBUG root] Loading class: 'Local' from <module 'bzt.modules.provisioning' from '/usr/local/lib/python2.7/site-packages/bzt/modules/provisioning.pyc'>
[2017-10-16 13:19:49,906 DEBUG Engine] Module config: gatling defaultdict(None, {'version': '2.2.4', 'class': 'bzt.modules.gatling.GatlingExecutor', 'properties': defaultdict(None, {'gatling.data.file.bufferSize': 256})})
[2017-10-16 13:19:49,906 DEBUG root] Importing module: bzt.modules.gatling
[2017-10-16 13:19:49,908 DEBUG root] Loading class: 'GatlingExecutor' from <module 'bzt.modules.gatling' from '/usr/local/lib/python2.7/site-packages/bzt/modules/gatling.pyc'>
[2017-10-16 13:19:49,908 DEBUG Engine.local] Preparing executor: gatling/4509646288
[2017-10-16 13:19:49,908 DEBUG Engine.gatling.TclLibrary] We don't need to check tcl library on this platform
[2017-10-16 13:19:49,908 DEBUG Engine.gatling.JavaVM] Trying JavaVM: ['java', '-version']
[2017-10-16 13:19:50,042 DEBUG Engine.gatling.JavaVM] JavaVM output: java version "1.8.0_121"
Java(TM) SE Runtime Environment (build 1.8.0_121-b13)
Java HotSpot(TM) 64-Bit Server VM (build 25.121-b13, mixed mode)

[2017-10-16 13:19:50,042 DEBUG Engine.gatling.Gatling] Trying Gatling: /Users/daper01/.bzt/gatling-taurus/2.2.4/bin/gatling.sh
[2017-10-16 13:19:50,042 DEBUG bzt.utils] Executing shell: ['/Users/daper01/.bzt/gatling-taurus/2.2.4/bin/gatling.sh', '--help']
[2017-10-16 13:19:50,061 DEBUG Engine] Taurus updates info: {"latest":"1.9.6","needsUpgrade":false}
[2017-10-16 13:19:50,062 DEBUG Engine] Installation is up-to-date
[2017-10-16 13:19:51,406 DEBUG Engine.gatling.Gatling] Gatling check is successful: ("GATLING_HOME is set to /Users/daper01/.bzt/gatling-taurus/2.2.4\nUsage: compiler [options]\n\n  -h, --help               \n  -sf, --simulations-folder <value>\n                           \n  -bf, --binaries-folder <value>\n                           \n  -ccp, --compilerClasspath <value>\n                           \nUsage: gatling [options]\n\n  -h, --help               Show help (this message) and exit\n  -nr, --no-reports        Runs simulation but does not generate reports\n  -m, --mute               Runs in mute mode: doesn't ask for run description or simulation ID, uses defaults\n  -ro, --reports-only <directoryName>\n                           Generates the reports for the simulation in <directoryName>\n  -df, --data-folder <directoryPath>\n                           Uses <directoryPath> as the absolute path of the directory where feeders are stored\n  -rf, --results-folder <directoryPath>\n                           Uses <directoryPath> as the absolute path of the directory where results are stored\n  -bdf, --bodies-folder <directoryPath>\n                           Uses <directoryPath> as the absolute path of the directory where bodies are stored\n  -sf, --simulations-folder <directoryPath>\n                           Uses <directoryPath> to discover simulations that could be run\n  -bf, --binaries-folder <directoryPath>\n                           Uses <directoryPath> as the absolute path of the directory where Gatling should produce compiled binaries\n  -s, --simulation <className>\n                           Runs <className> simulation\n  -on, --output-name <name>\n                           Use <name> for the base name of the output directory\n  -rd, --run-description <description>\n                           A short <description> of the run to include in the report\n", None)
[2017-10-16 13:19:51,406 DEBUG Engine.gatling] Extract defaultdict(None, {'keepalive': True, 'simulation': 'BlazeDemo', 'script': './BlazeDemo.scala'}) into scenarios
[2017-10-16 13:19:51,407 DEBUG Engine.gatling] JAR files list for Gatling: []
[2017-10-16 13:19:51,407 DEBUG Engine.gatling] Will not build Gatling launcher
[2017-10-16 13:19:51,407 DEBUG Engine] Module config: final-stats defaultdict(None, {'class': 'bzt.modules.reporting.FinalStatus'})
[2017-10-16 13:19:51,407 DEBUG root] Importing module: bzt.modules.reporting
[2017-10-16 13:19:51,517 DEBUG easyprocess] version=0.2.3
[2017-10-16 13:19:51,520 DEBUG pyvirtualdisplay] version=0.2.1
[2017-10-16 13:19:51,522 DEBUG root] Loading class: 'FinalStatus' from <module 'bzt.modules.reporting' from '/usr/local/lib/python2.7/site-packages/bzt/modules/reporting.pyc'>
[2017-10-16 13:19:51,522 DEBUG Engine] Module config: console defaultdict(None, {'class': 'bzt.modules.console.ConsoleStatusReporter'})
[2017-10-16 13:19:51,522 DEBUG root] Importing module: bzt.modules.console
[2017-10-16 13:19:51,522 DEBUG root] Loading class: 'ConsoleStatusReporter' from <module 'bzt.modules.console' from '/usr/local/lib/python2.7/site-packages/bzt/modules/console.pyc'>
[2017-10-16 13:19:51,528 DEBUG Engine.Configuration] Dumping YAML config into /Users/daper01/Documents/OSLo/Gatling/2017-10-16_13-19-49.595898/effective.yml
[2017-10-16 13:19:51,585 DEBUG Engine.Configuration] Dumping JSON config into /Users/daper01/Documents/OSLo/Gatling/2017-10-16_13-19-49.595898/effective.json
[2017-10-16 13:19:51,616 INFO Engine] Starting...
[2017-10-16 13:19:51,617 DEBUG Engine] Startup <bzt.modules.monitoring.Monitoring object at 0x10c371050>
[2017-10-16 13:19:51,617 DEBUG Engine] Startup <bzt.modules.aggregator.ConsolidatingAggregator object at 0x10c354050>
[2017-10-16 13:19:51,617 DEBUG Engine] Startup <bzt.modules.reporting.FinalStatus object at 0x10c3356d0>
[2017-10-16 13:19:51,617 DEBUG Engine] Startup <bzt.modules.console.ConsoleStatusReporter object at 0x10cf34610>
[2017-10-16 13:19:51,617 INFO Engine.console] Waiting for results...
[2017-10-16 13:19:51,617 DEBUG Engine] Startup <bzt.modules.provisioning.Local object at 0x10c354650>
[2017-10-16 13:19:51,617 DEBUG Engine.local] Delay setup for gatling/BlazeDemo.scala: 0(start-at) + 0(delay) = 0
[2017-10-16 13:19:51,618 DEBUG Engine.Configuration] Dumping YAML config into /Users/daper01/Documents/OSLo/Gatling/2017-10-16_13-19-49.595898/effective.yml
[2017-10-16 13:19:51,671 DEBUG Engine.Configuration] Dumping JSON config into /Users/daper01/Documents/OSLo/Gatling/2017-10-16_13-19-49.595898/effective.json
[2017-10-16 13:19:51,707 DEBUG root] Leveling down log file verbosity, use -v option to have DEBUG messages enabled
[2017-10-16 13:19:51,994 INFO Engine.console] Waiting for finish...
[2017-10-16 13:20:05,755 INFO Engine.gatling.DataLogReader] Changed data analysis delay to 6s
[2017-10-16 13:20:15,789 INFO Engine.gatling.DataLogReader] Changed data analysis delay to 2s
[2017-10-16 13:20:16,568 WARNING Engine] Please wait for graceful shutdown...
[2017-10-16 13:20:16,579 DEBUG root] Leveled up log file verbosity
[2017-10-16 13:20:16,579 INFO Engine] Shutting down...
[2017-10-16 13:20:16,588 DEBUG Engine.local] Shutdown gatling/BlazeDemo.scala
[2017-10-16 13:20:16,905 DEBUG Engine.local] Exception in shutdown of GatlingExecutor:  Traceback (most recent call last):
  File "/usr/local/lib/python2.7/site-packages/bzt/modules/provisioning.py", line 139, in shutdown
    executor.shutdown()
  File "/usr/local/lib/python2.7/site-packages/bzt/modules/gatling.py", line 458, in shutdown
    shutdown_process(self.process, self.log)
  File "/usr/local/lib/python2.7/site-packages/bzt/utils.py", line 686, in shutdown_process
    time.sleep(1)
KeyboardInterrupt

[2017-10-16 13:20:16,905 DEBUG Engine] :
Traceback (most recent call last):
  File "/usr/local/lib/python2.7/site-packages/bzt/engine.py", line 244, in _shutdown
    module.shutdown()
  File "/usr/local/lib/python2.7/site-packages/bzt/modules/provisioning.py", line 146, in shutdown
    reraise(exc_info)
  File "/usr/local/lib/python2.7/site-packages/bzt/modules/provisioning.py", line 139, in shutdown
    executor.shutdown()
  File "/usr/local/lib/python2.7/site-packages/bzt/modules/gatling.py", line 458, in shutdown
    shutdown_process(self.process, self.log)
  File "/usr/local/lib/python2.7/site-packages/bzt/utils.py", line 686, in shutdown_process
    time.sleep(1)
KeyboardInterrupt

[2017-10-16 13:20:16,906 DEBUG Engine.console] Restoring logging streams, [<logging.StreamHandler object at 0x10b89c690>]/{<logging.StreamHandler object at 0x10b89c690>: <open file '<stdout>', mode 'w' at 0x10ad0c150>}
[2017-10-16 13:20:16,910 DEBUG Engine.Configuration] Dumping YAML config into /Users/daper01/Documents/OSLo/Gatling/2017-10-16_13-19-49.595898/effective.yml
[2017-10-16 13:20:17,012 DEBUG Engine.Configuration] Dumping JSON config into /Users/daper01/Documents/OSLo/Gatling/2017-10-16_13-19-49.595898/effective.json
[2017-10-16 13:20:17,051 DEBUG Engine] :
Traceback (most recent call last):
  File "/usr/local/lib/python2.7/site-packages/bzt/engine.py", line 193, in run
    self._shutdown()
  File "/usr/local/lib/python2.7/site-packages/bzt/engine.py", line 252, in _shutdown
    reraise(exc_info)
  File "/usr/local/lib/python2.7/site-packages/bzt/engine.py", line 244, in _shutdown
    module.shutdown()
  File "/usr/local/lib/python2.7/site-packages/bzt/modules/provisioning.py", line 146, in shutdown
    reraise(exc_info)
  File "/usr/local/lib/python2.7/site-packages/bzt/modules/provisioning.py", line 139, in shutdown
    executor.shutdown()
  File "/usr/local/lib/python2.7/site-packages/bzt/modules/gatling.py", line 458, in shutdown
    shutdown_process(self.process, self.log)
  File "/usr/local/lib/python2.7/site-packages/bzt/utils.py", line 686, in shutdown_process
    time.sleep(1)
KeyboardInterrupt

[2017-10-16 13:20:17,051 WARNING root] Keyboard interrupt
[2017-10-16 13:20:17,052 DEBUG root] KeyboardInterrupt: 
Traceback (most recent call last):
  File "/usr/local/lib/python2.7/site-packages/bzt/cli.py", line 221, in perform
    self.engine.run()
  File "/usr/local/lib/python2.7/site-packages/bzt/engine.py", line 202, in run
    reraise(exc_info)
  File "/usr/local/lib/python2.7/site-packages/bzt/engine.py", line 184, in run
    self._wait()
  File "/usr/local/lib/python2.7/site-packages/bzt/engine.py", line 227, in _wait
    time.sleep(delay)
KeyboardInterrupt
[2017-10-16 13:20:17,052 INFO Engine] Post-processing...
[2017-10-16 13:20:17,052 DEBUG Engine.local] Post-process gatling/BlazeDemo.scala
[2017-10-16 13:20:17,053 DEBUG Engine] Add existing artifact (move=False): /Users/daper01/Documents/OSLo/Gatling/2017-10-16_13-19-49.595898/gatling-4509646288-1508174394509/simulation.log
[2017-10-16 13:20:17,053 DEBUG Engine] Copying /Users/daper01/Documents/OSLo/Gatling/2017-10-16_13-19-49.595898/gatling-4509646288-1508174394509/simulation.log to /Users/daper01/Documents/OSLo/Gatling/2017-10-16_13-19-49.595898/simulation.log
[2017-10-16 13:20:17,087 DEBUG Engine.gatling.DataLogReader] Reading gatling results
[2017-10-16 13:20:17,087 DEBUG Engine.gatling.DataLogReader] Buffer len: 3
[2017-10-16 13:20:17,087 DEBUG Engine.gatling.DataLogReader] Aggregating: 1508174413
[2017-10-16 13:20:17,088 DEBUG Engine.gatling.DataLogReader] Aggregating: 1508174414
[2017-10-16 13:20:17,089 DEBUG Engine.gatling.DataLogReader] Aggregating: 1508174415
[2017-10-16 13:20:17,090 DEBUG Engine.consolidator] Consolidator buffer[5]: [1508174411, 1508174412, 1508174413, 1508174414, 1508174415]
[2017-10-16 13:20:17,090 DEBUG Engine.consolidator] Merging into 1508174411
[2017-10-16 13:20:17,090 DEBUG Engine.consolidator] Merging 1508174411
[2017-10-16 13:20:17,093 DEBUG Engine.consolidator] Processed datapoint: 1508174411/None
[2017-10-16 13:20:17,093 DEBUG Engine.consolidator] Merging into 1508174412
[2017-10-16 13:20:17,093 DEBUG Engine.consolidator] Merging 1508174412
[2017-10-16 13:20:17,096 DEBUG Engine.consolidator] Processed datapoint: 1508174412/None
[2017-10-16 13:20:17,096 DEBUG Engine.consolidator] Merging into 1508174413
[2017-10-16 13:20:17,096 DEBUG Engine.consolidator] Merging 1508174413
[2017-10-16 13:20:17,098 DEBUG Engine.consolidator] Processed datapoint: 1508174413/None
[2017-10-16 13:20:17,099 DEBUG Engine.consolidator] Merging into 1508174414
[2017-10-16 13:20:17,099 DEBUG Engine.consolidator] Merging 1508174414
[2017-10-16 13:20:17,101 DEBUG Engine.consolidator] Processed datapoint: 1508174414/None
[2017-10-16 13:20:17,101 DEBUG Engine.consolidator] Merging into 1508174415
[2017-10-16 13:20:17,101 DEBUG Engine.consolidator] Merging 1508174415
[2017-10-16 13:20:17,103 DEBUG Engine.consolidator] Processed datapoint: 1508174415/None
[2017-10-16 13:20:17,104 INFO Engine.final-stats] Test duration: 0:00:25
[2017-10-16 13:20:17,104 INFO Engine.final-stats] Samples count: 35, 0.00% failures
[2017-10-16 13:20:17,104 INFO Engine.final-stats] Average times: total 0.410, latency 0.000, connect 0.000
[2017-10-16 13:20:17,104 INFO Engine.final-stats] Percentile 0.0%: 0.232
[2017-10-16 13:20:17,104 INFO Engine.final-stats] Percentile 50.0%: 0.243
[2017-10-16 13:20:17,104 INFO Engine.final-stats] Percentile 90.0%: 0.805
[2017-10-16 13:20:17,104 INFO Engine.final-stats] Percentile 95.0%: 1.012
[2017-10-16 13:20:17,105 INFO Engine.final-stats] Percentile 99.0%: 2.822
[2017-10-16 13:20:17,105 INFO Engine.final-stats] Percentile 99.9%: 2.822
[2017-10-16 13:20:17,105 INFO Engine.final-stats] Percentile 100.0%: 2.822
[2017-10-16 13:20:17,105 DEBUG Engine.console] No logger_handler or orig_stream was detected
[2017-10-16 13:20:17,107 DEBUG Engine.Configuration] Dumping YAML config into /Users/daper01/Documents/OSLo/Gatling/2017-10-16_13-19-49.595898/effective.yml
[2017-10-16 13:20:17,177 DEBUG Engine.Configuration] Dumping JSON config into /Users/daper01/Documents/OSLo/Gatling/2017-10-16_13-19-49.595898/effective.json
[2017-10-16 13:20:17,216 INFO root] Artifacts dir: /Users/daper01/Documents/OSLo/Gatling/2017-10-16_13-19-49.595898
[2017-10-16 13:20:17,216 WARNING root] Done performing with code: 1
[2017-10-16 13:20:17,217 DEBUG root] Closing log handler: /Users/daper01/Documents/OSLo/Gatling/2017-10-16_13-19-49.595898/bzt.log
