[2017-12-14 11:50:11,536 INFO root] Taurus CLI Tool v1.9.6
[2017-12-14 11:50:11,536 DEBUG root] Command-line options: {'verbose': None, 'no_system_configs': None, 'quiet': None, 'log': '/var/folders/vq/xzrdy2lx047cst78f69v8z3xfzqz1q/T/bzt_JCST5p.log', 'option': None, 'aliases': []}
[2017-12-14 11:50:11,537 DEBUG root] Python: CPython 2.7.13
[2017-12-14 11:50:11,537 DEBUG root] OS: ('Darwin', 'daper01mac1124', '17.2.0', 'Darwin Kernel Version 17.2.0: Fri Sep 29 18:27:05 PDT 2017; root:xnu-4570.20.62~3/RELEASE_X86_64', 'x86_64', 'i386')
[2017-12-14 11:50:11,537 INFO root] Starting with configs: ['jmeter.yml']
[2017-12-14 11:50:11,537 DEBUG root] Using personal config: /Users/daper01/.bzt-rc
[2017-12-14 11:50:11,537 INFO Engine] Configuring...
[2017-12-14 11:50:11,537 DEBUG Engine] Reading extension configs from: /usr/local/etc/bzt.d
[2017-12-14 11:50:11,537 DEBUG Engine.Configuration] Configs: ['/usr/local/lib/python2.7/site-packages/bzt/resources/base-config.yml', '/usr/local/etc/bzt.d/99-installID.yml']
[2017-12-14 11:50:11,538 DEBUG Engine.Configuration] Reading /usr/local/lib/python2.7/site-packages/bzt/resources/base-config.yml as YAML
[2017-12-14 11:50:11,562 DEBUG Engine.Configuration] Reading /usr/local/etc/bzt.d/99-installID.yml as YAML
[2017-12-14 11:50:11,563 DEBUG Engine.Configuration] Configs: ['/Users/daper01/.bzt-rc', 'jmeter.yml']
[2017-12-14 11:50:11,563 DEBUG Engine.Configuration] Reading /Users/daper01/.bzt-rc as YAML
[2017-12-14 11:50:11,564 DEBUG Engine.Configuration] Reading jmeter.yml as YAML
[2017-12-14 11:50:11,567 DEBUG Engine.Configuration] Configs: ['/Users/daper01/.bzt-rc', 'jmeter.yml']
[2017-12-14 11:50:11,567 DEBUG Engine.Configuration] Reading /Users/daper01/.bzt-rc as YAML
[2017-12-14 11:50:11,568 DEBUG Engine.Configuration] Reading jmeter.yml as YAML
[2017-12-14 11:50:11,580 DEBUG Engine] Requesting updates info: http://gettaurus.org/updates/?version=1.9.6&installID=784f43782a15
[2017-12-14 11:50:11,581 INFO Engine] Artifacts dir: /Users/daper01/Documents/OSLo/JMeter/2017-12-14_11-50-11.581088
[2017-12-14 11:50:11,592 DEBUG Engine] New artifact filename: /Users/daper01/Documents/OSLo/JMeter/2017-12-14_11-50-11.581088/effective
[2017-12-14 11:50:11,597 DEBUG Engine.Configuration] Dumping YAML config into /Users/daper01/Documents/OSLo/JMeter/2017-12-14_11-50-11.581088/effective.yml
[2017-12-14 11:50:11,631 DEBUG Engine.Configuration] Dumping JSON config into /Users/daper01/Documents/OSLo/JMeter/2017-12-14_11-50-11.581088/effective.json
[2017-12-14 11:50:11,633 DEBUG Engine] New artifact filename: /Users/daper01/Documents/OSLo/JMeter/2017-12-14_11-50-11.581088/merged.yml
[2017-12-14 11:50:11,634 DEBUG Engine.Configuration] Dumping YAML config into /Users/daper01/Documents/OSLo/JMeter/2017-12-14_11-50-11.581088/merged.yml
[2017-12-14 11:50:11,640 DEBUG Engine] New artifact filename: /Users/daper01/Documents/OSLo/JMeter/2017-12-14_11-50-11.581088/merged.json
[2017-12-14 11:50:11,641 DEBUG Engine.Configuration] Dumping JSON config into /Users/daper01/Documents/OSLo/JMeter/2017-12-14_11-50-11.581088/merged.json
[2017-12-14 11:50:11,642 DEBUG Engine] Add existing artifact (move=False): jmeter.yml
[2017-12-14 11:50:11,642 DEBUG Engine] Copying jmeter.yml to /Users/daper01/Documents/OSLo/JMeter/2017-12-14_11-50-11.581088/jmeter.yml
[2017-12-14 11:50:11,643 DEBUG root] Closing log handler: /var/folders/vq/xzrdy2lx047cst78f69v8z3xfzqz1q/T/bzt_JCST5p.log
[2017-12-14 11:50:11,668 DEBUG root] Switched writing logs to /Users/daper01/Documents/OSLo/JMeter/2017-12-14_11-50-11.581088/bzt.log
[2017-12-14 11:50:11,668 INFO Engine] Preparing...
[2017-12-14 11:50:11,668 DEBUG Engine] Module config: consolidator defaultdict(None, {'class': 'bzt.modules.aggregator.ConsolidatingAggregator'})
[2017-12-14 11:50:11,668 DEBUG root] Importing module: bzt.modules.aggregator
[2017-12-14 11:50:11,671 DEBUG root] Loading class: 'ConsolidatingAggregator' from <module 'bzt.modules.aggregator' from '/usr/local/lib/python2.7/site-packages/bzt/modules/aggregator.pyc'>
[2017-12-14 11:50:11,672 DEBUG Engine.consolidator] Exception in dehumanize_time(inf)
[2017-12-14 11:50:11,672 DEBUG Engine.consolidator] Buffer scaling setup: percentile 95.0 from [0.0, 50.0, 90.0, 95.0, 99.0, 99.9, 100.0] selected
[2017-12-14 11:50:11,672 DEBUG Engine] Module config: monitoring defaultdict(None, {'class': 'bzt.modules.monitoring.Monitoring'})
[2017-12-14 11:50:11,672 DEBUG root] Importing module: bzt.modules.monitoring
[2017-12-14 11:50:11,688 DEBUG root] Loading class: 'Monitoring' from <module 'bzt.modules.monitoring' from '/usr/local/lib/python2.7/site-packages/bzt/modules/monitoring.pyc'>
[2017-12-14 11:50:11,688 DEBUG Engine] Module config: local defaultdict(None, {'class': 'bzt.modules.provisioning.Local'})
[2017-12-14 11:50:11,688 DEBUG root] Importing module: bzt.modules.provisioning
[2017-12-14 11:50:11,688 DEBUG root] Loading class: 'Local' from <module 'bzt.modules.provisioning' from '/usr/local/lib/python2.7/site-packages/bzt/modules/provisioning.pyc'>
[2017-12-14 11:50:11,688 DEBUG Engine] Module config: jmeter defaultdict(None, {'properties': defaultdict(None, {'jmeter.save.saveservice.autoflush': 'true', 'summariser.name': '', 'jmeter.save.saveservice.connect_time': 'true', 'mode': 'Stripped', 'jmeterengine.force.system.exit': 'true'}), 'class': 'bzt.modules.jmeter.JMeterExecutor', 'plugins': ['jpgc-casutg', 'jpgc-dummy', 'jpgc-ffw', 'jpgc-fifo', 'jpgc-functions', 'jpgc-json', 'jpgc-perfmon', 'jpgc-prmctl', 'jpgc-tst']})
[2017-12-14 11:50:11,689 DEBUG root] Importing module: bzt.modules.jmeter
[2017-12-14 11:50:11,703 DEBUG root] Loading class: 'JMeterExecutor' from <module 'bzt.modules.jmeter' from '/usr/local/lib/python2.7/site-packages/bzt/modules/jmeter.pyc'>
[2017-12-14 11:50:11,703 DEBUG Engine.local] Preparing executor: jmeter/4440624464
[2017-12-14 11:50:11,704 DEBUG Engine] New artifact filename: /Users/daper01/Documents/OSLo/JMeter/2017-12-14_11-50-11.581088/jmeter.log
[2017-12-14 11:50:11,704 DEBUG Engine.jmeter] Checking if port 4445 is free
[2017-12-14 11:50:11,706 DEBUG Engine.jmeter] Port 4445 is free
[2017-12-14 11:50:11,706 DEBUG Engine.jmeter] Using port 4445 for management
[2017-12-14 11:50:11,707 DEBUG Engine.jmeter.JavaVM] Trying JavaVM: ['java', '-version']
[2017-12-14 11:50:11,824 DEBUG Engine.jmeter.JavaVM] JavaVM output: java version "1.8.0_121"
Java(TM) SE Runtime Environment (build 1.8.0_121-b13)
Java HotSpot(TM) 64-Bit Server VM (build 25.121-b13, mixed mode)

[2017-12-14 11:50:11,824 DEBUG Engine.jmeter.TclLibrary] We don't need to check tcl library on this platform
[2017-12-14 11:50:11,824 DEBUG Engine.jmeter.JMeter] Trying jmeter: /Users/daper01/.bzt/jmeter-taurus/3.3/bin/jmeter.sh
[2017-12-14 11:50:11,825 DEBUG bzt.utils] Executing shell: ['/Users/daper01/.bzt/jmeter-taurus/3.3/bin/jmeter.sh', '-j', '/var/folders/vq/xzrdy2lx047cst78f69v8z3xfzqz1q/T/jmeter3Ec6qqlog', '--version']
[2017-12-14 11:50:12,269 DEBUG Engine] Taurus updates info: {"latest":"1.10.3","needsUpgrade":true}
[2017-12-14 11:50:12,269 WARNING Engine] There is newer version of Taurus 1.10.3 available, consider upgrading. What's new: http://gettaurus.org/docs/Changelog/
[2017-12-14 11:50:12,970 DEBUG Engine.jmeter.JMeter] JMeter check:     _    ____   _    ____ _   _ _____       _ __  __ _____ _____ _____ ____     
   / \  |  _ \ / \  / ___| | | | ____|     | |  \/  | ____|_   _| ____|  _ \   
  / _ \ | |_) / _ \| |   | |_| |  _|    _  | | |\/| |  _|   | | |  _| | |_) | 
 / ___ \|  __/ ___ \ |___|  _  | |___  | |_| | |  | | |___  | | | |___|  _ <  
/_/   \_\_| /_/   \_\____|_| |_|_____|  \___/|_|  |_|_____| |_| |_____|_| \_\ 3.3 r1808647  

Copyright (c) 1999-2017 The Apache Software Foundation

 / None
[2017-12-14 11:50:12,971 DEBUG bzt.utils] Executing shell: ['/Users/daper01/.bzt/jmeter-taurus/3.3/bin/PluginsManagerCMD.sh', 'install-for-jmx', 'two_thread_groups.jmx']
[2017-12-14 11:50:15,490 DEBUG Engine.jmeter.JMeter] Try to detect plugins for two_thread_groups.jmx
11:50:14.461 [main] INFO  org.jmeterplugins.repository.PluginManager - Plugins Status: [jpgc-functions=2.0, jpgc-casutg=2.1, jpgc-dummy=0.2, jpgc-ffw=2.0, jpgc-fifo=0.2, jpgc-json=2.6, jpgc-prmctl=0.3, jpgc-perfmon=2.1, jpgc-plugins-manager=0.16, jpgc-tst=2.1, jmeter-core=3.3, jmeter-ftp=3.3, jmeter-http=3.3, jmeter-jdbc=3.3, jmeter-jms=3.3, jmeter-junit=3.3, jmeter-java=3.3, jmeter-ldap=3.3, jmeter-mail=3.3, jmeter-mongodb=3.3, jmeter-native=3.3, jmeter-tcp=3.3, jmeter-components=3.3]
2017-12-14 11:50:14,461 INFO o.j.r.PluginManager: Plugins Status: [jpgc-functions=2.0, jpgc-casutg=2.1, jpgc-dummy=0.2, jpgc-ffw=2.0, jpgc-fifo=0.2, jpgc-json=2.6, jpgc-prmctl=0.3, jpgc-perfmon=2.1, jpgc-plugins-manager=0.16, jpgc-tst=2.1, jmeter-core=3.3, jmeter-ftp=3.3, jmeter-http=3.3, jmeter-jdbc=3.3, jmeter-jms=3.3, jmeter-junit=3.3, jmeter-java=3.3, jmeter-ldap=3.3, jmeter-mail=3.3, jmeter-mongodb=3.3, jmeter-native=3.3, jmeter-tcp=3.3, jmeter-components=3.3]
11:50:14.902 [main] INFO  org.apache.jmeter.save.SaveService - Testplan (JMX) version: 2.2. Testlog (JTL) version: 2.2
2017-12-14 11:50:14,902 INFO o.a.j.s.SaveService: Testplan (JMX) version: 2.2. Testlog (JTL) version: 2.2
11:50:14.916 [main] INFO  org.apache.jmeter.save.SaveService - Using SaveService properties file encoding UTF-8
2017-12-14 11:50:14,916 INFO o.a.j.s.SaveService: Using SaveService properties file encoding UTF-8
11:50:14.923 [main] INFO  org.apache.jmeter.save.SaveService - Using SaveService properties version 3.2
2017-12-14 11:50:14,923 INFO o.a.j.s.SaveService: Using SaveService properties version 3.2
11:50:14.966 [main] INFO  org.apache.jmeter.protocol.http.control.CookieManager - Settings: Delete null: true Check: true Allow variable: true Save: false Prefix: COOKIE_
2017-12-14 11:50:14,966 INFO o.a.j.p.h.c.CookieManager: Settings: Delete null: true Check: true Allow variable: true Save: false Prefix: COOKIE_
11:50:15.010 [main] INFO  org.apache.jmeter.protocol.http.control.CacheManager - Will only cache the following methods: [GET]
2017-12-14 11:50:15,010 INFO o.a.j.p.h.c.CacheManager: Will only cache the following methods: [GET]
11:50:15.079 [main] INFO  org.jmeterplugins.repository.PluginManager - Restarting JMeter...
2017-12-14 11:50:15,079 INFO o.j.r.PluginManager: Restarting JMeter...
11:50:15.080 [Thread-1] INFO  org.jmeterplugins.repository.PluginManager - Starting JMeter Plugins modifications
2017-12-14 11:50:15,080 INFO o.j.r.PluginManager: Starting JMeter Plugins modifications

ERROR StatusLogger No log4j2 configuration file found. Using default configuration: logging only errors to the console. Set system property 'org.apache.logging.log4j.simplelog.StatusLogger.level' to TRACE to show Log4j2 internal initialization logging.

[2017-12-14 11:50:15,491 DEBUG Engine.jmeter] Load: LoadSpec(concurrency=50, throughput=100.0, ramp_up=30.0, hold=60.0, iterations=0, duration=90.0, steps=None)
[2017-12-14 11:50:15,497 DEBUG Engine.jmeter.LoadSettingsProcessor.ThreadGroupHandler] Converting ThreadGroup (Thread Group) to ConcurrencyThreadGroup and apply load parameters
[2017-12-14 11:50:15,497 DEBUG Engine.jmeter.LoadSettingsProcessor.ThreadGroupHandler] Converting ThreadGroup (Thread Group) to ConcurrencyThreadGroup and apply load parameters
[2017-12-14 11:50:15,498 DEBUG Engine] New artifact filename: /Users/daper01/Documents/OSLo/JMeter/2017-12-14_11-50-11.581088/kpi.jtl
[2017-12-14 11:50:15,498 DEBUG Engine] New artifact filename: /Users/daper01/Documents/OSLo/JMeter/2017-12-14_11-50-11.581088/error.jtl
[2017-12-14 11:50:15,499 DEBUG Engine.jmeter] Enforcing parent sample for transaction controller
[2017-12-14 11:50:15,501 INFO Engine.jmeter] 1 obsolete CookieManagers are found and fixed
[2017-12-14 11:50:15,502 DEBUG JMX] Saving JMX to: /Users/daper01/Documents/OSLo/JMeter/modified_two_thread_groups.jmx
[2017-12-14 11:50:15,504 DEBUG Engine.jmeter] Additional properties: defaultdict(None, {'jmeter.save.saveservice.autoflush': 'true', 'jmeter.save.saveservice.connect_time': 'true', 'user.classpath': '/Users/daper01/Documents/OSLo/JMeter/2017-12-14_11-50-11.581088', 'sampleresult.default.encoding': 'UTF-8', 'summariser.name': '', 'jmeterengine.force.system.exit': 'true', 'jmeter.save.saveservice.timestamp_format': 'ms', 'mode': 'Stripped', 'jmeterengine.nongui.maxport': 4445, 'jmeterengine.nongui.port': 4445})
[2017-12-14 11:50:15,505 DEBUG Engine] New artifact filename: /Users/daper01/Documents/OSLo/JMeter/2017-12-14_11-50-11.581088/jmeter-bzt.properties
[2017-12-14 11:50:15,505 DEBUG Engine] New artifact filename: /Users/daper01/Documents/OSLo/JMeter/2017-12-14_11-50-11.581088/jmeter.out
[2017-12-14 11:50:15,505 DEBUG Engine] New artifact filename: /Users/daper01/Documents/OSLo/JMeter/2017-12-14_11-50-11.581088/jmeter.err
[2017-12-14 11:50:15,507 DEBUG Engine] Module config: final-stats defaultdict(None, {'class': 'bzt.modules.reporting.FinalStatus'})
[2017-12-14 11:50:15,507 DEBUG root] Importing module: bzt.modules.reporting
[2017-12-14 11:50:15,575 DEBUG easyprocess] version=0.2.3
[2017-12-14 11:50:15,577 DEBUG pyvirtualdisplay] version=0.2.1
[2017-12-14 11:50:15,579 DEBUG root] Loading class: 'FinalStatus' from <module 'bzt.modules.reporting' from '/usr/local/lib/python2.7/site-packages/bzt/modules/reporting.pyc'>
[2017-12-14 11:50:15,579 DEBUG Engine] Module config: console defaultdict(None, {'class': 'bzt.modules.console.ConsoleStatusReporter'})
[2017-12-14 11:50:15,579 DEBUG root] Importing module: bzt.modules.console
[2017-12-14 11:50:15,579 DEBUG root] Loading class: 'ConsoleStatusReporter' from <module 'bzt.modules.console' from '/usr/local/lib/python2.7/site-packages/bzt/modules/console.pyc'>
[2017-12-14 11:50:15,589 DEBUG Engine.Configuration] Dumping YAML config into /Users/daper01/Documents/OSLo/JMeter/2017-12-14_11-50-11.581088/effective.yml
[2017-12-14 11:50:15,618 DEBUG Engine.Configuration] Dumping JSON config into /Users/daper01/Documents/OSLo/JMeter/2017-12-14_11-50-11.581088/effective.json
[2017-12-14 11:50:15,619 INFO Engine] Starting...
[2017-12-14 11:50:15,620 DEBUG Engine] Startup <bzt.modules.monitoring.Monitoring object at 0x10814d850>
[2017-12-14 11:50:15,620 DEBUG Engine] Startup <bzt.modules.aggregator.ConsolidatingAggregator object at 0x10816a450>
[2017-12-14 11:50:15,620 DEBUG Engine] Startup <bzt.modules.reporting.FinalStatus object at 0x108ae8d90>
[2017-12-14 11:50:15,620 DEBUG Engine] Startup <bzt.modules.console.ConsoleStatusReporter object at 0x108c64250>
[2017-12-14 11:50:15,620 INFO Engine.console] Waiting for results...
[2017-12-14 11:50:15,621 DEBUG Engine] Startup <bzt.modules.provisioning.Local object at 0x10816a090>
[2017-12-14 11:50:15,621 DEBUG Engine.local] Delay setup for jmeter/two_tg: 0(start-at) + 0(delay) = 0
[2017-12-14 11:50:15,622 DEBUG Engine.Configuration] Dumping YAML config into /Users/daper01/Documents/OSLo/JMeter/2017-12-14_11-50-11.581088/effective.yml
[2017-12-14 11:50:15,647 DEBUG Engine.Configuration] Dumping JSON config into /Users/daper01/Documents/OSLo/JMeter/2017-12-14_11-50-11.581088/effective.json
[2017-12-14 11:50:15,649 DEBUG root] Leveling down log file verbosity, use -v option to have DEBUG messages enabled
[2017-12-14 11:50:15,867 INFO Engine.console] Waiting for finish...
[2017-12-14 11:50:33,667 WARNING Engine] Please wait for graceful shutdown...
[2017-12-14 11:50:33,674 DEBUG root] Leveled up log file verbosity
[2017-12-14 11:50:33,674 INFO Engine] Shutting down...
[2017-12-14 11:50:33,682 DEBUG Engine.local] Shutdown jmeter/two_tg
[2017-12-14 11:50:34,683 INFO Engine.jmeter] Sending Shutdown command to JMeter on port 4445...
[2017-12-14 11:50:35,697 DEBUG Engine.jmeter] JMeter stopped on Shutdown command
[2017-12-14 11:50:35,698 DEBUG Engine.console] Restoring logging streams, [<logging.StreamHandler object at 0x107685690>]/{<logging.StreamHandler object at 0x107685690>: <open file '<stdout>', mode 'w' at 0x1066f7150>}
[2017-12-14 11:50:35,702 DEBUG Engine.Configuration] Dumping YAML config into /Users/daper01/Documents/OSLo/JMeter/2017-12-14_11-50-11.581088/effective.yml
[2017-12-14 11:50:35,740 DEBUG Engine.Configuration] Dumping JSON config into /Users/daper01/Documents/OSLo/JMeter/2017-12-14_11-50-11.581088/effective.json
[2017-12-14 11:50:35,742 WARNING root] Keyboard interrupt
[2017-12-14 11:50:35,742 DEBUG root] KeyboardInterrupt: 
Traceback (most recent call last):
  File "/usr/local/lib/python2.7/site-packages/bzt/cli.py", line 221, in perform
    self.engine.run()
  File "/usr/local/lib/python2.7/site-packages/bzt/engine.py", line 202, in run
    reraise(exc_info)
  File "/usr/local/lib/python2.7/site-packages/bzt/engine.py", line 184, in run
    self._wait()
  File "/usr/local/lib/python2.7/site-packages/bzt/engine.py", line 227, in _wait
    time.sleep(delay)
KeyboardInterrupt
[2017-12-14 11:50:35,742 INFO Engine] Post-processing...
[2017-12-14 11:50:35,743 DEBUG Engine.local] Post-process jmeter/two_tg
[2017-12-14 11:50:35,743 DEBUG Engine] Add existing artifact (move=True): /Users/daper01/Documents/OSLo/JMeter/modified_two_thread_groups.jmx
[2017-12-14 11:50:35,743 DEBUG Engine] Moving /Users/daper01/Documents/OSLo/JMeter/modified_two_thread_groups.jmx to /Users/daper01/Documents/OSLo/JMeter/2017-12-14_11-50-11.581088/modified_two_thread_groups.jmx
[2017-12-14 11:50:35,757 DEBUG Engine.jmeter.JTLReader.IncrementalCSVReader] Reading JTL: /Users/daper01/Documents/OSLo/JMeter/2017-12-14_11-50-11.581088/kpi.jtl
[2017-12-14 11:50:35,757 DEBUG Engine.jmeter.JTLReader.IncrementalCSVReader] Read lines: 103 / 9371 bytes (at speed 1048576)
[2017-12-14 11:50:35,761 DEBUG Engine.jmeter.JTLReader] Buffer len: 4
[2017-12-14 11:50:35,761 DEBUG Engine.jmeter.JTLReader] Aggregating: 1513281031
[2017-12-14 11:50:35,767 DEBUG Engine.jmeter.JTLReader] Aggregating: 1513281032
[2017-12-14 11:50:35,771 DEBUG Engine.jmeter.JTLReader] Aggregating: 1513281033
[2017-12-14 11:50:35,777 DEBUG Engine.jmeter.JTLReader] Aggregating: 1513281034
[2017-12-14 11:50:35,784 DEBUG Engine.consolidator] Consolidator buffer[6]: [1513281029, 1513281030, 1513281031, 1513281032, 1513281033, 1513281034]
[2017-12-14 11:50:35,784 DEBUG Engine.consolidator] Merging into 1513281029
[2017-12-14 11:50:35,784 DEBUG Engine.consolidator] Merging 1513281029
[2017-12-14 11:50:35,793 DEBUG Engine.consolidator] Processed datapoint: 1513281029/None
[2017-12-14 11:50:35,793 DEBUG Engine.consolidator] Merging into 1513281030
[2017-12-14 11:50:35,794 DEBUG Engine.consolidator] Merging 1513281030
[2017-12-14 11:50:35,801 DEBUG Engine.consolidator] Processed datapoint: 1513281030/None
[2017-12-14 11:50:35,801 DEBUG Engine.consolidator] Merging into 1513281031
[2017-12-14 11:50:35,801 DEBUG Engine.consolidator] Merging 1513281031
[2017-12-14 11:50:35,808 DEBUG Engine.consolidator] Processed datapoint: 1513281031/None
[2017-12-14 11:50:35,808 DEBUG Engine.consolidator] Merging into 1513281032
[2017-12-14 11:50:35,808 DEBUG Engine.consolidator] Merging 1513281032
[2017-12-14 11:50:35,815 DEBUG Engine.consolidator] Processed datapoint: 1513281032/None
[2017-12-14 11:50:35,815 DEBUG Engine.consolidator] Merging into 1513281033
[2017-12-14 11:50:35,815 DEBUG Engine.consolidator] Merging 1513281033
[2017-12-14 11:50:35,822 DEBUG Engine.consolidator] Processed datapoint: 1513281033/None
[2017-12-14 11:50:35,822 DEBUG Engine.consolidator] Merging into 1513281034
[2017-12-14 11:50:35,822 DEBUG Engine.consolidator] Merging 1513281034
[2017-12-14 11:50:35,830 DEBUG Engine.consolidator] Processed datapoint: 1513281034/None
[2017-12-14 11:50:35,830 INFO Engine.final-stats] Test duration: 0:00:20
[2017-12-14 11:50:35,830 INFO Engine.final-stats] Samples count: 437, 27.69% failures
[2017-12-14 11:50:35,830 INFO Engine.final-stats] Average times: total 0.216, latency 0.212, connect 0.000
[2017-12-14 11:50:35,830 INFO Engine.final-stats] Percentile 0.0%: 0.004
[2017-12-14 11:50:35,830 INFO Engine.final-stats] Percentile 50.0%: 0.180
[2017-12-14 11:50:35,831 INFO Engine.final-stats] Percentile 90.0%: 0.344
[2017-12-14 11:50:35,831 INFO Engine.final-stats] Percentile 95.0%: 0.353
[2017-12-14 11:50:35,831 INFO Engine.final-stats] Percentile 99.0%: 0.409
[2017-12-14 11:50:35,831 INFO Engine.final-stats] Percentile 99.9%: 0.943
[2017-12-14 11:50:35,831 INFO Engine.final-stats] Percentile 100.0%: 0.943
[2017-12-14 11:50:35,831 DEBUG Engine.console] No logger_handler or orig_stream was detected
[2017-12-14 11:50:35,833 DEBUG Engine.Configuration] Dumping YAML config into /Users/daper01/Documents/OSLo/JMeter/2017-12-14_11-50-11.581088/effective.yml
[2017-12-14 11:50:35,861 DEBUG Engine.Configuration] Dumping JSON config into /Users/daper01/Documents/OSLo/JMeter/2017-12-14_11-50-11.581088/effective.json
[2017-12-14 11:50:35,862 INFO root] Artifacts dir: /Users/daper01/Documents/OSLo/JMeter/2017-12-14_11-50-11.581088
[2017-12-14 11:50:35,862 WARNING root] Done performing with code: 1
[2017-12-14 11:50:35,863 DEBUG root] Closing log handler: /Users/daper01/Documents/OSLo/JMeter/2017-12-14_11-50-11.581088/bzt.log
