2017-12-14 11:50:16,664 INFO o.a.j.u.JMeterUtils: Setting Locale to en_US
2017-12-14 11:50:16,677 INFO o.a.j.JMeter: Loading user properties from: /Users/daper01/.bzt/jmeter-taurus/3.3/bin/user.properties
2017-12-14 11:50:16,678 INFO o.a.j.JMeter: Loading system properties from: /Users/daper01/.bzt/jmeter-taurus/3.3/bin/system.properties
2017-12-14 11:50:16,683 INFO o.a.j.JMeter: Copyright (c) 1998-2017 The Apache Software Foundation
2017-12-14 11:50:16,684 INFO o.a.j.JMeter: Version 3.3 r1808647
2017-12-14 11:50:16,684 INFO o.a.j.JMeter: java.version=1.8.0_121
2017-12-14 11:50:16,684 INFO o.a.j.JMeter: java.vm.name=Java HotSpot(TM) 64-Bit Server VM
2017-12-14 11:50:16,684 INFO o.a.j.JMeter: os.name=Mac OS X
2017-12-14 11:50:16,684 INFO o.a.j.JMeter: os.arch=x86_64
2017-12-14 11:50:16,684 INFO o.a.j.JMeter: os.version=10.13.1
2017-12-14 11:50:16,684 INFO o.a.j.JMeter: file.encoding=UTF-8
2017-12-14 11:50:16,684 INFO o.a.j.JMeter: Max memory     =3817865216
2017-12-14 11:50:16,684 INFO o.a.j.JMeter: Available Processors =4
2017-12-14 11:50:16,687 INFO o.a.j.JMeter: Default Locale=English (United States)
2017-12-14 11:50:16,688 INFO o.a.j.JMeter: JMeter  Locale=English (United States)
2017-12-14 11:50:16,688 INFO o.a.j.JMeter: JMeterHome=/Users/daper01/.bzt/jmeter-taurus/3.3
2017-12-14 11:50:16,688 INFO o.a.j.JMeter: user.dir  =/Users/daper01/Documents/OSLo/JMeter
2017-12-14 11:50:16,688 INFO o.a.j.JMeter: PWD       =/Users/daper01/Documents/OSLo/JMeter
2017-12-14 11:50:16,690 INFO o.a.j.JMeter: IP: 10.137.176.213 Name: daper01mac1124 FullName: daper01mac1124.ca.com
2017-12-14 11:50:16,691 INFO o.a.j.JMeter: user.classpath=/Users/daper01/Documents/OSLo/JMeter/2017-12-14_11-50-11.581088
2017-12-14 11:50:16,691 INFO o.a.j.JMeter: Adding to classpath and loader: /Users/daper01/Documents/OSLo/JMeter/2017-12-14_11-50-11.581088
2017-12-14 11:50:16,694 INFO o.a.j.s.FileServer: Default base='/Users/daper01/Documents/OSLo/JMeter'
2017-12-14 11:50:16,694 INFO o.a.j.s.FileServer: Set new base='/Users/daper01/Documents/OSLo/JMeter'
2017-12-14 11:50:16,830 INFO o.a.j.s.SaveService: Testplan (JMX) version: 2.2. Testlog (JTL) version: 2.2
2017-12-14 11:50:16,846 INFO o.a.j.s.SaveService: Using SaveService properties file encoding UTF-8
2017-12-14 11:50:16,850 INFO o.a.j.s.SaveService: Using SaveService properties version 3.2
2017-12-14 11:50:16,856 INFO o.a.j.s.SaveService: Loading file: /Users/daper01/Documents/OSLo/JMeter/modified_two_thread_groups.jmx
2017-12-14 11:50:16,889 INFO o.a.j.p.h.c.CookieManager: Settings: Delete null: true Check: true Allow variable: true Save: false Prefix: COOKIE_
2017-12-14 11:50:16,905 INFO o.a.j.p.h.c.CacheManager: Will only cache the following methods: [GET]
2017-12-14 11:50:16,934 INFO o.a.j.p.h.s.HTTPSamplerBase: Parser for text/html is org.apache.jmeter.protocol.http.parser.LagartoBasedHtmlParser
2017-12-14 11:50:16,935 INFO o.a.j.p.h.s.HTTPSamplerBase: Parser for application/xhtml+xml is org.apache.jmeter.protocol.http.parser.LagartoBasedHtmlParser
2017-12-14 11:50:16,936 INFO o.a.j.p.h.s.HTTPSamplerBase: Parser for application/xml is org.apache.jmeter.protocol.http.parser.LagartoBasedHtmlParser
2017-12-14 11:50:16,936 INFO o.a.j.p.h.s.HTTPSamplerBase: Parser for text/xml is org.apache.jmeter.protocol.http.parser.LagartoBasedHtmlParser
2017-12-14 11:50:16,936 INFO o.a.j.p.h.s.HTTPSamplerBase: Parser for text/vnd.wap.wml is org.apache.jmeter.protocol.http.parser.RegexpHTMLParser
2017-12-14 11:50:16,936 INFO o.a.j.p.h.s.HTTPSamplerBase: Parser for text/css is org.apache.jmeter.protocol.http.parser.CssParser
2017-12-14 11:50:17,038 INFO o.a.j.e.StandardJMeterEngine: Running the test!
2017-12-14 11:50:17,038 INFO o.a.j.s.SampleEvent: List of sample_variables: []
2017-12-14 11:50:17,038 INFO o.a.j.s.SampleEvent: List of sample_variables: []
2017-12-14 11:50:17,045 INFO o.a.j.e.u.CompoundVariable: Note: Function class names must contain the string: '.functions.'
2017-12-14 11:50:17,045 INFO o.a.j.e.u.CompoundVariable: Note: Function class names must not contain the string: '.gui.'
2017-12-14 11:50:17,811 INFO o.a.j.JMeter: Running test (1513281017811)
2017-12-14 11:50:17,868 INFO o.a.j.e.StandardJMeterEngine: Starting ThreadGroup: 1 : Thread Group
2017-12-14 11:50:17,869 INFO o.a.j.e.StandardJMeterEngine: Starting 17 threads for group Thread Group.
2017-12-14 11:50:17,869 INFO o.a.j.e.StandardJMeterEngine: Thread will continue on error
2017-12-14 11:50:17,873 INFO c.b.j.t.c.ConcurrencyThreadStarter: Start supplying threads
2017-12-14 11:50:17,873 INFO o.a.j.e.StandardJMeterEngine: Starting ThreadGroup: 2 : Thread Group
2017-12-14 11:50:17,874 INFO o.a.j.e.StandardJMeterEngine: Starting 33 threads for group Thread Group.
2017-12-14 11:50:17,874 INFO o.a.j.e.StandardJMeterEngine: Thread will continue on error
2017-12-14 11:50:17,878 INFO c.b.j.t.c.ConcurrencyThreadStarter: Start supplying threads
2017-12-14 11:50:17,878 INFO o.a.j.e.StandardJMeterEngine: All thread groups have been started
2017-12-14 11:50:18,339 INFO o.a.j.s.SampleResult: Note: Sample TimeStamps are START times
2017-12-14 11:50:18,339 INFO o.a.j.t.JMeterThread: Thread started: Thread Group 2-1
2017-12-14 11:50:18,340 INFO o.a.j.s.SampleResult: sampleresult.default.encoding is set to UTF-8
2017-12-14 11:50:18,340 INFO o.a.j.s.SampleResult: sampleresult.useNanoTime=true
2017-12-14 11:50:18,340 INFO o.a.j.s.SampleResult: sampleresult.nanoThreadSleep=5000
2017-12-14 11:50:18,346 WARN k.a.j.t.VariableThroughputTimer: No free threads left in worker pool, made  0/1.0 samples
2017-12-14 11:50:18,364 INFO o.a.j.p.h.s.HTTPHCAbstractImpl: Local host = daper01mac1124
2017-12-14 11:50:18,372 INFO o.a.j.p.h.s.HTTPHC4Impl: HTTP request retry count = 0
2017-12-14 11:50:18,757 INFO o.a.j.t.JMeterThread: Thread started: Thread Group 1-1
2017-12-14 11:50:19,349 INFO o.a.j.t.JMeterThread: Thread started: Thread Group 2-2
2017-12-14 11:50:20,353 INFO o.a.j.t.JMeterThread: Thread started: Thread Group 2-3
2017-12-14 11:50:20,770 INFO o.a.j.t.JMeterThread: Thread started: Thread Group 1-2
2017-12-14 11:50:21,358 INFO o.a.j.t.JMeterThread: Thread started: Thread Group 2-4
2017-12-14 11:50:22,363 INFO o.a.j.t.JMeterThread: Thread started: Thread Group 2-5
2017-12-14 11:50:22,777 INFO o.a.j.t.JMeterThread: Thread started: Thread Group 1-3
2017-12-14 11:50:23,376 INFO o.a.j.t.JMeterThread: Thread started: Thread Group 2-6
2017-12-14 11:50:24,372 INFO o.a.j.t.JMeterThread: Thread started: Thread Group 2-7
2017-12-14 11:50:24,786 INFO o.a.j.t.JMeterThread: Thread started: Thread Group 1-4
2017-12-14 11:50:25,378 INFO o.a.j.t.JMeterThread: Thread started: Thread Group 2-8
2017-12-14 11:50:26,383 INFO o.a.j.t.JMeterThread: Thread started: Thread Group 2-9
2017-12-14 11:50:26,793 INFO o.a.j.t.JMeterThread: Thread started: Thread Group 1-5
2017-12-14 11:50:27,387 INFO o.a.j.t.JMeterThread: Thread started: Thread Group 2-10
2017-12-14 11:50:27,795 INFO o.a.j.t.JMeterThread: Thread started: Thread Group 1-6
2017-12-14 11:50:28,392 INFO o.a.j.t.JMeterThread: Thread started: Thread Group 2-11
2017-12-14 11:50:28,393 INFO o.a.j.t.JMeterThread: Thread started: Thread Group 2-12
2017-12-14 11:50:29,395 INFO o.a.j.t.JMeterThread: Thread started: Thread Group 2-13
2017-12-14 11:50:29,802 INFO o.a.j.t.JMeterThread: Thread started: Thread Group 1-7
2017-12-14 11:50:30,401 INFO o.a.j.t.JMeterThread: Thread started: Thread Group 2-14
2017-12-14 11:50:31,406 INFO o.a.j.t.JMeterThread: Thread started: Thread Group 2-15
2017-12-14 11:50:31,805 INFO o.a.j.t.JMeterThread: Thread started: Thread Group 1-8
2017-12-14 11:50:32,410 INFO o.a.j.t.JMeterThread: Thread started: Thread Group 2-16
2017-12-14 11:50:33,411 INFO o.a.j.t.JMeterThread: Thread started: Thread Group 2-17
2017-12-14 11:50:33,810 INFO o.a.j.t.JMeterThread: Thread started: Thread Group 1-9
2017-12-14 11:50:34,413 INFO o.a.j.t.JMeterThread: Thread started: Thread Group 2-18
2017-12-14 11:50:34,693 INFO o.a.j.JMeter: Command: Shutdown received from /127.0.0.1
2017-12-14 11:50:34,694 INFO c.b.j.t.c.ConcurrencyThreadStarter: Done supplying threads
2017-12-14 11:50:34,694 WARN o.a.j.t.JMeterThread: Interrupting: Thread Group 1-1 sampler: reserve
2017-12-14 11:50:34,695 WARN o.a.j.t.JMeterThread: Interrupting: Thread Group 1-8 sampler: reserve
2017-12-14 11:50:34,697 WARN o.a.j.t.JMeterThread: Interrupting: Thread Group 1-2 sampler: confirmation
2017-12-14 11:50:34,698 WARN o.a.j.t.JMeterThread: Interrupting: Thread Group 1-9 sampler: welcome
2017-12-14 11:50:34,700 INFO o.a.j.t.JMeterThread: Thread is done: Thread Group 1-1
2017-12-14 11:50:34,700 INFO o.a.j.t.JMeterThread: Thread finished: Thread Group 1-1
2017-12-14 11:50:34,700 INFO o.a.j.t.JMeterThread: Thread is done: Thread Group 1-8
2017-12-14 11:50:34,700 INFO o.a.j.t.JMeterThread: Thread finished: Thread Group 1-8
2017-12-14 11:50:34,701 WARN o.a.j.t.JMeterThread: Interrupting: Thread Group 2-6 sampler: welcome_2
2017-12-14 11:50:34,701 INFO o.a.j.t.JMeterThread: Thread is done: Thread Group 1-2
2017-12-14 11:50:34,701 INFO o.a.j.t.JMeterThread: Thread finished: Thread Group 1-2
2017-12-14 11:50:34,701 INFO o.a.j.e.StandardJMeterEngine: Notifying test listeners of end of test
2017-12-14 11:50:34,701 INFO c.b.j.t.c.ConcurrencyThreadStarter: Done supplying threads
2017-12-14 11:50:34,702 WARN o.a.j.t.JMeterThread: Interrupting: Thread Group 2-1 sampler: reserve_2
2017-12-14 11:50:34,704 INFO o.a.j.t.JMeterThread: Thread is done: Thread Group 1-9
2017-12-14 11:50:34,704 INFO o.a.j.t.JMeterThread: Thread finished: Thread Group 1-9
2017-12-14 11:50:34,704 INFO o.a.j.e.StandardJMeterEngine: Forced JVM shutdown requested at end of test
2017-12-14 11:50:34,704 INFO o.a.j.t.JMeterThread: Thread is done: Thread Group 2-6
2017-12-14 11:50:34,704 INFO o.a.j.t.JMeterThread: Thread is done: Thread Group 2-1
2017-12-14 11:50:34,705 INFO o.a.j.t.JMeterThread: Thread finished: Thread Group 2-6
2017-12-14 11:50:34,704 WARN o.a.j.t.JMeterThread: Interrupting: Thread Group 2-18 sampler: welcome_2
2017-12-14 11:50:34,705 INFO o.a.j.t.JMeterThread: Thread finished: Thread Group 2-1
2017-12-14 11:50:34,697 ERROR k.a.j.t.VariableThroughputTimer: Waiting thread was interrupted
java.lang.InterruptedException: null
	at java.lang.Object.wait(Native Method) ~[?:1.8.0_121]
	at kg.apc.jmeter.timers.VariableThroughputTimer.delay(VariableThroughputTimer.java:78) [jmeter-plugins-tst-2.1.jar:?]
	at org.apache.jmeter.threads.JMeterThread.delay(JMeterThread.java:851) [ApacheJMeter_core.jar:3.3 r1808647]
	at org.apache.jmeter.threads.JMeterThread.executeSamplePackage(JMeterThread.java:480) [ApacheJMeter_core.jar:3.3 r1808647]
	at org.apache.jmeter.threads.JMeterThread.processSampler(JMeterThread.java:424) [ApacheJMeter_core.jar:3.3 r1808647]
	at org.apache.jmeter.threads.JMeterThread.run(JMeterThread.java:255) [ApacheJMeter_core.jar:3.3 r1808647]
	at java.lang.Thread.run(Thread.java:745) [?:1.8.0_121]
2017-12-14 11:50:34,706 ERROR k.a.j.t.VariableThroughputTimer: Waiting thread was interrupted
java.lang.InterruptedException: null
	at java.lang.Object.wait(Native Method) ~[?:1.8.0_121]
	at kg.apc.jmeter.timers.VariableThroughputTimer.delay(VariableThroughputTimer.java:78) [jmeter-plugins-tst-2.1.jar:?]
	at org.apache.jmeter.threads.JMeterThread.delay(JMeterThread.java:851) [ApacheJMeter_core.jar:3.3 r1808647]
	at org.apache.jmeter.threads.JMeterThread.executeSamplePackage(JMeterThread.java:480) [ApacheJMeter_core.jar:3.3 r1808647]
	at org.apache.jmeter.threads.JMeterThread.processSampler(JMeterThread.java:424) [ApacheJMeter_core.jar:3.3 r1808647]
	at org.apache.jmeter.threads.JMeterThread.run(JMeterThread.java:255) [ApacheJMeter_core.jar:3.3 r1808647]
	at java.lang.Thread.run(Thread.java:745) [?:1.8.0_121]
2017-12-14 11:50:34,706 WARN o.a.j.t.JMeterThread: Interrupting: Thread Group 2-13 sampler: reserve_2
2017-12-14 11:50:34,706 ERROR k.a.j.t.VariableThroughputTimer: Waiting thread was interrupted
java.lang.InterruptedException: null
	at java.lang.Object.wait(Native Method) ~[?:1.8.0_121]
	at kg.apc.jmeter.timers.VariableThroughputTimer.delay(VariableThroughputTimer.java:78) [jmeter-plugins-tst-2.1.jar:?]
	at org.apache.jmeter.threads.JMeterThread.delay(JMeterThread.java:851) [ApacheJMeter_core.jar:3.3 r1808647]
	at org.apache.jmeter.threads.JMeterThread.executeSamplePackage(JMeterThread.java:480) [ApacheJMeter_core.jar:3.3 r1808647]
	at org.apache.jmeter.threads.JMeterThread.processSampler(JMeterThread.java:424) [ApacheJMeter_core.jar:3.3 r1808647]
	at org.apache.jmeter.threads.JMeterThread.run(JMeterThread.java:255) [ApacheJMeter_core.jar:3.3 r1808647]
	at java.lang.Thread.run(Thread.java:745) [?:1.8.0_121]
2017-12-14 11:50:34,707 INFO o.a.j.t.JMeterThread: Thread is done: Thread Group 2-18
2017-12-14 11:50:34,707 ERROR k.a.j.t.VariableThroughputTimer: Waiting thread was interrupted
java.lang.InterruptedException: null
	at java.lang.Object.wait(Native Method) ~[?:1.8.0_121]
	at kg.apc.jmeter.timers.VariableThroughputTimer.delay(VariableThroughputTimer.java:78) [jmeter-plugins-tst-2.1.jar:?]
	at org.apache.jmeter.threads.JMeterThread.delay(JMeterThread.java:851) [ApacheJMeter_core.jar:3.3 r1808647]
	at org.apache.jmeter.threads.JMeterThread.executeSamplePackage(JMeterThread.java:480) [ApacheJMeter_core.jar:3.3 r1808647]
	at org.apache.jmeter.threads.JMeterThread.processSampler(JMeterThread.java:424) [ApacheJMeter_core.jar:3.3 r1808647]
	at org.apache.jmeter.threads.JMeterThread.run(JMeterThread.java:255) [ApacheJMeter_core.jar:3.3 r1808647]
	at java.lang.Thread.run(Thread.java:745) [?:1.8.0_121]
