[2017-12-14 13:10:32,592 INFO root] Taurus CLI Tool v1.9.6
[2017-12-14 13:10:32,593 DEBUG root] Command-line options: {'verbose': None, 'no_system_configs': None, 'quiet': None, 'log': '/var/folders/vq/xzrdy2lx047cst78f69v8z3xfzqz1q/T/bzt_zWREu2.log', 'option': None, 'aliases': []}
[2017-12-14 13:10:32,593 DEBUG root] Python: CPython 2.7.13
[2017-12-14 13:10:32,593 DEBUG root] OS: ('Darwin', 'daper01mac1124', '17.2.0', 'Darwin Kernel Version 17.2.0: Fri Sep 29 18:27:05 PDT 2017; root:xnu-4570.20.62~3/RELEASE_X86_64', 'x86_64', 'i386')
[2017-12-14 13:10:32,593 INFO root] Starting with configs: ['jmeter.yml']
[2017-12-14 13:10:32,593 DEBUG root] Using personal config: /Users/daper01/.bzt-rc
[2017-12-14 13:10:32,593 INFO Engine] Configuring...
[2017-12-14 13:10:32,593 DEBUG Engine] Reading extension configs from: /usr/local/etc/bzt.d
[2017-12-14 13:10:32,594 DEBUG Engine.Configuration] Configs: ['/usr/local/lib/python2.7/site-packages/bzt/resources/base-config.yml', '/usr/local/etc/bzt.d/99-installID.yml']
[2017-12-14 13:10:32,594 DEBUG Engine.Configuration] Reading /usr/local/lib/python2.7/site-packages/bzt/resources/base-config.yml as YAML
[2017-12-14 13:10:32,618 DEBUG Engine.Configuration] Reading /usr/local/etc/bzt.d/99-installID.yml as YAML
[2017-12-14 13:10:32,619 DEBUG Engine.Configuration] Configs: ['/Users/daper01/.bzt-rc', 'jmeter.yml']
[2017-12-14 13:10:32,619 DEBUG Engine.Configuration] Reading /Users/daper01/.bzt-rc as YAML
[2017-12-14 13:10:32,620 DEBUG Engine.Configuration] Reading jmeter.yml as YAML
[2017-12-14 13:10:32,623 DEBUG Engine.Configuration] Configs: ['/Users/daper01/.bzt-rc', 'jmeter.yml']
[2017-12-14 13:10:32,624 DEBUG Engine.Configuration] Reading /Users/daper01/.bzt-rc as YAML
[2017-12-14 13:10:32,625 DEBUG Engine.Configuration] Reading jmeter.yml as YAML
[2017-12-14 13:10:32,642 DEBUG Engine] Requesting updates info: http://gettaurus.org/updates/?version=1.9.6&installID=784f43782a15
[2017-12-14 13:10:32,648 INFO Engine] Artifacts dir: /Users/daper01/Documents/OSLo/JMeter/2017-12-14_13-10-32.642363
[2017-12-14 13:10:32,648 DEBUG Engine] New artifact filename: /Users/daper01/Documents/OSLo/JMeter/2017-12-14_13-10-32.642363/effective
[2017-12-14 13:10:32,650 DEBUG Engine.Configuration] Dumping YAML config into /Users/daper01/Documents/OSLo/JMeter/2017-12-14_13-10-32.642363/effective.yml
[2017-12-14 13:10:32,676 DEBUG Engine.Configuration] Dumping JSON config into /Users/daper01/Documents/OSLo/JMeter/2017-12-14_13-10-32.642363/effective.json
[2017-12-14 13:10:32,677 DEBUG Engine] New artifact filename: /Users/daper01/Documents/OSLo/JMeter/2017-12-14_13-10-32.642363/merged.yml
[2017-12-14 13:10:32,678 DEBUG Engine.Configuration] Dumping YAML config into /Users/daper01/Documents/OSLo/JMeter/2017-12-14_13-10-32.642363/merged.yml
[2017-12-14 13:10:32,685 DEBUG Engine] New artifact filename: /Users/daper01/Documents/OSLo/JMeter/2017-12-14_13-10-32.642363/merged.json
[2017-12-14 13:10:32,686 DEBUG Engine.Configuration] Dumping JSON config into /Users/daper01/Documents/OSLo/JMeter/2017-12-14_13-10-32.642363/merged.json
[2017-12-14 13:10:32,686 DEBUG Engine] Add existing artifact (move=False): jmeter.yml
[2017-12-14 13:10:32,687 DEBUG Engine] Copying jmeter.yml to /Users/daper01/Documents/OSLo/JMeter/2017-12-14_13-10-32.642363/jmeter.yml
[2017-12-14 13:10:32,687 DEBUG root] Closing log handler: /var/folders/vq/xzrdy2lx047cst78f69v8z3xfzqz1q/T/bzt_zWREu2.log
[2017-12-14 13:10:32,701 DEBUG root] Switched writing logs to /Users/daper01/Documents/OSLo/JMeter/2017-12-14_13-10-32.642363/bzt.log
[2017-12-14 13:10:32,701 INFO Engine] Preparing...
[2017-12-14 13:10:32,702 DEBUG Engine] Module config: consolidator defaultdict(None, {'class': 'bzt.modules.aggregator.ConsolidatingAggregator'})
[2017-12-14 13:10:32,702 DEBUG root] Importing module: bzt.modules.aggregator
[2017-12-14 13:10:32,704 DEBUG root] Loading class: 'ConsolidatingAggregator' from <module 'bzt.modules.aggregator' from '/usr/local/lib/python2.7/site-packages/bzt/modules/aggregator.pyc'>
[2017-12-14 13:10:32,704 DEBUG Engine.consolidator] Exception in dehumanize_time(inf)
[2017-12-14 13:10:32,704 DEBUG Engine.consolidator] Buffer scaling setup: percentile 95.0 from [0.0, 50.0, 90.0, 95.0, 99.0, 99.9, 100.0] selected
[2017-12-14 13:10:32,705 DEBUG Engine] Module config: monitoring defaultdict(None, {'class': 'bzt.modules.monitoring.Monitoring'})
[2017-12-14 13:10:32,705 DEBUG root] Importing module: bzt.modules.monitoring
[2017-12-14 13:10:32,724 DEBUG root] Loading class: 'Monitoring' from <module 'bzt.modules.monitoring' from '/usr/local/lib/python2.7/site-packages/bzt/modules/monitoring.pyc'>
[2017-12-14 13:10:32,724 DEBUG Engine] Module config: local defaultdict(None, {'class': 'bzt.modules.provisioning.Local'})
[2017-12-14 13:10:32,724 DEBUG root] Importing module: bzt.modules.provisioning
[2017-12-14 13:10:32,724 DEBUG root] Loading class: 'Local' from <module 'bzt.modules.provisioning' from '/usr/local/lib/python2.7/site-packages/bzt/modules/provisioning.pyc'>
[2017-12-14 13:10:32,725 DEBUG Engine] Module config: jmeter defaultdict(None, {'properties': defaultdict(None, {'jmeter.save.saveservice.autoflush': 'true', 'summariser.name': '', 'jmeter.save.saveservice.connect_time': 'true', 'mode': 'Stripped', 'jmeterengine.force.system.exit': 'true'}), 'class': 'bzt.modules.jmeter.JMeterExecutor', 'plugins': ['jpgc-casutg', 'jpgc-dummy', 'jpgc-ffw', 'jpgc-fifo', 'jpgc-functions', 'jpgc-json', 'jpgc-perfmon', 'jpgc-prmctl', 'jpgc-tst']})
[2017-12-14 13:10:32,725 DEBUG root] Importing module: bzt.modules.jmeter
[2017-12-14 13:10:32,738 DEBUG root] Loading class: 'JMeterExecutor' from <module 'bzt.modules.jmeter' from '/usr/local/lib/python2.7/site-packages/bzt/modules/jmeter.pyc'>
[2017-12-14 13:10:32,738 DEBUG Engine.local] Preparing executor: jmeter/4435906128
[2017-12-14 13:10:32,739 DEBUG Engine] New artifact filename: /Users/daper01/Documents/OSLo/JMeter/2017-12-14_13-10-32.642363/jmeter.log
[2017-12-14 13:10:32,739 DEBUG Engine.jmeter] Checking if port 4445 is free
[2017-12-14 13:10:32,740 DEBUG Engine.jmeter] Port 4445 is free
[2017-12-14 13:10:32,740 DEBUG Engine.jmeter] Using port 4445 for management
[2017-12-14 13:10:32,740 DEBUG Engine.jmeter.JavaVM] Trying JavaVM: ['java', '-version']
[2017-12-14 13:10:32,859 DEBUG Engine.jmeter.JavaVM] JavaVM output: java version "1.8.0_121"
Java(TM) SE Runtime Environment (build 1.8.0_121-b13)
Java HotSpot(TM) 64-Bit Server VM (build 25.121-b13, mixed mode)

[2017-12-14 13:10:32,859 DEBUG Engine.jmeter.TclLibrary] We don't need to check tcl library on this platform
[2017-12-14 13:10:32,860 DEBUG Engine.jmeter.JMeter] Trying jmeter: /Users/daper01/.bzt/jmeter-taurus/3.3/bin/jmeter.sh
[2017-12-14 13:10:32,860 DEBUG bzt.utils] Executing shell: ['/Users/daper01/.bzt/jmeter-taurus/3.3/bin/jmeter.sh', '-j', '/var/folders/vq/xzrdy2lx047cst78f69v8z3xfzqz1q/T/jmeterHck00Ylog', '--version']
[2017-12-14 13:10:33,264 DEBUG Engine] Taurus updates info: {"latest":"1.10.3","needsUpgrade":true}
[2017-12-14 13:10:33,264 WARNING Engine] There is newer version of Taurus 1.10.3 available, consider upgrading. What's new: http://gettaurus.org/docs/Changelog/
[2017-12-14 13:10:33,882 DEBUG Engine.jmeter.JMeter] JMeter check:     _    ____   _    ____ _   _ _____       _ __  __ _____ _____ _____ ____     
   / \  |  _ \ / \  / ___| | | | ____|     | |  \/  | ____|_   _| ____|  _ \   
  / _ \ | |_) / _ \| |   | |_| |  _|    _  | | |\/| |  _|   | | |  _| | |_) | 
 / ___ \|  __/ ___ \ |___|  _  | |___  | |_| | |  | | |___  | | | |___|  _ <  
/_/   \_\_| /_/   \_\____|_| |_|_____|  \___/|_|  |_|_____| |_| |_____|_| \_\ 3.3 r1808647  

Copyright (c) 1999-2017 The Apache Software Foundation

 / None
[2017-12-14 13:10:33,883 DEBUG bzt.utils] Executing shell: ['/Users/daper01/.bzt/jmeter-taurus/3.3/bin/PluginsManagerCMD.sh', 'install-for-jmx', 'blazedemo_easy_peasy.jmx']
[2017-12-14 13:10:36,481 DEBUG Engine.jmeter.JMeter] Try to detect plugins for blazedemo_easy_peasy.jmx
13:10:35.405 [main] INFO  org.jmeterplugins.repository.PluginManager - Plugins Status: [jpgc-functions=2.0, jpgc-casutg=2.1, jpgc-dummy=0.2, jpgc-ffw=2.0, jpgc-fifo=0.2, jpgc-json=2.6, jpgc-prmctl=0.3, jpgc-perfmon=2.1, jpgc-plugins-manager=0.16, jpgc-tst=2.1, jmeter-core=3.3, jmeter-ftp=3.3, jmeter-http=3.3, jmeter-jdbc=3.3, jmeter-jms=3.3, jmeter-junit=3.3, jmeter-java=3.3, jmeter-ldap=3.3, jmeter-mail=3.3, jmeter-mongodb=3.3, jmeter-native=3.3, jmeter-tcp=3.3, jmeter-components=3.3]
2017-12-14 13:10:35,405 INFO o.j.r.PluginManager: Plugins Status: [jpgc-functions=2.0, jpgc-casutg=2.1, jpgc-dummy=0.2, jpgc-ffw=2.0, jpgc-fifo=0.2, jpgc-json=2.6, jpgc-prmctl=0.3, jpgc-perfmon=2.1, jpgc-plugins-manager=0.16, jpgc-tst=2.1, jmeter-core=3.3, jmeter-ftp=3.3, jmeter-http=3.3, jmeter-jdbc=3.3, jmeter-jms=3.3, jmeter-junit=3.3, jmeter-java=3.3, jmeter-ldap=3.3, jmeter-mail=3.3, jmeter-mongodb=3.3, jmeter-native=3.3, jmeter-tcp=3.3, jmeter-components=3.3]
13:10:35.845 [main] INFO  org.apache.jmeter.save.SaveService - Testplan (JMX) version: 2.2. Testlog (JTL) version: 2.2
2017-12-14 13:10:35,845 INFO o.a.j.s.SaveService: Testplan (JMX) version: 2.2. Testlog (JTL) version: 2.2
13:10:35.861 [main] INFO  org.apache.jmeter.save.SaveService - Using SaveService properties file encoding UTF-8
2017-12-14 13:10:35,861 INFO o.a.j.s.SaveService: Using SaveService properties file encoding UTF-8
13:10:35.866 [main] INFO  org.apache.jmeter.save.SaveService - Using SaveService properties version 3.2
2017-12-14 13:10:35,866 INFO o.a.j.s.SaveService: Using SaveService properties version 3.2
13:10:35.910 [main] INFO  org.apache.jmeter.protocol.http.control.CookieManager - Settings: Delete null: true Check: true Allow variable: true Save: false Prefix: COOKIE_
2017-12-14 13:10:35,910 INFO o.a.j.p.h.c.CookieManager: Settings: Delete null: true Check: true Allow variable: true Save: false Prefix: COOKIE_
13:10:35.956 [main] INFO  org.apache.jmeter.protocol.http.control.CacheManager - Will only cache the following methods: [GET]
2017-12-14 13:10:35,956 INFO o.a.j.p.h.c.CacheManager: Will only cache the following methods: [GET]
13:10:36.053 [main] INFO  org.jmeterplugins.repository.PluginManager - Restarting JMeter...
2017-12-14 13:10:36,053 INFO o.j.r.PluginManager: Restarting JMeter...
13:10:36.055 [Thread-1] INFO  org.jmeterplugins.repository.PluginManager - Starting JMeter Plugins modifications
2017-12-14 13:10:36,055 INFO o.j.r.PluginManager: Starting JMeter Plugins modifications

ERROR StatusLogger No log4j2 configuration file found. Using default configuration: logging only errors to the console. Set system property 'org.apache.logging.log4j.simplelog.StatusLogger.level' to TRACE to show Log4j2 internal initialization logging.

[2017-12-14 13:10:36,482 DEBUG Engine.jmeter] Load: LoadSpec(concurrency=50, throughput=100.0, ramp_up=30.0, hold=60.0, iterations=0, duration=90.0, steps=None)
[2017-12-14 13:10:36,487 DEBUG Engine.jmeter.LoadSettingsProcessor.ThreadGroupHandler] Converting ThreadGroup (Thread Group) to ConcurrencyThreadGroup and apply load parameters
[2017-12-14 13:10:36,488 DEBUG Engine] New artifact filename: /Users/daper01/Documents/OSLo/JMeter/2017-12-14_13-10-32.642363/kpi.jtl
[2017-12-14 13:10:36,489 DEBUG Engine] New artifact filename: /Users/daper01/Documents/OSLo/JMeter/2017-12-14_13-10-32.642363/error.jtl
[2017-12-14 13:10:36,490 DEBUG Engine.jmeter] Enforcing parent sample for transaction controller
[2017-12-14 13:10:36,491 INFO Engine.jmeter] 1 obsolete CookieManagers are found and fixed
[2017-12-14 13:10:36,492 DEBUG JMX] Saving JMX to: /Users/daper01/Documents/OSLo/JMeter/modified_blazedemo_easy_peasy.jmx
[2017-12-14 13:10:36,493 DEBUG Engine.jmeter] Additional properties: defaultdict(None, {'jmeter.save.saveservice.autoflush': 'true', 'jmeter.save.saveservice.connect_time': 'true', 'user.classpath': '/Users/daper01/Documents/OSLo/JMeter/2017-12-14_13-10-32.642363', 'sampleresult.default.encoding': 'UTF-8', 'summariser.name': '', 'jmeterengine.force.system.exit': 'true', 'jmeter.save.saveservice.timestamp_format': 'ms', 'mode': 'Stripped', 'jmeterengine.nongui.maxport': 4445, 'jmeterengine.nongui.port': 4445})
[2017-12-14 13:10:36,494 DEBUG Engine] New artifact filename: /Users/daper01/Documents/OSLo/JMeter/2017-12-14_13-10-32.642363/jmeter-bzt.properties
[2017-12-14 13:10:36,494 DEBUG Engine] New artifact filename: /Users/daper01/Documents/OSLo/JMeter/2017-12-14_13-10-32.642363/jmeter.out
[2017-12-14 13:10:36,494 DEBUG Engine] New artifact filename: /Users/daper01/Documents/OSLo/JMeter/2017-12-14_13-10-32.642363/jmeter.err
[2017-12-14 13:10:36,495 DEBUG Engine] Module config: final-stats defaultdict(None, {'class': 'bzt.modules.reporting.FinalStatus'})
[2017-12-14 13:10:36,495 DEBUG root] Importing module: bzt.modules.reporting
[2017-12-14 13:10:36,560 DEBUG easyprocess] version=0.2.3
[2017-12-14 13:10:36,563 DEBUG pyvirtualdisplay] version=0.2.1
[2017-12-14 13:10:36,565 DEBUG root] Loading class: 'FinalStatus' from <module 'bzt.modules.reporting' from '/usr/local/lib/python2.7/site-packages/bzt/modules/reporting.pyc'>
[2017-12-14 13:10:36,565 DEBUG Engine] Module config: console defaultdict(None, {'class': 'bzt.modules.console.ConsoleStatusReporter'})
[2017-12-14 13:10:36,566 DEBUG root] Importing module: bzt.modules.console
[2017-12-14 13:10:36,566 DEBUG root] Loading class: 'ConsoleStatusReporter' from <module 'bzt.modules.console' from '/usr/local/lib/python2.7/site-packages/bzt/modules/console.pyc'>
[2017-12-14 13:10:36,567 DEBUG Engine] Module config: passfail defaultdict(None, {'class': 'bzt.modules.passfail.PassFailStatus'})
[2017-12-14 13:10:36,567 DEBUG root] Importing module: bzt.modules.passfail
[2017-12-14 13:10:36,567 DEBUG root] Loading class: 'PassFailStatus' from <module 'bzt.modules.passfail' from '/usr/local/lib/python2.7/site-packages/bzt/modules/passfail.pyc'>
[2017-12-14 13:10:36,576 DEBUG root] Importing module: bzt.modules.passfail
[2017-12-14 13:10:36,577 DEBUG root] Loading class: 'DataCriterion' from <module 'bzt.modules.passfail' from '/usr/local/lib/python2.7/site-packages/bzt/modules/passfail.pyc'>
[2017-12-14 13:10:36,577 DEBUG root] Importing module: bzt.modules.passfail
[2017-12-14 13:10:36,577 DEBUG root] Loading class: 'DataCriterion' from <module 'bzt.modules.passfail' from '/usr/local/lib/python2.7/site-packages/bzt/modules/passfail.pyc'>
[2017-12-14 13:10:36,579 DEBUG Engine.Configuration] Dumping YAML config into /Users/daper01/Documents/OSLo/JMeter/2017-12-14_13-10-32.642363/effective.yml
[2017-12-14 13:10:36,607 DEBUG Engine.Configuration] Dumping JSON config into /Users/daper01/Documents/OSLo/JMeter/2017-12-14_13-10-32.642363/effective.json
[2017-12-14 13:10:36,608 INFO Engine] Starting...
[2017-12-14 13:10:36,609 DEBUG Engine] Startup <bzt.modules.monitoring.Monitoring object at 0x107cf9d10>
[2017-12-14 13:10:36,609 DEBUG Engine] Startup <bzt.modules.aggregator.ConsolidatingAggregator object at 0x107cdcc10>
[2017-12-14 13:10:36,609 DEBUG Engine] Startup <bzt.modules.reporting.FinalStatus object at 0x108668e90>
[2017-12-14 13:10:36,609 DEBUG Engine] Startup <bzt.modules.console.ConsoleStatusReporter object at 0x1087e2350>
[2017-12-14 13:10:36,609 INFO Engine.console] Waiting for results...
[2017-12-14 13:10:36,609 DEBUG Engine] Startup <bzt.modules.passfail.PassFailStatus object at 0x108802710>
[2017-12-14 13:10:36,610 DEBUG Engine] Startup <bzt.modules.provisioning.Local object at 0x107cdc750>
[2017-12-14 13:10:36,610 DEBUG Engine.local] Delay setup for jmeter/simple: 0(start-at) + 0(delay) = 0
[2017-12-14 13:10:36,612 DEBUG Engine.Configuration] Dumping YAML config into /Users/daper01/Documents/OSLo/JMeter/2017-12-14_13-10-32.642363/effective.yml
[2017-12-14 13:10:36,648 DEBUG Engine.Configuration] Dumping JSON config into /Users/daper01/Documents/OSLo/JMeter/2017-12-14_13-10-32.642363/effective.json
[2017-12-14 13:10:36,649 DEBUG root] Leveling down log file verbosity, use -v option to have DEBUG messages enabled
[2017-12-14 13:10:36,868 INFO Engine.console] Waiting for finish...
[2017-12-14 13:12:10,865 WARNING Engine.jmeter.JTLErrorsReader] Failed to parse errors XML: Opening and ending tag mismatch: responseData line 671 and testResults, line 686, column 15 (line 686)
[2017-12-14 13:12:10,949 WARNING Engine] Please wait for graceful shutdown...
[2017-12-14 13:12:10,959 DEBUG root] Leveled up log file verbosity
[2017-12-14 13:12:10,959 INFO Engine] Shutting down...
[2017-12-14 13:12:10,964 DEBUG Engine.local] Shutdown jmeter/simple
[2017-12-14 13:12:10,964 DEBUG Engine.console] Restoring logging streams, [<logging.StreamHandler object at 0x107214690>]/{<logging.StreamHandler object at 0x107214690>: <open file '<stdout>', mode 'w' at 0x1061e9150>}
[2017-12-14 13:12:10,966 DEBUG Engine.Configuration] Dumping YAML config into /Users/daper01/Documents/OSLo/JMeter/2017-12-14_13-10-32.642363/effective.yml
[2017-12-14 13:12:10,997 DEBUG Engine.Configuration] Dumping JSON config into /Users/daper01/Documents/OSLo/JMeter/2017-12-14_13-10-32.642363/effective.json
[2017-12-14 13:12:10,999 INFO Engine] Post-processing...
[2017-12-14 13:12:10,999 DEBUG Engine.local] Post-process jmeter/simple
[2017-12-14 13:12:10,999 DEBUG Engine] Add existing artifact (move=True): /Users/daper01/Documents/OSLo/JMeter/modified_blazedemo_easy_peasy.jmx
[2017-12-14 13:12:10,999 DEBUG Engine] Moving /Users/daper01/Documents/OSLo/JMeter/modified_blazedemo_easy_peasy.jmx to /Users/daper01/Documents/OSLo/JMeter/2017-12-14_13-10-32.642363/modified_blazedemo_easy_peasy.jmx
[2017-12-14 13:12:11,000 DEBUG Engine.jmeter.JTLReader.IncrementalCSVReader] Reading JTL: /Users/daper01/Documents/OSLo/JMeter/2017-12-14_13-10-32.642363/kpi.jtl
[2017-12-14 13:12:11,000 DEBUG Engine.jmeter.JTLReader.IncrementalCSVReader] Read lines: 0 / 0 bytes (at speed 1048576)
[2017-12-14 13:12:11,000 DEBUG Engine.jmeter.JTLReader] Buffer len: 2
[2017-12-14 13:12:11,000 DEBUG Engine.jmeter.JTLReader] Aggregating: 1513285929
[2017-12-14 13:12:11,012 DEBUG Engine.jmeter.JTLReader] Aggregating: 1513285930
[2017-12-14 13:12:11,015 DEBUG Engine.consolidator] Consolidator buffer[4]: [1513285927, 1513285928, 1513285929, 1513285930]
[2017-12-14 13:12:11,015 DEBUG Engine.consolidator] Merging into 1513285927
[2017-12-14 13:12:11,015 DEBUG Engine.consolidator] Merging 1513285927
[2017-12-14 13:12:11,040 DEBUG Engine.consolidator] Processed datapoint: 1513285927/None
[2017-12-14 13:12:11,041 DEBUG Engine.consolidator] Merging into 1513285928
[2017-12-14 13:12:11,041 DEBUG Engine.consolidator] Merging 1513285928
[2017-12-14 13:12:11,052 DEBUG Engine.consolidator] Processed datapoint: 1513285928/None
[2017-12-14 13:12:11,052 DEBUG Engine.consolidator] Merging into 1513285929
[2017-12-14 13:12:11,052 DEBUG Engine.consolidator] Merging 1513285929
[2017-12-14 13:12:11,065 DEBUG Engine.consolidator] Processed datapoint: 1513285929/None
[2017-12-14 13:12:11,065 DEBUG Engine.consolidator] Merging into 1513285930
[2017-12-14 13:12:11,066 DEBUG Engine.consolidator] Merging 1513285930
[2017-12-14 13:12:11,075 DEBUG Engine.consolidator] Processed datapoint: 1513285930/None
[2017-12-14 13:12:11,075 INFO Engine.final-stats] Test duration: 0:01:34
[2017-12-14 13:12:11,076 INFO Engine.final-stats] Samples count: 7548, 0.33% failures
[2017-12-14 13:12:11,076 INFO Engine.final-stats] Average times: total 0.214, latency 0.211, connect 0.000
[2017-12-14 13:12:11,076 INFO Engine.final-stats] Percentile 0.0%: 0.014
[2017-12-14 13:12:11,076 INFO Engine.final-stats] Percentile 50.0%: 0.178
[2017-12-14 13:12:11,077 INFO Engine.final-stats] Percentile 90.0%: 0.339
[2017-12-14 13:12:11,077 INFO Engine.final-stats] Percentile 95.0%: 0.347
[2017-12-14 13:12:11,077 INFO Engine.final-stats] Percentile 99.0%: 0.359
[2017-12-14 13:12:11,077 INFO Engine.final-stats] Percentile 99.9%: 0.517
[2017-12-14 13:12:11,077 INFO Engine.final-stats] Percentile 100.0%: 21.314
[2017-12-14 13:12:11,077 DEBUG Engine.console] No logger_handler or orig_stream was detected
[2017-12-14 13:12:11,078 WARNING root] Alert: reserver page RT too long
[2017-12-14 13:12:11,078 DEBUG root] 1513285930 Failed: reserver page RT too long: True
[2017-12-14 13:12:11,078 WARNING root] Alert: welcome page RT too long
[2017-12-14 13:12:11,078 DEBUG root] 1513285930 Failed: welcome page RT too long: True
[2017-12-14 13:12:11,078 DEBUG Engine] post_process: Failed: reserver page RT too long
[2017-12-14 13:12:11,081 DEBUG Engine.Configuration] Dumping YAML config into /Users/daper01/Documents/OSLo/JMeter/2017-12-14_13-10-32.642363/effective.yml
[2017-12-14 13:12:11,124 DEBUG Engine.Configuration] Dumping JSON config into /Users/daper01/Documents/OSLo/JMeter/2017-12-14_13-10-32.642363/effective.json
[2017-12-14 13:12:11,126 WARNING root] Automated shutdown
[2017-12-14 13:12:11,127 DEBUG root] AutomatedShutdown: Failed: reserver page RT too long
Traceback (most recent call last):
  File "/usr/local/lib/python2.7/site-packages/bzt/cli.py", line 228, in perform
    self.engine.post_process()
  File "/usr/local/lib/python2.7/site-packages/bzt/engine.py", line 279, in post_process
    reraise(exc_info)
  File "/usr/local/lib/python2.7/site-packages/bzt/engine.py", line 266, in post_process
    module.post_process()
  File "/usr/local/lib/python2.7/site-packages/bzt/modules/passfail.py", line 81, in post_process
    raise AutomatedShutdown("%s" % crit)
AutomatedShutdown: Failed: reserver page RT too long
[2017-12-14 13:12:11,127 INFO root] Artifacts dir: /Users/daper01/Documents/OSLo/JMeter/2017-12-14_13-10-32.642363
[2017-12-14 13:12:11,127 WARNING root] Done performing with code: 3
[2017-12-14 13:12:11,127 DEBUG root] Closing log handler: /Users/daper01/Documents/OSLo/JMeter/2017-12-14_13-10-32.642363/bzt.log
