[2018-02-09 11:54:06,567 INFO root] Taurus CLI Tool v1.10.5
[2018-02-09 11:54:06,567 DEBUG root] Command-line options: {'verbose': None, 'no_system_configs': None, 'quiet': None, 'log': '/var/folders/vq/xzrdy2lx047cst78f69v8z3xfzqz1q/T/bzt_8kurVM.log', 'option': ['modules.blazemeter.use-deprecated-apis=false'], 'aliases': ['locations']}
[2018-02-09 11:54:06,568 DEBUG root] Python: CPython 2.7.10
[2018-02-09 11:54:06,568 DEBUG root] OS: ('Darwin', 'daper01mac1124', '17.2.0', 'Darwin Kernel Version 17.2.0: Fri Sep 29 18:27:05 PDT 2017; root:xnu-4570.20.62~3/RELEASE_X86_64', 'x86_64', 'i386')
[2018-02-09 11:54:06,568 INFO root] Starting with configs: []
[2018-02-09 11:54:06,568 DEBUG root] Using personal config: /Users/daper01/.bzt-rc
[2018-02-09 11:54:06,568 INFO Engine] Configuring...
[2018-02-09 11:54:06,569 DEBUG Engine] No machine configs dir: /usr/local/Cellar/bzt/1.10.5/libexec/etc/bzt.d
[2018-02-09 11:54:06,569 DEBUG Engine] Base configs list: ['/usr/local/Cellar/bzt/1.10.5/libexec/lib/python2.7/site-packages/bzt/resources/base-config.yml']
[2018-02-09 11:54:06,569 DEBUG Engine.Configuration] Configs: ['/usr/local/Cellar/bzt/1.10.5/libexec/lib/python2.7/site-packages/bzt/resources/base-config.yml']
[2018-02-09 11:54:06,569 DEBUG Engine.Configuration] Reading /usr/local/Cellar/bzt/1.10.5/libexec/lib/python2.7/site-packages/bzt/resources/base-config.yml as YAML
[2018-02-09 11:54:06,600 DEBUG Engine] User configs list: ['/Users/daper01/.bzt-rc']
[2018-02-09 11:54:06,600 DEBUG Engine.Configuration] Configs: ['/Users/daper01/.bzt-rc']
[2018-02-09 11:54:06,601 DEBUG Engine.Configuration] Reading /Users/daper01/.bzt-rc as YAML
[2018-02-09 11:54:06,602 DEBUG Engine.Configuration] Configs: ['/Users/daper01/.bzt-rc']
[2018-02-09 11:54:06,602 DEBUG Engine.Configuration] Reading /Users/daper01/.bzt-rc as YAML
[2018-02-09 11:54:06,612 DEBUG Engine] Requesting updates info: http://gettaurus.org/updates/?version=1.10.5&installID=macos-784f43782a15
[2018-02-09 11:54:06,616 DEBUG ConfigOverrider] Applying modules.blazemeter.use-deprecated-apis=false
[2018-02-09 11:54:06,617 DEBUG ConfigOverrider] Applying: [use-deprecated-apis]=false
[2018-02-09 11:54:06,617 DEBUG ConfigOverrider] Parsed override value: 'false' -> False (<type 'bool'>)
[2018-02-09 11:54:06,618 INFO Engine] Artifacts dir: /Users/daper01/Documents/OSLo/2018-02-09_11-54-06.617927
[2018-02-09 11:54:06,619 DEBUG Engine] New artifact filename: /Users/daper01/Documents/OSLo/2018-02-09_11-54-06.617927/effective
[2018-02-09 11:54:06,623 DEBUG Engine.Configuration] Dumping YAML config into /Users/daper01/Documents/OSLo/2018-02-09_11-54-06.617927/effective.yml
[2018-02-09 11:54:06,650 DEBUG Engine.Configuration] Dumping JSON config into /Users/daper01/Documents/OSLo/2018-02-09_11-54-06.617927/effective.json
[2018-02-09 11:54:06,651 DEBUG Engine] New artifact filename: /Users/daper01/Documents/OSLo/2018-02-09_11-54-06.617927/merged.yml
[2018-02-09 11:54:06,652 DEBUG Engine.Configuration] Dumping YAML config into /Users/daper01/Documents/OSLo/2018-02-09_11-54-06.617927/merged.yml
[2018-02-09 11:54:06,660 DEBUG Engine] New artifact filename: /Users/daper01/Documents/OSLo/2018-02-09_11-54-06.617927/merged.json
[2018-02-09 11:54:06,661 DEBUG Engine.Configuration] Dumping JSON config into /Users/daper01/Documents/OSLo/2018-02-09_11-54-06.617927/merged.json
[2018-02-09 11:54:06,662 DEBUG root] Closing log handler: /var/folders/vq/xzrdy2lx047cst78f69v8z3xfzqz1q/T/bzt_8kurVM.log
[2018-02-09 11:54:06,673 DEBUG root] Switched writing logs to /Users/daper01/Documents/OSLo/2018-02-09_11-54-06.617927/bzt.log
[2018-02-09 11:54:06,674 DEBUG root] Linting config
[2018-02-09 11:54:06,676 WARNING root] at path 'execution': 'execution' should be a list
[2018-02-09 11:54:06,676 WARNING root] at path 'execution': execution item doesn't specify scenario
[2018-02-09 11:54:06,677 INFO Engine] Preparing...
[2018-02-09 11:54:06,677 DEBUG Engine] Module config: consolidator defaultdict(None, {'class': 'bzt.modules.aggregator.ConsolidatingAggregator'})
[2018-02-09 11:54:06,677 DEBUG root] Importing module: bzt.modules.aggregator
[2018-02-09 11:54:06,693 DEBUG root] Loading class: 'ConsolidatingAggregator' from <module 'bzt.modules.aggregator' from '/usr/local/Cellar/bzt/1.10.5/libexec/lib/python2.7/site-packages/bzt/modules/aggregator.pyc'>
[2018-02-09 11:54:06,694 DEBUG Engine.consolidator] Buffer scaling setup: percentile 95.0 from [0.0, 50.0, 90.0, 95.0, 99.0, 99.9, 100.0] selected
[2018-02-09 11:54:06,694 DEBUG Engine] Module config: monitoring defaultdict(None, {'class': 'bzt.modules.monitoring.Monitoring'})
[2018-02-09 11:54:06,694 DEBUG root] Importing module: bzt.modules.monitoring
[2018-02-09 11:54:06,695 DEBUG root] Loading class: 'Monitoring' from <module 'bzt.modules.monitoring' from '/usr/local/Cellar/bzt/1.10.5/libexec/lib/python2.7/site-packages/bzt/modules/monitoring.pyc'>
[2018-02-09 11:54:06,695 DEBUG Engine.monitoring] Should not run because of non-matching prov: cloud != local
[2018-02-09 11:54:06,695 DEBUG Engine] Module config: cloud defaultdict(None, {'class': 'bzt.modules.blazemeter.CloudProvisioning', 'default-location': 'us-central1-a', 'dump-locations': True})
[2018-02-09 11:54:06,695 DEBUG root] Importing module: bzt.modules.blazemeter
[2018-02-09 11:54:06,750 DEBUG easyprocess] version=0.2.3
[2018-02-09 11:54:06,752 DEBUG pyvirtualdisplay] version=0.2.1
[2018-02-09 11:54:06,753 DEBUG root] Loading class: 'CloudProvisioning' from <module 'bzt.modules.blazemeter' from '/usr/local/Cellar/bzt/1.10.5/libexec/lib/python2.7/site-packages/bzt/modules/blazemeter.pyc'>
[2018-02-09 11:54:06,754 DEBUG Engine] Module config: blazemeter defaultdict(None, {'token': '********', 'class': 'bzt.modules.blazemeter.BlazeMeterUploader', 'use-deprecated-apis': False})
[2018-02-09 11:54:06,754 DEBUG root] Importing module: bzt.modules.blazemeter
[2018-02-09 11:54:06,754 DEBUG root] Loading class: 'BlazeMeterUploader' from <module 'bzt.modules.blazemeter' from '/usr/local/Cellar/bzt/1.10.5/libexec/lib/python2.7/site-packages/bzt/modules/blazemeter.pyc'>
[2018-02-09 11:54:06,754 DEBUG Engine.cloud] Request: GET https://a.blazemeter.com/api/v4/accounts None
[2018-02-09 11:54:06,775 DEBUG urllib3.connectionpool] Starting new HTTPS connection (1): a.blazemeter.com
[2018-02-09 11:54:07,256 DEBUG Engine] Taurus updates info: {"latest":"1.10.5","needsUpgrade":false}
[2018-02-09 11:54:07,256 DEBUG Engine] Installation is up-to-date
[2018-02-09 11:54:07,257 DEBUG urllib3.connectionpool] https://a.blazemeter.com:443 "GET /api/v4/accounts HTTP/1.1" 200 2726
[2018-02-09 11:54:07,259 DEBUG Engine.cloud] Response [200]: {
    "limit": 10,
    "skip": 0,
    "total": 3,
    "hidden": 0,
    "api_version": 4,
    "error": null,
    "result": [
        {
            "id": 153221,
            "name": "BlazeMeter Demo",
            "thumbnailUrl": "https://www.blazemeter.com/s
[2018-02-09 11:54:07,262 DEBUG Engine.cloud] Request: GET https://a.blazemeter.com/api/v4/workspaces?accountId=153221&enabled=true&limit=100 None
[2018-02-09 11:54:07,465 DEBUG urllib3.connectionpool] https://a.blazemeter.com:443 "GET /api/v4/workspaces?accountId=153221&enabled=true&limit=100 HTTP/1.1" 200 814
[2018-02-09 11:54:07,466 DEBUG Engine.cloud] Response [200]: {
    "limit": 100,
    "skip": 0,
    "total": 1,
    "hidden": 0,
    "api_version": 4,
    "error": null,
    "result": [
        {
            "id": 146738,
            "name": "Demo workspace",
            "userId": 368191,
            "created": 1498
[2018-02-09 11:54:07,466 DEBUG Engine.cloud] Request: GET https://a.blazemeter.com/api/v4/workspaces?accountId=125626&enabled=true&limit=100 None
[2018-02-09 11:54:07,901 DEBUG urllib3.connectionpool] https://a.blazemeter.com:443 "GET /api/v4/workspaces?accountId=125626&enabled=true&limit=100 HTTP/1.1" 200 4887
[2018-02-09 11:54:07,901 DEBUG Engine.cloud] Response [200]: {
    "limit": 100,
    "skip": 0,
    "total": 7,
    "hidden": 0,
    "api_version": 4,
    "error": null,
    "result": [
        {
            "id": 127984,
            "name": "Completely Irrelevant",
            "userId": 339612,
            "created
[2018-02-09 11:54:07,904 DEBUG Engine.cloud] Request: GET https://a.blazemeter.com/api/v4/workspaces?accountId=21166&enabled=true&limit=100 None
[2018-02-09 11:54:08,310 DEBUG urllib3.connectionpool] https://a.blazemeter.com:443 "GET /api/v4/workspaces?accountId=21166&enabled=true&limit=100 HTTP/1.1" 200 1482
[2018-02-09 11:54:08,312 DEBUG Engine.cloud] Response [200]: {
    "limit": 100,
    "skip": 0,
    "total": 2,
    "hidden": 0,
    "api_version": 4,
    "error": null,
    "result": [
        {
            "id": 7199,
            "name": "CA SE Workspace",
            "userId": 307773,
            "created": 14775
[2018-02-09 11:54:08,313 WARNING Engine.cloud] Dumping available locations instead of running the test
[2018-02-09 11:54:08,314 DEBUG Engine.cloud] Request: GET https://a.blazemeter.com/api/v4/workspaces/146738 None
[2018-02-09 11:54:08,793 DEBUG urllib3.connectionpool] https://a.blazemeter.com:443 "GET /api/v4/workspaces/146738 HTTP/1.1" 200 None
[2018-02-09 11:54:08,864 DEBUG Engine.cloud] Response [200]: {
    "api_version": 4,
    "error": null,
    "result": {
        "id": 146738,
        "name": "Demo workspace",
        "userId": 368191,
        "created": 1498856673,
        "updated": 1517347611,
        "enabled": true,
        "dedicatedIpsEnabled
[2018-02-09 11:54:08,882 DEBUG Engine.cloud] Request: GET https://a.blazemeter.com/api/v4/workspaces/127984 None
[2018-02-09 11:54:09,131 DEBUG urllib3.connectionpool] https://a.blazemeter.com:443 "GET /api/v4/workspaces/127984 HTTP/1.1" 200 None
[2018-02-09 11:54:09,134 DEBUG Engine.cloud] Response [200]: {
    "api_version": 4,
    "error": null,
    "result": {
        "id": 127984,
        "name": "Completely Irrelevant",
        "userId": 339612,
        "created": 1491261975,
        "updated": 1515790597,
        "enabled": true,
        "dedicatedIps
[2018-02-09 11:54:09,152 DEBUG Engine.cloud] Request: GET https://a.blazemeter.com/api/v4/workspaces/119008 None
[2018-02-09 11:54:09,377 DEBUG urllib3.connectionpool] https://a.blazemeter.com:443 "GET /api/v4/workspaces/119008 HTTP/1.1" 200 None
[2018-02-09 11:54:09,448 DEBUG Engine.cloud] Response [200]: {
    "api_version": 4,
    "error": null,
    "result": {
        "id": 119008,
        "name": "Default workspace",
        "userId": 339612,
        "created": 1486702692,
        "updated": 1486702692,
        "enabled": true,
        "dedicatedIpsEnab
[2018-02-09 11:54:09,468 DEBUG Engine.cloud] Request: GET https://a.blazemeter.com/api/v4/workspaces/127980 None
[2018-02-09 11:54:09,746 DEBUG urllib3.connectionpool] https://a.blazemeter.com:443 "GET /api/v4/workspaces/127980 HTTP/1.1" 200 None
[2018-02-09 11:54:09,749 DEBUG Engine.cloud] Response [200]: {
    "api_version": 4,
    "error": null,
    "result": {
        "id": 127980,
        "name": "Demo Workspace",
        "userId": 339612,
        "created": 1491255975,
        "updated": 1491255975,
        "enabled": true,
        "dedicatedIpsEnabled
[2018-02-09 11:54:09,765 DEBUG Engine.cloud] Request: GET https://a.blazemeter.com/api/v4/workspaces/132723 None
[2018-02-09 11:54:10,634 DEBUG urllib3.connectionpool] https://a.blazemeter.com:443 "GET /api/v4/workspaces/132723 HTTP/1.1" 200 None
[2018-02-09 11:54:10,776 DEBUG Engine.cloud] Response [200]: {
    "api_version": 4,
    "error": null,
    "result": {
        "id": 132723,
        "name": "Functional",
        "userId": 339612,
        "created": 1493312851,
        "updated": 1499734757,
        "enabled": true,
        "dedicatedIpsEnabled": t
[2018-02-09 11:54:10,796 DEBUG Engine.cloud] Request: GET https://a.blazemeter.com/api/v4/workspaces/153836 None
[2018-02-09 11:54:11,014 DEBUG urllib3.connectionpool] https://a.blazemeter.com:443 "GET /api/v4/workspaces/153836 HTTP/1.1" 200 None
[2018-02-09 11:54:11,032 DEBUG Engine.cloud] Response [200]: {
    "api_version": 4,
    "error": null,
    "result": {
        "id": 153836,
        "name": "blazedemo",
        "userId": 339612,
        "created": 1501870483,
        "updated": 1501870483,
        "enabled": true,
        "dedicatedIpsEnabled": tr
[2018-02-09 11:54:11,050 DEBUG Engine.cloud] Request: GET https://a.blazemeter.com/api/v4/workspaces/163251 None
[2018-02-09 11:54:11,282 DEBUG urllib3.connectionpool] https://a.blazemeter.com:443 "GET /api/v4/workspaces/163251 HTTP/1.1" 200 None
[2018-02-09 11:54:11,285 DEBUG Engine.cloud] Response [200]: {
    "api_version": 4,
    "error": null,
    "result": {
        "id": 163251,
        "name": "new opls",
        "userId": 339612,
        "created": 1505929373,
        "updated": 1505929373,
        "enabled": true,
        "dedicatedIpsEnabled": tru
[2018-02-09 11:54:11,303 DEBUG Engine.cloud] Request: GET https://a.blazemeter.com/api/v4/workspaces/135886 None
[2018-02-09 11:54:11,681 DEBUG urllib3.connectionpool] https://a.blazemeter.com:443 "GET /api/v4/workspaces/135886 HTTP/1.1" 200 None
[2018-02-09 11:54:11,684 DEBUG Engine.cloud] Response [200]: {
    "api_version": 4,
    "error": null,
    "result": {
        "id": 135886,
        "name": "scratch",
        "userId": 339612,
        "created": 1494801554,
        "updated": 1494801554,
        "enabled": true,
        "dedicatedIpsEnabled": true
[2018-02-09 11:54:11,702 DEBUG Engine.cloud] Request: GET https://a.blazemeter.com/api/v4/workspaces/7199 None
[2018-02-09 11:54:12,101 DEBUG urllib3.connectionpool] https://a.blazemeter.com:443 "GET /api/v4/workspaces/7199 HTTP/1.1" 200 None
[2018-02-09 11:54:12,105 DEBUG Engine.cloud] Response [200]: {
    "api_version": 4,
    "error": null,
    "result": {
        "id": 7199,
        "name": "CA SE Workspace",
        "userId": 307773,
        "created": 1477580960,
        "updated": 1507211353,
        "enabled": true,
        "dedicatedIpsEnabled"
[2018-02-09 11:54:12,126 DEBUG Engine.cloud] Request: GET https://a.blazemeter.com/api/v4/workspaces/133217 None
[2018-02-09 11:54:12,346 DEBUG urllib3.connectionpool] https://a.blazemeter.com:443 "GET /api/v4/workspaces/133217 HTTP/1.1" 200 None
[2018-02-09 11:54:12,350 DEBUG Engine.cloud] Response [200]: {
    "api_version": 4,
    "error": null,
    "result": {
        "id": 133217,
        "name": "SE DEMOs",
        "userId": 307773,
        "created": 1493664013,
        "updated": 1508256640,
        "enabled": true,
        "dedicatedIpsEnabled": tru
[2018-02-09 11:54:12,371 INFO Engine.cloud] Location: ap-northeast-1	Asia Pacific (Tokyo)
[2018-02-09 11:54:12,371 INFO Engine.cloud] Location: ap-northeast-2	Asia Pacific (Seoul)
[2018-02-09 11:54:12,372 INFO Engine.cloud] Location: ap-south-1	Asia Pacific (Mumbai)
[2018-02-09 11:54:12,372 INFO Engine.cloud] Location: ap-southeast-1	Asia Pacific (Singapore)
[2018-02-09 11:54:12,372 INFO Engine.cloud] Location: ap-southeast-2	Australia (Sydney)
[2018-02-09 11:54:12,372 INFO Engine.cloud] Location: asia-east1-a	Asia East (Taiwan, Google)
[2018-02-09 11:54:12,372 INFO Engine.cloud] Location: asia-northeast1-a	Asia Northeast (Japan, Google)
[2018-02-09 11:54:12,372 INFO Engine.cloud] Location: asia-south1-a	Asia South (Mumbai, Google)
[2018-02-09 11:54:12,373 INFO Engine.cloud] Location: asia-southeast1-a	Asia Southeast (Singapore, Google)
[2018-02-09 11:54:12,373 INFO Engine.cloud] Location: australia-southeast1-a	Australia (Sydney, Google)
[2018-02-09 11:54:12,373 INFO Engine.cloud] Location: azure-ap-northeast-1	Azure Korea Central (Seoul)
[2018-02-09 11:54:12,373 INFO Engine.cloud] Location: azure-ap-northeast-2	Azure Korea South (Busan)
[2018-02-09 11:54:12,373 INFO Engine.cloud] Location: azure-brazil-south-1	Azure Brazil South (Sao Paulo)
[2018-02-09 11:54:12,373 INFO Engine.cloud] Location: azure-central-asia-1	Azure Central India (Pune)
[2018-02-09 11:54:12,373 INFO Engine.cloud] Location: azure-central-asia-2	Azure West India (Mumbai)
[2018-02-09 11:54:12,374 INFO Engine.cloud] Location: azure-central-asia-3	Azure South India (Chennai)
[2018-02-09 11:54:12,374 INFO Engine.cloud] Location: azure-central-ca	Azure Canada Central (Toronto)
[2018-02-09 11:54:12,374 INFO Engine.cloud] Location: azure-central-us-1	Azure US Central (Iowa)
[2018-02-09 11:54:12,374 INFO Engine.cloud] Location: azure-east-asia-1	Azure East Asia (Hong Kong)
[2018-02-09 11:54:12,374 INFO Engine.cloud] Location: azure-east-au-1	Azure Australia East (New South Wales)
[2018-02-09 11:54:12,374 INFO Engine.cloud] Location: azure-east-ca	Azure Canada East (Quebec City)
[2018-02-09 11:54:12,374 INFO Engine.cloud] Location: azure-east-us-1	Azure US East (Virginia)
[2018-02-09 11:54:12,375 INFO Engine.cloud] Location: azure-east-us-2	Azure East US 2 (Virginia)
[2018-02-09 11:54:12,375 INFO Engine.cloud] Location: azure-eu-west-2	Azure UK South (London)
[2018-02-09 11:54:12,375 INFO Engine.cloud] Location: azure-eu-west-3	Azure UK West (Cardiff)
[2018-02-09 11:54:12,375 INFO Engine.cloud] Location: azure-japan-east-1	Azure Japan East (Tokyo, Saitama)
[2018-02-09 11:54:12,375 INFO Engine.cloud] Location: azure-japan-west-1	Azure Japan West (Osaka)
[2018-02-09 11:54:12,375 INFO Engine.cloud] Location: azure-north-central-us-1	Azure US North Central (Illinois)
[2018-02-09 11:54:12,375 INFO Engine.cloud] Location: azure-north-europe-1	Azure EU North (Ireland)
[2018-02-09 11:54:12,375 INFO Engine.cloud] Location: azure-south-central-us-1	Azure US South Central (Texas)
[2018-02-09 11:54:12,376 INFO Engine.cloud] Location: azure-southeast-asia-1	Azure Southeast Asia (Singapore)
[2018-02-09 11:54:12,376 INFO Engine.cloud] Location: azure-southeast-au-1	Azure Australia Southeast (Victoria)
[2018-02-09 11:54:12,376 INFO Engine.cloud] Location: azure-us-west-central	Azure US West Central (US West Central)
[2018-02-09 11:54:12,376 INFO Engine.cloud] Location: azure-west-europe-1	Azure EU West (Netherlands)
[2018-02-09 11:54:12,376 INFO Engine.cloud] Location: azure-west-us-1	Azure US West (California)
[2018-02-09 11:54:12,376 INFO Engine.cloud] Location: azure-west-us-2	Azure US East (US West 2)
[2018-02-09 11:54:12,376 INFO Engine.cloud] Location: ca-central-1	Canada (Central)
[2018-02-09 11:54:12,376 INFO Engine.cloud] Location: eu-central-1	EU Central (Frankfurt)
[2018-02-09 11:54:12,377 INFO Engine.cloud] Location: eu-west-1	EU West (Ireland)
[2018-02-09 11:54:12,377 INFO Engine.cloud] Location: eu-west-2	EU West (London)
[2018-02-09 11:54:12,377 INFO Engine.cloud] Location: eu-west-3	EU West (Paris) - New
[2018-02-09 11:54:12,377 INFO Engine.cloud] Location: europe-west1-b	EU West (Belgium, Google)
[2018-02-09 11:54:12,377 INFO Engine.cloud] Location: europe-west2-a	EU West (London, Google)
[2018-02-09 11:54:12,377 INFO Engine.cloud] Location: europe-west3-a	EU West (Frankfurt, Google)
[2018-02-09 11:54:12,377 INFO Engine.cloud] Location: sa-east-1	South America (Sao Paulo)
[2018-02-09 11:54:12,378 INFO Engine.cloud] Location: southamerica-east1-a	Brazil (Sao Paulo, Google)
[2018-02-09 11:54:12,378 INFO Engine.cloud] Location: us-central1-a	US Central (Iowa, Google)
[2018-02-09 11:54:12,378 INFO Engine.cloud] Location: us-east-1	US East (Virginia)
[2018-02-09 11:54:12,378 INFO Engine.cloud] Location: us-east-2	US East (Ohio)
[2018-02-09 11:54:12,378 INFO Engine.cloud] Location: us-east1-b	US East (South Carolina, Google)
[2018-02-09 11:54:12,378 INFO Engine.cloud] Location: us-east4-a	US East (Virginia, Google)
[2018-02-09 11:54:12,379 INFO Engine.cloud] Location: us-west-1	US West (N.California)
[2018-02-09 11:54:12,379 INFO Engine.cloud] Location: us-west-2	US West (Oregon)
[2018-02-09 11:54:12,379 INFO Engine.cloud] Location: us-west1-a	US West (Oregon, Google)
[2018-02-09 11:54:12,379 DEBUG root] Shutting down by request from code
[2018-02-09 11:54:12,380 DEBUG root] NormalShutdown: Done listing locations
Traceback (most recent call last):
  File "/usr/local/Cellar/bzt/1.10.5/libexec/lib/python2.7/site-packages/bzt/cli.py", line 248, in perform
    self.engine.prepare()
  File "/usr/local/Cellar/bzt/1.10.5/libexec/lib/python2.7/site-packages/bzt/engine.py", line 166, in prepare
    self.__prepare_provisioning()
  File "/usr/local/Cellar/bzt/1.10.5/libexec/lib/python2.7/site-packages/bzt/engine.py", line 513, in __prepare_provisioning
    self.provisioning.prepare()
  File "/usr/local/Cellar/bzt/1.10.5/libexec/lib/python2.7/site-packages/bzt/modules/blazemeter.py", line 1489, in prepare
    self.__dump_locations_if_needed()
  File "/usr/local/Cellar/bzt/1.10.5/libexec/lib/python2.7/site-packages/bzt/modules/blazemeter.py", line 1543, in __dump_locations_if_needed
    raise NormalShutdown("Done listing locations")
NormalShutdown: Done listing locations
[2018-02-09 11:54:12,380 INFO Engine] Post-processing...
[2018-02-09 11:54:12,380 DEBUG Engine.consolidator] Consolidator buffer[0]: []
[2018-02-09 11:54:12,382 DEBUG Engine.Configuration] Dumping YAML config into /Users/daper01/Documents/OSLo/2018-02-09_11-54-06.617927/effective.yml
[2018-02-09 11:54:12,406 DEBUG Engine.Configuration] Dumping JSON config into /Users/daper01/Documents/OSLo/2018-02-09_11-54-06.617927/effective.json
[2018-02-09 11:54:12,408 INFO root] Artifacts dir: /Users/daper01/Documents/OSLo/2018-02-09_11-54-06.617927
[2018-02-09 11:54:12,408 INFO root] Done performing with code: 0
[2018-02-09 11:54:12,409 DEBUG root] Closing log handler: /Users/daper01/Documents/OSLo/2018-02-09_11-54-06.617927/bzt.log
