[2017-09-07 11:49:48,452 INFO root] Taurus CLI Tool v1.9.5
[2017-09-07 11:49:48,453 DEBUG root] Command-line options: {'verbose': None, 'no_system_configs': None, 'quiet': None, 'log': '/var/folders/vq/xzrdy2lx047cst78f69v8z3xfzqz1q/T/bzt_JxifEJ.log', 'option': None, 'aliases': []}
[2017-09-07 11:49:48,453 DEBUG root] Python: CPython 2.7.13
[2017-09-07 11:49:48,453 DEBUG root] OS: ('Darwin', 'daper01mac1124', '16.7.0', 'Darwin Kernel Version 16.7.0: Thu Jun 15 17:36:27 PDT 2017; root:xnu-3789.70.16~2/RELEASE_X86_64', 'x86_64', 'i386')
[2017-09-07 11:49:48,453 INFO root] Starting with configs: ['jmeter.yml']
[2017-09-07 11:49:48,453 DEBUG root] Using personal config: /Users/daper01/.bzt-rc
[2017-09-07 11:49:48,453 INFO Engine] Configuring...
[2017-09-07 11:49:48,453 DEBUG Engine] Reading extension configs from: /usr/local/etc/bzt.d
[2017-09-07 11:49:48,454 DEBUG Engine.Configuration] Configs: ['/usr/local/lib/python2.7/site-packages/bzt/resources/base-config.yml', '/usr/local/etc/bzt.d/99-installID.yml']
[2017-09-07 11:49:48,454 DEBUG Engine.Configuration] Reading /usr/local/lib/python2.7/site-packages/bzt/resources/base-config.yml as YAML
[2017-09-07 11:49:48,484 DEBUG Engine.Configuration] Reading /usr/local/etc/bzt.d/99-installID.yml as YAML
[2017-09-07 11:49:48,484 DEBUG Engine.Configuration] Configs: ['/Users/daper01/.bzt-rc', 'jmeter.yml']
[2017-09-07 11:49:48,484 DEBUG Engine.Configuration] Reading /Users/daper01/.bzt-rc as YAML
[2017-09-07 11:49:48,485 DEBUG Engine.Configuration] Reading jmeter.yml as YAML
[2017-09-07 11:49:48,490 DEBUG Engine.Configuration] Configs: ['/Users/daper01/.bzt-rc', 'jmeter.yml']
[2017-09-07 11:49:48,490 DEBUG Engine.Configuration] Reading /Users/daper01/.bzt-rc as YAML
[2017-09-07 11:49:48,492 DEBUG Engine.Configuration] Reading jmeter.yml as YAML
[2017-09-07 11:49:48,512 DEBUG Engine] Requesting updates info: http://gettaurus.org/updates/?version=1.9.5&installID=784f43782a15
[2017-09-07 11:49:48,518 INFO Engine] Artifacts dir: /Users/daper01/Documents/OSLo/JMeter/2017-09-07_11-49-48.512853
[2017-09-07 11:49:48,519 DEBUG Engine] New artifact filename: /Users/daper01/Documents/OSLo/JMeter/2017-09-07_11-49-48.512853/effective
[2017-09-07 11:49:48,522 DEBUG Engine.Configuration] Dumping YAML config into /Users/daper01/Documents/OSLo/JMeter/2017-09-07_11-49-48.512853/effective.yml
[2017-09-07 11:49:48,571 DEBUG Engine.Configuration] Dumping JSON config into /Users/daper01/Documents/OSLo/JMeter/2017-09-07_11-49-48.512853/effective.json
[2017-09-07 11:49:48,577 DEBUG Engine] New artifact filename: /Users/daper01/Documents/OSLo/JMeter/2017-09-07_11-49-48.512853/merged.yml
[2017-09-07 11:49:48,578 DEBUG Engine.Configuration] Dumping YAML config into /Users/daper01/Documents/OSLo/JMeter/2017-09-07_11-49-48.512853/merged.yml
[2017-09-07 11:49:48,588 DEBUG Engine] New artifact filename: /Users/daper01/Documents/OSLo/JMeter/2017-09-07_11-49-48.512853/merged.json
[2017-09-07 11:49:48,588 DEBUG Engine.Configuration] Dumping JSON config into /Users/daper01/Documents/OSLo/JMeter/2017-09-07_11-49-48.512853/merged.json
[2017-09-07 11:49:48,591 DEBUG Engine] Add existing artifact (move=False): jmeter.yml
[2017-09-07 11:49:48,591 DEBUG Engine] Copying jmeter.yml to /Users/daper01/Documents/OSLo/JMeter/2017-09-07_11-49-48.512853/jmeter.yml
[2017-09-07 11:49:48,595 DEBUG root] Closing log handler: /var/folders/vq/xzrdy2lx047cst78f69v8z3xfzqz1q/T/bzt_JxifEJ.log
[2017-09-07 11:49:48,614 DEBUG root] Switched writing logs to /Users/daper01/Documents/OSLo/JMeter/2017-09-07_11-49-48.512853/bzt.log
[2017-09-07 11:49:48,614 INFO Engine] Preparing...
[2017-09-07 11:49:48,616 DEBUG Engine] Module config: consolidator defaultdict(None, {'class': 'bzt.modules.aggregator.ConsolidatingAggregator'})
[2017-09-07 11:49:48,616 DEBUG root] Importing module: bzt.modules.aggregator
[2017-09-07 11:49:48,622 DEBUG root] Loading class: 'ConsolidatingAggregator' from <module 'bzt.modules.aggregator' from '/usr/local/lib/python2.7/site-packages/bzt/modules/aggregator.pyc'>
[2017-09-07 11:49:48,622 DEBUG Engine.consolidator] Exception in dehumanize_time(inf)
[2017-09-07 11:49:48,622 DEBUG Engine.consolidator] Buffer scaling setup: percentile 95.0 from [0.0, 50.0, 90.0, 95.0, 99.0, 99.9, 100.0] selected
[2017-09-07 11:49:48,623 DEBUG Engine] Module config: monitoring defaultdict(None, {'class': 'bzt.modules.monitoring.Monitoring'})
[2017-09-07 11:49:48,623 DEBUG root] Importing module: bzt.modules.monitoring
[2017-09-07 11:49:48,645 DEBUG root] Loading class: 'Monitoring' from <module 'bzt.modules.monitoring' from '/usr/local/lib/python2.7/site-packages/bzt/modules/monitoring.pyc'>
[2017-09-07 11:49:48,645 DEBUG Engine] Module config: local defaultdict(None, {'class': 'bzt.modules.provisioning.Local'})
[2017-09-07 11:49:48,645 DEBUG root] Importing module: bzt.modules.provisioning
[2017-09-07 11:49:48,645 DEBUG root] Loading class: 'Local' from <module 'bzt.modules.provisioning' from '/usr/local/lib/python2.7/site-packages/bzt/modules/provisioning.pyc'>
[2017-09-07 11:49:48,646 DEBUG Engine] Module config: jmeter defaultdict(None, {'properties': defaultdict(None, {'jmeter.save.saveservice.autoflush': 'true', 'summariser.name': '', 'jmeter.save.saveservice.connect_time': 'true', 'mode': 'Stripped', 'jmeterengine.force.system.exit': 'true'}), 'class': 'bzt.modules.jmeter.JMeterExecutor', 'plugins': ['jpgc-casutg', 'jpgc-dummy', 'jpgc-ffw', 'jpgc-fifo', 'jpgc-functions', 'jpgc-json', 'jpgc-perfmon', 'jpgc-prmctl', 'jpgc-tst']})
[2017-09-07 11:49:48,646 DEBUG root] Importing module: bzt.modules.jmeter
[2017-09-07 11:49:48,665 DEBUG root] Loading class: 'JMeterExecutor' from <module 'bzt.modules.jmeter' from '/usr/local/lib/python2.7/site-packages/bzt/modules/jmeter.pyc'>
[2017-09-07 11:49:48,666 DEBUG Engine.local] Preparing executor: jmeter/4505894672
[2017-09-07 11:49:48,666 DEBUG Engine] New artifact filename: /Users/daper01/Documents/OSLo/JMeter/2017-09-07_11-49-48.512853/jmeter.log
[2017-09-07 11:49:48,666 DEBUG Engine.jmeter] Checking if port 4445 is free
[2017-09-07 11:49:48,668 DEBUG Engine.jmeter] Port 4445 is free
[2017-09-07 11:49:48,668 DEBUG Engine.jmeter] Using port 4445 for management
[2017-09-07 11:49:48,668 DEBUG Engine.jmeter.JavaVM] Trying JavaVM: ['java', '-version']
[2017-09-07 11:49:48,805 DEBUG Engine.jmeter.JavaVM] JavaVM output: java version "1.8.0_121"
Java(TM) SE Runtime Environment (build 1.8.0_121-b13)
Java HotSpot(TM) 64-Bit Server VM (build 25.121-b13, mixed mode)

[2017-09-07 11:49:48,805 DEBUG Engine.jmeter.TclLibrary] We don't need to check tcl library on this platform
[2017-09-07 11:49:48,806 DEBUG Engine.jmeter.JMeter] Trying jmeter: /Users/daper01/.bzt/jmeter-taurus/3.2/bin/jmeter.sh
[2017-09-07 11:49:48,806 DEBUG bzt.utils] Executing shell: ['/Users/daper01/.bzt/jmeter-taurus/3.2/bin/jmeter.sh', '-j', '/var/folders/vq/xzrdy2lx047cst78f69v8z3xfzqz1q/T/jmeter4sEO66log', '--version']
[2017-09-07 11:49:49,109 DEBUG Engine] Taurus updates info: {"latest":"1.9.5","needsUpgrade":false}
[2017-09-07 11:49:49,109 DEBUG Engine] Installation is up-to-date
[2017-09-07 11:49:49,805 DEBUG Engine.jmeter.JMeter] JMeter check:     _    ____   _    ____ _   _ _____       _ __  __ _____ _____ _____ ____     
   / \  |  _ \ / \  / ___| | | | ____|     | |  \/  | ____|_   _| ____|  _ \   
  / _ \ | |_) / _ \| |   | |_| |  _|    _  | | |\/| |  _|   | | |  _| | |_) | 
 / ___ \|  __/ ___ \ |___|  _  | |___  | |_| | |  | | |___  | | | |___|  _ <  
/_/   \_\_| /_/   \_\____|_| |_|_____|  \___/|_|  |_|_____| |_| |_____|_| \_\ 3.2 r1790748  

Copyright (c) 1999-2017 The Apache Software Foundation

 / None
[2017-09-07 11:49:49,809 DEBUG Engine.jmeter] Load: LoadSpec(concurrency=50, throughput=100, ramp_up=30.0, hold=300.0, iterations=0, duration=330.0, steps=None)
[2017-09-07 11:49:49,816 DEBUG Engine.jmeter.LoadSettingsProcessor.ThreadGroupHandler] Converting ThreadGroup (Thread Group) to ConcurrencyThreadGroup and apply load parameters
[2017-09-07 11:49:49,816 DEBUG Engine.jmeter.LoadSettingsProcessor.ThreadGroupHandler] Converting ThreadGroup (Thread Group) to ConcurrencyThreadGroup and apply load parameters
[2017-09-07 11:49:49,817 DEBUG Engine] New artifact filename: /Users/daper01/Documents/OSLo/JMeter/2017-09-07_11-49-48.512853/kpi.jtl
[2017-09-07 11:49:49,818 DEBUG Engine] New artifact filename: /Users/daper01/Documents/OSLo/JMeter/2017-09-07_11-49-48.512853/error.jtl
[2017-09-07 11:49:49,819 DEBUG Engine.jmeter] Enforcing parent sample for transaction controller
[2017-09-07 11:49:49,821 INFO Engine.jmeter] 1 obsolete CookieManagers are found and fixed
[2017-09-07 11:49:49,822 DEBUG JMX] Saving JMX to: /Users/daper01/Documents/OSLo/JMeter/modified_two_thread_groups.jmx
[2017-09-07 11:49:49,825 DEBUG Engine.jmeter] Additional properties: defaultdict(None, {'jmeter.save.saveservice.autoflush': 'true', 'jmeter.save.saveservice.connect_time': 'true', 'user.classpath': '/Users/daper01/Documents/OSLo/JMeter/2017-09-07_11-49-48.512853', 'sampleresult.default.encoding': 'UTF-8', 'summariser.name': '', 'jmeterengine.force.system.exit': 'true', 'jmeter.save.saveservice.timestamp_format': 'ms', 'mode': 'Stripped', 'jmeterengine.nongui.maxport': 4445, 'jmeterengine.nongui.port': 4445})
[2017-09-07 11:49:49,826 DEBUG Engine] New artifact filename: /Users/daper01/Documents/OSLo/JMeter/2017-09-07_11-49-48.512853/jmeter-bzt.properties
[2017-09-07 11:49:49,828 DEBUG Engine] New artifact filename: /Users/daper01/Documents/OSLo/JMeter/2017-09-07_11-49-48.512853/jmeter.out
[2017-09-07 11:49:49,828 DEBUG Engine] New artifact filename: /Users/daper01/Documents/OSLo/JMeter/2017-09-07_11-49-48.512853/jmeter.err
[2017-09-07 11:49:49,829 DEBUG Engine] Module config: final-stats defaultdict(None, {'class': 'bzt.modules.reporting.FinalStatus'})
[2017-09-07 11:49:49,829 DEBUG root] Importing module: bzt.modules.reporting
[2017-09-07 11:49:49,874 DEBUG easyprocess] version=0.2.3
[2017-09-07 11:49:49,875 DEBUG pyvirtualdisplay] version=0.2.1
[2017-09-07 11:49:49,876 DEBUG root] Loading class: 'FinalStatus' from <module 'bzt.modules.reporting' from '/usr/local/lib/python2.7/site-packages/bzt/modules/reporting.pyc'>
[2017-09-07 11:49:49,876 DEBUG Engine] Module config: console defaultdict(None, {'class': 'bzt.modules.console.ConsoleStatusReporter'})
[2017-09-07 11:49:49,877 DEBUG root] Importing module: bzt.modules.console
[2017-09-07 11:49:49,877 DEBUG root] Loading class: 'ConsoleStatusReporter' from <module 'bzt.modules.console' from '/usr/local/lib/python2.7/site-packages/bzt/modules/console.pyc'>
[2017-09-07 11:49:49,888 DEBUG Engine.Configuration] Dumping YAML config into /Users/daper01/Documents/OSLo/JMeter/2017-09-07_11-49-48.512853/effective.yml
[2017-09-07 11:49:49,930 DEBUG Engine.Configuration] Dumping JSON config into /Users/daper01/Documents/OSLo/JMeter/2017-09-07_11-49-48.512853/effective.json
[2017-09-07 11:49:49,935 INFO Engine] Starting...
[2017-09-07 11:49:49,935 DEBUG Engine] Startup <bzt.modules.monitoring.Monitoring object at 0x10c7e0b90>
[2017-09-07 11:49:49,936 DEBUG Engine] Startup <bzt.modules.aggregator.ConsolidatingAggregator object at 0x10c7c1090>
[2017-09-07 11:49:49,936 DEBUG Engine] Startup <bzt.modules.reporting.FinalStatus object at 0x10c9d58d0>
[2017-09-07 11:49:49,936 DEBUG Engine] Startup <bzt.modules.console.ConsoleStatusReporter object at 0x10d519210>
[2017-09-07 11:49:49,936 INFO Engine.console] Waiting for results...
[2017-09-07 11:49:49,936 DEBUG Engine] Startup <bzt.modules.provisioning.Local object at 0x10c7c1410>
[2017-09-07 11:49:49,937 DEBUG Engine.local] Delay setup for jmeter/two_tg: 0(start-at) + 0(delay) = 0
[2017-09-07 11:49:49,938 DEBUG Engine.Configuration] Dumping YAML config into /Users/daper01/Documents/OSLo/JMeter/2017-09-07_11-49-48.512853/effective.yml
[2017-09-07 11:49:50,062 DEBUG Engine.Configuration] Dumping JSON config into /Users/daper01/Documents/OSLo/JMeter/2017-09-07_11-49-48.512853/effective.json
[2017-09-07 11:49:50,073 DEBUG root] Leveling down log file verbosity, use -v option to have DEBUG messages enabled
[2017-09-07 11:49:50,302 INFO Engine.console] Waiting for finish...
[2017-09-07 11:50:22,721 WARNING Engine] Please wait for graceful shutdown...
[2017-09-07 11:50:22,730 DEBUG root] Leveled up log file verbosity
[2017-09-07 11:50:22,730 INFO Engine] Shutting down...
[2017-09-07 11:50:22,741 DEBUG Engine.local] Shutdown jmeter/two_tg
[2017-09-07 11:50:23,745 INFO Engine.jmeter] Sending Shutdown command to JMeter on port 4445...
[2017-09-07 11:50:24,761 DEBUG Engine.jmeter] JMeter stopped on Shutdown command
[2017-09-07 11:50:24,761 DEBUG Engine.console] Restoring logging streams, [<logging.StreamHandler object at 0x10bd782d0>]/{<logging.StreamHandler object at 0x10bd782d0>: <open file '<stdout>', mode 'w' at 0x10b1e3150>}
[2017-09-07 11:50:24,764 DEBUG Engine.Configuration] Dumping YAML config into /Users/daper01/Documents/OSLo/JMeter/2017-09-07_11-49-48.512853/effective.yml
[2017-09-07 11:50:24,808 DEBUG Engine.Configuration] Dumping JSON config into /Users/daper01/Documents/OSLo/JMeter/2017-09-07_11-49-48.512853/effective.json
[2017-09-07 11:50:24,814 WARNING root] Keyboard interrupt
[2017-09-07 11:50:24,815 DEBUG root] KeyboardInterrupt: 
Traceback (most recent call last):
  File "/usr/local/lib/python2.7/site-packages/bzt/cli.py", line 221, in perform
    self.engine.run()
  File "/usr/local/lib/python2.7/site-packages/bzt/engine.py", line 201, in run
    reraise(exc_info)
  File "/usr/local/lib/python2.7/site-packages/bzt/engine.py", line 183, in run
    self._wait()
  File "/usr/local/lib/python2.7/site-packages/bzt/engine.py", line 226, in _wait
    time.sleep(delay)
KeyboardInterrupt
[2017-09-07 11:50:24,816 INFO Engine] Post-processing...
[2017-09-07 11:50:24,816 DEBUG Engine.local] Post-process jmeter/two_tg
[2017-09-07 11:50:24,816 DEBUG Engine] Add existing artifact (move=True): /Users/daper01/Documents/OSLo/JMeter/modified_two_thread_groups.jmx
[2017-09-07 11:50:24,816 DEBUG Engine] Moving /Users/daper01/Documents/OSLo/JMeter/modified_two_thread_groups.jmx to /Users/daper01/Documents/OSLo/JMeter/2017-09-07_11-49-48.512853/modified_two_thread_groups.jmx
[2017-09-07 11:50:24,850 DEBUG Engine.jmeter.JTLReader.IncrementalCSVReader] Reading JTL: /Users/daper01/Documents/OSLo/JMeter/2017-09-07_11-49-48.512853/kpi.jtl
[2017-09-07 11:50:24,851 DEBUG Engine.jmeter.JTLReader.IncrementalCSVReader] Read lines: 169 / 16168 bytes (at speed 1048576)
[2017-09-07 11:50:24,854 DEBUG Engine.jmeter.JTLReader] Buffer len: 4
[2017-09-07 11:50:24,854 DEBUG Engine.jmeter.JTLReader] Aggregating: 1504810220
[2017-09-07 11:50:24,889 DEBUG Engine.jmeter.JTLReader] Aggregating: 1504810221
[2017-09-07 11:50:24,921 DEBUG Engine.jmeter.JTLReader] Aggregating: 1504810222
[2017-09-07 11:50:24,944 DEBUG Engine.jmeter.JTLReader] Aggregating: 1504810223
[2017-09-07 11:50:24,958 DEBUG Engine.consolidator] Consolidator buffer[6]: [1504810218, 1504810219, 1504810220, 1504810221, 1504810222, 1504810223]
[2017-09-07 11:50:24,958 DEBUG Engine.consolidator] Merging into 1504810218
[2017-09-07 11:50:24,958 DEBUG Engine.consolidator] Merging 1504810218
[2017-09-07 11:50:24,996 DEBUG Engine.consolidator] Processed datapoint: 1504810218/None
[2017-09-07 11:50:24,996 DEBUG Engine.consolidator] Merging into 1504810219
[2017-09-07 11:50:24,996 DEBUG Engine.consolidator] Merging 1504810219
[2017-09-07 11:50:25,022 DEBUG Engine.consolidator] Processed datapoint: 1504810219/None
[2017-09-07 11:50:25,022 DEBUG Engine.consolidator] Merging into 1504810220
[2017-09-07 11:50:25,022 DEBUG Engine.consolidator] Merging 1504810220
[2017-09-07 11:50:25,038 DEBUG Engine.consolidator] Processed datapoint: 1504810220/None
[2017-09-07 11:50:25,038 DEBUG Engine.consolidator] Merging into 1504810221
[2017-09-07 11:50:25,038 DEBUG Engine.consolidator] Merging 1504810221
[2017-09-07 11:50:25,068 DEBUG Engine.consolidator] Processed datapoint: 1504810221/None
[2017-09-07 11:50:25,068 DEBUG Engine.consolidator] Merging into 1504810222
[2017-09-07 11:50:25,068 DEBUG Engine.consolidator] Merging 1504810222
[2017-09-07 11:50:25,086 DEBUG Engine.consolidator] Processed datapoint: 1504810222/None
[2017-09-07 11:50:25,086 DEBUG Engine.consolidator] Merging into 1504810223
[2017-09-07 11:50:25,087 DEBUG Engine.consolidator] Merging 1504810223
[2017-09-07 11:50:25,102 DEBUG Engine.consolidator] Processed datapoint: 1504810223/None
[2017-09-07 11:50:25,103 INFO Engine.final-stats] Test duration: 0:00:36
[2017-09-07 11:50:25,103 INFO Engine.final-stats] Samples count: 1520, 26.91% failures
[2017-09-07 11:50:25,103 INFO Engine.final-stats] Average times: total 0.319, latency 0.285, connect 0.000
[2017-09-07 11:50:25,103 INFO Engine.final-stats] Percentile 0.0%: 0.030
[2017-09-07 11:50:25,103 INFO Engine.final-stats] Percentile 50.0%: 0.286
[2017-09-07 11:50:25,103 INFO Engine.final-stats] Percentile 90.0%: 0.459
[2017-09-07 11:50:25,104 INFO Engine.final-stats] Percentile 95.0%: 0.491
[2017-09-07 11:50:25,104 INFO Engine.final-stats] Percentile 99.0%: 0.549
[2017-09-07 11:50:25,104 INFO Engine.final-stats] Percentile 99.9%: 1.399
[2017-09-07 11:50:25,104 INFO Engine.final-stats] Percentile 100.0%: 1.470
[2017-09-07 11:50:25,104 DEBUG Engine.console] No logger_handler or orig_stream was detected
[2017-09-07 11:50:25,106 DEBUG Engine.Configuration] Dumping YAML config into /Users/daper01/Documents/OSLo/JMeter/2017-09-07_11-49-48.512853/effective.yml
[2017-09-07 11:50:25,152 DEBUG Engine.Configuration] Dumping JSON config into /Users/daper01/Documents/OSLo/JMeter/2017-09-07_11-49-48.512853/effective.json
[2017-09-07 11:50:25,161 INFO root] Artifacts dir: /Users/daper01/Documents/OSLo/JMeter/2017-09-07_11-49-48.512853
[2017-09-07 11:50:25,161 WARNING root] Done performing with code: 1
[2017-09-07 11:50:25,161 DEBUG root] Closing log handler: /Users/daper01/Documents/OSLo/JMeter/2017-09-07_11-49-48.512853/bzt.log
