2017-09-07 11:49:51,536 INFO o.a.j.u.JMeterUtils: Setting Locale to en_US
2017-09-07 11:49:51,575 INFO o.a.j.JMeter: Loading user properties from: /Users/daper01/.bzt/jmeter-taurus/3.2/bin/user.properties
2017-09-07 11:49:51,576 INFO o.a.j.JMeter: Loading system properties from: /Users/daper01/.bzt/jmeter-taurus/3.2/bin/system.properties
2017-09-07 11:49:51,588 INFO o.a.j.JMeter: Copyright (c) 1998-2017 The Apache Software Foundation
2017-09-07 11:49:51,588 INFO o.a.j.JMeter: Version 3.2 r1790748
2017-09-07 11:49:51,588 INFO o.a.j.JMeter: java.version=1.8.0_121
2017-09-07 11:49:51,588 INFO o.a.j.JMeter: java.vm.name=Java HotSpot(TM) 64-Bit Server VM
2017-09-07 11:49:51,589 INFO o.a.j.JMeter: os.name=Mac OS X
2017-09-07 11:49:51,589 INFO o.a.j.JMeter: os.arch=x86_64
2017-09-07 11:49:51,589 INFO o.a.j.JMeter: os.version=10.12.6
2017-09-07 11:49:51,589 INFO o.a.j.JMeter: file.encoding=UTF-8
2017-09-07 11:49:51,589 INFO o.a.j.JMeter: Max memory     =3817865216
2017-09-07 11:49:51,590 INFO o.a.j.JMeter: Available Processors =4
2017-09-07 11:49:51,600 INFO o.a.j.JMeter: Default Locale=English (United States)
2017-09-07 11:49:51,601 INFO o.a.j.JMeter: JMeter  Locale=English (United States)
2017-09-07 11:49:51,601 INFO o.a.j.JMeter: JMeterHome=/Users/daper01/.bzt/jmeter-taurus/3.2
2017-09-07 11:49:51,601 INFO o.a.j.JMeter: user.dir  =/Users/daper01/Documents/OSLo/JMeter
2017-09-07 11:49:51,601 INFO o.a.j.JMeter: PWD       =/Users/daper01/Documents/OSLo/JMeter
2017-09-07 11:49:51,607 INFO o.a.j.JMeter: IP: 10.137.176.166 Name: daper01mac1124 FullName: daper01mac1124.ca.com
2017-09-07 11:49:51,607 INFO o.a.j.JMeter: user.classpath=/Users/daper01/Documents/OSLo/JMeter/2017-09-07_11-49-48.512853
2017-09-07 11:49:51,607 INFO o.a.j.JMeter: Adding to classpath and loader: /Users/daper01/Documents/OSLo/JMeter/2017-09-07_11-49-48.512853
2017-09-07 11:49:51,614 INFO o.a.j.s.FileServer: Default base='/Users/daper01/Documents/OSLo/JMeter'
2017-09-07 11:49:51,614 INFO o.a.j.s.FileServer: Set new base='/Users/daper01/Documents/OSLo/JMeter'
2017-09-07 11:49:51,857 INFO o.a.j.s.SaveService: Testplan (JMX) version: 2.2. Testlog (JTL) version: 2.2
2017-09-07 11:49:51,896 INFO o.a.j.s.SaveService: Using SaveService properties file encoding UTF-8
2017-09-07 11:49:51,902 INFO o.a.j.s.SaveService: Using SaveService properties version 3.2
2017-09-07 11:49:51,914 INFO o.a.j.s.SaveService: Loading file: /Users/daper01/Documents/OSLo/JMeter/modified_two_thread_groups.jmx
2017-09-07 11:49:51,959 INFO o.a.j.p.h.c.CookieManager: Settings: Delete null: true Check: true Allow variable: true Save: false Prefix: COOKIE_
2017-09-07 11:49:51,964 INFO o.a.j.p.h.c.CacheManager: Will only cache the following methods: [GET]
2017-09-07 11:49:51,987 INFO o.a.j.p.h.s.HTTPSamplerBase: Parser for text/html is org.apache.jmeter.protocol.http.parser.LagartoBasedHtmlParser
2017-09-07 11:49:51,987 INFO o.a.j.p.h.s.HTTPSamplerBase: Parser for application/xhtml+xml is org.apache.jmeter.protocol.http.parser.LagartoBasedHtmlParser
2017-09-07 11:49:51,988 INFO o.a.j.p.h.s.HTTPSamplerBase: Parser for application/xml is org.apache.jmeter.protocol.http.parser.LagartoBasedHtmlParser
2017-09-07 11:49:51,988 INFO o.a.j.p.h.s.HTTPSamplerBase: Parser for text/xml is org.apache.jmeter.protocol.http.parser.LagartoBasedHtmlParser
2017-09-07 11:49:51,988 INFO o.a.j.p.h.s.HTTPSamplerBase: Parser for text/vnd.wap.wml is org.apache.jmeter.protocol.http.parser.RegexpHTMLParser
2017-09-07 11:49:51,989 INFO o.a.j.p.h.s.HTTPSamplerBase: Parser for text/css is org.apache.jmeter.protocol.http.parser.CssParser
2017-09-07 11:49:52,068 INFO o.a.j.e.StandardJMeterEngine: Running the test!
2017-09-07 11:49:52,069 INFO o.a.j.s.SampleEvent: List of sample_variables: []
2017-09-07 11:49:52,069 INFO o.a.j.s.SampleEvent: List of sample_variables: []
2017-09-07 11:49:52,074 INFO o.a.j.e.u.CompoundVariable: Note: Function class names must contain the string: '.functions.'
2017-09-07 11:49:52,074 INFO o.a.j.e.u.CompoundVariable: Note: Function class names must not contain the string: '.gui.'
2017-09-07 11:49:52,720 INFO o.a.j.JMeter: Running test (1504810192720)
2017-09-07 11:49:52,779 INFO o.a.j.e.StandardJMeterEngine: Starting ThreadGroup: 1 : Thread Group
2017-09-07 11:49:52,779 INFO o.a.j.e.StandardJMeterEngine: Starting 17 threads for group Thread Group.
2017-09-07 11:49:52,779 INFO o.a.j.e.StandardJMeterEngine: Thread will continue on error
2017-09-07 11:49:52,783 INFO o.a.j.e.StandardJMeterEngine: Starting ThreadGroup: 2 : Thread Group
2017-09-07 11:49:52,783 INFO o.a.j.e.StandardJMeterEngine: Starting 33 threads for group Thread Group.
2017-09-07 11:49:52,783 INFO c.b.j.t.c.ConcurrencyThreadStarter: Start supplying threads
2017-09-07 11:49:52,783 INFO o.a.j.e.StandardJMeterEngine: Thread will continue on error
2017-09-07 11:49:52,930 INFO c.b.j.t.c.ConcurrencyThreadStarter: Start supplying threads
2017-09-07 11:49:52,933 INFO o.a.j.e.StandardJMeterEngine: All thread groups have been started
2017-09-07 11:49:53,407 INFO o.a.j.t.JMeterThread: Thread started: Thread Group 2-1
2017-09-07 11:49:53,415 WARN k.a.j.t.VariableThroughputTimer: No free threads left in worker pool, made  0/1.0 samples
2017-09-07 11:49:53,440 INFO o.a.j.p.h.s.HTTPHCAbstractImpl: Local host = daper01mac1124
2017-09-07 11:49:53,451 INFO o.a.j.p.h.s.HTTPHC4Impl: HTTP request retry count = 0
2017-09-07 11:49:53,465 INFO o.a.j.s.SampleResult: Note: Sample TimeStamps are START times
2017-09-07 11:49:53,466 INFO o.a.j.s.SampleResult: sampleresult.default.encoding is set to UTF-8
2017-09-07 11:49:53,466 INFO o.a.j.s.SampleResult: sampleresult.useNanoTime=true
2017-09-07 11:49:53,466 INFO o.a.j.s.SampleResult: sampleresult.nanoThreadSleep=5000
2017-09-07 11:49:53,666 INFO o.a.j.t.JMeterThread: Thread started: Thread Group 1-1
2017-09-07 11:49:54,521 INFO o.a.j.t.JMeterThread: Thread started: Thread Group 2-2
2017-09-07 11:49:55,531 INFO o.a.j.t.JMeterThread: Thread started: Thread Group 2-3
2017-09-07 11:49:55,673 INFO o.a.j.t.JMeterThread: Thread started: Thread Group 1-2
2017-09-07 11:49:56,528 INFO o.a.j.t.JMeterThread: Thread started: Thread Group 2-4
2017-09-07 11:49:57,534 INFO o.a.j.t.JMeterThread: Thread started: Thread Group 2-5
2017-09-07 11:49:57,678 INFO o.a.j.t.JMeterThread: Thread started: Thread Group 1-3
2017-09-07 11:49:58,534 INFO o.a.j.t.JMeterThread: Thread started: Thread Group 2-6
2017-09-07 11:49:59,536 INFO o.a.j.t.JMeterThread: Thread started: Thread Group 2-7
2017-09-07 11:49:59,681 INFO o.a.j.t.JMeterThread: Thread started: Thread Group 1-4
2017-09-07 11:50:00,549 INFO o.a.j.t.JMeterThread: Thread started: Thread Group 2-8
2017-09-07 11:50:01,549 INFO o.a.j.t.JMeterThread: Thread started: Thread Group 2-9
2017-09-07 11:50:01,689 INFO o.a.j.t.JMeterThread: Thread started: Thread Group 1-5
2017-09-07 11:50:02,560 INFO o.a.j.t.JMeterThread: Thread started: Thread Group 2-10
2017-09-07 11:50:02,563 INFO o.a.j.t.JMeterThread: Thread started: Thread Group 2-11
2017-09-07 11:50:02,693 INFO o.a.j.t.JMeterThread: Thread started: Thread Group 1-6
2017-09-07 11:50:03,567 INFO o.a.j.t.JMeterThread: Thread started: Thread Group 2-12
2017-09-07 11:50:04,570 INFO o.a.j.t.JMeterThread: Thread started: Thread Group 2-13
2017-09-07 11:50:04,701 INFO o.a.j.t.JMeterThread: Thread started: Thread Group 1-7
2017-09-07 11:50:05,575 INFO o.a.j.t.JMeterThread: Thread started: Thread Group 2-14
2017-09-07 11:50:06,578 INFO o.a.j.t.JMeterThread: Thread started: Thread Group 2-15
2017-09-07 11:50:06,710 INFO o.a.j.t.JMeterThread: Thread started: Thread Group 1-8
2017-09-07 11:50:07,584 INFO o.a.j.t.JMeterThread: Thread started: Thread Group 2-16
2017-09-07 11:50:08,588 INFO o.a.j.t.JMeterThread: Thread started: Thread Group 2-17
2017-09-07 11:50:08,718 INFO o.a.j.t.JMeterThread: Thread started: Thread Group 1-9
2017-09-07 11:50:09,589 INFO o.a.j.t.JMeterThread: Thread started: Thread Group 2-18
2017-09-07 11:50:09,724 INFO o.a.j.t.JMeterThread: Thread started: Thread Group 1-10
2017-09-07 11:50:10,590 INFO o.a.j.t.JMeterThread: Thread started: Thread Group 2-19
2017-09-07 11:50:11,594 INFO o.a.j.t.JMeterThread: Thread started: Thread Group 2-20
2017-09-07 11:50:11,595 INFO o.a.j.t.JMeterThread: Thread started: Thread Group 2-21
2017-09-07 11:50:11,732 INFO o.a.j.t.JMeterThread: Thread started: Thread Group 1-11
2017-09-07 11:50:12,598 INFO o.a.j.t.JMeterThread: Thread started: Thread Group 2-22
2017-09-07 11:50:13,600 INFO o.a.j.t.JMeterThread: Thread started: Thread Group 2-23
2017-09-07 11:50:13,740 INFO o.a.j.t.JMeterThread: Thread started: Thread Group 1-12
2017-09-07 11:50:14,606 INFO o.a.j.t.JMeterThread: Thread started: Thread Group 2-24
2017-09-07 11:50:15,611 INFO o.a.j.t.JMeterThread: Thread started: Thread Group 2-25
2017-09-07 11:50:15,748 INFO o.a.j.t.JMeterThread: Thread started: Thread Group 1-13
2017-09-07 11:50:16,616 INFO o.a.j.t.JMeterThread: Thread started: Thread Group 2-26
2017-09-07 11:50:16,749 INFO o.a.j.t.JMeterThread: Thread started: Thread Group 1-14
2017-09-07 11:50:17,618 INFO o.a.j.t.JMeterThread: Thread started: Thread Group 2-27
2017-09-07 11:50:18,624 INFO o.a.j.t.JMeterThread: Thread started: Thread Group 2-28
2017-09-07 11:50:18,756 INFO o.a.j.t.JMeterThread: Thread started: Thread Group 1-15
2017-09-07 11:50:19,629 INFO o.a.j.t.JMeterThread: Thread started: Thread Group 2-29
2017-09-07 11:50:20,635 INFO o.a.j.t.JMeterThread: Thread started: Thread Group 2-30
2017-09-07 11:50:20,765 INFO o.a.j.t.JMeterThread: Thread started: Thread Group 1-16
2017-09-07 11:50:21,637 INFO o.a.j.t.JMeterThread: Thread started: Thread Group 2-31
2017-09-07 11:50:21,638 INFO o.a.j.t.JMeterThread: Thread started: Thread Group 2-32
2017-09-07 11:50:22,639 INFO o.a.j.t.JMeterThread: Thread started: Thread Group 2-33
2017-09-07 11:50:22,769 INFO o.a.j.t.JMeterThread: Thread started: Thread Group 1-17
2017-09-07 11:50:23,759 INFO o.a.j.JMeter: Command: Shutdown received from /127.0.0.1
2017-09-07 11:50:23,761 INFO c.b.j.t.c.ConcurrencyThreadStarter: Done supplying threads
2017-09-07 11:50:23,761 WARN o.a.j.t.JMeterThread: Interrupting: Thread Group 1-4 sampler: purchase
2017-09-07 11:50:23,762 WARN o.a.j.t.JMeterThread: Interrupting: Thread Group 1-2 sampler: purchase
2017-09-07 11:50:23,763 WARN o.a.j.t.JMeterThread: Interrupting: Thread Group 1-7 sampler: confirmation
2017-09-07 11:50:23,767 INFO o.a.j.t.JMeterThread: Thread is done: Thread Group 1-2
2017-09-07 11:50:23,767 INFO o.a.j.t.JMeterThread: Thread finished: Thread Group 1-2
2017-09-07 11:50:23,767 INFO o.a.j.t.JMeterThread: Thread is done: Thread Group 1-4
2017-09-07 11:50:23,767 INFO o.a.j.t.JMeterThread: Thread finished: Thread Group 1-4
2017-09-07 11:50:23,770 WARN o.a.j.t.JMeterThread: Interrupting: Thread Group 1-10 sampler: welcome
2017-09-07 11:50:23,772 WARN o.a.j.t.JMeterThread: Interrupting: Thread Group 1-3 sampler: purchase
2017-09-07 11:50:23,772 INFO o.a.j.t.JMeterThread: Thread is done: Thread Group 1-7
2017-09-07 11:50:23,772 INFO o.a.j.t.JMeterThread: Thread finished: Thread Group 1-7
2017-09-07 11:50:23,762 ERROR k.a.j.t.VariableThroughputTimer: Waiting thread was interrupted
java.lang.InterruptedException: null
	at java.lang.Object.wait(Native Method) ~[?:1.8.0_121]
	at kg.apc.jmeter.timers.VariableThroughputTimer.delay(VariableThroughputTimer.java:78) [jmeter-plugins-tst-2.0.jar:?]
	at org.apache.jmeter.threads.JMeterThread.delay(JMeterThread.java:845) [ApacheJMeter_core.jar:3.2 r1790748]
	at org.apache.jmeter.threads.JMeterThread.executeSamplePackage(JMeterThread.java:474) [ApacheJMeter_core.jar:3.2 r1790748]
	at org.apache.jmeter.threads.JMeterThread.processSampler(JMeterThread.java:425) [ApacheJMeter_core.jar:3.2 r1790748]
	at org.apache.jmeter.threads.JMeterThread.run(JMeterThread.java:254) [ApacheJMeter_core.jar:3.2 r1790748]
	at java.lang.Thread.run(Thread.java:745) [?:1.8.0_121]
2017-09-07 11:50:23,775 WARN o.a.j.t.JMeterThread: Interrupting: Thread Group 1-9 sampler: reserve
2017-09-07 11:50:23,778 INFO o.a.j.t.JMeterThread: Thread is done: Thread Group 1-10
2017-09-07 11:50:23,778 INFO o.a.j.t.JMeterThread: Thread finished: Thread Group 1-10
2017-09-07 11:50:23,778 ERROR k.a.j.t.VariableThroughputTimer: Waiting thread was interrupted
java.lang.InterruptedException: null
	at java.lang.Object.wait(Native Method) ~[?:1.8.0_121]
	at kg.apc.jmeter.timers.VariableThroughputTimer.delay(VariableThroughputTimer.java:78) [jmeter-plugins-tst-2.0.jar:?]
	at org.apache.jmeter.threads.JMeterThread.delay(JMeterThread.java:845) [ApacheJMeter_core.jar:3.2 r1790748]
	at org.apache.jmeter.threads.JMeterThread.executeSamplePackage(JMeterThread.java:474) [ApacheJMeter_core.jar:3.2 r1790748]
	at org.apache.jmeter.threads.JMeterThread.processSampler(JMeterThread.java:425) [ApacheJMeter_core.jar:3.2 r1790748]
	at org.apache.jmeter.threads.JMeterThread.run(JMeterThread.java:254) [ApacheJMeter_core.jar:3.2 r1790748]
	at java.lang.Thread.run(Thread.java:745) [?:1.8.0_121]
2017-09-07 11:50:23,780 INFO o.a.j.t.JMeterThread: Thread is done: Thread Group 1-3
2017-09-07 11:50:23,780 INFO o.a.j.t.JMeterThread: Thread finished: Thread Group 1-3
2017-09-07 11:50:23,780 INFO o.a.j.t.JMeterThread: Thread is done: Thread Group 1-9
2017-09-07 11:50:23,780 INFO o.a.j.t.JMeterThread: Thread finished: Thread Group 1-9
2017-09-07 11:50:23,779 WARN o.a.j.t.JMeterThread: Interrupting: Thread Group 1-16 sampler: purchase
2017-09-07 11:50:23,781 WARN o.a.j.t.JMeterThread: Interrupting: Thread Group 1-13 sampler: purchase
2017-09-07 11:50:23,792 WARN o.a.j.t.JMeterThread: Interrupting: Thread Group 1-11 sampler: confirmation
2017-09-07 11:50:23,792 INFO o.a.j.t.JMeterThread: Thread is done: Thread Group 1-16
2017-09-07 11:50:23,792 INFO o.a.j.t.JMeterThread: Thread finished: Thread Group 1-16
2017-09-07 11:50:23,793 ERROR k.a.j.t.VariableThroughputTimer: Waiting thread was interrupted
java.lang.InterruptedException: null
	at java.lang.Object.wait(Native Method) ~[?:1.8.0_121]
	at kg.apc.jmeter.timers.VariableThroughputTimer.delay(VariableThroughputTimer.java:78) [jmeter-plugins-tst-2.0.jar:?]
	at org.apache.jmeter.threads.JMeterThread.delay(JMeterThread.java:845) [ApacheJMeter_core.jar:3.2 r1790748]
	at org.apache.jmeter.threads.JMeterThread.executeSamplePackage(JMeterThread.java:474) [ApacheJMeter_core.jar:3.2 r1790748]
	at org.apache.jmeter.threads.JMeterThread.processSampler(JMeterThread.java:425) [ApacheJMeter_core.jar:3.2 r1790748]
	at org.apache.jmeter.threads.JMeterThread.run(JMeterThread.java:254) [ApacheJMeter_core.jar:3.2 r1790748]
	at java.lang.Thread.run(Thread.java:745) [?:1.8.0_121]
2017-09-07 11:50:23,793 ERROR k.a.j.t.VariableThroughputTimer: Waiting thread was interrupted
java.lang.InterruptedException: null
	at java.lang.Object.wait(Native Method) ~[?:1.8.0_121]
	at kg.apc.jmeter.timers.VariableThroughputTimer.delay(VariableThroughputTimer.java:78) [jmeter-plugins-tst-2.0.jar:?]
	at org.apache.jmeter.threads.JMeterThread.delay(JMeterThread.java:845) [ApacheJMeter_core.jar:3.2 r1790748]
	at org.apache.jmeter.threads.JMeterThread.executeSamplePackage(JMeterThread.java:474) [ApacheJMeter_core.jar:3.2 r1790748]
	at org.apache.jmeter.threads.JMeterThread.processSampler(JMeterThread.java:425) [ApacheJMeter_core.jar:3.2 r1790748]
	at org.apache.jmeter.threads.JMeterThread.run(JMeterThread.java:254) [ApacheJMeter_core.jar:3.2 r1790748]
	at java.lang.Thread.run(Thread.java:745) [?:1.8.0_121]
2017-09-07 11:50:23,795 WARN o.a.j.t.JMeterThread: Interrupting: Thread Group 1-1 sampler: reserve
2017-09-07 11:50:23,796 INFO o.a.j.t.JMeterThread: Thread is done: Thread Group 1-13
2017-09-07 11:50:23,797 INFO o.a.j.t.JMeterThread: Thread finished: Thread Group 1-13
2017-09-07 11:50:23,801 ERROR k.a.j.t.VariableThroughputTimer: Waiting thread was interrupted
java.lang.InterruptedException: null
	at java.lang.Object.wait(Native Method) ~[?:1.8.0_121]
	at kg.apc.jmeter.timers.VariableThroughputTimer.delay(VariableThroughputTimer.java:78) [jmeter-plugins-tst-2.0.jar:?]
	at org.apache.jmeter.threads.JMeterThread.delay(JMeterThread.java:845) [ApacheJMeter_core.jar:3.2 r1790748]
	at org.apache.jmeter.threads.JMeterThread.executeSamplePackage(JMeterThread.java:474) [ApacheJMeter_core.jar:3.2 r1790748]
	at org.apache.jmeter.threads.JMeterThread.processSampler(JMeterThread.java:425) [ApacheJMeter_core.jar:3.2 r1790748]
	at org.apache.jmeter.threads.JMeterThread.run(JMeterThread.java:254) [ApacheJMeter_core.jar:3.2 r1790748]
	at java.lang.Thread.run(Thread.java:745) [?:1.8.0_121]
2017-09-07 11:50:23,804 INFO o.a.j.t.JMeterThread: Thread is done: Thread Group 1-11
2017-09-07 11:50:23,804 INFO o.a.j.t.JMeterThread: Thread finished: Thread Group 1-11
2017-09-07 11:50:23,805 WARN o.a.j.t.JMeterThread: Interrupting: Thread Group 1-14 sampler: purchase
2017-09-07 11:50:23,807 INFO o.a.j.t.JMeterThread: Thread is done: Thread Group 1-1
2017-09-07 11:50:23,807 INFO o.a.j.t.JMeterThread: Thread finished: Thread Group 1-1
2017-09-07 11:50:23,809 WARN o.a.j.t.JMeterThread: Interrupting: Thread Group 1-15 sampler: purchase
2017-09-07 11:50:23,811 INFO o.a.j.t.JMeterThread: Thread is done: Thread Group 1-14
2017-09-07 11:50:23,811 INFO o.a.j.t.JMeterThread: Thread finished: Thread Group 1-14
2017-09-07 11:50:23,812 WARN o.a.j.t.JMeterThread: Interrupting: Thread Group 2-21 sampler: welcome_2
2017-09-07 11:50:23,815 INFO o.a.j.t.JMeterThread: Thread is done: Thread Group 1-15
2017-09-07 11:50:23,815 INFO o.a.j.t.JMeterThread: Thread finished: Thread Group 1-15
2017-09-07 11:50:23,815 INFO c.b.j.t.c.ConcurrencyThreadStarter: Done supplying threads
2017-09-07 11:50:23,816 WARN o.a.j.t.JMeterThread: Interrupting: Thread Group 2-17 sampler: reserve_2
2017-09-07 11:50:23,817 INFO o.a.j.t.JMeterThread: Thread is done: Thread Group 2-22
2017-09-07 11:50:23,817 INFO o.a.j.t.JMeterThread: Thread finished: Thread Group 2-22
2017-09-07 11:50:23,818 INFO o.a.j.t.JMeterThread: Thread is done: Thread Group 2-21
2017-09-07 11:50:23,818 INFO o.a.j.t.JMeterThread: Thread finished: Thread Group 2-21
2017-09-07 11:50:23,819 WARN o.a.j.t.JMeterThread: Interrupting: Thread Group 2-25 sampler: confirmation_2
2017-09-07 11:50:23,820 WARN o.a.j.t.JMeterThread: Interrupting: Thread Group 2-8 sampler: purchase_2
2017-09-07 11:50:23,821 WARN o.a.j.t.JMeterThread: Interrupting: Thread Group 2-14 sampler: confirmation_2
2017-09-07 11:50:23,821 INFO o.a.j.e.StandardJMeterEngine: Notifying test listeners of end of test
2017-09-07 11:50:23,821 INFO o.a.j.t.JMeterThread: Thread is done: Thread Group 2-25
2017-09-07 11:50:23,821 INFO o.a.j.t.JMeterThread: Thread finished: Thread Group 2-25
2017-09-07 11:50:23,821 ERROR k.a.j.t.VariableThroughputTimer: Waiting thread was interrupted
java.lang.InterruptedException: null
	at java.lang.Object.wait(Native Method) ~[?:1.8.0_121]
	at kg.apc.jmeter.timers.VariableThroughputTimer.delay(VariableThroughputTimer.java:78) [jmeter-plugins-tst-2.0.jar:?]
	at org.apache.jmeter.threads.JMeterThread.delay(JMeterThread.java:845) [ApacheJMeter_core.jar:3.2 r1790748]
	at org.apache.jmeter.threads.JMeterThread.executeSamplePackage(JMeterThread.java:474) [ApacheJMeter_core.jar:3.2 r1790748]
	at org.apache.jmeter.threads.JMeterThread.processSampler(JMeterThread.java:425) [ApacheJMeter_core.jar:3.2 r1790748]
	at org.apache.jmeter.threads.JMeterThread.run(JMeterThread.java:254) [ApacheJMeter_core.jar:3.2 r1790748]
	at java.lang.Thread.run(Thread.java:745) [?:1.8.0_121]
2017-09-07 11:50:23,824 WARN o.a.j.t.JMeterThread: Interrupting: Thread Group 2-28 sampler: reserve_2
2017-09-07 11:50:23,825 ERROR k.a.j.t.VariableThroughputTimer: Waiting thread was interrupted
java.lang.InterruptedException: null
	at java.lang.Object.wait(Native Method) ~[?:1.8.0_121]
	at kg.apc.jmeter.timers.VariableThroughputTimer.delay(VariableThroughputTimer.java:78) [jmeter-plugins-tst-2.0.jar:?]
	at org.apache.jmeter.threads.JMeterThread.delay(JMeterThread.java:845) [ApacheJMeter_core.jar:3.2 r1790748]
	at org.apache.jmeter.threads.JMeterThread.executeSamplePackage(JMeterThread.java:474) [ApacheJMeter_core.jar:3.2 r1790748]
	at org.apache.jmeter.threads.JMeterThread.processSampler(JMeterThread.java:425) [ApacheJMeter_core.jar:3.2 r1790748]
	at org.apache.jmeter.threads.JMeterThread.run(JMeterThread.java:254) [ApacheJMeter_core.jar:3.2 r1790748]
	at java.lang.Thread.run(Thread.java:745) [?:1.8.0_121]
2017-09-07 11:50:23,827 WARN o.a.j.t.JMeterThread: Interrupting: Thread Group 2-27 sampler: confirmation_2
2017-09-07 11:50:23,829 WARN o.a.j.t.JMeterThread: Interrupting: Thread Group 2-33 sampler: welcome_2
2017-09-07 11:50:23,832 WARN o.a.j.t.JMeterThread: Interrupting: Thread Group 2-16 sampler: welcome_2
2017-09-07 11:50:23,834 WARN o.a.j.t.JMeterThread: Interrupting: Thread Group 2-23 sampler: welcome_2
2017-09-07 11:50:23,834 WARN o.a.j.t.JMeterThread: Interrupting: Thread Group 2-30 sampler: confirmation_2
2017-09-07 11:50:23,835 ERROR k.a.j.t.VariableThroughputTimer: Waiting thread was interrupted
java.lang.InterruptedException: null
	at java.lang.Object.wait(Native Method) ~[?:1.8.0_121]
	at kg.apc.jmeter.timers.VariableThroughputTimer.delay(VariableThroughputTimer.java:78) [jmeter-plugins-tst-2.0.jar:?]
	at org.apache.jmeter.threads.JMeterThread.delay(JMeterThread.java:845) [ApacheJMeter_core.jar:3.2 r1790748]
	at org.apache.jmeter.threads.JMeterThread.executeSamplePackage(JMeterThread.java:474) [ApacheJMeter_core.jar:3.2 r1790748]
	at org.apache.jmeter.threads.JMeterThread.processSampler(JMeterThread.java:425) [ApacheJMeter_core.jar:3.2 r1790748]
	at org.apache.jmeter.threads.JMeterThread.run(JMeterThread.java:254) [ApacheJMeter_core.jar:3.2 r1790748]
	at java.lang.Thread.run(Thread.java:745) [?:1.8.0_121]
2017-09-07 11:50:23,836 WARN o.a.j.t.JMeterThread: Interrupting: Thread Group 2-29 sampler: reserve_2
2017-09-07 11:50:23,836 WARN o.a.j.t.JMeterThread: Interrupting: Thread Group 2-15 sampler: confirmation_2
2017-09-07 11:50:23,837 WARN o.a.j.t.JMeterThread: Interrupting: Thread Group 2-10 sampler: confirmation_2
2017-09-07 11:50:23,837 ERROR k.a.j.t.VariableThroughputTimer: Waiting thread was interrupted
java.lang.InterruptedException: null
	at java.lang.Object.wait(Native Method) ~[?:1.8.0_121]
	at kg.apc.jmeter.timers.VariableThroughputTimer.delay(VariableThroughputTimer.java:78) [jmeter-plugins-tst-2.0.jar:?]
	at org.apache.jmeter.threads.JMeterThread.delay(JMeterThread.java:845) [ApacheJMeter_core.jar:3.2 r1790748]
	at org.apache.jmeter.threads.JMeterThread.executeSamplePackage(JMeterThread.java:474) [ApacheJMeter_core.jar:3.2 r1790748]
	at org.apache.jmeter.threads.JMeterThread.processSampler(JMeterThread.java:425) [ApacheJMeter_core.jar:3.2 r1790748]
	at org.apache.jmeter.threads.JMeterThread.run(JMeterThread.java:254) [ApacheJMeter_core.jar:3.2 r1790748]
	at java.lang.Thread.run(Thread.java:745) [?:1.8.0_121]
2017-09-07 11:50:23,837 ERROR k.a.j.t.VariableThroughputTimer: Waiting thread was interrupted
java.lang.InterruptedException: null
	at java.lang.Object.wait(Native Method) ~[?:1.8.0_121]
	at kg.apc.jmeter.timers.VariableThroughputTimer.delay(VariableThroughputTimer.java:78) [jmeter-plugins-tst-2.0.jar:?]
	at org.apache.jmeter.threads.JMeterThread.delay(JMeterThread.java:845) [ApacheJMeter_core.jar:3.2 r1790748]
	at org.apache.jmeter.threads.JMeterThread.executeSamplePackage(JMeterThread.java:474) [ApacheJMeter_core.jar:3.2 r1790748]
	at org.apache.jmeter.threads.JMeterThread.processSampler(JMeterThread.java:425) [ApacheJMeter_core.jar:3.2 r1790748]
	at org.apache.jmeter.threads.JMeterThread.run(JMeterThread.java:254) [ApacheJMeter_core.jar:3.2 r1790748]
	at java.lang.Thread.run(Thread.java:745) [?:1.8.0_121]
2017-09-07 11:50:23,838 WARN o.a.j.t.JMeterThread: Interrupting: Thread Group 2-18 sampler: purchase_2
2017-09-07 11:50:23,838 WARN o.a.j.t.JMeterThread: Interrupting: Thread Group 2-3 sampler: confirmation_2
2017-09-07 11:50:23,839 WARN o.a.j.t.JMeterThread: Interrupting: Thread Group 2-13 sampler: purchase_2
2017-09-07 11:50:23,839 WARN o.a.j.t.JMeterThread: Interrupting: Thread Group 2-12 sampler: welcome_2
2017-09-07 11:50:23,840 WARN o.a.j.t.JMeterThread: Interrupting: Thread Group 2-20 sampler: welcome_2
2017-09-07 11:50:23,840 WARN o.a.j.t.JMeterThread: Interrupting: Thread Group 2-24 sampler: welcome_2
2017-09-07 11:50:23,841 WARN o.a.j.t.JMeterThread: Interrupting: Thread Group 2-26 sampler: reserve_2
2017-09-07 11:50:23,842 WARN o.a.j.t.JMeterThread: Interrupting: Thread Group 2-11 sampler: welcome_2
2017-09-07 11:50:23,842 ERROR k.a.j.t.VariableThroughputTimer: Waiting thread was interrupted
java.lang.InterruptedException: null
	at java.lang.Object.wait(Native Method) ~[?:1.8.0_121]
	at kg.apc.jmeter.timers.VariableThroughputTimer.delay(VariableThroughputTimer.java:78) [jmeter-plugins-tst-2.0.jar:?]
	at org.apache.jmeter.threads.JMeterThread.delay(JMeterThread.java:845) [ApacheJMeter_core.jar:3.2 r1790748]
	at org.apache.jmeter.threads.JMeterThread.executeSamplePackage(JMeterThread.java:474) [ApacheJMeter_core.jar:3.2 r1790748]
	at org.apache.jmeter.threads.JMeterThread.processSampler(JMeterThread.java:425) [ApacheJMeter_core.jar:3.2 r1790748]
	at org.apache.jmeter.threads.JMeterThread.run(JMeterThread.java:254) [ApacheJMeter_core.jar:3.2 r1790748]
	at java.lang.Thread.run(Thread.java:745) [?:1.8.0_121]
2017-09-07 11:50:23,842 ERROR k.a.j.t.VariableThroughputTimer: Waiting thread was interrupted
java.lang.InterruptedException: null
	at java.lang.Object.wait(Native Method) ~[?:1.8.0_121]
	at kg.apc.jmeter.timers.VariableThroughputTimer.delay(VariableThroughputTimer.java:78) [jmeter-plugins-tst-2.0.jar:?]
	at org.apache.jmeter.threads.JMeterThread.delay(JMeterThread.java:845) [ApacheJMeter_core.jar:3.2 r1790748]
	at org.apache.jmeter.threads.JMeterThread.executeSamplePackage(JMeterThread.java:474) [ApacheJMeter_core.jar:3.2 r1790748]
	at org.apache.jmeter.threads.JMeterThread.processSampler(JMeterThread.java:425) [ApacheJMeter_core.jar:3.2 r1790748]
	at org.apache.jmeter.threads.JMeterThread.run(JMeterThread.java:254) [ApacheJMeter_core.jar:3.2 r1790748]
	at java.lang.Thread.run(Thread.java:745) [?:1.8.0_121]
2017-09-07 11:50:23,843 WARN o.a.j.t.JMeterThread: Interrupting: Thread Group 2-32 sampler: confirmation_2
2017-09-07 11:50:23,843 ERROR k.a.j.t.VariableThroughputTimer: Waiting thread was interrupted
java.lang.InterruptedException: null
	at java.lang.Object.wait(Native Method) ~[?:1.8.0_121]
	at kg.apc.jmeter.timers.VariableThroughputTimer.delay(VariableThroughputTimer.java:78) [jmeter-plugins-tst-2.0.jar:?]
	at org.apache.jmeter.threads.JMeterThread.delay(JMeterThread.java:845) [ApacheJMeter_core.jar:3.2 r1790748]
	at org.apache.jmeter.threads.JMeterThread.executeSamplePackage(JMeterThread.java:474) [ApacheJMeter_core.jar:3.2 r1790748]
	at org.apache.jmeter.threads.JMeterThread.processSampler(JMeterThread.java:425) [ApacheJMeter_core.jar:3.2 r1790748]
	at org.apache.jmeter.threads.JMeterThread.run(JMeterThread.java:254) [ApacheJMeter_core.jar:3.2 r1790748]
	at java.lang.Thread.run(Thread.java:745) [?:1.8.0_121]
2017-09-07 11:50:23,873 INFO o.a.j.t.JMeterThread: Thread is done: Thread Group 2-19
2017-09-07 11:50:23,873 INFO o.a.j.t.JMeterThread: Thread finished: Thread Group 2-19
2017-09-07 11:50:23,878 INFO o.a.j.t.JMeterThread: Thread is done: Thread Group 2-32
2017-09-07 11:50:23,878 INFO o.a.j.t.JMeterThread: Thread is done: Thread Group 2-17
2017-09-07 11:50:23,878 INFO o.a.j.t.JMeterThread: Thread finished: Thread Group 2-17
2017-09-07 11:50:23,878 INFO o.a.j.t.JMeterThread: Thread finished: Thread Group 2-32
2017-09-07 11:50:23,878 INFO o.a.j.e.StandardJMeterEngine: Forced JVM shutdown requested at end of test
2017-09-07 11:50:23,879 INFO o.a.j.t.JMeterThread: Thread is done: Thread Group 2-8
2017-09-07 11:50:23,879 INFO o.a.j.t.JMeterThread: Thread finished: Thread Group 2-8
2017-09-07 11:50:23,879 INFO o.a.j.t.JMeterThread: Thread is done: Thread Group 2-14
2017-09-07 11:50:23,879 INFO o.a.j.t.JMeterThread: Thread finished: Thread Group 2-14
2017-09-07 11:50:23,879 INFO o.a.j.t.JMeterThread: Thread is done: Thread Group 2-28
2017-09-07 11:50:23,880 INFO o.a.j.t.JMeterThread: Thread finished: Thread Group 2-28
2017-09-07 11:50:23,880 INFO o.a.j.t.JMeterThread: Thread is done: Thread Group 2-27
2017-09-07 11:50:23,880 INFO o.a.j.t.JMeterThread: Thread finished: Thread Group 2-27
2017-09-07 11:50:23,880 INFO o.a.j.t.JMeterThread: Thread is done: Thread Group 2-33
2017-09-07 11:50:23,880 INFO o.a.j.t.JMeterThread: Thread finished: Thread Group 2-33
2017-09-07 11:50:23,881 INFO o.a.j.t.JMeterThread: Thread is done: Thread Group 2-16
2017-09-07 11:50:23,881 INFO o.a.j.t.JMeterThread: Thread finished: Thread Group 2-16
2017-09-07 11:50:23,881 INFO o.a.j.t.JMeterThread: Thread is done: Thread Group 2-23
2017-09-07 11:50:23,881 INFO o.a.j.t.JMeterThread: Thread finished: Thread Group 2-23
2017-09-07 11:50:23,881 INFO o.a.j.t.JMeterThread: Thread is done: Thread Group 2-30
2017-09-07 11:50:23,881 INFO o.a.j.t.JMeterThread: Thread finished: Thread Group 2-30
2017-09-07 11:50:23,881 INFO o.a.j.t.JMeterThread: Thread is done: Thread Group 2-29
2017-09-07 11:50:23,881 INFO o.a.j.t.JMeterThread: Thread finished: Thread Group 2-29
2017-09-07 11:50:23,882 INFO o.a.j.t.JMeterThread: Thread is done: Thread Group 2-15
2017-09-07 11:50:23,882 INFO o.a.j.t.JMeterThread: Thread finished: Thread Group 2-15
