[2017-12-06 12:49:31,581 INFO root] Taurus CLI Tool v1.9.6
[2017-12-06 12:49:31,581 DEBUG root] Command-line options: {'verbose': None, 'no_system_configs': None, 'quiet': None, 'log': '/var/folders/vq/xzrdy2lx047cst78f69v8z3xfzqz1q/T/bzt_FOyOhJ.log', 'option': None, 'aliases': []}
[2017-12-06 12:49:31,581 DEBUG root] Python: CPython 2.7.13
[2017-12-06 12:49:31,581 DEBUG root] OS: ('Darwin', 'daper01mac1124', '17.2.0', 'Darwin Kernel Version 17.2.0: Fri Sep 29 18:27:05 PDT 2017; root:xnu-4570.20.62~3/RELEASE_X86_64', 'x86_64', 'i386')
[2017-12-06 12:49:31,582 INFO root] Starting with configs: ['load_scenario_from_csv.yml', 'execution_jmeter.yml']
[2017-12-06 12:49:31,582 DEBUG root] Using personal config: /Users/daper01/.bzt-rc
[2017-12-06 12:49:31,582 INFO Engine] Configuring...
[2017-12-06 12:49:31,582 DEBUG Engine] Reading extension configs from: /usr/local/etc/bzt.d
[2017-12-06 12:49:31,582 DEBUG Engine.Configuration] Configs: ['/usr/local/lib/python2.7/site-packages/bzt/resources/base-config.yml', '/usr/local/etc/bzt.d/99-installID.yml']
[2017-12-06 12:49:31,589 DEBUG Engine.Configuration] Reading /usr/local/lib/python2.7/site-packages/bzt/resources/base-config.yml as YAML
[2017-12-06 12:49:31,621 DEBUG Engine.Configuration] Reading /usr/local/etc/bzt.d/99-installID.yml as YAML
[2017-12-06 12:49:31,622 DEBUG Engine.Configuration] Configs: ['/Users/daper01/.bzt-rc', 'load_scenario_from_csv.yml', 'execution_jmeter.yml']
[2017-12-06 12:49:31,623 DEBUG Engine.Configuration] Reading /Users/daper01/.bzt-rc as YAML
[2017-12-06 12:49:31,624 DEBUG Engine.Configuration] Reading load_scenario_from_csv.yml as YAML
[2017-12-06 12:49:31,628 DEBUG Engine.Configuration] Reading execution_jmeter.yml as YAML
[2017-12-06 12:49:31,634 DEBUG Engine.Configuration] Configs: ['/Users/daper01/.bzt-rc', 'load_scenario_from_csv.yml', 'execution_jmeter.yml']
[2017-12-06 12:49:31,635 DEBUG Engine.Configuration] Reading /Users/daper01/.bzt-rc as YAML
[2017-12-06 12:49:31,636 DEBUG Engine.Configuration] Reading load_scenario_from_csv.yml as YAML
[2017-12-06 12:49:31,641 DEBUG Engine.Configuration] Reading execution_jmeter.yml as YAML
[2017-12-06 12:49:31,665 DEBUG Engine] Requesting updates info: http://gettaurus.org/updates/?version=1.9.6&installID=784f43782a15
[2017-12-06 12:49:31,673 INFO Engine] Artifacts dir: /Users/daper01/Documents/OSLo/artifacts/2017-12-06_12-49-31.665929
[2017-12-06 12:49:31,674 DEBUG Engine] New artifact filename: /Users/daper01/Documents/OSLo/artifacts/2017-12-06_12-49-31.665929/effective
[2017-12-06 12:49:31,678 DEBUG Engine.Configuration] Dumping YAML config into /Users/daper01/Documents/OSLo/artifacts/2017-12-06_12-49-31.665929/effective.yml
[2017-12-06 12:49:31,708 DEBUG Engine.Configuration] Dumping JSON config into /Users/daper01/Documents/OSLo/artifacts/2017-12-06_12-49-31.665929/effective.json
[2017-12-06 12:49:31,709 DEBUG Engine] New artifact filename: /Users/daper01/Documents/OSLo/artifacts/2017-12-06_12-49-31.665929/merged.yml
[2017-12-06 12:49:31,710 DEBUG Engine.Configuration] Dumping YAML config into /Users/daper01/Documents/OSLo/artifacts/2017-12-06_12-49-31.665929/merged.yml
[2017-12-06 12:49:31,720 DEBUG Engine] New artifact filename: /Users/daper01/Documents/OSLo/artifacts/2017-12-06_12-49-31.665929/merged.json
[2017-12-06 12:49:31,721 DEBUG Engine.Configuration] Dumping JSON config into /Users/daper01/Documents/OSLo/artifacts/2017-12-06_12-49-31.665929/merged.json
[2017-12-06 12:49:31,721 DEBUG Engine] Add existing artifact (move=False): load_scenario_from_csv.yml
[2017-12-06 12:49:31,721 DEBUG Engine] Copying load_scenario_from_csv.yml to /Users/daper01/Documents/OSLo/artifacts/2017-12-06_12-49-31.665929/load_scenario_from_csv.yml
[2017-12-06 12:49:31,722 DEBUG Engine] Add existing artifact (move=False): execution_jmeter.yml
[2017-12-06 12:49:31,722 DEBUG Engine] Copying execution_jmeter.yml to /Users/daper01/Documents/OSLo/artifacts/2017-12-06_12-49-31.665929/execution_jmeter.yml
[2017-12-06 12:49:31,723 DEBUG root] Closing log handler: /var/folders/vq/xzrdy2lx047cst78f69v8z3xfzqz1q/T/bzt_FOyOhJ.log
[2017-12-06 12:49:31,736 DEBUG root] Switched writing logs to /Users/daper01/Documents/OSLo/artifacts/2017-12-06_12-49-31.665929/bzt.log
[2017-12-06 12:49:31,736 INFO Engine] Preparing...
[2017-12-06 12:49:31,737 DEBUG Engine] Module config: consolidator defaultdict(None, {'class': 'bzt.modules.aggregator.ConsolidatingAggregator'})
[2017-12-06 12:49:31,737 DEBUG root] Importing module: bzt.modules.aggregator
[2017-12-06 12:49:31,774 DEBUG root] Loading class: 'ConsolidatingAggregator' from <module 'bzt.modules.aggregator' from '/usr/local/lib/python2.7/site-packages/bzt/modules/aggregator.pyc'>
[2017-12-06 12:49:31,775 DEBUG Engine.consolidator] Exception in dehumanize_time(inf)
[2017-12-06 12:49:31,775 DEBUG Engine.consolidator] Buffer scaling setup: percentile 95.0 from [0.0, 50.0, 90.0, 95.0, 99.0, 99.9, 100.0] selected
[2017-12-06 12:49:31,775 DEBUG Engine] Module config: monitoring defaultdict(None, {'class': 'bzt.modules.monitoring.Monitoring'})
[2017-12-06 12:49:31,775 DEBUG root] Importing module: bzt.modules.monitoring
[2017-12-06 12:49:31,926 DEBUG root] Loading class: 'Monitoring' from <module 'bzt.modules.monitoring' from '/usr/local/lib/python2.7/site-packages/bzt/modules/monitoring.pyc'>
[2017-12-06 12:49:31,926 DEBUG Engine] Module config: local defaultdict(None, {'class': 'bzt.modules.provisioning.Local'})
[2017-12-06 12:49:31,926 DEBUG root] Importing module: bzt.modules.provisioning
[2017-12-06 12:49:31,926 DEBUG root] Loading class: 'Local' from <module 'bzt.modules.provisioning' from '/usr/local/lib/python2.7/site-packages/bzt/modules/provisioning.pyc'>
[2017-12-06 12:49:31,927 DEBUG Engine] Module config: jmeter defaultdict(None, {'properties': defaultdict(None, {'jmeter.save.saveservice.autoflush': 'true', 'summariser.name': '', 'jmeter.save.saveservice.connect_time': 'true', 'mode': 'Stripped', 'jmeterengine.force.system.exit': 'true'}), 'class': 'bzt.modules.jmeter.JMeterExecutor', 'plugins': ['jpgc-casutg', 'jpgc-dummy', 'jpgc-ffw', 'jpgc-fifo', 'jpgc-functions', 'jpgc-json', 'jpgc-perfmon', 'jpgc-prmctl', 'jpgc-tst']})
[2017-12-06 12:49:31,927 DEBUG root] Importing module: bzt.modules.jmeter
[2017-12-06 12:49:32,061 DEBUG root] Loading class: 'JMeterExecutor' from <module 'bzt.modules.jmeter' from '/usr/local/lib/python2.7/site-packages/bzt/modules/jmeter.pyc'>
[2017-12-06 12:49:32,062 DEBUG Engine.local] Preparing executor: jmeter/4463689296
[2017-12-06 12:49:32,062 DEBUG Engine] New artifact filename: /Users/daper01/Documents/OSLo/artifacts/2017-12-06_12-49-31.665929/jmeter.log
[2017-12-06 12:49:32,062 DEBUG Engine.jmeter] Checking if port 4445 is free
[2017-12-06 12:49:32,062 DEBUG Engine.jmeter] Port 4445 is free
[2017-12-06 12:49:32,063 DEBUG Engine.jmeter] Using port 4445 for management
[2017-12-06 12:49:32,063 DEBUG Engine.jmeter.JavaVM] Trying JavaVM: ['java', '-version']
[2017-12-06 12:49:32,224 DEBUG Engine.jmeter.JavaVM] JavaVM output: java version "1.8.0_121"
Java(TM) SE Runtime Environment (build 1.8.0_121-b13)
Java HotSpot(TM) 64-Bit Server VM (build 25.121-b13, mixed mode)

[2017-12-06 12:49:32,225 DEBUG Engine.jmeter.TclLibrary] We don't need to check tcl library on this platform
[2017-12-06 12:49:32,225 DEBUG Engine.jmeter.JMeter] Trying jmeter: /Users/daper01/.bzt/jmeter-taurus/3.3/bin/jmeter.sh
[2017-12-06 12:49:32,225 DEBUG bzt.utils] Executing shell: ['/Users/daper01/.bzt/jmeter-taurus/3.3/bin/jmeter.sh', '-j', '/var/folders/vq/xzrdy2lx047cst78f69v8z3xfzqz1q/T/jmeter4blK6Hlog', '--version']
[2017-12-06 12:49:32,375 DEBUG Engine] Taurus updates info: {"latest":"1.10.3","needsUpgrade":true}
[2017-12-06 12:49:32,375 WARNING Engine] There is newer version of Taurus 1.10.3 available, consider upgrading. What's new: http://gettaurus.org/docs/Changelog/
[2017-12-06 12:49:34,549 DEBUG Engine.jmeter.JMeter] JMeter check:     _    ____   _    ____ _   _ _____       _ __  __ _____ _____ _____ ____     
   / \  |  _ \ / \  / ___| | | | ____|     | |  \/  | ____|_   _| ____|  _ \   
  / _ \ | |_) / _ \| |   | |_| |  _|    _  | | |\/| |  _|   | | |  _| | |_) | 
 / ___ \|  __/ ___ \ |___|  _  | |___  | |_| | |  | | |___  | | | |___|  _ <  
/_/   \_\_| /_/   \_\____|_| |_|_____|  \___/|_|  |_|_____| |_| |_____|_| \_\ 3.3 r1808647  

Copyright (c) 1999-2017 The Apache Software Foundation

 / None
[2017-12-06 12:49:34,550 DEBUG Engine] New artifact filename: /Users/daper01/Documents/OSLo/artifacts/2017-12-06_12-49-31.665929/requests.jmx
[2017-12-06 12:49:34,557 DEBUG JMeterScenarioBuilder] Saving JMX to: /Users/daper01/Documents/OSLo/artifacts/2017-12-06_12-49-31.665929/requests.jmx
[2017-12-06 12:49:34,559 DEBUG bzt.utils] Executing shell: ['/Users/daper01/.bzt/jmeter-taurus/3.3/bin/PluginsManagerCMD.sh', 'install-for-jmx', '/Users/daper01/Documents/OSLo/artifacts/2017-12-06_12-49-31.665929/requests.jmx']
[2017-12-06 12:49:37,099 DEBUG Engine.jmeter.JMeter] Try to detect plugins for /Users/daper01/Documents/OSLo/artifacts/2017-12-06_12-49-31.665929/requests.jmx
12:49:36.105 [main] INFO  org.jmeterplugins.repository.PluginManager - Plugins Status: [jpgc-functions=2.0, jpgc-casutg=2.1, jpgc-dummy=0.2, jpgc-ffw=2.0, jpgc-fifo=0.2, jpgc-json=2.6, jpgc-prmctl=0.3, jpgc-perfmon=2.1, jpgc-plugins-manager=0.16, jpgc-tst=2.1, jmeter-core=3.3, jmeter-ftp=3.3, jmeter-http=3.3, jmeter-jdbc=3.3, jmeter-jms=3.3, jmeter-junit=3.3, jmeter-java=3.3, jmeter-ldap=3.3, jmeter-mail=3.3, jmeter-mongodb=3.3, jmeter-native=3.3, jmeter-tcp=3.3, jmeter-components=3.3]
2017-12-06 12:49:36,105 INFO o.j.r.PluginManager: Plugins Status: [jpgc-functions=2.0, jpgc-casutg=2.1, jpgc-dummy=0.2, jpgc-ffw=2.0, jpgc-fifo=0.2, jpgc-json=2.6, jpgc-prmctl=0.3, jpgc-perfmon=2.1, jpgc-plugins-manager=0.16, jpgc-tst=2.1, jmeter-core=3.3, jmeter-ftp=3.3, jmeter-http=3.3, jmeter-jdbc=3.3, jmeter-jms=3.3, jmeter-junit=3.3, jmeter-java=3.3, jmeter-ldap=3.3, jmeter-mail=3.3, jmeter-mongodb=3.3, jmeter-native=3.3, jmeter-tcp=3.3, jmeter-components=3.3]
12:49:36.456 [main] INFO  org.apache.jmeter.save.SaveService - Testplan (JMX) version: 2.2. Testlog (JTL) version: 2.2
2017-12-06 12:49:36,456 INFO o.a.j.s.SaveService: Testplan (JMX) version: 2.2. Testlog (JTL) version: 2.2
12:49:36.479 [main] INFO  org.apache.jmeter.save.SaveService - Using SaveService properties file encoding UTF-8
2017-12-06 12:49:36,479 INFO o.a.j.s.SaveService: Using SaveService properties file encoding UTF-8
12:49:36.483 [main] INFO  org.apache.jmeter.save.SaveService - Using SaveService properties version 3.2
2017-12-06 12:49:36,483 INFO o.a.j.s.SaveService: Using SaveService properties version 3.2
12:49:36.551 [main] INFO  org.apache.jmeter.protocol.http.control.CacheManager - Will only cache the following methods: [GET]
2017-12-06 12:49:36,551 INFO o.a.j.p.h.c.CacheManager: Will only cache the following methods: [GET]
12:49:36.555 [main] INFO  org.apache.jmeter.protocol.http.control.CookieManager - Settings: Delete null: true Check: true Allow variable: true Save: false Prefix: COOKIE_
2017-12-06 12:49:36,555 INFO o.a.j.p.h.c.CookieManager: Settings: Delete null: true Check: true Allow variable: true Save: false Prefix: COOKIE_
12:49:36.651 [main] INFO  org.jmeterplugins.repository.PluginManager - Restarting JMeter...
2017-12-06 12:49:36,651 INFO o.j.r.PluginManager: Restarting JMeter...
12:49:36.652 [Thread-1] INFO  org.jmeterplugins.repository.PluginManager - Starting JMeter Plugins modifications
2017-12-06 12:49:36,652 INFO o.j.r.PluginManager: Starting JMeter Plugins modifications

ERROR StatusLogger No log4j2 configuration file found. Using default configuration: logging only errors to the console. Set system property 'org.apache.logging.log4j.simplelog.StatusLogger.level' to TRACE to show Log4j2 internal initialization logging.

[2017-12-06 12:49:37,100 DEBUG Engine.jmeter] Load: LoadSpec(concurrency=50, throughput=None, ramp_up=30.0, hold=120.0, iterations=0, duration=150.0, steps=None)
[2017-12-06 12:49:37,109 DEBUG Engine.jmeter.LoadSettingsProcessor.ThreadGroupHandler] Converting ThreadGroup (blazedemo) to ConcurrencyThreadGroup and apply load parameters
[2017-12-06 12:49:37,109 DEBUG Engine] New artifact filename: /Users/daper01/Documents/OSLo/artifacts/2017-12-06_12-49-31.665929/kpi.jtl
[2017-12-06 12:49:37,110 DEBUG Engine] New artifact filename: /Users/daper01/Documents/OSLo/artifacts/2017-12-06_12-49-31.665929/error.jtl
[2017-12-06 12:49:37,111 DEBUG Engine] New artifact filename: /Users/daper01/Documents/OSLo/artifacts/2017-12-06_12-49-31.665929/modified_requests.jmx
[2017-12-06 12:49:37,111 DEBUG JMX] Saving JMX to: /Users/daper01/Documents/OSLo/artifacts/2017-12-06_12-49-31.665929/modified_requests.jmx
[2017-12-06 12:49:37,111 DEBUG Engine.jmeter] Additional properties: defaultdict(None, {'jmeter.save.saveservice.autoflush': 'true', 'jmeter.save.saveservice.connect_time': 'true', 'user.classpath': '/Users/daper01/Documents/OSLo/artifacts/2017-12-06_12-49-31.665929', 'sampleresult.default.encoding': 'UTF-8', 'summariser.name': '', 'jmeterengine.force.system.exit': 'true', 'jmeter.save.saveservice.timestamp_format': 'ms', 'mode': 'Stripped', 'jmeterengine.nongui.maxport': 4445, 'jmeterengine.nongui.port': 4445})
[2017-12-06 12:49:37,112 DEBUG Engine] New artifact filename: /Users/daper01/Documents/OSLo/artifacts/2017-12-06_12-49-31.665929/jmeter-bzt.properties
[2017-12-06 12:49:37,112 DEBUG Engine.jmeter] Additional system properties defaultdict(None, {'sun.net.inetaddr.ttl': 0})
[2017-12-06 12:49:37,112 DEBUG Engine] New artifact filename: /Users/daper01/Documents/OSLo/artifacts/2017-12-06_12-49-31.665929/system.properties
[2017-12-06 12:49:37,113 DEBUG Engine] New artifact filename: /Users/daper01/Documents/OSLo/artifacts/2017-12-06_12-49-31.665929/jmeter.out
[2017-12-06 12:49:37,113 DEBUG Engine] New artifact filename: /Users/daper01/Documents/OSLo/artifacts/2017-12-06_12-49-31.665929/jmeter.err
[2017-12-06 12:49:37,114 DEBUG Engine.local] Preparing executor: jmeter/4463689360
[2017-12-06 12:49:37,114 DEBUG Engine] New artifact filename: /Users/daper01/Documents/OSLo/artifacts/2017-12-06_12-49-31.665929/jmeter-1.log
[2017-12-06 12:49:37,114 DEBUG Engine.jmeter] Checking if port 4446 is free
[2017-12-06 12:49:37,115 DEBUG Engine.jmeter] Port 4446 is free
[2017-12-06 12:49:37,115 DEBUG Engine.jmeter] Using port 4446 for management
[2017-12-06 12:49:37,115 DEBUG Engine.jmeter.JavaVM] Trying JavaVM: ['java', '-version']
[2017-12-06 12:49:37,217 DEBUG Engine.jmeter.JavaVM] JavaVM output: java version "1.8.0_121"
Java(TM) SE Runtime Environment (build 1.8.0_121-b13)
Java HotSpot(TM) 64-Bit Server VM (build 25.121-b13, mixed mode)

[2017-12-06 12:49:37,218 DEBUG Engine.jmeter.TclLibrary] We don't need to check tcl library on this platform
[2017-12-06 12:49:37,218 DEBUG Engine.jmeter.JMeter] Trying jmeter: /Users/daper01/.bzt/jmeter-taurus/3.3/bin/jmeter.sh
[2017-12-06 12:49:37,218 DEBUG bzt.utils] Executing shell: ['/Users/daper01/.bzt/jmeter-taurus/3.3/bin/jmeter.sh', '-j', '/var/folders/vq/xzrdy2lx047cst78f69v8z3xfzqz1q/T/jmeterXjrWNMlog', '--version']
[2017-12-06 12:49:38,095 DEBUG Engine.jmeter.JMeter] JMeter check:     _    ____   _    ____ _   _ _____       _ __  __ _____ _____ _____ ____     
   / \  |  _ \ / \  / ___| | | | ____|     | |  \/  | ____|_   _| ____|  _ \   
  / _ \ | |_) / _ \| |   | |_| |  _|    _  | | |\/| |  _|   | | |  _| | |_) | 
 / ___ \|  __/ ___ \ |___|  _  | |___  | |_| | |  | | |___  | | | |___|  _ <  
/_/   \_\_| /_/   \_\____|_| |_|_____|  \___/|_|  |_|_____| |_| |_____|_| \_\ 3.3 r1808647  

Copyright (c) 1999-2017 The Apache Software Foundation

 / None
[2017-12-06 12:49:38,096 DEBUG Engine] New artifact filename: /Users/daper01/Documents/OSLo/artifacts/2017-12-06_12-49-31.665929/requests-1.jmx
[2017-12-06 12:49:38,099 DEBUG JMeterScenarioBuilder] Saving JMX to: /Users/daper01/Documents/OSLo/artifacts/2017-12-06_12-49-31.665929/requests-1.jmx
[2017-12-06 12:49:38,100 DEBUG bzt.utils] Executing shell: ['/Users/daper01/.bzt/jmeter-taurus/3.3/bin/PluginsManagerCMD.sh', 'install-for-jmx', '/Users/daper01/Documents/OSLo/artifacts/2017-12-06_12-49-31.665929/requests-1.jmx']
[2017-12-06 12:49:40,428 DEBUG Engine.jmeter.JMeter] Try to detect plugins for /Users/daper01/Documents/OSLo/artifacts/2017-12-06_12-49-31.665929/requests-1.jmx
12:49:39.493 [main] INFO  org.jmeterplugins.repository.PluginManager - Plugins Status: [jpgc-functions=2.0, jpgc-casutg=2.1, jpgc-dummy=0.2, jpgc-ffw=2.0, jpgc-fifo=0.2, jpgc-json=2.6, jpgc-prmctl=0.3, jpgc-perfmon=2.1, jpgc-plugins-manager=0.16, jpgc-tst=2.1, jmeter-core=3.3, jmeter-ftp=3.3, jmeter-http=3.3, jmeter-jdbc=3.3, jmeter-jms=3.3, jmeter-junit=3.3, jmeter-java=3.3, jmeter-ldap=3.3, jmeter-mail=3.3, jmeter-mongodb=3.3, jmeter-native=3.3, jmeter-tcp=3.3, jmeter-components=3.3]
2017-12-06 12:49:39,493 INFO o.j.r.PluginManager: Plugins Status: [jpgc-functions=2.0, jpgc-casutg=2.1, jpgc-dummy=0.2, jpgc-ffw=2.0, jpgc-fifo=0.2, jpgc-json=2.6, jpgc-prmctl=0.3, jpgc-perfmon=2.1, jpgc-plugins-manager=0.16, jpgc-tst=2.1, jmeter-core=3.3, jmeter-ftp=3.3, jmeter-http=3.3, jmeter-jdbc=3.3, jmeter-jms=3.3, jmeter-junit=3.3, jmeter-java=3.3, jmeter-ldap=3.3, jmeter-mail=3.3, jmeter-mongodb=3.3, jmeter-native=3.3, jmeter-tcp=3.3, jmeter-components=3.3]
12:49:39.850 [main] INFO  org.apache.jmeter.save.SaveService - Testplan (JMX) version: 2.2. Testlog (JTL) version: 2.2
2017-12-06 12:49:39,850 INFO o.a.j.s.SaveService: Testplan (JMX) version: 2.2. Testlog (JTL) version: 2.2
12:49:39.865 [main] INFO  org.apache.jmeter.save.SaveService - Using SaveService properties file encoding UTF-8
2017-12-06 12:49:39,865 INFO o.a.j.s.SaveService: Using SaveService properties file encoding UTF-8
12:49:39.870 [main] INFO  org.apache.jmeter.save.SaveService - Using SaveService properties version 3.2
2017-12-06 12:49:39,870 INFO o.a.j.s.SaveService: Using SaveService properties version 3.2
12:49:39.907 [main] INFO  org.apache.jmeter.protocol.http.control.CacheManager - Will only cache the following methods: [GET]
2017-12-06 12:49:39,907 INFO o.a.j.p.h.c.CacheManager: Will only cache the following methods: [GET]
12:49:39.911 [main] INFO  org.apache.jmeter.protocol.http.control.CookieManager - Settings: Delete null: true Check: true Allow variable: true Save: false Prefix: COOKIE_
2017-12-06 12:49:39,911 INFO o.a.j.p.h.c.CookieManager: Settings: Delete null: true Check: true Allow variable: true Save: false Prefix: COOKIE_
12:49:39.993 [main] INFO  org.jmeterplugins.repository.PluginManager - Restarting JMeter...
2017-12-06 12:49:39,993 INFO o.j.r.PluginManager: Restarting JMeter...
12:49:39.994 [Thread-1] INFO  org.jmeterplugins.repository.PluginManager - Starting JMeter Plugins modifications
2017-12-06 12:49:39,994 INFO o.j.r.PluginManager: Starting JMeter Plugins modifications

ERROR StatusLogger No log4j2 configuration file found. Using default configuration: logging only errors to the console. Set system property 'org.apache.logging.log4j.simplelog.StatusLogger.level' to TRACE to show Log4j2 internal initialization logging.

[2017-12-06 12:49:40,428 DEBUG Engine.jmeter] Load: LoadSpec(concurrency=50, throughput=None, ramp_up=120.0, hold=30.0, iterations=0, duration=150.0, steps=None)
[2017-12-06 12:49:40,432 DEBUG Engine.jmeter.LoadSettingsProcessor.ThreadGroupHandler] Converting ThreadGroup (blazedemo) to ConcurrencyThreadGroup and apply load parameters
[2017-12-06 12:49:40,432 DEBUG Engine] New artifact filename: /Users/daper01/Documents/OSLo/artifacts/2017-12-06_12-49-31.665929/kpi-1.jtl
[2017-12-06 12:49:40,432 DEBUG Engine] New artifact filename: /Users/daper01/Documents/OSLo/artifacts/2017-12-06_12-49-31.665929/error-1.jtl
[2017-12-06 12:49:40,433 DEBUG Engine] New artifact filename: /Users/daper01/Documents/OSLo/artifacts/2017-12-06_12-49-31.665929/modified_requests-1.jmx
[2017-12-06 12:49:40,433 DEBUG JMX] Saving JMX to: /Users/daper01/Documents/OSLo/artifacts/2017-12-06_12-49-31.665929/modified_requests-1.jmx
[2017-12-06 12:49:40,434 DEBUG Engine.jmeter] Additional properties: defaultdict(None, {'jmeter.save.saveservice.autoflush': 'true', 'jmeter.save.saveservice.connect_time': 'true', 'user.classpath': '/Users/daper01/Documents/OSLo/artifacts/2017-12-06_12-49-31.665929', 'sampleresult.default.encoding': 'UTF-8', 'summariser.name': '', 'jmeterengine.force.system.exit': 'true', 'jmeter.save.saveservice.timestamp_format': 'ms', 'mode': 'Stripped', 'jmeterengine.nongui.maxport': 4446, 'jmeterengine.nongui.port': 4446})
[2017-12-06 12:49:40,434 DEBUG Engine] New artifact filename: /Users/daper01/Documents/OSLo/artifacts/2017-12-06_12-49-31.665929/jmeter-bzt-1.properties
[2017-12-06 12:49:40,435 DEBUG Engine.jmeter] Additional system properties defaultdict(None, {'sun.net.inetaddr.ttl': 0})
[2017-12-06 12:49:40,435 DEBUG Engine] New artifact filename: /Users/daper01/Documents/OSLo/artifacts/2017-12-06_12-49-31.665929/system-1.properties
[2017-12-06 12:49:40,436 DEBUG Engine] New artifact filename: /Users/daper01/Documents/OSLo/artifacts/2017-12-06_12-49-31.665929/jmeter-1.out
[2017-12-06 12:49:40,436 DEBUG Engine] New artifact filename: /Users/daper01/Documents/OSLo/artifacts/2017-12-06_12-49-31.665929/jmeter-1.err
[2017-12-06 12:49:40,437 DEBUG Engine] Module config: final-stats defaultdict(None, {'class': 'bzt.modules.reporting.FinalStatus'})
[2017-12-06 12:49:40,437 DEBUG root] Importing module: bzt.modules.reporting
[2017-12-06 12:49:41,798 DEBUG easyprocess] version=0.2.3
[2017-12-06 12:49:41,854 DEBUG pyvirtualdisplay] version=0.2.1
[2017-12-06 12:49:41,868 DEBUG root] Loading class: 'FinalStatus' from <module 'bzt.modules.reporting' from '/usr/local/lib/python2.7/site-packages/bzt/modules/reporting.pyc'>
[2017-12-06 12:49:41,868 DEBUG Engine] Module config: console defaultdict(None, {'class': 'bzt.modules.console.ConsoleStatusReporter'})
[2017-12-06 12:49:41,868 DEBUG root] Importing module: bzt.modules.console
[2017-12-06 12:49:41,868 DEBUG root] Loading class: 'ConsoleStatusReporter' from <module 'bzt.modules.console' from '/usr/local/lib/python2.7/site-packages/bzt/modules/console.pyc'>
[2017-12-06 12:49:41,876 DEBUG Engine.Configuration] Dumping YAML config into /Users/daper01/Documents/OSLo/artifacts/2017-12-06_12-49-31.665929/effective.yml
[2017-12-06 12:49:41,913 DEBUG Engine.Configuration] Dumping JSON config into /Users/daper01/Documents/OSLo/artifacts/2017-12-06_12-49-31.665929/effective.json
[2017-12-06 12:49:41,914 INFO Engine] Starting...
[2017-12-06 12:49:41,914 DEBUG Engine] Startup <bzt.modules.monitoring.Monitoring object at 0x1097b4510>
[2017-12-06 12:49:41,915 DEBUG Engine] Startup <bzt.modules.aggregator.ConsolidatingAggregator object at 0x10979e810>
[2017-12-06 12:49:41,915 DEBUG Engine] Startup <bzt.modules.reporting.FinalStatus object at 0x10a0e7c90>
[2017-12-06 12:49:41,915 DEBUG Engine] Startup <bzt.modules.console.ConsoleStatusReporter object at 0x10a267750>
[2017-12-06 12:49:41,915 INFO Engine.console] Waiting for results...
[2017-12-06 12:49:41,915 DEBUG Engine] Startup <bzt.modules.reporting.FinalStatus object at 0x10a285b10>
[2017-12-06 12:49:41,915 DEBUG Engine] Startup <bzt.modules.provisioning.Local object at 0x10979e750>
[2017-12-06 12:49:41,915 DEBUG Engine.local] Delay setup for jmeter/blazedemo: 0(start-at) + 0(delay) = 0
[2017-12-06 12:49:41,915 DEBUG Engine.local] Delay setup for jmeter/blazedemo: 0(start-at) + 0(delay) = 0
[2017-12-06 12:49:41,919 DEBUG Engine.Configuration] Dumping YAML config into /Users/daper01/Documents/OSLo/artifacts/2017-12-06_12-49-31.665929/effective.yml
[2017-12-06 12:49:41,956 DEBUG Engine.Configuration] Dumping JSON config into /Users/daper01/Documents/OSLo/artifacts/2017-12-06_12-49-31.665929/effective.json
[2017-12-06 12:49:41,957 DEBUG root] Leveling down log file verbosity, use -v option to have DEBUG messages enabled
[2017-12-06 12:49:42,180 INFO Engine.console] Waiting for finish...
[2017-12-06 12:49:54,796 WARNING Engine] Please wait for graceful shutdown...
[2017-12-06 12:49:54,806 DEBUG root] Leveled up log file verbosity
[2017-12-06 12:49:54,806 INFO Engine] Shutting down...
[2017-12-06 12:49:54,812 DEBUG Engine.local] Shutdown jmeter/blazedemo
[2017-12-06 12:49:55,816 INFO Engine.jmeter] Sending Shutdown command to JMeter on port 4445...
[2017-12-06 12:49:56,830 DEBUG Engine.jmeter] JMeter stopped on Shutdown command
[2017-12-06 12:49:56,830 DEBUG Engine.local] Shutdown jmeter/blazedemo
[2017-12-06 12:49:57,836 INFO Engine.jmeter] Sending Shutdown command to JMeter on port 4446...
[2017-12-06 12:49:58,847 DEBUG Engine.jmeter] JMeter stopped on Shutdown command
[2017-12-06 12:49:58,847 DEBUG Engine.console] Restoring logging streams, [<logging.StreamHandler object at 0x108ccc710>]/{<logging.StreamHandler object at 0x108ccc710>: <open file '<stdout>', mode 'w' at 0x107d42150>}
[2017-12-06 12:49:58,853 DEBUG Engine.Configuration] Dumping YAML config into /Users/daper01/Documents/OSLo/artifacts/2017-12-06_12-49-31.665929/effective.yml
[2017-12-06 12:49:58,899 DEBUG Engine.Configuration] Dumping JSON config into /Users/daper01/Documents/OSLo/artifacts/2017-12-06_12-49-31.665929/effective.json
[2017-12-06 12:49:58,901 WARNING root] Keyboard interrupt
[2017-12-06 12:49:58,902 DEBUG root] KeyboardInterrupt: 
Traceback (most recent call last):
  File "/usr/local/lib/python2.7/site-packages/bzt/cli.py", line 221, in perform
    self.engine.run()
  File "/usr/local/lib/python2.7/site-packages/bzt/engine.py", line 202, in run
    reraise(exc_info)
  File "/usr/local/lib/python2.7/site-packages/bzt/engine.py", line 184, in run
    self._wait()
  File "/usr/local/lib/python2.7/site-packages/bzt/engine.py", line 227, in _wait
    time.sleep(delay)
KeyboardInterrupt
[2017-12-06 12:49:58,903 INFO Engine] Post-processing...
[2017-12-06 12:49:58,903 DEBUG Engine.local] Post-process jmeter/blazedemo
[2017-12-06 12:49:58,903 DEBUG Engine] Add existing artifact (move=True): /Users/daper01/Documents/OSLo/artifacts/2017-12-06_12-49-31.665929/modified_requests.jmx
[2017-12-06 12:49:58,903 DEBUG Engine] No need to copy /Users/daper01/Documents/OSLo/artifacts/2017-12-06_12-49-31.665929/modified_requests.jmx
[2017-12-06 12:49:58,904 DEBUG Engine.local] Post-process jmeter/blazedemo
[2017-12-06 12:49:58,904 DEBUG Engine] Add existing artifact (move=True): /Users/daper01/Documents/OSLo/artifacts/2017-12-06_12-49-31.665929/modified_requests-1.jmx
[2017-12-06 12:49:58,904 DEBUG Engine] No need to copy /Users/daper01/Documents/OSLo/artifacts/2017-12-06_12-49-31.665929/modified_requests-1.jmx
[2017-12-06 12:49:58,904 DEBUG Engine.jmeter.JTLErrorsReader] Opening /Users/daper01/Documents/OSLo/artifacts/2017-12-06_12-49-31.665929/error.jtl
[2017-12-06 12:49:58,905 DEBUG Engine.jmeter.JTLErrorsReader] Error reading errors.jtl: Traceback (most recent call last):
  File "/usr/local/lib/python2.7/site-packages/bzt/modules/jmeter.py", line 1347, in read_file
    self.parser.feed(read)  # "Huge input lookup" error without capping :)
  File "src/lxml/parser.pxi", line 1240, in lxml.etree._FeedParser.feed
  File "src/lxml/parser.pxi", line 1362, in lxml.etree._FeedParser.feed
  File "src/lxml/parser.pxi", line 589, in lxml.etree._ParserContext._handleParseResult
  File "src/lxml/parser.pxi", line 598, in lxml.etree._ParserContext._handleParseResultDoc
  File "src/lxml/parser.pxi", line 709, in lxml.etree._handleParseResult
  File "src/lxml/parser.pxi", line 638, in lxml.etree._raiseParseError
XMLSyntaxError: Opening and ending tag mismatch: responseData line 137 and testResults, line 146, column 15 (line 146)

[2017-12-06 12:49:58,906 WARNING Engine.jmeter.JTLErrorsReader] Failed to parse errors XML: Opening and ending tag mismatch: responseData line 137 and testResults, line 146, column 15 (line 146)
[2017-12-06 12:49:58,906 DEBUG Engine.jmeter.JTLReader.IncrementalCSVReader] Reading JTL: /Users/daper01/Documents/OSLo/artifacts/2017-12-06_12-49-31.665929/kpi.jtl
[2017-12-06 12:49:58,907 DEBUG Engine.jmeter.JTLReader.IncrementalCSVReader] Read lines: 172 / 16897 bytes (at speed 1048576)
[2017-12-06 12:49:58,909 DEBUG Engine.jmeter.JTLReader] Buffer len: 4
[2017-12-06 12:49:58,910 DEBUG Engine.jmeter.JTLReader] Aggregating: 1512593392
[2017-12-06 12:49:58,912 DEBUG Engine.jmeter.JTLReader] Aggregating: 1512593393
[2017-12-06 12:49:58,914 DEBUG Engine.jmeter.JTLReader] Aggregating: 1512593394
[2017-12-06 12:49:58,917 DEBUG Engine.jmeter.JTLReader] Aggregating: 1512593395
[2017-12-06 12:49:58,920 DEBUG Engine.jmeter.JTLErrorsReader] Opening /Users/daper01/Documents/OSLo/artifacts/2017-12-06_12-49-31.665929/error-1.jtl
[2017-12-06 12:49:58,922 DEBUG Engine.jmeter.JTLReader.IncrementalCSVReader] Reading JTL: /Users/daper01/Documents/OSLo/artifacts/2017-12-06_12-49-31.665929/kpi-1.jtl
[2017-12-06 12:49:58,922 DEBUG Engine.jmeter.JTLReader.IncrementalCSVReader] Read lines: 96 / 8810 bytes (at speed 1048576)
[2017-12-06 12:49:58,923 DEBUG Engine.jmeter.JTLReader] Buffer len: 6
[2017-12-06 12:49:58,923 DEBUG Engine.jmeter.JTLReader] Aggregating: 1512593392
[2017-12-06 12:49:58,925 DEBUG Engine.jmeter.JTLReader] Aggregating: 1512593393
[2017-12-06 12:49:58,927 DEBUG Engine.jmeter.JTLReader] Aggregating: 1512593394
[2017-12-06 12:49:58,929 DEBUG Engine.jmeter.JTLReader] Aggregating: 1512593395
[2017-12-06 12:49:58,931 DEBUG Engine.jmeter.JTLReader] Aggregating: 1512593396
[2017-12-06 12:49:58,933 DEBUG Engine.jmeter.JTLReader] Aggregating: 1512593397
[2017-12-06 12:49:58,935 DEBUG Engine.consolidator] Consolidator buffer[8]: [1512593390, 1512593391, 1512593392, 1512593393, 1512593394, 1512593395, 1512593396, 1512593397]
[2017-12-06 12:49:58,935 DEBUG Engine.consolidator] Merging into 1512593390
[2017-12-06 12:49:58,935 DEBUG Engine.consolidator] Merging 1512593390
[2017-12-06 12:49:58,938 DEBUG Engine.consolidator] Merging 1512593390
[2017-12-06 12:49:58,944 DEBUG Engine.consolidator] Processed datapoint: 1512593390/None
[2017-12-06 12:49:58,944 DEBUG Engine.consolidator] Merging into 1512593391
[2017-12-06 12:49:58,944 DEBUG Engine.consolidator] Merging 1512593391
[2017-12-06 12:49:58,945 DEBUG Engine.consolidator] Merging 1512593391
[2017-12-06 12:49:58,952 DEBUG Engine.consolidator] Processed datapoint: 1512593391/None
[2017-12-06 12:49:58,952 DEBUG Engine.consolidator] Merging into 1512593392
[2017-12-06 12:49:58,952 DEBUG Engine.consolidator] Merging 1512593392
[2017-12-06 12:49:58,953 DEBUG Engine.consolidator] Merging 1512593392
[2017-12-06 12:49:58,958 DEBUG Engine.consolidator] Processed datapoint: 1512593392/None
[2017-12-06 12:49:58,958 DEBUG Engine.consolidator] Merging into 1512593393
[2017-12-06 12:49:58,958 DEBUG Engine.consolidator] Merging 1512593393
[2017-12-06 12:49:58,959 DEBUG Engine.consolidator] Merging 1512593393
[2017-12-06 12:49:58,964 DEBUG Engine.consolidator] Processed datapoint: 1512593393/None
[2017-12-06 12:49:58,964 DEBUG Engine.consolidator] Merging into 1512593394
[2017-12-06 12:49:58,964 DEBUG Engine.consolidator] Merging 1512593394
[2017-12-06 12:49:58,965 DEBUG Engine.consolidator] Merging 1512593394
[2017-12-06 12:49:58,970 DEBUG Engine.consolidator] Processed datapoint: 1512593394/None
[2017-12-06 12:49:58,970 DEBUG Engine.consolidator] Merging into 1512593395
[2017-12-06 12:49:58,970 DEBUG Engine.consolidator] Merging 1512593395
[2017-12-06 12:49:58,971 DEBUG Engine.consolidator] Merging 1512593395
[2017-12-06 12:49:58,981 DEBUG Engine.consolidator] Processed datapoint: 1512593395/None
[2017-12-06 12:49:58,981 DEBUG Engine.consolidator] Merging into 1512593396
[2017-12-06 12:49:58,981 DEBUG Engine.consolidator] Merging 1512593396
[2017-12-06 12:49:58,986 DEBUG Engine.consolidator] Processed datapoint: 1512593396/None
[2017-12-06 12:49:58,986 DEBUG Engine.consolidator] Merging into 1512593397
[2017-12-06 12:49:58,986 DEBUG Engine.consolidator] Merging 1512593397
[2017-12-06 12:49:58,991 DEBUG Engine.consolidator] Processed datapoint: 1512593397/None
[2017-12-06 12:49:58,991 INFO Engine.final-stats] Test duration: 0:00:17
[2017-12-06 12:49:58,992 INFO Engine.final-stats] Samples count: 708, 3.53% failures
[2017-12-06 12:49:58,992 INFO Engine.final-stats] Average times: total 0.197, latency 0.192, connect 0.000
[2017-12-06 12:49:58,992 INFO Engine.final-stats] Percentile 0.0%: 0.003
[2017-12-06 12:49:58,992 INFO Engine.final-stats] Percentile 50.0%: 0.181
[2017-12-06 12:49:58,992 INFO Engine.final-stats] Percentile 90.0%: 0.335
[2017-12-06 12:49:58,992 INFO Engine.final-stats] Percentile 95.0%: 0.346
[2017-12-06 12:49:58,992 INFO Engine.final-stats] Percentile 99.0%: 0.360
[2017-12-06 12:49:58,992 INFO Engine.final-stats] Percentile 99.9%: 0.483
[2017-12-06 12:49:58,992 INFO Engine.final-stats] Percentile 100.0%: 0.483
[2017-12-06 12:49:58,993 DEBUG Engine.console] No logger_handler or orig_stream was detected
[2017-12-06 12:49:58,993 INFO Engine.final-stats] Test duration: 0:00:17
[2017-12-06 12:49:58,993 INFO Engine.final-stats] Samples count: 708, 3.53% failures
[2017-12-06 12:49:58,993 INFO Engine.final-stats] Average times: total 0.197, latency 0.192, connect 0.000
[2017-12-06 12:49:58,993 INFO Engine.final-stats] Percentile 0.0%: 0.003
[2017-12-06 12:49:58,993 INFO Engine.final-stats] Percentile 50.0%: 0.181
[2017-12-06 12:49:58,994 INFO Engine.final-stats] Percentile 90.0%: 0.335
[2017-12-06 12:49:58,994 INFO Engine.final-stats] Percentile 95.0%: 0.346
[2017-12-06 12:49:58,994 INFO Engine.final-stats] Percentile 99.0%: 0.360
[2017-12-06 12:49:58,994 INFO Engine.final-stats] Percentile 99.9%: 0.483
[2017-12-06 12:49:58,994 INFO Engine.final-stats] Percentile 100.0%: 0.483
[2017-12-06 12:49:58,995 INFO Engine.final-stats] Dumping final status as XML: stats.xml
[2017-12-06 12:49:59,010 DEBUG Engine.Configuration] Dumping YAML config into /Users/daper01/Documents/OSLo/artifacts/2017-12-06_12-49-31.665929/effective.yml
[2017-12-06 12:49:59,053 DEBUG Engine.Configuration] Dumping JSON config into /Users/daper01/Documents/OSLo/artifacts/2017-12-06_12-49-31.665929/effective.json
[2017-12-06 12:49:59,054 INFO root] Artifacts dir: /Users/daper01/Documents/OSLo/artifacts/2017-12-06_12-49-31.665929
[2017-12-06 12:49:59,055 WARNING root] Done performing with code: 1
[2017-12-06 12:49:59,055 DEBUG root] Closing log handler: /Users/daper01/Documents/OSLo/artifacts/2017-12-06_12-49-31.665929/bzt.log
