2017-12-06 12:49:43,028 INFO o.a.j.u.JMeterUtils: Setting Locale to en_US
2017-12-06 12:49:43,045 INFO o.a.j.JMeter: Loading user properties from: /Users/daper01/.bzt/jmeter-taurus/3.3/bin/user.properties
2017-12-06 12:49:43,046 INFO o.a.j.JMeter: Loading system properties from: /Users/daper01/.bzt/jmeter-taurus/3.3/bin/system.properties
2017-12-06 12:49:43,049 INFO o.a.j.JMeter: Setting System properties from file: /Users/daper01/Documents/OSLo/artifacts/2017-12-06_12-49-31.665929/system.properties
2017-12-06 12:49:43,055 INFO o.a.j.JMeter: Copyright (c) 1998-2017 The Apache Software Foundation
2017-12-06 12:49:43,055 INFO o.a.j.JMeter: Version 3.3 r1808647
2017-12-06 12:49:43,055 INFO o.a.j.JMeter: java.version=1.8.0_121
2017-12-06 12:49:43,055 INFO o.a.j.JMeter: java.vm.name=Java HotSpot(TM) 64-Bit Server VM
2017-12-06 12:49:43,055 INFO o.a.j.JMeter: os.name=Mac OS X
2017-12-06 12:49:43,055 INFO o.a.j.JMeter: os.arch=x86_64
2017-12-06 12:49:43,056 INFO o.a.j.JMeter: os.version=10.13.1
2017-12-06 12:49:43,056 INFO o.a.j.JMeter: file.encoding=UTF-8
2017-12-06 12:49:43,056 INFO o.a.j.JMeter: Max memory     =3817865216
2017-12-06 12:49:43,056 INFO o.a.j.JMeter: Available Processors =4
2017-12-06 12:49:43,060 INFO o.a.j.JMeter: Default Locale=English (United States)
2017-12-06 12:49:43,060 INFO o.a.j.JMeter: JMeter  Locale=English (United States)
2017-12-06 12:49:43,061 INFO o.a.j.JMeter: JMeterHome=/Users/daper01/.bzt/jmeter-taurus/3.3
2017-12-06 12:49:43,061 INFO o.a.j.JMeter: user.dir  =/Users/daper01/Documents/OSLo
2017-12-06 12:49:43,061 INFO o.a.j.JMeter: PWD       =/Users/daper01/Documents/OSLo
2017-12-06 12:49:43,063 INFO o.a.j.JMeter: IP: 10.137.176.136 Name: daper01mac1124 FullName: daper01mac1124.ca.com
2017-12-06 12:49:43,063 INFO o.a.j.JMeter: user.classpath=/Users/daper01/Documents/OSLo/artifacts/2017-12-06_12-49-31.665929
2017-12-06 12:49:43,064 INFO o.a.j.JMeter: Adding to classpath and loader: /Users/daper01/Documents/OSLo/artifacts/2017-12-06_12-49-31.665929
2017-12-06 12:49:43,068 INFO o.a.j.s.FileServer: Default base='/Users/daper01/Documents/OSLo'
2017-12-06 12:49:43,068 INFO o.a.j.s.FileServer: Set new base='/Users/daper01/Documents/OSLo/artifacts/2017-12-06_12-49-31.665929'
2017-12-06 12:49:43,280 INFO o.a.j.s.SaveService: Testplan (JMX) version: 2.2. Testlog (JTL) version: 2.2
2017-12-06 12:49:43,299 INFO o.a.j.s.SaveService: Using SaveService properties file encoding UTF-8
2017-12-06 12:49:43,303 INFO o.a.j.s.SaveService: Using SaveService properties version 3.2
2017-12-06 12:49:43,310 INFO o.a.j.s.SaveService: Loading file: /Users/daper01/Documents/OSLo/artifacts/2017-12-06_12-49-31.665929/modified_requests.jmx
2017-12-06 12:49:43,397 INFO o.a.j.p.h.c.CacheManager: Will only cache the following methods: [GET]
2017-12-06 12:49:43,398 INFO o.a.j.p.h.c.CookieManager: Settings: Delete null: true Check: true Allow variable: true Save: false Prefix: COOKIE_
2017-12-06 12:49:43,420 INFO o.a.j.p.h.s.HTTPSamplerBase: Parser for text/html is org.apache.jmeter.protocol.http.parser.LagartoBasedHtmlParser
2017-12-06 12:49:43,420 INFO o.a.j.p.h.s.HTTPSamplerBase: Parser for application/xhtml+xml is org.apache.jmeter.protocol.http.parser.LagartoBasedHtmlParser
2017-12-06 12:49:43,420 INFO o.a.j.p.h.s.HTTPSamplerBase: Parser for application/xml is org.apache.jmeter.protocol.http.parser.LagartoBasedHtmlParser
2017-12-06 12:49:43,420 INFO o.a.j.p.h.s.HTTPSamplerBase: Parser for text/xml is org.apache.jmeter.protocol.http.parser.LagartoBasedHtmlParser
2017-12-06 12:49:43,421 INFO o.a.j.p.h.s.HTTPSamplerBase: Parser for text/vnd.wap.wml is org.apache.jmeter.protocol.http.parser.RegexpHTMLParser
2017-12-06 12:49:43,421 INFO o.a.j.p.h.s.HTTPSamplerBase: Parser for text/css is org.apache.jmeter.protocol.http.parser.CssParser
2017-12-06 12:49:43,452 INFO o.a.j.e.StandardJMeterEngine: Running the test!
2017-12-06 12:49:43,454 INFO o.a.j.s.SampleEvent: List of sample_variables: []
2017-12-06 12:49:43,454 INFO o.a.j.s.SampleEvent: List of sample_variables: []
2017-12-06 12:49:43,457 INFO o.a.j.e.u.CompoundVariable: Note: Function class names must contain the string: '.functions.'
2017-12-06 12:49:43,457 INFO o.a.j.e.u.CompoundVariable: Note: Function class names must not contain the string: '.gui.'
2017-12-06 12:49:44,128 INFO o.a.j.JMeter: Running test (1512593384128)
2017-12-06 12:49:44,184 INFO o.a.j.e.StandardJMeterEngine: Starting ThreadGroup: 1 : blazedemo
2017-12-06 12:49:44,184 INFO o.a.j.e.StandardJMeterEngine: Starting 50 threads for group blazedemo.
2017-12-06 12:49:44,184 INFO o.a.j.e.StandardJMeterEngine: Thread will continue on error
2017-12-06 12:49:44,188 INFO o.a.j.e.StandardJMeterEngine: All thread groups have been started
2017-12-06 12:49:44,188 INFO c.b.j.t.c.ConcurrencyThreadStarter: Start supplying threads
2017-12-06 12:49:44,496 INFO o.a.j.s.SampleResult: Note: Sample TimeStamps are START times
2017-12-06 12:49:44,496 INFO o.a.j.s.SampleResult: sampleresult.default.encoding is set to UTF-8
2017-12-06 12:49:44,496 INFO o.a.j.s.SampleResult: sampleresult.useNanoTime=true
2017-12-06 12:49:44,496 INFO o.a.j.s.SampleResult: sampleresult.nanoThreadSleep=5000
2017-12-06 12:49:44,734 INFO o.a.j.t.JMeterThread: Thread started: blazedemo 1-1
2017-12-06 12:49:44,737 INFO o.a.j.s.FileServer: Stored: /Users/daper01/Documents/OSLo/param.csv
2017-12-06 12:49:44,754 INFO o.a.j.p.h.s.HTTPHCAbstractImpl: Local host = daper01mac1124
2017-12-06 12:49:44,759 INFO o.a.j.p.h.s.HTTPHC4Impl: HTTP request retry count = 0
2017-12-06 12:49:45,507 INFO o.a.j.t.JMeterThread: Thread started: blazedemo 1-2
2017-12-06 12:49:46,514 INFO o.a.j.t.JMeterThread: Thread started: blazedemo 1-3
2017-12-06 12:49:46,516 INFO o.a.j.t.JMeterThread: Thread started: blazedemo 1-4
2017-12-06 12:49:47,523 INFO o.a.j.t.JMeterThread: Thread started: blazedemo 1-5
2017-12-06 12:49:47,529 INFO o.a.j.t.JMeterThread: Thread started: blazedemo 1-6
2017-12-06 12:49:48,532 INFO o.a.j.t.JMeterThread: Thread started: blazedemo 1-7
2017-12-06 12:49:49,539 INFO o.a.j.t.JMeterThread: Thread started: blazedemo 1-8
2017-12-06 12:49:49,542 INFO o.a.j.t.JMeterThread: Thread started: blazedemo 1-9
2017-12-06 12:49:50,548 INFO o.a.j.t.JMeterThread: Thread started: blazedemo 1-10
2017-12-06 12:49:50,549 INFO o.a.j.t.JMeterThread: Thread started: blazedemo 1-11
2017-12-06 12:49:51,550 INFO o.a.j.t.JMeterThread: Thread started: blazedemo 1-12
2017-12-06 12:49:52,557 INFO o.a.j.t.JMeterThread: Thread started: blazedemo 1-13
2017-12-06 12:49:52,558 INFO o.a.j.t.JMeterThread: Thread started: blazedemo 1-14
2017-12-06 12:49:53,567 INFO o.a.j.t.JMeterThread: Thread started: blazedemo 1-15
2017-12-06 12:49:53,569 INFO o.a.j.t.JMeterThread: Thread started: blazedemo 1-16
2017-12-06 12:49:54,569 INFO o.a.j.t.JMeterThread: Thread started: blazedemo 1-17
2017-12-06 12:49:55,572 INFO o.a.j.t.JMeterThread: Thread started: blazedemo 1-18
2017-12-06 12:49:55,573 INFO o.a.j.t.JMeterThread: Thread started: blazedemo 1-19
2017-12-06 12:49:55,825 INFO o.a.j.JMeter: Command: Shutdown received from /127.0.0.1
2017-12-06 12:49:55,826 INFO c.b.j.t.c.ConcurrencyThreadStarter: Done supplying threads
2017-12-06 12:49:55,826 WARN o.a.j.t.JMeterThread: Interrupting: blazedemo 1-14 sampler: Confirmation Page
2017-12-06 12:49:55,827 WARN o.a.j.t.JMeterThread: Interrupting: blazedemo 1-18 sampler: Welcome Page
2017-12-06 12:49:55,828 WARN o.a.j.t.JMeterThread: Interrupting: blazedemo 1-1 sampler: Confirmation Page
2017-12-06 12:49:55,829 WARN o.a.j.t.JMeterThread: Interrupting: blazedemo 1-6 sampler: Reserve Page
2017-12-06 12:49:55,830 WARN o.a.j.t.JMeterThread: Interrupting: blazedemo 1-19 sampler: Welcome Page
2017-12-06 12:49:55,831 WARN o.a.j.t.JMeterThread: Interrupting: blazedemo 1-3 sampler: Purchase Page
2017-12-06 12:49:55,832 WARN o.a.j.t.JMeterThread: Interrupting: blazedemo 1-4 sampler: Purchase Page
2017-12-06 12:49:55,833 WARN o.a.j.t.JMeterThread: Interrupting: blazedemo 1-12 sampler: Welcome Page
2017-12-06 12:49:55,835 WARN o.a.j.t.JMeterThread: Interrupting: blazedemo 1-15 sampler: Purchase Page
2017-12-06 12:49:55,836 WARN o.a.j.t.JMeterThread: Interrupting: blazedemo 1-5 sampler: Purchase Page
2017-12-06 12:49:55,837 WARN o.a.j.t.JMeterThread: Interrupting: blazedemo 1-2 sampler: Confirmation Page
2017-12-06 12:49:55,838 WARN o.a.j.t.JMeterThread: Interrupting: blazedemo 1-11 sampler: Purchase Page
2017-12-06 12:49:55,842 WARN o.a.j.t.JMeterThread: Interrupting: blazedemo 1-17 sampler: Purchase Page
2017-12-06 12:49:55,843 WARN o.a.j.t.JMeterThread: Interrupting: blazedemo 1-8 sampler: Confirmation Page
2017-12-06 12:49:55,847 WARN o.a.j.t.JMeterThread: Interrupting: blazedemo 1-10 sampler: Purchase Page
2017-12-06 12:49:55,848 WARN o.a.j.t.JMeterThread: Interrupting: blazedemo 1-7 sampler: Welcome Page
2017-12-06 12:49:55,849 WARN o.a.j.t.JMeterThread: Interrupting: blazedemo 1-16 sampler: Confirmation Page
2017-12-06 12:49:55,853 WARN o.a.j.t.JMeterThread: Interrupting: blazedemo 1-9 sampler: Confirmation Page
2017-12-06 12:49:55,853 WARN o.a.j.t.JMeterThread: Interrupting: blazedemo 1-13 sampler: Welcome Page
2017-12-06 12:49:55,857 INFO o.a.j.t.JMeterThread: Thread is done: blazedemo 1-14
2017-12-06 12:49:55,857 INFO o.a.j.t.JMeterThread: Thread finished: blazedemo 1-14
2017-12-06 12:49:55,858 INFO o.a.j.t.JMeterThread: Thread is done: blazedemo 1-13
2017-12-06 12:49:55,858 INFO o.a.j.t.JMeterThread: Thread finished: blazedemo 1-13
2017-12-06 12:49:55,859 INFO o.a.j.e.StandardJMeterEngine: Notifying test listeners of end of test
2017-12-06 12:49:55,859 INFO o.a.j.t.JMeterThread: Thread is done: blazedemo 1-9
2017-12-06 12:49:55,859 INFO o.a.j.t.JMeterThread: Thread finished: blazedemo 1-9
2017-12-06 12:49:55,859 INFO o.a.j.s.FileServer: Close: /Users/daper01/Documents/OSLo/param.csv
2017-12-06 12:49:55,861 INFO o.a.j.t.JMeterThread: Thread is done: blazedemo 1-16
2017-12-06 12:49:55,861 INFO o.a.j.t.JMeterThread: Thread finished: blazedemo 1-16
2017-12-06 12:49:55,862 INFO o.a.j.e.StandardJMeterEngine: Forced JVM shutdown requested at end of test
2017-12-06 12:49:55,862 INFO o.a.j.t.JMeterThread: Thread is done: blazedemo 1-7
2017-12-06 12:49:55,862 INFO o.a.j.t.JMeterThread: Thread finished: blazedemo 1-7
2017-12-06 12:49:55,863 INFO o.a.j.t.JMeterThread: Thread is done: blazedemo 1-10
2017-12-06 12:49:55,863 INFO o.a.j.t.JMeterThread: Thread finished: blazedemo 1-10
2017-12-06 12:49:55,864 INFO o.a.j.t.JMeterThread: Thread is done: blazedemo 1-17
2017-12-06 12:49:55,864 INFO o.a.j.t.JMeterThread: Thread finished: blazedemo 1-17
