2017-12-06 12:49:43,122 INFO o.a.j.u.JMeterUtils: Setting Locale to en_US
2017-12-06 12:49:43,139 INFO o.a.j.JMeter: Loading user properties from: /Users/daper01/.bzt/jmeter-taurus/3.3/bin/user.properties
2017-12-06 12:49:43,140 INFO o.a.j.JMeter: Loading system properties from: /Users/daper01/.bzt/jmeter-taurus/3.3/bin/system.properties
2017-12-06 12:49:43,145 INFO o.a.j.JMeter: Setting System properties from file: /Users/daper01/Documents/OSLo/artifacts/2017-12-06_12-49-31.665929/system-1.properties
2017-12-06 12:49:43,155 INFO o.a.j.JMeter: Copyright (c) 1998-2017 The Apache Software Foundation
2017-12-06 12:49:43,155 INFO o.a.j.JMeter: Version 3.3 r1808647
2017-12-06 12:49:43,155 INFO o.a.j.JMeter: java.version=1.8.0_121
2017-12-06 12:49:43,155 INFO o.a.j.JMeter: java.vm.name=Java HotSpot(TM) 64-Bit Server VM
2017-12-06 12:49:43,155 INFO o.a.j.JMeter: os.name=Mac OS X
2017-12-06 12:49:43,155 INFO o.a.j.JMeter: os.arch=x86_64
2017-12-06 12:49:43,155 INFO o.a.j.JMeter: os.version=10.13.1
2017-12-06 12:49:43,155 INFO o.a.j.JMeter: file.encoding=UTF-8
2017-12-06 12:49:43,155 INFO o.a.j.JMeter: Max memory     =3817865216
2017-12-06 12:49:43,156 INFO o.a.j.JMeter: Available Processors =4
2017-12-06 12:49:43,161 INFO o.a.j.JMeter: Default Locale=English (United States)
2017-12-06 12:49:43,161 INFO o.a.j.JMeter: JMeter  Locale=English (United States)
2017-12-06 12:49:43,161 INFO o.a.j.JMeter: JMeterHome=/Users/daper01/.bzt/jmeter-taurus/3.3
2017-12-06 12:49:43,161 INFO o.a.j.JMeter: user.dir  =/Users/daper01/Documents/OSLo
2017-12-06 12:49:43,161 INFO o.a.j.JMeter: PWD       =/Users/daper01/Documents/OSLo
2017-12-06 12:49:43,166 INFO o.a.j.JMeter: IP: 10.137.176.136 Name: daper01mac1124 FullName: daper01mac1124.ca.com
2017-12-06 12:49:43,166 INFO o.a.j.JMeter: user.classpath=/Users/daper01/Documents/OSLo/artifacts/2017-12-06_12-49-31.665929
2017-12-06 12:49:43,166 INFO o.a.j.JMeter: Adding to classpath and loader: /Users/daper01/Documents/OSLo/artifacts/2017-12-06_12-49-31.665929
2017-12-06 12:49:43,171 INFO o.a.j.s.FileServer: Default base='/Users/daper01/Documents/OSLo'
2017-12-06 12:49:43,172 INFO o.a.j.s.FileServer: Set new base='/Users/daper01/Documents/OSLo/artifacts/2017-12-06_12-49-31.665929'
2017-12-06 12:49:43,334 INFO o.a.j.s.SaveService: Testplan (JMX) version: 2.2. Testlog (JTL) version: 2.2
2017-12-06 12:49:43,360 INFO o.a.j.s.SaveService: Using SaveService properties file encoding UTF-8
2017-12-06 12:49:43,381 INFO o.a.j.s.SaveService: Using SaveService properties version 3.2
2017-12-06 12:49:43,388 INFO o.a.j.s.SaveService: Loading file: /Users/daper01/Documents/OSLo/artifacts/2017-12-06_12-49-31.665929/modified_requests-1.jmx
2017-12-06 12:49:43,464 INFO o.a.j.p.h.c.CacheManager: Will only cache the following methods: [GET]
2017-12-06 12:49:43,466 INFO o.a.j.p.h.c.CookieManager: Settings: Delete null: true Check: true Allow variable: true Save: false Prefix: COOKIE_
2017-12-06 12:49:43,487 INFO o.a.j.p.h.s.HTTPSamplerBase: Parser for text/html is org.apache.jmeter.protocol.http.parser.LagartoBasedHtmlParser
2017-12-06 12:49:43,487 INFO o.a.j.p.h.s.HTTPSamplerBase: Parser for application/xhtml+xml is org.apache.jmeter.protocol.http.parser.LagartoBasedHtmlParser
2017-12-06 12:49:43,488 INFO o.a.j.p.h.s.HTTPSamplerBase: Parser for application/xml is org.apache.jmeter.protocol.http.parser.LagartoBasedHtmlParser
2017-12-06 12:49:43,488 INFO o.a.j.p.h.s.HTTPSamplerBase: Parser for text/xml is org.apache.jmeter.protocol.http.parser.LagartoBasedHtmlParser
2017-12-06 12:49:43,488 INFO o.a.j.p.h.s.HTTPSamplerBase: Parser for text/vnd.wap.wml is org.apache.jmeter.protocol.http.parser.RegexpHTMLParser
2017-12-06 12:49:43,488 INFO o.a.j.p.h.s.HTTPSamplerBase: Parser for text/css is org.apache.jmeter.protocol.http.parser.CssParser
2017-12-06 12:49:43,527 INFO o.a.j.e.StandardJMeterEngine: Running the test!
2017-12-06 12:49:43,528 INFO o.a.j.s.SampleEvent: List of sample_variables: []
2017-12-06 12:49:43,528 INFO o.a.j.s.SampleEvent: List of sample_variables: []
2017-12-06 12:49:43,533 INFO o.a.j.e.u.CompoundVariable: Note: Function class names must contain the string: '.functions.'
2017-12-06 12:49:43,533 INFO o.a.j.e.u.CompoundVariable: Note: Function class names must not contain the string: '.gui.'
2017-12-06 12:49:44,191 INFO o.a.j.JMeter: Running test (1512593384191)
2017-12-06 12:49:44,236 INFO o.a.j.e.StandardJMeterEngine: Starting ThreadGroup: 1 : blazedemo
2017-12-06 12:49:44,237 INFO o.a.j.e.StandardJMeterEngine: Starting 50 threads for group blazedemo.
2017-12-06 12:49:44,237 INFO o.a.j.e.StandardJMeterEngine: Thread will continue on error
2017-12-06 12:49:44,241 INFO c.b.j.t.c.ConcurrencyThreadStarter: Start supplying threads
2017-12-06 12:49:44,242 INFO o.a.j.e.StandardJMeterEngine: All thread groups have been started
2017-12-06 12:49:45,466 INFO o.a.j.s.SampleResult: Note: Sample TimeStamps are START times
2017-12-06 12:49:45,466 INFO o.a.j.s.SampleResult: sampleresult.default.encoding is set to UTF-8
2017-12-06 12:49:45,466 INFO o.a.j.s.SampleResult: sampleresult.useNanoTime=true
2017-12-06 12:49:45,467 INFO o.a.j.s.SampleResult: sampleresult.nanoThreadSleep=5000
2017-12-06 12:49:45,649 INFO o.a.j.t.JMeterThread: Thread started: blazedemo 1-1
2017-12-06 12:49:45,651 INFO o.a.j.s.FileServer: Stored: /Users/daper01/Documents/OSLo/param.csv
2017-12-06 12:49:45,671 INFO o.a.j.p.h.s.HTTPHCAbstractImpl: Local host = daper01mac1124
2017-12-06 12:49:45,677 INFO o.a.j.p.h.s.HTTPHC4Impl: HTTP request retry count = 0
2017-12-06 12:49:48,482 INFO o.a.j.t.JMeterThread: Thread started: blazedemo 1-2
2017-12-06 12:49:50,493 INFO o.a.j.t.JMeterThread: Thread started: blazedemo 1-3
2017-12-06 12:49:53,492 INFO o.a.j.t.JMeterThread: Thread started: blazedemo 1-4
2017-12-06 12:49:55,500 INFO o.a.j.t.JMeterThread: Thread started: blazedemo 1-5
2017-12-06 12:49:57,503 INFO o.a.j.t.JMeterThread: Thread started: blazedemo 1-6
2017-12-06 12:49:57,845 INFO o.a.j.JMeter: Command: Shutdown received from /127.0.0.1
2017-12-06 12:49:57,847 INFO c.b.j.t.c.ConcurrencyThreadStarter: Done supplying threads
2017-12-06 12:49:57,847 WARN o.a.j.t.JMeterThread: Interrupting: blazedemo 1-2 sampler: Reserve Page
2017-12-06 12:49:57,847 WARN o.a.j.t.JMeterThread: Interrupting: blazedemo 1-1 sampler: Confirmation Page
2017-12-06 12:49:57,848 WARN o.a.j.t.JMeterThread: Interrupting: blazedemo 1-6 sampler: Reserve Page
2017-12-06 12:49:57,848 WARN o.a.j.t.JMeterThread: Interrupting: blazedemo 1-3 sampler: Welcome Page
2017-12-06 12:49:57,850 WARN o.a.j.t.JMeterThread: Interrupting: blazedemo 1-4 sampler: Purchase Page
2017-12-06 12:49:57,851 WARN o.a.j.t.JMeterThread: Interrupting: blazedemo 1-5 sampler: Confirmation Page
2017-12-06 12:49:57,858 INFO o.a.j.t.JMeterThread: Thread is done: blazedemo 1-1
2017-12-06 12:49:57,858 INFO o.a.j.t.JMeterThread: Thread finished: blazedemo 1-1
2017-12-06 12:49:57,859 INFO o.a.j.t.JMeterThread: Thread is done: blazedemo 1-5
2017-12-06 12:49:57,859 INFO o.a.j.t.JMeterThread: Thread finished: blazedemo 1-5
2017-12-06 12:49:57,859 INFO o.a.j.t.JMeterThread: Thread is done: blazedemo 1-4
2017-12-06 12:49:57,860 INFO o.a.j.t.JMeterThread: Thread finished: blazedemo 1-4
2017-12-06 12:49:57,861 INFO o.a.j.t.JMeterThread: Thread is done: blazedemo 1-3
2017-12-06 12:49:57,861 INFO o.a.j.t.JMeterThread: Thread finished: blazedemo 1-3
2017-12-06 12:49:57,862 INFO o.a.j.t.JMeterThread: Thread is done: blazedemo 1-2
2017-12-06 12:49:57,862 INFO o.a.j.t.JMeterThread: Thread finished: blazedemo 1-2
2017-12-06 12:49:57,864 INFO o.a.j.t.JMeterThread: Thread is done: blazedemo 1-6
2017-12-06 12:49:57,864 INFO o.a.j.t.JMeterThread: Thread finished: blazedemo 1-6
2017-12-06 12:49:57,864 INFO o.a.j.e.StandardJMeterEngine: Notifying test listeners of end of test
2017-12-06 12:49:57,864 INFO o.a.j.s.FileServer: Close: /Users/daper01/Documents/OSLo/param.csv
2017-12-06 12:49:57,866 INFO o.a.j.e.StandardJMeterEngine: Forced JVM shutdown requested at end of test
