2018-01-24 15:01:45,690 INFO o.a.j.u.JMeterUtils: Setting Locale to en_US
2018-01-24 15:01:45,800 INFO o.a.j.JMeter: Loading user properties from: /Users/daper01/Documents/apache-jmeter-3.3/bin/user.properties
2018-01-24 15:01:45,898 INFO o.a.j.JMeter: Loading system properties from: /Users/daper01/Documents/apache-jmeter-3.3/bin/system.properties
2018-01-24 15:01:45,902 INFO o.a.j.JMeter: Copyright (c) 1998-2017 The Apache Software Foundation
2018-01-24 15:01:45,902 INFO o.a.j.JMeter: Version 3.3 r1808647
2018-01-24 15:01:45,902 INFO o.a.j.JMeter: java.version=1.8.0_121
2018-01-24 15:01:45,902 INFO o.a.j.JMeter: java.vm.name=Java HotSpot(TM) 64-Bit Server VM
2018-01-24 15:01:45,902 INFO o.a.j.JMeter: os.name=Mac OS X
2018-01-24 15:01:45,902 INFO o.a.j.JMeter: os.arch=x86_64
2018-01-24 15:01:45,902 INFO o.a.j.JMeter: os.version=10.13.1
2018-01-24 15:01:45,902 INFO o.a.j.JMeter: file.encoding=UTF-8
2018-01-24 15:01:45,902 INFO o.a.j.JMeter: Max memory     =3817865216
2018-01-24 15:01:45,902 INFO o.a.j.JMeter: Available Processors =4
2018-01-24 15:01:45,905 INFO o.a.j.JMeter: Default Locale=English (United States)
2018-01-24 15:01:45,906 INFO o.a.j.JMeter: JMeter  Locale=English (United States)
2018-01-24 15:01:45,906 INFO o.a.j.JMeter: JMeterHome=/Users/daper01/Documents/apache-jmeter-3.3
2018-01-24 15:01:45,906 INFO o.a.j.JMeter: user.dir  =/Users/daper01/Documents/OSLo
2018-01-24 15:01:45,906 INFO o.a.j.JMeter: PWD       =/Users/daper01/Documents/OSLo
2018-01-24 15:01:45,912 INFO o.a.j.JMeter: IP: 10.137.176.183 Name: daper01mac1124 FullName: daper01mac1124.ca.com
2018-01-24 15:01:54,167 INFO o.a.j.g.a.LookAndFeelCommand: Using look and feel: com.apple.laf.AquaLookAndFeel [Mac OS X, System]
2018-01-24 15:01:54,175 INFO o.a.j.JMeter: Loaded icon properties from org/apache/jmeter/images/icon.properties
2018-01-24 15:01:54,940 INFO o.a.j.e.u.CompoundVariable: Note: Function class names must contain the string: '.functions.'
2018-01-24 15:01:54,940 INFO o.a.j.e.u.CompoundVariable: Note: Function class names must not contain the string: '.gui.'
2018-01-24 15:01:56,230 INFO o.a.j.JMeter: Loading file: /Users/daper01/Documents/poc/blockchain_markets/test-plans/bcm_load_test_virtual_users_firefox.jmx
2018-01-24 15:01:56,231 INFO o.a.j.s.FileServer: Default base='/Users/daper01/Documents/OSLo'
2018-01-24 15:01:56,232 INFO o.a.j.s.FileServer: Set new base='/Users/daper01/Documents/poc/blockchain_markets/test-plans'
2018-01-24 15:01:56,399 INFO o.a.j.s.SaveService: Testplan (JMX) version: 2.2. Testlog (JTL) version: 2.2
2018-01-24 15:01:56,528 INFO o.a.j.s.SaveService: Using SaveService properties file encoding UTF-8
2018-01-24 15:01:56,531 INFO o.a.j.s.SaveService: Using SaveService properties version 3.2
2018-01-24 15:01:56,534 INFO o.a.j.s.SaveService: Loading file: /Users/daper01/Documents/poc/blockchain_markets/test-plans/bcm_load_test_virtual_users_firefox.jmx
2018-01-24 15:01:56,670 INFO o.a.j.p.h.c.CookieManager: Settings: Delete null: true Check: true Allow variable: true Save: false Prefix: COOKIE_
2018-01-24 15:01:56,826 INFO o.a.j.s.SampleResult: Note: Sample TimeStamps are START times
2018-01-24 15:01:56,826 INFO o.a.j.s.SampleResult: sampleresult.default.encoding is set to ISO-8859-1
2018-01-24 15:01:56,826 INFO o.a.j.s.SampleResult: sampleresult.useNanoTime=true
2018-01-24 15:01:56,826 INFO o.a.j.s.SampleResult: sampleresult.nanoThreadSleep=5000
2018-01-24 15:01:56,851 INFO o.a.j.s.FileServer: Set new base='/Users/daper01/Documents/poc/blockchain_markets/test-plans'
2018-01-24 15:01:56,904 INFO o.a.j.p.h.s.HTTPSamplerBase: Parser for text/html is org.apache.jmeter.protocol.http.parser.LagartoBasedHtmlParser
2018-01-24 15:01:56,905 INFO o.a.j.p.h.s.HTTPSamplerBase: Parser for application/xhtml+xml is org.apache.jmeter.protocol.http.parser.LagartoBasedHtmlParser
2018-01-24 15:01:56,905 INFO o.a.j.p.h.s.HTTPSamplerBase: Parser for application/xml is org.apache.jmeter.protocol.http.parser.LagartoBasedHtmlParser
2018-01-24 15:01:56,905 INFO o.a.j.p.h.s.HTTPSamplerBase: Parser for text/xml is org.apache.jmeter.protocol.http.parser.LagartoBasedHtmlParser
2018-01-24 15:01:56,905 INFO o.a.j.p.h.s.HTTPSamplerBase: Parser for text/vnd.wap.wml is org.apache.jmeter.protocol.http.parser.RegexpHTMLParser
2018-01-24 15:01:56,906 INFO o.a.j.p.h.s.HTTPSamplerBase: Parser for text/css is org.apache.jmeter.protocol.http.parser.CssParser
2018-01-24 15:01:57,522 INFO o.j.r.PluginManager: Plugins Status: [jpgc-graphs-basic=2.0, jpgc-graphs-additional=2.0, jpgc-functions=2.0, jpgc-casutg=2.5, jpgc-dummy=0.2, jpgc-ffw=2.0, bzm-http2=1.0, jpgc-fifo=0.2, jpgc-json=2.6, mqtt-sampler=0.0.1-SNAPSHOT, bzm-parallel=0.2, jpgc-perfmon=2.1, jpgc-plugins-manager=0.19, jpgc-webdriver=2.3, jpgc-tst=2.1, jmeter-core=3.3, jmeter-ftp=3.3, jmeter-http=3.3, jmeter-jdbc=3.3, jmeter-jms=3.3, jmeter-junit=3.3, jmeter-java=3.3, jmeter-ldap=3.3, jmeter-mail=3.3, jmeter-mongodb=3.3, jmeter-native=3.3, jmeter-tcp=3.3, jmeter-components=3.3, jpgc-standard=2.0]
2018-01-24 15:01:57,864 INFO o.a.j.g.u.MenuFactory: Skipping org.apache.jmeter.assertions.BSFAssertion
2018-01-24 15:01:57,975 INFO o.a.j.g.u.MenuFactory: Skipping org.apache.jmeter.extractor.BSFPostProcessor
2018-01-24 15:01:58,010 INFO o.a.j.g.u.MenuFactory: Skipping org.apache.jmeter.modifiers.BSFPreProcessor
2018-01-24 15:01:58,659 INFO o.a.j.e.KeyToolUtils: keytool found at 'keytool'
2018-01-24 15:01:58,659 INFO o.a.j.p.h.p.ProxyControl: HTTP(S) Test Script Recorder SSL Proxy will use keys that support embedded 3rd party resources in file /Users/daper01/Documents/apache-jmeter-3.3/bin/proxyserver.jks
2018-01-24 15:01:58,809 INFO o.a.j.g.u.MenuFactory: Skipping org.apache.jmeter.protocol.java.sampler.BSFSampler
2018-01-24 15:01:58,921 INFO o.a.j.g.u.MenuFactory: Skipping org.apache.jmeter.protocol.mongodb.config.MongoSourceElement
2018-01-24 15:01:58,922 INFO o.a.j.g.u.MenuFactory: Skipping org.apache.jmeter.protocol.mongodb.sampler.MongoScriptSampler
2018-01-24 15:01:58,924 WARN o.a.j.u.JMeterUtils: ERROR! Resource string not found: [mqtt_qos]
2018-01-24 15:01:58,924 WARN o.a.j.u.JMeterUtils: ERROR! Resource string not found: [mqtt_at_most_once]
2018-01-24 15:01:58,924 WARN o.a.j.u.JMeterUtils: ERROR! Resource string not found: [mqtt_at_least_once]
2018-01-24 15:01:58,925 WARN o.a.j.u.JMeterUtils: ERROR! Resource string not found: [mqtt_exactly_once]
2018-01-24 15:01:58,925 WARN o.a.j.u.JMeterUtils: ERROR! Resource string not found: [mqtt_client_types]
2018-01-24 15:01:58,925 WARN o.a.j.u.JMeterUtils: ERROR! Resource string not found: [mqtt_blocking_client]
2018-01-24 15:01:58,925 WARN o.a.j.u.JMeterUtils: ERROR! Resource string not found: [mqtt_async_client]
2018-01-24 15:01:58,925 WARN o.a.j.u.JMeterUtils: ERROR! Resource string not found: [mqtt_message_input_type]
2018-01-24 15:01:58,925 WARN o.a.j.u.JMeterUtils: ERROR! Resource string not found: [mqtt_message_input_type_text]
2018-01-24 15:01:58,925 WARN o.a.j.u.JMeterUtils: ERROR! Resource string not found: [mqtt_message_input_type_file]
2018-01-24 15:01:58,933 WARN o.a.j.u.JMeterUtils: ERROR! Resource string not found: [mqtt_qos]
2018-01-24 15:01:58,934 WARN o.a.j.u.JMeterUtils: ERROR! Resource string not found: [mqtt_at_most_once]
2018-01-24 15:01:58,934 WARN o.a.j.u.JMeterUtils: ERROR! Resource string not found: [mqtt_at_least_once]
2018-01-24 15:01:58,934 WARN o.a.j.u.JMeterUtils: ERROR! Resource string not found: [mqtt_exactly_once]
2018-01-24 15:01:58,934 WARN o.a.j.u.JMeterUtils: ERROR! Resource string not found: [mqtt_client_types]
2018-01-24 15:01:58,934 WARN o.a.j.u.JMeterUtils: ERROR! Resource string not found: [mqtt_blocking_client]
2018-01-24 15:01:58,934 WARN o.a.j.u.JMeterUtils: ERROR! Resource string not found: [mqtt_async_client]
2018-01-24 15:01:59,082 INFO o.a.j.g.u.MenuFactory: Skipping org.apache.jmeter.timers.BSFTimer
2018-01-24 15:01:59,107 INFO o.a.j.g.u.MenuFactory: Skipping org.apache.jmeter.visualizers.BSFListener
2018-01-24 15:07:19,020 INFO o.a.j.e.StandardJMeterEngine: Running the test!
2018-01-24 15:07:19,026 INFO o.a.j.s.SampleEvent: List of sample_variables: []
2018-01-24 15:07:19,028 INFO o.a.j.s.SampleEvent: List of sample_variables: []
2018-01-24 15:07:19,068 INFO o.a.j.g.u.JMeterMenuBar: setRunning(true, *local*)
2018-01-24 15:07:19,366 INFO o.a.j.e.StandardJMeterEngine: Starting ThreadGroup: 1 : Login to homepage (Firefox)
2018-01-24 15:07:19,367 INFO o.a.j.e.StandardJMeterEngine: Starting 1 threads for group Login to homepage (Firefox).
2018-01-24 15:07:19,369 INFO o.a.j.e.StandardJMeterEngine: Thread will continue on error
2018-01-24 15:07:19,369 INFO o.a.j.t.ThreadGroup: Starting thread group... number=1 threads=1 ramp-up=1 perThread=1000.0 delayedStart=false
2018-01-24 15:07:19,381 INFO o.a.j.t.ThreadGroup: Started thread group number 1
2018-01-24 15:07:19,381 INFO o.a.j.e.StandardJMeterEngine: All thread groups have been started
2018-01-24 15:07:19,395 INFO o.a.j.t.JMeterThread: Thread started: Login to homepage (Firefox) 1-1
2018-01-24 15:08:07,110 ERROR o.a.j.t.JMeterThread: Test failed!
org.openqa.selenium.WebDriverException: Failed to connect to binary FirefoxBinary(/Applications/Firefox.app/Contents/MacOS/firefox-bin) on port 7055; process output follows: 
ode.com to /var/folders/vq/xzrdy2lx047cst78f69v8z3xfzqz1q/T/anonymous3795363838856057820webdriver-profile/extensions/fxdriver@googlecode.com
1516835245211	addons.xpi	DEBUG	Existing add-on fxdriver@googlecode.com in app-profile
1516835245211	addons.xpi	INFO	Mapping screenshots@mozilla.org to /Applications/Firefox.app/Contents/Resources/browser/features/screenshots@mozilla.org.xpi
1516835245211	addons.xpi	INFO	Mapping webcompat@mozilla.org to /Applications/Firefox.app/Contents/Resources/browser/features/webcompat@mozilla.org.xpi
1516835245211	addons.xpi	INFO	Mapping firefox@getpocket.com to /Applications/Firefox.app/Contents/Resources/browser/features/firefox@getpocket.com.xpi
1516835245211	addons.xpi	INFO	Mapping followonsearch@mozilla.com to /Applications/Firefox.app/Contents/Resources/browser/features/followonsearch@mozilla.com.xpi
1516835245211	addons.xpi	INFO	Mapping aushelper@mozilla.org to /Applications/Firefox.app/Contents/Resources/browser/features/aushelper@mozilla.org.xpi
1516835245211	addons.xpi	INFO	Mapping shield-recipe-client@mozilla.org to /Applications/Firefox.app/Contents/Resources/browser/features/shield-recipe-client@mozilla.org.xpi
1516835245211	addons.xpi	INFO	Mapping e10srollout@mozilla.org to /Applications/Firefox.app/Contents/Resources/browser/features/e10srollout@mozilla.org.xpi
1516835245211	addons.xpi	INFO	Mapping clicktoplay-rollout@mozilla.org to /Applications/Firefox.app/Contents/Resources/browser/features/clicktoplay-rollout@mozilla.org.xpi
1516835245212	addons.xpi	DEBUG	Existing add-on screenshots@mozilla.org in app-system-defaults
1516835245212	addons.xpi	DEBUG	Existing add-on webcompat@mozilla.org in app-system-defaults
1516835245212	addons.xpi	DEBUG	Existing add-on firefox@getpocket.com in app-system-defaults
1516835245212	addons.xpi	DEBUG	Existing add-on followonsearch@mozilla.com in app-system-defaults
1516835245212	addons.xpi	DEBUG	Existing add-on aushelper@mozilla.org in app-system-defaults
1516835245212	addons.xpi	DEBUG	Existing add-on shield-recipe-client@mozilla.org in app-system-defaults
1516835245212	addons.xpi	DEBUG	Existing add-on e10srollout@mozilla.org in app-system-defaults
1516835245213	addons.xpi	DEBUG	Existing add-on clicktoplay-rollout@mozilla.org in app-system-defaults
1516835245213	addons.xpi	INFO	Mapping {972ce4c6-7e08-4474-a285-3208198ce6fd} to /Applications/Firefox.app/Contents/Resources/browser/extensions/{972ce4c6-7e08-4474-a285-3208198ce6fd}.xpi
1516835245213	addons.xpi	DEBUG	Existing add-on {972ce4c6-7e08-4474-a285-3208198ce6fd} in app-global
1516835245213	addons.xpi	DEBUG	getInstallState changed: false, state: {}
2018-01-24 15:07:25.248 firefox-bin[42984:7537855] IMKInputSession [0x11759b160 presentFunctionRowItemTextInputViewWithEndpoint:completionHandler:] : [self textInputContext]=0x11e03fd00 *NO* NSRemoteViewController to client, NSError=Error Domain=NSCocoaErrorDomain Code=4097 "connection from pid 0" UserInfo={NSDebugDescription=connection from pid 0}, com.apple.inputmethod.EmojiFunctionRowItem
1516835245615	addons.productaddons	INFO	sending request to: https://aus5.mozilla.org/update/3/GMP/55.0.3/20170824053838/Darwin_x86_64-gcc3/en-US/release/Darwin%2017.2.0/default/default/update.xml
1516835245786	addons.productaddons	INFO	Completed downloading document
1516835246170	addons.productaddons	INFO	downloadXHR File download. status=200
1516835246187	addons.productaddons	INFO	Downloaded file will be saved to /var/folders/vq/xzrdy2lx047cst78f69v8z3xfzqz1q/T/tmpaddon
1516835247043	addons.productaddons	INFO	downloadXHR File download. status=200
1516835247046	addons.productaddons	INFO	Downloaded file will be saved to /var/folders/vq/xzrdy2lx047cst78f69v8z3xfzqz1q/T/tmpaddon
2018-01-24 15:07:54.202 firefox-bin[42984:7537855] IMKInputSession [0x11759b160 presentFunctionRowItemTextInputViewWithEndpoint:completionHandler:] : [self textInputContext]=0x11e03fd00 *NO* NSRemoteViewController to client, NSError=Error Domain=NSCocoaErrorDomain Code=4097 "connection from pid 0" UserInfo={NSDebugDescription=connection from pid 0}, com.apple.inputmethod.EmojiFunctionRowItem

Build info: version: '2.52.0', revision: '4c2593cfc3689a7fcd7be52549167e5ccc93ad28', time: '2016-02-11 11:22:43'
System info: host: 'daper01mac1124', ip: '10.137.176.183', os.name: 'Mac OS X', os.arch: 'x86_64', os.version: '10.13.1', java.version: '1.8.0_121'
Driver info: driver.version: FirefoxDriver
	at org.openqa.selenium.firefox.internal.NewProfileExtensionConnection.start(NewProfileExtensionConnection.java:125) ~[selenium-firefox-driver-2.52.0.jar:?]
	at org.openqa.selenium.firefox.FirefoxDriver.startClient(FirefoxDriver.java:271) ~[selenium-firefox-driver-2.52.0.jar:?]
	at org.openqa.selenium.remote.RemoteWebDriver.<init>(RemoteWebDriver.java:119) ~[selenium-remote-driver-2.52.0.jar:?]
	at org.openqa.selenium.firefox.FirefoxDriver.<init>(FirefoxDriver.java:216) ~[selenium-firefox-driver-2.52.0.jar:?]
	at org.openqa.selenium.firefox.FirefoxDriver.<init>(FirefoxDriver.java:211) ~[selenium-firefox-driver-2.52.0.jar:?]
	at com.googlecode.jmeter.plugins.webdriver.config.FirefoxDriverConfig.createBrowser(FirefoxDriverConfig.java:100) ~[jmeter-plugins-webdriver-2.3.jar:?]
	at com.googlecode.jmeter.plugins.webdriver.config.FirefoxDriverConfig.createBrowser(FirefoxDriverConfig.java:21) ~[jmeter-plugins-webdriver-2.3.jar:?]
	at com.googlecode.jmeter.plugins.webdriver.config.WebDriverConfig.getPreparedBrowser(WebDriverConfig.java:233) ~[jmeter-plugins-webdriver-2.3.jar:?]
	at com.googlecode.jmeter.plugins.webdriver.config.WebDriverConfig.threadStarted(WebDriverConfig.java:220) ~[jmeter-plugins-webdriver-2.3.jar:?]
	at org.apache.jmeter.threads.JMeterThread$ThreadListenerTraverser.addNode(JMeterThread.java:683) ~[ApacheJMeter_core.jar:3.3 r1808647]
	at org.apache.jorphan.collections.HashTree.traverseInto(HashTree.java:996) ~[jorphan.jar:3.3 r1808647]
	at org.apache.jorphan.collections.HashTree.traverse(HashTree.java:978) ~[jorphan.jar:3.3 r1808647]
	at org.apache.jmeter.threads.JMeterThread.threadStarted(JMeterThread.java:652) ~[ApacheJMeter_core.jar:3.3 r1808647]
	at org.apache.jmeter.threads.JMeterThread.initRun(JMeterThread.java:640) ~[ApacheJMeter_core.jar:3.3 r1808647]
	at org.apache.jmeter.threads.JMeterThread.run(JMeterThread.java:251) [ApacheJMeter_core.jar:3.3 r1808647]
	at java.lang.Thread.run(Thread.java:745) [?:1.8.0_121]
Caused by: org.openqa.selenium.firefox.NotConnectedException: Unable to connect to host 127.0.0.1 on port 7055 after 45000 ms. Firefox console output:
ode.com to /var/folders/vq/xzrdy2lx047cst78f69v8z3xfzqz1q/T/anonymous3795363838856057820webdriver-profile/extensions/fxdriver@googlecode.com
1516835245211	addons.xpi	DEBUG	Existing add-on fxdriver@googlecode.com in app-profile
1516835245211	addons.xpi	INFO	Mapping screenshots@mozilla.org to /Applications/Firefox.app/Contents/Resources/browser/features/screenshots@mozilla.org.xpi
1516835245211	addons.xpi	INFO	Mapping webcompat@mozilla.org to /Applications/Firefox.app/Contents/Resources/browser/features/webcompat@mozilla.org.xpi
1516835245211	addons.xpi	INFO	Mapping firefox@getpocket.com to /Applications/Firefox.app/Contents/Resources/browser/features/firefox@getpocket.com.xpi
1516835245211	addons.xpi	INFO	Mapping followonsearch@mozilla.com to /Applications/Firefox.app/Contents/Resources/browser/features/followonsearch@mozilla.com.xpi
1516835245211	addons.xpi	INFO	Mapping aushelper@mozilla.org to /Applications/Firefox.app/Contents/Resources/browser/features/aushelper@mozilla.org.xpi
1516835245211	addons.xpi	INFO	Mapping shield-recipe-client@mozilla.org to /Applications/Firefox.app/Contents/Resources/browser/features/shield-recipe-client@mozilla.org.xpi
1516835245211	addons.xpi	INFO	Mapping e10srollout@mozilla.org to /Applications/Firefox.app/Contents/Resources/browser/features/e10srollout@mozilla.org.xpi
1516835245211	addons.xpi	INFO	Mapping clicktoplay-rollout@mozilla.org to /Applications/Firefox.app/Contents/Resources/browser/features/clicktoplay-rollout@mozilla.org.xpi
1516835245212	addons.xpi	DEBUG	Existing add-on screenshots@mozilla.org in app-system-defaults
1516835245212	addons.xpi	DEBUG	Existing add-on webcompat@mozilla.org in app-system-defaults
1516835245212	addons.xpi	DEBUG	Existing add-on firefox@getpocket.com in app-system-defaults
1516835245212	addons.xpi	DEBUG	Existing add-on followonsearch@mozilla.com in app-system-defaults
1516835245212	addons.xpi	DEBUG	Existing add-on aushelper@mozilla.org in app-system-defaults
1516835245212	addons.xpi	DEBUG	Existing add-on shield-recipe-client@mozilla.org in app-system-defaults
1516835245212	addons.xpi	DEBUG	Existing add-on e10srollout@mozilla.org in app-system-defaults
1516835245213	addons.xpi	DEBUG	Existing add-on clicktoplay-rollout@mozilla.org in app-system-defaults
1516835245213	addons.xpi	INFO	Mapping {972ce4c6-7e08-4474-a285-3208198ce6fd} to /Applications/Firefox.app/Contents/Resources/browser/extensions/{972ce4c6-7e08-4474-a285-3208198ce6fd}.xpi
1516835245213	addons.xpi	DEBUG	Existing add-on {972ce4c6-7e08-4474-a285-3208198ce6fd} in app-global
1516835245213	addons.xpi	DEBUG	getInstallState changed: false, state: {}
2018-01-24 15:07:25.248 firefox-bin[42984:7537855] IMKInputSession [0x11759b160 presentFunctionRowItemTextInputViewWithEndpoint:completionHandler:] : [self textInputContext]=0x11e03fd00 *NO* NSRemoteViewController to client, NSError=Error Domain=NSCocoaErrorDomain Code=4097 "connection from pid 0" UserInfo={NSDebugDescription=connection from pid 0}, com.apple.inputmethod.EmojiFunctionRowItem
1516835245615	addons.productaddons	INFO	sending request to: https://aus5.mozilla.org/update/3/GMP/55.0.3/20170824053838/Darwin_x86_64-gcc3/en-US/release/Darwin%2017.2.0/default/default/update.xml
1516835245786	addons.productaddons	INFO	Completed downloading document
1516835246170	addons.productaddons	INFO	downloadXHR File download. status=200
1516835246187	addons.productaddons	INFO	Downloaded file will be saved to /var/folders/vq/xzrdy2lx047cst78f69v8z3xfzqz1q/T/tmpaddon
1516835247043	addons.productaddons	INFO	downloadXHR File download. status=200
1516835247046	addons.productaddons	INFO	Downloaded file will be saved to /var/folders/vq/xzrdy2lx047cst78f69v8z3xfzqz1q/T/tmpaddon
2018-01-24 15:07:54.202 firefox-bin[42984:7537855] IMKInputSession [0x11759b160 presentFunctionRowItemTextInputViewWithEndpoint:completionHandler:] : [self textInputContext]=0x11e03fd00 *NO* NSRemoteViewController to client, NSError=Error Domain=NSCocoaErrorDomain Code=4097 "connection from pid 0" UserInfo={NSDebugDescription=connection from pid 0}, com.apple.inputmethod.EmojiFunctionRowItem

	at org.openqa.selenium.firefox.internal.NewProfileExtensionConnection.start(NewProfileExtensionConnection.java:113) ~[selenium-firefox-driver-2.52.0.jar:?]
	... 15 more
2018-01-24 15:08:07,116 INFO o.a.j.t.JMeterThread: Thread finished: Login to homepage (Firefox) 1-1
2018-01-24 15:08:07,117 INFO o.a.j.e.StandardJMeterEngine: Notifying test listeners of end of test
2018-01-24 15:08:07,117 INFO o.a.j.g.u.JMeterMenuBar: setRunning(false, *local*)
2018-01-24 15:18:02,140 INFO o.a.j.e.StandardJMeterEngine: Running the test!
2018-01-24 15:18:02,144 INFO o.a.j.s.SampleEvent: List of sample_variables: []
2018-01-24 15:18:02,160 INFO o.a.j.g.u.JMeterMenuBar: setRunning(true, *local*)
2018-01-24 15:18:02,519 INFO o.a.j.e.StandardJMeterEngine: Starting ThreadGroup: 1 : Login to homepage (Firefox)
2018-01-24 15:18:02,520 INFO o.a.j.e.StandardJMeterEngine: Starting 1 threads for group Login to homepage (Firefox).
2018-01-24 15:18:02,521 INFO o.a.j.e.StandardJMeterEngine: Thread will continue on error
2018-01-24 15:18:02,522 INFO o.a.j.t.ThreadGroup: Starting thread group... number=1 threads=1 ramp-up=1 perThread=1000.0 delayedStart=false
2018-01-24 15:18:02,528 INFO o.a.j.t.ThreadGroup: Started thread group number 1
2018-01-24 15:18:02,528 INFO o.a.j.e.StandardJMeterEngine: All thread groups have been started
2018-01-24 15:18:02,534 INFO o.a.j.t.JMeterThread: Thread started: Login to homepage (Firefox) 1-1
2018-01-24 15:18:49,483 ERROR o.a.j.t.JMeterThread: Test failed!
org.openqa.selenium.WebDriverException: Failed to connect to binary FirefoxBinary(/Applications/Firefox.app/Contents/MacOS/firefox-bin) on port 7055; process output follows: 
1516835886637	addons.manager	DEBUG	Application has been upgraded
2018-01-24 15:18:15.607 firefox-bin[43072:7549805] IMKInputSession [0x1285f6470 presentFunctionRowItemTextInputViewWithEndpoint:completionHandler:] : [self textInputContext]=0x128549e80 *NO* NSRemoteViewController to client, NSError=Error Domain=NSCocoaErrorDomain Code=4097 "connection from pid 0" UserInfo={NSDebugDescription=connection from pid 0}, com.apple.inputmethod.EmojiFunctionRowItem

Build info: version: '2.52.0', revision: '4c2593cfc3689a7fcd7be52549167e5ccc93ad28', time: '2016-02-11 11:22:43'
System info: host: 'daper01mac1124', ip: '10.137.176.183', os.name: 'Mac OS X', os.arch: 'x86_64', os.version: '10.13.1', java.version: '1.8.0_121'
Driver info: driver.version: FirefoxDriver
	at org.openqa.selenium.firefox.internal.NewProfileExtensionConnection.start(NewProfileExtensionConnection.java:125) ~[selenium-firefox-driver-2.52.0.jar:?]
	at org.openqa.selenium.firefox.FirefoxDriver.startClient(FirefoxDriver.java:271) ~[selenium-firefox-driver-2.52.0.jar:?]
	at org.openqa.selenium.remote.RemoteWebDriver.<init>(RemoteWebDriver.java:119) ~[selenium-remote-driver-2.52.0.jar:?]
	at org.openqa.selenium.firefox.FirefoxDriver.<init>(FirefoxDriver.java:216) ~[selenium-firefox-driver-2.52.0.jar:?]
	at org.openqa.selenium.firefox.FirefoxDriver.<init>(FirefoxDriver.java:211) ~[selenium-firefox-driver-2.52.0.jar:?]
	at com.googlecode.jmeter.plugins.webdriver.config.FirefoxDriverConfig.createBrowser(FirefoxDriverConfig.java:100) ~[jmeter-plugins-webdriver-2.3.jar:?]
	at com.googlecode.jmeter.plugins.webdriver.config.FirefoxDriverConfig.createBrowser(FirefoxDriverConfig.java:21) ~[jmeter-plugins-webdriver-2.3.jar:?]
	at com.googlecode.jmeter.plugins.webdriver.config.WebDriverConfig.getPreparedBrowser(WebDriverConfig.java:233) ~[jmeter-plugins-webdriver-2.3.jar:?]
	at com.googlecode.jmeter.plugins.webdriver.config.WebDriverConfig.threadStarted(WebDriverConfig.java:220) ~[jmeter-plugins-webdriver-2.3.jar:?]
	at org.apache.jmeter.threads.JMeterThread$ThreadListenerTraverser.addNode(JMeterThread.java:683) ~[ApacheJMeter_core.jar:3.3 r1808647]
	at org.apache.jorphan.collections.HashTree.traverseInto(HashTree.java:996) ~[jorphan.jar:3.3 r1808647]
	at org.apache.jorphan.collections.HashTree.traverse(HashTree.java:978) ~[jorphan.jar:3.3 r1808647]
	at org.apache.jmeter.threads.JMeterThread.threadStarted(JMeterThread.java:652) ~[ApacheJMeter_core.jar:3.3 r1808647]
	at org.apache.jmeter.threads.JMeterThread.initRun(JMeterThread.java:640) ~[ApacheJMeter_core.jar:3.3 r1808647]
	at org.apache.jmeter.threads.JMeterThread.run(JMeterThread.java:251) [ApacheJMeter_core.jar:3.3 r1808647]
	at java.lang.Thread.run(Thread.java:745) [?:1.8.0_121]
Caused by: org.openqa.selenium.firefox.NotConnectedException: Unable to connect to host 127.0.0.1 on port 7055 after 45000 ms. Firefox console output:
1516835886637	addons.manager	DEBUG	Application has been upgraded
2018-01-24 15:18:15.607 firefox-bin[43072:7549805] IMKInputSession [0x1285f6470 presentFunctionRowItemTextInputViewWithEndpoint:completionHandler:] : [self textInputContext]=0x128549e80 *NO* NSRemoteViewController to client, NSError=Error Domain=NSCocoaErrorDomain Code=4097 "connection from pid 0" UserInfo={NSDebugDescription=connection from pid 0}, com.apple.inputmethod.EmojiFunctionRowItem

	at org.openqa.selenium.firefox.internal.NewProfileExtensionConnection.start(NewProfileExtensionConnection.java:113) ~[selenium-firefox-driver-2.52.0.jar:?]
	... 15 more
2018-01-24 15:18:49,485 INFO o.a.j.t.JMeterThread: Thread finished: Login to homepage (Firefox) 1-1
2018-01-24 15:18:49,485 INFO o.a.j.e.StandardJMeterEngine: Notifying test listeners of end of test
2018-01-24 15:18:49,486 INFO o.a.j.g.u.JMeterMenuBar: setRunning(false, *local*)
2018-01-24 15:25:26,884 INFO o.a.j.e.StandardJMeterEngine: Running the test!
2018-01-24 15:25:26,887 INFO o.a.j.s.SampleEvent: List of sample_variables: []
2018-01-24 15:25:26,894 INFO o.a.j.g.u.JMeterMenuBar: setRunning(true, *local*)
2018-01-24 15:25:27,128 INFO o.a.j.e.StandardJMeterEngine: Starting ThreadGroup: 1 : Login to homepage (Firefox)
2018-01-24 15:25:27,129 INFO o.a.j.e.StandardJMeterEngine: Starting 1 threads for group Login to homepage (Firefox).
2018-01-24 15:25:27,129 INFO o.a.j.e.StandardJMeterEngine: Thread will continue on error
2018-01-24 15:25:27,129 INFO o.a.j.t.ThreadGroup: Starting thread group... number=1 threads=1 ramp-up=1 perThread=1000.0 delayedStart=false
2018-01-24 15:25:27,135 INFO o.a.j.t.ThreadGroup: Started thread group number 1
2018-01-24 15:25:27,135 INFO o.a.j.e.StandardJMeterEngine: All thread groups have been started
2018-01-24 15:25:27,139 INFO o.a.j.t.JMeterThread: Thread started: Login to homepage (Firefox) 1-1
2018-01-24 15:26:14,372 ERROR o.a.j.t.JMeterThread: Test failed!
org.openqa.selenium.WebDriverException: Failed to connect to binary FirefoxBinary(/Applications/Firefox.app/Contents/MacOS/firefox-bin) on port 7055; process output follows: 
32565	addons.xpi	DEBUG	Existing add-on {972ce4c6-7e08-4474-a285-3208198ce6fd} in app-global
1516836332565	addons.xpi	DEBUG	getInstallState changed: false, state: {}
1516836337334	DeferredSave.webext.sc.lz4	DEBUG	Starting write
1516836337336	DeferredSave.webext.sc.lz4	DEBUG	Write succeeded
2018-01-24 15:25:38.783 firefox-bin[43147:7554718] IMKInputSession [0x119eceee0 presentFunctionRowItemTextInputViewWithEndpoint:completionHandler:] : [self textInputContext]=0x11bb292e0 *NO* NSRemoteViewController to client, NSError=Error Domain=NSCocoaErrorDomain Code=4097 "connection from pid 0" UserInfo={NSDebugDescription=connection from pid 0}, com.apple.inputmethod.EmojiFunctionRowItem
2018-01-24 15:25:48.685 firefox-bin[43147:7554718] IMKInputSession [0x119eceee0 presentFunctionRowItemTextInputViewWithEndpoint:completionHandler:] : [self textInputContext]=0x11bb292e0 *NO* NSRemoteViewController to client, NSError=Error Domain=NSCocoaErrorDomain Code=4097 "connection from pid 0" UserInfo={NSDebugDescription=connection from pid 0}, com.apple.inputmethod.EmojiFunctionRowItem
2018-01-24 15:25:48.707 firefox-bin[43147:7554718] IMKInputSession [0x119eceee0 presentFunctionRowItemTextInputViewWithEndpoint:completionHandler:] : [self textInputContext]=0x11bb292e0 *NO* NSRemoteViewController to client, NSError=Error Domain=NSCocoaErrorDomain Code=4097 "connection from pid 0" UserInfo={NSDebugDescription=connection from pid 0}, com.apple.inputmethod.EmojiFunctionRowItem
2018-01-24 15:25:51.438 firefox-bin[43147:7554718] IMKInputSession [0x119eceee0 presentFunctionRowItemTextInputViewWithEndpoint:completionHandler:] : [self textInputContext]=0x11bb292e0 *NO* NSRemoteViewController to client, NSError=Error Domain=NSCocoaErrorDomain Code=4097 "connection from pid 0" UserInfo={NSDebugDescription=connection from pid 0}, com.apple.inputmethod.EmojiFunctionRowItem
2018-01-24 15:25:55.451 firefox-bin[43147:7554718] IMKInputSession [0x119eceee0 presentFunctionRowItemTextInputViewWithEndpoint:completionHandler:] : [self textInputContext]=0x11bb292e0 *NO* NSRemoteViewController to client, NSError=Error Domain=NSCocoaErrorDomain Code=4097 "connection from pid 0" UserInfo={NSDebugDescription=connection from pid 0}, com.apple.inputmethod.EmojiFunctionRowItem
1516836355473	addons.xpi	DEBUG	Calling bootstrap method shutdown on webcompat@mozilla.org version 1.1
1516836355474	addons.xpi	DEBUG	Calling bootstrap method shutdown on shield-recipe-client@mozilla.org version 76.1
1516836355478	addons.xpi	DEBUG	Calling bootstrap method shutdown on screenshots@mozilla.org version 19.2.0
1516836355486	addons.xpi	DEBUG	Calling bootstrap method shutdown on onboarding@mozilla.org version 1.0
1516836355487	addons.xpi	DEBUG	Calling bootstrap method shutdown on formautofill@mozilla.org version 1.0
1516836355487	addons.xpi	DEBUG	Calling bootstrap method shutdown on followonsearch@mozilla.com version 0.9.6
1516836355488	addons.xpi	DEBUG	Calling bootstrap method shutdown on firefox@getpocket.com version 1.0.5
1516836355488	addons.xpi	DEBUG	Calling bootstrap method shutdown on e10srollout@mozilla.org version 3.05
1516836355488	addons.xpi	DEBUG	Calling bootstrap method shutdown on aushelper@mozilla.org version 2.0
1516836355489	addons.xpi	DEBUG	Calling bootstrap method shutdown on activity-stream@mozilla.org version 2017.11.07.1100-7f4e3634
1516836355750	addons.manager	DEBUG	shutdown
1516836355751	addons.manager	DEBUG	Calling shutdown blocker for XPIProvider
1516836355751	addons.xpi	DEBUG	shutdown
1516836355751	addons.xpi-utils	DEBUG	shutdown
1516836355751	addons.manager	DEBUG	Calling shutdown blocker for LightweightThemeManager
1516836355751	addons.manager	DEBUG	Calling shutdown blocker for GMPProvider
1516836355751	addons.manager	DEBUG	Calling shutdown blocker for PluginProvider
1516836355751	addons.manager	DEBUG	Calling shutdown blocker for PreviousExperimentProvider
1516836355755	addons.manager	DEBUG	Async provider shutdown done
*** UTM:SVC TimerManager:registerTimer called after profile-before-change notification. Ignoring timer registration for id: telemetry_modules_ping

Build info: version: '2.52.0', revision: '4c2593cfc3689a7fcd7be52549167e5ccc93ad28', time: '2016-02-11 11:22:43'
System info: host: 'daper01mac1124', ip: '10.137.176.183', os.name: 'Mac OS X', os.arch: 'x86_64', os.version: '10.13.1', java.version: '1.8.0_121'
Driver info: driver.version: FirefoxDriver
	at org.openqa.selenium.firefox.internal.NewProfileExtensionConnection.start(NewProfileExtensionConnection.java:125) ~[selenium-firefox-driver-2.52.0.jar:?]
	at org.openqa.selenium.firefox.FirefoxDriver.startClient(FirefoxDriver.java:271) ~[selenium-firefox-driver-2.52.0.jar:?]
	at org.openqa.selenium.remote.RemoteWebDriver.<init>(RemoteWebDriver.java:119) ~[selenium-remote-driver-2.52.0.jar:?]
	at org.openqa.selenium.firefox.FirefoxDriver.<init>(FirefoxDriver.java:216) ~[selenium-firefox-driver-2.52.0.jar:?]
	at org.openqa.selenium.firefox.FirefoxDriver.<init>(FirefoxDriver.java:211) ~[selenium-firefox-driver-2.52.0.jar:?]
	at com.googlecode.jmeter.plugins.webdriver.config.FirefoxDriverConfig.createBrowser(FirefoxDriverConfig.java:100) ~[jmeter-plugins-webdriver-2.3.jar:?]
	at com.googlecode.jmeter.plugins.webdriver.config.FirefoxDriverConfig.createBrowser(FirefoxDriverConfig.java:21) ~[jmeter-plugins-webdriver-2.3.jar:?]
	at com.googlecode.jmeter.plugins.webdriver.config.WebDriverConfig.getPreparedBrowser(WebDriverConfig.java:233) ~[jmeter-plugins-webdriver-2.3.jar:?]
	at com.googlecode.jmeter.plugins.webdriver.config.WebDriverConfig.threadStarted(WebDriverConfig.java:220) ~[jmeter-plugins-webdriver-2.3.jar:?]
	at org.apache.jmeter.threads.JMeterThread$ThreadListenerTraverser.addNode(JMeterThread.java:683) ~[ApacheJMeter_core.jar:3.3 r1808647]
	at org.apache.jorphan.collections.HashTree.traverseInto(HashTree.java:996) ~[jorphan.jar:3.3 r1808647]
	at org.apache.jorphan.collections.HashTree.traverse(HashTree.java:978) ~[jorphan.jar:3.3 r1808647]
	at org.apache.jmeter.threads.JMeterThread.threadStarted(JMeterThread.java:652) ~[ApacheJMeter_core.jar:3.3 r1808647]
	at org.apache.jmeter.threads.JMeterThread.initRun(JMeterThread.java:640) ~[ApacheJMeter_core.jar:3.3 r1808647]
	at org.apache.jmeter.threads.JMeterThread.run(JMeterThread.java:251) [ApacheJMeter_core.jar:3.3 r1808647]
	at java.lang.Thread.run(Thread.java:745) [?:1.8.0_121]
Caused by: org.openqa.selenium.firefox.NotConnectedException: Unable to connect to host 127.0.0.1 on port 7055 after 45000 ms. Firefox console output:
32565	addons.xpi	DEBUG	Existing add-on {972ce4c6-7e08-4474-a285-3208198ce6fd} in app-global
1516836332565	addons.xpi	DEBUG	getInstallState changed: false, state: {}
1516836337334	DeferredSave.webext.sc.lz4	DEBUG	Starting write
1516836337336	DeferredSave.webext.sc.lz4	DEBUG	Write succeeded
2018-01-24 15:25:38.783 firefox-bin[43147:7554718] IMKInputSession [0x119eceee0 presentFunctionRowItemTextInputViewWithEndpoint:completionHandler:] : [self textInputContext]=0x11bb292e0 *NO* NSRemoteViewController to client, NSError=Error Domain=NSCocoaErrorDomain Code=4097 "connection from pid 0" UserInfo={NSDebugDescription=connection from pid 0}, com.apple.inputmethod.EmojiFunctionRowItem
2018-01-24 15:25:48.685 firefox-bin[43147:7554718] IMKInputSession [0x119eceee0 presentFunctionRowItemTextInputViewWithEndpoint:completionHandler:] : [self textInputContext]=0x11bb292e0 *NO* NSRemoteViewController to client, NSError=Error Domain=NSCocoaErrorDomain Code=4097 "connection from pid 0" UserInfo={NSDebugDescription=connection from pid 0}, com.apple.inputmethod.EmojiFunctionRowItem
2018-01-24 15:25:48.707 firefox-bin[43147:7554718] IMKInputSession [0x119eceee0 presentFunctionRowItemTextInputViewWithEndpoint:completionHandler:] : [self textInputContext]=0x11bb292e0 *NO* NSRemoteViewController to client, NSError=Error Domain=NSCocoaErrorDomain Code=4097 "connection from pid 0" UserInfo={NSDebugDescription=connection from pid 0}, com.apple.inputmethod.EmojiFunctionRowItem
2018-01-24 15:25:51.438 firefox-bin[43147:7554718] IMKInputSession [0x119eceee0 presentFunctionRowItemTextInputViewWithEndpoint:completionHandler:] : [self textInputContext]=0x11bb292e0 *NO* NSRemoteViewController to client, NSError=Error Domain=NSCocoaErrorDomain Code=4097 "connection from pid 0" UserInfo={NSDebugDescription=connection from pid 0}, com.apple.inputmethod.EmojiFunctionRowItem
2018-01-24 15:25:55.451 firefox-bin[43147:7554718] IMKInputSession [0x119eceee0 presentFunctionRowItemTextInputViewWithEndpoint:completionHandler:] : [self textInputContext]=0x11bb292e0 *NO* NSRemoteViewController to client, NSError=Error Domain=NSCocoaErrorDomain Code=4097 "connection from pid 0" UserInfo={NSDebugDescription=connection from pid 0}, com.apple.inputmethod.EmojiFunctionRowItem
1516836355473	addons.xpi	DEBUG	Calling bootstrap method shutdown on webcompat@mozilla.org version 1.1
1516836355474	addons.xpi	DEBUG	Calling bootstrap method shutdown on shield-recipe-client@mozilla.org version 76.1
1516836355478	addons.xpi	DEBUG	Calling bootstrap method shutdown on screenshots@mozilla.org version 19.2.0
1516836355486	addons.xpi	DEBUG	Calling bootstrap method shutdown on onboarding@mozilla.org version 1.0
1516836355487	addons.xpi	DEBUG	Calling bootstrap method shutdown on formautofill@mozilla.org version 1.0
1516836355487	addons.xpi	DEBUG	Calling bootstrap method shutdown on followonsearch@mozilla.com version 0.9.6
1516836355488	addons.xpi	DEBUG	Calling bootstrap method shutdown on firefox@getpocket.com version 1.0.5
1516836355488	addons.xpi	DEBUG	Calling bootstrap method shutdown on e10srollout@mozilla.org version 3.05
1516836355488	addons.xpi	DEBUG	Calling bootstrap method shutdown on aushelper@mozilla.org version 2.0
1516836355489	addons.xpi	DEBUG	Calling bootstrap method shutdown on activity-stream@mozilla.org version 2017.11.07.1100-7f4e3634
1516836355750	addons.manager	DEBUG	shutdown
1516836355751	addons.manager	DEBUG	Calling shutdown blocker for XPIProvider
1516836355751	addons.xpi	DEBUG	shutdown
1516836355751	addons.xpi-utils	DEBUG	shutdown
1516836355751	addons.manager	DEBUG	Calling shutdown blocker for LightweightThemeManager
1516836355751	addons.manager	DEBUG	Calling shutdown blocker for GMPProvider
1516836355751	addons.manager	DEBUG	Calling shutdown blocker for PluginProvider
1516836355751	addons.manager	DEBUG	Calling shutdown blocker for PreviousExperimentProvider
1516836355755	addons.manager	DEBUG	Async provider shutdown done
*** UTM:SVC TimerManager:registerTimer called after profile-before-change notification. Ignoring timer registration for id: telemetry_modules_ping

	at org.openqa.selenium.firefox.internal.NewProfileExtensionConnection.start(NewProfileExtensionConnection.java:113) ~[selenium-firefox-driver-2.52.0.jar:?]
	... 15 more
2018-01-24 15:26:14,378 INFO o.a.j.t.JMeterThread: Thread finished: Login to homepage (Firefox) 1-1
2018-01-24 15:26:14,378 INFO o.a.j.e.StandardJMeterEngine: Notifying test listeners of end of test
2018-01-24 15:26:14,379 INFO o.a.j.g.u.JMeterMenuBar: setRunning(false, *local*)
2018-01-24 15:28:16,428 INFO o.a.j.e.StandardJMeterEngine: Running the test!
2018-01-24 15:28:16,430 INFO o.a.j.s.SampleEvent: List of sample_variables: []
2018-01-24 15:28:16,441 INFO o.a.j.g.u.JMeterMenuBar: setRunning(true, *local*)
2018-01-24 15:28:16,610 INFO o.a.j.e.StandardJMeterEngine: Starting ThreadGroup: 1 : Login to homepage (Firefox)
2018-01-24 15:28:16,610 INFO o.a.j.e.StandardJMeterEngine: Starting 1 threads for group Login to homepage (Firefox).
2018-01-24 15:28:16,610 INFO o.a.j.e.StandardJMeterEngine: Thread will continue on error
2018-01-24 15:28:16,610 INFO o.a.j.t.ThreadGroup: Starting thread group... number=1 threads=1 ramp-up=1 perThread=1000.0 delayedStart=false
2018-01-24 15:28:16,612 INFO o.a.j.t.ThreadGroup: Started thread group number 1
2018-01-24 15:28:16,612 INFO o.a.j.e.StandardJMeterEngine: All thread groups have been started
2018-01-24 15:28:16,613 INFO o.a.j.t.JMeterThread: Thread started: Login to homepage (Firefox) 1-1
2018-01-24 15:28:25,248 INFO o.a.j.s.FileServer: Stored: login_values.csv
2018-01-24 15:28:25,559 INFO c.g.j.p.w.s.WebDriverSampler: Reading Script
2018-01-24 15:28:25,576 INFO c.g.j.p.w.s.WebDriverSampler: Imported Class
2018-01-24 15:28:25,586 INFO c.g.j.p.w.s.WebDriverSampler: Imported WebDriver Wait
2018-01-24 15:28:25,595 INFO c.g.j.p.w.s.WebDriverSampler: Imported WebDriver Conditions
2018-01-24 15:28:25,668 INFO c.g.j.p.w.s.WebDriverSampler: Sample started
2018-01-24 15:28:28,714 INFO c.g.j.p.w.s.WebDriverSampler: Sample ended - navigated to https://qa.blockchainmarkets.com/#/
2018-01-24 15:28:28,715 INFO c.g.j.p.w.s.WebDriverSampler: Looking for username field
2018-01-24 15:28:29,004 INFO c.g.j.p.w.s.WebDriverSampler: Looking for password field
2018-01-24 15:28:29,284 INFO c.g.j.p.w.s.WebDriverSampler: Logging in
2018-01-24 15:28:29,438 ERROR c.g.j.p.w.s.WebDriverSampler: TypeError: pkg.By.css is not a function in <eval> at line number 45
2018-01-24 15:28:29,439 INFO o.a.j.t.JMeterThread: Thread is done: Login to homepage (Firefox) 1-1
2018-01-24 15:28:29,439 INFO o.a.j.t.JMeterThread: Thread finished: Login to homepage (Firefox) 1-1
2018-01-24 15:28:29,880 INFO o.a.j.e.StandardJMeterEngine: Notifying test listeners of end of test
2018-01-24 15:28:29,880 INFO o.a.j.s.FileServer: Close: login_values.csv
2018-01-24 15:28:29,881 INFO o.a.j.g.u.JMeterMenuBar: setRunning(false, *local*)
2018-01-24 15:29:29,088 INFO o.a.j.e.StandardJMeterEngine: Running the test!
2018-01-24 15:29:29,089 INFO o.a.j.s.SampleEvent: List of sample_variables: []
2018-01-24 15:29:29,092 INFO o.a.j.g.u.JMeterMenuBar: setRunning(true, *local*)
2018-01-24 15:29:29,367 INFO o.a.j.e.StandardJMeterEngine: Starting ThreadGroup: 1 : Login to homepage (Firefox)
2018-01-24 15:29:29,367 INFO o.a.j.e.StandardJMeterEngine: Starting 1 threads for group Login to homepage (Firefox).
2018-01-24 15:29:29,367 INFO o.a.j.e.StandardJMeterEngine: Thread will continue on error
2018-01-24 15:29:29,367 INFO o.a.j.t.ThreadGroup: Starting thread group... number=1 threads=1 ramp-up=1 perThread=1000.0 delayedStart=false
2018-01-24 15:29:29,374 INFO o.a.j.t.ThreadGroup: Started thread group number 1
2018-01-24 15:29:29,374 INFO o.a.j.e.StandardJMeterEngine: All thread groups have been started
2018-01-24 15:29:29,375 INFO o.a.j.t.JMeterThread: Thread started: Login to homepage (Firefox) 1-1
2018-01-24 15:29:36,236 INFO o.a.j.s.FileServer: Stored: login_values.csv
2018-01-24 15:29:36,268 INFO c.g.j.p.w.s.WebDriverSampler: Reading Script
2018-01-24 15:29:36,271 INFO c.g.j.p.w.s.WebDriverSampler: Imported Class
2018-01-24 15:29:36,273 INFO c.g.j.p.w.s.WebDriverSampler: Imported WebDriver Wait
2018-01-24 15:29:36,276 INFO c.g.j.p.w.s.WebDriverSampler: Imported WebDriver Conditions
2018-01-24 15:29:36,282 INFO c.g.j.p.w.s.WebDriverSampler: Sample started
2018-01-24 15:29:38,333 INFO c.g.j.p.w.s.WebDriverSampler: Sample ended - navigated to https://qa.blockchainmarkets.com/#/
2018-01-24 15:29:38,334 INFO c.g.j.p.w.s.WebDriverSampler: Looking for username field
2018-01-24 15:29:38,605 INFO c.g.j.p.w.s.WebDriverSampler: Looking for password field
2018-01-24 15:29:38,772 INFO c.g.j.p.w.s.WebDriverSampler: Logging in
2018-01-24 15:29:41,414 INFO c.g.j.p.w.s.WebDriverSampler: Successful Login
2018-01-24 15:29:42,855 INFO o.a.j.t.JMeterThread: Thread is done: Login to homepage (Firefox) 1-1
2018-01-24 15:29:42,855 INFO o.a.j.t.JMeterThread: Thread finished: Login to homepage (Firefox) 1-1
2018-01-24 15:29:43,341 INFO o.a.j.e.StandardJMeterEngine: Notifying test listeners of end of test
2018-01-24 15:29:43,341 INFO o.a.j.s.FileServer: Close: login_values.csv
2018-01-24 15:29:43,341 INFO o.a.j.g.u.JMeterMenuBar: setRunning(false, *local*)
2018-01-24 15:31:51,091 INFO o.a.j.e.StandardJMeterEngine: Running the test!
2018-01-24 15:31:51,091 INFO o.a.j.s.SampleEvent: List of sample_variables: []
2018-01-24 15:31:51,097 INFO o.a.j.g.u.JMeterMenuBar: setRunning(true, *local*)
2018-01-24 15:31:51,279 INFO o.a.j.e.StandardJMeterEngine: Starting ThreadGroup: 1 : Login to homepage (Firefox)
2018-01-24 15:31:51,279 INFO o.a.j.e.StandardJMeterEngine: Starting 1 threads for group Login to homepage (Firefox).
2018-01-24 15:31:51,280 INFO o.a.j.e.StandardJMeterEngine: Thread will continue on error
2018-01-24 15:31:51,280 INFO o.a.j.t.ThreadGroup: Starting thread group... number=1 threads=1 ramp-up=1 perThread=1000.0 delayedStart=false
2018-01-24 15:31:51,284 INFO o.a.j.t.ThreadGroup: Started thread group number 1
2018-01-24 15:31:51,285 INFO o.a.j.e.StandardJMeterEngine: All thread groups have been started
2018-01-24 15:31:51,298 INFO o.a.j.t.JMeterThread: Thread started: Login to homepage (Firefox) 1-1
2018-01-24 15:31:58,191 INFO o.a.j.s.FileServer: Stored: login_values.csv
2018-01-24 15:31:58,227 INFO c.g.j.p.w.s.WebDriverSampler: Sample started
2018-01-24 15:31:59,975 INFO c.g.j.p.w.s.WebDriverSampler: Sample ended - navigated to https://qa.blockchainmarkets.com/#/
2018-01-24 15:31:59,975 INFO c.g.j.p.w.s.WebDriverSampler: Looking for username field
2018-01-24 15:32:00,221 INFO c.g.j.p.w.s.WebDriverSampler: Looking for password field
2018-01-24 15:32:00,391 INFO c.g.j.p.w.s.WebDriverSampler: Logging in
2018-01-24 15:32:03,108 INFO c.g.j.p.w.s.WebDriverSampler: Successful Login
2018-01-24 15:32:04,420 INFO o.a.j.t.JMeterThread: Thread is done: Login to homepage (Firefox) 1-1
2018-01-24 15:32:04,420 INFO o.a.j.t.JMeterThread: Thread finished: Login to homepage (Firefox) 1-1
2018-01-24 15:32:04,778 INFO o.a.j.e.StandardJMeterEngine: Notifying test listeners of end of test
2018-01-24 15:32:04,778 INFO o.a.j.s.FileServer: Close: login_values.csv
2018-01-24 15:32:04,778 INFO o.a.j.g.u.JMeterMenuBar: setRunning(false, *local*)
2018-01-24 15:32:28,674 INFO o.a.j.g.a.Load: Loading file: /Users/daper01/Documents/poc/blockchain_markets/test-plans/bcm_load_test_http.jmx
2018-01-24 15:32:28,674 INFO o.a.j.s.FileServer: Set new base='/Users/daper01/Documents/poc/blockchain_markets/test-plans'
2018-01-24 15:32:28,674 INFO o.a.j.s.SaveService: Loading file: /Users/daper01/Documents/poc/blockchain_markets/test-plans/bcm_load_test_http.jmx
2018-01-24 15:32:28,719 INFO o.a.j.p.h.c.CacheManager: Will only cache the following methods: [GET]
2018-01-24 15:32:28,973 INFO o.a.j.s.FileServer: Set new base='/Users/daper01/Documents/poc/blockchain_markets/test-plans'
2018-01-24 15:32:39,636 INFO o.a.j.e.StandardJMeterEngine: Running the test!
2018-01-24 15:32:39,637 INFO o.a.j.s.SampleEvent: List of sample_variables: []
2018-01-24 15:32:39,647 INFO o.a.j.g.u.JMeterMenuBar: setRunning(true, *local*)
2018-01-24 15:32:39,937 INFO o.a.j.e.StandardJMeterEngine: Starting ThreadGroup: 1 : Users that only login
2018-01-24 15:32:39,937 INFO o.a.j.e.StandardJMeterEngine: Starting 1 threads for group Users that only login.
2018-01-24 15:32:39,937 INFO o.a.j.e.StandardJMeterEngine: Thread will continue on error
2018-01-24 15:32:39,937 INFO o.a.j.t.ThreadGroup: Starting thread group... number=1 threads=1 ramp-up=1 perThread=1000.0 delayedStart=false
2018-01-24 15:32:39,939 INFO o.a.j.t.ThreadGroup: Started thread group number 1
2018-01-24 15:32:39,939 INFO o.a.j.e.StandardJMeterEngine: All thread groups have been started
2018-01-24 15:32:39,942 INFO o.a.j.t.JMeterThread: Thread started: Users that only login 1-1
2018-01-24 15:32:39,943 INFO o.a.j.s.FileServer: Stored: login_values_perf.csv
2018-01-24 15:32:39,964 INFO o.a.j.p.h.s.HTTPHCAbstractImpl: Local host = daper01mac1124
2018-01-24 15:32:39,974 INFO o.a.j.p.h.s.HTTPHC4Impl: HTTP request retry count = 0
2018-01-24 15:32:40,015 INFO o.a.j.p.h.s.LazySchemeSocketFactory: Setting up HTTPS TrustAll Socket Factory
2018-01-24 15:32:40,019 INFO o.a.j.u.JsseSSLManager: Using default SSL protocol: TLS
2018-01-24 15:32:40,019 INFO o.a.j.u.JsseSSLManager: SSL session context: per-thread
2018-01-24 15:32:40,035 INFO o.a.j.u.SSLManager: JmeterKeyStore Location:  type JKS
2018-01-24 15:32:40,036 INFO o.a.j.u.SSLManager: KeyStore created OK
2018-01-24 15:32:40,036 WARN o.a.j.u.SSLManager: Keystore file not found, loading empty keystore
2018-01-24 15:32:40,413 INFO o.a.j.p.h.p.BaseParser: Created org.apache.jmeter.protocol.http.parser.LagartoBasedHtmlParser
2018-01-24 15:32:40,453 INFO o.a.j.p.h.s.ResourcesDownloader: Creating ResourcesDownloader with keepalive_inseconds : 60
2018-01-24 15:32:40,762 INFO o.a.j.p.h.p.BaseParser: Created org.apache.jmeter.protocol.http.parser.CssParser
2018-01-24 15:33:41,087 INFO o.a.j.t.JMeterThread: Thread is done: Users that only login 1-1
2018-01-24 15:33:41,087 INFO o.a.j.t.JMeterThread: Thread finished: Users that only login 1-1
2018-01-24 15:33:41,089 INFO o.a.j.e.StandardJMeterEngine: Notifying test listeners of end of test
2018-01-24 15:33:41,089 INFO o.a.j.s.FileServer: Close: login_values_perf.csv
2018-01-24 15:33:41,091 INFO o.a.j.g.u.JMeterMenuBar: setRunning(false, *local*)
2018-01-24 16:54:39,991 INFO o.a.j.s.FileServer: Set new base='/Users/daper01/Documents/bs'
2018-01-24 16:54:41,687 INFO o.a.j.e.StandardJMeterEngine: Running the test!
2018-01-24 16:54:41,688 INFO o.a.j.s.SampleEvent: List of sample_variables: []
2018-01-24 16:54:41,693 INFO o.a.j.g.u.JMeterMenuBar: setRunning(true, *local*)
2018-01-24 16:54:42,110 INFO o.a.j.e.StandardJMeterEngine: Starting ThreadGroup: 1 : Thread Group
2018-01-24 16:54:42,110 INFO o.a.j.e.StandardJMeterEngine: Starting 1 threads for group Thread Group.
2018-01-24 16:54:42,110 INFO o.a.j.e.StandardJMeterEngine: Thread will continue on error
2018-01-24 16:54:42,111 INFO o.a.j.t.ThreadGroup: Starting thread group... number=1 threads=1 ramp-up=1 perThread=1000.0 delayedStart=false
2018-01-24 16:54:42,132 INFO o.a.j.t.ThreadGroup: Started thread group number 1
2018-01-24 16:54:42,132 INFO o.a.j.e.StandardJMeterEngine: All thread groups have been started
2018-01-24 16:54:42,132 INFO o.a.j.t.JMeterThread: Thread started: Thread Group 1-1
2018-01-24 16:54:42,721 INFO o.a.j.u.BeanShellTestElement: GET http://www.blazedemo.com/

GET data:


[no cookies]

2018-01-24 16:54:42,723 INFO o.a.j.t.JMeterThread: Thread is done: Thread Group 1-1
2018-01-24 16:54:42,723 INFO o.a.j.t.JMeterThread: Thread finished: Thread Group 1-1
2018-01-24 16:54:42,724 INFO o.a.j.e.StandardJMeterEngine: Notifying test listeners of end of test
2018-01-24 16:54:42,725 INFO o.a.j.g.u.JMeterMenuBar: setRunning(false, *local*)
2018-01-24 16:55:35,558 INFO o.a.j.e.StandardJMeterEngine: Running the test!
2018-01-24 16:55:35,560 INFO o.a.j.s.SampleEvent: List of sample_variables: []
2018-01-24 16:55:35,561 INFO o.a.j.g.u.JMeterMenuBar: setRunning(true, *local*)
2018-01-24 16:55:35,759 INFO o.a.j.e.StandardJMeterEngine: Starting ThreadGroup: 1 : Thread Group
2018-01-24 16:55:35,759 INFO o.a.j.e.StandardJMeterEngine: Starting 1 threads for group Thread Group.
2018-01-24 16:55:35,760 INFO o.a.j.e.StandardJMeterEngine: Thread will continue on error
2018-01-24 16:55:35,760 INFO o.a.j.t.ThreadGroup: Starting thread group... number=1 threads=1 ramp-up=1 perThread=1000.0 delayedStart=false
2018-01-24 16:55:35,778 INFO o.a.j.t.ThreadGroup: Started thread group number 1
2018-01-24 16:55:35,779 INFO o.a.j.e.StandardJMeterEngine: All thread groups have been started
2018-01-24 16:55:35,784 INFO o.a.j.t.JMeterThread: Thread started: Thread Group 1-1
2018-01-24 16:55:36,630 INFO o.a.j.u.BeanShellTestElement: GET http://www.blazedemo.com/reserve.php

GET data:


[no cookies]

2018-01-24 16:55:36,630 INFO o.a.j.t.JMeterThread: Thread is done: Thread Group 1-1
2018-01-24 16:55:36,630 INFO o.a.j.t.JMeterThread: Thread finished: Thread Group 1-1
2018-01-24 16:55:36,630 INFO o.a.j.e.StandardJMeterEngine: Notifying test listeners of end of test
2018-01-24 16:55:36,631 INFO o.a.j.g.u.JMeterMenuBar: setRunning(false, *local*)
2018-01-24 16:57:01,100 INFO o.a.j.e.StandardJMeterEngine: Running the test!
2018-01-24 16:57:01,103 INFO o.a.j.s.SampleEvent: List of sample_variables: []
2018-01-24 16:57:01,105 INFO o.a.j.g.u.JMeterMenuBar: setRunning(true, *local*)
2018-01-24 16:57:01,280 INFO o.a.j.e.StandardJMeterEngine: Starting ThreadGroup: 1 : Thread Group
2018-01-24 16:57:01,280 INFO o.a.j.e.StandardJMeterEngine: Starting 1 threads for group Thread Group.
2018-01-24 16:57:01,281 INFO o.a.j.e.StandardJMeterEngine: Thread will continue on error
2018-01-24 16:57:01,281 INFO o.a.j.t.ThreadGroup: Starting thread group... number=1 threads=1 ramp-up=1 perThread=1000.0 delayedStart=false
2018-01-24 16:57:01,297 INFO o.a.j.t.ThreadGroup: Started thread group number 1
2018-01-24 16:57:01,297 INFO o.a.j.e.StandardJMeterEngine: All thread groups have been started
2018-01-24 16:57:01,298 INFO o.a.j.t.JMeterThread: Thread started: Thread Group 1-1
2018-01-24 16:57:02,136 INFO o.a.j.u.BeanShellTestElement: GET http://www.blazedemo.com/reserve.php

GET data:


[no cookies]

2018-01-24 16:57:02,136 INFO o.a.j.t.JMeterThread: Thread is done: Thread Group 1-1
2018-01-24 16:57:02,136 INFO o.a.j.t.JMeterThread: Thread finished: Thread Group 1-1
2018-01-24 16:57:02,136 INFO o.a.j.e.StandardJMeterEngine: Notifying test listeners of end of test
2018-01-24 16:57:02,137 INFO o.a.j.g.u.JMeterMenuBar: setRunning(false, *local*)
2018-01-24 16:57:21,909 INFO o.a.j.e.StandardJMeterEngine: Running the test!
2018-01-24 16:57:21,912 INFO o.a.j.s.SampleEvent: List of sample_variables: []
2018-01-24 16:57:21,914 INFO o.a.j.g.u.JMeterMenuBar: setRunning(true, *local*)
2018-01-24 16:57:22,093 INFO o.a.j.e.StandardJMeterEngine: Starting ThreadGroup: 1 : Thread Group
2018-01-24 16:57:22,094 INFO o.a.j.e.StandardJMeterEngine: Starting 1 threads for group Thread Group.
2018-01-24 16:57:22,094 INFO o.a.j.e.StandardJMeterEngine: Thread will continue on error
2018-01-24 16:57:22,094 INFO o.a.j.t.ThreadGroup: Starting thread group... number=1 threads=1 ramp-up=1 perThread=1000.0 delayedStart=false
2018-01-24 16:57:22,111 INFO o.a.j.t.ThreadGroup: Started thread group number 1
2018-01-24 16:57:22,112 INFO o.a.j.e.StandardJMeterEngine: All thread groups have been started
2018-01-24 16:57:22,115 INFO o.a.j.t.JMeterThread: Thread started: Thread Group 1-1
2018-01-24 16:57:22,491 INFO o.a.j.u.BeanShellTestElement: POST http://www.blazedemo.com/reserve.php

POST data:
fromPort=Paris&toPort=Something

[no cookies]

2018-01-24 16:57:22,492 INFO o.a.j.t.JMeterThread: Thread is done: Thread Group 1-1
2018-01-24 16:57:22,492 INFO o.a.j.t.JMeterThread: Thread finished: Thread Group 1-1
2018-01-24 16:57:22,492 INFO o.a.j.e.StandardJMeterEngine: Notifying test listeners of end of test
2018-01-24 16:57:22,493 INFO o.a.j.g.u.JMeterMenuBar: setRunning(false, *local*)
2018-01-24 16:57:44,478 INFO o.a.j.e.StandardJMeterEngine: Running the test!
2018-01-24 16:57:44,478 INFO o.a.j.s.SampleEvent: List of sample_variables: []
2018-01-24 16:57:44,479 INFO o.a.j.g.u.JMeterMenuBar: setRunning(true, *local*)
2018-01-24 16:57:44,603 INFO o.a.j.e.StandardJMeterEngine: Starting ThreadGroup: 1 : Thread Group
2018-01-24 16:57:44,603 INFO o.a.j.e.StandardJMeterEngine: Starting 1 threads for group Thread Group.
2018-01-24 16:57:44,604 INFO o.a.j.e.StandardJMeterEngine: Thread will continue on error
2018-01-24 16:57:44,604 INFO o.a.j.t.ThreadGroup: Starting thread group... number=1 threads=1 ramp-up=1 perThread=1000.0 delayedStart=false
2018-01-24 16:57:44,621 INFO o.a.j.t.ThreadGroup: Started thread group number 1
2018-01-24 16:57:44,621 INFO o.a.j.e.StandardJMeterEngine: All thread groups have been started
2018-01-24 16:57:44,622 INFO o.a.j.t.JMeterThread: Thread started: Thread Group 1-1
2018-01-24 16:57:45,024 INFO o.a.j.u.BeanShellTestElement: /nPOST http://www.blazedemo.com/reserve.php

POST data:
fromPort=Paris&toPort=Something

[no cookies]

2018-01-24 16:57:45,024 INFO o.a.j.t.JMeterThread: Thread is done: Thread Group 1-1
2018-01-24 16:57:45,024 INFO o.a.j.t.JMeterThread: Thread finished: Thread Group 1-1
2018-01-24 16:57:45,025 INFO o.a.j.e.StandardJMeterEngine: Notifying test listeners of end of test
2018-01-24 16:57:45,025 INFO o.a.j.g.u.JMeterMenuBar: setRunning(false, *local*)
2018-01-24 16:57:50,690 INFO o.a.j.e.StandardJMeterEngine: Running the test!
2018-01-24 16:57:50,691 INFO o.a.j.s.SampleEvent: List of sample_variables: []
2018-01-24 16:57:50,691 INFO o.a.j.g.u.JMeterMenuBar: setRunning(true, *local*)
2018-01-24 16:57:50,811 INFO o.a.j.e.StandardJMeterEngine: Starting ThreadGroup: 1 : Thread Group
2018-01-24 16:57:50,811 INFO o.a.j.e.StandardJMeterEngine: Starting 1 threads for group Thread Group.
2018-01-24 16:57:50,811 INFO o.a.j.e.StandardJMeterEngine: Thread will continue on error
2018-01-24 16:57:50,811 INFO o.a.j.t.ThreadGroup: Starting thread group... number=1 threads=1 ramp-up=1 perThread=1000.0 delayedStart=false
2018-01-24 16:57:50,838 INFO o.a.j.t.ThreadGroup: Started thread group number 1
2018-01-24 16:57:50,839 INFO o.a.j.e.StandardJMeterEngine: All thread groups have been started
2018-01-24 16:57:50,840 INFO o.a.j.t.JMeterThread: Thread started: Thread Group 1-1
2018-01-24 16:57:51,258 INFO o.a.j.u.BeanShellTestElement: 
POST http://www.blazedemo.com/reserve.php

POST data:
fromPort=Paris&toPort=Something

[no cookies]

2018-01-24 16:57:51,258 INFO o.a.j.t.JMeterThread: Thread is done: Thread Group 1-1
2018-01-24 16:57:51,258 INFO o.a.j.t.JMeterThread: Thread finished: Thread Group 1-1
2018-01-24 16:57:51,259 INFO o.a.j.e.StandardJMeterEngine: Notifying test listeners of end of test
2018-01-24 16:57:51,260 INFO o.a.j.g.u.JMeterMenuBar: setRunning(false, *local*)
2018-01-24 16:57:58,971 INFO o.a.j.e.StandardJMeterEngine: Running the test!
2018-01-24 16:57:58,972 INFO o.a.j.s.SampleEvent: List of sample_variables: []
2018-01-24 16:57:58,972 INFO o.a.j.g.u.JMeterMenuBar: setRunning(true, *local*)
2018-01-24 16:57:59,092 INFO o.a.j.e.StandardJMeterEngine: Starting ThreadGroup: 1 : Thread Group
2018-01-24 16:57:59,093 INFO o.a.j.e.StandardJMeterEngine: Starting 1 threads for group Thread Group.
2018-01-24 16:57:59,093 INFO o.a.j.e.StandardJMeterEngine: Thread will continue on error
2018-01-24 16:57:59,094 INFO o.a.j.t.ThreadGroup: Starting thread group... number=1 threads=1 ramp-up=1 perThread=1000.0 delayedStart=false
2018-01-24 16:57:59,136 INFO o.a.j.t.ThreadGroup: Started thread group number 1
2018-01-24 16:57:59,137 INFO o.a.j.e.StandardJMeterEngine: All thread groups have been started
2018-01-24 16:57:59,137 INFO o.a.j.t.JMeterThread: Thread started: Thread Group 1-1
2018-01-24 16:57:59,581 INFO o.a.j.u.BeanShellTestElement: 

POST http://www.blazedemo.com/reserve.php

POST data:
fromPort=Paris&toPort=Something

[no cookies]

2018-01-24 16:57:59,581 INFO o.a.j.t.JMeterThread: Thread is done: Thread Group 1-1
2018-01-24 16:57:59,581 INFO o.a.j.t.JMeterThread: Thread finished: Thread Group 1-1
2018-01-24 16:57:59,582 INFO o.a.j.e.StandardJMeterEngine: Notifying test listeners of end of test
2018-01-24 16:57:59,582 INFO o.a.j.g.u.JMeterMenuBar: setRunning(false, *local*)
2018-01-24 16:59:09,408 INFO o.a.j.e.StandardJMeterEngine: Running the test!
2018-01-24 16:59:09,409 INFO o.a.j.s.SampleEvent: List of sample_variables: []
2018-01-24 16:59:09,409 INFO o.a.j.g.u.JMeterMenuBar: setRunning(true, *local*)
2018-01-24 16:59:09,555 INFO o.a.j.e.StandardJMeterEngine: Starting ThreadGroup: 1 : Thread Group
2018-01-24 16:59:09,556 INFO o.a.j.e.StandardJMeterEngine: Starting 1 threads for group Thread Group.
2018-01-24 16:59:09,556 INFO o.a.j.e.StandardJMeterEngine: Thread will continue on error
2018-01-24 16:59:09,557 INFO o.a.j.t.ThreadGroup: Starting thread group... number=1 threads=1 ramp-up=1 perThread=1000.0 delayedStart=false
2018-01-24 16:59:09,580 INFO o.a.j.t.ThreadGroup: Started thread group number 1
2018-01-24 16:59:09,580 INFO o.a.j.e.StandardJMeterEngine: All thread groups have been started
2018-01-24 16:59:09,580 INFO o.a.j.t.JMeterThread: Thread started: Thread Group 1-1
2018-01-24 16:59:10,027 ERROR o.a.j.u.BeanShellInterpreter: Error invoking bsh method: eval	In file: inline evaluation of: ``log.info("\n\n" + prev.getSamplerData() + "\n\n" + );'' Encountered "( \"\\n\\n\" + prev . getSamplerData ( ) + \"\\n\\n\" + )" at line 1, column 9.

2018-01-24 16:59:10,028 WARN o.a.j.e.BeanShellPostProcessor: Problem in BeanShell script: org.apache.jorphan.util.JMeterException: Error invoking bsh method: eval	In file: inline evaluation of: ``log.info("\n\n" + prev.getSamplerData() + "\n\n" + );'' Encountered "( \"\\n\\n\" + prev . getSamplerData ( ) + \"\\n\\n\" + )" at line 1, column 9.

2018-01-24 16:59:10,028 INFO o.a.j.t.JMeterThread: Thread is done: Thread Group 1-1
2018-01-24 16:59:10,028 INFO o.a.j.t.JMeterThread: Thread finished: Thread Group 1-1
2018-01-24 16:59:10,028 INFO o.a.j.e.StandardJMeterEngine: Notifying test listeners of end of test
2018-01-24 16:59:10,028 INFO o.a.j.g.u.JMeterMenuBar: setRunning(false, *local*)
2018-01-24 16:59:20,095 INFO o.a.j.e.StandardJMeterEngine: Running the test!
2018-01-24 16:59:20,095 INFO o.a.j.s.SampleEvent: List of sample_variables: []
2018-01-24 16:59:20,096 INFO o.a.j.g.u.JMeterMenuBar: setRunning(true, *local*)
2018-01-24 16:59:20,286 INFO o.a.j.e.StandardJMeterEngine: Starting ThreadGroup: 1 : Thread Group
2018-01-24 16:59:20,286 INFO o.a.j.e.StandardJMeterEngine: Starting 1 threads for group Thread Group.
2018-01-24 16:59:20,287 INFO o.a.j.e.StandardJMeterEngine: Thread will continue on error
2018-01-24 16:59:20,287 INFO o.a.j.t.ThreadGroup: Starting thread group... number=1 threads=1 ramp-up=1 perThread=1000.0 delayedStart=false
2018-01-24 16:59:20,306 INFO o.a.j.t.ThreadGroup: Started thread group number 1
2018-01-24 16:59:20,307 INFO o.a.j.e.StandardJMeterEngine: All thread groups have been started
2018-01-24 16:59:20,307 INFO o.a.j.t.JMeterThread: Thread started: Thread Group 1-1
2018-01-24 16:59:20,682 INFO o.a.j.u.BeanShellTestElement: 

POST http://www.blazedemo.com/reserve.php

POST data:
fromPort=Paris&toPort=Something

[no cookies]



2018-01-24 16:59:20,683 INFO o.a.j.t.JMeterThread: Thread is done: Thread Group 1-1
2018-01-24 16:59:20,683 INFO o.a.j.t.JMeterThread: Thread finished: Thread Group 1-1
2018-01-24 16:59:20,683 INFO o.a.j.e.StandardJMeterEngine: Notifying test listeners of end of test
2018-01-24 16:59:20,683 INFO o.a.j.g.u.JMeterMenuBar: setRunning(false, *local*)
2018-01-24 17:01:53,469 INFO o.a.j.e.StandardJMeterEngine: Running the test!
2018-01-24 17:01:53,472 INFO o.a.j.s.SampleEvent: List of sample_variables: []
2018-01-24 17:01:53,473 INFO o.a.j.g.u.JMeterMenuBar: setRunning(true, *local*)
2018-01-24 17:01:53,646 INFO o.a.j.e.StandardJMeterEngine: Starting ThreadGroup: 1 : Thread Group
2018-01-24 17:01:53,646 INFO o.a.j.e.StandardJMeterEngine: Starting 1 threads for group Thread Group.
2018-01-24 17:01:53,646 INFO o.a.j.e.StandardJMeterEngine: Thread will continue on error
2018-01-24 17:01:53,646 INFO o.a.j.t.ThreadGroup: Starting thread group... number=1 threads=1 ramp-up=1 perThread=1000.0 delayedStart=false
2018-01-24 17:01:53,666 INFO o.a.j.t.ThreadGroup: Started thread group number 1
2018-01-24 17:01:53,667 INFO o.a.j.e.StandardJMeterEngine: All thread groups have been started
2018-01-24 17:01:53,667 INFO o.a.j.t.JMeterThread: Thread started: Thread Group 1-1
2018-01-24 17:01:54,366 INFO o.a.j.t.JMeterThread: Thread is done: Thread Group 1-1
2018-01-24 17:01:54,366 INFO o.a.j.t.JMeterThread: Thread finished: Thread Group 1-1
2018-01-24 17:01:54,366 INFO o.a.j.e.StandardJMeterEngine: Notifying test listeners of end of test
2018-01-24 17:01:54,366 INFO o.a.j.g.u.JMeterMenuBar: setRunning(false, *local*)
2018-01-24 17:02:15,627 INFO o.a.j.e.StandardJMeterEngine: Running the test!
2018-01-24 17:02:15,628 INFO o.a.j.s.SampleEvent: List of sample_variables: []
2018-01-24 17:02:15,628 INFO o.a.j.g.u.JMeterMenuBar: setRunning(true, *local*)
2018-01-24 17:02:15,763 INFO o.a.j.e.StandardJMeterEngine: Starting ThreadGroup: 1 : Thread Group
2018-01-24 17:02:15,764 INFO o.a.j.e.StandardJMeterEngine: Starting 1 threads for group Thread Group.
2018-01-24 17:02:15,764 INFO o.a.j.e.StandardJMeterEngine: Thread will continue on error
2018-01-24 17:02:15,764 INFO o.a.j.t.ThreadGroup: Starting thread group... number=1 threads=1 ramp-up=1 perThread=1000.0 delayedStart=false
2018-01-24 17:02:15,790 INFO o.a.j.t.ThreadGroup: Started thread group number 1
2018-01-24 17:02:15,791 INFO o.a.j.e.StandardJMeterEngine: All thread groups have been started
2018-01-24 17:02:15,791 INFO o.a.j.t.JMeterThread: Thread started: Thread Group 1-1
2018-01-24 17:02:16,366 INFO o.a.j.t.JMeterThread: Thread is done: Thread Group 1-1
2018-01-24 17:02:16,366 INFO o.a.j.t.JMeterThread: Thread finished: Thread Group 1-1
2018-01-24 17:02:16,367 INFO o.a.j.e.StandardJMeterEngine: Notifying test listeners of end of test
2018-01-24 17:02:16,367 INFO o.a.j.g.u.JMeterMenuBar: setRunning(false, *local*)
2018-01-24 17:02:57,812 INFO o.a.j.e.StandardJMeterEngine: Running the test!
2018-01-24 17:02:57,813 INFO o.a.j.s.SampleEvent: List of sample_variables: []
2018-01-24 17:02:57,813 INFO o.a.j.g.u.JMeterMenuBar: setRunning(true, *local*)
2018-01-24 17:02:58,017 INFO o.a.j.e.StandardJMeterEngine: Starting ThreadGroup: 1 : Thread Group
2018-01-24 17:02:58,018 INFO o.a.j.e.StandardJMeterEngine: Starting 1 threads for group Thread Group.
2018-01-24 17:02:58,018 INFO o.a.j.e.StandardJMeterEngine: Thread will continue on error
2018-01-24 17:02:58,018 INFO o.a.j.t.ThreadGroup: Starting thread group... number=1 threads=1 ramp-up=1 perThread=1000.0 delayedStart=false
2018-01-24 17:02:58,048 INFO o.a.j.t.ThreadGroup: Started thread group number 1
2018-01-24 17:02:58,049 INFO o.a.j.e.StandardJMeterEngine: All thread groups have been started
2018-01-24 17:02:58,049 INFO o.a.j.t.JMeterThread: Thread started: Thread Group 1-1
2018-01-24 17:02:58,635 INFO o.a.j.t.JMeterThread: Thread is done: Thread Group 1-1
2018-01-24 17:02:58,637 INFO o.a.j.t.JMeterThread: Thread finished: Thread Group 1-1
2018-01-24 17:02:58,637 INFO o.a.j.e.StandardJMeterEngine: Notifying test listeners of end of test
2018-01-24 17:02:58,638 INFO o.a.j.g.u.JMeterMenuBar: setRunning(false, *local*)
2018-01-24 17:03:03,482 INFO o.a.j.e.StandardJMeterEngine: Running the test!
2018-01-24 17:03:03,482 INFO o.a.j.s.SampleEvent: List of sample_variables: []
2018-01-24 17:03:03,483 INFO o.a.j.g.u.JMeterMenuBar: setRunning(true, *local*)
2018-01-24 17:03:03,656 INFO o.a.j.e.StandardJMeterEngine: Starting ThreadGroup: 1 : Thread Group
2018-01-24 17:03:03,656 INFO o.a.j.e.StandardJMeterEngine: Starting 1 threads for group Thread Group.
2018-01-24 17:03:03,656 INFO o.a.j.e.StandardJMeterEngine: Thread will continue on error
2018-01-24 17:03:03,656 INFO o.a.j.t.ThreadGroup: Starting thread group... number=1 threads=1 ramp-up=1 perThread=1000.0 delayedStart=false
2018-01-24 17:03:03,690 INFO o.a.j.t.ThreadGroup: Started thread group number 1
2018-01-24 17:03:03,691 INFO o.a.j.t.JMeterThread: Thread started: Thread Group 1-1
2018-01-24 17:03:03,692 INFO o.a.j.e.StandardJMeterEngine: All thread groups have been started
2018-01-24 17:03:04,262 INFO o.a.j.t.JMeterThread: Thread is done: Thread Group 1-1
2018-01-24 17:03:04,262 INFO o.a.j.t.JMeterThread: Thread finished: Thread Group 1-1
2018-01-24 17:03:04,262 INFO o.a.j.e.StandardJMeterEngine: Notifying test listeners of end of test
2018-01-24 17:03:04,263 INFO o.a.j.g.u.JMeterMenuBar: setRunning(false, *local*)
2018-01-25 10:36:04,446 INFO o.a.j.g.a.Load: Loading file: /Users/daper01/Documents/poc/blockchain_markets/test-plans/bcm_load_test_virtual_users_chrome.jmx
2018-01-25 10:36:04,499 INFO o.a.j.s.FileServer: Set new base='/Users/daper01/Documents/poc/blockchain_markets/test-plans'
2018-01-25 10:36:04,500 INFO o.a.j.s.SaveService: Loading file: /Users/daper01/Documents/poc/blockchain_markets/test-plans/bcm_load_test_virtual_users_chrome.jmx
2018-01-25 10:36:04,947 INFO o.a.j.s.FileServer: Set new base='/Users/daper01/Documents/poc/blockchain_markets/test-plans'
2018-01-25 10:36:27,885 INFO o.a.j.e.StandardJMeterEngine: Running the test!
2018-01-25 10:36:27,892 INFO o.a.j.s.SampleEvent: List of sample_variables: []
2018-01-25 10:36:27,897 INFO o.a.j.g.u.JMeterMenuBar: setRunning(true, *local*)
2018-01-25 10:36:28,469 INFO o.a.j.e.StandardJMeterEngine: Starting ThreadGroup: 1 : Login to homepage (Chrome)
2018-01-25 10:36:28,469 INFO o.a.j.e.StandardJMeterEngine: Starting 1 threads for group Login to homepage (Chrome).
2018-01-25 10:36:28,469 INFO o.a.j.e.StandardJMeterEngine: Thread will continue on error
2018-01-25 10:36:28,469 INFO o.a.j.t.ThreadGroup: Starting thread group... number=1 threads=1 ramp-up=1 perThread=1000.0 delayedStart=false
2018-01-25 10:36:28,471 INFO o.a.j.t.ThreadGroup: Started thread group number 1
2018-01-25 10:36:28,471 INFO o.a.j.e.StandardJMeterEngine: All thread groups have been started
2018-01-25 10:36:28,475 INFO o.a.j.t.JMeterThread: Thread started: Login to homepage (Chrome) 1-1
2018-01-25 10:36:28,511 ERROR o.a.j.t.JMeterThread: Test failed!
java.lang.IllegalStateException: The driver executable does not exist: /usr/local/Cellar/chromedriver/2.35/bin/chromedriver
	at com.google.common.base.Preconditions.checkState(Preconditions.java:197) ~[guava-19.0.0.jar:?]
	at org.openqa.selenium.remote.service.DriverService.checkExecutable(DriverService.java:121) ~[selenium-remote-driver-2.52.0.jar:?]
	at org.openqa.selenium.remote.service.DriverService$Builder.usingDriverExecutable(DriverService.java:222) ~[selenium-remote-driver-2.52.0.jar:?]
	at com.googlecode.jmeter.plugins.webdriver.config.ChromeDriverConfig.getThreadService(ChromeDriverConfig.java:87) ~[jmeter-plugins-webdriver-2.3.jar:?]
	at com.googlecode.jmeter.plugins.webdriver.config.ChromeDriverConfig.createBrowser(ChromeDriverConfig.java:68) ~[jmeter-plugins-webdriver-2.3.jar:?]
	at com.googlecode.jmeter.plugins.webdriver.config.ChromeDriverConfig.createBrowser(ChromeDriverConfig.java:21) ~[jmeter-plugins-webdriver-2.3.jar:?]
	at com.googlecode.jmeter.plugins.webdriver.config.WebDriverConfig.getPreparedBrowser(WebDriverConfig.java:233) ~[jmeter-plugins-webdriver-2.3.jar:?]
	at com.googlecode.jmeter.plugins.webdriver.config.WebDriverConfig.threadStarted(WebDriverConfig.java:220) ~[jmeter-plugins-webdriver-2.3.jar:?]
	at org.apache.jmeter.threads.JMeterThread$ThreadListenerTraverser.addNode(JMeterThread.java:683) ~[ApacheJMeter_core.jar:3.3 r1808647]
	at org.apache.jorphan.collections.HashTree.traverseInto(HashTree.java:996) ~[jorphan.jar:3.3 r1808647]
	at org.apache.jorphan.collections.HashTree.traverse(HashTree.java:978) ~[jorphan.jar:3.3 r1808647]
	at org.apache.jmeter.threads.JMeterThread.threadStarted(JMeterThread.java:652) ~[ApacheJMeter_core.jar:3.3 r1808647]
	at org.apache.jmeter.threads.JMeterThread.initRun(JMeterThread.java:640) ~[ApacheJMeter_core.jar:3.3 r1808647]
	at org.apache.jmeter.threads.JMeterThread.run(JMeterThread.java:251) [ApacheJMeter_core.jar:3.3 r1808647]
	at java.lang.Thread.run(Thread.java:745) [?:1.8.0_121]
2018-01-25 10:36:28,511 INFO o.a.j.t.JMeterThread: Thread finished: Login to homepage (Chrome) 1-1
2018-01-25 10:36:28,511 INFO o.a.j.e.StandardJMeterEngine: Notifying test listeners of end of test
2018-01-25 10:36:28,512 INFO o.a.j.g.u.JMeterMenuBar: setRunning(false, *local*)
2018-01-25 11:05:06,827 INFO o.a.j.e.StandardJMeterEngine: Running the test!
2018-01-25 11:05:06,835 INFO o.a.j.s.SampleEvent: List of sample_variables: []
2018-01-25 11:05:06,839 INFO o.a.j.g.u.JMeterMenuBar: setRunning(true, *local*)
2018-01-25 11:05:07,195 INFO o.a.j.e.StandardJMeterEngine: Starting ThreadGroup: 1 : Login to homepage (Chrome)
2018-01-25 11:05:07,195 INFO o.a.j.e.StandardJMeterEngine: Starting 1 threads for group Login to homepage (Chrome).
2018-01-25 11:05:07,195 INFO o.a.j.e.StandardJMeterEngine: Thread will continue on error
2018-01-25 11:05:07,196 INFO o.a.j.t.ThreadGroup: Starting thread group... number=1 threads=1 ramp-up=1 perThread=1000.0 delayedStart=false
2018-01-25 11:05:07,197 INFO o.a.j.t.ThreadGroup: Started thread group number 1
2018-01-25 11:05:07,197 INFO o.a.j.e.StandardJMeterEngine: All thread groups have been started
2018-01-25 11:05:07,201 INFO o.a.j.t.JMeterThread: Thread started: Login to homepage (Chrome) 1-1
2018-01-25 11:05:07,202 ERROR o.a.j.t.JMeterThread: Test failed!
java.lang.IllegalStateException: The driver executable does not exist: /Users/daper01/Documents/OSLo
	at com.google.common.base.Preconditions.checkState(Preconditions.java:197) ~[guava-19.0.0.jar:?]
	at org.openqa.selenium.remote.service.DriverService.checkExecutable(DriverService.java:121) ~[selenium-remote-driver-2.52.0.jar:?]
	at org.openqa.selenium.remote.service.DriverService$Builder.usingDriverExecutable(DriverService.java:222) ~[selenium-remote-driver-2.52.0.jar:?]
	at com.googlecode.jmeter.plugins.webdriver.config.ChromeDriverConfig.getThreadService(ChromeDriverConfig.java:87) ~[jmeter-plugins-webdriver-2.3.jar:?]
	at com.googlecode.jmeter.plugins.webdriver.config.ChromeDriverConfig.createBrowser(ChromeDriverConfig.java:68) ~[jmeter-plugins-webdriver-2.3.jar:?]
	at com.googlecode.jmeter.plugins.webdriver.config.ChromeDriverConfig.createBrowser(ChromeDriverConfig.java:21) ~[jmeter-plugins-webdriver-2.3.jar:?]
	at com.googlecode.jmeter.plugins.webdriver.config.WebDriverConfig.getPreparedBrowser(WebDriverConfig.java:233) ~[jmeter-plugins-webdriver-2.3.jar:?]
	at com.googlecode.jmeter.plugins.webdriver.config.WebDriverConfig.threadStarted(WebDriverConfig.java:220) ~[jmeter-plugins-webdriver-2.3.jar:?]
	at org.apache.jmeter.threads.JMeterThread$ThreadListenerTraverser.addNode(JMeterThread.java:683) ~[ApacheJMeter_core.jar:3.3 r1808647]
	at org.apache.jorphan.collections.HashTree.traverseInto(HashTree.java:996) ~[jorphan.jar:3.3 r1808647]
	at org.apache.jorphan.collections.HashTree.traverse(HashTree.java:978) ~[jorphan.jar:3.3 r1808647]
	at org.apache.jmeter.threads.JMeterThread.threadStarted(JMeterThread.java:652) ~[ApacheJMeter_core.jar:3.3 r1808647]
	at org.apache.jmeter.threads.JMeterThread.initRun(JMeterThread.java:640) ~[ApacheJMeter_core.jar:3.3 r1808647]
	at org.apache.jmeter.threads.JMeterThread.run(JMeterThread.java:251) [ApacheJMeter_core.jar:3.3 r1808647]
	at java.lang.Thread.run(Thread.java:745) [?:1.8.0_121]
2018-01-25 11:05:07,203 INFO o.a.j.t.JMeterThread: Thread finished: Login to homepage (Chrome) 1-1
2018-01-25 11:05:07,205 INFO o.a.j.e.StandardJMeterEngine: Notifying test listeners of end of test
2018-01-25 11:05:07,207 INFO o.a.j.g.u.JMeterMenuBar: setRunning(false, *local*)
2018-01-25 11:08:10,386 INFO o.a.j.e.StandardJMeterEngine: Running the test!
2018-01-25 11:08:10,388 INFO o.a.j.s.SampleEvent: List of sample_variables: []
2018-01-25 11:08:10,391 INFO o.a.j.g.u.JMeterMenuBar: setRunning(true, *local*)
2018-01-25 11:08:10,591 INFO o.a.j.e.StandardJMeterEngine: Starting ThreadGroup: 1 : Login to homepage (Chrome)
2018-01-25 11:08:10,591 INFO o.a.j.e.StandardJMeterEngine: Starting 1 threads for group Login to homepage (Chrome).
2018-01-25 11:08:10,591 INFO o.a.j.e.StandardJMeterEngine: Thread will continue on error
2018-01-25 11:08:10,592 INFO o.a.j.t.ThreadGroup: Starting thread group... number=1 threads=1 ramp-up=1 perThread=1000.0 delayedStart=false
2018-01-25 11:08:10,597 INFO o.a.j.t.ThreadGroup: Started thread group number 1
2018-01-25 11:08:10,597 INFO o.a.j.t.JMeterThread: Thread started: Login to homepage (Chrome) 1-1
2018-01-25 11:08:10,598 INFO o.a.j.e.StandardJMeterEngine: All thread groups have been started
2018-01-25 11:08:15,885 INFO o.a.j.s.FileServer: Stored: login_values.csv
2018-01-25 11:08:15,985 INFO c.g.j.p.w.s.WebDriverSampler: Sample started
2018-01-25 11:08:15,985 INFO c.g.j.p.w.s.WebDriverSampler: Sample ended - navigated to https://qa.blockchainmarkets.com/#/
2018-01-25 11:08:17,907 INFO o.a.j.t.JMeterThread: Thread is done: Login to homepage (Chrome) 1-1
2018-01-25 11:08:17,907 INFO o.a.j.t.JMeterThread: Thread finished: Login to homepage (Chrome) 1-1
2018-01-25 11:08:18,125 INFO o.a.j.e.StandardJMeterEngine: Notifying test listeners of end of test
2018-01-25 11:08:18,125 INFO o.a.j.s.FileServer: Close: login_values.csv
2018-01-25 11:08:18,126 INFO o.a.j.g.u.JMeterMenuBar: setRunning(false, *local*)
2018-01-25 11:08:28,088 INFO o.a.j.e.StandardJMeterEngine: Running the test!
2018-01-25 11:08:28,089 INFO o.a.j.s.SampleEvent: List of sample_variables: []
2018-01-25 11:08:28,090 INFO o.a.j.g.u.JMeterMenuBar: setRunning(true, *local*)
2018-01-25 11:08:28,366 INFO o.a.j.e.StandardJMeterEngine: Starting ThreadGroup: 1 : Login to homepage (Chrome)
2018-01-25 11:08:28,367 INFO o.a.j.e.StandardJMeterEngine: Starting 1 threads for group Login to homepage (Chrome).
2018-01-25 11:08:28,367 INFO o.a.j.e.StandardJMeterEngine: Thread will continue on error
2018-01-25 11:08:28,367 INFO o.a.j.t.ThreadGroup: Starting thread group... number=1 threads=1 ramp-up=1 perThread=1000.0 delayedStart=false
2018-01-25 11:08:28,375 INFO o.a.j.t.ThreadGroup: Started thread group number 1
2018-01-25 11:08:28,375 INFO o.a.j.e.StandardJMeterEngine: All thread groups have been started
2018-01-25 11:08:28,377 INFO o.a.j.t.JMeterThread: Thread started: Login to homepage (Chrome) 1-1
2018-01-25 11:08:30,987 INFO o.a.j.s.FileServer: Stored: login_values.csv
2018-01-25 11:08:31,018 INFO c.g.j.p.w.s.WebDriverSampler: Sample started
2018-01-25 11:08:31,019 INFO c.g.j.p.w.s.WebDriverSampler: Sample ended - navigated to https://qa.blockchainmarkets.com/#/
2018-01-25 11:08:33,302 INFO o.a.j.t.JMeterThread: Thread is done: Login to homepage (Chrome) 1-1
2018-01-25 11:08:33,302 INFO o.a.j.t.JMeterThread: Thread finished: Login to homepage (Chrome) 1-1
2018-01-25 11:08:33,560 INFO o.a.j.e.StandardJMeterEngine: Notifying test listeners of end of test
2018-01-25 11:08:33,560 INFO o.a.j.s.FileServer: Close: login_values.csv
2018-01-25 11:08:33,561 INFO o.a.j.g.u.JMeterMenuBar: setRunning(false, *local*)
2018-01-25 11:28:10,015 INFO o.a.j.e.StandardJMeterEngine: Running the test!
2018-01-25 11:28:10,017 INFO o.a.j.s.SampleEvent: List of sample_variables: []
2018-01-25 11:28:10,024 INFO o.a.j.g.u.JMeterMenuBar: setRunning(true, *local*)
2018-01-25 11:28:10,195 INFO o.a.j.e.StandardJMeterEngine: Starting ThreadGroup: 1 : Login to homepage (Chrome)
2018-01-25 11:28:10,196 INFO o.a.j.e.StandardJMeterEngine: Starting 1 threads for group Login to homepage (Chrome).
2018-01-25 11:28:10,197 INFO o.a.j.e.StandardJMeterEngine: Thread will continue on error
2018-01-25 11:28:10,197 INFO o.a.j.t.ThreadGroup: Starting thread group... number=1 threads=1 ramp-up=1 perThread=1000.0 delayedStart=false
2018-01-25 11:28:10,205 INFO o.a.j.t.ThreadGroup: Started thread group number 1
2018-01-25 11:28:10,206 INFO o.a.j.e.StandardJMeterEngine: All thread groups have been started
2018-01-25 11:28:10,207 INFO o.a.j.t.JMeterThread: Thread started: Login to homepage (Chrome) 1-1
2018-01-25 11:28:10,222 ERROR o.a.j.t.JMeterThread: Test failed!
java.lang.IllegalStateException: The driver executable does not exist: /usr/sbin/chromedriver
	at com.google.common.base.Preconditions.checkState(Preconditions.java:197) ~[guava-19.0.0.jar:?]
	at org.openqa.selenium.remote.service.DriverService.checkExecutable(DriverService.java:121) ~[selenium-remote-driver-2.52.0.jar:?]
	at org.openqa.selenium.remote.service.DriverService$Builder.usingDriverExecutable(DriverService.java:222) ~[selenium-remote-driver-2.52.0.jar:?]
	at com.googlecode.jmeter.plugins.webdriver.config.ChromeDriverConfig.getThreadService(ChromeDriverConfig.java:87) ~[jmeter-plugins-webdriver-2.3.jar:?]
	at com.googlecode.jmeter.plugins.webdriver.config.ChromeDriverConfig.createBrowser(ChromeDriverConfig.java:68) ~[jmeter-plugins-webdriver-2.3.jar:?]
	at com.googlecode.jmeter.plugins.webdriver.config.ChromeDriverConfig.createBrowser(ChromeDriverConfig.java:21) ~[jmeter-plugins-webdriver-2.3.jar:?]
	at com.googlecode.jmeter.plugins.webdriver.config.WebDriverConfig.getPreparedBrowser(WebDriverConfig.java:233) ~[jmeter-plugins-webdriver-2.3.jar:?]
	at com.googlecode.jmeter.plugins.webdriver.config.WebDriverConfig.threadStarted(WebDriverConfig.java:220) ~[jmeter-plugins-webdriver-2.3.jar:?]
	at org.apache.jmeter.threads.JMeterThread$ThreadListenerTraverser.addNode(JMeterThread.java:683) ~[ApacheJMeter_core.jar:3.3 r1808647]
	at org.apache.jorphan.collections.HashTree.traverseInto(HashTree.java:996) ~[jorphan.jar:3.3 r1808647]
	at org.apache.jorphan.collections.HashTree.traverse(HashTree.java:978) ~[jorphan.jar:3.3 r1808647]
	at org.apache.jmeter.threads.JMeterThread.threadStarted(JMeterThread.java:652) ~[ApacheJMeter_core.jar:3.3 r1808647]
	at org.apache.jmeter.threads.JMeterThread.initRun(JMeterThread.java:640) ~[ApacheJMeter_core.jar:3.3 r1808647]
	at org.apache.jmeter.threads.JMeterThread.run(JMeterThread.java:251) [ApacheJMeter_core.jar:3.3 r1808647]
	at java.lang.Thread.run(Thread.java:745) [?:1.8.0_121]
2018-01-25 11:28:10,225 INFO o.a.j.t.JMeterThread: Thread finished: Login to homepage (Chrome) 1-1
2018-01-25 11:28:10,226 INFO o.a.j.e.StandardJMeterEngine: Notifying test listeners of end of test
2018-01-25 11:28:10,230 INFO o.a.j.g.u.JMeterMenuBar: setRunning(false, *local*)
2018-01-25 13:14:30,252 INFO o.a.j.g.a.Load: Loading file: /Users/daper01/Documents/poc/blockchain_markets/test-plans/bcm_load_test_virtual_users_firefox.jmx
2018-01-25 13:14:30,256 INFO o.a.j.s.FileServer: Set new base='/Users/daper01/Documents/poc/blockchain_markets/test-plans'
2018-01-25 13:14:30,256 INFO o.a.j.s.SaveService: Loading file: /Users/daper01/Documents/poc/blockchain_markets/test-plans/bcm_load_test_virtual_users_firefox.jmx
2018-01-25 13:14:30,796 INFO o.a.j.s.FileServer: Set new base='/Users/daper01/Documents/poc/blockchain_markets/test-plans'
2018-01-25 13:15:23,882 INFO o.a.j.g.a.Load: Loading file: /Users/daper01/Documents/poc/blockchain_markets/test-plans/bcm_load_test_virtual_users_chrome.jmx
2018-01-25 13:15:23,882 INFO o.a.j.s.FileServer: Set new base='/Users/daper01/Documents/poc/blockchain_markets/test-plans'
2018-01-25 13:15:23,882 INFO o.a.j.s.SaveService: Loading file: /Users/daper01/Documents/poc/blockchain_markets/test-plans/bcm_load_test_virtual_users_chrome.jmx
2018-01-25 13:15:24,366 INFO o.a.j.s.FileServer: Set new base='/Users/daper01/Documents/poc/blockchain_markets/test-plans'
2018-01-25 13:17:26,497 INFO o.a.j.g.a.Load: Loading file: /Users/daper01/Documents/poc/blockchain_markets/test-plans/bcm_load_test_http.jmx
2018-01-25 13:17:26,499 INFO o.a.j.s.FileServer: Set new base='/Users/daper01/Documents/poc/blockchain_markets/test-plans'
2018-01-25 13:17:26,499 INFO o.a.j.s.SaveService: Loading file: /Users/daper01/Documents/poc/blockchain_markets/test-plans/bcm_load_test_http.jmx
2018-01-25 13:17:26,986 INFO o.a.j.s.FileServer: Set new base='/Users/daper01/Documents/poc/blockchain_markets/test-plans'
2018-01-25 13:18:12,022 INFO o.a.j.g.a.Load: Loading file: /Users/daper01/Documents/poc/blockchain_markets/test-plans/bcm_load_test_virtual_users_chrome.jmx
2018-01-25 13:18:12,022 INFO o.a.j.s.FileServer: Set new base='/Users/daper01/Documents/poc/blockchain_markets/test-plans'
2018-01-25 13:18:12,022 INFO o.a.j.s.SaveService: Loading file: /Users/daper01/Documents/poc/blockchain_markets/test-plans/bcm_load_test_virtual_users_chrome.jmx
2018-01-25 13:18:12,334 INFO o.a.j.s.FileServer: Set new base='/Users/daper01/Documents/poc/blockchain_markets/test-plans'
2018-01-25 13:19:18,994 INFO o.a.j.e.StandardJMeterEngine: Running the test!
2018-01-25 13:19:19,000 INFO o.a.j.s.SampleEvent: List of sample_variables: []
2018-01-25 13:19:19,006 INFO o.a.j.g.u.JMeterMenuBar: setRunning(true, *local*)
2018-01-25 13:19:19,740 INFO o.a.j.e.StandardJMeterEngine: Starting ThreadGroup: 1 : Login to homepage (Chrome)
2018-01-25 13:19:19,742 INFO o.a.j.e.StandardJMeterEngine: Starting 1 threads for group Login to homepage (Chrome).
2018-01-25 13:19:19,742 INFO o.a.j.e.StandardJMeterEngine: Thread will continue on error
2018-01-25 13:19:19,743 INFO o.a.j.t.ThreadGroup: Starting thread group... number=1 threads=1 ramp-up=1 perThread=1000.0 delayedStart=false
2018-01-25 13:19:19,745 INFO o.a.j.t.ThreadGroup: Started thread group number 1
2018-01-25 13:19:19,745 INFO o.a.j.e.StandardJMeterEngine: All thread groups have been started
2018-01-25 13:19:19,758 INFO o.a.j.t.JMeterThread: Thread started: Login to homepage (Chrome) 1-1
2018-01-25 13:19:19,760 ERROR o.a.j.t.JMeterThread: Test failed!
java.lang.IllegalStateException: The driver executable does not exist: /usr/sbin/chromedriver
	at com.google.common.base.Preconditions.checkState(Preconditions.java:197) ~[guava-19.0.0.jar:?]
	at org.openqa.selenium.remote.service.DriverService.checkExecutable(DriverService.java:121) ~[selenium-remote-driver-2.52.0.jar:?]
	at org.openqa.selenium.remote.service.DriverService$Builder.usingDriverExecutable(DriverService.java:222) ~[selenium-remote-driver-2.52.0.jar:?]
	at com.googlecode.jmeter.plugins.webdriver.config.ChromeDriverConfig.getThreadService(ChromeDriverConfig.java:87) ~[jmeter-plugins-webdriver-2.3.jar:?]
	at com.googlecode.jmeter.plugins.webdriver.config.ChromeDriverConfig.createBrowser(ChromeDriverConfig.java:68) ~[jmeter-plugins-webdriver-2.3.jar:?]
	at com.googlecode.jmeter.plugins.webdriver.config.ChromeDriverConfig.createBrowser(ChromeDriverConfig.java:21) ~[jmeter-plugins-webdriver-2.3.jar:?]
	at com.googlecode.jmeter.plugins.webdriver.config.WebDriverConfig.getPreparedBrowser(WebDriverConfig.java:233) ~[jmeter-plugins-webdriver-2.3.jar:?]
	at com.googlecode.jmeter.plugins.webdriver.config.WebDriverConfig.threadStarted(WebDriverConfig.java:220) ~[jmeter-plugins-webdriver-2.3.jar:?]
	at org.apache.jmeter.threads.JMeterThread$ThreadListenerTraverser.addNode(JMeterThread.java:683) ~[ApacheJMeter_core.jar:3.3 r1808647]
	at org.apache.jorphan.collections.HashTree.traverseInto(HashTree.java:996) ~[jorphan.jar:3.3 r1808647]
	at org.apache.jorphan.collections.HashTree.traverse(HashTree.java:978) ~[jorphan.jar:3.3 r1808647]
	at org.apache.jmeter.threads.JMeterThread.threadStarted(JMeterThread.java:652) ~[ApacheJMeter_core.jar:3.3 r1808647]
	at org.apache.jmeter.threads.JMeterThread.initRun(JMeterThread.java:640) ~[ApacheJMeter_core.jar:3.3 r1808647]
	at org.apache.jmeter.threads.JMeterThread.run(JMeterThread.java:251) [ApacheJMeter_core.jar:3.3 r1808647]
	at java.lang.Thread.run(Thread.java:745) [?:1.8.0_121]
2018-01-25 13:19:19,761 INFO o.a.j.t.JMeterThread: Thread finished: Login to homepage (Chrome) 1-1
2018-01-25 13:19:19,762 INFO o.a.j.e.StandardJMeterEngine: Notifying test listeners of end of test
2018-01-25 13:19:19,763 INFO o.a.j.g.u.JMeterMenuBar: setRunning(false, *local*)
2018-01-25 13:20:12,045 INFO o.a.j.e.StandardJMeterEngine: Running the test!
2018-01-25 13:20:12,046 INFO o.a.j.s.SampleEvent: List of sample_variables: []
2018-01-25 13:20:12,046 INFO o.a.j.g.u.JMeterMenuBar: setRunning(true, *local*)
2018-01-25 13:20:12,262 INFO o.a.j.e.StandardJMeterEngine: Starting ThreadGroup: 1 : Login to homepage (Chrome)
2018-01-25 13:20:12,262 INFO o.a.j.e.StandardJMeterEngine: Starting 1 threads for group Login to homepage (Chrome).
2018-01-25 13:20:12,262 INFO o.a.j.e.StandardJMeterEngine: Thread will continue on error
2018-01-25 13:20:12,262 INFO o.a.j.t.ThreadGroup: Starting thread group... number=1 threads=1 ramp-up=1 perThread=1000.0 delayedStart=false
2018-01-25 13:20:12,263 INFO o.a.j.t.ThreadGroup: Started thread group number 1
2018-01-25 13:20:12,263 INFO o.a.j.e.StandardJMeterEngine: All thread groups have been started
2018-01-25 13:20:12,263 INFO o.a.j.t.JMeterThread: Thread started: Login to homepage (Chrome) 1-1
2018-01-25 13:20:20,846 INFO o.a.j.s.FileServer: Stored: login_values_perf.csv
2018-01-25 13:20:21,231 INFO c.g.j.p.w.s.WebDriverSampler: Sample started
2018-01-25 13:20:21,232 INFO c.g.j.p.w.s.WebDriverSampler: Sample ended - navigated to https://perftest.blockchainmarkets.com
2018-01-25 13:20:23,454 INFO o.a.j.t.JMeterThread: Thread is done: Login to homepage (Chrome) 1-1
2018-01-25 13:20:23,454 INFO o.a.j.t.JMeterThread: Thread finished: Login to homepage (Chrome) 1-1
2018-01-25 13:20:23,698 INFO o.a.j.e.StandardJMeterEngine: Notifying test listeners of end of test
2018-01-25 13:20:23,698 INFO o.a.j.s.FileServer: Close: login_values_perf.csv
2018-01-25 13:20:23,698 INFO o.a.j.g.u.JMeterMenuBar: setRunning(false, *local*)
2018-01-25 13:30:34,530 INFO o.a.j.s.FileServer: Set new base='/Users/daper01/Documents/poc/blockchain_markets/test-plans'
2018-01-25 13:37:03,296 INFO o.a.j.g.a.Load: Loading file: /Users/daper01/Documents/poc/blockchain_markets/test-plans/bcm_load_test_http.jmx
2018-01-25 13:37:03,297 INFO o.a.j.s.FileServer: Set new base='/Users/daper01/Documents/poc/blockchain_markets/test-plans'
2018-01-25 13:37:03,297 INFO o.a.j.s.SaveService: Loading file: /Users/daper01/Documents/poc/blockchain_markets/test-plans/bcm_load_test_http.jmx
2018-01-25 13:37:03,909 INFO o.a.j.s.FileServer: Set new base='/Users/daper01/Documents/poc/blockchain_markets/test-plans'
2018-01-25 13:37:18,720 INFO o.a.j.e.StandardJMeterEngine: Running the test!
2018-01-25 13:37:18,721 INFO o.a.j.s.SampleEvent: List of sample_variables: []
2018-01-25 13:37:18,722 INFO o.a.j.g.u.JMeterMenuBar: setRunning(true, *local*)
2018-01-25 13:37:18,975 INFO o.a.j.e.StandardJMeterEngine: Starting ThreadGroup: 1 : Users that only login
2018-01-25 13:37:18,975 INFO o.a.j.e.StandardJMeterEngine: Starting 1 threads for group Users that only login.
2018-01-25 13:37:18,975 INFO o.a.j.e.StandardJMeterEngine: Thread will continue on error
2018-01-25 13:37:18,975 INFO o.a.j.t.ThreadGroup: Starting thread group... number=1 threads=1 ramp-up=1 perThread=1000.0 delayedStart=false
2018-01-25 13:37:18,977 INFO o.a.j.t.ThreadGroup: Started thread group number 1
2018-01-25 13:37:18,977 INFO o.a.j.e.StandardJMeterEngine: All thread groups have been started
2018-01-25 13:37:18,980 INFO o.a.j.t.JMeterThread: Thread started: Users that only login 1-1
2018-01-25 13:37:19,016 INFO o.a.j.s.FileServer: Stored: login_values_perf.csv
2018-01-25 13:38:19,408 INFO o.a.j.t.JMeterThread: Thread is done: Users that only login 1-1
2018-01-25 13:38:19,408 INFO o.a.j.t.JMeterThread: Thread finished: Users that only login 1-1
2018-01-25 13:38:19,411 INFO o.a.j.e.StandardJMeterEngine: Notifying test listeners of end of test
2018-01-25 13:38:19,411 INFO o.a.j.s.FileServer: Close: login_values_perf.csv
2018-01-25 13:38:19,412 INFO o.a.j.g.u.JMeterMenuBar: setRunning(false, *local*)
2018-01-25 13:40:22,979 INFO o.a.j.g.a.Load: Loading file: /Users/daper01/Documents/poc/blockchain_markets/test-plans/bcm_load_test_virtual_users_chrome__.jmx
2018-01-25 13:40:22,979 INFO o.a.j.s.FileServer: Set new base='/Users/daper01/Documents/poc/blockchain_markets/test-plans'
2018-01-25 13:40:22,979 INFO o.a.j.s.SaveService: Loading file: /Users/daper01/Documents/poc/blockchain_markets/test-plans/bcm_load_test_virtual_users_chrome__.jmx
2018-01-25 13:40:23,255 INFO o.a.j.s.FileServer: Set new base='/Users/daper01/Documents/poc/blockchain_markets/test-plans'
