[2017-06-08 11:14:42,372 INFO root] Taurus CLI Tool v1.9.1
[2017-06-08 11:14:42,372 DEBUG root] Command-line options: {'verbose': None, 'no_system_configs': None, 'quiet': None, 'log': '/var/folders/vq/xzrdy2lx047cst78f69v8z3xfzqz1q/T/bzt_AQ8qmg.log', 'option': None, 'aliases': ['cloud']}
[2017-06-08 11:14:42,372 DEBUG root] Python: CPython 2.7.13
[2017-06-08 11:14:42,372 DEBUG root] OS: ('Darwin', 'daper01mac1124', '16.4.0', 'Darwin Kernel Version 16.4.0: Thu Dec 22 22:53:21 PST 2016; root:xnu-3789.41.3~3/RELEASE_X86_64', 'x86_64', 'i386')
[2017-06-08 11:14:42,372 INFO root] Starting with configs: ['python_Selenium.yml']
[2017-06-08 11:14:42,372 DEBUG root] Adding personal config: /Users/daper01/.bzt-rc
[2017-06-08 11:14:42,372 INFO Engine] Configuring...
[2017-06-08 11:14:42,373 DEBUG Engine] Reading extension configs from: /usr/local/etc/bzt.d
[2017-06-08 11:14:42,373 DEBUG Engine.Configuration] Configs: ['/usr/local/lib/python2.7/site-packages/bzt/resources/base-config.yml', '/usr/local/etc/bzt.d/99-installID.yml']
[2017-06-08 11:14:42,373 DEBUG Engine.Configuration] Reading /usr/local/lib/python2.7/site-packages/bzt/resources/base-config.yml
[2017-06-08 11:14:42,374 DEBUG Engine.Configuration] Reading /usr/local/lib/python2.7/site-packages/bzt/resources/base-config.yml as YAML
[2017-06-08 11:14:42,396 DEBUG Engine.Configuration] Reading /usr/local/etc/bzt.d/99-installID.yml
[2017-06-08 11:14:42,397 DEBUG Engine.Configuration] Reading /usr/local/etc/bzt.d/99-installID.yml as YAML
[2017-06-08 11:14:42,398 DEBUG Engine.Configuration] Configs: ['/Users/daper01/.bzt-rc', 'python_Selenium.yml']
[2017-06-08 11:14:42,398 DEBUG Engine.Configuration] Reading /Users/daper01/.bzt-rc
[2017-06-08 11:14:42,398 DEBUG Engine.Configuration] Reading /Users/daper01/.bzt-rc as YAML
[2017-06-08 11:14:42,399 DEBUG Engine.Configuration] Reading python_Selenium.yml
[2017-06-08 11:14:42,399 DEBUG Engine.Configuration] Reading python_Selenium.yml as YAML
[2017-06-08 11:14:42,401 DEBUG root] Configs: ['/Users/daper01/.bzt-rc', 'python_Selenium.yml']
[2017-06-08 11:14:42,401 DEBUG root] Reading /Users/daper01/.bzt-rc
[2017-06-08 11:14:42,401 DEBUG root] Reading /Users/daper01/.bzt-rc as YAML
[2017-06-08 11:14:42,402 DEBUG root] Reading python_Selenium.yml
[2017-06-08 11:14:42,402 DEBUG root] Reading python_Selenium.yml as YAML
[2017-06-08 11:14:42,417 DEBUG Engine] Requesting updates info: http://gettaurus.org/updates/?version=1.9.1&installID=784f43782a15
[2017-06-08 11:14:42,423 INFO Engine] Artifacts dir: /Users/daper01/Documents/OSLo/Selenium/2017-06-08_11-14-42.422627
[2017-06-08 11:14:42,424 DEBUG Engine] New artifact filename: /Users/daper01/Documents/OSLo/Selenium/2017-06-08_11-14-42.422627/effective
[2017-06-08 11:14:42,425 DEBUG Engine.Configuration] Dumping YAML config into /Users/daper01/Documents/OSLo/Selenium/2017-06-08_11-14-42.422627/effective.yml
[2017-06-08 11:14:42,447 DEBUG Engine.Configuration] Dumping JSON config into /Users/daper01/Documents/OSLo/Selenium/2017-06-08_11-14-42.422627/effective.json
[2017-06-08 11:14:42,448 DEBUG Engine] New artifact filename: /Users/daper01/Documents/OSLo/Selenium/2017-06-08_11-14-42.422627/merged.yml
[2017-06-08 11:14:42,448 DEBUG root] Dumping YAML config into /Users/daper01/Documents/OSLo/Selenium/2017-06-08_11-14-42.422627/merged.yml
[2017-06-08 11:14:42,450 DEBUG Engine] New artifact filename: /Users/daper01/Documents/OSLo/Selenium/2017-06-08_11-14-42.422627/merged.json
[2017-06-08 11:14:42,450 DEBUG root] Dumping JSON config into /Users/daper01/Documents/OSLo/Selenium/2017-06-08_11-14-42.422627/merged.json
[2017-06-08 11:14:42,450 DEBUG Engine] Add existing artifact (move=False): python_Selenium.yml
[2017-06-08 11:14:42,450 DEBUG Engine] Copying python_Selenium.yml to /Users/daper01/Documents/OSLo/Selenium/2017-06-08_11-14-42.422627/python_Selenium.yml
[2017-06-08 11:14:42,451 DEBUG root] Closing log handler: /var/folders/vq/xzrdy2lx047cst78f69v8z3xfzqz1q/T/bzt_AQ8qmg.log
[2017-06-08 11:14:42,451 DEBUG root] Switched writing logs to /Users/daper01/Documents/OSLo/Selenium/2017-06-08_11-14-42.422627/bzt.log
[2017-06-08 11:14:42,451 INFO Engine] Preparing...
[2017-06-08 11:14:42,451 DEBUG Engine] Module config: consolidator defaultdict(None, {'class': 'bzt.modules.aggregator.ConsolidatingAggregator'})
[2017-06-08 11:14:42,452 DEBUG root] Importing module: bzt.modules.aggregator
[2017-06-08 11:14:42,456 DEBUG root] Loading class: 'ConsolidatingAggregator' from <module 'bzt.modules.aggregator' from '/usr/local/lib/python2.7/site-packages/bzt/modules/aggregator.pyc'>
[2017-06-08 11:14:42,456 DEBUG Engine.consolidator] Exception in dehumanize_time(inf)
[2017-06-08 11:14:42,456 DEBUG Engine.consolidator] Buffer scaling setup: percentile 95.0 from [0.0, 50.0, 90.0, 95.0, 99.0, 99.9, 100.0] selected
[2017-06-08 11:14:42,457 DEBUG Engine] Module config: monitoring defaultdict(None, {'class': 'bzt.modules.monitoring.Monitoring'})
[2017-06-08 11:14:42,457 DEBUG root] Importing module: bzt.modules.monitoring
[2017-06-08 11:14:42,494 DEBUG root] Loading class: 'Monitoring' from <module 'bzt.modules.monitoring' from '/usr/local/lib/python2.7/site-packages/bzt/modules/monitoring.pyc'>
[2017-06-08 11:14:42,494 DEBUG Engine.monitoring] Should not run because of non-matching prov: cloud != local
[2017-06-08 11:14:42,494 DEBUG Engine] Module config: capturehar defaultdict(None, {'class': 'bzt.modules.blazemeter.ServiceStubCaptureHAR'})
[2017-06-08 11:14:42,494 DEBUG root] Importing module: bzt.modules.blazemeter
[2017-06-08 11:14:42,560 DEBUG root] Loading class: 'ServiceStubCaptureHAR' from <module 'bzt.modules.blazemeter' from '/usr/local/lib/python2.7/site-packages/bzt/modules/blazemeter.pyc'>
[2017-06-08 11:14:42,560 DEBUG Engine.capturehar] Should not run because of non-matching prov: cloud != local
[2017-06-08 11:14:42,560 DEBUG Engine] Module config: cloud defaultdict(None, {'class': 'bzt.modules.blazemeter.CloudProvisioning', 'default-location': 'us-central1-a'})
[2017-06-08 11:14:42,560 DEBUG root] Importing module: bzt.modules.blazemeter
[2017-06-08 11:14:42,560 DEBUG root] Loading class: 'CloudProvisioning' from <module 'bzt.modules.blazemeter' from '/usr/local/lib/python2.7/site-packages/bzt/modules/blazemeter.pyc'>
[2017-06-08 11:14:42,560 DEBUG Engine] Module config: blazemeter defaultdict(None, {'token': '********', 'class': 'bzt.modules.blazemeter.BlazeMeterUploader'})
[2017-06-08 11:14:42,560 DEBUG root] Importing module: bzt.modules.blazemeter
[2017-06-08 11:14:42,560 DEBUG root] Loading class: 'BlazeMeterUploader' from <module 'bzt.modules.blazemeter' from '/usr/local/lib/python2.7/site-packages/bzt/modules/blazemeter.pyc'>
[2017-06-08 11:14:42,561 DEBUG Engine.cloud] Request: GET https://a.blazemeter.com/api/v4/accounts None
[2017-06-08 11:14:42,998 DEBUG Engine] Taurus updates info: {"latest":"1.9.3","needsUpgrade":true}
[2017-06-08 11:14:42,998 WARNING Engine] There is newer version of Taurus 1.9.3 available, consider upgrading. What's new: http://gettaurus.org/docs/Changelog/
[2017-06-08 11:14:43,808 DEBUG Engine.cloud] Response: {
    "limit": 10,
    "skip": 0,
    "total": 2,
    "api_version": 4,
    "error": null,
    "result": [
        {
            "id": 125626,
            "name": "Default Account",
            "thumbnailUrl": null,
            "salesforceId": null,
      
[2017-06-08 11:14:43,809 DEBUG Engine.cloud] Request: GET https://a.blazemeter.com/api/v4/workspaces?accountId=125626&enabled=true&limit=100 None
[2017-06-08 11:14:44,253 DEBUG Engine.cloud] Response: {
    "limit": 100,
    "skip": 0,
    "total": 5,
    "api_version": 4,
    "error": null,
    "result": [
        {
            "id": 119008,
            "name": "Default workspace",
            "userId": 339612,
            "created": 1486702692,
      
[2017-06-08 11:14:44,254 DEBUG Engine.cloud] Request: GET https://a.blazemeter.com/api/v4/workspaces?accountId=21166&enabled=true&limit=100 None
[2017-06-08 11:14:44,689 DEBUG Engine.cloud] Response: {
    "limit": 100,
    "skip": 0,
    "total": 1,
    "api_version": 4,
    "error": null,
    "result": [
        {
            "id": 133217,
            "name": "DEMOs",
            "userId": 307773,
            "created": 1493664013,
            "updat
[2017-06-08 11:14:44,689 DEBUG Engine] Module config: selenium defaultdict(None, {'class': 'bzt.modules.selenium.SeleniumExecutor'})
[2017-06-08 11:14:44,689 DEBUG root] Importing module: bzt.modules.selenium
[2017-06-08 11:14:44,703 DEBUG easyprocess] version=0.2.3
[2017-06-08 11:14:44,706 DEBUG pyvirtualdisplay] version=0.2.1
[2017-06-08 11:14:44,707 DEBUG root] Loading class: 'SeleniumExecutor' from <module 'bzt.modules.selenium' from '/usr/local/lib/python2.7/site-packages/bzt/modules/selenium.pyc'>
[2017-06-08 11:14:44,707 DEBUG Engine.cloud] Request: GET https://a.blazemeter.com/api/v4/multi-tests?workspaceId=119008&name=Taurus+Cloud+Test None
[2017-06-08 11:14:45,090 DEBUG Engine.cloud] Response: {
    "limit": 10,
    "skip": 0,
    "total": 0,
    "api_version": 4,
    "error": null,
    "result": []
}
[2017-06-08 11:14:45,090 DEBUG Engine.cloud] Request: GET https://a.blazemeter.com/api/v4/multi-tests?workspaceId=127980&name=Taurus+Cloud+Test None
[2017-06-08 11:14:45,492 DEBUG Engine.cloud] Response: {
    "limit": 10,
    "skip": 0,
    "total": 0,
    "api_version": 4,
    "error": null,
    "result": []
}
[2017-06-08 11:14:45,492 DEBUG Engine.cloud] Request: GET https://a.blazemeter.com/api/v4/multi-tests?workspaceId=127984&name=Taurus+Cloud+Test None
[2017-06-08 11:14:45,880 DEBUG Engine.cloud] Response: {
    "limit": 10,
    "skip": 0,
    "total": 0,
    "api_version": 4,
    "error": null,
    "result": []
}
[2017-06-08 11:14:45,881 DEBUG Engine.cloud] Request: GET https://a.blazemeter.com/api/v4/multi-tests?workspaceId=132723&name=Taurus+Cloud+Test None
[2017-06-08 11:14:46,285 DEBUG Engine.cloud] Response: {
    "limit": 10,
    "skip": 0,
    "total": 0,
    "api_version": 4,
    "error": null,
    "result": []
}
[2017-06-08 11:14:46,285 DEBUG Engine.cloud] Request: GET https://a.blazemeter.com/api/v4/multi-tests?workspaceId=135886&name=Taurus+Cloud+Test None
[2017-06-08 11:14:46,685 DEBUG Engine.cloud] Response: {
    "limit": 10,
    "skip": 0,
    "total": 0,
    "api_version": 4,
    "error": null,
    "result": []
}
[2017-06-08 11:14:46,685 DEBUG Engine.cloud] Request: GET https://a.blazemeter.com/api/v4/multi-tests?workspaceId=133217&name=Taurus+Cloud+Test None
[2017-06-08 11:14:47,073 DEBUG Engine.cloud] Response: {
    "limit": 10,
    "skip": 0,
    "total": 0,
    "api_version": 4,
    "error": null,
    "result": []
}
[2017-06-08 11:14:47,073 DEBUG Engine.cloud.ProjectFinder] Looked for collection: None
[2017-06-08 11:14:47,073 DEBUG Engine.cloud] Request: GET https://a.blazemeter.com/api/v4/tests?workspaceId=119008&name=Taurus+Cloud+Test None
[2017-06-08 11:14:47,468 DEBUG Engine.cloud] Response: {
    "limit": 10,
    "skip": 0,
    "total": 1,
    "api_version": 4,
    "error": null,
    "result": [
        {
            "id": 5551396,
            "name": "Taurus Cloud Test",
            "userId": 339612,
            "created": 1488354376,
      
[2017-06-08 11:14:47,468 DEBUG Engine.cloud] Request: GET https://a.blazemeter.com/api/v4/tests?workspaceId=127980&name=Taurus+Cloud+Test None
[2017-06-08 11:14:47,865 DEBUG Engine.cloud] Response: {
    "limit": 10,
    "skip": 0,
    "total": 0,
    "api_version": 4,
    "error": null,
    "result": []
}
[2017-06-08 11:14:47,866 DEBUG Engine.cloud] Request: GET https://a.blazemeter.com/api/v4/tests?workspaceId=127984&name=Taurus+Cloud+Test None
[2017-06-08 11:14:48,261 DEBUG Engine.cloud] Response: {
    "limit": 10,
    "skip": 0,
    "total": 0,
    "api_version": 4,
    "error": null,
    "result": []
}
[2017-06-08 11:14:48,261 DEBUG Engine.cloud] Request: GET https://a.blazemeter.com/api/v4/tests?workspaceId=132723&name=Taurus+Cloud+Test None
[2017-06-08 11:14:48,653 DEBUG Engine.cloud] Response: {
    "limit": 10,
    "skip": 0,
    "total": 0,
    "api_version": 4,
    "error": null,
    "result": []
}
[2017-06-08 11:14:48,653 DEBUG Engine.cloud] Request: GET https://a.blazemeter.com/api/v4/tests?workspaceId=135886&name=Taurus+Cloud+Test None
[2017-06-08 11:14:49,065 DEBUG Engine.cloud] Response: {
    "limit": 10,
    "skip": 0,
    "total": 0,
    "api_version": 4,
    "error": null,
    "result": []
}
[2017-06-08 11:14:49,065 DEBUG Engine.cloud] Request: GET https://a.blazemeter.com/api/v4/tests?workspaceId=133217&name=Taurus+Cloud+Test None
[2017-06-08 11:14:49,475 DEBUG Engine.cloud] Response: {
    "limit": 10,
    "skip": 0,
    "total": 0,
    "api_version": 4,
    "error": null,
    "result": []
}
[2017-06-08 11:14:49,475 DEBUG Engine.cloud.ProjectFinder] Looked for test: {u'updated': 1496860152, u'name': u'Taurus Cloud Test', u'kpiTrackingData': {}, u'created': 1488354376, u'projectId': 162568, u'userId': 339612, u'lastUpdatedById': 339612, u'configuration': {u'targetThreads': 0, u'type': u'taurus', u'canControlRampup': False, u'plugins': {u'taurus': {u'filename': u'taurus.yml'}}}, u'id': 5551396}
[2017-06-08 11:14:49,477 DEBUG Engine.cloud.ProjectFinder] Detected test type: old
[2017-06-08 11:14:49,477 DEBUG Engine.cloud] Request: GET https://a.blazemeter.com/api/v4/user None
[2017-06-08 11:14:49,883 DEBUG Engine.cloud] Response: {
    "api_version": 4,
    "error": null,
    "result": {
        "id": 339612,
        "email": "eric.dapp@blazemeter.com",
        "access": 1496945689,
        "login": 1496167689,
        "firstName": "Eric",
        "lastName": "Dapp",
        "timez
[2017-06-08 11:14:49,884 DEBUG Engine.cloud] Request: GET https://a.blazemeter.com/api/v4/projects?workspaceId=119008&limit=99999 None
[2017-06-08 11:14:50,286 DEBUG Engine.cloud] Response: {
    "limit": 99999,
    "skip": 0,
    "total": 6,
    "api_version": 4,
    "error": null,
    "result": [
        {
            "id": 163658,
            "name": "BlazeDemo Tests",
            "userId": null,
            "description": "",
            
[2017-06-08 11:14:50,288 DEBUG Engine.cloud] Request: GET https://a.blazemeter.com/api/v4/projects?workspaceId=127980&limit=99999 None
[2017-06-08 11:14:50,696 DEBUG Engine.cloud] Response: {
    "limit": 99999,
    "skip": 0,
    "total": 2,
    "api_version": 4,
    "error": null,
    "result": [
        {
            "id": 173138,
            "name": "Default project",
            "userId": null,
            "description": null,
          
[2017-06-08 11:14:50,698 DEBUG Engine.cloud] Request: GET https://a.blazemeter.com/api/v4/projects?workspaceId=127984&limit=99999 None
[2017-06-08 11:14:51,101 DEBUG Engine.cloud] Response: {
    "limit": 99999,
    "skip": 0,
    "total": 1,
    "api_version": 4,
    "error": null,
    "result": [
        {
            "id": 173143,
            "name": "Default project",
            "userId": null,
            "description": null,
          
[2017-06-08 11:14:51,102 DEBUG Engine.cloud] Request: GET https://a.blazemeter.com/api/v4/projects?workspaceId=132723&limit=99999 None
[2017-06-08 11:14:51,490 DEBUG Engine.cloud] Response: {
    "limit": 99999,
    "skip": 0,
    "total": 1,
    "api_version": 4,
    "error": null,
    "result": [
        {
            "id": 178588,
            "name": "Default project",
            "userId": null,
            "description": null,
          
[2017-06-08 11:14:51,491 DEBUG Engine.cloud] Request: GET https://a.blazemeter.com/api/v4/projects?workspaceId=135886&limit=99999 None
[2017-06-08 11:14:51,885 DEBUG Engine.cloud] Response: {
    "limit": 99999,
    "skip": 0,
    "total": 2,
    "api_version": 4,
    "error": null,
    "result": [
        {
            "id": 182182,
            "name": "Default project",
            "userId": null,
            "description": null,
          
[2017-06-08 11:14:51,886 DEBUG Engine.cloud] Request: GET https://a.blazemeter.com/api/v4/projects?workspaceId=133217&limit=99999 None
[2017-06-08 11:14:52,279 DEBUG Engine.cloud] Response: {
    "limit": 99999,
    "skip": 0,
    "total": 1,
    "api_version": 4,
    "error": null,
    "result": [
        {
            "id": 179141,
            "name": "Default project",
            "userId": null,
            "description": null,
          
[2017-06-08 11:14:52,280 DEBUG Engine.cloud] Request: GET https://a.blazemeter.com/api/v4/workspaces/119008 None
[2017-06-08 11:14:52,774 DEBUG Engine.cloud] Response: {
    "api_version": 4,
    "error": null,
    "result": {
        "id": 119008,
        "name": "Default workspace",
        "userId": 339612,
        "created": 1486702692,
        "updated": 1486702692,
        "enabled": true,
        "dedicatedIpsEnab
[2017-06-08 11:14:52,778 DEBUG Engine.cloud] Request: GET https://a.blazemeter.com/api/v4/workspaces/127980 None
[2017-06-08 11:14:53,267 DEBUG Engine.cloud] Response: {
    "api_version": 4,
    "error": null,
    "result": {
        "id": 127980,
        "name": "Demo Workspace",
        "userId": 339612,
        "created": 1491255975,
        "updated": 1491255975,
        "enabled": true,
        "dedicatedIpsEnabled
[2017-06-08 11:14:53,274 DEBUG Engine.cloud] Request: GET https://a.blazemeter.com/api/v4/workspaces/127984 None
[2017-06-08 11:14:53,740 DEBUG Engine.cloud] Response: {
    "api_version": 4,
    "error": null,
    "result": {
        "id": 127984,
        "name": "Demo Workspace 2",
        "userId": 339612,
        "created": 1491261975,
        "updated": 1491261975,
        "enabled": true,
        "dedicatedIpsEnabl
[2017-06-08 11:14:53,747 DEBUG Engine.cloud] Request: GET https://a.blazemeter.com/api/v4/workspaces/132723 None
[2017-06-08 11:14:54,217 DEBUG Engine.cloud] Response: {
    "api_version": 4,
    "error": null,
    "result": {
        "id": 132723,
        "name": "QA Workspace",
        "userId": 339612,
        "created": 1493312851,
        "updated": 1493312851,
        "enabled": true,
        "dedicatedIpsEnabled":
[2017-06-08 11:14:54,221 DEBUG Engine.cloud] Request: GET https://a.blazemeter.com/api/v4/workspaces/135886 None
[2017-06-08 11:14:54,712 DEBUG Engine.cloud] Response: {
    "api_version": 4,
    "error": null,
    "result": {
        "id": 135886,
        "name": "scratch",
        "userId": 339612,
        "created": 1494801554,
        "updated": 1494801554,
        "enabled": true,
        "dedicatedIpsEnabled": true
[2017-06-08 11:14:54,717 DEBUG Engine.cloud] Request: GET https://a.blazemeter.com/api/v4/workspaces/133217 None
[2017-06-08 11:14:55,196 DEBUG Engine.cloud] Response: {
    "api_version": 4,
    "error": null,
    "result": {
        "id": 133217,
        "name": "DEMOs",
        "userId": 307773,
        "created": 1493664013,
        "updated": 1493746137,
        "enabled": true,
        "dedicatedIpsEnabled": true,

[2017-06-08 11:14:55,209 DEBUG Engine.selenium] Extract defaultdict(None, {'script': './blazeDemo_Selenium_with_unit_chrome.py'}) into scenarios
[2017-06-08 11:14:55,210 DEBUG Engine.cloud] All resource files are: ['./blazeDemo_Selenium_with_unit_chrome.py']
[2017-06-08 11:14:55,210 DEBUG Engine.cloud] Replace file names in config: ['./blazeDemo_Selenium_with_unit_chrome.py'] with ['blazeDemo_Selenium_with_unit_chrome.py']
[2017-06-08 11:14:55,210 DEBUG Engine.cloud] Replaced ./blazeDemo_Selenium_with_unit_chrome.py with blazeDemo_Selenium_with_unit_chrome.py
[2017-06-08 11:14:55,212 DEBUG Engine] New artifact filename: /Users/daper01/Documents/OSLo/Selenium/2017-06-08_11-14-42.422627/cloud
[2017-06-08 11:14:55,213 DEBUG root] Dumping YAML config into /Users/daper01/Documents/OSLo/Selenium/2017-06-08_11-14-42.422627/cloud.yml
[2017-06-08 11:14:55,219 DEBUG root] Dumping JSON config into /Users/daper01/Documents/OSLo/Selenium/2017-06-08_11-14-42.422627/cloud.json
[2017-06-08 11:14:55,219 DEBUG Engine.cloud] Request: GET https://a.blazemeter.com/api/v4/web/elfinder/5551396?cmd=open&target=s1_Lw None
[2017-06-08 11:14:55,900 DEBUG Engine.cloud] Response: {"cwd":{"name":"data","size":0,"mime":"directory","read":1,"write":1,"parent_id":"users","hash":"s1_Lw","rootRev":"","options":{"path":"","url":"","tmbUrl":"","disabled":["mkdir","archive","extract","chmod"],"separator":"\/","copyOverwrite":1,"uploadOverwr
[2017-06-08 11:14:55,900 DEBUG Engine.cloud] Test files: [u'selenium1.java', u'taurus.yml']
[2017-06-08 11:14:55,900 DEBUG Engine.cloud] Request: GET https://a.blazemeter.com/api/v4/web/elfinder/5551396?cmd=rm&targets[]=s1_c2VsZW5pdW0xLmphdmE&targets[]=s1_dGF1cnVzLnltbA None
[2017-06-08 11:14:56,439 DEBUG Engine.cloud] Response: {"removed":["s1_c2VsZW5pdW0xLmphdmE","s1_dGF1cnVzLnltbA"],"changed":[{"name":"data","size":0,"mime":"directory","read":1,"write":1,"parent_id":"users","hash":"s1_Lw","rootRev":"","options":{"path":"","url":"","tmbUrl":"","disabled":["mkdir","archive","extr
[2017-06-08 11:14:56,440 DEBUG Engine.cloud] Successfully deleted 2 test files
[2017-06-08 11:14:56,447 DEBUG Engine.cloud] Uploading files into the test: ['/Users/daper01/Documents/OSLo/Selenium/blazeDemo_Selenium_with_unit_chrome.py']
[2017-06-08 11:14:56,456 DEBUG Engine.cloud] Request: POST https://a.blazemeter.com/api/v4/tests/5551396/files --===============0603784417735367467==
Content-Disposition: file; name="script"; filename="taurus.yml"
Content-Type: application/octet-stream

---
execution:
- concurrency: 1
  executor: selenium
  iterations: 5
  locations:
    us-central1-a: 1
  runn
[2017-06-08 11:14:57,174 DEBUG Engine.cloud] Response: {
    "api_version": 4,
    "error": null,
    "result": {
        "id": 5551396,
        "name": "Taurus Cloud Test",
        "userId": 339612,
        "created": 1488354376,
        "updated": 1496945697,
        "configuration": {
            "type": "t
[2017-06-08 11:14:57,174 DEBUG Engine.cloud] Request: PATCH https://a.blazemeter.com/api/v4/tests/5551396 {
 "configuration": {
  "executionType": null
 }
}
[2017-06-08 11:14:57,723 DEBUG Engine.cloud] Response: {
    "api_version": 4,
    "error": null,
    "result": {
        "id": 5551396,
        "name": "Taurus Cloud Test",
        "userId": 339612,
        "created": 1488354376,
        "updated": 1496945697,
        "projectId": 162568,
        "lastUpdated
[2017-06-08 11:14:57,724 DEBUG Engine] Module config: final-stats defaultdict(None, {'class': 'bzt.modules.reporting.FinalStatus'})
[2017-06-08 11:14:57,724 DEBUG root] Importing module: bzt.modules.reporting
[2017-06-08 11:14:57,727 DEBUG root] Loading class: 'FinalStatus' from <module 'bzt.modules.reporting' from '/usr/local/lib/python2.7/site-packages/bzt/modules/reporting.pyc'>
[2017-06-08 11:14:57,728 DEBUG Engine] Module config: console defaultdict(None, {'class': 'bzt.modules.console.ConsoleStatusReporter'})
[2017-06-08 11:14:57,728 DEBUG root] Importing module: bzt.modules.console
[2017-06-08 11:14:57,728 DEBUG root] Loading class: 'ConsoleStatusReporter' from <module 'bzt.modules.console' from '/usr/local/lib/python2.7/site-packages/bzt/modules/console.pyc'>
[2017-06-08 11:14:57,735 DEBUG Engine.Configuration] Dumping YAML config into /Users/daper01/Documents/OSLo/Selenium/2017-06-08_11-14-42.422627/effective.yml
[2017-06-08 11:14:57,759 DEBUG Engine.Configuration] Dumping JSON config into /Users/daper01/Documents/OSLo/Selenium/2017-06-08_11-14-42.422627/effective.json
[2017-06-08 11:14:57,760 INFO Engine] Starting...
[2017-06-08 11:14:57,760 DEBUG Engine] Startup <bzt.modules.aggregator.ConsolidatingAggregator object at 0x10f389790>
[2017-06-08 11:14:57,760 DEBUG Engine] Startup <bzt.modules.reporting.FinalStatus object at 0x110296650>
[2017-06-08 11:14:57,760 DEBUG Engine] Startup <bzt.modules.console.ConsoleStatusReporter object at 0x110296d90>
[2017-06-08 11:14:57,760 INFO Engine.console] Waiting for results...
[2017-06-08 11:14:57,760 DEBUG Engine] Startup <bzt.modules.blazemeter.CloudProvisioning object at 0x10f3aed50>
[2017-06-08 11:14:57,761 INFO Engine.cloud.ProjectFinder.CloudTaurusTest] Initiating cloud test with https://a.blazemeter.com ...
[2017-06-08 11:14:57,761 DEBUG Engine.cloud] Request: POST https://a.blazemeter.com/api/v4/tests/5551396/start None
[2017-06-08 11:14:58,498 DEBUG Engine.cloud] Response: {
    "api_version": 4,
    "error": null,
    "result": {
        "id": 16294198,
        "name": "Taurus Cloud Test",
        "userId": 339612,
        "runnerUserId": 339612,
        "created": 1496945698,
        "updated": 1496945698,
        "testId"
[2017-06-08 11:14:58,498 INFO Engine.cloud] Started cloud test: https://a.blazemeter.com/app/#/masters/16294198
[2017-06-08 11:14:58,752 DEBUG Engine.Configuration] Dumping YAML config into /Users/daper01/Documents/OSLo/Selenium/2017-06-08_11-14-42.422627/effective.yml
[2017-06-08 11:14:58,880 DEBUG Engine.Configuration] Dumping JSON config into /Users/daper01/Documents/OSLo/Selenium/2017-06-08_11-14-42.422627/effective.json
[2017-06-08 11:14:58,909 DEBUG root] Leveling down log file verbosity, use -v option to have DEBUG messages enabled
[2017-06-08 11:14:59,331 INFO Engine.cloud] Cloud test status: INIT
[2017-06-08 11:14:59,754 INFO Engine.console] Waiting for finish...
[2017-06-08 11:15:04,339 INFO Engine.cloud] Cloud test status: BOOT_STARTING
[2017-06-08 11:15:54,491 INFO Engine.cloud] Cloud test status: INIT_SCRIPT
[2017-06-08 11:15:59,494 INFO Engine.cloud] Cloud test status: TAURUS_ENGINE_INIT
[2017-06-08 11:16:39,617 INFO Engine.cloud] Cloud test status: ENDED
[2017-06-08 11:16:39,631 INFO Engine.cloud] Test was stopped in the cloud: ENDED
[2017-06-08 11:16:40,988 WARNING Engine] Please wait for graceful shutdown...
[2017-06-08 11:16:40,996 DEBUG root] Leveled up log file verbosity
[2017-06-08 11:16:40,996 INFO Engine] Shutting down...
[2017-06-08 11:16:41,012 DEBUG Engine.console] Restoring logging streams, [<logging.StreamHandler object at 0x10f389750>]/{<logging.StreamHandler object at 0x10f389750>: <open file '<stdout>', mode 'w' at 0x10e247150>}
[2017-06-08 11:16:41,017 DEBUG Engine.Configuration] Dumping YAML config into /Users/daper01/Documents/OSLo/Selenium/2017-06-08_11-14-42.422627/effective.yml
[2017-06-08 11:16:41,071 DEBUG Engine.Configuration] Dumping JSON config into /Users/daper01/Documents/OSLo/Selenium/2017-06-08_11-14-42.422627/effective.json
[2017-06-08 11:16:41,073 INFO Engine] Post-processing...
[2017-06-08 11:16:41,073 DEBUG Engine.cloud] Request: GET https://a.blazemeter.com/api/v4/masters/16294198/full None
[2017-06-08 11:16:41,491 DEBUG Engine.cloud] Response: {
    "api_version": 4,
    "error": null,
    "result": {
        "id": 16294198,
        "name": "Taurus Cloud Test",
        "userId": 339612,
        "ended": 1496945795,
        "runnerUserId": 339612,
        "created": 1496945698,
        "updated":
[2017-06-08 11:16:41,491 WARNING Engine.cloud] Cloud test has probably failed with message: ManualShutdown:
[2017-06-08 11:16:41,496 DEBUG Engine] post_process: {
 "message": "Session ended without load report data", 
 "code": 70404, 
 "details": null
}
Traceback (most recent call last):
  File "/usr/local/lib/python2.7/site-packages/bzt/engine.py", line 238, in post_process
    module.post_process()
  File "/usr/local/lib/python2.7/site-packages/bzt/modules/blazemeter.py", line 1568, in post_process
    raise TaurusException(to_json(error))
TaurusException: {
 "message": "Session ended without load report data", 
 "code": 70404, 
 "details": null
}

[2017-06-08 11:16:41,496 DEBUG Engine.cloud] Request: GET https://a.blazemeter.com/api/v4/data/labels?master_id=16294198 None
[2017-06-08 11:16:41,902 DEBUG Engine.cloud] Response: {
    "api_version": 4,
    "error": null,
    "result": [
        {
            "id": "ALL",
            "name": "ALL",
            "sessions": []
        }
    ]
}
[2017-06-08 11:16:41,903 DEBUG Engine.cloud] Request: GET https://a.blazemeter.com/api/v4/data/kpis?interval=1&from=0&master_ids%5B%5D=16294198&kpis%5B%5D=t&kpis%5B%5D=lt&kpis%5B%5D=by&kpis%5B%5D=n&kpis%5B%5D=ec&kpis%5B%5D=ts&kpis%5B%5D=na&labels%5B%5D=ALL None
[2017-06-08 11:16:42,343 DEBUG Engine.cloud] Response: {
    "api_version": 4,
    "error": null,
    "result": [
        {
            "preAggregatedKPIs": false
        }
    ]
}
[2017-06-08 11:16:42,343 DEBUG Engine.cloud] Request: GET https://a.blazemeter.com/api/v4/masters/16294198/reports/aggregatereport/data None
[2017-06-08 11:16:42,775 DEBUG Engine.cloud] Response: {
    "api_version": 4,
    "error": null,
    "result": []
}
[2017-06-08 11:16:42,776 DEBUG Engine.consolidator] Consolidator buffer[0]: []
[2017-06-08 11:16:42,776 INFO Engine.final-stats] Test duration: 0:01:45
[2017-06-08 11:16:42,776 DEBUG Engine.console] No logger_handler or orig_stream was detected
[2017-06-08 11:16:42,781 DEBUG Engine.Configuration] Dumping YAML config into /Users/daper01/Documents/OSLo/Selenium/2017-06-08_11-14-42.422627/effective.yml
[2017-06-08 11:16:42,838 DEBUG Engine.Configuration] Dumping JSON config into /Users/daper01/Documents/OSLo/Selenium/2017-06-08_11-14-42.422627/effective.json
[2017-06-08 11:16:42,841 ERROR root] Generic Taurus Error: {
 "message": "Session ended without load report data", 
 "code": 70404, 
 "details": null
}
[2017-06-08 11:16:42,841 DEBUG root] TaurusException: {
 "message": "Session ended without load report data", 
 "code": 70404, 
 "details": null
}
Traceback (most recent call last):
  File "/usr/local/lib/python2.7/site-packages/bzt/cli.py", line 220, in perform
    self.engine.post_process()
  File "/usr/local/lib/python2.7/site-packages/bzt/engine.py", line 251, in post_process
    reraise(exc_info)
  File "/usr/local/lib/python2.7/site-packages/bzt/engine.py", line 238, in post_process
    module.post_process()
  File "/usr/local/lib/python2.7/site-packages/bzt/modules/blazemeter.py", line 1568, in post_process
    raise TaurusException(to_json(error))
TaurusException: {
 "message": "Session ended without load report data", 
 "code": 70404, 
 "details": null
}
[2017-06-08 11:16:42,841 INFO root] Artifacts dir: /Users/daper01/Documents/OSLo/Selenium/2017-06-08_11-14-42.422627
[2017-06-08 11:16:42,842 WARNING root] Done performing with code: 1
[2017-06-08 11:16:42,842 DEBUG root] Closing log handler: /Users/daper01/Documents/OSLo/Selenium/2017-06-08_11-14-42.422627/bzt.log
