[2017-12-05 08:03:48,803 INFO root] Taurus CLI Tool v1.9.6
[2017-12-05 08:03:48,804 DEBUG root] Command-line options: {'verbose': None, 'no_system_configs': None, 'quiet': None, 'log': '/var/folders/vq/xzrdy2lx047cst78f69v8z3xfzqz1q/T/bzt_0IpLEC.log', 'option': None, 'aliases': []}
[2017-12-05 08:03:48,804 DEBUG root] Python: CPython 2.7.13
[2017-12-05 08:03:48,804 DEBUG root] OS: ('Darwin', 'daper01mac1124', '17.2.0', 'Darwin Kernel Version 17.2.0: Fri Sep 29 18:27:05 PDT 2017; root:xnu-4570.20.62~3/RELEASE_X86_64', 'x86_64', 'i386')
[2017-12-05 08:03:48,804 INFO root] Starting with configs: ['load_scenario_from_csv.yml', 'execution_jmeter.yml']
[2017-12-05 08:03:48,805 DEBUG root] Using personal config: /Users/daper01/.bzt-rc
[2017-12-05 08:03:48,805 INFO Engine] Configuring...
[2017-12-05 08:03:48,805 DEBUG Engine] Reading extension configs from: /usr/local/etc/bzt.d
[2017-12-05 08:03:48,805 DEBUG Engine.Configuration] Configs: ['/usr/local/lib/python2.7/site-packages/bzt/resources/base-config.yml', '/usr/local/etc/bzt.d/99-installID.yml']
[2017-12-05 08:03:48,807 DEBUG Engine.Configuration] Reading /usr/local/lib/python2.7/site-packages/bzt/resources/base-config.yml as YAML
[2017-12-05 08:03:48,836 DEBUG Engine.Configuration] Reading /usr/local/etc/bzt.d/99-installID.yml as YAML
[2017-12-05 08:03:48,837 DEBUG Engine.Configuration] Configs: ['/Users/daper01/.bzt-rc', 'load_scenario_from_csv.yml', 'execution_jmeter.yml']
[2017-12-05 08:03:48,837 DEBUG Engine.Configuration] Reading /Users/daper01/.bzt-rc as YAML
[2017-12-05 08:03:49,020 DEBUG Engine.Configuration] Reading load_scenario_from_csv.yml as YAML
[2017-12-05 08:03:49,204 DEBUG Engine.Configuration] Reading execution_jmeter.yml as YAML
[2017-12-05 08:03:49,210 DEBUG Engine.Configuration] Configs: ['/Users/daper01/.bzt-rc', 'load_scenario_from_csv.yml', 'execution_jmeter.yml']
[2017-12-05 08:03:49,210 DEBUG Engine.Configuration] Reading /Users/daper01/.bzt-rc as YAML
[2017-12-05 08:03:49,212 DEBUG Engine.Configuration] Reading load_scenario_from_csv.yml as YAML
[2017-12-05 08:03:49,218 DEBUG Engine.Configuration] Reading execution_jmeter.yml as YAML
[2017-12-05 08:03:49,242 DEBUG Engine] Requesting updates info: http://gettaurus.org/updates/?version=1.9.6&installID=784f43782a15
[2017-12-05 08:03:49,246 INFO Engine] Artifacts dir: /Users/daper01/Documents/OSLo/artifacts/2017-12-05_08-03-49.242570
[2017-12-05 08:03:49,246 DEBUG Engine] New artifact filename: /Users/daper01/Documents/OSLo/artifacts/2017-12-05_08-03-49.242570/effective
[2017-12-05 08:03:49,249 DEBUG Engine.Configuration] Dumping YAML config into /Users/daper01/Documents/OSLo/artifacts/2017-12-05_08-03-49.242570/effective.yml
[2017-12-05 08:03:49,280 DEBUG Engine.Configuration] Dumping JSON config into /Users/daper01/Documents/OSLo/artifacts/2017-12-05_08-03-49.242570/effective.json
[2017-12-05 08:03:49,281 DEBUG Engine] New artifact filename: /Users/daper01/Documents/OSLo/artifacts/2017-12-05_08-03-49.242570/merged.yml
[2017-12-05 08:03:49,283 DEBUG Engine.Configuration] Dumping YAML config into /Users/daper01/Documents/OSLo/artifacts/2017-12-05_08-03-49.242570/merged.yml
[2017-12-05 08:03:49,297 DEBUG Engine] New artifact filename: /Users/daper01/Documents/OSLo/artifacts/2017-12-05_08-03-49.242570/merged.json
[2017-12-05 08:03:49,299 DEBUG Engine.Configuration] Dumping JSON config into /Users/daper01/Documents/OSLo/artifacts/2017-12-05_08-03-49.242570/merged.json
[2017-12-05 08:03:49,300 DEBUG Engine] Add existing artifact (move=False): load_scenario_from_csv.yml
[2017-12-05 08:03:49,301 DEBUG Engine] Copying load_scenario_from_csv.yml to /Users/daper01/Documents/OSLo/artifacts/2017-12-05_08-03-49.242570/load_scenario_from_csv.yml
[2017-12-05 08:03:49,302 DEBUG Engine] Add existing artifact (move=False): execution_jmeter.yml
[2017-12-05 08:03:49,302 DEBUG Engine] Copying execution_jmeter.yml to /Users/daper01/Documents/OSLo/artifacts/2017-12-05_08-03-49.242570/execution_jmeter.yml
[2017-12-05 08:03:49,303 DEBUG root] Closing log handler: /var/folders/vq/xzrdy2lx047cst78f69v8z3xfzqz1q/T/bzt_0IpLEC.log
[2017-12-05 08:03:49,797 DEBUG root] Switched writing logs to /Users/daper01/Documents/OSLo/artifacts/2017-12-05_08-03-49.242570/bzt.log
[2017-12-05 08:03:49,797 INFO Engine] Preparing...
[2017-12-05 08:03:49,798 DEBUG Engine] Module config: consolidator defaultdict(None, {'class': 'bzt.modules.aggregator.ConsolidatingAggregator'})
[2017-12-05 08:03:49,798 DEBUG root] Importing module: bzt.modules.aggregator
[2017-12-05 08:03:49,808 DEBUG root] Loading class: 'ConsolidatingAggregator' from <module 'bzt.modules.aggregator' from '/usr/local/lib/python2.7/site-packages/bzt/modules/aggregator.pyc'>
[2017-12-05 08:03:49,809 DEBUG Engine.consolidator] Exception in dehumanize_time(inf)
[2017-12-05 08:03:49,809 DEBUG Engine.consolidator] Buffer scaling setup: percentile 95.0 from [0.0, 50.0, 90.0, 95.0, 99.0, 99.9, 100.0] selected
[2017-12-05 08:03:49,809 DEBUG Engine] Module config: monitoring defaultdict(None, {'class': 'bzt.modules.monitoring.Monitoring'})
[2017-12-05 08:03:49,809 DEBUG root] Importing module: bzt.modules.monitoring
[2017-12-05 08:03:49,878 DEBUG root] Loading class: 'Monitoring' from <module 'bzt.modules.monitoring' from '/usr/local/lib/python2.7/site-packages/bzt/modules/monitoring.pyc'>
[2017-12-05 08:03:49,879 DEBUG Engine] Module config: local defaultdict(None, {'class': 'bzt.modules.provisioning.Local'})
[2017-12-05 08:03:49,879 DEBUG Engine] Taurus updates info: {"latest":"1.10.3","needsUpgrade":true}
[2017-12-05 08:03:49,879 DEBUG root] Importing module: bzt.modules.provisioning
[2017-12-05 08:03:49,879 WARNING Engine] There is newer version of Taurus 1.10.3 available, consider upgrading. What's new: http://gettaurus.org/docs/Changelog/
[2017-12-05 08:03:49,880 DEBUG root] Loading class: 'Local' from <module 'bzt.modules.provisioning' from '/usr/local/lib/python2.7/site-packages/bzt/modules/provisioning.pyc'>
[2017-12-05 08:03:49,880 DEBUG Engine] Module config: jmeter defaultdict(None, {'properties': defaultdict(None, {'jmeter.save.saveservice.autoflush': 'true', 'summariser.name': '', 'jmeter.save.saveservice.connect_time': 'true', 'mode': 'Stripped', 'jmeterengine.force.system.exit': 'true'}), 'class': 'bzt.modules.jmeter.JMeterExecutor', 'plugins': ['jpgc-casutg', 'jpgc-dummy', 'jpgc-ffw', 'jpgc-fifo', 'jpgc-functions', 'jpgc-json', 'jpgc-perfmon', 'jpgc-prmctl', 'jpgc-tst']})
[2017-12-05 08:03:49,880 DEBUG root] Importing module: bzt.modules.jmeter
[2017-12-05 08:03:52,776 DEBUG root] Loading class: 'JMeterExecutor' from <module 'bzt.modules.jmeter' from '/usr/local/lib/python2.7/site-packages/bzt/modules/jmeter.pyc'>
[2017-12-05 08:03:52,776 DEBUG Engine.local] Preparing executor: jmeter/4594154640
[2017-12-05 08:03:52,776 DEBUG Engine] New artifact filename: /Users/daper01/Documents/OSLo/artifacts/2017-12-05_08-03-49.242570/jmeter.log
[2017-12-05 08:03:52,776 DEBUG Engine.jmeter] Checking if port 4445 is free
[2017-12-05 08:03:52,777 DEBUG Engine.jmeter] Port 4445 is free
[2017-12-05 08:03:52,777 DEBUG Engine.jmeter] Using port 4445 for management
[2017-12-05 08:03:52,777 DEBUG Engine.jmeter.JavaVM] Trying JavaVM: ['java', '-version']
[2017-12-05 08:03:55,221 DEBUG Engine.jmeter.JavaVM] JavaVM output: java version "1.8.0_121"
Java(TM) SE Runtime Environment (build 1.8.0_121-b13)
Java HotSpot(TM) 64-Bit Server VM (build 25.121-b13, mixed mode)

[2017-12-05 08:03:55,221 DEBUG Engine.jmeter.TclLibrary] We don't need to check tcl library on this platform
[2017-12-05 08:03:55,221 DEBUG Engine.jmeter.JMeter] Trying jmeter: /Users/daper01/.bzt/jmeter-taurus/3.3/bin/jmeter.sh
[2017-12-05 08:03:55,222 DEBUG bzt.utils] Executing shell: ['/Users/daper01/.bzt/jmeter-taurus/3.3/bin/jmeter.sh', '-j', '/var/folders/vq/xzrdy2lx047cst78f69v8z3xfzqz1q/T/jmeterPIIjbelog', '--version']
[2017-12-05 08:04:00,234 DEBUG Engine.jmeter.JMeter] JMeter check:     _    ____   _    ____ _   _ _____       _ __  __ _____ _____ _____ ____     
   / \  |  _ \ / \  / ___| | | | ____|     | |  \/  | ____|_   _| ____|  _ \   
  / _ \ | |_) / _ \| |   | |_| |  _|    _  | | |\/| |  _|   | | |  _| | |_) | 
 / ___ \|  __/ ___ \ |___|  _  | |___  | |_| | |  | | |___  | | | |___|  _ <  
/_/   \_\_| /_/   \_\____|_| |_|_____|  \___/|_|  |_|_____| |_| |_____|_| \_\ 3.3 r1808647  

Copyright (c) 1999-2017 The Apache Software Foundation

 / None
[2017-12-05 08:04:00,236 DEBUG Engine] New artifact filename: /Users/daper01/Documents/OSLo/artifacts/2017-12-05_08-03-49.242570/requests.jmx
[2017-12-05 08:04:00,249 DEBUG JMeterScenarioBuilder] Saving JMX to: /Users/daper01/Documents/OSLo/artifacts/2017-12-05_08-03-49.242570/requests.jmx
[2017-12-05 08:04:00,252 DEBUG bzt.utils] Executing shell: ['/Users/daper01/.bzt/jmeter-taurus/3.3/bin/PluginsManagerCMD.sh', 'install-for-jmx', '/Users/daper01/Documents/OSLo/artifacts/2017-12-05_08-03-49.242570/requests.jmx']
[2017-12-05 08:04:06,538 DEBUG Engine.jmeter.JMeter] Try to detect plugins for /Users/daper01/Documents/OSLo/artifacts/2017-12-05_08-03-49.242570/requests.jmx
08:04:03.196 [main] INFO  org.jmeterplugins.repository.PluginManager - Plugins Status: [jpgc-functions=2.0, jpgc-casutg=2.1, jpgc-dummy=0.2, jpgc-ffw=2.0, jpgc-fifo=0.2, jpgc-json=2.6, jpgc-prmctl=0.3, jpgc-perfmon=2.1, jpgc-plugins-manager=0.16, jpgc-tst=2.1, jmeter-core=3.3, jmeter-ftp=3.3, jmeter-http=3.3, jmeter-jdbc=3.3, jmeter-jms=3.3, jmeter-junit=3.3, jmeter-java=3.3, jmeter-ldap=3.3, jmeter-mail=3.3, jmeter-mongodb=3.3, jmeter-native=3.3, jmeter-tcp=3.3, jmeter-components=3.3]
2017-12-05 08:04:03,196 INFO o.j.r.PluginManager: Plugins Status: [jpgc-functions=2.0, jpgc-casutg=2.1, jpgc-dummy=0.2, jpgc-ffw=2.0, jpgc-fifo=0.2, jpgc-json=2.6, jpgc-prmctl=0.3, jpgc-perfmon=2.1, jpgc-plugins-manager=0.16, jpgc-tst=2.1, jmeter-core=3.3, jmeter-ftp=3.3, jmeter-http=3.3, jmeter-jdbc=3.3, jmeter-jms=3.3, jmeter-junit=3.3, jmeter-java=3.3, jmeter-ldap=3.3, jmeter-mail=3.3, jmeter-mongodb=3.3, jmeter-native=3.3, jmeter-tcp=3.3, jmeter-components=3.3]
08:04:03.917 [main] INFO  org.apache.jmeter.save.SaveService - Testplan (JMX) version: 2.2. Testlog (JTL) version: 2.2
2017-12-05 08:04:03,917 INFO o.a.j.s.SaveService: Testplan (JMX) version: 2.2. Testlog (JTL) version: 2.2
08:04:04.159 [main] INFO  org.apache.jmeter.save.SaveService - Using SaveService properties file encoding UTF-8
2017-12-05 08:04:04,159 INFO o.a.j.s.SaveService: Using SaveService properties file encoding UTF-8
08:04:04.165 [main] INFO  org.apache.jmeter.save.SaveService - Using SaveService properties version 3.2
2017-12-05 08:04:04,165 INFO o.a.j.s.SaveService: Using SaveService properties version 3.2
08:04:05.150 [main] INFO  org.apache.jmeter.protocol.http.control.CacheManager - Will only cache the following methods: [GET]
2017-12-05 08:04:05,150 INFO o.a.j.p.h.c.CacheManager: Will only cache the following methods: [GET]
08:04:05.157 [main] INFO  org.apache.jmeter.protocol.http.control.CookieManager - Settings: Delete null: true Check: true Allow variable: true Save: false Prefix: COOKIE_
2017-12-05 08:04:05,157 INFO o.a.j.p.h.c.CookieManager: Settings: Delete null: true Check: true Allow variable: true Save: false Prefix: COOKIE_
08:04:05.487 [main] INFO  org.jmeterplugins.repository.PluginManager - Restarting JMeter...
2017-12-05 08:04:05,487 INFO o.j.r.PluginManager: Restarting JMeter...
08:04:05.489 [Thread-1] INFO  org.jmeterplugins.repository.PluginManager - Starting JMeter Plugins modifications
2017-12-05 08:04:05,489 INFO o.j.r.PluginManager: Starting JMeter Plugins modifications

ERROR StatusLogger No log4j2 configuration file found. Using default configuration: logging only errors to the console. Set system property 'org.apache.logging.log4j.simplelog.StatusLogger.level' to TRACE to show Log4j2 internal initialization logging.

[2017-12-05 08:04:06,538 DEBUG Engine.jmeter] Load: LoadSpec(concurrency=50, throughput=None, ramp_up=30.0, hold=120.0, iterations=0, duration=150.0, steps=None)
[2017-12-05 08:04:06,554 DEBUG Engine.jmeter.LoadSettingsProcessor.ThreadGroupHandler] Converting ThreadGroup (blazedemo) to ConcurrencyThreadGroup and apply load parameters
[2017-12-05 08:04:06,554 DEBUG Engine] New artifact filename: /Users/daper01/Documents/OSLo/artifacts/2017-12-05_08-03-49.242570/kpi.jtl
[2017-12-05 08:04:06,555 DEBUG Engine] New artifact filename: /Users/daper01/Documents/OSLo/artifacts/2017-12-05_08-03-49.242570/error.jtl
[2017-12-05 08:04:06,558 DEBUG Engine] New artifact filename: /Users/daper01/Documents/OSLo/artifacts/2017-12-05_08-03-49.242570/modified_requests.jmx
[2017-12-05 08:04:06,558 DEBUG JMX] Saving JMX to: /Users/daper01/Documents/OSLo/artifacts/2017-12-05_08-03-49.242570/modified_requests.jmx
[2017-12-05 08:04:06,559 DEBUG Engine.jmeter] Additional properties: defaultdict(None, {'jmeter.save.saveservice.autoflush': 'true', 'jmeter.save.saveservice.connect_time': 'true', 'user.classpath': '/Users/daper01/Documents/OSLo/artifacts/2017-12-05_08-03-49.242570', 'sampleresult.default.encoding': 'UTF-8', 'summariser.name': '', 'jmeterengine.force.system.exit': 'true', 'jmeter.save.saveservice.timestamp_format': 'ms', 'mode': 'Stripped', 'jmeterengine.nongui.maxport': 4445, 'jmeterengine.nongui.port': 4445})
[2017-12-05 08:04:06,559 DEBUG Engine] New artifact filename: /Users/daper01/Documents/OSLo/artifacts/2017-12-05_08-03-49.242570/jmeter-bzt.properties
[2017-12-05 08:04:06,560 DEBUG Engine.jmeter] Additional system properties defaultdict(None, {'sun.net.inetaddr.ttl': 0})
[2017-12-05 08:04:06,560 DEBUG Engine] New artifact filename: /Users/daper01/Documents/OSLo/artifacts/2017-12-05_08-03-49.242570/system.properties
[2017-12-05 08:04:06,560 DEBUG Engine] New artifact filename: /Users/daper01/Documents/OSLo/artifacts/2017-12-05_08-03-49.242570/jmeter.out
[2017-12-05 08:04:06,560 DEBUG Engine] New artifact filename: /Users/daper01/Documents/OSLo/artifacts/2017-12-05_08-03-49.242570/jmeter.err
[2017-12-05 08:04:06,561 DEBUG Engine.local] Preparing executor: jmeter/4594154704
[2017-12-05 08:04:06,562 DEBUG Engine] New artifact filename: /Users/daper01/Documents/OSLo/artifacts/2017-12-05_08-03-49.242570/jmeter-1.log
[2017-12-05 08:04:06,562 DEBUG Engine.jmeter] Checking if port 4446 is free
[2017-12-05 08:04:06,562 DEBUG Engine.jmeter] Port 4446 is free
[2017-12-05 08:04:06,562 DEBUG Engine.jmeter] Using port 4446 for management
[2017-12-05 08:04:06,562 DEBUG Engine.jmeter.JavaVM] Trying JavaVM: ['java', '-version']
[2017-12-05 08:04:06,806 DEBUG Engine.jmeter.JavaVM] JavaVM output: java version "1.8.0_121"
Java(TM) SE Runtime Environment (build 1.8.0_121-b13)
Java HotSpot(TM) 64-Bit Server VM (build 25.121-b13, mixed mode)

[2017-12-05 08:04:06,807 DEBUG Engine.jmeter.TclLibrary] We don't need to check tcl library on this platform
[2017-12-05 08:04:06,807 DEBUG Engine.jmeter.JMeter] Trying jmeter: /Users/daper01/.bzt/jmeter-taurus/3.3/bin/jmeter.sh
[2017-12-05 08:04:06,808 DEBUG bzt.utils] Executing shell: ['/Users/daper01/.bzt/jmeter-taurus/3.3/bin/jmeter.sh', '-j', '/var/folders/vq/xzrdy2lx047cst78f69v8z3xfzqz1q/T/jmeterd7zKqglog', '--version']
[2017-12-05 08:04:08,151 DEBUG Engine.jmeter.JMeter] JMeter check:     _    ____   _    ____ _   _ _____       _ __  __ _____ _____ _____ ____     
   / \  |  _ \ / \  / ___| | | | ____|     | |  \/  | ____|_   _| ____|  _ \   
  / _ \ | |_) / _ \| |   | |_| |  _|    _  | | |\/| |  _|   | | |  _| | |_) | 
 / ___ \|  __/ ___ \ |___|  _  | |___  | |_| | |  | | |___  | | | |___|  _ <  
/_/   \_\_| /_/   \_\____|_| |_|_____|  \___/|_|  |_|_____| |_| |_____|_| \_\ 3.3 r1808647  

Copyright (c) 1999-2017 The Apache Software Foundation

 / None
[2017-12-05 08:04:08,152 DEBUG Engine] New artifact filename: /Users/daper01/Documents/OSLo/artifacts/2017-12-05_08-03-49.242570/requests-1.jmx
[2017-12-05 08:04:08,157 DEBUG JMeterScenarioBuilder] Saving JMX to: /Users/daper01/Documents/OSLo/artifacts/2017-12-05_08-03-49.242570/requests-1.jmx
[2017-12-05 08:04:08,158 DEBUG bzt.utils] Executing shell: ['/Users/daper01/.bzt/jmeter-taurus/3.3/bin/PluginsManagerCMD.sh', 'install-for-jmx', '/Users/daper01/Documents/OSLo/artifacts/2017-12-05_08-03-49.242570/requests-1.jmx']
[2017-12-05 08:04:11,493 DEBUG Engine.jmeter.JMeter] Try to detect plugins for /Users/daper01/Documents/OSLo/artifacts/2017-12-05_08-03-49.242570/requests-1.jmx
08:04:09.949 [main] INFO  org.jmeterplugins.repository.PluginManager - Plugins Status: [jpgc-functions=2.0, jpgc-casutg=2.1, jpgc-dummy=0.2, jpgc-ffw=2.0, jpgc-fifo=0.2, jpgc-json=2.6, jpgc-prmctl=0.3, jpgc-perfmon=2.1, jpgc-plugins-manager=0.16, jpgc-tst=2.1, jmeter-core=3.3, jmeter-ftp=3.3, jmeter-http=3.3, jmeter-jdbc=3.3, jmeter-jms=3.3, jmeter-junit=3.3, jmeter-java=3.3, jmeter-ldap=3.3, jmeter-mail=3.3, jmeter-mongodb=3.3, jmeter-native=3.3, jmeter-tcp=3.3, jmeter-components=3.3]
2017-12-05 08:04:09,949 INFO o.j.r.PluginManager: Plugins Status: [jpgc-functions=2.0, jpgc-casutg=2.1, jpgc-dummy=0.2, jpgc-ffw=2.0, jpgc-fifo=0.2, jpgc-json=2.6, jpgc-prmctl=0.3, jpgc-perfmon=2.1, jpgc-plugins-manager=0.16, jpgc-tst=2.1, jmeter-core=3.3, jmeter-ftp=3.3, jmeter-http=3.3, jmeter-jdbc=3.3, jmeter-jms=3.3, jmeter-junit=3.3, jmeter-java=3.3, jmeter-ldap=3.3, jmeter-mail=3.3, jmeter-mongodb=3.3, jmeter-native=3.3, jmeter-tcp=3.3, jmeter-components=3.3]
08:04:10.345 [main] INFO  org.apache.jmeter.save.SaveService - Testplan (JMX) version: 2.2. Testlog (JTL) version: 2.2
2017-12-05 08:04:10,345 INFO o.a.j.s.SaveService: Testplan (JMX) version: 2.2. Testlog (JTL) version: 2.2
08:04:10.364 [main] INFO  org.apache.jmeter.save.SaveService - Using SaveService properties file encoding UTF-8
2017-12-05 08:04:10,364 INFO o.a.j.s.SaveService: Using SaveService properties file encoding UTF-8
08:04:10.369 [main] INFO  org.apache.jmeter.save.SaveService - Using SaveService properties version 3.2
2017-12-05 08:04:10,369 INFO o.a.j.s.SaveService: Using SaveService properties version 3.2
08:04:10.411 [main] INFO  org.apache.jmeter.protocol.http.control.CacheManager - Will only cache the following methods: [GET]
2017-12-05 08:04:10,411 INFO o.a.j.p.h.c.CacheManager: Will only cache the following methods: [GET]
08:04:10.415 [main] INFO  org.apache.jmeter.protocol.http.control.CookieManager - Settings: Delete null: true Check: true Allow variable: true Save: false Prefix: COOKIE_
2017-12-05 08:04:10,415 INFO o.a.j.p.h.c.CookieManager: Settings: Delete null: true Check: true Allow variable: true Save: false Prefix: COOKIE_
08:04:10.505 [main] INFO  org.jmeterplugins.repository.PluginManager - Restarting JMeter...
2017-12-05 08:04:10,505 INFO o.j.r.PluginManager: Restarting JMeter...
08:04:10.507 [Thread-1] INFO  org.jmeterplugins.repository.PluginManager - Starting JMeter Plugins modifications
2017-12-05 08:04:10,507 INFO o.j.r.PluginManager: Starting JMeter Plugins modifications

ERROR StatusLogger No log4j2 configuration file found. Using default configuration: logging only errors to the console. Set system property 'org.apache.logging.log4j.simplelog.StatusLogger.level' to TRACE to show Log4j2 internal initialization logging.

[2017-12-05 08:04:11,494 DEBUG Engine.jmeter] Load: LoadSpec(concurrency=50, throughput=None, ramp_up=120.0, hold=30.0, iterations=0, duration=150.0, steps=None)
[2017-12-05 08:04:11,499 DEBUG Engine.jmeter.LoadSettingsProcessor.ThreadGroupHandler] Converting ThreadGroup (blazedemo) to ConcurrencyThreadGroup and apply load parameters
[2017-12-05 08:04:11,499 DEBUG Engine] New artifact filename: /Users/daper01/Documents/OSLo/artifacts/2017-12-05_08-03-49.242570/kpi-1.jtl
[2017-12-05 08:04:11,500 DEBUG Engine] New artifact filename: /Users/daper01/Documents/OSLo/artifacts/2017-12-05_08-03-49.242570/error-1.jtl
[2017-12-05 08:04:11,501 DEBUG Engine] New artifact filename: /Users/daper01/Documents/OSLo/artifacts/2017-12-05_08-03-49.242570/modified_requests-1.jmx
[2017-12-05 08:04:11,501 DEBUG JMX] Saving JMX to: /Users/daper01/Documents/OSLo/artifacts/2017-12-05_08-03-49.242570/modified_requests-1.jmx
[2017-12-05 08:04:11,502 DEBUG Engine.jmeter] Additional properties: defaultdict(None, {'jmeter.save.saveservice.autoflush': 'true', 'jmeter.save.saveservice.connect_time': 'true', 'user.classpath': '/Users/daper01/Documents/OSLo/artifacts/2017-12-05_08-03-49.242570', 'sampleresult.default.encoding': 'UTF-8', 'summariser.name': '', 'jmeterengine.force.system.exit': 'true', 'jmeter.save.saveservice.timestamp_format': 'ms', 'mode': 'Stripped', 'jmeterengine.nongui.maxport': 4446, 'jmeterengine.nongui.port': 4446})
[2017-12-05 08:04:11,502 DEBUG Engine] New artifact filename: /Users/daper01/Documents/OSLo/artifacts/2017-12-05_08-03-49.242570/jmeter-bzt-1.properties
[2017-12-05 08:04:11,502 DEBUG Engine.jmeter] Additional system properties defaultdict(None, {'sun.net.inetaddr.ttl': 0})
[2017-12-05 08:04:11,503 DEBUG Engine] New artifact filename: /Users/daper01/Documents/OSLo/artifacts/2017-12-05_08-03-49.242570/system-1.properties
[2017-12-05 08:04:11,503 DEBUG Engine] New artifact filename: /Users/daper01/Documents/OSLo/artifacts/2017-12-05_08-03-49.242570/jmeter-1.out
[2017-12-05 08:04:11,503 DEBUG Engine] New artifact filename: /Users/daper01/Documents/OSLo/artifacts/2017-12-05_08-03-49.242570/jmeter-1.err
[2017-12-05 08:04:11,505 DEBUG Engine] Module config: final-stats defaultdict(None, {'class': 'bzt.modules.reporting.FinalStatus'})
[2017-12-05 08:04:11,505 DEBUG root] Importing module: bzt.modules.reporting
[2017-12-05 08:04:12,342 DEBUG easyprocess] version=0.2.3
[2017-12-05 08:04:12,345 DEBUG pyvirtualdisplay] version=0.2.1
[2017-12-05 08:04:12,347 DEBUG root] Loading class: 'FinalStatus' from <module 'bzt.modules.reporting' from '/usr/local/lib/python2.7/site-packages/bzt/modules/reporting.pyc'>
[2017-12-05 08:04:12,347 DEBUG Engine] Module config: console defaultdict(None, {'class': 'bzt.modules.console.ConsoleStatusReporter'})
[2017-12-05 08:04:12,348 DEBUG root] Importing module: bzt.modules.console
[2017-12-05 08:04:12,348 DEBUG root] Loading class: 'ConsoleStatusReporter' from <module 'bzt.modules.console' from '/usr/local/lib/python2.7/site-packages/bzt/modules/console.pyc'>
[2017-12-05 08:04:12,356 DEBUG Engine.Configuration] Dumping YAML config into /Users/daper01/Documents/OSLo/artifacts/2017-12-05_08-03-49.242570/effective.yml
[2017-12-05 08:04:12,393 DEBUG Engine.Configuration] Dumping JSON config into /Users/daper01/Documents/OSLo/artifacts/2017-12-05_08-03-49.242570/effective.json
[2017-12-05 08:04:12,394 INFO Engine] Starting...
[2017-12-05 08:04:12,395 DEBUG Engine] Startup <bzt.modules.monitoring.Monitoring object at 0x111c1e750>
[2017-12-05 08:04:12,395 DEBUG Engine] Startup <bzt.modules.aggregator.ConsolidatingAggregator object at 0x111c08810>
[2017-12-05 08:04:12,395 DEBUG Engine] Startup <bzt.modules.reporting.FinalStatus object at 0x111d53ad0>
[2017-12-05 08:04:12,395 DEBUG Engine] Startup <bzt.modules.console.ConsoleStatusReporter object at 0x111dca750>
[2017-12-05 08:04:12,395 INFO Engine.console] Waiting for results...
[2017-12-05 08:04:12,395 DEBUG Engine] Startup <bzt.modules.reporting.FinalStatus object at 0x111de7b10>
[2017-12-05 08:04:12,396 DEBUG Engine] Startup <bzt.modules.provisioning.Local object at 0x111c08510>
[2017-12-05 08:04:12,396 DEBUG Engine.local] Delay setup for jmeter/blazedemo: 0(start-at) + 0(delay) = 0
[2017-12-05 08:04:12,396 DEBUG Engine.local] Delay setup for jmeter/blazedemo: 0(start-at) + 0(delay) = 0
[2017-12-05 08:04:12,399 DEBUG Engine.Configuration] Dumping YAML config into /Users/daper01/Documents/OSLo/artifacts/2017-12-05_08-03-49.242570/effective.yml
[2017-12-05 08:04:12,463 DEBUG Engine.Configuration] Dumping JSON config into /Users/daper01/Documents/OSLo/artifacts/2017-12-05_08-03-49.242570/effective.json
[2017-12-05 08:04:12,465 DEBUG root] Leveling down log file verbosity, use -v option to have DEBUG messages enabled
[2017-12-05 08:04:12,744 INFO Engine.console] Waiting for finish...
[2017-12-05 08:04:55,061 WARNING Engine] Please wait for graceful shutdown...
[2017-12-05 08:04:55,071 DEBUG root] Leveled up log file verbosity
[2017-12-05 08:04:55,072 INFO Engine] Shutting down...
[2017-12-05 08:04:55,078 DEBUG Engine.local] Shutdown jmeter/blazedemo
[2017-12-05 08:04:56,083 INFO Engine.jmeter] Sending Shutdown command to JMeter on port 4445...
[2017-12-05 08:04:57,096 DEBUG Engine.jmeter] JMeter stopped on Shutdown command
[2017-12-05 08:04:57,096 DEBUG Engine.local] Shutdown jmeter/blazedemo
[2017-12-05 08:04:58,100 INFO Engine.jmeter] Sending Shutdown command to JMeter on port 4446...
[2017-12-05 08:04:59,113 DEBUG Engine.jmeter] JMeter stopped on Shutdown command
[2017-12-05 08:04:59,114 DEBUG Engine.console] Restoring logging streams, [<logging.StreamHandler object at 0x111097710>]/{<logging.StreamHandler object at 0x111097710>: <open file '<stdout>', mode 'w' at 0x1100af150>}
[2017-12-05 08:04:59,118 DEBUG Engine.Configuration] Dumping YAML config into /Users/daper01/Documents/OSLo/artifacts/2017-12-05_08-03-49.242570/effective.yml
[2017-12-05 08:04:59,166 DEBUG Engine.Configuration] Dumping JSON config into /Users/daper01/Documents/OSLo/artifacts/2017-12-05_08-03-49.242570/effective.json
[2017-12-05 08:04:59,168 WARNING root] Keyboard interrupt
[2017-12-05 08:04:59,169 DEBUG root] KeyboardInterrupt: 
Traceback (most recent call last):
  File "/usr/local/lib/python2.7/site-packages/bzt/cli.py", line 221, in perform
    self.engine.run()
  File "/usr/local/lib/python2.7/site-packages/bzt/engine.py", line 202, in run
    reraise(exc_info)
  File "/usr/local/lib/python2.7/site-packages/bzt/engine.py", line 184, in run
    self._wait()
  File "/usr/local/lib/python2.7/site-packages/bzt/engine.py", line 227, in _wait
    time.sleep(delay)
KeyboardInterrupt
[2017-12-05 08:04:59,169 INFO Engine] Post-processing...
[2017-12-05 08:04:59,169 DEBUG Engine.local] Post-process jmeter/blazedemo
[2017-12-05 08:04:59,169 DEBUG Engine] Add existing artifact (move=True): /Users/daper01/Documents/OSLo/artifacts/2017-12-05_08-03-49.242570/modified_requests.jmx
[2017-12-05 08:04:59,169 DEBUG Engine] No need to copy /Users/daper01/Documents/OSLo/artifacts/2017-12-05_08-03-49.242570/modified_requests.jmx
[2017-12-05 08:04:59,169 DEBUG Engine.local] Post-process jmeter/blazedemo
[2017-12-05 08:04:59,170 DEBUG Engine] Add existing artifact (move=True): /Users/daper01/Documents/OSLo/artifacts/2017-12-05_08-03-49.242570/modified_requests-1.jmx
[2017-12-05 08:04:59,170 DEBUG Engine] No need to copy /Users/daper01/Documents/OSLo/artifacts/2017-12-05_08-03-49.242570/modified_requests-1.jmx
[2017-12-05 08:04:59,171 DEBUG Engine.jmeter.JTLErrorsReader] Opening /Users/daper01/Documents/OSLo/artifacts/2017-12-05_08-03-49.242570/error.jtl
[2017-12-05 08:04:59,184 DEBUG Engine.jmeter.JTLReader.IncrementalCSVReader] Reading JTL: /Users/daper01/Documents/OSLo/artifacts/2017-12-05_08-03-49.242570/kpi.jtl
[2017-12-05 08:04:59,184 DEBUG Engine.jmeter.JTLReader.IncrementalCSVReader] Read lines: 212 / 23084 bytes (at speed 1048576)
[2017-12-05 08:04:59,190 DEBUG Engine.jmeter.JTLReader] Buffer len: 4
[2017-12-05 08:04:59,190 DEBUG Engine.jmeter.JTLReader] Aggregating: 1512489893
[2017-12-05 08:04:59,210 DEBUG Engine.jmeter.JTLReader] Aggregating: 1512489894
[2017-12-05 08:04:59,227 DEBUG Engine.jmeter.JTLReader] Aggregating: 1512489895
[2017-12-05 08:04:59,241 DEBUG Engine.jmeter.JTLReader] Aggregating: 1512489896
[2017-12-05 08:04:59,250 DEBUG Engine.jmeter.JTLErrorsReader] Opening /Users/daper01/Documents/OSLo/artifacts/2017-12-05_08-03-49.242570/error-1.jtl
[2017-12-05 08:04:59,253 DEBUG Engine.jmeter.JTLReader.IncrementalCSVReader] Reading JTL: /Users/daper01/Documents/OSLo/artifacts/2017-12-05_08-03-49.242570/kpi-1.jtl
[2017-12-05 08:04:59,254 DEBUG Engine.jmeter.JTLReader.IncrementalCSVReader] Read lines: 223 / 21187 bytes (at speed 1048576)
[2017-12-05 08:04:59,259 DEBUG Engine.jmeter.JTLReader] Buffer len: 6
[2017-12-05 08:04:59,259 DEBUG Engine.jmeter.JTLReader] Aggregating: 1512489893
[2017-12-05 08:04:59,266 DEBUG Engine.jmeter.JTLReader] Aggregating: 1512489894
[2017-12-05 08:04:59,275 DEBUG Engine.jmeter.JTLReader] Aggregating: 1512489895
[2017-12-05 08:04:59,282 DEBUG Engine.jmeter.JTLReader] Aggregating: 1512489896
[2017-12-05 08:04:59,290 DEBUG Engine.jmeter.JTLReader] Aggregating: 1512489897
[2017-12-05 08:04:59,299 DEBUG Engine.jmeter.JTLReader] Aggregating: 1512489898
[2017-12-05 08:04:59,306 DEBUG Engine.consolidator] Consolidator buffer[8]: [1512489891, 1512489892, 1512489893, 1512489894, 1512489895, 1512489896, 1512489897, 1512489898]
[2017-12-05 08:04:59,306 DEBUG Engine.consolidator] Merging into 1512489891
[2017-12-05 08:04:59,306 DEBUG Engine.consolidator] Merging 1512489891
[2017-12-05 08:04:59,311 DEBUG Engine.consolidator] Merging 1512489891
[2017-12-05 08:04:59,329 DEBUG Engine.consolidator] Processed datapoint: 1512489891/None
[2017-12-05 08:04:59,329 DEBUG Engine.consolidator] Merging into 1512489892
[2017-12-05 08:04:59,329 DEBUG Engine.consolidator] Merging 1512489892
[2017-12-05 08:04:59,334 DEBUG Engine.consolidator] Merging 1512489892
[2017-12-05 08:04:59,351 DEBUG Engine.consolidator] Processed datapoint: 1512489892/None
[2017-12-05 08:04:59,351 DEBUG Engine.consolidator] Merging into 1512489893
[2017-12-05 08:04:59,351 DEBUG Engine.consolidator] Merging 1512489893
[2017-12-05 08:04:59,357 DEBUG Engine.consolidator] Merging 1512489893
[2017-12-05 08:04:59,374 DEBUG Engine.consolidator] Processed datapoint: 1512489893/None
[2017-12-05 08:04:59,374 DEBUG Engine.consolidator] Merging into 1512489894
[2017-12-05 08:04:59,374 DEBUG Engine.consolidator] Merging 1512489894
[2017-12-05 08:04:59,380 DEBUG Engine.consolidator] Merging 1512489894
[2017-12-05 08:04:59,399 DEBUG Engine.consolidator] Processed datapoint: 1512489894/None
[2017-12-05 08:04:59,399 DEBUG Engine.consolidator] Merging into 1512489895
[2017-12-05 08:04:59,399 DEBUG Engine.consolidator] Merging 1512489895
[2017-12-05 08:04:59,405 DEBUG Engine.consolidator] Merging 1512489895
[2017-12-05 08:04:59,424 DEBUG Engine.consolidator] Processed datapoint: 1512489895/None
[2017-12-05 08:04:59,424 DEBUG Engine.consolidator] Merging into 1512489896
[2017-12-05 08:04:59,424 DEBUG Engine.consolidator] Merging 1512489896
[2017-12-05 08:04:59,428 DEBUG Engine.consolidator] Merging 1512489896
[2017-12-05 08:04:59,447 DEBUG Engine.consolidator] Processed datapoint: 1512489896/None
[2017-12-05 08:04:59,447 DEBUG Engine.consolidator] Merging into 1512489897
[2017-12-05 08:04:59,447 DEBUG Engine.consolidator] Merging 1512489897
[2017-12-05 08:04:59,460 DEBUG Engine.consolidator] Processed datapoint: 1512489897/None
[2017-12-05 08:04:59,460 DEBUG Engine.consolidator] Merging into 1512489898
[2017-12-05 08:04:59,460 DEBUG Engine.consolidator] Merging 1512489898
[2017-12-05 08:04:59,473 DEBUG Engine.consolidator] Processed datapoint: 1512489898/None
[2017-12-05 08:04:59,473 INFO Engine.final-stats] Test duration: 0:00:47
[2017-12-05 08:04:59,473 INFO Engine.final-stats] Samples count: 4916, 1.34% failures
[2017-12-05 08:04:59,473 INFO Engine.final-stats] Average times: total 0.318, latency 0.306, connect 0.000
[2017-12-05 08:04:59,473 INFO Engine.final-stats] Percentile 0.0%: 0.022
[2017-12-05 08:04:59,474 INFO Engine.final-stats] Percentile 50.0%: 0.312
[2017-12-05 08:04:59,474 INFO Engine.final-stats] Percentile 90.0%: 0.463
[2017-12-05 08:04:59,474 INFO Engine.final-stats] Percentile 95.0%: 0.485
[2017-12-05 08:04:59,474 INFO Engine.final-stats] Percentile 99.0%: 0.539
[2017-12-05 08:04:59,474 INFO Engine.final-stats] Percentile 99.9%: 1.850
[2017-12-05 08:04:59,474 INFO Engine.final-stats] Percentile 100.0%: 2.630
[2017-12-05 08:04:59,475 DEBUG Engine.console] No logger_handler or orig_stream was detected
[2017-12-05 08:04:59,475 INFO Engine.final-stats] Test duration: 0:00:47
[2017-12-05 08:04:59,475 INFO Engine.final-stats] Samples count: 4916, 1.34% failures
[2017-12-05 08:04:59,475 INFO Engine.final-stats] Average times: total 0.318, latency 0.306, connect 0.000
[2017-12-05 08:04:59,475 INFO Engine.final-stats] Percentile 0.0%: 0.022
[2017-12-05 08:04:59,475 INFO Engine.final-stats] Percentile 50.0%: 0.312
[2017-12-05 08:04:59,475 INFO Engine.final-stats] Percentile 90.0%: 0.463
[2017-12-05 08:04:59,476 INFO Engine.final-stats] Percentile 95.0%: 0.485
[2017-12-05 08:04:59,476 INFO Engine.final-stats] Percentile 99.0%: 0.539
[2017-12-05 08:04:59,476 INFO Engine.final-stats] Percentile 99.9%: 1.850
[2017-12-05 08:04:59,476 INFO Engine.final-stats] Percentile 100.0%: 2.630
[2017-12-05 08:04:59,476 INFO Engine.final-stats] Dumping final status as XML: stats.xml
[2017-12-05 08:04:59,499 DEBUG Engine.Configuration] Dumping YAML config into /Users/daper01/Documents/OSLo/artifacts/2017-12-05_08-03-49.242570/effective.yml
[2017-12-05 08:04:59,553 DEBUG Engine.Configuration] Dumping JSON config into /Users/daper01/Documents/OSLo/artifacts/2017-12-05_08-03-49.242570/effective.json
[2017-12-05 08:04:59,555 INFO root] Artifacts dir: /Users/daper01/Documents/OSLo/artifacts/2017-12-05_08-03-49.242570
[2017-12-05 08:04:59,555 WARNING root] Done performing with code: 1
[2017-12-05 08:04:59,555 DEBUG root] Closing log handler: /Users/daper01/Documents/OSLo/artifacts/2017-12-05_08-03-49.242570/bzt.log
