2017-12-05 08:04:14,449 INFO o.a.j.u.JMeterUtils: Setting Locale to en_US
2017-12-05 08:04:14,467 INFO o.a.j.JMeter: Loading user properties from: /Users/daper01/.bzt/jmeter-taurus/3.3/bin/user.properties
2017-12-05 08:04:14,468 INFO o.a.j.JMeter: Loading system properties from: /Users/daper01/.bzt/jmeter-taurus/3.3/bin/system.properties
2017-12-05 08:04:14,470 INFO o.a.j.JMeter: Setting System properties from file: /Users/daper01/Documents/OSLo/artifacts/2017-12-05_08-03-49.242570/system.properties
2017-12-05 08:04:14,479 INFO o.a.j.JMeter: Copyright (c) 1998-2017 The Apache Software Foundation
2017-12-05 08:04:14,479 INFO o.a.j.JMeter: Version 3.3 r1808647
2017-12-05 08:04:14,479 INFO o.a.j.JMeter: java.version=1.8.0_121
2017-12-05 08:04:14,479 INFO o.a.j.JMeter: java.vm.name=Java HotSpot(TM) 64-Bit Server VM
2017-12-05 08:04:14,479 INFO o.a.j.JMeter: os.name=Mac OS X
2017-12-05 08:04:14,479 INFO o.a.j.JMeter: os.arch=x86_64
2017-12-05 08:04:14,479 INFO o.a.j.JMeter: os.version=10.13.1
2017-12-05 08:04:14,479 INFO o.a.j.JMeter: file.encoding=UTF-8
2017-12-05 08:04:14,480 INFO o.a.j.JMeter: Max memory     =3817865216
2017-12-05 08:04:14,480 INFO o.a.j.JMeter: Available Processors =4
2017-12-05 08:04:14,483 INFO o.a.j.JMeter: Default Locale=English (United States)
2017-12-05 08:04:14,484 INFO o.a.j.JMeter: JMeter  Locale=English (United States)
2017-12-05 08:04:14,484 INFO o.a.j.JMeter: JMeterHome=/Users/daper01/.bzt/jmeter-taurus/3.3
2017-12-05 08:04:14,484 INFO o.a.j.JMeter: user.dir  =/Users/daper01/Documents/OSLo
2017-12-05 08:04:14,484 INFO o.a.j.JMeter: PWD       =/Users/daper01/Documents/OSLo
2017-12-05 08:04:14,486 INFO o.a.j.JMeter: IP: 10.137.176.136 Name: daper01mac1124 FullName: daper01mac1124.ca.com
2017-12-05 08:04:14,486 INFO o.a.j.JMeter: user.classpath=/Users/daper01/Documents/OSLo/artifacts/2017-12-05_08-03-49.242570
2017-12-05 08:04:14,486 INFO o.a.j.JMeter: Adding to classpath and loader: /Users/daper01/Documents/OSLo/artifacts/2017-12-05_08-03-49.242570
2017-12-05 08:04:14,498 INFO o.a.j.s.FileServer: Default base='/Users/daper01/Documents/OSLo'
2017-12-05 08:04:14,498 INFO o.a.j.s.FileServer: Set new base='/Users/daper01/Documents/OSLo/artifacts/2017-12-05_08-03-49.242570'
2017-12-05 08:04:14,742 INFO o.a.j.s.SaveService: Testplan (JMX) version: 2.2. Testlog (JTL) version: 2.2
2017-12-05 08:04:14,766 INFO o.a.j.s.SaveService: Using SaveService properties file encoding UTF-8
2017-12-05 08:04:14,775 INFO o.a.j.s.SaveService: Using SaveService properties version 3.2
2017-12-05 08:04:14,783 INFO o.a.j.s.SaveService: Loading file: /Users/daper01/Documents/OSLo/artifacts/2017-12-05_08-03-49.242570/modified_requests.jmx
2017-12-05 08:04:15,034 INFO o.a.j.p.h.c.CacheManager: Will only cache the following methods: [GET]
2017-12-05 08:04:15,037 INFO o.a.j.p.h.c.CookieManager: Settings: Delete null: true Check: true Allow variable: true Save: false Prefix: COOKIE_
2017-12-05 08:04:15,078 INFO o.a.j.p.h.s.HTTPSamplerBase: Parser for text/html is org.apache.jmeter.protocol.http.parser.LagartoBasedHtmlParser
2017-12-05 08:04:15,078 INFO o.a.j.p.h.s.HTTPSamplerBase: Parser for application/xhtml+xml is org.apache.jmeter.protocol.http.parser.LagartoBasedHtmlParser
2017-12-05 08:04:15,078 INFO o.a.j.p.h.s.HTTPSamplerBase: Parser for application/xml is org.apache.jmeter.protocol.http.parser.LagartoBasedHtmlParser
2017-12-05 08:04:15,078 INFO o.a.j.p.h.s.HTTPSamplerBase: Parser for text/xml is org.apache.jmeter.protocol.http.parser.LagartoBasedHtmlParser
2017-12-05 08:04:15,078 INFO o.a.j.p.h.s.HTTPSamplerBase: Parser for text/vnd.wap.wml is org.apache.jmeter.protocol.http.parser.RegexpHTMLParser
2017-12-05 08:04:15,078 INFO o.a.j.p.h.s.HTTPSamplerBase: Parser for text/css is org.apache.jmeter.protocol.http.parser.CssParser
2017-12-05 08:04:15,120 INFO o.a.j.e.StandardJMeterEngine: Running the test!
2017-12-05 08:04:15,122 INFO o.a.j.s.SampleEvent: List of sample_variables: []
2017-12-05 08:04:15,122 INFO o.a.j.s.SampleEvent: List of sample_variables: []
2017-12-05 08:04:15,127 INFO o.a.j.e.u.CompoundVariable: Note: Function class names must contain the string: '.functions.'
2017-12-05 08:04:15,127 INFO o.a.j.e.u.CompoundVariable: Note: Function class names must not contain the string: '.gui.'
2017-12-05 08:04:16,327 INFO o.a.j.JMeter: Running test (1512489856327)
2017-12-05 08:04:16,378 INFO o.a.j.e.StandardJMeterEngine: Starting ThreadGroup: 1 : blazedemo
2017-12-05 08:04:16,378 INFO o.a.j.e.StandardJMeterEngine: Starting 50 threads for group blazedemo.
2017-12-05 08:04:16,378 INFO o.a.j.e.StandardJMeterEngine: Thread will continue on error
2017-12-05 08:04:16,382 INFO c.b.j.t.c.ConcurrencyThreadStarter: Start supplying threads
2017-12-05 08:04:16,382 INFO o.a.j.e.StandardJMeterEngine: All thread groups have been started
2017-12-05 08:04:16,698 INFO o.a.j.s.SampleResult: Note: Sample TimeStamps are START times
2017-12-05 08:04:16,698 INFO o.a.j.s.SampleResult: sampleresult.default.encoding is set to UTF-8
2017-12-05 08:04:16,698 INFO o.a.j.s.SampleResult: sampleresult.useNanoTime=true
2017-12-05 08:04:16,698 INFO o.a.j.s.SampleResult: sampleresult.nanoThreadSleep=5000
2017-12-05 08:04:18,613 INFO o.a.j.t.JMeterThread: Thread started: blazedemo 1-2
2017-12-05 08:04:18,613 INFO o.a.j.t.JMeterThread: Thread started: blazedemo 1-1
2017-12-05 08:04:18,616 INFO o.a.j.s.FileServer: Stored: /Users/daper01/Documents/OSLo/param.csv
2017-12-05 08:04:18,633 INFO o.a.j.p.h.s.HTTPHCAbstractImpl: Local host = daper01mac1124
2017-12-05 08:04:18,638 INFO o.a.j.p.h.s.HTTPHC4Impl: HTTP request retry count = 0
2017-12-05 08:04:18,709 INFO o.a.j.t.JMeterThread: Thread started: blazedemo 1-4
2017-12-05 08:04:18,709 INFO o.a.j.t.JMeterThread: Thread started: blazedemo 1-3
2017-12-05 08:04:19,713 INFO o.a.j.t.JMeterThread: Thread started: blazedemo 1-5
2017-12-05 08:04:19,717 INFO o.a.j.t.JMeterThread: Thread started: blazedemo 1-6
2017-12-05 08:04:20,719 INFO o.a.j.t.JMeterThread: Thread started: blazedemo 1-7
2017-12-05 08:04:21,725 INFO o.a.j.t.JMeterThread: Thread started: blazedemo 1-8
2017-12-05 08:04:21,726 INFO o.a.j.t.JMeterThread: Thread started: blazedemo 1-9
2017-12-05 08:04:22,730 INFO o.a.j.t.JMeterThread: Thread started: blazedemo 1-10
2017-12-05 08:04:22,734 INFO o.a.j.t.JMeterThread: Thread started: blazedemo 1-11
2017-12-05 08:04:23,739 INFO o.a.j.t.JMeterThread: Thread started: blazedemo 1-12
2017-12-05 08:04:24,744 INFO o.a.j.t.JMeterThread: Thread started: blazedemo 1-13
2017-12-05 08:04:24,744 INFO o.a.j.t.JMeterThread: Thread started: blazedemo 1-14
2017-12-05 08:04:25,753 INFO o.a.j.t.JMeterThread: Thread started: blazedemo 1-15
2017-12-05 08:04:25,756 INFO o.a.j.t.JMeterThread: Thread started: blazedemo 1-16
2017-12-05 08:04:26,760 INFO o.a.j.t.JMeterThread: Thread started: blazedemo 1-17
2017-12-05 08:04:27,763 INFO o.a.j.t.JMeterThread: Thread started: blazedemo 1-18
2017-12-05 08:04:27,763 INFO o.a.j.t.JMeterThread: Thread started: blazedemo 1-19
2017-12-05 08:04:28,769 INFO o.a.j.t.JMeterThread: Thread started: blazedemo 1-20
2017-12-05 08:04:28,770 INFO o.a.j.t.JMeterThread: Thread started: blazedemo 1-21
2017-12-05 08:04:29,777 INFO o.a.j.t.JMeterThread: Thread started: blazedemo 1-22
2017-12-05 08:04:30,782 INFO o.a.j.t.JMeterThread: Thread started: blazedemo 1-23
2017-12-05 08:04:30,782 INFO o.a.j.t.JMeterThread: Thread started: blazedemo 1-24
2017-12-05 08:04:31,789 INFO o.a.j.t.JMeterThread: Thread started: blazedemo 1-25
2017-12-05 08:04:31,789 INFO o.a.j.t.JMeterThread: Thread started: blazedemo 1-26
2017-12-05 08:04:32,793 INFO o.a.j.t.JMeterThread: Thread started: blazedemo 1-27
2017-12-05 08:04:33,798 INFO o.a.j.t.JMeterThread: Thread started: blazedemo 1-28
2017-12-05 08:04:33,798 INFO o.a.j.t.JMeterThread: Thread started: blazedemo 1-29
2017-12-05 08:04:34,803 INFO o.a.j.t.JMeterThread: Thread started: blazedemo 1-30
2017-12-05 08:04:34,803 INFO o.a.j.t.JMeterThread: Thread started: blazedemo 1-31
2017-12-05 08:04:35,808 INFO o.a.j.t.JMeterThread: Thread started: blazedemo 1-32
2017-12-05 08:04:36,813 INFO o.a.j.t.JMeterThread: Thread started: blazedemo 1-33
2017-12-05 08:04:36,814 INFO o.a.j.t.JMeterThread: Thread started: blazedemo 1-34
2017-12-05 08:04:37,818 INFO o.a.j.t.JMeterThread: Thread started: blazedemo 1-35
2017-12-05 08:04:37,819 INFO o.a.j.t.JMeterThread: Thread started: blazedemo 1-36
2017-12-05 08:04:38,822 INFO o.a.j.t.JMeterThread: Thread started: blazedemo 1-37
2017-12-05 08:04:39,827 INFO o.a.j.t.JMeterThread: Thread started: blazedemo 1-38
2017-12-05 08:04:39,828 INFO o.a.j.t.JMeterThread: Thread started: blazedemo 1-39
2017-12-05 08:04:40,834 INFO o.a.j.t.JMeterThread: Thread started: blazedemo 1-40
2017-12-05 08:04:40,834 INFO o.a.j.t.JMeterThread: Thread started: blazedemo 1-41
2017-12-05 08:04:41,839 INFO o.a.j.t.JMeterThread: Thread started: blazedemo 1-42
2017-12-05 08:04:42,844 INFO o.a.j.t.JMeterThread: Thread started: blazedemo 1-43
2017-12-05 08:04:42,844 INFO o.a.j.t.JMeterThread: Thread started: blazedemo 1-44
2017-12-05 08:04:43,848 INFO o.a.j.t.JMeterThread: Thread started: blazedemo 1-45
2017-12-05 08:04:43,849 INFO o.a.j.t.JMeterThread: Thread started: blazedemo 1-46
2017-12-05 08:04:44,854 INFO o.a.j.t.JMeterThread: Thread started: blazedemo 1-47
2017-12-05 08:04:45,856 INFO o.a.j.t.JMeterThread: Thread started: blazedemo 1-48
2017-12-05 08:04:45,857 INFO o.a.j.t.JMeterThread: Thread started: blazedemo 1-49
2017-12-05 08:04:46,860 INFO o.a.j.t.JMeterThread: Thread started: blazedemo 1-50
2017-12-05 08:04:56,094 INFO o.a.j.JMeter: Command: Shutdown received from /127.0.0.1
2017-12-05 08:04:56,096 INFO c.b.j.t.c.ConcurrencyThreadStarter: Done supplying threads
2017-12-05 08:04:56,096 WARN o.a.j.t.JMeterThread: Interrupting: blazedemo 1-36 sampler: Purchase Page
2017-12-05 08:04:56,097 WARN o.a.j.t.JMeterThread: Interrupting: blazedemo 1-17 sampler: Welcome Page
2017-12-05 08:04:56,098 WARN o.a.j.t.JMeterThread: Interrupting: blazedemo 1-19 sampler: Confirmation Page
2017-12-05 08:04:56,099 WARN o.a.j.t.JMeterThread: Interrupting: blazedemo 1-9 sampler: Welcome Page
2017-12-05 08:04:56,100 WARN o.a.j.t.JMeterThread: Interrupting: blazedemo 1-24 sampler: Confirmation Page
2017-12-05 08:04:56,101 WARN o.a.j.t.JMeterThread: Interrupting: blazedemo 1-22 sampler: Confirmation Page
2017-12-05 08:04:56,103 WARN o.a.j.t.JMeterThread: Interrupting: blazedemo 1-1 sampler: Welcome Page
2017-12-05 08:04:56,104 WARN o.a.j.t.JMeterThread: Interrupting: blazedemo 1-48 sampler: Welcome Page
2017-12-05 08:04:56,105 WARN o.a.j.t.JMeterThread: Interrupting: blazedemo 1-13 sampler: Confirmation Page
2017-12-05 08:04:56,106 WARN o.a.j.t.JMeterThread: Interrupting: blazedemo 1-30 sampler: Welcome Page
2017-12-05 08:04:56,108 WARN o.a.j.t.JMeterThread: Interrupting: blazedemo 1-4 sampler: Purchase Page
2017-12-05 08:04:56,109 WARN o.a.j.t.JMeterThread: Interrupting: blazedemo 1-12 sampler: Reserve Page
2017-12-05 08:04:56,116 WARN o.a.j.t.JMeterThread: Interrupting: blazedemo 1-27 sampler: Reserve Page
2017-12-05 08:04:56,122 WARN o.a.j.t.JMeterThread: Interrupting: blazedemo 1-18 sampler: Welcome Page
2017-12-05 08:04:56,122 WARN o.a.j.t.JMeterThread: Interrupting: blazedemo 1-23 sampler: Confirmation Page
2017-12-05 08:04:56,122 INFO o.a.j.t.JMeterThread: Thread is done: blazedemo 1-19
2017-12-05 08:04:56,122 INFO o.a.j.t.JMeterThread: Thread finished: blazedemo 1-19
2017-12-05 08:04:56,123 WARN o.a.j.t.JMeterThread: Interrupting: blazedemo 1-2 sampler: Welcome Page
2017-12-05 08:04:56,124 WARN o.a.j.t.JMeterThread: Interrupting: blazedemo 1-38 sampler: Purchase Page
2017-12-05 08:04:56,124 INFO o.a.j.t.JMeterThread: Thread is done: blazedemo 1-12
2017-12-05 08:04:56,124 INFO o.a.j.t.JMeterThread: Thread finished: blazedemo 1-12
2017-12-05 08:04:56,125 WARN o.a.j.t.JMeterThread: Interrupting: blazedemo 1-28 sampler: Reserve Page
2017-12-05 08:04:56,126 INFO o.a.j.t.JMeterThread: Thread is done: blazedemo 1-4
2017-12-05 08:04:56,126 INFO o.a.j.t.JMeterThread: Thread finished: blazedemo 1-4
2017-12-05 08:04:56,127 WARN o.a.j.t.JMeterThread: Interrupting: blazedemo 1-14 sampler: Purchase Page
2017-12-05 08:04:56,128 INFO o.a.j.t.JMeterThread: Thread is done: blazedemo 1-30
2017-12-05 08:04:56,128 INFO o.a.j.t.JMeterThread: Thread finished: blazedemo 1-30
2017-12-05 08:04:56,129 WARN o.a.j.t.JMeterThread: Interrupting: blazedemo 1-50 sampler: Welcome Page
2017-12-05 08:04:56,131 WARN o.a.j.t.JMeterThread: Interrupting: blazedemo 1-49 sampler: Confirmation Page
2017-12-05 08:04:56,131 INFO o.a.j.t.JMeterThread: Thread is done: blazedemo 1-38
2017-12-05 08:04:56,131 INFO o.a.j.t.JMeterThread: Thread finished: blazedemo 1-38
2017-12-05 08:04:56,131 WARN o.a.j.t.JMeterThread: Interrupting: blazedemo 1-46 sampler: Purchase Page
2017-12-05 08:04:56,132 WARN o.a.j.t.JMeterThread: Interrupting: blazedemo 1-41 sampler: Welcome Page
2017-12-05 08:04:56,133 INFO o.a.j.t.JMeterThread: Thread is done: blazedemo 1-14
2017-12-05 08:04:56,133 INFO o.a.j.t.JMeterThread: Thread finished: blazedemo 1-14
2017-12-05 08:04:56,134 WARN o.a.j.t.JMeterThread: Interrupting: blazedemo 1-31 sampler: Reserve Page
2017-12-05 08:04:56,135 WARN o.a.j.t.JMeterThread: Interrupting: blazedemo 1-47 sampler: Confirmation Page
2017-12-05 08:04:56,136 INFO o.a.j.t.JMeterThread: Thread is done: blazedemo 1-50
2017-12-05 08:04:56,136 INFO o.a.j.t.JMeterThread: Thread finished: blazedemo 1-50
2017-12-05 08:04:56,137 WARN o.a.j.t.JMeterThread: Interrupting: blazedemo 1-29 sampler: Confirmation Page
2017-12-05 08:04:56,137 WARN o.a.j.t.JMeterThread: Interrupting: blazedemo 1-15 sampler: Welcome Page
2017-12-05 08:04:56,139 INFO o.a.j.t.JMeterThread: Thread is done: blazedemo 1-13
2017-12-05 08:04:56,139 INFO o.a.j.t.JMeterThread: Thread finished: blazedemo 1-13
2017-12-05 08:04:56,139 WARN o.a.j.t.JMeterThread: Interrupting: blazedemo 1-11 sampler: Purchase Page
2017-12-05 08:04:56,140 WARN o.a.j.t.JMeterThread: Interrupting: blazedemo 1-5 sampler: Welcome Page
2017-12-05 08:04:56,142 WARN o.a.j.t.JMeterThread: Interrupting: blazedemo 1-7 sampler: Purchase Page
2017-12-05 08:04:56,143 WARN o.a.j.t.JMeterThread: Interrupting: blazedemo 1-37 sampler: Confirmation Page
2017-12-05 08:04:56,143 INFO o.a.j.t.JMeterThread: Thread is done: blazedemo 1-48
2017-12-05 08:04:56,143 WARN o.a.j.t.JMeterThread: Interrupting: blazedemo 1-26 sampler: Reserve Page
2017-12-05 08:04:56,143 INFO o.a.j.t.JMeterThread: Thread finished: blazedemo 1-48
2017-12-05 08:04:56,143 WARN o.a.j.t.JMeterThread: Interrupting: blazedemo 1-6 sampler: Reserve Page
2017-12-05 08:04:56,144 WARN o.a.j.t.JMeterThread: Interrupting: blazedemo 1-10 sampler: Welcome Page
2017-12-05 08:04:56,145 WARN o.a.j.t.JMeterThread: Interrupting: blazedemo 1-45 sampler: Welcome Page
2017-12-05 08:04:56,145 WARN o.a.j.t.JMeterThread: Interrupting: blazedemo 1-34 sampler: Reserve Page
2017-12-05 08:04:56,145 WARN o.a.j.t.JMeterThread: Interrupting: blazedemo 1-20 sampler: Confirmation Page
2017-12-05 08:04:56,146 WARN o.a.j.t.JMeterThread: Interrupting: blazedemo 1-39 sampler: Confirmation Page
2017-12-05 08:04:56,146 WARN o.a.j.t.JMeterThread: Interrupting: blazedemo 1-44 sampler: Purchase Page
2017-12-05 08:04:56,146 INFO o.a.j.t.JMeterThread: Thread is done: blazedemo 1-1
2017-12-05 08:04:56,147 WARN o.a.j.t.JMeterThread: Interrupting: blazedemo 1-16 sampler: Confirmation Page
2017-12-05 08:04:56,146 INFO o.a.j.t.JMeterThread: Thread finished: blazedemo 1-1
2017-12-05 08:04:56,148 WARN o.a.j.t.JMeterThread: Interrupting: blazedemo 1-40 sampler: Confirmation Page
2017-12-05 08:04:56,149 WARN o.a.j.t.JMeterThread: Interrupting: blazedemo 1-8 sampler: Purchase Page
2017-12-05 08:04:56,149 WARN o.a.j.t.JMeterThread: Interrupting: blazedemo 1-42 sampler: Confirmation Page
2017-12-05 08:04:56,149 INFO o.a.j.t.JMeterThread: Thread is done: blazedemo 1-22
2017-12-05 08:04:56,149 INFO o.a.j.t.JMeterThread: Thread finished: blazedemo 1-22
2017-12-05 08:04:56,149 WARN o.a.j.t.JMeterThread: Interrupting: blazedemo 1-25 sampler: Reserve Page
2017-12-05 08:04:56,150 WARN o.a.j.t.JMeterThread: Interrupting: blazedemo 1-33 sampler: Welcome Page
2017-12-05 08:04:56,150 WARN o.a.j.t.JMeterThread: Interrupting: blazedemo 1-3 sampler: Purchase Page
2017-12-05 08:04:56,151 INFO o.a.j.t.JMeterThread: Thread is done: blazedemo 1-40
2017-12-05 08:04:56,151 WARN o.a.j.t.JMeterThread: Interrupting: blazedemo 1-43 sampler: Welcome Page
2017-12-05 08:04:56,151 INFO o.a.j.t.JMeterThread: Thread finished: blazedemo 1-40
2017-12-05 08:04:56,152 WARN o.a.j.t.JMeterThread: Interrupting: blazedemo 1-35 sampler: Confirmation Page
2017-12-05 08:04:56,152 WARN o.a.j.t.JMeterThread: Interrupting: blazedemo 1-21 sampler: Purchase Page
2017-12-05 08:04:56,153 WARN o.a.j.t.JMeterThread: Interrupting: blazedemo 1-32 sampler: Purchase Page
2017-12-05 08:04:56,153 INFO o.a.j.t.JMeterThread: Thread is done: blazedemo 1-33
2017-12-05 08:04:56,153 INFO o.a.j.t.JMeterThread: Thread finished: blazedemo 1-33
2017-12-05 08:04:56,154 INFO o.a.j.t.JMeterThread: Thread is done: blazedemo 1-35
2017-12-05 08:04:56,154 INFO o.a.j.t.JMeterThread: Thread finished: blazedemo 1-35
2017-12-05 08:04:56,156 INFO o.a.j.t.JMeterThread: Thread is done: blazedemo 1-24
2017-12-05 08:04:56,156 INFO o.a.j.t.JMeterThread: Thread finished: blazedemo 1-24
2017-12-05 08:04:56,157 INFO o.a.j.t.JMeterThread: Thread is done: blazedemo 1-9
2017-12-05 08:04:56,157 INFO o.a.j.t.JMeterThread: Thread finished: blazedemo 1-9
2017-12-05 08:04:56,158 INFO o.a.j.t.JMeterThread: Thread is done: blazedemo 1-36
2017-12-05 08:04:56,158 INFO o.a.j.t.JMeterThread: Thread finished: blazedemo 1-36
2017-12-05 08:04:56,158 INFO o.a.j.e.StandardJMeterEngine: Notifying test listeners of end of test
2017-12-05 08:04:56,158 INFO o.a.j.s.FileServer: Close: /Users/daper01/Documents/OSLo/param.csv
2017-12-05 08:04:56,159 INFO o.a.j.t.JMeterThread: Thread is done: blazedemo 1-17
2017-12-05 08:04:56,159 INFO o.a.j.t.JMeterThread: Thread finished: blazedemo 1-17
2017-12-05 08:04:56,160 INFO o.a.j.t.JMeterThread: Thread is done: blazedemo 1-32
2017-12-05 08:04:56,160 INFO o.a.j.t.JMeterThread: Thread finished: blazedemo 1-32
2017-12-05 08:04:56,160 INFO o.a.j.e.StandardJMeterEngine: Forced JVM shutdown requested at end of test
2017-12-05 08:04:56,161 INFO o.a.j.t.JMeterThread: Thread is done: blazedemo 1-21
2017-12-05 08:04:56,161 INFO o.a.j.t.JMeterThread: Thread finished: blazedemo 1-21
2017-12-05 08:04:56,162 INFO o.a.j.t.JMeterThread: Thread is done: blazedemo 1-43
2017-12-05 08:04:56,162 INFO o.a.j.t.JMeterThread: Thread finished: blazedemo 1-43
2017-12-05 08:04:56,163 INFO o.a.j.t.JMeterThread: Thread is done: blazedemo 1-3
2017-12-05 08:04:56,163 INFO o.a.j.t.JMeterThread: Thread finished: blazedemo 1-3
