2017-12-05 08:04:14,396 INFO o.a.j.u.JMeterUtils: Setting Locale to en_US
2017-12-05 08:04:14,428 INFO o.a.j.JMeter: Loading user properties from: /Users/daper01/.bzt/jmeter-taurus/3.3/bin/user.properties
2017-12-05 08:04:14,429 INFO o.a.j.JMeter: Loading system properties from: /Users/daper01/.bzt/jmeter-taurus/3.3/bin/system.properties
2017-12-05 08:04:14,430 INFO o.a.j.JMeter: Setting System properties from file: /Users/daper01/Documents/OSLo/artifacts/2017-12-05_08-03-49.242570/system-1.properties
2017-12-05 08:04:14,440 INFO o.a.j.JMeter: Copyright (c) 1998-2017 The Apache Software Foundation
2017-12-05 08:04:14,440 INFO o.a.j.JMeter: Version 3.3 r1808647
2017-12-05 08:04:14,440 INFO o.a.j.JMeter: java.version=1.8.0_121
2017-12-05 08:04:14,440 INFO o.a.j.JMeter: java.vm.name=Java HotSpot(TM) 64-Bit Server VM
2017-12-05 08:04:14,440 INFO o.a.j.JMeter: os.name=Mac OS X
2017-12-05 08:04:14,440 INFO o.a.j.JMeter: os.arch=x86_64
2017-12-05 08:04:14,440 INFO o.a.j.JMeter: os.version=10.13.1
2017-12-05 08:04:14,441 INFO o.a.j.JMeter: file.encoding=UTF-8
2017-12-05 08:04:14,441 INFO o.a.j.JMeter: Max memory     =3817865216
2017-12-05 08:04:14,441 INFO o.a.j.JMeter: Available Processors =4
2017-12-05 08:04:14,446 INFO o.a.j.JMeter: Default Locale=English (United States)
2017-12-05 08:04:14,446 INFO o.a.j.JMeter: JMeter  Locale=English (United States)
2017-12-05 08:04:14,447 INFO o.a.j.JMeter: JMeterHome=/Users/daper01/.bzt/jmeter-taurus/3.3
2017-12-05 08:04:14,447 INFO o.a.j.JMeter: user.dir  =/Users/daper01/Documents/OSLo
2017-12-05 08:04:14,447 INFO o.a.j.JMeter: PWD       =/Users/daper01/Documents/OSLo
2017-12-05 08:04:14,449 INFO o.a.j.JMeter: IP: 10.137.176.136 Name: daper01mac1124 FullName: daper01mac1124.ca.com
2017-12-05 08:04:14,450 INFO o.a.j.JMeter: user.classpath=/Users/daper01/Documents/OSLo/artifacts/2017-12-05_08-03-49.242570
2017-12-05 08:04:14,450 INFO o.a.j.JMeter: Adding to classpath and loader: /Users/daper01/Documents/OSLo/artifacts/2017-12-05_08-03-49.242570
2017-12-05 08:04:14,456 INFO o.a.j.s.FileServer: Default base='/Users/daper01/Documents/OSLo'
2017-12-05 08:04:14,457 INFO o.a.j.s.FileServer: Set new base='/Users/daper01/Documents/OSLo/artifacts/2017-12-05_08-03-49.242570'
2017-12-05 08:04:14,719 INFO o.a.j.s.SaveService: Testplan (JMX) version: 2.2. Testlog (JTL) version: 2.2
2017-12-05 08:04:14,746 INFO o.a.j.s.SaveService: Using SaveService properties file encoding UTF-8
2017-12-05 08:04:14,753 INFO o.a.j.s.SaveService: Using SaveService properties version 3.2
2017-12-05 08:04:14,761 INFO o.a.j.s.SaveService: Loading file: /Users/daper01/Documents/OSLo/artifacts/2017-12-05_08-03-49.242570/modified_requests-1.jmx
2017-12-05 08:04:15,074 INFO o.a.j.p.h.c.CacheManager: Will only cache the following methods: [GET]
2017-12-05 08:04:15,076 INFO o.a.j.p.h.c.CookieManager: Settings: Delete null: true Check: true Allow variable: true Save: false Prefix: COOKIE_
2017-12-05 08:04:15,101 INFO o.a.j.p.h.s.HTTPSamplerBase: Parser for text/html is org.apache.jmeter.protocol.http.parser.LagartoBasedHtmlParser
2017-12-05 08:04:15,101 INFO o.a.j.p.h.s.HTTPSamplerBase: Parser for application/xhtml+xml is org.apache.jmeter.protocol.http.parser.LagartoBasedHtmlParser
2017-12-05 08:04:15,101 INFO o.a.j.p.h.s.HTTPSamplerBase: Parser for application/xml is org.apache.jmeter.protocol.http.parser.LagartoBasedHtmlParser
2017-12-05 08:04:15,101 INFO o.a.j.p.h.s.HTTPSamplerBase: Parser for text/xml is org.apache.jmeter.protocol.http.parser.LagartoBasedHtmlParser
2017-12-05 08:04:15,102 INFO o.a.j.p.h.s.HTTPSamplerBase: Parser for text/vnd.wap.wml is org.apache.jmeter.protocol.http.parser.RegexpHTMLParser
2017-12-05 08:04:15,102 INFO o.a.j.p.h.s.HTTPSamplerBase: Parser for text/css is org.apache.jmeter.protocol.http.parser.CssParser
2017-12-05 08:04:15,143 INFO o.a.j.e.StandardJMeterEngine: Running the test!
2017-12-05 08:04:15,144 INFO o.a.j.s.SampleEvent: List of sample_variables: []
2017-12-05 08:04:15,144 INFO o.a.j.s.SampleEvent: List of sample_variables: []
2017-12-05 08:04:15,149 INFO o.a.j.e.u.CompoundVariable: Note: Function class names must contain the string: '.functions.'
2017-12-05 08:04:15,149 INFO o.a.j.e.u.CompoundVariable: Note: Function class names must not contain the string: '.gui.'
2017-12-05 08:04:16,328 INFO o.a.j.JMeter: Running test (1512489856328)
2017-12-05 08:04:16,382 INFO o.a.j.e.StandardJMeterEngine: Starting ThreadGroup: 1 : blazedemo
2017-12-05 08:04:16,383 INFO o.a.j.e.StandardJMeterEngine: Starting 50 threads for group blazedemo.
2017-12-05 08:04:16,383 INFO o.a.j.e.StandardJMeterEngine: Thread will continue on error
2017-12-05 08:04:16,388 INFO o.a.j.e.StandardJMeterEngine: All thread groups have been started
2017-12-05 08:04:16,388 INFO c.b.j.t.c.ConcurrencyThreadStarter: Start supplying threads
2017-12-05 08:04:17,591 INFO o.a.j.s.SampleResult: Note: Sample TimeStamps are START times
2017-12-05 08:04:17,592 INFO o.a.j.s.SampleResult: sampleresult.default.encoding is set to UTF-8
2017-12-05 08:04:17,592 INFO o.a.j.s.SampleResult: sampleresult.useNanoTime=true
2017-12-05 08:04:17,592 INFO o.a.j.s.SampleResult: sampleresult.nanoThreadSleep=5000
2017-12-05 08:04:17,885 INFO o.a.j.t.JMeterThread: Thread started: blazedemo 1-1
2017-12-05 08:04:17,888 INFO o.a.j.s.FileServer: Stored: /Users/daper01/Documents/OSLo/param.csv
2017-12-05 08:04:17,936 INFO o.a.j.p.h.s.HTTPHCAbstractImpl: Local host = daper01mac1124
2017-12-05 08:04:17,942 INFO o.a.j.p.h.s.HTTPHC4Impl: HTTP request retry count = 0
2017-12-05 08:04:20,610 INFO o.a.j.t.JMeterThread: Thread started: blazedemo 1-2
2017-12-05 08:04:22,639 INFO o.a.j.t.JMeterThread: Thread started: blazedemo 1-3
2017-12-05 08:04:25,639 INFO o.a.j.t.JMeterThread: Thread started: blazedemo 1-4
2017-12-05 08:04:27,648 INFO o.a.j.t.JMeterThread: Thread started: blazedemo 1-5
2017-12-05 08:04:29,659 INFO o.a.j.t.JMeterThread: Thread started: blazedemo 1-6
2017-12-05 08:04:32,671 INFO o.a.j.t.JMeterThread: Thread started: blazedemo 1-7
2017-12-05 08:04:34,679 INFO o.a.j.t.JMeterThread: Thread started: blazedemo 1-8
2017-12-05 08:04:37,691 INFO o.a.j.t.JMeterThread: Thread started: blazedemo 1-9
2017-12-05 08:04:39,697 INFO o.a.j.t.JMeterThread: Thread started: blazedemo 1-10
2017-12-05 08:04:41,702 INFO o.a.j.t.JMeterThread: Thread started: blazedemo 1-11
2017-12-05 08:04:44,716 INFO o.a.j.t.JMeterThread: Thread started: blazedemo 1-12
2017-12-05 08:04:46,723 INFO o.a.j.t.JMeterThread: Thread started: blazedemo 1-13
2017-12-05 08:04:49,737 INFO o.a.j.t.JMeterThread: Thread started: blazedemo 1-14
2017-12-05 08:04:51,751 INFO o.a.j.t.JMeterThread: Thread started: blazedemo 1-15
2017-12-05 08:04:53,759 INFO o.a.j.t.JMeterThread: Thread started: blazedemo 1-16
2017-12-05 08:04:56,770 INFO o.a.j.t.JMeterThread: Thread started: blazedemo 1-17
2017-12-05 08:04:58,110 INFO o.a.j.JMeter: Command: Shutdown received from /127.0.0.1
2017-12-05 08:04:58,112 INFO c.b.j.t.c.ConcurrencyThreadStarter: Done supplying threads
2017-12-05 08:04:58,112 WARN o.a.j.t.JMeterThread: Interrupting: blazedemo 1-14 sampler: Reserve Page
2017-12-05 08:04:58,113 WARN o.a.j.t.JMeterThread: Interrupting: blazedemo 1-1 sampler: Welcome Page
2017-12-05 08:04:58,114 WARN o.a.j.t.JMeterThread: Interrupting: blazedemo 1-6 sampler: Welcome Page
2017-12-05 08:04:58,115 WARN o.a.j.t.JMeterThread: Interrupting: blazedemo 1-3 sampler: Purchase Page
2017-12-05 08:04:58,117 WARN o.a.j.t.JMeterThread: Interrupting: blazedemo 1-4 sampler: Reserve Page
2017-12-05 08:04:58,118 INFO o.a.j.t.JMeterThread: Thread is done: blazedemo 1-15
2017-12-05 08:04:58,118 INFO o.a.j.t.JMeterThread: Thread finished: blazedemo 1-15
2017-12-05 08:04:58,119 WARN o.a.j.t.JMeterThread: Interrupting: blazedemo 1-12 sampler: Purchase Page
2017-12-05 08:04:58,120 WARN o.a.j.t.JMeterThread: Interrupting: blazedemo 1-5 sampler: Purchase Page
2017-12-05 08:04:58,121 WARN o.a.j.t.JMeterThread: Interrupting: blazedemo 1-2 sampler: Welcome Page
2017-12-05 08:04:58,122 WARN o.a.j.t.JMeterThread: Interrupting: blazedemo 1-11 sampler: Confirmation Page
2017-12-05 08:04:58,123 WARN o.a.j.t.JMeterThread: Interrupting: blazedemo 1-17 sampler: Purchase Page
2017-12-05 08:04:58,124 WARN o.a.j.t.JMeterThread: Interrupting: blazedemo 1-8 sampler: Purchase Page
2017-12-05 08:04:58,125 WARN o.a.j.t.JMeterThread: Interrupting: blazedemo 1-10 sampler: Reserve Page
2017-12-05 08:04:58,125 WARN o.a.j.t.JMeterThread: Interrupting: blazedemo 1-7 sampler: Welcome Page
2017-12-05 08:04:58,125 WARN o.a.j.t.JMeterThread: Interrupting: blazedemo 1-16 sampler: Reserve Page
2017-12-05 08:04:58,126 WARN o.a.j.t.JMeterThread: Interrupting: blazedemo 1-9 sampler: Reserve Page
2017-12-05 08:04:58,127 WARN o.a.j.t.JMeterThread: Interrupting: blazedemo 1-13 sampler: Confirmation Page
2017-12-05 08:04:58,133 INFO o.a.j.t.JMeterThread: Thread is done: blazedemo 1-6
2017-12-05 08:04:58,133 INFO o.a.j.t.JMeterThread: Thread finished: blazedemo 1-6
2017-12-05 08:04:58,139 INFO o.a.j.t.JMeterThread: Thread is done: blazedemo 1-13
2017-12-05 08:04:58,139 INFO o.a.j.t.JMeterThread: Thread finished: blazedemo 1-13
2017-12-05 08:04:58,141 INFO o.a.j.t.JMeterThread: Thread is done: blazedemo 1-9
2017-12-05 08:04:58,141 INFO o.a.j.t.JMeterThread: Thread finished: blazedemo 1-9
2017-12-05 08:04:58,142 INFO o.a.j.t.JMeterThread: Thread is done: blazedemo 1-16
2017-12-05 08:04:58,142 INFO o.a.j.t.JMeterThread: Thread finished: blazedemo 1-16
2017-12-05 08:04:58,143 INFO o.a.j.t.JMeterThread: Thread is done: blazedemo 1-7
2017-12-05 08:04:58,143 INFO o.a.j.t.JMeterThread: Thread finished: blazedemo 1-7
2017-12-05 08:04:58,144 INFO o.a.j.t.JMeterThread: Thread is done: blazedemo 1-10
2017-12-05 08:04:58,144 INFO o.a.j.t.JMeterThread: Thread finished: blazedemo 1-10
2017-12-05 08:04:58,145 INFO o.a.j.t.JMeterThread: Thread is done: blazedemo 1-8
2017-12-05 08:04:58,145 INFO o.a.j.t.JMeterThread: Thread finished: blazedemo 1-8
2017-12-05 08:04:58,146 INFO o.a.j.t.JMeterThread: Thread is done: blazedemo 1-17
2017-12-05 08:04:58,146 INFO o.a.j.t.JMeterThread: Thread finished: blazedemo 1-17
2017-12-05 08:04:58,147 INFO o.a.j.t.JMeterThread: Thread is done: blazedemo 1-11
2017-12-05 08:04:58,147 INFO o.a.j.t.JMeterThread: Thread finished: blazedemo 1-11
2017-12-05 08:04:58,147 INFO o.a.j.t.JMeterThread: Thread is done: blazedemo 1-2
2017-12-05 08:04:58,148 INFO o.a.j.t.JMeterThread: Thread finished: blazedemo 1-2
2017-12-05 08:04:58,148 INFO o.a.j.t.JMeterThread: Thread is done: blazedemo 1-5
2017-12-05 08:04:58,148 INFO o.a.j.t.JMeterThread: Thread finished: blazedemo 1-5
2017-12-05 08:04:58,148 INFO o.a.j.t.JMeterThread: Thread is done: blazedemo 1-12
2017-12-05 08:04:58,148 INFO o.a.j.t.JMeterThread: Thread finished: blazedemo 1-12
2017-12-05 08:04:58,149 INFO o.a.j.t.JMeterThread: Thread is done: blazedemo 1-4
2017-12-05 08:04:58,149 INFO o.a.j.t.JMeterThread: Thread finished: blazedemo 1-4
2017-12-05 08:04:58,149 INFO o.a.j.t.JMeterThread: Thread is done: blazedemo 1-3
2017-12-05 08:04:58,149 INFO o.a.j.t.JMeterThread: Thread finished: blazedemo 1-3
2017-12-05 08:04:58,150 INFO o.a.j.t.JMeterThread: Thread is done: blazedemo 1-1
2017-12-05 08:04:58,150 INFO o.a.j.t.JMeterThread: Thread finished: blazedemo 1-1
2017-12-05 08:04:58,150 INFO o.a.j.t.JMeterThread: Thread is done: blazedemo 1-14
2017-12-05 08:04:58,150 INFO o.a.j.t.JMeterThread: Thread finished: blazedemo 1-14
2017-12-05 08:04:58,150 INFO o.a.j.e.StandardJMeterEngine: Notifying test listeners of end of test
2017-12-05 08:04:58,151 INFO o.a.j.s.FileServer: Close: /Users/daper01/Documents/OSLo/param.csv
2017-12-05 08:04:58,152 INFO o.a.j.e.StandardJMeterEngine: Forced JVM shutdown requested at end of test
