[2017-06-15 10:19:27,427 INFO root] Taurus CLI Tool v1.9.1
[2017-06-15 10:19:27,428 DEBUG root] Command-line options: {'verbose': None, 'no_system_configs': None, 'quiet': None, 'log': '/var/folders/vq/xzrdy2lx047cst78f69v8z3xfzqz1q/T/bzt_KQZbak.log', 'option': None, 'aliases': ['cloud', 'detach']}
[2017-06-15 10:19:27,428 DEBUG root] Python: CPython 2.7.13
[2017-06-15 10:19:27,428 DEBUG root] OS: ('Darwin', 'daper01mac1124', '16.4.0', 'Darwin Kernel Version 16.4.0: Thu Dec 22 22:53:21 PST 2016; root:xnu-3789.41.3~3/RELEASE_X86_64', 'x86_64', 'i386')
[2017-06-15 10:19:27,428 INFO root] Starting with configs: ['py_sel.yml']
[2017-06-15 10:19:27,429 DEBUG root] Adding personal config: /Users/daper01/.bzt-rc
[2017-06-15 10:19:27,429 INFO Engine] Configuring...
[2017-06-15 10:19:27,429 DEBUG Engine] Reading extension configs from: /usr/local/etc/bzt.d
[2017-06-15 10:19:27,429 DEBUG Engine.Configuration] Configs: ['/usr/local/lib/python2.7/site-packages/bzt/resources/base-config.yml', '/usr/local/etc/bzt.d/99-installID.yml']
[2017-06-15 10:19:27,429 DEBUG Engine.Configuration] Reading /usr/local/lib/python2.7/site-packages/bzt/resources/base-config.yml
[2017-06-15 10:19:27,429 DEBUG Engine.Configuration] Reading /usr/local/lib/python2.7/site-packages/bzt/resources/base-config.yml as YAML
[2017-06-15 10:19:27,456 DEBUG Engine.Configuration] Reading /usr/local/etc/bzt.d/99-installID.yml
[2017-06-15 10:19:27,456 DEBUG Engine.Configuration] Reading /usr/local/etc/bzt.d/99-installID.yml as YAML
[2017-06-15 10:19:27,456 DEBUG Engine.Configuration] Configs: ['/Users/daper01/.bzt-rc', 'py_sel.yml']
[2017-06-15 10:19:27,457 DEBUG Engine.Configuration] Reading /Users/daper01/.bzt-rc
[2017-06-15 10:19:27,457 DEBUG Engine.Configuration] Reading /Users/daper01/.bzt-rc as YAML
[2017-06-15 10:19:27,457 DEBUG Engine.Configuration] Reading py_sel.yml
[2017-06-15 10:19:27,457 DEBUG Engine.Configuration] Reading py_sel.yml as YAML
[2017-06-15 10:19:27,458 DEBUG root] Configs: ['/Users/daper01/.bzt-rc', 'py_sel.yml']
[2017-06-15 10:19:27,458 DEBUG root] Reading /Users/daper01/.bzt-rc
[2017-06-15 10:19:27,458 DEBUG root] Reading /Users/daper01/.bzt-rc as YAML
[2017-06-15 10:19:27,459 DEBUG root] Reading py_sel.yml
[2017-06-15 10:19:27,459 DEBUG root] Reading py_sel.yml as YAML
[2017-06-15 10:19:27,469 DEBUG Engine] Requesting updates info: http://gettaurus.org/updates/?version=1.9.1&installID=784f43782a15
[2017-06-15 10:19:27,474 INFO Engine] Artifacts dir: /Users/daper01/Documents/OSLo/Selenium/2017-06-15_10-19-27.474495
[2017-06-15 10:19:27,475 DEBUG Engine] New artifact filename: /Users/daper01/Documents/OSLo/Selenium/2017-06-15_10-19-27.474495/effective
[2017-06-15 10:19:27,478 DEBUG Engine.Configuration] Dumping YAML config into /Users/daper01/Documents/OSLo/Selenium/2017-06-15_10-19-27.474495/effective.yml
[2017-06-15 10:19:27,502 DEBUG Engine.Configuration] Dumping JSON config into /Users/daper01/Documents/OSLo/Selenium/2017-06-15_10-19-27.474495/effective.json
[2017-06-15 10:19:27,503 DEBUG Engine] New artifact filename: /Users/daper01/Documents/OSLo/Selenium/2017-06-15_10-19-27.474495/merged.yml
[2017-06-15 10:19:27,504 DEBUG root] Dumping YAML config into /Users/daper01/Documents/OSLo/Selenium/2017-06-15_10-19-27.474495/merged.yml
[2017-06-15 10:19:27,505 DEBUG Engine] New artifact filename: /Users/daper01/Documents/OSLo/Selenium/2017-06-15_10-19-27.474495/merged.json
[2017-06-15 10:19:27,505 DEBUG root] Dumping JSON config into /Users/daper01/Documents/OSLo/Selenium/2017-06-15_10-19-27.474495/merged.json
[2017-06-15 10:19:27,506 DEBUG Engine] Add existing artifact (move=False): py_sel.yml
[2017-06-15 10:19:27,506 DEBUG Engine] Copying py_sel.yml to /Users/daper01/Documents/OSLo/Selenium/2017-06-15_10-19-27.474495/py_sel.yml
[2017-06-15 10:19:27,506 DEBUG root] Closing log handler: /var/folders/vq/xzrdy2lx047cst78f69v8z3xfzqz1q/T/bzt_KQZbak.log
[2017-06-15 10:19:27,506 DEBUG root] Switched writing logs to /Users/daper01/Documents/OSLo/Selenium/2017-06-15_10-19-27.474495/bzt.log
[2017-06-15 10:19:27,507 INFO Engine] Preparing...
[2017-06-15 10:19:27,507 DEBUG Engine] Module config: consolidator defaultdict(None, {'class': 'bzt.modules.aggregator.ConsolidatingAggregator'})
[2017-06-15 10:19:27,507 DEBUG root] Importing module: bzt.modules.aggregator
[2017-06-15 10:19:27,509 DEBUG root] Loading class: 'ConsolidatingAggregator' from <module 'bzt.modules.aggregator' from '/usr/local/lib/python2.7/site-packages/bzt/modules/aggregator.pyc'>
[2017-06-15 10:19:27,509 DEBUG Engine.consolidator] Exception in dehumanize_time(inf)
[2017-06-15 10:19:27,509 DEBUG Engine.consolidator] Buffer scaling setup: percentile 95.0 from [0.0, 50.0, 90.0, 95.0, 99.0, 99.9, 100.0] selected
[2017-06-15 10:19:27,509 DEBUG Engine] Module config: monitoring defaultdict(None, {'class': 'bzt.modules.monitoring.Monitoring'})
[2017-06-15 10:19:27,509 DEBUG root] Importing module: bzt.modules.monitoring
[2017-06-15 10:19:27,537 DEBUG root] Loading class: 'Monitoring' from <module 'bzt.modules.monitoring' from '/usr/local/lib/python2.7/site-packages/bzt/modules/monitoring.pyc'>
[2017-06-15 10:19:27,537 DEBUG Engine.monitoring] Should not run because of non-matching prov: cloud != local
[2017-06-15 10:19:27,537 DEBUG Engine] Module config: cloud defaultdict(None, {'detach': True, 'class': 'bzt.modules.blazemeter.CloudProvisioning', 'default-location': 'us-central1-a'})
[2017-06-15 10:19:27,537 DEBUG root] Importing module: bzt.modules.blazemeter
[2017-06-15 10:19:27,574 DEBUG root] Loading class: 'CloudProvisioning' from <module 'bzt.modules.blazemeter' from '/usr/local/lib/python2.7/site-packages/bzt/modules/blazemeter.pyc'>
[2017-06-15 10:19:27,574 DEBUG Engine] Module config: blazemeter defaultdict(None, {'token': '********', 'class': 'bzt.modules.blazemeter.BlazeMeterUploader'})
[2017-06-15 10:19:27,575 DEBUG root] Importing module: bzt.modules.blazemeter
[2017-06-15 10:19:27,575 DEBUG root] Loading class: 'BlazeMeterUploader' from <module 'bzt.modules.blazemeter' from '/usr/local/lib/python2.7/site-packages/bzt/modules/blazemeter.pyc'>
[2017-06-15 10:19:27,575 DEBUG Engine.cloud] Request: GET https://a.blazemeter.com/api/v4/accounts None
[2017-06-15 10:19:28,059 DEBUG Engine] Taurus updates info: {"latest":"1.9.3","needsUpgrade":true}
[2017-06-15 10:19:28,059 WARNING Engine] There is newer version of Taurus 1.9.3 available, consider upgrading. What's new: http://gettaurus.org/docs/Changelog/
[2017-06-15 10:19:29,834 DEBUG Engine.cloud] Response: {
    "limit": 10,
    "skip": 0,
    "total": 2,
    "api_version": 4,
    "error": null,
    "result": [
        {
            "id": 125626,
            "name": "Default Account",
            "thumbnailUrl": null,
            "salesforceId": null,
      
[2017-06-15 10:19:29,835 DEBUG Engine.cloud] Request: GET https://a.blazemeter.com/api/v4/workspaces?accountId=125626&enabled=true&limit=100 None
[2017-06-15 10:19:30,256 DEBUG Engine.cloud] Response: {
    "limit": 100,
    "skip": 0,
    "total": 5,
    "api_version": 4,
    "error": null,
    "result": [
        {
            "id": 119008,
            "name": "Default workspace",
            "userId": 339612,
            "created": 1486702692,
      
[2017-06-15 10:19:30,258 DEBUG Engine.cloud] Request: GET https://a.blazemeter.com/api/v4/workspaces?accountId=21166&enabled=true&limit=100 None
[2017-06-15 10:19:30,683 DEBUG Engine.cloud] Response: {
    "limit": 100,
    "skip": 0,
    "total": 1,
    "api_version": 4,
    "error": null,
    "result": [
        {
            "id": 133217,
            "name": "DEMOs",
            "userId": 307773,
            "created": 1493664013,
            "updat
[2017-06-15 10:19:30,684 DEBUG Engine] Module config: selenium defaultdict(None, {'class': 'bzt.modules.selenium.SeleniumExecutor'})
[2017-06-15 10:19:30,684 DEBUG root] Importing module: bzt.modules.selenium
[2017-06-15 10:19:30,687 DEBUG easyprocess] version=0.2.3
[2017-06-15 10:19:30,689 DEBUG pyvirtualdisplay] version=0.2.1
[2017-06-15 10:19:30,690 DEBUG root] Loading class: 'SeleniumExecutor' from <module 'bzt.modules.selenium' from '/usr/local/lib/python2.7/site-packages/bzt/modules/selenium.pyc'>
[2017-06-15 10:19:30,690 DEBUG Engine.cloud] Request: GET https://a.blazemeter.com/api/v4/multi-tests?workspaceId=119008&name=Taurus+Cloud+Test None
[2017-06-15 10:19:31,094 DEBUG Engine.cloud] Response: {
    "limit": 10,
    "skip": 0,
    "total": 0,
    "api_version": 4,
    "error": null,
    "result": []
}
[2017-06-15 10:19:31,094 DEBUG Engine.cloud] Request: GET https://a.blazemeter.com/api/v4/multi-tests?workspaceId=127980&name=Taurus+Cloud+Test None
[2017-06-15 10:19:31,485 DEBUG Engine.cloud] Response: {
    "limit": 10,
    "skip": 0,
    "total": 0,
    "api_version": 4,
    "error": null,
    "result": []
}
[2017-06-15 10:19:31,485 DEBUG Engine.cloud] Request: GET https://a.blazemeter.com/api/v4/multi-tests?workspaceId=127984&name=Taurus+Cloud+Test None
[2017-06-15 10:19:31,887 DEBUG Engine.cloud] Response: {
    "limit": 10,
    "skip": 0,
    "total": 0,
    "api_version": 4,
    "error": null,
    "result": []
}
[2017-06-15 10:19:31,887 DEBUG Engine.cloud] Request: GET https://a.blazemeter.com/api/v4/multi-tests?workspaceId=132723&name=Taurus+Cloud+Test None
[2017-06-15 10:19:32,278 DEBUG Engine.cloud] Response: {
    "limit": 10,
    "skip": 0,
    "total": 0,
    "api_version": 4,
    "error": null,
    "result": []
}
[2017-06-15 10:19:32,279 DEBUG Engine.cloud] Request: GET https://a.blazemeter.com/api/v4/multi-tests?workspaceId=135886&name=Taurus+Cloud+Test None
[2017-06-15 10:19:32,678 DEBUG Engine.cloud] Response: {
    "limit": 10,
    "skip": 0,
    "total": 0,
    "api_version": 4,
    "error": null,
    "result": []
}
[2017-06-15 10:19:32,678 DEBUG Engine.cloud] Request: GET https://a.blazemeter.com/api/v4/multi-tests?workspaceId=133217&name=Taurus+Cloud+Test None
[2017-06-15 10:19:33,064 DEBUG Engine.cloud] Response: {
    "limit": 10,
    "skip": 0,
    "total": 0,
    "api_version": 4,
    "error": null,
    "result": []
}
[2017-06-15 10:19:33,064 DEBUG Engine.cloud.ProjectFinder] Looked for collection: None
[2017-06-15 10:19:33,064 DEBUG Engine.cloud] Request: GET https://a.blazemeter.com/api/v4/tests?workspaceId=119008&name=Taurus+Cloud+Test None
[2017-06-15 10:19:33,467 DEBUG Engine.cloud] Response: {
    "limit": 10,
    "skip": 0,
    "total": 1,
    "api_version": 4,
    "error": null,
    "result": [
        {
            "id": 5551396,
            "name": "Taurus Cloud Test",
            "userId": 339612,
            "created": 1488354376,
      
[2017-06-15 10:19:33,467 DEBUG Engine.cloud] Request: GET https://a.blazemeter.com/api/v4/tests?workspaceId=127980&name=Taurus+Cloud+Test None
[2017-06-15 10:19:33,869 DEBUG Engine.cloud] Response: {
    "limit": 10,
    "skip": 0,
    "total": 0,
    "api_version": 4,
    "error": null,
    "result": []
}
[2017-06-15 10:19:33,869 DEBUG Engine.cloud] Request: GET https://a.blazemeter.com/api/v4/tests?workspaceId=127984&name=Taurus+Cloud+Test None
[2017-06-15 10:19:34,264 DEBUG Engine.cloud] Response: {
    "limit": 10,
    "skip": 0,
    "total": 0,
    "api_version": 4,
    "error": null,
    "result": []
}
[2017-06-15 10:19:34,264 DEBUG Engine.cloud] Request: GET https://a.blazemeter.com/api/v4/tests?workspaceId=132723&name=Taurus+Cloud+Test None
[2017-06-15 10:19:34,673 DEBUG Engine.cloud] Response: {
    "limit": 10,
    "skip": 0,
    "total": 0,
    "api_version": 4,
    "error": null,
    "result": []
}
[2017-06-15 10:19:34,673 DEBUG Engine.cloud] Request: GET https://a.blazemeter.com/api/v4/tests?workspaceId=135886&name=Taurus+Cloud+Test None
[2017-06-15 10:19:35,075 DEBUG Engine.cloud] Response: {
    "limit": 10,
    "skip": 0,
    "total": 0,
    "api_version": 4,
    "error": null,
    "result": []
}
[2017-06-15 10:19:35,076 DEBUG Engine.cloud] Request: GET https://a.blazemeter.com/api/v4/tests?workspaceId=133217&name=Taurus+Cloud+Test None
[2017-06-15 10:19:35,468 DEBUG Engine.cloud] Response: {
    "limit": 10,
    "skip": 0,
    "total": 0,
    "api_version": 4,
    "error": null,
    "result": []
}
[2017-06-15 10:19:35,469 DEBUG Engine.cloud.ProjectFinder] Looked for test: {u'updated': 1497546774, u'name': u'Taurus Cloud Test', u'kpiTrackingData': {}, u'created': 1488354376, u'projectId': 162568, u'userId': 339612, u'lastUpdatedById': 339612, u'configuration': {u'targetThreads': 0, u'type': u'taurus', u'canControlRampup': False, u'plugins': {u'taurus': {u'filename': u'taurus.yml'}}}, u'id': 5551396}
[2017-06-15 10:19:35,470 DEBUG Engine.cloud.ProjectFinder] Detected test type: old
[2017-06-15 10:19:35,470 DEBUG Engine.cloud] Request: GET https://a.blazemeter.com/api/v4/user None
[2017-06-15 10:19:35,863 DEBUG Engine.cloud] Response: {
    "api_version": 4,
    "error": null,
    "result": {
        "id": 339612,
        "email": "eric.dapp@blazemeter.com",
        "access": 1497547175,
        "login": 1497453726,
        "firstName": "Eric",
        "lastName": "Dapp",
        "timez
[2017-06-15 10:19:35,863 DEBUG Engine.cloud] Request: GET https://a.blazemeter.com/api/v4/projects?workspaceId=119008&limit=99999 None
[2017-06-15 10:19:36,261 DEBUG Engine.cloud] Response: {
    "limit": 99999,
    "skip": 0,
    "total": 6,
    "api_version": 4,
    "error": null,
    "result": [
        {
            "id": 163658,
            "name": "BlazeDemo Tests",
            "userId": null,
            "description": "",
            
[2017-06-15 10:19:36,262 DEBUG Engine.cloud] Request: GET https://a.blazemeter.com/api/v4/projects?workspaceId=127980&limit=99999 None
[2017-06-15 10:19:36,650 DEBUG Engine.cloud] Response: {
    "limit": 99999,
    "skip": 0,
    "total": 2,
    "api_version": 4,
    "error": null,
    "result": [
        {
            "id": 173138,
            "name": "Default project",
            "userId": null,
            "description": null,
          
[2017-06-15 10:19:36,650 DEBUG Engine.cloud] Request: GET https://a.blazemeter.com/api/v4/projects?workspaceId=127984&limit=99999 None
[2017-06-15 10:19:37,056 DEBUG Engine.cloud] Response: {
    "limit": 99999,
    "skip": 0,
    "total": 1,
    "api_version": 4,
    "error": null,
    "result": [
        {
            "id": 173143,
            "name": "Default project",
            "userId": null,
            "description": null,
          
[2017-06-15 10:19:37,056 DEBUG Engine.cloud] Request: GET https://a.blazemeter.com/api/v4/projects?workspaceId=132723&limit=99999 None
[2017-06-15 10:19:37,455 DEBUG Engine.cloud] Response: {
    "limit": 99999,
    "skip": 0,
    "total": 1,
    "api_version": 4,
    "error": null,
    "result": [
        {
            "id": 178588,
            "name": "Default project",
            "userId": null,
            "description": null,
          
[2017-06-15 10:19:37,455 DEBUG Engine.cloud] Request: GET https://a.blazemeter.com/api/v4/projects?workspaceId=135886&limit=99999 None
[2017-06-15 10:19:37,836 DEBUG Engine.cloud] Response: {
    "limit": 99999,
    "skip": 0,
    "total": 2,
    "api_version": 4,
    "error": null,
    "result": [
        {
            "id": 182182,
            "name": "Default project",
            "userId": null,
            "description": null,
          
[2017-06-15 10:19:37,837 DEBUG Engine.cloud] Request: GET https://a.blazemeter.com/api/v4/projects?workspaceId=133217&limit=99999 None
[2017-06-15 10:19:38,218 DEBUG Engine.cloud] Response: {
    "limit": 99999,
    "skip": 0,
    "total": 1,
    "api_version": 4,
    "error": null,
    "result": [
        {
            "id": 179141,
            "name": "Default project",
            "userId": null,
            "description": null,
          
[2017-06-15 10:19:38,218 DEBUG Engine.cloud] Request: GET https://a.blazemeter.com/api/v4/workspaces/119008 None
[2017-06-15 10:19:38,702 DEBUG Engine.cloud] Response: {
    "api_version": 4,
    "error": null,
    "result": {
        "id": 119008,
        "name": "Default workspace",
        "userId": 339612,
        "created": 1486702692,
        "updated": 1486702692,
        "enabled": true,
        "dedicatedIpsEnab
[2017-06-15 10:19:38,707 DEBUG Engine.cloud] Request: GET https://a.blazemeter.com/api/v4/workspaces/127980 None
[2017-06-15 10:19:39,176 DEBUG Engine.cloud] Response: {
    "api_version": 4,
    "error": null,
    "result": {
        "id": 127980,
        "name": "Demo Workspace",
        "userId": 339612,
        "created": 1491255975,
        "updated": 1491255975,
        "enabled": true,
        "dedicatedIpsEnabled
[2017-06-15 10:19:39,180 DEBUG Engine.cloud] Request: GET https://a.blazemeter.com/api/v4/workspaces/127984 None
[2017-06-15 10:19:39,670 DEBUG Engine.cloud] Response: {
    "api_version": 4,
    "error": null,
    "result": {
        "id": 127984,
        "name": "Demo Workspace 2",
        "userId": 339612,
        "created": 1491261975,
        "updated": 1491261975,
        "enabled": true,
        "dedicatedIpsEnabl
[2017-06-15 10:19:39,679 DEBUG Engine.cloud] Request: GET https://a.blazemeter.com/api/v4/workspaces/132723 None
[2017-06-15 10:19:40,157 DEBUG Engine.cloud] Response: {
    "api_version": 4,
    "error": null,
    "result": {
        "id": 132723,
        "name": "QA Workspace",
        "userId": 339612,
        "created": 1493312851,
        "updated": 1493312851,
        "enabled": true,
        "dedicatedIpsEnabled":
[2017-06-15 10:19:40,163 DEBUG Engine.cloud] Request: GET https://a.blazemeter.com/api/v4/workspaces/135886 None
[2017-06-15 10:19:40,645 DEBUG Engine.cloud] Response: {
    "api_version": 4,
    "error": null,
    "result": {
        "id": 135886,
        "name": "scratch",
        "userId": 339612,
        "created": 1494801554,
        "updated": 1494801554,
        "enabled": true,
        "dedicatedIpsEnabled": true
[2017-06-15 10:19:40,653 DEBUG Engine.cloud] Request: GET https://a.blazemeter.com/api/v4/workspaces/133217 None
[2017-06-15 10:19:41,122 DEBUG Engine.cloud] Response: {
    "api_version": 4,
    "error": null,
    "result": {
        "id": 133217,
        "name": "DEMOs",
        "userId": 307773,
        "created": 1493664013,
        "updated": 1493746137,
        "enabled": true,
        "dedicatedIpsEnabled": true,

[2017-06-15 10:19:41,135 DEBUG Engine.selenium] Extract defaultdict(None, {'script': 'blazeDemo_Selenium_with_unit_chrome.py'}) into scenarios
[2017-06-15 10:19:41,136 DEBUG Engine.cloud] All resource files are: ['blazeDemo_Selenium_with_unit_chrome.py']
[2017-06-15 10:19:41,136 DEBUG Engine.cloud] Replace file names in config: ['blazeDemo_Selenium_with_unit_chrome.py'] with ['blazeDemo_Selenium_with_unit_chrome.py']
[2017-06-15 10:19:41,138 DEBUG Engine] New artifact filename: /Users/daper01/Documents/OSLo/Selenium/2017-06-15_10-19-27.474495/cloud
[2017-06-15 10:19:41,139 DEBUG root] Dumping YAML config into /Users/daper01/Documents/OSLo/Selenium/2017-06-15_10-19-27.474495/cloud.yml
[2017-06-15 10:19:41,147 DEBUG root] Dumping JSON config into /Users/daper01/Documents/OSLo/Selenium/2017-06-15_10-19-27.474495/cloud.json
[2017-06-15 10:19:41,147 DEBUG Engine.cloud] Request: GET https://a.blazemeter.com/api/v4/web/elfinder/5551396?cmd=open&target=s1_Lw None
[2017-06-15 10:19:41,656 DEBUG Engine.cloud] Response: {"cwd":{"name":"data","size":0,"mime":"directory","read":1,"write":1,"parent_id":"users","hash":"s1_Lw","rootRev":"","options":{"path":"","url":"","tmbUrl":"","disabled":["mkdir","archive","extract","chmod"],"separator":"\/","copyOverwrite":1,"uploadOverwr
[2017-06-15 10:19:41,657 DEBUG Engine.cloud] Test files: [u'taurus.yml']
[2017-06-15 10:19:41,657 DEBUG Engine.cloud] Request: GET https://a.blazemeter.com/api/v4/web/elfinder/5551396?cmd=rm&targets[]=s1_dGF1cnVzLnltbA None
[2017-06-15 10:19:42,248 DEBUG Engine.cloud] Response: {"removed":["s1_dGF1cnVzLnltbA"],"changed":[{"name":"data","size":0,"mime":"directory","read":1,"write":1,"parent_id":"users","hash":"s1_Lw","rootRev":"","options":{"path":"","url":"","tmbUrl":"","disabled":["mkdir","archive","extract","chmod"],"separator"
[2017-06-15 10:19:42,249 DEBUG Engine.cloud] Successfully deleted 1 test files
[2017-06-15 10:19:42,258 DEBUG Engine.cloud] Uploading files into the test: ['/Users/daper01/Documents/OSLo/Selenium/blazeDemo_Selenium_with_unit_chrome.py']
[2017-06-15 10:19:42,263 DEBUG Engine.cloud] Request: POST https://a.blazemeter.com/api/v4/tests/5551396/files --===============3592150765151593068==
Content-Disposition: file; name="script"; filename="taurus.yml"
Content-Type: application/octet-stream

---
execution:
- concurrency: 1
  executor: selenium
  hold-for: 5m
  locations:
    us-central1-a: 1
  scena
[2017-06-15 10:19:43,073 DEBUG Engine.cloud] Response: {
    "api_version": 4,
    "error": null,
    "result": {
        "id": 5551396,
        "name": "Taurus Cloud Test",
        "userId": 339612,
        "created": 1488354376,
        "updated": 1497547182,
        "configuration": {
            "type": "t
[2017-06-15 10:19:43,073 DEBUG Engine.cloud] Request: PATCH https://a.blazemeter.com/api/v4/tests/5551396 {
 "configuration": {
  "executionType": null
 }
}
[2017-06-15 10:19:43,581 DEBUG Engine.cloud] Response: {
    "api_version": 4,
    "error": null,
    "result": {
        "id": 5551396,
        "name": "Taurus Cloud Test",
        "userId": 339612,
        "created": 1488354376,
        "updated": 1497547183,
        "projectId": 162568,
        "lastUpdated
[2017-06-15 10:19:43,583 DEBUG Engine] Module config: final-stats defaultdict(None, {'class': 'bzt.modules.reporting.FinalStatus'})
[2017-06-15 10:19:43,583 DEBUG root] Importing module: bzt.modules.reporting
[2017-06-15 10:19:43,584 DEBUG root] Loading class: 'FinalStatus' from <module 'bzt.modules.reporting' from '/usr/local/lib/python2.7/site-packages/bzt/modules/reporting.pyc'>
[2017-06-15 10:19:43,585 DEBUG Engine] Module config: console defaultdict(None, {'class': 'bzt.modules.console.ConsoleStatusReporter'})
[2017-06-15 10:19:43,585 DEBUG root] Importing module: bzt.modules.console
[2017-06-15 10:19:43,585 DEBUG root] Loading class: 'ConsoleStatusReporter' from <module 'bzt.modules.console' from '/usr/local/lib/python2.7/site-packages/bzt/modules/console.pyc'>
[2017-06-15 10:19:43,600 DEBUG Engine.Configuration] Dumping YAML config into /Users/daper01/Documents/OSLo/Selenium/2017-06-15_10-19-27.474495/effective.yml
[2017-06-15 10:19:43,641 DEBUG Engine.Configuration] Dumping JSON config into /Users/daper01/Documents/OSLo/Selenium/2017-06-15_10-19-27.474495/effective.json
[2017-06-15 10:19:43,642 INFO Engine] Starting...
[2017-06-15 10:19:43,642 DEBUG Engine] Startup <bzt.modules.aggregator.ConsolidatingAggregator object at 0x10ed97790>
[2017-06-15 10:19:43,643 DEBUG Engine] Startup <bzt.modules.reporting.FinalStatus object at 0x10fd5a650>
[2017-06-15 10:19:43,643 DEBUG Engine] Startup <bzt.modules.console.ConsoleStatusReporter object at 0x10fd5ad90>
[2017-06-15 10:19:43,643 INFO Engine.console] Waiting for results...
[2017-06-15 10:19:43,643 DEBUG Engine] Startup <bzt.modules.blazemeter.CloudProvisioning object at 0x10ed97a50>
[2017-06-15 10:19:43,643 INFO Engine.cloud.ProjectFinder.CloudTaurusTest] Initiating cloud test with https://a.blazemeter.com ...
[2017-06-15 10:19:43,643 DEBUG Engine.cloud] Request: POST https://a.blazemeter.com/api/v4/tests/5551396/start None
[2017-06-15 10:19:44,417 DEBUG Engine.cloud] Response: {
    "api_version": 4,
    "error": null,
    "result": {
        "id": 16319655,
        "name": "Taurus Cloud Test",
        "userId": 339612,
        "runnerUserId": 339612,
        "created": 1497547184,
        "updated": 1497547184,
        "testId"
[2017-06-15 10:19:44,417 INFO Engine.cloud] Started cloud test: https://a.blazemeter.com/app/#/masters/16319655
[2017-06-15 10:19:44,539 DEBUG Engine.Configuration] Dumping YAML config into /Users/daper01/Documents/OSLo/Selenium/2017-06-15_10-19-27.474495/effective.yml
[2017-06-15 10:19:44,622 DEBUG Engine.Configuration] Dumping JSON config into /Users/daper01/Documents/OSLo/Selenium/2017-06-15_10-19-27.474495/effective.json
[2017-06-15 10:19:44,623 DEBUG root] Leveling down log file verbosity, use -v option to have DEBUG messages enabled
[2017-06-15 10:19:44,624 WARNING Engine.cloud] Detaching Taurus from started test...
[2017-06-15 10:19:44,626 INFO Engine.console] Waiting for finish...
[2017-06-15 10:19:44,834 WARNING Engine] Please wait for graceful shutdown...
[2017-06-15 10:19:44,843 DEBUG root] Leveled up log file verbosity
[2017-06-15 10:19:44,843 INFO Engine] Shutting down...
[2017-06-15 10:19:44,850 DEBUG Engine.console] Restoring logging streams, [<logging.StreamHandler object at 0x10ed97750>]/{<logging.StreamHandler object at 0x10ed97750>: <open file '<stdout>', mode 'w' at 0x10dc55150>}
[2017-06-15 10:19:44,852 DEBUG Engine.Configuration] Dumping YAML config into /Users/daper01/Documents/OSLo/Selenium/2017-06-15_10-19-27.474495/effective.yml
[2017-06-15 10:19:44,905 DEBUG Engine.Configuration] Dumping JSON config into /Users/daper01/Documents/OSLo/Selenium/2017-06-15_10-19-27.474495/effective.json
[2017-06-15 10:19:44,907 INFO Engine] Post-processing...
[2017-06-15 10:19:44,907 DEBUG Engine.cloud] Request: GET https://a.blazemeter.com/api/v4/masters/16319655/full None
[2017-06-15 10:19:45,319 DEBUG Engine.cloud] Response: {
    "api_version": 4,
    "error": null,
    "result": {
        "id": 16319655,
        "name": "Taurus Cloud Test",
        "userId": 339612,
        "runnerUserId": 339612,
        "created": 1497547184,
        "updated": 1497547184,
        "testId"
[2017-06-15 10:19:45,319 DEBUG Engine.consolidator] Consolidator buffer[0]: []
[2017-06-15 10:19:45,319 INFO Engine.final-stats] Test duration: 0:00:02
[2017-06-15 10:19:45,320 DEBUG Engine.console] No logger_handler or orig_stream was detected
[2017-06-15 10:19:45,322 DEBUG Engine.Configuration] Dumping YAML config into /Users/daper01/Documents/OSLo/Selenium/2017-06-15_10-19-27.474495/effective.yml
[2017-06-15 10:19:45,363 DEBUG Engine.Configuration] Dumping JSON config into /Users/daper01/Documents/OSLo/Selenium/2017-06-15_10-19-27.474495/effective.json
[2017-06-15 10:19:45,364 INFO root] Artifacts dir: /Users/daper01/Documents/OSLo/Selenium/2017-06-15_10-19-27.474495
[2017-06-15 10:19:45,364 INFO root] Done performing with code: 0
[2017-06-15 10:19:45,365 DEBUG root] Closing log handler: /Users/daper01/Documents/OSLo/Selenium/2017-06-15_10-19-27.474495/bzt.log
