[2018-01-11 13:28:48,980 INFO root] Taurus CLI Tool v1.10.3
[2018-01-11 13:28:48,981 DEBUG root] Command-line options: {'verbose': None, 'no_system_configs': None, 'quiet': None, 'log': '/var/folders/vq/xzrdy2lx047cst78f69v8z3xfzqz1q/T/bzt_1j7hyq.log', 'option': None, 'aliases': ['cloud']}
[2018-01-11 13:28:48,981 DEBUG root] Python: CPython 2.7.13
[2018-01-11 13:28:48,981 DEBUG root] OS: ('Darwin', 'daper01mac1124', '17.2.0', 'Darwin Kernel Version 17.2.0: Fri Sep 29 18:27:05 PDT 2017; root:xnu-4570.20.62~3/RELEASE_X86_64', 'x86_64', 'i386')
[2018-01-11 13:28:48,981 INFO root] Starting with configs: ['load_scenario_from_csv.yml', 'execution_jmeter.yml']
[2018-01-11 13:28:48,981 DEBUG root] Using personal config: /Users/daper01/.bzt-rc
[2018-01-11 13:28:48,981 INFO Engine] Configuring...
[2018-01-11 13:28:48,981 DEBUG Engine] Reading extension configs from: /usr/local/etc/bzt.d
[2018-01-11 13:28:48,982 DEBUG Engine.Configuration] Configs: ['/usr/local/lib/python2.7/site-packages/bzt/resources/base-config.yml', '/usr/local/etc/bzt.d/99-installID.yml']
[2018-01-11 13:28:48,982 DEBUG Engine.Configuration] Reading /usr/local/lib/python2.7/site-packages/bzt/resources/base-config.yml as YAML
[2018-01-11 13:28:49,010 DEBUG Engine.Configuration] Reading /usr/local/etc/bzt.d/99-installID.yml as YAML
[2018-01-11 13:28:49,011 DEBUG Engine.Configuration] Configs: ['/Users/daper01/.bzt-rc', 'load_scenario_from_csv.yml', 'execution_jmeter.yml']
[2018-01-11 13:28:49,011 DEBUG Engine.Configuration] Reading /Users/daper01/.bzt-rc as YAML
[2018-01-11 13:28:49,012 DEBUG Engine.Configuration] Reading load_scenario_from_csv.yml as YAML
[2018-01-11 13:28:49,016 DEBUG Engine.Configuration] Reading execution_jmeter.yml as YAML
[2018-01-11 13:28:49,023 DEBUG Engine.Configuration] Configs: ['/Users/daper01/.bzt-rc', 'load_scenario_from_csv.yml', 'execution_jmeter.yml']
[2018-01-11 13:28:49,024 DEBUG Engine.Configuration] Reading /Users/daper01/.bzt-rc as YAML
[2018-01-11 13:28:49,025 DEBUG Engine.Configuration] Reading load_scenario_from_csv.yml as YAML
[2018-01-11 13:28:49,028 DEBUG Engine.Configuration] Reading execution_jmeter.yml as YAML
[2018-01-11 13:28:49,045 DEBUG Engine] Requesting updates info: http://gettaurus.org/updates/?version=1.10.3&installID=784f43782a15
[2018-01-11 13:28:49,049 INFO Engine] Artifacts dir: /Users/daper01/Documents/OSLo/artifacts/2018-01-11_13-28-49.045533
[2018-01-11 13:28:49,049 DEBUG Engine] New artifact filename: /Users/daper01/Documents/OSLo/artifacts/2018-01-11_13-28-49.045533/effective
[2018-01-11 13:28:49,051 DEBUG Engine.Configuration] Dumping YAML config into /Users/daper01/Documents/OSLo/artifacts/2018-01-11_13-28-49.045533/effective.yml
[2018-01-11 13:28:49,079 DEBUG Engine.Configuration] Dumping JSON config into /Users/daper01/Documents/OSLo/artifacts/2018-01-11_13-28-49.045533/effective.json
[2018-01-11 13:28:49,080 DEBUG Engine] New artifact filename: /Users/daper01/Documents/OSLo/artifacts/2018-01-11_13-28-49.045533/merged.yml
[2018-01-11 13:28:49,081 DEBUG Engine.Configuration] Dumping YAML config into /Users/daper01/Documents/OSLo/artifacts/2018-01-11_13-28-49.045533/merged.yml
[2018-01-11 13:28:49,090 DEBUG Engine] New artifact filename: /Users/daper01/Documents/OSLo/artifacts/2018-01-11_13-28-49.045533/merged.json
[2018-01-11 13:28:49,091 DEBUG Engine.Configuration] Dumping JSON config into /Users/daper01/Documents/OSLo/artifacts/2018-01-11_13-28-49.045533/merged.json
[2018-01-11 13:28:49,092 DEBUG Engine] Add existing artifact (move=False): load_scenario_from_csv.yml
[2018-01-11 13:28:49,092 DEBUG Engine] Copying load_scenario_from_csv.yml to /Users/daper01/Documents/OSLo/artifacts/2018-01-11_13-28-49.045533/load_scenario_from_csv.yml
[2018-01-11 13:28:49,092 DEBUG Engine] Add existing artifact (move=False): execution_jmeter.yml
[2018-01-11 13:28:49,093 DEBUG Engine] Copying execution_jmeter.yml to /Users/daper01/Documents/OSLo/artifacts/2018-01-11_13-28-49.045533/execution_jmeter.yml
[2018-01-11 13:28:49,093 DEBUG root] Closing log handler: /var/folders/vq/xzrdy2lx047cst78f69v8z3xfzqz1q/T/bzt_1j7hyq.log
[2018-01-11 13:28:49,106 DEBUG root] Switched writing logs to /Users/daper01/Documents/OSLo/artifacts/2018-01-11_13-28-49.045533/bzt.log
[2018-01-11 13:28:49,106 INFO Engine] Preparing...
[2018-01-11 13:28:49,107 DEBUG Engine] Module config: consolidator defaultdict(None, {'class': 'bzt.modules.aggregator.ConsolidatingAggregator'})
[2018-01-11 13:28:49,107 DEBUG root] Importing module: bzt.modules.aggregator
[2018-01-11 13:28:49,124 DEBUG root] Loading class: 'ConsolidatingAggregator' from <module 'bzt.modules.aggregator' from '/usr/local/lib/python2.7/site-packages/bzt/modules/aggregator.pyc'>
[2018-01-11 13:28:49,124 DEBUG Engine.consolidator] Exception in dehumanize_time(inf)
[2018-01-11 13:28:49,124 DEBUG Engine.consolidator] Buffer scaling setup: percentile 95.0 from [0.0, 50.0, 90.0, 95.0, 99.0, 99.9, 100.0] selected
[2018-01-11 13:28:49,124 DEBUG Engine] Module config: monitoring defaultdict(None, {'class': 'bzt.modules.monitoring.Monitoring'})
[2018-01-11 13:28:49,124 DEBUG root] Importing module: bzt.modules.monitoring
[2018-01-11 13:28:49,126 DEBUG root] Loading class: 'Monitoring' from <module 'bzt.modules.monitoring' from '/usr/local/lib/python2.7/site-packages/bzt/modules/monitoring.pyc'>
[2018-01-11 13:28:49,126 DEBUG Engine.monitoring] Should not run because of non-matching prov: cloud != local
[2018-01-11 13:28:49,126 DEBUG Engine] Module config: cloud defaultdict(None, {'test': 'Taurus from Scenario', 'report-name': 'Taurus from Scenario', 'class': 'bzt.modules.blazemeter.CloudProvisioning', 'default-location': 'us-central1-a'})
[2018-01-11 13:28:49,126 DEBUG root] Importing module: bzt.modules.blazemeter
[2018-01-11 13:28:49,181 DEBUG easyprocess] version=0.2.3
[2018-01-11 13:28:49,182 DEBUG pyvirtualdisplay] version=0.2.1
[2018-01-11 13:28:49,183 DEBUG root] Loading class: 'CloudProvisioning' from <module 'bzt.modules.blazemeter' from '/usr/local/lib/python2.7/site-packages/bzt/modules/blazemeter.pyc'>
[2018-01-11 13:28:49,184 DEBUG Engine] Module config: blazemeter defaultdict(None, {'token': '********', 'class': 'bzt.modules.blazemeter.BlazeMeterUploader'})
[2018-01-11 13:28:49,184 DEBUG root] Importing module: bzt.modules.blazemeter
[2018-01-11 13:28:49,184 DEBUG root] Loading class: 'BlazeMeterUploader' from <module 'bzt.modules.blazemeter' from '/usr/local/lib/python2.7/site-packages/bzt/modules/blazemeter.pyc'>
[2018-01-11 13:28:49,184 DEBUG Engine.cloud] Request: GET https://a.blazemeter.com/api/v4/accounts None
[2018-01-11 13:28:49,205 DEBUG urllib3.connectionpool] Starting new HTTPS connection (1): a.blazemeter.com
[2018-01-11 13:28:49,614 DEBUG urllib3.connectionpool] https://a.blazemeter.com:443 "GET /api/v4/accounts HTTP/1.1" 200 2726
[2018-01-11 13:28:49,622 DEBUG Engine.cloud] Response [200]: {
    "limit": 10,
    "skip": 0,
    "total": 3,
    "hidden": 0,
    "api_version": 4,
    "error": null,
    "result": [
        {
            "id": 153221,
            "name": "BlazeMeter Demo",
            "thumbnailUrl": "https://www.blazemeter.com/s
[2018-01-11 13:28:49,623 DEBUG Engine.cloud] Request: GET https://a.blazemeter.com/api/v4/workspaces?accountId=153221&enabled=true&limit=100 None
[2018-01-11 13:28:49,626 DEBUG urllib3.connectionpool] Starting new HTTPS connection (1): a.blazemeter.com
[2018-01-11 13:28:49,640 DEBUG Engine] Taurus updates info: {"latest":"1.10.4","needsUpgrade":true}
[2018-01-11 13:28:49,641 WARNING Engine] There is newer version of Taurus 1.10.4 available, consider upgrading. What's new: http://gettaurus.org/docs/Changelog/
[2018-01-11 13:28:50,040 DEBUG urllib3.connectionpool] https://a.blazemeter.com:443 "GET /api/v4/workspaces?accountId=153221&enabled=true&limit=100 HTTP/1.1" 200 814
[2018-01-11 13:28:50,046 DEBUG Engine.cloud] Response [200]: {
    "limit": 100,
    "skip": 0,
    "total": 1,
    "hidden": 0,
    "api_version": 4,
    "error": null,
    "result": [
        {
            "id": 146738,
            "name": "Demo workspace",
            "userId": 368191,
            "created": 1498
[2018-01-11 13:28:50,047 DEBUG Engine.cloud] Request: GET https://a.blazemeter.com/api/v4/workspaces?accountId=125626&enabled=true&limit=100 None
[2018-01-11 13:28:50,049 DEBUG urllib3.connectionpool] Starting new HTTPS connection (1): a.blazemeter.com
[2018-01-11 13:28:50,459 DEBUG urllib3.connectionpool] https://a.blazemeter.com:443 "GET /api/v4/workspaces?accountId=125626&enabled=true&limit=100 HTTP/1.1" 200 4882
[2018-01-11 13:28:50,466 DEBUG Engine.cloud] Response [200]: {
    "limit": 100,
    "skip": 0,
    "total": 7,
    "hidden": 0,
    "api_version": 4,
    "error": null,
    "result": [
        {
            "id": 119008,
            "name": "Default workspace",
            "userId": 339612,
            "created": 1
[2018-01-11 13:28:50,467 DEBUG Engine.cloud] Request: GET https://a.blazemeter.com/api/v4/workspaces?accountId=21166&enabled=true&limit=100 None
[2018-01-11 13:28:50,469 DEBUG urllib3.connectionpool] Starting new HTTPS connection (1): a.blazemeter.com
[2018-01-11 13:28:50,873 DEBUG urllib3.connectionpool] https://a.blazemeter.com:443 "GET /api/v4/workspaces?accountId=21166&enabled=true&limit=100 HTTP/1.1" 200 1482
[2018-01-11 13:28:50,879 DEBUG Engine.cloud] Response [200]: {
    "limit": 100,
    "skip": 0,
    "total": 2,
    "hidden": 0,
    "api_version": 4,
    "error": null,
    "result": [
        {
            "id": 7199,
            "name": "CA SE Workspace",
            "userId": 307773,
            "created": 14775
[2018-01-11 13:28:50,880 DEBUG Engine] Module config: jmeter defaultdict(None, {'properties': defaultdict(None, {'jmeter.save.saveservice.autoflush': 'true', 'jmeter.save.saveservice.connect_time': 'true', 'summariser.name': '', 'jmeterengine.force.system.exit': 'true'}), 'class': 'bzt.modules.jmeter.JMeterExecutor', 'plugins': ['jpgc-casutg', 'jpgc-dummy', 'jpgc-ffw', 'jpgc-fifo', 'jpgc-functions', 'jpgc-json', 'jpgc-perfmon', 'jpgc-prmctl', 'jpgc-tst']})
[2018-01-11 13:28:50,880 DEBUG root] Importing module: bzt.modules.jmeter
[2018-01-11 13:28:50,895 DEBUG root] Loading class: 'JMeterExecutor' from <module 'bzt.modules.jmeter' from '/usr/local/lib/python2.7/site-packages/bzt/modules/jmeter.pyc'>
[2018-01-11 13:28:50,896 DEBUG Engine.cloud] Request: GET https://a.blazemeter.com/api/v4/multi-tests?workspaceId=146738&name=Taurus+from+Scenario None
[2018-01-11 13:28:50,898 DEBUG urllib3.connectionpool] Starting new HTTPS connection (1): a.blazemeter.com
[2018-01-11 13:28:51,289 DEBUG urllib3.connectionpool] https://a.blazemeter.com:443 "GET /api/v4/multi-tests?workspaceId=146738&name=Taurus+from+Scenario HTTP/1.1" 200 126
[2018-01-11 13:28:51,294 DEBUG Engine.cloud] Response [200]: {
    "limit": 10,
    "skip": 0,
    "total": 0,
    "hidden": 0,
    "api_version": 4,
    "error": null,
    "result": []
}
[2018-01-11 13:28:51,294 DEBUG Engine.cloud] Request: GET https://a.blazemeter.com/api/v4/multi-tests?workspaceId=119008&name=Taurus+from+Scenario None
[2018-01-11 13:28:51,296 DEBUG urllib3.connectionpool] Starting new HTTPS connection (1): a.blazemeter.com
[2018-01-11 13:28:51,667 DEBUG urllib3.connectionpool] https://a.blazemeter.com:443 "GET /api/v4/multi-tests?workspaceId=119008&name=Taurus+from+Scenario HTTP/1.1" 200 126
[2018-01-11 13:28:51,672 DEBUG Engine.cloud] Response [200]: {
    "limit": 10,
    "skip": 0,
    "total": 0,
    "hidden": 0,
    "api_version": 4,
    "error": null,
    "result": []
}
[2018-01-11 13:28:51,673 DEBUG Engine.cloud] Request: GET https://a.blazemeter.com/api/v4/multi-tests?workspaceId=127980&name=Taurus+from+Scenario None
[2018-01-11 13:28:51,675 DEBUG urllib3.connectionpool] Starting new HTTPS connection (1): a.blazemeter.com
[2018-01-11 13:28:52,048 DEBUG urllib3.connectionpool] https://a.blazemeter.com:443 "GET /api/v4/multi-tests?workspaceId=127980&name=Taurus+from+Scenario HTTP/1.1" 200 126
[2018-01-11 13:28:52,053 DEBUG Engine.cloud] Response [200]: {
    "limit": 10,
    "skip": 0,
    "total": 0,
    "hidden": 0,
    "api_version": 4,
    "error": null,
    "result": []
}
[2018-01-11 13:28:52,053 DEBUG Engine.cloud] Request: GET https://a.blazemeter.com/api/v4/multi-tests?workspaceId=127984&name=Taurus+from+Scenario None
[2018-01-11 13:28:52,055 DEBUG urllib3.connectionpool] Starting new HTTPS connection (1): a.blazemeter.com
[2018-01-11 13:28:52,430 DEBUG urllib3.connectionpool] https://a.blazemeter.com:443 "GET /api/v4/multi-tests?workspaceId=127984&name=Taurus+from+Scenario HTTP/1.1" 200 126
[2018-01-11 13:28:52,435 DEBUG Engine.cloud] Response [200]: {
    "limit": 10,
    "skip": 0,
    "total": 0,
    "hidden": 0,
    "api_version": 4,
    "error": null,
    "result": []
}
[2018-01-11 13:28:52,436 DEBUG Engine.cloud] Request: GET https://a.blazemeter.com/api/v4/multi-tests?workspaceId=132723&name=Taurus+from+Scenario None
[2018-01-11 13:28:52,438 DEBUG urllib3.connectionpool] Starting new HTTPS connection (1): a.blazemeter.com
[2018-01-11 13:28:52,822 DEBUG urllib3.connectionpool] https://a.blazemeter.com:443 "GET /api/v4/multi-tests?workspaceId=132723&name=Taurus+from+Scenario HTTP/1.1" 200 126
[2018-01-11 13:28:52,828 DEBUG Engine.cloud] Response [200]: {
    "limit": 10,
    "skip": 0,
    "total": 0,
    "hidden": 0,
    "api_version": 4,
    "error": null,
    "result": []
}
[2018-01-11 13:28:52,829 DEBUG Engine.cloud] Request: GET https://a.blazemeter.com/api/v4/multi-tests?workspaceId=153836&name=Taurus+from+Scenario None
[2018-01-11 13:28:52,831 DEBUG urllib3.connectionpool] Starting new HTTPS connection (1): a.blazemeter.com
[2018-01-11 13:28:53,232 DEBUG urllib3.connectionpool] https://a.blazemeter.com:443 "GET /api/v4/multi-tests?workspaceId=153836&name=Taurus+from+Scenario HTTP/1.1" 200 126
[2018-01-11 13:28:53,238 DEBUG Engine.cloud] Response [200]: {
    "limit": 10,
    "skip": 0,
    "total": 0,
    "hidden": 0,
    "api_version": 4,
    "error": null,
    "result": []
}
[2018-01-11 13:28:53,238 DEBUG Engine.cloud] Request: GET https://a.blazemeter.com/api/v4/multi-tests?workspaceId=163251&name=Taurus+from+Scenario None
[2018-01-11 13:28:53,240 DEBUG urllib3.connectionpool] Starting new HTTPS connection (1): a.blazemeter.com
[2018-01-11 13:28:53,638 DEBUG urllib3.connectionpool] https://a.blazemeter.com:443 "GET /api/v4/multi-tests?workspaceId=163251&name=Taurus+from+Scenario HTTP/1.1" 200 126
[2018-01-11 13:28:53,645 DEBUG Engine.cloud] Response [200]: {
    "limit": 10,
    "skip": 0,
    "total": 0,
    "hidden": 0,
    "api_version": 4,
    "error": null,
    "result": []
}
[2018-01-11 13:28:53,645 DEBUG Engine.cloud] Request: GET https://a.blazemeter.com/api/v4/multi-tests?workspaceId=135886&name=Taurus+from+Scenario None
[2018-01-11 13:28:53,648 DEBUG urllib3.connectionpool] Starting new HTTPS connection (1): a.blazemeter.com
[2018-01-11 13:28:54,030 DEBUG urllib3.connectionpool] https://a.blazemeter.com:443 "GET /api/v4/multi-tests?workspaceId=135886&name=Taurus+from+Scenario HTTP/1.1" 200 126
[2018-01-11 13:28:54,036 DEBUG Engine.cloud] Response [200]: {
    "limit": 10,
    "skip": 0,
    "total": 0,
    "hidden": 0,
    "api_version": 4,
    "error": null,
    "result": []
}
[2018-01-11 13:28:54,036 DEBUG Engine.cloud] Request: GET https://a.blazemeter.com/api/v4/multi-tests?workspaceId=7199&name=Taurus+from+Scenario None
[2018-01-11 13:28:54,038 DEBUG urllib3.connectionpool] Starting new HTTPS connection (1): a.blazemeter.com
[2018-01-11 13:28:54,454 DEBUG urllib3.connectionpool] https://a.blazemeter.com:443 "GET /api/v4/multi-tests?workspaceId=7199&name=Taurus+from+Scenario HTTP/1.1" 200 126
[2018-01-11 13:28:54,459 DEBUG Engine.cloud] Response [200]: {
    "limit": 10,
    "skip": 0,
    "total": 0,
    "hidden": 0,
    "api_version": 4,
    "error": null,
    "result": []
}
[2018-01-11 13:28:54,459 DEBUG Engine.cloud] Request: GET https://a.blazemeter.com/api/v4/multi-tests?workspaceId=133217&name=Taurus+from+Scenario None
[2018-01-11 13:28:54,462 DEBUG urllib3.connectionpool] Starting new HTTPS connection (1): a.blazemeter.com
[2018-01-11 13:28:54,846 DEBUG urllib3.connectionpool] https://a.blazemeter.com:443 "GET /api/v4/multi-tests?workspaceId=133217&name=Taurus+from+Scenario HTTP/1.1" 200 126
[2018-01-11 13:28:54,851 DEBUG Engine.cloud] Response [200]: {
    "limit": 10,
    "skip": 0,
    "total": 0,
    "hidden": 0,
    "api_version": 4,
    "error": null,
    "result": []
}
[2018-01-11 13:28:54,851 DEBUG Engine.cloud.ProjectFinder] Looked for collection: None
[2018-01-11 13:28:54,852 DEBUG Engine.cloud] Request: GET https://a.blazemeter.com/api/v4/tests?workspaceId=146738&name=Taurus+from+Scenario None
[2018-01-11 13:28:54,854 DEBUG urllib3.connectionpool] Starting new HTTPS connection (1): a.blazemeter.com
[2018-01-11 13:28:55,245 DEBUG urllib3.connectionpool] https://a.blazemeter.com:443 "GET /api/v4/tests?workspaceId=146738&name=Taurus+from+Scenario HTTP/1.1" 200 126
[2018-01-11 13:28:55,253 DEBUG Engine.cloud] Response [200]: {
    "limit": 10,
    "skip": 0,
    "total": 0,
    "hidden": 0,
    "api_version": 4,
    "error": null,
    "result": []
}
[2018-01-11 13:28:55,254 DEBUG Engine.cloud] Request: GET https://a.blazemeter.com/api/v4/tests?workspaceId=119008&name=Taurus+from+Scenario None
[2018-01-11 13:28:55,259 DEBUG urllib3.connectionpool] Starting new HTTPS connection (1): a.blazemeter.com
[2018-01-11 13:28:55,648 DEBUG urllib3.connectionpool] https://a.blazemeter.com:443 "GET /api/v4/tests?workspaceId=119008&name=Taurus+from+Scenario HTTP/1.1" 200 852
[2018-01-11 13:28:55,654 DEBUG Engine.cloud] Response [200]: {
    "limit": 10,
    "skip": 0,
    "total": 1,
    "hidden": 0,
    "api_version": 4,
    "error": null,
    "result": [
        {
            "id": 5781129,
            "name": "Taurus from Scenario",
            "userId": 339612,
            "created"
[2018-01-11 13:28:55,654 DEBUG Engine.cloud] Request: GET https://a.blazemeter.com/api/v4/tests?workspaceId=127980&name=Taurus+from+Scenario None
[2018-01-11 13:28:55,656 DEBUG urllib3.connectionpool] Starting new HTTPS connection (1): a.blazemeter.com
[2018-01-11 13:28:56,042 DEBUG urllib3.connectionpool] https://a.blazemeter.com:443 "GET /api/v4/tests?workspaceId=127980&name=Taurus+from+Scenario HTTP/1.1" 200 126
[2018-01-11 13:28:56,049 DEBUG Engine.cloud] Response [200]: {
    "limit": 10,
    "skip": 0,
    "total": 0,
    "hidden": 0,
    "api_version": 4,
    "error": null,
    "result": []
}
[2018-01-11 13:28:56,049 DEBUG Engine.cloud] Request: GET https://a.blazemeter.com/api/v4/tests?workspaceId=127984&name=Taurus+from+Scenario None
[2018-01-11 13:28:56,053 DEBUG urllib3.connectionpool] Starting new HTTPS connection (1): a.blazemeter.com
[2018-01-11 13:28:56,432 DEBUG urllib3.connectionpool] https://a.blazemeter.com:443 "GET /api/v4/tests?workspaceId=127984&name=Taurus+from+Scenario HTTP/1.1" 200 126
[2018-01-11 13:28:56,437 DEBUG Engine.cloud] Response [200]: {
    "limit": 10,
    "skip": 0,
    "total": 0,
    "hidden": 0,
    "api_version": 4,
    "error": null,
    "result": []
}
[2018-01-11 13:28:56,437 DEBUG Engine.cloud] Request: GET https://a.blazemeter.com/api/v4/tests?workspaceId=132723&name=Taurus+from+Scenario None
[2018-01-11 13:28:56,439 DEBUG urllib3.connectionpool] Starting new HTTPS connection (1): a.blazemeter.com
[2018-01-11 13:28:56,854 DEBUG urllib3.connectionpool] https://a.blazemeter.com:443 "GET /api/v4/tests?workspaceId=132723&name=Taurus+from+Scenario HTTP/1.1" 200 126
[2018-01-11 13:28:56,861 DEBUG Engine.cloud] Response [200]: {
    "limit": 10,
    "skip": 0,
    "total": 0,
    "hidden": 0,
    "api_version": 4,
    "error": null,
    "result": []
}
[2018-01-11 13:28:56,861 DEBUG Engine.cloud] Request: GET https://a.blazemeter.com/api/v4/tests?workspaceId=153836&name=Taurus+from+Scenario None
[2018-01-11 13:28:56,864 DEBUG urllib3.connectionpool] Starting new HTTPS connection (1): a.blazemeter.com
[2018-01-11 13:28:57,251 DEBUG urllib3.connectionpool] https://a.blazemeter.com:443 "GET /api/v4/tests?workspaceId=153836&name=Taurus+from+Scenario HTTP/1.1" 200 126
[2018-01-11 13:28:57,257 DEBUG Engine.cloud] Response [200]: {
    "limit": 10,
    "skip": 0,
    "total": 0,
    "hidden": 0,
    "api_version": 4,
    "error": null,
    "result": []
}
[2018-01-11 13:28:57,257 DEBUG Engine.cloud] Request: GET https://a.blazemeter.com/api/v4/tests?workspaceId=163251&name=Taurus+from+Scenario None
[2018-01-11 13:28:57,259 DEBUG urllib3.connectionpool] Starting new HTTPS connection (1): a.blazemeter.com
[2018-01-11 13:28:57,650 DEBUG urllib3.connectionpool] https://a.blazemeter.com:443 "GET /api/v4/tests?workspaceId=163251&name=Taurus+from+Scenario HTTP/1.1" 200 126
[2018-01-11 13:28:57,656 DEBUG Engine.cloud] Response [200]: {
    "limit": 10,
    "skip": 0,
    "total": 0,
    "hidden": 0,
    "api_version": 4,
    "error": null,
    "result": []
}
[2018-01-11 13:28:57,656 DEBUG Engine.cloud] Request: GET https://a.blazemeter.com/api/v4/tests?workspaceId=135886&name=Taurus+from+Scenario None
[2018-01-11 13:28:57,660 DEBUG urllib3.connectionpool] Starting new HTTPS connection (1): a.blazemeter.com
[2018-01-11 13:28:58,026 DEBUG urllib3.connectionpool] https://a.blazemeter.com:443 "GET /api/v4/tests?workspaceId=135886&name=Taurus+from+Scenario HTTP/1.1" 200 126
[2018-01-11 13:28:58,031 DEBUG Engine.cloud] Response [200]: {
    "limit": 10,
    "skip": 0,
    "total": 0,
    "hidden": 0,
    "api_version": 4,
    "error": null,
    "result": []
}
[2018-01-11 13:28:58,032 DEBUG Engine.cloud] Request: GET https://a.blazemeter.com/api/v4/tests?workspaceId=7199&name=Taurus+from+Scenario None
[2018-01-11 13:28:58,034 DEBUG urllib3.connectionpool] Starting new HTTPS connection (1): a.blazemeter.com
[2018-01-11 13:28:58,439 DEBUG urllib3.connectionpool] https://a.blazemeter.com:443 "GET /api/v4/tests?workspaceId=7199&name=Taurus+from+Scenario HTTP/1.1" 200 126
[2018-01-11 13:28:58,446 DEBUG Engine.cloud] Response [200]: {
    "limit": 10,
    "skip": 0,
    "total": 0,
    "hidden": 0,
    "api_version": 4,
    "error": null,
    "result": []
}
[2018-01-11 13:28:58,446 DEBUG Engine.cloud] Request: GET https://a.blazemeter.com/api/v4/tests?workspaceId=133217&name=Taurus+from+Scenario None
[2018-01-11 13:28:58,448 DEBUG urllib3.connectionpool] Starting new HTTPS connection (1): a.blazemeter.com
[2018-01-11 13:28:58,838 DEBUG urllib3.connectionpool] https://a.blazemeter.com:443 "GET /api/v4/tests?workspaceId=133217&name=Taurus+from+Scenario HTTP/1.1" 200 126
[2018-01-11 13:28:58,845 DEBUG Engine.cloud] Response [200]: {
    "limit": 10,
    "skip": 0,
    "total": 0,
    "hidden": 0,
    "api_version": 4,
    "error": null,
    "result": []
}
[2018-01-11 13:28:58,845 DEBUG Engine.cloud.ProjectFinder] Looked for test: {u'updated': 1515705319, u'name': u'Taurus from Scenario', u'created': 1508340357, u'creatorClientId': u'Taurus', u'userId': 339612, u'lastUpdatedById': 339612, u'projectId': 162568, u'configuration': {u'targetThreads': 0, u'type': u'taurus', u'canControlRampup': False, u'plugins': {u'functionalExecution': {u'enabled': False}, u'taurus': {u'filename': u'taurus.yml'}}}, u'id': 5781129}
[2018-01-11 13:28:58,846 DEBUG Engine.cloud.ProjectFinder] Detected test type: old
[2018-01-11 13:28:58,846 DEBUG Engine.cloud] Request: GET https://a.blazemeter.com/api/v4/user None
[2018-01-11 13:28:58,848 DEBUG urllib3.connectionpool] Starting new HTTPS connection (1): a.blazemeter.com
[2018-01-11 13:28:59,242 DEBUG urllib3.connectionpool] https://a.blazemeter.com:443 "GET /api/v4/user HTTP/1.1" 200 2347
[2018-01-11 13:28:59,247 DEBUG Engine.cloud] Response [200]: {
    "api_version": 4,
    "error": null,
    "result": {
        "id": 339612,
        "email": "eric.dapp@blazemeter.com",
        "access": 1515706138,
        "login": 1515090360,
        "firstName": "Eric",
        "lastName": "Dapp",
        "timez
[2018-01-11 13:28:59,247 DEBUG Engine.cloud] Request: GET https://a.blazemeter.com/api/v4/projects?workspaceId=146738&limit=99999 None
[2018-01-11 13:28:59,250 DEBUG urllib3.connectionpool] Starting new HTTPS connection (1): a.blazemeter.com
[2018-01-11 13:28:59,634 DEBUG urllib3.connectionpool] https://a.blazemeter.com:443 "GET /api/v4/projects?workspaceId=146738&limit=99999 HTTP/1.1" 200 1122
[2018-01-11 13:28:59,640 DEBUG Engine.cloud] Response [200]: {
    "limit": 50,
    "skip": 0,
    "total": 3,
    "hidden": 0,
    "api_version": 4,
    "error": null,
    "result": [
        {
            "id": 216192,
            "name": "API Stress Tests",
            "userId": null,
            "description": "
[2018-01-11 13:28:59,640 DEBUG Engine.cloud] Request: GET https://a.blazemeter.com/api/v4/projects?workspaceId=119008&limit=99999 None
[2018-01-11 13:28:59,642 DEBUG urllib3.connectionpool] Starting new HTTPS connection (1): a.blazemeter.com
[2018-01-11 13:29:00,017 DEBUG urllib3.connectionpool] https://a.blazemeter.com:443 "GET /api/v4/projects?workspaceId=119008&limit=99999 HTTP/1.1" 200 2048
[2018-01-11 13:29:00,021 DEBUG Engine.cloud] Response [200]: {
    "limit": 50,
    "skip": 0,
    "total": 6,
    "hidden": 0,
    "api_version": 4,
    "error": null,
    "result": [
        {
            "id": 163658,
            "name": "BlazeDemo Tests",
            "userId": null,
            "description": ""
[2018-01-11 13:29:00,022 DEBUG Engine.cloud] Request: GET https://a.blazemeter.com/api/v4/projects?workspaceId=127980&limit=99999 None
[2018-01-11 13:29:00,024 DEBUG urllib3.connectionpool] Starting new HTTPS connection (1): a.blazemeter.com
[2018-01-11 13:29:00,405 DEBUG urllib3.connectionpool] https://a.blazemeter.com:443 "GET /api/v4/projects?workspaceId=127980&limit=99999 HTTP/1.1" 200 720
[2018-01-11 13:29:00,410 DEBUG Engine.cloud] Response [200]: {
    "limit": 50,
    "skip": 0,
    "total": 2,
    "hidden": 0,
    "api_version": 4,
    "error": null,
    "result": [
        {
            "id": 173138,
            "name": "Default project",
            "userId": null,
            "description": nu
[2018-01-11 13:29:00,411 DEBUG Engine.cloud] Request: GET https://a.blazemeter.com/api/v4/projects?workspaceId=127984&limit=99999 None
[2018-01-11 13:29:00,413 DEBUG urllib3.connectionpool] Starting new HTTPS connection (1): a.blazemeter.com
[2018-01-11 13:29:00,790 DEBUG urllib3.connectionpool] https://a.blazemeter.com:443 "GET /api/v4/projects?workspaceId=127984&limit=99999 HTTP/1.1" 200 410
[2018-01-11 13:29:00,795 DEBUG Engine.cloud] Response [200]: {
    "limit": 50,
    "skip": 0,
    "total": 1,
    "hidden": 0,
    "api_version": 4,
    "error": null,
    "result": [
        {
            "id": 173143,
            "name": "Default project",
            "userId": null,
            "description": nu
[2018-01-11 13:29:00,795 DEBUG Engine.cloud] Request: GET https://a.blazemeter.com/api/v4/projects?workspaceId=132723&limit=99999 None
[2018-01-11 13:29:00,798 DEBUG urllib3.connectionpool] Starting new HTTPS connection (1): a.blazemeter.com
[2018-01-11 13:29:01,164 DEBUG urllib3.connectionpool] https://a.blazemeter.com:443 "GET /api/v4/projects?workspaceId=132723&limit=99999 HTTP/1.1" 200 412
[2018-01-11 13:29:01,169 DEBUG Engine.cloud] Response [200]: {
    "limit": 50,
    "skip": 0,
    "total": 1,
    "hidden": 0,
    "api_version": 4,
    "error": null,
    "result": [
        {
            "id": 178588,
            "name": "Default project",
            "userId": null,
            "description": nu
[2018-01-11 13:29:01,170 DEBUG Engine.cloud] Request: GET https://a.blazemeter.com/api/v4/projects?workspaceId=153836&limit=99999 None
[2018-01-11 13:29:01,172 DEBUG urllib3.connectionpool] Starting new HTTPS connection (1): a.blazemeter.com
[2018-01-11 13:29:01,541 DEBUG urllib3.connectionpool] https://a.blazemeter.com:443 "GET /api/v4/projects?workspaceId=153836&limit=99999 HTTP/1.1" 200 684
[2018-01-11 13:29:01,548 DEBUG Engine.cloud] Response [200]: {
    "limit": 50,
    "skip": 0,
    "total": 2,
    "hidden": 0,
    "api_version": 4,
    "error": null,
    "result": [
        {
            "id": 202867,
            "name": "Default project",
            "userId": null,
            "description": nu
[2018-01-11 13:29:01,548 DEBUG Engine.cloud] Request: GET https://a.blazemeter.com/api/v4/projects?workspaceId=163251&limit=99999 None
[2018-01-11 13:29:01,552 DEBUG urllib3.connectionpool] Starting new HTTPS connection (1): a.blazemeter.com
[2018-01-11 13:29:01,925 DEBUG urllib3.connectionpool] https://a.blazemeter.com:443 "GET /api/v4/projects?workspaceId=163251&limit=99999 HTTP/1.1" 200 410
[2018-01-11 13:29:01,929 DEBUG Engine.cloud] Response [200]: {
    "limit": 50,
    "skip": 0,
    "total": 1,
    "hidden": 0,
    "api_version": 4,
    "error": null,
    "result": [
        {
            "id": 213729,
            "name": "Default project",
            "userId": null,
            "description": nu
[2018-01-11 13:29:01,930 DEBUG Engine.cloud] Request: GET https://a.blazemeter.com/api/v4/projects?workspaceId=135886&limit=99999 None
[2018-01-11 13:29:01,932 DEBUG urllib3.connectionpool] Starting new HTTPS connection (1): a.blazemeter.com
[2018-01-11 13:29:02,303 DEBUG urllib3.connectionpool] https://a.blazemeter.com:443 "GET /api/v4/projects?workspaceId=135886&limit=99999 HTTP/1.1" 200 679
[2018-01-11 13:29:02,308 DEBUG Engine.cloud] Response [200]: {
    "limit": 50,
    "skip": 0,
    "total": 2,
    "hidden": 0,
    "api_version": 4,
    "error": null,
    "result": [
        {
            "id": 182182,
            "name": "Default project",
            "userId": null,
            "description": nu
[2018-01-11 13:29:02,308 DEBUG Engine.cloud] Request: GET https://a.blazemeter.com/api/v4/projects?workspaceId=7199&limit=99999 None
[2018-01-11 13:29:02,310 DEBUG urllib3.connectionpool] Starting new HTTPS connection (1): a.blazemeter.com
[2018-01-11 13:29:02,684 DEBUG urllib3.connectionpool] https://a.blazemeter.com:443 "GET /api/v4/projects?workspaceId=7199&limit=99999 HTTP/1.1" 200 4295
[2018-01-11 13:29:02,690 DEBUG Engine.cloud] Response [200]: {
    "limit": 50,
    "skip": 0,
    "total": 15,
    "hidden": 0,
    "api_version": 4,
    "error": null,
    "result": [
        {
            "id": 167099,
            "name": "APM",
            "userId": null,
            "description": "JMeter with 
[2018-01-11 13:29:02,691 DEBUG Engine.cloud] Request: GET https://a.blazemeter.com/api/v4/projects?workspaceId=133217&limit=99999 None
[2018-01-11 13:29:02,695 DEBUG urllib3.connectionpool] Starting new HTTPS connection (1): a.blazemeter.com
[2018-01-11 13:29:03,067 DEBUG urllib3.connectionpool] https://a.blazemeter.com:443 "GET /api/v4/projects?workspaceId=133217&limit=99999 HTTP/1.1" 200 1614
[2018-01-11 13:29:03,072 DEBUG Engine.cloud] Response [200]: {
    "limit": 50,
    "skip": 0,
    "total": 5,
    "hidden": 0,
    "api_version": 4,
    "error": null,
    "result": [
        {
            "id": 201589,
            "name": "API - Run As Functional",
            "userId": null,
            "descript
[2018-01-11 13:29:03,072 DEBUG Engine.cloud] Request: GET https://a.blazemeter.com/api/v4/workspaces/119008 None
[2018-01-11 13:29:03,074 DEBUG urllib3.connectionpool] Starting new HTTPS connection (1): a.blazemeter.com
[2018-01-11 13:29:03,529 DEBUG urllib3.connectionpool] https://a.blazemeter.com:443 "GET /api/v4/workspaces/119008 HTTP/1.1" 200 None
[2018-01-11 13:29:03,610 DEBUG Engine.cloud] Response [200]: {
    "api_version": 4,
    "error": null,
    "result": {
        "id": 119008,
        "name": "Default workspace",
        "userId": 339612,
        "created": 1486702692,
        "updated": 1486702692,
        "enabled": true,
        "dedicatedIpsEnab
[2018-01-11 13:29:03,617 DEBUG Engine.cloud] All resource files are: []
[2018-01-11 13:29:03,618 DEBUG Engine.cloud] Replace file names in config: [] with []
[2018-01-11 13:29:03,620 DEBUG Engine] New artifact filename: /Users/daper01/Documents/OSLo/artifacts/2018-01-11_13-28-49.045533/cloud
[2018-01-11 13:29:03,621 DEBUG root] Dumping YAML config into /Users/daper01/Documents/OSLo/artifacts/2018-01-11_13-28-49.045533/cloud.yml
[2018-01-11 13:29:03,634 DEBUG root] Dumping JSON config into /Users/daper01/Documents/OSLo/artifacts/2018-01-11_13-28-49.045533/cloud.json
[2018-01-11 13:29:03,635 DEBUG Engine.cloud] Request: GET https://a.blazemeter.com/api/v4/web/elfinder/5781129?cmd=open&target=s1_Lw None
[2018-01-11 13:29:03,637 DEBUG urllib3.connectionpool] Starting new HTTPS connection (1): a.blazemeter.com
[2018-01-11 13:29:04,192 DEBUG urllib3.connectionpool] https://a.blazemeter.com:443 "GET /api/v4/web/elfinder/5781129?cmd=open&target=s1_Lw HTTP/1.1" 200 1434
[2018-01-11 13:29:04,198 DEBUG Engine.cloud] Response [200]: {"cwd":{"name":"data","size":0,"mime":"directory","read":1,"write":1,"parent_id":"users","hash":"s1_Lw","rootRev":"","options":{"path":"","url":"","tmbUrl":"","disabled":["mkdir","archive","extract","chmod"],"separator":"\/","copyOverwrite":1,"uploadOverwr
[2018-01-11 13:29:04,198 DEBUG Engine.cloud] Test files: [u'taurus.yml']
[2018-01-11 13:29:04,198 DEBUG Engine.cloud] Request: GET https://a.blazemeter.com/api/v4/web/elfinder/5781129?cmd=rm&targets[]=s1_dGF1cnVzLnltbA None
[2018-01-11 13:29:04,201 DEBUG urllib3.connectionpool] Starting new HTTPS connection (1): a.blazemeter.com
[2018-01-11 13:29:04,913 DEBUG urllib3.connectionpool] https://a.blazemeter.com:443 "GET /api/v4/web/elfinder/5781129?cmd=rm&targets[]=s1_dGF1cnVzLnltbA HTTP/1.1" 200 762
[2018-01-11 13:29:04,918 DEBUG Engine.cloud] Response [200]: {"removed":["s1_dGF1cnVzLnltbA"],"changed":[{"name":"data","size":0,"mime":"directory","read":1,"write":1,"parent_id":"users","hash":"s1_Lw","rootRev":"","options":{"path":"","url":"","tmbUrl":"","disabled":["mkdir","archive","extract","chmod"],"separator"
[2018-01-11 13:29:04,919 DEBUG Engine.cloud] Successfully deleted 1 test files
[2018-01-11 13:29:04,931 DEBUG Engine.cloud] Uploading files into the test: []
[2018-01-11 13:29:04,951 DEBUG Engine.cloud] Request: POST https://a.blazemeter.com/api/v4/tests/5781129/files --===============5182426650845273532==
Content-Disposition: file; name="script"; filename="taurus.yml"
Content-Type: application/octet-stream

---
execution:
- concurrency: 200
  executor: jmeter
  hold-for: 2m
  locations:
    us-east-1: 2
    us-west
[2018-01-11 13:29:04,953 DEBUG urllib3.connectionpool] Starting new HTTPS connection (1): a.blazemeter.com
[2018-01-11 13:29:05,473 DEBUG urllib3.connectionpool] https://a.blazemeter.com:443 "POST /api/v4/tests/5781129/files HTTP/1.1" 201 619
[2018-01-11 13:29:05,476 DEBUG Engine.cloud] Response [201]: {
    "api_version": 4,
    "error": null,
    "result": {
        "id": 5781129,
        "name": "Taurus from Scenario",
        "userId": 339612,
        "creatorClientId": "Taurus",
        "created": 1508340357,
        "updated": 1515706145,
        "
[2018-01-11 13:29:05,477 DEBUG Engine.cloud] Request: PATCH https://a.blazemeter.com/api/v4/tests/5781129 {
 "configuration": {
  "executionType": null
 }
}
[2018-01-11 13:29:05,479 DEBUG urllib3.connectionpool] Starting new HTTPS connection (1): a.blazemeter.com
[2018-01-11 13:29:06,044 DEBUG urllib3.connectionpool] https://a.blazemeter.com:443 "PATCH /api/v4/tests/5781129 HTTP/1.1" 200 1321
[2018-01-11 13:29:06,049 DEBUG Engine.cloud] Response [200]: {
    "api_version": 4,
    "error": null,
    "result": {
        "id": 5781129,
        "name": "Taurus from Scenario",
        "userId": 339612,
        "creatorClientId": "Taurus",
        "created": 1508340357,
        "updated": 1515706145,
        "
[2018-01-11 13:29:06,050 DEBUG Engine.cloud] Request: PATCH https://a.blazemeter.com/api/v4/tests/5781129 {
 "configuration": {
  "plugins": {
   "functionalExecution": {
    "enabled": false
   }
  }
 }
}
[2018-01-11 13:29:06,052 DEBUG urllib3.connectionpool] Starting new HTTPS connection (1): a.blazemeter.com
[2018-01-11 13:29:06,657 DEBUG urllib3.connectionpool] https://a.blazemeter.com:443 "PATCH /api/v4/tests/5781129 HTTP/1.1" 200 1321
[2018-01-11 13:29:06,664 DEBUG Engine.cloud] Response [200]: {
    "api_version": 4,
    "error": null,
    "result": {
        "id": 5781129,
        "name": "Taurus from Scenario",
        "userId": 339612,
        "creatorClientId": "Taurus",
        "created": 1508340357,
        "updated": 1515706146,
        "
[2018-01-11 13:29:06,665 DEBUG Engine] Module config: final-stats defaultdict(None, {'class': 'bzt.modules.reporting.FinalStatus'})
[2018-01-11 13:29:06,665 DEBUG root] Importing module: bzt.modules.reporting
[2018-01-11 13:29:06,666 DEBUG root] Loading class: 'FinalStatus' from <module 'bzt.modules.reporting' from '/usr/local/lib/python2.7/site-packages/bzt/modules/reporting.pyc'>
[2018-01-11 13:29:06,666 DEBUG Engine] Module config: console defaultdict(None, {'class': 'bzt.modules.console.ConsoleStatusReporter'})
[2018-01-11 13:29:06,666 DEBUG root] Importing module: bzt.modules.console
[2018-01-11 13:29:06,666 DEBUG root] Loading class: 'ConsoleStatusReporter' from <module 'bzt.modules.console' from '/usr/local/lib/python2.7/site-packages/bzt/modules/console.pyc'>
[2018-01-11 13:29:06,675 DEBUG Engine.Configuration] Dumping YAML config into /Users/daper01/Documents/OSLo/artifacts/2018-01-11_13-28-49.045533/effective.yml
[2018-01-11 13:29:06,709 DEBUG Engine.Configuration] Dumping JSON config into /Users/daper01/Documents/OSLo/artifacts/2018-01-11_13-28-49.045533/effective.json
[2018-01-11 13:29:06,710 INFO Engine] Starting...
[2018-01-11 13:29:06,710 DEBUG Engine] Startup <bzt.modules.aggregator.ConsolidatingAggregator object at 0x104a98fd0>
[2018-01-11 13:29:06,711 DEBUG Engine] Startup <bzt.modules.reporting.FinalStatus object at 0x105b1b750>
[2018-01-11 13:29:06,711 DEBUG Engine] Startup <bzt.modules.console.ConsoleStatusReporter object at 0x105b50110>
[2018-01-11 13:29:06,711 INFO Engine.console] Waiting for results...
[2018-01-11 13:29:06,711 DEBUG Engine] Startup <bzt.modules.reporting.FinalStatus object at 0x105b503d0>
[2018-01-11 13:29:06,711 DEBUG Engine] Startup <bzt.modules.blazemeter.CloudProvisioning object at 0x104ec9210>
[2018-01-11 13:29:06,711 INFO Engine.cloud.ProjectFinder.CloudTaurusTest] Initiating cloud test with https://a.blazemeter.com ...
[2018-01-11 13:29:06,711 DEBUG Engine.cloud] Request: POST https://a.blazemeter.com/api/v4/tests/5781129/start None
[2018-01-11 13:29:06,714 DEBUG urllib3.connectionpool] Starting new HTTPS connection (1): a.blazemeter.com
[2018-01-11 13:29:07,721 DEBUG urllib3.connectionpool] https://a.blazemeter.com:443 "POST /api/v4/tests/5781129/start HTTP/1.1" 202 761
[2018-01-11 13:29:07,727 DEBUG Engine.cloud] Response [202]: {
    "api_version": 4,
    "error": null,
    "result": {
        "id": 17136872,
        "name": "Taurus from Scenario",
        "userId": 339612,
        "runnerUserId": 339612,
        "creatorClientId": "Taurus",
        "executorClientId": "Taurus",

[2018-01-11 13:29:07,727 INFO Engine.cloud] Started cloud test: https://a.blazemeter.com/app/#/masters/17136872
[2018-01-11 13:29:08,019 DEBUG Engine.cloud] Request: PATCH https://a.blazemeter.com/api/v4/masters/17136872 {
 "name": "Taurus from Scenario"
}
[2018-01-11 13:29:08,055 DEBUG urllib3.connectionpool] Starting new HTTPS connection (1): a.blazemeter.com
[2018-01-11 13:29:08,495 DEBUG urllib3.connectionpool] https://a.blazemeter.com:443 "PATCH /api/v4/masters/17136872 HTTP/1.1" 200 569
[2018-01-11 13:29:08,498 DEBUG Engine.cloud] Response [200]: {
    "api_version": 4,
    "error": null,
    "result": {
        "id": 17136872,
        "name": "Taurus from Scenario",
        "userId": 339612,
        "runnerUserId": 339612,
        "creatorClientId": "Taurus",
        "executorClientId": "Taurus",

[2018-01-11 13:29:08,501 DEBUG Engine.Configuration] Dumping YAML config into /Users/daper01/Documents/OSLo/artifacts/2018-01-11_13-28-49.045533/effective.yml
[2018-01-11 13:29:08,536 DEBUG Engine.Configuration] Dumping JSON config into /Users/daper01/Documents/OSLo/artifacts/2018-01-11_13-28-49.045533/effective.json
[2018-01-11 13:29:08,538 DEBUG root] Leveling down log file verbosity, use -v option to have DEBUG messages enabled
[2018-01-11 13:29:08,990 INFO Engine.cloud] Cloud test status: BOOT_STARTING
[2018-01-11 13:29:09,456 INFO Engine.console] Waiting for finish...
[2018-01-11 13:30:34,143 INFO Engine.cloud] Cloud test status: TAURUS_ENGINE_READY
[2018-01-11 13:30:54,193 INFO Engine.cloud] Cloud test status: DATA_RECEIVED
[2018-01-11 13:33:41,504 WARNING Engine.cloud] Failed to get test status, will retry in 10.0 seconds...
[2018-01-11 13:33:51,926 INFO Engine.cloud] Succeeded with retry
[2018-01-11 13:35:49,639 INFO Engine.cloud] Cloud test status: FINALIZING
[2018-01-11 13:35:49,649 INFO Engine.cloud] Test was stopped in the cloud: FINALIZING
[2018-01-11 13:35:50,871 WARNING Engine] Please wait for graceful shutdown...
[2018-01-11 13:35:50,878 DEBUG root] Leveled up log file verbosity
[2018-01-11 13:35:50,878 INFO Engine] Shutting down...
[2018-01-11 13:35:50,892 DEBUG Engine.console] Restoring logging streams, [<logging.StreamHandler object at 0x103f02150>]/{<logging.StreamHandler object at 0x103f02150>: <open file '<stdout>', mode 'w' at 0x103749150>}
[2018-01-11 13:35:50,895 DEBUG Engine.Configuration] Dumping YAML config into /Users/daper01/Documents/OSLo/artifacts/2018-01-11_13-28-49.045533/effective.yml
[2018-01-11 13:35:50,932 DEBUG Engine.Configuration] Dumping JSON config into /Users/daper01/Documents/OSLo/artifacts/2018-01-11_13-28-49.045533/effective.json
[2018-01-11 13:35:50,936 INFO Engine] Post-processing...
[2018-01-11 13:35:50,936 DEBUG Engine.cloud] Request: GET https://a.blazemeter.com/api/v4/masters/17136872/full None
[2018-01-11 13:35:50,938 DEBUG urllib3.connectionpool] Starting new HTTPS connection (1): a.blazemeter.com
[2018-01-11 13:35:51,298 DEBUG urllib3.connectionpool] https://a.blazemeter.com:443 "GET /api/v4/masters/17136872/full HTTP/1.1" 200 None
[2018-01-11 13:35:51,318 DEBUG Engine.cloud] Response [200]: {
    "api_version": 4,
    "error": null,
    "result": {
        "id": 17136872,
        "name": "Taurus from Scenario",
        "userId": 339612,
        "runnerUserId": 339612,
        "created": 1515706147,
        "updated": 1515706147,
        "crea
[2018-01-11 13:35:51,319 DEBUG Engine.cloud] Request: GET https://a.blazemeter.com/api/v4/data/labels?master_id=17136872 None
[2018-01-11 13:35:51,322 DEBUG urllib3.connectionpool] Starting new HTTPS connection (1): a.blazemeter.com
[2018-01-11 13:35:51,688 DEBUG urllib3.connectionpool] https://a.blazemeter.com:443 "GET /api/v4/data/labels?master_id=17136872 HTTP/1.1" 200 1353
[2018-01-11 13:35:51,694 DEBUG Engine.cloud] Response [200]: {
    "api_version": 4,
    "error": null,
    "result": [
        {
            "id": "ALL",
            "name": "ALL",
            "sessions": [
                "r-v4-5a57d7237e4c6",
                "r-v4-5a57d72382127",
                "r-v4-5a57d72385a
[2018-01-11 13:35:51,694 DEBUG Engine.cloud] Request: GET https://a.blazemeter.com/api/v4/data/kpis?interval=1&from=1515706542&master_ids%5B%5D=17136872&kpis%5B%5D=t&kpis%5B%5D=lt&kpis%5B%5D=by&kpis%5B%5D=n&kpis%5B%5D=ec&kpis%5B%5D=ts&kpis%5B%5D=na&labels%5B%5D=ALL&labels%5B%5D=6e7d9dd12b9ae952b37645e2df1f99d0&labels%5B%5D=82abaa0ca2f497bd8da64a1297f0c6a9&labels%5B%5D=3337ac94558b1dc857a9cfeed95b8eb7&labels%5B%5D=02c795eb3dbabd7d6d13003efeb01507 None
[2018-01-11 13:35:51,697 DEBUG urllib3.connectionpool] Starting new HTTPS connection (1): a.blazemeter.com
[2018-01-11 13:35:52,094 DEBUG urllib3.connectionpool] https://a.blazemeter.com:443 "GET /api/v4/data/kpis?interval=1&from=1515706542&master_ids%5B%5D=17136872&kpis%5B%5D=t&kpis%5B%5D=lt&kpis%5B%5D=by&kpis%5B%5D=n&kpis%5B%5D=ec&kpis%5B%5D=ts&kpis%5B%5D=na&labels%5B%5D=ALL&labels%5B%5D=6e7d9dd12b9ae952b37645e2df1f99d0&labels%5B%5D=82abaa0ca2f497bd8da64a1297f0c6a9&labels%5B%5D=3337ac94558b1dc857a9cfeed95b8eb7&labels%5B%5D=02c795eb3dbabd7d6d13003efeb01507 HTTP/1.1" 200 1114
[2018-01-11 13:35:52,100 DEBUG Engine.cloud] Response [200]: {
    "api_version": 4,
    "error": null,
    "result": [
        {
            "labelId": "6e7d9dd12b9ae952b37645e2df1f99d0",
            "labelName": "Confirmation Page",
            "label": "Confirmation Page",
            "kpis": [
                {

[2018-01-11 13:35:52,101 DEBUG Engine.cloud] Request: GET https://a.blazemeter.com/api/v4/masters/17136872/reports/aggregatereport/data None
[2018-01-11 13:35:52,105 DEBUG urllib3.connectionpool] Starting new HTTPS connection (1): a.blazemeter.com
[2018-01-11 13:35:52,480 DEBUG urllib3.connectionpool] https://a.blazemeter.com:443 "GET /api/v4/masters/17136872/reports/aggregatereport/data HTTP/1.1" 200 3623
[2018-01-11 13:35:52,489 DEBUG Engine.cloud] Response [200]: {
    "api_version": 4,
    "error": null,
    "result": [
        {
            "labelId": "ALL",
            "labelName": "ALL",
            "samples": 62593,
            "avgResponseTime": 972.94,
            "90line": 1047.81,
            "95line": 118
[2018-01-11 13:35:52,490 DEBUG Engine.cloud] Request: GET https://a.blazemeter.com/api/v4/masters/17136872/reports/errorsreport/data?noDataError=false None
[2018-01-11 13:35:52,493 DEBUG urllib3.connectionpool] Starting new HTTPS connection (1): a.blazemeter.com
[2018-01-11 13:35:52,859 DEBUG urllib3.connectionpool] https://a.blazemeter.com:443 "GET /api/v4/masters/17136872/reports/errorsreport/data?noDataError=false HTTP/1.1" 200 3351
[2018-01-11 13:35:52,865 DEBUG Engine.cloud] Response [200]: {
    "api_version": 4,
    "error": null,
    "result": [
        {
            "_id": "ALL",
            "name": "ALL",
            "samplesNotCounted": 0,
            "assertionsNotCounted": 0,
            "otherErrorsCount": 0,
            "failedEmbed
[2018-01-11 13:35:52,867 DEBUG Engine.consolidator] Consolidator buffer[2]: [1515706541, 1515706543]
[2018-01-11 13:35:52,867 DEBUG Engine.consolidator] Merging into 1515706541
[2018-01-11 13:35:52,867 DEBUG Engine.consolidator] Merging 1515706541
[2018-01-11 13:35:52,875 DEBUG Engine.consolidator] Processed datapoint: 1515706541/None
[2018-01-11 13:35:52,875 DEBUG Engine.consolidator] Merging into 1515706543
[2018-01-11 13:35:52,876 DEBUG Engine.consolidator] Merging 1515706543
[2018-01-11 13:35:52,881 DEBUG Engine.consolidator] Processed datapoint: 1515706543/None
[2018-01-11 13:35:52,882 INFO Engine.final-stats] Test duration: 0:06:44
[2018-01-11 13:35:52,882 INFO Engine.final-stats] Samples count: 31111, 0.26% failures
[2018-01-11 13:35:52,882 INFO Engine.final-stats] Average times: total 1.046, latency 0.995, connect 0.000
[2018-01-11 13:35:52,882 INFO Engine.final-stats] Percentile 90.0%: 0.300
[2018-01-11 13:35:52,883 INFO Engine.final-stats] Percentile 95.0%: 0.301
[2018-01-11 13:35:52,883 INFO Engine.final-stats] Percentile 99.0%: 0.303
[2018-01-11 13:35:52,883 DEBUG Engine.console] No logger_handler or orig_stream was detected
[2018-01-11 13:35:52,883 INFO Engine.final-stats] Test duration: 0:06:44
[2018-01-11 13:35:52,883 INFO Engine.final-stats] Samples count: 31111, 0.26% failures
[2018-01-11 13:35:52,884 INFO Engine.final-stats] Average times: total 1.046, latency 0.995, connect 0.000
[2018-01-11 13:35:52,884 INFO Engine.final-stats] Percentile 90.0%: 0.300
[2018-01-11 13:35:52,884 INFO Engine.final-stats] Percentile 95.0%: 0.301
[2018-01-11 13:35:52,884 INFO Engine.final-stats] Percentile 99.0%: 0.303
[2018-01-11 13:35:52,886 INFO Engine.final-stats] Dumping final status as XML: stats.xml
[2018-01-11 13:35:52,897 DEBUG Engine.Configuration] Dumping YAML config into /Users/daper01/Documents/OSLo/artifacts/2018-01-11_13-28-49.045533/effective.yml
[2018-01-11 13:35:52,992 DEBUG Engine.Configuration] Dumping JSON config into /Users/daper01/Documents/OSLo/artifacts/2018-01-11_13-28-49.045533/effective.json
[2018-01-11 13:35:52,995 INFO root] Artifacts dir: /Users/daper01/Documents/OSLo/artifacts/2018-01-11_13-28-49.045533
[2018-01-11 13:35:52,995 INFO root] Done performing with code: 0
[2018-01-11 13:35:52,995 DEBUG root] Closing log handler: /Users/daper01/Documents/OSLo/artifacts/2018-01-11_13-28-49.045533/bzt.log
