[2017-12-05 08:34:21,375 INFO root] Taurus CLI Tool v1.9.6
[2017-12-05 08:34:21,376 DEBUG root] Command-line options: {'verbose': None, 'no_system_configs': None, 'quiet': None, 'log': '/var/folders/vq/xzrdy2lx047cst78f69v8z3xfzqz1q/T/bzt_pA3pJq.log', 'option': None, 'aliases': ['cloud']}
[2017-12-05 08:34:21,376 DEBUG root] Python: CPython 2.7.13
[2017-12-05 08:34:21,376 DEBUG root] OS: ('Darwin', 'daper01mac1124', '17.2.0', 'Darwin Kernel Version 17.2.0: Fri Sep 29 18:27:05 PDT 2017; root:xnu-4570.20.62~3/RELEASE_X86_64', 'x86_64', 'i386')
[2017-12-05 08:34:21,376 INFO root] Starting with configs: ['load_scenario_from_csv.yml', 'execution_jmeter.yml']
[2017-12-05 08:34:21,378 DEBUG root] Using personal config: /Users/daper01/.bzt-rc
[2017-12-05 08:34:21,378 INFO Engine] Configuring...
[2017-12-05 08:34:21,378 DEBUG Engine] Reading extension configs from: /usr/local/etc/bzt.d
[2017-12-05 08:34:21,378 DEBUG Engine.Configuration] Configs: ['/usr/local/lib/python2.7/site-packages/bzt/resources/base-config.yml', '/usr/local/etc/bzt.d/99-installID.yml']
[2017-12-05 08:34:21,380 DEBUG Engine.Configuration] Reading /usr/local/lib/python2.7/site-packages/bzt/resources/base-config.yml as YAML
[2017-12-05 08:34:21,444 DEBUG Engine.Configuration] Reading /usr/local/etc/bzt.d/99-installID.yml as YAML
[2017-12-05 08:34:21,446 DEBUG Engine.Configuration] Configs: ['/Users/daper01/.bzt-rc', 'load_scenario_from_csv.yml', 'execution_jmeter.yml']
[2017-12-05 08:34:21,447 DEBUG Engine.Configuration] Reading /Users/daper01/.bzt-rc as YAML
[2017-12-05 08:34:21,451 DEBUG Engine.Configuration] Reading load_scenario_from_csv.yml as YAML
[2017-12-05 08:34:21,461 DEBUG Engine.Configuration] Reading execution_jmeter.yml as YAML
[2017-12-05 08:34:21,470 DEBUG Engine.Configuration] Configs: ['/Users/daper01/.bzt-rc', 'load_scenario_from_csv.yml', 'execution_jmeter.yml']
[2017-12-05 08:34:21,470 DEBUG Engine.Configuration] Reading /Users/daper01/.bzt-rc as YAML
[2017-12-05 08:34:21,472 DEBUG Engine.Configuration] Reading load_scenario_from_csv.yml as YAML
[2017-12-05 08:34:21,479 DEBUG Engine.Configuration] Reading execution_jmeter.yml as YAML
[2017-12-05 08:34:21,504 DEBUG Engine] Requesting updates info: http://gettaurus.org/updates/?version=1.9.6&installID=784f43782a15
[2017-12-05 08:34:21,509 INFO Engine] Artifacts dir: /Users/daper01/Documents/OSLo/artifacts/2017-12-05_08-34-21.504827
[2017-12-05 08:34:21,510 DEBUG Engine] New artifact filename: /Users/daper01/Documents/OSLo/artifacts/2017-12-05_08-34-21.504827/effective
[2017-12-05 08:34:21,512 DEBUG Engine.Configuration] Dumping YAML config into /Users/daper01/Documents/OSLo/artifacts/2017-12-05_08-34-21.504827/effective.yml
[2017-12-05 08:34:21,550 DEBUG Engine.Configuration] Dumping JSON config into /Users/daper01/Documents/OSLo/artifacts/2017-12-05_08-34-21.504827/effective.json
[2017-12-05 08:34:21,552 DEBUG Engine] New artifact filename: /Users/daper01/Documents/OSLo/artifacts/2017-12-05_08-34-21.504827/merged.yml
[2017-12-05 08:34:21,553 DEBUG Engine.Configuration] Dumping YAML config into /Users/daper01/Documents/OSLo/artifacts/2017-12-05_08-34-21.504827/merged.yml
[2017-12-05 08:34:21,571 DEBUG Engine] New artifact filename: /Users/daper01/Documents/OSLo/artifacts/2017-12-05_08-34-21.504827/merged.json
[2017-12-05 08:34:21,572 DEBUG Engine.Configuration] Dumping JSON config into /Users/daper01/Documents/OSLo/artifacts/2017-12-05_08-34-21.504827/merged.json
[2017-12-05 08:34:21,573 DEBUG Engine] Add existing artifact (move=False): load_scenario_from_csv.yml
[2017-12-05 08:34:21,574 DEBUG Engine] Copying load_scenario_from_csv.yml to /Users/daper01/Documents/OSLo/artifacts/2017-12-05_08-34-21.504827/load_scenario_from_csv.yml
[2017-12-05 08:34:21,575 DEBUG Engine] Add existing artifact (move=False): execution_jmeter.yml
[2017-12-05 08:34:21,576 DEBUG Engine] Copying execution_jmeter.yml to /Users/daper01/Documents/OSLo/artifacts/2017-12-05_08-34-21.504827/execution_jmeter.yml
[2017-12-05 08:34:21,578 DEBUG root] Closing log handler: /var/folders/vq/xzrdy2lx047cst78f69v8z3xfzqz1q/T/bzt_pA3pJq.log
[2017-12-05 08:34:22,140 DEBUG root] Switched writing logs to /Users/daper01/Documents/OSLo/artifacts/2017-12-05_08-34-21.504827/bzt.log
[2017-12-05 08:34:22,140 INFO Engine] Preparing...
[2017-12-05 08:34:22,141 DEBUG Engine] Module config: consolidator defaultdict(None, {'class': 'bzt.modules.aggregator.ConsolidatingAggregator'})
[2017-12-05 08:34:22,141 DEBUG root] Importing module: bzt.modules.aggregator
[2017-12-05 08:34:22,154 DEBUG root] Loading class: 'ConsolidatingAggregator' from <module 'bzt.modules.aggregator' from '/usr/local/lib/python2.7/site-packages/bzt/modules/aggregator.pyc'>
[2017-12-05 08:34:22,154 DEBUG Engine.consolidator] Exception in dehumanize_time(inf)
[2017-12-05 08:34:22,154 DEBUG Engine.consolidator] Buffer scaling setup: percentile 95.0 from [0.0, 50.0, 90.0, 95.0, 99.0, 99.9, 100.0] selected
[2017-12-05 08:34:22,154 DEBUG Engine] Module config: monitoring defaultdict(None, {'class': 'bzt.modules.monitoring.Monitoring'})
[2017-12-05 08:34:22,154 DEBUG root] Importing module: bzt.modules.monitoring
[2017-12-05 08:34:22,244 DEBUG root] Loading class: 'Monitoring' from <module 'bzt.modules.monitoring' from '/usr/local/lib/python2.7/site-packages/bzt/modules/monitoring.pyc'>
[2017-12-05 08:34:22,245 DEBUG Engine.monitoring] Should not run because of non-matching prov: cloud != local
[2017-12-05 08:34:22,245 DEBUG Engine] Module config: cloud defaultdict(None, {'test': 'Taurus from Scenario', 'report-name': 'Taurus from Scenario', 'class': 'bzt.modules.blazemeter.CloudProvisioning', 'default-location': 'us-central1-a'})
[2017-12-05 08:34:22,246 DEBUG root] Importing module: bzt.modules.blazemeter
[2017-12-05 08:34:22,468 DEBUG easyprocess] version=0.2.3
[2017-12-05 08:34:22,472 DEBUG pyvirtualdisplay] version=0.2.1
[2017-12-05 08:34:22,473 DEBUG root] Loading class: 'CloudProvisioning' from <module 'bzt.modules.blazemeter' from '/usr/local/lib/python2.7/site-packages/bzt/modules/blazemeter.pyc'>
[2017-12-05 08:34:22,474 DEBUG Engine] Module config: blazemeter defaultdict(None, {'token': '********', 'class': 'bzt.modules.blazemeter.BlazeMeterUploader'})
[2017-12-05 08:34:22,474 DEBUG root] Importing module: bzt.modules.blazemeter
[2017-12-05 08:34:22,474 DEBUG root] Loading class: 'BlazeMeterUploader' from <module 'bzt.modules.blazemeter' from '/usr/local/lib/python2.7/site-packages/bzt/modules/blazemeter.pyc'>
[2017-12-05 08:34:22,474 DEBUG Engine.cloud] Request: GET https://a.blazemeter.com/api/v4/accounts None
[2017-12-05 08:34:22,481 DEBUG urllib3.connectionpool] Starting new HTTPS connection (1): a.blazemeter.com
[2017-12-05 08:34:23,598 DEBUG urllib3.connectionpool] https://a.blazemeter.com:443 "GET /api/v4/accounts HTTP/1.1" 200 2726
[2017-12-05 08:34:23,602 DEBUG Engine.cloud] Response [200]: {
    "limit": 10,
    "skip": 0,
    "total": 3,
    "hidden": 0,
    "api_version": 4,
    "error": null,
    "result": [
        {
            "id": 153221,
            "name": "BlazeMeter Demo",
            "thumbnailUrl": "https://www.blazemeter.com/s
[2017-12-05 08:34:23,602 DEBUG Engine.cloud] Request: GET https://a.blazemeter.com/api/v4/workspaces?accountId=153221&enabled=true&limit=100 None
[2017-12-05 08:34:23,604 DEBUG urllib3.connectionpool] Starting new HTTPS connection (1): a.blazemeter.com
[2017-12-05 08:34:24,383 DEBUG urllib3.connectionpool] https://a.blazemeter.com:443 "GET /api/v4/workspaces?accountId=153221&enabled=true&limit=100 HTTP/1.1" 200 814
[2017-12-05 08:34:24,387 DEBUG Engine.cloud] Response [200]: {
    "limit": 100,
    "skip": 0,
    "total": 1,
    "hidden": 0,
    "api_version": 4,
    "error": null,
    "result": [
        {
            "id": 146738,
            "name": "Demo workspace",
            "userId": 368191,
            "created": 1498
[2017-12-05 08:34:24,387 DEBUG Engine.cloud] Request: GET https://a.blazemeter.com/api/v4/workspaces?accountId=125626&enabled=true&limit=100 None
[2017-12-05 08:34:24,389 DEBUG urllib3.connectionpool] Starting new HTTPS connection (1): a.blazemeter.com
[2017-12-05 08:34:25,262 DEBUG urllib3.connectionpool] https://a.blazemeter.com:443 "GET /api/v4/workspaces?accountId=125626&enabled=true&limit=100 HTTP/1.1" 200 4882
[2017-12-05 08:34:25,270 DEBUG Engine.cloud] Response [200]: {
    "limit": 100,
    "skip": 0,
    "total": 7,
    "hidden": 0,
    "api_version": 4,
    "error": null,
    "result": [
        {
            "id": 119008,
            "name": "Default workspace",
            "userId": 339612,
            "created": 1
[2017-12-05 08:34:25,271 DEBUG Engine.cloud] Request: GET https://a.blazemeter.com/api/v4/workspaces?accountId=21166&enabled=true&limit=100 None
[2017-12-05 08:34:25,277 DEBUG urllib3.connectionpool] Starting new HTTPS connection (1): a.blazemeter.com
[2017-12-05 08:34:26,337 DEBUG urllib3.connectionpool] https://a.blazemeter.com:443 "GET /api/v4/workspaces?accountId=21166&enabled=true&limit=100 HTTP/1.1" 200 1482
[2017-12-05 08:34:26,340 DEBUG Engine.cloud] Response [200]: {
    "limit": 100,
    "skip": 0,
    "total": 2,
    "hidden": 0,
    "api_version": 4,
    "error": null,
    "result": [
        {
            "id": 7199,
            "name": "CA SE Workspace",
            "userId": 307773,
            "created": 14775
[2017-12-05 08:34:26,341 DEBUG Engine] Module config: jmeter defaultdict(None, {'properties': defaultdict(None, {'jmeter.save.saveservice.autoflush': 'true', 'summariser.name': '', 'jmeter.save.saveservice.connect_time': 'true', 'mode': 'Stripped', 'jmeterengine.force.system.exit': 'true'}), 'class': 'bzt.modules.jmeter.JMeterExecutor', 'plugins': ['jpgc-casutg', 'jpgc-dummy', 'jpgc-ffw', 'jpgc-fifo', 'jpgc-functions', 'jpgc-json', 'jpgc-perfmon', 'jpgc-prmctl', 'jpgc-tst']})
[2017-12-05 08:34:26,341 DEBUG root] Importing module: bzt.modules.jmeter
[2017-12-05 08:34:26,376 DEBUG root] Loading class: 'JMeterExecutor' from <module 'bzt.modules.jmeter' from '/usr/local/lib/python2.7/site-packages/bzt/modules/jmeter.pyc'>
[2017-12-05 08:34:26,377 DEBUG Engine.cloud] Request: GET https://a.blazemeter.com/api/v4/multi-tests?workspaceId=146738&name=Taurus+from+Scenario None
[2017-12-05 08:34:26,380 DEBUG urllib3.connectionpool] Starting new HTTPS connection (1): a.blazemeter.com
[2017-12-05 08:34:27,018 DEBUG urllib3.connectionpool] https://a.blazemeter.com:443 "GET /api/v4/multi-tests?workspaceId=146738&name=Taurus+from+Scenario HTTP/1.1" 200 126
[2017-12-05 08:34:27,021 DEBUG Engine.cloud] Response [200]: {
    "limit": 10,
    "skip": 0,
    "total": 0,
    "hidden": 0,
    "api_version": 4,
    "error": null,
    "result": []
}
[2017-12-05 08:34:27,021 DEBUG Engine.cloud] Request: GET https://a.blazemeter.com/api/v4/multi-tests?workspaceId=119008&name=Taurus+from+Scenario None
[2017-12-05 08:34:27,023 DEBUG urllib3.connectionpool] Starting new HTTPS connection (1): a.blazemeter.com
[2017-12-05 08:34:27,568 DEBUG urllib3.connectionpool] https://a.blazemeter.com:443 "GET /api/v4/multi-tests?workspaceId=119008&name=Taurus+from+Scenario HTTP/1.1" 200 126
[2017-12-05 08:34:27,572 DEBUG Engine.cloud] Response [200]: {
    "limit": 10,
    "skip": 0,
    "total": 0,
    "hidden": 0,
    "api_version": 4,
    "error": null,
    "result": []
}
[2017-12-05 08:34:27,573 DEBUG Engine.cloud] Request: GET https://a.blazemeter.com/api/v4/multi-tests?workspaceId=127980&name=Taurus+from+Scenario None
[2017-12-05 08:34:27,575 DEBUG urllib3.connectionpool] Starting new HTTPS connection (1): a.blazemeter.com
[2017-12-05 08:34:28,121 DEBUG urllib3.connectionpool] https://a.blazemeter.com:443 "GET /api/v4/multi-tests?workspaceId=127980&name=Taurus+from+Scenario HTTP/1.1" 200 126
[2017-12-05 08:34:28,130 DEBUG Engine.cloud] Response [200]: {
    "limit": 10,
    "skip": 0,
    "total": 0,
    "hidden": 0,
    "api_version": 4,
    "error": null,
    "result": []
}
[2017-12-05 08:34:28,130 DEBUG Engine.cloud] Request: GET https://a.blazemeter.com/api/v4/multi-tests?workspaceId=127984&name=Taurus+from+Scenario None
[2017-12-05 08:34:28,132 DEBUG urllib3.connectionpool] Starting new HTTPS connection (1): a.blazemeter.com
[2017-12-05 08:34:28,884 DEBUG urllib3.connectionpool] https://a.blazemeter.com:443 "GET /api/v4/multi-tests?workspaceId=127984&name=Taurus+from+Scenario HTTP/1.1" 200 126
[2017-12-05 08:34:28,888 DEBUG Engine.cloud] Response [200]: {
    "limit": 10,
    "skip": 0,
    "total": 0,
    "hidden": 0,
    "api_version": 4,
    "error": null,
    "result": []
}
[2017-12-05 08:34:28,888 DEBUG Engine.cloud] Request: GET https://a.blazemeter.com/api/v4/multi-tests?workspaceId=132723&name=Taurus+from+Scenario None
[2017-12-05 08:34:28,892 DEBUG urllib3.connectionpool] Starting new HTTPS connection (1): a.blazemeter.com
[2017-12-05 08:34:29,532 DEBUG urllib3.connectionpool] https://a.blazemeter.com:443 "GET /api/v4/multi-tests?workspaceId=132723&name=Taurus+from+Scenario HTTP/1.1" 200 126
[2017-12-05 08:34:29,539 DEBUG Engine.cloud] Response [200]: {
    "limit": 10,
    "skip": 0,
    "total": 0,
    "hidden": 0,
    "api_version": 4,
    "error": null,
    "result": []
}
[2017-12-05 08:34:29,540 DEBUG Engine.cloud] Request: GET https://a.blazemeter.com/api/v4/multi-tests?workspaceId=153836&name=Taurus+from+Scenario None
[2017-12-05 08:34:29,542 DEBUG urllib3.connectionpool] Starting new HTTPS connection (1): a.blazemeter.com
[2017-12-05 08:34:30,468 DEBUG urllib3.connectionpool] https://a.blazemeter.com:443 "GET /api/v4/multi-tests?workspaceId=153836&name=Taurus+from+Scenario HTTP/1.1" 200 126
[2017-12-05 08:34:30,472 DEBUG Engine.cloud] Response [200]: {
    "limit": 10,
    "skip": 0,
    "total": 0,
    "hidden": 0,
    "api_version": 4,
    "error": null,
    "result": []
}
[2017-12-05 08:34:30,473 DEBUG Engine.cloud] Request: GET https://a.blazemeter.com/api/v4/multi-tests?workspaceId=163251&name=Taurus+from+Scenario None
[2017-12-05 08:34:30,475 DEBUG urllib3.connectionpool] Starting new HTTPS connection (1): a.blazemeter.com
[2017-12-05 08:34:31,149 DEBUG urllib3.connectionpool] https://a.blazemeter.com:443 "GET /api/v4/multi-tests?workspaceId=163251&name=Taurus+from+Scenario HTTP/1.1" 200 126
[2017-12-05 08:34:31,153 DEBUG Engine.cloud] Response [200]: {
    "limit": 10,
    "skip": 0,
    "total": 0,
    "hidden": 0,
    "api_version": 4,
    "error": null,
    "result": []
}
[2017-12-05 08:34:31,153 DEBUG Engine.cloud] Request: GET https://a.blazemeter.com/api/v4/multi-tests?workspaceId=135886&name=Taurus+from+Scenario None
[2017-12-05 08:34:31,155 DEBUG urllib3.connectionpool] Starting new HTTPS connection (1): a.blazemeter.com
[2017-12-05 08:34:31,685 DEBUG urllib3.connectionpool] https://a.blazemeter.com:443 "GET /api/v4/multi-tests?workspaceId=135886&name=Taurus+from+Scenario HTTP/1.1" 200 126
[2017-12-05 08:34:31,689 DEBUG Engine.cloud] Response [200]: {
    "limit": 10,
    "skip": 0,
    "total": 0,
    "hidden": 0,
    "api_version": 4,
    "error": null,
    "result": []
}
[2017-12-05 08:34:31,689 DEBUG Engine.cloud] Request: GET https://a.blazemeter.com/api/v4/multi-tests?workspaceId=7199&name=Taurus+from+Scenario None
[2017-12-05 08:34:31,691 DEBUG urllib3.connectionpool] Starting new HTTPS connection (1): a.blazemeter.com
[2017-12-05 08:34:32,223 DEBUG urllib3.connectionpool] https://a.blazemeter.com:443 "GET /api/v4/multi-tests?workspaceId=7199&name=Taurus+from+Scenario HTTP/1.1" 200 126
[2017-12-05 08:34:32,231 DEBUG Engine.cloud] Response [200]: {
    "limit": 10,
    "skip": 0,
    "total": 0,
    "hidden": 0,
    "api_version": 4,
    "error": null,
    "result": []
}
[2017-12-05 08:34:32,232 DEBUG Engine.cloud] Request: GET https://a.blazemeter.com/api/v4/multi-tests?workspaceId=133217&name=Taurus+from+Scenario None
[2017-12-05 08:34:32,236 DEBUG urllib3.connectionpool] Starting new HTTPS connection (1): a.blazemeter.com
[2017-12-05 08:34:32,755 DEBUG urllib3.connectionpool] https://a.blazemeter.com:443 "GET /api/v4/multi-tests?workspaceId=133217&name=Taurus+from+Scenario HTTP/1.1" 200 126
[2017-12-05 08:34:32,759 DEBUG Engine.cloud] Response [200]: {
    "limit": 10,
    "skip": 0,
    "total": 0,
    "hidden": 0,
    "api_version": 4,
    "error": null,
    "result": []
}
[2017-12-05 08:34:32,759 DEBUG Engine.cloud.ProjectFinder] Looked for collection: None
[2017-12-05 08:34:32,759 DEBUG Engine.cloud] Request: GET https://a.blazemeter.com/api/v4/tests?workspaceId=146738&name=Taurus+from+Scenario None
[2017-12-05 08:34:32,777 DEBUG urllib3.connectionpool] Starting new HTTPS connection (1): a.blazemeter.com
[2017-12-05 08:34:33,414 DEBUG urllib3.connectionpool] https://a.blazemeter.com:443 "GET /api/v4/tests?workspaceId=146738&name=Taurus+from+Scenario HTTP/1.1" 200 126
[2017-12-05 08:34:33,420 DEBUG Engine.cloud] Response [200]: {
    "limit": 10,
    "skip": 0,
    "total": 0,
    "hidden": 0,
    "api_version": 4,
    "error": null,
    "result": []
}
[2017-12-05 08:34:33,420 DEBUG Engine.cloud] Request: GET https://a.blazemeter.com/api/v4/tests?workspaceId=119008&name=Taurus+from+Scenario None
[2017-12-05 08:34:33,423 DEBUG urllib3.connectionpool] Starting new HTTPS connection (1): a.blazemeter.com
[2017-12-05 08:34:34,357 DEBUG urllib3.connectionpool] https://a.blazemeter.com:443 "GET /api/v4/tests?workspaceId=119008&name=Taurus+from+Scenario HTTP/1.1" 200 852
[2017-12-05 08:34:34,361 DEBUG Engine.cloud] Response [200]: {
    "limit": 10,
    "skip": 0,
    "total": 1,
    "hidden": 0,
    "api_version": 4,
    "error": null,
    "result": [
        {
            "id": 5781129,
            "name": "Taurus from Scenario",
            "userId": 339612,
            "created"
[2017-12-05 08:34:34,362 DEBUG Engine.cloud] Request: GET https://a.blazemeter.com/api/v4/tests?workspaceId=127980&name=Taurus+from+Scenario None
[2017-12-05 08:34:34,364 DEBUG urllib3.connectionpool] Starting new HTTPS connection (1): a.blazemeter.com
[2017-12-05 08:34:35,129 DEBUG urllib3.connectionpool] https://a.blazemeter.com:443 "GET /api/v4/tests?workspaceId=127980&name=Taurus+from+Scenario HTTP/1.1" 200 126
[2017-12-05 08:34:35,133 DEBUG Engine.cloud] Response [200]: {
    "limit": 10,
    "skip": 0,
    "total": 0,
    "hidden": 0,
    "api_version": 4,
    "error": null,
    "result": []
}
[2017-12-05 08:34:35,133 DEBUG Engine.cloud] Request: GET https://a.blazemeter.com/api/v4/tests?workspaceId=127984&name=Taurus+from+Scenario None
[2017-12-05 08:34:35,135 DEBUG urllib3.connectionpool] Starting new HTTPS connection (1): a.blazemeter.com
[2017-12-05 08:34:35,644 DEBUG urllib3.connectionpool] https://a.blazemeter.com:443 "GET /api/v4/tests?workspaceId=127984&name=Taurus+from+Scenario HTTP/1.1" 200 126
[2017-12-05 08:34:35,648 DEBUG Engine.cloud] Response [200]: {
    "limit": 10,
    "skip": 0,
    "total": 0,
    "hidden": 0,
    "api_version": 4,
    "error": null,
    "result": []
}
[2017-12-05 08:34:35,648 DEBUG Engine.cloud] Request: GET https://a.blazemeter.com/api/v4/tests?workspaceId=132723&name=Taurus+from+Scenario None
[2017-12-05 08:34:35,650 DEBUG urllib3.connectionpool] Starting new HTTPS connection (1): a.blazemeter.com
[2017-12-05 08:34:36,316 DEBUG urllib3.connectionpool] https://a.blazemeter.com:443 "GET /api/v4/tests?workspaceId=132723&name=Taurus+from+Scenario HTTP/1.1" 200 126
[2017-12-05 08:34:36,322 DEBUG Engine.cloud] Response [200]: {
    "limit": 10,
    "skip": 0,
    "total": 0,
    "hidden": 0,
    "api_version": 4,
    "error": null,
    "result": []
}
[2017-12-05 08:34:36,323 DEBUG Engine.cloud] Request: GET https://a.blazemeter.com/api/v4/tests?workspaceId=153836&name=Taurus+from+Scenario None
[2017-12-05 08:34:36,325 DEBUG urllib3.connectionpool] Starting new HTTPS connection (1): a.blazemeter.com
[2017-12-05 08:34:37,431 DEBUG urllib3.connectionpool] https://a.blazemeter.com:443 "GET /api/v4/tests?workspaceId=153836&name=Taurus+from+Scenario HTTP/1.1" 200 126
[2017-12-05 08:34:37,434 DEBUG Engine.cloud] Response [200]: {
    "limit": 10,
    "skip": 0,
    "total": 0,
    "hidden": 0,
    "api_version": 4,
    "error": null,
    "result": []
}
[2017-12-05 08:34:37,434 DEBUG Engine.cloud] Request: GET https://a.blazemeter.com/api/v4/tests?workspaceId=163251&name=Taurus+from+Scenario None
[2017-12-05 08:34:37,436 DEBUG urllib3.connectionpool] Starting new HTTPS connection (1): a.blazemeter.com
[2017-12-05 08:34:38,113 DEBUG urllib3.connectionpool] https://a.blazemeter.com:443 "GET /api/v4/tests?workspaceId=163251&name=Taurus+from+Scenario HTTP/1.1" 200 126
[2017-12-05 08:34:38,116 DEBUG Engine.cloud] Response [200]: {
    "limit": 10,
    "skip": 0,
    "total": 0,
    "hidden": 0,
    "api_version": 4,
    "error": null,
    "result": []
}
[2017-12-05 08:34:38,116 DEBUG Engine.cloud] Request: GET https://a.blazemeter.com/api/v4/tests?workspaceId=135886&name=Taurus+from+Scenario None
[2017-12-05 08:34:38,118 DEBUG urllib3.connectionpool] Starting new HTTPS connection (1): a.blazemeter.com
[2017-12-05 08:34:38,917 DEBUG urllib3.connectionpool] https://a.blazemeter.com:443 "GET /api/v4/tests?workspaceId=135886&name=Taurus+from+Scenario HTTP/1.1" 200 126
[2017-12-05 08:34:38,922 DEBUG Engine.cloud] Response [200]: {
    "limit": 10,
    "skip": 0,
    "total": 0,
    "hidden": 0,
    "api_version": 4,
    "error": null,
    "result": []
}
[2017-12-05 08:34:38,923 DEBUG Engine.cloud] Request: GET https://a.blazemeter.com/api/v4/tests?workspaceId=7199&name=Taurus+from+Scenario None
[2017-12-05 08:34:38,925 DEBUG urllib3.connectionpool] Starting new HTTPS connection (1): a.blazemeter.com
[2017-12-05 08:34:39,865 DEBUG urllib3.connectionpool] https://a.blazemeter.com:443 "GET /api/v4/tests?workspaceId=7199&name=Taurus+from+Scenario HTTP/1.1" 200 126
[2017-12-05 08:34:39,870 DEBUG Engine.cloud] Response [200]: {
    "limit": 10,
    "skip": 0,
    "total": 0,
    "hidden": 0,
    "api_version": 4,
    "error": null,
    "result": []
}
[2017-12-05 08:34:39,871 DEBUG Engine.cloud] Request: GET https://a.blazemeter.com/api/v4/tests?workspaceId=133217&name=Taurus+from+Scenario None
[2017-12-05 08:34:39,873 DEBUG urllib3.connectionpool] Starting new HTTPS connection (1): a.blazemeter.com
[2017-12-05 08:34:40,462 DEBUG urllib3.connectionpool] https://a.blazemeter.com:443 "GET /api/v4/tests?workspaceId=133217&name=Taurus+from+Scenario HTTP/1.1" 200 126
[2017-12-05 08:34:40,469 DEBUG Engine.cloud] Response [200]: {
    "limit": 10,
    "skip": 0,
    "total": 0,
    "hidden": 0,
    "api_version": 4,
    "error": null,
    "result": []
}
[2017-12-05 08:34:40,469 DEBUG Engine.cloud.ProjectFinder] Looked for test: {u'updated': 1512208204, u'name': u'Taurus from Scenario', u'created': 1508340357, u'creatorClientId': u'Taurus', u'userId': 339612, u'lastUpdatedById': 339612, u'projectId': 162568, u'configuration': {u'targetThreads': 0, u'type': u'taurus', u'canControlRampup': False, u'plugins': {u'functionalExecution': {u'enabled': False}, u'taurus': {u'filename': u'taurus.yml'}}}, u'id': 5781129}
[2017-12-05 08:34:40,469 DEBUG Engine.cloud.ProjectFinder] Detected test type: old
[2017-12-05 08:34:40,470 DEBUG Engine.cloud] Request: GET https://a.blazemeter.com/api/v4/user None
[2017-12-05 08:34:40,472 DEBUG urllib3.connectionpool] Starting new HTTPS connection (1): a.blazemeter.com
[2017-12-05 08:34:41,396 DEBUG urllib3.connectionpool] https://a.blazemeter.com:443 "GET /api/v4/user HTTP/1.1" 200 2308
[2017-12-05 08:34:41,399 DEBUG Engine.cloud] Response [200]: {
    "api_version": 4,
    "error": null,
    "result": {
        "id": 339612,
        "email": "eric.dapp@blazemeter.com",
        "access": 1512491680,
        "login": 1512411328,
        "firstName": "Eric",
        "lastName": "Dapp",
        "timez
[2017-12-05 08:34:41,399 DEBUG Engine.cloud] Request: GET https://a.blazemeter.com/api/v4/projects?workspaceId=146738&limit=99999 None
[2017-12-05 08:34:41,401 DEBUG urllib3.connectionpool] Starting new HTTPS connection (1): a.blazemeter.com
[2017-12-05 08:34:41,869 DEBUG urllib3.connectionpool] https://a.blazemeter.com:443 "GET /api/v4/projects?workspaceId=146738&limit=99999 HTTP/1.1" 200 1122
[2017-12-05 08:34:41,874 DEBUG Engine.cloud] Response [200]: {
    "limit": 50,
    "skip": 0,
    "total": 3,
    "hidden": 0,
    "api_version": 4,
    "error": null,
    "result": [
        {
            "id": 216192,
            "name": "API Stress Tests",
            "userId": null,
            "description": "
[2017-12-05 08:34:41,875 DEBUG Engine.cloud] Request: GET https://a.blazemeter.com/api/v4/projects?workspaceId=119008&limit=99999 None
[2017-12-05 08:34:41,879 DEBUG urllib3.connectionpool] Starting new HTTPS connection (1): a.blazemeter.com
[2017-12-05 08:34:42,360 DEBUG urllib3.connectionpool] https://a.blazemeter.com:443 "GET /api/v4/projects?workspaceId=119008&limit=99999 HTTP/1.1" 200 2048
[2017-12-05 08:34:42,364 DEBUG Engine.cloud] Response [200]: {
    "limit": 50,
    "skip": 0,
    "total": 6,
    "hidden": 0,
    "api_version": 4,
    "error": null,
    "result": [
        {
            "id": 163658,
            "name": "BlazeDemo Tests",
            "userId": null,
            "description": ""
[2017-12-05 08:34:42,365 DEBUG Engine.cloud] Request: GET https://a.blazemeter.com/api/v4/projects?workspaceId=127980&limit=99999 None
[2017-12-05 08:34:42,367 DEBUG urllib3.connectionpool] Starting new HTTPS connection (1): a.blazemeter.com
[2017-12-05 08:34:42,912 DEBUG urllib3.connectionpool] https://a.blazemeter.com:443 "GET /api/v4/projects?workspaceId=127980&limit=99999 HTTP/1.1" 200 720
[2017-12-05 08:34:42,915 DEBUG Engine.cloud] Response [200]: {
    "limit": 50,
    "skip": 0,
    "total": 2,
    "hidden": 0,
    "api_version": 4,
    "error": null,
    "result": [
        {
            "id": 173138,
            "name": "Default project",
            "userId": null,
            "description": nu
[2017-12-05 08:34:42,916 DEBUG Engine.cloud] Request: GET https://a.blazemeter.com/api/v4/projects?workspaceId=127984&limit=99999 None
[2017-12-05 08:34:42,917 DEBUG urllib3.connectionpool] Starting new HTTPS connection (1): a.blazemeter.com
[2017-12-05 08:34:43,499 DEBUG urllib3.connectionpool] https://a.blazemeter.com:443 "GET /api/v4/projects?workspaceId=127984&limit=99999 HTTP/1.1" 200 410
[2017-12-05 08:34:43,504 DEBUG Engine.cloud] Response [200]: {
    "limit": 50,
    "skip": 0,
    "total": 1,
    "hidden": 0,
    "api_version": 4,
    "error": null,
    "result": [
        {
            "id": 173143,
            "name": "Default project",
            "userId": null,
            "description": nu
[2017-12-05 08:34:43,504 DEBUG Engine.cloud] Request: GET https://a.blazemeter.com/api/v4/projects?workspaceId=132723&limit=99999 None
[2017-12-05 08:34:43,508 DEBUG urllib3.connectionpool] Starting new HTTPS connection (1): a.blazemeter.com
[2017-12-05 08:34:44,227 DEBUG urllib3.connectionpool] https://a.blazemeter.com:443 "GET /api/v4/projects?workspaceId=132723&limit=99999 HTTP/1.1" 200 412
[2017-12-05 08:34:44,231 DEBUG Engine.cloud] Response [200]: {
    "limit": 50,
    "skip": 0,
    "total": 1,
    "hidden": 0,
    "api_version": 4,
    "error": null,
    "result": [
        {
            "id": 178588,
            "name": "Default project",
            "userId": null,
            "description": nu
[2017-12-05 08:34:44,231 DEBUG Engine.cloud] Request: GET https://a.blazemeter.com/api/v4/projects?workspaceId=153836&limit=99999 None
[2017-12-05 08:34:44,234 DEBUG urllib3.connectionpool] Starting new HTTPS connection (1): a.blazemeter.com
[2017-12-05 08:34:44,755 DEBUG urllib3.connectionpool] https://a.blazemeter.com:443 "GET /api/v4/projects?workspaceId=153836&limit=99999 HTTP/1.1" 200 684
[2017-12-05 08:34:44,759 DEBUG Engine.cloud] Response [200]: {
    "limit": 50,
    "skip": 0,
    "total": 2,
    "hidden": 0,
    "api_version": 4,
    "error": null,
    "result": [
        {
            "id": 202867,
            "name": "Default project",
            "userId": null,
            "description": nu
[2017-12-05 08:34:44,759 DEBUG Engine.cloud] Request: GET https://a.blazemeter.com/api/v4/projects?workspaceId=163251&limit=99999 None
[2017-12-05 08:34:44,761 DEBUG urllib3.connectionpool] Starting new HTTPS connection (1): a.blazemeter.com
[2017-12-05 08:34:45,341 DEBUG urllib3.connectionpool] https://a.blazemeter.com:443 "GET /api/v4/projects?workspaceId=163251&limit=99999 HTTP/1.1" 200 410
[2017-12-05 08:34:45,345 DEBUG Engine.cloud] Response [200]: {
    "limit": 50,
    "skip": 0,
    "total": 1,
    "hidden": 0,
    "api_version": 4,
    "error": null,
    "result": [
        {
            "id": 213729,
            "name": "Default project",
            "userId": null,
            "description": nu
[2017-12-05 08:34:45,345 DEBUG Engine.cloud] Request: GET https://a.blazemeter.com/api/v4/projects?workspaceId=135886&limit=99999 None
[2017-12-05 08:34:45,348 DEBUG urllib3.connectionpool] Starting new HTTPS connection (1): a.blazemeter.com
[2017-12-05 08:34:45,902 DEBUG urllib3.connectionpool] https://a.blazemeter.com:443 "GET /api/v4/projects?workspaceId=135886&limit=99999 HTTP/1.1" 200 679
[2017-12-05 08:34:45,905 DEBUG Engine.cloud] Response [200]: {
    "limit": 50,
    "skip": 0,
    "total": 2,
    "hidden": 0,
    "api_version": 4,
    "error": null,
    "result": [
        {
            "id": 182182,
            "name": "Default project",
            "userId": null,
            "description": nu
[2017-12-05 08:34:45,906 DEBUG Engine.cloud] Request: GET https://a.blazemeter.com/api/v4/projects?workspaceId=7199&limit=99999 None
[2017-12-05 08:34:45,909 DEBUG urllib3.connectionpool] Starting new HTTPS connection (1): a.blazemeter.com
[2017-12-05 08:34:46,554 DEBUG urllib3.connectionpool] https://a.blazemeter.com:443 "GET /api/v4/projects?workspaceId=7199&limit=99999 HTTP/1.1" 200 4293
[2017-12-05 08:34:46,557 DEBUG Engine.cloud] Response [200]: {
    "limit": 50,
    "skip": 0,
    "total": 15,
    "hidden": 0,
    "api_version": 4,
    "error": null,
    "result": [
        {
            "id": 167099,
            "name": "APM",
            "userId": null,
            "description": "JMeter with 
[2017-12-05 08:34:46,558 DEBUG Engine.cloud] Request: GET https://a.blazemeter.com/api/v4/projects?workspaceId=133217&limit=99999 None
[2017-12-05 08:34:46,559 DEBUG urllib3.connectionpool] Starting new HTTPS connection (1): a.blazemeter.com
[2017-12-05 08:34:47,091 DEBUG urllib3.connectionpool] https://a.blazemeter.com:443 "GET /api/v4/projects?workspaceId=133217&limit=99999 HTTP/1.1" 200 1613
[2017-12-05 08:34:47,094 DEBUG Engine.cloud] Response [200]: {
    "limit": 50,
    "skip": 0,
    "total": 5,
    "hidden": 0,
    "api_version": 4,
    "error": null,
    "result": [
        {
            "id": 201589,
            "name": "API - Run As Functional",
            "userId": null,
            "descript
[2017-12-05 08:34:47,094 DEBUG Engine.cloud] Request: GET https://a.blazemeter.com/api/v4/workspaces/146738 None
[2017-12-05 08:34:47,096 DEBUG urllib3.connectionpool] Starting new HTTPS connection (1): a.blazemeter.com
[2017-12-05 08:34:47,808 DEBUG urllib3.connectionpool] https://a.blazemeter.com:443 "GET /api/v4/workspaces/146738 HTTP/1.1" 200 None
[2017-12-05 08:34:47,885 DEBUG Engine.cloud] Response [200]: {
    "api_version": 4,
    "error": null,
    "result": {
        "id": 146738,
        "name": "Demo workspace",
        "userId": 368191,
        "created": 1498856673,
        "updated": 1509038523,
        "enabled": true,
        "dedicatedIpsEnabled
[2017-12-05 08:34:47,891 DEBUG Engine.cloud] Request: GET https://a.blazemeter.com/api/v4/workspaces/119008 None
[2017-12-05 08:34:47,894 DEBUG urllib3.connectionpool] Starting new HTTPS connection (1): a.blazemeter.com
[2017-12-05 08:34:48,664 DEBUG urllib3.connectionpool] https://a.blazemeter.com:443 "GET /api/v4/workspaces/119008 HTTP/1.1" 200 None
[2017-12-05 08:34:48,741 DEBUG Engine.cloud] Response [200]: {
    "api_version": 4,
    "error": null,
    "result": {
        "id": 119008,
        "name": "Default workspace",
        "userId": 339612,
        "created": 1486702692,
        "updated": 1486702692,
        "enabled": true,
        "dedicatedIpsEnab
[2017-12-05 08:34:48,748 DEBUG Engine.cloud] Request: GET https://a.blazemeter.com/api/v4/workspaces/127980 None
[2017-12-05 08:34:48,750 DEBUG urllib3.connectionpool] Starting new HTTPS connection (1): a.blazemeter.com
[2017-12-05 08:34:49,441 DEBUG urllib3.connectionpool] https://a.blazemeter.com:443 "GET /api/v4/workspaces/127980 HTTP/1.1" 200 None
[2017-12-05 08:34:49,515 DEBUG Engine.cloud] Response [200]: {
    "api_version": 4,
    "error": null,
    "result": {
        "id": 127980,
        "name": "Demo Workspace",
        "userId": 339612,
        "created": 1491255975,
        "updated": 1491255975,
        "enabled": true,
        "dedicatedIpsEnabled
[2017-12-05 08:34:49,520 DEBUG Engine.cloud] Request: GET https://a.blazemeter.com/api/v4/workspaces/127984 None
[2017-12-05 08:34:49,522 DEBUG urllib3.connectionpool] Starting new HTTPS connection (1): a.blazemeter.com
[2017-12-05 08:34:50,185 DEBUG urllib3.connectionpool] https://a.blazemeter.com:443 "GET /api/v4/workspaces/127984 HTTP/1.1" 200 None
[2017-12-05 08:34:50,261 DEBUG Engine.cloud] Response [200]: {
    "api_version": 4,
    "error": null,
    "result": {
        "id": 127984,
        "name": "Demo Workspace 2",
        "userId": 339612,
        "created": 1491261975,
        "updated": 1491261975,
        "enabled": true,
        "dedicatedIpsEnabl
[2017-12-05 08:34:50,266 DEBUG Engine.cloud] Request: GET https://a.blazemeter.com/api/v4/workspaces/132723 None
[2017-12-05 08:34:50,269 DEBUG urllib3.connectionpool] Starting new HTTPS connection (1): a.blazemeter.com
[2017-12-05 08:34:50,931 DEBUG urllib3.connectionpool] https://a.blazemeter.com:443 "GET /api/v4/workspaces/132723 HTTP/1.1" 200 None
[2017-12-05 08:34:51,010 DEBUG Engine.cloud] Response [200]: {
    "api_version": 4,
    "error": null,
    "result": {
        "id": 132723,
        "name": "Functional",
        "userId": 339612,
        "created": 1493312851,
        "updated": 1499734757,
        "enabled": true,
        "dedicatedIpsEnabled": t
[2017-12-05 08:34:51,016 DEBUG Engine.cloud] Request: GET https://a.blazemeter.com/api/v4/workspaces/153836 None
[2017-12-05 08:34:51,019 DEBUG urllib3.connectionpool] Starting new HTTPS connection (1): a.blazemeter.com
[2017-12-05 08:34:51,883 DEBUG urllib3.connectionpool] https://a.blazemeter.com:443 "GET /api/v4/workspaces/153836 HTTP/1.1" 200 None
[2017-12-05 08:34:51,958 DEBUG Engine.cloud] Response [200]: {
    "api_version": 4,
    "error": null,
    "result": {
        "id": 153836,
        "name": "blazedemo",
        "userId": 339612,
        "created": 1501870483,
        "updated": 1501870483,
        "enabled": true,
        "dedicatedIpsEnabled": tr
[2017-12-05 08:34:51,964 DEBUG Engine.cloud] Request: GET https://a.blazemeter.com/api/v4/workspaces/163251 None
[2017-12-05 08:34:51,967 DEBUG urllib3.connectionpool] Starting new HTTPS connection (1): a.blazemeter.com
[2017-12-05 08:34:52,647 DEBUG urllib3.connectionpool] https://a.blazemeter.com:443 "GET /api/v4/workspaces/163251 HTTP/1.1" 200 None
[2017-12-05 08:34:52,724 DEBUG Engine.cloud] Response [200]: {
    "api_version": 4,
    "error": null,
    "result": {
        "id": 163251,
        "name": "new opls",
        "userId": 339612,
        "created": 1505929373,
        "updated": 1505929373,
        "enabled": true,
        "dedicatedIpsEnabled": tru
[2017-12-05 08:34:52,732 DEBUG Engine.cloud] Request: GET https://a.blazemeter.com/api/v4/workspaces/135886 None
[2017-12-05 08:34:52,735 DEBUG urllib3.connectionpool] Starting new HTTPS connection (1): a.blazemeter.com
[2017-12-05 08:34:53,372 DEBUG urllib3.connectionpool] https://a.blazemeter.com:443 "GET /api/v4/workspaces/135886 HTTP/1.1" 200 None
[2017-12-05 08:34:53,451 DEBUG Engine.cloud] Response [200]: {
    "api_version": 4,
    "error": null,
    "result": {
        "id": 135886,
        "name": "scratch",
        "userId": 339612,
        "created": 1494801554,
        "updated": 1494801554,
        "enabled": true,
        "dedicatedIpsEnabled": true
[2017-12-05 08:34:53,458 DEBUG Engine.cloud] Request: GET https://a.blazemeter.com/api/v4/workspaces/7199 None
[2017-12-05 08:34:53,461 DEBUG urllib3.connectionpool] Starting new HTTPS connection (1): a.blazemeter.com
[2017-12-05 08:34:54,087 DEBUG urllib3.connectionpool] https://a.blazemeter.com:443 "GET /api/v4/workspaces/7199 HTTP/1.1" 200 None
[2017-12-05 08:34:54,163 DEBUG Engine.cloud] Response [200]: {
    "api_version": 4,
    "error": null,
    "result": {
        "id": 7199,
        "name": "CA SE Workspace",
        "userId": 307773,
        "created": 1477580960,
        "updated": 1507211353,
        "enabled": true,
        "dedicatedIpsEnabled"
[2017-12-05 08:34:54,170 DEBUG Engine.cloud] Request: GET https://a.blazemeter.com/api/v4/workspaces/133217 None
[2017-12-05 08:34:54,172 DEBUG urllib3.connectionpool] Starting new HTTPS connection (1): a.blazemeter.com
[2017-12-05 08:34:55,014 DEBUG urllib3.connectionpool] https://a.blazemeter.com:443 "GET /api/v4/workspaces/133217 HTTP/1.1" 200 None
[2017-12-05 08:34:55,089 DEBUG Engine.cloud] Response [200]: {
    "api_version": 4,
    "error": null,
    "result": {
        "id": 133217,
        "name": "SE DEMOs",
        "userId": 307773,
        "created": 1493664013,
        "updated": 1508256640,
        "enabled": true,
        "dedicatedIpsEnabled": tru
[2017-12-05 08:34:55,096 DEBUG Engine.cloud] All resource files are: ['./param.csv']
[2017-12-05 08:34:55,097 DEBUG Engine.cloud] Replace file names in config: ['./param.csv'] with ['param.csv']
[2017-12-05 08:34:55,097 DEBUG Engine.cloud] Replaced ./param.csv with param.csv
[2017-12-05 08:34:55,098 DEBUG Engine] New artifact filename: /Users/daper01/Documents/OSLo/artifacts/2017-12-05_08-34-21.504827/cloud
[2017-12-05 08:34:55,099 DEBUG root] Dumping YAML config into /Users/daper01/Documents/OSLo/artifacts/2017-12-05_08-34-21.504827/cloud.yml
[2017-12-05 08:34:55,112 DEBUG root] Dumping JSON config into /Users/daper01/Documents/OSLo/artifacts/2017-12-05_08-34-21.504827/cloud.json
[2017-12-05 08:34:55,113 DEBUG Engine.cloud] Request: GET https://a.blazemeter.com/api/v4/web/elfinder/5781129?cmd=open&target=s1_Lw None
[2017-12-05 08:34:55,115 DEBUG urllib3.connectionpool] Starting new HTTPS connection (1): a.blazemeter.com
[2017-12-05 08:34:55,875 DEBUG urllib3.connectionpool] https://a.blazemeter.com:443 "GET /api/v4/web/elfinder/5781129?cmd=open&target=s1_Lw HTTP/1.1" 200 1588
[2017-12-05 08:34:55,880 DEBUG Engine.cloud] Response [200]: {"cwd":{"name":"data","size":0,"mime":"directory","read":1,"write":1,"parent_id":"users","hash":"s1_Lw","rootRev":"","options":{"path":"","url":"","tmbUrl":"","disabled":["mkdir","archive","extract","chmod"],"separator":"\/","copyOverwrite":1,"uploadOverwr
[2017-12-05 08:34:55,881 DEBUG Engine.cloud] Test files: [u'param.csv', u'taurus.yml']
[2017-12-05 08:34:55,881 DEBUG Engine.cloud] Request: GET https://a.blazemeter.com/api/v4/web/elfinder/5781129?cmd=rm&targets[]=s1_cGFyYW0uY3N2&targets[]=s1_dGF1cnVzLnltbA None
[2017-12-05 08:34:55,884 DEBUG urllib3.connectionpool] Starting new HTTPS connection (1): a.blazemeter.com
[2017-12-05 08:34:56,708 DEBUG urllib3.connectionpool] https://a.blazemeter.com:443 "GET /api/v4/web/elfinder/5781129?cmd=rm&targets[]=s1_cGFyYW0uY3N2&targets[]=s1_dGF1cnVzLnltbA HTTP/1.1" 200 780
[2017-12-05 08:34:56,712 DEBUG Engine.cloud] Response [200]: {"removed":["s1_cGFyYW0uY3N2","s1_dGF1cnVzLnltbA"],"changed":[{"name":"data","size":0,"mime":"directory","read":1,"write":1,"parent_id":"users","hash":"s1_Lw","rootRev":"","options":{"path":"","url":"","tmbUrl":"","disabled":["mkdir","archive","extract","c
[2017-12-05 08:34:56,712 DEBUG Engine.cloud] Successfully deleted 2 test files
[2017-12-05 08:34:56,737 DEBUG Engine.cloud] Uploading files into the test: ['/Users/daper01/Documents/OSLo/param.csv']
[2017-12-05 08:34:56,962 DEBUG Engine.cloud] Request: POST https://a.blazemeter.com/api/v4/tests/5781129/files --===============2978773538809723630==
Content-Disposition: file; name="script"; filename="taurus.yml"
Content-Type: application/octet-stream

---
execution:
- concurrency: 200
  executor: jmeter
  hold-for: 2m
  locations:
    us-east-1: 2
    us-west
[2017-12-05 08:34:56,964 DEBUG urllib3.connectionpool] Starting new HTTPS connection (1): a.blazemeter.com
[2017-12-05 08:34:59,015 DEBUG urllib3.connectionpool] https://a.blazemeter.com:443 "POST /api/v4/tests/5781129/files HTTP/1.1" 201 619
[2017-12-05 08:34:59,021 DEBUG Engine.cloud] Response [201]: {
    "api_version": 4,
    "error": null,
    "result": {
        "id": 5781129,
        "name": "Taurus from Scenario",
        "userId": 339612,
        "creatorClientId": "Taurus",
        "created": 1508340357,
        "updated": 1512491698,
        "
[2017-12-05 08:34:59,021 DEBUG Engine.cloud] Request: PATCH https://a.blazemeter.com/api/v4/tests/5781129 {
 "configuration": {
  "executionType": null
 }
}
[2017-12-05 08:34:59,027 DEBUG urllib3.connectionpool] Starting new HTTPS connection (1): a.blazemeter.com
[2017-12-05 08:35:00,434 DEBUG urllib3.connectionpool] https://a.blazemeter.com:443 "PATCH /api/v4/tests/5781129 HTTP/1.1" 200 1321
[2017-12-05 08:35:00,443 DEBUG Engine.cloud] Response [200]: {
    "api_version": 4,
    "error": null,
    "result": {
        "id": 5781129,
        "name": "Taurus from Scenario",
        "userId": 339612,
        "creatorClientId": "Taurus",
        "created": 1508340357,
        "updated": 1512491700,
        "
[2017-12-05 08:35:00,444 DEBUG Engine.cloud] Request: PATCH https://a.blazemeter.com/api/v4/tests/5781129 {
 "configuration": {
  "plugins": {
   "functionalExecution": {
    "enabled": false
   }
  }
 }
}
[2017-12-05 08:35:00,458 DEBUG urllib3.connectionpool] Starting new HTTPS connection (1): a.blazemeter.com
[2017-12-05 08:35:01,423 DEBUG urllib3.connectionpool] https://a.blazemeter.com:443 "PATCH /api/v4/tests/5781129 HTTP/1.1" 200 1321
[2017-12-05 08:35:01,428 DEBUG Engine.cloud] Response [200]: {
    "api_version": 4,
    "error": null,
    "result": {
        "id": 5781129,
        "name": "Taurus from Scenario",
        "userId": 339612,
        "creatorClientId": "Taurus",
        "created": 1508340357,
        "updated": 1512491701,
        "
[2017-12-05 08:35:01,428 DEBUG Engine] Module config: final-stats defaultdict(None, {'class': 'bzt.modules.reporting.FinalStatus'})
[2017-12-05 08:35:01,428 DEBUG root] Importing module: bzt.modules.reporting
[2017-12-05 08:35:01,431 DEBUG root] Loading class: 'FinalStatus' from <module 'bzt.modules.reporting' from '/usr/local/lib/python2.7/site-packages/bzt/modules/reporting.pyc'>
[2017-12-05 08:35:01,432 DEBUG Engine] Module config: console defaultdict(None, {'class': 'bzt.modules.console.ConsoleStatusReporter'})
[2017-12-05 08:35:01,432 DEBUG root] Importing module: bzt.modules.console
[2017-12-05 08:35:01,432 DEBUG root] Loading class: 'ConsoleStatusReporter' from <module 'bzt.modules.console' from '/usr/local/lib/python2.7/site-packages/bzt/modules/console.pyc'>
[2017-12-05 08:35:01,453 DEBUG Engine.Configuration] Dumping YAML config into /Users/daper01/Documents/OSLo/artifacts/2017-12-05_08-34-21.504827/effective.yml
[2017-12-05 08:35:01,511 DEBUG Engine.Configuration] Dumping JSON config into /Users/daper01/Documents/OSLo/artifacts/2017-12-05_08-34-21.504827/effective.json
[2017-12-05 08:35:01,513 INFO Engine] Starting...
[2017-12-05 08:35:01,514 DEBUG Engine] Startup <bzt.modules.aggregator.ConsolidatingAggregator object at 0x10a439590>
[2017-12-05 08:35:01,514 DEBUG Engine] Startup <bzt.modules.reporting.FinalStatus object at 0x10b0e8e10>
[2017-12-05 08:35:01,514 DEBUG Engine] Startup <bzt.modules.console.ConsoleStatusReporter object at 0x10b116510>
[2017-12-05 08:35:01,514 INFO Engine.console] Waiting for results...
[2017-12-05 08:35:01,514 DEBUG Engine] Startup <bzt.modules.reporting.FinalStatus object at 0x10b116990>
[2017-12-05 08:35:01,514 DEBUG Engine] Startup <bzt.modules.blazemeter.CloudProvisioning object at 0x10a44f750>
[2017-12-05 08:35:01,514 INFO Engine.cloud.ProjectFinder.CloudTaurusTest] Initiating cloud test with https://a.blazemeter.com ...
[2017-12-05 08:35:01,515 DEBUG Engine.cloud] Request: POST https://a.blazemeter.com/api/v4/tests/5781129/start None
[2017-12-05 08:35:01,517 DEBUG urllib3.connectionpool] Starting new HTTPS connection (1): a.blazemeter.com
[2017-12-05 08:35:04,134 DEBUG urllib3.connectionpool] https://a.blazemeter.com:443 "POST /api/v4/tests/5781129/start HTTP/1.1" 202 525
[2017-12-05 08:35:04,138 DEBUG Engine.cloud] Response [202]: {
    "api_version": 4,
    "error": null,
    "result": {
        "id": 16992755,
        "name": "Taurus from Scenario",
        "userId": 339612,
        "runnerUserId": 339612,
        "creatorClientId": "Taurus",
        "executorClientId": "Taurus",

[2017-12-05 08:35:04,138 INFO Engine.cloud] Started cloud test: https://a.blazemeter.com/app/#/masters/16992755
[2017-12-05 08:35:06,154 DEBUG Engine.cloud] Request: PATCH https://a.blazemeter.com/api/v4/masters/16992755 {
 "name": "Taurus from Scenario"
}
[2017-12-05 08:35:06,158 DEBUG urllib3.connectionpool] Starting new HTTPS connection (1): a.blazemeter.com
[2017-12-05 08:35:07,159 DEBUG urllib3.connectionpool] https://a.blazemeter.com:443 "PATCH /api/v4/masters/16992755 HTTP/1.1" 200 443
[2017-12-05 08:35:07,164 DEBUG Engine.cloud] Response [200]: {
    "api_version": 4,
    "error": null,
    "result": {
        "id": 16992755,
        "name": "Taurus from Scenario",
        "userId": 339612,
        "runnerUserId": 339612,
        "creatorClientId": "Taurus",
        "executorClientId": "Taurus",

[2017-12-05 08:35:07,168 DEBUG Engine.Configuration] Dumping YAML config into /Users/daper01/Documents/OSLo/artifacts/2017-12-05_08-34-21.504827/effective.yml
[2017-12-05 08:35:07,225 DEBUG Engine.Configuration] Dumping JSON config into /Users/daper01/Documents/OSLo/artifacts/2017-12-05_08-34-21.504827/effective.json
[2017-12-05 08:35:07,228 DEBUG root] Leveling down log file verbosity, use -v option to have DEBUG messages enabled
[2017-12-05 08:35:07,845 INFO Engine.cloud] Cloud test status: INIT
[2017-12-05 08:35:08,388 INFO Engine.console] Waiting for finish...
[2017-12-05 08:35:13,446 INFO Engine.cloud] Cloud test status: BOOT_STARTING
[2017-12-05 08:35:39,553 INFO Engine.cloud] Cloud test status: TAURUS_ENGINE_INIT
[2017-12-05 08:37:40,859 INFO Engine.cloud] Cloud test status: DATA_RECEIVED
[2017-12-05 08:38:42,508 WARNING Engine] Please wait for graceful shutdown...
[2017-12-05 08:38:42,517 DEBUG root] Leveled up log file verbosity
[2017-12-05 08:38:42,517 INFO Engine] Shutting down...
[2017-12-05 08:38:42,524 DEBUG Engine.console] Restoring logging streams, [<logging.StreamHandler object at 0x109967710>]/{<logging.StreamHandler object at 0x109967710>: <open file '<stdout>', mode 'w' at 0x1088e1150>}
[2017-12-05 08:38:42,526 DEBUG Engine.Configuration] Dumping YAML config into /Users/daper01/Documents/OSLo/artifacts/2017-12-05_08-34-21.504827/effective.yml
[2017-12-05 08:38:42,583 DEBUG Engine.Configuration] Dumping JSON config into /Users/daper01/Documents/OSLo/artifacts/2017-12-05_08-34-21.504827/effective.json
[2017-12-05 08:38:42,586 WARNING root] Keyboard interrupt
[2017-12-05 08:38:42,593 DEBUG root] KeyboardInterrupt: 
Traceback (most recent call last):
  File "/usr/local/lib/python2.7/site-packages/bzt/cli.py", line 221, in perform
    self.engine.run()
  File "/usr/local/lib/python2.7/site-packages/bzt/engine.py", line 202, in run
    reraise(exc_info)
  File "/usr/local/lib/python2.7/site-packages/bzt/engine.py", line 184, in run
    self._wait()
  File "/usr/local/lib/python2.7/site-packages/bzt/engine.py", line 220, in _wait
    while not self._check_modules_list():
  File "/usr/local/lib/python2.7/site-packages/bzt/engine.py", line 210, in _check_modules_list
    finished |= bool(module.check())
  File "/usr/local/lib/python2.7/site-packages/bzt/modules/aggregator.py", line 678, in check
    for point in self.datapoints():
  File "/usr/local/lib/python2.7/site-packages/bzt/modules/aggregator.py", line 440, in datapoints
    for datapoint in self._calculate_datapoints(final_pass):
  File "/usr/local/lib/python2.7/site-packages/bzt/modules/aggregator.py", line 707, in _calculate_datapoints
    self._process_underlings(final_pass)
  File "/usr/local/lib/python2.7/site-packages/bzt/modules/aggregator.py", line 692, in _process_underlings
    for data in underling.datapoints(final_pass):
  File "/usr/local/lib/python2.7/site-packages/bzt/modules/aggregator.py", line 440, in datapoints
    for datapoint in self._calculate_datapoints(final_pass):
  File "/usr/local/lib/python2.7/site-packages/bzt/modules/blazemeter.py", line 1677, in _calculate_datapoints
    data, aggr_raw = self.query_data()
  File "/usr/local/lib/python2.7/site-packages/bzt/modules/blazemeter.py", line 1780, in query_data
    data = self.master.get_kpis(self.min_ts)
  File "/usr/local/lib/python2.7/site-packages/bzt/bza.py", line 510, in get_kpis
    labels = self.get_labels()[:100]
  File "/usr/local/lib/python2.7/site-packages/bzt/bza.py", line 524, in get_labels
    res = self._request(url)
  File "/usr/local/lib/python2.7/site-packages/bzt/bza.py", line 89, in _request
    timeout=self.timeout)
  File "/usr/local/lib/python2.7/site-packages/requests/api.py", line 58, in request
    return session.request(method=method, url=url, **kwargs)
  File "/usr/local/lib/python2.7/site-packages/requests/sessions.py", line 508, in request
    resp = self.send(prep, **send_kwargs)
  File "/usr/local/lib/python2.7/site-packages/requests/sessions.py", line 618, in send
    r = adapter.send(request, **kwargs)
  File "/usr/local/lib/python2.7/site-packages/requests/adapters.py", line 440, in send
    timeout=timeout
  File "/usr/local/lib/python2.7/site-packages/urllib3/connectionpool.py", line 600, in urlopen
    chunked=chunked)
  File "/usr/local/lib/python2.7/site-packages/urllib3/connectionpool.py", line 345, in _make_request
    self._validate_conn(conn)
  File "/usr/local/lib/python2.7/site-packages/urllib3/connectionpool.py", line 844, in _validate_conn
    conn.connect()
  File "/usr/local/lib/python2.7/site-packages/urllib3/connection.py", line 326, in connect
    ssl_context=context)
  File "/usr/local/lib/python2.7/site-packages/urllib3/util/ssl_.py", line 325, in ssl_wrap_socket
    return context.wrap_socket(sock, server_hostname=server_hostname)
  File "/usr/local/Cellar/python/2.7.13/Frameworks/Python.framework/Versions/2.7/lib/python2.7/ssl.py", line 363, in wrap_socket
    _context=self)
  File "/usr/local/Cellar/python/2.7.13/Frameworks/Python.framework/Versions/2.7/lib/python2.7/ssl.py", line 611, in __init__
    self.do_handshake()
  File "/usr/local/Cellar/python/2.7.13/Frameworks/Python.framework/Versions/2.7/lib/python2.7/ssl.py", line 840, in do_handshake
    self._sslobj.do_handshake()
KeyboardInterrupt
[2017-12-05 08:38:42,593 INFO Engine] Post-processing...
[2017-12-05 08:38:42,594 INFO Engine.cloud.ProjectFinder.CloudTaurusTest] Ending cloud test...
[2017-12-05 08:38:42,594 DEBUG Engine.cloud] Request: POST https://a.blazemeter.com/api/v4/masters/16992755/stop None
[2017-12-05 08:38:42,600 DEBUG urllib3.connectionpool] Starting new HTTPS connection (1): a.blazemeter.com
[2017-12-05 08:38:45,574 DEBUG urllib3.connectionpool] https://a.blazemeter.com:443 "POST /api/v4/masters/16992755/stop HTTP/1.1" 202 350
[2017-12-05 08:38:45,578 DEBUG Engine.cloud] Response [202]: {
    "api_version": 4,
    "error": null,
    "result": [
        {
            "session_id": "r-t-5a26cabe154d0",
            "result": "\n"
        },
        {
            "session_id": "r-t-5a26cabe6f81a",
            "result": "\n"
        },
       
[2017-12-05 08:38:45,578 DEBUG Engine.cloud] Request: GET https://a.blazemeter.com/api/v4/masters/16992755/full None
[2017-12-05 08:38:45,581 DEBUG urllib3.connectionpool] Starting new HTTPS connection (1): a.blazemeter.com
[2017-12-05 08:38:46,386 DEBUG urllib3.connectionpool] https://a.blazemeter.com:443 "GET /api/v4/masters/16992755/full HTTP/1.1" 200 None
[2017-12-05 08:38:46,402 DEBUG Engine.cloud] Response [200]: {
    "api_version": 4,
    "error": null,
    "result": {
        "id": 16992755,
        "name": "Taurus from Scenario",
        "userId": 339612,
        "runnerUserId": 339612,
        "created": 1512491702,
        "updated": 1512491710,
        "crea
[2017-12-05 08:38:46,403 DEBUG Engine.cloud] Request: GET https://a.blazemeter.com/api/v4/data/labels?master_id=16992755 None
[2017-12-05 08:38:46,405 DEBUG urllib3.connectionpool] Starting new HTTPS connection (1): a.blazemeter.com
[2017-12-05 08:38:47,103 DEBUG urllib3.connectionpool] https://a.blazemeter.com:443 "GET /api/v4/data/labels?master_id=16992755 HTTP/1.1" 200 1338
[2017-12-05 08:38:47,108 DEBUG Engine.cloud] Response [200]: {
    "api_version": 4,
    "error": null,
    "result": [
        {
            "id": "ALL",
            "name": "ALL",
            "sessions": [
                "r-t-5a26cabe154d0",
                "r-t-5a26cabe6f81a",
                "r-t-5a26cabe74470"
[2017-12-05 08:38:47,108 DEBUG Engine.cloud] Request: GET https://a.blazemeter.com/api/v4/data/kpis?interval=1&from=1512491911&master_ids%5B%5D=16992755&kpis%5B%5D=t&kpis%5B%5D=lt&kpis%5B%5D=by&kpis%5B%5D=n&kpis%5B%5D=ec&kpis%5B%5D=ts&kpis%5B%5D=na&labels%5B%5D=ALL&labels%5B%5D=6e7d9dd12b9ae952b37645e2df1f99d0&labels%5B%5D=82abaa0ca2f497bd8da64a1297f0c6a9&labels%5B%5D=3337ac94558b1dc857a9cfeed95b8eb7&labels%5B%5D=02c795eb3dbabd7d6d13003efeb01507 None
[2017-12-05 08:38:47,110 DEBUG urllib3.connectionpool] Starting new HTTPS connection (1): a.blazemeter.com
[2017-12-05 08:38:47,870 DEBUG urllib3.connectionpool] https://a.blazemeter.com:443 "GET /api/v4/data/kpis?interval=1&from=1512491911&master_ids%5B%5D=16992755&kpis%5B%5D=t&kpis%5B%5D=lt&kpis%5B%5D=by&kpis%5B%5D=n&kpis%5B%5D=ec&kpis%5B%5D=ts&kpis%5B%5D=na&labels%5B%5D=ALL&labels%5B%5D=6e7d9dd12b9ae952b37645e2df1f99d0&labels%5B%5D=82abaa0ca2f497bd8da64a1297f0c6a9&labels%5B%5D=3337ac94558b1dc857a9cfeed95b8eb7&labels%5B%5D=02c795eb3dbabd7d6d13003efeb01507 HTTP/1.1" 200 2812
[2017-12-05 08:38:47,875 DEBUG Engine.cloud] Response [200]: {
    "api_version": 4,
    "error": null,
    "result": [
        {
            "labelId": "02c795eb3dbabd7d6d13003efeb01507",
            "labelName": "Welcome Page",
            "label": "Welcome Page",
            "kpis": [
                {
          
[2017-12-05 08:38:47,875 DEBUG Engine.cloud] Request: GET https://a.blazemeter.com/api/v4/masters/16992755/reports/aggregatereport/data None
[2017-12-05 08:38:47,878 DEBUG urllib3.connectionpool] Starting new HTTPS connection (1): a.blazemeter.com
[2017-12-05 08:38:48,942 DEBUG urllib3.connectionpool] https://a.blazemeter.com:443 "GET /api/v4/masters/16992755/reports/aggregatereport/data HTTP/1.1" 200 3554
[2017-12-05 08:38:48,946 DEBUG Engine.cloud] Response [200]: {
    "api_version": 4,
    "error": null,
    "result": [
        {
            "labelId": "ALL",
            "labelName": "ALL",
            "samples": 73551,
            "avgResponseTime": 288.42,
            "90line": 750.44,
            "95line": 1115
[2017-12-05 08:38:48,946 DEBUG Engine.cloud] Request: GET https://a.blazemeter.com/api/v4/masters/16992755/reports/errorsreport/data?noDataError=false None
[2017-12-05 08:38:48,949 DEBUG urllib3.connectionpool] Starting new HTTPS connection (1): a.blazemeter.com
[2017-12-05 08:38:49,534 DEBUG urllib3.connectionpool] https://a.blazemeter.com:443 "GET /api/v4/masters/16992755/reports/errorsreport/data?noDataError=false HTTP/1.1" 200 4669
[2017-12-05 08:38:49,538 DEBUG Engine.cloud] Response [200]: {
    "api_version": 4,
    "error": null,
    "result": [
        {
            "_id": "ALL",
            "name": "ALL",
            "samplesNotCounted": 0,
            "assertionsNotCounted": 0,
            "otherErrorsCount": 0,
            "failedEmbed
[2017-12-05 08:38:49,540 DEBUG Engine.consolidator] Consolidator buffer[3]: [1512491909, 1512491910, 1512491911]
[2017-12-05 08:38:49,540 DEBUG Engine.consolidator] Merging into 1512491909
[2017-12-05 08:38:49,540 DEBUG Engine.consolidator] Merging 1512491909
[2017-12-05 08:38:49,546 DEBUG Engine.consolidator] Processed datapoint: 1512491909/None
[2017-12-05 08:38:49,546 DEBUG Engine.consolidator] Merging into 1512491910
[2017-12-05 08:38:49,546 DEBUG Engine.consolidator] Merging 1512491910
[2017-12-05 08:38:49,554 DEBUG Engine.consolidator] Processed datapoint: 1512491910/None
[2017-12-05 08:38:49,555 DEBUG Engine.consolidator] Merging into 1512491911
[2017-12-05 08:38:49,555 DEBUG Engine.consolidator] Merging 1512491911
[2017-12-05 08:38:49,563 DEBUG Engine.consolidator] Processed datapoint: 1512491911/None
[2017-12-05 08:38:49,563 INFO Engine.final-stats] Test duration: 0:03:41
[2017-12-05 08:38:49,563 INFO Engine.final-stats] Samples count: 54055, 79.02% failures
[2017-12-05 08:38:49,564 INFO Engine.final-stats] Average times: total 0.343, latency 0.331, connect 0.000
[2017-12-05 08:38:49,564 INFO Engine.final-stats] Percentile 90.0%: 0.975
[2017-12-05 08:38:49,564 INFO Engine.final-stats] Percentile 95.0%: 1.130
[2017-12-05 08:38:49,564 INFO Engine.final-stats] Percentile 99.0%: 4.021
[2017-12-05 08:38:49,564 DEBUG Engine.console] No logger_handler or orig_stream was detected
[2017-12-05 08:38:49,565 INFO Engine.final-stats] Test duration: 0:03:41
[2017-12-05 08:38:49,565 INFO Engine.final-stats] Samples count: 54055, 79.02% failures
[2017-12-05 08:38:49,565 INFO Engine.final-stats] Average times: total 0.343, latency 0.331, connect 0.000
[2017-12-05 08:38:49,565 INFO Engine.final-stats] Percentile 90.0%: 0.975
[2017-12-05 08:38:49,565 INFO Engine.final-stats] Percentile 95.0%: 1.130
[2017-12-05 08:38:49,565 INFO Engine.final-stats] Percentile 99.0%: 4.021
[2017-12-05 08:38:49,566 INFO Engine.final-stats] Dumping final status as XML: stats.xml
[2017-12-05 08:38:49,571 DEBUG Engine.Configuration] Dumping YAML config into /Users/daper01/Documents/OSLo/artifacts/2017-12-05_08-34-21.504827/effective.yml
[2017-12-05 08:38:49,657 DEBUG Engine.Configuration] Dumping JSON config into /Users/daper01/Documents/OSLo/artifacts/2017-12-05_08-34-21.504827/effective.json
[2017-12-05 08:38:49,661 INFO root] Artifacts dir: /Users/daper01/Documents/OSLo/artifacts/2017-12-05_08-34-21.504827
[2017-12-05 08:38:49,662 WARNING root] Done performing with code: 1
[2017-12-05 08:38:49,662 DEBUG root] Closing log handler: /Users/daper01/Documents/OSLo/artifacts/2017-12-05_08-34-21.504827/bzt.log
