2017-06-27 13:36:42,820 INFO o.a.j.u.JMeterUtils: Setting Locale to en_US
2017-06-27 13:36:42,837 INFO o.a.j.JMeter: Loading user properties from: /Users/daper01/.bzt/jmeter-taurus/3.2/bin/user.properties
2017-06-27 13:36:42,838 INFO o.a.j.JMeter: Loading system properties from: /Users/daper01/.bzt/jmeter-taurus/3.2/bin/system.properties
2017-06-27 13:36:42,838 INFO o.a.j.JMeter: Setting System properties from file: /Users/daper01/Documents/OSLo/from_scenario/2017-06-27_13-36-39.997500/system.properties
2017-06-27 13:36:42,843 INFO o.a.j.JMeter: Copyright (c) 1998-2017 The Apache Software Foundation
2017-06-27 13:36:42,843 INFO o.a.j.JMeter: Version 3.2 r1790748
2017-06-27 13:36:42,843 INFO o.a.j.JMeter: java.version=1.8.0_121
2017-06-27 13:36:42,843 INFO o.a.j.JMeter: java.vm.name=Java HotSpot(TM) 64-Bit Server VM
2017-06-27 13:36:42,843 INFO o.a.j.JMeter: os.name=Mac OS X
2017-06-27 13:36:42,843 INFO o.a.j.JMeter: os.arch=x86_64
2017-06-27 13:36:42,843 INFO o.a.j.JMeter: os.version=10.12.3
2017-06-27 13:36:42,843 INFO o.a.j.JMeter: file.encoding=UTF-8
2017-06-27 13:36:42,843 INFO o.a.j.JMeter: Max memory     =3817865216
2017-06-27 13:36:42,843 INFO o.a.j.JMeter: Available Processors =4
2017-06-27 13:36:42,847 INFO o.a.j.JMeter: Default Locale=English (United States)
2017-06-27 13:36:42,848 INFO o.a.j.JMeter: JMeter  Locale=English (United States)
2017-06-27 13:36:42,848 INFO o.a.j.JMeter: JMeterHome=/Users/daper01/.bzt/jmeter-taurus/3.2
2017-06-27 13:36:42,848 INFO o.a.j.JMeter: user.dir  =/Users/daper01/Documents/OSLo/from_scenario
2017-06-27 13:36:42,848 INFO o.a.j.JMeter: PWD       =/Users/daper01/Documents/OSLo/from_scenario
2017-06-27 13:36:42,849 INFO o.a.j.JMeter: IP: 192.168.1.77 Name: daper01mac1124 FullName: daper01mac1124
2017-06-27 13:36:42,850 INFO o.a.j.JMeter: user.classpath=/Users/daper01/Documents/OSLo/from_scenario/2017-06-27_13-36-39.997500
2017-06-27 13:36:42,850 INFO o.a.j.JMeter: Adding to classpath and loader: /Users/daper01/Documents/OSLo/from_scenario/2017-06-27_13-36-39.997500
2017-06-27 13:36:42,853 INFO o.a.j.s.FileServer: Default base='/Users/daper01/Documents/OSLo/from_scenario'
2017-06-27 13:36:42,853 INFO o.a.j.s.FileServer: Set new base='/Users/daper01/Documents/OSLo/from_scenario/2017-06-27_13-36-39.997500'
2017-06-27 13:36:43,006 INFO o.a.j.s.SaveService: Testplan (JMX) version: 2.2. Testlog (JTL) version: 2.2
2017-06-27 13:36:43,020 INFO o.a.j.s.SaveService: Using SaveService properties file encoding UTF-8
2017-06-27 13:36:43,027 INFO o.a.j.s.SaveService: Using SaveService properties version 3.2
2017-06-27 13:36:43,036 INFO o.a.j.s.SaveService: Loading file: /Users/daper01/Documents/OSLo/from_scenario/2017-06-27_13-36-39.997500/modified_requests.jmx
2017-06-27 13:36:43,083 INFO o.a.j.p.h.c.CacheManager: Will only cache the following methods: [GET]
2017-06-27 13:36:43,085 INFO o.a.j.p.h.c.CookieManager: Settings: Delete null: true Check: true Allow variable: true Save: false Prefix: COOKIE_
2017-06-27 13:36:43,109 INFO o.a.j.p.h.s.HTTPSamplerBase: Parser for text/html is org.apache.jmeter.protocol.http.parser.LagartoBasedHtmlParser
2017-06-27 13:36:43,109 INFO o.a.j.p.h.s.HTTPSamplerBase: Parser for application/xhtml+xml is org.apache.jmeter.protocol.http.parser.LagartoBasedHtmlParser
2017-06-27 13:36:43,109 INFO o.a.j.p.h.s.HTTPSamplerBase: Parser for application/xml is org.apache.jmeter.protocol.http.parser.LagartoBasedHtmlParser
2017-06-27 13:36:43,109 INFO o.a.j.p.h.s.HTTPSamplerBase: Parser for text/xml is org.apache.jmeter.protocol.http.parser.LagartoBasedHtmlParser
2017-06-27 13:36:43,109 INFO o.a.j.p.h.s.HTTPSamplerBase: Parser for text/vnd.wap.wml is org.apache.jmeter.protocol.http.parser.RegexpHTMLParser
2017-06-27 13:36:43,109 INFO o.a.j.p.h.s.HTTPSamplerBase: Parser for text/css is org.apache.jmeter.protocol.http.parser.CssParser
2017-06-27 13:36:43,156 INFO o.a.j.e.StandardJMeterEngine: Running the test!
2017-06-27 13:36:43,156 INFO o.a.j.s.SampleEvent: List of sample_variables: []
2017-06-27 13:36:43,156 INFO o.a.j.s.SampleEvent: List of sample_variables: []
2017-06-27 13:36:43,161 INFO o.a.j.e.u.CompoundVariable: Note: Function class names must contain the string: '.functions.'
2017-06-27 13:36:43,161 INFO o.a.j.e.u.CompoundVariable: Note: Function class names must not contain the string: '.gui.'
2017-06-27 13:36:43,640 INFO o.a.j.JMeter: Running test (1498595803640)
2017-06-27 13:36:43,716 INFO o.a.j.e.StandardJMeterEngine: Starting ThreadGroup: 1 : blazedemo
2017-06-27 13:36:43,716 INFO o.a.j.e.StandardJMeterEngine: Starting 50 threads for group blazedemo.
2017-06-27 13:36:43,716 INFO o.a.j.e.StandardJMeterEngine: Thread will continue on error
2017-06-27 13:36:43,716 INFO o.a.j.t.ThreadGroup: Starting thread group... number=1 threads=50 ramp-up=30 perThread=600.0 delayedStart=false
2017-06-27 13:36:43,872 INFO o.a.j.t.ThreadGroup: Started thread group number 1
2017-06-27 13:36:43,872 INFO o.a.j.e.StandardJMeterEngine: All thread groups have been started
2017-06-27 13:36:44,253 INFO o.a.j.t.JMeterThread: Thread started: blazedemo 1-1
2017-06-27 13:36:44,255 INFO o.a.j.s.FileServer: Stored: /Users/daper01/Documents/OSLo/from_scenario/param.csv
2017-06-27 13:36:44,281 INFO o.a.j.p.h.s.HTTPHCAbstractImpl: Local host = daper01mac1124
2017-06-27 13:36:44,286 INFO o.a.j.p.h.s.HTTPHC4Impl: HTTP request retry count = 0
2017-06-27 13:36:44,296 INFO o.a.j.s.SampleResult: Note: Sample TimeStamps are START times
2017-06-27 13:36:44,296 INFO o.a.j.s.SampleResult: sampleresult.default.encoding is set to UTF-8
2017-06-27 13:36:44,296 INFO o.a.j.s.SampleResult: sampleresult.useNanoTime=true
2017-06-27 13:36:44,296 INFO o.a.j.s.SampleResult: sampleresult.nanoThreadSleep=5000
2017-06-27 13:36:44,856 INFO o.a.j.t.JMeterThread: Thread started: blazedemo 1-2
2017-06-27 13:36:45,454 INFO o.a.j.t.JMeterThread: Thread started: blazedemo 1-3
2017-06-27 13:36:46,058 INFO o.a.j.t.JMeterThread: Thread started: blazedemo 1-4
2017-06-27 13:36:46,658 INFO o.a.j.t.JMeterThread: Thread started: blazedemo 1-5
2017-06-27 13:36:47,253 INFO o.a.j.t.JMeterThread: Thread started: blazedemo 1-6
2017-06-27 13:36:47,854 INFO o.a.j.t.JMeterThread: Thread started: blazedemo 1-7
2017-06-27 13:36:48,458 INFO o.a.j.t.JMeterThread: Thread started: blazedemo 1-8
2017-06-27 13:36:49,052 INFO o.a.j.t.JMeterThread: Thread started: blazedemo 1-9
2017-06-27 13:36:49,654 INFO o.a.j.t.JMeterThread: Thread started: blazedemo 1-10
2017-06-27 13:36:50,258 INFO o.a.j.t.JMeterThread: Thread started: blazedemo 1-11
2017-06-27 13:36:50,857 INFO o.a.j.t.JMeterThread: Thread started: blazedemo 1-12
2017-06-27 13:36:51,458 INFO o.a.j.t.JMeterThread: Thread started: blazedemo 1-13
2017-06-27 13:36:52,052 INFO o.a.j.t.JMeterThread: Thread started: blazedemo 1-14
2017-06-27 13:36:52,656 INFO o.a.j.t.JMeterThread: Thread started: blazedemo 1-15
2017-06-27 13:36:53,253 INFO o.a.j.t.JMeterThread: Thread started: blazedemo 1-16
2017-06-27 13:36:53,854 INFO o.a.j.t.JMeterThread: Thread started: blazedemo 1-17
2017-06-27 13:36:54,454 INFO o.a.j.t.JMeterThread: Thread started: blazedemo 1-18
2017-06-27 13:36:55,055 INFO o.a.j.t.JMeterThread: Thread started: blazedemo 1-19
2017-06-27 13:36:55,652 INFO o.a.j.t.JMeterThread: Thread started: blazedemo 1-20
2017-06-27 13:36:56,256 INFO o.a.j.t.JMeterThread: Thread started: blazedemo 1-21
2017-06-27 13:36:56,855 INFO o.a.j.t.JMeterThread: Thread started: blazedemo 1-22
2017-06-27 13:36:57,089 INFO o.a.j.JMeter: Command: Shutdown received from /127.0.0.1
2017-06-27 13:36:57,091 INFO o.a.j.t.JMeterThread: Stopping: blazedemo 1-18
2017-06-27 13:36:57,091 INFO o.a.j.t.JMeterThread: Stopping: blazedemo 1-37
2017-06-27 13:36:57,091 INFO o.a.j.t.JMeterThread: Stopping: blazedemo 1-10
2017-06-27 13:36:57,091 INFO o.a.j.t.JMeterThread: Stopping: blazedemo 1-36
2017-06-27 13:36:57,091 INFO o.a.j.t.JMeterThread: Stopping: blazedemo 1-32
2017-06-27 13:36:57,091 INFO o.a.j.t.JMeterThread: Stopping: blazedemo 1-45
2017-06-27 13:36:57,091 INFO o.a.j.t.JMeterThread: Stopping: blazedemo 1-15
2017-06-27 13:36:57,091 INFO o.a.j.t.JMeterThread: Stopping: blazedemo 1-21
2017-06-27 13:36:57,091 INFO o.a.j.t.JMeterThread: Stopping: blazedemo 1-22
2017-06-27 13:36:57,091 INFO o.a.j.t.JMeterThread: Stopping: blazedemo 1-48
2017-06-27 13:36:57,091 INFO o.a.j.t.JMeterThread: Stopping: blazedemo 1-4
2017-06-27 13:36:57,091 INFO o.a.j.t.JMeterThread: Stopping: blazedemo 1-23
2017-06-27 13:36:57,091 INFO o.a.j.t.JMeterThread: Stopping: blazedemo 1-9
2017-06-27 13:36:57,091 INFO o.a.j.t.JMeterThread: Stopping: blazedemo 1-6
2017-06-27 13:36:57,092 INFO o.a.j.t.JMeterThread: Stopping: blazedemo 1-16
2017-06-27 13:36:57,092 INFO o.a.j.t.JMeterThread: Stopping: blazedemo 1-31
2017-06-27 13:36:57,092 INFO o.a.j.t.JMeterThread: Stopping: blazedemo 1-35
2017-06-27 13:36:57,092 INFO o.a.j.t.JMeterThread: Stopping: blazedemo 1-1
2017-06-27 13:36:57,092 INFO o.a.j.t.JMeterThread: Stopping: blazedemo 1-3
2017-06-27 13:36:57,092 INFO o.a.j.t.JMeterThread: Stopping: blazedemo 1-20
2017-06-27 13:36:57,092 INFO o.a.j.t.JMeterThread: Stopping: blazedemo 1-50
2017-06-27 13:36:57,092 INFO o.a.j.t.JMeterThread: Stopping: blazedemo 1-28
2017-06-27 13:36:57,092 INFO o.a.j.t.JMeterThread: Stopping: blazedemo 1-17
2017-06-27 13:36:57,092 INFO o.a.j.t.JMeterThread: Stopping: blazedemo 1-24
2017-06-27 13:36:57,092 INFO o.a.j.t.JMeterThread: Stopping: blazedemo 1-40
2017-06-27 13:36:57,092 INFO o.a.j.t.JMeterThread: Stopping: blazedemo 1-14
2017-06-27 13:36:57,092 INFO o.a.j.t.JMeterThread: Stopping: blazedemo 1-7
2017-06-27 13:36:57,092 INFO o.a.j.t.JMeterThread: Stopping: blazedemo 1-12
2017-06-27 13:36:57,092 INFO o.a.j.t.JMeterThread: Stopping: blazedemo 1-8
2017-06-27 13:36:57,092 INFO o.a.j.t.JMeterThread: Stopping: blazedemo 1-11
2017-06-27 13:36:57,092 INFO o.a.j.t.JMeterThread: Stopping: blazedemo 1-44
2017-06-27 13:36:57,092 INFO o.a.j.t.JMeterThread: Stopping: blazedemo 1-34
2017-06-27 13:36:57,092 INFO o.a.j.t.JMeterThread: Stopping: blazedemo 1-41
2017-06-27 13:36:57,092 INFO o.a.j.t.JMeterThread: Stopping: blazedemo 1-43
2017-06-27 13:36:57,093 INFO o.a.j.t.JMeterThread: Stopping: blazedemo 1-5
2017-06-27 13:36:57,093 INFO o.a.j.t.JMeterThread: Stopping: blazedemo 1-29
2017-06-27 13:36:57,093 INFO o.a.j.t.JMeterThread: Stopping: blazedemo 1-49
2017-06-27 13:36:57,093 INFO o.a.j.t.JMeterThread: Stopping: blazedemo 1-38
2017-06-27 13:36:57,093 INFO o.a.j.t.JMeterThread: Stopping: blazedemo 1-25
2017-06-27 13:36:57,093 INFO o.a.j.t.JMeterThread: Stopping: blazedemo 1-39
2017-06-27 13:36:57,093 INFO o.a.j.t.JMeterThread: Stopping: blazedemo 1-19
2017-06-27 13:36:57,093 INFO o.a.j.t.JMeterThread: Stopping: blazedemo 1-30
2017-06-27 13:36:57,093 INFO o.a.j.t.JMeterThread: Stopping: blazedemo 1-27
2017-06-27 13:36:57,093 INFO o.a.j.t.JMeterThread: Stopping: blazedemo 1-13
2017-06-27 13:36:57,093 INFO o.a.j.t.JMeterThread: Stopping: blazedemo 1-33
2017-06-27 13:36:57,093 INFO o.a.j.t.JMeterThread: Stopping: blazedemo 1-46
2017-06-27 13:36:57,093 INFO o.a.j.t.JMeterThread: Stopping: blazedemo 1-2
2017-06-27 13:36:57,093 INFO o.a.j.t.JMeterThread: Stopping: blazedemo 1-26
2017-06-27 13:36:57,093 INFO o.a.j.t.JMeterThread: Stopping: blazedemo 1-42
2017-06-27 13:36:57,093 INFO o.a.j.t.JMeterThread: Stopping: blazedemo 1-47
2017-06-27 13:36:57,105 INFO o.a.j.t.JMeterThread: Thread finished: blazedemo 1-8
2017-06-27 13:36:57,117 INFO o.a.j.t.JMeterThread: Thread finished: blazedemo 1-6
2017-06-27 13:36:57,147 INFO o.a.j.t.JMeterThread: Thread finished: blazedemo 1-20
2017-06-27 13:36:57,156 INFO o.a.j.t.JMeterThread: Thread finished: blazedemo 1-17
2017-06-27 13:36:57,171 INFO o.a.j.t.JMeterThread: Thread finished: blazedemo 1-21
2017-06-27 13:36:57,178 INFO o.a.j.t.JMeterThread: Thread finished: blazedemo 1-18
2017-06-27 13:36:57,184 INFO o.a.j.t.JMeterThread: Thread finished: blazedemo 1-2
2017-06-27 13:36:57,186 INFO o.a.j.t.JMeterThread: Thread finished: blazedemo 1-9
2017-06-27 13:36:57,196 INFO o.a.j.t.JMeterThread: Thread finished: blazedemo 1-13
2017-06-27 13:36:57,202 INFO o.a.j.t.JMeterThread: Thread finished: blazedemo 1-5
2017-06-27 13:36:57,207 INFO o.a.j.t.JMeterThread: Thread finished: blazedemo 1-12
2017-06-27 13:36:57,210 INFO o.a.j.t.JMeterThread: Thread finished: blazedemo 1-14
2017-06-27 13:36:57,222 INFO o.a.j.t.JMeterThread: Thread finished: blazedemo 1-15
2017-06-27 13:36:57,222 INFO o.a.j.t.JMeterThread: Thread finished: blazedemo 1-7
2017-06-27 13:36:57,224 INFO o.a.j.t.JMeterThread: Thread finished: blazedemo 1-22
2017-06-27 13:36:57,225 INFO o.a.j.t.JMeterThread: Thread finished: blazedemo 1-11
2017-06-27 13:36:57,228 INFO o.a.j.t.JMeterThread: Thread finished: blazedemo 1-1
2017-06-27 13:36:57,252 INFO o.a.j.t.JMeterThread: Thread finished: blazedemo 1-10
2017-06-27 13:36:57,254 INFO o.a.j.t.JMeterThread: Thread finished: blazedemo 1-3
2017-06-27 13:36:57,254 INFO o.a.j.t.JMeterThread: Thread finished: blazedemo 1-16
2017-06-27 13:36:57,289 INFO o.a.j.t.JMeterThread: Thread started: blazedemo 1-37
2017-06-27 13:36:57,289 INFO o.a.j.t.JMeterThread: Thread started: blazedemo 1-29
2017-06-27 13:36:57,289 INFO o.a.j.t.JMeterThread: Thread finished: blazedemo 1-37
2017-06-27 13:36:57,289 INFO o.a.j.t.JMeterThread: Thread finished: blazedemo 1-29
2017-06-27 13:36:57,289 INFO o.a.j.t.JMeterThread: Thread started: blazedemo 1-26
2017-06-27 13:36:57,289 INFO o.a.j.t.JMeterThread: Thread finished: blazedemo 1-26
2017-06-27 13:36:57,289 INFO o.a.j.t.JMeterThread: Thread started: blazedemo 1-28
2017-06-27 13:36:57,289 INFO o.a.j.t.JMeterThread: Thread started: blazedemo 1-24
2017-06-27 13:36:57,289 INFO o.a.j.t.JMeterThread: Thread finished: blazedemo 1-28
2017-06-27 13:36:57,290 INFO o.a.j.t.JMeterThread: Thread finished: blazedemo 1-24
2017-06-27 13:36:57,291 INFO o.a.j.t.JMeterThread: Thread started: blazedemo 1-49
2017-06-27 13:36:57,291 INFO o.a.j.t.JMeterThread: Thread started: blazedemo 1-48
2017-06-27 13:36:57,292 INFO o.a.j.t.JMeterThread: Thread finished: blazedemo 1-49
2017-06-27 13:36:57,292 INFO o.a.j.t.JMeterThread: Thread started: blazedemo 1-36
2017-06-27 13:36:57,292 INFO o.a.j.t.JMeterThread: Thread finished: blazedemo 1-36
2017-06-27 13:36:57,292 INFO o.a.j.t.JMeterThread: Thread started: blazedemo 1-27
2017-06-27 13:36:57,292 INFO o.a.j.t.JMeterThread: Thread finished: blazedemo 1-48
2017-06-27 13:36:57,292 INFO o.a.j.t.JMeterThread: Thread started: blazedemo 1-31
2017-06-27 13:36:57,292 INFO o.a.j.t.JMeterThread: Thread started: blazedemo 1-50
2017-06-27 13:36:57,292 INFO o.a.j.t.JMeterThread: Thread finished: blazedemo 1-50
2017-06-27 13:36:57,292 INFO o.a.j.t.JMeterThread: Thread finished: blazedemo 1-27
2017-06-27 13:36:57,292 INFO o.a.j.t.JMeterThread: Thread finished: blazedemo 1-31
2017-06-27 13:36:57,294 INFO o.a.j.t.JMeterThread: Thread started: blazedemo 1-34
2017-06-27 13:36:57,294 INFO o.a.j.t.JMeterThread: Thread started: blazedemo 1-39
2017-06-27 13:36:57,295 INFO o.a.j.t.JMeterThread: Thread finished: blazedemo 1-34
2017-06-27 13:36:57,295 INFO o.a.j.t.JMeterThread: Thread finished: blazedemo 1-39
2017-06-27 13:36:57,295 INFO o.a.j.t.JMeterThread: Thread started: blazedemo 1-46
2017-06-27 13:36:57,295 INFO o.a.j.t.JMeterThread: Thread started: blazedemo 1-30
2017-06-27 13:36:57,295 INFO o.a.j.t.JMeterThread: Thread finished: blazedemo 1-46
2017-06-27 13:36:57,295 INFO o.a.j.t.JMeterThread: Thread finished: blazedemo 1-30
2017-06-27 13:36:57,296 INFO o.a.j.t.JMeterThread: Thread started: blazedemo 1-23
2017-06-27 13:36:57,296 INFO o.a.j.t.JMeterThread: Thread started: blazedemo 1-25
2017-06-27 13:36:57,296 INFO o.a.j.t.JMeterThread: Thread finished: blazedemo 1-23
2017-06-27 13:36:57,296 INFO o.a.j.t.JMeterThread: Thread finished: blazedemo 1-25
2017-06-27 13:36:57,296 INFO o.a.j.t.JMeterThread: Thread started: blazedemo 1-33
2017-06-27 13:36:57,296 INFO o.a.j.t.JMeterThread: Thread started: blazedemo 1-45
2017-06-27 13:36:57,296 INFO o.a.j.t.JMeterThread: Thread finished: blazedemo 1-33
2017-06-27 13:36:57,296 INFO o.a.j.t.JMeterThread: Thread finished: blazedemo 1-45
2017-06-27 13:36:57,296 INFO o.a.j.t.JMeterThread: Thread started: blazedemo 1-43
2017-06-27 13:36:57,296 INFO o.a.j.t.JMeterThread: Thread started: blazedemo 1-44
2017-06-27 13:36:57,297 INFO o.a.j.t.JMeterThread: Thread finished: blazedemo 1-43
2017-06-27 13:36:57,297 INFO o.a.j.t.JMeterThread: Thread finished: blazedemo 1-44
2017-06-27 13:36:57,297 INFO o.a.j.t.JMeterThread: Thread started: blazedemo 1-42
2017-06-27 13:36:57,297 INFO o.a.j.t.JMeterThread: Thread started: blazedemo 1-38
2017-06-27 13:36:57,297 INFO o.a.j.t.JMeterThread: Thread finished: blazedemo 1-38
2017-06-27 13:36:57,297 INFO o.a.j.t.JMeterThread: Thread started: blazedemo 1-40
2017-06-27 13:36:57,297 INFO o.a.j.t.JMeterThread: Thread finished: blazedemo 1-40
2017-06-27 13:36:57,297 INFO o.a.j.t.JMeterThread: Thread started: blazedemo 1-41
2017-06-27 13:36:57,297 INFO o.a.j.t.JMeterThread: Thread finished: blazedemo 1-41
2017-06-27 13:36:57,298 INFO o.a.j.t.JMeterThread: Thread started: blazedemo 1-32
2017-06-27 13:36:57,298 INFO o.a.j.t.JMeterThread: Thread finished: blazedemo 1-32
2017-06-27 13:36:57,294 INFO o.a.j.t.JMeterThread: Thread started: blazedemo 1-35
2017-06-27 13:36:57,297 INFO o.a.j.t.JMeterThread: Thread finished: blazedemo 1-42
2017-06-27 13:36:57,299 INFO o.a.j.t.JMeterThread: Thread finished: blazedemo 1-35
2017-06-27 13:36:57,298 INFO o.a.j.t.JMeterThread: Thread started: blazedemo 1-47
2017-06-27 13:36:57,299 INFO o.a.j.t.JMeterThread: Thread finished: blazedemo 1-47
2017-06-27 13:36:57,319 INFO o.a.j.t.JMeterThread: Thread finished: blazedemo 1-19
2017-06-27 13:36:57,352 INFO o.a.j.t.JMeterThread: Thread finished: blazedemo 1-4
2017-06-27 13:36:57,352 INFO o.a.j.e.StandardJMeterEngine: Notifying test listeners of end of test
2017-06-27 13:36:57,352 INFO o.a.j.s.FileServer: Close: /Users/daper01/Documents/OSLo/from_scenario/param.csv
2017-06-27 13:36:57,353 INFO o.a.j.e.StandardJMeterEngine: Forced JVM shutdown requested at end of test
