[2017-10-16 13:14:01,907 INFO root] Taurus CLI Tool v1.9.6
[2017-10-16 13:14:01,907 DEBUG root] Command-line options: {'verbose': None, 'no_system_configs': None, 'quiet': None, 'log': '/var/folders/vq/xzrdy2lx047cst78f69v8z3xfzqz1q/T/bzt_KVQ6Gp.log', 'option': None, 'aliases': []}
[2017-10-16 13:14:01,907 DEBUG root] Python: CPython 2.7.13
[2017-10-16 13:14:01,907 DEBUG root] OS: ('Darwin', 'daper01mac1124', '16.7.0', 'Darwin Kernel Version 16.7.0: Thu Jun 15 17:36:27 PDT 2017; root:xnu-3789.70.16~2/RELEASE_X86_64', 'x86_64', 'i386')
[2017-10-16 13:14:01,908 INFO root] Starting with configs: ['gatling_sample.yml']
[2017-10-16 13:14:01,908 DEBUG root] Using personal config: /Users/daper01/.bzt-rc
[2017-10-16 13:14:01,908 INFO Engine] Configuring...
[2017-10-16 13:14:01,908 DEBUG Engine] Reading extension configs from: /usr/local/etc/bzt.d
[2017-10-16 13:14:01,908 DEBUG Engine.Configuration] Configs: ['/usr/local/lib/python2.7/site-packages/bzt/resources/base-config.yml', '/usr/local/etc/bzt.d/99-installID.yml']
[2017-10-16 13:14:01,909 DEBUG Engine.Configuration] Reading /usr/local/lib/python2.7/site-packages/bzt/resources/base-config.yml as YAML
[2017-10-16 13:14:01,936 DEBUG Engine.Configuration] Reading /usr/local/etc/bzt.d/99-installID.yml as YAML
[2017-10-16 13:14:01,936 DEBUG Engine.Configuration] Configs: ['/Users/daper01/.bzt-rc', 'gatling_sample.yml']
[2017-10-16 13:14:01,937 DEBUG Engine.Configuration] Reading /Users/daper01/.bzt-rc as YAML
[2017-10-16 13:14:01,938 DEBUG Engine.Configuration] Reading gatling_sample.yml as YAML
[2017-10-16 13:14:01,940 DEBUG Engine.Configuration] Configs: ['/Users/daper01/.bzt-rc', 'gatling_sample.yml']
[2017-10-16 13:14:01,941 DEBUG Engine.Configuration] Reading /Users/daper01/.bzt-rc as YAML
[2017-10-16 13:14:01,941 DEBUG Engine.Configuration] Reading gatling_sample.yml as YAML
[2017-10-16 13:14:01,954 DEBUG Engine] Requesting updates info: http://gettaurus.org/updates/?version=1.9.6&installID=784f43782a15
[2017-10-16 13:14:01,959 INFO Engine] Artifacts dir: /Users/daper01/Documents/OSLo/Gatling/2017-10-16_13-14-01.959332
[2017-10-16 13:14:01,960 DEBUG Engine] New artifact filename: /Users/daper01/Documents/OSLo/Gatling/2017-10-16_13-14-01.959332/effective
[2017-10-16 13:14:01,962 DEBUG Engine.Configuration] Dumping YAML config into /Users/daper01/Documents/OSLo/Gatling/2017-10-16_13-14-01.959332/effective.yml
[2017-10-16 13:14:02,015 DEBUG Engine.Configuration] Dumping JSON config into /Users/daper01/Documents/OSLo/Gatling/2017-10-16_13-14-01.959332/effective.json
[2017-10-16 13:14:02,047 DEBUG Engine] New artifact filename: /Users/daper01/Documents/OSLo/Gatling/2017-10-16_13-14-01.959332/merged.yml
[2017-10-16 13:14:02,048 DEBUG Engine.Configuration] Dumping YAML config into /Users/daper01/Documents/OSLo/Gatling/2017-10-16_13-14-01.959332/merged.yml
[2017-10-16 13:14:02,081 DEBUG Engine] New artifact filename: /Users/daper01/Documents/OSLo/Gatling/2017-10-16_13-14-01.959332/merged.json
[2017-10-16 13:14:02,081 DEBUG Engine.Configuration] Dumping JSON config into /Users/daper01/Documents/OSLo/Gatling/2017-10-16_13-14-01.959332/merged.json
[2017-10-16 13:14:02,112 DEBUG Engine] Add existing artifact (move=False): gatling_sample.yml
[2017-10-16 13:14:02,113 DEBUG Engine] Copying gatling_sample.yml to /Users/daper01/Documents/OSLo/Gatling/2017-10-16_13-14-01.959332/gatling_sample.yml
[2017-10-16 13:14:02,145 DEBUG root] Closing log handler: /var/folders/vq/xzrdy2lx047cst78f69v8z3xfzqz1q/T/bzt_KVQ6Gp.log
[2017-10-16 13:14:02,208 DEBUG root] Switched writing logs to /Users/daper01/Documents/OSLo/Gatling/2017-10-16_13-14-01.959332/bzt.log
[2017-10-16 13:14:02,208 INFO Engine] Preparing...
[2017-10-16 13:14:02,209 DEBUG Engine] Module config: consolidator defaultdict(None, {'class': 'bzt.modules.aggregator.ConsolidatingAggregator'})
[2017-10-16 13:14:02,209 DEBUG root] Importing module: bzt.modules.aggregator
[2017-10-16 13:14:02,214 DEBUG root] Loading class: 'ConsolidatingAggregator' from <module 'bzt.modules.aggregator' from '/usr/local/lib/python2.7/site-packages/bzt/modules/aggregator.pyc'>
[2017-10-16 13:14:02,215 DEBUG Engine.consolidator] Exception in dehumanize_time(inf)
[2017-10-16 13:14:02,215 DEBUG Engine.consolidator] Buffer scaling setup: percentile 95.0 from [0.0, 50.0, 90.0, 95.0, 99.0, 99.9, 100.0] selected
[2017-10-16 13:14:02,215 DEBUG Engine] Module config: monitoring defaultdict(None, {'class': 'bzt.modules.monitoring.Monitoring'})
[2017-10-16 13:14:02,215 DEBUG root] Importing module: bzt.modules.monitoring
[2017-10-16 13:14:02,254 DEBUG root] Loading class: 'Monitoring' from <module 'bzt.modules.monitoring' from '/usr/local/lib/python2.7/site-packages/bzt/modules/monitoring.pyc'>
[2017-10-16 13:14:02,254 DEBUG Engine] Module config: local defaultdict(None, {'class': 'bzt.modules.provisioning.Local'})
[2017-10-16 13:14:02,254 DEBUG root] Importing module: bzt.modules.provisioning
[2017-10-16 13:14:02,254 DEBUG root] Loading class: 'Local' from <module 'bzt.modules.provisioning' from '/usr/local/lib/python2.7/site-packages/bzt/modules/provisioning.pyc'>
[2017-10-16 13:14:02,254 DEBUG Engine] Module config: gatling defaultdict(None, {'version': '2.2.4', 'class': 'bzt.modules.gatling.GatlingExecutor', 'properties': defaultdict(None, {'gatling.data.file.bufferSize': 256})})
[2017-10-16 13:14:02,254 DEBUG root] Importing module: bzt.modules.gatling
[2017-10-16 13:14:02,256 DEBUG root] Loading class: 'GatlingExecutor' from <module 'bzt.modules.gatling' from '/usr/local/lib/python2.7/site-packages/bzt/modules/gatling.pyc'>
[2017-10-16 13:14:02,256 DEBUG Engine.local] Preparing executor: gatling/4579802576
[2017-10-16 13:14:02,256 DEBUG Engine.gatling.TclLibrary] We don't need to check tcl library on this platform
[2017-10-16 13:14:02,256 DEBUG Engine.gatling.JavaVM] Trying JavaVM: ['java', '-version']
[2017-10-16 13:14:02,384 DEBUG Engine] Taurus updates info: {"latest":"1.9.6","needsUpgrade":false}
[2017-10-16 13:14:02,385 DEBUG Engine] Installation is up-to-date
[2017-10-16 13:14:02,389 DEBUG Engine.gatling.JavaVM] JavaVM output: java version "1.8.0_121"
Java(TM) SE Runtime Environment (build 1.8.0_121-b13)
Java HotSpot(TM) 64-Bit Server VM (build 25.121-b13, mixed mode)

[2017-10-16 13:14:02,389 DEBUG Engine.gatling.Gatling] Trying Gatling: /Users/daper01/.bzt/gatling-taurus/2.2.4/bin/gatling.sh
[2017-10-16 13:14:02,389 DEBUG bzt.utils] Executing shell: ['/Users/daper01/.bzt/gatling-taurus/2.2.4/bin/gatling.sh', '--help']
[2017-10-16 13:14:03,655 DEBUG Engine.gatling.Gatling] Gatling check is successful: ("GATLING_HOME is set to /Users/daper01/.bzt/gatling-taurus/2.2.4\nUsage: compiler [options]\n\n  -h, --help               \n  -sf, --simulations-folder <value>\n                           \n  -bf, --binaries-folder <value>\n                           \n  -ccp, --compilerClasspath <value>\n                           \nUsage: gatling [options]\n\n  -h, --help               Show help (this message) and exit\n  -nr, --no-reports        Runs simulation but does not generate reports\n  -m, --mute               Runs in mute mode: doesn't ask for run description or simulation ID, uses defaults\n  -ro, --reports-only <directoryName>\n                           Generates the reports for the simulation in <directoryName>\n  -df, --data-folder <directoryPath>\n                           Uses <directoryPath> as the absolute path of the directory where feeders are stored\n  -rf, --results-folder <directoryPath>\n                           Uses <directoryPath> as the absolute path of the directory where results are stored\n  -bdf, --bodies-folder <directoryPath>\n                           Uses <directoryPath> as the absolute path of the directory where bodies are stored\n  -sf, --simulations-folder <directoryPath>\n                           Uses <directoryPath> to discover simulations that could be run\n  -bf, --binaries-folder <directoryPath>\n                           Uses <directoryPath> as the absolute path of the directory where Gatling should produce compiled binaries\n  -s, --simulation <className>\n                           Runs <className> simulation\n  -on, --output-name <name>\n                           Use <name> for the base name of the output directory\n  -rd, --run-description <description>\n                           A short <description> of the run to include in the report\n", None)
[2017-10-16 13:14:03,656 DEBUG Engine.gatling] Extract defaultdict(None, {'keepalive': True, 'simulation': 'BlazeDemo', 'script': './BlazeDemo.scala'}) into scenarios
[2017-10-16 13:14:03,656 DEBUG Engine.gatling] JAR files list for Gatling: []
[2017-10-16 13:14:03,656 DEBUG Engine.gatling] Will not build Gatling launcher
[2017-10-16 13:14:03,656 DEBUG Engine] Module config: final-stats defaultdict(None, {'class': 'bzt.modules.reporting.FinalStatus'})
[2017-10-16 13:14:03,656 DEBUG root] Importing module: bzt.modules.reporting
[2017-10-16 13:14:03,780 DEBUG easyprocess] version=0.2.3
[2017-10-16 13:14:03,783 DEBUG pyvirtualdisplay] version=0.2.1
[2017-10-16 13:14:03,785 DEBUG root] Loading class: 'FinalStatus' from <module 'bzt.modules.reporting' from '/usr/local/lib/python2.7/site-packages/bzt/modules/reporting.pyc'>
[2017-10-16 13:14:03,785 DEBUG Engine] Module config: console defaultdict(None, {'class': 'bzt.modules.console.ConsoleStatusReporter'})
[2017-10-16 13:14:03,785 DEBUG root] Importing module: bzt.modules.console
[2017-10-16 13:14:03,785 DEBUG root] Loading class: 'ConsoleStatusReporter' from <module 'bzt.modules.console' from '/usr/local/lib/python2.7/site-packages/bzt/modules/console.pyc'>
[2017-10-16 13:14:03,791 DEBUG Engine.Configuration] Dumping YAML config into /Users/daper01/Documents/OSLo/Gatling/2017-10-16_13-14-01.959332/effective.yml
[2017-10-16 13:14:03,859 DEBUG Engine.Configuration] Dumping JSON config into /Users/daper01/Documents/OSLo/Gatling/2017-10-16_13-14-01.959332/effective.json
[2017-10-16 13:14:03,896 INFO Engine] Starting...
[2017-10-16 13:14:03,896 DEBUG Engine] Startup <bzt.modules.monitoring.Monitoring object at 0x110e72050>
[2017-10-16 13:14:03,897 DEBUG Engine] Startup <bzt.modules.aggregator.ConsolidatingAggregator object at 0x110e55050>
[2017-10-16 13:14:03,897 DEBUG Engine] Startup <bzt.modules.reporting.FinalStatus object at 0x111a21a10>
[2017-10-16 13:14:03,897 DEBUG Engine] Startup <bzt.modules.console.ConsoleStatusReporter object at 0x111a34610>
[2017-10-16 13:14:03,897 INFO Engine.console] Waiting for results...
[2017-10-16 13:14:03,897 DEBUG Engine] Startup <bzt.modules.provisioning.Local object at 0x110e55650>
[2017-10-16 13:14:03,897 DEBUG Engine.local] Delay setup for gatling/BlazeDemo.scala: 0(start-at) + 0(delay) = 0
[2017-10-16 13:14:03,898 DEBUG Engine.Configuration] Dumping YAML config into /Users/daper01/Documents/OSLo/Gatling/2017-10-16_13-14-01.959332/effective.yml
[2017-10-16 13:14:03,949 DEBUG Engine.Configuration] Dumping JSON config into /Users/daper01/Documents/OSLo/Gatling/2017-10-16_13-14-01.959332/effective.json
[2017-10-16 13:14:03,981 DEBUG root] Leveling down log file verbosity, use -v option to have DEBUG messages enabled
[2017-10-16 13:14:04,263 INFO Engine.console] Waiting for finish...
[2017-10-16 13:15:06,535 WARNING Engine] Please wait for graceful shutdown...
[2017-10-16 13:15:06,542 DEBUG root] Leveled up log file verbosity
[2017-10-16 13:15:06,542 INFO Engine] Shutting down...
[2017-10-16 13:15:06,550 DEBUG Engine.local] Shutdown gatling/BlazeDemo.scala
[2017-10-16 13:15:07,553 INFO Engine.gatling] Terminating process PID 16496 with signal 15 (59 tries left)
[2017-10-16 13:15:08,571 INFO Engine.gatling] Terminating process PID 16496 with signal 15 (58 tries left)
[2017-10-16 13:15:08,586 DEBUG Engine.gatling] Failed to terminate process: [Errno 1] Operation not permitted
[2017-10-16 13:15:08,586 DEBUG Engine.gatling] Gatling worked for 64.6051659584 seconds
[2017-10-16 13:15:08,586 DEBUG Engine.console] Restoring logging streams, [<logging.StreamHandler object at 0x11039d690>]/{<logging.StreamHandler object at 0x11039d690>: <open file '<stdout>', mode 'w' at 0x10f80d150>}
[2017-10-16 13:15:08,588 DEBUG Engine.Configuration] Dumping YAML config into /Users/daper01/Documents/OSLo/Gatling/2017-10-16_13-14-01.959332/effective.yml
[2017-10-16 13:15:08,652 DEBUG Engine.Configuration] Dumping JSON config into /Users/daper01/Documents/OSLo/Gatling/2017-10-16_13-14-01.959332/effective.json
[2017-10-16 13:15:08,686 WARNING root] Keyboard interrupt
[2017-10-16 13:15:08,687 DEBUG root] KeyboardInterrupt: 
Traceback (most recent call last):
  File "/usr/local/lib/python2.7/site-packages/bzt/cli.py", line 221, in perform
    self.engine.run()
  File "/usr/local/lib/python2.7/site-packages/bzt/engine.py", line 202, in run
    reraise(exc_info)
  File "/usr/local/lib/python2.7/site-packages/bzt/engine.py", line 184, in run
    self._wait()
  File "/usr/local/lib/python2.7/site-packages/bzt/engine.py", line 227, in _wait
    time.sleep(delay)
KeyboardInterrupt
[2017-10-16 13:15:08,688 INFO Engine] Post-processing...
[2017-10-16 13:15:08,688 DEBUG Engine.local] Post-process gatling/BlazeDemo.scala
[2017-10-16 13:15:08,688 DEBUG Engine] Add existing artifact (move=False): /Users/daper01/Documents/OSLo/Gatling/2017-10-16_13-14-01.959332/gatling-4579802576-1508174046607/simulation.log
[2017-10-16 13:15:08,688 DEBUG Engine] Copying /Users/daper01/Documents/OSLo/Gatling/2017-10-16_13-14-01.959332/gatling-4579802576-1508174046607/simulation.log to /Users/daper01/Documents/OSLo/Gatling/2017-10-16_13-14-01.959332/simulation.log
[2017-10-16 13:15:08,720 DEBUG Engine.gatling.DataLogReader] Reading gatling results
[2017-10-16 13:15:08,720 DEBUG Engine.gatling.DataLogReader] Buffer len: 3
[2017-10-16 13:15:08,720 DEBUG Engine.gatling.DataLogReader] Aggregating: 1508174104
[2017-10-16 13:15:08,721 DEBUG Engine.gatling.DataLogReader] Aggregating: 1508174105
[2017-10-16 13:15:08,722 DEBUG Engine.gatling.DataLogReader] Aggregating: 1508174107
[2017-10-16 13:15:08,723 DEBUG Engine.consolidator] Consolidator buffer[5]: [1508174102, 1508174103, 1508174104, 1508174105, 1508174107]
[2017-10-16 13:15:08,723 DEBUG Engine.consolidator] Merging into 1508174102
[2017-10-16 13:15:08,723 DEBUG Engine.consolidator] Merging 1508174102
[2017-10-16 13:15:08,726 DEBUG Engine.consolidator] Processed datapoint: 1508174102/None
[2017-10-16 13:15:08,726 DEBUG Engine.consolidator] Merging into 1508174103
[2017-10-16 13:15:08,726 DEBUG Engine.consolidator] Merging 1508174103
[2017-10-16 13:15:08,729 DEBUG Engine.consolidator] Processed datapoint: 1508174103/None
[2017-10-16 13:15:08,729 DEBUG Engine.consolidator] Merging into 1508174104
[2017-10-16 13:15:08,729 DEBUG Engine.consolidator] Merging 1508174104
[2017-10-16 13:15:08,733 DEBUG Engine.consolidator] Processed datapoint: 1508174104/None
[2017-10-16 13:15:08,733 DEBUG Engine.consolidator] Merging into 1508174105
[2017-10-16 13:15:08,733 DEBUG Engine.consolidator] Merging 1508174105
[2017-10-16 13:15:08,736 DEBUG Engine.consolidator] Processed datapoint: 1508174105/None
[2017-10-16 13:15:08,736 DEBUG Engine.consolidator] Merging into 1508174107
[2017-10-16 13:15:08,736 DEBUG Engine.consolidator] Merging 1508174107
[2017-10-16 13:15:08,741 DEBUG Engine.consolidator] Processed datapoint: 1508174107/None
[2017-10-16 13:15:08,741 INFO Engine.final-stats] Test duration: 0:01:05
[2017-10-16 13:15:08,742 INFO Engine.final-stats] Samples count: 100, 0.00% failures
[2017-10-16 13:15:08,742 INFO Engine.final-stats] Average times: total 0.362, latency 0.000, connect 0.000
[2017-10-16 13:15:08,742 INFO Engine.final-stats] Percentile 0.0%: 0.223
[2017-10-16 13:15:08,743 INFO Engine.final-stats] Percentile 50.0%: 0.348
[2017-10-16 13:15:08,743 INFO Engine.final-stats] Percentile 90.0%: 0.693
[2017-10-16 13:15:08,743 INFO Engine.final-stats] Percentile 95.0%: 0.803
[2017-10-16 13:15:08,743 INFO Engine.final-stats] Percentile 99.0%: 0.883
[2017-10-16 13:15:08,743 INFO Engine.final-stats] Percentile 99.9%: 0.883
[2017-10-16 13:15:08,743 INFO Engine.final-stats] Percentile 100.0%: 0.883
[2017-10-16 13:15:08,743 DEBUG Engine.console] No logger_handler or orig_stream was detected
[2017-10-16 13:15:08,746 DEBUG Engine.Configuration] Dumping YAML config into /Users/daper01/Documents/OSLo/Gatling/2017-10-16_13-14-01.959332/effective.yml
[2017-10-16 13:15:08,809 DEBUG Engine.Configuration] Dumping JSON config into /Users/daper01/Documents/OSLo/Gatling/2017-10-16_13-14-01.959332/effective.json
[2017-10-16 13:15:08,842 INFO root] Artifacts dir: /Users/daper01/Documents/OSLo/Gatling/2017-10-16_13-14-01.959332
[2017-10-16 13:15:08,842 WARNING root] Done performing with code: 1
[2017-10-16 13:15:08,842 DEBUG root] Closing log handler: /Users/daper01/Documents/OSLo/Gatling/2017-10-16_13-14-01.959332/bzt.log
