GATLING_HOME is set to /Users/daper01/.bzt/gatling-taurus/2.2.4
13:14:06.036 [ERROR] i.g.c.c.GatlingConfiguration$ - Your gatling.conf file is outdated, some properties have been renamed or removed.
Please update (check gatling.conf in Gatling bundle, or gatling-defaults.conf in gatling-core jar).
Enabled obsolete properties:
'gatling.http.ahc.allowPoolingSslConnections' was removed, dropped.
'gatling.http.ahc.allowPoolingConnections' was renamed into gatling.http.ahc.keepAlive.
Simulation BlazeDemo started...

================================================================================
2017-10-16 13:14:11                                           5s elapsed
---- Requests ------------------------------------------------------------------
> Global                                                   (OK=7      KO=0     )
> request_0                                                (OK=7      KO=0     )

---- BlazeDemo -----------------------------------------------------------------
[-                                                                         ]  0%
          waiting: 6092   / active: 1      / done:7     
================================================================================


================================================================================
2017-10-16 13:14:16                                          10s elapsed
---- Requests ------------------------------------------------------------------
> Global                                                   (OK=15     KO=0     )
> request_0                                                (OK=15     KO=0     )

---- BlazeDemo -----------------------------------------------------------------
[-                                                                         ]  0%
          waiting: 6084   / active: 1      / done:15    
================================================================================


================================================================================
2017-10-16 13:14:21                                          15s elapsed
---- Requests ------------------------------------------------------------------
> Global                                                   (OK=23     KO=0     )
> request_0                                                (OK=23     KO=0     )

---- BlazeDemo -----------------------------------------------------------------
[-                                                                         ]  0%
          waiting: 6075   / active: 2      / done:23    
================================================================================


================================================================================
2017-10-16 13:14:26                                          20s elapsed
---- Requests ------------------------------------------------------------------
> Global                                                   (OK=32     KO=0     )
> request_0                                                (OK=32     KO=0     )

---- BlazeDemo -----------------------------------------------------------------
[-                                                                         ]  0%
          waiting: 6067   / active: 1      / done:32    
================================================================================


================================================================================
2017-10-16 13:14:31                                          25s elapsed
---- Requests ------------------------------------------------------------------
> Global                                                   (OK=40     KO=0     )
> request_0                                                (OK=40     KO=0     )

---- BlazeDemo -----------------------------------------------------------------
[-                                                                         ]  0%
          waiting: 6059   / active: 1      / done:40    
================================================================================


================================================================================
2017-10-16 13:14:36                                          30s elapsed
---- Requests ------------------------------------------------------------------
> Global                                                   (OK=49     KO=0     )
> request_0                                                (OK=49     KO=0     )

---- BlazeDemo -----------------------------------------------------------------
[-                                                                         ]  0%
          waiting: 6050   / active: 1      / done:49    
================================================================================


================================================================================
2017-10-16 13:14:41                                          35s elapsed
---- Requests ------------------------------------------------------------------
> Global                                                   (OK=57     KO=0     )
> request_0                                                (OK=57     KO=0     )

---- BlazeDemo -----------------------------------------------------------------
[-                                                                         ]  0%
          waiting: 6042   / active: 1      / done:57    
================================================================================


================================================================================
2017-10-16 13:14:46                                          40s elapsed
---- Requests ------------------------------------------------------------------
> Global                                                   (OK=65     KO=0     )
> request_0                                                (OK=65     KO=0     )

---- BlazeDemo -----------------------------------------------------------------
[-                                                                         ]  1%
          waiting: 6034   / active: 1      / done:65    
================================================================================


================================================================================
2017-10-16 13:14:51                                          45s elapsed
---- Requests ------------------------------------------------------------------
> Global                                                   (OK=74     KO=0     )
> request_0                                                (OK=74     KO=0     )

---- BlazeDemo -----------------------------------------------------------------
[-                                                                         ]  1%
          waiting: 6025   / active: 1      / done:74    
================================================================================


================================================================================
2017-10-16 13:14:56                                          50s elapsed
---- Requests ------------------------------------------------------------------
> Global                                                   (OK=82     KO=0     )
> request_0                                                (OK=82     KO=0     )

---- BlazeDemo -----------------------------------------------------------------
[-                                                                         ]  1%
          waiting: 6017   / active: 1      / done:82    
================================================================================


================================================================================
2017-10-16 13:15:01                                          55s elapsed
---- Requests ------------------------------------------------------------------
> Global                                                   (OK=90     KO=0     )
> request_0                                                (OK=90     KO=0     )

---- BlazeDemo -----------------------------------------------------------------
[#-                                                                        ]  1%
          waiting: 6009   / active: 1      / done:90    
================================================================================


================================================================================
2017-10-16 13:15:06                                          60s elapsed
---- Requests ------------------------------------------------------------------
> Global                                                   (OK=98     KO=0     )
> request_0                                                (OK=98     KO=0     )

---- BlazeDemo -----------------------------------------------------------------
[#-                                                                        ]  1%
          waiting: 6001   / active: 1      / done:98    
================================================================================

