[2017-10-16 13:21:00,788 INFO root] Taurus CLI Tool v1.9.6
[2017-10-16 13:21:00,788 DEBUG root] Command-line options: {'verbose': None, 'no_system_configs': None, 'quiet': None, 'log': '/var/folders/vq/xzrdy2lx047cst78f69v8z3xfzqz1q/T/bzt_FLTEGL.log', 'option': None, 'aliases': ['cloud']}
[2017-10-16 13:21:00,788 DEBUG root] Python: CPython 2.7.13
[2017-10-16 13:21:00,788 DEBUG root] OS: ('Darwin', 'daper01mac1124', '16.7.0', 'Darwin Kernel Version 16.7.0: Thu Jun 15 17:36:27 PDT 2017; root:xnu-3789.70.16~2/RELEASE_X86_64', 'x86_64', 'i386')
[2017-10-16 13:21:00,788 INFO root] Starting with configs: ['gatling_sample.yml']
[2017-10-16 13:21:00,788 DEBUG root] Using personal config: /Users/daper01/.bzt-rc
[2017-10-16 13:21:00,788 INFO Engine] Configuring...
[2017-10-16 13:21:00,788 DEBUG Engine] Reading extension configs from: /usr/local/etc/bzt.d
[2017-10-16 13:21:00,789 DEBUG Engine.Configuration] Configs: ['/usr/local/lib/python2.7/site-packages/bzt/resources/base-config.yml', '/usr/local/etc/bzt.d/99-installID.yml']
[2017-10-16 13:21:00,789 DEBUG Engine.Configuration] Reading /usr/local/lib/python2.7/site-packages/bzt/resources/base-config.yml as YAML
[2017-10-16 13:21:00,818 DEBUG Engine.Configuration] Reading /usr/local/etc/bzt.d/99-installID.yml as YAML
[2017-10-16 13:21:00,818 DEBUG Engine.Configuration] Configs: ['/Users/daper01/.bzt-rc', 'gatling_sample.yml']
[2017-10-16 13:21:00,819 DEBUG Engine.Configuration] Reading /Users/daper01/.bzt-rc as YAML
[2017-10-16 13:21:00,821 DEBUG Engine.Configuration] Reading gatling_sample.yml as YAML
[2017-10-16 13:21:00,823 DEBUG Engine.Configuration] Configs: ['/Users/daper01/.bzt-rc', 'gatling_sample.yml']
[2017-10-16 13:21:00,824 DEBUG Engine.Configuration] Reading /Users/daper01/.bzt-rc as YAML
[2017-10-16 13:21:00,825 DEBUG Engine.Configuration] Reading gatling_sample.yml as YAML
[2017-10-16 13:21:00,862 DEBUG Engine] Requesting updates info: http://gettaurus.org/updates/?version=1.9.6&installID=784f43782a15
[2017-10-16 13:21:00,872 INFO Engine] Artifacts dir: /Users/daper01/Documents/OSLo/Gatling/2017-10-16_13-21-00.862327
[2017-10-16 13:21:00,873 DEBUG Engine] New artifact filename: /Users/daper01/Documents/OSLo/Gatling/2017-10-16_13-21-00.862327/effective
[2017-10-16 13:21:00,877 DEBUG Engine.Configuration] Dumping YAML config into /Users/daper01/Documents/OSLo/Gatling/2017-10-16_13-21-00.862327/effective.yml
[2017-10-16 13:21:00,981 DEBUG Engine.Configuration] Dumping JSON config into /Users/daper01/Documents/OSLo/Gatling/2017-10-16_13-21-00.862327/effective.json
[2017-10-16 13:21:01,039 DEBUG Engine] New artifact filename: /Users/daper01/Documents/OSLo/Gatling/2017-10-16_13-21-00.862327/merged.yml
[2017-10-16 13:21:01,040 DEBUG Engine.Configuration] Dumping YAML config into /Users/daper01/Documents/OSLo/Gatling/2017-10-16_13-21-00.862327/merged.yml
[2017-10-16 13:21:01,077 DEBUG Engine] New artifact filename: /Users/daper01/Documents/OSLo/Gatling/2017-10-16_13-21-00.862327/merged.json
[2017-10-16 13:21:01,077 DEBUG Engine.Configuration] Dumping JSON config into /Users/daper01/Documents/OSLo/Gatling/2017-10-16_13-21-00.862327/merged.json
[2017-10-16 13:21:01,111 DEBUG Engine] Add existing artifact (move=False): gatling_sample.yml
[2017-10-16 13:21:01,111 DEBUG Engine] Copying gatling_sample.yml to /Users/daper01/Documents/OSLo/Gatling/2017-10-16_13-21-00.862327/gatling_sample.yml
[2017-10-16 13:21:01,146 DEBUG root] Closing log handler: /var/folders/vq/xzrdy2lx047cst78f69v8z3xfzqz1q/T/bzt_FLTEGL.log
[2017-10-16 13:21:01,222 DEBUG root] Switched writing logs to /Users/daper01/Documents/OSLo/Gatling/2017-10-16_13-21-00.862327/bzt.log
[2017-10-16 13:21:01,222 INFO Engine] Preparing...
[2017-10-16 13:21:01,223 DEBUG Engine] Module config: consolidator defaultdict(None, {'class': 'bzt.modules.aggregator.ConsolidatingAggregator'})
[2017-10-16 13:21:01,223 DEBUG root] Importing module: bzt.modules.aggregator
[2017-10-16 13:21:01,228 DEBUG root] Loading class: 'ConsolidatingAggregator' from <module 'bzt.modules.aggregator' from '/usr/local/lib/python2.7/site-packages/bzt/modules/aggregator.pyc'>
[2017-10-16 13:21:01,228 DEBUG Engine.consolidator] Exception in dehumanize_time(inf)
[2017-10-16 13:21:01,228 DEBUG Engine.consolidator] Buffer scaling setup: percentile 95.0 from [0.0, 50.0, 90.0, 95.0, 99.0, 99.9, 100.0] selected
[2017-10-16 13:21:01,228 DEBUG Engine] Module config: monitoring defaultdict(None, {'class': 'bzt.modules.monitoring.Monitoring'})
[2017-10-16 13:21:01,228 DEBUG root] Importing module: bzt.modules.monitoring
[2017-10-16 13:21:01,259 DEBUG root] Loading class: 'Monitoring' from <module 'bzt.modules.monitoring' from '/usr/local/lib/python2.7/site-packages/bzt/modules/monitoring.pyc'>
[2017-10-16 13:21:01,259 DEBUG Engine.monitoring] Should not run because of non-matching prov: cloud != local
[2017-10-16 13:21:01,259 DEBUG Engine] Module config: cloud defaultdict(None, {'test': 'gatling test', 'report-name': 'gatling test', 'class': 'bzt.modules.blazemeter.CloudProvisioning', 'default-location': 'us-central1-a'})
[2017-10-16 13:21:01,259 DEBUG root] Importing module: bzt.modules.blazemeter
[2017-10-16 13:21:01,353 DEBUG Engine] Taurus updates info: {"latest":"1.9.6","needsUpgrade":false}
[2017-10-16 13:21:01,353 DEBUG Engine] Installation is up-to-date
[2017-10-16 13:21:01,393 DEBUG easyprocess] version=0.2.3
[2017-10-16 13:21:01,396 DEBUG pyvirtualdisplay] version=0.2.1
[2017-10-16 13:21:01,398 DEBUG root] Loading class: 'CloudProvisioning' from <module 'bzt.modules.blazemeter' from '/usr/local/lib/python2.7/site-packages/bzt/modules/blazemeter.pyc'>
[2017-10-16 13:21:01,398 DEBUG Engine] Module config: blazemeter defaultdict(None, {'token': '********', 'class': 'bzt.modules.blazemeter.BlazeMeterUploader'})
[2017-10-16 13:21:01,398 DEBUG root] Importing module: bzt.modules.blazemeter
[2017-10-16 13:21:01,398 DEBUG root] Loading class: 'BlazeMeterUploader' from <module 'bzt.modules.blazemeter' from '/usr/local/lib/python2.7/site-packages/bzt/modules/blazemeter.pyc'>
[2017-10-16 13:21:01,398 DEBUG Engine.cloud] Request: GET https://a.blazemeter.com/api/v4/accounts None
[2017-10-16 13:21:01,445 DEBUG urllib3.connectionpool] Starting new HTTPS connection (1): a.blazemeter.com
[2017-10-16 13:21:01,760 DEBUG urllib3.connectionpool] https://a.blazemeter.com:443 "GET /api/v4/accounts HTTP/1.1" 200 2726
[2017-10-16 13:21:01,768 DEBUG Engine.cloud] Response [200]: {
    "limit": 10,
    "skip": 0,
    "total": 3,
    "hidden": 0,
    "api_version": 4,
    "error": null,
    "result": [
        {
            "id": 153221,
            "name": "BlazeMeter Demo",
            "thumbnailUrl": "https://www.blazemeter.com/s
[2017-10-16 13:21:01,769 DEBUG Engine.cloud] Request: GET https://a.blazemeter.com/api/v4/workspaces?accountId=153221&enabled=true&limit=100 None
[2017-10-16 13:21:01,773 DEBUG urllib3.connectionpool] Starting new HTTPS connection (1): a.blazemeter.com
[2017-10-16 13:21:03,117 DEBUG urllib3.connectionpool] https://a.blazemeter.com:443 "GET /api/v4/workspaces?accountId=153221&enabled=true&limit=100 HTTP/1.1" 200 814
[2017-10-16 13:21:03,123 DEBUG Engine.cloud] Response [200]: {
    "limit": 100,
    "skip": 0,
    "total": 1,
    "hidden": 0,
    "api_version": 4,
    "error": null,
    "result": [
        {
            "id": 146738,
            "name": "Demo workspace",
            "userId": 368191,
            "created": 1498
[2017-10-16 13:21:03,124 DEBUG Engine.cloud] Request: GET https://a.blazemeter.com/api/v4/workspaces?accountId=125626&enabled=true&limit=100 None
[2017-10-16 13:21:03,126 DEBUG urllib3.connectionpool] Starting new HTTPS connection (1): a.blazemeter.com
[2017-10-16 13:21:03,615 DEBUG urllib3.connectionpool] https://a.blazemeter.com:443 "GET /api/v4/workspaces?accountId=125626&enabled=true&limit=100 HTTP/1.1" 200 4881
[2017-10-16 13:21:03,621 DEBUG Engine.cloud] Response [200]: {
    "limit": 100,
    "skip": 0,
    "total": 7,
    "hidden": 0,
    "api_version": 4,
    "error": null,
    "result": [
        {
            "id": 119008,
            "name": "Default workspace",
            "userId": 339612,
            "created": 1
[2017-10-16 13:21:03,622 DEBUG Engine.cloud] Request: GET https://a.blazemeter.com/api/v4/workspaces?accountId=21166&enabled=true&limit=100 None
[2017-10-16 13:21:03,624 DEBUG urllib3.connectionpool] Starting new HTTPS connection (1): a.blazemeter.com
[2017-10-16 13:21:03,844 DEBUG urllib3.connectionpool] https://a.blazemeter.com:443 "GET /api/v4/workspaces?accountId=21166&enabled=true&limit=100 HTTP/1.1" 200 1480
[2017-10-16 13:21:03,848 DEBUG Engine.cloud] Response [200]: {
    "limit": 100,
    "skip": 0,
    "total": 2,
    "hidden": 0,
    "api_version": 4,
    "error": null,
    "result": [
        {
            "id": 7199,
            "name": "CA SE Workspace",
            "userId": 307773,
            "created": 14775
[2017-10-16 13:21:03,849 DEBUG Engine] Module config: gatling defaultdict(None, {'version': '2.2.4', 'class': 'bzt.modules.gatling.GatlingExecutor', 'properties': defaultdict(None, {'gatling.data.file.bufferSize': 256})})
[2017-10-16 13:21:03,849 DEBUG root] Importing module: bzt.modules.gatling
[2017-10-16 13:21:03,852 DEBUG root] Loading class: 'GatlingExecutor' from <module 'bzt.modules.gatling' from '/usr/local/lib/python2.7/site-packages/bzt/modules/gatling.pyc'>
[2017-10-16 13:21:03,852 DEBUG Engine.cloud] Request: GET https://a.blazemeter.com/api/v4/multi-tests?workspaceId=146738&name=gatling+test None
[2017-10-16 13:21:03,855 DEBUG urllib3.connectionpool] Starting new HTTPS connection (1): a.blazemeter.com
[2017-10-16 13:21:04,125 DEBUG urllib3.connectionpool] https://a.blazemeter.com:443 "GET /api/v4/multi-tests?workspaceId=146738&name=gatling+test HTTP/1.1" 200 126
[2017-10-16 13:21:04,132 DEBUG Engine.cloud] Response [200]: {
    "limit": 10,
    "skip": 0,
    "total": 0,
    "hidden": 0,
    "api_version": 4,
    "error": null,
    "result": []
}
[2017-10-16 13:21:04,133 DEBUG Engine.cloud] Request: GET https://a.blazemeter.com/api/v4/multi-tests?workspaceId=119008&name=gatling+test None
[2017-10-16 13:21:04,138 DEBUG urllib3.connectionpool] Starting new HTTPS connection (1): a.blazemeter.com
[2017-10-16 13:21:04,365 DEBUG urllib3.connectionpool] https://a.blazemeter.com:443 "GET /api/v4/multi-tests?workspaceId=119008&name=gatling+test HTTP/1.1" 200 126
[2017-10-16 13:21:04,369 DEBUG Engine.cloud] Response [200]: {
    "limit": 10,
    "skip": 0,
    "total": 0,
    "hidden": 0,
    "api_version": 4,
    "error": null,
    "result": []
}
[2017-10-16 13:21:04,369 DEBUG Engine.cloud] Request: GET https://a.blazemeter.com/api/v4/multi-tests?workspaceId=127980&name=gatling+test None
[2017-10-16 13:21:04,371 DEBUG urllib3.connectionpool] Starting new HTTPS connection (1): a.blazemeter.com
[2017-10-16 13:21:04,640 DEBUG urllib3.connectionpool] https://a.blazemeter.com:443 "GET /api/v4/multi-tests?workspaceId=127980&name=gatling+test HTTP/1.1" 200 126
[2017-10-16 13:21:04,643 DEBUG Engine.cloud] Response [200]: {
    "limit": 10,
    "skip": 0,
    "total": 0,
    "hidden": 0,
    "api_version": 4,
    "error": null,
    "result": []
}
[2017-10-16 13:21:04,643 DEBUG Engine.cloud] Request: GET https://a.blazemeter.com/api/v4/multi-tests?workspaceId=127984&name=gatling+test None
[2017-10-16 13:21:04,645 DEBUG urllib3.connectionpool] Starting new HTTPS connection (1): a.blazemeter.com
[2017-10-16 13:21:04,899 DEBUG urllib3.connectionpool] https://a.blazemeter.com:443 "GET /api/v4/multi-tests?workspaceId=127984&name=gatling+test HTTP/1.1" 200 126
[2017-10-16 13:21:04,904 DEBUG Engine.cloud] Response [200]: {
    "limit": 10,
    "skip": 0,
    "total": 0,
    "hidden": 0,
    "api_version": 4,
    "error": null,
    "result": []
}
[2017-10-16 13:21:04,904 DEBUG Engine.cloud] Request: GET https://a.blazemeter.com/api/v4/multi-tests?workspaceId=132723&name=gatling+test None
[2017-10-16 13:21:04,907 DEBUG urllib3.connectionpool] Starting new HTTPS connection (1): a.blazemeter.com
[2017-10-16 13:21:05,181 DEBUG urllib3.connectionpool] https://a.blazemeter.com:443 "GET /api/v4/multi-tests?workspaceId=132723&name=gatling+test HTTP/1.1" 200 126
[2017-10-16 13:21:05,186 DEBUG Engine.cloud] Response [200]: {
    "limit": 10,
    "skip": 0,
    "total": 0,
    "hidden": 0,
    "api_version": 4,
    "error": null,
    "result": []
}
[2017-10-16 13:21:05,186 DEBUG Engine.cloud] Request: GET https://a.blazemeter.com/api/v4/multi-tests?workspaceId=153836&name=gatling+test None
[2017-10-16 13:21:05,188 DEBUG urllib3.connectionpool] Starting new HTTPS connection (1): a.blazemeter.com
[2017-10-16 13:21:05,446 DEBUG urllib3.connectionpool] https://a.blazemeter.com:443 "GET /api/v4/multi-tests?workspaceId=153836&name=gatling+test HTTP/1.1" 200 126
[2017-10-16 13:21:05,450 DEBUG Engine.cloud] Response [200]: {
    "limit": 10,
    "skip": 0,
    "total": 0,
    "hidden": 0,
    "api_version": 4,
    "error": null,
    "result": []
}
[2017-10-16 13:21:05,450 DEBUG Engine.cloud] Request: GET https://a.blazemeter.com/api/v4/multi-tests?workspaceId=163251&name=gatling+test None
[2017-10-16 13:21:05,453 DEBUG urllib3.connectionpool] Starting new HTTPS connection (1): a.blazemeter.com
[2017-10-16 13:21:05,695 DEBUG urllib3.connectionpool] https://a.blazemeter.com:443 "GET /api/v4/multi-tests?workspaceId=163251&name=gatling+test HTTP/1.1" 200 126
[2017-10-16 13:21:05,701 DEBUG Engine.cloud] Response [200]: {
    "limit": 10,
    "skip": 0,
    "total": 0,
    "hidden": 0,
    "api_version": 4,
    "error": null,
    "result": []
}
[2017-10-16 13:21:05,702 DEBUG Engine.cloud] Request: GET https://a.blazemeter.com/api/v4/multi-tests?workspaceId=135886&name=gatling+test None
[2017-10-16 13:21:05,705 DEBUG urllib3.connectionpool] Starting new HTTPS connection (1): a.blazemeter.com
[2017-10-16 13:21:05,929 DEBUG urllib3.connectionpool] https://a.blazemeter.com:443 "GET /api/v4/multi-tests?workspaceId=135886&name=gatling+test HTTP/1.1" 200 126
[2017-10-16 13:21:05,933 DEBUG Engine.cloud] Response [200]: {
    "limit": 10,
    "skip": 0,
    "total": 0,
    "hidden": 0,
    "api_version": 4,
    "error": null,
    "result": []
}
[2017-10-16 13:21:05,934 DEBUG Engine.cloud] Request: GET https://a.blazemeter.com/api/v4/multi-tests?workspaceId=7199&name=gatling+test None
[2017-10-16 13:21:05,936 DEBUG urllib3.connectionpool] Starting new HTTPS connection (1): a.blazemeter.com
[2017-10-16 13:21:06,157 DEBUG urllib3.connectionpool] https://a.blazemeter.com:443 "GET /api/v4/multi-tests?workspaceId=7199&name=gatling+test HTTP/1.1" 200 126
[2017-10-16 13:21:06,160 DEBUG Engine.cloud] Response [200]: {
    "limit": 10,
    "skip": 0,
    "total": 0,
    "hidden": 0,
    "api_version": 4,
    "error": null,
    "result": []
}
[2017-10-16 13:21:06,160 DEBUG Engine.cloud] Request: GET https://a.blazemeter.com/api/v4/multi-tests?workspaceId=133217&name=gatling+test None
[2017-10-16 13:21:06,163 DEBUG urllib3.connectionpool] Starting new HTTPS connection (1): a.blazemeter.com
[2017-10-16 13:21:06,414 DEBUG urllib3.connectionpool] https://a.blazemeter.com:443 "GET /api/v4/multi-tests?workspaceId=133217&name=gatling+test HTTP/1.1" 200 126
[2017-10-16 13:21:06,420 DEBUG Engine.cloud] Response [200]: {
    "limit": 10,
    "skip": 0,
    "total": 0,
    "hidden": 0,
    "api_version": 4,
    "error": null,
    "result": []
}
[2017-10-16 13:21:06,420 DEBUG Engine.cloud.ProjectFinder] Looked for collection: None
[2017-10-16 13:21:06,421 DEBUG Engine.cloud] Request: GET https://a.blazemeter.com/api/v4/tests?workspaceId=146738&name=gatling+test None
[2017-10-16 13:21:06,423 DEBUG urllib3.connectionpool] Starting new HTTPS connection (1): a.blazemeter.com
[2017-10-16 13:21:06,660 DEBUG urllib3.connectionpool] https://a.blazemeter.com:443 "GET /api/v4/tests?workspaceId=146738&name=gatling+test HTTP/1.1" 200 126
[2017-10-16 13:21:06,664 DEBUG Engine.cloud] Response [200]: {
    "limit": 10,
    "skip": 0,
    "total": 0,
    "hidden": 0,
    "api_version": 4,
    "error": null,
    "result": []
}
[2017-10-16 13:21:06,664 DEBUG Engine.cloud] Request: GET https://a.blazemeter.com/api/v4/tests?workspaceId=119008&name=gatling+test None
[2017-10-16 13:21:06,666 DEBUG urllib3.connectionpool] Starting new HTTPS connection (1): a.blazemeter.com
[2017-10-16 13:21:07,112 DEBUG urllib3.connectionpool] https://a.blazemeter.com:443 "GET /api/v4/tests?workspaceId=119008&name=gatling+test HTTP/1.1" 200 735
[2017-10-16 13:21:07,119 DEBUG Engine.cloud] Response [200]: {
    "limit": 10,
    "skip": 0,
    "total": 1,
    "hidden": 0,
    "api_version": 4,
    "error": null,
    "result": [
        {
            "id": 5777955,
            "name": "gatling test",
            "userId": 339612,
            "created": 150817
[2017-10-16 13:21:07,120 DEBUG Engine.cloud] Request: GET https://a.blazemeter.com/api/v4/tests?workspaceId=127980&name=gatling+test None
[2017-10-16 13:21:07,124 DEBUG urllib3.connectionpool] Starting new HTTPS connection (1): a.blazemeter.com
[2017-10-16 13:21:07,357 DEBUG urllib3.connectionpool] https://a.blazemeter.com:443 "GET /api/v4/tests?workspaceId=127980&name=gatling+test HTTP/1.1" 200 126
[2017-10-16 13:21:07,362 DEBUG Engine.cloud] Response [200]: {
    "limit": 10,
    "skip": 0,
    "total": 0,
    "hidden": 0,
    "api_version": 4,
    "error": null,
    "result": []
}
[2017-10-16 13:21:07,363 DEBUG Engine.cloud] Request: GET https://a.blazemeter.com/api/v4/tests?workspaceId=127984&name=gatling+test None
[2017-10-16 13:21:07,365 DEBUG urllib3.connectionpool] Starting new HTTPS connection (1): a.blazemeter.com
[2017-10-16 13:21:07,590 DEBUG urllib3.connectionpool] https://a.blazemeter.com:443 "GET /api/v4/tests?workspaceId=127984&name=gatling+test HTTP/1.1" 200 126
[2017-10-16 13:21:07,598 DEBUG Engine.cloud] Response [200]: {
    "limit": 10,
    "skip": 0,
    "total": 0,
    "hidden": 0,
    "api_version": 4,
    "error": null,
    "result": []
}
[2017-10-16 13:21:07,599 DEBUG Engine.cloud] Request: GET https://a.blazemeter.com/api/v4/tests?workspaceId=132723&name=gatling+test None
[2017-10-16 13:21:07,602 DEBUG urllib3.connectionpool] Starting new HTTPS connection (1): a.blazemeter.com
[2017-10-16 13:21:07,916 DEBUG urllib3.connectionpool] https://a.blazemeter.com:443 "GET /api/v4/tests?workspaceId=132723&name=gatling+test HTTP/1.1" 200 126
[2017-10-16 13:21:07,921 DEBUG Engine.cloud] Response [200]: {
    "limit": 10,
    "skip": 0,
    "total": 0,
    "hidden": 0,
    "api_version": 4,
    "error": null,
    "result": []
}
[2017-10-16 13:21:07,921 DEBUG Engine.cloud] Request: GET https://a.blazemeter.com/api/v4/tests?workspaceId=153836&name=gatling+test None
[2017-10-16 13:21:07,923 DEBUG urllib3.connectionpool] Starting new HTTPS connection (1): a.blazemeter.com
[2017-10-16 13:21:08,174 DEBUG urllib3.connectionpool] https://a.blazemeter.com:443 "GET /api/v4/tests?workspaceId=153836&name=gatling+test HTTP/1.1" 200 126
[2017-10-16 13:21:08,179 DEBUG Engine.cloud] Response [200]: {
    "limit": 10,
    "skip": 0,
    "total": 0,
    "hidden": 0,
    "api_version": 4,
    "error": null,
    "result": []
}
[2017-10-16 13:21:08,179 DEBUG Engine.cloud] Request: GET https://a.blazemeter.com/api/v4/tests?workspaceId=163251&name=gatling+test None
[2017-10-16 13:21:08,183 DEBUG urllib3.connectionpool] Starting new HTTPS connection (1): a.blazemeter.com
[2017-10-16 13:21:08,469 DEBUG urllib3.connectionpool] https://a.blazemeter.com:443 "GET /api/v4/tests?workspaceId=163251&name=gatling+test HTTP/1.1" 200 126
[2017-10-16 13:21:08,473 DEBUG Engine.cloud] Response [200]: {
    "limit": 10,
    "skip": 0,
    "total": 0,
    "hidden": 0,
    "api_version": 4,
    "error": null,
    "result": []
}
[2017-10-16 13:21:08,474 DEBUG Engine.cloud] Request: GET https://a.blazemeter.com/api/v4/tests?workspaceId=135886&name=gatling+test None
[2017-10-16 13:21:08,476 DEBUG urllib3.connectionpool] Starting new HTTPS connection (1): a.blazemeter.com
[2017-10-16 13:21:08,702 DEBUG urllib3.connectionpool] https://a.blazemeter.com:443 "GET /api/v4/tests?workspaceId=135886&name=gatling+test HTTP/1.1" 200 126
[2017-10-16 13:21:08,707 DEBUG Engine.cloud] Response [200]: {
    "limit": 10,
    "skip": 0,
    "total": 0,
    "hidden": 0,
    "api_version": 4,
    "error": null,
    "result": []
}
[2017-10-16 13:21:08,708 DEBUG Engine.cloud] Request: GET https://a.blazemeter.com/api/v4/tests?workspaceId=7199&name=gatling+test None
[2017-10-16 13:21:08,710 DEBUG urllib3.connectionpool] Starting new HTTPS connection (1): a.blazemeter.com
[2017-10-16 13:21:08,950 DEBUG urllib3.connectionpool] https://a.blazemeter.com:443 "GET /api/v4/tests?workspaceId=7199&name=gatling+test HTTP/1.1" 200 126
[2017-10-16 13:21:08,955 DEBUG Engine.cloud] Response [200]: {
    "limit": 10,
    "skip": 0,
    "total": 0,
    "hidden": 0,
    "api_version": 4,
    "error": null,
    "result": []
}
[2017-10-16 13:21:08,956 DEBUG Engine.cloud] Request: GET https://a.blazemeter.com/api/v4/tests?workspaceId=133217&name=gatling+test None
[2017-10-16 13:21:08,958 DEBUG urllib3.connectionpool] Starting new HTTPS connection (1): a.blazemeter.com
[2017-10-16 13:21:09,301 DEBUG urllib3.connectionpool] https://a.blazemeter.com:443 "GET /api/v4/tests?workspaceId=133217&name=gatling+test HTTP/1.1" 200 126
[2017-10-16 13:21:09,305 DEBUG Engine.cloud] Response [200]: {
    "limit": 10,
    "skip": 0,
    "total": 0,
    "hidden": 0,
    "api_version": 4,
    "error": null,
    "result": []
}
[2017-10-16 13:21:09,305 DEBUG Engine.cloud.ProjectFinder] Looked for test: {u'updated': 1508170151, u'name': u'gatling test', u'created': 1508170149, u'creatorClientId': u'Taurus', u'userId': 339612, u'lastUpdatedById': 339612, u'projectId': 162568, u'configuration': {u'targetThreads': 0, u'type': u'taurus', u'canControlRampup': False, u'plugins': {u'taurus': {u'filename': u'taurus.yml'}}}, u'id': 5777955}
[2017-10-16 13:21:09,305 DEBUG Engine.cloud.ProjectFinder] Detected test type: old
[2017-10-16 13:21:09,306 DEBUG Engine.cloud] Request: GET https://a.blazemeter.com/api/v4/user None
[2017-10-16 13:21:09,308 DEBUG urllib3.connectionpool] Starting new HTTPS connection (1): a.blazemeter.com
[2017-10-16 13:21:09,933 DEBUG urllib3.connectionpool] https://a.blazemeter.com:443 "GET /api/v4/user HTTP/1.1" 200 2250
[2017-10-16 13:21:09,940 DEBUG Engine.cloud] Response [200]: {
    "api_version": 4,
    "error": null,
    "result": {
        "id": 339612,
        "email": "eric.dapp@blazemeter.com",
        "access": 1508174469,
        "login": 1507844986,
        "firstName": "Eric",
        "lastName": "Dapp",
        "timez
[2017-10-16 13:21:09,941 DEBUG Engine.cloud] Request: GET https://a.blazemeter.com/api/v4/projects?workspaceId=146738&limit=99999 None
[2017-10-16 13:21:09,943 DEBUG urllib3.connectionpool] Starting new HTTPS connection (1): a.blazemeter.com
[2017-10-16 13:21:10,156 DEBUG urllib3.connectionpool] https://a.blazemeter.com:443 "GET /api/v4/projects?workspaceId=146738&limit=99999 HTTP/1.1" 200 1124
[2017-10-16 13:21:10,159 DEBUG Engine.cloud] Response [200]: {
    "limit": 99999,
    "skip": 0,
    "total": 3,
    "hidden": 0,
    "api_version": 4,
    "error": null,
    "result": [
        {
            "id": 216192,
            "name": "API Stress Tests",
            "userId": null,
            "description"
[2017-10-16 13:21:10,159 DEBUG Engine.cloud] Request: GET https://a.blazemeter.com/api/v4/projects?workspaceId=119008&limit=99999 None
[2017-10-16 13:21:10,162 DEBUG urllib3.connectionpool] Starting new HTTPS connection (1): a.blazemeter.com
[2017-10-16 13:21:10,619 DEBUG urllib3.connectionpool] https://a.blazemeter.com:443 "GET /api/v4/projects?workspaceId=119008&limit=99999 HTTP/1.1" 200 2051
[2017-10-16 13:21:10,623 DEBUG Engine.cloud] Response [200]: {
    "limit": 99999,
    "skip": 0,
    "total": 6,
    "hidden": 0,
    "api_version": 4,
    "error": null,
    "result": [
        {
            "id": 163658,
            "name": "BlazeDemo Tests",
            "userId": null,
            "description":
[2017-10-16 13:21:10,623 DEBUG Engine.cloud] Request: GET https://a.blazemeter.com/api/v4/projects?workspaceId=127980&limit=99999 None
[2017-10-16 13:21:10,626 DEBUG urllib3.connectionpool] Starting new HTTPS connection (1): a.blazemeter.com
[2017-10-16 13:21:10,872 DEBUG urllib3.connectionpool] https://a.blazemeter.com:443 "GET /api/v4/projects?workspaceId=127980&limit=99999 HTTP/1.1" 200 723
[2017-10-16 13:21:10,881 DEBUG Engine.cloud] Response [200]: {
    "limit": 99999,
    "skip": 0,
    "total": 2,
    "hidden": 0,
    "api_version": 4,
    "error": null,
    "result": [
        {
            "id": 173138,
            "name": "Default project",
            "userId": null,
            "description":
[2017-10-16 13:21:10,881 DEBUG Engine.cloud] Request: GET https://a.blazemeter.com/api/v4/projects?workspaceId=127984&limit=99999 None
[2017-10-16 13:21:10,885 DEBUG urllib3.connectionpool] Starting new HTTPS connection (1): a.blazemeter.com
[2017-10-16 13:21:11,178 DEBUG urllib3.connectionpool] https://a.blazemeter.com:443 "GET /api/v4/projects?workspaceId=127984&limit=99999 HTTP/1.1" 200 413
[2017-10-16 13:21:11,185 DEBUG Engine.cloud] Response [200]: {
    "limit": 99999,
    "skip": 0,
    "total": 1,
    "hidden": 0,
    "api_version": 4,
    "error": null,
    "result": [
        {
            "id": 173143,
            "name": "Default project",
            "userId": null,
            "description":
[2017-10-16 13:21:11,186 DEBUG Engine.cloud] Request: GET https://a.blazemeter.com/api/v4/projects?workspaceId=132723&limit=99999 None
[2017-10-16 13:21:11,188 DEBUG urllib3.connectionpool] Starting new HTTPS connection (1): a.blazemeter.com
[2017-10-16 13:21:11,414 DEBUG urllib3.connectionpool] https://a.blazemeter.com:443 "GET /api/v4/projects?workspaceId=132723&limit=99999 HTTP/1.1" 200 414
[2017-10-16 13:21:11,422 DEBUG Engine.cloud] Response [200]: {
    "limit": 99999,
    "skip": 0,
    "total": 1,
    "hidden": 0,
    "api_version": 4,
    "error": null,
    "result": [
        {
            "id": 178588,
            "name": "Default project",
            "userId": null,
            "description":
[2017-10-16 13:21:11,422 DEBUG Engine.cloud] Request: GET https://a.blazemeter.com/api/v4/projects?workspaceId=153836&limit=99999 None
[2017-10-16 13:21:11,424 DEBUG urllib3.connectionpool] Starting new HTTPS connection (1): a.blazemeter.com
[2017-10-16 13:21:11,666 DEBUG urllib3.connectionpool] https://a.blazemeter.com:443 "GET /api/v4/projects?workspaceId=153836&limit=99999 HTTP/1.1" 200 687
[2017-10-16 13:21:11,674 DEBUG Engine.cloud] Response [200]: {
    "limit": 99999,
    "skip": 0,
    "total": 2,
    "hidden": 0,
    "api_version": 4,
    "error": null,
    "result": [
        {
            "id": 202867,
            "name": "Default project",
            "userId": null,
            "description":
[2017-10-16 13:21:11,674 DEBUG Engine.cloud] Request: GET https://a.blazemeter.com/api/v4/projects?workspaceId=163251&limit=99999 None
[2017-10-16 13:21:11,677 DEBUG urllib3.connectionpool] Starting new HTTPS connection (1): a.blazemeter.com
[2017-10-16 13:21:11,963 DEBUG urllib3.connectionpool] https://a.blazemeter.com:443 "GET /api/v4/projects?workspaceId=163251&limit=99999 HTTP/1.1" 200 413
[2017-10-16 13:21:11,967 DEBUG Engine.cloud] Response [200]: {
    "limit": 99999,
    "skip": 0,
    "total": 1,
    "hidden": 0,
    "api_version": 4,
    "error": null,
    "result": [
        {
            "id": 213729,
            "name": "Default project",
            "userId": null,
            "description":
[2017-10-16 13:21:11,968 DEBUG Engine.cloud] Request: GET https://a.blazemeter.com/api/v4/projects?workspaceId=135886&limit=99999 None
[2017-10-16 13:21:11,970 DEBUG urllib3.connectionpool] Starting new HTTPS connection (1): a.blazemeter.com
[2017-10-16 13:21:12,198 DEBUG urllib3.connectionpool] https://a.blazemeter.com:443 "GET /api/v4/projects?workspaceId=135886&limit=99999 HTTP/1.1" 200 682
[2017-10-16 13:21:12,206 DEBUG Engine.cloud] Response [200]: {
    "limit": 99999,
    "skip": 0,
    "total": 2,
    "hidden": 0,
    "api_version": 4,
    "error": null,
    "result": [
        {
            "id": 182182,
            "name": "Default project",
            "userId": null,
            "description":
[2017-10-16 13:21:12,206 DEBUG Engine.cloud] Request: GET https://a.blazemeter.com/api/v4/projects?workspaceId=7199&limit=99999 None
[2017-10-16 13:21:12,209 DEBUG urllib3.connectionpool] Starting new HTTPS connection (1): a.blazemeter.com
[2017-10-16 13:21:12,442 DEBUG urllib3.connectionpool] https://a.blazemeter.com:443 "GET /api/v4/projects?workspaceId=7199&limit=99999 HTTP/1.1" 200 4017
[2017-10-16 13:21:12,447 DEBUG Engine.cloud] Response [200]: {
    "limit": 99999,
    "skip": 0,
    "total": 14,
    "hidden": 0,
    "api_version": 4,
    "error": null,
    "result": [
        {
            "id": 167099,
            "name": "APM",
            "userId": null,
            "description": "JMeter wi
[2017-10-16 13:21:12,447 DEBUG Engine.cloud] Request: GET https://a.blazemeter.com/api/v4/projects?workspaceId=133217&limit=99999 None
[2017-10-16 13:21:12,450 DEBUG urllib3.connectionpool] Starting new HTTPS connection (1): a.blazemeter.com
[2017-10-16 13:21:12,982 DEBUG urllib3.connectionpool] https://a.blazemeter.com:443 "GET /api/v4/projects?workspaceId=133217&limit=99999 HTTP/1.1" 200 1344
[2017-10-16 13:21:12,987 DEBUG Engine.cloud] Response [200]: {
    "limit": 99999,
    "skip": 0,
    "total": 4,
    "hidden": 0,
    "api_version": 4,
    "error": null,
    "result": [
        {
            "id": 201589,
            "name": "API ",
            "userId": null,
            "description": "Tests to 
[2017-10-16 13:21:12,987 DEBUG Engine.cloud] Request: GET https://a.blazemeter.com/api/v4/workspaces/146738 None
[2017-10-16 13:21:12,989 DEBUG urllib3.connectionpool] Starting new HTTPS connection (1): a.blazemeter.com
[2017-10-16 13:21:13,329 DEBUG urllib3.connectionpool] https://a.blazemeter.com:443 "GET /api/v4/workspaces/146738 HTTP/1.1" 200 None
[2017-10-16 13:21:13,467 DEBUG Engine.cloud] Response [200]: {
    "api_version": 4,
    "error": null,
    "result": {
        "id": 146738,
        "name": "Demo workspace",
        "userId": 368191,
        "created": 1498856673,
        "updated": 1507833190,
        "enabled": true,
        "dedicatedIpsEnabled
[2017-10-16 13:21:13,473 DEBUG Engine.cloud] Request: GET https://a.blazemeter.com/api/v4/workspaces/119008 None
[2017-10-16 13:21:13,477 DEBUG urllib3.connectionpool] Starting new HTTPS connection (1): a.blazemeter.com
[2017-10-16 13:21:13,769 DEBUG urllib3.connectionpool] https://a.blazemeter.com:443 "GET /api/v4/workspaces/119008 HTTP/1.1" 200 None
[2017-10-16 13:21:13,867 DEBUG Engine.cloud] Response [200]: {
    "api_version": 4,
    "error": null,
    "result": {
        "id": 119008,
        "name": "Default workspace",
        "userId": 339612,
        "created": 1486702692,
        "updated": 1486702692,
        "enabled": true,
        "dedicatedIpsEnab
[2017-10-16 13:21:13,872 DEBUG Engine.cloud] Request: GET https://a.blazemeter.com/api/v4/workspaces/127980 None
[2017-10-16 13:21:13,875 DEBUG urllib3.connectionpool] Starting new HTTPS connection (1): a.blazemeter.com
[2017-10-16 13:21:14,205 DEBUG urllib3.connectionpool] https://a.blazemeter.com:443 "GET /api/v4/workspaces/127980 HTTP/1.1" 200 None
[2017-10-16 13:21:14,520 DEBUG Engine.cloud] Response [200]: {
    "api_version": 4,
    "error": null,
    "result": {
        "id": 127980,
        "name": "Demo Workspace",
        "userId": 339612,
        "created": 1491255975,
        "updated": 1491255975,
        "enabled": true,
        "dedicatedIpsEnabled
[2017-10-16 13:21:14,525 DEBUG Engine.cloud] Request: GET https://a.blazemeter.com/api/v4/workspaces/127984 None
[2017-10-16 13:21:14,528 DEBUG urllib3.connectionpool] Starting new HTTPS connection (1): a.blazemeter.com
[2017-10-16 13:21:14,796 DEBUG urllib3.connectionpool] https://a.blazemeter.com:443 "GET /api/v4/workspaces/127984 HTTP/1.1" 200 None
[2017-10-16 13:21:14,834 DEBUG Engine.cloud] Response [200]: {
    "api_version": 4,
    "error": null,
    "result": {
        "id": 127984,
        "name": "Demo Workspace 2",
        "userId": 339612,
        "created": 1491261975,
        "updated": 1491261975,
        "enabled": true,
        "dedicatedIpsEnabl
[2017-10-16 13:21:14,842 DEBUG Engine.cloud] Request: GET https://a.blazemeter.com/api/v4/workspaces/132723 None
[2017-10-16 13:21:14,846 DEBUG urllib3.connectionpool] Starting new HTTPS connection (1): a.blazemeter.com
[2017-10-16 13:21:15,132 DEBUG urllib3.connectionpool] https://a.blazemeter.com:443 "GET /api/v4/workspaces/132723 HTTP/1.1" 200 None
[2017-10-16 13:21:15,204 DEBUG Engine.cloud] Response [200]: {
    "api_version": 4,
    "error": null,
    "result": {
        "id": 132723,
        "name": "Functional",
        "userId": 339612,
        "created": 1493312851,
        "updated": 1499734757,
        "enabled": true,
        "dedicatedIpsEnabled": t
[2017-10-16 13:21:15,215 DEBUG Engine.cloud] Request: GET https://a.blazemeter.com/api/v4/workspaces/153836 None
[2017-10-16 13:21:15,218 DEBUG urllib3.connectionpool] Starting new HTTPS connection (1): a.blazemeter.com
[2017-10-16 13:21:15,617 DEBUG urllib3.connectionpool] https://a.blazemeter.com:443 "GET /api/v4/workspaces/153836 HTTP/1.1" 200 None
[2017-10-16 13:21:15,715 DEBUG Engine.cloud] Response [200]: {
    "api_version": 4,
    "error": null,
    "result": {
        "id": 153836,
        "name": "blazedemo",
        "userId": 339612,
        "created": 1501870483,
        "updated": 1501870483,
        "enabled": true,
        "dedicatedIpsEnabled": tr
[2017-10-16 13:21:15,726 DEBUG Engine.cloud] Request: GET https://a.blazemeter.com/api/v4/workspaces/163251 None
[2017-10-16 13:21:15,728 DEBUG urllib3.connectionpool] Starting new HTTPS connection (1): a.blazemeter.com
[2017-10-16 13:21:16,086 DEBUG urllib3.connectionpool] https://a.blazemeter.com:443 "GET /api/v4/workspaces/163251 HTTP/1.1" 200 None
[2017-10-16 13:21:16,333 DEBUG Engine.cloud] Response [200]: {
    "api_version": 4,
    "error": null,
    "result": {
        "id": 163251,
        "name": "new opls",
        "userId": 339612,
        "created": 1505929373,
        "updated": 1505929373,
        "enabled": true,
        "dedicatedIpsEnabled": tru
[2017-10-16 13:21:16,338 DEBUG Engine.cloud] Request: GET https://a.blazemeter.com/api/v4/workspaces/135886 None
[2017-10-16 13:21:16,340 DEBUG urllib3.connectionpool] Starting new HTTPS connection (1): a.blazemeter.com
[2017-10-16 13:21:16,641 DEBUG urllib3.connectionpool] https://a.blazemeter.com:443 "GET /api/v4/workspaces/135886 HTTP/1.1" 200 None
[2017-10-16 13:21:16,972 DEBUG Engine.cloud] Response [200]: {
    "api_version": 4,
    "error": null,
    "result": {
        "id": 135886,
        "name": "scratch",
        "userId": 339612,
        "created": 1494801554,
        "updated": 1494801554,
        "enabled": true,
        "dedicatedIpsEnabled": true
[2017-10-16 13:21:16,978 DEBUG Engine.cloud] Request: GET https://a.blazemeter.com/api/v4/workspaces/7199 None
[2017-10-16 13:21:16,982 DEBUG urllib3.connectionpool] Starting new HTTPS connection (1): a.blazemeter.com
[2017-10-16 13:21:17,360 DEBUG urllib3.connectionpool] https://a.blazemeter.com:443 "GET /api/v4/workspaces/7199 HTTP/1.1" 200 None
[2017-10-16 13:21:17,365 DEBUG Engine.cloud] Response [200]: {
    "api_version": 4,
    "error": null,
    "result": {
        "id": 7199,
        "name": "CA SE Workspace",
        "userId": 307773,
        "created": 1477580960,
        "updated": 1507211353,
        "enabled": true,
        "dedicatedIpsEnabled"
[2017-10-16 13:21:17,369 DEBUG Engine.cloud] Request: GET https://a.blazemeter.com/api/v4/workspaces/133217 None
[2017-10-16 13:21:17,372 DEBUG urllib3.connectionpool] Starting new HTTPS connection (1): a.blazemeter.com
[2017-10-16 13:21:17,663 DEBUG urllib3.connectionpool] https://a.blazemeter.com:443 "GET /api/v4/workspaces/133217 HTTP/1.1" 200 None
[2017-10-16 13:21:17,701 DEBUG Engine.cloud] Response [200]: {
    "api_version": 4,
    "error": null,
    "result": {
        "id": 133217,
        "name": "SE DEMOs",
        "userId": 307773,
        "created": 1493664013,
        "updated": 1505742362,
        "enabled": true,
        "dedicatedIpsEnabled": tru
[2017-10-16 13:21:17,706 DEBUG Engine.gatling] Extract defaultdict(None, {'keepalive': True, 'simulation': 'BlazeDemo', 'script': './BlazeDemo.scala'}) into scenarios
[2017-10-16 13:21:17,707 DEBUG Engine.cloud] All resource files are: ['./BlazeDemo.scala']
[2017-10-16 13:21:17,707 DEBUG Engine.cloud] Replace file names in config: ['./BlazeDemo.scala'] with ['BlazeDemo.scala']
[2017-10-16 13:21:17,707 DEBUG Engine.cloud] Replaced ./BlazeDemo.scala with BlazeDemo.scala
[2017-10-16 13:21:17,709 DEBUG Engine] New artifact filename: /Users/daper01/Documents/OSLo/Gatling/2017-10-16_13-21-00.862327/cloud
[2017-10-16 13:21:17,710 DEBUG root] Dumping YAML config into /Users/daper01/Documents/OSLo/Gatling/2017-10-16_13-21-00.862327/cloud.yml
[2017-10-16 13:21:17,757 DEBUG root] Dumping JSON config into /Users/daper01/Documents/OSLo/Gatling/2017-10-16_13-21-00.862327/cloud.json
[2017-10-16 13:21:17,802 DEBUG Engine.cloud] Request: GET https://a.blazemeter.com/api/v4/web/elfinder/5777955?cmd=open&target=s1_Lw None
[2017-10-16 13:21:17,805 DEBUG urllib3.connectionpool] Starting new HTTPS connection (1): a.blazemeter.com
[2017-10-16 13:21:18,148 DEBUG urllib3.connectionpool] https://a.blazemeter.com:443 "GET /api/v4/web/elfinder/5777955?cmd=open&target=s1_Lw HTTP/1.1" 200 1575
[2017-10-16 13:21:18,152 DEBUG Engine.cloud] Response [200]: {"cwd":{"name":"data","size":0,"mime":"directory","read":1,"write":1,"parent_id":"users","hash":"s1_Lw","rootRev":"","options":{"path":"","url":"","tmbUrl":"","disabled":["mkdir","archive","extract","chmod"],"separator":"\/","copyOverwrite":1,"uploadOverwr
[2017-10-16 13:21:18,152 DEBUG Engine.cloud] Test files: [u'BlazeDemo.scala', u'taurus.yml']
[2017-10-16 13:21:18,152 DEBUG Engine.cloud] Request: GET https://a.blazemeter.com/api/v4/web/elfinder/5777955?cmd=rm&targets[]=s1_QmxhemVEZW1vLnNjYWxh&targets[]=s1_dGF1cnVzLnltbA None
[2017-10-16 13:21:18,154 DEBUG urllib3.connectionpool] Starting new HTTPS connection (1): a.blazemeter.com
[2017-10-16 13:21:18,511 DEBUG urllib3.connectionpool] https://a.blazemeter.com:443 "GET /api/v4/web/elfinder/5777955?cmd=rm&targets[]=s1_QmxhemVEZW1vLnNjYWxh&targets[]=s1_dGF1cnVzLnltbA HTTP/1.1" 200 767
[2017-10-16 13:21:18,517 DEBUG Engine.cloud] Response [200]: {"removed":["s1_QmxhemVEZW1vLnNjYWxh","s1_dGF1cnVzLnltbA"],"changed":[{"name":"data","size":0,"mime":"directory","read":1,"write":1,"parent_id":"users","hash":"s1_Lw","rootRev":"","options":{"path":"","url":"","tmbUrl":"","disabled":["mkdir","archive","ext
[2017-10-16 13:21:18,517 DEBUG Engine.cloud] Successfully deleted 2 test files
[2017-10-16 13:21:18,523 DEBUG Engine.cloud] Uploading files into the test: ['/Users/daper01/Documents/OSLo/Gatling/BlazeDemo.scala']
[2017-10-16 13:21:18,533 DEBUG Engine.cloud] Request: POST https://a.blazemeter.com/api/v4/tests/5777955/files --===============7969995086897359626==
Content-Disposition: file; name="script"; filename="taurus.yml"
Content-Type: application/octet-stream

---
execution:
- executor: gatling
  locations:
    us-central1-a: 1
  scenario: BlazeDemo.scala
local-bzt-ve
[2017-10-16 13:21:18,536 DEBUG urllib3.connectionpool] Starting new HTTPS connection (1): a.blazemeter.com
[2017-10-16 13:21:19,347 DEBUG urllib3.connectionpool] https://a.blazemeter.com:443 "POST /api/v4/tests/5777955/files HTTP/1.1" 201 514
[2017-10-16 13:21:19,351 DEBUG Engine.cloud] Response [201]: {
    "api_version": 4,
    "error": null,
    "result": {
        "id": 5777955,
        "name": "gatling test",
        "userId": 339612,
        "creatorClientId": "Taurus",
        "created": 1508170149,
        "updated": 1508174478,
        "configur
[2017-10-16 13:21:19,351 DEBUG Engine.cloud] Request: PATCH https://a.blazemeter.com/api/v4/tests/5777955 {
 "configuration": {
  "executionType": null
 }
}
[2017-10-16 13:21:19,353 DEBUG urllib3.connectionpool] Starting new HTTPS connection (1): a.blazemeter.com
[2017-10-16 13:21:19,888 DEBUG urllib3.connectionpool] https://a.blazemeter.com:443 "PATCH /api/v4/tests/5777955 HTTP/1.1" 200 1111
[2017-10-16 13:21:19,893 DEBUG Engine.cloud] Response [200]: {
    "api_version": 4,
    "error": null,
    "result": {
        "id": 5777955,
        "name": "gatling test",
        "userId": 339612,
        "creatorClientId": "Taurus",
        "created": 1508170149,
        "updated": 1508174479,
        "projectI
[2017-10-16 13:21:19,893 DEBUG Engine.cloud] Request: PATCH https://a.blazemeter.com/api/v4/tests/5777955 {
 "configuration": {
  "plugins": {
   "functionalExecution": {
    "enabled": false
   }
  }
 }
}
[2017-10-16 13:21:19,897 DEBUG urllib3.connectionpool] Starting new HTTPS connection (1): a.blazemeter.com
[2017-10-16 13:21:20,268 DEBUG urllib3.connectionpool] https://a.blazemeter.com:443 "PATCH /api/v4/tests/5777955 HTTP/1.1" 200 1305
[2017-10-16 13:21:20,279 DEBUG Engine.cloud] Response [200]: {
    "api_version": 4,
    "error": null,
    "result": {
        "id": 5777955,
        "name": "gatling test",
        "userId": 339612,
        "creatorClientId": "Taurus",
        "created": 1508170149,
        "updated": 1508174480,
        "projectI
[2017-10-16 13:21:20,280 DEBUG Engine] Module config: final-stats defaultdict(None, {'class': 'bzt.modules.reporting.FinalStatus'})
[2017-10-16 13:21:20,280 DEBUG root] Importing module: bzt.modules.reporting
[2017-10-16 13:21:20,283 DEBUG root] Loading class: 'FinalStatus' from <module 'bzt.modules.reporting' from '/usr/local/lib/python2.7/site-packages/bzt/modules/reporting.pyc'>
[2017-10-16 13:21:20,283 DEBUG Engine] Module config: console defaultdict(None, {'class': 'bzt.modules.console.ConsoleStatusReporter'})
[2017-10-16 13:21:20,284 DEBUG root] Importing module: bzt.modules.console
[2017-10-16 13:21:20,284 DEBUG root] Loading class: 'ConsoleStatusReporter' from <module 'bzt.modules.console' from '/usr/local/lib/python2.7/site-packages/bzt/modules/console.pyc'>
[2017-10-16 13:21:20,294 DEBUG Engine.Configuration] Dumping YAML config into /Users/daper01/Documents/OSLo/Gatling/2017-10-16_13-21-00.862327/effective.yml
[2017-10-16 13:21:20,372 DEBUG Engine.Configuration] Dumping JSON config into /Users/daper01/Documents/OSLo/Gatling/2017-10-16_13-21-00.862327/effective.json
[2017-10-16 13:21:20,407 INFO Engine] Starting...
[2017-10-16 13:21:20,407 DEBUG Engine] Startup <bzt.modules.aggregator.ConsolidatingAggregator object at 0x107a8b050>
[2017-10-16 13:21:20,407 DEBUG Engine] Startup <bzt.modules.reporting.FinalStatus object at 0x108b5fe10>
[2017-10-16 13:21:20,407 DEBUG Engine] Startup <bzt.modules.console.ConsoleStatusReporter object at 0x108a4b450>
[2017-10-16 13:21:20,407 INFO Engine.console] Waiting for results...
[2017-10-16 13:21:20,407 DEBUG Engine] Startup <bzt.modules.blazemeter.CloudProvisioning object at 0x107aa8050>
[2017-10-16 13:21:20,408 INFO Engine.cloud.ProjectFinder.CloudTaurusTest] Initiating cloud test with https://a.blazemeter.com ...
[2017-10-16 13:21:20,408 DEBUG Engine.cloud] Request: POST https://a.blazemeter.com/api/v4/tests/5777955/start None
[2017-10-16 13:21:20,410 DEBUG urllib3.connectionpool] Starting new HTTPS connection (1): a.blazemeter.com
[2017-10-16 13:21:20,962 DEBUG urllib3.connectionpool] https://a.blazemeter.com:443 "POST /api/v4/tests/5777955/start HTTP/1.1" 202 517
[2017-10-16 13:21:20,970 DEBUG Engine.cloud] Response [202]: {
    "api_version": 4,
    "error": null,
    "result": {
        "id": 16767187,
        "name": "gatling test",
        "userId": 339612,
        "runnerUserId": 339612,
        "creatorClientId": "Taurus",
        "executorClientId": "Taurus",
        
[2017-10-16 13:21:20,970 INFO Engine.cloud] Started cloud test: https://a.blazemeter.com/app/#/masters/16767187
[2017-10-16 13:21:21,183 DEBUG Engine.cloud] Request: PATCH https://a.blazemeter.com/api/v4/masters/16767187 {
 "name": "gatling test"
}
[2017-10-16 13:21:21,204 DEBUG urllib3.connectionpool] Starting new HTTPS connection (1): a.blazemeter.com
[2017-10-16 13:21:21,748 DEBUG urllib3.connectionpool] https://a.blazemeter.com:443 "PATCH /api/v4/masters/16767187 HTTP/1.1" 200 435
[2017-10-16 13:21:21,755 DEBUG Engine.cloud] Response [200]: {
    "api_version": 4,
    "error": null,
    "result": {
        "id": 16767187,
        "name": "gatling test",
        "userId": 339612,
        "runnerUserId": 339612,
        "creatorClientId": "Taurus",
        "executorClientId": "Taurus",
        
[2017-10-16 13:21:21,758 DEBUG Engine.Configuration] Dumping YAML config into /Users/daper01/Documents/OSLo/Gatling/2017-10-16_13-21-00.862327/effective.yml
[2017-10-16 13:21:21,939 DEBUG Engine.Configuration] Dumping JSON config into /Users/daper01/Documents/OSLo/Gatling/2017-10-16_13-21-00.862327/effective.json
[2017-10-16 13:21:22,081 DEBUG root] Leveling down log file verbosity, use -v option to have DEBUG messages enabled
[2017-10-16 13:21:22,348 INFO Engine.cloud] Cloud test status: INIT
[2017-10-16 13:21:22,618 INFO Engine.console] Waiting for finish...
[2017-10-16 13:21:27,516 INFO Engine.cloud] Cloud test status: BOOT_STARTING
[2017-10-16 13:22:32,636 INFO Engine.cloud] Cloud test status: INIT_SCRIPT
[2017-10-16 13:22:42,588 INFO Engine.cloud] Cloud test status: TAURUS_ENGINE_INIT
[2017-10-16 13:25:23,197 INFO Engine.cloud] Cloud test status: DATA_RECIEVED
[2017-10-16 13:28:09,237 INFO Engine.cloud] Cloud test status: ENDED
[2017-10-16 13:28:09,245 INFO Engine.cloud] Test was stopped in the cloud: ENDED
[2017-10-16 13:28:10,457 WARNING Engine] Please wait for graceful shutdown...
[2017-10-16 13:28:10,466 DEBUG root] Leveled up log file verbosity
[2017-10-16 13:28:10,466 INFO Engine] Shutting down...
[2017-10-16 13:28:10,473 DEBUG Engine.console] Restoring logging streams, [<logging.StreamHandler object at 0x106fd3690>]/{<logging.StreamHandler object at 0x106fd3690>: <open file '<stdout>', mode 'w' at 0x106443150>}
[2017-10-16 13:28:10,475 DEBUG Engine.Configuration] Dumping YAML config into /Users/daper01/Documents/OSLo/Gatling/2017-10-16_13-21-00.862327/effective.yml
[2017-10-16 13:28:10,551 DEBUG Engine.Configuration] Dumping JSON config into /Users/daper01/Documents/OSLo/Gatling/2017-10-16_13-21-00.862327/effective.json
[2017-10-16 13:28:10,612 INFO Engine] Post-processing...
[2017-10-16 13:28:10,612 DEBUG Engine.cloud] Request: GET https://a.blazemeter.com/api/v4/masters/16767187/full None
[2017-10-16 13:28:10,615 DEBUG urllib3.connectionpool] Starting new HTTPS connection (1): a.blazemeter.com
[2017-10-16 13:28:10,888 DEBUG urllib3.connectionpool] https://a.blazemeter.com:443 "GET /api/v4/masters/16767187/full HTTP/1.1" 200 3426
[2017-10-16 13:28:10,894 DEBUG Engine.cloud] Response [200]: {
    "api_version": 4,
    "error": null,
    "result": {
        "id": 16767187,
        "name": "gatling test",
        "userId": 339612,
        "ended": 1508174887,
        "runnerUserId": 339612,
        "maxUsers": 27,
        "created": 1508174480,
[2017-10-16 13:28:10,895 DEBUG Engine.cloud] Request: GET https://a.blazemeter.com/api/v4/data/labels?master_id=16767187 None
[2017-10-16 13:28:10,897 DEBUG urllib3.connectionpool] Starting new HTTPS connection (1): a.blazemeter.com
[2017-10-16 13:28:11,144 DEBUG urllib3.connectionpool] https://a.blazemeter.com:443 "GET /api/v4/data/labels?master_id=16767187 HTTP/1.1" 200 398
[2017-10-16 13:28:11,149 DEBUG Engine.cloud] Response [200]: {
    "api_version": 4,
    "error": null,
    "result": [
        {
            "id": "ALL",
            "name": "ALL",
            "sessions": [
                "r-t-59e4ea92ae0de"
            ]
        },
        {
            "id": "684d2e5c539ef4b9da8
[2017-10-16 13:28:11,150 DEBUG Engine.cloud] Request: GET https://a.blazemeter.com/api/v4/data/kpis?interval=1&from=1508174838&master_ids%5B%5D=16767187&kpis%5B%5D=t&kpis%5B%5D=lt&kpis%5B%5D=by&kpis%5B%5D=n&kpis%5B%5D=ec&kpis%5B%5D=ts&kpis%5B%5D=na&labels%5B%5D=ALL&labels%5B%5D=684d2e5c539ef4b9da810a1e45e08000 None
[2017-10-16 13:28:11,152 DEBUG urllib3.connectionpool] Starting new HTTPS connection (1): a.blazemeter.com
[2017-10-16 13:28:11,421 DEBUG urllib3.connectionpool] https://a.blazemeter.com:443 "GET /api/v4/data/kpis?interval=1&from=1508174838&master_ids%5B%5D=16767187&kpis%5B%5D=t&kpis%5B%5D=lt&kpis%5B%5D=by&kpis%5B%5D=n&kpis%5B%5D=ec&kpis%5B%5D=ts&kpis%5B%5D=na&labels%5B%5D=ALL&labels%5B%5D=684d2e5c539ef4b9da810a1e45e08000 HTTP/1.1" 200 1094
[2017-10-16 13:28:11,426 DEBUG Engine.cloud] Response [200]: {
    "api_version": 4,
    "error": null,
    "result": [
        {
            "labelId": "684d2e5c539ef4b9da810a1e45e08000",
            "labelName": "request_0",
            "label": "request_0",
            "kpis": [
                {
                
[2017-10-16 13:28:11,427 DEBUG Engine.cloud] Request: GET https://a.blazemeter.com/api/v4/masters/16767187/reports/aggregatereport/data None
[2017-10-16 13:28:11,430 DEBUG urllib3.connectionpool] Starting new HTTPS connection (1): a.blazemeter.com
[2017-10-16 13:28:11,692 DEBUG urllib3.connectionpool] https://a.blazemeter.com:443 "GET /api/v4/masters/16767187/reports/aggregatereport/data HTTP/1.1" 200 1362
[2017-10-16 13:28:11,696 DEBUG Engine.cloud] Response [200]: {
    "api_version": 4,
    "error": null,
    "result": [
        {
            "labelId": "ALL",
            "labelName": "ALL",
            "samples": 6100,
            "avgResponseTime": 241,
            "90line": 255,
            "95line": 269,
      
[2017-10-16 13:28:11,696 DEBUG Engine.cloud] Request: GET https://a.blazemeter.com/api/v4/masters/16767187/reports/errorsreport/data?noDataError=false None
[2017-10-16 13:28:11,699 DEBUG urllib3.connectionpool] Starting new HTTPS connection (1): a.blazemeter.com
[2017-10-16 13:28:11,963 DEBUG urllib3.connectionpool] https://a.blazemeter.com:443 "GET /api/v4/masters/16767187/reports/errorsreport/data?noDataError=false HTTP/1.1" 200 61
[2017-10-16 13:28:11,967 DEBUG Engine.cloud] Response [200]: {
    "api_version": 4,
    "error": null,
    "result": []
}
[2017-10-16 13:28:11,968 DEBUG Engine.consolidator] Consolidator buffer[3]: [1508174836, 1508174837, 1508174838]
[2017-10-16 13:28:11,968 DEBUG Engine.consolidator] Merging into 1508174836
[2017-10-16 13:28:11,968 DEBUG Engine.consolidator] Merging 1508174836
[2017-10-16 13:28:11,970 DEBUG Engine.consolidator] Processed datapoint: 1508174836/None
[2017-10-16 13:28:11,970 DEBUG Engine.consolidator] Merging into 1508174837
[2017-10-16 13:28:11,971 DEBUG Engine.consolidator] Merging 1508174837
[2017-10-16 13:28:11,973 DEBUG Engine.consolidator] Processed datapoint: 1508174837/None
[2017-10-16 13:28:11,973 DEBUG Engine.consolidator] Merging into 1508174838
[2017-10-16 13:28:11,973 DEBUG Engine.consolidator] Merging 1508174838
[2017-10-16 13:28:11,975 DEBUG Engine.consolidator] Processed datapoint: 1508174838/None
[2017-10-16 13:28:11,975 INFO Engine.final-stats] Test duration: 0:06:50
[2017-10-16 13:28:11,975 INFO Engine.final-stats] Samples count: 6100, 0.00% failures
[2017-10-16 13:28:11,975 INFO Engine.final-stats] Average times: total 0.241, latency 0.128, connect 0.000
[2017-10-16 13:28:11,976 INFO Engine.final-stats] Percentile 90.0%: 0.277
[2017-10-16 13:28:11,976 INFO Engine.final-stats] Percentile 95.0%: 0.277
[2017-10-16 13:28:11,976 INFO Engine.final-stats] Percentile 99.0%: 0.277
[2017-10-16 13:28:11,976 DEBUG Engine.console] No logger_handler or orig_stream was detected
[2017-10-16 13:28:11,978 DEBUG Engine.Configuration] Dumping YAML config into /Users/daper01/Documents/OSLo/Gatling/2017-10-16_13-21-00.862327/effective.yml
[2017-10-16 13:28:12,057 DEBUG Engine.Configuration] Dumping JSON config into /Users/daper01/Documents/OSLo/Gatling/2017-10-16_13-21-00.862327/effective.json
[2017-10-16 13:28:12,092 INFO root] Artifacts dir: /Users/daper01/Documents/OSLo/Gatling/2017-10-16_13-21-00.862327
[2017-10-16 13:28:12,093 INFO root] Done performing with code: 0
[2017-10-16 13:28:12,093 DEBUG root] Closing log handler: /Users/daper01/Documents/OSLo/Gatling/2017-10-16_13-21-00.862327/bzt.log
