[2017-06-14 22:24:14,485 INFO root] Taurus CLI Tool v1.9.1
[2017-06-14 22:24:14,485 DEBUG root] Command-line options: {'verbose': None, 'no_system_configs': None, 'quiet': None, 'log': '/var/folders/vq/xzrdy2lx047cst78f69v8z3xfzqz1q/T/bzt_hgURCd.log', 'option': None, 'aliases': []}
[2017-06-14 22:24:14,485 DEBUG root] Python: CPython 2.7.13
[2017-06-14 22:24:14,486 DEBUG root] OS: ('Darwin', 'daper01mac1124', '16.4.0', 'Darwin Kernel Version 16.4.0: Thu Dec 22 22:53:21 PST 2016; root:xnu-3789.41.3~3/RELEASE_X86_64', 'x86_64', 'i386')
[2017-06-14 22:24:14,486 INFO root] Starting with configs: ['JM_from_scenario.yml']
[2017-06-14 22:24:14,486 DEBUG root] Adding personal config: /Users/daper01/.bzt-rc
[2017-06-14 22:24:14,486 INFO Engine] Configuring...
[2017-06-14 22:24:14,486 DEBUG Engine] Reading extension configs from: /usr/local/etc/bzt.d
[2017-06-14 22:24:14,486 DEBUG Engine.Configuration] Configs: ['/usr/local/lib/python2.7/site-packages/bzt/resources/base-config.yml', '/usr/local/etc/bzt.d/99-installID.yml']
[2017-06-14 22:24:14,487 DEBUG Engine.Configuration] Reading /usr/local/lib/python2.7/site-packages/bzt/resources/base-config.yml
[2017-06-14 22:24:14,487 DEBUG Engine.Configuration] Reading /usr/local/lib/python2.7/site-packages/bzt/resources/base-config.yml as YAML
[2017-06-14 22:24:14,508 DEBUG Engine.Configuration] Reading /usr/local/etc/bzt.d/99-installID.yml
[2017-06-14 22:24:14,509 DEBUG Engine.Configuration] Reading /usr/local/etc/bzt.d/99-installID.yml as YAML
[2017-06-14 22:24:14,509 DEBUG Engine.Configuration] Configs: ['/Users/daper01/.bzt-rc', 'JM_from_scenario.yml']
[2017-06-14 22:24:14,509 DEBUG Engine.Configuration] Reading /Users/daper01/.bzt-rc
[2017-06-14 22:24:14,510 DEBUG Engine.Configuration] Reading /Users/daper01/.bzt-rc as YAML
[2017-06-14 22:24:14,511 DEBUG Engine.Configuration] Reading JM_from_scenario.yml
[2017-06-14 22:24:14,511 DEBUG Engine.Configuration] Reading JM_from_scenario.yml as YAML
[2017-06-14 22:24:14,517 DEBUG root] Configs: ['/Users/daper01/.bzt-rc', 'JM_from_scenario.yml']
[2017-06-14 22:24:14,517 DEBUG root] Reading /Users/daper01/.bzt-rc
[2017-06-14 22:24:14,517 DEBUG root] Reading /Users/daper01/.bzt-rc as YAML
[2017-06-14 22:24:14,518 DEBUG root] Reading JM_from_scenario.yml
[2017-06-14 22:24:14,518 DEBUG root] Reading JM_from_scenario.yml as YAML
[2017-06-14 22:24:14,538 DEBUG Engine] Requesting updates info: http://gettaurus.org/updates/?version=1.9.1&installID=784f43782a15
[2017-06-14 22:24:14,544 INFO Engine] Artifacts dir: /Users/daper01/Documents/OSLo/from_scenario/2017-06-14_22-24-14.539248
[2017-06-14 22:24:14,545 DEBUG Engine] New artifact filename: /Users/daper01/Documents/OSLo/from_scenario/2017-06-14_22-24-14.539248/effective
[2017-06-14 22:24:14,548 DEBUG Engine.Configuration] Dumping YAML config into /Users/daper01/Documents/OSLo/from_scenario/2017-06-14_22-24-14.539248/effective.yml
[2017-06-14 22:24:14,582 DEBUG Engine.Configuration] Dumping JSON config into /Users/daper01/Documents/OSLo/from_scenario/2017-06-14_22-24-14.539248/effective.json
[2017-06-14 22:24:14,584 DEBUG Engine] New artifact filename: /Users/daper01/Documents/OSLo/from_scenario/2017-06-14_22-24-14.539248/merged.yml
[2017-06-14 22:24:14,585 DEBUG root] Dumping YAML config into /Users/daper01/Documents/OSLo/from_scenario/2017-06-14_22-24-14.539248/merged.yml
[2017-06-14 22:24:14,593 DEBUG Engine] New artifact filename: /Users/daper01/Documents/OSLo/from_scenario/2017-06-14_22-24-14.539248/merged.json
[2017-06-14 22:24:14,594 DEBUG root] Dumping JSON config into /Users/daper01/Documents/OSLo/from_scenario/2017-06-14_22-24-14.539248/merged.json
[2017-06-14 22:24:14,594 DEBUG Engine] Add existing artifact (move=False): JM_from_scenario.yml
[2017-06-14 22:24:14,594 DEBUG Engine] Copying JM_from_scenario.yml to /Users/daper01/Documents/OSLo/from_scenario/2017-06-14_22-24-14.539248/JM_from_scenario.yml
[2017-06-14 22:24:14,595 DEBUG root] Closing log handler: /var/folders/vq/xzrdy2lx047cst78f69v8z3xfzqz1q/T/bzt_hgURCd.log
[2017-06-14 22:24:14,596 DEBUG root] Switched writing logs to /Users/daper01/Documents/OSLo/from_scenario/2017-06-14_22-24-14.539248/bzt.log
[2017-06-14 22:24:14,596 INFO Engine] Preparing...
[2017-06-14 22:24:14,596 DEBUG Engine] Module config: consolidator defaultdict(None, {'class': 'bzt.modules.aggregator.ConsolidatingAggregator'})
[2017-06-14 22:24:14,599 DEBUG root] Importing module: bzt.modules.aggregator
[2017-06-14 22:24:14,602 DEBUG root] Loading class: 'ConsolidatingAggregator' from <module 'bzt.modules.aggregator' from '/usr/local/lib/python2.7/site-packages/bzt/modules/aggregator.pyc'>
[2017-06-14 22:24:14,602 DEBUG Engine.consolidator] Exception in dehumanize_time(inf)
[2017-06-14 22:24:14,602 DEBUG Engine.consolidator] Buffer scaling setup: percentile 95.0 from [0.0, 50.0, 90.0, 95.0, 99.0, 99.9, 100.0] selected
[2017-06-14 22:24:14,602 DEBUG Engine] Module config: monitoring defaultdict(None, {'class': 'bzt.modules.monitoring.Monitoring'})
[2017-06-14 22:24:14,602 DEBUG root] Importing module: bzt.modules.monitoring
[2017-06-14 22:24:14,648 DEBUG root] Loading class: 'Monitoring' from <module 'bzt.modules.monitoring' from '/usr/local/lib/python2.7/site-packages/bzt/modules/monitoring.pyc'>
[2017-06-14 22:24:14,648 DEBUG Engine] Module config: local defaultdict(None, {'class': 'bzt.modules.provisioning.Local'})
[2017-06-14 22:24:14,648 DEBUG root] Importing module: bzt.modules.provisioning
[2017-06-14 22:24:14,648 DEBUG root] Loading class: 'Local' from <module 'bzt.modules.provisioning' from '/usr/local/lib/python2.7/site-packages/bzt/modules/provisioning.pyc'>
[2017-06-14 22:24:14,648 DEBUG Engine] Module config: jmeter defaultdict(None, {'properties': defaultdict(None, {'jmeter.save.saveservice.autoflush': 'true', 'summariser.name': '', 'jmeter.save.saveservice.connect_time': 'true', 'mode': 'Stripped', 'jmeterengine.force.system.exit': 'true'}), 'class': 'bzt.modules.jmeter.JMeterExecutor', 'plugins': ['jpgc-casutg', 'jpgc-dummy', 'jpgc-ffw', 'jpgc-fifo', 'jpgc-functions', 'jpgc-json', 'jpgc-perfmon', 'jpgc-prmctl', 'jpgc-tst']})
[2017-06-14 22:24:14,648 DEBUG root] Importing module: bzt.modules.jmeter
[2017-06-14 22:24:14,661 DEBUG root] Loading class: 'JMeterExecutor' from <module 'bzt.modules.jmeter' from '/usr/local/lib/python2.7/site-packages/bzt/modules/jmeter.pyc'>
[2017-06-14 22:24:14,661 DEBUG Engine.local] Preparing executor: jmeter/4384004624
[2017-06-14 22:24:14,661 DEBUG Engine] New artifact filename: /Users/daper01/Documents/OSLo/from_scenario/2017-06-14_22-24-14.539248/jmeter.log
[2017-06-14 22:24:14,661 DEBUG Engine.jmeter] Checking if port 4445 is free
[2017-06-14 22:24:14,662 DEBUG Engine.jmeter] Port 4445 is free
[2017-06-14 22:24:14,663 DEBUG Engine.jmeter] Using port 4445 for management
[2017-06-14 22:24:14,663 DEBUG Engine.jmeter.JavaVM] Trying JavaVM: ['java', '-version']
[2017-06-14 22:24:14,796 DEBUG Engine.jmeter.JavaVM] JavaVM output: java version "1.8.0_121"
Java(TM) SE Runtime Environment (build 1.8.0_121-b13)
Java HotSpot(TM) 64-Bit Server VM (build 25.121-b13, mixed mode)

[2017-06-14 22:24:14,796 DEBUG Engine.jmeter.TclLibrary] We don't need to check tcl library on this platform
[2017-06-14 22:24:14,796 DEBUG Engine.jmeter.JMeter] Trying jmeter: /Users/daper01/.bzt/jmeter-taurus/bin/jmeter.sh
[2017-06-14 22:24:14,797 DEBUG bzt.utils] Executing shell: ['/Users/daper01/.bzt/jmeter-taurus/bin/jmeter.sh', '-j', '/var/folders/vq/xzrdy2lx047cst78f69v8z3xfzqz1q/T/jmeterXfnyAGlog', '--version']
[2017-06-14 22:24:15,299 DEBUG Engine.jmeter.JMeter] JMeter check: Writing log file to: /var/folders/vq/xzrdy2lx047cst78f69v8z3xfzqz1q/T/jmeterXfnyAGlog
    _    ____   _    ____ _   _ _____       _ __  __ _____ _____ _____ ____     
   / \  |  _ \ / \  / ___| | | | ____|     | |  \/  | ____|_   _| ____|  _ \   
  / _ \ | |_) / _ \| |   | |_| |  _|    _  | | |\/| |  _|   | | |  _| | |_) | 
 / ___ \|  __/ ___ \ |___|  _  | |___  | |_| | |  | | |___  | | | |___|  _ <  
/_/   \_\_| /_/   \_\____|_| |_|_____|  \___/|_|  |_|_____| |_| |_____|_| \_\ 3.1 r1770033  

Copyright (c) 1999-2016 The Apache Software Foundation

 / None
[2017-06-14 22:24:15,300 DEBUG Engine] New artifact filename: /Users/daper01/Documents/OSLo/from_scenario/2017-06-14_22-24-14.539248/requests.jmx
[2017-06-14 22:24:15,303 DEBUG JMeterScenarioBuilder] Saving JMX to: /Users/daper01/Documents/OSLo/from_scenario/2017-06-14_22-24-14.539248/requests.jmx
[2017-06-14 22:24:15,305 DEBUG Engine.jmeter] Load: LoadSpec(concurrency=1, throughput=None, ramp_up=None, hold=20.0, iterations=0, duration=20.0, steps=None)
[2017-06-14 22:24:15,307 DEBUG Engine.jmeter] Original threads: 1.0
[2017-06-14 22:24:15,308 DEBUG Engine] New artifact filename: /Users/daper01/Documents/OSLo/from_scenario/2017-06-14_22-24-14.539248/kpi.jtl
[2017-06-14 22:24:15,308 DEBUG Engine] New artifact filename: /Users/daper01/Documents/OSLo/from_scenario/2017-06-14_22-24-14.539248/error.jtl
[2017-06-14 22:24:15,309 DEBUG Engine.jmeter] Enforcing parent sample for transaction controller
[2017-06-14 22:24:15,309 DEBUG Engine] New artifact filename: /Users/daper01/Documents/OSLo/from_scenario/2017-06-14_22-24-14.539248/modified_requests.jmx
[2017-06-14 22:24:15,309 DEBUG JMX] Saving JMX to: /Users/daper01/Documents/OSLo/from_scenario/2017-06-14_22-24-14.539248/modified_requests.jmx
[2017-06-14 22:24:15,309 DEBUG Engine.jmeter] Additional properties: defaultdict(None, {'jmeter.save.saveservice.autoflush': 'true', 'jmeter.save.saveservice.connect_time': 'true', 'user.classpath': '/Users/daper01/Documents/OSLo/from_scenario/2017-06-14_22-24-14.539248', 'sampleresult.default.encoding': 'UTF-8', 'summariser.name': '', 'jmeterengine.force.system.exit': 'true', 'jmeter.save.saveservice.timestamp_format': 'ms', 'mode': 'Stripped', 'jmeterengine.nongui.maxport': 4445, 'jmeterengine.nongui.port': 4445})
[2017-06-14 22:24:15,309 DEBUG Engine] New artifact filename: /Users/daper01/Documents/OSLo/from_scenario/2017-06-14_22-24-14.539248/jmeter-bzt.properties
[2017-06-14 22:24:15,310 DEBUG Engine.jmeter] Additional system properties defaultdict(None, {'sun.net.inetaddr.ttl': 0})
[2017-06-14 22:24:15,310 DEBUG Engine] New artifact filename: /Users/daper01/Documents/OSLo/from_scenario/2017-06-14_22-24-14.539248/system.properties
[2017-06-14 22:24:15,310 DEBUG Engine] New artifact filename: /Users/daper01/Documents/OSLo/from_scenario/2017-06-14_22-24-14.539248/jmeter.out
[2017-06-14 22:24:15,310 DEBUG Engine] New artifact filename: /Users/daper01/Documents/OSLo/from_scenario/2017-06-14_22-24-14.539248/jmeter.err
[2017-06-14 22:24:15,310 DEBUG Engine] Module config: final-stats defaultdict(None, {'class': 'bzt.modules.reporting.FinalStatus'})
[2017-06-14 22:24:15,310 DEBUG root] Importing module: bzt.modules.reporting
[2017-06-14 22:24:15,383 DEBUG root] Loading class: 'FinalStatus' from <module 'bzt.modules.reporting' from '/usr/local/lib/python2.7/site-packages/bzt/modules/reporting.pyc'>
[2017-06-14 22:24:15,383 DEBUG Engine] Module config: console defaultdict(None, {'class': 'bzt.modules.console.ConsoleStatusReporter'})
[2017-06-14 22:24:15,383 DEBUG root] Importing module: bzt.modules.console
[2017-06-14 22:24:15,383 DEBUG root] Loading class: 'ConsoleStatusReporter' from <module 'bzt.modules.console' from '/usr/local/lib/python2.7/site-packages/bzt/modules/console.pyc'>
[2017-06-14 22:24:15,391 DEBUG Engine.Configuration] Dumping YAML config into /Users/daper01/Documents/OSLo/from_scenario/2017-06-14_22-24-14.539248/effective.yml
[2017-06-14 22:24:15,421 DEBUG Engine.Configuration] Dumping JSON config into /Users/daper01/Documents/OSLo/from_scenario/2017-06-14_22-24-14.539248/effective.json
[2017-06-14 22:24:15,422 INFO Engine] Starting...
[2017-06-14 22:24:15,423 DEBUG Engine] Startup <bzt.modules.monitoring.Monitoring object at 0x1048f7d10>
[2017-06-14 22:24:15,423 DEBUG Engine] Startup <bzt.modules.aggregator.ConsolidatingAggregator object at 0x1048f77d0>
[2017-06-14 22:24:15,423 DEBUG Engine] Startup <bzt.modules.reporting.FinalStatus object at 0x105534ed0>
[2017-06-14 22:24:15,424 DEBUG Engine] Startup <bzt.modules.console.ConsoleStatusReporter object at 0x105534cd0>
[2017-06-14 22:24:15,424 INFO Engine.console] Waiting for results...
[2017-06-14 22:24:15,424 DEBUG Engine] Startup <bzt.modules.reporting.FinalStatus object at 0x105571dd0>
[2017-06-14 22:24:15,424 DEBUG Engine] Startup <bzt.modules.provisioning.Local object at 0x1048f7990>
[2017-06-14 22:24:15,424 DEBUG Engine.local] Delay setup for jmeter/blazedemo: 0(start-at) + 0(delay) = 0
[2017-06-14 22:24:15,426 DEBUG Engine.Configuration] Dumping YAML config into /Users/daper01/Documents/OSLo/from_scenario/2017-06-14_22-24-14.539248/effective.yml
[2017-06-14 22:24:15,454 DEBUG Engine.Configuration] Dumping JSON config into /Users/daper01/Documents/OSLo/from_scenario/2017-06-14_22-24-14.539248/effective.json
[2017-06-14 22:24:15,455 DEBUG root] Leveling down log file verbosity, use -v option to have DEBUG messages enabled
[2017-06-14 22:24:15,615 WARNING Engine] There is newer version of Taurus 1.9.3 available, consider upgrading. What's new: http://gettaurus.org/docs/Changelog/
[2017-06-14 22:24:15,667 INFO Engine.console] Waiting for finish...
[2017-06-14 22:24:20,471 INFO Engine.jmeter.JTLReader] Changed data analysis delay to 3s
[2017-06-14 22:24:29,502 INFO Engine.jmeter.JTLReader] Changed data analysis delay to 2s
[2017-06-14 22:24:37,582 WARNING Engine] Please wait for graceful shutdown...
[2017-06-14 22:24:37,589 DEBUG root] Leveled up log file verbosity
[2017-06-14 22:24:37,589 INFO Engine] Shutting down...
[2017-06-14 22:24:37,597 DEBUG Engine.local] Shutdown jmeter/blazedemo
[2017-06-14 22:24:37,597 DEBUG Engine.console] Restoring logging streams, [<logging.StreamHandler object at 0x1048f7790>]/{<logging.StreamHandler object at 0x1048f7790>: <open file '<stdout>', mode 'w' at 0x1037b6150>}
[2017-06-14 22:24:37,599 DEBUG Engine.Configuration] Dumping YAML config into /Users/daper01/Documents/OSLo/from_scenario/2017-06-14_22-24-14.539248/effective.yml
[2017-06-14 22:24:37,631 DEBUG Engine.Configuration] Dumping JSON config into /Users/daper01/Documents/OSLo/from_scenario/2017-06-14_22-24-14.539248/effective.json
[2017-06-14 22:24:37,632 INFO Engine] Post-processing...
[2017-06-14 22:24:37,632 DEBUG Engine.local] Post-process jmeter/blazedemo
[2017-06-14 22:24:37,632 DEBUG Engine] Add existing artifact (move=True): /Users/daper01/Documents/OSLo/from_scenario/2017-06-14_22-24-14.539248/modified_requests.jmx
[2017-06-14 22:24:37,633 DEBUG Engine] No need to copy /Users/daper01/Documents/OSLo/from_scenario/2017-06-14_22-24-14.539248/modified_requests.jmx
[2017-06-14 22:24:37,633 DEBUG Engine.jmeter.JTLReader.IncrementalCSVReader] Reading JTL: /Users/daper01/Documents/OSLo/from_scenario/2017-06-14_22-24-14.539248/kpi.jtl
[2017-06-14 22:24:37,633 DEBUG Engine.jmeter.JTLReader.IncrementalCSVReader] Read lines: 0 / 0 bytes (at speed 1048576)
[2017-06-14 22:24:37,633 DEBUG Engine.jmeter.JTLReader] Buffer len: 2
[2017-06-14 22:24:37,633 DEBUG Engine.jmeter.JTLReader] Aggregating: 1497504274
[2017-06-14 22:24:37,634 DEBUG Engine.jmeter.JTLReader] Aggregating: 1497504275
[2017-06-14 22:24:37,635 DEBUG Engine.consolidator] Consolidator buffer[4]: [1497504272, 1497504273, 1497504274, 1497504275]
[2017-06-14 22:24:37,635 DEBUG Engine.consolidator] Merging into 1497504272
[2017-06-14 22:24:37,635 DEBUG Engine.consolidator] Merging 1497504272
[2017-06-14 22:24:37,639 DEBUG Engine.consolidator] Processed datapoint: 1497504272/None
[2017-06-14 22:24:37,639 DEBUG Engine.consolidator] Merging into 1497504273
[2017-06-14 22:24:37,641 DEBUG Engine.consolidator] Merging 1497504273
[2017-06-14 22:24:37,645 DEBUG Engine.consolidator] Processed datapoint: 1497504273/None
[2017-06-14 22:24:37,645 DEBUG Engine.consolidator] Merging into 1497504274
[2017-06-14 22:24:37,645 DEBUG Engine.consolidator] Merging 1497504274
[2017-06-14 22:24:37,648 DEBUG Engine.consolidator] Processed datapoint: 1497504274/None
[2017-06-14 22:24:37,648 DEBUG Engine.consolidator] Merging into 1497504275
[2017-06-14 22:24:37,648 DEBUG Engine.consolidator] Merging 1497504275
[2017-06-14 22:24:37,654 DEBUG Engine.consolidator] Processed datapoint: 1497504275/None
[2017-06-14 22:24:37,654 INFO Engine.final-stats] Test duration: 0:00:22
[2017-06-14 22:24:37,654 INFO Engine.final-stats] Samples count: 56, 0.00% failures
[2017-06-14 22:24:37,654 INFO Engine.final-stats] Average times: total 0.359, latency 0.329, connect 0.000
[2017-06-14 22:24:37,655 INFO Engine.final-stats] Percentile 0.0%: 0.176
[2017-06-14 22:24:37,655 INFO Engine.final-stats] Percentile 50.0%: 0.354
[2017-06-14 22:24:37,655 INFO Engine.final-stats] Percentile 90.0%: 0.540
[2017-06-14 22:24:37,656 INFO Engine.final-stats] Percentile 95.0%: 0.613
[2017-06-14 22:24:37,656 INFO Engine.final-stats] Percentile 99.0%: 1.605
[2017-06-14 22:24:37,656 INFO Engine.final-stats] Percentile 99.9%: 1.605
[2017-06-14 22:24:37,656 INFO Engine.final-stats] Percentile 100.0%: 1.605
[2017-06-14 22:24:37,657 DEBUG Engine.console] No logger_handler or orig_stream was detected
[2017-06-14 22:24:37,657 INFO Engine.final-stats] Test duration: 0:00:22
[2017-06-14 22:24:37,657 INFO Engine.final-stats] Samples count: 56, 0.00% failures
[2017-06-14 22:24:37,657 INFO Engine.final-stats] Average times: total 0.359, latency 0.329, connect 0.000
[2017-06-14 22:24:37,657 INFO Engine.final-stats] Percentile 0.0%: 0.176
[2017-06-14 22:24:37,657 INFO Engine.final-stats] Percentile 50.0%: 0.354
[2017-06-14 22:24:37,658 INFO Engine.final-stats] Percentile 90.0%: 0.540
[2017-06-14 22:24:37,658 INFO Engine.final-stats] Percentile 95.0%: 0.613
[2017-06-14 22:24:37,658 INFO Engine.final-stats] Percentile 99.0%: 1.605
[2017-06-14 22:24:37,658 INFO Engine.final-stats] Percentile 99.9%: 1.605
[2017-06-14 22:24:37,658 INFO Engine.final-stats] Percentile 100.0%: 1.605
[2017-06-14 22:24:37,659 INFO Engine.final-stats] Dumping final status as XML: stats.xml
[2017-06-14 22:24:37,663 DEBUG Engine.Configuration] Dumping YAML config into /Users/daper01/Documents/OSLo/from_scenario/2017-06-14_22-24-14.539248/effective.yml
[2017-06-14 22:24:37,694 DEBUG Engine.Configuration] Dumping JSON config into /Users/daper01/Documents/OSLo/from_scenario/2017-06-14_22-24-14.539248/effective.json
[2017-06-14 22:24:37,695 INFO root] Artifacts dir: /Users/daper01/Documents/OSLo/from_scenario/2017-06-14_22-24-14.539248
[2017-06-14 22:24:37,695 INFO root] Done performing with code: 0
[2017-06-14 22:24:37,695 DEBUG root] Closing log handler: /Users/daper01/Documents/OSLo/from_scenario/2017-06-14_22-24-14.539248/bzt.log
