[2017-06-13 09:22:08,258 INFO root] Taurus CLI Tool v1.9.1
[2017-06-13 09:22:08,258 DEBUG root] Command-line options: {'verbose': None, 'no_system_configs': None, 'quiet': None, 'log': '/var/folders/vq/xzrdy2lx047cst78f69v8z3xfzqz1q/T/bzt_1ubzrB.log', 'option': None, 'aliases': []}
[2017-06-13 09:22:08,258 DEBUG root] Python: CPython 2.7.13
[2017-06-13 09:22:08,258 DEBUG root] OS: ('Darwin', 'daper01mac1124', '16.4.0', 'Darwin Kernel Version 16.4.0: Thu Dec 22 22:53:21 PST 2016; root:xnu-3789.41.3~3/RELEASE_X86_64', 'x86_64', 'i386')
[2017-06-13 09:22:08,259 INFO root] Starting with configs: ['jmeter.yml']
[2017-06-13 09:22:08,259 DEBUG root] Adding personal config: /Users/daper01/.bzt-rc
[2017-06-13 09:22:08,259 INFO Engine] Configuring...
[2017-06-13 09:22:08,259 DEBUG Engine] Reading extension configs from: /usr/local/etc/bzt.d
[2017-06-13 09:22:08,259 DEBUG Engine.Configuration] Configs: ['/usr/local/lib/python2.7/site-packages/bzt/resources/base-config.yml', '/usr/local/etc/bzt.d/99-installID.yml']
[2017-06-13 09:22:08,260 DEBUG Engine.Configuration] Reading /usr/local/lib/python2.7/site-packages/bzt/resources/base-config.yml
[2017-06-13 09:22:08,260 DEBUG Engine.Configuration] Reading /usr/local/lib/python2.7/site-packages/bzt/resources/base-config.yml as YAML
[2017-06-13 09:22:08,293 DEBUG Engine.Configuration] Reading /usr/local/etc/bzt.d/99-installID.yml
[2017-06-13 09:22:08,293 DEBUG Engine.Configuration] Reading /usr/local/etc/bzt.d/99-installID.yml as YAML
[2017-06-13 09:22:08,294 DEBUG Engine.Configuration] Configs: ['/Users/daper01/.bzt-rc', 'jmeter.yml']
[2017-06-13 09:22:08,294 DEBUG Engine.Configuration] Reading /Users/daper01/.bzt-rc
[2017-06-13 09:22:08,295 DEBUG Engine.Configuration] Reading /Users/daper01/.bzt-rc as YAML
[2017-06-13 09:22:08,296 DEBUG Engine.Configuration] Reading jmeter.yml
[2017-06-13 09:22:08,296 DEBUG Engine.Configuration] Reading jmeter.yml as YAML
[2017-06-13 09:22:08,298 DEBUG root] Configs: ['/Users/daper01/.bzt-rc', 'jmeter.yml']
[2017-06-13 09:22:08,298 DEBUG root] Reading /Users/daper01/.bzt-rc
[2017-06-13 09:22:08,298 DEBUG root] Reading /Users/daper01/.bzt-rc as YAML
[2017-06-13 09:22:08,299 DEBUG root] Reading jmeter.yml
[2017-06-13 09:22:08,300 DEBUG root] Reading jmeter.yml as YAML
[2017-06-13 09:22:08,320 DEBUG Engine] Requesting updates info: http://gettaurus.org/updates/?version=1.9.1&installID=784f43782a15
[2017-06-13 09:22:08,328 INFO Engine] Artifacts dir: /Users/daper01/Documents/OSLo/JMeter/2017-06-13_09-22-08.328499
[2017-06-13 09:22:08,329 DEBUG Engine] New artifact filename: /Users/daper01/Documents/OSLo/JMeter/2017-06-13_09-22-08.328499/effective
[2017-06-13 09:22:08,332 DEBUG Engine.Configuration] Dumping YAML config into /Users/daper01/Documents/OSLo/JMeter/2017-06-13_09-22-08.328499/effective.yml
[2017-06-13 09:22:08,352 DEBUG Engine.Configuration] Dumping JSON config into /Users/daper01/Documents/OSLo/JMeter/2017-06-13_09-22-08.328499/effective.json
[2017-06-13 09:22:08,352 DEBUG Engine] New artifact filename: /Users/daper01/Documents/OSLo/JMeter/2017-06-13_09-22-08.328499/merged.yml
[2017-06-13 09:22:08,352 DEBUG root] Dumping YAML config into /Users/daper01/Documents/OSLo/JMeter/2017-06-13_09-22-08.328499/merged.yml
[2017-06-13 09:22:08,354 DEBUG Engine] New artifact filename: /Users/daper01/Documents/OSLo/JMeter/2017-06-13_09-22-08.328499/merged.json
[2017-06-13 09:22:08,354 DEBUG root] Dumping JSON config into /Users/daper01/Documents/OSLo/JMeter/2017-06-13_09-22-08.328499/merged.json
[2017-06-13 09:22:08,354 DEBUG Engine] Add existing artifact (move=False): jmeter.yml
[2017-06-13 09:22:08,354 DEBUG Engine] Copying jmeter.yml to /Users/daper01/Documents/OSLo/JMeter/2017-06-13_09-22-08.328499/jmeter.yml
[2017-06-13 09:22:08,354 DEBUG root] Closing log handler: /var/folders/vq/xzrdy2lx047cst78f69v8z3xfzqz1q/T/bzt_1ubzrB.log
[2017-06-13 09:22:08,355 DEBUG root] Switched writing logs to /Users/daper01/Documents/OSLo/JMeter/2017-06-13_09-22-08.328499/bzt.log
[2017-06-13 09:22:08,355 INFO Engine] Preparing...
[2017-06-13 09:22:08,355 DEBUG Engine] Module config: consolidator defaultdict(None, {'class': 'bzt.modules.aggregator.ConsolidatingAggregator'})
[2017-06-13 09:22:08,355 DEBUG root] Importing module: bzt.modules.aggregator
[2017-06-13 09:22:08,360 DEBUG root] Loading class: 'ConsolidatingAggregator' from <module 'bzt.modules.aggregator' from '/usr/local/lib/python2.7/site-packages/bzt/modules/aggregator.pyc'>
[2017-06-13 09:22:08,360 DEBUG Engine.consolidator] Exception in dehumanize_time(inf)
[2017-06-13 09:22:08,360 DEBUG Engine.consolidator] Buffer scaling setup: percentile 95.0 from [0.0, 50.0, 90.0, 95.0, 99.0, 99.9, 100.0] selected
[2017-06-13 09:22:08,361 DEBUG Engine] Module config: monitoring defaultdict(None, {'class': 'bzt.modules.monitoring.Monitoring'})
[2017-06-13 09:22:08,361 DEBUG root] Importing module: bzt.modules.monitoring
[2017-06-13 09:22:08,433 DEBUG root] Loading class: 'Monitoring' from <module 'bzt.modules.monitoring' from '/usr/local/lib/python2.7/site-packages/bzt/modules/monitoring.pyc'>
[2017-06-13 09:22:08,433 DEBUG Engine] Module config: local defaultdict(None, {'class': 'bzt.modules.provisioning.Local'})
[2017-06-13 09:22:08,433 DEBUG root] Importing module: bzt.modules.provisioning
[2017-06-13 09:22:08,433 DEBUG root] Loading class: 'Local' from <module 'bzt.modules.provisioning' from '/usr/local/lib/python2.7/site-packages/bzt/modules/provisioning.pyc'>
[2017-06-13 09:22:08,433 DEBUG Engine] Module config: jmeter defaultdict(None, {'properties': defaultdict(None, {'jmeter.save.saveservice.autoflush': 'true', 'summariser.name': '', 'jmeter.save.saveservice.connect_time': 'true', 'mode': 'Stripped', 'jmeterengine.force.system.exit': 'true'}), 'class': 'bzt.modules.jmeter.JMeterExecutor', 'plugins': ['jpgc-casutg', 'jpgc-dummy', 'jpgc-ffw', 'jpgc-fifo', 'jpgc-functions', 'jpgc-json', 'jpgc-perfmon', 'jpgc-prmctl', 'jpgc-tst']})
[2017-06-13 09:22:08,433 DEBUG root] Importing module: bzt.modules.jmeter
[2017-06-13 09:22:08,448 DEBUG root] Loading class: 'JMeterExecutor' from <module 'bzt.modules.jmeter' from '/usr/local/lib/python2.7/site-packages/bzt/modules/jmeter.pyc'>
[2017-06-13 09:22:08,448 DEBUG Engine.local] Preparing executor: jmeter/4354975952
[2017-06-13 09:22:08,448 DEBUG Engine] New artifact filename: /Users/daper01/Documents/OSLo/JMeter/2017-06-13_09-22-08.328499/jmeter.log
[2017-06-13 09:22:08,449 DEBUG Engine.jmeter] Checking if port 4445 is free
[2017-06-13 09:22:08,449 DEBUG Engine.jmeter] Port 4445 is free
[2017-06-13 09:22:08,450 DEBUG Engine.jmeter] Using port 4445 for management
[2017-06-13 09:22:08,450 DEBUG Engine.jmeter.JavaVM] Trying JavaVM: ['java', '-version']
[2017-06-13 09:22:08,596 DEBUG Engine.jmeter.JavaVM] JavaVM output: java version "1.8.0_121"
Java(TM) SE Runtime Environment (build 1.8.0_121-b13)
Java HotSpot(TM) 64-Bit Server VM (build 25.121-b13, mixed mode)

[2017-06-13 09:22:08,596 DEBUG Engine.jmeter.TclLibrary] We don't need to check tcl library on this platform
[2017-06-13 09:22:08,596 DEBUG Engine.jmeter.JMeter] Trying jmeter: /Users/daper01/.bzt/jmeter-taurus/bin/jmeter.sh
[2017-06-13 09:22:08,597 DEBUG bzt.utils] Executing shell: ['/Users/daper01/.bzt/jmeter-taurus/bin/jmeter.sh', '-j', '/var/folders/vq/xzrdy2lx047cst78f69v8z3xfzqz1q/T/jmeter0Ooho8log', '--version']
[2017-06-13 09:22:09,189 DEBUG Engine] Taurus updates info: {"latest":"1.9.3","needsUpgrade":true}
[2017-06-13 09:22:09,190 WARNING Engine] There is newer version of Taurus 1.9.3 available, consider upgrading. What's new: http://gettaurus.org/docs/Changelog/
[2017-06-13 09:22:09,235 DEBUG Engine.jmeter.JMeter] JMeter check: Writing log file to: /var/folders/vq/xzrdy2lx047cst78f69v8z3xfzqz1q/T/jmeter0Ooho8log
    _    ____   _    ____ _   _ _____       _ __  __ _____ _____ _____ ____     
   / \  |  _ \ / \  / ___| | | | ____|     | |  \/  | ____|_   _| ____|  _ \   
  / _ \ | |_) / _ \| |   | |_| |  _|    _  | | |\/| |  _|   | | |  _| | |_) | 
 / ___ \|  __/ ___ \ |___|  _  | |___  | |_| | |  | | |___  | | | |___|  _ <  
/_/   \_\_| /_/   \_\____|_| |_|_____|  \___/|_|  |_|_____| |_| |_____|_| \_\ 3.1 r1770033  

Copyright (c) 1999-2016 The Apache Software Foundation

 / None
[2017-06-13 09:22:09,239 DEBUG Engine.jmeter] Load: LoadSpec(concurrency=None, throughput=None, ramp_up=None, hold=0, iterations=None, duration=0, steps=None)
[2017-06-13 09:22:09,245 DEBUG Engine] New artifact filename: /Users/daper01/Documents/OSLo/JMeter/2017-06-13_09-22-08.328499/kpi.jtl
[2017-06-13 09:22:09,246 DEBUG Engine] New artifact filename: /Users/daper01/Documents/OSLo/JMeter/2017-06-13_09-22-08.328499/error.jtl
[2017-06-13 09:22:09,246 DEBUG Engine.jmeter] Enforcing parent sample for transaction controller
[2017-06-13 09:22:09,247 DEBUG JMX] Saving JMX to: /Users/daper01/Documents/OSLo/JMeter/modified_blazedemo_easy_peasy.jmx
[2017-06-13 09:22:09,250 DEBUG Engine.jmeter] Additional properties: defaultdict(None, {'jmeter.save.saveservice.autoflush': 'true', 'jmeter.save.saveservice.connect_time': 'true', 'user.classpath': '/Users/daper01/Documents/OSLo/JMeter/2017-06-13_09-22-08.328499', 'sampleresult.default.encoding': 'UTF-8', 'summariser.name': '', 'jmeterengine.force.system.exit': 'true', 'jmeter.save.saveservice.timestamp_format': 'ms', 'mode': 'Stripped', 'jmeterengine.nongui.maxport': 4445, 'jmeterengine.nongui.port': 4445})
[2017-06-13 09:22:09,250 DEBUG Engine] New artifact filename: /Users/daper01/Documents/OSLo/JMeter/2017-06-13_09-22-08.328499/jmeter-bzt.properties
[2017-06-13 09:22:09,250 DEBUG Engine] New artifact filename: /Users/daper01/Documents/OSLo/JMeter/2017-06-13_09-22-08.328499/jmeter.out
[2017-06-13 09:22:09,251 DEBUG Engine] New artifact filename: /Users/daper01/Documents/OSLo/JMeter/2017-06-13_09-22-08.328499/jmeter.err
[2017-06-13 09:22:09,252 DEBUG Engine] Module config: final-stats defaultdict(None, {'class': 'bzt.modules.reporting.FinalStatus'})
[2017-06-13 09:22:09,252 DEBUG root] Importing module: bzt.modules.reporting
[2017-06-13 09:22:09,381 DEBUG root] Loading class: 'FinalStatus' from <module 'bzt.modules.reporting' from '/usr/local/lib/python2.7/site-packages/bzt/modules/reporting.pyc'>
[2017-06-13 09:22:09,382 DEBUG Engine] Module config: console defaultdict(None, {'class': 'bzt.modules.console.ConsoleStatusReporter'})
[2017-06-13 09:22:09,382 DEBUG root] Importing module: bzt.modules.console
[2017-06-13 09:22:09,382 DEBUG root] Loading class: 'ConsoleStatusReporter' from <module 'bzt.modules.console' from '/usr/local/lib/python2.7/site-packages/bzt/modules/console.pyc'>
[2017-06-13 09:22:09,394 DEBUG Engine.Configuration] Dumping YAML config into /Users/daper01/Documents/OSLo/JMeter/2017-06-13_09-22-08.328499/effective.yml
[2017-06-13 09:22:09,419 DEBUG Engine.Configuration] Dumping JSON config into /Users/daper01/Documents/OSLo/JMeter/2017-06-13_09-22-08.328499/effective.json
[2017-06-13 09:22:09,420 INFO Engine] Starting...
[2017-06-13 09:22:09,420 DEBUG Engine] Startup <bzt.modules.monitoring.Monitoring object at 0x102d3bb90>
[2017-06-13 09:22:09,420 DEBUG Engine] Startup <bzt.modules.aggregator.ConsolidatingAggregator object at 0x102d3b790>
[2017-06-13 09:22:09,420 DEBUG Engine] Startup <bzt.modules.reporting.FinalStatus object at 0x103984f10>
[2017-06-13 09:22:09,420 DEBUG Engine] Startup <bzt.modules.console.ConsoleStatusReporter object at 0x1039a2d50>
[2017-06-13 09:22:09,420 INFO Engine.console] Waiting for results...
[2017-06-13 09:22:09,420 DEBUG Engine] Startup <bzt.modules.provisioning.Local object at 0x102d3b950>
[2017-06-13 09:22:09,421 DEBUG Engine.local] Delay setup for jmeter/simple: 0(start-at) + 0(delay) = 0
[2017-06-13 09:22:09,422 DEBUG Engine.Configuration] Dumping YAML config into /Users/daper01/Documents/OSLo/JMeter/2017-06-13_09-22-08.328499/effective.yml
[2017-06-13 09:22:09,445 DEBUG Engine.Configuration] Dumping JSON config into /Users/daper01/Documents/OSLo/JMeter/2017-06-13_09-22-08.328499/effective.json
[2017-06-13 09:22:09,445 DEBUG root] Leveling down log file verbosity, use -v option to have DEBUG messages enabled
[2017-06-13 09:22:09,663 INFO Engine.console] Waiting for finish...
[2017-06-13 09:22:22,031 WARNING Engine] Please wait for graceful shutdown...
[2017-06-13 09:22:22,039 DEBUG root] Leveled up log file verbosity
[2017-06-13 09:22:22,039 INFO Engine] Shutting down...
[2017-06-13 09:22:22,046 DEBUG Engine.local] Shutdown jmeter/simple
[2017-06-13 09:22:22,047 DEBUG Engine.console] Restoring logging streams, [<logging.StreamHandler object at 0x102d3b750>]/{<logging.StreamHandler object at 0x102d3b750>: <open file '<stdout>', mode 'w' at 0x101bf9150>}
[2017-06-13 09:22:22,049 DEBUG Engine.Configuration] Dumping YAML config into /Users/daper01/Documents/OSLo/JMeter/2017-06-13_09-22-08.328499/effective.yml
[2017-06-13 09:22:22,078 DEBUG Engine.Configuration] Dumping JSON config into /Users/daper01/Documents/OSLo/JMeter/2017-06-13_09-22-08.328499/effective.json
[2017-06-13 09:22:22,080 INFO Engine] Post-processing...
[2017-06-13 09:22:22,080 DEBUG Engine.local] Post-process jmeter/simple
[2017-06-13 09:22:22,080 DEBUG Engine] Add existing artifact (move=True): /Users/daper01/Documents/OSLo/JMeter/modified_blazedemo_easy_peasy.jmx
[2017-06-13 09:22:22,081 DEBUG Engine] Moving /Users/daper01/Documents/OSLo/JMeter/modified_blazedemo_easy_peasy.jmx to /Users/daper01/Documents/OSLo/JMeter/2017-06-13_09-22-08.328499/modified_blazedemo_easy_peasy.jmx
[2017-06-13 09:22:22,081 DEBUG Engine.jmeter.JTLReader.IncrementalCSVReader] Reading JTL: /Users/daper01/Documents/OSLo/JMeter/2017-06-13_09-22-08.328499/kpi.jtl
[2017-06-13 09:22:22,081 DEBUG Engine.jmeter.JTLReader.IncrementalCSVReader] Read lines: 0 / 0 bytes (at speed 1048576)
[2017-06-13 09:22:22,081 DEBUG Engine.jmeter.JTLReader] Buffer len: 2
[2017-06-13 09:22:22,081 DEBUG Engine.jmeter.JTLReader] Aggregating: 1497370939
[2017-06-13 09:22:22,084 DEBUG Engine.jmeter.JTLReader] Aggregating: 1497370940
[2017-06-13 09:22:22,087 DEBUG Engine.consolidator] Consolidator buffer[4]: [1497370937, 1497370938, 1497370939, 1497370940]
[2017-06-13 09:22:22,087 DEBUG Engine.consolidator] Merging into 1497370937
[2017-06-13 09:22:22,089 DEBUG Engine.consolidator] Merging 1497370937
[2017-06-13 09:22:22,097 DEBUG Engine.consolidator] Processed datapoint: 1497370937/None
[2017-06-13 09:22:22,097 DEBUG Engine.consolidator] Merging into 1497370938
[2017-06-13 09:22:22,097 DEBUG Engine.consolidator] Merging 1497370938
[2017-06-13 09:22:22,111 DEBUG Engine.consolidator] Processed datapoint: 1497370938/None
[2017-06-13 09:22:22,111 DEBUG Engine.consolidator] Merging into 1497370939
[2017-06-13 09:22:22,111 DEBUG Engine.consolidator] Merging 1497370939
[2017-06-13 09:22:22,125 DEBUG Engine.consolidator] Processed datapoint: 1497370939/None
[2017-06-13 09:22:22,125 DEBUG Engine.consolidator] Merging into 1497370940
[2017-06-13 09:22:22,125 DEBUG Engine.consolidator] Merging 1497370940
[2017-06-13 09:22:22,139 DEBUG Engine.consolidator] Processed datapoint: 1497370940/None
[2017-06-13 09:22:22,139 INFO Engine.final-stats] Test duration: 0:00:13
[2017-06-13 09:22:22,140 INFO Engine.final-stats] Samples count: 246, 26.42% failures
[2017-06-13 09:22:22,140 INFO Engine.final-stats] Average times: total 0.223, latency 0.221, connect 0.000
[2017-06-13 09:22:22,140 INFO Engine.final-stats] Percentile 0.0%: 0.184
[2017-06-13 09:22:22,140 INFO Engine.final-stats] Percentile 50.0%: 0.199
[2017-06-13 09:22:22,141 INFO Engine.final-stats] Percentile 90.0%: 0.376
[2017-06-13 09:22:22,141 INFO Engine.final-stats] Percentile 95.0%: 0.392
[2017-06-13 09:22:22,141 INFO Engine.final-stats] Percentile 99.0%: 0.403
[2017-06-13 09:22:22,141 INFO Engine.final-stats] Percentile 99.9%: 0.633
[2017-06-13 09:22:22,142 INFO Engine.final-stats] Percentile 100.0%: 0.633
[2017-06-13 09:22:22,142 DEBUG Engine.console] No logger_handler or orig_stream was detected
[2017-06-13 09:22:22,146 DEBUG Engine.Configuration] Dumping YAML config into /Users/daper01/Documents/OSLo/JMeter/2017-06-13_09-22-08.328499/effective.yml
[2017-06-13 09:22:22,195 DEBUG Engine.Configuration] Dumping JSON config into /Users/daper01/Documents/OSLo/JMeter/2017-06-13_09-22-08.328499/effective.json
[2017-06-13 09:22:22,197 INFO root] Artifacts dir: /Users/daper01/Documents/OSLo/JMeter/2017-06-13_09-22-08.328499
[2017-06-13 09:22:22,198 INFO root] Done performing with code: 0
[2017-06-13 09:22:22,198 DEBUG root] Closing log handler: /Users/daper01/Documents/OSLo/JMeter/2017-06-13_09-22-08.328499/bzt.log
