2017/06/13 09:22:10 INFO  - jmeter.util.JMeterUtils: Setting Locale to en_US 
2017/06/13 09:22:10 INFO  - jmeter.JMeter: Loading user properties from: /Users/daper01/.bzt/jmeter-taurus/bin/user.properties 
2017/06/13 09:22:10 INFO  - jmeter.JMeter: Loading system properties from: /Users/daper01/.bzt/jmeter-taurus/bin/system.properties 
2017/06/13 09:22:10 INFO  - jmeter.JMeter: Copyright (c) 1998-2016 The Apache Software Foundation 
2017/06/13 09:22:10 INFO  - jmeter.JMeter: Version 3.1 r1770033 
2017/06/13 09:22:10 INFO  - jmeter.JMeter: java.version=1.8.0_121 
2017/06/13 09:22:10 INFO  - jmeter.JMeter: java.vm.name=Java HotSpot(TM) 64-Bit Server VM 
2017/06/13 09:22:10 INFO  - jmeter.JMeter: os.name=Mac OS X 
2017/06/13 09:22:10 INFO  - jmeter.JMeter: os.arch=x86_64 
2017/06/13 09:22:10 INFO  - jmeter.JMeter: os.version=10.12.3 
2017/06/13 09:22:10 INFO  - jmeter.JMeter: file.encoding=UTF-8 
2017/06/13 09:22:10 INFO  - jmeter.JMeter: Max memory     =3817865216 
2017/06/13 09:22:10 INFO  - jmeter.JMeter: Available Processors =4 
2017/06/13 09:22:10 INFO  - jmeter.JMeter: Default Locale=English (United States) 
2017/06/13 09:22:10 INFO  - jmeter.JMeter: JMeter  Locale=English (United States) 
2017/06/13 09:22:10 INFO  - jmeter.JMeter: JMeterHome=/Users/daper01/.bzt/jmeter-taurus 
2017/06/13 09:22:10 INFO  - jmeter.JMeter: user.dir  =/Users/daper01/Documents/OSLo/JMeter 
2017/06/13 09:22:10 INFO  - jmeter.JMeter: PWD       =/Users/daper01/Documents/OSLo/JMeter 
2017/06/13 09:22:10 INFO  - jmeter.JMeter: IP: 192.168.128.176 Name: daper01mac1124 FullName: 192.168.128.176 
2017/06/13 09:22:10 INFO  - jmeter.JMeter: user.classpath=/Users/daper01/Documents/OSLo/JMeter/2017-06-13_09-22-08.328499 
2017/06/13 09:22:10 INFO  - jmeter.JMeter: Adding to classpath and loader: /Users/daper01/Documents/OSLo/JMeter/2017-06-13_09-22-08.328499 
2017/06/13 09:22:10 INFO  - jmeter.services.FileServer: Default base='/Users/daper01/Documents/OSLo/JMeter' 
2017/06/13 09:22:10 INFO  - jmeter.services.FileServer: Set new base='/Users/daper01/Documents/OSLo/JMeter' 
2017/06/13 09:22:10 INFO  - jmeter.save.SaveService: Testplan (JMX) version: 2.2. Testlog (JTL) version: 2.2 
2017/06/13 09:22:10 INFO  - jmeter.save.SaveService: Using SaveService properties file encoding UTF-8 
2017/06/13 09:22:10 INFO  - jmeter.save.SaveService: Using SaveService properties version 3.1 
2017/06/13 09:22:10 INFO  - jmeter.save.SaveService: All converter versions present and correct 
2017/06/13 09:22:10 INFO  - jmeter.save.SaveService: Loading file: /Users/daper01/Documents/OSLo/JMeter/modified_blazedemo_easy_peasy.jmx 
2017/06/13 09:22:10 INFO  - jmeter.protocol.http.control.CookieManager: Settings: Delete null: true Check: true Allow variable: true Save: false Prefix: COOKIE_ 
2017/06/13 09:22:10 INFO  - jmeter.protocol.http.control.CacheManager: Will only cache the following methods: [GET] 
2017/06/13 09:22:10 INFO  - jmeter.protocol.http.sampler.HTTPSamplerBase: Parser for text/html is org.apache.jmeter.protocol.http.parser.LagartoBasedHtmlParser 
2017/06/13 09:22:10 INFO  - jmeter.protocol.http.sampler.HTTPSamplerBase: Parser for application/xhtml+xml is org.apache.jmeter.protocol.http.parser.LagartoBasedHtmlParser 
2017/06/13 09:22:10 INFO  - jmeter.protocol.http.sampler.HTTPSamplerBase: Parser for application/xml is org.apache.jmeter.protocol.http.parser.LagartoBasedHtmlParser 
2017/06/13 09:22:10 INFO  - jmeter.protocol.http.sampler.HTTPSamplerBase: Parser for text/xml is org.apache.jmeter.protocol.http.parser.LagartoBasedHtmlParser 
2017/06/13 09:22:10 INFO  - jmeter.protocol.http.sampler.HTTPSamplerBase: Parser for text/vnd.wap.wml is org.apache.jmeter.protocol.http.parser.RegexpHTMLParser 
2017/06/13 09:22:10 INFO  - jmeter.protocol.http.sampler.HTTPSamplerBase: Parser for text/css is org.apache.jmeter.protocol.http.parser.CssParser 
2017/06/13 09:22:10 INFO  - jmeter.engine.StandardJMeterEngine: Running the test! 
2017/06/13 09:22:10 INFO  - jmeter.samplers.SampleEvent: List of sample_variables: [] 
2017/06/13 09:22:10 INFO  - jmeter.samplers.SampleEvent: List of sample_variables: [] 
2017/06/13 09:22:10 INFO  - jmeter.engine.util.CompoundVariable: Note: Function class names must contain the string: '.functions.' 
2017/06/13 09:22:10 INFO  - jmeter.engine.util.CompoundVariable: Note: Function class names must not contain the string: '.gui.' 
2017/06/13 09:22:10 INFO  - jmeter.JMeter: Running test (1497370930713) 
2017/06/13 09:22:10 INFO  - jmeter.engine.StandardJMeterEngine: Starting ThreadGroup: 1 : Thread Group 
2017/06/13 09:22:10 INFO  - jmeter.engine.StandardJMeterEngine: Starting 10 threads for group Thread Group. 
2017/06/13 09:22:10 INFO  - jmeter.engine.StandardJMeterEngine: Thread will continue on error 
2017/06/13 09:22:10 INFO  - jmeter.threads.ThreadGroup: Starting thread group number 1 threads 10 ramp-up 10 perThread 1000.0 delayedStart=false 
2017/06/13 09:22:10 INFO  - jmeter.threads.JMeterThread: Thread started: Thread Group 1-1 
2017/06/13 09:22:10 INFO  - jmeter.protocol.http.sampler.HTTPHCAbstractImpl: Local host = daper01mac1124 
2017/06/13 09:22:10 INFO  - jmeter.protocol.http.sampler.HTTPHC4Impl: HTTP request retry count = 0 
2017/06/13 09:22:10 INFO  - jmeter.threads.ThreadGroup: Started thread group number 1 
2017/06/13 09:22:10 INFO  - jmeter.engine.StandardJMeterEngine: All thread groups have been started 
2017/06/13 09:22:10 INFO  - jmeter.samplers.SampleResult: Note: Sample TimeStamps are START times 
2017/06/13 09:22:10 INFO  - jmeter.samplers.SampleResult: sampleresult.default.encoding is set to UTF-8 
2017/06/13 09:22:10 INFO  - jmeter.samplers.SampleResult: sampleresult.useNanoTime=true 
2017/06/13 09:22:10 INFO  - jmeter.samplers.SampleResult: sampleresult.nanoThreadSleep=5000 
2017/06/13 09:22:11 INFO  - jmeter.threads.JMeterThread: Thread started: Thread Group 1-2 
2017/06/13 09:22:12 INFO  - jmeter.threads.JMeterThread: Thread started: Thread Group 1-3 
2017/06/13 09:22:13 INFO  - jmeter.threads.JMeterThread: Thread started: Thread Group 1-4 
2017/06/13 09:22:14 INFO  - jmeter.threads.JMeterThread: Thread started: Thread Group 1-5 
2017/06/13 09:22:15 INFO  - jmeter.threads.JMeterThread: Thread started: Thread Group 1-6 
2017/06/13 09:22:16 INFO  - jmeter.threads.JMeterThread: Thread started: Thread Group 1-7 
2017/06/13 09:22:17 INFO  - jmeter.threads.JMeterThread: Thread started: Thread Group 1-8 
2017/06/13 09:22:18 INFO  - jmeter.threads.JMeterThread: Thread started: Thread Group 1-9 
2017/06/13 09:22:19 INFO  - jmeter.threads.JMeterThread: Thread started: Thread Group 1-10 
2017/06/13 09:22:20 INFO  - jmeter.threads.JMeterThread: Stopping because end time detected by thread: Thread Group 1-8 
2017/06/13 09:22:20 INFO  - jmeter.threads.JMeterThread: Thread finished: Thread Group 1-8 
2017/06/13 09:22:20 INFO  - jmeter.threads.JMeterThread: Stopping because end time detected by thread: Thread Group 1-4 
2017/06/13 09:22:20 INFO  - jmeter.threads.JMeterThread: Thread finished: Thread Group 1-4 
2017/06/13 09:22:20 INFO  - jmeter.threads.JMeterThread: Stopping because end time detected by thread: Thread Group 1-6 
2017/06/13 09:22:20 INFO  - jmeter.threads.JMeterThread: Thread finished: Thread Group 1-6 
2017/06/13 09:22:20 INFO  - jmeter.threads.JMeterThread: Stopping because end time detected by thread: Thread Group 1-2 
2017/06/13 09:22:20 INFO  - jmeter.threads.JMeterThread: Stopping because end time detected by thread: Thread Group 1-5 
2017/06/13 09:22:20 INFO  - jmeter.threads.JMeterThread: Thread finished: Thread Group 1-5 
2017/06/13 09:22:20 INFO  - jmeter.threads.JMeterThread: Thread finished: Thread Group 1-2 
2017/06/13 09:22:20 INFO  - jmeter.threads.JMeterThread: Stopping because end time detected by thread: Thread Group 1-9 
2017/06/13 09:22:20 INFO  - jmeter.threads.JMeterThread: Thread finished: Thread Group 1-9 
2017/06/13 09:22:20 INFO  - jmeter.threads.JMeterThread: Stopping because end time detected by thread: Thread Group 1-10 
2017/06/13 09:22:20 INFO  - jmeter.threads.JMeterThread: Thread finished: Thread Group 1-10 
2017/06/13 09:22:20 INFO  - jmeter.threads.JMeterThread: Stopping because end time detected by thread: Thread Group 1-1 
2017/06/13 09:22:20 INFO  - jmeter.threads.JMeterThread: Thread finished: Thread Group 1-1 
2017/06/13 09:22:20 INFO  - jmeter.threads.JMeterThread: Stopping because end time detected by thread: Thread Group 1-3 
2017/06/13 09:22:20 INFO  - jmeter.threads.JMeterThread: Thread finished: Thread Group 1-3 
2017/06/13 09:22:20 INFO  - jmeter.threads.JMeterThread: Stopping because end time detected by thread: Thread Group 1-7 
2017/06/13 09:22:20 INFO  - jmeter.threads.JMeterThread: Thread finished: Thread Group 1-7 
2017/06/13 09:22:20 INFO  - jmeter.engine.StandardJMeterEngine: Notifying test listeners of end of test 
2017/06/13 09:22:20 INFO  - jmeter.engine.StandardJMeterEngine: Forced JVM shutdown requested at end of test 
