[2017-12-08 10:37:56,492 INFO root] Taurus CLI Tool v1.9.6
[2017-12-08 10:37:56,493 DEBUG root] Command-line options: {'verbose': None, 'no_system_configs': None, 'quiet': None, 'log': '/var/folders/vq/xzrdy2lx047cst78f69v8z3xfzqz1q/T/bzt_uKg9K6.log', 'option': None, 'aliases': []}
[2017-12-08 10:37:56,493 DEBUG root] Python: CPython 2.7.13
[2017-12-08 10:37:56,493 DEBUG root] OS: ('Darwin', 'daper01mac1124', '17.2.0', 'Darwin Kernel Version 17.2.0: Fri Sep 29 18:27:05 PDT 2017; root:xnu-4570.20.62~3/RELEASE_X86_64', 'x86_64', 'i386')
[2017-12-08 10:37:56,493 INFO root] Starting with configs: ['load_scenario_from_csv.yml', 'execution_jmeter_stress.yml']
[2017-12-08 10:37:56,493 DEBUG root] Using personal config: /Users/daper01/.bzt-rc
[2017-12-08 10:37:56,493 INFO Engine] Configuring...
[2017-12-08 10:37:56,493 DEBUG Engine] Reading extension configs from: /usr/local/etc/bzt.d
[2017-12-08 10:37:56,494 DEBUG Engine.Configuration] Configs: ['/usr/local/lib/python2.7/site-packages/bzt/resources/base-config.yml', '/usr/local/etc/bzt.d/99-installID.yml']
[2017-12-08 10:37:56,494 DEBUG Engine.Configuration] Reading /usr/local/lib/python2.7/site-packages/bzt/resources/base-config.yml as YAML
[2017-12-08 10:37:56,522 DEBUG Engine.Configuration] Reading /usr/local/etc/bzt.d/99-installID.yml as YAML
[2017-12-08 10:37:56,523 DEBUG Engine.Configuration] Configs: ['/Users/daper01/.bzt-rc', 'load_scenario_from_csv.yml', 'execution_jmeter_stress.yml']
[2017-12-08 10:37:56,523 DEBUG Engine.Configuration] Reading /Users/daper01/.bzt-rc as YAML
[2017-12-08 10:37:56,525 DEBUG Engine.Configuration] Reading load_scenario_from_csv.yml as YAML
[2017-12-08 10:37:56,547 DEBUG Engine.Configuration] Reading execution_jmeter_stress.yml as YAML
[2017-12-08 10:37:56,553 DEBUG Engine.Configuration] Configs: ['/Users/daper01/.bzt-rc', 'load_scenario_from_csv.yml', 'execution_jmeter_stress.yml']
[2017-12-08 10:37:56,554 DEBUG Engine.Configuration] Reading /Users/daper01/.bzt-rc as YAML
[2017-12-08 10:37:56,555 DEBUG Engine.Configuration] Reading load_scenario_from_csv.yml as YAML
[2017-12-08 10:37:56,561 DEBUG Engine.Configuration] Reading execution_jmeter_stress.yml as YAML
[2017-12-08 10:37:56,588 DEBUG Engine] Requesting updates info: http://gettaurus.org/updates/?version=1.9.6&installID=784f43782a15
[2017-12-08 10:37:56,594 INFO Engine] Artifacts dir: /Users/daper01/Documents/OSLo/2017-12-08_10-37-56.589067
[2017-12-08 10:37:56,595 DEBUG Engine] New artifact filename: /Users/daper01/Documents/OSLo/2017-12-08_10-37-56.589067/effective
[2017-12-08 10:37:56,600 DEBUG Engine.Configuration] Dumping YAML config into /Users/daper01/Documents/OSLo/2017-12-08_10-37-56.589067/effective.yml
[2017-12-08 10:37:56,643 DEBUG Engine.Configuration] Dumping JSON config into /Users/daper01/Documents/OSLo/2017-12-08_10-37-56.589067/effective.json
[2017-12-08 10:37:56,645 DEBUG Engine] New artifact filename: /Users/daper01/Documents/OSLo/2017-12-08_10-37-56.589067/merged.yml
[2017-12-08 10:37:56,646 DEBUG Engine.Configuration] Dumping YAML config into /Users/daper01/Documents/OSLo/2017-12-08_10-37-56.589067/merged.yml
[2017-12-08 10:37:56,658 DEBUG Engine] New artifact filename: /Users/daper01/Documents/OSLo/2017-12-08_10-37-56.589067/merged.json
[2017-12-08 10:37:56,660 DEBUG Engine.Configuration] Dumping JSON config into /Users/daper01/Documents/OSLo/2017-12-08_10-37-56.589067/merged.json
[2017-12-08 10:37:56,661 DEBUG Engine] Add existing artifact (move=False): load_scenario_from_csv.yml
[2017-12-08 10:37:56,661 DEBUG Engine] Copying load_scenario_from_csv.yml to /Users/daper01/Documents/OSLo/2017-12-08_10-37-56.589067/load_scenario_from_csv.yml
[2017-12-08 10:37:56,662 DEBUG Engine] Add existing artifact (move=False): execution_jmeter_stress.yml
[2017-12-08 10:37:56,662 DEBUG Engine] Copying execution_jmeter_stress.yml to /Users/daper01/Documents/OSLo/2017-12-08_10-37-56.589067/execution_jmeter_stress.yml
[2017-12-08 10:37:56,662 DEBUG root] Closing log handler: /var/folders/vq/xzrdy2lx047cst78f69v8z3xfzqz1q/T/bzt_uKg9K6.log
[2017-12-08 10:37:56,700 DEBUG root] Switched writing logs to /Users/daper01/Documents/OSLo/2017-12-08_10-37-56.589067/bzt.log
[2017-12-08 10:37:56,700 INFO Engine] Preparing...
[2017-12-08 10:37:56,701 DEBUG Engine] Module config: consolidator defaultdict(None, {'class': 'bzt.modules.aggregator.ConsolidatingAggregator'})
[2017-12-08 10:37:56,701 DEBUG root] Importing module: bzt.modules.aggregator
[2017-12-08 10:37:56,711 DEBUG root] Loading class: 'ConsolidatingAggregator' from <module 'bzt.modules.aggregator' from '/usr/local/lib/python2.7/site-packages/bzt/modules/aggregator.pyc'>
[2017-12-08 10:37:56,711 DEBUG Engine.consolidator] Exception in dehumanize_time(inf)
[2017-12-08 10:37:56,711 DEBUG Engine.consolidator] Buffer scaling setup: percentile 95.0 from [0.0, 50.0, 90.0, 95.0, 99.0, 99.9, 100.0] selected
[2017-12-08 10:37:56,712 DEBUG Engine] Module config: monitoring defaultdict(None, {'class': 'bzt.modules.monitoring.Monitoring'})
[2017-12-08 10:37:56,712 DEBUG root] Importing module: bzt.modules.monitoring
[2017-12-08 10:37:56,754 DEBUG root] Loading class: 'Monitoring' from <module 'bzt.modules.monitoring' from '/usr/local/lib/python2.7/site-packages/bzt/modules/monitoring.pyc'>
[2017-12-08 10:37:56,754 DEBUG Engine] Module config: local defaultdict(None, {'class': 'bzt.modules.provisioning.Local'})
[2017-12-08 10:37:56,754 DEBUG root] Importing module: bzt.modules.provisioning
[2017-12-08 10:37:56,755 DEBUG root] Loading class: 'Local' from <module 'bzt.modules.provisioning' from '/usr/local/lib/python2.7/site-packages/bzt/modules/provisioning.pyc'>
[2017-12-08 10:37:56,755 DEBUG Engine] Module config: jmeter defaultdict(None, {'properties': defaultdict(None, {'jmeter.save.saveservice.autoflush': 'true', 'summariser.name': '', 'jmeter.save.saveservice.connect_time': 'true', 'mode': 'Stripped', 'jmeterengine.force.system.exit': 'true'}), 'class': 'bzt.modules.jmeter.JMeterExecutor', 'plugins': ['jpgc-casutg', 'jpgc-dummy', 'jpgc-ffw', 'jpgc-fifo', 'jpgc-functions', 'jpgc-json', 'jpgc-perfmon', 'jpgc-prmctl', 'jpgc-tst']})
[2017-12-08 10:37:56,755 DEBUG root] Importing module: bzt.modules.jmeter
[2017-12-08 10:37:56,781 DEBUG root] Loading class: 'JMeterExecutor' from <module 'bzt.modules.jmeter' from '/usr/local/lib/python2.7/site-packages/bzt/modules/jmeter.pyc'>
[2017-12-08 10:37:56,781 DEBUG Engine.local] Preparing executor: jmeter/4422610512
[2017-12-08 10:37:56,782 DEBUG Engine] New artifact filename: /Users/daper01/Documents/OSLo/2017-12-08_10-37-56.589067/jmeter.log
[2017-12-08 10:37:56,782 DEBUG Engine.jmeter] Checking if port 4445 is free
[2017-12-08 10:37:56,783 DEBUG Engine.jmeter] Port 4445 is free
[2017-12-08 10:37:56,783 DEBUG Engine.jmeter] Using port 4445 for management
[2017-12-08 10:37:56,783 DEBUG Engine.jmeter.JavaVM] Trying JavaVM: ['java', '-version']
[2017-12-08 10:37:56,921 DEBUG Engine.jmeter.JavaVM] JavaVM output: java version "1.8.0_121"
Java(TM) SE Runtime Environment (build 1.8.0_121-b13)
Java HotSpot(TM) 64-Bit Server VM (build 25.121-b13, mixed mode)

[2017-12-08 10:37:56,921 DEBUG Engine.jmeter.TclLibrary] We don't need to check tcl library on this platform
[2017-12-08 10:37:56,922 DEBUG Engine.jmeter.JMeter] Trying jmeter: /Users/daper01/.bzt/jmeter-taurus/3.3/bin/jmeter.sh
[2017-12-08 10:37:56,923 DEBUG bzt.utils] Executing shell: ['/Users/daper01/.bzt/jmeter-taurus/3.3/bin/jmeter.sh', '-j', '/var/folders/vq/xzrdy2lx047cst78f69v8z3xfzqz1q/T/jmeterMa036slog', '--version']
[2017-12-08 10:37:57,215 DEBUG Engine] Taurus updates info: {"latest":"1.10.3","needsUpgrade":true}
[2017-12-08 10:37:57,215 WARNING Engine] There is newer version of Taurus 1.10.3 available, consider upgrading. What's new: http://gettaurus.org/docs/Changelog/
[2017-12-08 10:37:58,165 DEBUG Engine.jmeter.JMeter] JMeter check:     _    ____   _    ____ _   _ _____       _ __  __ _____ _____ _____ ____     
   / \  |  _ \ / \  / ___| | | | ____|     | |  \/  | ____|_   _| ____|  _ \   
  / _ \ | |_) / _ \| |   | |_| |  _|    _  | | |\/| |  _|   | | |  _| | |_) | 
 / ___ \|  __/ ___ \ |___|  _  | |___  | |_| | |  | | |___  | | | |___|  _ <  
/_/   \_\_| /_/   \_\____|_| |_|_____|  \___/|_|  |_|_____| |_| |_____|_| \_\ 3.3 r1808647  

Copyright (c) 1999-2017 The Apache Software Foundation

 / None
[2017-12-08 10:37:58,165 DEBUG Engine] New artifact filename: /Users/daper01/Documents/OSLo/2017-12-08_10-37-56.589067/requests.jmx
[2017-12-08 10:37:58,169 DEBUG JMeterScenarioBuilder] Saving JMX to: /Users/daper01/Documents/OSLo/2017-12-08_10-37-56.589067/requests.jmx
[2017-12-08 10:37:58,170 DEBUG bzt.utils] Executing shell: ['/Users/daper01/.bzt/jmeter-taurus/3.3/bin/PluginsManagerCMD.sh', 'install-for-jmx', '/Users/daper01/Documents/OSLo/2017-12-08_10-37-56.589067/requests.jmx']
[2017-12-08 10:38:00,784 DEBUG Engine.jmeter.JMeter] Try to detect plugins for /Users/daper01/Documents/OSLo/2017-12-08_10-37-56.589067/requests.jmx
10:37:59.816 [main] INFO  org.jmeterplugins.repository.PluginManager - Plugins Status: [jpgc-functions=2.0, jpgc-casutg=2.1, jpgc-dummy=0.2, jpgc-ffw=2.0, jpgc-fifo=0.2, jpgc-json=2.6, jpgc-prmctl=0.3, jpgc-perfmon=2.1, jpgc-plugins-manager=0.16, jpgc-tst=2.1, jmeter-core=3.3, jmeter-ftp=3.3, jmeter-http=3.3, jmeter-jdbc=3.3, jmeter-jms=3.3, jmeter-junit=3.3, jmeter-java=3.3, jmeter-ldap=3.3, jmeter-mail=3.3, jmeter-mongodb=3.3, jmeter-native=3.3, jmeter-tcp=3.3, jmeter-components=3.3]
2017-12-08 10:37:59,816 INFO o.j.r.PluginManager: Plugins Status: [jpgc-functions=2.0, jpgc-casutg=2.1, jpgc-dummy=0.2, jpgc-ffw=2.0, jpgc-fifo=0.2, jpgc-json=2.6, jpgc-prmctl=0.3, jpgc-perfmon=2.1, jpgc-plugins-manager=0.16, jpgc-tst=2.1, jmeter-core=3.3, jmeter-ftp=3.3, jmeter-http=3.3, jmeter-jdbc=3.3, jmeter-jms=3.3, jmeter-junit=3.3, jmeter-java=3.3, jmeter-ldap=3.3, jmeter-mail=3.3, jmeter-mongodb=3.3, jmeter-native=3.3, jmeter-tcp=3.3, jmeter-components=3.3]
10:38:00.225 [main] INFO  org.apache.jmeter.save.SaveService - Testplan (JMX) version: 2.2. Testlog (JTL) version: 2.2
2017-12-08 10:38:00,225 INFO o.a.j.s.SaveService: Testplan (JMX) version: 2.2. Testlog (JTL) version: 2.2
10:38:00.241 [main] INFO  org.apache.jmeter.save.SaveService - Using SaveService properties file encoding UTF-8
2017-12-08 10:38:00,241 INFO o.a.j.s.SaveService: Using SaveService properties file encoding UTF-8
10:38:00.245 [main] INFO  org.apache.jmeter.save.SaveService - Using SaveService properties version 3.2
2017-12-08 10:38:00,245 INFO o.a.j.s.SaveService: Using SaveService properties version 3.2
10:38:00.280 [main] INFO  org.apache.jmeter.protocol.http.control.CacheManager - Will only cache the following methods: [GET]
2017-12-08 10:38:00,280 INFO o.a.j.p.h.c.CacheManager: Will only cache the following methods: [GET]
10:38:00.283 [main] INFO  org.apache.jmeter.protocol.http.control.CookieManager - Settings: Delete null: true Check: true Allow variable: true Save: false Prefix: COOKIE_
2017-12-08 10:38:00,283 INFO o.a.j.p.h.c.CookieManager: Settings: Delete null: true Check: true Allow variable: true Save: false Prefix: COOKIE_
10:38:00.365 [main] INFO  org.jmeterplugins.repository.PluginManager - Restarting JMeter...
2017-12-08 10:38:00,365 INFO o.j.r.PluginManager: Restarting JMeter...
10:38:00.367 [Thread-1] INFO  org.jmeterplugins.repository.PluginManager - Starting JMeter Plugins modifications
2017-12-08 10:38:00,367 INFO o.j.r.PluginManager: Starting JMeter Plugins modifications

ERROR StatusLogger No log4j2 configuration file found. Using default configuration: logging only errors to the console. Set system property 'org.apache.logging.log4j.simplelog.StatusLogger.level' to TRACE to show Log4j2 internal initialization logging.

[2017-12-08 10:38:00,784 DEBUG Engine.jmeter] Load: LoadSpec(concurrency=50, throughput=None, ramp_up=30.0, hold=360.0, iterations=0, duration=390.0, steps=10)
[2017-12-08 10:38:00,787 DEBUG Engine.jmeter.LoadSettingsProcessor.ThreadGroupHandler] Converting ThreadGroup (blazedemo) to ConcurrencyThreadGroup and apply load parameters
[2017-12-08 10:38:00,788 DEBUG Engine] New artifact filename: /Users/daper01/Documents/OSLo/2017-12-08_10-37-56.589067/kpi.jtl
[2017-12-08 10:38:00,788 DEBUG Engine] New artifact filename: /Users/daper01/Documents/OSLo/2017-12-08_10-37-56.589067/error.jtl
[2017-12-08 10:38:00,789 DEBUG Engine] New artifact filename: /Users/daper01/Documents/OSLo/2017-12-08_10-37-56.589067/modified_requests.jmx
[2017-12-08 10:38:00,789 DEBUG JMX] Saving JMX to: /Users/daper01/Documents/OSLo/2017-12-08_10-37-56.589067/modified_requests.jmx
[2017-12-08 10:38:00,789 DEBUG Engine.jmeter] Additional properties: defaultdict(None, {'jmeter.save.saveservice.autoflush': 'true', 'jmeter.save.saveservice.connect_time': 'true', 'user.classpath': '/Users/daper01/Documents/OSLo/2017-12-08_10-37-56.589067', 'sampleresult.default.encoding': 'UTF-8', 'summariser.name': '', 'jmeterengine.force.system.exit': 'true', 'jmeter.save.saveservice.timestamp_format': 'ms', 'mode': 'Stripped', 'jmeterengine.nongui.maxport': 4445, 'jmeterengine.nongui.port': 4445})
[2017-12-08 10:38:00,790 DEBUG Engine] New artifact filename: /Users/daper01/Documents/OSLo/2017-12-08_10-37-56.589067/jmeter-bzt.properties
[2017-12-08 10:38:00,790 DEBUG Engine.jmeter] Additional system properties defaultdict(None, {'sun.net.inetaddr.ttl': 0})
[2017-12-08 10:38:00,790 DEBUG Engine] New artifact filename: /Users/daper01/Documents/OSLo/2017-12-08_10-37-56.589067/system.properties
[2017-12-08 10:38:00,790 DEBUG Engine] New artifact filename: /Users/daper01/Documents/OSLo/2017-12-08_10-37-56.589067/jmeter.out
[2017-12-08 10:38:00,791 DEBUG Engine] New artifact filename: /Users/daper01/Documents/OSLo/2017-12-08_10-37-56.589067/jmeter.err
[2017-12-08 10:38:00,791 DEBUG Engine] Module config: final-stats defaultdict(None, {'class': 'bzt.modules.reporting.FinalStatus'})
[2017-12-08 10:38:00,791 DEBUG root] Importing module: bzt.modules.reporting
[2017-12-08 10:38:00,896 DEBUG easyprocess] version=0.2.3
[2017-12-08 10:38:00,899 DEBUG pyvirtualdisplay] version=0.2.1
[2017-12-08 10:38:00,901 DEBUG root] Loading class: 'FinalStatus' from <module 'bzt.modules.reporting' from '/usr/local/lib/python2.7/site-packages/bzt/modules/reporting.pyc'>
[2017-12-08 10:38:00,901 DEBUG Engine] Module config: console defaultdict(None, {'class': 'bzt.modules.console.ConsoleStatusReporter'})
[2017-12-08 10:38:00,901 DEBUG root] Importing module: bzt.modules.console
[2017-12-08 10:38:00,901 DEBUG root] Loading class: 'ConsoleStatusReporter' from <module 'bzt.modules.console' from '/usr/local/lib/python2.7/site-packages/bzt/modules/console.pyc'>
[2017-12-08 10:38:00,910 DEBUG Engine.Configuration] Dumping YAML config into /Users/daper01/Documents/OSLo/2017-12-08_10-37-56.589067/effective.yml
[2017-12-08 10:38:00,946 DEBUG Engine.Configuration] Dumping JSON config into /Users/daper01/Documents/OSLo/2017-12-08_10-37-56.589067/effective.json
[2017-12-08 10:38:00,947 INFO Engine] Starting...
[2017-12-08 10:38:00,948 DEBUG Engine] Startup <bzt.modules.monitoring.Monitoring object at 0x10786f390>
[2017-12-08 10:38:00,948 DEBUG Engine] Startup <bzt.modules.aggregator.ConsolidatingAggregator object at 0x10788c6d0>
[2017-12-08 10:38:00,948 DEBUG Engine] Startup <bzt.modules.reporting.FinalStatus object at 0x107850ad0>
[2017-12-08 10:38:00,948 DEBUG Engine] Startup <bzt.modules.console.ConsoleStatusReporter object at 0x1083543d0>
[2017-12-08 10:38:00,948 INFO Engine.console] Waiting for results...
[2017-12-08 10:38:00,949 DEBUG Engine] Startup <bzt.modules.reporting.FinalStatus object at 0x108376790>
[2017-12-08 10:38:00,949 DEBUG Engine] Startup <bzt.modules.provisioning.Local object at 0x10788c190>
[2017-12-08 10:38:00,949 DEBUG Engine.local] Delay setup for jmeter/blazedemo: 0(start-at) + 0(delay) = 0
[2017-12-08 10:38:00,951 DEBUG Engine.Configuration] Dumping YAML config into /Users/daper01/Documents/OSLo/2017-12-08_10-37-56.589067/effective.yml
[2017-12-08 10:38:01,009 DEBUG Engine.Configuration] Dumping JSON config into /Users/daper01/Documents/OSLo/2017-12-08_10-37-56.589067/effective.json
[2017-12-08 10:38:01,011 DEBUG root] Leveling down log file verbosity, use -v option to have DEBUG messages enabled
[2017-12-08 10:38:01,228 INFO Engine.console] Waiting for finish...
[2017-12-08 10:38:49,407 WARNING Engine] Please wait for graceful shutdown...
[2017-12-08 10:38:49,413 DEBUG root] Leveled up log file verbosity
[2017-12-08 10:38:49,414 INFO Engine] Shutting down...
[2017-12-08 10:38:49,421 DEBUG Engine.local] Shutdown jmeter/blazedemo
[2017-12-08 10:38:50,423 INFO Engine.jmeter] Sending Shutdown command to JMeter on port 4445...
[2017-12-08 10:38:51,432 DEBUG Engine.jmeter] JMeter stopped on Shutdown command
[2017-12-08 10:38:51,436 DEBUG Engine.console] Restoring logging streams, [<logging.StreamHandler object at 0x106da4710>]/{<logging.StreamHandler object at 0x106da4710>: <open file '<stdout>', mode 'w' at 0x105e1a150>}
[2017-12-08 10:38:51,451 DEBUG Engine.Configuration] Dumping YAML config into /Users/daper01/Documents/OSLo/2017-12-08_10-37-56.589067/effective.yml
[2017-12-08 10:38:51,540 DEBUG Engine.Configuration] Dumping JSON config into /Users/daper01/Documents/OSLo/2017-12-08_10-37-56.589067/effective.json
[2017-12-08 10:38:51,541 WARNING root] Keyboard interrupt
[2017-12-08 10:38:51,542 DEBUG root] KeyboardInterrupt: 
Traceback (most recent call last):
  File "/usr/local/lib/python2.7/site-packages/bzt/cli.py", line 221, in perform
    self.engine.run()
  File "/usr/local/lib/python2.7/site-packages/bzt/engine.py", line 202, in run
    reraise(exc_info)
  File "/usr/local/lib/python2.7/site-packages/bzt/engine.py", line 184, in run
    self._wait()
  File "/usr/local/lib/python2.7/site-packages/bzt/engine.py", line 227, in _wait
    time.sleep(delay)
KeyboardInterrupt
[2017-12-08 10:38:51,542 INFO Engine] Post-processing...
[2017-12-08 10:38:51,542 DEBUG Engine.local] Post-process jmeter/blazedemo
[2017-12-08 10:38:51,542 DEBUG Engine] Add existing artifact (move=True): /Users/daper01/Documents/OSLo/2017-12-08_10-37-56.589067/modified_requests.jmx
[2017-12-08 10:38:51,542 DEBUG Engine] No need to copy /Users/daper01/Documents/OSLo/2017-12-08_10-37-56.589067/modified_requests.jmx
[2017-12-08 10:38:51,543 DEBUG Engine.jmeter.JTLErrorsReader] Opening /Users/daper01/Documents/OSLo/2017-12-08_10-37-56.589067/error.jtl
[2017-12-08 10:38:51,550 DEBUG Engine.jmeter.JTLReader.IncrementalCSVReader] Reading JTL: /Users/daper01/Documents/OSLo/2017-12-08_10-37-56.589067/kpi.jtl
[2017-12-08 10:38:51,551 DEBUG Engine.jmeter.JTLReader.IncrementalCSVReader] Read lines: 235 / 25051 bytes (at speed 1048576)
[2017-12-08 10:38:51,559 DEBUG Engine.jmeter.JTLReader] Buffer len: 4
[2017-12-08 10:38:51,559 DEBUG Engine.jmeter.JTLReader] Aggregating: 1512758327
[2017-12-08 10:38:51,581 DEBUG Engine.jmeter.JTLReader] Aggregating: 1512758328
[2017-12-08 10:38:51,600 DEBUG Engine.jmeter.JTLReader] Aggregating: 1512758329
[2017-12-08 10:38:51,615 DEBUG Engine.jmeter.JTLReader] Aggregating: 1512758330
[2017-12-08 10:38:51,635 DEBUG Engine.consolidator] Consolidator buffer[6]: [1512758325, 1512758326, 1512758327, 1512758328, 1512758329, 1512758330]
[2017-12-08 10:38:51,636 DEBUG Engine.consolidator] Merging into 1512758325
[2017-12-08 10:38:51,636 DEBUG Engine.consolidator] Merging 1512758325
[2017-12-08 10:38:51,662 DEBUG Engine.consolidator] Processed datapoint: 1512758325/None
[2017-12-08 10:38:51,662 DEBUG Engine.consolidator] Merging into 1512758326
[2017-12-08 10:38:51,662 DEBUG Engine.consolidator] Merging 1512758326
[2017-12-08 10:38:51,681 DEBUG Engine.consolidator] Processed datapoint: 1512758326/None
[2017-12-08 10:38:51,681 DEBUG Engine.consolidator] Merging into 1512758327
[2017-12-08 10:38:51,681 DEBUG Engine.consolidator] Merging 1512758327
[2017-12-08 10:38:51,708 DEBUG Engine.consolidator] Processed datapoint: 1512758327/None
[2017-12-08 10:38:51,708 DEBUG Engine.consolidator] Merging into 1512758328
[2017-12-08 10:38:51,708 DEBUG Engine.consolidator] Merging 1512758328
[2017-12-08 10:38:51,740 DEBUG Engine.consolidator] Processed datapoint: 1512758328/None
[2017-12-08 10:38:51,740 DEBUG Engine.consolidator] Merging into 1512758329
[2017-12-08 10:38:51,740 DEBUG Engine.consolidator] Merging 1512758329
[2017-12-08 10:38:51,772 DEBUG Engine.consolidator] Processed datapoint: 1512758329/None
[2017-12-08 10:38:51,772 DEBUG Engine.consolidator] Merging into 1512758330
[2017-12-08 10:38:51,772 DEBUG Engine.consolidator] Merging 1512758330
[2017-12-08 10:38:51,792 DEBUG Engine.consolidator] Processed datapoint: 1512758330/None
[2017-12-08 10:38:51,792 INFO Engine.final-stats] Test duration: 0:00:51
[2017-12-08 10:38:51,792 INFO Engine.final-stats] Samples count: 5653, 0.87% failures
[2017-12-08 10:38:51,792 INFO Engine.final-stats] Average times: total 0.287, latency 0.279, connect 0.000
[2017-12-08 10:38:51,792 INFO Engine.final-stats] Percentile 0.0%: 0.097
[2017-12-08 10:38:51,792 INFO Engine.final-stats] Percentile 50.0%: 0.273
[2017-12-08 10:38:51,792 INFO Engine.final-stats] Percentile 90.0%: 0.394
[2017-12-08 10:38:51,793 INFO Engine.final-stats] Percentile 95.0%: 0.415
[2017-12-08 10:38:51,793 INFO Engine.final-stats] Percentile 99.0%: 0.501
[2017-12-08 10:38:51,793 INFO Engine.final-stats] Percentile 99.9%: 0.587
[2017-12-08 10:38:51,793 INFO Engine.final-stats] Percentile 100.0%: 21.890
[2017-12-08 10:38:51,793 DEBUG Engine.console] No logger_handler or orig_stream was detected
[2017-12-08 10:38:51,793 INFO Engine.final-stats] Test duration: 0:00:51
[2017-12-08 10:38:51,793 INFO Engine.final-stats] Samples count: 5653, 0.87% failures
[2017-12-08 10:38:51,793 INFO Engine.final-stats] Average times: total 0.287, latency 0.279, connect 0.000
[2017-12-08 10:38:51,794 INFO Engine.final-stats] Percentile 0.0%: 0.097
[2017-12-08 10:38:51,794 INFO Engine.final-stats] Percentile 50.0%: 0.273
[2017-12-08 10:38:51,794 INFO Engine.final-stats] Percentile 90.0%: 0.394
[2017-12-08 10:38:51,794 INFO Engine.final-stats] Percentile 95.0%: 0.415
[2017-12-08 10:38:51,794 INFO Engine.final-stats] Percentile 99.0%: 0.501
[2017-12-08 10:38:51,795 INFO Engine.final-stats] Percentile 99.9%: 0.587
[2017-12-08 10:38:51,795 INFO Engine.final-stats] Percentile 100.0%: 21.890
[2017-12-08 10:38:51,795 INFO Engine.final-stats] Dumping final status as XML: stats.xml
[2017-12-08 10:38:51,803 DEBUG Engine.Configuration] Dumping YAML config into /Users/daper01/Documents/OSLo/2017-12-08_10-37-56.589067/effective.yml
[2017-12-08 10:38:51,881 DEBUG Engine.Configuration] Dumping JSON config into /Users/daper01/Documents/OSLo/2017-12-08_10-37-56.589067/effective.json
[2017-12-08 10:38:51,884 INFO root] Artifacts dir: /Users/daper01/Documents/OSLo/2017-12-08_10-37-56.589067
[2017-12-08 10:38:51,884 WARNING root] Done performing with code: 1
[2017-12-08 10:38:51,885 DEBUG root] Closing log handler: /Users/daper01/Documents/OSLo/2017-12-08_10-37-56.589067/bzt.log
