2017-12-08 10:38:02,842 INFO o.a.j.u.JMeterUtils: Setting Locale to en_US
2017-12-08 10:38:02,870 INFO o.a.j.JMeter: Loading user properties from: /Users/daper01/.bzt/jmeter-taurus/3.3/bin/user.properties
2017-12-08 10:38:02,870 INFO o.a.j.JMeter: Loading system properties from: /Users/daper01/.bzt/jmeter-taurus/3.3/bin/system.properties
2017-12-08 10:38:02,871 INFO o.a.j.JMeter: Setting System properties from file: /Users/daper01/Documents/OSLo/2017-12-08_10-37-56.589067/system.properties
2017-12-08 10:38:02,881 INFO o.a.j.JMeter: Copyright (c) 1998-2017 The Apache Software Foundation
2017-12-08 10:38:02,882 INFO o.a.j.JMeter: Version 3.3 r1808647
2017-12-08 10:38:02,882 INFO o.a.j.JMeter: java.version=1.8.0_121
2017-12-08 10:38:02,882 INFO o.a.j.JMeter: java.vm.name=Java HotSpot(TM) 64-Bit Server VM
2017-12-08 10:38:02,882 INFO o.a.j.JMeter: os.name=Mac OS X
2017-12-08 10:38:02,882 INFO o.a.j.JMeter: os.arch=x86_64
2017-12-08 10:38:02,882 INFO o.a.j.JMeter: os.version=10.13.1
2017-12-08 10:38:02,882 INFO o.a.j.JMeter: file.encoding=UTF-8
2017-12-08 10:38:02,882 INFO o.a.j.JMeter: Max memory     =3817865216
2017-12-08 10:38:02,882 INFO o.a.j.JMeter: Available Processors =4
2017-12-08 10:38:02,894 INFO o.a.j.JMeter: Default Locale=English (United States)
2017-12-08 10:38:02,894 INFO o.a.j.JMeter: JMeter  Locale=English (United States)
2017-12-08 10:38:02,894 INFO o.a.j.JMeter: JMeterHome=/Users/daper01/.bzt/jmeter-taurus/3.3
2017-12-08 10:38:02,895 INFO o.a.j.JMeter: user.dir  =/Users/daper01/Documents/OSLo
2017-12-08 10:38:02,895 INFO o.a.j.JMeter: PWD       =/Users/daper01/Documents/OSLo
2017-12-08 10:38:02,897 INFO o.a.j.JMeter: IP: 10.137.176.136 Name: daper01mac1124 FullName: daper01mac1124.ca.com
2017-12-08 10:38:02,897 INFO o.a.j.JMeter: user.classpath=/Users/daper01/Documents/OSLo/2017-12-08_10-37-56.589067
2017-12-08 10:38:02,897 INFO o.a.j.JMeter: Adding to classpath and loader: /Users/daper01/Documents/OSLo/2017-12-08_10-37-56.589067
2017-12-08 10:38:02,910 INFO o.a.j.s.FileServer: Default base='/Users/daper01/Documents/OSLo'
2017-12-08 10:38:02,910 INFO o.a.j.s.FileServer: Set new base='/Users/daper01/Documents/OSLo/2017-12-08_10-37-56.589067'
2017-12-08 10:38:03,221 INFO o.a.j.s.SaveService: Testplan (JMX) version: 2.2. Testlog (JTL) version: 2.2
2017-12-08 10:38:03,250 INFO o.a.j.s.SaveService: Using SaveService properties file encoding UTF-8
2017-12-08 10:38:03,255 INFO o.a.j.s.SaveService: Using SaveService properties version 3.2
2017-12-08 10:38:03,263 INFO o.a.j.s.SaveService: Loading file: /Users/daper01/Documents/OSLo/2017-12-08_10-37-56.589067/modified_requests.jmx
2017-12-08 10:38:03,336 INFO o.a.j.p.h.c.CacheManager: Will only cache the following methods: [GET]
2017-12-08 10:38:03,337 INFO o.a.j.p.h.c.CookieManager: Settings: Delete null: true Check: true Allow variable: true Save: false Prefix: COOKIE_
2017-12-08 10:38:03,354 INFO o.a.j.p.h.s.HTTPSamplerBase: Parser for text/html is org.apache.jmeter.protocol.http.parser.LagartoBasedHtmlParser
2017-12-08 10:38:03,354 INFO o.a.j.p.h.s.HTTPSamplerBase: Parser for application/xhtml+xml is org.apache.jmeter.protocol.http.parser.LagartoBasedHtmlParser
2017-12-08 10:38:03,354 INFO o.a.j.p.h.s.HTTPSamplerBase: Parser for application/xml is org.apache.jmeter.protocol.http.parser.LagartoBasedHtmlParser
2017-12-08 10:38:03,354 INFO o.a.j.p.h.s.HTTPSamplerBase: Parser for text/xml is org.apache.jmeter.protocol.http.parser.LagartoBasedHtmlParser
2017-12-08 10:38:03,355 INFO o.a.j.p.h.s.HTTPSamplerBase: Parser for text/vnd.wap.wml is org.apache.jmeter.protocol.http.parser.RegexpHTMLParser
2017-12-08 10:38:03,355 INFO o.a.j.p.h.s.HTTPSamplerBase: Parser for text/css is org.apache.jmeter.protocol.http.parser.CssParser
2017-12-08 10:38:03,379 INFO o.a.j.e.StandardJMeterEngine: Running the test!
2017-12-08 10:38:03,380 INFO o.a.j.s.SampleEvent: List of sample_variables: []
2017-12-08 10:38:03,380 INFO o.a.j.s.SampleEvent: List of sample_variables: []
2017-12-08 10:38:03,384 INFO o.a.j.e.u.CompoundVariable: Note: Function class names must contain the string: '.functions.'
2017-12-08 10:38:03,384 INFO o.a.j.e.u.CompoundVariable: Note: Function class names must not contain the string: '.gui.'
2017-12-08 10:38:04,190 INFO o.a.j.JMeter: Running test (1512758284190)
2017-12-08 10:38:04,243 INFO o.a.j.e.StandardJMeterEngine: Starting ThreadGroup: 1 : blazedemo
2017-12-08 10:38:04,243 INFO o.a.j.e.StandardJMeterEngine: Starting 50 threads for group blazedemo.
2017-12-08 10:38:04,243 INFO o.a.j.e.StandardJMeterEngine: Thread will continue on error
2017-12-08 10:38:04,249 INFO o.a.j.e.StandardJMeterEngine: All thread groups have been started
2017-12-08 10:38:04,249 INFO c.b.j.t.c.ConcurrencyThreadStarter: Start supplying threads
2017-12-08 10:38:04,255 INFO o.a.j.s.SampleResult: Note: Sample TimeStamps are START times
2017-12-08 10:38:04,255 INFO o.a.j.s.SampleResult: sampleresult.default.encoding is set to UTF-8
2017-12-08 10:38:04,255 INFO o.a.j.s.SampleResult: sampleresult.useNanoTime=true
2017-12-08 10:38:04,255 INFO o.a.j.s.SampleResult: sampleresult.nanoThreadSleep=5000
2017-12-08 10:38:04,600 INFO o.a.j.t.JMeterThread: Thread started: blazedemo 1-3
2017-12-08 10:38:04,601 INFO o.a.j.t.JMeterThread: Thread started: blazedemo 1-1
2017-12-08 10:38:04,602 INFO o.a.j.t.JMeterThread: Thread started: blazedemo 1-2
2017-12-08 10:38:04,603 INFO o.a.j.t.JMeterThread: Thread started: blazedemo 1-4
2017-12-08 10:38:04,606 INFO o.a.j.t.JMeterThread: Thread started: blazedemo 1-5
2017-12-08 10:38:04,608 INFO o.a.j.s.FileServer: Stored: /Users/daper01/Documents/OSLo/param.csv
2017-12-08 10:38:04,646 INFO o.a.j.p.h.s.HTTPHCAbstractImpl: Local host = daper01mac1124
2017-12-08 10:38:04,658 INFO o.a.j.p.h.s.HTTPHC4Impl: HTTP request retry count = 0
2017-12-08 10:38:07,268 INFO o.a.j.t.JMeterThread: Thread started: blazedemo 1-6
2017-12-08 10:38:07,292 INFO o.a.j.t.JMeterThread: Thread started: blazedemo 1-10
2017-12-08 10:38:07,292 INFO o.a.j.t.JMeterThread: Thread started: blazedemo 1-9
2017-12-08 10:38:07,292 INFO o.a.j.t.JMeterThread: Thread started: blazedemo 1-7
2017-12-08 10:38:07,293 INFO o.a.j.t.JMeterThread: Thread started: blazedemo 1-8
2017-12-08 10:38:10,296 INFO o.a.j.t.JMeterThread: Thread started: blazedemo 1-11
2017-12-08 10:38:10,304 INFO o.a.j.t.JMeterThread: Thread started: blazedemo 1-13
2017-12-08 10:38:10,304 INFO o.a.j.t.JMeterThread: Thread started: blazedemo 1-12
2017-12-08 10:38:10,304 INFO o.a.j.t.JMeterThread: Thread started: blazedemo 1-14
2017-12-08 10:38:10,308 INFO o.a.j.t.JMeterThread: Thread started: blazedemo 1-15
2017-12-08 10:38:13,329 INFO o.a.j.t.JMeterThread: Thread started: blazedemo 1-16
2017-12-08 10:38:13,330 INFO o.a.j.t.JMeterThread: Thread started: blazedemo 1-17
2017-12-08 10:38:13,331 INFO o.a.j.t.JMeterThread: Thread started: blazedemo 1-18
2017-12-08 10:38:13,332 INFO o.a.j.t.JMeterThread: Thread started: blazedemo 1-19
2017-12-08 10:38:13,339 INFO o.a.j.t.JMeterThread: Thread started: blazedemo 1-20
2017-12-08 10:38:16,352 INFO o.a.j.t.JMeterThread: Thread started: blazedemo 1-21
2017-12-08 10:38:16,353 INFO o.a.j.t.JMeterThread: Thread started: blazedemo 1-22
2017-12-08 10:38:16,354 INFO o.a.j.t.JMeterThread: Thread started: blazedemo 1-23
2017-12-08 10:38:16,354 INFO o.a.j.t.JMeterThread: Thread started: blazedemo 1-24
2017-12-08 10:38:16,355 INFO o.a.j.t.JMeterThread: Thread started: blazedemo 1-25
2017-12-08 10:38:19,364 INFO o.a.j.t.JMeterThread: Thread started: blazedemo 1-26
2017-12-08 10:38:19,366 INFO o.a.j.t.JMeterThread: Thread started: blazedemo 1-27
2017-12-08 10:38:19,369 INFO o.a.j.t.JMeterThread: Thread started: blazedemo 1-28
2017-12-08 10:38:19,370 INFO o.a.j.t.JMeterThread: Thread started: blazedemo 1-29
2017-12-08 10:38:19,370 INFO o.a.j.t.JMeterThread: Thread started: blazedemo 1-30
2017-12-08 10:38:22,378 INFO o.a.j.t.JMeterThread: Thread started: blazedemo 1-31
2017-12-08 10:38:22,380 INFO o.a.j.t.JMeterThread: Thread started: blazedemo 1-32
2017-12-08 10:38:22,380 INFO o.a.j.t.JMeterThread: Thread started: blazedemo 1-33
2017-12-08 10:38:22,381 INFO o.a.j.t.JMeterThread: Thread started: blazedemo 1-34
2017-12-08 10:38:22,381 INFO o.a.j.t.JMeterThread: Thread started: blazedemo 1-35
2017-12-08 10:38:25,392 INFO o.a.j.t.JMeterThread: Thread started: blazedemo 1-36
2017-12-08 10:38:25,394 INFO o.a.j.t.JMeterThread: Thread started: blazedemo 1-37
2017-12-08 10:38:25,395 INFO o.a.j.t.JMeterThread: Thread started: blazedemo 1-38
2017-12-08 10:38:25,397 INFO o.a.j.t.JMeterThread: Thread started: blazedemo 1-39
2017-12-08 10:38:25,405 INFO o.a.j.t.JMeterThread: Thread started: blazedemo 1-40
2017-12-08 10:38:28,414 INFO o.a.j.t.JMeterThread: Thread started: blazedemo 1-41
2017-12-08 10:38:28,418 INFO o.a.j.t.JMeterThread: Thread started: blazedemo 1-42
2017-12-08 10:38:28,421 INFO o.a.j.t.JMeterThread: Thread started: blazedemo 1-43
2017-12-08 10:38:28,427 INFO o.a.j.t.JMeterThread: Thread started: blazedemo 1-44
2017-12-08 10:38:28,428 INFO o.a.j.t.JMeterThread: Thread started: blazedemo 1-45
2017-12-08 10:38:31,443 INFO o.a.j.t.JMeterThread: Thread started: blazedemo 1-46
2017-12-08 10:38:31,444 INFO o.a.j.t.JMeterThread: Thread started: blazedemo 1-47
2017-12-08 10:38:31,446 INFO o.a.j.t.JMeterThread: Thread started: blazedemo 1-48
2017-12-08 10:38:31,448 INFO o.a.j.t.JMeterThread: Thread started: blazedemo 1-49
2017-12-08 10:38:31,449 INFO o.a.j.t.JMeterThread: Thread started: blazedemo 1-50
2017-12-08 10:38:50,430 INFO o.a.j.JMeter: Command: Shutdown received from /127.0.0.1
2017-12-08 10:38:50,432 INFO c.b.j.t.c.ConcurrencyThreadStarter: Done supplying threads
2017-12-08 10:38:50,432 WARN o.a.j.t.JMeterThread: Interrupting: blazedemo 1-36 sampler: Purchase Page
2017-12-08 10:38:50,433 WARN o.a.j.t.JMeterThread: Interrupting: blazedemo 1-17 sampler: Welcome Page
2017-12-08 10:38:50,435 WARN o.a.j.t.JMeterThread: Interrupting: blazedemo 1-19 sampler: Confirmation Page
2017-12-08 10:38:50,436 WARN o.a.j.t.JMeterThread: Interrupting: blazedemo 1-9 sampler: Reserve Page
2017-12-08 10:38:50,437 WARN o.a.j.t.JMeterThread: Interrupting: blazedemo 1-24 sampler: Reserve Page
2017-12-08 10:38:50,439 WARN o.a.j.t.JMeterThread: Interrupting: blazedemo 1-22 sampler: Purchase Page
2017-12-08 10:38:50,440 WARN o.a.j.t.JMeterThread: Interrupting: blazedemo 1-1 sampler: Welcome Page
2017-12-08 10:38:50,441 WARN o.a.j.t.JMeterThread: Interrupting: blazedemo 1-48 sampler: Purchase Page
2017-12-08 10:38:50,443 WARN o.a.j.t.JMeterThread: Interrupting: blazedemo 1-13 sampler: Confirmation Page
2017-12-08 10:38:50,444 WARN o.a.j.t.JMeterThread: Interrupting: blazedemo 1-30 sampler: Confirmation Page
2017-12-08 10:38:50,445 WARN o.a.j.t.JMeterThread: Interrupting: blazedemo 1-4 sampler: Purchase Page
2017-12-08 10:38:50,446 WARN o.a.j.t.JMeterThread: Interrupting: blazedemo 1-12 sampler: Purchase Page
2017-12-08 10:38:50,446 WARN o.a.j.t.JMeterThread: Interrupting: blazedemo 1-27 sampler: Reserve Page
2017-12-08 10:38:50,447 WARN o.a.j.t.JMeterThread: Interrupting: blazedemo 1-18 sampler: Welcome Page
2017-12-08 10:38:50,448 WARN o.a.j.t.JMeterThread: Interrupting: blazedemo 1-23 sampler: Reserve Page
2017-12-08 10:38:50,450 WARN o.a.j.t.JMeterThread: Interrupting: blazedemo 1-2 sampler: Purchase Page
2017-12-08 10:38:50,451 WARN o.a.j.t.JMeterThread: Interrupting: blazedemo 1-38 sampler: Purchase Page
2017-12-08 10:38:50,452 WARN o.a.j.t.JMeterThread: Interrupting: blazedemo 1-28 sampler: Welcome Page
2017-12-08 10:38:50,454 WARN o.a.j.t.JMeterThread: Interrupting: blazedemo 1-14 sampler: Reserve Page
2017-12-08 10:38:50,455 WARN o.a.j.t.JMeterThread: Interrupting: blazedemo 1-49 sampler: Reserve Page
2017-12-08 10:38:50,455 INFO o.a.j.t.JMeterThread: Thread is done: blazedemo 1-50
2017-12-08 10:38:50,455 INFO o.a.j.t.JMeterThread: Thread finished: blazedemo 1-50
2017-12-08 10:38:50,458 WARN o.a.j.t.JMeterThread: Interrupting: blazedemo 1-46 sampler: Welcome Page
2017-12-08 10:38:50,460 WARN o.a.j.t.JMeterThread: Interrupting: blazedemo 1-41 sampler: Reserve Page
2017-12-08 10:38:50,461 WARN o.a.j.t.JMeterThread: Interrupting: blazedemo 1-31 sampler: Confirmation Page
2017-12-08 10:38:50,461 WARN o.a.j.t.JMeterThread: Interrupting: blazedemo 1-47 sampler: Confirmation Page
2017-12-08 10:38:50,462 WARN o.a.j.t.JMeterThread: Interrupting: blazedemo 1-29 sampler: Confirmation Page
2017-12-08 10:38:50,462 WARN o.a.j.t.JMeterThread: Interrupting: blazedemo 1-15 sampler: Purchase Page
2017-12-08 10:38:50,463 WARN o.a.j.t.JMeterThread: Interrupting: blazedemo 1-11 sampler: Reserve Page
2017-12-08 10:38:50,464 WARN o.a.j.t.JMeterThread: Interrupting: blazedemo 1-5 sampler: Reserve Page
2017-12-08 10:38:50,465 WARN o.a.j.t.JMeterThread: Interrupting: blazedemo 1-7 sampler: Reserve Page
2017-12-08 10:38:50,465 INFO o.a.j.t.JMeterThread: Thread is done: blazedemo 1-17
2017-12-08 10:38:50,466 WARN o.a.j.t.JMeterThread: Interrupting: blazedemo 1-37 sampler: Welcome Page
2017-12-08 10:38:50,466 INFO o.a.j.t.JMeterThread: Thread finished: blazedemo 1-17
2017-12-08 10:38:50,466 WARN o.a.j.t.JMeterThread: Interrupting: blazedemo 1-26 sampler: Purchase Page
2017-12-08 10:38:50,468 WARN o.a.j.t.JMeterThread: Interrupting: blazedemo 1-6 sampler: Welcome Page
2017-12-08 10:38:50,468 WARN o.a.j.t.JMeterThread: Interrupting: blazedemo 1-10 sampler: Purchase Page
2017-12-08 10:38:50,468 WARN o.a.j.t.JMeterThread: Interrupting: blazedemo 1-45 sampler: Welcome Page
2017-12-08 10:38:50,469 WARN o.a.j.t.JMeterThread: Interrupting: blazedemo 1-34 sampler: Welcome Page
2017-12-08 10:38:50,469 WARN o.a.j.t.JMeterThread: Interrupting: blazedemo 1-20 sampler: Confirmation Page
2017-12-08 10:38:50,470 WARN o.a.j.t.JMeterThread: Interrupting: blazedemo 1-39 sampler: Welcome Page
2017-12-08 10:38:50,470 WARN o.a.j.t.JMeterThread: Interrupting: blazedemo 1-44 sampler: Reserve Page
2017-12-08 10:38:50,471 WARN o.a.j.t.JMeterThread: Interrupting: blazedemo 1-16 sampler: Welcome Page
2017-12-08 10:38:50,471 INFO o.a.j.t.JMeterThread: Thread is done: blazedemo 1-11
2017-12-08 10:38:50,471 INFO o.a.j.t.JMeterThread: Thread finished: blazedemo 1-11
2017-12-08 10:38:50,471 WARN o.a.j.t.JMeterThread: Interrupting: blazedemo 1-40 sampler: Reserve Page
2017-12-08 10:38:50,472 WARN o.a.j.t.JMeterThread: Interrupting: blazedemo 1-8 sampler: Welcome Page
2017-12-08 10:38:50,473 WARN o.a.j.t.JMeterThread: Interrupting: blazedemo 1-42 sampler: Welcome Page
2017-12-08 10:38:50,473 WARN o.a.j.t.JMeterThread: Interrupting: blazedemo 1-25 sampler: Purchase Page
2017-12-08 10:38:50,474 WARN o.a.j.t.JMeterThread: Interrupting: blazedemo 1-33 sampler: Confirmation Page
2017-12-08 10:38:50,474 WARN o.a.j.t.JMeterThread: Interrupting: blazedemo 1-3 sampler: Confirmation Page
2017-12-08 10:38:50,475 INFO o.a.j.t.JMeterThread: Thread is done: blazedemo 1-39
2017-12-08 10:38:50,475 INFO o.a.j.t.JMeterThread: Thread finished: blazedemo 1-39
2017-12-08 10:38:50,476 WARN o.a.j.t.JMeterThread: Interrupting: blazedemo 1-43 sampler: Purchase Page
2017-12-08 10:38:50,477 INFO o.a.j.t.JMeterThread: Thread is done: blazedemo 1-33
2017-12-08 10:38:50,477 INFO o.a.j.t.JMeterThread: Thread finished: blazedemo 1-33
2017-12-08 10:38:50,479 WARN o.a.j.t.JMeterThread: Interrupting: blazedemo 1-35 sampler: Purchase Page
2017-12-08 10:38:50,480 INFO o.a.j.t.JMeterThread: Thread is done: blazedemo 1-15
2017-12-08 10:38:50,480 INFO o.a.j.t.JMeterThread: Thread finished: blazedemo 1-15
2017-12-08 10:38:50,481 WARN o.a.j.t.JMeterThread: Interrupting: blazedemo 1-21 sampler: Purchase Page
2017-12-08 10:38:50,482 INFO o.a.j.t.JMeterThread: Thread is done: blazedemo 1-43
2017-12-08 10:38:50,482 INFO o.a.j.t.JMeterThread: Thread finished: blazedemo 1-43
2017-12-08 10:38:50,483 WARN o.a.j.t.JMeterThread: Interrupting: blazedemo 1-32 sampler: Reserve Page
2017-12-08 10:38:50,485 INFO o.a.j.t.JMeterThread: Thread is done: blazedemo 1-47
2017-12-08 10:38:50,485 INFO o.a.j.t.JMeterThread: Thread finished: blazedemo 1-47
2017-12-08 10:38:50,500 INFO o.a.j.t.JMeterThread: Thread is done: blazedemo 1-29
2017-12-08 10:38:50,500 INFO o.a.j.t.JMeterThread: Thread finished: blazedemo 1-29
2017-12-08 10:38:50,501 INFO o.a.j.t.JMeterThread: Thread is done: blazedemo 1-32
2017-12-08 10:38:50,501 INFO o.a.j.t.JMeterThread: Thread finished: blazedemo 1-32
2017-12-08 10:38:50,502 INFO o.a.j.t.JMeterThread: Thread is done: blazedemo 1-31
2017-12-08 10:38:50,502 INFO o.a.j.t.JMeterThread: Thread finished: blazedemo 1-31
2017-12-08 10:38:50,503 INFO o.a.j.t.JMeterThread: Thread is done: blazedemo 1-41
2017-12-08 10:38:50,504 INFO o.a.j.t.JMeterThread: Thread finished: blazedemo 1-41
2017-12-08 10:38:50,505 INFO o.a.j.t.JMeterThread: Thread is done: blazedemo 1-14
2017-12-08 10:38:50,505 INFO o.a.j.t.JMeterThread: Thread finished: blazedemo 1-14
2017-12-08 10:38:50,506 INFO o.a.j.t.JMeterThread: Thread is done: blazedemo 1-46
2017-12-08 10:38:50,507 INFO o.a.j.t.JMeterThread: Thread finished: blazedemo 1-46
2017-12-08 10:38:50,508 INFO o.a.j.t.JMeterThread: Thread is done: blazedemo 1-49
2017-12-08 10:38:50,508 INFO o.a.j.t.JMeterThread: Thread finished: blazedemo 1-49
2017-12-08 10:38:50,509 INFO o.a.j.t.JMeterThread: Thread is done: blazedemo 1-28
2017-12-08 10:38:50,510 INFO o.a.j.t.JMeterThread: Thread finished: blazedemo 1-28
2017-12-08 10:38:50,511 INFO o.a.j.t.JMeterThread: Thread is done: blazedemo 1-23
2017-12-08 10:38:50,511 INFO o.a.j.t.JMeterThread: Thread finished: blazedemo 1-23
2017-12-08 10:38:50,512 INFO o.a.j.t.JMeterThread: Thread is done: blazedemo 1-2
2017-12-08 10:38:50,512 INFO o.a.j.t.JMeterThread: Thread finished: blazedemo 1-2
2017-12-08 10:38:50,513 INFO o.a.j.t.JMeterThread: Thread is done: blazedemo 1-38
2017-12-08 10:38:50,513 INFO o.a.j.t.JMeterThread: Thread finished: blazedemo 1-38
2017-12-08 10:38:50,515 INFO o.a.j.t.JMeterThread: Thread is done: blazedemo 1-18
2017-12-08 10:38:50,515 INFO o.a.j.t.JMeterThread: Thread finished: blazedemo 1-18
2017-12-08 10:38:50,516 INFO o.a.j.t.JMeterThread: Thread is done: blazedemo 1-27
2017-12-08 10:38:50,516 INFO o.a.j.t.JMeterThread: Thread is done: blazedemo 1-30
2017-12-08 10:38:50,517 INFO o.a.j.t.JMeterThread: Thread finished: blazedemo 1-30
2017-12-08 10:38:50,516 INFO o.a.j.t.JMeterThread: Thread finished: blazedemo 1-27
2017-12-08 10:38:50,518 INFO o.a.j.t.JMeterThread: Thread is done: blazedemo 1-13
2017-12-08 10:38:50,518 INFO o.a.j.t.JMeterThread: Thread finished: blazedemo 1-13
2017-12-08 10:38:50,519 INFO o.a.j.t.JMeterThread: Thread is done: blazedemo 1-12
2017-12-08 10:38:50,519 INFO o.a.j.t.JMeterThread: Thread finished: blazedemo 1-12
2017-12-08 10:38:50,520 INFO o.a.j.t.JMeterThread: Thread is done: blazedemo 1-4
2017-12-08 10:38:50,520 INFO o.a.j.t.JMeterThread: Thread finished: blazedemo 1-4
2017-12-08 10:38:50,520 INFO o.a.j.t.JMeterThread: Thread is done: blazedemo 1-48
2017-12-08 10:38:50,520 INFO o.a.j.t.JMeterThread: Thread finished: blazedemo 1-48
2017-12-08 10:38:50,521 INFO o.a.j.t.JMeterThread: Thread is done: blazedemo 1-1
2017-12-08 10:38:50,521 INFO o.a.j.t.JMeterThread: Thread finished: blazedemo 1-1
2017-12-08 10:38:50,521 INFO o.a.j.t.JMeterThread: Thread is done: blazedemo 1-22
2017-12-08 10:38:50,521 INFO o.a.j.t.JMeterThread: Thread finished: blazedemo 1-22
2017-12-08 10:38:50,522 INFO o.a.j.t.JMeterThread: Thread is done: blazedemo 1-36
2017-12-08 10:38:50,522 INFO o.a.j.t.JMeterThread: Thread finished: blazedemo 1-36
2017-12-08 10:38:50,522 INFO o.a.j.t.JMeterThread: Thread is done: blazedemo 1-19
2017-12-08 10:38:50,522 INFO o.a.j.t.JMeterThread: Thread finished: blazedemo 1-19
2017-12-08 10:38:50,523 INFO o.a.j.e.StandardJMeterEngine: Notifying test listeners of end of test
2017-12-08 10:38:50,523 INFO o.a.j.s.FileServer: Close: /Users/daper01/Documents/OSLo/param.csv
2017-12-08 10:38:50,523 INFO o.a.j.t.JMeterThread: Thread is done: blazedemo 1-24
2017-12-08 10:38:50,523 INFO o.a.j.t.JMeterThread: Thread finished: blazedemo 1-24
2017-12-08 10:38:50,526 INFO o.a.j.t.JMeterThread: Thread is done: blazedemo 1-9
2017-12-08 10:38:50,526 INFO o.a.j.t.JMeterThread: Thread finished: blazedemo 1-9
2017-12-08 10:38:50,527 INFO o.a.j.t.JMeterThread: Thread is done: blazedemo 1-21
2017-12-08 10:38:50,527 INFO o.a.j.t.JMeterThread: Thread finished: blazedemo 1-21
2017-12-08 10:38:50,528 INFO o.a.j.t.JMeterThread: Thread is done: blazedemo 1-35
2017-12-08 10:38:50,528 INFO o.a.j.t.JMeterThread: Thread finished: blazedemo 1-35
2017-12-08 10:38:50,529 INFO o.a.j.t.JMeterThread: Thread is done: blazedemo 1-3
2017-12-08 10:38:50,529 INFO o.a.j.t.JMeterThread: Thread finished: blazedemo 1-3
2017-12-08 10:38:50,529 INFO o.a.j.e.StandardJMeterEngine: Forced JVM shutdown requested at end of test
2017-12-08 10:38:50,530 INFO o.a.j.t.JMeterThread: Thread is done: blazedemo 1-42
2017-12-08 10:38:50,530 INFO o.a.j.t.JMeterThread: Thread finished: blazedemo 1-42
2017-12-08 10:38:50,531 INFO o.a.j.t.JMeterThread: Thread is done: blazedemo 1-8
2017-12-08 10:38:50,531 INFO o.a.j.t.JMeterThread: Thread finished: blazedemo 1-8
2017-12-08 10:38:50,532 INFO o.a.j.t.JMeterThread: Thread is done: blazedemo 1-25
