[2017-06-07 11:25:47,137 INFO root] Taurus CLI Tool v1.9.1
[2017-06-07 11:25:47,137 DEBUG root] Command-line options: {'verbose': None, 'no_system_configs': None, 'quiet': None, 'log': '/var/folders/vq/xzrdy2lx047cst78f69v8z3xfzqz1q/T/bzt__jM_r_.log', 'option': None, 'aliases': ['cloud', 'detach']}
[2017-06-07 11:25:47,137 DEBUG root] Python: CPython 2.7.13
[2017-06-07 11:25:47,137 DEBUG root] OS: ('Darwin', 'daper01mac1124', '16.4.0', 'Darwin Kernel Version 16.4.0: Thu Dec 22 22:53:21 PST 2016; root:xnu-3789.41.3~3/RELEASE_X86_64', 'x86_64', 'i386')
[2017-06-07 11:25:47,138 INFO root] Starting with configs: ['python_Selenium.yml']
[2017-06-07 11:25:47,138 DEBUG root] Adding personal config: /Users/daper01/.bzt-rc
[2017-06-07 11:25:47,138 INFO Engine] Configuring...
[2017-06-07 11:25:47,138 DEBUG Engine] Reading extension configs from: /usr/local/etc/bzt.d
[2017-06-07 11:25:47,139 DEBUG Engine.Configuration] Configs: ['/usr/local/lib/python2.7/site-packages/bzt/resources/base-config.yml', '/usr/local/etc/bzt.d/99-installID.yml']
[2017-06-07 11:25:47,139 DEBUG Engine.Configuration] Reading /usr/local/lib/python2.7/site-packages/bzt/resources/base-config.yml
[2017-06-07 11:25:47,139 DEBUG Engine.Configuration] Reading /usr/local/lib/python2.7/site-packages/bzt/resources/base-config.yml as YAML
[2017-06-07 11:25:47,161 DEBUG Engine.Configuration] Reading /usr/local/etc/bzt.d/99-installID.yml
[2017-06-07 11:25:47,162 DEBUG Engine.Configuration] Reading /usr/local/etc/bzt.d/99-installID.yml as YAML
[2017-06-07 11:25:47,163 DEBUG Engine.Configuration] Configs: ['/Users/daper01/.bzt-rc', 'python_Selenium.yml']
[2017-06-07 11:25:47,163 DEBUG Engine.Configuration] Reading /Users/daper01/.bzt-rc
[2017-06-07 11:25:47,163 DEBUG Engine.Configuration] Reading /Users/daper01/.bzt-rc as YAML
[2017-06-07 11:25:47,164 DEBUG Engine.Configuration] Reading python_Selenium.yml
[2017-06-07 11:25:47,165 DEBUG Engine.Configuration] Reading python_Selenium.yml as YAML
[2017-06-07 11:25:47,166 DEBUG root] Configs: ['/Users/daper01/.bzt-rc', 'python_Selenium.yml']
[2017-06-07 11:25:47,166 DEBUG root] Reading /Users/daper01/.bzt-rc
[2017-06-07 11:25:47,167 DEBUG root] Reading /Users/daper01/.bzt-rc as YAML
[2017-06-07 11:25:47,167 DEBUG root] Reading python_Selenium.yml
[2017-06-07 11:25:47,168 DEBUG root] Reading python_Selenium.yml as YAML
[2017-06-07 11:25:47,188 DEBUG Engine] Requesting updates info: http://gettaurus.org/updates/?version=1.9.1&installID=784f43782a15
[2017-06-07 11:25:47,195 INFO Engine] Artifacts dir: /Users/daper01/Documents/OSLo/Selenium/2017-06-07_11-25-47.188928
[2017-06-07 11:25:47,196 DEBUG Engine] New artifact filename: /Users/daper01/Documents/OSLo/Selenium/2017-06-07_11-25-47.188928/effective
[2017-06-07 11:25:47,199 DEBUG Engine.Configuration] Dumping YAML config into /Users/daper01/Documents/OSLo/Selenium/2017-06-07_11-25-47.188928/effective.yml
[2017-06-07 11:25:47,224 DEBUG Engine.Configuration] Dumping JSON config into /Users/daper01/Documents/OSLo/Selenium/2017-06-07_11-25-47.188928/effective.json
[2017-06-07 11:25:47,225 DEBUG Engine] New artifact filename: /Users/daper01/Documents/OSLo/Selenium/2017-06-07_11-25-47.188928/merged.yml
[2017-06-07 11:25:47,225 DEBUG root] Dumping YAML config into /Users/daper01/Documents/OSLo/Selenium/2017-06-07_11-25-47.188928/merged.yml
[2017-06-07 11:25:47,227 DEBUG Engine] New artifact filename: /Users/daper01/Documents/OSLo/Selenium/2017-06-07_11-25-47.188928/merged.json
[2017-06-07 11:25:47,227 DEBUG root] Dumping JSON config into /Users/daper01/Documents/OSLo/Selenium/2017-06-07_11-25-47.188928/merged.json
[2017-06-07 11:25:47,228 DEBUG Engine] Add existing artifact (move=False): python_Selenium.yml
[2017-06-07 11:25:47,228 DEBUG Engine] Copying python_Selenium.yml to /Users/daper01/Documents/OSLo/Selenium/2017-06-07_11-25-47.188928/python_Selenium.yml
[2017-06-07 11:25:47,228 DEBUG root] Closing log handler: /var/folders/vq/xzrdy2lx047cst78f69v8z3xfzqz1q/T/bzt__jM_r_.log
[2017-06-07 11:25:47,229 DEBUG root] Switched writing logs to /Users/daper01/Documents/OSLo/Selenium/2017-06-07_11-25-47.188928/bzt.log
[2017-06-07 11:25:47,229 INFO Engine] Preparing...
[2017-06-07 11:25:47,229 DEBUG Engine] Module config: consolidator defaultdict(None, {'class': 'bzt.modules.aggregator.ConsolidatingAggregator'})
[2017-06-07 11:25:47,229 DEBUG root] Importing module: bzt.modules.aggregator
[2017-06-07 11:25:47,235 DEBUG root] Loading class: 'ConsolidatingAggregator' from <module 'bzt.modules.aggregator' from '/usr/local/lib/python2.7/site-packages/bzt/modules/aggregator.pyc'>
[2017-06-07 11:25:47,235 DEBUG Engine.consolidator] Exception in dehumanize_time(inf)
[2017-06-07 11:25:47,235 DEBUG Engine.consolidator] Buffer scaling setup: percentile 95.0 from [0.0, 50.0, 90.0, 95.0, 99.0, 99.9, 100.0] selected
[2017-06-07 11:25:47,235 DEBUG Engine] Module config: monitoring defaultdict(None, {'class': 'bzt.modules.monitoring.Monitoring'})
[2017-06-07 11:25:47,235 DEBUG root] Importing module: bzt.modules.monitoring
[2017-06-07 11:25:47,282 DEBUG root] Loading class: 'Monitoring' from <module 'bzt.modules.monitoring' from '/usr/local/lib/python2.7/site-packages/bzt/modules/monitoring.pyc'>
[2017-06-07 11:25:47,283 DEBUG Engine.monitoring] Should not run because of non-matching prov: cloud != local
[2017-06-07 11:25:47,283 DEBUG Engine] Module config: capturehar defaultdict(None, {'class': 'bzt.modules.blazemeter.ServiceStubCaptureHAR'})
[2017-06-07 11:25:47,283 DEBUG root] Importing module: bzt.modules.blazemeter
[2017-06-07 11:25:47,346 DEBUG root] Loading class: 'ServiceStubCaptureHAR' from <module 'bzt.modules.blazemeter' from '/usr/local/lib/python2.7/site-packages/bzt/modules/blazemeter.pyc'>
[2017-06-07 11:25:47,346 DEBUG Engine.capturehar] Should not run because of non-matching prov: cloud != local
[2017-06-07 11:25:47,347 DEBUG Engine] Module config: cloud defaultdict(None, {'detach': True, 'class': 'bzt.modules.blazemeter.CloudProvisioning', 'default-location': 'us-central1-a'})
[2017-06-07 11:25:47,347 DEBUG root] Importing module: bzt.modules.blazemeter
[2017-06-07 11:25:47,347 DEBUG root] Loading class: 'CloudProvisioning' from <module 'bzt.modules.blazemeter' from '/usr/local/lib/python2.7/site-packages/bzt/modules/blazemeter.pyc'>
[2017-06-07 11:25:47,347 DEBUG Engine] Module config: blazemeter defaultdict(None, {'token': '********', 'class': 'bzt.modules.blazemeter.BlazeMeterUploader'})
[2017-06-07 11:25:47,347 DEBUG root] Importing module: bzt.modules.blazemeter
[2017-06-07 11:25:47,347 DEBUG root] Loading class: 'BlazeMeterUploader' from <module 'bzt.modules.blazemeter' from '/usr/local/lib/python2.7/site-packages/bzt/modules/blazemeter.pyc'>
[2017-06-07 11:25:47,347 DEBUG Engine.cloud] Request: GET https://a.blazemeter.com/api/v4/accounts None
[2017-06-07 11:25:47,810 DEBUG Engine] Taurus updates info: {"latest":"1.9.3","needsUpgrade":true}
[2017-06-07 11:25:47,810 WARNING Engine] There is newer version of Taurus 1.9.3 available, consider upgrading. What's new: http://gettaurus.org/docs/Changelog/
[2017-06-07 11:25:47,860 DEBUG Engine.cloud] Response: {
    "limit": 10,
    "skip": 0,
    "total": 2,
    "api_version": 4,
    "error": null,
    "result": [
        {
            "id": 125626,
            "name": "Default Account",
            "thumbnailUrl": null,
            "salesforceId": null,
      
[2017-06-07 11:25:47,860 DEBUG Engine.cloud] Request: GET https://a.blazemeter.com/api/v4/workspaces?accountId=125626&enabled=true&limit=100 None
[2017-06-07 11:25:48,348 DEBUG Engine.cloud] Response: {
    "limit": 100,
    "skip": 0,
    "total": 5,
    "api_version": 4,
    "error": null,
    "result": [
        {
            "id": 119008,
            "name": "Default workspace",
            "userId": 339612,
            "created": 1486702692,
      
[2017-06-07 11:25:48,349 DEBUG Engine.cloud] Request: GET https://a.blazemeter.com/api/v4/workspaces?accountId=21166&enabled=true&limit=100 None
[2017-06-07 11:25:48,844 DEBUG Engine.cloud] Response: {
    "limit": 100,
    "skip": 0,
    "total": 1,
    "api_version": 4,
    "error": null,
    "result": [
        {
            "id": 133217,
            "name": "DEMOs",
            "userId": 307773,
            "created": 1493664013,
            "updat
[2017-06-07 11:25:48,847 DEBUG Engine] Module config: selenium defaultdict(None, {'class': 'bzt.modules.selenium.SeleniumExecutor'})
[2017-06-07 11:25:48,847 DEBUG root] Importing module: bzt.modules.selenium
[2017-06-07 11:25:48,863 DEBUG easyprocess] version=0.2.3
[2017-06-07 11:25:48,868 DEBUG pyvirtualdisplay] version=0.2.1
[2017-06-07 11:25:48,870 DEBUG root] Loading class: 'SeleniumExecutor' from <module 'bzt.modules.selenium' from '/usr/local/lib/python2.7/site-packages/bzt/modules/selenium.pyc'>
[2017-06-07 11:25:48,870 DEBUG Engine.cloud] Request: GET https://a.blazemeter.com/api/v4/multi-tests?workspaceId=119008&name=Taurus+Cloud+Test None
[2017-06-07 11:25:49,309 DEBUG Engine.cloud] Response: {
    "limit": 10,
    "skip": 0,
    "total": 0,
    "api_version": 4,
    "error": null,
    "result": []
}
[2017-06-07 11:25:49,309 DEBUG Engine.cloud] Request: GET https://a.blazemeter.com/api/v4/multi-tests?workspaceId=127980&name=Taurus+Cloud+Test None
[2017-06-07 11:25:49,745 DEBUG Engine.cloud] Response: {
    "limit": 10,
    "skip": 0,
    "total": 0,
    "api_version": 4,
    "error": null,
    "result": []
}
[2017-06-07 11:25:49,745 DEBUG Engine.cloud] Request: GET https://a.blazemeter.com/api/v4/multi-tests?workspaceId=127984&name=Taurus+Cloud+Test None
[2017-06-07 11:25:50,191 DEBUG Engine.cloud] Response: {
    "limit": 10,
    "skip": 0,
    "total": 0,
    "api_version": 4,
    "error": null,
    "result": []
}
[2017-06-07 11:25:50,191 DEBUG Engine.cloud] Request: GET https://a.blazemeter.com/api/v4/multi-tests?workspaceId=132723&name=Taurus+Cloud+Test None
[2017-06-07 11:25:50,631 DEBUG Engine.cloud] Response: {
    "limit": 10,
    "skip": 0,
    "total": 0,
    "api_version": 4,
    "error": null,
    "result": []
}
[2017-06-07 11:25:50,631 DEBUG Engine.cloud] Request: GET https://a.blazemeter.com/api/v4/multi-tests?workspaceId=135886&name=Taurus+Cloud+Test None
[2017-06-07 11:25:51,151 DEBUG Engine.cloud] Response: {
    "limit": 10,
    "skip": 0,
    "total": 0,
    "api_version": 4,
    "error": null,
    "result": []
}
[2017-06-07 11:25:51,151 DEBUG Engine.cloud] Request: GET https://a.blazemeter.com/api/v4/multi-tests?workspaceId=133217&name=Taurus+Cloud+Test None
[2017-06-07 11:25:51,594 DEBUG Engine.cloud] Response: {
    "limit": 10,
    "skip": 0,
    "total": 0,
    "api_version": 4,
    "error": null,
    "result": []
}
[2017-06-07 11:25:51,594 DEBUG Engine.cloud.ProjectFinder] Looked for collection: None
[2017-06-07 11:25:51,594 DEBUG Engine.cloud] Request: GET https://a.blazemeter.com/api/v4/tests?workspaceId=119008&name=Taurus+Cloud+Test None
[2017-06-07 11:25:52,060 DEBUG Engine.cloud] Response: {
    "limit": 10,
    "skip": 0,
    "total": 1,
    "api_version": 4,
    "error": null,
    "result": [
        {
            "id": 5551396,
            "name": "Taurus Cloud Test",
            "userId": 339612,
            "created": 1488354376,
      
[2017-06-07 11:25:52,060 DEBUG Engine.cloud] Request: GET https://a.blazemeter.com/api/v4/tests?workspaceId=127980&name=Taurus+Cloud+Test None
[2017-06-07 11:25:52,527 DEBUG Engine.cloud] Response: {
    "limit": 10,
    "skip": 0,
    "total": 0,
    "api_version": 4,
    "error": null,
    "result": []
}
[2017-06-07 11:25:52,527 DEBUG Engine.cloud] Request: GET https://a.blazemeter.com/api/v4/tests?workspaceId=127984&name=Taurus+Cloud+Test None
[2017-06-07 11:25:52,977 DEBUG Engine.cloud] Response: {
    "limit": 10,
    "skip": 0,
    "total": 0,
    "api_version": 4,
    "error": null,
    "result": []
}
[2017-06-07 11:25:52,977 DEBUG Engine.cloud] Request: GET https://a.blazemeter.com/api/v4/tests?workspaceId=132723&name=Taurus+Cloud+Test None
[2017-06-07 11:25:53,439 DEBUG Engine.cloud] Response: {
    "limit": 10,
    "skip": 0,
    "total": 0,
    "api_version": 4,
    "error": null,
    "result": []
}
[2017-06-07 11:25:53,439 DEBUG Engine.cloud] Request: GET https://a.blazemeter.com/api/v4/tests?workspaceId=135886&name=Taurus+Cloud+Test None
[2017-06-07 11:25:53,886 DEBUG Engine.cloud] Response: {
    "limit": 10,
    "skip": 0,
    "total": 0,
    "api_version": 4,
    "error": null,
    "result": []
}
[2017-06-07 11:25:53,887 DEBUG Engine.cloud] Request: GET https://a.blazemeter.com/api/v4/tests?workspaceId=133217&name=Taurus+Cloud+Test None
[2017-06-07 11:25:54,343 DEBUG Engine.cloud] Response: {
    "limit": 10,
    "skip": 0,
    "total": 0,
    "api_version": 4,
    "error": null,
    "result": []
}
[2017-06-07 11:25:54,343 DEBUG Engine.cloud.ProjectFinder] Looked for test: {u'updated': 1496855606, u'name': u'Taurus Cloud Test', u'kpiTrackingData': {}, u'created': 1488354376, u'projectId': 162568, u'userId': 339612, u'lastUpdatedById': 339612, u'configuration': {u'targetThreads': 0, u'type': u'taurus', u'canControlRampup': False, u'plugins': {u'taurus': {u'filename': u'taurus.yml'}}}, u'id': 5551396}
[2017-06-07 11:25:54,343 DEBUG Engine.cloud.ProjectFinder] Detected test type: old
[2017-06-07 11:25:54,343 DEBUG Engine.cloud] Request: GET https://a.blazemeter.com/api/v4/user None
[2017-06-07 11:25:54,800 DEBUG Engine.cloud] Response: {
    "api_version": 4,
    "error": null,
    "result": {
        "id": 339612,
        "email": "eric.dapp@blazemeter.com",
        "access": 1496859954,
        "login": 1496167689,
        "firstName": "Eric",
        "lastName": "Dapp",
        "timez
[2017-06-07 11:25:54,802 DEBUG Engine.cloud] Request: GET https://a.blazemeter.com/api/v4/projects?workspaceId=119008&limit=99999 None
[2017-06-07 11:25:55,264 DEBUG Engine.cloud] Response: {
    "limit": 99999,
    "skip": 0,
    "total": 6,
    "api_version": 4,
    "error": null,
    "result": [
        {
            "id": 163658,
            "name": "BlazeDemo Tests",
            "userId": null,
            "description": "",
            
[2017-06-07 11:25:55,264 DEBUG Engine.cloud] Request: GET https://a.blazemeter.com/api/v4/projects?workspaceId=127980&limit=99999 None
[2017-06-07 11:25:55,728 DEBUG Engine.cloud] Response: {
    "limit": 99999,
    "skip": 0,
    "total": 2,
    "api_version": 4,
    "error": null,
    "result": [
        {
            "id": 173138,
            "name": "Default project",
            "userId": null,
            "description": null,
          
[2017-06-07 11:25:55,728 DEBUG Engine.cloud] Request: GET https://a.blazemeter.com/api/v4/projects?workspaceId=127984&limit=99999 None
[2017-06-07 11:25:56,168 DEBUG Engine.cloud] Response: {
    "limit": 99999,
    "skip": 0,
    "total": 1,
    "api_version": 4,
    "error": null,
    "result": [
        {
            "id": 173143,
            "name": "Default project",
            "userId": null,
            "description": null,
          
[2017-06-07 11:25:56,168 DEBUG Engine.cloud] Request: GET https://a.blazemeter.com/api/v4/projects?workspaceId=132723&limit=99999 None
[2017-06-07 11:25:56,629 DEBUG Engine.cloud] Response: {
    "limit": 99999,
    "skip": 0,
    "total": 1,
    "api_version": 4,
    "error": null,
    "result": [
        {
            "id": 178588,
            "name": "Default project",
            "userId": null,
            "description": null,
          
[2017-06-07 11:25:56,629 DEBUG Engine.cloud] Request: GET https://a.blazemeter.com/api/v4/projects?workspaceId=135886&limit=99999 None
[2017-06-07 11:25:57,063 DEBUG Engine.cloud] Response: {
    "limit": 99999,
    "skip": 0,
    "total": 2,
    "api_version": 4,
    "error": null,
    "result": [
        {
            "id": 182182,
            "name": "Default project",
            "userId": null,
            "description": null,
          
[2017-06-07 11:25:57,063 DEBUG Engine.cloud] Request: GET https://a.blazemeter.com/api/v4/projects?workspaceId=133217&limit=99999 None
[2017-06-07 11:25:57,514 DEBUG Engine.cloud] Response: {
    "limit": 99999,
    "skip": 0,
    "total": 1,
    "api_version": 4,
    "error": null,
    "result": [
        {
            "id": 179141,
            "name": "Default project",
            "userId": null,
            "description": null,
          
[2017-06-07 11:25:57,514 DEBUG Engine.cloud] Request: GET https://a.blazemeter.com/api/v4/workspaces/119008 None
[2017-06-07 11:25:58,070 DEBUG Engine.cloud] Response: {
    "api_version": 4,
    "error": null,
    "result": {
        "id": 119008,
        "name": "Default workspace",
        "userId": 339612,
        "created": 1486702692,
        "updated": 1486702692,
        "enabled": true,
        "dedicatedIpsEnab
[2017-06-07 11:25:58,074 DEBUG Engine.cloud] Request: GET https://a.blazemeter.com/api/v4/workspaces/127980 None
[2017-06-07 11:25:58,630 DEBUG Engine.cloud] Response: {
    "api_version": 4,
    "error": null,
    "result": {
        "id": 127980,
        "name": "Demo Workspace",
        "userId": 339612,
        "created": 1491255975,
        "updated": 1491255975,
        "enabled": true,
        "dedicatedIpsEnabled
[2017-06-07 11:25:58,635 DEBUG Engine.cloud] Request: GET https://a.blazemeter.com/api/v4/workspaces/127984 None
[2017-06-07 11:25:59,191 DEBUG Engine.cloud] Response: {
    "api_version": 4,
    "error": null,
    "result": {
        "id": 127984,
        "name": "Demo Workspace 2",
        "userId": 339612,
        "created": 1491261975,
        "updated": 1491261975,
        "enabled": true,
        "dedicatedIpsEnabl
[2017-06-07 11:25:59,195 DEBUG Engine.cloud] Request: GET https://a.blazemeter.com/api/v4/workspaces/132723 None
[2017-06-07 11:25:59,738 DEBUG Engine.cloud] Response: {
    "api_version": 4,
    "error": null,
    "result": {
        "id": 132723,
        "name": "QA Workspace",
        "userId": 339612,
        "created": 1493312851,
        "updated": 1493312851,
        "enabled": true,
        "dedicatedIpsEnabled":
[2017-06-07 11:25:59,746 DEBUG Engine.cloud] Request: GET https://a.blazemeter.com/api/v4/workspaces/135886 None
[2017-06-07 11:26:00,304 DEBUG Engine.cloud] Response: {
    "api_version": 4,
    "error": null,
    "result": {
        "id": 135886,
        "name": "scratch",
        "userId": 339612,
        "created": 1494801554,
        "updated": 1494801554,
        "enabled": true,
        "dedicatedIpsEnabled": true
[2017-06-07 11:26:00,308 DEBUG Engine.cloud] Request: GET https://a.blazemeter.com/api/v4/workspaces/133217 None
[2017-06-07 11:26:00,860 DEBUG Engine.cloud] Response: {
    "api_version": 4,
    "error": null,
    "result": {
        "id": 133217,
        "name": "DEMOs",
        "userId": 307773,
        "created": 1493664013,
        "updated": 1493746137,
        "enabled": true,
        "dedicatedIpsEnabled": true,

[2017-06-07 11:26:00,871 DEBUG Engine.selenium] Extract defaultdict(None, {'script': './blazeDemo_Selenium_with_unit_chrome.py'}) into scenarios
[2017-06-07 11:26:00,872 DEBUG Engine.cloud] All resource files are: ['./blazeDemo_Selenium_with_unit_chrome.py']
[2017-06-07 11:26:00,872 DEBUG Engine.cloud] Replace file names in config: ['./blazeDemo_Selenium_with_unit_chrome.py'] with ['blazeDemo_Selenium_with_unit_chrome.py']
[2017-06-07 11:26:00,872 DEBUG Engine.cloud] Replaced ./blazeDemo_Selenium_with_unit_chrome.py with blazeDemo_Selenium_with_unit_chrome.py
[2017-06-07 11:26:00,875 DEBUG Engine] New artifact filename: /Users/daper01/Documents/OSLo/Selenium/2017-06-07_11-25-47.188928/cloud
[2017-06-07 11:26:00,876 DEBUG root] Dumping YAML config into /Users/daper01/Documents/OSLo/Selenium/2017-06-07_11-25-47.188928/cloud.yml
[2017-06-07 11:26:00,882 DEBUG root] Dumping JSON config into /Users/daper01/Documents/OSLo/Selenium/2017-06-07_11-25-47.188928/cloud.json
[2017-06-07 11:26:00,882 DEBUG Engine.cloud] Request: GET https://a.blazemeter.com/api/v4/web/elfinder/5551396?cmd=open&target=s1_Lw None
[2017-06-07 11:26:01,665 DEBUG Engine.cloud] Response: {"cwd":{"name":"data","size":0,"mime":"directory","read":1,"write":1,"parent_id":"users","hash":"s1_Lw","rootRev":"","options":{"path":"","url":"","tmbUrl":"","disabled":["mkdir","archive","extract","chmod"],"separator":"\/","copyOverwrite":1,"uploadOverwr
[2017-06-07 11:26:01,665 DEBUG Engine.cloud] Test files: [u'selenium1.java', u'taurus.yml']
[2017-06-07 11:26:01,665 DEBUG Engine.cloud] Request: GET https://a.blazemeter.com/api/v4/web/elfinder/5551396?cmd=rm&targets[]=s1_c2VsZW5pdW0xLmphdmE&targets[]=s1_dGF1cnVzLnltbA None
[2017-06-07 11:26:02,374 DEBUG Engine.cloud] Response: {"removed":["s1_c2VsZW5pdW0xLmphdmE","s1_dGF1cnVzLnltbA"],"changed":[{"name":"data","size":0,"mime":"directory","read":1,"write":1,"parent_id":"users","hash":"s1_Lw","rootRev":"","options":{"path":"","url":"","tmbUrl":"","disabled":["mkdir","archive","extr
[2017-06-07 11:26:02,374 DEBUG Engine.cloud] Successfully deleted 2 test files
[2017-06-07 11:26:02,380 DEBUG Engine.cloud] Uploading files into the test: ['/Users/daper01/Documents/OSLo/Selenium/blazeDemo_Selenium_with_unit_chrome.py']
[2017-06-07 11:26:02,389 DEBUG Engine.cloud] Request: POST https://a.blazemeter.com/api/v4/tests/5551396/files --===============4356602781840146161==
Content-Disposition: file; name="script"; filename="taurus.yml"
Content-Type: application/octet-stream

---
execution:
- concurrency: 1
  executor: selenium
  hold-for: 20m
  locations:
    us-central1-a: 1
  runn
[2017-06-07 11:26:03,210 DEBUG Engine.cloud] Response: {
    "api_version": 4,
    "error": null,
    "result": {
        "id": 5551396,
        "name": "Taurus Cloud Test",
        "userId": 339612,
        "created": 1488354376,
        "updated": 1496859963,
        "configuration": {
            "type": "t
[2017-06-07 11:26:03,210 DEBUG Engine.cloud] Request: PATCH https://a.blazemeter.com/api/v4/tests/5551396 {
 "configuration": {
  "executionType": null
 }
}
[2017-06-07 11:26:03,832 DEBUG Engine.cloud] Response: {
    "api_version": 4,
    "error": null,
    "result": {
        "id": 5551396,
        "name": "Taurus Cloud Test",
        "userId": 339612,
        "created": 1488354376,
        "updated": 1496859963,
        "projectId": 162568,
        "lastUpdated
[2017-06-07 11:26:03,832 DEBUG Engine] Module config: final-stats defaultdict(None, {'class': 'bzt.modules.reporting.FinalStatus'})
[2017-06-07 11:26:03,833 DEBUG root] Importing module: bzt.modules.reporting
[2017-06-07 11:26:03,834 DEBUG root] Loading class: 'FinalStatus' from <module 'bzt.modules.reporting' from '/usr/local/lib/python2.7/site-packages/bzt/modules/reporting.pyc'>
[2017-06-07 11:26:03,835 DEBUG Engine] Module config: console defaultdict(None, {'class': 'bzt.modules.console.ConsoleStatusReporter'})
[2017-06-07 11:26:03,835 DEBUG root] Importing module: bzt.modules.console
[2017-06-07 11:26:03,835 DEBUG root] Loading class: 'ConsoleStatusReporter' from <module 'bzt.modules.console' from '/usr/local/lib/python2.7/site-packages/bzt/modules/console.pyc'>
[2017-06-07 11:26:03,843 DEBUG Engine.Configuration] Dumping YAML config into /Users/daper01/Documents/OSLo/Selenium/2017-06-07_11-25-47.188928/effective.yml
[2017-06-07 11:26:03,866 DEBUG Engine.Configuration] Dumping JSON config into /Users/daper01/Documents/OSLo/Selenium/2017-06-07_11-25-47.188928/effective.json
[2017-06-07 11:26:03,866 INFO Engine] Starting...
[2017-06-07 11:26:03,866 DEBUG Engine] Startup <bzt.modules.aggregator.ConsolidatingAggregator object at 0x10f0b8790>
[2017-06-07 11:26:03,867 DEBUG Engine] Startup <bzt.modules.reporting.FinalStatus object at 0x10ffc5650>
[2017-06-07 11:26:03,867 DEBUG Engine] Startup <bzt.modules.console.ConsoleStatusReporter object at 0x10ffc5d90>
[2017-06-07 11:26:03,867 INFO Engine.console] Waiting for results...
[2017-06-07 11:26:03,867 DEBUG Engine] Startup <bzt.modules.blazemeter.CloudProvisioning object at 0x10f0ddb10>
[2017-06-07 11:26:03,867 INFO Engine.cloud.ProjectFinder.CloudTaurusTest] Initiating cloud test with https://a.blazemeter.com ...
[2017-06-07 11:26:03,867 DEBUG Engine.cloud] Request: POST https://a.blazemeter.com/api/v4/tests/5551396/start None
[2017-06-07 11:26:04,624 DEBUG Engine.cloud] Response: {
    "api_version": 4,
    "error": null,
    "result": {
        "id": 16290908,
        "name": "Taurus Cloud Test",
        "userId": 339612,
        "runnerUserId": 339612,
        "created": 1496859964,
        "updated": 1496859964,
        "testId"
[2017-06-07 11:26:04,624 INFO Engine.cloud] Started cloud test: https://a.blazemeter.com/app/#/masters/16290908
[2017-06-07 11:26:04,803 DEBUG Engine.Configuration] Dumping YAML config into /Users/daper01/Documents/OSLo/Selenium/2017-06-07_11-25-47.188928/effective.yml
[2017-06-07 11:26:04,844 DEBUG Engine.Configuration] Dumping JSON config into /Users/daper01/Documents/OSLo/Selenium/2017-06-07_11-25-47.188928/effective.json
[2017-06-07 11:26:04,845 DEBUG root] Leveling down log file verbosity, use -v option to have DEBUG messages enabled
[2017-06-07 11:26:04,845 WARNING Engine.cloud] Detaching Taurus from started test...
[2017-06-07 11:26:04,848 INFO Engine.console] Waiting for finish...
[2017-06-07 11:26:04,942 WARNING Engine] Please wait for graceful shutdown...
[2017-06-07 11:26:04,951 DEBUG root] Leveled up log file verbosity
[2017-06-07 11:26:04,951 INFO Engine] Shutting down...
[2017-06-07 11:26:04,959 DEBUG Engine.console] Restoring logging streams, [<logging.StreamHandler object at 0x10f0b8750>]/{<logging.StreamHandler object at 0x10f0b8750>: <open file '<stdout>', mode 'w' at 0x10df76150>}
[2017-06-07 11:26:04,960 DEBUG Engine.Configuration] Dumping YAML config into /Users/daper01/Documents/OSLo/Selenium/2017-06-07_11-25-47.188928/effective.yml
[2017-06-07 11:26:04,985 DEBUG Engine.Configuration] Dumping JSON config into /Users/daper01/Documents/OSLo/Selenium/2017-06-07_11-25-47.188928/effective.json
[2017-06-07 11:26:04,986 INFO Engine] Post-processing...
[2017-06-07 11:26:04,987 DEBUG Engine.cloud] Request: GET https://a.blazemeter.com/api/v4/masters/16290908/full None
[2017-06-07 11:26:05,437 DEBUG Engine.cloud] Response: {
    "api_version": 4,
    "error": null,
    "result": {
        "id": 16290908,
        "name": "Taurus Cloud Test",
        "userId": 339612,
        "runnerUserId": 339612,
        "created": 1496859964,
        "updated": 1496859964,
        "testId"
[2017-06-07 11:26:05,437 DEBUG Engine.cloud] Request: GET https://a.blazemeter.com/api/v4/masters/16290908/sessions None
[2017-06-07 11:26:05,877 DEBUG Engine.cloud] Response: {
    "api_version": 4,
    "error": null,
    "result": []
}
[2017-06-07 11:26:05,877 DEBUG Engine.consolidator] Consolidator buffer[0]: []
[2017-06-07 11:26:05,877 INFO Engine.final-stats] Test duration: 0:00:02
[2017-06-07 11:26:05,878 DEBUG Engine.console] No logger_handler or orig_stream was detected
[2017-06-07 11:26:05,880 DEBUG Engine.Configuration] Dumping YAML config into /Users/daper01/Documents/OSLo/Selenium/2017-06-07_11-25-47.188928/effective.yml
[2017-06-07 11:26:05,910 DEBUG Engine.Configuration] Dumping JSON config into /Users/daper01/Documents/OSLo/Selenium/2017-06-07_11-25-47.188928/effective.json
[2017-06-07 11:26:05,911 INFO root] Artifacts dir: /Users/daper01/Documents/OSLo/Selenium/2017-06-07_11-25-47.188928
[2017-06-07 11:26:05,911 INFO root] Done performing with code: 0
[2017-06-07 11:26:05,911 DEBUG root] Closing log handler: /Users/daper01/Documents/OSLo/Selenium/2017-06-07_11-25-47.188928/bzt.log
