[2017-11-20 10:12:40,051 INFO root] Taurus CLI Tool v1.9.6
[2017-11-20 10:12:40,052 DEBUG root] Command-line options: {'verbose': None, 'no_system_configs': None, 'quiet': None, 'log': '/var/folders/vq/xzrdy2lx047cst78f69v8z3xfzqz1q/T/bzt_m9GakX.log', 'option': None, 'aliases': []}
[2017-11-20 10:12:40,052 DEBUG root] Python: CPython 2.7.13
[2017-11-20 10:12:40,052 DEBUG root] OS: ('Darwin', 'daper01mac1124', '17.2.0', 'Darwin Kernel Version 17.2.0: Fri Sep 29 18:27:05 PDT 2017; root:xnu-4570.20.62~3/RELEASE_X86_64', 'x86_64', 'i386')
[2017-11-20 10:12:40,052 INFO root] Starting with configs: ['load_scenario_from_csv.yml', 'execution_jmeter_stress.yml']
[2017-11-20 10:12:40,052 DEBUG root] Using personal config: /Users/daper01/.bzt-rc
[2017-11-20 10:12:40,053 INFO Engine] Configuring...
[2017-11-20 10:12:40,053 DEBUG Engine] Reading extension configs from: /usr/local/etc/bzt.d
[2017-11-20 10:12:40,053 DEBUG Engine.Configuration] Configs: ['/usr/local/lib/python2.7/site-packages/bzt/resources/base-config.yml', '/usr/local/etc/bzt.d/99-installID.yml']
[2017-11-20 10:12:40,053 DEBUG Engine.Configuration] Reading /usr/local/lib/python2.7/site-packages/bzt/resources/base-config.yml as YAML
[2017-11-20 10:12:40,087 DEBUG Engine.Configuration] Reading /usr/local/etc/bzt.d/99-installID.yml as YAML
[2017-11-20 10:12:40,088 DEBUG Engine.Configuration] Configs: ['/Users/daper01/.bzt-rc', 'load_scenario_from_csv.yml', 'execution_jmeter_stress.yml']
[2017-11-20 10:12:40,088 DEBUG Engine.Configuration] Reading /Users/daper01/.bzt-rc as YAML
[2017-11-20 10:12:40,089 DEBUG Engine.Configuration] Reading load_scenario_from_csv.yml as YAML
[2017-11-20 10:12:40,095 DEBUG Engine.Configuration] Reading execution_jmeter_stress.yml as YAML
[2017-11-20 10:12:40,101 DEBUG Engine.Configuration] Configs: ['/Users/daper01/.bzt-rc', 'load_scenario_from_csv.yml', 'execution_jmeter_stress.yml']
[2017-11-20 10:12:40,101 DEBUG Engine.Configuration] Reading /Users/daper01/.bzt-rc as YAML
[2017-11-20 10:12:40,102 DEBUG Engine.Configuration] Reading load_scenario_from_csv.yml as YAML
[2017-11-20 10:12:40,106 DEBUG Engine.Configuration] Reading execution_jmeter_stress.yml as YAML
[2017-11-20 10:12:40,128 DEBUG Engine] Requesting updates info: http://gettaurus.org/updates/?version=1.9.6&installID=784f43782a15
[2017-11-20 10:12:40,135 INFO Engine] Artifacts dir: /Users/daper01/Documents/OSLo/2017-11-20_10-12-40.128515
[2017-11-20 10:12:40,136 DEBUG Engine] New artifact filename: /Users/daper01/Documents/OSLo/2017-11-20_10-12-40.128515/effective
[2017-11-20 10:12:40,139 DEBUG Engine.Configuration] Dumping YAML config into /Users/daper01/Documents/OSLo/2017-11-20_10-12-40.128515/effective.yml
[2017-11-20 10:12:40,164 DEBUG Engine.Configuration] Dumping JSON config into /Users/daper01/Documents/OSLo/2017-11-20_10-12-40.128515/effective.json
[2017-11-20 10:12:40,165 DEBUG Engine] New artifact filename: /Users/daper01/Documents/OSLo/2017-11-20_10-12-40.128515/merged.yml
[2017-11-20 10:12:40,166 DEBUG Engine.Configuration] Dumping YAML config into /Users/daper01/Documents/OSLo/2017-11-20_10-12-40.128515/merged.yml
[2017-11-20 10:12:40,172 DEBUG Engine] New artifact filename: /Users/daper01/Documents/OSLo/2017-11-20_10-12-40.128515/merged.json
[2017-11-20 10:12:40,173 DEBUG Engine.Configuration] Dumping JSON config into /Users/daper01/Documents/OSLo/2017-11-20_10-12-40.128515/merged.json
[2017-11-20 10:12:40,174 DEBUG Engine] Add existing artifact (move=False): load_scenario_from_csv.yml
[2017-11-20 10:12:40,174 DEBUG Engine] Copying load_scenario_from_csv.yml to /Users/daper01/Documents/OSLo/2017-11-20_10-12-40.128515/load_scenario_from_csv.yml
[2017-11-20 10:12:40,175 DEBUG Engine] Add existing artifact (move=False): execution_jmeter_stress.yml
[2017-11-20 10:12:40,175 DEBUG Engine] Copying execution_jmeter_stress.yml to /Users/daper01/Documents/OSLo/2017-11-20_10-12-40.128515/execution_jmeter_stress.yml
[2017-11-20 10:12:40,175 DEBUG root] Closing log handler: /var/folders/vq/xzrdy2lx047cst78f69v8z3xfzqz1q/T/bzt_m9GakX.log
[2017-11-20 10:12:40,184 DEBUG root] Switched writing logs to /Users/daper01/Documents/OSLo/2017-11-20_10-12-40.128515/bzt.log
[2017-11-20 10:12:40,184 INFO Engine] Preparing...
[2017-11-20 10:12:40,185 DEBUG Engine] Module config: consolidator defaultdict(None, {'class': 'bzt.modules.aggregator.ConsolidatingAggregator'})
[2017-11-20 10:12:40,185 DEBUG root] Importing module: bzt.modules.aggregator
[2017-11-20 10:12:40,187 DEBUG root] Loading class: 'ConsolidatingAggregator' from <module 'bzt.modules.aggregator' from '/usr/local/lib/python2.7/site-packages/bzt/modules/aggregator.pyc'>
[2017-11-20 10:12:40,187 DEBUG Engine.consolidator] Exception in dehumanize_time(inf)
[2017-11-20 10:12:40,187 DEBUG Engine.consolidator] Buffer scaling setup: percentile 95.0 from [0.0, 50.0, 90.0, 95.0, 99.0, 99.9, 100.0] selected
[2017-11-20 10:12:40,188 DEBUG Engine] Module config: monitoring defaultdict(None, {'class': 'bzt.modules.monitoring.Monitoring'})
[2017-11-20 10:12:40,188 DEBUG root] Importing module: bzt.modules.monitoring
[2017-11-20 10:12:40,211 DEBUG root] Loading class: 'Monitoring' from <module 'bzt.modules.monitoring' from '/usr/local/lib/python2.7/site-packages/bzt/modules/monitoring.pyc'>
[2017-11-20 10:12:40,212 DEBUG Engine] Module config: local defaultdict(None, {'class': 'bzt.modules.provisioning.Local'})
[2017-11-20 10:12:40,212 DEBUG root] Importing module: bzt.modules.provisioning
[2017-11-20 10:12:40,212 DEBUG root] Loading class: 'Local' from <module 'bzt.modules.provisioning' from '/usr/local/lib/python2.7/site-packages/bzt/modules/provisioning.pyc'>
[2017-11-20 10:12:40,212 DEBUG Engine] Module config: jmeter defaultdict(None, {'properties': defaultdict(None, {'jmeter.save.saveservice.autoflush': 'true', 'summariser.name': '', 'jmeter.save.saveservice.connect_time': 'true', 'mode': 'Stripped', 'jmeterengine.force.system.exit': 'true'}), 'class': 'bzt.modules.jmeter.JMeterExecutor', 'plugins': ['jpgc-casutg', 'jpgc-dummy', 'jpgc-ffw', 'jpgc-fifo', 'jpgc-functions', 'jpgc-json', 'jpgc-perfmon', 'jpgc-prmctl', 'jpgc-tst']})
[2017-11-20 10:12:40,213 DEBUG root] Importing module: bzt.modules.jmeter
[2017-11-20 10:12:40,224 DEBUG root] Loading class: 'JMeterExecutor' from <module 'bzt.modules.jmeter' from '/usr/local/lib/python2.7/site-packages/bzt/modules/jmeter.pyc'>
[2017-11-20 10:12:40,225 DEBUG Engine.local] Preparing executor: jmeter/4453314128
[2017-11-20 10:12:40,225 DEBUG Engine] New artifact filename: /Users/daper01/Documents/OSLo/2017-11-20_10-12-40.128515/jmeter.log
[2017-11-20 10:12:40,225 DEBUG Engine.jmeter] Checking if port 4445 is free
[2017-11-20 10:12:40,226 DEBUG Engine.jmeter] Port 4445 is free
[2017-11-20 10:12:40,226 DEBUG Engine.jmeter] Using port 4445 for management
[2017-11-20 10:12:40,226 DEBUG Engine.jmeter.JavaVM] Trying JavaVM: ['java', '-version']
[2017-11-20 10:12:40,363 DEBUG Engine.jmeter.JavaVM] JavaVM output: java version "1.8.0_121"
Java(TM) SE Runtime Environment (build 1.8.0_121-b13)
Java HotSpot(TM) 64-Bit Server VM (build 25.121-b13, mixed mode)

[2017-11-20 10:12:40,363 DEBUG Engine.jmeter.TclLibrary] We don't need to check tcl library on this platform
[2017-11-20 10:12:40,363 DEBUG Engine.jmeter.JMeter] Trying jmeter: /Users/daper01/.bzt/jmeter-taurus/3.3/bin/jmeter.sh
[2017-11-20 10:12:40,364 DEBUG bzt.utils] Executing shell: ['/Users/daper01/.bzt/jmeter-taurus/3.3/bin/jmeter.sh', '-j', '/var/folders/vq/xzrdy2lx047cst78f69v8z3xfzqz1q/T/jmeterp8hifBlog', '--version']
[2017-11-20 10:12:40,747 DEBUG Engine] Taurus updates info: {"latest":"1.10.2","needsUpgrade":true}
[2017-11-20 10:12:40,747 WARNING Engine] There is newer version of Taurus 1.10.2 available, consider upgrading. What's new: http://gettaurus.org/docs/Changelog/
[2017-11-20 10:12:41,367 DEBUG Engine.jmeter.JMeter] JMeter check:     _    ____   _    ____ _   _ _____       _ __  __ _____ _____ _____ ____     
   / \  |  _ \ / \  / ___| | | | ____|     | |  \/  | ____|_   _| ____|  _ \   
  / _ \ | |_) / _ \| |   | |_| |  _|    _  | | |\/| |  _|   | | |  _| | |_) | 
 / ___ \|  __/ ___ \ |___|  _  | |___  | |_| | |  | | |___  | | | |___|  _ <  
/_/   \_\_| /_/   \_\____|_| |_|_____|  \___/|_|  |_|_____| |_| |_____|_| \_\ 3.3 r1808647  

Copyright (c) 1999-2017 The Apache Software Foundation

 / None
[2017-11-20 10:12:41,367 DEBUG Engine] New artifact filename: /Users/daper01/Documents/OSLo/2017-11-20_10-12-40.128515/requests.jmx
[2017-11-20 10:12:41,372 DEBUG JMeterScenarioBuilder] Saving JMX to: /Users/daper01/Documents/OSLo/2017-11-20_10-12-40.128515/requests.jmx
[2017-11-20 10:12:41,373 DEBUG bzt.utils] Executing shell: ['/Users/daper01/.bzt/jmeter-taurus/3.3/bin/PluginsManagerCMD.sh', 'install-for-jmx', '/Users/daper01/Documents/OSLo/2017-11-20_10-12-40.128515/requests.jmx']
[2017-11-20 10:12:43,822 DEBUG Engine.jmeter.JMeter] Try to detect plugins for /Users/daper01/Documents/OSLo/2017-11-20_10-12-40.128515/requests.jmx
10:12:42.862 [main] INFO  org.jmeterplugins.repository.PluginManager - Plugins Status: [jpgc-functions=2.0, jpgc-casutg=2.1, jpgc-dummy=0.2, jpgc-ffw=2.0, jpgc-fifo=0.2, jpgc-json=2.6, jpgc-prmctl=0.3, jpgc-perfmon=2.1, jpgc-plugins-manager=0.16, jpgc-tst=2.1, jmeter-core=3.3, jmeter-ftp=3.3, jmeter-http=3.3, jmeter-jdbc=3.3, jmeter-jms=3.3, jmeter-junit=3.3, jmeter-java=3.3, jmeter-ldap=3.3, jmeter-mail=3.3, jmeter-mongodb=3.3, jmeter-native=3.3, jmeter-tcp=3.3, jmeter-components=3.3]
2017-11-20 10:12:42,862 INFO o.j.r.PluginManager: Plugins Status: [jpgc-functions=2.0, jpgc-casutg=2.1, jpgc-dummy=0.2, jpgc-ffw=2.0, jpgc-fifo=0.2, jpgc-json=2.6, jpgc-prmctl=0.3, jpgc-perfmon=2.1, jpgc-plugins-manager=0.16, jpgc-tst=2.1, jmeter-core=3.3, jmeter-ftp=3.3, jmeter-http=3.3, jmeter-jdbc=3.3, jmeter-jms=3.3, jmeter-junit=3.3, jmeter-java=3.3, jmeter-ldap=3.3, jmeter-mail=3.3, jmeter-mongodb=3.3, jmeter-native=3.3, jmeter-tcp=3.3, jmeter-components=3.3]
10:12:43.248 [main] INFO  org.apache.jmeter.save.SaveService - Testplan (JMX) version: 2.2. Testlog (JTL) version: 2.2
2017-11-20 10:12:43,248 INFO o.a.j.s.SaveService: Testplan (JMX) version: 2.2. Testlog (JTL) version: 2.2
10:12:43.264 [main] INFO  org.apache.jmeter.save.SaveService - Using SaveService properties file encoding UTF-8
2017-11-20 10:12:43,264 INFO o.a.j.s.SaveService: Using SaveService properties file encoding UTF-8
10:12:43.269 [main] INFO  org.apache.jmeter.save.SaveService - Using SaveService properties version 3.2
2017-11-20 10:12:43,269 INFO o.a.j.s.SaveService: Using SaveService properties version 3.2
10:12:43.316 [main] INFO  org.apache.jmeter.protocol.http.control.CacheManager - Will only cache the following methods: [GET]
2017-11-20 10:12:43,316 INFO o.a.j.p.h.c.CacheManager: Will only cache the following methods: [GET]
10:12:43.320 [main] INFO  org.apache.jmeter.protocol.http.control.CookieManager - Settings: Delete null: true Check: true Allow variable: true Save: false Prefix: COOKIE_
2017-11-20 10:12:43,320 INFO o.a.j.p.h.c.CookieManager: Settings: Delete null: true Check: true Allow variable: true Save: false Prefix: COOKIE_
10:12:43.421 [main] INFO  org.jmeterplugins.repository.PluginManager - Restarting JMeter...
2017-11-20 10:12:43,421 INFO o.j.r.PluginManager: Restarting JMeter...
10:12:43.422 [Thread-1] INFO  org.jmeterplugins.repository.PluginManager - Starting JMeter Plugins modifications
2017-11-20 10:12:43,422 INFO o.j.r.PluginManager: Starting JMeter Plugins modifications

ERROR StatusLogger No log4j2 configuration file found. Using default configuration: logging only errors to the console. Set system property 'org.apache.logging.log4j.simplelog.StatusLogger.level' to TRACE to show Log4j2 internal initialization logging.

[2017-11-20 10:12:43,823 DEBUG Engine.jmeter] Load: LoadSpec(concurrency=50, throughput=None, ramp_up=30.0, hold=360.0, iterations=0, duration=390.0, steps=10)
[2017-11-20 10:12:43,827 DEBUG Engine.jmeter.LoadSettingsProcessor.ThreadGroupHandler] Converting ThreadGroup (blazedemo) to ConcurrencyThreadGroup and apply load parameters
[2017-11-20 10:12:43,828 DEBUG Engine] New artifact filename: /Users/daper01/Documents/OSLo/2017-11-20_10-12-40.128515/kpi.jtl
[2017-11-20 10:12:43,828 DEBUG Engine] New artifact filename: /Users/daper01/Documents/OSLo/2017-11-20_10-12-40.128515/error.jtl
[2017-11-20 10:12:43,829 DEBUG Engine] New artifact filename: /Users/daper01/Documents/OSLo/2017-11-20_10-12-40.128515/modified_requests.jmx
[2017-11-20 10:12:43,829 DEBUG JMX] Saving JMX to: /Users/daper01/Documents/OSLo/2017-11-20_10-12-40.128515/modified_requests.jmx
[2017-11-20 10:12:43,830 DEBUG Engine.jmeter] Additional properties: defaultdict(None, {'jmeter.save.saveservice.autoflush': 'true', 'jmeter.save.saveservice.connect_time': 'true', 'user.classpath': '/Users/daper01/Documents/OSLo/2017-11-20_10-12-40.128515', 'sampleresult.default.encoding': 'UTF-8', 'summariser.name': '', 'jmeterengine.force.system.exit': 'true', 'jmeter.save.saveservice.timestamp_format': 'ms', 'mode': 'Stripped', 'jmeterengine.nongui.maxport': 4445, 'jmeterengine.nongui.port': 4445})
[2017-11-20 10:12:43,831 DEBUG Engine] New artifact filename: /Users/daper01/Documents/OSLo/2017-11-20_10-12-40.128515/jmeter-bzt.properties
[2017-11-20 10:12:43,831 DEBUG Engine.jmeter] Additional system properties defaultdict(None, {'sun.net.inetaddr.ttl': 0})
[2017-11-20 10:12:43,831 DEBUG Engine] New artifact filename: /Users/daper01/Documents/OSLo/2017-11-20_10-12-40.128515/system.properties
[2017-11-20 10:12:43,832 DEBUG Engine] New artifact filename: /Users/daper01/Documents/OSLo/2017-11-20_10-12-40.128515/jmeter.out
[2017-11-20 10:12:43,832 DEBUG Engine] New artifact filename: /Users/daper01/Documents/OSLo/2017-11-20_10-12-40.128515/jmeter.err
[2017-11-20 10:12:43,833 DEBUG Engine] Module config: final-stats defaultdict(None, {'class': 'bzt.modules.reporting.FinalStatus'})
[2017-11-20 10:12:43,833 DEBUG root] Importing module: bzt.modules.reporting
[2017-11-20 10:12:43,949 DEBUG easyprocess] version=0.2.3
[2017-11-20 10:12:43,953 DEBUG pyvirtualdisplay] version=0.2.1
[2017-11-20 10:12:43,956 DEBUG root] Loading class: 'FinalStatus' from <module 'bzt.modules.reporting' from '/usr/local/lib/python2.7/site-packages/bzt/modules/reporting.pyc'>
[2017-11-20 10:12:43,956 DEBUG Engine] Module config: console defaultdict(None, {'class': 'bzt.modules.console.ConsoleStatusReporter'})
[2017-11-20 10:12:43,957 DEBUG root] Importing module: bzt.modules.console
[2017-11-20 10:12:43,957 DEBUG root] Loading class: 'ConsoleStatusReporter' from <module 'bzt.modules.console' from '/usr/local/lib/python2.7/site-packages/bzt/modules/console.pyc'>
[2017-11-20 10:12:43,970 DEBUG Engine.Configuration] Dumping YAML config into /Users/daper01/Documents/OSLo/2017-11-20_10-12-40.128515/effective.yml
[2017-11-20 10:12:44,014 DEBUG Engine.Configuration] Dumping JSON config into /Users/daper01/Documents/OSLo/2017-11-20_10-12-40.128515/effective.json
[2017-11-20 10:12:44,017 INFO Engine] Starting...
[2017-11-20 10:12:44,017 DEBUG Engine] Startup <bzt.modules.monitoring.Monitoring object at 0x1095b7650>
[2017-11-20 10:12:44,018 DEBUG Engine] Startup <bzt.modules.aggregator.ConsolidatingAggregator object at 0x1095d4490>
[2017-11-20 10:12:44,018 DEBUG Engine] Startup <bzt.modules.reporting.FinalStatus object at 0x1095987d0>
[2017-11-20 10:12:44,018 DEBUG Engine] Startup <bzt.modules.console.ConsoleStatusReporter object at 0x10977e3d0>
[2017-11-20 10:12:44,018 INFO Engine.console] Waiting for results...
[2017-11-20 10:12:44,018 DEBUG Engine] Startup <bzt.modules.reporting.FinalStatus object at 0x1097a0790>
[2017-11-20 10:12:44,018 DEBUG Engine] Startup <bzt.modules.provisioning.Local object at 0x1095d4150>
[2017-11-20 10:12:44,018 DEBUG Engine.local] Delay setup for jmeter/blazedemo: 0(start-at) + 0(delay) = 0
[2017-11-20 10:12:44,022 DEBUG Engine.Configuration] Dumping YAML config into /Users/daper01/Documents/OSLo/2017-11-20_10-12-40.128515/effective.yml
[2017-11-20 10:12:44,069 DEBUG Engine.Configuration] Dumping JSON config into /Users/daper01/Documents/OSLo/2017-11-20_10-12-40.128515/effective.json
[2017-11-20 10:12:44,071 DEBUG root] Leveling down log file verbosity, use -v option to have DEBUG messages enabled
[2017-11-20 10:12:44,286 INFO Engine.console] Waiting for finish...
[2017-11-20 10:13:28,079 WARNING Engine] Please wait for graceful shutdown...
[2017-11-20 10:13:28,089 DEBUG root] Leveled up log file verbosity
[2017-11-20 10:13:28,089 INFO Engine] Shutting down...
[2017-11-20 10:13:28,098 DEBUG Engine.local] Shutdown jmeter/blazedemo
[2017-11-20 10:13:29,099 INFO Engine.jmeter] Sending Shutdown command to JMeter on port 4445...
[2017-11-20 10:13:30,116 DEBUG Engine.jmeter] JMeter stopped on Shutdown command
[2017-11-20 10:13:30,117 DEBUG Engine.console] Restoring logging streams, [<logging.StreamHandler object at 0x108aec710>]/{<logging.StreamHandler object at 0x108aec710>: <open file '<stdout>', mode 'w' at 0x107b62150>}
[2017-11-20 10:13:30,124 DEBUG Engine.Configuration] Dumping YAML config into /Users/daper01/Documents/OSLo/2017-11-20_10-12-40.128515/effective.yml
[2017-11-20 10:13:30,175 DEBUG Engine.Configuration] Dumping JSON config into /Users/daper01/Documents/OSLo/2017-11-20_10-12-40.128515/effective.json
[2017-11-20 10:13:30,178 WARNING root] Keyboard interrupt
[2017-11-20 10:13:30,178 DEBUG root] KeyboardInterrupt: 
Traceback (most recent call last):
  File "/usr/local/lib/python2.7/site-packages/bzt/cli.py", line 221, in perform
    self.engine.run()
  File "/usr/local/lib/python2.7/site-packages/bzt/engine.py", line 202, in run
    reraise(exc_info)
  File "/usr/local/lib/python2.7/site-packages/bzt/engine.py", line 184, in run
    self._wait()
  File "/usr/local/lib/python2.7/site-packages/bzt/engine.py", line 227, in _wait
    time.sleep(delay)
KeyboardInterrupt
[2017-11-20 10:13:30,178 INFO Engine] Post-processing...
[2017-11-20 10:13:30,179 DEBUG Engine.local] Post-process jmeter/blazedemo
[2017-11-20 10:13:30,179 DEBUG Engine] Add existing artifact (move=True): /Users/daper01/Documents/OSLo/2017-11-20_10-12-40.128515/modified_requests.jmx
[2017-11-20 10:13:30,180 DEBUG Engine] No need to copy /Users/daper01/Documents/OSLo/2017-11-20_10-12-40.128515/modified_requests.jmx
[2017-11-20 10:13:30,180 DEBUG Engine.jmeter.JTLErrorsReader] Opening /Users/daper01/Documents/OSLo/2017-11-20_10-12-40.128515/error.jtl
[2017-11-20 10:13:30,185 DEBUG Engine.jmeter.JTLReader.IncrementalCSVReader] Reading JTL: /Users/daper01/Documents/OSLo/2017-11-20_10-12-40.128515/kpi.jtl
[2017-11-20 10:13:30,185 DEBUG Engine.jmeter.JTLReader.IncrementalCSVReader] Read lines: 247 / 23561 bytes (at speed 1048576)
[2017-11-20 10:13:30,190 DEBUG Engine.jmeter.JTLReader] Buffer len: 4
[2017-11-20 10:13:30,190 DEBUG Engine.jmeter.JTLReader] Aggregating: 1511201606
[2017-11-20 10:13:30,201 DEBUG Engine.jmeter.JTLReader] Aggregating: 1511201607
[2017-11-20 10:13:30,210 DEBUG Engine.jmeter.JTLReader] Aggregating: 1511201608
[2017-11-20 10:13:30,223 DEBUG Engine.jmeter.JTLReader] Aggregating: 1511201609
[2017-11-20 10:13:30,234 DEBUG Engine.consolidator] Consolidator buffer[6]: [1511201604, 1511201605, 1511201606, 1511201607, 1511201608, 1511201609]
[2017-11-20 10:13:30,235 DEBUG Engine.consolidator] Merging into 1511201604
[2017-11-20 10:13:30,235 DEBUG Engine.consolidator] Merging 1511201604
[2017-11-20 10:13:30,250 DEBUG Engine.consolidator] Processed datapoint: 1511201604/None
[2017-11-20 10:13:30,251 DEBUG Engine.consolidator] Merging into 1511201605
[2017-11-20 10:13:30,251 DEBUG Engine.consolidator] Merging 1511201605
[2017-11-20 10:13:30,267 DEBUG Engine.consolidator] Processed datapoint: 1511201605/None
[2017-11-20 10:13:30,267 DEBUG Engine.consolidator] Merging into 1511201606
[2017-11-20 10:13:30,267 DEBUG Engine.consolidator] Merging 1511201606
[2017-11-20 10:13:30,282 DEBUG Engine.consolidator] Processed datapoint: 1511201606/None
[2017-11-20 10:13:30,282 DEBUG Engine.consolidator] Merging into 1511201607
[2017-11-20 10:13:30,283 DEBUG Engine.consolidator] Merging 1511201607
[2017-11-20 10:13:30,298 DEBUG Engine.consolidator] Processed datapoint: 1511201607/None
[2017-11-20 10:13:30,298 DEBUG Engine.consolidator] Merging into 1511201608
[2017-11-20 10:13:30,298 DEBUG Engine.consolidator] Merging 1511201608
[2017-11-20 10:13:30,314 DEBUG Engine.consolidator] Processed datapoint: 1511201608/None
[2017-11-20 10:13:30,320 DEBUG Engine.consolidator] Merging into 1511201609
[2017-11-20 10:13:30,321 DEBUG Engine.consolidator] Merging 1511201609
[2017-11-20 10:13:30,339 DEBUG Engine.consolidator] Processed datapoint: 1511201609/None
[2017-11-20 10:13:30,340 INFO Engine.final-stats] Test duration: 0:00:46
[2017-11-20 10:13:30,340 INFO Engine.final-stats] Samples count: 5018, 0.36% failures
[2017-11-20 10:13:30,340 INFO Engine.final-stats] Average times: total 0.294, latency 0.283, connect 0.000
[2017-11-20 10:13:30,340 INFO Engine.final-stats] Percentile 0.0%: 0.017
[2017-11-20 10:13:30,340 INFO Engine.final-stats] Percentile 50.0%: 0.276
[2017-11-20 10:13:30,340 INFO Engine.final-stats] Percentile 90.0%: 0.402
[2017-11-20 10:13:30,341 INFO Engine.final-stats] Percentile 95.0%: 0.438
[2017-11-20 10:13:30,341 INFO Engine.final-stats] Percentile 99.0%: 0.656
[2017-11-20 10:13:30,341 INFO Engine.final-stats] Percentile 99.9%: 1.738
[2017-11-20 10:13:30,341 INFO Engine.final-stats] Percentile 100.0%: 2.684
[2017-11-20 10:13:30,341 DEBUG Engine.console] No logger_handler or orig_stream was detected
[2017-11-20 10:13:30,341 INFO Engine.final-stats] Test duration: 0:00:46
[2017-11-20 10:13:30,341 INFO Engine.final-stats] Samples count: 5018, 0.36% failures
[2017-11-20 10:13:30,342 INFO Engine.final-stats] Average times: total 0.294, latency 0.283, connect 0.000
[2017-11-20 10:13:30,342 INFO Engine.final-stats] Percentile 0.0%: 0.017
[2017-11-20 10:13:30,342 INFO Engine.final-stats] Percentile 50.0%: 0.276
[2017-11-20 10:13:30,342 INFO Engine.final-stats] Percentile 90.0%: 0.402
[2017-11-20 10:13:30,342 INFO Engine.final-stats] Percentile 95.0%: 0.438
[2017-11-20 10:13:30,342 INFO Engine.final-stats] Percentile 99.0%: 0.656
[2017-11-20 10:13:30,342 INFO Engine.final-stats] Percentile 99.9%: 1.738
[2017-11-20 10:13:30,343 INFO Engine.final-stats] Percentile 100.0%: 2.684
[2017-11-20 10:13:30,343 INFO Engine.final-stats] Dumping final status as XML: stats.xml
[2017-11-20 10:13:30,349 DEBUG Engine.Configuration] Dumping YAML config into /Users/daper01/Documents/OSLo/2017-11-20_10-12-40.128515/effective.yml
[2017-11-20 10:13:30,415 DEBUG Engine.Configuration] Dumping JSON config into /Users/daper01/Documents/OSLo/2017-11-20_10-12-40.128515/effective.json
[2017-11-20 10:13:30,417 INFO root] Artifacts dir: /Users/daper01/Documents/OSLo/2017-11-20_10-12-40.128515
[2017-11-20 10:13:30,418 WARNING root] Done performing with code: 1
[2017-11-20 10:13:30,418 DEBUG root] Closing log handler: /Users/daper01/Documents/OSLo/2017-11-20_10-12-40.128515/bzt.log
