2017-11-20 10:12:45,058 INFO o.a.j.u.JMeterUtils: Setting Locale to en_US
2017-11-20 10:12:45,071 INFO o.a.j.JMeter: Loading user properties from: /Users/daper01/.bzt/jmeter-taurus/3.3/bin/user.properties
2017-11-20 10:12:45,072 INFO o.a.j.JMeter: Loading system properties from: /Users/daper01/.bzt/jmeter-taurus/3.3/bin/system.properties
2017-11-20 10:12:45,073 INFO o.a.j.JMeter: Setting System properties from file: /Users/daper01/Documents/OSLo/2017-11-20_10-12-40.128515/system.properties
2017-11-20 10:12:45,082 INFO o.a.j.JMeter: Copyright (c) 1998-2017 The Apache Software Foundation
2017-11-20 10:12:45,082 INFO o.a.j.JMeter: Version 3.3 r1808647
2017-11-20 10:12:45,082 INFO o.a.j.JMeter: java.version=1.8.0_121
2017-11-20 10:12:45,082 INFO o.a.j.JMeter: java.vm.name=Java HotSpot(TM) 64-Bit Server VM
2017-11-20 10:12:45,082 INFO o.a.j.JMeter: os.name=Mac OS X
2017-11-20 10:12:45,082 INFO o.a.j.JMeter: os.arch=x86_64
2017-11-20 10:12:45,082 INFO o.a.j.JMeter: os.version=10.13.1
2017-11-20 10:12:45,083 INFO o.a.j.JMeter: file.encoding=UTF-8
2017-11-20 10:12:45,083 INFO o.a.j.JMeter: Max memory     =3817865216
2017-11-20 10:12:45,083 INFO o.a.j.JMeter: Available Processors =4
2017-11-20 10:12:45,086 INFO o.a.j.JMeter: Default Locale=English (United States)
2017-11-20 10:12:45,087 INFO o.a.j.JMeter: JMeter  Locale=English (United States)
2017-11-20 10:12:45,087 INFO o.a.j.JMeter: JMeterHome=/Users/daper01/.bzt/jmeter-taurus/3.3
2017-11-20 10:12:45,087 INFO o.a.j.JMeter: user.dir  =/Users/daper01/Documents/OSLo
2017-11-20 10:12:45,087 INFO o.a.j.JMeter: PWD       =/Users/daper01/Documents/OSLo
2017-11-20 10:12:45,089 INFO o.a.j.JMeter: IP: 10.137.176.245 Name: daper01mac1124 FullName: daper01mac1124.ca.com
2017-11-20 10:12:45,089 INFO o.a.j.JMeter: user.classpath=/Users/daper01/Documents/OSLo/2017-11-20_10-12-40.128515
2017-11-20 10:12:45,089 INFO o.a.j.JMeter: Adding to classpath and loader: /Users/daper01/Documents/OSLo/2017-11-20_10-12-40.128515
2017-11-20 10:12:45,093 INFO o.a.j.s.FileServer: Default base='/Users/daper01/Documents/OSLo'
2017-11-20 10:12:45,093 INFO o.a.j.s.FileServer: Set new base='/Users/daper01/Documents/OSLo/2017-11-20_10-12-40.128515'
2017-11-20 10:12:45,266 INFO o.a.j.s.SaveService: Testplan (JMX) version: 2.2. Testlog (JTL) version: 2.2
2017-11-20 10:12:45,286 INFO o.a.j.s.SaveService: Using SaveService properties file encoding UTF-8
2017-11-20 10:12:45,290 INFO o.a.j.s.SaveService: Using SaveService properties version 3.2
2017-11-20 10:12:45,296 INFO o.a.j.s.SaveService: Loading file: /Users/daper01/Documents/OSLo/2017-11-20_10-12-40.128515/modified_requests.jmx
2017-11-20 10:12:45,356 INFO o.a.j.p.h.c.CacheManager: Will only cache the following methods: [GET]
2017-11-20 10:12:45,359 INFO o.a.j.p.h.c.CookieManager: Settings: Delete null: true Check: true Allow variable: true Save: false Prefix: COOKIE_
2017-11-20 10:12:45,376 INFO o.a.j.p.h.s.HTTPSamplerBase: Parser for text/html is org.apache.jmeter.protocol.http.parser.LagartoBasedHtmlParser
2017-11-20 10:12:45,376 INFO o.a.j.p.h.s.HTTPSamplerBase: Parser for application/xhtml+xml is org.apache.jmeter.protocol.http.parser.LagartoBasedHtmlParser
2017-11-20 10:12:45,376 INFO o.a.j.p.h.s.HTTPSamplerBase: Parser for application/xml is org.apache.jmeter.protocol.http.parser.LagartoBasedHtmlParser
2017-11-20 10:12:45,376 INFO o.a.j.p.h.s.HTTPSamplerBase: Parser for text/xml is org.apache.jmeter.protocol.http.parser.LagartoBasedHtmlParser
2017-11-20 10:12:45,377 INFO o.a.j.p.h.s.HTTPSamplerBase: Parser for text/vnd.wap.wml is org.apache.jmeter.protocol.http.parser.RegexpHTMLParser
2017-11-20 10:12:45,377 INFO o.a.j.p.h.s.HTTPSamplerBase: Parser for text/css is org.apache.jmeter.protocol.http.parser.CssParser
2017-11-20 10:12:45,406 INFO o.a.j.e.StandardJMeterEngine: Running the test!
2017-11-20 10:12:45,406 INFO o.a.j.s.SampleEvent: List of sample_variables: []
2017-11-20 10:12:45,406 INFO o.a.j.s.SampleEvent: List of sample_variables: []
2017-11-20 10:12:45,410 INFO o.a.j.e.u.CompoundVariable: Note: Function class names must contain the string: '.functions.'
2017-11-20 10:12:45,410 INFO o.a.j.e.u.CompoundVariable: Note: Function class names must not contain the string: '.gui.'
2017-11-20 10:12:45,907 INFO o.a.j.JMeter: Running test (1511201565907)
2017-11-20 10:12:45,959 INFO o.a.j.e.StandardJMeterEngine: Starting ThreadGroup: 1 : blazedemo
2017-11-20 10:12:45,959 INFO o.a.j.e.StandardJMeterEngine: Starting 50 threads for group blazedemo.
2017-11-20 10:12:45,959 INFO o.a.j.e.StandardJMeterEngine: Thread will continue on error
2017-11-20 10:12:45,963 INFO o.a.j.e.StandardJMeterEngine: All thread groups have been started
2017-11-20 10:12:45,963 INFO c.b.j.t.c.ConcurrencyThreadStarter: Start supplying threads
2017-11-20 10:12:45,968 INFO o.a.j.s.SampleResult: Note: Sample TimeStamps are START times
2017-11-20 10:12:45,968 INFO o.a.j.s.SampleResult: sampleresult.default.encoding is set to UTF-8
2017-11-20 10:12:45,968 INFO o.a.j.s.SampleResult: sampleresult.useNanoTime=true
2017-11-20 10:12:45,968 INFO o.a.j.s.SampleResult: sampleresult.nanoThreadSleep=5000
2017-11-20 10:12:46,175 INFO o.a.j.t.JMeterThread: Thread started: blazedemo 1-4
2017-11-20 10:12:46,175 INFO o.a.j.t.JMeterThread: Thread started: blazedemo 1-2
2017-11-20 10:12:46,175 INFO o.a.j.t.JMeterThread: Thread started: blazedemo 1-3
2017-11-20 10:12:46,177 INFO o.a.j.t.JMeterThread: Thread started: blazedemo 1-5
2017-11-20 10:12:46,177 INFO o.a.j.t.JMeterThread: Thread started: blazedemo 1-1
2017-11-20 10:12:46,178 INFO o.a.j.s.FileServer: Stored: /Users/daper01/Documents/OSLo/param.csv
2017-11-20 10:12:46,196 INFO o.a.j.p.h.s.HTTPHCAbstractImpl: Local host = daper01mac1124
2017-11-20 10:12:46,202 INFO o.a.j.p.h.s.HTTPHC4Impl: HTTP request retry count = 0
2017-11-20 10:12:48,986 INFO o.a.j.t.JMeterThread: Thread started: blazedemo 1-6
2017-11-20 10:12:48,990 INFO o.a.j.t.JMeterThread: Thread started: blazedemo 1-7
2017-11-20 10:12:48,990 INFO o.a.j.t.JMeterThread: Thread started: blazedemo 1-8
2017-11-20 10:12:48,991 INFO o.a.j.t.JMeterThread: Thread started: blazedemo 1-9
2017-11-20 10:12:48,995 INFO o.a.j.t.JMeterThread: Thread started: blazedemo 1-10
2017-11-20 10:12:52,006 INFO o.a.j.t.JMeterThread: Thread started: blazedemo 1-11
2017-11-20 10:12:52,007 INFO o.a.j.t.JMeterThread: Thread started: blazedemo 1-12
2017-11-20 10:12:52,009 INFO o.a.j.t.JMeterThread: Thread started: blazedemo 1-13
2017-11-20 10:12:52,010 INFO o.a.j.t.JMeterThread: Thread started: blazedemo 1-14
2017-11-20 10:12:52,014 INFO o.a.j.t.JMeterThread: Thread started: blazedemo 1-15
2017-11-20 10:12:55,027 INFO o.a.j.t.JMeterThread: Thread started: blazedemo 1-16
2017-11-20 10:12:55,029 INFO o.a.j.t.JMeterThread: Thread started: blazedemo 1-17
2017-11-20 10:12:55,035 INFO o.a.j.t.JMeterThread: Thread started: blazedemo 1-19
2017-11-20 10:12:55,035 INFO o.a.j.t.JMeterThread: Thread started: blazedemo 1-18
2017-11-20 10:12:55,035 INFO o.a.j.t.JMeterThread: Thread started: blazedemo 1-20
2017-11-20 10:12:58,047 INFO o.a.j.t.JMeterThread: Thread started: blazedemo 1-21
2017-11-20 10:12:58,047 INFO o.a.j.t.JMeterThread: Thread started: blazedemo 1-22
2017-11-20 10:12:58,048 INFO o.a.j.t.JMeterThread: Thread started: blazedemo 1-23
2017-11-20 10:12:58,049 INFO o.a.j.t.JMeterThread: Thread started: blazedemo 1-24
2017-11-20 10:12:58,050 INFO o.a.j.t.JMeterThread: Thread started: blazedemo 1-25
2017-11-20 10:13:01,064 INFO o.a.j.t.JMeterThread: Thread started: blazedemo 1-26
2017-11-20 10:13:01,064 INFO o.a.j.t.JMeterThread: Thread started: blazedemo 1-27
2017-11-20 10:13:01,065 INFO o.a.j.t.JMeterThread: Thread started: blazedemo 1-28
2017-11-20 10:13:01,066 INFO o.a.j.t.JMeterThread: Thread started: blazedemo 1-29
2017-11-20 10:13:01,067 INFO o.a.j.t.JMeterThread: Thread started: blazedemo 1-30
2017-11-20 10:13:04,080 INFO o.a.j.t.JMeterThread: Thread started: blazedemo 1-31
2017-11-20 10:13:04,081 INFO o.a.j.t.JMeterThread: Thread started: blazedemo 1-32
2017-11-20 10:13:04,081 INFO o.a.j.t.JMeterThread: Thread started: blazedemo 1-33
2017-11-20 10:13:04,082 INFO o.a.j.t.JMeterThread: Thread started: blazedemo 1-34
2017-11-20 10:13:04,082 INFO o.a.j.t.JMeterThread: Thread started: blazedemo 1-35
2017-11-20 10:13:07,097 INFO o.a.j.t.JMeterThread: Thread started: blazedemo 1-36
2017-11-20 10:13:07,098 INFO o.a.j.t.JMeterThread: Thread started: blazedemo 1-37
2017-11-20 10:13:07,098 INFO o.a.j.t.JMeterThread: Thread started: blazedemo 1-38
2017-11-20 10:13:07,099 INFO o.a.j.t.JMeterThread: Thread started: blazedemo 1-39
2017-11-20 10:13:07,100 INFO o.a.j.t.JMeterThread: Thread started: blazedemo 1-40
2017-11-20 10:13:10,107 INFO o.a.j.t.JMeterThread: Thread started: blazedemo 1-41
2017-11-20 10:13:10,108 INFO o.a.j.t.JMeterThread: Thread started: blazedemo 1-42
2017-11-20 10:13:10,109 INFO o.a.j.t.JMeterThread: Thread started: blazedemo 1-44
2017-11-20 10:13:10,109 INFO o.a.j.t.JMeterThread: Thread started: blazedemo 1-43
2017-11-20 10:13:10,109 INFO o.a.j.t.JMeterThread: Thread started: blazedemo 1-45
2017-11-20 10:13:13,120 INFO o.a.j.t.JMeterThread: Thread started: blazedemo 1-46
2017-11-20 10:13:13,121 INFO o.a.j.t.JMeterThread: Thread started: blazedemo 1-47
2017-11-20 10:13:13,122 INFO o.a.j.t.JMeterThread: Thread started: blazedemo 1-48
2017-11-20 10:13:13,123 INFO o.a.j.t.JMeterThread: Thread started: blazedemo 1-49
2017-11-20 10:13:13,124 INFO o.a.j.t.JMeterThread: Thread started: blazedemo 1-50
2017-11-20 10:13:29,114 INFO o.a.j.JMeter: Command: Shutdown received from /127.0.0.1
2017-11-20 10:13:29,115 INFO c.b.j.t.c.ConcurrencyThreadStarter: Done supplying threads
2017-11-20 10:13:29,115 WARN o.a.j.t.JMeterThread: Interrupting: blazedemo 1-6 sampler: Purchase Page
2017-11-20 10:13:29,116 INFO o.a.j.t.JMeterThread: Thread is done: blazedemo 1-19
2017-11-20 10:13:29,116 INFO o.a.j.t.JMeterThread: Thread finished: blazedemo 1-19
2017-11-20 10:13:29,116 INFO o.a.j.t.JMeterThread: Thread is done: blazedemo 1-34
2017-11-20 10:13:29,116 INFO o.a.j.t.JMeterThread: Thread finished: blazedemo 1-34
2017-11-20 10:13:29,117 INFO o.a.j.t.JMeterThread: Thread is done: blazedemo 1-42
2017-11-20 10:13:29,117 INFO o.a.j.t.JMeterThread: Thread finished: blazedemo 1-42
2017-11-20 10:13:29,117 INFO o.a.j.t.JMeterThread: Thread is done: blazedemo 1-24
2017-11-20 10:13:29,117 INFO o.a.j.t.JMeterThread: Thread finished: blazedemo 1-24
2017-11-20 10:13:29,117 INFO o.a.j.t.JMeterThread: Thread is done: blazedemo 1-17
2017-11-20 10:13:29,117 INFO o.a.j.t.JMeterThread: Thread finished: blazedemo 1-17
2017-11-20 10:13:29,118 INFO o.a.j.t.JMeterThread: Thread is done: blazedemo 1-26
2017-11-20 10:13:29,118 WARN o.a.j.t.JMeterThread: Interrupting: blazedemo 1-35 sampler: Purchase Page
2017-11-20 10:13:29,119 INFO o.a.j.t.JMeterThread: Thread finished: blazedemo 1-26
2017-11-20 10:13:29,120 WARN o.a.j.t.JMeterThread: Interrupting: blazedemo 1-43 sampler: Purchase Page
2017-11-20 10:13:29,121 INFO o.a.j.t.JMeterThread: Thread is done: blazedemo 1-41
2017-11-20 10:13:29,121 WARN o.a.j.t.JMeterThread: Interrupting: blazedemo 1-44 sampler: Purchase Page
2017-11-20 10:13:29,121 INFO o.a.j.t.JMeterThread: Thread is done: blazedemo 1-28
2017-11-20 10:13:29,121 INFO o.a.j.t.JMeterThread: Thread is done: blazedemo 1-29
2017-11-20 10:13:29,121 INFO o.a.j.t.JMeterThread: Thread finished: blazedemo 1-29
2017-11-20 10:13:29,121 INFO o.a.j.t.JMeterThread: Thread finished: blazedemo 1-41
2017-11-20 10:13:29,121 INFO o.a.j.t.JMeterThread: Thread finished: blazedemo 1-28
2017-11-20 10:13:29,122 WARN o.a.j.t.JMeterThread: Interrupting: blazedemo 1-23 sampler: Purchase Page
2017-11-20 10:13:29,124 INFO o.a.j.t.JMeterThread: Thread is done: blazedemo 1-11
2017-11-20 10:13:29,124 INFO o.a.j.t.JMeterThread: Thread finished: blazedemo 1-11
2017-11-20 10:13:29,124 INFO o.a.j.t.JMeterThread: Thread is done: blazedemo 1-36
2017-11-20 10:13:29,124 INFO o.a.j.t.JMeterThread: Thread is done: blazedemo 1-3
2017-11-20 10:13:29,124 INFO o.a.j.t.JMeterThread: Thread is done: blazedemo 1-8
2017-11-20 10:13:29,124 INFO o.a.j.t.JMeterThread: Thread finished: blazedemo 1-3
2017-11-20 10:13:29,125 INFO o.a.j.t.JMeterThread: Thread finished: blazedemo 1-8
2017-11-20 10:13:29,125 INFO o.a.j.t.JMeterThread: Thread finished: blazedemo 1-36
2017-11-20 10:13:29,125 INFO o.a.j.t.JMeterThread: Thread is done: blazedemo 1-30
2017-11-20 10:13:29,126 INFO o.a.j.t.JMeterThread: Thread is done: blazedemo 1-1
2017-11-20 10:13:29,126 INFO o.a.j.t.JMeterThread: Thread is done: blazedemo 1-10
2017-11-20 10:13:29,126 INFO o.a.j.t.JMeterThread: Thread is done: blazedemo 1-22
2017-11-20 10:13:29,126 INFO o.a.j.t.JMeterThread: Thread finished: blazedemo 1-10
2017-11-20 10:13:29,126 INFO o.a.j.t.JMeterThread: Thread finished: blazedemo 1-1
2017-11-20 10:13:29,126 INFO o.a.j.t.JMeterThread: Thread is done: blazedemo 1-5
2017-11-20 10:13:29,126 INFO o.a.j.t.JMeterThread: Thread finished: blazedemo 1-5
2017-11-20 10:13:29,126 INFO o.a.j.t.JMeterThread: Thread finished: blazedemo 1-30
2017-11-20 10:13:29,126 INFO o.a.j.t.JMeterThread: Thread finished: blazedemo 1-22
2017-11-20 10:13:29,129 WARN o.a.j.t.JMeterThread: Interrupting: blazedemo 1-2 sampler: Purchase Page
2017-11-20 10:13:29,131 WARN o.a.j.t.JMeterThread: Interrupting: blazedemo 1-12 sampler: Reserve Page
2017-11-20 10:13:29,131 WARN o.a.j.t.JMeterThread: Interrupting: blazedemo 1-21 sampler: Purchase Page
2017-11-20 10:13:29,133 WARN o.a.j.t.JMeterThread: Interrupting: blazedemo 1-46 sampler: Purchase Page
2017-11-20 10:13:29,134 WARN o.a.j.t.JMeterThread: Interrupting: blazedemo 1-25 sampler: Welcome Page
2017-11-20 10:13:29,135 WARN o.a.j.t.JMeterThread: Interrupting: blazedemo 1-50 sampler: Purchase Page
2017-11-20 10:13:29,137 WARN o.a.j.t.JMeterThread: Interrupting: blazedemo 1-15 sampler: Reserve Page
2017-11-20 10:13:29,138 INFO o.a.j.t.JMeterThread: Thread is done: blazedemo 1-43
2017-11-20 10:13:29,138 INFO o.a.j.t.JMeterThread: Thread finished: blazedemo 1-43
2017-11-20 10:13:29,138 WARN o.a.j.t.JMeterThread: Interrupting: blazedemo 1-47 sampler: Confirmation Page
2017-11-20 10:13:29,140 INFO o.a.j.t.JMeterThread: Thread is done: blazedemo 1-50
2017-11-20 10:13:29,140 INFO o.a.j.t.JMeterThread: Thread finished: blazedemo 1-50
2017-11-20 10:13:29,140 WARN o.a.j.t.JMeterThread: Interrupting: blazedemo 1-48 sampler: Purchase Page
2017-11-20 10:13:29,141 WARN o.a.j.t.JMeterThread: Interrupting: blazedemo 1-9 sampler: Purchase Page
2017-11-20 10:13:29,142 INFO o.a.j.t.JMeterThread: Thread is done: blazedemo 1-25
2017-11-20 10:13:29,142 INFO o.a.j.t.JMeterThread: Thread finished: blazedemo 1-25
2017-11-20 10:13:29,144 INFO o.a.j.t.JMeterThread: Thread is done: blazedemo 1-46
2017-11-20 10:13:29,144 INFO o.a.j.t.JMeterThread: Thread finished: blazedemo 1-46
2017-11-20 10:13:29,144 WARN o.a.j.t.JMeterThread: Interrupting: blazedemo 1-32 sampler: Welcome Page
2017-11-20 10:13:29,145 INFO o.a.j.t.JMeterThread: Thread is done: blazedemo 1-48
2017-11-20 10:13:29,145 INFO o.a.j.t.JMeterThread: Thread finished: blazedemo 1-48
2017-11-20 10:13:29,146 INFO o.a.j.t.JMeterThread: Thread is done: blazedemo 1-21
2017-11-20 10:13:29,146 INFO o.a.j.t.JMeterThread: Thread finished: blazedemo 1-21
2017-11-20 10:13:29,147 WARN o.a.j.t.JMeterThread: Interrupting: blazedemo 1-4 sampler: Purchase Page
2017-11-20 10:13:29,148 INFO o.a.j.t.JMeterThread: Thread is done: blazedemo 1-12
2017-11-20 10:13:29,148 INFO o.a.j.t.JMeterThread: Thread finished: blazedemo 1-12
2017-11-20 10:13:29,149 INFO o.a.j.t.JMeterThread: Thread is done: blazedemo 1-2
2017-11-20 10:13:29,149 INFO o.a.j.t.JMeterThread: Thread finished: blazedemo 1-2
2017-11-20 10:13:29,150 WARN o.a.j.t.JMeterThread: Interrupting: blazedemo 1-40 sampler: Reserve Page
2017-11-20 10:13:29,152 INFO o.a.j.t.JMeterThread: Thread is done: blazedemo 1-23
2017-11-20 10:13:29,152 INFO o.a.j.t.JMeterThread: Thread finished: blazedemo 1-23
2017-11-20 10:13:29,154 INFO o.a.j.t.JMeterThread: Thread is done: blazedemo 1-4
2017-11-20 10:13:29,154 INFO o.a.j.t.JMeterThread: Thread finished: blazedemo 1-4
2017-11-20 10:13:29,154 WARN o.a.j.t.JMeterThread: Interrupting: blazedemo 1-37 sampler: Reserve Page
2017-11-20 10:13:29,155 INFO o.a.j.t.JMeterThread: Thread is done: blazedemo 1-44
2017-11-20 10:13:29,155 INFO o.a.j.t.JMeterThread: Thread finished: blazedemo 1-44
2017-11-20 10:13:29,157 INFO o.a.j.t.JMeterThread: Thread is done: blazedemo 1-6
2017-11-20 10:13:29,157 INFO o.a.j.t.JMeterThread: Thread finished: blazedemo 1-6
2017-11-20 10:13:29,157 WARN o.a.j.t.JMeterThread: Interrupting: blazedemo 1-49 sampler: Welcome Page
2017-11-20 10:13:29,158 INFO o.a.j.t.JMeterThread: Thread is done: blazedemo 1-35
2017-11-20 10:13:29,158 INFO o.a.j.t.JMeterThread: Thread finished: blazedemo 1-35
2017-11-20 10:13:29,158 INFO o.a.j.e.StandardJMeterEngine: Notifying test listeners of end of test
2017-11-20 10:13:29,159 INFO o.a.j.s.FileServer: Close: /Users/daper01/Documents/OSLo/param.csv
2017-11-20 10:13:29,159 INFO o.a.j.t.JMeterThread: Thread is done: blazedemo 1-40
2017-11-20 10:13:29,159 INFO o.a.j.t.JMeterThread: Thread finished: blazedemo 1-40
2017-11-20 10:13:29,160 INFO o.a.j.t.JMeterThread: Thread is done: blazedemo 1-32
2017-11-20 10:13:29,161 INFO o.a.j.t.JMeterThread: Thread finished: blazedemo 1-32
2017-11-20 10:13:29,161 WARN o.a.j.t.JMeterThread: Interrupting: blazedemo 1-16 sampler: Reserve Page
2017-11-20 10:13:29,162 WARN o.a.j.t.JMeterThread: Interrupting: blazedemo 1-27 sampler: Welcome Page
2017-11-20 10:13:29,163 INFO o.a.j.e.StandardJMeterEngine: Forced JVM shutdown requested at end of test
2017-11-20 10:13:29,163 INFO o.a.j.t.JMeterThread: Thread is done: blazedemo 1-37
2017-11-20 10:13:29,163 INFO o.a.j.t.JMeterThread: Thread is done: blazedemo 1-9
2017-11-20 10:13:29,163 INFO o.a.j.t.JMeterThread: Thread finished: blazedemo 1-37
2017-11-20 10:13:29,163 INFO o.a.j.t.JMeterThread: Thread finished: blazedemo 1-9
2017-11-20 10:13:29,164 INFO o.a.j.t.JMeterThread: Thread is done: blazedemo 1-47
2017-11-20 10:13:29,164 INFO o.a.j.t.JMeterThread: Thread finished: blazedemo 1-47
2017-11-20 10:13:29,165 INFO o.a.j.t.JMeterThread: Thread is done: blazedemo 1-15
2017-11-20 10:13:29,165 INFO o.a.j.t.JMeterThread: Thread finished: blazedemo 1-15
