[2017-12-14 11:51:05,951 INFO root] Taurus CLI Tool v1.9.6
[2017-12-14 11:51:05,951 DEBUG root] Command-line options: {'verbose': None, 'no_system_configs': None, 'quiet': None, 'log': '/var/folders/vq/xzrdy2lx047cst78f69v8z3xfzqz1q/T/bzt_55RSc3.log', 'option': None, 'aliases': []}
[2017-12-14 11:51:05,951 DEBUG root] Python: CPython 2.7.13
[2017-12-14 11:51:05,951 DEBUG root] OS: ('Darwin', 'daper01mac1124', '17.2.0', 'Darwin Kernel Version 17.2.0: Fri Sep 29 18:27:05 PDT 2017; root:xnu-4570.20.62~3/RELEASE_X86_64', 'x86_64', 'i386')
[2017-12-14 11:51:05,951 INFO root] Starting with configs: ['jmeter.yml']
[2017-12-14 11:51:05,951 DEBUG root] Using personal config: /Users/daper01/.bzt-rc
[2017-12-14 11:51:05,951 INFO Engine] Configuring...
[2017-12-14 11:51:05,951 DEBUG Engine] Reading extension configs from: /usr/local/etc/bzt.d
[2017-12-14 11:51:05,952 DEBUG Engine.Configuration] Configs: ['/usr/local/lib/python2.7/site-packages/bzt/resources/base-config.yml', '/usr/local/etc/bzt.d/99-installID.yml']
[2017-12-14 11:51:05,952 DEBUG Engine.Configuration] Reading /usr/local/lib/python2.7/site-packages/bzt/resources/base-config.yml as YAML
[2017-12-14 11:51:05,977 DEBUG Engine.Configuration] Reading /usr/local/etc/bzt.d/99-installID.yml as YAML
[2017-12-14 11:51:05,978 DEBUG Engine.Configuration] Configs: ['/Users/daper01/.bzt-rc', 'jmeter.yml']
[2017-12-14 11:51:05,978 DEBUG Engine.Configuration] Reading /Users/daper01/.bzt-rc as YAML
[2017-12-14 11:51:05,979 DEBUG Engine.Configuration] Reading jmeter.yml as YAML
[2017-12-14 11:51:05,983 DEBUG Engine.Configuration] Configs: ['/Users/daper01/.bzt-rc', 'jmeter.yml']
[2017-12-14 11:51:05,983 DEBUG Engine.Configuration] Reading /Users/daper01/.bzt-rc as YAML
[2017-12-14 11:51:05,984 DEBUG Engine.Configuration] Reading jmeter.yml as YAML
[2017-12-14 11:51:05,997 DEBUG Engine] Requesting updates info: http://gettaurus.org/updates/?version=1.9.6&installID=784f43782a15
[2017-12-14 11:51:06,003 INFO Engine] Artifacts dir: /Users/daper01/Documents/OSLo/JMeter/2017-12-14_11-51-05.997198
[2017-12-14 11:51:06,004 DEBUG Engine] New artifact filename: /Users/daper01/Documents/OSLo/JMeter/2017-12-14_11-51-05.997198/effective
[2017-12-14 11:51:06,007 DEBUG Engine.Configuration] Dumping YAML config into /Users/daper01/Documents/OSLo/JMeter/2017-12-14_11-51-05.997198/effective.yml
[2017-12-14 11:51:06,029 DEBUG Engine.Configuration] Dumping JSON config into /Users/daper01/Documents/OSLo/JMeter/2017-12-14_11-51-05.997198/effective.json
[2017-12-14 11:51:06,031 DEBUG Engine] New artifact filename: /Users/daper01/Documents/OSLo/JMeter/2017-12-14_11-51-05.997198/merged.yml
[2017-12-14 11:51:06,031 DEBUG Engine.Configuration] Dumping YAML config into /Users/daper01/Documents/OSLo/JMeter/2017-12-14_11-51-05.997198/merged.yml
[2017-12-14 11:51:06,036 DEBUG Engine] New artifact filename: /Users/daper01/Documents/OSLo/JMeter/2017-12-14_11-51-05.997198/merged.json
[2017-12-14 11:51:06,037 DEBUG Engine.Configuration] Dumping JSON config into /Users/daper01/Documents/OSLo/JMeter/2017-12-14_11-51-05.997198/merged.json
[2017-12-14 11:51:06,037 DEBUG Engine] Add existing artifact (move=False): jmeter.yml
[2017-12-14 11:51:06,037 DEBUG Engine] Copying jmeter.yml to /Users/daper01/Documents/OSLo/JMeter/2017-12-14_11-51-05.997198/jmeter.yml
[2017-12-14 11:51:06,038 DEBUG root] Closing log handler: /var/folders/vq/xzrdy2lx047cst78f69v8z3xfzqz1q/T/bzt_55RSc3.log
[2017-12-14 11:51:06,051 DEBUG root] Switched writing logs to /Users/daper01/Documents/OSLo/JMeter/2017-12-14_11-51-05.997198/bzt.log
[2017-12-14 11:51:06,052 INFO Engine] Preparing...
[2017-12-14 11:51:06,052 DEBUG Engine] Module config: consolidator defaultdict(None, {'class': 'bzt.modules.aggregator.ConsolidatingAggregator'})
[2017-12-14 11:51:06,053 DEBUG root] Importing module: bzt.modules.aggregator
[2017-12-14 11:51:06,056 DEBUG root] Loading class: 'ConsolidatingAggregator' from <module 'bzt.modules.aggregator' from '/usr/local/lib/python2.7/site-packages/bzt/modules/aggregator.pyc'>
[2017-12-14 11:51:06,056 DEBUG Engine.consolidator] Exception in dehumanize_time(inf)
[2017-12-14 11:51:06,056 DEBUG Engine.consolidator] Buffer scaling setup: percentile 95.0 from [0.0, 50.0, 90.0, 95.0, 99.0, 99.9, 100.0] selected
[2017-12-14 11:51:06,056 DEBUG Engine] Module config: monitoring defaultdict(None, {'class': 'bzt.modules.monitoring.Monitoring'})
[2017-12-14 11:51:06,057 DEBUG root] Importing module: bzt.modules.monitoring
[2017-12-14 11:51:06,071 DEBUG root] Loading class: 'Monitoring' from <module 'bzt.modules.monitoring' from '/usr/local/lib/python2.7/site-packages/bzt/modules/monitoring.pyc'>
[2017-12-14 11:51:06,072 DEBUG Engine] Module config: local defaultdict(None, {'class': 'bzt.modules.provisioning.Local'})
[2017-12-14 11:51:06,072 DEBUG root] Importing module: bzt.modules.provisioning
[2017-12-14 11:51:06,072 DEBUG root] Loading class: 'Local' from <module 'bzt.modules.provisioning' from '/usr/local/lib/python2.7/site-packages/bzt/modules/provisioning.pyc'>
[2017-12-14 11:51:06,072 DEBUG Engine] Module config: jmeter defaultdict(None, {'properties': defaultdict(None, {'jmeter.save.saveservice.autoflush': 'true', 'summariser.name': '', 'jmeter.save.saveservice.connect_time': 'true', 'mode': 'Stripped', 'jmeterengine.force.system.exit': 'true'}), 'class': 'bzt.modules.jmeter.JMeterExecutor', 'plugins': ['jpgc-casutg', 'jpgc-dummy', 'jpgc-ffw', 'jpgc-fifo', 'jpgc-functions', 'jpgc-json', 'jpgc-perfmon', 'jpgc-prmctl', 'jpgc-tst']})
[2017-12-14 11:51:06,072 DEBUG root] Importing module: bzt.modules.jmeter
[2017-12-14 11:51:06,082 DEBUG root] Loading class: 'JMeterExecutor' from <module 'bzt.modules.jmeter' from '/usr/local/lib/python2.7/site-packages/bzt/modules/jmeter.pyc'>
[2017-12-14 11:51:06,083 DEBUG Engine.local] Preparing executor: jmeter/4602457488
[2017-12-14 11:51:06,084 DEBUG Engine] New artifact filename: /Users/daper01/Documents/OSLo/JMeter/2017-12-14_11-51-05.997198/jmeter.log
[2017-12-14 11:51:06,084 DEBUG Engine.jmeter] Checking if port 4445 is free
[2017-12-14 11:51:06,085 DEBUG Engine.jmeter] Port 4445 is free
[2017-12-14 11:51:06,085 DEBUG Engine.jmeter] Using port 4445 for management
[2017-12-14 11:51:06,085 DEBUG Engine.jmeter.JavaVM] Trying JavaVM: ['java', '-version']
[2017-12-14 11:51:06,204 DEBUG Engine.jmeter.JavaVM] JavaVM output: java version "1.8.0_121"
Java(TM) SE Runtime Environment (build 1.8.0_121-b13)
Java HotSpot(TM) 64-Bit Server VM (build 25.121-b13, mixed mode)

[2017-12-14 11:51:06,205 DEBUG Engine.jmeter.TclLibrary] We don't need to check tcl library on this platform
[2017-12-14 11:51:06,205 DEBUG Engine.jmeter.JMeter] Trying jmeter: /Users/daper01/.bzt/jmeter-taurus/3.3/bin/jmeter.sh
[2017-12-14 11:51:06,206 DEBUG bzt.utils] Executing shell: ['/Users/daper01/.bzt/jmeter-taurus/3.3/bin/jmeter.sh', '-j', '/var/folders/vq/xzrdy2lx047cst78f69v8z3xfzqz1q/T/jmetero8wJIxlog', '--version']
[2017-12-14 11:51:06,636 DEBUG Engine] Taurus updates info: {"latest":"1.10.3","needsUpgrade":true}
[2017-12-14 11:51:06,636 WARNING Engine] There is newer version of Taurus 1.10.3 available, consider upgrading. What's new: http://gettaurus.org/docs/Changelog/
[2017-12-14 11:51:07,316 DEBUG Engine.jmeter.JMeter] JMeter check:     _    ____   _    ____ _   _ _____       _ __  __ _____ _____ _____ ____     
   / \  |  _ \ / \  / ___| | | | ____|     | |  \/  | ____|_   _| ____|  _ \   
  / _ \ | |_) / _ \| |   | |_| |  _|    _  | | |\/| |  _|   | | |  _| | |_) | 
 / ___ \|  __/ ___ \ |___|  _  | |___  | |_| | |  | | |___  | | | |___|  _ <  
/_/   \_\_| /_/   \_\____|_| |_|_____|  \___/|_|  |_|_____| |_| |_____|_| \_\ 3.3 r1808647  

Copyright (c) 1999-2017 The Apache Software Foundation

 / None
[2017-12-14 11:51:07,317 DEBUG bzt.utils] Executing shell: ['/Users/daper01/.bzt/jmeter-taurus/3.3/bin/PluginsManagerCMD.sh', 'install-for-jmx', 'blazedemo_easy_peasy.jmx']
[2017-12-14 11:51:10,064 DEBUG Engine.jmeter.JMeter] Try to detect plugins for blazedemo_easy_peasy.jmx
11:51:08.908 [main] INFO  org.jmeterplugins.repository.PluginManager - Plugins Status: [jpgc-functions=2.0, jpgc-casutg=2.1, jpgc-dummy=0.2, jpgc-ffw=2.0, jpgc-fifo=0.2, jpgc-json=2.6, jpgc-prmctl=0.3, jpgc-perfmon=2.1, jpgc-plugins-manager=0.16, jpgc-tst=2.1, jmeter-core=3.3, jmeter-ftp=3.3, jmeter-http=3.3, jmeter-jdbc=3.3, jmeter-jms=3.3, jmeter-junit=3.3, jmeter-java=3.3, jmeter-ldap=3.3, jmeter-mail=3.3, jmeter-mongodb=3.3, jmeter-native=3.3, jmeter-tcp=3.3, jmeter-components=3.3]
2017-12-14 11:51:08,908 INFO o.j.r.PluginManager: Plugins Status: [jpgc-functions=2.0, jpgc-casutg=2.1, jpgc-dummy=0.2, jpgc-ffw=2.0, jpgc-fifo=0.2, jpgc-json=2.6, jpgc-prmctl=0.3, jpgc-perfmon=2.1, jpgc-plugins-manager=0.16, jpgc-tst=2.1, jmeter-core=3.3, jmeter-ftp=3.3, jmeter-http=3.3, jmeter-jdbc=3.3, jmeter-jms=3.3, jmeter-junit=3.3, jmeter-java=3.3, jmeter-ldap=3.3, jmeter-mail=3.3, jmeter-mongodb=3.3, jmeter-native=3.3, jmeter-tcp=3.3, jmeter-components=3.3]
11:51:09.419 [main] INFO  org.apache.jmeter.save.SaveService - Testplan (JMX) version: 2.2. Testlog (JTL) version: 2.2
2017-12-14 11:51:09,419 INFO o.a.j.s.SaveService: Testplan (JMX) version: 2.2. Testlog (JTL) version: 2.2
11:51:09.434 [main] INFO  org.apache.jmeter.save.SaveService - Using SaveService properties file encoding UTF-8
2017-12-14 11:51:09,434 INFO o.a.j.s.SaveService: Using SaveService properties file encoding UTF-8
11:51:09.440 [main] INFO  org.apache.jmeter.save.SaveService - Using SaveService properties version 3.2
2017-12-14 11:51:09,440 INFO o.a.j.s.SaveService: Using SaveService properties version 3.2
11:51:09.475 [main] INFO  org.apache.jmeter.protocol.http.control.CookieManager - Settings: Delete null: true Check: true Allow variable: true Save: false Prefix: COOKIE_
2017-12-14 11:51:09,475 INFO o.a.j.p.h.c.CookieManager: Settings: Delete null: true Check: true Allow variable: true Save: false Prefix: COOKIE_
11:51:09.512 [main] INFO  org.apache.jmeter.protocol.http.control.CacheManager - Will only cache the following methods: [GET]
2017-12-14 11:51:09,512 INFO o.a.j.p.h.c.CacheManager: Will only cache the following methods: [GET]
11:51:09.635 [main] INFO  org.jmeterplugins.repository.PluginManager - Restarting JMeter...
2017-12-14 11:51:09,635 INFO o.j.r.PluginManager: Restarting JMeter...
11:51:09.637 [Thread-1] INFO  org.jmeterplugins.repository.PluginManager - Starting JMeter Plugins modifications
2017-12-14 11:51:09,637 INFO o.j.r.PluginManager: Starting JMeter Plugins modifications

ERROR StatusLogger No log4j2 configuration file found. Using default configuration: logging only errors to the console. Set system property 'org.apache.logging.log4j.simplelog.StatusLogger.level' to TRACE to show Log4j2 internal initialization logging.

[2017-12-14 11:51:10,065 DEBUG Engine.jmeter] Load: LoadSpec(concurrency=50, throughput=100.0, ramp_up=30.0, hold=60.0, iterations=0, duration=90.0, steps=None)
[2017-12-14 11:51:10,070 DEBUG Engine.jmeter.LoadSettingsProcessor.ThreadGroupHandler] Converting ThreadGroup (Thread Group) to ConcurrencyThreadGroup and apply load parameters
[2017-12-14 11:51:10,071 DEBUG Engine] New artifact filename: /Users/daper01/Documents/OSLo/JMeter/2017-12-14_11-51-05.997198/kpi.jtl
[2017-12-14 11:51:10,072 DEBUG Engine] New artifact filename: /Users/daper01/Documents/OSLo/JMeter/2017-12-14_11-51-05.997198/error.jtl
[2017-12-14 11:51:10,073 DEBUG Engine.jmeter] Enforcing parent sample for transaction controller
[2017-12-14 11:51:10,075 INFO Engine.jmeter] 1 obsolete CookieManagers are found and fixed
[2017-12-14 11:51:10,075 DEBUG JMX] Saving JMX to: /Users/daper01/Documents/OSLo/JMeter/modified_blazedemo_easy_peasy.jmx
[2017-12-14 11:51:10,076 DEBUG Engine.jmeter] Additional properties: defaultdict(None, {'jmeter.save.saveservice.autoflush': 'true', 'jmeter.save.saveservice.connect_time': 'true', 'user.classpath': '/Users/daper01/Documents/OSLo/JMeter/2017-12-14_11-51-05.997198', 'sampleresult.default.encoding': 'UTF-8', 'summariser.name': '', 'jmeterengine.force.system.exit': 'true', 'jmeter.save.saveservice.timestamp_format': 'ms', 'mode': 'Stripped', 'jmeterengine.nongui.maxport': 4445, 'jmeterengine.nongui.port': 4445})
[2017-12-14 11:51:10,077 DEBUG Engine] New artifact filename: /Users/daper01/Documents/OSLo/JMeter/2017-12-14_11-51-05.997198/jmeter-bzt.properties
[2017-12-14 11:51:10,077 DEBUG Engine] New artifact filename: /Users/daper01/Documents/OSLo/JMeter/2017-12-14_11-51-05.997198/jmeter.out
[2017-12-14 11:51:10,077 DEBUG Engine] New artifact filename: /Users/daper01/Documents/OSLo/JMeter/2017-12-14_11-51-05.997198/jmeter.err
[2017-12-14 11:51:10,078 DEBUG Engine] Module config: final-stats defaultdict(None, {'class': 'bzt.modules.reporting.FinalStatus'})
[2017-12-14 11:51:10,078 DEBUG root] Importing module: bzt.modules.reporting
[2017-12-14 11:51:10,144 DEBUG easyprocess] version=0.2.3
[2017-12-14 11:51:10,147 DEBUG pyvirtualdisplay] version=0.2.1
[2017-12-14 11:51:10,148 DEBUG root] Loading class: 'FinalStatus' from <module 'bzt.modules.reporting' from '/usr/local/lib/python2.7/site-packages/bzt/modules/reporting.pyc'>
[2017-12-14 11:51:10,148 DEBUG Engine] Module config: console defaultdict(None, {'class': 'bzt.modules.console.ConsoleStatusReporter'})
[2017-12-14 11:51:10,149 DEBUG root] Importing module: bzt.modules.console
[2017-12-14 11:51:10,149 DEBUG root] Loading class: 'ConsoleStatusReporter' from <module 'bzt.modules.console' from '/usr/local/lib/python2.7/site-packages/bzt/modules/console.pyc'>
[2017-12-14 11:51:10,149 DEBUG Engine] Module config: passfail defaultdict(None, {'class': 'bzt.modules.passfail.PassFailStatus'})
[2017-12-14 11:51:10,149 DEBUG root] Importing module: bzt.modules.passfail
[2017-12-14 11:51:10,149 DEBUG root] Loading class: 'PassFailStatus' from <module 'bzt.modules.passfail' from '/usr/local/lib/python2.7/site-packages/bzt/modules/passfail.pyc'>
[2017-12-14 11:51:10,156 DEBUG root] Importing module: bzt.modules.passfail
[2017-12-14 11:51:10,156 DEBUG root] Loading class: 'DataCriterion' from <module 'bzt.modules.passfail' from '/usr/local/lib/python2.7/site-packages/bzt/modules/passfail.pyc'>
[2017-12-14 11:51:10,158 DEBUG Engine.Configuration] Dumping YAML config into /Users/daper01/Documents/OSLo/JMeter/2017-12-14_11-51-05.997198/effective.yml
[2017-12-14 11:51:10,189 DEBUG Engine.Configuration] Dumping JSON config into /Users/daper01/Documents/OSLo/JMeter/2017-12-14_11-51-05.997198/effective.json
[2017-12-14 11:51:10,192 INFO Engine] Starting...
[2017-12-14 11:51:10,192 DEBUG Engine] Startup <bzt.modules.monitoring.Monitoring object at 0x111bcef90>
[2017-12-14 11:51:10,192 DEBUG Engine] Startup <bzt.modules.aggregator.ConsolidatingAggregator object at 0x111bb14d0>
[2017-12-14 11:51:10,193 DEBUG Engine] Startup <bzt.modules.reporting.FinalStatus object at 0x11253edd0>
[2017-12-14 11:51:10,193 DEBUG Engine] Startup <bzt.modules.console.ConsoleStatusReporter object at 0x1126b8290>
[2017-12-14 11:51:10,194 INFO Engine.console] Waiting for results...
[2017-12-14 11:51:10,194 DEBUG Engine] Startup <bzt.modules.passfail.PassFailStatus object at 0x1126d8650>
[2017-12-14 11:51:10,194 DEBUG Engine] Startup <bzt.modules.provisioning.Local object at 0x111bb1590>
[2017-12-14 11:51:10,194 DEBUG Engine.local] Delay setup for jmeter/simple: 0(start-at) + 0(delay) = 0
[2017-12-14 11:51:10,198 DEBUG Engine.Configuration] Dumping YAML config into /Users/daper01/Documents/OSLo/JMeter/2017-12-14_11-51-05.997198/effective.yml
[2017-12-14 11:51:10,256 DEBUG Engine.Configuration] Dumping JSON config into /Users/daper01/Documents/OSLo/JMeter/2017-12-14_11-51-05.997198/effective.json
[2017-12-14 11:51:10,258 DEBUG root] Leveling down log file verbosity, use -v option to have DEBUG messages enabled
[2017-12-14 11:51:10,482 INFO Engine.console] Waiting for finish...
[2017-12-14 11:52:44,506 WARNING Engine] Please wait for graceful shutdown...
[2017-12-14 11:52:44,514 DEBUG root] Leveled up log file verbosity
[2017-12-14 11:52:44,514 INFO Engine] Shutting down...
[2017-12-14 11:52:44,520 DEBUG Engine.local] Shutdown jmeter/simple
[2017-12-14 11:52:44,521 DEBUG Engine.console] Restoring logging streams, [<logging.StreamHandler object at 0x1110e9690>]/{<logging.StreamHandler object at 0x1110e9690>: <open file '<stdout>', mode 'w' at 0x11015b150>}
[2017-12-14 11:52:44,523 DEBUG Engine.Configuration] Dumping YAML config into /Users/daper01/Documents/OSLo/JMeter/2017-12-14_11-51-05.997198/effective.yml
[2017-12-14 11:52:44,553 DEBUG Engine.Configuration] Dumping JSON config into /Users/daper01/Documents/OSLo/JMeter/2017-12-14_11-51-05.997198/effective.json
[2017-12-14 11:52:44,555 INFO Engine] Post-processing...
[2017-12-14 11:52:44,555 DEBUG Engine.local] Post-process jmeter/simple
[2017-12-14 11:52:44,555 DEBUG Engine] Add existing artifact (move=True): /Users/daper01/Documents/OSLo/JMeter/modified_blazedemo_easy_peasy.jmx
[2017-12-14 11:52:44,555 DEBUG Engine] Moving /Users/daper01/Documents/OSLo/JMeter/modified_blazedemo_easy_peasy.jmx to /Users/daper01/Documents/OSLo/JMeter/2017-12-14_11-51-05.997198/modified_blazedemo_easy_peasy.jmx
[2017-12-14 11:52:44,556 DEBUG Engine.jmeter.JTLReader.IncrementalCSVReader] Reading JTL: /Users/daper01/Documents/OSLo/JMeter/2017-12-14_11-51-05.997198/kpi.jtl
[2017-12-14 11:52:44,556 DEBUG Engine.jmeter.JTLReader.IncrementalCSVReader] Read lines: 0 / 0 bytes (at speed 1048576)
[2017-12-14 11:52:44,556 DEBUG Engine.jmeter.JTLReader] Buffer len: 2
[2017-12-14 11:52:44,556 DEBUG Engine.jmeter.JTLReader] Aggregating: 1513281162
[2017-12-14 11:52:44,566 DEBUG Engine.jmeter.JTLReader] Aggregating: 1513281163
[2017-12-14 11:52:44,571 DEBUG Engine.consolidator] Consolidator buffer[4]: [1513281160, 1513281161, 1513281162, 1513281163]
[2017-12-14 11:52:44,571 DEBUG Engine.consolidator] Merging into 1513281160
[2017-12-14 11:52:44,571 DEBUG Engine.consolidator] Merging 1513281160
[2017-12-14 11:52:44,582 DEBUG Engine.consolidator] Processed datapoint: 1513281160/None
[2017-12-14 11:52:44,582 DEBUG Engine.consolidator] Merging into 1513281161
[2017-12-14 11:52:44,582 DEBUG Engine.consolidator] Merging 1513281161
[2017-12-14 11:52:44,592 DEBUG Engine.consolidator] Processed datapoint: 1513281161/None
[2017-12-14 11:52:44,592 DEBUG Engine.consolidator] Merging into 1513281162
[2017-12-14 11:52:44,592 DEBUG Engine.consolidator] Merging 1513281162
[2017-12-14 11:52:44,603 DEBUG Engine.consolidator] Processed datapoint: 1513281162/None
[2017-12-14 11:52:44,603 DEBUG Engine.consolidator] Merging into 1513281163
[2017-12-14 11:52:44,603 DEBUG Engine.consolidator] Merging 1513281163
[2017-12-14 11:52:44,612 DEBUG Engine.consolidator] Processed datapoint: 1513281163/None
[2017-12-14 11:52:44,612 INFO Engine.final-stats] Test duration: 0:01:34
[2017-12-14 11:52:44,613 INFO Engine.final-stats] Samples count: 7546, 0.29% failures
[2017-12-14 11:52:44,613 INFO Engine.final-stats] Average times: total 0.215, latency 0.213, connect 0.000
[2017-12-14 11:52:44,613 INFO Engine.final-stats] Percentile 0.0%: 0.025
[2017-12-14 11:52:44,613 INFO Engine.final-stats] Percentile 50.0%: 0.177
[2017-12-14 11:52:44,613 INFO Engine.final-stats] Percentile 90.0%: 0.338
[2017-12-14 11:52:44,613 INFO Engine.final-stats] Percentile 95.0%: 0.346
[2017-12-14 11:52:44,614 INFO Engine.final-stats] Percentile 99.0%: 0.358
[2017-12-14 11:52:44,614 INFO Engine.final-stats] Percentile 99.9%: 0.657
[2017-12-14 11:52:44,614 INFO Engine.final-stats] Percentile 100.0%: 21.549
[2017-12-14 11:52:44,614 DEBUG Engine.console] No logger_handler or orig_stream was detected
[2017-12-14 11:52:44,614 DEBUG root] 1513281163 Alert: Response time too long: False
[2017-12-14 11:52:44,618 DEBUG Engine.Configuration] Dumping YAML config into /Users/daper01/Documents/OSLo/JMeter/2017-12-14_11-51-05.997198/effective.yml
[2017-12-14 11:52:44,673 DEBUG Engine.Configuration] Dumping JSON config into /Users/daper01/Documents/OSLo/JMeter/2017-12-14_11-51-05.997198/effective.json
[2017-12-14 11:52:44,675 INFO root] Artifacts dir: /Users/daper01/Documents/OSLo/JMeter/2017-12-14_11-51-05.997198
[2017-12-14 11:52:44,675 INFO root] Done performing with code: 0
[2017-12-14 11:52:44,675 DEBUG root] Closing log handler: /Users/daper01/Documents/OSLo/JMeter/2017-12-14_11-51-05.997198/bzt.log
