[2017-12-18 14:21:03,826 INFO root] Taurus CLI Tool v1.9.6
[2017-12-18 14:21:03,827 DEBUG root] Command-line options: {'verbose': None, 'no_system_configs': None, 'quiet': None, 'log': '/var/folders/vq/xzrdy2lx047cst78f69v8z3xfzqz1q/T/bzt_5tst6o.log', 'option': None, 'aliases': []}
[2017-12-18 14:21:03,827 DEBUG root] Python: CPython 2.7.13
[2017-12-18 14:21:03,827 DEBUG root] OS: ('Darwin', 'daper01mac1124', '17.2.0', 'Darwin Kernel Version 17.2.0: Fri Sep 29 18:27:05 PDT 2017; root:xnu-4570.20.62~3/RELEASE_X86_64', 'x86_64', 'i386')
[2017-12-18 14:21:03,827 INFO root] Starting with configs: ['sample.yml']
[2017-12-18 14:21:03,827 DEBUG root] Using personal config: /Users/daper01/.bzt-rc
[2017-12-18 14:21:03,827 INFO Engine] Configuring...
[2017-12-18 14:21:03,827 DEBUG Engine] Reading extension configs from: /usr/local/etc/bzt.d
[2017-12-18 14:21:03,828 DEBUG Engine.Configuration] Configs: ['/usr/local/lib/python2.7/site-packages/bzt/resources/base-config.yml', '/usr/local/etc/bzt.d/99-installID.yml']
[2017-12-18 14:21:03,828 DEBUG Engine.Configuration] Reading /usr/local/lib/python2.7/site-packages/bzt/resources/base-config.yml as YAML
[2017-12-18 14:21:03,859 DEBUG Engine.Configuration] Reading /usr/local/etc/bzt.d/99-installID.yml as YAML
[2017-12-18 14:21:03,860 DEBUG Engine.Configuration] Configs: ['/Users/daper01/.bzt-rc', 'sample.yml']
[2017-12-18 14:21:03,860 DEBUG Engine.Configuration] Reading /Users/daper01/.bzt-rc as YAML
[2017-12-18 14:21:03,861 DEBUG Engine.Configuration] Reading sample.yml as YAML
[2017-12-18 14:21:03,866 DEBUG Engine.Configuration] Configs: ['/Users/daper01/.bzt-rc', 'sample.yml']
[2017-12-18 14:21:03,866 DEBUG Engine.Configuration] Reading /Users/daper01/.bzt-rc as YAML
[2017-12-18 14:21:03,867 DEBUG Engine.Configuration] Reading sample.yml as YAML
[2017-12-18 14:21:03,880 DEBUG Engine] Requesting updates info: http://gettaurus.org/updates/?version=1.9.6&installID=784f43782a15
[2017-12-18 14:21:03,888 INFO Engine] Artifacts dir: /Users/daper01/Documents/OSLo/onboarding/2017-12-18_14-21-03.880817
[2017-12-18 14:21:03,888 DEBUG Engine] New artifact filename: /Users/daper01/Documents/OSLo/onboarding/2017-12-18_14-21-03.880817/effective
[2017-12-18 14:21:03,890 DEBUG Engine.Configuration] Dumping YAML config into /Users/daper01/Documents/OSLo/onboarding/2017-12-18_14-21-03.880817/effective.yml
[2017-12-18 14:21:03,913 DEBUG Engine.Configuration] Dumping JSON config into /Users/daper01/Documents/OSLo/onboarding/2017-12-18_14-21-03.880817/effective.json
[2017-12-18 14:21:03,914 DEBUG Engine] New artifact filename: /Users/daper01/Documents/OSLo/onboarding/2017-12-18_14-21-03.880817/merged.yml
[2017-12-18 14:21:03,915 DEBUG Engine.Configuration] Dumping YAML config into /Users/daper01/Documents/OSLo/onboarding/2017-12-18_14-21-03.880817/merged.yml
[2017-12-18 14:21:03,920 DEBUG Engine] New artifact filename: /Users/daper01/Documents/OSLo/onboarding/2017-12-18_14-21-03.880817/merged.json
[2017-12-18 14:21:03,920 DEBUG Engine.Configuration] Dumping JSON config into /Users/daper01/Documents/OSLo/onboarding/2017-12-18_14-21-03.880817/merged.json
[2017-12-18 14:21:03,921 DEBUG Engine] Add existing artifact (move=False): sample.yml
[2017-12-18 14:21:03,921 DEBUG Engine] Copying sample.yml to /Users/daper01/Documents/OSLo/onboarding/2017-12-18_14-21-03.880817/sample.yml
[2017-12-18 14:21:03,922 DEBUG root] Closing log handler: /var/folders/vq/xzrdy2lx047cst78f69v8z3xfzqz1q/T/bzt_5tst6o.log
[2017-12-18 14:21:04,035 DEBUG root] Switched writing logs to /Users/daper01/Documents/OSLo/onboarding/2017-12-18_14-21-03.880817/bzt.log
[2017-12-18 14:21:04,036 INFO Engine] Preparing...
[2017-12-18 14:21:04,036 DEBUG Engine] Module config: consolidator defaultdict(None, {'class': 'bzt.modules.aggregator.ConsolidatingAggregator'})
[2017-12-18 14:21:04,036 DEBUG root] Importing module: bzt.modules.aggregator
[2017-12-18 14:21:04,043 DEBUG root] Loading class: 'ConsolidatingAggregator' from <module 'bzt.modules.aggregator' from '/usr/local/lib/python2.7/site-packages/bzt/modules/aggregator.pyc'>
[2017-12-18 14:21:04,043 DEBUG Engine.consolidator] Exception in dehumanize_time(inf)
[2017-12-18 14:21:04,043 DEBUG Engine.consolidator] Buffer scaling setup: percentile 95.0 from [0.0, 50.0, 90.0, 95.0, 99.0, 99.9, 100.0] selected
[2017-12-18 14:21:04,043 DEBUG Engine] Module config: monitoring defaultdict(None, {'class': 'bzt.modules.monitoring.Monitoring'})
[2017-12-18 14:21:04,044 DEBUG root] Importing module: bzt.modules.monitoring
[2017-12-18 14:21:04,066 DEBUG root] Loading class: 'Monitoring' from <module 'bzt.modules.monitoring' from '/usr/local/lib/python2.7/site-packages/bzt/modules/monitoring.pyc'>
[2017-12-18 14:21:04,067 DEBUG Engine] Module config: local defaultdict(None, {'class': 'bzt.modules.provisioning.Local'})
[2017-12-18 14:21:04,067 DEBUG root] Importing module: bzt.modules.provisioning
[2017-12-18 14:21:04,067 DEBUG root] Loading class: 'Local' from <module 'bzt.modules.provisioning' from '/usr/local/lib/python2.7/site-packages/bzt/modules/provisioning.pyc'>
[2017-12-18 14:21:04,067 DEBUG Engine] Module config: jmeter defaultdict(None, {'properties': defaultdict(None, {'jmeter.save.saveservice.autoflush': 'true', 'summariser.name': '', 'jmeter.save.saveservice.connect_time': 'true', 'mode': 'Stripped', 'jmeterengine.force.system.exit': 'true'}), 'class': 'bzt.modules.jmeter.JMeterExecutor', 'plugins': ['jpgc-casutg', 'jpgc-dummy', 'jpgc-ffw', 'jpgc-fifo', 'jpgc-functions', 'jpgc-json', 'jpgc-perfmon', 'jpgc-prmctl', 'jpgc-tst']})
[2017-12-18 14:21:04,067 DEBUG root] Importing module: bzt.modules.jmeter
[2017-12-18 14:21:04,082 DEBUG root] Loading class: 'JMeterExecutor' from <module 'bzt.modules.jmeter' from '/usr/local/lib/python2.7/site-packages/bzt/modules/jmeter.pyc'>
[2017-12-18 14:21:04,083 DEBUG Engine.local] Preparing executor: jmeter/4558413072
[2017-12-18 14:21:04,083 DEBUG Engine] New artifact filename: /Users/daper01/Documents/OSLo/onboarding/2017-12-18_14-21-03.880817/jmeter.log
[2017-12-18 14:21:04,083 DEBUG Engine.jmeter] Checking if port 4445 is free
[2017-12-18 14:21:04,084 DEBUG Engine.jmeter] Port 4445 is free
[2017-12-18 14:21:04,084 DEBUG Engine.jmeter] Using port 4445 for management
[2017-12-18 14:21:04,084 DEBUG Engine.jmeter.JavaVM] Trying JavaVM: ['java', '-version']
[2017-12-18 14:21:04,210 DEBUG Engine.jmeter.JavaVM] JavaVM output: java version "1.8.0_121"
Java(TM) SE Runtime Environment (build 1.8.0_121-b13)
Java HotSpot(TM) 64-Bit Server VM (build 25.121-b13, mixed mode)

[2017-12-18 14:21:04,210 DEBUG Engine.jmeter.TclLibrary] We don't need to check tcl library on this platform
[2017-12-18 14:21:04,210 DEBUG Engine.jmeter.JMeter] Trying jmeter: /Users/daper01/.bzt/jmeter-taurus/3.3/bin/jmeter.sh
[2017-12-18 14:21:04,211 DEBUG bzt.utils] Executing shell: ['/Users/daper01/.bzt/jmeter-taurus/3.3/bin/jmeter.sh', '-j', '/var/folders/vq/xzrdy2lx047cst78f69v8z3xfzqz1q/T/jmeterUsHhcklog', '--version']
[2017-12-18 14:21:04,532 DEBUG Engine] Taurus updates info: {"latest":"1.10.3","needsUpgrade":true}
[2017-12-18 14:21:04,532 WARNING Engine] There is newer version of Taurus 1.10.3 available, consider upgrading. What's new: http://gettaurus.org/docs/Changelog/
[2017-12-18 14:21:05,343 DEBUG Engine.jmeter.JMeter] JMeter check:     _    ____   _    ____ _   _ _____       _ __  __ _____ _____ _____ ____     
   / \  |  _ \ / \  / ___| | | | ____|     | |  \/  | ____|_   _| ____|  _ \   
  / _ \ | |_) / _ \| |   | |_| |  _|    _  | | |\/| |  _|   | | |  _| | |_) | 
 / ___ \|  __/ ___ \ |___|  _  | |___  | |_| | |  | | |___  | | | |___|  _ <  
/_/   \_\_| /_/   \_\____|_| |_|_____|  \___/|_|  |_|_____| |_| |_____|_| \_\ 3.3 r1808647  

Copyright (c) 1999-2017 The Apache Software Foundation

 / None
[2017-12-18 14:21:05,343 DEBUG Engine] New artifact filename: /Users/daper01/Documents/OSLo/onboarding/2017-12-18_14-21-03.880817/requests.jmx
[2017-12-18 14:21:05,348 DEBUG JMeterScenarioBuilder] Saving JMX to: /Users/daper01/Documents/OSLo/onboarding/2017-12-18_14-21-03.880817/requests.jmx
[2017-12-18 14:21:05,350 DEBUG bzt.utils] Executing shell: ['/Users/daper01/.bzt/jmeter-taurus/3.3/bin/PluginsManagerCMD.sh', 'install-for-jmx', '/Users/daper01/Documents/OSLo/onboarding/2017-12-18_14-21-03.880817/requests.jmx']
[2017-12-18 14:21:07,995 DEBUG Engine.jmeter.JMeter] Try to detect plugins for /Users/daper01/Documents/OSLo/onboarding/2017-12-18_14-21-03.880817/requests.jmx
14:21:06.912 [main] INFO  org.jmeterplugins.repository.PluginManager - Plugins Status: [jpgc-functions=2.0, jpgc-casutg=2.1, jpgc-dummy=0.2, jpgc-ffw=2.0, jpgc-fifo=0.2, jpgc-json=2.6, jpgc-prmctl=0.3, jpgc-perfmon=2.1, jpgc-plugins-manager=0.16, jpgc-tst=2.1, jmeter-core=3.3, jmeter-ftp=3.3, jmeter-http=3.3, jmeter-jdbc=3.3, jmeter-jms=3.3, jmeter-junit=3.3, jmeter-java=3.3, jmeter-ldap=3.3, jmeter-mail=3.3, jmeter-mongodb=3.3, jmeter-native=3.3, jmeter-tcp=3.3, jmeter-components=3.3]
2017-12-18 14:21:06,912 INFO o.j.r.PluginManager: Plugins Status: [jpgc-functions=2.0, jpgc-casutg=2.1, jpgc-dummy=0.2, jpgc-ffw=2.0, jpgc-fifo=0.2, jpgc-json=2.6, jpgc-prmctl=0.3, jpgc-perfmon=2.1, jpgc-plugins-manager=0.16, jpgc-tst=2.1, jmeter-core=3.3, jmeter-ftp=3.3, jmeter-http=3.3, jmeter-jdbc=3.3, jmeter-jms=3.3, jmeter-junit=3.3, jmeter-java=3.3, jmeter-ldap=3.3, jmeter-mail=3.3, jmeter-mongodb=3.3, jmeter-native=3.3, jmeter-tcp=3.3, jmeter-components=3.3]
14:21:07.309 [main] INFO  org.apache.jmeter.save.SaveService - Testplan (JMX) version: 2.2. Testlog (JTL) version: 2.2
2017-12-18 14:21:07,309 INFO o.a.j.s.SaveService: Testplan (JMX) version: 2.2. Testlog (JTL) version: 2.2
14:21:07.326 [main] INFO  org.apache.jmeter.save.SaveService - Using SaveService properties file encoding UTF-8
2017-12-18 14:21:07,326 INFO o.a.j.s.SaveService: Using SaveService properties file encoding UTF-8
14:21:07.331 [main] INFO  org.apache.jmeter.save.SaveService - Using SaveService properties version 3.2
2017-12-18 14:21:07,331 INFO o.a.j.s.SaveService: Using SaveService properties version 3.2
14:21:07.369 [main] INFO  org.apache.jmeter.protocol.http.control.CacheManager - Will only cache the following methods: [GET]
2017-12-18 14:21:07,369 INFO o.a.j.p.h.c.CacheManager: Will only cache the following methods: [GET]
14:21:07.373 [main] INFO  org.apache.jmeter.protocol.http.control.CookieManager - Settings: Delete null: true Check: true Allow variable: true Save: false Prefix: COOKIE_
2017-12-18 14:21:07,373 INFO o.a.j.p.h.c.CookieManager: Settings: Delete null: true Check: true Allow variable: true Save: false Prefix: COOKIE_
14:21:07.453 [main] INFO  org.jmeterplugins.repository.PluginManager - Restarting JMeter...
2017-12-18 14:21:07,453 INFO o.j.r.PluginManager: Restarting JMeter...
14:21:07.454 [Thread-1] INFO  org.jmeterplugins.repository.PluginManager - Starting JMeter Plugins modifications
2017-12-18 14:21:07,454 INFO o.j.r.PluginManager: Starting JMeter Plugins modifications

ERROR StatusLogger No log4j2 configuration file found. Using default configuration: logging only errors to the console. Set system property 'org.apache.logging.log4j.simplelog.StatusLogger.level' to TRACE to show Log4j2 internal initialization logging.

[2017-12-18 14:21:07,996 DEBUG Engine.jmeter] Load: LoadSpec(concurrency=None, throughput=None, ramp_up=30.0, hold=300.0, iterations=0, duration=330.0, steps=None)
[2017-12-18 14:21:08,007 DEBUG Engine.jmeter.LoadSettingsProcessor.ThreadGroupHandler] Converting ThreadGroup (my_scenario) to ConcurrencyThreadGroup and apply load parameters
[2017-12-18 14:21:08,008 DEBUG Engine] New artifact filename: /Users/daper01/Documents/OSLo/onboarding/2017-12-18_14-21-03.880817/kpi.jtl
[2017-12-18 14:21:08,008 DEBUG Engine] New artifact filename: /Users/daper01/Documents/OSLo/onboarding/2017-12-18_14-21-03.880817/error.jtl
[2017-12-18 14:21:08,009 DEBUG Engine] New artifact filename: /Users/daper01/Documents/OSLo/onboarding/2017-12-18_14-21-03.880817/modified_requests.jmx
[2017-12-18 14:21:08,009 DEBUG JMX] Saving JMX to: /Users/daper01/Documents/OSLo/onboarding/2017-12-18_14-21-03.880817/modified_requests.jmx
[2017-12-18 14:21:08,010 DEBUG Engine.jmeter] Additional properties: defaultdict(None, {'jmeter.save.saveservice.autoflush': 'true', 'jmeter.save.saveservice.connect_time': 'true', 'user.classpath': '/Users/daper01/Documents/OSLo/onboarding/2017-12-18_14-21-03.880817', 'sampleresult.default.encoding': 'UTF-8', 'summariser.name': '', 'jmeterengine.force.system.exit': 'true', 'jmeter.save.saveservice.timestamp_format': 'ms', 'mode': 'Stripped', 'jmeterengine.nongui.maxport': 4445, 'jmeterengine.nongui.port': 4445})
[2017-12-18 14:21:08,010 DEBUG Engine] New artifact filename: /Users/daper01/Documents/OSLo/onboarding/2017-12-18_14-21-03.880817/jmeter-bzt.properties
[2017-12-18 14:21:08,011 DEBUG Engine.jmeter] Additional system properties defaultdict(None, {'sun.net.inetaddr.ttl': 0})
[2017-12-18 14:21:08,011 DEBUG Engine] New artifact filename: /Users/daper01/Documents/OSLo/onboarding/2017-12-18_14-21-03.880817/system.properties
[2017-12-18 14:21:08,011 DEBUG Engine] New artifact filename: /Users/daper01/Documents/OSLo/onboarding/2017-12-18_14-21-03.880817/jmeter.out
[2017-12-18 14:21:08,011 DEBUG Engine] New artifact filename: /Users/daper01/Documents/OSLo/onboarding/2017-12-18_14-21-03.880817/jmeter.err
[2017-12-18 14:21:08,012 DEBUG Engine] Module config: final-stats defaultdict(None, {'class': 'bzt.modules.reporting.FinalStatus'})
[2017-12-18 14:21:08,012 DEBUG root] Importing module: bzt.modules.reporting
[2017-12-18 14:21:08,108 DEBUG easyprocess] version=0.2.3
[2017-12-18 14:21:08,111 DEBUG pyvirtualdisplay] version=0.2.1
[2017-12-18 14:21:08,112 DEBUG root] Loading class: 'FinalStatus' from <module 'bzt.modules.reporting' from '/usr/local/lib/python2.7/site-packages/bzt/modules/reporting.pyc'>
[2017-12-18 14:21:08,112 DEBUG Engine] Module config: console defaultdict(None, {'class': 'bzt.modules.console.ConsoleStatusReporter'})
[2017-12-18 14:21:08,112 DEBUG root] Importing module: bzt.modules.console
[2017-12-18 14:21:08,112 DEBUG root] Loading class: 'ConsoleStatusReporter' from <module 'bzt.modules.console' from '/usr/local/lib/python2.7/site-packages/bzt/modules/console.pyc'>
[2017-12-18 14:21:08,119 DEBUG Engine.Configuration] Dumping YAML config into /Users/daper01/Documents/OSLo/onboarding/2017-12-18_14-21-03.880817/effective.yml
[2017-12-18 14:21:08,148 DEBUG Engine.Configuration] Dumping JSON config into /Users/daper01/Documents/OSLo/onboarding/2017-12-18_14-21-03.880817/effective.json
[2017-12-18 14:21:08,149 INFO Engine] Starting...
[2017-12-18 14:21:08,149 DEBUG Engine] Startup <bzt.modules.monitoring.Monitoring object at 0x10f1d0a10>
[2017-12-18 14:21:08,149 DEBUG Engine] Startup <bzt.modules.aggregator.ConsolidatingAggregator object at 0x10f1b3050>
[2017-12-18 14:21:08,149 DEBUG Engine] Startup <bzt.modules.reporting.FinalStatus object at 0x10f194510>
[2017-12-18 14:21:08,149 DEBUG Engine] Startup <bzt.modules.console.ConsoleStatusReporter object at 0x10fcbd290>
[2017-12-18 14:21:08,150 INFO Engine.console] Waiting for results...
[2017-12-18 14:21:08,150 DEBUG Engine] Startup <bzt.modules.provisioning.Local object at 0x10f1b3410>
[2017-12-18 14:21:08,150 DEBUG Engine.local] Delay setup for jmeter/my_scenario: 0(start-at) + 0(delay) = 0
[2017-12-18 14:21:08,154 DEBUG Engine.Configuration] Dumping YAML config into /Users/daper01/Documents/OSLo/onboarding/2017-12-18_14-21-03.880817/effective.yml
[2017-12-18 14:21:08,198 DEBUG Engine.Configuration] Dumping JSON config into /Users/daper01/Documents/OSLo/onboarding/2017-12-18_14-21-03.880817/effective.json
[2017-12-18 14:21:08,201 DEBUG root] Leveling down log file verbosity, use -v option to have DEBUG messages enabled
[2017-12-18 14:21:08,419 INFO Engine.console] Waiting for finish...
[2017-12-18 14:21:29,264 INFO Engine.jmeter.JTLReader] Changed data analysis delay to 3s
[2017-12-18 14:21:39,289 INFO Engine.jmeter.JTLReader] Changed data analysis delay to 2s
[2017-12-18 14:21:41,396 WARNING Engine] Please wait for graceful shutdown...
[2017-12-18 14:21:41,405 DEBUG root] Leveled up log file verbosity
[2017-12-18 14:21:41,405 INFO Engine] Shutting down...
[2017-12-18 14:21:41,413 DEBUG Engine.local] Shutdown jmeter/my_scenario
[2017-12-18 14:21:42,414 INFO Engine.jmeter] Sending Shutdown command to JMeter on port 4445...
[2017-12-18 14:21:43,439 DEBUG Engine.jmeter] JMeter stopped on Shutdown command
[2017-12-18 14:21:43,440 DEBUG Engine.console] Restoring logging streams, [<logging.StreamHandler object at 0x10e6eb690>]/{<logging.StreamHandler object at 0x10e6eb690>: <open file '<stdout>', mode 'w' at 0x10d75d150>}
[2017-12-18 14:21:43,445 DEBUG Engine.Configuration] Dumping YAML config into /Users/daper01/Documents/OSLo/onboarding/2017-12-18_14-21-03.880817/effective.yml
[2017-12-18 14:21:43,483 DEBUG Engine.Configuration] Dumping JSON config into /Users/daper01/Documents/OSLo/onboarding/2017-12-18_14-21-03.880817/effective.json
[2017-12-18 14:21:43,485 WARNING root] Keyboard interrupt
[2017-12-18 14:21:43,485 DEBUG root] KeyboardInterrupt: 
Traceback (most recent call last):
  File "/usr/local/lib/python2.7/site-packages/bzt/cli.py", line 221, in perform
    self.engine.run()
  File "/usr/local/lib/python2.7/site-packages/bzt/engine.py", line 202, in run
    reraise(exc_info)
  File "/usr/local/lib/python2.7/site-packages/bzt/engine.py", line 184, in run
    self._wait()
  File "/usr/local/lib/python2.7/site-packages/bzt/engine.py", line 227, in _wait
    time.sleep(delay)
KeyboardInterrupt
[2017-12-18 14:21:43,486 INFO Engine] Post-processing...
[2017-12-18 14:21:43,486 DEBUG Engine.local] Post-process jmeter/my_scenario
[2017-12-18 14:21:43,486 DEBUG Engine] Add existing artifact (move=True): /Users/daper01/Documents/OSLo/onboarding/2017-12-18_14-21-03.880817/modified_requests.jmx
[2017-12-18 14:21:43,486 DEBUG Engine] No need to copy /Users/daper01/Documents/OSLo/onboarding/2017-12-18_14-21-03.880817/modified_requests.jmx
[2017-12-18 14:21:43,486 DEBUG Engine.jmeter.JTLErrorsReader] Opening /Users/daper01/Documents/OSLo/onboarding/2017-12-18_14-21-03.880817/error.jtl
[2017-12-18 14:21:43,488 DEBUG Engine.jmeter.JTLReader.IncrementalCSVReader] Reading JTL: /Users/daper01/Documents/OSLo/onboarding/2017-12-18_14-21-03.880817/kpi.jtl
[2017-12-18 14:21:43,488 DEBUG Engine.jmeter.JTLReader.IncrementalCSVReader] Read lines: 4 / 333 bytes (at speed 1048576)
[2017-12-18 14:21:43,488 DEBUG Engine.jmeter.JTLReader] Buffer len: 4
[2017-12-18 14:21:43,488 DEBUG Engine.jmeter.JTLReader] Aggregating: 1513635699
[2017-12-18 14:21:43,490 DEBUG Engine.jmeter.JTLReader] Aggregating: 1513635700
[2017-12-18 14:21:43,493 DEBUG Engine.jmeter.JTLReader] Aggregating: 1513635701
[2017-12-18 14:21:43,496 DEBUG Engine.jmeter.JTLReader] Aggregating: 1513635702
[2017-12-18 14:21:43,498 DEBUG Engine.consolidator] Consolidator buffer[6]: [1513635697, 1513635698, 1513635699, 1513635700, 1513635701, 1513635702]
[2017-12-18 14:21:43,498 DEBUG Engine.consolidator] Merging into 1513635697
[2017-12-18 14:21:43,498 DEBUG Engine.consolidator] Merging 1513635697
[2017-12-18 14:21:43,503 DEBUG Engine.consolidator] Processed datapoint: 1513635697/None
[2017-12-18 14:21:43,503 DEBUG Engine.consolidator] Merging into 1513635698
[2017-12-18 14:21:43,503 DEBUG Engine.consolidator] Merging 1513635698
[2017-12-18 14:21:43,508 DEBUG Engine.consolidator] Processed datapoint: 1513635698/None
[2017-12-18 14:21:43,508 DEBUG Engine.consolidator] Merging into 1513635699
[2017-12-18 14:21:43,508 DEBUG Engine.consolidator] Merging 1513635699
[2017-12-18 14:21:43,513 DEBUG Engine.consolidator] Processed datapoint: 1513635699/None
[2017-12-18 14:21:43,513 DEBUG Engine.consolidator] Merging into 1513635700
[2017-12-18 14:21:43,513 DEBUG Engine.consolidator] Merging 1513635700
[2017-12-18 14:21:43,519 DEBUG Engine.consolidator] Processed datapoint: 1513635700/None
[2017-12-18 14:21:43,519 DEBUG Engine.consolidator] Merging into 1513635701
[2017-12-18 14:21:43,519 DEBUG Engine.consolidator] Merging 1513635701
[2017-12-18 14:21:43,525 DEBUG Engine.consolidator] Processed datapoint: 1513635701/None
[2017-12-18 14:21:43,526 DEBUG Engine.consolidator] Merging into 1513635702
[2017-12-18 14:21:43,526 DEBUG Engine.consolidator] Merging 1513635702
[2017-12-18 14:21:43,531 DEBUG Engine.consolidator] Processed datapoint: 1513635702/None
[2017-12-18 14:21:43,531 INFO Engine.final-stats] Test duration: 0:00:35
[2017-12-18 14:21:43,532 INFO Engine.final-stats] Samples count: 41, 0.00% failures
[2017-12-18 14:21:43,532 INFO Engine.final-stats] Average times: total 0.424, latency 0.058, connect 0.000
[2017-12-18 14:21:43,532 INFO Engine.final-stats] Percentile 0.0%: 0.043
[2017-12-18 14:21:43,532 INFO Engine.final-stats] Percentile 50.0%: 0.383
[2017-12-18 14:21:43,532 INFO Engine.final-stats] Percentile 90.0%: 0.470
[2017-12-18 14:21:43,532 INFO Engine.final-stats] Percentile 95.0%: 0.499
[2017-12-18 14:21:43,532 INFO Engine.final-stats] Percentile 99.0%: 1.581
[2017-12-18 14:21:43,533 INFO Engine.final-stats] Percentile 99.9%: 1.581
[2017-12-18 14:21:43,533 INFO Engine.final-stats] Percentile 100.0%: 1.581
[2017-12-18 14:21:43,533 DEBUG Engine.console] No logger_handler or orig_stream was detected
[2017-12-18 14:21:43,535 DEBUG Engine.Configuration] Dumping YAML config into /Users/daper01/Documents/OSLo/onboarding/2017-12-18_14-21-03.880817/effective.yml
[2017-12-18 14:21:43,572 DEBUG Engine.Configuration] Dumping JSON config into /Users/daper01/Documents/OSLo/onboarding/2017-12-18_14-21-03.880817/effective.json
[2017-12-18 14:21:43,573 INFO root] Artifacts dir: /Users/daper01/Documents/OSLo/onboarding/2017-12-18_14-21-03.880817
[2017-12-18 14:21:43,573 WARNING root] Done performing with code: 1
[2017-12-18 14:21:43,574 DEBUG root] Closing log handler: /Users/daper01/Documents/OSLo/onboarding/2017-12-18_14-21-03.880817/bzt.log
