2017-12-18 14:21:09,088 INFO o.a.j.u.JMeterUtils: Setting Locale to en_US
2017-12-18 14:21:09,100 INFO o.a.j.JMeter: Loading user properties from: /Users/daper01/.bzt/jmeter-taurus/3.3/bin/user.properties
2017-12-18 14:21:09,100 INFO o.a.j.JMeter: Loading system properties from: /Users/daper01/.bzt/jmeter-taurus/3.3/bin/system.properties
2017-12-18 14:21:09,101 INFO o.a.j.JMeter: Setting System properties from file: /Users/daper01/Documents/OSLo/onboarding/2017-12-18_14-21-03.880817/system.properties
2017-12-18 14:21:09,105 INFO o.a.j.JMeter: Copyright (c) 1998-2017 The Apache Software Foundation
2017-12-18 14:21:09,105 INFO o.a.j.JMeter: Version 3.3 r1808647
2017-12-18 14:21:09,105 INFO o.a.j.JMeter: java.version=1.8.0_121
2017-12-18 14:21:09,105 INFO o.a.j.JMeter: java.vm.name=Java HotSpot(TM) 64-Bit Server VM
2017-12-18 14:21:09,106 INFO o.a.j.JMeter: os.name=Mac OS X
2017-12-18 14:21:09,106 INFO o.a.j.JMeter: os.arch=x86_64
2017-12-18 14:21:09,106 INFO o.a.j.JMeter: os.version=10.13.1
2017-12-18 14:21:09,106 INFO o.a.j.JMeter: file.encoding=UTF-8
2017-12-18 14:21:09,106 INFO o.a.j.JMeter: Max memory     =3817865216
2017-12-18 14:21:09,106 INFO o.a.j.JMeter: Available Processors =4
2017-12-18 14:21:09,109 INFO o.a.j.JMeter: Default Locale=English (United States)
2017-12-18 14:21:09,109 INFO o.a.j.JMeter: JMeter  Locale=English (United States)
2017-12-18 14:21:09,109 INFO o.a.j.JMeter: JMeterHome=/Users/daper01/.bzt/jmeter-taurus/3.3
2017-12-18 14:21:09,109 INFO o.a.j.JMeter: user.dir  =/Users/daper01/Documents/OSLo/onboarding
2017-12-18 14:21:09,109 INFO o.a.j.JMeter: PWD       =/Users/daper01/Documents/OSLo/onboarding
2017-12-18 14:21:09,111 INFO o.a.j.JMeter: IP: 10.137.176.213 Name: daper01mac1124 FullName: daper01mac1124.ca.com
2017-12-18 14:21:09,111 INFO o.a.j.JMeter: user.classpath=/Users/daper01/Documents/OSLo/onboarding/2017-12-18_14-21-03.880817
2017-12-18 14:21:09,111 INFO o.a.j.JMeter: Adding to classpath and loader: /Users/daper01/Documents/OSLo/onboarding/2017-12-18_14-21-03.880817
2017-12-18 14:21:09,114 INFO o.a.j.s.FileServer: Default base='/Users/daper01/Documents/OSLo/onboarding'
2017-12-18 14:21:09,115 INFO o.a.j.s.FileServer: Set new base='/Users/daper01/Documents/OSLo/onboarding/2017-12-18_14-21-03.880817'
2017-12-18 14:21:09,250 INFO o.a.j.s.SaveService: Testplan (JMX) version: 2.2. Testlog (JTL) version: 2.2
2017-12-18 14:21:09,267 INFO o.a.j.s.SaveService: Using SaveService properties file encoding UTF-8
2017-12-18 14:21:09,271 INFO o.a.j.s.SaveService: Using SaveService properties version 3.2
2017-12-18 14:21:09,276 INFO o.a.j.s.SaveService: Loading file: /Users/daper01/Documents/OSLo/onboarding/2017-12-18_14-21-03.880817/modified_requests.jmx
2017-12-18 14:21:09,331 INFO o.a.j.p.h.c.CacheManager: Will only cache the following methods: [GET]
2017-12-18 14:21:09,333 INFO o.a.j.p.h.c.CookieManager: Settings: Delete null: true Check: true Allow variable: true Save: false Prefix: COOKIE_
2017-12-18 14:21:09,348 INFO o.a.j.p.h.s.HTTPSamplerBase: Parser for text/html is org.apache.jmeter.protocol.http.parser.LagartoBasedHtmlParser
2017-12-18 14:21:09,348 INFO o.a.j.p.h.s.HTTPSamplerBase: Parser for application/xhtml+xml is org.apache.jmeter.protocol.http.parser.LagartoBasedHtmlParser
2017-12-18 14:21:09,348 INFO o.a.j.p.h.s.HTTPSamplerBase: Parser for application/xml is org.apache.jmeter.protocol.http.parser.LagartoBasedHtmlParser
2017-12-18 14:21:09,348 INFO o.a.j.p.h.s.HTTPSamplerBase: Parser for text/xml is org.apache.jmeter.protocol.http.parser.LagartoBasedHtmlParser
2017-12-18 14:21:09,348 INFO o.a.j.p.h.s.HTTPSamplerBase: Parser for text/vnd.wap.wml is org.apache.jmeter.protocol.http.parser.RegexpHTMLParser
2017-12-18 14:21:09,348 INFO o.a.j.p.h.s.HTTPSamplerBase: Parser for text/css is org.apache.jmeter.protocol.http.parser.CssParser
2017-12-18 14:21:09,367 INFO o.a.j.e.StandardJMeterEngine: Running the test!
2017-12-18 14:21:09,368 INFO o.a.j.s.SampleEvent: List of sample_variables: []
2017-12-18 14:21:09,368 INFO o.a.j.s.SampleEvent: List of sample_variables: []
2017-12-18 14:21:09,371 INFO o.a.j.e.u.CompoundVariable: Note: Function class names must contain the string: '.functions.'
2017-12-18 14:21:09,371 INFO o.a.j.e.u.CompoundVariable: Note: Function class names must not contain the string: '.gui.'
2017-12-18 14:21:09,793 INFO o.a.j.JMeter: Running test (1513635669793)
2017-12-18 14:21:09,841 INFO o.a.j.e.StandardJMeterEngine: Starting ThreadGroup: 1 : my_scenario
2017-12-18 14:21:09,842 INFO o.a.j.e.StandardJMeterEngine: Starting 1 threads for group my_scenario.
2017-12-18 14:21:09,842 INFO o.a.j.e.StandardJMeterEngine: Thread will continue on error
2017-12-18 14:21:09,846 INFO o.a.j.e.StandardJMeterEngine: All thread groups have been started
2017-12-18 14:21:09,846 INFO c.b.j.t.c.ConcurrencyThreadStarter: Start supplying threads
2017-12-18 14:21:24,850 INFO o.a.j.s.SampleResult: Note: Sample TimeStamps are START times
2017-12-18 14:21:24,850 INFO o.a.j.t.JMeterThread: Thread started: my_scenario 1-1
2017-12-18 14:21:24,850 INFO o.a.j.s.SampleResult: sampleresult.default.encoding is set to UTF-8
2017-12-18 14:21:24,850 INFO o.a.j.s.SampleResult: sampleresult.useNanoTime=true
2017-12-18 14:21:24,850 INFO o.a.j.s.SampleResult: sampleresult.nanoThreadSleep=5000
2017-12-18 14:21:24,873 INFO o.a.j.p.h.s.HTTPHCAbstractImpl: Local host = daper01mac1124
2017-12-18 14:21:24,877 INFO o.a.j.p.h.s.HTTPHC4Impl: HTTP request retry count = 0
2017-12-18 14:21:25,104 INFO o.a.j.p.h.p.BaseParser: Created org.apache.jmeter.protocol.http.parser.LagartoBasedHtmlParser
2017-12-18 14:21:25,187 INFO o.a.j.p.h.s.ResourcesDownloader: Creating ResourcesDownloader with keepalive_inseconds : 60
2017-12-18 14:21:25,476 INFO o.a.j.p.h.s.LazySchemeSocketFactory: Setting up HTTPS TrustAll Socket Factory
2017-12-18 14:21:25,492 INFO o.a.j.u.JsseSSLManager: Using default SSL protocol: TLS
2017-12-18 14:21:25,492 INFO o.a.j.u.JsseSSLManager: SSL session context: per-thread
2017-12-18 14:21:25,547 INFO o.a.j.p.h.p.BaseParser: Created org.apache.jmeter.protocol.http.parser.CssParser
2017-12-18 14:21:25,547 INFO o.a.j.p.h.p.BaseParser: Created org.apache.jmeter.protocol.http.parser.CssParser
2017-12-18 14:21:25,547 INFO o.a.j.p.h.p.BaseParser: Created org.apache.jmeter.protocol.http.parser.CssParser
2017-12-18 14:21:25,698 INFO o.a.j.u.SSLManager: JmeterKeyStore Location:  type JKS
2017-12-18 14:21:25,706 INFO o.a.j.u.SSLManager: KeyStore created OK
2017-12-18 14:21:25,706 WARN o.a.j.u.SSLManager: Keystore file not found, loading empty keystore
2017-12-18 14:21:42,437 INFO o.a.j.JMeter: Command: Shutdown received from /127.0.0.1
2017-12-18 14:21:42,442 WARN o.a.j.t.JMeterThread: Interrupting: my_scenario 1-1 sampler: home page
2017-12-18 14:21:42,443 WARN o.a.j.t.JMeterThread: No operation pending
2017-12-18 14:21:42,443 INFO c.b.j.t.c.ConcurrencyThreadStarter: Done supplying threads
2017-12-18 14:21:42,444 WARN o.a.j.p.h.s.HTTPSamplerBase: Interrupted fetching embedded resources
java.lang.InterruptedException: null
	at java.util.concurrent.locks.AbstractQueuedSynchronizer$ConditionObject.reportInterruptAfterWait(AbstractQueuedSynchronizer.java:2014) ~[?:1.8.0_121]
	at java.util.concurrent.locks.AbstractQueuedSynchronizer$ConditionObject.await(AbstractQueuedSynchronizer.java:2048) ~[?:1.8.0_121]
	at java.util.concurrent.LinkedBlockingQueue.take(LinkedBlockingQueue.java:442) ~[?:1.8.0_121]
	at java.util.concurrent.ExecutorCompletionService.take(ExecutorCompletionService.java:193) ~[?:1.8.0_121]
	at org.apache.jmeter.protocol.http.sampler.ResourcesDownloader.invokeAllAndAwaitTermination(ResourcesDownloader.java:178) ~[ApacheJMeter_http.jar:3.3 r1808647]
	at org.apache.jmeter.protocol.http.sampler.HTTPSamplerBase.downloadPageResources(HTTPSamplerBase.java:1343) [ApacheJMeter_http.jar:3.3 r1808647]
	at org.apache.jmeter.protocol.http.sampler.HTTPSamplerBase.resultProcessing(HTTPSamplerBase.java:1657) [ApacheJMeter_http.jar:3.3 r1808647]
	at org.apache.jmeter.protocol.http.sampler.HTTPAbstractImpl.resultProcessing(HTTPAbstractImpl.java:519) [ApacheJMeter_http.jar:3.3 r1808647]
	at org.apache.jmeter.protocol.http.sampler.HTTPHC4Impl.sample(HTTPHC4Impl.java:534) [ApacheJMeter_http.jar:3.3 r1808647]
	at org.apache.jmeter.protocol.http.sampler.HTTPSamplerProxy.sample(HTTPSamplerProxy.java:74) [ApacheJMeter_http.jar:3.3 r1808647]
	at org.apache.jmeter.protocol.http.sampler.HTTPSamplerBase.sample(HTTPSamplerBase.java:1189) [ApacheJMeter_http.jar:3.3 r1808647]
	at org.apache.jmeter.protocol.http.sampler.HTTPSamplerBase.sample(HTTPSamplerBase.java:1178) [ApacheJMeter_http.jar:3.3 r1808647]
	at org.apache.jmeter.threads.JMeterThread.executeSamplePackage(JMeterThread.java:498) [ApacheJMeter_core.jar:3.3 r1808647]
	at org.apache.jmeter.threads.JMeterThread.processSampler(JMeterThread.java:424) [ApacheJMeter_core.jar:3.3 r1808647]
	at org.apache.jmeter.threads.JMeterThread.run(JMeterThread.java:255) [ApacheJMeter_core.jar:3.3 r1808647]
	at java.lang.Thread.run(Thread.java:745) [?:1.8.0_121]
2017-12-18 14:21:42,450 INFO o.a.j.t.JMeterThread: Thread is done: my_scenario 1-1
2017-12-18 14:21:42,450 INFO o.a.j.t.JMeterThread: Thread finished: my_scenario 1-1
2017-12-18 14:21:42,453 INFO o.a.j.e.StandardJMeterEngine: Notifying test listeners of end of test
2017-12-18 14:21:42,455 INFO o.a.j.e.StandardJMeterEngine: Forced JVM shutdown requested at end of test
