[2017-12-05 08:32:36,834 INFO root] Taurus CLI Tool v1.9.6
[2017-12-05 08:32:36,834 DEBUG root] Command-line options: {'verbose': None, 'no_system_configs': None, 'quiet': None, 'log': '/var/folders/vq/xzrdy2lx047cst78f69v8z3xfzqz1q/T/bzt_L5k6X7.log', 'option': None, 'aliases': []}
[2017-12-05 08:32:36,834 DEBUG root] Python: CPython 2.7.13
[2017-12-05 08:32:36,834 DEBUG root] OS: ('Darwin', 'daper01mac1124', '17.2.0', 'Darwin Kernel Version 17.2.0: Fri Sep 29 18:27:05 PDT 2017; root:xnu-4570.20.62~3/RELEASE_X86_64', 'x86_64', 'i386')
[2017-12-05 08:32:36,834 INFO root] Starting with configs: ['load_scenario_from_csv.yml', 'execution_jmeter.yml']
[2017-12-05 08:32:36,835 DEBUG root] Using personal config: /Users/daper01/.bzt-rc
[2017-12-05 08:32:36,835 INFO Engine] Configuring...
[2017-12-05 08:32:36,835 DEBUG Engine] Reading extension configs from: /usr/local/etc/bzt.d
[2017-12-05 08:32:36,835 DEBUG Engine.Configuration] Configs: ['/usr/local/lib/python2.7/site-packages/bzt/resources/base-config.yml', '/usr/local/etc/bzt.d/99-installID.yml']
[2017-12-05 08:32:36,837 DEBUG Engine.Configuration] Reading /usr/local/lib/python2.7/site-packages/bzt/resources/base-config.yml as YAML
[2017-12-05 08:32:36,874 DEBUG Engine.Configuration] Reading /usr/local/etc/bzt.d/99-installID.yml as YAML
[2017-12-05 08:32:36,875 DEBUG Engine.Configuration] Configs: ['/Users/daper01/.bzt-rc', 'load_scenario_from_csv.yml', 'execution_jmeter.yml']
[2017-12-05 08:32:36,876 DEBUG Engine.Configuration] Reading /Users/daper01/.bzt-rc as YAML
[2017-12-05 08:32:36,878 DEBUG Engine.Configuration] Reading load_scenario_from_csv.yml as YAML
[2017-12-05 08:32:36,883 DEBUG Engine.Configuration] Reading execution_jmeter.yml as YAML
[2017-12-05 08:32:36,890 DEBUG Engine.Configuration] Configs: ['/Users/daper01/.bzt-rc', 'load_scenario_from_csv.yml', 'execution_jmeter.yml']
[2017-12-05 08:32:36,891 DEBUG Engine.Configuration] Reading /Users/daper01/.bzt-rc as YAML
[2017-12-05 08:32:36,892 DEBUG Engine.Configuration] Reading load_scenario_from_csv.yml as YAML
[2017-12-05 08:32:36,904 DEBUG Engine.Configuration] Reading execution_jmeter.yml as YAML
[2017-12-05 08:32:36,936 DEBUG Engine] Requesting updates info: http://gettaurus.org/updates/?version=1.9.6&installID=784f43782a15
[2017-12-05 08:32:36,943 INFO Engine] Artifacts dir: /Users/daper01/Documents/OSLo/artifacts/2017-12-05_08-32-36.943170
[2017-12-05 08:32:36,944 DEBUG Engine] New artifact filename: /Users/daper01/Documents/OSLo/artifacts/2017-12-05_08-32-36.943170/effective
[2017-12-05 08:32:36,947 DEBUG Engine.Configuration] Dumping YAML config into /Users/daper01/Documents/OSLo/artifacts/2017-12-05_08-32-36.943170/effective.yml
[2017-12-05 08:32:36,987 DEBUG Engine.Configuration] Dumping JSON config into /Users/daper01/Documents/OSLo/artifacts/2017-12-05_08-32-36.943170/effective.json
[2017-12-05 08:32:36,988 DEBUG Engine] New artifact filename: /Users/daper01/Documents/OSLo/artifacts/2017-12-05_08-32-36.943170/merged.yml
[2017-12-05 08:32:36,989 DEBUG Engine.Configuration] Dumping YAML config into /Users/daper01/Documents/OSLo/artifacts/2017-12-05_08-32-36.943170/merged.yml
[2017-12-05 08:32:37,007 DEBUG Engine] New artifact filename: /Users/daper01/Documents/OSLo/artifacts/2017-12-05_08-32-36.943170/merged.json
[2017-12-05 08:32:37,008 DEBUG Engine.Configuration] Dumping JSON config into /Users/daper01/Documents/OSLo/artifacts/2017-12-05_08-32-36.943170/merged.json
[2017-12-05 08:32:37,009 DEBUG Engine] Add existing artifact (move=False): load_scenario_from_csv.yml
[2017-12-05 08:32:37,009 DEBUG Engine] Copying load_scenario_from_csv.yml to /Users/daper01/Documents/OSLo/artifacts/2017-12-05_08-32-36.943170/load_scenario_from_csv.yml
[2017-12-05 08:32:37,010 DEBUG Engine] Add existing artifact (move=False): execution_jmeter.yml
[2017-12-05 08:32:37,011 DEBUG Engine] Copying execution_jmeter.yml to /Users/daper01/Documents/OSLo/artifacts/2017-12-05_08-32-36.943170/execution_jmeter.yml
[2017-12-05 08:32:37,012 DEBUG root] Closing log handler: /var/folders/vq/xzrdy2lx047cst78f69v8z3xfzqz1q/T/bzt_L5k6X7.log
[2017-12-05 08:32:37,570 DEBUG root] Switched writing logs to /Users/daper01/Documents/OSLo/artifacts/2017-12-05_08-32-36.943170/bzt.log
[2017-12-05 08:32:37,570 INFO Engine] Preparing...
[2017-12-05 08:32:37,571 DEBUG Engine] Module config: consolidator defaultdict(None, {'class': 'bzt.modules.aggregator.ConsolidatingAggregator'})
[2017-12-05 08:32:37,571 DEBUG root] Importing module: bzt.modules.aggregator
[2017-12-05 08:32:37,585 DEBUG root] Loading class: 'ConsolidatingAggregator' from <module 'bzt.modules.aggregator' from '/usr/local/lib/python2.7/site-packages/bzt/modules/aggregator.pyc'>
[2017-12-05 08:32:37,586 DEBUG Engine.consolidator] Exception in dehumanize_time(inf)
[2017-12-05 08:32:37,587 DEBUG Engine.consolidator] Buffer scaling setup: percentile 95.0 from [0.0, 50.0, 90.0, 95.0, 99.0, 99.9, 100.0] selected
[2017-12-05 08:32:37,587 DEBUG Engine] Module config: monitoring defaultdict(None, {'class': 'bzt.modules.monitoring.Monitoring'})
[2017-12-05 08:32:37,587 DEBUG root] Importing module: bzt.modules.monitoring
[2017-12-05 08:32:37,676 DEBUG root] Loading class: 'Monitoring' from <module 'bzt.modules.monitoring' from '/usr/local/lib/python2.7/site-packages/bzt/modules/monitoring.pyc'>
[2017-12-05 08:32:37,677 DEBUG Engine] Module config: local defaultdict(None, {'class': 'bzt.modules.provisioning.Local'})
[2017-12-05 08:32:37,677 DEBUG root] Importing module: bzt.modules.provisioning
[2017-12-05 08:32:37,677 DEBUG root] Loading class: 'Local' from <module 'bzt.modules.provisioning' from '/usr/local/lib/python2.7/site-packages/bzt/modules/provisioning.pyc'>
[2017-12-05 08:32:37,677 DEBUG Engine] Module config: jmeter defaultdict(None, {'properties': defaultdict(None, {'jmeter.save.saveservice.autoflush': 'true', 'summariser.name': '', 'jmeter.save.saveservice.connect_time': 'true', 'mode': 'Stripped', 'jmeterengine.force.system.exit': 'true'}), 'class': 'bzt.modules.jmeter.JMeterExecutor', 'plugins': ['jpgc-casutg', 'jpgc-dummy', 'jpgc-ffw', 'jpgc-fifo', 'jpgc-functions', 'jpgc-json', 'jpgc-perfmon', 'jpgc-prmctl', 'jpgc-tst']})
[2017-12-05 08:32:37,677 DEBUG root] Importing module: bzt.modules.jmeter
[2017-12-05 08:32:37,731 DEBUG root] Loading class: 'JMeterExecutor' from <module 'bzt.modules.jmeter' from '/usr/local/lib/python2.7/site-packages/bzt/modules/jmeter.pyc'>
[2017-12-05 08:32:37,732 DEBUG Engine.local] Preparing executor: jmeter/4578982864
[2017-12-05 08:32:37,732 DEBUG Engine] New artifact filename: /Users/daper01/Documents/OSLo/artifacts/2017-12-05_08-32-36.943170/jmeter.log
[2017-12-05 08:32:37,732 DEBUG Engine.jmeter] Checking if port 4445 is free
[2017-12-05 08:32:37,733 DEBUG Engine.jmeter] Port 4445 is free
[2017-12-05 08:32:37,733 DEBUG Engine.jmeter] Using port 4445 for management
[2017-12-05 08:32:37,733 DEBUG Engine.jmeter.JavaVM] Trying JavaVM: ['java', '-version']
[2017-12-05 08:32:37,983 DEBUG Engine.jmeter.JavaVM] JavaVM output: java version "1.8.0_121"
Java(TM) SE Runtime Environment (build 1.8.0_121-b13)
Java HotSpot(TM) 64-Bit Server VM (build 25.121-b13, mixed mode)

[2017-12-05 08:32:37,984 DEBUG Engine.jmeter.TclLibrary] We don't need to check tcl library on this platform
[2017-12-05 08:32:37,984 DEBUG Engine.jmeter.JMeter] Trying jmeter: /Users/daper01/.bzt/jmeter-taurus/3.3/bin/jmeter.sh
[2017-12-05 08:32:37,985 DEBUG bzt.utils] Executing shell: ['/Users/daper01/.bzt/jmeter-taurus/3.3/bin/jmeter.sh', '-j', '/var/folders/vq/xzrdy2lx047cst78f69v8z3xfzqz1q/T/jmeterk4k6Tflog', '--version']
[2017-12-05 08:32:39,917 DEBUG Engine.jmeter.JMeter] JMeter check:     _    ____   _    ____ _   _ _____       _ __  __ _____ _____ _____ ____     
   / \  |  _ \ / \  / ___| | | | ____|     | |  \/  | ____|_   _| ____|  _ \   
  / _ \ | |_) / _ \| |   | |_| |  _|    _  | | |\/| |  _|   | | |  _| | |_) | 
 / ___ \|  __/ ___ \ |___|  _  | |___  | |_| | |  | | |___  | | | |___|  _ <  
/_/   \_\_| /_/   \_\____|_| |_|_____|  \___/|_|  |_|_____| |_| |_____|_| \_\ 3.3 r1808647  

Copyright (c) 1999-2017 The Apache Software Foundation

 / None
[2017-12-05 08:32:39,918 DEBUG Engine] New artifact filename: /Users/daper01/Documents/OSLo/artifacts/2017-12-05_08-32-36.943170/requests.jmx
[2017-12-05 08:32:39,925 DEBUG JMeterScenarioBuilder] Saving JMX to: /Users/daper01/Documents/OSLo/artifacts/2017-12-05_08-32-36.943170/requests.jmx
[2017-12-05 08:32:39,927 DEBUG bzt.utils] Executing shell: ['/Users/daper01/.bzt/jmeter-taurus/3.3/bin/PluginsManagerCMD.sh', 'install-for-jmx', '/Users/daper01/Documents/OSLo/artifacts/2017-12-05_08-32-36.943170/requests.jmx']
[2017-12-05 08:32:44,891 DEBUG Engine.jmeter.JMeter] Try to detect plugins for /Users/daper01/Documents/OSLo/artifacts/2017-12-05_08-32-36.943170/requests.jmx
08:32:42.548 [main] INFO  org.jmeterplugins.repository.PluginManager - Plugins Status: [jpgc-functions=2.0, jpgc-casutg=2.1, jpgc-dummy=0.2, jpgc-ffw=2.0, jpgc-fifo=0.2, jpgc-json=2.6, jpgc-prmctl=0.3, jpgc-perfmon=2.1, jpgc-plugins-manager=0.16, jpgc-tst=2.1, jmeter-core=3.3, jmeter-ftp=3.3, jmeter-http=3.3, jmeter-jdbc=3.3, jmeter-jms=3.3, jmeter-junit=3.3, jmeter-java=3.3, jmeter-ldap=3.3, jmeter-mail=3.3, jmeter-mongodb=3.3, jmeter-native=3.3, jmeter-tcp=3.3, jmeter-components=3.3]
2017-12-05 08:32:42,548 INFO o.j.r.PluginManager: Plugins Status: [jpgc-functions=2.0, jpgc-casutg=2.1, jpgc-dummy=0.2, jpgc-ffw=2.0, jpgc-fifo=0.2, jpgc-json=2.6, jpgc-prmctl=0.3, jpgc-perfmon=2.1, jpgc-plugins-manager=0.16, jpgc-tst=2.1, jmeter-core=3.3, jmeter-ftp=3.3, jmeter-http=3.3, jmeter-jdbc=3.3, jmeter-jms=3.3, jmeter-junit=3.3, jmeter-java=3.3, jmeter-ldap=3.3, jmeter-mail=3.3, jmeter-mongodb=3.3, jmeter-native=3.3, jmeter-tcp=3.3, jmeter-components=3.3]
08:32:43.235 [main] INFO  org.apache.jmeter.save.SaveService - Testplan (JMX) version: 2.2. Testlog (JTL) version: 2.2
2017-12-05 08:32:43,235 INFO o.a.j.s.SaveService: Testplan (JMX) version: 2.2. Testlog (JTL) version: 2.2
08:32:43.252 [main] INFO  org.apache.jmeter.save.SaveService - Using SaveService properties file encoding UTF-8
2017-12-05 08:32:43,252 INFO o.a.j.s.SaveService: Using SaveService properties file encoding UTF-8
08:32:43.258 [main] INFO  org.apache.jmeter.save.SaveService - Using SaveService properties version 3.2
2017-12-05 08:32:43,258 INFO o.a.j.s.SaveService: Using SaveService properties version 3.2
08:32:43.376 [main] INFO  org.apache.jmeter.protocol.http.control.CacheManager - Will only cache the following methods: [GET]
2017-12-05 08:32:43,376 INFO o.a.j.p.h.c.CacheManager: Will only cache the following methods: [GET]
08:32:43.387 [main] INFO  org.apache.jmeter.protocol.http.control.CookieManager - Settings: Delete null: true Check: true Allow variable: true Save: false Prefix: COOKIE_
2017-12-05 08:32:43,387 INFO o.a.j.p.h.c.CookieManager: Settings: Delete null: true Check: true Allow variable: true Save: false Prefix: COOKIE_
08:32:43.589 [main] INFO  org.jmeterplugins.repository.PluginManager - Restarting JMeter...
2017-12-05 08:32:43,589 INFO o.j.r.PluginManager: Restarting JMeter...
08:32:43.591 [Thread-1] INFO  org.jmeterplugins.repository.PluginManager - Starting JMeter Plugins modifications
2017-12-05 08:32:43,591 INFO o.j.r.PluginManager: Starting JMeter Plugins modifications

ERROR StatusLogger No log4j2 configuration file found. Using default configuration: logging only errors to the console. Set system property 'org.apache.logging.log4j.simplelog.StatusLogger.level' to TRACE to show Log4j2 internal initialization logging.

[2017-12-05 08:32:44,891 DEBUG Engine.jmeter] Load: LoadSpec(concurrency=50, throughput=None, ramp_up=30.0, hold=120.0, iterations=0, duration=150.0, steps=None)
[2017-12-05 08:32:44,905 DEBUG Engine.jmeter.LoadSettingsProcessor.ThreadGroupHandler] Converting ThreadGroup (blazedemo) to ConcurrencyThreadGroup and apply load parameters
[2017-12-05 08:32:44,906 DEBUG Engine] New artifact filename: /Users/daper01/Documents/OSLo/artifacts/2017-12-05_08-32-36.943170/kpi.jtl
[2017-12-05 08:32:44,907 DEBUG Engine] New artifact filename: /Users/daper01/Documents/OSLo/artifacts/2017-12-05_08-32-36.943170/error.jtl
[2017-12-05 08:32:44,909 DEBUG Engine] New artifact filename: /Users/daper01/Documents/OSLo/artifacts/2017-12-05_08-32-36.943170/modified_requests.jmx
[2017-12-05 08:32:44,909 DEBUG JMX] Saving JMX to: /Users/daper01/Documents/OSLo/artifacts/2017-12-05_08-32-36.943170/modified_requests.jmx
[2017-12-05 08:32:44,910 DEBUG Engine.jmeter] Additional properties: defaultdict(None, {'jmeter.save.saveservice.autoflush': 'true', 'jmeter.save.saveservice.connect_time': 'true', 'user.classpath': '/Users/daper01/Documents/OSLo/artifacts/2017-12-05_08-32-36.943170', 'sampleresult.default.encoding': 'UTF-8', 'summariser.name': '', 'jmeterengine.force.system.exit': 'true', 'jmeter.save.saveservice.timestamp_format': 'ms', 'mode': 'Stripped', 'jmeterengine.nongui.maxport': 4445, 'jmeterengine.nongui.port': 4445})
[2017-12-05 08:32:44,910 DEBUG Engine] New artifact filename: /Users/daper01/Documents/OSLo/artifacts/2017-12-05_08-32-36.943170/jmeter-bzt.properties
[2017-12-05 08:32:44,911 DEBUG Engine.jmeter] Additional system properties defaultdict(None, {'sun.net.inetaddr.ttl': 0})
[2017-12-05 08:32:44,911 DEBUG Engine] New artifact filename: /Users/daper01/Documents/OSLo/artifacts/2017-12-05_08-32-36.943170/system.properties
[2017-12-05 08:32:44,912 DEBUG Engine] New artifact filename: /Users/daper01/Documents/OSLo/artifacts/2017-12-05_08-32-36.943170/jmeter.out
[2017-12-05 08:32:44,912 DEBUG Engine] New artifact filename: /Users/daper01/Documents/OSLo/artifacts/2017-12-05_08-32-36.943170/jmeter.err
[2017-12-05 08:32:44,913 DEBUG Engine.local] Preparing executor: jmeter/4578982928
[2017-12-05 08:32:44,914 DEBUG Engine] New artifact filename: /Users/daper01/Documents/OSLo/artifacts/2017-12-05_08-32-36.943170/jmeter-1.log
[2017-12-05 08:32:44,914 DEBUG Engine.jmeter] Checking if port 4446 is free
[2017-12-05 08:32:44,914 DEBUG Engine.jmeter] Port 4446 is free
[2017-12-05 08:32:44,914 DEBUG Engine.jmeter] Using port 4446 for management
[2017-12-05 08:32:44,915 DEBUG Engine.jmeter.JavaVM] Trying JavaVM: ['java', '-version']
[2017-12-05 08:32:45,232 DEBUG Engine.jmeter.JavaVM] JavaVM output: java version "1.8.0_121"
Java(TM) SE Runtime Environment (build 1.8.0_121-b13)
Java HotSpot(TM) 64-Bit Server VM (build 25.121-b13, mixed mode)

[2017-12-05 08:32:45,233 DEBUG Engine.jmeter.TclLibrary] We don't need to check tcl library on this platform
[2017-12-05 08:32:45,233 DEBUG Engine.jmeter.JMeter] Trying jmeter: /Users/daper01/.bzt/jmeter-taurus/3.3/bin/jmeter.sh
[2017-12-05 08:32:45,234 DEBUG bzt.utils] Executing shell: ['/Users/daper01/.bzt/jmeter-taurus/3.3/bin/jmeter.sh', '-j', '/var/folders/vq/xzrdy2lx047cst78f69v8z3xfzqz1q/T/jmeterXDHKiXlog', '--version']
[2017-12-05 08:32:47,382 DEBUG Engine.jmeter.JMeter] JMeter check:     _    ____   _    ____ _   _ _____       _ __  __ _____ _____ _____ ____     
   / \  |  _ \ / \  / ___| | | | ____|     | |  \/  | ____|_   _| ____|  _ \   
  / _ \ | |_) / _ \| |   | |_| |  _|    _  | | |\/| |  _|   | | |  _| | |_) | 
 / ___ \|  __/ ___ \ |___|  _  | |___  | |_| | |  | | |___  | | | |___|  _ <  
/_/   \_\_| /_/   \_\____|_| |_|_____|  \___/|_|  |_|_____| |_| |_____|_| \_\ 3.3 r1808647  

Copyright (c) 1999-2017 The Apache Software Foundation

 / None
[2017-12-05 08:32:47,383 DEBUG Engine] New artifact filename: /Users/daper01/Documents/OSLo/artifacts/2017-12-05_08-32-36.943170/requests-1.jmx
[2017-12-05 08:32:47,386 DEBUG JMeterScenarioBuilder] Saving JMX to: /Users/daper01/Documents/OSLo/artifacts/2017-12-05_08-32-36.943170/requests-1.jmx
[2017-12-05 08:32:47,387 DEBUG bzt.utils] Executing shell: ['/Users/daper01/.bzt/jmeter-taurus/3.3/bin/PluginsManagerCMD.sh', 'install-for-jmx', '/Users/daper01/Documents/OSLo/artifacts/2017-12-05_08-32-36.943170/requests-1.jmx']
[2017-12-05 08:32:52,124 DEBUG Engine.jmeter.JMeter] Try to detect plugins for /Users/daper01/Documents/OSLo/artifacts/2017-12-05_08-32-36.943170/requests-1.jmx
08:32:50.129 [main] INFO  org.jmeterplugins.repository.PluginManager - Plugins Status: [jpgc-functions=2.0, jpgc-casutg=2.1, jpgc-dummy=0.2, jpgc-ffw=2.0, jpgc-fifo=0.2, jpgc-json=2.6, jpgc-prmctl=0.3, jpgc-perfmon=2.1, jpgc-plugins-manager=0.16, jpgc-tst=2.1, jmeter-core=3.3, jmeter-ftp=3.3, jmeter-http=3.3, jmeter-jdbc=3.3, jmeter-jms=3.3, jmeter-junit=3.3, jmeter-java=3.3, jmeter-ldap=3.3, jmeter-mail=3.3, jmeter-mongodb=3.3, jmeter-native=3.3, jmeter-tcp=3.3, jmeter-components=3.3]
2017-12-05 08:32:50,129 INFO o.j.r.PluginManager: Plugins Status: [jpgc-functions=2.0, jpgc-casutg=2.1, jpgc-dummy=0.2, jpgc-ffw=2.0, jpgc-fifo=0.2, jpgc-json=2.6, jpgc-prmctl=0.3, jpgc-perfmon=2.1, jpgc-plugins-manager=0.16, jpgc-tst=2.1, jmeter-core=3.3, jmeter-ftp=3.3, jmeter-http=3.3, jmeter-jdbc=3.3, jmeter-jms=3.3, jmeter-junit=3.3, jmeter-java=3.3, jmeter-ldap=3.3, jmeter-mail=3.3, jmeter-mongodb=3.3, jmeter-native=3.3, jmeter-tcp=3.3, jmeter-components=3.3]
08:32:50.712 [main] INFO  org.apache.jmeter.save.SaveService - Testplan (JMX) version: 2.2. Testlog (JTL) version: 2.2
2017-12-05 08:32:50,712 INFO o.a.j.s.SaveService: Testplan (JMX) version: 2.2. Testlog (JTL) version: 2.2
08:32:50.732 [main] INFO  org.apache.jmeter.save.SaveService - Using SaveService properties file encoding UTF-8
2017-12-05 08:32:50,732 INFO o.a.j.s.SaveService: Using SaveService properties file encoding UTF-8
08:32:50.753 [main] INFO  org.apache.jmeter.save.SaveService - Using SaveService properties version 3.2
2017-12-05 08:32:50,753 INFO o.a.j.s.SaveService: Using SaveService properties version 3.2
08:32:50.864 [main] INFO  org.apache.jmeter.protocol.http.control.CacheManager - Will only cache the following methods: [GET]
2017-12-05 08:32:50,864 INFO o.a.j.p.h.c.CacheManager: Will only cache the following methods: [GET]
08:32:50.871 [main] INFO  org.apache.jmeter.protocol.http.control.CookieManager - Settings: Delete null: true Check: true Allow variable: true Save: false Prefix: COOKIE_
2017-12-05 08:32:50,871 INFO o.a.j.p.h.c.CookieManager: Settings: Delete null: true Check: true Allow variable: true Save: false Prefix: COOKIE_
08:32:51.025 [main] INFO  org.jmeterplugins.repository.PluginManager - Restarting JMeter...
2017-12-05 08:32:51,025 INFO o.j.r.PluginManager: Restarting JMeter...
08:32:51.028 [Thread-1] INFO  org.jmeterplugins.repository.PluginManager - Starting JMeter Plugins modifications
2017-12-05 08:32:51,028 INFO o.j.r.PluginManager: Starting JMeter Plugins modifications

ERROR StatusLogger No log4j2 configuration file found. Using default configuration: logging only errors to the console. Set system property 'org.apache.logging.log4j.simplelog.StatusLogger.level' to TRACE to show Log4j2 internal initialization logging.

[2017-12-05 08:32:52,124 DEBUG Engine.jmeter] Load: LoadSpec(concurrency=50, throughput=None, ramp_up=120.0, hold=30.0, iterations=0, duration=150.0, steps=None)
[2017-12-05 08:32:52,129 DEBUG Engine.jmeter.LoadSettingsProcessor.ThreadGroupHandler] Converting ThreadGroup (blazedemo) to ConcurrencyThreadGroup and apply load parameters
[2017-12-05 08:32:52,129 DEBUG Engine] New artifact filename: /Users/daper01/Documents/OSLo/artifacts/2017-12-05_08-32-36.943170/kpi-1.jtl
[2017-12-05 08:32:52,130 DEBUG Engine] New artifact filename: /Users/daper01/Documents/OSLo/artifacts/2017-12-05_08-32-36.943170/error-1.jtl
[2017-12-05 08:32:52,131 DEBUG Engine] New artifact filename: /Users/daper01/Documents/OSLo/artifacts/2017-12-05_08-32-36.943170/modified_requests-1.jmx
[2017-12-05 08:32:52,131 DEBUG JMX] Saving JMX to: /Users/daper01/Documents/OSLo/artifacts/2017-12-05_08-32-36.943170/modified_requests-1.jmx
[2017-12-05 08:32:52,132 DEBUG Engine.jmeter] Additional properties: defaultdict(None, {'jmeter.save.saveservice.autoflush': 'true', 'jmeter.save.saveservice.connect_time': 'true', 'user.classpath': '/Users/daper01/Documents/OSLo/artifacts/2017-12-05_08-32-36.943170', 'sampleresult.default.encoding': 'UTF-8', 'summariser.name': '', 'jmeterengine.force.system.exit': 'true', 'jmeter.save.saveservice.timestamp_format': 'ms', 'mode': 'Stripped', 'jmeterengine.nongui.maxport': 4446, 'jmeterengine.nongui.port': 4446})
[2017-12-05 08:32:52,132 DEBUG Engine] New artifact filename: /Users/daper01/Documents/OSLo/artifacts/2017-12-05_08-32-36.943170/jmeter-bzt-1.properties
[2017-12-05 08:32:52,133 DEBUG Engine.jmeter] Additional system properties defaultdict(None, {'sun.net.inetaddr.ttl': 0})
[2017-12-05 08:32:52,133 DEBUG Engine] New artifact filename: /Users/daper01/Documents/OSLo/artifacts/2017-12-05_08-32-36.943170/system-1.properties
[2017-12-05 08:32:52,133 DEBUG Engine] New artifact filename: /Users/daper01/Documents/OSLo/artifacts/2017-12-05_08-32-36.943170/jmeter-1.out
[2017-12-05 08:32:52,133 DEBUG Engine] New artifact filename: /Users/daper01/Documents/OSLo/artifacts/2017-12-05_08-32-36.943170/jmeter-1.err
[2017-12-05 08:32:52,134 DEBUG Engine] Module config: final-stats defaultdict(None, {'class': 'bzt.modules.reporting.FinalStatus'})
[2017-12-05 08:32:52,134 DEBUG root] Importing module: bzt.modules.reporting
[2017-12-05 08:32:52,276 DEBUG easyprocess] version=0.2.3
[2017-12-05 08:32:52,284 DEBUG pyvirtualdisplay] version=0.2.1
[2017-12-05 08:32:52,288 DEBUG root] Loading class: 'FinalStatus' from <module 'bzt.modules.reporting' from '/usr/local/lib/python2.7/site-packages/bzt/modules/reporting.pyc'>
[2017-12-05 08:32:52,289 DEBUG Engine] Module config: console defaultdict(None, {'class': 'bzt.modules.console.ConsoleStatusReporter'})
[2017-12-05 08:32:52,289 DEBUG root] Importing module: bzt.modules.console
[2017-12-05 08:32:52,290 DEBUG root] Loading class: 'ConsoleStatusReporter' from <module 'bzt.modules.console' from '/usr/local/lib/python2.7/site-packages/bzt/modules/console.pyc'>
[2017-12-05 08:32:52,303 DEBUG Engine.Configuration] Dumping YAML config into /Users/daper01/Documents/OSLo/artifacts/2017-12-05_08-32-36.943170/effective.yml
[2017-12-05 08:32:52,490 DEBUG Engine.Configuration] Dumping JSON config into /Users/daper01/Documents/OSLo/artifacts/2017-12-05_08-32-36.943170/effective.json
[2017-12-05 08:32:52,500 INFO Engine] Starting...
[2017-12-05 08:32:52,511 DEBUG Engine] Startup <bzt.modules.monitoring.Monitoring object at 0x110590750>
[2017-12-05 08:32:52,512 DEBUG Engine] Startup <bzt.modules.aggregator.ConsolidatingAggregator object at 0x11057a590>
[2017-12-05 08:32:52,512 DEBUG Engine] Startup <bzt.modules.reporting.FinalStatus object at 0x110edba10>
[2017-12-05 08:32:52,512 DEBUG Engine] Startup <bzt.modules.console.ConsoleStatusReporter object at 0x111055650>
[2017-12-05 08:32:52,512 INFO Engine.console] Waiting for results...
[2017-12-05 08:32:52,516 DEBUG Engine] Startup <bzt.modules.reporting.FinalStatus object at 0x111073a10>
[2017-12-05 08:32:52,516 DEBUG Engine] Startup <bzt.modules.provisioning.Local object at 0x11057a510>
[2017-12-05 08:32:52,516 DEBUG Engine.local] Delay setup for jmeter/blazedemo: 0(start-at) + 0(delay) = 0
[2017-12-05 08:32:52,516 DEBUG Engine.local] Delay setup for jmeter/blazedemo: 0(start-at) + 0(delay) = 0
[2017-12-05 08:32:52,555 DEBUG Engine.Configuration] Dumping YAML config into /Users/daper01/Documents/OSLo/artifacts/2017-12-05_08-32-36.943170/effective.yml
[2017-12-05 08:32:52,685 DEBUG Engine.Configuration] Dumping JSON config into /Users/daper01/Documents/OSLo/artifacts/2017-12-05_08-32-36.943170/effective.json
[2017-12-05 08:32:52,688 DEBUG root] Leveling down log file verbosity, use -v option to have DEBUG messages enabled
[2017-12-05 08:32:52,931 INFO Engine.console] Waiting for finish...
[2017-12-05 08:33:44,715 WARNING Engine] Please wait for graceful shutdown...
[2017-12-05 08:33:44,731 DEBUG root] Leveled up log file verbosity
[2017-12-05 08:33:44,731 INFO Engine] Shutting down...
[2017-12-05 08:33:44,742 DEBUG Engine.local] Shutdown jmeter/blazedemo
[2017-12-05 08:33:45,745 INFO Engine.jmeter] Sending Shutdown command to JMeter on port 4445...
[2017-12-05 08:33:46,760 DEBUG Engine.jmeter] JMeter stopped on Shutdown command
[2017-12-05 08:33:46,760 DEBUG Engine.local] Shutdown jmeter/blazedemo
[2017-12-05 08:33:47,765 INFO Engine.jmeter] Sending Shutdown command to JMeter on port 4446...
[2017-12-05 08:33:48,777 DEBUG Engine.jmeter] JMeter stopped on Shutdown command
[2017-12-05 08:33:48,777 DEBUG Engine.console] Restoring logging streams, [<logging.StreamHandler object at 0x10faa9710>]/{<logging.StreamHandler object at 0x10faa9710>: <open file '<stdout>', mode 'w' at 0x10ea22150>}
[2017-12-05 08:33:48,783 DEBUG Engine.Configuration] Dumping YAML config into /Users/daper01/Documents/OSLo/artifacts/2017-12-05_08-32-36.943170/effective.yml
[2017-12-05 08:33:48,871 DEBUG Engine.Configuration] Dumping JSON config into /Users/daper01/Documents/OSLo/artifacts/2017-12-05_08-32-36.943170/effective.json
[2017-12-05 08:33:48,873 WARNING root] Keyboard interrupt
[2017-12-05 08:33:48,879 DEBUG root] KeyboardInterrupt: 
Traceback (most recent call last):
  File "/usr/local/lib/python2.7/site-packages/bzt/cli.py", line 221, in perform
    self.engine.run()
  File "/usr/local/lib/python2.7/site-packages/bzt/engine.py", line 202, in run
    reraise(exc_info)
  File "/usr/local/lib/python2.7/site-packages/bzt/engine.py", line 184, in run
    self._wait()
  File "/usr/local/lib/python2.7/site-packages/bzt/engine.py", line 227, in _wait
    time.sleep(delay)
KeyboardInterrupt
[2017-12-05 08:33:48,879 INFO Engine] Post-processing...
[2017-12-05 08:33:48,880 DEBUG Engine.local] Post-process jmeter/blazedemo
[2017-12-05 08:33:48,880 DEBUG Engine] Add existing artifact (move=True): /Users/daper01/Documents/OSLo/artifacts/2017-12-05_08-32-36.943170/modified_requests.jmx
[2017-12-05 08:33:48,880 DEBUG Engine] No need to copy /Users/daper01/Documents/OSLo/artifacts/2017-12-05_08-32-36.943170/modified_requests.jmx
[2017-12-05 08:33:48,881 DEBUG Engine.local] Post-process jmeter/blazedemo
[2017-12-05 08:33:48,881 DEBUG Engine] Add existing artifact (move=True): /Users/daper01/Documents/OSLo/artifacts/2017-12-05_08-32-36.943170/modified_requests-1.jmx
[2017-12-05 08:33:48,881 DEBUG Engine] No need to copy /Users/daper01/Documents/OSLo/artifacts/2017-12-05_08-32-36.943170/modified_requests-1.jmx
[2017-12-05 08:33:48,881 DEBUG Engine.jmeter.JTLErrorsReader] Opening /Users/daper01/Documents/OSLo/artifacts/2017-12-05_08-32-36.943170/error.jtl
[2017-12-05 08:33:48,911 DEBUG Engine.jmeter.JTLErrorsReader] Error reading errors.jtl: Traceback (most recent call last):
  File "/usr/local/lib/python2.7/site-packages/bzt/modules/jmeter.py", line 1347, in read_file
    self.parser.feed(read)  # "Huge input lookup" error without capping :)
  File "src/lxml/parser.pxi", line 1240, in lxml.etree._FeedParser.feed
  File "src/lxml/parser.pxi", line 1362, in lxml.etree._FeedParser.feed
  File "src/lxml/parser.pxi", line 589, in lxml.etree._ParserContext._handleParseResult
  File "src/lxml/parser.pxi", line 598, in lxml.etree._ParserContext._handleParseResultDoc
  File "src/lxml/parser.pxi", line 709, in lxml.etree._handleParseResult
  File "src/lxml/parser.pxi", line 638, in lxml.etree._raiseParseError
XMLSyntaxError: Opening and ending tag mismatch: responseData line 88 and testResults, line 96, column 15 (line 96)

[2017-12-05 08:33:48,911 WARNING Engine.jmeter.JTLErrorsReader] Failed to parse errors XML: Opening and ending tag mismatch: responseData line 88 and testResults, line 96, column 15 (line 96)
[2017-12-05 08:33:48,913 DEBUG Engine.jmeter.JTLReader.IncrementalCSVReader] Reading JTL: /Users/daper01/Documents/OSLo/artifacts/2017-12-05_08-32-36.943170/kpi.jtl
[2017-12-05 08:33:48,913 DEBUG Engine.jmeter.JTLReader.IncrementalCSVReader] Read lines: 208 / 19874 bytes (at speed 1048576)
[2017-12-05 08:33:48,914 DEBUG Engine.jmeter.JTLReader] Putting sample 1512491600 into 1512491622
[2017-12-05 08:33:48,925 DEBUG Engine.jmeter.JTLReader] Putting sample 1512491616 into 1512491622
[2017-12-05 08:33:48,927 DEBUG Engine.jmeter.JTLReader] Buffer len: 4
[2017-12-05 08:33:48,928 DEBUG Engine.jmeter.JTLReader] Aggregating: 1512491622
[2017-12-05 08:33:48,944 DEBUG Engine.jmeter.JTLReader] Aggregating: 1512491623
[2017-12-05 08:33:48,961 DEBUG Engine.jmeter.JTLReader] Aggregating: 1512491624
[2017-12-05 08:33:48,985 DEBUG Engine.jmeter.JTLReader] Aggregating: 1512491625
[2017-12-05 08:33:49,013 DEBUG Engine.jmeter.JTLErrorsReader] Opening /Users/daper01/Documents/OSLo/artifacts/2017-12-05_08-32-36.943170/error-1.jtl
[2017-12-05 08:33:49,020 DEBUG Engine.jmeter.JTLErrorsReader] Error reading errors.jtl: Traceback (most recent call last):
  File "/usr/local/lib/python2.7/site-packages/bzt/modules/jmeter.py", line 1347, in read_file
    self.parser.feed(read)  # "Huge input lookup" error without capping :)
  File "src/lxml/parser.pxi", line 1240, in lxml.etree._FeedParser.feed
  File "src/lxml/parser.pxi", line 1362, in lxml.etree._FeedParser.feed
  File "src/lxml/parser.pxi", line 589, in lxml.etree._ParserContext._handleParseResult
  File "src/lxml/parser.pxi", line 598, in lxml.etree._ParserContext._handleParseResultDoc
  File "src/lxml/parser.pxi", line 709, in lxml.etree._handleParseResult
  File "src/lxml/parser.pxi", line 638, in lxml.etree._raiseParseError
XMLSyntaxError: Opening and ending tag mismatch: responseData line 55 and testResults, line 63, column 15 (line 63)

[2017-12-05 08:33:49,021 WARNING Engine.jmeter.JTLErrorsReader] Failed to parse errors XML: Opening and ending tag mismatch: responseData line 55 and testResults, line 63, column 15 (line 63)
[2017-12-05 08:33:49,022 DEBUG Engine.jmeter.JTLReader.IncrementalCSVReader] Reading JTL: /Users/daper01/Documents/OSLo/artifacts/2017-12-05_08-32-36.943170/kpi-1.jtl
[2017-12-05 08:33:49,022 DEBUG Engine.jmeter.JTLReader.IncrementalCSVReader] Read lines: 277 / 26120 bytes (at speed 1048576)
[2017-12-05 08:33:49,031 DEBUG Engine.jmeter.JTLReader] Buffer len: 6
[2017-12-05 08:33:49,031 DEBUG Engine.jmeter.JTLReader] Aggregating: 1512491622
[2017-12-05 08:33:49,041 DEBUG Engine.jmeter.JTLReader] Aggregating: 1512491623
[2017-12-05 08:33:49,055 DEBUG Engine.jmeter.JTLReader] Aggregating: 1512491624
[2017-12-05 08:33:49,066 DEBUG Engine.jmeter.JTLReader] Aggregating: 1512491625
[2017-12-05 08:33:49,082 DEBUG Engine.jmeter.JTLReader] Aggregating: 1512491626
[2017-12-05 08:33:49,102 DEBUG Engine.jmeter.JTLReader] Aggregating: 1512491627
[2017-12-05 08:33:49,122 DEBUG Engine.consolidator] Consolidator buffer[8]: [1512491620, 1512491621, 1512491622, 1512491623, 1512491624, 1512491625, 1512491626, 1512491627]
[2017-12-05 08:33:49,122 DEBUG Engine.consolidator] Merging into 1512491620
[2017-12-05 08:33:49,122 DEBUG Engine.consolidator] Merging 1512491620
[2017-12-05 08:33:49,129 DEBUG Engine.consolidator] Merging 1512491620
[2017-12-05 08:33:49,157 DEBUG Engine.consolidator] Processed datapoint: 1512491620/None
[2017-12-05 08:33:49,157 DEBUG Engine.consolidator] Merging into 1512491621
[2017-12-05 08:33:49,157 DEBUG Engine.consolidator] Merging 1512491621
[2017-12-05 08:33:49,165 DEBUG Engine.consolidator] Merging 1512491621
[2017-12-05 08:33:49,205 DEBUG Engine.consolidator] Processed datapoint: 1512491621/None
[2017-12-05 08:33:49,206 DEBUG Engine.consolidator] Merging into 1512491622
[2017-12-05 08:33:49,206 DEBUG Engine.consolidator] Merging 1512491622
[2017-12-05 08:33:49,213 DEBUG Engine.consolidator] Merging 1512491622
[2017-12-05 08:33:49,238 DEBUG Engine.consolidator] Processed datapoint: 1512491622/None
[2017-12-05 08:33:49,239 DEBUG Engine.consolidator] Merging into 1512491623
[2017-12-05 08:33:49,239 DEBUG Engine.consolidator] Merging 1512491623
[2017-12-05 08:33:49,249 DEBUG Engine.consolidator] Merging 1512491623
[2017-12-05 08:33:49,271 DEBUG Engine.consolidator] Processed datapoint: 1512491623/None
[2017-12-05 08:33:49,271 DEBUG Engine.consolidator] Merging into 1512491624
[2017-12-05 08:33:49,271 DEBUG Engine.consolidator] Merging 1512491624
[2017-12-05 08:33:49,277 DEBUG Engine.consolidator] Merging 1512491624
[2017-12-05 08:33:49,304 DEBUG Engine.consolidator] Processed datapoint: 1512491624/None
[2017-12-05 08:33:49,304 DEBUG Engine.consolidator] Merging into 1512491625
[2017-12-05 08:33:49,304 DEBUG Engine.consolidator] Merging 1512491625
[2017-12-05 08:33:49,310 DEBUG Engine.consolidator] Merging 1512491625
[2017-12-05 08:33:49,331 DEBUG Engine.consolidator] Processed datapoint: 1512491625/None
[2017-12-05 08:33:49,331 DEBUG Engine.consolidator] Merging into 1512491626
[2017-12-05 08:33:49,331 DEBUG Engine.consolidator] Merging 1512491626
[2017-12-05 08:33:49,353 DEBUG Engine.consolidator] Processed datapoint: 1512491626/None
[2017-12-05 08:33:49,353 DEBUG Engine.consolidator] Merging into 1512491627
[2017-12-05 08:33:49,353 DEBUG Engine.consolidator] Merging 1512491627
[2017-12-05 08:33:49,372 DEBUG Engine.consolidator] Processed datapoint: 1512491627/None
[2017-12-05 08:33:49,372 INFO Engine.final-stats] Test duration: 0:00:56
[2017-12-05 08:33:49,372 INFO Engine.final-stats] Samples count: 6199, 0.52% failures
[2017-12-05 08:33:49,372 INFO Engine.final-stats] Average times: total 0.331, latency 0.318, connect 0.000
[2017-12-05 08:33:49,372 INFO Engine.final-stats] Percentile 0.0%: 0.091
[2017-12-05 08:33:49,373 INFO Engine.final-stats] Percentile 50.0%: 0.335
[2017-12-05 08:33:49,373 INFO Engine.final-stats] Percentile 90.0%: 0.465
[2017-12-05 08:33:49,373 INFO Engine.final-stats] Percentile 95.0%: 0.490
[2017-12-05 08:33:49,373 INFO Engine.final-stats] Percentile 99.0%: 0.552
[2017-12-05 08:33:49,373 INFO Engine.final-stats] Percentile 99.9%: 1.427
[2017-12-05 08:33:49,373 INFO Engine.final-stats] Percentile 100.0%: 23.390
[2017-12-05 08:33:49,373 DEBUG Engine.console] No logger_handler or orig_stream was detected
[2017-12-05 08:33:49,373 INFO Engine.final-stats] Test duration: 0:00:56
[2017-12-05 08:33:49,374 INFO Engine.final-stats] Samples count: 6199, 0.52% failures
[2017-12-05 08:33:49,374 INFO Engine.final-stats] Average times: total 0.331, latency 0.318, connect 0.000
[2017-12-05 08:33:49,374 INFO Engine.final-stats] Percentile 0.0%: 0.091
[2017-12-05 08:33:49,374 INFO Engine.final-stats] Percentile 50.0%: 0.335
[2017-12-05 08:33:49,374 INFO Engine.final-stats] Percentile 90.0%: 0.465
[2017-12-05 08:33:49,374 INFO Engine.final-stats] Percentile 95.0%: 0.490
[2017-12-05 08:33:49,374 INFO Engine.final-stats] Percentile 99.0%: 0.552
[2017-12-05 08:33:49,375 INFO Engine.final-stats] Percentile 99.9%: 1.427
[2017-12-05 08:33:49,375 INFO Engine.final-stats] Percentile 100.0%: 23.390
[2017-12-05 08:33:49,375 INFO Engine.final-stats] Dumping final status as XML: stats.xml
[2017-12-05 08:33:49,391 DEBUG Engine.Configuration] Dumping YAML config into /Users/daper01/Documents/OSLo/artifacts/2017-12-05_08-32-36.943170/effective.yml
[2017-12-05 08:33:49,532 DEBUG Engine.Configuration] Dumping JSON config into /Users/daper01/Documents/OSLo/artifacts/2017-12-05_08-32-36.943170/effective.json
[2017-12-05 08:33:49,534 INFO root] Artifacts dir: /Users/daper01/Documents/OSLo/artifacts/2017-12-05_08-32-36.943170
[2017-12-05 08:33:49,535 WARNING root] Done performing with code: 1
[2017-12-05 08:33:49,535 DEBUG root] Closing log handler: /Users/daper01/Documents/OSLo/artifacts/2017-12-05_08-32-36.943170/bzt.log
