2017-12-05 08:32:55,701 INFO o.a.j.u.JMeterUtils: Setting Locale to en_US
2017-12-05 08:32:55,756 INFO o.a.j.JMeter: Loading user properties from: /Users/daper01/.bzt/jmeter-taurus/3.3/bin/user.properties
2017-12-05 08:32:55,757 INFO o.a.j.JMeter: Loading system properties from: /Users/daper01/.bzt/jmeter-taurus/3.3/bin/system.properties
2017-12-05 08:32:55,758 INFO o.a.j.JMeter: Setting System properties from file: /Users/daper01/Documents/OSLo/artifacts/2017-12-05_08-32-36.943170/system.properties
2017-12-05 08:32:55,787 INFO o.a.j.JMeter: Copyright (c) 1998-2017 The Apache Software Foundation
2017-12-05 08:32:55,787 INFO o.a.j.JMeter: Version 3.3 r1808647
2017-12-05 08:32:55,787 INFO o.a.j.JMeter: java.version=1.8.0_121
2017-12-05 08:32:55,787 INFO o.a.j.JMeter: java.vm.name=Java HotSpot(TM) 64-Bit Server VM
2017-12-05 08:32:55,788 INFO o.a.j.JMeter: os.name=Mac OS X
2017-12-05 08:32:55,788 INFO o.a.j.JMeter: os.arch=x86_64
2017-12-05 08:32:55,788 INFO o.a.j.JMeter: os.version=10.13.1
2017-12-05 08:32:55,788 INFO o.a.j.JMeter: file.encoding=UTF-8
2017-12-05 08:32:55,788 INFO o.a.j.JMeter: Max memory     =3817865216
2017-12-05 08:32:55,788 INFO o.a.j.JMeter: Available Processors =4
2017-12-05 08:32:55,804 INFO o.a.j.JMeter: Default Locale=English (United States)
2017-12-05 08:32:55,804 INFO o.a.j.JMeter: JMeter  Locale=English (United States)
2017-12-05 08:32:55,812 INFO o.a.j.JMeter: JMeterHome=/Users/daper01/.bzt/jmeter-taurus/3.3
2017-12-05 08:32:55,817 INFO o.a.j.JMeter: user.dir  =/Users/daper01/Documents/OSLo
2017-12-05 08:32:55,817 INFO o.a.j.JMeter: PWD       =/Users/daper01/Documents/OSLo
2017-12-05 08:32:55,832 INFO o.a.j.JMeter: IP: 10.137.176.136 Name: daper01mac1124 FullName: daper01mac1124.ca.com
2017-12-05 08:32:55,832 INFO o.a.j.JMeter: user.classpath=/Users/daper01/Documents/OSLo/artifacts/2017-12-05_08-32-36.943170
2017-12-05 08:32:55,832 INFO o.a.j.JMeter: Adding to classpath and loader: /Users/daper01/Documents/OSLo/artifacts/2017-12-05_08-32-36.943170
2017-12-05 08:32:55,872 INFO o.a.j.s.FileServer: Default base='/Users/daper01/Documents/OSLo'
2017-12-05 08:32:55,872 INFO o.a.j.s.FileServer: Set new base='/Users/daper01/Documents/OSLo/artifacts/2017-12-05_08-32-36.943170'
2017-12-05 08:32:56,253 INFO o.a.j.s.SaveService: Testplan (JMX) version: 2.2. Testlog (JTL) version: 2.2
2017-12-05 08:32:56,300 INFO o.a.j.s.SaveService: Using SaveService properties file encoding UTF-8
2017-12-05 08:32:56,311 INFO o.a.j.s.SaveService: Using SaveService properties version 3.2
2017-12-05 08:32:56,321 INFO o.a.j.s.SaveService: Loading file: /Users/daper01/Documents/OSLo/artifacts/2017-12-05_08-32-36.943170/modified_requests.jmx
2017-12-05 08:32:56,459 INFO o.a.j.p.h.c.CacheManager: Will only cache the following methods: [GET]
2017-12-05 08:32:56,463 INFO o.a.j.p.h.c.CookieManager: Settings: Delete null: true Check: true Allow variable: true Save: false Prefix: COOKIE_
2017-12-05 08:32:56,524 INFO o.a.j.p.h.s.HTTPSamplerBase: Parser for text/html is org.apache.jmeter.protocol.http.parser.LagartoBasedHtmlParser
2017-12-05 08:32:56,524 INFO o.a.j.p.h.s.HTTPSamplerBase: Parser for application/xhtml+xml is org.apache.jmeter.protocol.http.parser.LagartoBasedHtmlParser
2017-12-05 08:32:56,525 INFO o.a.j.p.h.s.HTTPSamplerBase: Parser for application/xml is org.apache.jmeter.protocol.http.parser.LagartoBasedHtmlParser
2017-12-05 08:32:56,525 INFO o.a.j.p.h.s.HTTPSamplerBase: Parser for text/xml is org.apache.jmeter.protocol.http.parser.LagartoBasedHtmlParser
2017-12-05 08:32:56,527 INFO o.a.j.p.h.s.HTTPSamplerBase: Parser for text/vnd.wap.wml is org.apache.jmeter.protocol.http.parser.RegexpHTMLParser
2017-12-05 08:32:56,527 INFO o.a.j.p.h.s.HTTPSamplerBase: Parser for text/css is org.apache.jmeter.protocol.http.parser.CssParser
2017-12-05 08:32:56,605 INFO o.a.j.e.StandardJMeterEngine: Running the test!
2017-12-05 08:32:56,606 INFO o.a.j.s.SampleEvent: List of sample_variables: []
2017-12-05 08:32:56,606 INFO o.a.j.s.SampleEvent: List of sample_variables: []
2017-12-05 08:32:56,612 INFO o.a.j.e.u.CompoundVariable: Note: Function class names must contain the string: '.functions.'
2017-12-05 08:32:56,612 INFO o.a.j.e.u.CompoundVariable: Note: Function class names must not contain the string: '.gui.'
2017-12-05 08:32:58,407 INFO o.a.j.JMeter: Running test (1512491578407)
2017-12-05 08:32:58,488 INFO o.a.j.e.StandardJMeterEngine: Starting ThreadGroup: 1 : blazedemo
2017-12-05 08:32:58,498 INFO o.a.j.e.StandardJMeterEngine: Starting 50 threads for group blazedemo.
2017-12-05 08:32:58,498 INFO o.a.j.e.StandardJMeterEngine: Thread will continue on error
2017-12-05 08:32:58,509 INFO o.a.j.e.StandardJMeterEngine: All thread groups have been started
2017-12-05 08:32:58,509 INFO c.b.j.t.c.ConcurrencyThreadStarter: Start supplying threads
2017-12-05 08:32:58,833 INFO o.a.j.s.SampleResult: Note: Sample TimeStamps are START times
2017-12-05 08:32:58,833 INFO o.a.j.s.SampleResult: sampleresult.default.encoding is set to UTF-8
2017-12-05 08:32:58,837 INFO o.a.j.s.SampleResult: sampleresult.useNanoTime=true
2017-12-05 08:32:58,837 INFO o.a.j.s.SampleResult: sampleresult.nanoThreadSleep=5000
2017-12-05 08:32:59,928 INFO o.a.j.t.JMeterThread: Thread started: blazedemo 1-1
2017-12-05 08:32:59,928 INFO o.a.j.t.JMeterThread: Thread started: blazedemo 1-2
2017-12-05 08:32:59,932 INFO o.a.j.s.FileServer: Stored: /Users/daper01/Documents/OSLo/param.csv
2017-12-05 08:32:59,960 INFO o.a.j.p.h.s.HTTPHCAbstractImpl: Local host = daper01mac1124
2017-12-05 08:32:59,966 INFO o.a.j.p.h.s.HTTPHC4Impl: HTTP request retry count = 0
2017-12-05 08:33:00,852 INFO o.a.j.t.JMeterThread: Thread started: blazedemo 1-3
2017-12-05 08:33:00,854 INFO o.a.j.t.JMeterThread: Thread started: blazedemo 1-4
2017-12-05 08:33:01,858 INFO o.a.j.t.JMeterThread: Thread started: blazedemo 1-5
2017-12-05 08:33:01,858 INFO o.a.j.t.JMeterThread: Thread started: blazedemo 1-6
2017-12-05 08:33:02,864 INFO o.a.j.t.JMeterThread: Thread started: blazedemo 1-7
2017-12-05 08:33:03,869 INFO o.a.j.t.JMeterThread: Thread started: blazedemo 1-8
2017-12-05 08:33:03,869 INFO o.a.j.t.JMeterThread: Thread started: blazedemo 1-9
2017-12-05 08:33:04,878 INFO o.a.j.t.JMeterThread: Thread started: blazedemo 1-10
2017-12-05 08:33:04,879 INFO o.a.j.t.JMeterThread: Thread started: blazedemo 1-11
2017-12-05 08:33:05,884 INFO o.a.j.t.JMeterThread: Thread started: blazedemo 1-12
2017-12-05 08:33:06,890 INFO o.a.j.t.JMeterThread: Thread started: blazedemo 1-13
2017-12-05 08:33:06,893 INFO o.a.j.t.JMeterThread: Thread started: blazedemo 1-14
2017-12-05 08:33:07,902 INFO o.a.j.t.JMeterThread: Thread started: blazedemo 1-15
2017-12-05 08:33:07,913 INFO o.a.j.t.JMeterThread: Thread started: blazedemo 1-16
2017-12-05 08:33:08,911 INFO o.a.j.t.JMeterThread: Thread started: blazedemo 1-17
2017-12-05 08:33:09,914 INFO o.a.j.t.JMeterThread: Thread started: blazedemo 1-18
2017-12-05 08:33:09,915 INFO o.a.j.t.JMeterThread: Thread started: blazedemo 1-19
2017-12-05 08:33:10,919 INFO o.a.j.t.JMeterThread: Thread started: blazedemo 1-20
2017-12-05 08:33:10,920 INFO o.a.j.t.JMeterThread: Thread started: blazedemo 1-21
2017-12-05 08:33:11,925 INFO o.a.j.t.JMeterThread: Thread started: blazedemo 1-22
2017-12-05 08:33:12,932 INFO o.a.j.t.JMeterThread: Thread started: blazedemo 1-23
2017-12-05 08:33:12,939 INFO o.a.j.t.JMeterThread: Thread started: blazedemo 1-24
2017-12-05 08:33:13,938 INFO o.a.j.t.JMeterThread: Thread started: blazedemo 1-26
2017-12-05 08:33:13,937 INFO o.a.j.t.JMeterThread: Thread started: blazedemo 1-25
2017-12-05 08:33:14,943 INFO o.a.j.t.JMeterThread: Thread started: blazedemo 1-27
2017-12-05 08:33:15,949 INFO o.a.j.t.JMeterThread: Thread started: blazedemo 1-28
2017-12-05 08:33:15,951 INFO o.a.j.t.JMeterThread: Thread started: blazedemo 1-29
2017-12-05 08:33:16,954 INFO o.a.j.t.JMeterThread: Thread started: blazedemo 1-30
2017-12-05 08:33:16,955 INFO o.a.j.t.JMeterThread: Thread started: blazedemo 1-31
2017-12-05 08:33:17,961 INFO o.a.j.t.JMeterThread: Thread started: blazedemo 1-32
2017-12-05 08:33:18,966 INFO o.a.j.t.JMeterThread: Thread started: blazedemo 1-33
2017-12-05 08:33:18,966 INFO o.a.j.t.JMeterThread: Thread started: blazedemo 1-34
2017-12-05 08:33:19,972 INFO o.a.j.t.JMeterThread: Thread started: blazedemo 1-35
2017-12-05 08:33:19,972 INFO o.a.j.t.JMeterThread: Thread started: blazedemo 1-36
2017-12-05 08:33:20,977 INFO o.a.j.t.JMeterThread: Thread started: blazedemo 1-37
2017-12-05 08:33:21,984 INFO o.a.j.t.JMeterThread: Thread started: blazedemo 1-38
2017-12-05 08:33:21,984 INFO o.a.j.t.JMeterThread: Thread started: blazedemo 1-39
2017-12-05 08:33:22,988 INFO o.a.j.t.JMeterThread: Thread started: blazedemo 1-40
2017-12-05 08:33:22,990 INFO o.a.j.t.JMeterThread: Thread started: blazedemo 1-41
2017-12-05 08:33:23,996 INFO o.a.j.t.JMeterThread: Thread started: blazedemo 1-42
2017-12-05 08:33:25,001 INFO o.a.j.t.JMeterThread: Thread started: blazedemo 1-43
2017-12-05 08:33:25,001 INFO o.a.j.t.JMeterThread: Thread started: blazedemo 1-44
2017-12-05 08:33:26,006 INFO o.a.j.t.JMeterThread: Thread started: blazedemo 1-45
2017-12-05 08:33:26,008 INFO o.a.j.t.JMeterThread: Thread started: blazedemo 1-46
2017-12-05 08:33:27,012 INFO o.a.j.t.JMeterThread: Thread started: blazedemo 1-47
2017-12-05 08:33:27,013 INFO o.a.j.t.JMeterThread: Thread started: blazedemo 1-48
2017-12-05 08:33:28,018 INFO o.a.j.t.JMeterThread: Thread started: blazedemo 1-49
2017-12-05 08:33:29,028 INFO o.a.j.t.JMeterThread: Thread started: blazedemo 1-50
2017-12-05 08:33:45,758 INFO o.a.j.JMeter: Command: Shutdown received from /127.0.0.1
2017-12-05 08:33:45,781 INFO c.b.j.t.c.ConcurrencyThreadStarter: Done supplying threads
2017-12-05 08:33:45,781 WARN o.a.j.t.JMeterThread: Interrupting: blazedemo 1-13 sampler: Purchase Page
2017-12-05 08:33:45,785 WARN o.a.j.t.JMeterThread: Interrupting: blazedemo 1-47 sampler: Reserve Page
2017-12-05 08:33:45,785 INFO o.a.j.t.JMeterThread: Thread is done: blazedemo 1-1
2017-12-05 08:33:45,785 INFO o.a.j.t.JMeterThread: Thread finished: blazedemo 1-1
2017-12-05 08:33:45,787 WARN o.a.j.t.JMeterThread: Interrupting: blazedemo 1-17 sampler: Welcome Page
2017-12-05 08:33:45,788 WARN o.a.j.t.JMeterThread: Interrupting: blazedemo 1-26 sampler: Confirmation Page
2017-12-05 08:33:45,793 WARN o.a.j.t.JMeterThread: Interrupting: blazedemo 1-23 sampler: Reserve Page
2017-12-05 08:33:45,797 WARN o.a.j.t.JMeterThread: Interrupting: blazedemo 1-16 sampler: Confirmation Page
2017-12-05 08:33:45,800 WARN o.a.j.t.JMeterThread: Interrupting: blazedemo 1-32 sampler: Purchase Page
2017-12-05 08:33:45,801 WARN o.a.j.t.JMeterThread: Interrupting: blazedemo 1-36 sampler: Confirmation Page
2017-12-05 08:33:45,802 WARN o.a.j.t.JMeterThread: Interrupting: blazedemo 1-49 sampler: Welcome Page
2017-12-05 08:33:45,802 WARN o.a.j.t.JMeterThread: Interrupting: blazedemo 1-15 sampler: Purchase Page
2017-12-05 08:33:45,803 INFO o.a.j.t.JMeterThread: Thread is done: blazedemo 1-42
2017-12-05 08:33:45,803 INFO o.a.j.t.JMeterThread: Thread finished: blazedemo 1-42
2017-12-05 08:33:45,804 INFO o.a.j.t.JMeterThread: Thread is done: blazedemo 1-3
2017-12-05 08:33:45,805 INFO o.a.j.t.JMeterThread: Thread finished: blazedemo 1-3
2017-12-05 08:33:45,805 WARN o.a.j.t.JMeterThread: Interrupting: blazedemo 1-27 sampler: Purchase Page
2017-12-05 08:33:45,806 WARN o.a.j.t.JMeterThread: Interrupting: blazedemo 1-43 sampler: Purchase Page
2017-12-05 08:33:45,808 INFO o.a.j.t.JMeterThread: Thread is done: blazedemo 1-29
2017-12-05 08:33:45,808 INFO o.a.j.t.JMeterThread: Thread finished: blazedemo 1-29
2017-12-05 08:33:45,808 WARN o.a.j.t.JMeterThread: Interrupting: blazedemo 1-12 sampler: Purchase Page
2017-12-05 08:33:45,813 WARN o.a.j.t.JMeterThread: Interrupting: blazedemo 1-48 sampler: Purchase Page
2017-12-05 08:33:45,813 INFO o.a.j.t.JMeterThread: Thread is done: blazedemo 1-13
2017-12-05 08:33:45,814 INFO o.a.j.t.JMeterThread: Thread finished: blazedemo 1-13
2017-12-05 08:33:45,814 WARN o.a.j.t.JMeterThread: Interrupting: blazedemo 1-24 sampler: Reserve Page
2017-12-05 08:33:45,816 INFO o.a.j.t.JMeterThread: Thread is done: blazedemo 1-43
2017-12-05 08:33:45,816 INFO o.a.j.t.JMeterThread: Thread finished: blazedemo 1-43
2017-12-05 08:33:45,816 WARN o.a.j.t.JMeterThread: Interrupting: blazedemo 1-30 sampler: Confirmation Page
2017-12-05 08:33:45,816 INFO o.a.j.e.StandardJMeterEngine: Notifying test listeners of end of test
2017-12-05 08:33:45,817 INFO o.a.j.s.FileServer: Close: /Users/daper01/Documents/OSLo/param.csv
2017-12-05 08:33:45,818 WARN o.a.j.t.JMeterThread: Interrupting: blazedemo 1-22 sampler: Purchase Page
2017-12-05 08:33:45,819 WARN o.a.j.t.JMeterThread: Interrupting: blazedemo 1-38 sampler: Purchase Page
2017-12-05 08:33:45,820 INFO o.a.j.t.JMeterThread: Thread is done: blazedemo 1-30
2017-12-05 08:33:45,820 INFO o.a.j.t.JMeterThread: Thread finished: blazedemo 1-30
2017-12-05 08:33:45,820 INFO o.a.j.t.JMeterThread: Thread is done: blazedemo 1-22
2017-12-05 08:33:45,820 INFO o.a.j.t.JMeterThread: Thread finished: blazedemo 1-22
2017-12-05 08:33:45,821 WARN o.a.j.t.JMeterThread: Interrupting: blazedemo 1-25 sampler: Reserve Page
2017-12-05 08:33:45,822 INFO o.a.j.t.JMeterThread: Thread is done: blazedemo 1-50
2017-12-05 08:33:45,823 INFO o.a.j.t.JMeterThread: Thread finished: blazedemo 1-50
2017-12-05 08:33:45,823 WARN o.a.j.t.JMeterThread: Interrupting: blazedemo 1-10 sampler: Reserve Page
2017-12-05 08:33:45,822 INFO o.a.j.e.StandardJMeterEngine: Forced JVM shutdown requested at end of test
2017-12-05 08:33:45,822 INFO o.a.j.t.JMeterThread: Thread is done: blazedemo 1-4
2017-12-05 08:33:45,822 INFO o.a.j.t.JMeterThread: Thread is done: blazedemo 1-11
2017-12-05 08:33:45,824 INFO o.a.j.t.JMeterThread: Thread finished: blazedemo 1-4
2017-12-05 08:33:45,824 INFO o.a.j.t.JMeterThread: Thread finished: blazedemo 1-11
2017-12-05 08:33:45,824 INFO o.a.j.t.JMeterThread: Thread is done: blazedemo 1-27
2017-12-05 08:33:45,824 INFO o.a.j.t.JMeterThread: Thread finished: blazedemo 1-27
2017-12-05 08:33:45,825 INFO o.a.j.t.JMeterThread: Thread is done: blazedemo 1-15
2017-12-05 08:33:45,825 INFO o.a.j.t.JMeterThread: Thread finished: blazedemo 1-15
2017-12-05 08:33:45,824 INFO o.a.j.t.JMeterThread: Thread is done: blazedemo 1-38
2017-12-05 08:33:45,825 INFO o.a.j.t.JMeterThread: Thread finished: blazedemo 1-38
2017-12-05 08:33:45,826 INFO o.a.j.t.JMeterThread: Thread is done: blazedemo 1-49
2017-12-05 08:33:45,826 INFO o.a.j.t.JMeterThread: Thread finished: blazedemo 1-49
