2017-12-05 08:32:55,521 INFO o.a.j.u.JMeterUtils: Setting Locale to en_US
2017-12-05 08:32:55,615 INFO o.a.j.JMeter: Loading user properties from: /Users/daper01/.bzt/jmeter-taurus/3.3/bin/user.properties
2017-12-05 08:32:55,615 INFO o.a.j.JMeter: Loading system properties from: /Users/daper01/.bzt/jmeter-taurus/3.3/bin/system.properties
2017-12-05 08:32:55,616 INFO o.a.j.JMeter: Setting System properties from file: /Users/daper01/Documents/OSLo/artifacts/2017-12-05_08-32-36.943170/system-1.properties
2017-12-05 08:32:55,635 INFO o.a.j.JMeter: Copyright (c) 1998-2017 The Apache Software Foundation
2017-12-05 08:32:55,635 INFO o.a.j.JMeter: Version 3.3 r1808647
2017-12-05 08:32:55,635 INFO o.a.j.JMeter: java.version=1.8.0_121
2017-12-05 08:32:55,635 INFO o.a.j.JMeter: java.vm.name=Java HotSpot(TM) 64-Bit Server VM
2017-12-05 08:32:55,635 INFO o.a.j.JMeter: os.name=Mac OS X
2017-12-05 08:32:55,635 INFO o.a.j.JMeter: os.arch=x86_64
2017-12-05 08:32:55,636 INFO o.a.j.JMeter: os.version=10.13.1
2017-12-05 08:32:55,636 INFO o.a.j.JMeter: file.encoding=UTF-8
2017-12-05 08:32:55,636 INFO o.a.j.JMeter: Max memory     =3817865216
2017-12-05 08:32:55,636 INFO o.a.j.JMeter: Available Processors =4
2017-12-05 08:32:55,641 INFO o.a.j.JMeter: Default Locale=English (United States)
2017-12-05 08:32:55,642 INFO o.a.j.JMeter: JMeter  Locale=English (United States)
2017-12-05 08:32:55,642 INFO o.a.j.JMeter: JMeterHome=/Users/daper01/.bzt/jmeter-taurus/3.3
2017-12-05 08:32:55,642 INFO o.a.j.JMeter: user.dir  =/Users/daper01/Documents/OSLo
2017-12-05 08:32:55,643 INFO o.a.j.JMeter: PWD       =/Users/daper01/Documents/OSLo
2017-12-05 08:32:55,647 INFO o.a.j.JMeter: IP: 10.137.176.136 Name: daper01mac1124 FullName: daper01mac1124.ca.com
2017-12-05 08:32:55,647 INFO o.a.j.JMeter: user.classpath=/Users/daper01/Documents/OSLo/artifacts/2017-12-05_08-32-36.943170
2017-12-05 08:32:55,648 INFO o.a.j.JMeter: Adding to classpath and loader: /Users/daper01/Documents/OSLo/artifacts/2017-12-05_08-32-36.943170
2017-12-05 08:32:55,655 INFO o.a.j.s.FileServer: Default base='/Users/daper01/Documents/OSLo'
2017-12-05 08:32:55,655 INFO o.a.j.s.FileServer: Set new base='/Users/daper01/Documents/OSLo/artifacts/2017-12-05_08-32-36.943170'
2017-12-05 08:32:56,127 INFO o.a.j.s.SaveService: Testplan (JMX) version: 2.2. Testlog (JTL) version: 2.2
2017-12-05 08:32:56,154 INFO o.a.j.s.SaveService: Using SaveService properties file encoding UTF-8
2017-12-05 08:32:56,161 INFO o.a.j.s.SaveService: Using SaveService properties version 3.2
2017-12-05 08:32:56,171 INFO o.a.j.s.SaveService: Loading file: /Users/daper01/Documents/OSLo/artifacts/2017-12-05_08-32-36.943170/modified_requests-1.jmx
2017-12-05 08:32:56,324 INFO o.a.j.p.h.c.CacheManager: Will only cache the following methods: [GET]
2017-12-05 08:32:56,331 INFO o.a.j.p.h.c.CookieManager: Settings: Delete null: true Check: true Allow variable: true Save: false Prefix: COOKIE_
2017-12-05 08:32:56,365 INFO o.a.j.p.h.s.HTTPSamplerBase: Parser for text/html is org.apache.jmeter.protocol.http.parser.LagartoBasedHtmlParser
2017-12-05 08:32:56,366 INFO o.a.j.p.h.s.HTTPSamplerBase: Parser for application/xhtml+xml is org.apache.jmeter.protocol.http.parser.LagartoBasedHtmlParser
2017-12-05 08:32:56,366 INFO o.a.j.p.h.s.HTTPSamplerBase: Parser for application/xml is org.apache.jmeter.protocol.http.parser.LagartoBasedHtmlParser
2017-12-05 08:32:56,366 INFO o.a.j.p.h.s.HTTPSamplerBase: Parser for text/xml is org.apache.jmeter.protocol.http.parser.LagartoBasedHtmlParser
2017-12-05 08:32:56,366 INFO o.a.j.p.h.s.HTTPSamplerBase: Parser for text/vnd.wap.wml is org.apache.jmeter.protocol.http.parser.RegexpHTMLParser
2017-12-05 08:32:56,367 INFO o.a.j.p.h.s.HTTPSamplerBase: Parser for text/css is org.apache.jmeter.protocol.http.parser.CssParser
2017-12-05 08:32:56,468 INFO o.a.j.e.StandardJMeterEngine: Running the test!
2017-12-05 08:32:56,469 INFO o.a.j.s.SampleEvent: List of sample_variables: []
2017-12-05 08:32:56,470 INFO o.a.j.s.SampleEvent: List of sample_variables: []
2017-12-05 08:32:56,475 INFO o.a.j.e.u.CompoundVariable: Note: Function class names must contain the string: '.functions.'
2017-12-05 08:32:56,475 INFO o.a.j.e.u.CompoundVariable: Note: Function class names must not contain the string: '.gui.'
2017-12-05 08:32:58,315 INFO o.a.j.JMeter: Running test (1512491578315)
2017-12-05 08:32:58,395 INFO o.a.j.e.StandardJMeterEngine: Starting ThreadGroup: 1 : blazedemo
2017-12-05 08:32:58,396 INFO o.a.j.e.StandardJMeterEngine: Starting 50 threads for group blazedemo.
2017-12-05 08:32:58,398 INFO o.a.j.e.StandardJMeterEngine: Thread will continue on error
2017-12-05 08:32:58,404 INFO o.a.j.e.StandardJMeterEngine: All thread groups have been started
2017-12-05 08:32:58,405 INFO c.b.j.t.c.ConcurrencyThreadStarter: Start supplying threads
2017-12-05 08:32:59,613 INFO o.a.j.s.SampleResult: Note: Sample TimeStamps are START times
2017-12-05 08:32:59,613 INFO o.a.j.s.SampleResult: sampleresult.default.encoding is set to UTF-8
2017-12-05 08:32:59,613 INFO o.a.j.s.SampleResult: sampleresult.useNanoTime=true
2017-12-05 08:32:59,613 INFO o.a.j.s.SampleResult: sampleresult.nanoThreadSleep=5000
2017-12-05 08:33:00,611 INFO o.a.j.t.JMeterThread: Thread started: blazedemo 1-1
2017-12-05 08:33:00,614 INFO o.a.j.s.FileServer: Stored: /Users/daper01/Documents/OSLo/param.csv
2017-12-05 08:33:00,634 INFO o.a.j.p.h.s.HTTPHCAbstractImpl: Local host = daper01mac1124
2017-12-05 08:33:00,641 INFO o.a.j.p.h.s.HTTPHC4Impl: HTTP request retry count = 0
2017-12-05 08:33:02,639 INFO o.a.j.t.JMeterThread: Thread started: blazedemo 1-2
2017-12-05 08:33:04,647 INFO o.a.j.t.JMeterThread: Thread started: blazedemo 1-3
2017-12-05 08:33:07,657 INFO o.a.j.t.JMeterThread: Thread started: blazedemo 1-4
2017-12-05 08:33:09,669 INFO o.a.j.t.JMeterThread: Thread started: blazedemo 1-5
2017-12-05 08:33:11,678 INFO o.a.j.t.JMeterThread: Thread started: blazedemo 1-6
2017-12-05 08:33:14,692 INFO o.a.j.t.JMeterThread: Thread started: blazedemo 1-7
2017-12-05 08:33:16,701 INFO o.a.j.t.JMeterThread: Thread started: blazedemo 1-8
2017-12-05 08:33:19,714 INFO o.a.j.t.JMeterThread: Thread started: blazedemo 1-9
2017-12-05 08:33:21,723 INFO o.a.j.t.JMeterThread: Thread started: blazedemo 1-10
2017-12-05 08:33:23,731 INFO o.a.j.t.JMeterThread: Thread started: blazedemo 1-11
2017-12-05 08:33:26,744 INFO o.a.j.t.JMeterThread: Thread started: blazedemo 1-12
2017-12-05 08:33:28,753 INFO o.a.j.t.JMeterThread: Thread started: blazedemo 1-13
2017-12-05 08:33:31,768 INFO o.a.j.t.JMeterThread: Thread started: blazedemo 1-14
2017-12-05 08:33:33,781 INFO o.a.j.t.JMeterThread: Thread started: blazedemo 1-15
2017-12-05 08:33:35,792 INFO o.a.j.t.JMeterThread: Thread started: blazedemo 1-16
2017-12-05 08:33:38,804 INFO o.a.j.t.JMeterThread: Thread started: blazedemo 1-17
2017-12-05 08:33:40,813 INFO o.a.j.t.JMeterThread: Thread started: blazedemo 1-18
2017-12-05 08:33:42,822 INFO o.a.j.t.JMeterThread: Thread started: blazedemo 1-19
2017-12-05 08:33:45,837 INFO o.a.j.t.JMeterThread: Thread started: blazedemo 1-20
2017-12-05 08:33:47,774 INFO o.a.j.JMeter: Command: Shutdown received from /127.0.0.1
2017-12-05 08:33:47,775 INFO c.b.j.t.c.ConcurrencyThreadStarter: Done supplying threads
2017-12-05 08:33:47,775 WARN o.a.j.t.JMeterThread: Interrupting: blazedemo 1-6 sampler: Reserve Page
2017-12-05 08:33:47,777 WARN o.a.j.t.JMeterThread: Interrupting: blazedemo 1-12 sampler: Purchase Page
2017-12-05 08:33:47,777 WARN o.a.j.t.JMeterThread: Interrupting: blazedemo 1-7 sampler: Confirmation Page
2017-12-05 08:33:47,779 WARN o.a.j.t.JMeterThread: Interrupting: blazedemo 1-10 sampler: Reserve Page
2017-12-05 08:33:47,781 WARN o.a.j.t.JMeterThread: Interrupting: blazedemo 1-2 sampler: Welcome Page
2017-12-05 08:33:47,783 WARN o.a.j.t.JMeterThread: Interrupting: blazedemo 1-11 sampler: Reserve Page
2017-12-05 08:33:47,784 WARN o.a.j.t.JMeterThread: Interrupting: blazedemo 1-18 sampler: Purchase Page
2017-12-05 08:33:47,784 WARN o.a.j.t.JMeterThread: Interrupting: blazedemo 1-4 sampler: Reserve Page
2017-12-05 08:33:47,789 WARN o.a.j.t.JMeterThread: Interrupting: blazedemo 1-9 sampler: Welcome Page
2017-12-05 08:33:47,790 WARN o.a.j.t.JMeterThread: Interrupting: blazedemo 1-16 sampler: Reserve Page
2017-12-05 08:33:47,791 WARN o.a.j.t.JMeterThread: Interrupting: blazedemo 1-15 sampler: Reserve Page
2017-12-05 08:33:47,791 WARN o.a.j.t.JMeterThread: Interrupting: blazedemo 1-19 sampler: Welcome Page
2017-12-05 08:33:47,791 WARN o.a.j.t.JMeterThread: Interrupting: blazedemo 1-13 sampler: Confirmation Page
2017-12-05 08:33:47,792 WARN o.a.j.t.JMeterThread: Interrupting: blazedemo 1-17 sampler: Welcome Page
2017-12-05 08:33:47,793 WARN o.a.j.t.JMeterThread: Interrupting: blazedemo 1-1 sampler: Purchase Page
2017-12-05 08:33:47,794 WARN o.a.j.t.JMeterThread: Interrupting: blazedemo 1-3 sampler: Confirmation Page
2017-12-05 08:33:47,795 WARN o.a.j.t.JMeterThread: Interrupting: blazedemo 1-20 sampler: Welcome Page
2017-12-05 08:33:47,796 WARN o.a.j.t.JMeterThread: Interrupting: blazedemo 1-8 sampler: Purchase Page
2017-12-05 08:33:47,796 INFO o.a.j.t.JMeterThread: Thread is done: blazedemo 1-6
2017-12-05 08:33:47,796 INFO o.a.j.t.JMeterThread: Thread finished: blazedemo 1-6
2017-12-05 08:33:47,797 INFO o.a.j.e.StandardJMeterEngine: Notifying test listeners of end of test
2017-12-05 08:33:47,797 WARN o.a.j.t.JMeterThread: Interrupting: blazedemo 1-5 sampler: Reserve Page
2017-12-05 08:33:47,797 INFO o.a.j.s.FileServer: Close: /Users/daper01/Documents/OSLo/param.csv
2017-12-05 08:33:47,799 WARN o.a.j.t.JMeterThread: Interrupting: blazedemo 1-14 sampler: Confirmation Page
2017-12-05 08:33:47,799 INFO o.a.j.t.JMeterThread: Thread is done: blazedemo 1-3
2017-12-05 08:33:47,799 INFO o.a.j.t.JMeterThread: Thread finished: blazedemo 1-3
2017-12-05 08:33:47,802 INFO o.a.j.t.JMeterThread: Thread is done: blazedemo 1-8
2017-12-05 08:33:47,802 INFO o.a.j.t.JMeterThread: Thread finished: blazedemo 1-8
2017-12-05 08:33:47,803 INFO o.a.j.t.JMeterThread: Thread is done: blazedemo 1-1
2017-12-05 08:33:47,803 INFO o.a.j.t.JMeterThread: Thread finished: blazedemo 1-1
2017-12-05 08:33:47,804 INFO o.a.j.t.JMeterThread: Thread is done: blazedemo 1-17
2017-12-05 08:33:47,804 INFO o.a.j.t.JMeterThread: Thread finished: blazedemo 1-17
2017-12-05 08:33:47,806 INFO o.a.j.e.StandardJMeterEngine: Forced JVM shutdown requested at end of test
