[2017-12-14 11:47:34,394 INFO root] Taurus CLI Tool v1.9.6
[2017-12-14 11:47:34,394 DEBUG root] Command-line options: {'verbose': None, 'no_system_configs': None, 'quiet': None, 'log': '/var/folders/vq/xzrdy2lx047cst78f69v8z3xfzqz1q/T/bzt_2l44IL.log', 'option': None, 'aliases': []}
[2017-12-14 11:47:34,394 DEBUG root] Python: CPython 2.7.13
[2017-12-14 11:47:34,395 DEBUG root] OS: ('Darwin', 'daper01mac1124', '17.2.0', 'Darwin Kernel Version 17.2.0: Fri Sep 29 18:27:05 PDT 2017; root:xnu-4570.20.62~3/RELEASE_X86_64', 'x86_64', 'i386')
[2017-12-14 11:47:34,395 INFO root] Starting with configs: ['jmeter.yml']
[2017-12-14 11:47:34,395 DEBUG root] Using personal config: /Users/daper01/.bzt-rc
[2017-12-14 11:47:34,395 INFO Engine] Configuring...
[2017-12-14 11:47:34,395 DEBUG Engine] Reading extension configs from: /usr/local/etc/bzt.d
[2017-12-14 11:47:34,395 DEBUG Engine.Configuration] Configs: ['/usr/local/lib/python2.7/site-packages/bzt/resources/base-config.yml', '/usr/local/etc/bzt.d/99-installID.yml']
[2017-12-14 11:47:34,396 DEBUG Engine.Configuration] Reading /usr/local/lib/python2.7/site-packages/bzt/resources/base-config.yml as YAML
[2017-12-14 11:47:34,420 DEBUG Engine.Configuration] Reading /usr/local/etc/bzt.d/99-installID.yml as YAML
[2017-12-14 11:47:34,421 DEBUG Engine.Configuration] Configs: ['/Users/daper01/.bzt-rc', 'jmeter.yml']
[2017-12-14 11:47:34,421 DEBUG Engine.Configuration] Reading /Users/daper01/.bzt-rc as YAML
[2017-12-14 11:47:34,422 DEBUG Engine.Configuration] Reading jmeter.yml as YAML
[2017-12-14 11:47:34,426 DEBUG Engine.Configuration] Configs: ['/Users/daper01/.bzt-rc', 'jmeter.yml']
[2017-12-14 11:47:34,426 DEBUG Engine.Configuration] Reading /Users/daper01/.bzt-rc as YAML
[2017-12-14 11:47:34,427 DEBUG Engine.Configuration] Reading jmeter.yml as YAML
[2017-12-14 11:47:34,450 DEBUG Engine] Requesting updates info: http://gettaurus.org/updates/?version=1.9.6&installID=784f43782a15
[2017-12-14 11:47:34,465 INFO Engine] Artifacts dir: /Users/daper01/Documents/OSLo/JMeter/2017-12-14_11-47-34.450600
[2017-12-14 11:47:34,466 DEBUG Engine] New artifact filename: /Users/daper01/Documents/OSLo/JMeter/2017-12-14_11-47-34.450600/effective
[2017-12-14 11:47:34,470 DEBUG Engine.Configuration] Dumping YAML config into /Users/daper01/Documents/OSLo/JMeter/2017-12-14_11-47-34.450600/effective.yml
[2017-12-14 11:47:34,495 DEBUG Engine.Configuration] Dumping JSON config into /Users/daper01/Documents/OSLo/JMeter/2017-12-14_11-47-34.450600/effective.json
[2017-12-14 11:47:34,496 DEBUG Engine] New artifact filename: /Users/daper01/Documents/OSLo/JMeter/2017-12-14_11-47-34.450600/merged.yml
[2017-12-14 11:47:34,497 DEBUG Engine.Configuration] Dumping YAML config into /Users/daper01/Documents/OSLo/JMeter/2017-12-14_11-47-34.450600/merged.yml
[2017-12-14 11:47:34,500 DEBUG Engine] New artifact filename: /Users/daper01/Documents/OSLo/JMeter/2017-12-14_11-47-34.450600/merged.json
[2017-12-14 11:47:34,503 DEBUG Engine.Configuration] Dumping JSON config into /Users/daper01/Documents/OSLo/JMeter/2017-12-14_11-47-34.450600/merged.json
[2017-12-14 11:47:34,504 DEBUG Engine] Add existing artifact (move=False): jmeter.yml
[2017-12-14 11:47:34,504 DEBUG Engine] Copying jmeter.yml to /Users/daper01/Documents/OSLo/JMeter/2017-12-14_11-47-34.450600/jmeter.yml
[2017-12-14 11:47:34,505 DEBUG root] Closing log handler: /var/folders/vq/xzrdy2lx047cst78f69v8z3xfzqz1q/T/bzt_2l44IL.log
[2017-12-14 11:47:34,516 DEBUG root] Switched writing logs to /Users/daper01/Documents/OSLo/JMeter/2017-12-14_11-47-34.450600/bzt.log
[2017-12-14 11:47:34,516 INFO Engine] Preparing...
[2017-12-14 11:47:34,517 DEBUG Engine] Module config: consolidator defaultdict(None, {'class': 'bzt.modules.aggregator.ConsolidatingAggregator'})
[2017-12-14 11:47:34,517 DEBUG root] Importing module: bzt.modules.aggregator
[2017-12-14 11:47:34,527 DEBUG root] Loading class: 'ConsolidatingAggregator' from <module 'bzt.modules.aggregator' from '/usr/local/lib/python2.7/site-packages/bzt/modules/aggregator.pyc'>
[2017-12-14 11:47:34,528 DEBUG Engine.consolidator] Exception in dehumanize_time(inf)
[2017-12-14 11:47:34,528 DEBUG Engine.consolidator] Buffer scaling setup: percentile 95.0 from [0.0, 50.0, 90.0, 95.0, 99.0, 99.9, 100.0] selected
[2017-12-14 11:47:34,528 DEBUG Engine] Module config: monitoring defaultdict(None, {'class': 'bzt.modules.monitoring.Monitoring'})
[2017-12-14 11:47:34,528 DEBUG root] Importing module: bzt.modules.monitoring
[2017-12-14 11:47:34,583 DEBUG root] Loading class: 'Monitoring' from <module 'bzt.modules.monitoring' from '/usr/local/lib/python2.7/site-packages/bzt/modules/monitoring.pyc'>
[2017-12-14 11:47:34,583 DEBUG Engine] Module config: local defaultdict(None, {'class': 'bzt.modules.provisioning.Local'})
[2017-12-14 11:47:34,583 DEBUG root] Importing module: bzt.modules.provisioning
[2017-12-14 11:47:34,584 DEBUG root] Loading class: 'Local' from <module 'bzt.modules.provisioning' from '/usr/local/lib/python2.7/site-packages/bzt/modules/provisioning.pyc'>
[2017-12-14 11:47:34,584 DEBUG Engine] Module config: jmeter defaultdict(None, {'properties': defaultdict(None, {'jmeter.save.saveservice.autoflush': 'true', 'summariser.name': '', 'jmeter.save.saveservice.connect_time': 'true', 'mode': 'Stripped', 'jmeterengine.force.system.exit': 'true'}), 'class': 'bzt.modules.jmeter.JMeterExecutor', 'plugins': ['jpgc-casutg', 'jpgc-dummy', 'jpgc-ffw', 'jpgc-fifo', 'jpgc-functions', 'jpgc-json', 'jpgc-perfmon', 'jpgc-prmctl', 'jpgc-tst']})
[2017-12-14 11:47:34,584 DEBUG root] Importing module: bzt.modules.jmeter
[2017-12-14 11:47:34,611 DEBUG root] Loading class: 'JMeterExecutor' from <module 'bzt.modules.jmeter' from '/usr/local/lib/python2.7/site-packages/bzt/modules/jmeter.pyc'>
[2017-12-14 11:47:34,611 DEBUG Engine.local] Preparing executor: jmeter/4592926032
[2017-12-14 11:47:34,621 DEBUG Engine] New artifact filename: /Users/daper01/Documents/OSLo/JMeter/2017-12-14_11-47-34.450600/jmeter.log
[2017-12-14 11:47:34,621 DEBUG Engine.jmeter] Checking if port 4445 is free
[2017-12-14 11:47:34,621 DEBUG Engine.jmeter] Port 4445 is free
[2017-12-14 11:47:34,622 DEBUG Engine.jmeter] Using port 4445 for management
[2017-12-14 11:47:34,622 DEBUG Engine.jmeter.JavaVM] Trying JavaVM: ['java', '-version']
[2017-12-14 11:47:34,812 DEBUG Engine.jmeter.JavaVM] JavaVM output: java version "1.8.0_121"
Java(TM) SE Runtime Environment (build 1.8.0_121-b13)
Java HotSpot(TM) 64-Bit Server VM (build 25.121-b13, mixed mode)

[2017-12-14 11:47:34,813 DEBUG Engine.jmeter.TclLibrary] We don't need to check tcl library on this platform
[2017-12-14 11:47:34,813 DEBUG Engine.jmeter.JMeter] Trying jmeter: /Users/daper01/.bzt/jmeter-taurus/3.3/bin/jmeter.sh
[2017-12-14 11:47:34,814 DEBUG bzt.utils] Executing shell: ['/Users/daper01/.bzt/jmeter-taurus/3.3/bin/jmeter.sh', '-j', '/var/folders/vq/xzrdy2lx047cst78f69v8z3xfzqz1q/T/jmeterQjqNDGlog', '--version']
[2017-12-14 11:47:35,086 DEBUG Engine] Taurus updates info: {"latest":"1.10.3","needsUpgrade":true}
[2017-12-14 11:47:35,086 WARNING Engine] There is newer version of Taurus 1.10.3 available, consider upgrading. What's new: http://gettaurus.org/docs/Changelog/
[2017-12-14 11:47:36,279 DEBUG Engine.jmeter.JMeter] JMeter check:     _    ____   _    ____ _   _ _____       _ __  __ _____ _____ _____ ____     
   / \  |  _ \ / \  / ___| | | | ____|     | |  \/  | ____|_   _| ____|  _ \   
  / _ \ | |_) / _ \| |   | |_| |  _|    _  | | |\/| |  _|   | | |  _| | |_) | 
 / ___ \|  __/ ___ \ |___|  _  | |___  | |_| | |  | | |___  | | | |___|  _ <  
/_/   \_\_| /_/   \_\____|_| |_|_____|  \___/|_|  |_|_____| |_| |_____|_| \_\ 3.3 r1808647  

Copyright (c) 1999-2017 The Apache Software Foundation

 / None
[2017-12-14 11:47:36,280 DEBUG bzt.utils] Executing shell: ['/Users/daper01/.bzt/jmeter-taurus/3.3/bin/PluginsManagerCMD.sh', 'install-for-jmx', 'two_thread_groups.jmx']
[2017-12-14 11:47:38,956 DEBUG Engine.jmeter.JMeter] Try to detect plugins for two_thread_groups.jmx
11:47:37.873 [main] INFO  org.jmeterplugins.repository.PluginManager - Plugins Status: [jpgc-functions=2.0, jpgc-casutg=2.1, jpgc-dummy=0.2, jpgc-ffw=2.0, jpgc-fifo=0.2, jpgc-json=2.6, jpgc-prmctl=0.3, jpgc-perfmon=2.1, jpgc-plugins-manager=0.16, jpgc-tst=2.1, jmeter-core=3.3, jmeter-ftp=3.3, jmeter-http=3.3, jmeter-jdbc=3.3, jmeter-jms=3.3, jmeter-junit=3.3, jmeter-java=3.3, jmeter-ldap=3.3, jmeter-mail=3.3, jmeter-mongodb=3.3, jmeter-native=3.3, jmeter-tcp=3.3, jmeter-components=3.3]
2017-12-14 11:47:37,873 INFO o.j.r.PluginManager: Plugins Status: [jpgc-functions=2.0, jpgc-casutg=2.1, jpgc-dummy=0.2, jpgc-ffw=2.0, jpgc-fifo=0.2, jpgc-json=2.6, jpgc-prmctl=0.3, jpgc-perfmon=2.1, jpgc-plugins-manager=0.16, jpgc-tst=2.1, jmeter-core=3.3, jmeter-ftp=3.3, jmeter-http=3.3, jmeter-jdbc=3.3, jmeter-jms=3.3, jmeter-junit=3.3, jmeter-java=3.3, jmeter-ldap=3.3, jmeter-mail=3.3, jmeter-mongodb=3.3, jmeter-native=3.3, jmeter-tcp=3.3, jmeter-components=3.3]
11:47:38.363 [main] INFO  org.apache.jmeter.save.SaveService - Testplan (JMX) version: 2.2. Testlog (JTL) version: 2.2
2017-12-14 11:47:38,363 INFO o.a.j.s.SaveService: Testplan (JMX) version: 2.2. Testlog (JTL) version: 2.2
11:47:38.376 [main] INFO  org.apache.jmeter.save.SaveService - Using SaveService properties file encoding UTF-8
2017-12-14 11:47:38,376 INFO o.a.j.s.SaveService: Using SaveService properties file encoding UTF-8
11:47:38.380 [main] INFO  org.apache.jmeter.save.SaveService - Using SaveService properties version 3.2
2017-12-14 11:47:38,380 INFO o.a.j.s.SaveService: Using SaveService properties version 3.2
11:47:38.424 [main] INFO  org.apache.jmeter.protocol.http.control.CookieManager - Settings: Delete null: true Check: true Allow variable: true Save: false Prefix: COOKIE_
2017-12-14 11:47:38,424 INFO o.a.j.p.h.c.CookieManager: Settings: Delete null: true Check: true Allow variable: true Save: false Prefix: COOKIE_
11:47:38.456 [main] INFO  org.apache.jmeter.protocol.http.control.CacheManager - Will only cache the following methods: [GET]
2017-12-14 11:47:38,456 INFO o.a.j.p.h.c.CacheManager: Will only cache the following methods: [GET]
11:47:38.540 [main] INFO  org.jmeterplugins.repository.PluginManager - Restarting JMeter...
2017-12-14 11:47:38,540 INFO o.j.r.PluginManager: Restarting JMeter...
11:47:38.542 [Thread-1] INFO  org.jmeterplugins.repository.PluginManager - Starting JMeter Plugins modifications
2017-12-14 11:47:38,542 INFO o.j.r.PluginManager: Starting JMeter Plugins modifications

ERROR StatusLogger No log4j2 configuration file found. Using default configuration: logging only errors to the console. Set system property 'org.apache.logging.log4j.simplelog.StatusLogger.level' to TRACE to show Log4j2 internal initialization logging.

[2017-12-14 11:47:38,957 DEBUG Engine.jmeter] Load: LoadSpec(concurrency=50, throughput=100.0, ramp_up=30.0, hold=60.0, iterations=0, duration=90.0, steps=None)
[2017-12-14 11:47:38,972 DEBUG Engine.jmeter.LoadSettingsProcessor.ThreadGroupHandler] Converting ThreadGroup (Thread Group) to ConcurrencyThreadGroup and apply load parameters
[2017-12-14 11:47:38,972 DEBUG Engine.jmeter.LoadSettingsProcessor.ThreadGroupHandler] Converting ThreadGroup (Thread Group) to ConcurrencyThreadGroup and apply load parameters
[2017-12-14 11:47:38,973 DEBUG Engine] New artifact filename: /Users/daper01/Documents/OSLo/JMeter/2017-12-14_11-47-34.450600/kpi.jtl
[2017-12-14 11:47:38,974 DEBUG Engine] New artifact filename: /Users/daper01/Documents/OSLo/JMeter/2017-12-14_11-47-34.450600/error.jtl
[2017-12-14 11:47:38,975 DEBUG Engine.jmeter] Enforcing parent sample for transaction controller
[2017-12-14 11:47:38,976 INFO Engine.jmeter] 1 obsolete CookieManagers are found and fixed
[2017-12-14 11:47:38,977 DEBUG JMX] Saving JMX to: /Users/daper01/Documents/OSLo/JMeter/modified_two_thread_groups.jmx
[2017-12-14 11:47:38,979 DEBUG Engine.jmeter] Additional properties: defaultdict(None, {'jmeter.save.saveservice.autoflush': 'true', 'jmeter.save.saveservice.connect_time': 'true', 'user.classpath': '/Users/daper01/Documents/OSLo/JMeter/2017-12-14_11-47-34.450600', 'sampleresult.default.encoding': 'UTF-8', 'summariser.name': '', 'jmeterengine.force.system.exit': 'true', 'jmeter.save.saveservice.timestamp_format': 'ms', 'mode': 'Stripped', 'jmeterengine.nongui.maxport': 4445, 'jmeterengine.nongui.port': 4445})
[2017-12-14 11:47:38,979 DEBUG Engine] New artifact filename: /Users/daper01/Documents/OSLo/JMeter/2017-12-14_11-47-34.450600/jmeter-bzt.properties
[2017-12-14 11:47:38,979 DEBUG Engine] New artifact filename: /Users/daper01/Documents/OSLo/JMeter/2017-12-14_11-47-34.450600/jmeter.out
[2017-12-14 11:47:38,979 DEBUG Engine] New artifact filename: /Users/daper01/Documents/OSLo/JMeter/2017-12-14_11-47-34.450600/jmeter.err
[2017-12-14 11:47:38,980 DEBUG Engine] Module config: final-stats defaultdict(None, {'class': 'bzt.modules.reporting.FinalStatus'})
[2017-12-14 11:47:38,980 DEBUG root] Importing module: bzt.modules.reporting
[2017-12-14 11:47:39,086 DEBUG easyprocess] version=0.2.3
[2017-12-14 11:47:39,090 DEBUG pyvirtualdisplay] version=0.2.1
[2017-12-14 11:47:39,092 DEBUG root] Loading class: 'FinalStatus' from <module 'bzt.modules.reporting' from '/usr/local/lib/python2.7/site-packages/bzt/modules/reporting.pyc'>
[2017-12-14 11:47:39,092 DEBUG Engine] Module config: console defaultdict(None, {'class': 'bzt.modules.console.ConsoleStatusReporter'})
[2017-12-14 11:47:39,092 DEBUG root] Importing module: bzt.modules.console
[2017-12-14 11:47:39,092 DEBUG root] Loading class: 'ConsoleStatusReporter' from <module 'bzt.modules.console' from '/usr/local/lib/python2.7/site-packages/bzt/modules/console.pyc'>
[2017-12-14 11:47:39,092 DEBUG Engine] Module config: passfail defaultdict(None, {'class': 'bzt.modules.passfail.PassFailStatus'})
[2017-12-14 11:47:39,092 DEBUG root] Importing module: bzt.modules.passfail
[2017-12-14 11:47:39,092 DEBUG root] Loading class: 'PassFailStatus' from <module 'bzt.modules.passfail' from '/usr/local/lib/python2.7/site-packages/bzt/modules/passfail.pyc'>
[2017-12-14 11:47:39,098 ERROR root] Config Error: Criteria string is mailformed in its condition part: a
[2017-12-14 11:47:39,100 DEBUG root] TaurusConfigError: Criteria string is mailformed in its condition part: a
Traceback (most recent call last):
  File "/usr/local/lib/python2.7/site-packages/bzt/cli.py", line 220, in perform
    self.engine.prepare()
  File "/usr/local/lib/python2.7/site-packages/bzt/engine.py", line 159, in prepare
    self.__prepare_reporters()
  File "/usr/local/lib/python2.7/site-packages/bzt/engine.py", line 511, in __prepare_reporters
    module.prepare()
  File "/usr/local/lib/python2.7/site-packages/bzt/modules/passfail.py", line 56, in prepare
    crit_config = DataCriterion.string_to_config(crit_config)
  File "/usr/local/lib/python2.7/site-packages/bzt/modules/passfail.py", line 385, in string_to_config
    raise TaurusConfigError("Criteria string is mailformed in its condition part: %s" % crit_str)
TaurusConfigError: Criteria string is mailformed in its condition part: a
[2017-12-14 11:47:39,100 INFO Engine] Post-processing...
[2017-12-14 11:47:39,101 DEBUG Engine.local] Post-process jmeter/two_tg
[2017-12-14 11:47:39,101 DEBUG Engine] Add existing artifact (move=True): /Users/daper01/Documents/OSLo/JMeter/modified_two_thread_groups.jmx
[2017-12-14 11:47:39,103 DEBUG Engine] Moving /Users/daper01/Documents/OSLo/JMeter/modified_two_thread_groups.jmx to /Users/daper01/Documents/OSLo/JMeter/2017-12-14_11-47-34.450600/modified_two_thread_groups.jmx
[2017-12-14 11:47:39,104 DEBUG Engine.jmeter.JTLErrorsReader] File not exists: /Users/daper01/Documents/OSLo/JMeter/2017-12-14_11-47-34.450600/error.jtl
[2017-12-14 11:47:39,105 DEBUG Engine.jmeter.JTLReader.IncrementalCSVReader] File not appeared yet: /Users/daper01/Documents/OSLo/JMeter/2017-12-14_11-47-34.450600/kpi.jtl
[2017-12-14 11:47:39,105 DEBUG Engine.jmeter.JTLReader.IncrementalCSVReader] No data to start reading yet
[2017-12-14 11:47:39,105 DEBUG Engine.jmeter.JTLReader] Buffer len: 0
[2017-12-14 11:47:39,106 DEBUG Engine.consolidator] Consolidator buffer[0]: []
[2017-12-14 11:47:39,108 DEBUG Engine] post_process: int() argument must be a string or a number, not 'NoneType'
Traceback (most recent call last):
  File "/usr/local/lib/python2.7/site-packages/bzt/engine.py", line 266, in post_process
    module.post_process()
  File "/usr/local/lib/python2.7/site-packages/bzt/modules/reporting.py", line 88, in post_process
    self.__report_duration()
  File "/usr/local/lib/python2.7/site-packages/bzt/modules/reporting.py", line 182, in __report_duration
    date_start = datetime.fromtimestamp(int(self.start_time))
TypeError: int() argument must be a string or a number, not 'NoneType'

[2017-12-14 11:47:39,108 DEBUG Engine.console] No logger_handler or orig_stream was detected
[2017-12-14 11:47:39,110 DEBUG Engine.Configuration] Dumping YAML config into /Users/daper01/Documents/OSLo/JMeter/2017-12-14_11-47-34.450600/effective.yml
[2017-12-14 11:47:39,144 DEBUG Engine.Configuration] Dumping JSON config into /Users/daper01/Documents/OSLo/JMeter/2017-12-14_11-47-34.450600/effective.json
[2017-12-14 11:47:39,145 DEBUG root] TypeError: int() argument must be a string or a number, not 'NoneType'
Traceback (most recent call last):
  File "/usr/local/lib/python2.7/site-packages/bzt/cli.py", line 228, in perform
    self.engine.post_process()
  File "/usr/local/lib/python2.7/site-packages/bzt/engine.py", line 279, in post_process
    reraise(exc_info)
  File "/usr/local/lib/python2.7/site-packages/bzt/engine.py", line 266, in post_process
    module.post_process()
  File "/usr/local/lib/python2.7/site-packages/bzt/modules/reporting.py", line 88, in post_process
    self.__report_duration()
  File "/usr/local/lib/python2.7/site-packages/bzt/modules/reporting.py", line 182, in __report_duration
    date_start = datetime.fromtimestamp(int(self.start_time))
TypeError: int() argument must be a string or a number, not 'NoneType'
[2017-12-14 11:47:39,145 INFO root] Artifacts dir: /Users/daper01/Documents/OSLo/JMeter/2017-12-14_11-47-34.450600
[2017-12-14 11:47:39,145 WARNING root] Done performing with code: 1
[2017-12-14 11:47:39,146 DEBUG root] Closing log handler: /Users/daper01/Documents/OSLo/JMeter/2017-12-14_11-47-34.450600/bzt.log
