[2017-07-07 16:14:13,420 INFO root] Taurus CLI Tool v1.9.3
[2017-07-07 16:14:13,421 DEBUG root] Command-line options: {'verbose': None, 'no_system_configs': None, 'quiet': None, 'log': '/var/folders/vq/xzrdy2lx047cst78f69v8z3xfzqz1q/T/bzt_EKyKui.log', 'option': None, 'aliases': ['cloud']}
[2017-07-07 16:14:13,421 DEBUG root] Python: CPython 2.7.13
[2017-07-07 16:14:13,421 DEBUG root] OS: ('Darwin', 'daper01mac1124', '16.4.0', 'Darwin Kernel Version 16.4.0: Thu Dec 22 22:53:21 PST 2016; root:xnu-3789.41.3~3/RELEASE_X86_64', 'x86_64', 'i386')
[2017-07-07 16:14:13,421 INFO root] Starting with configs: ['grinder_sample_ramp.yml']
[2017-07-07 16:14:13,421 DEBUG root] Using personal config: /Users/daper01/.bzt-rc
[2017-07-07 16:14:13,421 INFO Engine] Configuring...
[2017-07-07 16:14:13,421 DEBUG Engine] Reading extension configs from: /usr/local/etc/bzt.d
[2017-07-07 16:14:13,422 DEBUG Engine.Configuration] Configs: ['/usr/local/lib/python2.7/site-packages/bzt/resources/base-config.yml', '/usr/local/etc/bzt.d/99-installID.yml']
[2017-07-07 16:14:13,422 DEBUG Engine.Configuration] Reading /usr/local/lib/python2.7/site-packages/bzt/resources/base-config.yml as YAML
[2017-07-07 16:14:13,457 DEBUG Engine.Configuration] Reading /usr/local/etc/bzt.d/99-installID.yml as YAML
[2017-07-07 16:14:13,458 DEBUG Engine.Configuration] Configs: ['/Users/daper01/.bzt-rc', 'grinder_sample_ramp.yml']
[2017-07-07 16:14:13,459 DEBUG Engine.Configuration] Reading /Users/daper01/.bzt-rc as YAML
[2017-07-07 16:14:13,460 DEBUG Engine.Configuration] Reading grinder_sample_ramp.yml as YAML
[2017-07-07 16:14:13,463 DEBUG Engine.Configuration] Configs: ['/Users/daper01/.bzt-rc', 'grinder_sample_ramp.yml']
[2017-07-07 16:14:13,463 DEBUG Engine.Configuration] Reading /Users/daper01/.bzt-rc as YAML
[2017-07-07 16:14:13,464 DEBUG Engine.Configuration] Reading grinder_sample_ramp.yml as YAML
[2017-07-07 16:14:13,487 DEBUG Engine] Requesting updates info: http://gettaurus.org/updates/?version=1.9.3&installID=784f43782a15
[2017-07-07 16:14:13,495 INFO Engine] Artifacts dir: /Users/daper01/Documents/OSLo/Grinder/2017-07-07_16-14-13.488006
[2017-07-07 16:14:13,495 DEBUG Engine] New artifact filename: /Users/daper01/Documents/OSLo/Grinder/2017-07-07_16-14-13.488006/effective
[2017-07-07 16:14:13,498 DEBUG Engine.Configuration] Dumping YAML config into /Users/daper01/Documents/OSLo/Grinder/2017-07-07_16-14-13.488006/effective.yml
[2017-07-07 16:14:13,531 DEBUG Engine.Configuration] Dumping JSON config into /Users/daper01/Documents/OSLo/Grinder/2017-07-07_16-14-13.488006/effective.json
[2017-07-07 16:14:13,533 DEBUG Engine] New artifact filename: /Users/daper01/Documents/OSLo/Grinder/2017-07-07_16-14-13.488006/merged.yml
[2017-07-07 16:14:13,533 DEBUG Engine.Configuration] Dumping YAML config into /Users/daper01/Documents/OSLo/Grinder/2017-07-07_16-14-13.488006/merged.yml
[2017-07-07 16:14:13,536 DEBUG Engine] New artifact filename: /Users/daper01/Documents/OSLo/Grinder/2017-07-07_16-14-13.488006/merged.json
[2017-07-07 16:14:13,537 DEBUG Engine.Configuration] Dumping JSON config into /Users/daper01/Documents/OSLo/Grinder/2017-07-07_16-14-13.488006/merged.json
[2017-07-07 16:14:13,537 DEBUG Engine] Add existing artifact (move=False): grinder_sample_ramp.yml
[2017-07-07 16:14:13,537 DEBUG Engine] Copying grinder_sample_ramp.yml to /Users/daper01/Documents/OSLo/Grinder/2017-07-07_16-14-13.488006/grinder_sample_ramp.yml
[2017-07-07 16:14:13,538 DEBUG root] Closing log handler: /var/folders/vq/xzrdy2lx047cst78f69v8z3xfzqz1q/T/bzt_EKyKui.log
[2017-07-07 16:14:13,539 DEBUG root] Switched writing logs to /Users/daper01/Documents/OSLo/Grinder/2017-07-07_16-14-13.488006/bzt.log
[2017-07-07 16:14:13,539 INFO Engine] Preparing...
[2017-07-07 16:14:13,540 DEBUG Engine] Module config: consolidator defaultdict(None, {'class': 'bzt.modules.aggregator.ConsolidatingAggregator'})
[2017-07-07 16:14:13,540 DEBUG root] Importing module: bzt.modules.aggregator
[2017-07-07 16:14:13,550 DEBUG root] Loading class: 'ConsolidatingAggregator' from <module 'bzt.modules.aggregator' from '/usr/local/lib/python2.7/site-packages/bzt/modules/aggregator.pyc'>
[2017-07-07 16:14:13,550 DEBUG Engine.consolidator] Exception in dehumanize_time(inf)
[2017-07-07 16:14:13,550 DEBUG Engine.consolidator] Buffer scaling setup: percentile 95.0 from [0.0, 50.0, 90.0, 95.0, 99.0, 99.9, 100.0] selected
[2017-07-07 16:14:13,550 DEBUG Engine] Module config: monitoring defaultdict(None, {'class': 'bzt.modules.monitoring.Monitoring'})
[2017-07-07 16:14:13,550 DEBUG root] Importing module: bzt.modules.monitoring
[2017-07-07 16:14:13,591 DEBUG root] Loading class: 'Monitoring' from <module 'bzt.modules.monitoring' from '/usr/local/lib/python2.7/site-packages/bzt/modules/monitoring.pyc'>
[2017-07-07 16:14:13,591 DEBUG Engine.monitoring] Should not run because of non-matching prov: cloud != local
[2017-07-07 16:14:13,591 DEBUG Engine] Module config: cloud defaultdict(None, {'class': 'bzt.modules.blazemeter.CloudProvisioning', 'default-location': 'us-central1-a'})
[2017-07-07 16:14:13,592 DEBUG root] Importing module: bzt.modules.blazemeter
[2017-07-07 16:14:13,714 DEBUG easyprocess] version=0.2.3
[2017-07-07 16:14:13,716 DEBUG pyvirtualdisplay] version=0.2.1
[2017-07-07 16:14:13,718 DEBUG root] Loading class: 'CloudProvisioning' from <module 'bzt.modules.blazemeter' from '/usr/local/lib/python2.7/site-packages/bzt/modules/blazemeter.pyc'>
[2017-07-07 16:14:13,718 DEBUG Engine] Module config: blazemeter defaultdict(None, {'token': '********', 'class': 'bzt.modules.blazemeter.BlazeMeterUploader'})
[2017-07-07 16:14:13,718 DEBUG root] Importing module: bzt.modules.blazemeter
[2017-07-07 16:14:13,718 DEBUG root] Loading class: 'BlazeMeterUploader' from <module 'bzt.modules.blazemeter' from '/usr/local/lib/python2.7/site-packages/bzt/modules/blazemeter.pyc'>
[2017-07-07 16:14:13,718 DEBUG Engine.cloud] Request: GET https://a.blazemeter.com/api/v4/accounts None
[2017-07-07 16:14:13,762 DEBUG urllib3.connectionpool] Starting new HTTPS connection (1): a.blazemeter.com
[2017-07-07 16:14:13,920 DEBUG Engine] Taurus updates info: {"latest":"1.9.4","needsUpgrade":true}
[2017-07-07 16:14:13,921 WARNING Engine] There is newer version of Taurus 1.9.4 available, consider upgrading. What's new: http://gettaurus.org/docs/Changelog/
[2017-07-07 16:14:14,071 DEBUG urllib3.connectionpool] https://a.blazemeter.com:443 "GET /api/v4/accounts HTTP/1.1" 200 1625
[2017-07-07 16:14:14,076 DEBUG Engine.cloud] Response: {
    "limit": 10,
    "skip": 0,
    "total": 2,
    "api_version": 4,
    "error": null,
    "result": [
        {
            "id": 125626,
            "name": "Default Account",
            "thumbnailUrl": null,
            "salesforceId": null,
      
[2017-07-07 16:14:14,077 DEBUG Engine.cloud] Request: GET https://a.blazemeter.com/api/v4/workspaces?accountId=125626&enabled=true&limit=100 None
[2017-07-07 16:14:14,079 DEBUG urllib3.connectionpool] Starting new HTTPS connection (1): a.blazemeter.com
[2017-07-07 16:14:14,408 DEBUG urllib3.connectionpool] https://a.blazemeter.com:443 "GET /api/v4/workspaces?accountId=125626&enabled=true&limit=100 HTTP/1.1" 200 3515
[2017-07-07 16:14:14,412 DEBUG Engine.cloud] Response: {
    "limit": 100,
    "skip": 0,
    "total": 5,
    "api_version": 4,
    "error": null,
    "result": [
        {
            "id": 119008,
            "name": "Default workspace",
            "userId": 339612,
            "created": 1486702692,
      
[2017-07-07 16:14:14,413 DEBUG Engine.cloud] Request: GET https://a.blazemeter.com/api/v4/workspaces?accountId=21166&enabled=true&limit=100 None
[2017-07-07 16:14:14,414 DEBUG urllib3.connectionpool] Starting new HTTPS connection (1): a.blazemeter.com
[2017-07-07 16:14:14,715 DEBUG urllib3.connectionpool] https://a.blazemeter.com:443 "GET /api/v4/workspaces?accountId=21166&enabled=true&limit=100 HTTP/1.1" 200 783
[2017-07-07 16:14:14,718 DEBUG Engine.cloud] Response: {
    "limit": 100,
    "skip": 0,
    "total": 1,
    "api_version": 4,
    "error": null,
    "result": [
        {
            "id": 133217,
            "name": "DEMOs",
            "userId": 307773,
            "created": 1493664013,
            "updat
[2017-07-07 16:14:14,719 DEBUG Engine] Module config: grinder defaultdict(None, {'class': 'bzt.modules.grinder.GrinderExecutor', 'properties': defaultdict(None, {'grinder.useConsole': False})})
[2017-07-07 16:14:14,719 DEBUG root] Importing module: bzt.modules.grinder
[2017-07-07 16:14:14,722 DEBUG root] Loading class: 'GrinderExecutor' from <module 'bzt.modules.grinder' from '/usr/local/lib/python2.7/site-packages/bzt/modules/grinder.pyc'>
[2017-07-07 16:14:14,722 DEBUG Engine.cloud] Request: GET https://a.blazemeter.com/api/v4/multi-tests?workspaceId=119008&name=Taurus+Cloud+Test None
[2017-07-07 16:14:14,724 DEBUG urllib3.connectionpool] Starting new HTTPS connection (1): a.blazemeter.com
[2017-07-07 16:14:14,977 DEBUG urllib3.connectionpool] https://a.blazemeter.com:443 "GET /api/v4/multi-tests?workspaceId=119008&name=Taurus+Cloud+Test HTTP/1.1" 200 109
[2017-07-07 16:14:14,982 DEBUG Engine.cloud] Response: {
    "limit": 10,
    "skip": 0,
    "total": 0,
    "api_version": 4,
    "error": null,
    "result": []
}
[2017-07-07 16:14:14,982 DEBUG Engine.cloud] Request: GET https://a.blazemeter.com/api/v4/multi-tests?workspaceId=127980&name=Taurus+Cloud+Test None
[2017-07-07 16:14:14,984 DEBUG urllib3.connectionpool] Starting new HTTPS connection (1): a.blazemeter.com
[2017-07-07 16:14:15,234 DEBUG urllib3.connectionpool] https://a.blazemeter.com:443 "GET /api/v4/multi-tests?workspaceId=127980&name=Taurus+Cloud+Test HTTP/1.1" 200 109
[2017-07-07 16:14:15,239 DEBUG Engine.cloud] Response: {
    "limit": 10,
    "skip": 0,
    "total": 0,
    "api_version": 4,
    "error": null,
    "result": []
}
[2017-07-07 16:14:15,239 DEBUG Engine.cloud] Request: GET https://a.blazemeter.com/api/v4/multi-tests?workspaceId=127984&name=Taurus+Cloud+Test None
[2017-07-07 16:14:15,241 DEBUG urllib3.connectionpool] Starting new HTTPS connection (1): a.blazemeter.com
[2017-07-07 16:14:15,488 DEBUG urllib3.connectionpool] https://a.blazemeter.com:443 "GET /api/v4/multi-tests?workspaceId=127984&name=Taurus+Cloud+Test HTTP/1.1" 200 109
[2017-07-07 16:14:15,491 DEBUG Engine.cloud] Response: {
    "limit": 10,
    "skip": 0,
    "total": 0,
    "api_version": 4,
    "error": null,
    "result": []
}
[2017-07-07 16:14:15,492 DEBUG Engine.cloud] Request: GET https://a.blazemeter.com/api/v4/multi-tests?workspaceId=132723&name=Taurus+Cloud+Test None
[2017-07-07 16:14:15,494 DEBUG urllib3.connectionpool] Starting new HTTPS connection (1): a.blazemeter.com
[2017-07-07 16:14:15,746 DEBUG urllib3.connectionpool] https://a.blazemeter.com:443 "GET /api/v4/multi-tests?workspaceId=132723&name=Taurus+Cloud+Test HTTP/1.1" 200 109
[2017-07-07 16:14:15,750 DEBUG Engine.cloud] Response: {
    "limit": 10,
    "skip": 0,
    "total": 0,
    "api_version": 4,
    "error": null,
    "result": []
}
[2017-07-07 16:14:15,750 DEBUG Engine.cloud] Request: GET https://a.blazemeter.com/api/v4/multi-tests?workspaceId=135886&name=Taurus+Cloud+Test None
[2017-07-07 16:14:15,753 DEBUG urllib3.connectionpool] Starting new HTTPS connection (1): a.blazemeter.com
[2017-07-07 16:14:16,019 DEBUG urllib3.connectionpool] https://a.blazemeter.com:443 "GET /api/v4/multi-tests?workspaceId=135886&name=Taurus+Cloud+Test HTTP/1.1" 200 109
[2017-07-07 16:14:16,022 DEBUG Engine.cloud] Response: {
    "limit": 10,
    "skip": 0,
    "total": 0,
    "api_version": 4,
    "error": null,
    "result": []
}
[2017-07-07 16:14:16,022 DEBUG Engine.cloud] Request: GET https://a.blazemeter.com/api/v4/multi-tests?workspaceId=133217&name=Taurus+Cloud+Test None
[2017-07-07 16:14:16,024 DEBUG urllib3.connectionpool] Starting new HTTPS connection (1): a.blazemeter.com
[2017-07-07 16:14:16,279 DEBUG urllib3.connectionpool] https://a.blazemeter.com:443 "GET /api/v4/multi-tests?workspaceId=133217&name=Taurus+Cloud+Test HTTP/1.1" 200 109
[2017-07-07 16:14:16,283 DEBUG Engine.cloud] Response: {
    "limit": 10,
    "skip": 0,
    "total": 0,
    "api_version": 4,
    "error": null,
    "result": []
}
[2017-07-07 16:14:16,283 DEBUG Engine.cloud.ProjectFinder] Looked for collection: None
[2017-07-07 16:14:16,283 DEBUG Engine.cloud] Request: GET https://a.blazemeter.com/api/v4/tests?workspaceId=119008&name=Taurus+Cloud+Test None
[2017-07-07 16:14:16,285 DEBUG urllib3.connectionpool] Starting new HTTPS connection (1): a.blazemeter.com
[2017-07-07 16:14:16,549 DEBUG urllib3.connectionpool] https://a.blazemeter.com:443 "GET /api/v4/tests?workspaceId=119008&name=Taurus+Cloud+Test HTTP/1.1" 200 717
[2017-07-07 16:14:16,555 DEBUG Engine.cloud] Response: {
    "limit": 10,
    "skip": 0,
    "total": 1,
    "api_version": 4,
    "error": null,
    "result": [
        {
            "id": 5551396,
            "name": "Taurus Cloud Test",
            "userId": 339612,
            "created": 1488354376,
      
[2017-07-07 16:14:16,555 DEBUG Engine.cloud] Request: GET https://a.blazemeter.com/api/v4/tests?workspaceId=127980&name=Taurus+Cloud+Test None
[2017-07-07 16:14:16,558 DEBUG urllib3.connectionpool] Starting new HTTPS connection (1): a.blazemeter.com
[2017-07-07 16:14:16,819 DEBUG urllib3.connectionpool] https://a.blazemeter.com:443 "GET /api/v4/tests?workspaceId=127980&name=Taurus+Cloud+Test HTTP/1.1" 200 109
[2017-07-07 16:14:16,823 DEBUG Engine.cloud] Response: {
    "limit": 10,
    "skip": 0,
    "total": 0,
    "api_version": 4,
    "error": null,
    "result": []
}
[2017-07-07 16:14:16,823 DEBUG Engine.cloud] Request: GET https://a.blazemeter.com/api/v4/tests?workspaceId=127984&name=Taurus+Cloud+Test None
[2017-07-07 16:14:16,825 DEBUG urllib3.connectionpool] Starting new HTTPS connection (1): a.blazemeter.com
[2017-07-07 16:14:17,073 DEBUG urllib3.connectionpool] https://a.blazemeter.com:443 "GET /api/v4/tests?workspaceId=127984&name=Taurus+Cloud+Test HTTP/1.1" 200 109
[2017-07-07 16:14:17,077 DEBUG Engine.cloud] Response: {
    "limit": 10,
    "skip": 0,
    "total": 0,
    "api_version": 4,
    "error": null,
    "result": []
}
[2017-07-07 16:14:17,077 DEBUG Engine.cloud] Request: GET https://a.blazemeter.com/api/v4/tests?workspaceId=132723&name=Taurus+Cloud+Test None
[2017-07-07 16:14:17,080 DEBUG urllib3.connectionpool] Starting new HTTPS connection (1): a.blazemeter.com
[2017-07-07 16:14:17,328 DEBUG urllib3.connectionpool] https://a.blazemeter.com:443 "GET /api/v4/tests?workspaceId=132723&name=Taurus+Cloud+Test HTTP/1.1" 200 109
[2017-07-07 16:14:17,332 DEBUG Engine.cloud] Response: {
    "limit": 10,
    "skip": 0,
    "total": 0,
    "api_version": 4,
    "error": null,
    "result": []
}
[2017-07-07 16:14:17,333 DEBUG Engine.cloud] Request: GET https://a.blazemeter.com/api/v4/tests?workspaceId=135886&name=Taurus+Cloud+Test None
[2017-07-07 16:14:17,335 DEBUG urllib3.connectionpool] Starting new HTTPS connection (1): a.blazemeter.com
[2017-07-07 16:14:17,584 DEBUG urllib3.connectionpool] https://a.blazemeter.com:443 "GET /api/v4/tests?workspaceId=135886&name=Taurus+Cloud+Test HTTP/1.1" 200 109
[2017-07-07 16:14:17,589 DEBUG Engine.cloud] Response: {
    "limit": 10,
    "skip": 0,
    "total": 0,
    "api_version": 4,
    "error": null,
    "result": []
}
[2017-07-07 16:14:17,589 DEBUG Engine.cloud] Request: GET https://a.blazemeter.com/api/v4/tests?workspaceId=133217&name=Taurus+Cloud+Test None
[2017-07-07 16:14:17,593 DEBUG urllib3.connectionpool] Starting new HTTPS connection (1): a.blazemeter.com
[2017-07-07 16:14:17,853 DEBUG urllib3.connectionpool] https://a.blazemeter.com:443 "GET /api/v4/tests?workspaceId=133217&name=Taurus+Cloud+Test HTTP/1.1" 200 109
[2017-07-07 16:14:17,857 DEBUG Engine.cloud] Response: {
    "limit": 10,
    "skip": 0,
    "total": 0,
    "api_version": 4,
    "error": null,
    "result": []
}
[2017-07-07 16:14:17,857 DEBUG Engine.cloud.ProjectFinder] Looked for test: {u'updated': 1498661680, u'name': u'Taurus Cloud Test', u'kpiTrackingData': {}, u'created': 1488354376, u'projectId': 162568, u'userId': 339612, u'lastUpdatedById': 339612, u'configuration': {u'targetThreads': 0, u'type': u'taurus', u'canControlRampup': False, u'plugins': {u'taurus': {u'filename': u'taurus.yml'}}}, u'id': 5551396}
[2017-07-07 16:14:17,857 DEBUG Engine.cloud.ProjectFinder] Detected test type: old
[2017-07-07 16:14:17,857 DEBUG Engine.cloud] Request: GET https://a.blazemeter.com/api/v4/user None
[2017-07-07 16:14:17,860 DEBUG urllib3.connectionpool] Starting new HTTPS connection (1): a.blazemeter.com
[2017-07-07 16:14:18,137 DEBUG urllib3.connectionpool] https://a.blazemeter.com:443 "GET /api/v4/user HTTP/1.1" 200 2157
[2017-07-07 16:14:18,141 DEBUG Engine.cloud] Response: {
    "api_version": 4,
    "error": null,
    "result": {
        "id": 339612,
        "email": "eric.dapp@blazemeter.com",
        "access": 1499458457,
        "login": 1498507509,
        "firstName": "Eric",
        "lastName": "Dapp",
        "timez
[2017-07-07 16:14:18,142 DEBUG Engine.cloud] Request: GET https://a.blazemeter.com/api/v4/projects?workspaceId=119008&limit=99999 None
[2017-07-07 16:14:18,144 DEBUG urllib3.connectionpool] Starting new HTTPS connection (1): a.blazemeter.com
[2017-07-07 16:14:18,408 DEBUG urllib3.connectionpool] https://a.blazemeter.com:443 "GET /api/v4/projects?workspaceId=119008&limit=99999 HTTP/1.1" 200 2034
[2017-07-07 16:14:18,412 DEBUG Engine.cloud] Response: {
    "limit": 99999,
    "skip": 0,
    "total": 6,
    "api_version": 4,
    "error": null,
    "result": [
        {
            "id": 163658,
            "name": "BlazeDemo Tests",
            "userId": null,
            "description": "",
            
[2017-07-07 16:14:18,413 DEBUG Engine.cloud] Request: GET https://a.blazemeter.com/api/v4/projects?workspaceId=127980&limit=99999 None
[2017-07-07 16:14:18,415 DEBUG urllib3.connectionpool] Starting new HTTPS connection (1): a.blazemeter.com
[2017-07-07 16:14:18,661 DEBUG urllib3.connectionpool] https://a.blazemeter.com:443 "GET /api/v4/projects?workspaceId=127980&limit=99999 HTTP/1.1" 200 705
[2017-07-07 16:14:18,665 DEBUG Engine.cloud] Response: {
    "limit": 99999,
    "skip": 0,
    "total": 2,
    "api_version": 4,
    "error": null,
    "result": [
        {
            "id": 173138,
            "name": "Default project",
            "userId": null,
            "description": null,
          
[2017-07-07 16:14:18,665 DEBUG Engine.cloud] Request: GET https://a.blazemeter.com/api/v4/projects?workspaceId=127984&limit=99999 None
[2017-07-07 16:14:18,667 DEBUG urllib3.connectionpool] Starting new HTTPS connection (1): a.blazemeter.com
[2017-07-07 16:14:18,914 DEBUG urllib3.connectionpool] https://a.blazemeter.com:443 "GET /api/v4/projects?workspaceId=127984&limit=99999 HTTP/1.1" 200 396
[2017-07-07 16:14:18,918 DEBUG Engine.cloud] Response: {
    "limit": 99999,
    "skip": 0,
    "total": 1,
    "api_version": 4,
    "error": null,
    "result": [
        {
            "id": 173143,
            "name": "Default project",
            "userId": null,
            "description": null,
          
[2017-07-07 16:14:18,918 DEBUG Engine.cloud] Request: GET https://a.blazemeter.com/api/v4/projects?workspaceId=132723&limit=99999 None
[2017-07-07 16:14:18,921 DEBUG urllib3.connectionpool] Starting new HTTPS connection (1): a.blazemeter.com
[2017-07-07 16:14:19,169 DEBUG urllib3.connectionpool] https://a.blazemeter.com:443 "GET /api/v4/projects?workspaceId=132723&limit=99999 HTTP/1.1" 200 396
[2017-07-07 16:14:19,173 DEBUG Engine.cloud] Response: {
    "limit": 99999,
    "skip": 0,
    "total": 1,
    "api_version": 4,
    "error": null,
    "result": [
        {
            "id": 178588,
            "name": "Default project",
            "userId": null,
            "description": null,
          
[2017-07-07 16:14:19,173 DEBUG Engine.cloud] Request: GET https://a.blazemeter.com/api/v4/projects?workspaceId=135886&limit=99999 None
[2017-07-07 16:14:19,175 DEBUG urllib3.connectionpool] Starting new HTTPS connection (1): a.blazemeter.com
[2017-07-07 16:14:19,418 DEBUG urllib3.connectionpool] https://a.blazemeter.com:443 "GET /api/v4/projects?workspaceId=135886&limit=99999 HTTP/1.1" 200 665
[2017-07-07 16:14:19,422 DEBUG Engine.cloud] Response: {
    "limit": 99999,
    "skip": 0,
    "total": 2,
    "api_version": 4,
    "error": null,
    "result": [
        {
            "id": 182182,
            "name": "Default project",
            "userId": null,
            "description": null,
          
[2017-07-07 16:14:19,422 DEBUG Engine.cloud] Request: GET https://a.blazemeter.com/api/v4/projects?workspaceId=133217&limit=99999 None
[2017-07-07 16:14:19,424 DEBUG urllib3.connectionpool] Starting new HTTPS connection (1): a.blazemeter.com
[2017-07-07 16:14:19,661 DEBUG urllib3.connectionpool] https://a.blazemeter.com:443 "GET /api/v4/projects?workspaceId=133217&limit=99999 HTTP/1.1" 200 396
[2017-07-07 16:14:19,664 DEBUG Engine.cloud] Response: {
    "limit": 99999,
    "skip": 0,
    "total": 1,
    "api_version": 4,
    "error": null,
    "result": [
        {
            "id": 179141,
            "name": "Default project",
            "userId": null,
            "description": null,
          
[2017-07-07 16:14:19,665 DEBUG Engine.cloud] Request: GET https://a.blazemeter.com/api/v4/workspaces/119008 None
[2017-07-07 16:14:19,667 DEBUG urllib3.connectionpool] Starting new HTTPS connection (1): a.blazemeter.com
[2017-07-07 16:14:19,983 DEBUG urllib3.connectionpool] https://a.blazemeter.com:443 "GET /api/v4/workspaces/119008 HTTP/1.1" 200 None
[2017-07-07 16:14:19,988 DEBUG Engine.cloud] Response: {
    "api_version": 4,
    "error": null,
    "result": {
        "id": 119008,
        "name": "Default workspace",
        "userId": 339612,
        "created": 1486702692,
        "updated": 1486702692,
        "enabled": true,
        "dedicatedIpsEnab
[2017-07-07 16:14:19,993 DEBUG Engine.cloud] Request: GET https://a.blazemeter.com/api/v4/workspaces/127980 None
[2017-07-07 16:14:19,995 DEBUG urllib3.connectionpool] Starting new HTTPS connection (1): a.blazemeter.com
[2017-07-07 16:14:20,299 DEBUG urllib3.connectionpool] https://a.blazemeter.com:443 "GET /api/v4/workspaces/127980 HTTP/1.1" 200 None
[2017-07-07 16:14:20,307 DEBUG Engine.cloud] Response: {
    "api_version": 4,
    "error": null,
    "result": {
        "id": 127980,
        "name": "Demo Workspace",
        "userId": 339612,
        "created": 1491255975,
        "updated": 1491255975,
        "enabled": true,
        "dedicatedIpsEnabled
[2017-07-07 16:14:20,311 DEBUG Engine.cloud] Request: GET https://a.blazemeter.com/api/v4/workspaces/127984 None
[2017-07-07 16:14:20,313 DEBUG urllib3.connectionpool] Starting new HTTPS connection (1): a.blazemeter.com
[2017-07-07 16:14:20,630 DEBUG urllib3.connectionpool] https://a.blazemeter.com:443 "GET /api/v4/workspaces/127984 HTTP/1.1" 200 None
[2017-07-07 16:14:20,639 DEBUG Engine.cloud] Response: {
    "api_version": 4,
    "error": null,
    "result": {
        "id": 127984,
        "name": "Demo Workspace 2",
        "userId": 339612,
        "created": 1491261975,
        "updated": 1491261975,
        "enabled": true,
        "dedicatedIpsEnabl
[2017-07-07 16:14:20,644 DEBUG Engine.cloud] Request: GET https://a.blazemeter.com/api/v4/workspaces/132723 None
[2017-07-07 16:14:20,646 DEBUG urllib3.connectionpool] Starting new HTTPS connection (1): a.blazemeter.com
[2017-07-07 16:14:20,952 DEBUG urllib3.connectionpool] https://a.blazemeter.com:443 "GET /api/v4/workspaces/132723 HTTP/1.1" 200 None
[2017-07-07 16:14:20,960 DEBUG Engine.cloud] Response: {
    "api_version": 4,
    "error": null,
    "result": {
        "id": 132723,
        "name": "QA Workspace",
        "userId": 339612,
        "created": 1493312851,
        "updated": 1493312851,
        "enabled": true,
        "dedicatedIpsEnabled":
[2017-07-07 16:14:20,964 DEBUG Engine.cloud] Request: GET https://a.blazemeter.com/api/v4/workspaces/135886 None
[2017-07-07 16:14:20,966 DEBUG urllib3.connectionpool] Starting new HTTPS connection (1): a.blazemeter.com
[2017-07-07 16:14:21,292 DEBUG urllib3.connectionpool] https://a.blazemeter.com:443 "GET /api/v4/workspaces/135886 HTTP/1.1" 200 None
[2017-07-07 16:14:21,300 DEBUG Engine.cloud] Response: {
    "api_version": 4,
    "error": null,
    "result": {
        "id": 135886,
        "name": "scratch",
        "userId": 339612,
        "created": 1494801554,
        "updated": 1494801554,
        "enabled": true,
        "dedicatedIpsEnabled": true
[2017-07-07 16:14:21,304 DEBUG Engine.cloud] Request: GET https://a.blazemeter.com/api/v4/workspaces/133217 None
[2017-07-07 16:14:21,307 DEBUG urllib3.connectionpool] Starting new HTTPS connection (1): a.blazemeter.com
[2017-07-07 16:14:21,616 DEBUG urllib3.connectionpool] https://a.blazemeter.com:443 "GET /api/v4/workspaces/133217 HTTP/1.1" 200 None
[2017-07-07 16:14:21,624 DEBUG Engine.cloud] Response: {
    "api_version": 4,
    "error": null,
    "result": {
        "id": 133217,
        "name": "DEMOs",
        "userId": 307773,
        "created": 1493664013,
        "updated": 1499430956,
        "enabled": true,
        "dedicatedIpsEnabled": true,

[2017-07-07 16:14:21,630 DEBUG Engine.cloud] All resource files are: ['grinder_sample_ramp.py']
[2017-07-07 16:14:21,630 DEBUG Engine.cloud] Replace file names in config: ['grinder_sample_ramp.py'] with ['grinder_sample_ramp.py']
[2017-07-07 16:14:21,632 DEBUG Engine] New artifact filename: /Users/daper01/Documents/OSLo/Grinder/2017-07-07_16-14-13.488006/cloud
[2017-07-07 16:14:21,632 DEBUG root] Dumping YAML config into /Users/daper01/Documents/OSLo/Grinder/2017-07-07_16-14-13.488006/cloud.yml
[2017-07-07 16:14:21,638 DEBUG root] Dumping JSON config into /Users/daper01/Documents/OSLo/Grinder/2017-07-07_16-14-13.488006/cloud.json
[2017-07-07 16:14:21,638 DEBUG Engine.cloud] Request: GET https://a.blazemeter.com/api/v4/web/elfinder/5551396?cmd=open&target=s1_Lw None
[2017-07-07 16:14:21,641 DEBUG urllib3.connectionpool] Starting new HTTPS connection (1): a.blazemeter.com
[2017-07-07 16:14:22,067 DEBUG urllib3.connectionpool] https://a.blazemeter.com:443 "GET /api/v4/web/elfinder/5551396?cmd=open&target=s1_Lw HTTP/1.1" 200 1470
[2017-07-07 16:14:22,070 DEBUG Engine.cloud] Response: {"cwd":{"name":"data","size":0,"mime":"directory","read":1,"write":1,"parent_id":"users","hash":"s1_Lw","rootRev":"","options":{"path":"","url":"","tmbUrl":"","disabled":["mkdir","archive","extract","chmod"],"separator":"\/","copyOverwrite":1,"uploadOverwr
[2017-07-07 16:14:22,071 DEBUG Engine.cloud] Test files: [u'param.csv', u'taurus.yml']
[2017-07-07 16:14:22,071 DEBUG Engine.cloud] Request: GET https://a.blazemeter.com/api/v4/web/elfinder/5551396?cmd=rm&targets[]=s1_cGFyYW0uY3N2&targets[]=s1_dGF1cnVzLnltbA None
[2017-07-07 16:14:22,073 DEBUG urllib3.connectionpool] Starting new HTTPS connection (1): a.blazemeter.com
[2017-07-07 16:14:22,752 DEBUG urllib3.connectionpool] https://a.blazemeter.com:443 "GET /api/v4/web/elfinder/5551396?cmd=rm&targets[]=s1_cGFyYW0uY3N2&targets[]=s1_dGF1cnVzLnltbA HTTP/1.1" 200 721
[2017-07-07 16:14:22,757 DEBUG Engine.cloud] Response: {"removed":["s1_cGFyYW0uY3N2","s1_dGF1cnVzLnltbA"],"changed":[{"name":"data","size":0,"mime":"directory","read":1,"write":1,"parent_id":"users","hash":"s1_Lw","rootRev":"","options":{"path":"","url":"","tmbUrl":"","disabled":["mkdir","archive","extract","c
[2017-07-07 16:14:22,758 DEBUG Engine.cloud] Successfully deleted 2 test files
[2017-07-07 16:14:22,764 DEBUG Engine.cloud] Uploading files into the test: ['/Users/daper01/Documents/OSLo/Grinder/grinder_sample_ramp.py']
[2017-07-07 16:14:22,775 DEBUG Engine.cloud] Request: POST https://a.blazemeter.com/api/v4/tests/5551396/files --===============5406930198326505659==
Content-Disposition: file; name="script"; filename="taurus.yml"
Content-Type: application/octet-stream

---
execution:
- concurrency: 500
  executor: grinder
  hold-for: 5m
  locations:
    us-west-1: 1
  location
[2017-07-07 16:14:22,778 DEBUG urllib3.connectionpool] Starting new HTTPS connection (1): a.blazemeter.com
[2017-07-07 16:14:23,230 DEBUG urllib3.connectionpool] https://a.blazemeter.com:443 "POST /api/v4/tests/5551396/files HTTP/1.1" 201 649
[2017-07-07 16:14:23,233 DEBUG Engine.cloud] Response: {
    "api_version": 4,
    "error": null,
    "result": {
        "id": 5551396,
        "name": "Taurus Cloud Test",
        "userId": 339612,
        "created": 1488354376,
        "updated": 1499458463,
        "configuration": {
            "type": "t
[2017-07-07 16:14:23,235 DEBUG Engine.cloud] Request: PATCH https://a.blazemeter.com/api/v4/tests/5551396 {
 "configuration": {
  "executionType": null
 }
}
[2017-07-07 16:14:23,237 DEBUG urllib3.connectionpool] Starting new HTTPS connection (1): a.blazemeter.com
[2017-07-07 16:14:23,650 DEBUG urllib3.connectionpool] https://a.blazemeter.com:443 "PATCH /api/v4/tests/5551396 HTTP/1.1" 200 1381
[2017-07-07 16:14:23,655 DEBUG Engine.cloud] Response: {
    "api_version": 4,
    "error": null,
    "result": {
        "id": 5551396,
        "name": "Taurus Cloud Test",
        "userId": 339612,
        "created": 1488354376,
        "updated": 1499458463,
        "projectId": 162568,
        "lastUpdated
[2017-07-07 16:14:23,655 DEBUG Engine] Module config: final-stats defaultdict(None, {'class': 'bzt.modules.reporting.FinalStatus'})
[2017-07-07 16:14:23,655 DEBUG root] Importing module: bzt.modules.reporting
[2017-07-07 16:14:23,658 DEBUG root] Loading class: 'FinalStatus' from <module 'bzt.modules.reporting' from '/usr/local/lib/python2.7/site-packages/bzt/modules/reporting.pyc'>
[2017-07-07 16:14:23,659 DEBUG Engine] Module config: console defaultdict(None, {'class': 'bzt.modules.console.ConsoleStatusReporter'})
[2017-07-07 16:14:23,659 DEBUG root] Importing module: bzt.modules.console
[2017-07-07 16:14:23,659 DEBUG root] Loading class: 'ConsoleStatusReporter' from <module 'bzt.modules.console' from '/usr/local/lib/python2.7/site-packages/bzt/modules/console.pyc'>
[2017-07-07 16:14:23,668 DEBUG Engine.Configuration] Dumping YAML config into /Users/daper01/Documents/OSLo/Grinder/2017-07-07_16-14-13.488006/effective.yml
[2017-07-07 16:14:23,695 DEBUG Engine.Configuration] Dumping JSON config into /Users/daper01/Documents/OSLo/Grinder/2017-07-07_16-14-13.488006/effective.json
[2017-07-07 16:14:23,696 INFO Engine] Starting...
[2017-07-07 16:14:23,696 DEBUG Engine] Startup <bzt.modules.aggregator.ConsolidatingAggregator object at 0x10d736850>
[2017-07-07 16:14:23,696 DEBUG Engine] Startup <bzt.modules.reporting.FinalStatus object at 0x10cc78690>
[2017-07-07 16:14:23,697 DEBUG Engine] Startup <bzt.modules.console.ConsoleStatusReporter object at 0x10f0a2410>
[2017-07-07 16:14:23,697 INFO Engine.console] Waiting for results...
[2017-07-07 16:14:23,697 DEBUG Engine] Startup <bzt.modules.blazemeter.CloudProvisioning object at 0x10e16f050>
[2017-07-07 16:14:23,697 INFO Engine.cloud.ProjectFinder.CloudTaurusTest] Initiating cloud test with https://a.blazemeter.com ...
[2017-07-07 16:14:23,697 DEBUG Engine.cloud] Request: POST https://a.blazemeter.com/api/v4/tests/5551396/start None
[2017-07-07 16:14:23,700 DEBUG urllib3.connectionpool] Starting new HTTPS connection (1): a.blazemeter.com
[2017-07-07 16:14:24,214 DEBUG urllib3.connectionpool] https://a.blazemeter.com:443 "POST /api/v4/tests/5551396/start HTTP/1.1" 202 411
[2017-07-07 16:14:24,218 DEBUG Engine.cloud] Response: {
    "api_version": 4,
    "error": null,
    "result": {
        "id": 16404181,
        "name": "Taurus Cloud Test",
        "userId": 339612,
        "runnerUserId": 339612,
        "created": 1499458463,
        "updated": 1499458464,
        "testId"
[2017-07-07 16:14:24,219 INFO Engine.cloud] Started cloud test: https://a.blazemeter.com/app/#/masters/16404181
[2017-07-07 16:14:24,506 DEBUG Engine.Configuration] Dumping YAML config into /Users/daper01/Documents/OSLo/Grinder/2017-07-07_16-14-13.488006/effective.yml
[2017-07-07 16:14:24,585 DEBUG Engine.Configuration] Dumping JSON config into /Users/daper01/Documents/OSLo/Grinder/2017-07-07_16-14-13.488006/effective.json
[2017-07-07 16:14:24,596 DEBUG root] Leveling down log file verbosity, use -v option to have DEBUG messages enabled
[2017-07-07 16:14:24,888 INFO Engine.cloud] Cloud test status: INIT
[2017-07-07 16:14:25,216 INFO Engine.console] Waiting for finish...
[2017-07-07 16:14:29,885 INFO Engine.cloud] Cloud test status: BOOT_STARTING
[2017-07-07 16:14:54,943 INFO Engine.cloud] Cloud test status: INIT_SCRIPT
[2017-07-07 16:15:00,005 INFO Engine.cloud] Cloud test status: TAURUS_ENGINE_INIT
[2017-07-07 16:15:50,163 INFO Engine.cloud] Cloud test status: DATA_RECIEVED
[2017-07-07 16:31:38,347 INFO Engine.cloud] Cloud test status: ENDED
[2017-07-07 16:31:38,358 INFO Engine.cloud] Test was stopped in the cloud: ENDED
[2017-07-07 16:31:39,214 WARNING Engine] Please wait for graceful shutdown...
[2017-07-07 16:31:39,223 DEBUG root] Leveled up log file verbosity
[2017-07-07 16:31:39,223 INFO Engine] Shutting down...
[2017-07-07 16:31:39,230 DEBUG Engine.console] Restoring logging streams, [<logging.StreamHandler object at 0x10e138110>]/{<logging.StreamHandler object at 0x10e138110>: <open file '<stdout>', mode 'w' at 0x10cba7150>}
[2017-07-07 16:31:39,232 DEBUG Engine.Configuration] Dumping YAML config into /Users/daper01/Documents/OSLo/Grinder/2017-07-07_16-14-13.488006/effective.yml
[2017-07-07 16:31:39,253 DEBUG Engine.Configuration] Dumping JSON config into /Users/daper01/Documents/OSLo/Grinder/2017-07-07_16-14-13.488006/effective.json
[2017-07-07 16:31:39,253 INFO Engine] Post-processing...
[2017-07-07 16:31:39,253 DEBUG Engine.cloud] Request: GET https://a.blazemeter.com/api/v4/masters/16404181/full None
[2017-07-07 16:31:39,256 DEBUG urllib3.connectionpool] Starting new HTTPS connection (1): a.blazemeter.com
[2017-07-07 16:31:39,540 DEBUG urllib3.connectionpool] https://a.blazemeter.com:443 "GET /api/v4/masters/16404181/full HTTP/1.1" 200 3595
[2017-07-07 16:31:39,544 DEBUG Engine.cloud] Response: {
    "api_version": 4,
    "error": null,
    "result": {
        "id": 16404181,
        "name": "Taurus Cloud Test",
        "userId": 339612,
        "ended": 1499459495,
        "runnerUserId": 339612,
        "maxUsers": 500,
        "created": 14994
[2017-07-07 16:31:39,545 DEBUG Engine.cloud] Request: GET https://a.blazemeter.com/api/v4/data/labels?master_id=16404181 None
[2017-07-07 16:31:39,547 DEBUG urllib3.connectionpool] Starting new HTTPS connection (1): a.blazemeter.com
[2017-07-07 16:31:39,791 DEBUG urllib3.connectionpool] https://a.blazemeter.com:443 "GET /api/v4/data/labels?master_id=16404181 HTTP/1.1" 200 583
[2017-07-07 16:31:39,795 DEBUG Engine.cloud] Response: {
    "api_version": 4,
    "error": null,
    "result": [
        {
            "id": "ALL",
            "name": "ALL",
            "sessions": [
                "r-t-595feba17e912"
            ]
        },
        {
            "id": "025795960d6fc62f591
[2017-07-07 16:31:39,795 DEBUG Engine.cloud] Request: GET https://a.blazemeter.com/api/v4/data/kpis?interval=1&from=1499459422&master_ids%5B%5D=16404181&kpis%5B%5D=t&kpis%5B%5D=lt&kpis%5B%5D=by&kpis%5B%5D=n&kpis%5B%5D=ec&kpis%5B%5D=ts&kpis%5B%5D=na&labels%5B%5D=ALL&labels%5B%5D=025795960d6fc62f591b5b46ed3cb6f0&labels%5B%5D=dd21de819c31a5b6cd4e5a99c91f986f None
[2017-07-07 16:31:39,797 DEBUG urllib3.connectionpool] Starting new HTTPS connection (1): a.blazemeter.com
[2017-07-07 16:31:40,093 DEBUG urllib3.connectionpool] https://a.blazemeter.com:443 "GET /api/v4/data/kpis?interval=1&from=1499459422&master_ids%5B%5D=16404181&kpis%5B%5D=t&kpis%5B%5D=lt&kpis%5B%5D=by&kpis%5B%5D=n&kpis%5B%5D=ec&kpis%5B%5D=ts&kpis%5B%5D=na&labels%5B%5D=ALL&labels%5B%5D=025795960d6fc62f591b5b46ed3cb6f0&labels%5B%5D=dd21de819c31a5b6cd4e5a99c91f986f HTTP/1.1" 200 1122
[2017-07-07 16:31:40,097 DEBUG Engine.cloud] Response: {
    "api_version": 4,
    "error": null,
    "result": [
        {
            "labelId": "ALL",
            "labelName": "ALL",
            "label": "ALL",
            "kpis": [
                {
                    "n": 2,
                    "na": 386
[2017-07-07 16:31:40,097 DEBUG Engine.cloud] Request: GET https://a.blazemeter.com/api/v4/masters/16404181/reports/aggregatereport/data None
[2017-07-07 16:31:40,102 DEBUG urllib3.connectionpool] Starting new HTTPS connection (1): a.blazemeter.com
[2017-07-07 16:31:40,353 DEBUG urllib3.connectionpool] https://a.blazemeter.com:443 "GET /api/v4/masters/16404181/reports/aggregatereport/data HTTP/1.1" 200 2071
[2017-07-07 16:31:40,357 DEBUG Engine.cloud] Response: {
    "api_version": 4,
    "error": null,
    "result": [
        {
            "labelId": "ALL",
            "labelName": "ALL",
            "samples": 357084,
            "avgResponseTime": 825,
            "90line": 1029,
            "95line": 1096,
  
[2017-07-07 16:31:40,358 DEBUG Engine.consolidator] Consolidator buffer[3]: [1499459420, 1499459421, 1499459422]
[2017-07-07 16:31:40,358 DEBUG Engine.consolidator] Merging into 1499459420
[2017-07-07 16:31:40,358 DEBUG Engine.consolidator] Merging 1499459420
[2017-07-07 16:31:40,361 DEBUG Engine.consolidator] Processed datapoint: 1499459420/None
[2017-07-07 16:31:40,361 DEBUG Engine.consolidator] Merging into 1499459421
[2017-07-07 16:31:40,361 DEBUG Engine.consolidator] Merging 1499459421
[2017-07-07 16:31:40,364 DEBUG Engine.consolidator] Processed datapoint: 1499459421/None
[2017-07-07 16:31:40,364 DEBUG Engine.consolidator] Merging into 1499459422
[2017-07-07 16:31:40,364 DEBUG Engine.consolidator] Merging 1499459422
[2017-07-07 16:31:40,368 DEBUG Engine.consolidator] Processed datapoint: 1499459422/None
[2017-07-07 16:31:40,368 INFO Engine.final-stats] Test duration: 0:17:17
[2017-07-07 16:31:40,369 INFO Engine.final-stats] Samples count: 357084, 0.00% failures
[2017-07-07 16:31:40,369 INFO Engine.final-stats] Average times: total 0.826, latency 0.789, connect 0.000
[2017-07-07 16:31:40,369 INFO Engine.final-stats] Percentile 90.0%: 0.318
[2017-07-07 16:31:40,369 INFO Engine.final-stats] Percentile 95.0%: 0.328
[2017-07-07 16:31:40,369 INFO Engine.final-stats] Percentile 99.0%: 0.345
[2017-07-07 16:31:40,369 DEBUG Engine.console] No logger_handler or orig_stream was detected
[2017-07-07 16:31:40,371 DEBUG Engine.Configuration] Dumping YAML config into /Users/daper01/Documents/OSLo/Grinder/2017-07-07_16-14-13.488006/effective.yml
[2017-07-07 16:31:40,396 DEBUG Engine.Configuration] Dumping JSON config into /Users/daper01/Documents/OSLo/Grinder/2017-07-07_16-14-13.488006/effective.json
[2017-07-07 16:31:40,397 INFO root] Artifacts dir: /Users/daper01/Documents/OSLo/Grinder/2017-07-07_16-14-13.488006
[2017-07-07 16:31:40,397 INFO root] Done performing with code: 0
[2017-07-07 16:31:40,397 DEBUG root] Closing log handler: /Users/daper01/Documents/OSLo/Grinder/2017-07-07_16-14-13.488006/bzt.log
