[2017-12-08 10:39:55,039 INFO root] Taurus CLI Tool v1.9.6
[2017-12-08 10:39:55,040 DEBUG root] Command-line options: {'verbose': None, 'no_system_configs': None, 'quiet': None, 'log': '/var/folders/vq/xzrdy2lx047cst78f69v8z3xfzqz1q/T/bzt_yTEG6v.log', 'option': None, 'aliases': []}
[2017-12-08 10:39:55,040 DEBUG root] Python: CPython 2.7.13
[2017-12-08 10:39:55,040 DEBUG root] OS: ('Darwin', 'daper01mac1124', '17.2.0', 'Darwin Kernel Version 17.2.0: Fri Sep 29 18:27:05 PDT 2017; root:xnu-4570.20.62~3/RELEASE_X86_64', 'x86_64', 'i386')
[2017-12-08 10:39:55,040 INFO root] Starting with configs: ['load_scenario_from_csv.yml', 'execution_jmeter.yml']
[2017-12-08 10:39:55,040 DEBUG root] Using personal config: /Users/daper01/.bzt-rc
[2017-12-08 10:39:55,041 INFO Engine] Configuring...
[2017-12-08 10:39:55,041 DEBUG Engine] Reading extension configs from: /usr/local/etc/bzt.d
[2017-12-08 10:39:55,041 DEBUG Engine.Configuration] Configs: ['/usr/local/lib/python2.7/site-packages/bzt/resources/base-config.yml', '/usr/local/etc/bzt.d/99-installID.yml']
[2017-12-08 10:39:55,041 DEBUG Engine.Configuration] Reading /usr/local/lib/python2.7/site-packages/bzt/resources/base-config.yml as YAML
[2017-12-08 10:39:55,069 DEBUG Engine.Configuration] Reading /usr/local/etc/bzt.d/99-installID.yml as YAML
[2017-12-08 10:39:55,070 DEBUG Engine.Configuration] Configs: ['/Users/daper01/.bzt-rc', 'load_scenario_from_csv.yml', 'execution_jmeter.yml']
[2017-12-08 10:39:55,070 DEBUG Engine.Configuration] Reading /Users/daper01/.bzt-rc as YAML
[2017-12-08 10:39:55,071 DEBUG Engine.Configuration] Reading load_scenario_from_csv.yml as YAML
[2017-12-08 10:39:55,078 DEBUG Engine.Configuration] Reading execution_jmeter.yml as YAML
[2017-12-08 10:39:55,084 DEBUG Engine.Configuration] Configs: ['/Users/daper01/.bzt-rc', 'load_scenario_from_csv.yml', 'execution_jmeter.yml']
[2017-12-08 10:39:55,085 DEBUG Engine.Configuration] Reading /Users/daper01/.bzt-rc as YAML
[2017-12-08 10:39:55,086 DEBUG Engine.Configuration] Reading load_scenario_from_csv.yml as YAML
[2017-12-08 10:39:55,093 DEBUG Engine.Configuration] Reading execution_jmeter.yml as YAML
[2017-12-08 10:39:55,109 DEBUG Engine] Requesting updates info: http://gettaurus.org/updates/?version=1.9.6&installID=784f43782a15
[2017-12-08 10:39:55,112 INFO Engine] Artifacts dir: /Users/daper01/Documents/OSLo/artifacts/2017-12-08_10-39-55.109252
[2017-12-08 10:39:55,113 DEBUG Engine] New artifact filename: /Users/daper01/Documents/OSLo/artifacts/2017-12-08_10-39-55.109252/effective
[2017-12-08 10:39:55,116 DEBUG Engine.Configuration] Dumping YAML config into /Users/daper01/Documents/OSLo/artifacts/2017-12-08_10-39-55.109252/effective.yml
[2017-12-08 10:39:55,164 DEBUG Engine.Configuration] Dumping JSON config into /Users/daper01/Documents/OSLo/artifacts/2017-12-08_10-39-55.109252/effective.json
[2017-12-08 10:39:55,167 DEBUG Engine] New artifact filename: /Users/daper01/Documents/OSLo/artifacts/2017-12-08_10-39-55.109252/merged.yml
[2017-12-08 10:39:55,169 DEBUG Engine.Configuration] Dumping YAML config into /Users/daper01/Documents/OSLo/artifacts/2017-12-08_10-39-55.109252/merged.yml
[2017-12-08 10:39:55,180 DEBUG Engine] New artifact filename: /Users/daper01/Documents/OSLo/artifacts/2017-12-08_10-39-55.109252/merged.json
[2017-12-08 10:39:55,181 DEBUG Engine.Configuration] Dumping JSON config into /Users/daper01/Documents/OSLo/artifacts/2017-12-08_10-39-55.109252/merged.json
[2017-12-08 10:39:55,182 DEBUG Engine] Add existing artifact (move=False): load_scenario_from_csv.yml
[2017-12-08 10:39:55,182 DEBUG Engine] Copying load_scenario_from_csv.yml to /Users/daper01/Documents/OSLo/artifacts/2017-12-08_10-39-55.109252/load_scenario_from_csv.yml
[2017-12-08 10:39:55,185 DEBUG Engine] Add existing artifact (move=False): execution_jmeter.yml
[2017-12-08 10:39:55,186 DEBUG Engine] Copying execution_jmeter.yml to /Users/daper01/Documents/OSLo/artifacts/2017-12-08_10-39-55.109252/execution_jmeter.yml
[2017-12-08 10:39:55,189 DEBUG root] Closing log handler: /var/folders/vq/xzrdy2lx047cst78f69v8z3xfzqz1q/T/bzt_yTEG6v.log
[2017-12-08 10:39:55,219 DEBUG root] Switched writing logs to /Users/daper01/Documents/OSLo/artifacts/2017-12-08_10-39-55.109252/bzt.log
[2017-12-08 10:39:55,220 INFO Engine] Preparing...
[2017-12-08 10:39:55,220 DEBUG Engine] Module config: consolidator defaultdict(None, {'class': 'bzt.modules.aggregator.ConsolidatingAggregator'})
[2017-12-08 10:39:55,220 DEBUG root] Importing module: bzt.modules.aggregator
[2017-12-08 10:39:55,225 DEBUG root] Loading class: 'ConsolidatingAggregator' from <module 'bzt.modules.aggregator' from '/usr/local/lib/python2.7/site-packages/bzt/modules/aggregator.pyc'>
[2017-12-08 10:39:55,226 DEBUG Engine.consolidator] Exception in dehumanize_time(inf)
[2017-12-08 10:39:55,226 DEBUG Engine.consolidator] Buffer scaling setup: percentile 95.0 from [0.0, 50.0, 90.0, 95.0, 99.0, 99.9, 100.0] selected
[2017-12-08 10:39:55,226 DEBUG Engine] Module config: monitoring defaultdict(None, {'class': 'bzt.modules.monitoring.Monitoring'})
[2017-12-08 10:39:55,226 DEBUG root] Importing module: bzt.modules.monitoring
[2017-12-08 10:39:55,250 DEBUG root] Loading class: 'Monitoring' from <module 'bzt.modules.monitoring' from '/usr/local/lib/python2.7/site-packages/bzt/modules/monitoring.pyc'>
[2017-12-08 10:39:55,250 DEBUG Engine] Module config: local defaultdict(None, {'class': 'bzt.modules.provisioning.Local'})
[2017-12-08 10:39:55,250 DEBUG root] Importing module: bzt.modules.provisioning
[2017-12-08 10:39:55,250 DEBUG root] Loading class: 'Local' from <module 'bzt.modules.provisioning' from '/usr/local/lib/python2.7/site-packages/bzt/modules/provisioning.pyc'>
[2017-12-08 10:39:55,250 DEBUG Engine] Module config: jmeter defaultdict(None, {'properties': defaultdict(None, {'jmeter.save.saveservice.autoflush': 'true', 'summariser.name': '', 'jmeter.save.saveservice.connect_time': 'true', 'mode': 'Stripped', 'jmeterengine.force.system.exit': 'true'}), 'class': 'bzt.modules.jmeter.JMeterExecutor', 'plugins': ['jpgc-casutg', 'jpgc-dummy', 'jpgc-ffw', 'jpgc-fifo', 'jpgc-functions', 'jpgc-json', 'jpgc-perfmon', 'jpgc-prmctl', 'jpgc-tst']})
[2017-12-08 10:39:55,251 DEBUG root] Importing module: bzt.modules.jmeter
[2017-12-08 10:39:55,265 DEBUG root] Loading class: 'JMeterExecutor' from <module 'bzt.modules.jmeter' from '/usr/local/lib/python2.7/site-packages/bzt/modules/jmeter.pyc'>
[2017-12-08 10:39:55,266 DEBUG Engine.local] Preparing executor: jmeter/4484718160
[2017-12-08 10:39:55,267 WARNING Engine] Could not find location at path: blazedemo
[2017-12-08 10:39:55,267 ERROR root] Config Error: Scenario 'blazedemo' not found in scenarios: ['blazedemo1']
[2017-12-08 10:39:55,278 DEBUG root] TaurusConfigError: Scenario 'blazedemo' not found in scenarios: ['blazedemo1']
Traceback (most recent call last):
  File "/usr/local/lib/python2.7/site-packages/bzt/cli.py", line 220, in perform
    self.engine.prepare()
  File "/usr/local/lib/python2.7/site-packages/bzt/engine.py", line 158, in prepare
    self.__prepare_provisioning()
  File "/usr/local/lib/python2.7/site-packages/bzt/engine.py", line 490, in __prepare_provisioning
    self.provisioning.prepare()
  File "/usr/local/lib/python2.7/site-packages/bzt/modules/provisioning.py", line 70, in prepare
    executor.prepare()
  File "/usr/local/lib/python2.7/site-packages/bzt/modules/jmeter.py", line 264, in prepare
    scenario = self.get_scenario()
  File "/usr/local/lib/python2.7/site-packages/bzt/modules/jmeter.py", line 198, in get_scenario
    scenario_obj = super(JMeterExecutor, self).get_scenario(name=name, cache_scenario=False)
  File "/usr/local/lib/python2.7/site-packages/bzt/engine.py", line 943, in get_scenario
    scenario = scenarios.get(label, exc)
  File "/usr/local/lib/python2.7/site-packages/bzt/utils.py", line 176, in get
    raise default
TaurusConfigError: Scenario 'blazedemo' not found in scenarios: ['blazedemo1']
[2017-12-08 10:39:55,278 INFO Engine] Post-processing...
[2017-12-08 10:39:55,279 DEBUG Engine.consolidator] Consolidator buffer[0]: []
[2017-12-08 10:39:55,281 DEBUG Engine.Configuration] Dumping YAML config into /Users/daper01/Documents/OSLo/artifacts/2017-12-08_10-39-55.109252/effective.yml
[2017-12-08 10:39:55,338 DEBUG Engine.Configuration] Dumping JSON config into /Users/daper01/Documents/OSLo/artifacts/2017-12-08_10-39-55.109252/effective.json
[2017-12-08 10:39:55,340 INFO root] Artifacts dir: /Users/daper01/Documents/OSLo/artifacts/2017-12-08_10-39-55.109252
[2017-12-08 10:39:55,340 WARNING root] Done performing with code: 1
[2017-12-08 10:39:55,341 DEBUG root] Closing log handler: /Users/daper01/Documents/OSLo/artifacts/2017-12-08_10-39-55.109252/bzt.log
