2017-11-20 12:13:06,878 INFO o.a.j.u.JMeterUtils: Setting Locale to en_US
2017-11-20 12:13:06,944 INFO o.a.j.JMeter: Loading user properties from: /Users/daper01/.bzt/jmeter-taurus/3.3/bin/user.properties
2017-11-20 12:13:06,944 INFO o.a.j.JMeter: Loading system properties from: /Users/daper01/.bzt/jmeter-taurus/3.3/bin/system.properties
2017-11-20 12:13:06,946 INFO o.a.j.JMeter: Setting System properties from file: /Users/daper01/Documents/OSLo/artifacts/2017-11-20_12-12-54.067955/system.properties
2017-11-20 12:13:06,958 INFO o.a.j.JMeter: Copyright (c) 1998-2017 The Apache Software Foundation
2017-11-20 12:13:06,958 INFO o.a.j.JMeter: Version 3.3 r1808647
2017-11-20 12:13:06,958 INFO o.a.j.JMeter: java.version=1.8.0_121
2017-11-20 12:13:06,958 INFO o.a.j.JMeter: java.vm.name=Java HotSpot(TM) 64-Bit Server VM
2017-11-20 12:13:06,958 INFO o.a.j.JMeter: os.name=Mac OS X
2017-11-20 12:13:06,959 INFO o.a.j.JMeter: os.arch=x86_64
2017-11-20 12:13:06,959 INFO o.a.j.JMeter: os.version=10.13.1
2017-11-20 12:13:06,959 INFO o.a.j.JMeter: file.encoding=UTF-8
2017-11-20 12:13:06,959 INFO o.a.j.JMeter: Max memory     =3817865216
2017-11-20 12:13:06,959 INFO o.a.j.JMeter: Available Processors =4
2017-11-20 12:13:06,965 INFO o.a.j.JMeter: Default Locale=English (United States)
2017-11-20 12:13:06,965 INFO o.a.j.JMeter: JMeter  Locale=English (United States)
2017-11-20 12:13:06,965 INFO o.a.j.JMeter: JMeterHome=/Users/daper01/.bzt/jmeter-taurus/3.3
2017-11-20 12:13:06,965 INFO o.a.j.JMeter: user.dir  =/Users/daper01/Documents/OSLo
2017-11-20 12:13:06,966 INFO o.a.j.JMeter: PWD       =/Users/daper01/Documents/OSLo
2017-11-20 12:13:06,968 INFO o.a.j.JMeter: IP: 10.137.176.245 Name: daper01mac1124 FullName: daper01mac1124.ca.com
2017-11-20 12:13:06,968 INFO o.a.j.JMeter: user.classpath=/Users/daper01/Documents/OSLo/artifacts/2017-11-20_12-12-54.067955
2017-11-20 12:13:06,968 INFO o.a.j.JMeter: Adding to classpath and loader: /Users/daper01/Documents/OSLo/artifacts/2017-11-20_12-12-54.067955
2017-11-20 12:13:06,977 INFO o.a.j.s.FileServer: Default base='/Users/daper01/Documents/OSLo'
2017-11-20 12:13:06,977 INFO o.a.j.s.FileServer: Set new base='/Users/daper01/Documents/OSLo/artifacts/2017-11-20_12-12-54.067955'
2017-11-20 12:13:07,313 INFO o.a.j.s.SaveService: Testplan (JMX) version: 2.2. Testlog (JTL) version: 2.2
2017-11-20 12:13:07,354 INFO o.a.j.s.SaveService: Using SaveService properties file encoding UTF-8
2017-11-20 12:13:07,365 INFO o.a.j.s.SaveService: Using SaveService properties version 3.2
2017-11-20 12:13:07,374 INFO o.a.j.s.SaveService: Loading file: /Users/daper01/Documents/OSLo/artifacts/2017-11-20_12-12-54.067955/modified_requests.jmx
2017-11-20 12:13:07,502 INFO o.a.j.p.h.c.CacheManager: Will only cache the following methods: [GET]
2017-11-20 12:13:07,505 INFO o.a.j.p.h.c.CookieManager: Settings: Delete null: true Check: true Allow variable: true Save: false Prefix: COOKIE_
2017-11-20 12:13:07,534 INFO o.a.j.p.h.s.HTTPSamplerBase: Parser for text/html is org.apache.jmeter.protocol.http.parser.LagartoBasedHtmlParser
2017-11-20 12:13:07,534 INFO o.a.j.p.h.s.HTTPSamplerBase: Parser for application/xhtml+xml is org.apache.jmeter.protocol.http.parser.LagartoBasedHtmlParser
2017-11-20 12:13:07,534 INFO o.a.j.p.h.s.HTTPSamplerBase: Parser for application/xml is org.apache.jmeter.protocol.http.parser.LagartoBasedHtmlParser
2017-11-20 12:13:07,534 INFO o.a.j.p.h.s.HTTPSamplerBase: Parser for text/xml is org.apache.jmeter.protocol.http.parser.LagartoBasedHtmlParser
2017-11-20 12:13:07,535 INFO o.a.j.p.h.s.HTTPSamplerBase: Parser for text/vnd.wap.wml is org.apache.jmeter.protocol.http.parser.RegexpHTMLParser
2017-11-20 12:13:07,535 INFO o.a.j.p.h.s.HTTPSamplerBase: Parser for text/css is org.apache.jmeter.protocol.http.parser.CssParser
2017-11-20 12:13:07,586 INFO o.a.j.e.StandardJMeterEngine: Running the test!
2017-11-20 12:13:07,587 INFO o.a.j.s.SampleEvent: List of sample_variables: []
2017-11-20 12:13:07,587 INFO o.a.j.s.SampleEvent: List of sample_variables: []
2017-11-20 12:13:07,591 INFO o.a.j.e.u.CompoundVariable: Note: Function class names must contain the string: '.functions.'
2017-11-20 12:13:07,591 INFO o.a.j.e.u.CompoundVariable: Note: Function class names must not contain the string: '.gui.'
2017-11-20 12:13:08,497 INFO o.a.j.JMeter: Running test (1511208788497)
2017-11-20 12:13:08,562 INFO o.a.j.e.StandardJMeterEngine: Starting ThreadGroup: 1 : blazedemo
2017-11-20 12:13:08,562 INFO o.a.j.e.StandardJMeterEngine: Starting 50 threads for group blazedemo.
2017-11-20 12:13:08,562 INFO o.a.j.e.StandardJMeterEngine: Thread will continue on error
2017-11-20 12:13:08,574 INFO o.a.j.e.StandardJMeterEngine: All thread groups have been started
2017-11-20 12:13:08,574 INFO c.b.j.t.c.ConcurrencyThreadStarter: Start supplying threads
2017-11-20 12:13:08,900 INFO o.a.j.s.SampleResult: Note: Sample TimeStamps are START times
2017-11-20 12:13:08,900 INFO o.a.j.s.SampleResult: sampleresult.default.encoding is set to UTF-8
2017-11-20 12:13:08,901 INFO o.a.j.s.SampleResult: sampleresult.useNanoTime=true
2017-11-20 12:13:08,901 INFO o.a.j.s.SampleResult: sampleresult.nanoThreadSleep=5000
2017-11-20 12:13:09,217 INFO o.a.j.t.JMeterThread: Thread started: blazedemo 1-1
2017-11-20 12:13:09,219 INFO o.a.j.s.FileServer: Stored: /Users/daper01/Documents/OSLo/param.csv
2017-11-20 12:13:09,259 INFO o.a.j.p.h.s.HTTPHCAbstractImpl: Local host = daper01mac1124
2017-11-20 12:13:09,265 INFO o.a.j.p.h.s.HTTPHC4Impl: HTTP request retry count = 0
2017-11-20 12:13:09,906 INFO o.a.j.t.JMeterThread: Thread started: blazedemo 1-2
2017-11-20 12:13:10,917 INFO o.a.j.t.JMeterThread: Thread started: blazedemo 1-3
2017-11-20 12:13:10,918 INFO o.a.j.t.JMeterThread: Thread started: blazedemo 1-4
2017-11-20 12:13:11,926 INFO o.a.j.t.JMeterThread: Thread started: blazedemo 1-5
2017-11-20 12:13:11,932 INFO o.a.j.t.JMeterThread: Thread started: blazedemo 1-6
2017-11-20 12:13:12,928 INFO o.a.j.t.JMeterThread: Thread started: blazedemo 1-7
2017-11-20 12:13:13,933 INFO o.a.j.t.JMeterThread: Thread started: blazedemo 1-8
2017-11-20 12:13:13,938 INFO o.a.j.t.JMeterThread: Thread started: blazedemo 1-9
2017-11-20 12:13:14,942 INFO o.a.j.t.JMeterThread: Thread started: blazedemo 1-10
2017-11-20 12:13:14,943 INFO o.a.j.t.JMeterThread: Thread started: blazedemo 1-11
2017-11-20 12:13:15,945 INFO o.a.j.t.JMeterThread: Thread started: blazedemo 1-12
2017-11-20 12:13:16,946 INFO o.a.j.t.JMeterThread: Thread started: blazedemo 1-13
2017-11-20 12:13:16,946 INFO o.a.j.t.JMeterThread: Thread started: blazedemo 1-14
2017-11-20 12:13:17,953 INFO o.a.j.t.JMeterThread: Thread started: blazedemo 1-15
2017-11-20 12:13:17,957 INFO o.a.j.t.JMeterThread: Thread started: blazedemo 1-16
2017-11-20 12:13:18,956 INFO o.a.j.t.JMeterThread: Thread started: blazedemo 1-17
2017-11-20 12:13:19,960 INFO o.a.j.t.JMeterThread: Thread started: blazedemo 1-18
2017-11-20 12:13:19,963 INFO o.a.j.t.JMeterThread: Thread started: blazedemo 1-19
2017-11-20 12:13:20,964 INFO o.a.j.t.JMeterThread: Thread started: blazedemo 1-20
2017-11-20 12:13:20,964 INFO o.a.j.t.JMeterThread: Thread started: blazedemo 1-21
2017-11-20 12:13:21,970 INFO o.a.j.t.JMeterThread: Thread started: blazedemo 1-22
2017-11-20 12:13:22,972 INFO o.a.j.t.JMeterThread: Thread started: blazedemo 1-23
2017-11-20 12:13:22,974 INFO o.a.j.t.JMeterThread: Thread started: blazedemo 1-24
2017-11-20 12:13:23,979 INFO o.a.j.t.JMeterThread: Thread started: blazedemo 1-25
2017-11-20 12:13:23,980 INFO o.a.j.t.JMeterThread: Thread started: blazedemo 1-26
2017-11-20 12:13:24,982 INFO o.a.j.t.JMeterThread: Thread started: blazedemo 1-27
2017-11-20 12:13:25,986 INFO o.a.j.t.JMeterThread: Thread started: blazedemo 1-28
2017-11-20 12:13:25,987 INFO o.a.j.t.JMeterThread: Thread started: blazedemo 1-29
2017-11-20 12:13:27,005 INFO o.a.j.t.JMeterThread: Thread started: blazedemo 1-30
2017-11-20 12:13:27,034 INFO o.a.j.t.JMeterThread: Thread started: blazedemo 1-31
2017-11-20 12:13:28,013 INFO o.a.j.t.JMeterThread: Thread started: blazedemo 1-32
2017-11-20 12:13:29,018 INFO o.a.j.t.JMeterThread: Thread started: blazedemo 1-33
2017-11-20 12:13:29,019 INFO o.a.j.t.JMeterThread: Thread started: blazedemo 1-34
2017-11-20 12:13:30,020 INFO o.a.j.t.JMeterThread: Thread started: blazedemo 1-35
2017-11-20 12:13:30,021 INFO o.a.j.t.JMeterThread: Thread started: blazedemo 1-36
2017-11-20 12:13:31,024 INFO o.a.j.t.JMeterThread: Thread started: blazedemo 1-37
2017-11-20 12:13:32,026 INFO o.a.j.t.JMeterThread: Thread started: blazedemo 1-38
2017-11-20 12:13:32,027 INFO o.a.j.t.JMeterThread: Thread started: blazedemo 1-39
2017-11-20 12:13:33,032 INFO o.a.j.t.JMeterThread: Thread started: blazedemo 1-40
2017-11-20 12:13:33,035 INFO o.a.j.t.JMeterThread: Thread started: blazedemo 1-41
2017-11-20 12:13:34,041 INFO o.a.j.t.JMeterThread: Thread started: blazedemo 1-42
2017-11-20 12:13:35,045 INFO o.a.j.t.JMeterThread: Thread started: blazedemo 1-43
2017-11-20 12:13:35,046 INFO o.a.j.t.JMeterThread: Thread started: blazedemo 1-44
2017-11-20 12:13:36,049 INFO o.a.j.t.JMeterThread: Thread started: blazedemo 1-45
2017-11-20 12:13:36,050 INFO o.a.j.t.JMeterThread: Thread started: blazedemo 1-46
2017-11-20 12:13:37,053 INFO o.a.j.t.JMeterThread: Thread started: blazedemo 1-47
2017-11-20 12:13:38,052 INFO o.a.j.t.JMeterThread: Thread started: blazedemo 1-48
2017-11-20 12:13:38,053 INFO o.a.j.t.JMeterThread: Thread started: blazedemo 1-49
2017-11-20 12:13:39,055 INFO o.a.j.t.JMeterThread: Thread started: blazedemo 1-50
2017-11-20 12:14:34,069 INFO o.a.j.JMeter: Command: Shutdown received from /127.0.0.1
2017-11-20 12:14:34,070 INFO c.b.j.t.c.ConcurrencyThreadStarter: Done supplying threads
2017-11-20 12:14:34,071 WARN o.a.j.t.JMeterThread: Interrupting: blazedemo 1-12 sampler: Confirmation Page
2017-11-20 12:14:34,072 WARN o.a.j.t.JMeterThread: Interrupting: blazedemo 1-7 sampler: Reserve Page
2017-11-20 12:14:34,073 WARN o.a.j.t.JMeterThread: Interrupting: blazedemo 1-38 sampler: Welcome Page
2017-11-20 12:14:34,074 WARN o.a.j.t.JMeterThread: Interrupting: blazedemo 1-43 sampler: Purchase Page
2017-11-20 12:14:34,075 WARN o.a.j.t.JMeterThread: Interrupting: blazedemo 1-41 sampler: Reserve Page
2017-11-20 12:14:34,076 WARN o.a.j.t.JMeterThread: Interrupting: blazedemo 1-30 sampler: Welcome Page
2017-11-20 12:14:34,078 INFO o.a.j.t.JMeterThread: Thread is done: blazedemo 1-43
2017-11-20 12:14:34,078 INFO o.a.j.t.JMeterThread: Thread finished: blazedemo 1-43
2017-11-20 12:14:34,078 WARN o.a.j.t.JMeterThread: Interrupting: blazedemo 1-11 sampler: Confirmation Page
2017-11-20 12:14:34,081 WARN o.a.j.t.JMeterThread: Interrupting: blazedemo 1-13 sampler: Purchase Page
2017-11-20 12:14:34,082 INFO o.a.j.t.JMeterThread: Thread is done: blazedemo 1-41
2017-11-20 12:14:34,082 INFO o.a.j.t.JMeterThread: Thread finished: blazedemo 1-41
2017-11-20 12:14:34,083 WARN o.a.j.t.JMeterThread: Interrupting: blazedemo 1-35 sampler: Purchase Page
2017-11-20 12:14:34,084 INFO o.a.j.t.JMeterThread: Thread is done: blazedemo 1-11
2017-11-20 12:14:34,084 INFO o.a.j.t.JMeterThread: Thread finished: blazedemo 1-11
2017-11-20 12:14:34,086 INFO o.a.j.t.JMeterThread: Thread is done: blazedemo 1-13
2017-11-20 12:14:34,086 INFO o.a.j.t.JMeterThread: Thread finished: blazedemo 1-13
2017-11-20 12:14:34,089 WARN o.a.j.t.JMeterThread: Interrupting: blazedemo 1-33 sampler: Welcome Page
2017-11-20 12:14:34,092 INFO o.a.j.t.JMeterThread: Thread is done: blazedemo 1-38
2017-11-20 12:14:34,093 INFO o.a.j.t.JMeterThread: Thread finished: blazedemo 1-38
2017-11-20 12:14:34,097 WARN o.a.j.t.JMeterThread: Interrupting: blazedemo 1-6 sampler: Welcome Page
2017-11-20 12:14:34,097 INFO o.a.j.t.JMeterThread: Thread is done: blazedemo 1-7
2017-11-20 12:14:34,098 INFO o.a.j.t.JMeterThread: Thread finished: blazedemo 1-7
2017-11-20 12:14:34,099 WARN o.a.j.t.JMeterThread: Interrupting: blazedemo 1-27 sampler: Welcome Page
2017-11-20 12:14:34,099 INFO o.a.j.t.JMeterThread: Thread is done: blazedemo 1-12
2017-11-20 12:14:34,099 INFO o.a.j.t.JMeterThread: Thread finished: blazedemo 1-12
2017-11-20 12:14:34,100 WARN o.a.j.t.JMeterThread: Interrupting: blazedemo 1-25 sampler: Welcome Page
2017-11-20 12:14:34,100 INFO o.a.j.t.JMeterThread: Thread is done: blazedemo 1-35
2017-11-20 12:14:34,100 INFO o.a.j.e.StandardJMeterEngine: Notifying test listeners of end of test
2017-11-20 12:14:34,101 INFO o.a.j.t.JMeterThread: Thread finished: blazedemo 1-35
2017-11-20 12:14:34,101 INFO o.a.j.s.FileServer: Close: /Users/daper01/Documents/OSLo/param.csv
2017-11-20 12:14:34,102 INFO o.a.j.t.JMeterThread: Thread is done: blazedemo 1-30
2017-11-20 12:14:34,102 INFO o.a.j.t.JMeterThread: Thread finished: blazedemo 1-30
2017-11-20 12:14:34,102 WARN o.a.j.t.JMeterThread: Interrupting: blazedemo 1-22 sampler: Reserve Page
2017-11-20 12:14:34,103 INFO o.a.j.t.JMeterThread: Thread is done: blazedemo 1-27
2017-11-20 12:14:34,103 INFO o.a.j.t.JMeterThread: Thread finished: blazedemo 1-27
2017-11-20 12:14:34,105 WARN o.a.j.t.JMeterThread: Interrupting: blazedemo 1-2 sampler: Confirmation Page
2017-11-20 12:14:34,106 INFO o.a.j.e.StandardJMeterEngine: Forced JVM shutdown requested at end of test
2017-11-20 12:14:34,106 INFO o.a.j.t.JMeterThread: Thread is done: blazedemo 1-25
2017-11-20 12:14:34,106 INFO o.a.j.t.JMeterThread: Thread is done: blazedemo 1-6
2017-11-20 12:14:34,106 INFO o.a.j.t.JMeterThread: Thread finished: blazedemo 1-25
2017-11-20 12:14:34,107 INFO o.a.j.t.JMeterThread: Thread finished: blazedemo 1-6
2017-11-20 12:14:34,107 INFO o.a.j.t.JMeterThread: Thread is done: blazedemo 1-33
2017-11-20 12:14:34,107 INFO o.a.j.t.JMeterThread: Thread finished: blazedemo 1-33
2017-11-20 12:14:34,110 WARN o.a.j.t.JMeterThread: Interrupting: blazedemo 1-21 sampler: Reserve Page
