2017-11-20 12:13:07,012 INFO o.a.j.u.JMeterUtils: Setting Locale to en_US
2017-11-20 12:13:07,093 INFO o.a.j.JMeter: Loading user properties from: /Users/daper01/.bzt/jmeter-taurus/3.3/bin/user.properties
2017-11-20 12:13:07,096 INFO o.a.j.JMeter: Loading system properties from: /Users/daper01/.bzt/jmeter-taurus/3.3/bin/system.properties
2017-11-20 12:13:07,097 INFO o.a.j.JMeter: Setting System properties from file: /Users/daper01/Documents/OSLo/artifacts/2017-11-20_12-12-54.067955/system-1.properties
2017-11-20 12:13:07,116 INFO o.a.j.JMeter: Copyright (c) 1998-2017 The Apache Software Foundation
2017-11-20 12:13:07,116 INFO o.a.j.JMeter: Version 3.3 r1808647
2017-11-20 12:13:07,116 INFO o.a.j.JMeter: java.version=1.8.0_121
2017-11-20 12:13:07,116 INFO o.a.j.JMeter: java.vm.name=Java HotSpot(TM) 64-Bit Server VM
2017-11-20 12:13:07,117 INFO o.a.j.JMeter: os.name=Mac OS X
2017-11-20 12:13:07,117 INFO o.a.j.JMeter: os.arch=x86_64
2017-11-20 12:13:07,117 INFO o.a.j.JMeter: os.version=10.13.1
2017-11-20 12:13:07,117 INFO o.a.j.JMeter: file.encoding=UTF-8
2017-11-20 12:13:07,117 INFO o.a.j.JMeter: Max memory     =3817865216
2017-11-20 12:13:07,117 INFO o.a.j.JMeter: Available Processors =4
2017-11-20 12:13:07,128 INFO o.a.j.JMeter: Default Locale=English (United States)
2017-11-20 12:13:07,128 INFO o.a.j.JMeter: JMeter  Locale=English (United States)
2017-11-20 12:13:07,128 INFO o.a.j.JMeter: JMeterHome=/Users/daper01/.bzt/jmeter-taurus/3.3
2017-11-20 12:13:07,128 INFO o.a.j.JMeter: user.dir  =/Users/daper01/Documents/OSLo
2017-11-20 12:13:07,129 INFO o.a.j.JMeter: PWD       =/Users/daper01/Documents/OSLo
2017-11-20 12:13:07,132 INFO o.a.j.JMeter: IP: 10.137.176.245 Name: daper01mac1124 FullName: daper01mac1124.ca.com
2017-11-20 12:13:07,132 INFO o.a.j.JMeter: user.classpath=/Users/daper01/Documents/OSLo/artifacts/2017-11-20_12-12-54.067955
2017-11-20 12:13:07,132 INFO o.a.j.JMeter: Adding to classpath and loader: /Users/daper01/Documents/OSLo/artifacts/2017-11-20_12-12-54.067955
2017-11-20 12:13:07,136 INFO o.a.j.s.FileServer: Default base='/Users/daper01/Documents/OSLo'
2017-11-20 12:13:07,136 INFO o.a.j.s.FileServer: Set new base='/Users/daper01/Documents/OSLo/artifacts/2017-11-20_12-12-54.067955'
2017-11-20 12:13:07,513 INFO o.a.j.s.SaveService: Testplan (JMX) version: 2.2. Testlog (JTL) version: 2.2
2017-11-20 12:13:07,540 INFO o.a.j.s.SaveService: Using SaveService properties file encoding UTF-8
2017-11-20 12:13:07,549 INFO o.a.j.s.SaveService: Using SaveService properties version 3.2
2017-11-20 12:13:07,568 INFO o.a.j.s.SaveService: Loading file: /Users/daper01/Documents/OSLo/artifacts/2017-11-20_12-12-54.067955/modified_requests-1.jmx
2017-11-20 12:13:07,660 INFO o.a.j.p.h.c.CacheManager: Will only cache the following methods: [GET]
2017-11-20 12:13:07,664 INFO o.a.j.p.h.c.CookieManager: Settings: Delete null: true Check: true Allow variable: true Save: false Prefix: COOKIE_
2017-11-20 12:13:07,725 INFO o.a.j.p.h.s.HTTPSamplerBase: Parser for text/html is org.apache.jmeter.protocol.http.parser.LagartoBasedHtmlParser
2017-11-20 12:13:07,725 INFO o.a.j.p.h.s.HTTPSamplerBase: Parser for application/xhtml+xml is org.apache.jmeter.protocol.http.parser.LagartoBasedHtmlParser
2017-11-20 12:13:07,725 INFO o.a.j.p.h.s.HTTPSamplerBase: Parser for application/xml is org.apache.jmeter.protocol.http.parser.LagartoBasedHtmlParser
2017-11-20 12:13:07,725 INFO o.a.j.p.h.s.HTTPSamplerBase: Parser for text/xml is org.apache.jmeter.protocol.http.parser.LagartoBasedHtmlParser
2017-11-20 12:13:07,725 INFO o.a.j.p.h.s.HTTPSamplerBase: Parser for text/vnd.wap.wml is org.apache.jmeter.protocol.http.parser.RegexpHTMLParser
2017-11-20 12:13:07,725 INFO o.a.j.p.h.s.HTTPSamplerBase: Parser for text/css is org.apache.jmeter.protocol.http.parser.CssParser
2017-11-20 12:13:07,771 INFO o.a.j.e.StandardJMeterEngine: Running the test!
2017-11-20 12:13:07,771 INFO o.a.j.s.SampleEvent: List of sample_variables: []
2017-11-20 12:13:07,771 INFO o.a.j.s.SampleEvent: List of sample_variables: []
2017-11-20 12:13:07,776 INFO o.a.j.e.u.CompoundVariable: Note: Function class names must contain the string: '.functions.'
2017-11-20 12:13:07,776 INFO o.a.j.e.u.CompoundVariable: Note: Function class names must not contain the string: '.gui.'
2017-11-20 12:13:08,497 INFO o.a.j.JMeter: Running test (1511208788497)
2017-11-20 12:13:08,563 INFO o.a.j.e.StandardJMeterEngine: Starting ThreadGroup: 1 : blazedemo
2017-11-20 12:13:08,564 INFO o.a.j.e.StandardJMeterEngine: Starting 25 threads for group blazedemo.
2017-11-20 12:13:08,564 INFO o.a.j.e.StandardJMeterEngine: Thread will continue on error
2017-11-20 12:13:08,584 INFO c.b.j.t.c.ConcurrencyThreadStarter: Start supplying threads
2017-11-20 12:13:08,591 INFO o.a.j.e.StandardJMeterEngine: All thread groups have been started
2017-11-20 12:13:15,788 INFO o.a.j.s.SampleResult: Note: Sample TimeStamps are START times
2017-11-20 12:13:15,788 INFO o.a.j.s.SampleResult: sampleresult.default.encoding is set to UTF-8
2017-11-20 12:13:15,788 INFO o.a.j.s.SampleResult: sampleresult.useNanoTime=true
2017-11-20 12:13:15,788 INFO o.a.j.s.SampleResult: sampleresult.nanoThreadSleep=5000
2017-11-20 12:13:16,082 INFO o.a.j.t.JMeterThread: Thread started: blazedemo 1-1
2017-11-20 12:13:16,085 INFO o.a.j.s.FileServer: Stored: /Users/daper01/Documents/OSLo/param.csv
2017-11-20 12:13:16,129 INFO o.a.j.p.h.s.HTTPHCAbstractImpl: Local host = daper01mac1124
2017-11-20 12:13:16,137 INFO o.a.j.p.h.s.HTTPHC4Impl: HTTP request retry count = 0
2017-11-20 12:13:30,829 INFO o.a.j.t.JMeterThread: Thread started: blazedemo 1-2
2017-11-20 12:13:44,861 INFO o.a.j.t.JMeterThread: Thread started: blazedemo 1-3
2017-11-20 12:13:59,909 INFO o.a.j.t.JMeterThread: Thread started: blazedemo 1-4
2017-11-20 12:14:13,941 INFO o.a.j.t.JMeterThread: Thread started: blazedemo 1-5
2017-11-20 12:14:27,985 INFO o.a.j.t.JMeterThread: Thread started: blazedemo 1-6
2017-11-20 12:14:36,091 INFO o.a.j.JMeter: Command: Shutdown received from /127.0.0.1
2017-11-20 12:14:36,092 INFO c.b.j.t.c.ConcurrencyThreadStarter: Done supplying threads
2017-11-20 12:14:36,092 WARN o.a.j.t.JMeterThread: Interrupting: blazedemo 1-2 sampler: Welcome Page
2017-11-20 12:14:36,093 WARN o.a.j.t.JMeterThread: Interrupting: blazedemo 1-1 sampler: Confirmation Page
2017-11-20 12:14:36,094 WARN o.a.j.t.JMeterThread: Interrupting: blazedemo 1-6 sampler: Reserve Page
2017-11-20 12:14:36,095 WARN o.a.j.t.JMeterThread: Interrupting: blazedemo 1-3 sampler: Reserve Page
2017-11-20 12:14:36,096 WARN o.a.j.t.JMeterThread: Interrupting: blazedemo 1-4 sampler: Reserve Page
2017-11-20 12:14:36,097 WARN o.a.j.t.JMeterThread: Interrupting: blazedemo 1-5 sampler: Purchase Page
2017-11-20 12:14:36,097 INFO o.a.j.t.JMeterThread: Thread is done: blazedemo 1-2
2017-11-20 12:14:36,097 INFO o.a.j.t.JMeterThread: Thread finished: blazedemo 1-2
2017-11-20 12:14:36,098 INFO o.a.j.e.StandardJMeterEngine: Notifying test listeners of end of test
2017-11-20 12:14:36,098 INFO o.a.j.s.FileServer: Close: /Users/daper01/Documents/OSLo/param.csv
2017-11-20 12:14:36,100 INFO o.a.j.t.JMeterThread: Thread is done: blazedemo 1-6
2017-11-20 12:14:36,100 INFO o.a.j.t.JMeterThread: Thread finished: blazedemo 1-6
2017-11-20 12:14:36,101 INFO o.a.j.t.JMeterThread: Thread is done: blazedemo 1-5
2017-11-20 12:14:36,101 INFO o.a.j.t.JMeterThread: Thread finished: blazedemo 1-5
2017-11-20 12:14:36,102 INFO o.a.j.e.StandardJMeterEngine: Forced JVM shutdown requested at end of test
2017-11-20 12:14:36,102 INFO o.a.j.t.JMeterThread: Thread is done: blazedemo 1-1
2017-11-20 12:14:36,102 INFO o.a.j.t.JMeterThread: Thread finished: blazedemo 1-1
2017-11-20 12:14:36,103 INFO o.a.j.t.JMeterThread: Thread is done: blazedemo 1-4
2017-11-20 12:14:36,103 INFO o.a.j.t.JMeterThread: Thread finished: blazedemo 1-4
2017-11-20 12:14:36,104 INFO o.a.j.t.JMeterThread: Thread is done: blazedemo 1-3
2017-11-20 12:14:36,104 INFO o.a.j.t.JMeterThread: Thread finished: blazedemo 1-3
