[2017-12-14 13:08:30,624 INFO root] Taurus CLI Tool v1.9.6
[2017-12-14 13:08:30,624 DEBUG root] Command-line options: {'verbose': None, 'no_system_configs': None, 'quiet': None, 'log': '/var/folders/vq/xzrdy2lx047cst78f69v8z3xfzqz1q/T/bzt_GxY4Yf.log', 'option': None, 'aliases': []}
[2017-12-14 13:08:30,624 DEBUG root] Python: CPython 2.7.13
[2017-12-14 13:08:30,624 DEBUG root] OS: ('Darwin', 'daper01mac1124', '17.2.0', 'Darwin Kernel Version 17.2.0: Fri Sep 29 18:27:05 PDT 2017; root:xnu-4570.20.62~3/RELEASE_X86_64', 'x86_64', 'i386')
[2017-12-14 13:08:30,624 INFO root] Starting with configs: ['jmeter.yml']
[2017-12-14 13:08:30,625 DEBUG root] Using personal config: /Users/daper01/.bzt-rc
[2017-12-14 13:08:30,625 INFO Engine] Configuring...
[2017-12-14 13:08:30,625 DEBUG Engine] Reading extension configs from: /usr/local/etc/bzt.d
[2017-12-14 13:08:30,625 DEBUG Engine.Configuration] Configs: ['/usr/local/lib/python2.7/site-packages/bzt/resources/base-config.yml', '/usr/local/etc/bzt.d/99-installID.yml']
[2017-12-14 13:08:30,625 DEBUG Engine.Configuration] Reading /usr/local/lib/python2.7/site-packages/bzt/resources/base-config.yml as YAML
[2017-12-14 13:08:30,653 DEBUG Engine.Configuration] Reading /usr/local/etc/bzt.d/99-installID.yml as YAML
[2017-12-14 13:08:30,654 DEBUG Engine.Configuration] Configs: ['/Users/daper01/.bzt-rc', 'jmeter.yml']
[2017-12-14 13:08:30,655 DEBUG Engine.Configuration] Reading /Users/daper01/.bzt-rc as YAML
[2017-12-14 13:08:30,656 DEBUG Engine.Configuration] Reading jmeter.yml as YAML
[2017-12-14 13:08:30,659 DEBUG Engine.Configuration] Configs: ['/Users/daper01/.bzt-rc', 'jmeter.yml']
[2017-12-14 13:08:30,659 DEBUG Engine.Configuration] Reading /Users/daper01/.bzt-rc as YAML
[2017-12-14 13:08:30,663 DEBUG Engine.Configuration] Reading jmeter.yml as YAML
[2017-12-14 13:08:30,680 DEBUG Engine] Requesting updates info: http://gettaurus.org/updates/?version=1.9.6&installID=784f43782a15
[2017-12-14 13:08:30,688 INFO Engine] Artifacts dir: /Users/daper01/Documents/OSLo/JMeter/2017-12-14_13-08-30.681121
[2017-12-14 13:08:30,688 DEBUG Engine] New artifact filename: /Users/daper01/Documents/OSLo/JMeter/2017-12-14_13-08-30.681121/effective
[2017-12-14 13:08:30,690 DEBUG Engine.Configuration] Dumping YAML config into /Users/daper01/Documents/OSLo/JMeter/2017-12-14_13-08-30.681121/effective.yml
[2017-12-14 13:08:30,711 DEBUG Engine.Configuration] Dumping JSON config into /Users/daper01/Documents/OSLo/JMeter/2017-12-14_13-08-30.681121/effective.json
[2017-12-14 13:08:30,714 DEBUG Engine] New artifact filename: /Users/daper01/Documents/OSLo/JMeter/2017-12-14_13-08-30.681121/merged.yml
[2017-12-14 13:08:30,715 DEBUG Engine.Configuration] Dumping YAML config into /Users/daper01/Documents/OSLo/JMeter/2017-12-14_13-08-30.681121/merged.yml
[2017-12-14 13:08:30,720 DEBUG Engine] New artifact filename: /Users/daper01/Documents/OSLo/JMeter/2017-12-14_13-08-30.681121/merged.json
[2017-12-14 13:08:30,721 DEBUG Engine.Configuration] Dumping JSON config into /Users/daper01/Documents/OSLo/JMeter/2017-12-14_13-08-30.681121/merged.json
[2017-12-14 13:08:30,721 DEBUG Engine] Add existing artifact (move=False): jmeter.yml
[2017-12-14 13:08:30,722 DEBUG Engine] Copying jmeter.yml to /Users/daper01/Documents/OSLo/JMeter/2017-12-14_13-08-30.681121/jmeter.yml
[2017-12-14 13:08:30,723 DEBUG root] Closing log handler: /var/folders/vq/xzrdy2lx047cst78f69v8z3xfzqz1q/T/bzt_GxY4Yf.log
[2017-12-14 13:08:30,733 DEBUG root] Switched writing logs to /Users/daper01/Documents/OSLo/JMeter/2017-12-14_13-08-30.681121/bzt.log
[2017-12-14 13:08:30,733 INFO Engine] Preparing...
[2017-12-14 13:08:30,734 DEBUG Engine] Module config: consolidator defaultdict(None, {'class': 'bzt.modules.aggregator.ConsolidatingAggregator'})
[2017-12-14 13:08:30,734 DEBUG root] Importing module: bzt.modules.aggregator
[2017-12-14 13:08:30,739 DEBUG root] Loading class: 'ConsolidatingAggregator' from <module 'bzt.modules.aggregator' from '/usr/local/lib/python2.7/site-packages/bzt/modules/aggregator.pyc'>
[2017-12-14 13:08:30,739 DEBUG Engine.consolidator] Exception in dehumanize_time(inf)
[2017-12-14 13:08:30,739 DEBUG Engine.consolidator] Buffer scaling setup: percentile 95.0 from [0.0, 50.0, 90.0, 95.0, 99.0, 99.9, 100.0] selected
[2017-12-14 13:08:30,740 DEBUG Engine] Module config: monitoring defaultdict(None, {'class': 'bzt.modules.monitoring.Monitoring'})
[2017-12-14 13:08:30,740 DEBUG root] Importing module: bzt.modules.monitoring
[2017-12-14 13:08:30,785 DEBUG root] Loading class: 'Monitoring' from <module 'bzt.modules.monitoring' from '/usr/local/lib/python2.7/site-packages/bzt/modules/monitoring.pyc'>
[2017-12-14 13:08:30,786 DEBUG Engine] Module config: local defaultdict(None, {'class': 'bzt.modules.provisioning.Local'})
[2017-12-14 13:08:30,786 DEBUG root] Importing module: bzt.modules.provisioning
[2017-12-14 13:08:30,786 DEBUG root] Loading class: 'Local' from <module 'bzt.modules.provisioning' from '/usr/local/lib/python2.7/site-packages/bzt/modules/provisioning.pyc'>
[2017-12-14 13:08:30,787 DEBUG Engine] Module config: jmeter defaultdict(None, {'properties': defaultdict(None, {'jmeter.save.saveservice.autoflush': 'true', 'summariser.name': '', 'jmeter.save.saveservice.connect_time': 'true', 'mode': 'Stripped', 'jmeterengine.force.system.exit': 'true'}), 'class': 'bzt.modules.jmeter.JMeterExecutor', 'plugins': ['jpgc-casutg', 'jpgc-dummy', 'jpgc-ffw', 'jpgc-fifo', 'jpgc-functions', 'jpgc-json', 'jpgc-perfmon', 'jpgc-prmctl', 'jpgc-tst']})
[2017-12-14 13:08:30,787 DEBUG root] Importing module: bzt.modules.jmeter
[2017-12-14 13:08:30,813 DEBUG root] Loading class: 'JMeterExecutor' from <module 'bzt.modules.jmeter' from '/usr/local/lib/python2.7/site-packages/bzt/modules/jmeter.pyc'>
[2017-12-14 13:08:30,813 DEBUG Engine.local] Preparing executor: jmeter/4351946256
[2017-12-14 13:08:30,814 DEBUG Engine] New artifact filename: /Users/daper01/Documents/OSLo/JMeter/2017-12-14_13-08-30.681121/jmeter.log
[2017-12-14 13:08:30,814 DEBUG Engine.jmeter] Checking if port 4445 is free
[2017-12-14 13:08:30,815 DEBUG Engine.jmeter] Port 4445 is free
[2017-12-14 13:08:30,815 DEBUG Engine.jmeter] Using port 4445 for management
[2017-12-14 13:08:30,815 DEBUG Engine.jmeter.JavaVM] Trying JavaVM: ['java', '-version']
[2017-12-14 13:08:30,972 DEBUG Engine.jmeter.JavaVM] JavaVM output: java version "1.8.0_121"
Java(TM) SE Runtime Environment (build 1.8.0_121-b13)
Java HotSpot(TM) 64-Bit Server VM (build 25.121-b13, mixed mode)

[2017-12-14 13:08:30,973 DEBUG Engine.jmeter.TclLibrary] We don't need to check tcl library on this platform
[2017-12-14 13:08:30,973 DEBUG Engine.jmeter.JMeter] Trying jmeter: /Users/daper01/.bzt/jmeter-taurus/3.3/bin/jmeter.sh
[2017-12-14 13:08:30,973 DEBUG bzt.utils] Executing shell: ['/Users/daper01/.bzt/jmeter-taurus/3.3/bin/jmeter.sh', '-j', '/var/folders/vq/xzrdy2lx047cst78f69v8z3xfzqz1q/T/jmeterQW4JNtlog', '--version']
[2017-12-14 13:08:31,297 DEBUG Engine] Taurus updates info: {"latest":"1.10.3","needsUpgrade":true}
[2017-12-14 13:08:31,298 WARNING Engine] There is newer version of Taurus 1.10.3 available, consider upgrading. What's new: http://gettaurus.org/docs/Changelog/
[2017-12-14 13:08:32,200 DEBUG Engine.jmeter.JMeter] JMeter check:     _    ____   _    ____ _   _ _____       _ __  __ _____ _____ _____ ____     
   / \  |  _ \ / \  / ___| | | | ____|     | |  \/  | ____|_   _| ____|  _ \   
  / _ \ | |_) / _ \| |   | |_| |  _|    _  | | |\/| |  _|   | | |  _| | |_) | 
 / ___ \|  __/ ___ \ |___|  _  | |___  | |_| | |  | | |___  | | | |___|  _ <  
/_/   \_\_| /_/   \_\____|_| |_|_____|  \___/|_|  |_|_____| |_| |_____|_| \_\ 3.3 r1808647  

Copyright (c) 1999-2017 The Apache Software Foundation

 / None
[2017-12-14 13:08:32,201 DEBUG bzt.utils] Executing shell: ['/Users/daper01/.bzt/jmeter-taurus/3.3/bin/PluginsManagerCMD.sh', 'install-for-jmx', 'blazedemo_easy_peasy.jmx']
[2017-12-14 13:08:34,888 DEBUG Engine.jmeter.JMeter] Try to detect plugins for blazedemo_easy_peasy.jmx
13:08:33.813 [main] INFO  org.jmeterplugins.repository.PluginManager - Plugins Status: [jpgc-functions=2.0, jpgc-casutg=2.1, jpgc-dummy=0.2, jpgc-ffw=2.0, jpgc-fifo=0.2, jpgc-json=2.6, jpgc-prmctl=0.3, jpgc-perfmon=2.1, jpgc-plugins-manager=0.16, jpgc-tst=2.1, jmeter-core=3.3, jmeter-ftp=3.3, jmeter-http=3.3, jmeter-jdbc=3.3, jmeter-jms=3.3, jmeter-junit=3.3, jmeter-java=3.3, jmeter-ldap=3.3, jmeter-mail=3.3, jmeter-mongodb=3.3, jmeter-native=3.3, jmeter-tcp=3.3, jmeter-components=3.3]
2017-12-14 13:08:33,813 INFO o.j.r.PluginManager: Plugins Status: [jpgc-functions=2.0, jpgc-casutg=2.1, jpgc-dummy=0.2, jpgc-ffw=2.0, jpgc-fifo=0.2, jpgc-json=2.6, jpgc-prmctl=0.3, jpgc-perfmon=2.1, jpgc-plugins-manager=0.16, jpgc-tst=2.1, jmeter-core=3.3, jmeter-ftp=3.3, jmeter-http=3.3, jmeter-jdbc=3.3, jmeter-jms=3.3, jmeter-junit=3.3, jmeter-java=3.3, jmeter-ldap=3.3, jmeter-mail=3.3, jmeter-mongodb=3.3, jmeter-native=3.3, jmeter-tcp=3.3, jmeter-components=3.3]
13:08:34.270 [main] INFO  org.apache.jmeter.save.SaveService - Testplan (JMX) version: 2.2. Testlog (JTL) version: 2.2
2017-12-14 13:08:34,270 INFO o.a.j.s.SaveService: Testplan (JMX) version: 2.2. Testlog (JTL) version: 2.2
13:08:34.284 [main] INFO  org.apache.jmeter.save.SaveService - Using SaveService properties file encoding UTF-8
2017-12-14 13:08:34,284 INFO o.a.j.s.SaveService: Using SaveService properties file encoding UTF-8
13:08:34.289 [main] INFO  org.apache.jmeter.save.SaveService - Using SaveService properties version 3.2
2017-12-14 13:08:34,289 INFO o.a.j.s.SaveService: Using SaveService properties version 3.2
13:08:34.330 [main] INFO  org.apache.jmeter.protocol.http.control.CookieManager - Settings: Delete null: true Check: true Allow variable: true Save: false Prefix: COOKIE_
2017-12-14 13:08:34,330 INFO o.a.j.p.h.c.CookieManager: Settings: Delete null: true Check: true Allow variable: true Save: false Prefix: COOKIE_
13:08:34.365 [main] INFO  org.apache.jmeter.protocol.http.control.CacheManager - Will only cache the following methods: [GET]
2017-12-14 13:08:34,365 INFO o.a.j.p.h.c.CacheManager: Will only cache the following methods: [GET]
13:08:34.458 [main] INFO  org.jmeterplugins.repository.PluginManager - Restarting JMeter...
2017-12-14 13:08:34,458 INFO o.j.r.PluginManager: Restarting JMeter...
13:08:34.460 [Thread-1] INFO  org.jmeterplugins.repository.PluginManager - Starting JMeter Plugins modifications
2017-12-14 13:08:34,460 INFO o.j.r.PluginManager: Starting JMeter Plugins modifications

ERROR StatusLogger No log4j2 configuration file found. Using default configuration: logging only errors to the console. Set system property 'org.apache.logging.log4j.simplelog.StatusLogger.level' to TRACE to show Log4j2 internal initialization logging.

[2017-12-14 13:08:34,889 DEBUG Engine.jmeter] Load: LoadSpec(concurrency=50, throughput=100.0, ramp_up=30.0, hold=60.0, iterations=0, duration=90.0, steps=None)
[2017-12-14 13:08:34,905 DEBUG Engine.jmeter.LoadSettingsProcessor.ThreadGroupHandler] Converting ThreadGroup (Thread Group) to ConcurrencyThreadGroup and apply load parameters
[2017-12-14 13:08:34,906 DEBUG Engine] New artifact filename: /Users/daper01/Documents/OSLo/JMeter/2017-12-14_13-08-30.681121/kpi.jtl
[2017-12-14 13:08:34,906 DEBUG Engine] New artifact filename: /Users/daper01/Documents/OSLo/JMeter/2017-12-14_13-08-30.681121/error.jtl
[2017-12-14 13:08:34,907 DEBUG Engine.jmeter] Enforcing parent sample for transaction controller
[2017-12-14 13:08:34,908 INFO Engine.jmeter] 1 obsolete CookieManagers are found and fixed
[2017-12-14 13:08:34,909 DEBUG JMX] Saving JMX to: /Users/daper01/Documents/OSLo/JMeter/modified_blazedemo_easy_peasy.jmx
[2017-12-14 13:08:34,911 DEBUG Engine.jmeter] Additional properties: defaultdict(None, {'jmeter.save.saveservice.autoflush': 'true', 'jmeter.save.saveservice.connect_time': 'true', 'user.classpath': '/Users/daper01/Documents/OSLo/JMeter/2017-12-14_13-08-30.681121', 'sampleresult.default.encoding': 'UTF-8', 'summariser.name': '', 'jmeterengine.force.system.exit': 'true', 'jmeter.save.saveservice.timestamp_format': 'ms', 'mode': 'Stripped', 'jmeterengine.nongui.maxport': 4445, 'jmeterengine.nongui.port': 4445})
[2017-12-14 13:08:34,911 DEBUG Engine] New artifact filename: /Users/daper01/Documents/OSLo/JMeter/2017-12-14_13-08-30.681121/jmeter-bzt.properties
[2017-12-14 13:08:34,912 DEBUG Engine] New artifact filename: /Users/daper01/Documents/OSLo/JMeter/2017-12-14_13-08-30.681121/jmeter.out
[2017-12-14 13:08:34,912 DEBUG Engine] New artifact filename: /Users/daper01/Documents/OSLo/JMeter/2017-12-14_13-08-30.681121/jmeter.err
[2017-12-14 13:08:34,913 DEBUG Engine] Module config: final-stats defaultdict(None, {'class': 'bzt.modules.reporting.FinalStatus'})
[2017-12-14 13:08:34,913 DEBUG root] Importing module: bzt.modules.reporting
[2017-12-14 13:08:35,034 DEBUG easyprocess] version=0.2.3
[2017-12-14 13:08:35,042 DEBUG pyvirtualdisplay] version=0.2.1
[2017-12-14 13:08:35,044 DEBUG root] Loading class: 'FinalStatus' from <module 'bzt.modules.reporting' from '/usr/local/lib/python2.7/site-packages/bzt/modules/reporting.pyc'>
[2017-12-14 13:08:35,044 DEBUG Engine] Module config: console defaultdict(None, {'class': 'bzt.modules.console.ConsoleStatusReporter'})
[2017-12-14 13:08:35,044 DEBUG root] Importing module: bzt.modules.console
[2017-12-14 13:08:35,044 DEBUG root] Loading class: 'ConsoleStatusReporter' from <module 'bzt.modules.console' from '/usr/local/lib/python2.7/site-packages/bzt/modules/console.pyc'>
[2017-12-14 13:08:35,044 DEBUG Engine] Module config: passfail defaultdict(None, {'class': 'bzt.modules.passfail.PassFailStatus'})
[2017-12-14 13:08:35,045 DEBUG root] Importing module: bzt.modules.passfail
[2017-12-14 13:08:35,045 DEBUG root] Loading class: 'PassFailStatus' from <module 'bzt.modules.passfail' from '/usr/local/lib/python2.7/site-packages/bzt/modules/passfail.pyc'>
[2017-12-14 13:08:35,051 DEBUG root] Importing module: bzt.modules.passfail
[2017-12-14 13:08:35,051 DEBUG root] Loading class: 'DataCriterion' from <module 'bzt.modules.passfail' from '/usr/local/lib/python2.7/site-packages/bzt/modules/passfail.pyc'>
[2017-12-14 13:08:35,051 DEBUG root] Importing module: bzt.modules.passfail
[2017-12-14 13:08:35,051 DEBUG root] Loading class: 'DataCriterion' from <module 'bzt.modules.passfail' from '/usr/local/lib/python2.7/site-packages/bzt/modules/passfail.pyc'>
[2017-12-14 13:08:35,053 DEBUG Engine.Configuration] Dumping YAML config into /Users/daper01/Documents/OSLo/JMeter/2017-12-14_13-08-30.681121/effective.yml
[2017-12-14 13:08:35,082 DEBUG Engine.Configuration] Dumping JSON config into /Users/daper01/Documents/OSLo/JMeter/2017-12-14_13-08-30.681121/effective.json
[2017-12-14 13:08:35,084 INFO Engine] Starting...
[2017-12-14 13:08:35,084 DEBUG Engine] Startup <bzt.modules.monitoring.Monitoring object at 0x102cdb210>
[2017-12-14 13:08:35,084 DEBUG Engine] Startup <bzt.modules.aggregator.ConsolidatingAggregator object at 0x102cbe7d0>
[2017-12-14 13:08:35,084 DEBUG Engine] Startup <bzt.modules.reporting.FinalStatus object at 0x103656e50>
[2017-12-14 13:08:35,084 DEBUG Engine] Startup <bzt.modules.console.ConsoleStatusReporter object at 0x1037d0310>
[2017-12-14 13:08:35,085 INFO Engine.console] Waiting for results...
[2017-12-14 13:08:35,085 DEBUG Engine] Startup <bzt.modules.passfail.PassFailStatus object at 0x1037f06d0>
[2017-12-14 13:08:35,085 DEBUG Engine] Startup <bzt.modules.provisioning.Local object at 0x102cbe550>
[2017-12-14 13:08:35,085 DEBUG Engine.local] Delay setup for jmeter/simple: 0(start-at) + 0(delay) = 0
[2017-12-14 13:08:35,088 DEBUG Engine.Configuration] Dumping YAML config into /Users/daper01/Documents/OSLo/JMeter/2017-12-14_13-08-30.681121/effective.yml
[2017-12-14 13:08:35,118 DEBUG Engine.Configuration] Dumping JSON config into /Users/daper01/Documents/OSLo/JMeter/2017-12-14_13-08-30.681121/effective.json
[2017-12-14 13:08:35,120 DEBUG root] Leveling down log file verbosity, use -v option to have DEBUG messages enabled
[2017-12-14 13:08:35,343 INFO Engine.console] Waiting for finish...
[2017-12-14 13:10:08,389 WARNING Engine.jmeter.JTLErrorsReader] Failed to parse errors XML: Opening and ending tag mismatch: responseData line 791 and testResults, line 806, column 15 (line 806)
[2017-12-14 13:10:09,436 WARNING Engine] Please wait for graceful shutdown...
[2017-12-14 13:10:09,445 DEBUG root] Leveled up log file verbosity
[2017-12-14 13:10:09,445 INFO Engine] Shutting down...
[2017-12-14 13:10:09,451 DEBUG Engine.local] Shutdown jmeter/simple
[2017-12-14 13:10:09,451 DEBUG Engine.console] Restoring logging streams, [<logging.StreamHandler object at 0x1021f6690>]/{<logging.StreamHandler object at 0x1021f6690>: <open file '<stdout>', mode 'w' at 0x101268150>}
[2017-12-14 13:10:09,454 DEBUG Engine.Configuration] Dumping YAML config into /Users/daper01/Documents/OSLo/JMeter/2017-12-14_13-08-30.681121/effective.yml
[2017-12-14 13:10:09,496 DEBUG Engine.Configuration] Dumping JSON config into /Users/daper01/Documents/OSLo/JMeter/2017-12-14_13-08-30.681121/effective.json
[2017-12-14 13:10:09,497 INFO Engine] Post-processing...
[2017-12-14 13:10:09,498 DEBUG Engine.local] Post-process jmeter/simple
[2017-12-14 13:10:09,498 DEBUG Engine] Add existing artifact (move=True): /Users/daper01/Documents/OSLo/JMeter/modified_blazedemo_easy_peasy.jmx
[2017-12-14 13:10:09,498 DEBUG Engine] Moving /Users/daper01/Documents/OSLo/JMeter/modified_blazedemo_easy_peasy.jmx to /Users/daper01/Documents/OSLo/JMeter/2017-12-14_13-08-30.681121/modified_blazedemo_easy_peasy.jmx
[2017-12-14 13:10:09,498 DEBUG Engine.jmeter.JTLReader.IncrementalCSVReader] Reading JTL: /Users/daper01/Documents/OSLo/JMeter/2017-12-14_13-08-30.681121/kpi.jtl
[2017-12-14 13:10:09,498 DEBUG Engine.jmeter.JTLReader.IncrementalCSVReader] Read lines: 0 / 0 bytes (at speed 1048576)
[2017-12-14 13:10:09,499 DEBUG Engine.jmeter.JTLReader] Buffer len: 2
[2017-12-14 13:10:09,499 DEBUG Engine.jmeter.JTLReader] Aggregating: 1513285807
[2017-12-14 13:10:09,507 DEBUG Engine.jmeter.JTLReader] Aggregating: 1513285808
[2017-12-14 13:10:09,512 DEBUG Engine.consolidator] Consolidator buffer[4]: [1513285808, 1513285805, 1513285806, 1513285807]
[2017-12-14 13:10:09,512 DEBUG Engine.consolidator] Merging into 1513285805
[2017-12-14 13:10:09,512 DEBUG Engine.consolidator] Merging 1513285805
[2017-12-14 13:10:09,524 DEBUG Engine.consolidator] Processed datapoint: 1513285805/None
[2017-12-14 13:10:09,524 DEBUG Engine.consolidator] Merging into 1513285806
[2017-12-14 13:10:09,524 DEBUG Engine.consolidator] Merging 1513285806
[2017-12-14 13:10:09,539 DEBUG Engine.consolidator] Processed datapoint: 1513285806/None
[2017-12-14 13:10:09,539 DEBUG Engine.consolidator] Merging into 1513285807
[2017-12-14 13:10:09,539 DEBUG Engine.consolidator] Merging 1513285807
[2017-12-14 13:10:09,555 DEBUG Engine.consolidator] Processed datapoint: 1513285807/None
[2017-12-14 13:10:09,555 DEBUG Engine.consolidator] Merging into 1513285808
[2017-12-14 13:10:09,556 DEBUG Engine.consolidator] Merging 1513285808
[2017-12-14 13:10:09,565 DEBUG Engine.consolidator] Processed datapoint: 1513285808/None
[2017-12-14 13:10:09,565 INFO Engine.final-stats] Test duration: 0:01:34
[2017-12-14 13:10:09,565 INFO Engine.final-stats] Samples count: 7509, 0.27% failures
[2017-12-14 13:10:09,565 INFO Engine.final-stats] Average times: total 0.225, latency 0.221, connect 0.000
[2017-12-14 13:10:09,566 INFO Engine.final-stats] Percentile 0.0%: 0.004
[2017-12-14 13:10:09,566 INFO Engine.final-stats] Percentile 50.0%: 0.178
[2017-12-14 13:10:09,566 INFO Engine.final-stats] Percentile 90.0%: 0.344
[2017-12-14 13:10:09,566 INFO Engine.final-stats] Percentile 95.0%: 0.352
[2017-12-14 13:10:09,566 INFO Engine.final-stats] Percentile 99.0%: 0.493
[2017-12-14 13:10:09,566 INFO Engine.final-stats] Percentile 99.9%: 1.872
[2017-12-14 13:10:09,567 INFO Engine.final-stats] Percentile 100.0%: 21.438
[2017-12-14 13:10:09,567 DEBUG Engine.console] No logger_handler or orig_stream was detected
[2017-12-14 13:10:09,567 DEBUG root] 1513285808 Alert: reserver page RT too long: False
[2017-12-14 13:10:09,567 WARNING root] Alert: welcome page RT too long
[2017-12-14 13:10:09,567 DEBUG root] 1513285808 Failed: welcome page RT too long: True
[2017-12-14 13:10:09,567 DEBUG Engine] post_process: Failed: welcome page RT too long
[2017-12-14 13:10:09,569 DEBUG Engine.Configuration] Dumping YAML config into /Users/daper01/Documents/OSLo/JMeter/2017-12-14_13-08-30.681121/effective.yml
[2017-12-14 13:10:09,600 DEBUG Engine.Configuration] Dumping JSON config into /Users/daper01/Documents/OSLo/JMeter/2017-12-14_13-08-30.681121/effective.json
[2017-12-14 13:10:09,605 WARNING root] Automated shutdown
[2017-12-14 13:10:09,610 DEBUG root] AutomatedShutdown: Failed: welcome page RT too long
Traceback (most recent call last):
  File "/usr/local/lib/python2.7/site-packages/bzt/cli.py", line 228, in perform
    self.engine.post_process()
  File "/usr/local/lib/python2.7/site-packages/bzt/engine.py", line 279, in post_process
    reraise(exc_info)
  File "/usr/local/lib/python2.7/site-packages/bzt/engine.py", line 266, in post_process
    module.post_process()
  File "/usr/local/lib/python2.7/site-packages/bzt/modules/passfail.py", line 81, in post_process
    raise AutomatedShutdown("%s" % crit)
AutomatedShutdown: Failed: welcome page RT too long
[2017-12-14 13:10:09,610 INFO root] Artifacts dir: /Users/daper01/Documents/OSLo/JMeter/2017-12-14_13-08-30.681121
[2017-12-14 13:10:09,610 WARNING root] Done performing with code: 3
[2017-12-14 13:10:09,610 DEBUG root] Closing log handler: /Users/daper01/Documents/OSLo/JMeter/2017-12-14_13-08-30.681121/bzt.log
