[2017-06-01 08:20:12,615 INFO root] Taurus CLI Tool v1.9.1
[2017-06-01 08:20:12,615 DEBUG root] Command-line options: {'verbose': None, 'no_system_configs': None, 'quiet': None, 'log': '/var/folders/vq/xzrdy2lx047cst78f69v8z3xfzqz1q/T/bzt_eLtqe_.log', 'option': None, 'aliases': ['cloud']}
[2017-06-01 08:20:12,615 DEBUG root] Python: CPython 2.7.13
[2017-06-01 08:20:12,616 DEBUG root] OS: ('Darwin', 'daper01mac1124', '16.4.0', 'Darwin Kernel Version 16.4.0: Thu Dec 22 22:53:21 PST 2016; root:xnu-3789.41.3~3/RELEASE_X86_64', 'x86_64', 'i386')
[2017-06-01 08:20:12,616 INFO root] Starting with configs: ['python_Selenium.yml']
[2017-06-01 08:20:12,616 DEBUG root] Adding personal config: /Users/daper01/.bzt-rc
[2017-06-01 08:20:12,616 INFO Engine] Configuring...
[2017-06-01 08:20:12,616 DEBUG Engine] Reading extension configs from: /usr/local/etc/bzt.d
[2017-06-01 08:20:12,616 DEBUG Engine.Configuration] Configs: ['/usr/local/lib/python2.7/site-packages/bzt/resources/base-config.yml', '/usr/local/etc/bzt.d/99-installID.yml']
[2017-06-01 08:20:12,616 DEBUG Engine.Configuration] Reading /usr/local/lib/python2.7/site-packages/bzt/resources/base-config.yml
[2017-06-01 08:20:12,617 DEBUG Engine.Configuration] Reading /usr/local/lib/python2.7/site-packages/bzt/resources/base-config.yml as YAML
[2017-06-01 08:20:12,641 DEBUG Engine.Configuration] Reading /usr/local/etc/bzt.d/99-installID.yml
[2017-06-01 08:20:12,641 DEBUG Engine.Configuration] Reading /usr/local/etc/bzt.d/99-installID.yml as YAML
[2017-06-01 08:20:12,642 DEBUG Engine.Configuration] Configs: ['/Users/daper01/.bzt-rc', 'python_Selenium.yml']
[2017-06-01 08:20:12,642 DEBUG Engine.Configuration] Reading /Users/daper01/.bzt-rc
[2017-06-01 08:20:12,643 DEBUG Engine.Configuration] Reading /Users/daper01/.bzt-rc as YAML
[2017-06-01 08:20:12,643 DEBUG Engine.Configuration] Reading python_Selenium.yml
[2017-06-01 08:20:12,644 DEBUG Engine.Configuration] Reading python_Selenium.yml as YAML
[2017-06-01 08:20:12,646 DEBUG root] Configs: ['/Users/daper01/.bzt-rc', 'python_Selenium.yml']
[2017-06-01 08:20:12,646 DEBUG root] Reading /Users/daper01/.bzt-rc
[2017-06-01 08:20:12,646 DEBUG root] Reading /Users/daper01/.bzt-rc as YAML
[2017-06-01 08:20:12,647 DEBUG root] Reading python_Selenium.yml
[2017-06-01 08:20:12,647 DEBUG root] Reading python_Selenium.yml as YAML
[2017-06-01 08:20:12,659 DEBUG Engine] Requesting updates info: http://gettaurus.org/updates/?version=1.9.1&installID=784f43782a15
[2017-06-01 08:20:12,664 INFO Engine] Artifacts dir: /Users/daper01/Documents/OSLo/Selenium/2017-06-01_08-20-12.659482
[2017-06-01 08:20:12,664 DEBUG Engine] New artifact filename: /Users/daper01/Documents/OSLo/Selenium/2017-06-01_08-20-12.659482/effective
[2017-06-01 08:20:12,666 DEBUG Engine.Configuration] Dumping YAML config into /Users/daper01/Documents/OSLo/Selenium/2017-06-01_08-20-12.659482/effective.yml
[2017-06-01 08:20:12,689 DEBUG Engine.Configuration] Dumping JSON config into /Users/daper01/Documents/OSLo/Selenium/2017-06-01_08-20-12.659482/effective.json
[2017-06-01 08:20:12,690 DEBUG Engine] New artifact filename: /Users/daper01/Documents/OSLo/Selenium/2017-06-01_08-20-12.659482/merged.yml
[2017-06-01 08:20:12,690 DEBUG root] Dumping YAML config into /Users/daper01/Documents/OSLo/Selenium/2017-06-01_08-20-12.659482/merged.yml
[2017-06-01 08:20:12,692 DEBUG Engine] New artifact filename: /Users/daper01/Documents/OSLo/Selenium/2017-06-01_08-20-12.659482/merged.json
[2017-06-01 08:20:12,693 DEBUG root] Dumping JSON config into /Users/daper01/Documents/OSLo/Selenium/2017-06-01_08-20-12.659482/merged.json
[2017-06-01 08:20:12,694 DEBUG Engine] Add existing artifact (move=False): python_Selenium.yml
[2017-06-01 08:20:12,694 DEBUG Engine] Copying python_Selenium.yml to /Users/daper01/Documents/OSLo/Selenium/2017-06-01_08-20-12.659482/python_Selenium.yml
[2017-06-01 08:20:12,695 DEBUG root] Closing log handler: /var/folders/vq/xzrdy2lx047cst78f69v8z3xfzqz1q/T/bzt_eLtqe_.log
[2017-06-01 08:20:12,695 DEBUG root] Switched writing logs to /Users/daper01/Documents/OSLo/Selenium/2017-06-01_08-20-12.659482/bzt.log
[2017-06-01 08:20:12,695 INFO Engine] Preparing...
[2017-06-01 08:20:12,696 DEBUG Engine] Module config: consolidator defaultdict(None, {'class': 'bzt.modules.aggregator.ConsolidatingAggregator'})
[2017-06-01 08:20:12,696 DEBUG root] Importing module: bzt.modules.aggregator
[2017-06-01 08:20:12,699 DEBUG root] Loading class: 'ConsolidatingAggregator' from <module 'bzt.modules.aggregator' from '/usr/local/lib/python2.7/site-packages/bzt/modules/aggregator.pyc'>
[2017-06-01 08:20:12,700 DEBUG Engine.consolidator] Exception in dehumanize_time(inf)
[2017-06-01 08:20:12,700 DEBUG Engine.consolidator] Buffer scaling setup: percentile 95.0 from [0.0, 50.0, 90.0, 95.0, 99.0, 99.9, 100.0] selected
[2017-06-01 08:20:12,700 DEBUG Engine] Module config: monitoring defaultdict(None, {'class': 'bzt.modules.monitoring.Monitoring'})
[2017-06-01 08:20:12,700 DEBUG root] Importing module: bzt.modules.monitoring
[2017-06-01 08:20:12,755 DEBUG root] Loading class: 'Monitoring' from <module 'bzt.modules.monitoring' from '/usr/local/lib/python2.7/site-packages/bzt/modules/monitoring.pyc'>
[2017-06-01 08:20:12,755 DEBUG Engine.monitoring] Should not run because of non-matching prov: cloud != local
[2017-06-01 08:20:12,755 DEBUG Engine] Module config: capturehar defaultdict(None, {'class': 'bzt.modules.blazemeter.ServiceStubCaptureHAR'})
[2017-06-01 08:20:12,755 DEBUG root] Importing module: bzt.modules.blazemeter
[2017-06-01 08:20:12,799 DEBUG root] Loading class: 'ServiceStubCaptureHAR' from <module 'bzt.modules.blazemeter' from '/usr/local/lib/python2.7/site-packages/bzt/modules/blazemeter.pyc'>
[2017-06-01 08:20:12,800 DEBUG Engine.capturehar] Should not run because of non-matching prov: cloud != local
[2017-06-01 08:20:12,800 DEBUG Engine] Module config: cloud defaultdict(None, {'class': 'bzt.modules.blazemeter.CloudProvisioning', 'default-location': 'us-central1-a'})
[2017-06-01 08:20:12,800 DEBUG root] Importing module: bzt.modules.blazemeter
[2017-06-01 08:20:12,800 DEBUG root] Loading class: 'CloudProvisioning' from <module 'bzt.modules.blazemeter' from '/usr/local/lib/python2.7/site-packages/bzt/modules/blazemeter.pyc'>
[2017-06-01 08:20:12,800 DEBUG Engine] Module config: blazemeter defaultdict(None, {'token': '********', 'class': 'bzt.modules.blazemeter.BlazeMeterUploader'})
[2017-06-01 08:20:12,800 DEBUG root] Importing module: bzt.modules.blazemeter
[2017-06-01 08:20:12,800 DEBUG root] Loading class: 'BlazeMeterUploader' from <module 'bzt.modules.blazemeter' from '/usr/local/lib/python2.7/site-packages/bzt/modules/blazemeter.pyc'>
[2017-06-01 08:20:12,800 DEBUG Engine.cloud] Request: GET https://a.blazemeter.com/api/v4/accounts None
[2017-06-01 08:20:13,206 DEBUG Engine.cloud] Response: {
    "limit": 10,
    "skip": 0,
    "total": 2,
    "api_version": 4,
    "error": null,
    "result": [
        {
            "id": 125626,
            "name": "Default Account",
            "thumbnailUrl": null,
            "salesforceId": null,
      
[2017-06-01 08:20:13,207 DEBUG Engine.cloud] Request: GET https://a.blazemeter.com/api/v4/workspaces?accountId=125626&enabled=true&limit=100 None
[2017-06-01 08:20:13,265 DEBUG Engine] Taurus updates info: {"latest":"1.9.2","needsUpgrade":true}
[2017-06-01 08:20:13,265 WARNING Engine] There is newer version of Taurus 1.9.2 available, consider upgrading. What's new: http://gettaurus.org/docs/Changelog/
[2017-06-01 08:20:13,612 DEBUG Engine.cloud] Response: {
    "limit": 100,
    "skip": 0,
    "total": 5,
    "api_version": 4,
    "error": null,
    "result": [
        {
            "id": 119008,
            "name": "Default workspace",
            "userId": 339612,
            "created": 1486702692,
      
[2017-06-01 08:20:13,613 DEBUG Engine.cloud] Request: GET https://a.blazemeter.com/api/v4/workspaces?accountId=21166&enabled=true&limit=100 None
[2017-06-01 08:20:14,016 DEBUG Engine.cloud] Response: {
    "limit": 100,
    "skip": 0,
    "total": 1,
    "api_version": 4,
    "error": null,
    "result": [
        {
            "id": 133217,
            "name": "DEMOs",
            "userId": 307773,
            "created": 1493664013,
            "updat
[2017-06-01 08:20:14,017 DEBUG Engine] Module config: selenium defaultdict(None, {'class': 'bzt.modules.selenium.SeleniumExecutor'})
[2017-06-01 08:20:14,017 DEBUG root] Importing module: bzt.modules.selenium
[2017-06-01 08:20:14,032 DEBUG easyprocess] version=0.2.3
[2017-06-01 08:20:14,037 DEBUG pyvirtualdisplay] version=0.2.1
[2017-06-01 08:20:14,038 DEBUG root] Loading class: 'SeleniumExecutor' from <module 'bzt.modules.selenium' from '/usr/local/lib/python2.7/site-packages/bzt/modules/selenium.pyc'>
[2017-06-01 08:20:14,038 DEBUG Engine.cloud] Request: GET https://a.blazemeter.com/api/v4/multi-tests?workspaceId=119008&name=Taurus+Cloud+Test None
[2017-06-01 08:20:14,450 DEBUG Engine.cloud] Response: {
    "limit": 10,
    "skip": 0,
    "total": 0,
    "api_version": 4,
    "error": null,
    "result": []
}
[2017-06-01 08:20:14,451 DEBUG Engine.cloud] Request: GET https://a.blazemeter.com/api/v4/multi-tests?workspaceId=127980&name=Taurus+Cloud+Test None
[2017-06-01 08:20:14,835 DEBUG Engine.cloud] Response: {
    "limit": 10,
    "skip": 0,
    "total": 0,
    "api_version": 4,
    "error": null,
    "result": []
}
[2017-06-01 08:20:14,835 DEBUG Engine.cloud] Request: GET https://a.blazemeter.com/api/v4/multi-tests?workspaceId=127984&name=Taurus+Cloud+Test None
[2017-06-01 08:20:15,231 DEBUG Engine.cloud] Response: {
    "limit": 10,
    "skip": 0,
    "total": 0,
    "api_version": 4,
    "error": null,
    "result": []
}
[2017-06-01 08:20:15,232 DEBUG Engine.cloud] Request: GET https://a.blazemeter.com/api/v4/multi-tests?workspaceId=132723&name=Taurus+Cloud+Test None
[2017-06-01 08:20:15,625 DEBUG Engine.cloud] Response: {
    "limit": 10,
    "skip": 0,
    "total": 0,
    "api_version": 4,
    "error": null,
    "result": []
}
[2017-06-01 08:20:15,625 DEBUG Engine.cloud] Request: GET https://a.blazemeter.com/api/v4/multi-tests?workspaceId=135886&name=Taurus+Cloud+Test None
[2017-06-01 08:20:16,007 DEBUG Engine.cloud] Response: {
    "limit": 10,
    "skip": 0,
    "total": 0,
    "api_version": 4,
    "error": null,
    "result": []
}
[2017-06-01 08:20:16,008 DEBUG Engine.cloud] Request: GET https://a.blazemeter.com/api/v4/multi-tests?workspaceId=133217&name=Taurus+Cloud+Test None
[2017-06-01 08:20:16,399 DEBUG Engine.cloud] Response: {
    "limit": 10,
    "skip": 0,
    "total": 0,
    "api_version": 4,
    "error": null,
    "result": []
}
[2017-06-01 08:20:16,400 DEBUG Engine.cloud.ProjectFinder] Looked for collection: None
[2017-06-01 08:20:16,400 DEBUG Engine.cloud] Request: GET https://a.blazemeter.com/api/v4/tests?workspaceId=119008&name=Taurus+Cloud+Test None
[2017-06-01 08:20:16,795 DEBUG Engine.cloud] Response: {
    "limit": 10,
    "skip": 0,
    "total": 1,
    "api_version": 4,
    "error": null,
    "result": [
        {
            "id": 5551396,
            "name": "Taurus Cloud Test",
            "userId": 339612,
            "created": 1488354376,
      
[2017-06-01 08:20:16,796 DEBUG Engine.cloud] Request: GET https://a.blazemeter.com/api/v4/tests?workspaceId=127980&name=Taurus+Cloud+Test None
[2017-06-01 08:20:17,214 DEBUG Engine.cloud] Response: {
    "limit": 10,
    "skip": 0,
    "total": 0,
    "api_version": 4,
    "error": null,
    "result": []
}
[2017-06-01 08:20:17,215 DEBUG Engine.cloud] Request: GET https://a.blazemeter.com/api/v4/tests?workspaceId=127984&name=Taurus+Cloud+Test None
[2017-06-01 08:20:17,636 DEBUG Engine.cloud] Response: {
    "limit": 10,
    "skip": 0,
    "total": 0,
    "api_version": 4,
    "error": null,
    "result": []
}
[2017-06-01 08:20:17,637 DEBUG Engine.cloud] Request: GET https://a.blazemeter.com/api/v4/tests?workspaceId=132723&name=Taurus+Cloud+Test None
[2017-06-01 08:20:18,054 DEBUG Engine.cloud] Response: {
    "limit": 10,
    "skip": 0,
    "total": 0,
    "api_version": 4,
    "error": null,
    "result": []
}
[2017-06-01 08:20:18,054 DEBUG Engine.cloud] Request: GET https://a.blazemeter.com/api/v4/tests?workspaceId=135886&name=Taurus+Cloud+Test None
[2017-06-01 08:20:18,461 DEBUG Engine.cloud] Response: {
    "limit": 10,
    "skip": 0,
    "total": 0,
    "api_version": 4,
    "error": null,
    "result": []
}
[2017-06-01 08:20:18,462 DEBUG Engine.cloud] Request: GET https://a.blazemeter.com/api/v4/tests?workspaceId=133217&name=Taurus+Cloud+Test None
[2017-06-01 08:20:18,855 DEBUG Engine.cloud] Response: {
    "limit": 10,
    "skip": 0,
    "total": 0,
    "api_version": 4,
    "error": null,
    "result": []
}
[2017-06-01 08:20:18,856 DEBUG Engine.cloud.ProjectFinder] Looked for test: {u'updated': 1495751245, u'name': u'Taurus Cloud Test', u'kpiTrackingData': {}, u'created': 1488354376, u'projectId': 162568, u'userId': 339612, u'lastUpdatedById': 339612, u'configuration': {u'targetThreads': 0, u'type': u'taurus', u'canControlRampup': False, u'plugins': {u'taurus': {u'filename': u'taurus.yml'}}}, u'id': 5551396}
[2017-06-01 08:20:18,858 DEBUG Engine.cloud.ProjectFinder] Detected test type: old
[2017-06-01 08:20:18,858 DEBUG Engine.cloud] Request: GET https://a.blazemeter.com/api/v4/user None
[2017-06-01 08:20:19,260 DEBUG Engine.cloud] Response: {
    "api_version": 4,
    "error": null,
    "result": {
        "id": 339612,
        "email": "eric.dapp@blazemeter.com",
        "access": 1496330418,
        "login": 1496167689,
        "firstName": "Eric",
        "lastName": "Dapp",
        "timez
[2017-06-01 08:20:19,260 DEBUG Engine.cloud] Request: GET https://a.blazemeter.com/api/v4/projects?workspaceId=119008&limit=99999 None
[2017-06-01 08:20:19,675 DEBUG Engine.cloud] Response: {
    "limit": 99999,
    "skip": 0,
    "total": 6,
    "api_version": 4,
    "error": null,
    "result": [
        {
            "id": 163658,
            "name": "BlazeDemo Tests",
            "userId": null,
            "description": "",
            
[2017-06-01 08:20:19,676 DEBUG Engine.cloud] Request: GET https://a.blazemeter.com/api/v4/projects?workspaceId=127980&limit=99999 None
[2017-06-01 08:20:20,067 DEBUG Engine.cloud] Response: {
    "limit": 99999,
    "skip": 0,
    "total": 1,
    "api_version": 4,
    "error": null,
    "result": [
        {
            "id": 173138,
            "name": "Default project",
            "userId": null,
            "description": null,
          
[2017-06-01 08:20:20,067 DEBUG Engine.cloud] Request: GET https://a.blazemeter.com/api/v4/projects?workspaceId=127984&limit=99999 None
[2017-06-01 08:20:20,467 DEBUG Engine.cloud] Response: {
    "limit": 99999,
    "skip": 0,
    "total": 1,
    "api_version": 4,
    "error": null,
    "result": [
        {
            "id": 173143,
            "name": "Default project",
            "userId": null,
            "description": null,
          
[2017-06-01 08:20:20,468 DEBUG Engine.cloud] Request: GET https://a.blazemeter.com/api/v4/projects?workspaceId=132723&limit=99999 None
[2017-06-01 08:20:20,870 DEBUG Engine.cloud] Response: {
    "limit": 99999,
    "skip": 0,
    "total": 1,
    "api_version": 4,
    "error": null,
    "result": [
        {
            "id": 178588,
            "name": "Default project",
            "userId": null,
            "description": null,
          
[2017-06-01 08:20:20,870 DEBUG Engine.cloud] Request: GET https://a.blazemeter.com/api/v4/projects?workspaceId=135886&limit=99999 None
[2017-06-01 08:20:21,259 DEBUG Engine.cloud] Response: {
    "limit": 99999,
    "skip": 0,
    "total": 2,
    "api_version": 4,
    "error": null,
    "result": [
        {
            "id": 182182,
            "name": "Default project",
            "userId": null,
            "description": null,
          
[2017-06-01 08:20:21,259 DEBUG Engine.cloud] Request: GET https://a.blazemeter.com/api/v4/projects?workspaceId=133217&limit=99999 None
[2017-06-01 08:20:21,651 DEBUG Engine.cloud] Response: {
    "limit": 99999,
    "skip": 0,
    "total": 1,
    "api_version": 4,
    "error": null,
    "result": [
        {
            "id": 179141,
            "name": "Default project",
            "userId": null,
            "description": null,
          
[2017-06-01 08:20:21,651 DEBUG Engine.cloud] Request: GET https://a.blazemeter.com/api/v4/workspaces/119008 None
[2017-06-01 08:20:22,115 DEBUG Engine.cloud] Response: {
    "api_version": 4,
    "error": null,
    "result": {
        "id": 119008,
        "name": "Default workspace",
        "userId": 339612,
        "created": 1486702692,
        "updated": 1486702692,
        "enabled": true,
        "dedicatedIpsEnab
[2017-06-01 08:20:22,119 DEBUG Engine.cloud] Request: GET https://a.blazemeter.com/api/v4/workspaces/127980 None
[2017-06-01 08:20:22,768 DEBUG Engine.cloud] Response: {
    "api_version": 4,
    "error": null,
    "result": {
        "id": 127980,
        "name": "Demo Workspace",
        "userId": 339612,
        "created": 1491255975,
        "updated": 1491255975,
        "enabled": true,
        "dedicatedIpsEnabled
[2017-06-01 08:20:22,778 DEBUG Engine.cloud] Request: GET https://a.blazemeter.com/api/v4/workspaces/127984 None
[2017-06-01 08:20:23,276 DEBUG Engine.cloud] Response: {
    "api_version": 4,
    "error": null,
    "result": {
        "id": 127984,
        "name": "Demo Workspace 2",
        "userId": 339612,
        "created": 1491261975,
        "updated": 1491261975,
        "enabled": true,
        "dedicatedIpsEnabl
[2017-06-01 08:20:23,280 DEBUG Engine.cloud] Request: GET https://a.blazemeter.com/api/v4/workspaces/132723 None
[2017-06-01 08:20:23,765 DEBUG Engine.cloud] Response: {
    "api_version": 4,
    "error": null,
    "result": {
        "id": 132723,
        "name": "QA Workspace",
        "userId": 339612,
        "created": 1493312851,
        "updated": 1493312851,
        "enabled": true,
        "dedicatedIpsEnabled":
[2017-06-01 08:20:23,769 DEBUG Engine.cloud] Request: GET https://a.blazemeter.com/api/v4/workspaces/135886 None
[2017-06-01 08:20:24,262 DEBUG Engine.cloud] Response: {
    "api_version": 4,
    "error": null,
    "result": {
        "id": 135886,
        "name": "scratch",
        "userId": 339612,
        "created": 1494801554,
        "updated": 1494801554,
        "enabled": true,
        "dedicatedIpsEnabled": true
[2017-06-01 08:20:24,271 DEBUG Engine.cloud] Request: GET https://a.blazemeter.com/api/v4/workspaces/133217 None
[2017-06-01 08:20:24,783 DEBUG Engine.cloud] Response: {
    "api_version": 4,
    "error": null,
    "result": {
        "id": 133217,
        "name": "DEMOs",
        "userId": 307773,
        "created": 1493664013,
        "updated": 1493746137,
        "enabled": true,
        "dedicatedIpsEnabled": true,

[2017-06-01 08:20:24,790 DEBUG Engine.selenium] Extract defaultdict(None, {'script': './blazeDemo_Selenium_with_unit_chrome.py'}) into scenarios
[2017-06-01 08:20:24,790 DEBUG Engine.cloud] All resource files are: ['./blazeDemo_Selenium_with_unit_chrome.py']
[2017-06-01 08:20:24,790 DEBUG Engine.cloud] Replace file names in config: ['./blazeDemo_Selenium_with_unit_chrome.py'] with ['blazeDemo_Selenium_with_unit_chrome.py']
[2017-06-01 08:20:24,791 DEBUG Engine.cloud] Replaced ./blazeDemo_Selenium_with_unit_chrome.py with blazeDemo_Selenium_with_unit_chrome.py
[2017-06-01 08:20:24,792 DEBUG Engine] New artifact filename: /Users/daper01/Documents/OSLo/Selenium/2017-06-01_08-20-12.659482/cloud
[2017-06-01 08:20:24,793 DEBUG root] Dumping YAML config into /Users/daper01/Documents/OSLo/Selenium/2017-06-01_08-20-12.659482/cloud.yml
[2017-06-01 08:20:24,799 DEBUG root] Dumping JSON config into /Users/daper01/Documents/OSLo/Selenium/2017-06-01_08-20-12.659482/cloud.json
[2017-06-01 08:20:24,800 DEBUG Engine.cloud] Request: GET https://a.blazemeter.com/api/v4/web/elfinder/5551396?cmd=open&target=s1_Lw None
[2017-06-01 08:20:25,446 DEBUG Engine.cloud] Response: {"cwd":{"name":"data","size":0,"mime":"directory","read":1,"write":1,"parent_id":"users","hash":"s1_Lw","rootRev":"","options":{"path":"","url":"","tmbUrl":"","disabled":["mkdir","archive","extract","chmod"],"separator":"\/","copyOverwrite":1,"uploadOverwr
[2017-06-01 08:20:25,446 DEBUG Engine.cloud] Test files: [u'Testng.java', u'taurus.yml']
[2017-06-01 08:20:25,446 DEBUG Engine.cloud] Request: GET https://a.blazemeter.com/api/v4/web/elfinder/5551396?cmd=rm&targets[]=s1_VGVzdG5nLmphdmE&targets[]=s1_dGF1cnVzLnltbA None
[2017-06-01 08:20:25,983 DEBUG Engine.cloud] Response: {"removed":["s1_VGVzdG5nLmphdmE","s1_dGF1cnVzLnltbA"],"changed":[{"name":"data","size":0,"mime":"directory","read":1,"write":1,"parent_id":"users","hash":"s1_Lw","rootRev":"","options":{"path":"","url":"","tmbUrl":"","disabled":["mkdir","archive","extract"
[2017-06-01 08:20:25,983 DEBUG Engine.cloud] Successfully deleted 2 test files
[2017-06-01 08:20:25,988 DEBUG Engine.cloud] Uploading files into the test: ['/Users/daper01/Documents/OSLo/Selenium/blazeDemo_Selenium_with_unit_chrome.py']
[2017-06-01 08:20:25,999 DEBUG Engine.cloud] Request: POST https://a.blazemeter.com/api/v4/tests/5551396/files --===============1975053632032370382==
Content-Disposition: file; name="script"; filename="taurus.yml"
Content-Type: application/octet-stream

---
execution:
- concurrency: 1
  executor: selenium
  hold-for: 20m
  locations:
    us-central1-a: 1
  runn
[2017-06-01 08:20:26,710 DEBUG Engine.cloud] Response: {
    "api_version": 4,
    "error": null,
    "result": {
        "id": 5551396,
        "name": "Taurus Cloud Test",
        "userId": 339612,
        "created": 1488354376,
        "updated": 1496330426,
        "configuration": {
            "type": "t
[2017-06-01 08:20:26,710 DEBUG Engine.cloud] Request: PATCH https://a.blazemeter.com/api/v4/tests/5551396 {
 "configuration": {
  "executionType": null
 }
}
[2017-06-01 08:20:27,246 DEBUG Engine.cloud] Response: {
    "api_version": 4,
    "error": null,
    "result": {
        "id": 5551396,
        "name": "Taurus Cloud Test",
        "userId": 339612,
        "created": 1488354376,
        "updated": 1496330427,
        "projectId": 162568,
        "lastUpdated
[2017-06-01 08:20:27,246 DEBUG Engine] Module config: final-stats defaultdict(None, {'class': 'bzt.modules.reporting.FinalStatus'})
[2017-06-01 08:20:27,246 DEBUG root] Importing module: bzt.modules.reporting
[2017-06-01 08:20:27,248 DEBUG root] Loading class: 'FinalStatus' from <module 'bzt.modules.reporting' from '/usr/local/lib/python2.7/site-packages/bzt/modules/reporting.pyc'>
[2017-06-01 08:20:27,248 DEBUG Engine] Module config: console defaultdict(None, {'class': 'bzt.modules.console.ConsoleStatusReporter'})
[2017-06-01 08:20:27,249 DEBUG root] Importing module: bzt.modules.console
[2017-06-01 08:20:27,249 DEBUG root] Loading class: 'ConsoleStatusReporter' from <module 'bzt.modules.console' from '/usr/local/lib/python2.7/site-packages/bzt/modules/console.pyc'>
[2017-06-01 08:20:27,255 DEBUG Engine.Configuration] Dumping YAML config into /Users/daper01/Documents/OSLo/Selenium/2017-06-01_08-20-12.659482/effective.yml
[2017-06-01 08:20:27,278 DEBUG Engine.Configuration] Dumping JSON config into /Users/daper01/Documents/OSLo/Selenium/2017-06-01_08-20-12.659482/effective.json
[2017-06-01 08:20:27,279 INFO Engine] Starting...
[2017-06-01 08:20:27,279 DEBUG Engine] Startup <bzt.modules.aggregator.ConsolidatingAggregator object at 0x1051f1790>
[2017-06-01 08:20:27,279 DEBUG Engine] Startup <bzt.modules.reporting.FinalStatus object at 0x1060fded0>
[2017-06-01 08:20:27,279 DEBUG Engine] Startup <bzt.modules.console.ConsoleStatusReporter object at 0x1060fd790>
[2017-06-01 08:20:27,279 INFO Engine.console] Waiting for results...
[2017-06-01 08:20:27,279 DEBUG Engine] Startup <bzt.modules.blazemeter.CloudProvisioning object at 0x105216d50>
[2017-06-01 08:20:27,280 INFO Engine.cloud.ProjectFinder.CloudTaurusTest] Initiating cloud test with https://a.blazemeter.com ...
[2017-06-01 08:20:27,280 DEBUG Engine.cloud] Request: POST https://a.blazemeter.com/api/v4/tests/5551396/start None
[2017-06-01 08:20:28,019 DEBUG Engine.cloud] Response: {
    "api_version": 4,
    "error": null,
    "result": {
        "id": 16273630,
        "name": "Taurus Cloud Test",
        "userId": 339612,
        "runnerUserId": 339612,
        "created": 1496330427,
        "updated": 1496330427,
        "testId"
[2017-06-01 08:20:28,020 INFO Engine.cloud] Started cloud test: https://a.blazemeter.com/app/#/masters/16273630
[2017-06-01 08:20:28,242 DEBUG Engine.Configuration] Dumping YAML config into /Users/daper01/Documents/OSLo/Selenium/2017-06-01_08-20-12.659482/effective.yml
[2017-06-01 08:20:28,313 DEBUG Engine.Configuration] Dumping JSON config into /Users/daper01/Documents/OSLo/Selenium/2017-06-01_08-20-12.659482/effective.json
[2017-06-01 08:20:28,315 DEBUG root] Leveling down log file verbosity, use -v option to have DEBUG messages enabled
[2017-06-01 08:20:28,745 INFO Engine.cloud] Cloud test status: CREATE
[2017-06-01 08:20:29,234 INFO Engine.console] Waiting for finish...
[2017-06-01 08:20:35,551 INFO Engine.cloud] Cloud test status: BOOT_STARTING
[2017-06-01 08:21:19,166 INFO Engine.cloud] Cloud test status: INIT_SCRIPT
[2017-06-01 08:21:29,203 INFO Engine.cloud] Cloud test status: TAURUS_ENGINE_INIT
[2017-06-01 08:25:25,633 INFO Engine.cloud] Cloud test status: ENDED
[2017-06-01 08:25:25,641 INFO Engine.cloud] Test was stopped in the cloud: ENDED
[2017-06-01 08:25:26,845 WARNING Engine] Please wait for graceful shutdown...
[2017-06-01 08:25:26,850 DEBUG root] Leveled up log file verbosity
[2017-06-01 08:25:26,850 INFO Engine] Shutting down...
[2017-06-01 08:25:26,856 DEBUG Engine.console] Restoring logging streams, [<logging.StreamHandler object at 0x1051f1750>]/{<logging.StreamHandler object at 0x1051f1750>: <open file '<stdout>', mode 'w' at 0x1040af150>}
[2017-06-01 08:25:26,858 DEBUG Engine.Configuration] Dumping YAML config into /Users/daper01/Documents/OSLo/Selenium/2017-06-01_08-20-12.659482/effective.yml
[2017-06-01 08:25:26,880 DEBUG Engine.Configuration] Dumping JSON config into /Users/daper01/Documents/OSLo/Selenium/2017-06-01_08-20-12.659482/effective.json
[2017-06-01 08:25:26,881 INFO Engine] Post-processing...
[2017-06-01 08:25:26,881 DEBUG Engine.cloud] Request: GET https://a.blazemeter.com/api/v4/masters/16273630/full None
[2017-06-01 08:25:27,291 DEBUG Engine.cloud] Response: {
    "api_version": 4,
    "error": null,
    "result": {
        "id": 16273630,
        "name": "Taurus Cloud Test",
        "userId": 339612,
        "ended": 1496330721,
        "runnerUserId": 339612,
        "created": 1496330427,
        "updated":
[2017-06-01 08:25:27,292 WARNING Engine.cloud] Cloud test has probably failed with message: ManualShutdown:
[2017-06-01 08:25:27,296 DEBUG Engine] post_process: {
 "message": "Session ended without load report data", 
 "code": 70404, 
 "details": null
}
Traceback (most recent call last):
  File "/usr/local/lib/python2.7/site-packages/bzt/engine.py", line 238, in post_process
    module.post_process()
  File "/usr/local/lib/python2.7/site-packages/bzt/modules/blazemeter.py", line 1568, in post_process
    raise TaurusException(to_json(error))
TaurusException: {
 "message": "Session ended without load report data", 
 "code": 70404, 
 "details": null
}

[2017-06-01 08:25:27,296 DEBUG Engine.cloud] Request: GET https://a.blazemeter.com/api/v4/data/labels?master_id=16273630 None
[2017-06-01 08:25:27,698 DEBUG Engine.cloud] Response: {
    "api_version": 4,
    "error": null,
    "result": [
        {
            "id": "ALL",
            "name": "ALL",
            "sessions": []
        }
    ]
}
[2017-06-01 08:25:27,698 DEBUG Engine.cloud] Request: GET https://a.blazemeter.com/api/v4/data/kpis?interval=1&from=0&master_ids%5B%5D=16273630&kpis%5B%5D=t&kpis%5B%5D=lt&kpis%5B%5D=by&kpis%5B%5D=n&kpis%5B%5D=ec&kpis%5B%5D=ts&kpis%5B%5D=na&labels%5B%5D=ALL None
[2017-06-01 08:25:28,102 DEBUG Engine.cloud] Response: {
    "api_version": 4,
    "error": null,
    "result": [
        {
            "preAggregatedKPIs": false
        }
    ]
}
[2017-06-01 08:25:28,102 DEBUG Engine.cloud] Request: GET https://a.blazemeter.com/api/v4/masters/16273630/reports/aggregatereport/data None
[2017-06-01 08:25:28,512 DEBUG Engine.cloud] Response: {
    "api_version": 4,
    "error": null,
    "result": []
}
[2017-06-01 08:25:28,512 DEBUG Engine.consolidator] Consolidator buffer[0]: []
[2017-06-01 08:25:28,512 INFO Engine.final-stats] Test duration: 0:05:01
[2017-06-01 08:25:28,512 DEBUG Engine.console] No logger_handler or orig_stream was detected
[2017-06-01 08:25:28,514 DEBUG Engine.Configuration] Dumping YAML config into /Users/daper01/Documents/OSLo/Selenium/2017-06-01_08-20-12.659482/effective.yml
[2017-06-01 08:25:28,554 DEBUG Engine.Configuration] Dumping JSON config into /Users/daper01/Documents/OSLo/Selenium/2017-06-01_08-20-12.659482/effective.json
[2017-06-01 08:25:28,555 ERROR root] Generic Taurus Error: {
 "message": "Session ended without load report data", 
 "code": 70404, 
 "details": null
}
[2017-06-01 08:25:28,556 DEBUG root] TaurusException: {
 "message": "Session ended without load report data", 
 "code": 70404, 
 "details": null
}
Traceback (most recent call last):
  File "/usr/local/lib/python2.7/site-packages/bzt/cli.py", line 220, in perform
    self.engine.post_process()
  File "/usr/local/lib/python2.7/site-packages/bzt/engine.py", line 251, in post_process
    reraise(exc_info)
  File "/usr/local/lib/python2.7/site-packages/bzt/engine.py", line 238, in post_process
    module.post_process()
  File "/usr/local/lib/python2.7/site-packages/bzt/modules/blazemeter.py", line 1568, in post_process
    raise TaurusException(to_json(error))
TaurusException: {
 "message": "Session ended without load report data", 
 "code": 70404, 
 "details": null
}
[2017-06-01 08:25:28,556 INFO root] Artifacts dir: /Users/daper01/Documents/OSLo/Selenium/2017-06-01_08-20-12.659482
[2017-06-01 08:25:28,556 WARNING root] Done performing with code: 1
[2017-06-01 08:25:28,557 DEBUG root] Closing log handler: /Users/daper01/Documents/OSLo/Selenium/2017-06-01_08-20-12.659482/bzt.log
