[2017-12-01 12:31:09,009 INFO root] Taurus CLI Tool v1.9.6
[2017-12-01 12:31:09,009 DEBUG root] Command-line options: {'verbose': None, 'no_system_configs': None, 'quiet': None, 'log': '/var/folders/vq/xzrdy2lx047cst78f69v8z3xfzqz1q/T/bzt_f6KY8N.log', 'option': None, 'aliases': []}
[2017-12-01 12:31:09,009 DEBUG root] Python: CPython 2.7.13
[2017-12-01 12:31:09,009 DEBUG root] OS: ('Darwin', 'daper01mac1124', '17.2.0', 'Darwin Kernel Version 17.2.0: Fri Sep 29 18:27:05 PDT 2017; root:xnu-4570.20.62~3/RELEASE_X86_64', 'x86_64', 'i386')
[2017-12-01 12:31:09,010 INFO root] Starting with configs: ['load_scenario_from_csv.yml', 'execution_jmeter.yml']
[2017-12-01 12:31:09,010 DEBUG root] Using personal config: /Users/daper01/.bzt-rc
[2017-12-01 12:31:09,010 INFO Engine] Configuring...
[2017-12-01 12:31:09,010 DEBUG Engine] Reading extension configs from: /usr/local/etc/bzt.d
[2017-12-01 12:31:09,010 DEBUG Engine.Configuration] Configs: ['/usr/local/lib/python2.7/site-packages/bzt/resources/base-config.yml', '/usr/local/etc/bzt.d/99-installID.yml']
[2017-12-01 12:31:09,012 DEBUG Engine.Configuration] Reading /usr/local/lib/python2.7/site-packages/bzt/resources/base-config.yml as YAML
[2017-12-01 12:31:09,040 DEBUG Engine.Configuration] Reading /usr/local/etc/bzt.d/99-installID.yml as YAML
[2017-12-01 12:31:09,040 DEBUG Engine.Configuration] Configs: ['/Users/daper01/.bzt-rc', 'load_scenario_from_csv.yml', 'execution_jmeter.yml']
[2017-12-01 12:31:09,041 DEBUG Engine.Configuration] Reading /Users/daper01/.bzt-rc as YAML
[2017-12-01 12:31:09,044 DEBUG Engine.Configuration] Reading load_scenario_from_csv.yml as YAML
[2017-12-01 12:31:09,049 DEBUG Engine.Configuration] Reading execution_jmeter.yml as YAML
[2017-12-01 12:31:09,056 DEBUG Engine.Configuration] Configs: ['/Users/daper01/.bzt-rc', 'load_scenario_from_csv.yml', 'execution_jmeter.yml']
[2017-12-01 12:31:09,056 DEBUG Engine.Configuration] Reading /Users/daper01/.bzt-rc as YAML
[2017-12-01 12:31:09,057 DEBUG Engine.Configuration] Reading load_scenario_from_csv.yml as YAML
[2017-12-01 12:31:09,061 DEBUG Engine.Configuration] Reading execution_jmeter.yml as YAML
[2017-12-01 12:31:09,086 DEBUG Engine] Requesting updates info: http://gettaurus.org/updates/?version=1.9.6&installID=784f43782a15
[2017-12-01 12:31:09,089 INFO Engine] Artifacts dir: /Users/daper01/Documents/OSLo/artifacts/2017-12-01_12-31-09.089859
[2017-12-01 12:31:09,090 DEBUG Engine] New artifact filename: /Users/daper01/Documents/OSLo/artifacts/2017-12-01_12-31-09.089859/effective
[2017-12-01 12:31:09,093 DEBUG Engine.Configuration] Dumping YAML config into /Users/daper01/Documents/OSLo/artifacts/2017-12-01_12-31-09.089859/effective.yml
[2017-12-01 12:31:09,134 DEBUG Engine.Configuration] Dumping JSON config into /Users/daper01/Documents/OSLo/artifacts/2017-12-01_12-31-09.089859/effective.json
[2017-12-01 12:31:09,136 DEBUG Engine] New artifact filename: /Users/daper01/Documents/OSLo/artifacts/2017-12-01_12-31-09.089859/merged.yml
[2017-12-01 12:31:09,137 DEBUG Engine.Configuration] Dumping YAML config into /Users/daper01/Documents/OSLo/artifacts/2017-12-01_12-31-09.089859/merged.yml
[2017-12-01 12:31:09,151 DEBUG Engine] New artifact filename: /Users/daper01/Documents/OSLo/artifacts/2017-12-01_12-31-09.089859/merged.json
[2017-12-01 12:31:09,152 DEBUG Engine.Configuration] Dumping JSON config into /Users/daper01/Documents/OSLo/artifacts/2017-12-01_12-31-09.089859/merged.json
[2017-12-01 12:31:09,153 DEBUG Engine] Add existing artifact (move=False): load_scenario_from_csv.yml
[2017-12-01 12:31:09,153 DEBUG Engine] Copying load_scenario_from_csv.yml to /Users/daper01/Documents/OSLo/artifacts/2017-12-01_12-31-09.089859/load_scenario_from_csv.yml
[2017-12-01 12:31:09,154 DEBUG Engine] Add existing artifact (move=False): execution_jmeter.yml
[2017-12-01 12:31:09,154 DEBUG Engine] Copying execution_jmeter.yml to /Users/daper01/Documents/OSLo/artifacts/2017-12-01_12-31-09.089859/execution_jmeter.yml
[2017-12-01 12:31:09,155 DEBUG root] Closing log handler: /var/folders/vq/xzrdy2lx047cst78f69v8z3xfzqz1q/T/bzt_f6KY8N.log
[2017-12-01 12:31:09,503 DEBUG root] Switched writing logs to /Users/daper01/Documents/OSLo/artifacts/2017-12-01_12-31-09.089859/bzt.log
[2017-12-01 12:31:09,503 INFO Engine] Preparing...
[2017-12-01 12:31:09,504 DEBUG Engine] Module config: consolidator defaultdict(None, {'class': 'bzt.modules.aggregator.ConsolidatingAggregator'})
[2017-12-01 12:31:09,504 DEBUG root] Importing module: bzt.modules.aggregator
[2017-12-01 12:31:09,518 DEBUG root] Loading class: 'ConsolidatingAggregator' from <module 'bzt.modules.aggregator' from '/usr/local/lib/python2.7/site-packages/bzt/modules/aggregator.pyc'>
[2017-12-01 12:31:09,518 DEBUG Engine] Taurus updates info: {"latest":"1.10.3","needsUpgrade":true}
[2017-12-01 12:31:09,519 WARNING Engine] There is newer version of Taurus 1.10.3 available, consider upgrading. What's new: http://gettaurus.org/docs/Changelog/
[2017-12-01 12:31:09,519 DEBUG Engine.consolidator] Exception in dehumanize_time(inf)
[2017-12-01 12:31:09,519 DEBUG Engine.consolidator] Buffer scaling setup: percentile 95.0 from [0.0, 50.0, 90.0, 95.0, 99.0, 99.9, 100.0] selected
[2017-12-01 12:31:09,520 DEBUG Engine] Module config: monitoring defaultdict(None, {'class': 'bzt.modules.monitoring.Monitoring'})
[2017-12-01 12:31:09,520 DEBUG root] Importing module: bzt.modules.monitoring
[2017-12-01 12:31:09,624 DEBUG root] Loading class: 'Monitoring' from <module 'bzt.modules.monitoring' from '/usr/local/lib/python2.7/site-packages/bzt/modules/monitoring.pyc'>
[2017-12-01 12:31:09,625 DEBUG Engine] Module config: local defaultdict(None, {'class': 'bzt.modules.provisioning.Local'})
[2017-12-01 12:31:09,626 DEBUG root] Importing module: bzt.modules.provisioning
[2017-12-01 12:31:09,626 DEBUG root] Loading class: 'Local' from <module 'bzt.modules.provisioning' from '/usr/local/lib/python2.7/site-packages/bzt/modules/provisioning.pyc'>
[2017-12-01 12:31:09,626 DEBUG Engine] Module config: jmeter defaultdict(None, {'properties': defaultdict(None, {'jmeter.save.saveservice.autoflush': 'true', 'summariser.name': '', 'jmeter.save.saveservice.connect_time': 'true', 'mode': 'Stripped', 'jmeterengine.force.system.exit': 'true'}), 'class': 'bzt.modules.jmeter.JMeterExecutor', 'plugins': ['jpgc-casutg', 'jpgc-dummy', 'jpgc-ffw', 'jpgc-fifo', 'jpgc-functions', 'jpgc-json', 'jpgc-perfmon', 'jpgc-prmctl', 'jpgc-tst']})
[2017-12-01 12:31:09,626 DEBUG root] Importing module: bzt.modules.jmeter
[2017-12-01 12:31:09,666 DEBUG root] Loading class: 'JMeterExecutor' from <module 'bzt.modules.jmeter' from '/usr/local/lib/python2.7/site-packages/bzt/modules/jmeter.pyc'>
[2017-12-01 12:31:09,666 DEBUG Engine.local] Preparing executor: jmeter/4453227472
[2017-12-01 12:31:09,666 DEBUG Engine] New artifact filename: /Users/daper01/Documents/OSLo/artifacts/2017-12-01_12-31-09.089859/jmeter.log
[2017-12-01 12:31:09,666 DEBUG Engine.jmeter] Checking if port 4445 is free
[2017-12-01 12:31:09,667 DEBUG Engine.jmeter] Port 4445 is free
[2017-12-01 12:31:09,667 DEBUG Engine.jmeter] Using port 4445 for management
[2017-12-01 12:31:09,667 DEBUG Engine.jmeter.JavaVM] Trying JavaVM: ['java', '-version']
[2017-12-01 12:31:09,923 DEBUG Engine.jmeter.JavaVM] JavaVM output: java version "1.8.0_121"
Java(TM) SE Runtime Environment (build 1.8.0_121-b13)
Java HotSpot(TM) 64-Bit Server VM (build 25.121-b13, mixed mode)

[2017-12-01 12:31:09,924 DEBUG Engine.jmeter.TclLibrary] We don't need to check tcl library on this platform
[2017-12-01 12:31:09,925 DEBUG Engine.jmeter.JMeter] Trying jmeter: /Users/daper01/.bzt/jmeter-taurus/3.3/bin/jmeter.sh
[2017-12-01 12:31:09,925 DEBUG bzt.utils] Executing shell: ['/Users/daper01/.bzt/jmeter-taurus/3.3/bin/jmeter.sh', '-j', '/var/folders/vq/xzrdy2lx047cst78f69v8z3xfzqz1q/T/jmeterdkfYPglog', '--version']
[2017-12-01 12:31:11,274 DEBUG Engine.jmeter.JMeter] JMeter check:     _    ____   _    ____ _   _ _____       _ __  __ _____ _____ _____ ____     
   / \  |  _ \ / \  / ___| | | | ____|     | |  \/  | ____|_   _| ____|  _ \   
  / _ \ | |_) / _ \| |   | |_| |  _|    _  | | |\/| |  _|   | | |  _| | |_) | 
 / ___ \|  __/ ___ \ |___|  _  | |___  | |_| | |  | | |___  | | | |___|  _ <  
/_/   \_\_| /_/   \_\____|_| |_|_____|  \___/|_|  |_|_____| |_| |_____|_| \_\ 3.3 r1808647  

Copyright (c) 1999-2017 The Apache Software Foundation

 / None
[2017-12-01 12:31:11,275 DEBUG Engine] New artifact filename: /Users/daper01/Documents/OSLo/artifacts/2017-12-01_12-31-09.089859/requests.jmx
[2017-12-01 12:31:11,280 DEBUG JMeterScenarioBuilder] Saving JMX to: /Users/daper01/Documents/OSLo/artifacts/2017-12-01_12-31-09.089859/requests.jmx
[2017-12-01 12:31:11,281 DEBUG bzt.utils] Executing shell: ['/Users/daper01/.bzt/jmeter-taurus/3.3/bin/PluginsManagerCMD.sh', 'install-for-jmx', '/Users/daper01/Documents/OSLo/artifacts/2017-12-01_12-31-09.089859/requests.jmx']
[2017-12-01 12:31:14,938 DEBUG Engine.jmeter.JMeter] Try to detect plugins for /Users/daper01/Documents/OSLo/artifacts/2017-12-01_12-31-09.089859/requests.jmx
12:31:13.260 [main] INFO  org.jmeterplugins.repository.PluginManager - Plugins Status: [jpgc-functions=2.0, jpgc-casutg=2.1, jpgc-dummy=0.2, jpgc-ffw=2.0, jpgc-fifo=0.2, jpgc-json=2.6, jpgc-prmctl=0.3, jpgc-perfmon=2.1, jpgc-plugins-manager=0.16, jpgc-tst=2.1, jmeter-core=3.3, jmeter-ftp=3.3, jmeter-http=3.3, jmeter-jdbc=3.3, jmeter-jms=3.3, jmeter-junit=3.3, jmeter-java=3.3, jmeter-ldap=3.3, jmeter-mail=3.3, jmeter-mongodb=3.3, jmeter-native=3.3, jmeter-tcp=3.3, jmeter-components=3.3]
2017-12-01 12:31:13,260 INFO o.j.r.PluginManager: Plugins Status: [jpgc-functions=2.0, jpgc-casutg=2.1, jpgc-dummy=0.2, jpgc-ffw=2.0, jpgc-fifo=0.2, jpgc-json=2.6, jpgc-prmctl=0.3, jpgc-perfmon=2.1, jpgc-plugins-manager=0.16, jpgc-tst=2.1, jmeter-core=3.3, jmeter-ftp=3.3, jmeter-http=3.3, jmeter-jdbc=3.3, jmeter-jms=3.3, jmeter-junit=3.3, jmeter-java=3.3, jmeter-ldap=3.3, jmeter-mail=3.3, jmeter-mongodb=3.3, jmeter-native=3.3, jmeter-tcp=3.3, jmeter-components=3.3]
12:31:13.809 [main] INFO  org.apache.jmeter.save.SaveService - Testplan (JMX) version: 2.2. Testlog (JTL) version: 2.2
2017-12-01 12:31:13,809 INFO o.a.j.s.SaveService: Testplan (JMX) version: 2.2. Testlog (JTL) version: 2.2
12:31:13.839 [main] INFO  org.apache.jmeter.save.SaveService - Using SaveService properties file encoding UTF-8
2017-12-01 12:31:13,839 INFO o.a.j.s.SaveService: Using SaveService properties file encoding UTF-8
12:31:13.849 [main] INFO  org.apache.jmeter.save.SaveService - Using SaveService properties version 3.2
2017-12-01 12:31:13,849 INFO o.a.j.s.SaveService: Using SaveService properties version 3.2
12:31:13.939 [main] INFO  org.apache.jmeter.protocol.http.control.CacheManager - Will only cache the following methods: [GET]
2017-12-01 12:31:13,939 INFO o.a.j.p.h.c.CacheManager: Will only cache the following methods: [GET]
12:31:13.942 [main] INFO  org.apache.jmeter.protocol.http.control.CookieManager - Settings: Delete null: true Check: true Allow variable: true Save: false Prefix: COOKIE_
2017-12-01 12:31:13,942 INFO o.a.j.p.h.c.CookieManager: Settings: Delete null: true Check: true Allow variable: true Save: false Prefix: COOKIE_
12:31:14.087 [main] INFO  org.jmeterplugins.repository.PluginManager - Restarting JMeter...
2017-12-01 12:31:14,087 INFO o.j.r.PluginManager: Restarting JMeter...
12:31:14.089 [Thread-1] INFO  org.jmeterplugins.repository.PluginManager - Starting JMeter Plugins modifications
2017-12-01 12:31:14,089 INFO o.j.r.PluginManager: Starting JMeter Plugins modifications

ERROR StatusLogger No log4j2 configuration file found. Using default configuration: logging only errors to the console. Set system property 'org.apache.logging.log4j.simplelog.StatusLogger.level' to TRACE to show Log4j2 internal initialization logging.

[2017-12-01 12:31:14,938 DEBUG Engine.jmeter] Load: LoadSpec(concurrency=50, throughput=None, ramp_up=30.0, hold=120.0, iterations=0, duration=150.0, steps=None)
[2017-12-01 12:31:14,942 DEBUG Engine.jmeter.LoadSettingsProcessor.ThreadGroupHandler] Converting ThreadGroup (blazedemo) to ConcurrencyThreadGroup and apply load parameters
[2017-12-01 12:31:14,942 DEBUG Engine] New artifact filename: /Users/daper01/Documents/OSLo/artifacts/2017-12-01_12-31-09.089859/kpi.jtl
[2017-12-01 12:31:14,943 DEBUG Engine] New artifact filename: /Users/daper01/Documents/OSLo/artifacts/2017-12-01_12-31-09.089859/error.jtl
[2017-12-01 12:31:14,944 DEBUG Engine] New artifact filename: /Users/daper01/Documents/OSLo/artifacts/2017-12-01_12-31-09.089859/modified_requests.jmx
[2017-12-01 12:31:14,944 DEBUG JMX] Saving JMX to: /Users/daper01/Documents/OSLo/artifacts/2017-12-01_12-31-09.089859/modified_requests.jmx
[2017-12-01 12:31:14,945 DEBUG Engine.jmeter] Additional properties: defaultdict(None, {'jmeter.save.saveservice.autoflush': 'true', 'jmeter.save.saveservice.connect_time': 'true', 'user.classpath': '/Users/daper01/Documents/OSLo/artifacts/2017-12-01_12-31-09.089859', 'sampleresult.default.encoding': 'UTF-8', 'summariser.name': '', 'jmeterengine.force.system.exit': 'true', 'jmeter.save.saveservice.timestamp_format': 'ms', 'mode': 'Stripped', 'jmeterengine.nongui.maxport': 4445, 'jmeterengine.nongui.port': 4445})
[2017-12-01 12:31:14,945 DEBUG Engine] New artifact filename: /Users/daper01/Documents/OSLo/artifacts/2017-12-01_12-31-09.089859/jmeter-bzt.properties
[2017-12-01 12:31:14,946 DEBUG Engine.jmeter] Additional system properties defaultdict(None, {'sun.net.inetaddr.ttl': 0})
[2017-12-01 12:31:14,946 DEBUG Engine] New artifact filename: /Users/daper01/Documents/OSLo/artifacts/2017-12-01_12-31-09.089859/system.properties
[2017-12-01 12:31:14,946 DEBUG Engine] New artifact filename: /Users/daper01/Documents/OSLo/artifacts/2017-12-01_12-31-09.089859/jmeter.out
[2017-12-01 12:31:14,946 DEBUG Engine] New artifact filename: /Users/daper01/Documents/OSLo/artifacts/2017-12-01_12-31-09.089859/jmeter.err
[2017-12-01 12:31:14,947 DEBUG Engine.local] Preparing executor: jmeter/4453227536
[2017-12-01 12:31:14,947 DEBUG Engine] New artifact filename: /Users/daper01/Documents/OSLo/artifacts/2017-12-01_12-31-09.089859/jmeter-1.log
[2017-12-01 12:31:14,948 DEBUG Engine.jmeter] Checking if port 4446 is free
[2017-12-01 12:31:14,948 DEBUG Engine.jmeter] Port 4446 is free
[2017-12-01 12:31:14,948 DEBUG Engine.jmeter] Using port 4446 for management
[2017-12-01 12:31:14,949 DEBUG Engine.jmeter.JavaVM] Trying JavaVM: ['java', '-version']
[2017-12-01 12:31:15,174 DEBUG Engine.jmeter.JavaVM] JavaVM output: java version "1.8.0_121"
Java(TM) SE Runtime Environment (build 1.8.0_121-b13)
Java HotSpot(TM) 64-Bit Server VM (build 25.121-b13, mixed mode)

[2017-12-01 12:31:15,174 DEBUG Engine.jmeter.TclLibrary] We don't need to check tcl library on this platform
[2017-12-01 12:31:15,174 DEBUG Engine.jmeter.JMeter] Trying jmeter: /Users/daper01/.bzt/jmeter-taurus/3.3/bin/jmeter.sh
[2017-12-01 12:31:15,175 DEBUG bzt.utils] Executing shell: ['/Users/daper01/.bzt/jmeter-taurus/3.3/bin/jmeter.sh', '-j', '/var/folders/vq/xzrdy2lx047cst78f69v8z3xfzqz1q/T/jmeterVtrLVzlog', '--version']
[2017-12-01 12:31:16,451 DEBUG Engine.jmeter.JMeter] JMeter check:     _    ____   _    ____ _   _ _____       _ __  __ _____ _____ _____ ____     
   / \  |  _ \ / \  / ___| | | | ____|     | |  \/  | ____|_   _| ____|  _ \   
  / _ \ | |_) / _ \| |   | |_| |  _|    _  | | |\/| |  _|   | | |  _| | |_) | 
 / ___ \|  __/ ___ \ |___|  _  | |___  | |_| | |  | | |___  | | | |___|  _ <  
/_/   \_\_| /_/   \_\____|_| |_|_____|  \___/|_|  |_|_____| |_| |_____|_| \_\ 3.3 r1808647  

Copyright (c) 1999-2017 The Apache Software Foundation

 / None
[2017-12-01 12:31:16,453 DEBUG Engine] New artifact filename: /Users/daper01/Documents/OSLo/artifacts/2017-12-01_12-31-09.089859/requests-1.jmx
[2017-12-01 12:31:16,457 DEBUG JMeterScenarioBuilder] Saving JMX to: /Users/daper01/Documents/OSLo/artifacts/2017-12-01_12-31-09.089859/requests-1.jmx
[2017-12-01 12:31:16,458 DEBUG bzt.utils] Executing shell: ['/Users/daper01/.bzt/jmeter-taurus/3.3/bin/PluginsManagerCMD.sh', 'install-for-jmx', '/Users/daper01/Documents/OSLo/artifacts/2017-12-01_12-31-09.089859/requests-1.jmx']
[2017-12-01 12:31:19,907 DEBUG Engine.jmeter.JMeter] Try to detect plugins for /Users/daper01/Documents/OSLo/artifacts/2017-12-01_12-31-09.089859/requests-1.jmx
12:31:18.376 [main] INFO  org.jmeterplugins.repository.PluginManager - Plugins Status: [jpgc-functions=2.0, jpgc-casutg=2.1, jpgc-dummy=0.2, jpgc-ffw=2.0, jpgc-fifo=0.2, jpgc-json=2.6, jpgc-prmctl=0.3, jpgc-perfmon=2.1, jpgc-plugins-manager=0.16, jpgc-tst=2.1, jmeter-core=3.3, jmeter-ftp=3.3, jmeter-http=3.3, jmeter-jdbc=3.3, jmeter-jms=3.3, jmeter-junit=3.3, jmeter-java=3.3, jmeter-ldap=3.3, jmeter-mail=3.3, jmeter-mongodb=3.3, jmeter-native=3.3, jmeter-tcp=3.3, jmeter-components=3.3]
2017-12-01 12:31:18,376 INFO o.j.r.PluginManager: Plugins Status: [jpgc-functions=2.0, jpgc-casutg=2.1, jpgc-dummy=0.2, jpgc-ffw=2.0, jpgc-fifo=0.2, jpgc-json=2.6, jpgc-prmctl=0.3, jpgc-perfmon=2.1, jpgc-plugins-manager=0.16, jpgc-tst=2.1, jmeter-core=3.3, jmeter-ftp=3.3, jmeter-http=3.3, jmeter-jdbc=3.3, jmeter-jms=3.3, jmeter-junit=3.3, jmeter-java=3.3, jmeter-ldap=3.3, jmeter-mail=3.3, jmeter-mongodb=3.3, jmeter-native=3.3, jmeter-tcp=3.3, jmeter-components=3.3]
12:31:18.813 [main] INFO  org.apache.jmeter.save.SaveService - Testplan (JMX) version: 2.2. Testlog (JTL) version: 2.2
2017-12-01 12:31:18,813 INFO o.a.j.s.SaveService: Testplan (JMX) version: 2.2. Testlog (JTL) version: 2.2
12:31:18.831 [main] INFO  org.apache.jmeter.save.SaveService - Using SaveService properties file encoding UTF-8
2017-12-01 12:31:18,831 INFO o.a.j.s.SaveService: Using SaveService properties file encoding UTF-8
12:31:18.836 [main] INFO  org.apache.jmeter.save.SaveService - Using SaveService properties version 3.2
2017-12-01 12:31:18,836 INFO o.a.j.s.SaveService: Using SaveService properties version 3.2
12:31:18.895 [main] INFO  org.apache.jmeter.protocol.http.control.CacheManager - Will only cache the following methods: [GET]
2017-12-01 12:31:18,895 INFO o.a.j.p.h.c.CacheManager: Will only cache the following methods: [GET]
12:31:18.899 [main] INFO  org.apache.jmeter.protocol.http.control.CookieManager - Settings: Delete null: true Check: true Allow variable: true Save: false Prefix: COOKIE_
2017-12-01 12:31:18,899 INFO o.a.j.p.h.c.CookieManager: Settings: Delete null: true Check: true Allow variable: true Save: false Prefix: COOKIE_
12:31:19.025 [main] INFO  org.jmeterplugins.repository.PluginManager - Restarting JMeter...
2017-12-01 12:31:19,025 INFO o.j.r.PluginManager: Restarting JMeter...
12:31:19.027 [Thread-1] INFO  org.jmeterplugins.repository.PluginManager - Starting JMeter Plugins modifications
2017-12-01 12:31:19,027 INFO o.j.r.PluginManager: Starting JMeter Plugins modifications

ERROR StatusLogger No log4j2 configuration file found. Using default configuration: logging only errors to the console. Set system property 'org.apache.logging.log4j.simplelog.StatusLogger.level' to TRACE to show Log4j2 internal initialization logging.

[2017-12-01 12:31:19,907 DEBUG Engine.jmeter] Load: LoadSpec(concurrency=50, throughput=None, ramp_up=120.0, hold=30.0, iterations=0, duration=150.0, steps=None)
[2017-12-01 12:31:19,913 DEBUG Engine.jmeter.LoadSettingsProcessor.ThreadGroupHandler] Converting ThreadGroup (blazedemo) to ConcurrencyThreadGroup and apply load parameters
[2017-12-01 12:31:19,914 DEBUG Engine] New artifact filename: /Users/daper01/Documents/OSLo/artifacts/2017-12-01_12-31-09.089859/kpi-1.jtl
[2017-12-01 12:31:19,915 DEBUG Engine] New artifact filename: /Users/daper01/Documents/OSLo/artifacts/2017-12-01_12-31-09.089859/error-1.jtl
[2017-12-01 12:31:19,916 DEBUG Engine] New artifact filename: /Users/daper01/Documents/OSLo/artifacts/2017-12-01_12-31-09.089859/modified_requests-1.jmx
[2017-12-01 12:31:19,916 DEBUG JMX] Saving JMX to: /Users/daper01/Documents/OSLo/artifacts/2017-12-01_12-31-09.089859/modified_requests-1.jmx
[2017-12-01 12:31:19,917 DEBUG Engine.jmeter] Additional properties: defaultdict(None, {'jmeter.save.saveservice.autoflush': 'true', 'jmeter.save.saveservice.connect_time': 'true', 'user.classpath': '/Users/daper01/Documents/OSLo/artifacts/2017-12-01_12-31-09.089859', 'sampleresult.default.encoding': 'UTF-8', 'summariser.name': '', 'jmeterengine.force.system.exit': 'true', 'jmeter.save.saveservice.timestamp_format': 'ms', 'mode': 'Stripped', 'jmeterengine.nongui.maxport': 4446, 'jmeterengine.nongui.port': 4446})
[2017-12-01 12:31:19,917 DEBUG Engine] New artifact filename: /Users/daper01/Documents/OSLo/artifacts/2017-12-01_12-31-09.089859/jmeter-bzt-1.properties
[2017-12-01 12:31:19,917 DEBUG Engine.jmeter] Additional system properties defaultdict(None, {'sun.net.inetaddr.ttl': 0})
[2017-12-01 12:31:19,917 DEBUG Engine] New artifact filename: /Users/daper01/Documents/OSLo/artifacts/2017-12-01_12-31-09.089859/system-1.properties
[2017-12-01 12:31:19,918 DEBUG Engine] New artifact filename: /Users/daper01/Documents/OSLo/artifacts/2017-12-01_12-31-09.089859/jmeter-1.out
[2017-12-01 12:31:19,918 DEBUG Engine] New artifact filename: /Users/daper01/Documents/OSLo/artifacts/2017-12-01_12-31-09.089859/jmeter-1.err
[2017-12-01 12:31:19,919 DEBUG Engine] Module config: final-stats defaultdict(None, {'class': 'bzt.modules.reporting.FinalStatus'})
[2017-12-01 12:31:19,919 DEBUG root] Importing module: bzt.modules.reporting
[2017-12-01 12:31:20,014 DEBUG easyprocess] version=0.2.3
[2017-12-01 12:31:20,017 DEBUG pyvirtualdisplay] version=0.2.1
[2017-12-01 12:31:20,018 DEBUG root] Loading class: 'FinalStatus' from <module 'bzt.modules.reporting' from '/usr/local/lib/python2.7/site-packages/bzt/modules/reporting.pyc'>
[2017-12-01 12:31:20,018 DEBUG Engine] Module config: console defaultdict(None, {'class': 'bzt.modules.console.ConsoleStatusReporter'})
[2017-12-01 12:31:20,018 DEBUG root] Importing module: bzt.modules.console
[2017-12-01 12:31:20,019 DEBUG root] Loading class: 'ConsoleStatusReporter' from <module 'bzt.modules.console' from '/usr/local/lib/python2.7/site-packages/bzt/modules/console.pyc'>
[2017-12-01 12:31:20,030 DEBUG Engine.Configuration] Dumping YAML config into /Users/daper01/Documents/OSLo/artifacts/2017-12-01_12-31-09.089859/effective.yml
[2017-12-01 12:31:20,085 DEBUG Engine.Configuration] Dumping JSON config into /Users/daper01/Documents/OSLo/artifacts/2017-12-01_12-31-09.089859/effective.json
[2017-12-01 12:31:20,086 INFO Engine] Starting...
[2017-12-01 12:31:20,086 DEBUG Engine] Startup <bzt.modules.monitoring.Monitoring object at 0x108da44d0>
[2017-12-01 12:31:20,087 DEBUG Engine] Startup <bzt.modules.aggregator.ConsolidatingAggregator object at 0x108dba750>
[2017-12-01 12:31:20,087 DEBUG Engine] Startup <bzt.modules.reporting.FinalStatus object at 0x1096eda10>
[2017-12-01 12:31:20,087 DEBUG Engine] Startup <bzt.modules.console.ConsoleStatusReporter object at 0x109867650>
[2017-12-01 12:31:20,087 INFO Engine.console] Waiting for results...
[2017-12-01 12:31:20,087 DEBUG Engine] Startup <bzt.modules.reporting.FinalStatus object at 0x109885a10>
[2017-12-01 12:31:20,087 DEBUG Engine] Startup <bzt.modules.provisioning.Local object at 0x108da4510>
[2017-12-01 12:31:20,087 DEBUG Engine.local] Delay setup for jmeter/blazedemo: 0(start-at) + 0(delay) = 0
[2017-12-01 12:31:20,088 DEBUG Engine.local] Delay setup for jmeter/blazedemo: 0(start-at) + 0(delay) = 0
[2017-12-01 12:31:20,091 DEBUG Engine.Configuration] Dumping YAML config into /Users/daper01/Documents/OSLo/artifacts/2017-12-01_12-31-09.089859/effective.yml
[2017-12-01 12:31:20,165 DEBUG Engine.Configuration] Dumping JSON config into /Users/daper01/Documents/OSLo/artifacts/2017-12-01_12-31-09.089859/effective.json
[2017-12-01 12:31:20,168 DEBUG root] Leveling down log file verbosity, use -v option to have DEBUG messages enabled
[2017-12-01 12:31:20,403 INFO Engine.console] Waiting for finish...
[2017-12-01 12:31:41,223 INFO Engine.jmeter.JTLReader] Changed data analysis delay to 3s
[2017-12-01 12:31:42,229 INFO Engine.jmeter.JTLReader] Changed data analysis delay to 3s
[2017-12-01 12:31:43,242 INFO Engine.jmeter.JTLReader] Changed data analysis delay to 5s
[2017-12-01 12:31:47,251 INFO Engine.jmeter.JTLReader] Changed data analysis delay to 3s
[2017-12-01 12:31:48,257 INFO Engine.jmeter.JTLReader] Changed data analysis delay to 2s
[2017-12-01 12:31:52,258 INFO Engine.jmeter.JTLReader] Changed data analysis delay to 2s
[2017-12-01 12:31:53,747 WARNING Engine] Please wait for graceful shutdown...
[2017-12-01 12:31:53,758 DEBUG root] Leveled up log file verbosity
[2017-12-01 12:31:53,758 INFO Engine] Shutting down...
[2017-12-01 12:31:53,764 DEBUG Engine.local] Shutdown jmeter/blazedemo
[2017-12-01 12:31:54,766 INFO Engine.jmeter] Sending Shutdown command to JMeter on port 4445...
[2017-12-01 12:31:55,786 DEBUG Engine.jmeter] JMeter stopped on Shutdown command
[2017-12-01 12:31:55,786 DEBUG Engine.local] Shutdown jmeter/blazedemo
[2017-12-01 12:31:56,790 INFO Engine.jmeter] Sending Shutdown command to JMeter on port 4446...
[2017-12-01 12:31:57,801 DEBUG Engine.jmeter] JMeter stopped on Shutdown command
[2017-12-01 12:31:57,802 DEBUG Engine.console] Restoring logging streams, [<logging.StreamHandler object at 0x107e27710>]/{<logging.StreamHandler object at 0x107e27710>: <open file '<stdout>', mode 'w' at 0x10723f150>}
[2017-12-01 12:31:57,805 DEBUG Engine.Configuration] Dumping YAML config into /Users/daper01/Documents/OSLo/artifacts/2017-12-01_12-31-09.089859/effective.yml
[2017-12-01 12:31:57,858 DEBUG Engine.Configuration] Dumping JSON config into /Users/daper01/Documents/OSLo/artifacts/2017-12-01_12-31-09.089859/effective.json
[2017-12-01 12:31:57,860 WARNING root] Keyboard interrupt
[2017-12-01 12:31:57,865 DEBUG root] KeyboardInterrupt: 
Traceback (most recent call last):
  File "/usr/local/lib/python2.7/site-packages/bzt/cli.py", line 221, in perform
    self.engine.run()
  File "/usr/local/lib/python2.7/site-packages/bzt/engine.py", line 202, in run
    reraise(exc_info)
  File "/usr/local/lib/python2.7/site-packages/bzt/engine.py", line 184, in run
    self._wait()
  File "/usr/local/lib/python2.7/site-packages/bzt/engine.py", line 227, in _wait
    time.sleep(delay)
KeyboardInterrupt
[2017-12-01 12:31:57,866 INFO Engine] Post-processing...
[2017-12-01 12:31:57,866 DEBUG Engine.local] Post-process jmeter/blazedemo
[2017-12-01 12:31:57,866 DEBUG Engine] Add existing artifact (move=True): /Users/daper01/Documents/OSLo/artifacts/2017-12-01_12-31-09.089859/modified_requests.jmx
[2017-12-01 12:31:57,866 DEBUG Engine] No need to copy /Users/daper01/Documents/OSLo/artifacts/2017-12-01_12-31-09.089859/modified_requests.jmx
[2017-12-01 12:31:57,866 DEBUG Engine.local] Post-process jmeter/blazedemo
[2017-12-01 12:31:57,866 DEBUG Engine] Add existing artifact (move=True): /Users/daper01/Documents/OSLo/artifacts/2017-12-01_12-31-09.089859/modified_requests-1.jmx
[2017-12-01 12:31:57,866 DEBUG Engine] No need to copy /Users/daper01/Documents/OSLo/artifacts/2017-12-01_12-31-09.089859/modified_requests-1.jmx
[2017-12-01 12:31:57,867 DEBUG Engine.jmeter.JTLErrorsReader] Opening /Users/daper01/Documents/OSLo/artifacts/2017-12-01_12-31-09.089859/error.jtl
[2017-12-01 12:31:57,870 DEBUG Engine.jmeter.JTLReader.IncrementalCSVReader] Reading JTL: /Users/daper01/Documents/OSLo/artifacts/2017-12-01_12-31-09.089859/kpi.jtl
[2017-12-01 12:31:57,870 DEBUG Engine.jmeter.JTLReader.IncrementalCSVReader] Read lines: 240 / 22886 bytes (at speed 1048576)
[2017-12-01 12:31:57,871 DEBUG Engine.jmeter.JTLReader] Putting sample 1512149511 into 1512149512
[2017-12-01 12:31:57,872 DEBUG Engine.jmeter.JTLReader] Putting sample 1512149511 into 1512149512
[2017-12-01 12:31:57,875 DEBUG Engine.jmeter.JTLReader] Putting sample 1512149500 into 1512149512
[2017-12-01 12:31:57,878 DEBUG Engine.jmeter.JTLReader] Buffer len: 3
[2017-12-01 12:31:57,878 DEBUG Engine.jmeter.JTLReader] Aggregating: 1512149512
[2017-12-01 12:31:57,893 DEBUG Engine.jmeter.JTLReader] Aggregating: 1512149513
[2017-12-01 12:31:57,908 DEBUG Engine.jmeter.JTLReader] Aggregating: 1512149514
[2017-12-01 12:31:57,923 DEBUG Engine.jmeter.JTLErrorsReader] Opening /Users/daper01/Documents/OSLo/artifacts/2017-12-01_12-31-09.089859/error-1.jtl
[2017-12-01 12:31:57,924 DEBUG Engine.jmeter.JTLReader.IncrementalCSVReader] Reading JTL: /Users/daper01/Documents/OSLo/artifacts/2017-12-01_12-31-09.089859/kpi-1.jtl
[2017-12-01 12:31:57,924 DEBUG Engine.jmeter.JTLReader.IncrementalCSVReader] Read lines: 256 / 23438 bytes (at speed 1048576)
[2017-12-01 12:31:57,932 DEBUG Engine.jmeter.JTLReader] Buffer len: 5
[2017-12-01 12:31:57,932 DEBUG Engine.jmeter.JTLReader] Aggregating: 1512149512
[2017-12-01 12:31:57,938 DEBUG Engine.jmeter.JTLReader] Aggregating: 1512149513
[2017-12-01 12:31:57,943 DEBUG Engine.jmeter.JTLReader] Aggregating: 1512149514
[2017-12-01 12:31:57,950 DEBUG Engine.jmeter.JTLReader] Aggregating: 1512149515
[2017-12-01 12:31:57,961 DEBUG Engine.jmeter.JTLReader] Aggregating: 1512149516
[2017-12-01 12:31:57,974 DEBUG Engine.consolidator] Consolidator buffer[7]: [1512149510, 1512149511, 1512149512, 1512149513, 1512149514, 1512149515, 1512149516]
[2017-12-01 12:31:57,975 DEBUG Engine.consolidator] Merging into 1512149510
[2017-12-01 12:31:57,975 DEBUG Engine.consolidator] Merging 1512149510
[2017-12-01 12:31:57,981 DEBUG Engine.consolidator] Merging 1512149510
[2017-12-01 12:31:58,003 DEBUG Engine.consolidator] Processed datapoint: 1512149510/None
[2017-12-01 12:31:58,003 DEBUG Engine.consolidator] Merging into 1512149511
[2017-12-01 12:31:58,003 DEBUG Engine.consolidator] Merging 1512149511
[2017-12-01 12:31:58,009 DEBUG Engine.consolidator] Merging 1512149511
[2017-12-01 12:31:58,034 DEBUG Engine.consolidator] Processed datapoint: 1512149511/None
[2017-12-01 12:31:58,034 DEBUG Engine.consolidator] Merging into 1512149512
[2017-12-01 12:31:58,034 DEBUG Engine.consolidator] Merging 1512149512
[2017-12-01 12:31:58,040 DEBUG Engine.consolidator] Merging 1512149512
[2017-12-01 12:31:58,060 DEBUG Engine.consolidator] Processed datapoint: 1512149512/None
[2017-12-01 12:31:58,060 DEBUG Engine.consolidator] Merging into 1512149513
[2017-12-01 12:31:58,060 DEBUG Engine.consolidator] Merging 1512149513
[2017-12-01 12:31:58,065 DEBUG Engine.consolidator] Merging 1512149513
[2017-12-01 12:31:58,097 DEBUG Engine.consolidator] Processed datapoint: 1512149513/None
[2017-12-01 12:31:58,097 DEBUG Engine.consolidator] Merging into 1512149514
[2017-12-01 12:31:58,097 DEBUG Engine.consolidator] Merging 1512149514
[2017-12-01 12:31:58,104 DEBUG Engine.consolidator] Merging 1512149514
[2017-12-01 12:31:58,127 DEBUG Engine.consolidator] Processed datapoint: 1512149514/None
[2017-12-01 12:31:58,127 DEBUG Engine.consolidator] Merging into 1512149515
[2017-12-01 12:31:58,127 DEBUG Engine.consolidator] Merging 1512149515
[2017-12-01 12:31:58,143 DEBUG Engine.consolidator] Processed datapoint: 1512149515/None
[2017-12-01 12:31:58,144 DEBUG Engine.consolidator] Merging into 1512149516
[2017-12-01 12:31:58,144 DEBUG Engine.consolidator] Merging 1512149516
[2017-12-01 12:31:58,160 DEBUG Engine.consolidator] Processed datapoint: 1512149516/None
[2017-12-01 12:31:58,160 INFO Engine.final-stats] Test duration: 0:00:37
[2017-12-01 12:31:58,160 INFO Engine.final-stats] Samples count: 2823, 0.89% failures
[2017-12-01 12:31:58,160 INFO Engine.final-stats] Average times: total 0.341, latency 0.321, connect 0.000
[2017-12-01 12:31:58,161 INFO Engine.final-stats] Percentile 0.0%: 0.033
[2017-12-01 12:31:58,161 INFO Engine.final-stats] Percentile 50.0%: 0.223
[2017-12-01 12:31:58,161 INFO Engine.final-stats] Percentile 90.0%: 0.412
[2017-12-01 12:31:58,161 INFO Engine.final-stats] Percentile 95.0%: 0.791
[2017-12-01 12:31:58,162 INFO Engine.final-stats] Percentile 99.0%: 3.361
[2017-12-01 12:31:58,162 INFO Engine.final-stats] Percentile 99.9%: 13.275
[2017-12-01 12:31:58,162 INFO Engine.final-stats] Percentile 100.0%: 16.487
[2017-12-01 12:31:58,163 DEBUG Engine.console] No logger_handler or orig_stream was detected
[2017-12-01 12:31:58,163 INFO Engine.final-stats] Test duration: 0:00:37
[2017-12-01 12:31:58,163 INFO Engine.final-stats] Samples count: 2823, 0.89% failures
[2017-12-01 12:31:58,163 INFO Engine.final-stats] Average times: total 0.341, latency 0.321, connect 0.000
[2017-12-01 12:31:58,163 INFO Engine.final-stats] Percentile 0.0%: 0.033
[2017-12-01 12:31:58,164 INFO Engine.final-stats] Percentile 50.0%: 0.223
[2017-12-01 12:31:58,164 INFO Engine.final-stats] Percentile 90.0%: 0.412
[2017-12-01 12:31:58,164 INFO Engine.final-stats] Percentile 95.0%: 0.791
[2017-12-01 12:31:58,164 INFO Engine.final-stats] Percentile 99.0%: 3.361
[2017-12-01 12:31:58,164 INFO Engine.final-stats] Percentile 99.9%: 13.275
[2017-12-01 12:31:58,164 INFO Engine.final-stats] Percentile 100.0%: 16.487
[2017-12-01 12:31:58,164 INFO Engine.final-stats] Dumping final status as XML: stats.xml
[2017-12-01 12:31:58,169 DEBUG Engine.Configuration] Dumping YAML config into /Users/daper01/Documents/OSLo/artifacts/2017-12-01_12-31-09.089859/effective.yml
[2017-12-01 12:31:58,228 DEBUG Engine.Configuration] Dumping JSON config into /Users/daper01/Documents/OSLo/artifacts/2017-12-01_12-31-09.089859/effective.json
[2017-12-01 12:31:58,230 INFO root] Artifacts dir: /Users/daper01/Documents/OSLo/artifacts/2017-12-01_12-31-09.089859
[2017-12-01 12:31:58,231 WARNING root] Done performing with code: 1
[2017-12-01 12:31:58,231 DEBUG root] Closing log handler: /Users/daper01/Documents/OSLo/artifacts/2017-12-01_12-31-09.089859/bzt.log
