2017-12-01 12:31:22,425 INFO o.a.j.u.JMeterUtils: Setting Locale to en_US
2017-12-01 12:31:22,460 INFO o.a.j.JMeter: Loading user properties from: /Users/daper01/.bzt/jmeter-taurus/3.3/bin/user.properties
2017-12-01 12:31:22,461 INFO o.a.j.JMeter: Loading system properties from: /Users/daper01/.bzt/jmeter-taurus/3.3/bin/system.properties
2017-12-01 12:31:22,462 INFO o.a.j.JMeter: Setting System properties from file: /Users/daper01/Documents/OSLo/artifacts/2017-12-01_12-31-09.089859/system.properties
2017-12-01 12:31:22,468 INFO o.a.j.JMeter: Copyright (c) 1998-2017 The Apache Software Foundation
2017-12-01 12:31:22,468 INFO o.a.j.JMeter: Version 3.3 r1808647
2017-12-01 12:31:22,468 INFO o.a.j.JMeter: java.version=1.8.0_121
2017-12-01 12:31:22,468 INFO o.a.j.JMeter: java.vm.name=Java HotSpot(TM) 64-Bit Server VM
2017-12-01 12:31:22,468 INFO o.a.j.JMeter: os.name=Mac OS X
2017-12-01 12:31:22,468 INFO o.a.j.JMeter: os.arch=x86_64
2017-12-01 12:31:22,468 INFO o.a.j.JMeter: os.version=10.13.1
2017-12-01 12:31:22,469 INFO o.a.j.JMeter: file.encoding=UTF-8
2017-12-01 12:31:22,469 INFO o.a.j.JMeter: Max memory     =3817865216
2017-12-01 12:31:22,469 INFO o.a.j.JMeter: Available Processors =4
2017-12-01 12:31:22,474 INFO o.a.j.JMeter: Default Locale=English (United States)
2017-12-01 12:31:22,475 INFO o.a.j.JMeter: JMeter  Locale=English (United States)
2017-12-01 12:31:22,475 INFO o.a.j.JMeter: JMeterHome=/Users/daper01/.bzt/jmeter-taurus/3.3
2017-12-01 12:31:22,475 INFO o.a.j.JMeter: user.dir  =/Users/daper01/Documents/OSLo
2017-12-01 12:31:22,475 INFO o.a.j.JMeter: PWD       =/Users/daper01/Documents/OSLo
2017-12-01 12:31:22,477 INFO o.a.j.JMeter: IP: 192.168.0.128 Name: daper01mac1124 FullName: 192.168.0.128
2017-12-01 12:31:22,477 INFO o.a.j.JMeter: user.classpath=/Users/daper01/Documents/OSLo/artifacts/2017-12-01_12-31-09.089859
2017-12-01 12:31:22,478 INFO o.a.j.JMeter: Adding to classpath and loader: /Users/daper01/Documents/OSLo/artifacts/2017-12-01_12-31-09.089859
2017-12-01 12:31:22,514 INFO o.a.j.s.FileServer: Default base='/Users/daper01/Documents/OSLo'
2017-12-01 12:31:22,514 INFO o.a.j.s.FileServer: Set new base='/Users/daper01/Documents/OSLo/artifacts/2017-12-01_12-31-09.089859'
2017-12-01 12:31:22,873 INFO o.a.j.s.SaveService: Testplan (JMX) version: 2.2. Testlog (JTL) version: 2.2
2017-12-01 12:31:22,904 INFO o.a.j.s.SaveService: Using SaveService properties file encoding UTF-8
2017-12-01 12:31:22,916 INFO o.a.j.s.SaveService: Using SaveService properties version 3.2
2017-12-01 12:31:22,925 INFO o.a.j.s.SaveService: Loading file: /Users/daper01/Documents/OSLo/artifacts/2017-12-01_12-31-09.089859/modified_requests.jmx
2017-12-01 12:31:23,008 INFO o.a.j.p.h.c.CacheManager: Will only cache the following methods: [GET]
2017-12-01 12:31:23,011 INFO o.a.j.p.h.c.CookieManager: Settings: Delete null: true Check: true Allow variable: true Save: false Prefix: COOKIE_
2017-12-01 12:31:23,038 INFO o.a.j.p.h.s.HTTPSamplerBase: Parser for text/html is org.apache.jmeter.protocol.http.parser.LagartoBasedHtmlParser
2017-12-01 12:31:23,039 INFO o.a.j.p.h.s.HTTPSamplerBase: Parser for application/xhtml+xml is org.apache.jmeter.protocol.http.parser.LagartoBasedHtmlParser
2017-12-01 12:31:23,039 INFO o.a.j.p.h.s.HTTPSamplerBase: Parser for application/xml is org.apache.jmeter.protocol.http.parser.LagartoBasedHtmlParser
2017-12-01 12:31:23,039 INFO o.a.j.p.h.s.HTTPSamplerBase: Parser for text/xml is org.apache.jmeter.protocol.http.parser.LagartoBasedHtmlParser
2017-12-01 12:31:23,039 INFO o.a.j.p.h.s.HTTPSamplerBase: Parser for text/vnd.wap.wml is org.apache.jmeter.protocol.http.parser.RegexpHTMLParser
2017-12-01 12:31:23,039 INFO o.a.j.p.h.s.HTTPSamplerBase: Parser for text/css is org.apache.jmeter.protocol.http.parser.CssParser
2017-12-01 12:31:23,109 INFO o.a.j.e.StandardJMeterEngine: Running the test!
2017-12-01 12:31:23,110 INFO o.a.j.s.SampleEvent: List of sample_variables: []
2017-12-01 12:31:23,110 INFO o.a.j.s.SampleEvent: List of sample_variables: []
2017-12-01 12:31:23,116 INFO o.a.j.e.u.CompoundVariable: Note: Function class names must contain the string: '.functions.'
2017-12-01 12:31:23,116 INFO o.a.j.e.u.CompoundVariable: Note: Function class names must not contain the string: '.gui.'
2017-12-01 12:31:24,096 INFO o.a.j.JMeter: Running test (1512149484096)
2017-12-01 12:31:24,169 INFO o.a.j.e.StandardJMeterEngine: Starting ThreadGroup: 1 : blazedemo
2017-12-01 12:31:24,169 INFO o.a.j.e.StandardJMeterEngine: Starting 50 threads for group blazedemo.
2017-12-01 12:31:24,169 INFO o.a.j.e.StandardJMeterEngine: Thread will continue on error
2017-12-01 12:31:24,174 INFO o.a.j.e.StandardJMeterEngine: All thread groups have been started
2017-12-01 12:31:24,174 INFO c.b.j.t.c.ConcurrencyThreadStarter: Start supplying threads
2017-12-01 12:31:24,480 INFO o.a.j.s.SampleResult: Note: Sample TimeStamps are START times
2017-12-01 12:31:24,480 INFO o.a.j.s.SampleResult: sampleresult.default.encoding is set to UTF-8
2017-12-01 12:31:24,481 INFO o.a.j.s.SampleResult: sampleresult.useNanoTime=true
2017-12-01 12:31:24,481 INFO o.a.j.s.SampleResult: sampleresult.nanoThreadSleep=5000
2017-12-01 12:31:25,121 INFO o.a.j.t.JMeterThread: Thread started: blazedemo 1-1
2017-12-01 12:31:25,123 INFO o.a.j.s.FileServer: Stored: /Users/daper01/Documents/OSLo/param.csv
2017-12-01 12:31:25,146 INFO o.a.j.p.h.s.HTTPHCAbstractImpl: Local host = daper01mac1124
2017-12-01 12:31:25,152 INFO o.a.j.p.h.s.HTTPHC4Impl: HTTP request retry count = 0
2017-12-01 12:31:25,487 INFO o.a.j.t.JMeterThread: Thread started: blazedemo 1-2
2017-12-01 12:31:26,497 INFO o.a.j.t.JMeterThread: Thread started: blazedemo 1-3
2017-12-01 12:31:26,497 INFO o.a.j.t.JMeterThread: Thread started: blazedemo 1-4
2017-12-01 12:31:27,499 INFO o.a.j.t.JMeterThread: Thread started: blazedemo 1-5
2017-12-01 12:31:27,505 INFO o.a.j.t.JMeterThread: Thread started: blazedemo 1-6
2017-12-01 12:31:28,507 INFO o.a.j.t.JMeterThread: Thread started: blazedemo 1-7
2017-12-01 12:31:29,513 INFO o.a.j.t.JMeterThread: Thread started: blazedemo 1-8
2017-12-01 12:31:29,514 INFO o.a.j.t.JMeterThread: Thread started: blazedemo 1-9
2017-12-01 12:31:30,515 INFO o.a.j.t.JMeterThread: Thread started: blazedemo 1-10
2017-12-01 12:31:30,516 INFO o.a.j.t.JMeterThread: Thread started: blazedemo 1-11
2017-12-01 12:31:31,533 INFO o.a.j.t.JMeterThread: Thread started: blazedemo 1-12
2017-12-01 12:31:32,535 INFO o.a.j.t.JMeterThread: Thread started: blazedemo 1-13
2017-12-01 12:31:32,536 INFO o.a.j.t.JMeterThread: Thread started: blazedemo 1-14
2017-12-01 12:31:33,541 INFO o.a.j.t.JMeterThread: Thread started: blazedemo 1-15
2017-12-01 12:31:33,546 INFO o.a.j.t.JMeterThread: Thread started: blazedemo 1-16
2017-12-01 12:31:34,548 INFO o.a.j.t.JMeterThread: Thread started: blazedemo 1-17
2017-12-01 12:31:35,552 INFO o.a.j.t.JMeterThread: Thread started: blazedemo 1-18
2017-12-01 12:31:35,554 INFO o.a.j.t.JMeterThread: Thread started: blazedemo 1-19
2017-12-01 12:31:36,558 INFO o.a.j.t.JMeterThread: Thread started: blazedemo 1-20
2017-12-01 12:31:36,559 INFO o.a.j.t.JMeterThread: Thread started: blazedemo 1-21
2017-12-01 12:31:37,565 INFO o.a.j.t.JMeterThread: Thread started: blazedemo 1-22
2017-12-01 12:31:38,576 INFO o.a.j.t.JMeterThread: Thread started: blazedemo 1-23
2017-12-01 12:31:38,579 INFO o.a.j.t.JMeterThread: Thread started: blazedemo 1-24
2017-12-01 12:31:39,583 INFO o.a.j.t.JMeterThread: Thread started: blazedemo 1-25
2017-12-01 12:31:39,586 INFO o.a.j.t.JMeterThread: Thread started: blazedemo 1-26
2017-12-01 12:31:40,606 INFO o.a.j.t.JMeterThread: Thread started: blazedemo 1-27
2017-12-01 12:31:41,612 INFO o.a.j.t.JMeterThread: Thread started: blazedemo 1-28
2017-12-01 12:31:41,616 INFO o.a.j.t.JMeterThread: Thread started: blazedemo 1-29
2017-12-01 12:31:42,620 INFO o.a.j.t.JMeterThread: Thread started: blazedemo 1-30
2017-12-01 12:31:42,621 INFO o.a.j.t.JMeterThread: Thread started: blazedemo 1-31
2017-12-01 12:31:43,626 INFO o.a.j.t.JMeterThread: Thread started: blazedemo 1-32
2017-12-01 12:31:44,632 INFO o.a.j.t.JMeterThread: Thread started: blazedemo 1-33
2017-12-01 12:31:44,634 INFO o.a.j.t.JMeterThread: Thread started: blazedemo 1-34
2017-12-01 12:31:45,638 INFO o.a.j.t.JMeterThread: Thread started: blazedemo 1-35
2017-12-01 12:31:45,640 INFO o.a.j.t.JMeterThread: Thread started: blazedemo 1-36
2017-12-01 12:31:46,640 INFO o.a.j.t.JMeterThread: Thread started: blazedemo 1-37
2017-12-01 12:31:47,641 INFO o.a.j.t.JMeterThread: Thread started: blazedemo 1-38
2017-12-01 12:31:47,642 INFO o.a.j.t.JMeterThread: Thread started: blazedemo 1-39
2017-12-01 12:31:48,643 INFO o.a.j.t.JMeterThread: Thread started: blazedemo 1-40
2017-12-01 12:31:48,644 INFO o.a.j.t.JMeterThread: Thread started: blazedemo 1-41
2017-12-01 12:31:49,647 INFO o.a.j.t.JMeterThread: Thread started: blazedemo 1-42
2017-12-01 12:31:50,651 INFO o.a.j.t.JMeterThread: Thread started: blazedemo 1-43
2017-12-01 12:31:50,652 INFO o.a.j.t.JMeterThread: Thread started: blazedemo 1-44
2017-12-01 12:31:51,656 INFO o.a.j.t.JMeterThread: Thread started: blazedemo 1-45
2017-12-01 12:31:51,658 INFO o.a.j.t.JMeterThread: Thread started: blazedemo 1-46
2017-12-01 12:31:52,660 INFO o.a.j.t.JMeterThread: Thread started: blazedemo 1-47
2017-12-01 12:31:53,661 INFO o.a.j.t.JMeterThread: Thread started: blazedemo 1-48
2017-12-01 12:31:53,662 INFO o.a.j.t.JMeterThread: Thread started: blazedemo 1-49
2017-12-01 12:31:54,663 INFO o.a.j.t.JMeterThread: Thread started: blazedemo 1-50
2017-12-01 12:31:54,781 INFO o.a.j.JMeter: Command: Shutdown received from /127.0.0.1
2017-12-01 12:31:54,783 INFO c.b.j.t.c.ConcurrencyThreadStarter: Done supplying threads
2017-12-01 12:31:54,783 WARN o.a.j.t.JMeterThread: Interrupting: blazedemo 1-36 sampler: Reserve Page
2017-12-01 12:31:54,785 WARN o.a.j.t.JMeterThread: Interrupting: blazedemo 1-17 sampler: Reserve Page
2017-12-01 12:31:54,786 WARN o.a.j.t.JMeterThread: Interrupting: blazedemo 1-19 sampler: Purchase Page
2017-12-01 12:31:54,788 WARN o.a.j.t.JMeterThread: Interrupting: blazedemo 1-9 sampler: Welcome Page
2017-12-01 12:31:54,789 WARN o.a.j.t.JMeterThread: Interrupting: blazedemo 1-24 sampler: Welcome Page
2017-12-01 12:31:54,792 WARN o.a.j.t.JMeterThread: Interrupting: blazedemo 1-22 sampler: Confirmation Page
2017-12-01 12:31:54,795 WARN o.a.j.t.JMeterThread: Interrupting: blazedemo 1-1 sampler: Purchase Page
2017-12-01 12:31:54,797 WARN o.a.j.t.JMeterThread: Interrupting: blazedemo 1-48 sampler: Confirmation Page
2017-12-01 12:31:54,798 INFO o.a.j.t.JMeterThread: Thread is done: blazedemo 1-6
2017-12-01 12:31:54,798 INFO o.a.j.t.JMeterThread: Thread finished: blazedemo 1-6
2017-12-01 12:31:54,800 WARN o.a.j.t.JMeterThread: Interrupting: blazedemo 1-13 sampler: Purchase Page
2017-12-01 12:31:54,802 WARN o.a.j.t.JMeterThread: Interrupting: blazedemo 1-30 sampler: Purchase Page
2017-12-01 12:31:54,807 WARN o.a.j.t.JMeterThread: Interrupting: blazedemo 1-4 sampler: Purchase Page
2017-12-01 12:31:54,808 INFO o.a.j.t.JMeterThread: Thread is done: blazedemo 1-33
2017-12-01 12:31:54,809 INFO o.a.j.t.JMeterThread: Thread finished: blazedemo 1-33
2017-12-01 12:31:54,809 INFO o.a.j.t.JMeterThread: Thread is done: blazedemo 1-19
2017-12-01 12:31:54,809 INFO o.a.j.t.JMeterThread: Thread finished: blazedemo 1-19
2017-12-01 12:31:54,813 INFO o.a.j.t.JMeterThread: Thread is done: blazedemo 1-13
2017-12-01 12:31:54,814 INFO o.a.j.t.JMeterThread: Thread finished: blazedemo 1-13
2017-12-01 12:31:54,817 INFO o.a.j.t.JMeterThread: Thread is done: blazedemo 1-48
2017-12-01 12:31:54,817 INFO o.a.j.t.JMeterThread: Thread finished: blazedemo 1-48
2017-12-01 12:31:54,819 INFO o.a.j.t.JMeterThread: Thread is done: blazedemo 1-30
2017-12-01 12:31:54,819 INFO o.a.j.t.JMeterThread: Thread finished: blazedemo 1-30
2017-12-01 12:31:54,816 INFO o.a.j.t.JMeterThread: Thread is done: blazedemo 1-23
2017-12-01 12:31:54,819 INFO o.a.j.t.JMeterThread: Thread finished: blazedemo 1-23
2017-12-01 12:31:54,822 WARN o.a.j.t.JMeterThread: Interrupting: blazedemo 1-12 sampler: Welcome Page
2017-12-01 12:31:54,822 WARN o.a.j.t.JMeterThread: No operation pending
2017-12-01 12:31:54,822 INFO o.a.j.t.JMeterThread: Thread is done: blazedemo 1-12
2017-12-01 12:31:54,822 WARN o.a.j.t.JMeterThread: Interrupting: blazedemo 1-27 sampler: Confirmation Page
2017-12-01 12:31:54,823 INFO o.a.j.t.JMeterThread: Thread is done: blazedemo 1-27
2017-12-01 12:31:54,824 WARN o.a.j.t.JMeterThread: No operation pending
2017-12-01 12:31:54,824 INFO o.a.j.t.JMeterThread: Thread is done: blazedemo 1-1
2017-12-01 12:31:54,822 INFO o.a.j.t.JMeterThread: Thread finished: blazedemo 1-12
2017-12-01 12:31:54,825 INFO o.a.j.t.JMeterThread: Thread finished: blazedemo 1-27
2017-12-01 12:31:54,825 WARN o.a.j.t.JMeterThread: Interrupting: blazedemo 1-18 sampler: Welcome Page
2017-12-01 12:31:54,826 INFO o.a.j.t.JMeterThread: Thread finished: blazedemo 1-1
2017-12-01 12:31:54,826 INFO o.a.j.t.JMeterThread: Thread is done: blazedemo 1-41
2017-12-01 12:31:54,826 INFO o.a.j.t.JMeterThread: Thread finished: blazedemo 1-41
2017-12-01 12:31:54,826 INFO o.a.j.t.JMeterThread: Thread is done: blazedemo 1-22
2017-12-01 12:31:54,827 INFO o.a.j.t.JMeterThread: Thread finished: blazedemo 1-22
2017-12-01 12:31:54,828 INFO o.a.j.t.JMeterThread: Thread is done: blazedemo 1-24
2017-12-01 12:31:54,828 INFO o.a.j.t.JMeterThread: Thread finished: blazedemo 1-24
2017-12-01 12:31:54,829 WARN o.a.j.t.JMeterThread: Interrupting: blazedemo 1-2 sampler: Purchase Page
2017-12-01 12:31:54,829 WARN o.a.j.t.JMeterThread: Interrupting: blazedemo 1-38 sampler: Confirmation Page
2017-12-01 12:31:54,829 INFO o.a.j.t.JMeterThread: Thread is done: blazedemo 1-9
2017-12-01 12:31:54,830 INFO o.a.j.t.JMeterThread: Thread finished: blazedemo 1-9
2017-12-01 12:31:54,830 WARN o.a.j.t.JMeterThread: Interrupting: blazedemo 1-28 sampler: Purchase Page
2017-12-01 12:31:54,832 INFO o.a.j.t.JMeterThread: Thread is done: blazedemo 1-17
2017-12-01 12:31:54,832 INFO o.a.j.t.JMeterThread: Thread finished: blazedemo 1-17
2017-12-01 12:31:54,832 WARN o.a.j.t.JMeterThread: Interrupting: blazedemo 1-14 sampler: Reserve Page
2017-12-01 12:31:54,832 INFO o.a.j.t.JMeterThread: Thread is done: blazedemo 1-42
2017-12-01 12:31:54,832 INFO o.a.j.t.JMeterThread: Thread finished: blazedemo 1-42
2017-12-01 12:31:54,835 WARN o.a.j.t.JMeterThread: Interrupting: blazedemo 1-50 sampler: Welcome Page
2017-12-01 12:31:54,834 INFO o.a.j.t.JMeterThread: Thread is done: blazedemo 1-21
2017-12-01 12:31:54,836 INFO o.a.j.t.JMeterThread: Thread finished: blazedemo 1-21
2017-12-01 12:31:54,836 WARN o.a.j.t.JMeterThread: Interrupting: blazedemo 1-49 sampler: Confirmation Page
2017-12-01 12:31:54,836 INFO o.a.j.t.JMeterThread: Thread is done: blazedemo 1-36
2017-12-01 12:31:54,837 INFO o.a.j.t.JMeterThread: Thread finished: blazedemo 1-36
2017-12-01 12:31:54,838 INFO o.a.j.t.JMeterThread: Thread is done: blazedemo 1-3
2017-12-01 12:31:54,838 INFO o.a.j.t.JMeterThread: Thread finished: blazedemo 1-3
2017-12-01 12:31:54,840 INFO o.a.j.t.JMeterThread: Thread is done: blazedemo 1-28
2017-12-01 12:31:54,840 INFO o.a.j.t.JMeterThread: Thread finished: blazedemo 1-28
2017-12-01 12:31:54,840 INFO o.a.j.e.StandardJMeterEngine: Notifying test listeners of end of test
2017-12-01 12:31:54,840 WARN o.a.j.t.JMeterThread: Interrupting: blazedemo 1-46 sampler: Reserve Page
2017-12-01 12:31:54,840 INFO o.a.j.s.FileServer: Close: /Users/daper01/Documents/OSLo/param.csv
2017-12-01 12:31:54,842 WARN o.a.j.t.JMeterThread: Interrupting: blazedemo 1-31 sampler: Confirmation Page
2017-12-01 12:31:54,843 INFO o.a.j.t.JMeterThread: Thread is done: blazedemo 1-38
2017-12-01 12:31:54,843 INFO o.a.j.t.JMeterThread: Thread is done: blazedemo 1-8
2017-12-01 12:31:54,843 INFO o.a.j.t.JMeterThread: Thread finished: blazedemo 1-38
2017-12-01 12:31:54,844 INFO o.a.j.t.JMeterThread: Thread finished: blazedemo 1-8
2017-12-01 12:31:54,846 INFO o.a.j.t.JMeterThread: Thread is done: blazedemo 1-7
2017-12-01 12:31:54,846 INFO o.a.j.t.JMeterThread: Thread finished: blazedemo 1-7
2017-12-01 12:31:54,847 INFO o.a.j.t.JMeterThread: Thread is done: blazedemo 1-18
2017-12-01 12:31:54,847 INFO o.a.j.t.JMeterThread: Thread finished: blazedemo 1-18
2017-12-01 12:31:54,844 INFO o.a.j.t.JMeterThread: Thread is done: blazedemo 1-2
2017-12-01 12:31:54,848 INFO o.a.j.t.JMeterThread: Thread finished: blazedemo 1-2
2017-12-01 12:31:54,850 INFO o.a.j.t.JMeterThread: Thread is done: blazedemo 1-4
2017-12-01 12:31:54,850 INFO o.a.j.t.JMeterThread: Thread finished: blazedemo 1-4
2017-12-01 12:31:54,851 INFO o.a.j.t.JMeterThread: Thread is done: blazedemo 1-49
2017-12-01 12:31:54,851 INFO o.a.j.t.JMeterThread: Thread finished: blazedemo 1-49
2017-12-01 12:31:54,851 INFO o.a.j.e.StandardJMeterEngine: Forced JVM shutdown requested at end of test
2017-12-01 12:31:54,852 INFO o.a.j.t.JMeterThread: Thread is done: blazedemo 1-50
2017-12-01 12:31:54,852 INFO o.a.j.t.JMeterThread: Thread finished: blazedemo 1-50
2017-12-01 12:31:54,854 INFO o.a.j.t.JMeterThread: Thread is done: blazedemo 1-14
2017-12-01 12:31:54,854 INFO o.a.j.t.JMeterThread: Thread finished: blazedemo 1-14
