2017-12-01 12:31:22,363 INFO o.a.j.u.JMeterUtils: Setting Locale to en_US
2017-12-01 12:31:22,418 INFO o.a.j.JMeter: Loading user properties from: /Users/daper01/.bzt/jmeter-taurus/3.3/bin/user.properties
2017-12-01 12:31:22,419 INFO o.a.j.JMeter: Loading system properties from: /Users/daper01/.bzt/jmeter-taurus/3.3/bin/system.properties
2017-12-01 12:31:22,421 INFO o.a.j.JMeter: Setting System properties from file: /Users/daper01/Documents/OSLo/artifacts/2017-12-01_12-31-09.089859/system-1.properties
2017-12-01 12:31:22,425 INFO o.a.j.JMeter: Copyright (c) 1998-2017 The Apache Software Foundation
2017-12-01 12:31:22,425 INFO o.a.j.JMeter: Version 3.3 r1808647
2017-12-01 12:31:22,425 INFO o.a.j.JMeter: java.version=1.8.0_121
2017-12-01 12:31:22,425 INFO o.a.j.JMeter: java.vm.name=Java HotSpot(TM) 64-Bit Server VM
2017-12-01 12:31:22,425 INFO o.a.j.JMeter: os.name=Mac OS X
2017-12-01 12:31:22,425 INFO o.a.j.JMeter: os.arch=x86_64
2017-12-01 12:31:22,425 INFO o.a.j.JMeter: os.version=10.13.1
2017-12-01 12:31:22,425 INFO o.a.j.JMeter: file.encoding=UTF-8
2017-12-01 12:31:22,426 INFO o.a.j.JMeter: Max memory     =3817865216
2017-12-01 12:31:22,426 INFO o.a.j.JMeter: Available Processors =4
2017-12-01 12:31:22,431 INFO o.a.j.JMeter: Default Locale=English (United States)
2017-12-01 12:31:22,431 INFO o.a.j.JMeter: JMeter  Locale=English (United States)
2017-12-01 12:31:22,432 INFO o.a.j.JMeter: JMeterHome=/Users/daper01/.bzt/jmeter-taurus/3.3
2017-12-01 12:31:22,432 INFO o.a.j.JMeter: user.dir  =/Users/daper01/Documents/OSLo
2017-12-01 12:31:22,432 INFO o.a.j.JMeter: PWD       =/Users/daper01/Documents/OSLo
2017-12-01 12:31:22,434 INFO o.a.j.JMeter: IP: 192.168.0.128 Name: daper01mac1124 FullName: 192.168.0.128
2017-12-01 12:31:22,434 INFO o.a.j.JMeter: user.classpath=/Users/daper01/Documents/OSLo/artifacts/2017-12-01_12-31-09.089859
2017-12-01 12:31:22,434 INFO o.a.j.JMeter: Adding to classpath and loader: /Users/daper01/Documents/OSLo/artifacts/2017-12-01_12-31-09.089859
2017-12-01 12:31:22,439 INFO o.a.j.s.FileServer: Default base='/Users/daper01/Documents/OSLo'
2017-12-01 12:31:22,439 INFO o.a.j.s.FileServer: Set new base='/Users/daper01/Documents/OSLo/artifacts/2017-12-01_12-31-09.089859'
2017-12-01 12:31:22,816 INFO o.a.j.s.SaveService: Testplan (JMX) version: 2.2. Testlog (JTL) version: 2.2
2017-12-01 12:31:22,849 INFO o.a.j.s.SaveService: Using SaveService properties file encoding UTF-8
2017-12-01 12:31:22,861 INFO o.a.j.s.SaveService: Using SaveService properties version 3.2
2017-12-01 12:31:22,875 INFO o.a.j.s.SaveService: Loading file: /Users/daper01/Documents/OSLo/artifacts/2017-12-01_12-31-09.089859/modified_requests-1.jmx
2017-12-01 12:31:22,965 INFO o.a.j.p.h.c.CacheManager: Will only cache the following methods: [GET]
2017-12-01 12:31:22,967 INFO o.a.j.p.h.c.CookieManager: Settings: Delete null: true Check: true Allow variable: true Save: false Prefix: COOKIE_
2017-12-01 12:31:22,998 INFO o.a.j.p.h.s.HTTPSamplerBase: Parser for text/html is org.apache.jmeter.protocol.http.parser.LagartoBasedHtmlParser
2017-12-01 12:31:22,998 INFO o.a.j.p.h.s.HTTPSamplerBase: Parser for application/xhtml+xml is org.apache.jmeter.protocol.http.parser.LagartoBasedHtmlParser
2017-12-01 12:31:22,998 INFO o.a.j.p.h.s.HTTPSamplerBase: Parser for application/xml is org.apache.jmeter.protocol.http.parser.LagartoBasedHtmlParser
2017-12-01 12:31:22,998 INFO o.a.j.p.h.s.HTTPSamplerBase: Parser for text/xml is org.apache.jmeter.protocol.http.parser.LagartoBasedHtmlParser
2017-12-01 12:31:22,998 INFO o.a.j.p.h.s.HTTPSamplerBase: Parser for text/vnd.wap.wml is org.apache.jmeter.protocol.http.parser.RegexpHTMLParser
2017-12-01 12:31:22,998 INFO o.a.j.p.h.s.HTTPSamplerBase: Parser for text/css is org.apache.jmeter.protocol.http.parser.CssParser
2017-12-01 12:31:23,033 INFO o.a.j.e.StandardJMeterEngine: Running the test!
2017-12-01 12:31:23,034 INFO o.a.j.s.SampleEvent: List of sample_variables: []
2017-12-01 12:31:23,034 INFO o.a.j.s.SampleEvent: List of sample_variables: []
2017-12-01 12:31:23,039 INFO o.a.j.e.u.CompoundVariable: Note: Function class names must contain the string: '.functions.'
2017-12-01 12:31:23,039 INFO o.a.j.e.u.CompoundVariable: Note: Function class names must not contain the string: '.gui.'
2017-12-01 12:31:24,024 INFO o.a.j.JMeter: Running test (1512149484023)
2017-12-01 12:31:24,087 INFO o.a.j.e.StandardJMeterEngine: Starting ThreadGroup: 1 : blazedemo
2017-12-01 12:31:24,087 INFO o.a.j.e.StandardJMeterEngine: Starting 50 threads for group blazedemo.
2017-12-01 12:31:24,087 INFO o.a.j.e.StandardJMeterEngine: Thread will continue on error
2017-12-01 12:31:24,094 INFO o.a.j.e.StandardJMeterEngine: All thread groups have been started
2017-12-01 12:31:24,094 INFO c.b.j.t.c.ConcurrencyThreadStarter: Start supplying threads
2017-12-01 12:31:25,318 INFO o.a.j.s.SampleResult: Note: Sample TimeStamps are START times
2017-12-01 12:31:25,318 INFO o.a.j.s.SampleResult: sampleresult.default.encoding is set to UTF-8
2017-12-01 12:31:25,319 INFO o.a.j.s.SampleResult: sampleresult.useNanoTime=true
2017-12-01 12:31:25,319 INFO o.a.j.s.SampleResult: sampleresult.nanoThreadSleep=5000
2017-12-01 12:31:25,574 INFO o.a.j.t.JMeterThread: Thread started: blazedemo 1-1
2017-12-01 12:31:25,576 INFO o.a.j.s.FileServer: Stored: /Users/daper01/Documents/OSLo/param.csv
2017-12-01 12:31:25,604 INFO o.a.j.p.h.s.HTTPHCAbstractImpl: Local host = daper01mac1124
2017-12-01 12:31:25,609 INFO o.a.j.p.h.s.HTTPHC4Impl: HTTP request retry count = 0
2017-12-01 12:31:28,335 INFO o.a.j.t.JMeterThread: Thread started: blazedemo 1-2
2017-12-01 12:31:30,336 INFO o.a.j.t.JMeterThread: Thread started: blazedemo 1-3
2017-12-01 12:31:33,346 INFO o.a.j.t.JMeterThread: Thread started: blazedemo 1-4
2017-12-01 12:31:35,346 INFO o.a.j.t.JMeterThread: Thread started: blazedemo 1-5
2017-12-01 12:31:37,354 INFO o.a.j.t.JMeterThread: Thread started: blazedemo 1-6
2017-12-01 12:31:40,360 INFO o.a.j.t.JMeterThread: Thread started: blazedemo 1-7
2017-12-01 12:31:42,365 INFO o.a.j.t.JMeterThread: Thread started: blazedemo 1-8
2017-12-01 12:31:45,375 INFO o.a.j.t.JMeterThread: Thread started: blazedemo 1-9
2017-12-01 12:31:47,384 INFO o.a.j.t.JMeterThread: Thread started: blazedemo 1-10
2017-12-01 12:31:49,398 INFO o.a.j.t.JMeterThread: Thread started: blazedemo 1-11
2017-12-01 12:31:52,401 INFO o.a.j.t.JMeterThread: Thread started: blazedemo 1-12
2017-12-01 12:31:54,405 INFO o.a.j.t.JMeterThread: Thread started: blazedemo 1-13
2017-12-01 12:31:56,801 INFO o.a.j.JMeter: Command: Shutdown received from /127.0.0.1
2017-12-01 12:31:56,802 WARN o.a.j.t.JMeterThread: Interrupting: blazedemo 1-3 sampler: Purchase Page
2017-12-01 12:31:56,802 INFO c.b.j.t.c.ConcurrencyThreadStarter: Done supplying threads
2017-12-01 12:31:56,803 WARN o.a.j.t.JMeterThread: Interrupting: blazedemo 1-6 sampler: Welcome Page
2017-12-01 12:31:56,804 WARN o.a.j.t.JMeterThread: Interrupting: blazedemo 1-12 sampler: Reserve Page
2017-12-01 12:31:56,808 WARN o.a.j.t.JMeterThread: Interrupting: blazedemo 1-13 sampler: Purchase Page
2017-12-01 12:31:56,810 WARN o.a.j.t.JMeterThread: Interrupting: blazedemo 1-2 sampler: Purchase Page
2017-12-01 12:31:56,810 WARN o.a.j.t.JMeterThread: Interrupting: blazedemo 1-1 sampler: Confirmation Page
2017-12-01 12:31:56,811 WARN o.a.j.t.JMeterThread: Interrupting: blazedemo 1-8 sampler: Purchase Page
2017-12-01 12:31:56,812 WARN o.a.j.t.JMeterThread: Interrupting: blazedemo 1-4 sampler: Confirmation Page
2017-12-01 12:31:56,813 WARN o.a.j.t.JMeterThread: Interrupting: blazedemo 1-10 sampler: Purchase Page
2017-12-01 12:31:56,814 WARN o.a.j.t.JMeterThread: Interrupting: blazedemo 1-7 sampler: Welcome Page
2017-12-01 12:31:56,814 INFO o.a.j.t.JMeterThread: Thread is done: blazedemo 1-3
2017-12-01 12:31:56,815 INFO o.a.j.t.JMeterThread: Thread is done: blazedemo 1-5
2017-12-01 12:31:56,815 INFO o.a.j.t.JMeterThread: Thread finished: blazedemo 1-5
2017-12-01 12:31:56,815 WARN o.a.j.t.JMeterThread: Interrupting: blazedemo 1-9 sampler: Reserve Page
2017-12-01 12:31:56,814 INFO o.a.j.t.JMeterThread: Thread finished: blazedemo 1-3
2017-12-01 12:31:56,816 WARN o.a.j.t.JMeterThread: Interrupting: blazedemo 1-11 sampler: Confirmation Page
2017-12-01 12:31:56,816 INFO o.a.j.e.StandardJMeterEngine: Notifying test listeners of end of test
2017-12-01 12:31:56,817 INFO o.a.j.s.FileServer: Close: /Users/daper01/Documents/OSLo/param.csv
2017-12-01 12:31:56,818 INFO o.a.j.t.JMeterThread: Thread is done: blazedemo 1-2
2017-12-01 12:31:56,818 INFO o.a.j.t.JMeterThread: Thread finished: blazedemo 1-2
2017-12-01 12:31:56,818 INFO o.a.j.t.JMeterThread: Thread is done: blazedemo 1-11
2017-12-01 12:31:56,818 INFO o.a.j.t.JMeterThread: Thread finished: blazedemo 1-11
2017-12-01 12:31:56,819 INFO o.a.j.t.JMeterThread: Thread is done: blazedemo 1-1
2017-12-01 12:31:56,819 INFO o.a.j.t.JMeterThread: Thread finished: blazedemo 1-1
2017-12-01 12:31:56,819 INFO o.a.j.e.StandardJMeterEngine: Forced JVM shutdown requested at end of test
2017-12-01 12:31:56,820 INFO o.a.j.t.JMeterThread: Thread is done: blazedemo 1-7
2017-12-01 12:31:56,820 INFO o.a.j.t.JMeterThread: Thread finished: blazedemo 1-7
2017-12-01 12:31:56,821 INFO o.a.j.t.JMeterThread: Thread is done: blazedemo 1-13
2017-12-01 12:31:56,821 INFO o.a.j.t.JMeterThread: Thread finished: blazedemo 1-13
