[2017-12-08 10:40:12,077 INFO root] Taurus CLI Tool v1.9.6
[2017-12-08 10:40:12,077 DEBUG root] Command-line options: {'verbose': None, 'no_system_configs': None, 'quiet': None, 'log': '/var/folders/vq/xzrdy2lx047cst78f69v8z3xfzqz1q/T/bzt_FRsGIg.log', 'option': None, 'aliases': []}
[2017-12-08 10:40:12,078 DEBUG root] Python: CPython 2.7.13
[2017-12-08 10:40:12,078 DEBUG root] OS: ('Darwin', 'daper01mac1124', '17.2.0', 'Darwin Kernel Version 17.2.0: Fri Sep 29 18:27:05 PDT 2017; root:xnu-4570.20.62~3/RELEASE_X86_64', 'x86_64', 'i386')
[2017-12-08 10:40:12,078 INFO root] Starting with configs: ['load_scenario_from_csv.yml', 'execution_jmeter.yml']
[2017-12-08 10:40:12,078 DEBUG root] Using personal config: /Users/daper01/.bzt-rc
[2017-12-08 10:40:12,078 INFO Engine] Configuring...
[2017-12-08 10:40:12,078 DEBUG Engine] Reading extension configs from: /usr/local/etc/bzt.d
[2017-12-08 10:40:12,078 DEBUG Engine.Configuration] Configs: ['/usr/local/lib/python2.7/site-packages/bzt/resources/base-config.yml', '/usr/local/etc/bzt.d/99-installID.yml']
[2017-12-08 10:40:12,078 DEBUG Engine.Configuration] Reading /usr/local/lib/python2.7/site-packages/bzt/resources/base-config.yml as YAML
[2017-12-08 10:40:12,106 DEBUG Engine.Configuration] Reading /usr/local/etc/bzt.d/99-installID.yml as YAML
[2017-12-08 10:40:12,106 DEBUG Engine.Configuration] Configs: ['/Users/daper01/.bzt-rc', 'load_scenario_from_csv.yml', 'execution_jmeter.yml']
[2017-12-08 10:40:12,107 DEBUG Engine.Configuration] Reading /Users/daper01/.bzt-rc as YAML
[2017-12-08 10:40:12,107 DEBUG Engine.Configuration] Reading load_scenario_from_csv.yml as YAML
[2017-12-08 10:40:12,113 DEBUG Engine.Configuration] Reading execution_jmeter.yml as YAML
[2017-12-08 10:40:12,120 DEBUG Engine.Configuration] Configs: ['/Users/daper01/.bzt-rc', 'load_scenario_from_csv.yml', 'execution_jmeter.yml']
[2017-12-08 10:40:12,120 DEBUG Engine.Configuration] Reading /Users/daper01/.bzt-rc as YAML
[2017-12-08 10:40:12,122 DEBUG Engine.Configuration] Reading load_scenario_from_csv.yml as YAML
[2017-12-08 10:40:12,128 DEBUG Engine.Configuration] Reading execution_jmeter.yml as YAML
[2017-12-08 10:40:12,142 DEBUG Engine] Requesting updates info: http://gettaurus.org/updates/?version=1.9.6&installID=784f43782a15
[2017-12-08 10:40:12,146 INFO Engine] Artifacts dir: /Users/daper01/Documents/OSLo/artifacts/2017-12-08_10-40-12.146415
[2017-12-08 10:40:12,147 DEBUG Engine] New artifact filename: /Users/daper01/Documents/OSLo/artifacts/2017-12-08_10-40-12.146415/effective
[2017-12-08 10:40:12,150 DEBUG Engine.Configuration] Dumping YAML config into /Users/daper01/Documents/OSLo/artifacts/2017-12-08_10-40-12.146415/effective.yml
[2017-12-08 10:40:12,183 DEBUG Engine.Configuration] Dumping JSON config into /Users/daper01/Documents/OSLo/artifacts/2017-12-08_10-40-12.146415/effective.json
[2017-12-08 10:40:12,185 DEBUG Engine] New artifact filename: /Users/daper01/Documents/OSLo/artifacts/2017-12-08_10-40-12.146415/merged.yml
[2017-12-08 10:40:12,186 DEBUG Engine.Configuration] Dumping YAML config into /Users/daper01/Documents/OSLo/artifacts/2017-12-08_10-40-12.146415/merged.yml
[2017-12-08 10:40:12,199 DEBUG Engine] New artifact filename: /Users/daper01/Documents/OSLo/artifacts/2017-12-08_10-40-12.146415/merged.json
[2017-12-08 10:40:12,200 DEBUG Engine.Configuration] Dumping JSON config into /Users/daper01/Documents/OSLo/artifacts/2017-12-08_10-40-12.146415/merged.json
[2017-12-08 10:40:12,202 DEBUG Engine] Add existing artifact (move=False): load_scenario_from_csv.yml
[2017-12-08 10:40:12,202 DEBUG Engine] Copying load_scenario_from_csv.yml to /Users/daper01/Documents/OSLo/artifacts/2017-12-08_10-40-12.146415/load_scenario_from_csv.yml
[2017-12-08 10:40:12,203 DEBUG Engine] Add existing artifact (move=False): execution_jmeter.yml
[2017-12-08 10:40:12,203 DEBUG Engine] Copying execution_jmeter.yml to /Users/daper01/Documents/OSLo/artifacts/2017-12-08_10-40-12.146415/execution_jmeter.yml
[2017-12-08 10:40:12,205 DEBUG root] Closing log handler: /var/folders/vq/xzrdy2lx047cst78f69v8z3xfzqz1q/T/bzt_FRsGIg.log
[2017-12-08 10:40:12,229 DEBUG root] Switched writing logs to /Users/daper01/Documents/OSLo/artifacts/2017-12-08_10-40-12.146415/bzt.log
[2017-12-08 10:40:12,229 INFO Engine] Preparing...
[2017-12-08 10:40:12,229 DEBUG Engine] Module config: consolidator defaultdict(None, {'class': 'bzt.modules.aggregator.ConsolidatingAggregator'})
[2017-12-08 10:40:12,229 DEBUG root] Importing module: bzt.modules.aggregator
[2017-12-08 10:40:12,235 DEBUG root] Loading class: 'ConsolidatingAggregator' from <module 'bzt.modules.aggregator' from '/usr/local/lib/python2.7/site-packages/bzt/modules/aggregator.pyc'>
[2017-12-08 10:40:12,236 DEBUG Engine.consolidator] Exception in dehumanize_time(inf)
[2017-12-08 10:40:12,236 DEBUG Engine.consolidator] Buffer scaling setup: percentile 95.0 from [0.0, 50.0, 90.0, 95.0, 99.0, 99.9, 100.0] selected
[2017-12-08 10:40:12,236 DEBUG Engine] Module config: monitoring defaultdict(None, {'class': 'bzt.modules.monitoring.Monitoring'})
[2017-12-08 10:40:12,236 DEBUG root] Importing module: bzt.modules.monitoring
[2017-12-08 10:40:12,267 DEBUG root] Loading class: 'Monitoring' from <module 'bzt.modules.monitoring' from '/usr/local/lib/python2.7/site-packages/bzt/modules/monitoring.pyc'>
[2017-12-08 10:40:12,269 DEBUG Engine] Module config: local defaultdict(None, {'class': 'bzt.modules.provisioning.Local'})
[2017-12-08 10:40:12,270 DEBUG root] Importing module: bzt.modules.provisioning
[2017-12-08 10:40:12,270 DEBUG root] Loading class: 'Local' from <module 'bzt.modules.provisioning' from '/usr/local/lib/python2.7/site-packages/bzt/modules/provisioning.pyc'>
[2017-12-08 10:40:12,271 DEBUG Engine] Module config: jmeter defaultdict(None, {'properties': defaultdict(None, {'jmeter.save.saveservice.autoflush': 'true', 'summariser.name': '', 'jmeter.save.saveservice.connect_time': 'true', 'mode': 'Stripped', 'jmeterengine.force.system.exit': 'true'}), 'class': 'bzt.modules.jmeter.JMeterExecutor', 'plugins': ['jpgc-casutg', 'jpgc-dummy', 'jpgc-ffw', 'jpgc-fifo', 'jpgc-functions', 'jpgc-json', 'jpgc-perfmon', 'jpgc-prmctl', 'jpgc-tst']})
[2017-12-08 10:40:12,271 DEBUG root] Importing module: bzt.modules.jmeter
[2017-12-08 10:40:12,290 DEBUG root] Loading class: 'JMeterExecutor' from <module 'bzt.modules.jmeter' from '/usr/local/lib/python2.7/site-packages/bzt/modules/jmeter.pyc'>
[2017-12-08 10:40:12,290 DEBUG Engine.local] Preparing executor: jmeter/4420959824
[2017-12-08 10:40:12,290 DEBUG Engine] New artifact filename: /Users/daper01/Documents/OSLo/artifacts/2017-12-08_10-40-12.146415/jmeter.log
[2017-12-08 10:40:12,290 DEBUG Engine.jmeter] Checking if port 4445 is free
[2017-12-08 10:40:12,291 DEBUG Engine.jmeter] Port 4445 is free
[2017-12-08 10:40:12,291 DEBUG Engine.jmeter] Using port 4445 for management
[2017-12-08 10:40:12,291 DEBUG Engine.jmeter.JavaVM] Trying JavaVM: ['java', '-version']
[2017-12-08 10:40:12,434 DEBUG Engine.jmeter.JavaVM] JavaVM output: java version "1.8.0_121"
Java(TM) SE Runtime Environment (build 1.8.0_121-b13)
Java HotSpot(TM) 64-Bit Server VM (build 25.121-b13, mixed mode)

[2017-12-08 10:40:12,434 DEBUG Engine.jmeter.TclLibrary] We don't need to check tcl library on this platform
[2017-12-08 10:40:12,435 DEBUG Engine.jmeter.JMeter] Trying jmeter: /Users/daper01/.bzt/jmeter-taurus/3.3/bin/jmeter.sh
[2017-12-08 10:40:12,435 DEBUG bzt.utils] Executing shell: ['/Users/daper01/.bzt/jmeter-taurus/3.3/bin/jmeter.sh', '-j', '/var/folders/vq/xzrdy2lx047cst78f69v8z3xfzqz1q/T/jmetertQPNRYlog', '--version']
[2017-12-08 10:40:12,757 DEBUG Engine] Taurus updates info: {"latest":"1.10.3","needsUpgrade":true}
[2017-12-08 10:40:12,758 WARNING Engine] There is newer version of Taurus 1.10.3 available, consider upgrading. What's new: http://gettaurus.org/docs/Changelog/
[2017-12-08 10:40:13,520 DEBUG Engine.jmeter.JMeter] JMeter check:     _    ____   _    ____ _   _ _____       _ __  __ _____ _____ _____ ____     
   / \  |  _ \ / \  / ___| | | | ____|     | |  \/  | ____|_   _| ____|  _ \   
  / _ \ | |_) / _ \| |   | |_| |  _|    _  | | |\/| |  _|   | | |  _| | |_) | 
 / ___ \|  __/ ___ \ |___|  _  | |___  | |_| | |  | | |___  | | | |___|  _ <  
/_/   \_\_| /_/   \_\____|_| |_|_____|  \___/|_|  |_|_____| |_| |_____|_| \_\ 3.3 r1808647  

Copyright (c) 1999-2017 The Apache Software Foundation

 / None
[2017-12-08 10:40:13,521 DEBUG Engine] New artifact filename: /Users/daper01/Documents/OSLo/artifacts/2017-12-08_10-40-12.146415/requests.jmx
[2017-12-08 10:40:13,527 DEBUG JMeterScenarioBuilder] Saving JMX to: /Users/daper01/Documents/OSLo/artifacts/2017-12-08_10-40-12.146415/requests.jmx
[2017-12-08 10:40:13,528 DEBUG bzt.utils] Executing shell: ['/Users/daper01/.bzt/jmeter-taurus/3.3/bin/PluginsManagerCMD.sh', 'install-for-jmx', '/Users/daper01/Documents/OSLo/artifacts/2017-12-08_10-40-12.146415/requests.jmx']
[2017-12-08 10:40:16,231 DEBUG Engine.jmeter.JMeter] Try to detect plugins for /Users/daper01/Documents/OSLo/artifacts/2017-12-08_10-40-12.146415/requests.jmx
10:40:15.208 [main] INFO  org.jmeterplugins.repository.PluginManager - Plugins Status: [jpgc-functions=2.0, jpgc-casutg=2.1, jpgc-dummy=0.2, jpgc-ffw=2.0, jpgc-fifo=0.2, jpgc-json=2.6, jpgc-prmctl=0.3, jpgc-perfmon=2.1, jpgc-plugins-manager=0.16, jpgc-tst=2.1, jmeter-core=3.3, jmeter-ftp=3.3, jmeter-http=3.3, jmeter-jdbc=3.3, jmeter-jms=3.3, jmeter-junit=3.3, jmeter-java=3.3, jmeter-ldap=3.3, jmeter-mail=3.3, jmeter-mongodb=3.3, jmeter-native=3.3, jmeter-tcp=3.3, jmeter-components=3.3]
2017-12-08 10:40:15,208 INFO o.j.r.PluginManager: Plugins Status: [jpgc-functions=2.0, jpgc-casutg=2.1, jpgc-dummy=0.2, jpgc-ffw=2.0, jpgc-fifo=0.2, jpgc-json=2.6, jpgc-prmctl=0.3, jpgc-perfmon=2.1, jpgc-plugins-manager=0.16, jpgc-tst=2.1, jmeter-core=3.3, jmeter-ftp=3.3, jmeter-http=3.3, jmeter-jdbc=3.3, jmeter-jms=3.3, jmeter-junit=3.3, jmeter-java=3.3, jmeter-ldap=3.3, jmeter-mail=3.3, jmeter-mongodb=3.3, jmeter-native=3.3, jmeter-tcp=3.3, jmeter-components=3.3]
10:40:15.663 [main] INFO  org.apache.jmeter.save.SaveService - Testplan (JMX) version: 2.2. Testlog (JTL) version: 2.2
2017-12-08 10:40:15,663 INFO o.a.j.s.SaveService: Testplan (JMX) version: 2.2. Testlog (JTL) version: 2.2
10:40:15.678 [main] INFO  org.apache.jmeter.save.SaveService - Using SaveService properties file encoding UTF-8
2017-12-08 10:40:15,678 INFO o.a.j.s.SaveService: Using SaveService properties file encoding UTF-8
10:40:15.682 [main] INFO  org.apache.jmeter.save.SaveService - Using SaveService properties version 3.2
2017-12-08 10:40:15,682 INFO o.a.j.s.SaveService: Using SaveService properties version 3.2
10:40:15.719 [main] INFO  org.apache.jmeter.protocol.http.control.CacheManager - Will only cache the following methods: [GET]
2017-12-08 10:40:15,719 INFO o.a.j.p.h.c.CacheManager: Will only cache the following methods: [GET]
10:40:15.722 [main] INFO  org.apache.jmeter.protocol.http.control.CookieManager - Settings: Delete null: true Check: true Allow variable: true Save: false Prefix: COOKIE_
2017-12-08 10:40:15,722 INFO o.a.j.p.h.c.CookieManager: Settings: Delete null: true Check: true Allow variable: true Save: false Prefix: COOKIE_
10:40:15.804 [main] INFO  org.jmeterplugins.repository.PluginManager - Restarting JMeter...
2017-12-08 10:40:15,804 INFO o.j.r.PluginManager: Restarting JMeter...
10:40:15.806 [Thread-1] INFO  org.jmeterplugins.repository.PluginManager - Starting JMeter Plugins modifications
2017-12-08 10:40:15,806 INFO o.j.r.PluginManager: Starting JMeter Plugins modifications

ERROR StatusLogger No log4j2 configuration file found. Using default configuration: logging only errors to the console. Set system property 'org.apache.logging.log4j.simplelog.StatusLogger.level' to TRACE to show Log4j2 internal initialization logging.

[2017-12-08 10:40:16,231 DEBUG Engine.jmeter] Load: LoadSpec(concurrency=50, throughput=None, ramp_up=30.0, hold=120.0, iterations=0, duration=150.0, steps=None)
[2017-12-08 10:40:16,236 DEBUG Engine.jmeter.LoadSettingsProcessor.ThreadGroupHandler] Converting ThreadGroup (blazedemo1) to ConcurrencyThreadGroup and apply load parameters
[2017-12-08 10:40:16,237 DEBUG Engine] New artifact filename: /Users/daper01/Documents/OSLo/artifacts/2017-12-08_10-40-12.146415/kpi.jtl
[2017-12-08 10:40:16,238 DEBUG Engine] New artifact filename: /Users/daper01/Documents/OSLo/artifacts/2017-12-08_10-40-12.146415/error.jtl
[2017-12-08 10:40:16,239 DEBUG Engine] New artifact filename: /Users/daper01/Documents/OSLo/artifacts/2017-12-08_10-40-12.146415/modified_requests.jmx
[2017-12-08 10:40:16,239 DEBUG JMX] Saving JMX to: /Users/daper01/Documents/OSLo/artifacts/2017-12-08_10-40-12.146415/modified_requests.jmx
[2017-12-08 10:40:16,240 DEBUG Engine.jmeter] Additional properties: defaultdict(None, {'jmeter.save.saveservice.autoflush': 'true', 'jmeter.save.saveservice.connect_time': 'true', 'user.classpath': '/Users/daper01/Documents/OSLo/artifacts/2017-12-08_10-40-12.146415', 'sampleresult.default.encoding': 'UTF-8', 'summariser.name': '', 'jmeterengine.force.system.exit': 'true', 'jmeter.save.saveservice.timestamp_format': 'ms', 'mode': 'Stripped', 'jmeterengine.nongui.maxport': 4445, 'jmeterengine.nongui.port': 4445})
[2017-12-08 10:40:16,240 DEBUG Engine] New artifact filename: /Users/daper01/Documents/OSLo/artifacts/2017-12-08_10-40-12.146415/jmeter-bzt.properties
[2017-12-08 10:40:16,240 DEBUG Engine.jmeter] Additional system properties defaultdict(None, {'sun.net.inetaddr.ttl': 0})
[2017-12-08 10:40:16,240 DEBUG Engine] New artifact filename: /Users/daper01/Documents/OSLo/artifacts/2017-12-08_10-40-12.146415/system.properties
[2017-12-08 10:40:16,241 DEBUG Engine] New artifact filename: /Users/daper01/Documents/OSLo/artifacts/2017-12-08_10-40-12.146415/jmeter.out
[2017-12-08 10:40:16,241 DEBUG Engine] New artifact filename: /Users/daper01/Documents/OSLo/artifacts/2017-12-08_10-40-12.146415/jmeter.err
[2017-12-08 10:40:16,242 DEBUG Engine.local] Preparing executor: jmeter/4420959888
[2017-12-08 10:40:16,242 DEBUG Engine] New artifact filename: /Users/daper01/Documents/OSLo/artifacts/2017-12-08_10-40-12.146415/jmeter-1.log
[2017-12-08 10:40:16,242 DEBUG Engine.jmeter] Checking if port 4446 is free
[2017-12-08 10:40:16,243 DEBUG Engine.jmeter] Port 4446 is free
[2017-12-08 10:40:16,243 DEBUG Engine.jmeter] Using port 4446 for management
[2017-12-08 10:40:16,244 DEBUG Engine.jmeter.JavaVM] Trying JavaVM: ['java', '-version']
[2017-12-08 10:40:16,399 DEBUG Engine.jmeter.JavaVM] JavaVM output: java version "1.8.0_121"
Java(TM) SE Runtime Environment (build 1.8.0_121-b13)
Java HotSpot(TM) 64-Bit Server VM (build 25.121-b13, mixed mode)

[2017-12-08 10:40:16,399 DEBUG Engine.jmeter.TclLibrary] We don't need to check tcl library on this platform
[2017-12-08 10:40:16,399 DEBUG Engine.jmeter.JMeter] Trying jmeter: /Users/daper01/.bzt/jmeter-taurus/3.3/bin/jmeter.sh
[2017-12-08 10:40:16,400 DEBUG bzt.utils] Executing shell: ['/Users/daper01/.bzt/jmeter-taurus/3.3/bin/jmeter.sh', '-j', '/var/folders/vq/xzrdy2lx047cst78f69v8z3xfzqz1q/T/jmetermcN4Tjlog', '--version']
[2017-12-08 10:40:17,448 DEBUG Engine.jmeter.JMeter] JMeter check:     _    ____   _    ____ _   _ _____       _ __  __ _____ _____ _____ ____     
   / \  |  _ \ / \  / ___| | | | ____|     | |  \/  | ____|_   _| ____|  _ \   
  / _ \ | |_) / _ \| |   | |_| |  _|    _  | | |\/| |  _|   | | |  _| | |_) | 
 / ___ \|  __/ ___ \ |___|  _  | |___  | |_| | |  | | |___  | | | |___|  _ <  
/_/   \_\_| /_/   \_\____|_| |_|_____|  \___/|_|  |_|_____| |_| |_____|_| \_\ 3.3 r1808647  

Copyright (c) 1999-2017 The Apache Software Foundation

 / None
[2017-12-08 10:40:17,450 DEBUG Engine] New artifact filename: /Users/daper01/Documents/OSLo/artifacts/2017-12-08_10-40-12.146415/requests-1.jmx
[2017-12-08 10:40:17,453 DEBUG JMeterScenarioBuilder] Saving JMX to: /Users/daper01/Documents/OSLo/artifacts/2017-12-08_10-40-12.146415/requests-1.jmx
[2017-12-08 10:40:17,454 DEBUG bzt.utils] Executing shell: ['/Users/daper01/.bzt/jmeter-taurus/3.3/bin/PluginsManagerCMD.sh', 'install-for-jmx', '/Users/daper01/Documents/OSLo/artifacts/2017-12-08_10-40-12.146415/requests-1.jmx']
[2017-12-08 10:40:20,780 DEBUG Engine.jmeter.JMeter] Try to detect plugins for /Users/daper01/Documents/OSLo/artifacts/2017-12-08_10-40-12.146415/requests-1.jmx
10:40:19.383 [main] INFO  org.jmeterplugins.repository.PluginManager - Plugins Status: [jpgc-functions=2.0, jpgc-casutg=2.1, jpgc-dummy=0.2, jpgc-ffw=2.0, jpgc-fifo=0.2, jpgc-json=2.6, jpgc-prmctl=0.3, jpgc-perfmon=2.1, jpgc-plugins-manager=0.16, jpgc-tst=2.1, jmeter-core=3.3, jmeter-ftp=3.3, jmeter-http=3.3, jmeter-jdbc=3.3, jmeter-jms=3.3, jmeter-junit=3.3, jmeter-java=3.3, jmeter-ldap=3.3, jmeter-mail=3.3, jmeter-mongodb=3.3, jmeter-native=3.3, jmeter-tcp=3.3, jmeter-components=3.3]
2017-12-08 10:40:19,383 INFO o.j.r.PluginManager: Plugins Status: [jpgc-functions=2.0, jpgc-casutg=2.1, jpgc-dummy=0.2, jpgc-ffw=2.0, jpgc-fifo=0.2, jpgc-json=2.6, jpgc-prmctl=0.3, jpgc-perfmon=2.1, jpgc-plugins-manager=0.16, jpgc-tst=2.1, jmeter-core=3.3, jmeter-ftp=3.3, jmeter-http=3.3, jmeter-jdbc=3.3, jmeter-jms=3.3, jmeter-junit=3.3, jmeter-java=3.3, jmeter-ldap=3.3, jmeter-mail=3.3, jmeter-mongodb=3.3, jmeter-native=3.3, jmeter-tcp=3.3, jmeter-components=3.3]
10:40:20.144 [main] INFO  org.apache.jmeter.save.SaveService - Testplan (JMX) version: 2.2. Testlog (JTL) version: 2.2
2017-12-08 10:40:20,144 INFO o.a.j.s.SaveService: Testplan (JMX) version: 2.2. Testlog (JTL) version: 2.2
10:40:20.178 [main] INFO  org.apache.jmeter.save.SaveService - Using SaveService properties file encoding UTF-8
2017-12-08 10:40:20,178 INFO o.a.j.s.SaveService: Using SaveService properties file encoding UTF-8
10:40:20.185 [main] INFO  org.apache.jmeter.save.SaveService - Using SaveService properties version 3.2
2017-12-08 10:40:20,185 INFO o.a.j.s.SaveService: Using SaveService properties version 3.2
10:40:20.235 [main] INFO  org.apache.jmeter.protocol.http.control.CacheManager - Will only cache the following methods: [GET]
2017-12-08 10:40:20,235 INFO o.a.j.p.h.c.CacheManager: Will only cache the following methods: [GET]
10:40:20.241 [main] INFO  org.apache.jmeter.protocol.http.control.CookieManager - Settings: Delete null: true Check: true Allow variable: true Save: false Prefix: COOKIE_
2017-12-08 10:40:20,241 INFO o.a.j.p.h.c.CookieManager: Settings: Delete null: true Check: true Allow variable: true Save: false Prefix: COOKIE_
10:40:20.347 [main] INFO  org.jmeterplugins.repository.PluginManager - Restarting JMeter...
2017-12-08 10:40:20,347 INFO o.j.r.PluginManager: Restarting JMeter...
10:40:20.350 [Thread-1] INFO  org.jmeterplugins.repository.PluginManager - Starting JMeter Plugins modifications
2017-12-08 10:40:20,350 INFO o.j.r.PluginManager: Starting JMeter Plugins modifications

ERROR StatusLogger No log4j2 configuration file found. Using default configuration: logging only errors to the console. Set system property 'org.apache.logging.log4j.simplelog.StatusLogger.level' to TRACE to show Log4j2 internal initialization logging.

[2017-12-08 10:40:20,781 DEBUG Engine.jmeter] Load: LoadSpec(concurrency=50, throughput=None, ramp_up=120.0, hold=30.0, iterations=0, duration=150.0, steps=None)
[2017-12-08 10:40:20,785 DEBUG Engine.jmeter.LoadSettingsProcessor.ThreadGroupHandler] Converting ThreadGroup (blazedemo1) to ConcurrencyThreadGroup and apply load parameters
[2017-12-08 10:40:20,785 DEBUG Engine] New artifact filename: /Users/daper01/Documents/OSLo/artifacts/2017-12-08_10-40-12.146415/kpi-1.jtl
[2017-12-08 10:40:20,786 DEBUG Engine] New artifact filename: /Users/daper01/Documents/OSLo/artifacts/2017-12-08_10-40-12.146415/error-1.jtl
[2017-12-08 10:40:20,787 DEBUG Engine] New artifact filename: /Users/daper01/Documents/OSLo/artifacts/2017-12-08_10-40-12.146415/modified_requests-1.jmx
[2017-12-08 10:40:20,787 DEBUG JMX] Saving JMX to: /Users/daper01/Documents/OSLo/artifacts/2017-12-08_10-40-12.146415/modified_requests-1.jmx
[2017-12-08 10:40:20,788 DEBUG Engine.jmeter] Additional properties: defaultdict(None, {'jmeter.save.saveservice.autoflush': 'true', 'jmeter.save.saveservice.connect_time': 'true', 'user.classpath': '/Users/daper01/Documents/OSLo/artifacts/2017-12-08_10-40-12.146415', 'sampleresult.default.encoding': 'UTF-8', 'summariser.name': '', 'jmeterengine.force.system.exit': 'true', 'jmeter.save.saveservice.timestamp_format': 'ms', 'mode': 'Stripped', 'jmeterengine.nongui.maxport': 4446, 'jmeterengine.nongui.port': 4446})
[2017-12-08 10:40:20,788 DEBUG Engine] New artifact filename: /Users/daper01/Documents/OSLo/artifacts/2017-12-08_10-40-12.146415/jmeter-bzt-1.properties
[2017-12-08 10:40:20,789 DEBUG Engine.jmeter] Additional system properties defaultdict(None, {'sun.net.inetaddr.ttl': 0})
[2017-12-08 10:40:20,789 DEBUG Engine] New artifact filename: /Users/daper01/Documents/OSLo/artifacts/2017-12-08_10-40-12.146415/system-1.properties
[2017-12-08 10:40:20,789 DEBUG Engine] New artifact filename: /Users/daper01/Documents/OSLo/artifacts/2017-12-08_10-40-12.146415/jmeter-1.out
[2017-12-08 10:40:20,789 DEBUG Engine] New artifact filename: /Users/daper01/Documents/OSLo/artifacts/2017-12-08_10-40-12.146415/jmeter-1.err
[2017-12-08 10:40:20,790 DEBUG Engine] Module config: final-stats defaultdict(None, {'class': 'bzt.modules.reporting.FinalStatus'})
[2017-12-08 10:40:20,790 DEBUG root] Importing module: bzt.modules.reporting
[2017-12-08 10:40:20,909 DEBUG easyprocess] version=0.2.3
[2017-12-08 10:40:20,911 DEBUG pyvirtualdisplay] version=0.2.1
[2017-12-08 10:40:20,913 DEBUG root] Loading class: 'FinalStatus' from <module 'bzt.modules.reporting' from '/usr/local/lib/python2.7/site-packages/bzt/modules/reporting.pyc'>
[2017-12-08 10:40:20,913 DEBUG Engine] Module config: console defaultdict(None, {'class': 'bzt.modules.console.ConsoleStatusReporter'})
[2017-12-08 10:40:20,913 DEBUG root] Importing module: bzt.modules.console
[2017-12-08 10:40:20,913 DEBUG root] Loading class: 'ConsoleStatusReporter' from <module 'bzt.modules.console' from '/usr/local/lib/python2.7/site-packages/bzt/modules/console.pyc'>
[2017-12-08 10:40:20,926 DEBUG Engine.Configuration] Dumping YAML config into /Users/daper01/Documents/OSLo/artifacts/2017-12-08_10-40-12.146415/effective.yml
[2017-12-08 10:40:20,985 DEBUG Engine.Configuration] Dumping JSON config into /Users/daper01/Documents/OSLo/artifacts/2017-12-08_10-40-12.146415/effective.json
[2017-12-08 10:40:20,987 INFO Engine] Starting...
[2017-12-08 10:40:20,987 DEBUG Engine] Startup <bzt.modules.monitoring.Monitoring object at 0x106ef7750>
[2017-12-08 10:40:20,987 DEBUG Engine] Startup <bzt.modules.aggregator.ConsolidatingAggregator object at 0x106ee1810>
[2017-12-08 10:40:20,987 DEBUG Engine] Startup <bzt.modules.reporting.FinalStatus object at 0x107827c90>
[2017-12-08 10:40:20,987 DEBUG Engine] Startup <bzt.modules.console.ConsoleStatusReporter object at 0x1079a8650>
[2017-12-08 10:40:20,988 INFO Engine.console] Waiting for results...
[2017-12-08 10:40:20,988 DEBUG Engine] Startup <bzt.modules.reporting.FinalStatus object at 0x1079c5a10>
[2017-12-08 10:40:20,988 DEBUG Engine] Startup <bzt.modules.provisioning.Local object at 0x106ee1510>
[2017-12-08 10:40:20,988 DEBUG Engine.local] Delay setup for jmeter/blazedemo1: 0(start-at) + 0(delay) = 0
[2017-12-08 10:40:20,988 DEBUG Engine.local] Delay setup for jmeter/blazedemo1: 0(start-at) + 0(delay) = 0
[2017-12-08 10:40:20,993 DEBUG Engine.Configuration] Dumping YAML config into /Users/daper01/Documents/OSLo/artifacts/2017-12-08_10-40-12.146415/effective.yml
[2017-12-08 10:40:21,086 DEBUG Engine.Configuration] Dumping JSON config into /Users/daper01/Documents/OSLo/artifacts/2017-12-08_10-40-12.146415/effective.json
[2017-12-08 10:40:21,088 DEBUG root] Leveling down log file verbosity, use -v option to have DEBUG messages enabled
[2017-12-08 10:40:21,328 INFO Engine.console] Waiting for finish...
[2017-12-08 10:41:14,998 WARNING Engine] Please wait for graceful shutdown...
[2017-12-08 10:41:15,004 DEBUG root] Leveled up log file verbosity
[2017-12-08 10:41:15,004 INFO Engine] Shutting down...
[2017-12-08 10:41:15,012 DEBUG Engine.local] Shutdown jmeter/blazedemo1
[2017-12-08 10:41:16,016 INFO Engine.jmeter] Sending Shutdown command to JMeter on port 4445...
[2017-12-08 10:41:17,036 DEBUG Engine.jmeter] JMeter stopped on Shutdown command
[2017-12-08 10:41:17,036 DEBUG Engine.local] Shutdown jmeter/blazedemo1
[2017-12-08 10:41:18,041 INFO Engine.jmeter] Sending Shutdown command to JMeter on port 4446...
[2017-12-08 10:41:19,063 DEBUG Engine.jmeter] JMeter stopped on Shutdown command
[2017-12-08 10:41:19,064 DEBUG Engine.console] Restoring logging streams, [<logging.StreamHandler object at 0x10640f710>]/{<logging.StreamHandler object at 0x10640f710>: <open file '<stdout>', mode 'w' at 0x105485150>}
[2017-12-08 10:41:19,069 DEBUG Engine.Configuration] Dumping YAML config into /Users/daper01/Documents/OSLo/artifacts/2017-12-08_10-40-12.146415/effective.yml
[2017-12-08 10:41:19,121 DEBUG Engine.Configuration] Dumping JSON config into /Users/daper01/Documents/OSLo/artifacts/2017-12-08_10-40-12.146415/effective.json
[2017-12-08 10:41:19,123 WARNING root] Keyboard interrupt
[2017-12-08 10:41:19,124 DEBUG root] KeyboardInterrupt: 
Traceback (most recent call last):
  File "/usr/local/lib/python2.7/site-packages/bzt/cli.py", line 221, in perform
    self.engine.run()
  File "/usr/local/lib/python2.7/site-packages/bzt/engine.py", line 202, in run
    reraise(exc_info)
  File "/usr/local/lib/python2.7/site-packages/bzt/engine.py", line 184, in run
    self._wait()
  File "/usr/local/lib/python2.7/site-packages/bzt/engine.py", line 227, in _wait
    time.sleep(delay)
KeyboardInterrupt
[2017-12-08 10:41:19,124 INFO Engine] Post-processing...
[2017-12-08 10:41:19,124 DEBUG Engine.local] Post-process jmeter/blazedemo1
[2017-12-08 10:41:19,124 DEBUG Engine] Add existing artifact (move=True): /Users/daper01/Documents/OSLo/artifacts/2017-12-08_10-40-12.146415/modified_requests.jmx
[2017-12-08 10:41:19,124 DEBUG Engine] No need to copy /Users/daper01/Documents/OSLo/artifacts/2017-12-08_10-40-12.146415/modified_requests.jmx
[2017-12-08 10:41:19,125 DEBUG Engine.local] Post-process jmeter/blazedemo1
[2017-12-08 10:41:19,125 DEBUG Engine] Add existing artifact (move=True): /Users/daper01/Documents/OSLo/artifacts/2017-12-08_10-40-12.146415/modified_requests-1.jmx
[2017-12-08 10:41:19,125 DEBUG Engine] No need to copy /Users/daper01/Documents/OSLo/artifacts/2017-12-08_10-40-12.146415/modified_requests-1.jmx
[2017-12-08 10:41:19,125 DEBUG Engine.jmeter.JTLErrorsReader] Opening /Users/daper01/Documents/OSLo/artifacts/2017-12-08_10-40-12.146415/error.jtl
[2017-12-08 10:41:19,130 DEBUG Engine.jmeter.JTLReader.IncrementalCSVReader] Reading JTL: /Users/daper01/Documents/OSLo/artifacts/2017-12-08_10-40-12.146415/kpi.jtl
[2017-12-08 10:41:19,130 DEBUG Engine.jmeter.JTLReader.IncrementalCSVReader] Read lines: 241 / 24351 bytes (at speed 1048576)
[2017-12-08 10:41:19,137 DEBUG Engine.jmeter.JTLReader] Buffer len: 4
[2017-12-08 10:41:19,137 DEBUG Engine.jmeter.JTLReader] Aggregating: 1512758473
[2017-12-08 10:41:19,149 DEBUG Engine.jmeter.JTLReader] Aggregating: 1512758474
[2017-12-08 10:41:19,168 DEBUG Engine.jmeter.JTLReader] Aggregating: 1512758475
[2017-12-08 10:41:19,187 DEBUG Engine.jmeter.JTLReader] Aggregating: 1512758476
[2017-12-08 10:41:19,196 DEBUG Engine.jmeter.JTLErrorsReader] Opening /Users/daper01/Documents/OSLo/artifacts/2017-12-08_10-40-12.146415/error-1.jtl
[2017-12-08 10:41:19,198 DEBUG Engine.jmeter.JTLReader.IncrementalCSVReader] Reading JTL: /Users/daper01/Documents/OSLo/artifacts/2017-12-08_10-40-12.146415/kpi-1.jtl
[2017-12-08 10:41:19,198 DEBUG Engine.jmeter.JTLReader.IncrementalCSVReader] Read lines: 281 / 26686 bytes (at speed 1048576)
[2017-12-08 10:41:19,203 DEBUG Engine.jmeter.JTLReader] Buffer len: 7
[2017-12-08 10:41:19,203 DEBUG Engine.jmeter.JTLReader] Aggregating: 1512758472
[2017-12-08 10:41:19,210 DEBUG Engine.jmeter.JTLReader] Aggregating: 1512758473
[2017-12-08 10:41:19,219 DEBUG Engine.jmeter.JTLReader] Aggregating: 1512758474
[2017-12-08 10:41:19,230 DEBUG Engine.jmeter.JTLReader] Aggregating: 1512758475
[2017-12-08 10:41:19,242 DEBUG Engine.jmeter.JTLReader] Aggregating: 1512758476
[2017-12-08 10:41:19,251 DEBUG Engine.jmeter.JTLReader] Aggregating: 1512758477
[2017-12-08 10:41:19,259 DEBUG Engine.jmeter.JTLReader] Aggregating: 1512758478
[2017-12-08 10:41:19,268 DEBUG Engine.consolidator] Consolidator buffer[8]: [1512758471, 1512758472, 1512758473, 1512758474, 1512758475, 1512758476, 1512758477, 1512758478]
[2017-12-08 10:41:19,268 DEBUG Engine.consolidator] Merging into 1512758471
[2017-12-08 10:41:19,268 DEBUG Engine.consolidator] Merging 1512758471
[2017-12-08 10:41:19,280 DEBUG Engine.consolidator] Merging 1512758471
[2017-12-08 10:41:19,306 DEBUG Engine.consolidator] Processed datapoint: 1512758471/None
[2017-12-08 10:41:19,306 DEBUG Engine.consolidator] Merging into 1512758472
[2017-12-08 10:41:19,306 DEBUG Engine.consolidator] Merging 1512758472
[2017-12-08 10:41:19,313 DEBUG Engine.consolidator] Merging 1512758472
[2017-12-08 10:41:19,333 DEBUG Engine.consolidator] Processed datapoint: 1512758472/None
[2017-12-08 10:41:19,333 DEBUG Engine.consolidator] Merging into 1512758473
[2017-12-08 10:41:19,333 DEBUG Engine.consolidator] Merging 1512758473
[2017-12-08 10:41:19,338 DEBUG Engine.consolidator] Merging 1512758473
[2017-12-08 10:41:19,357 DEBUG Engine.consolidator] Processed datapoint: 1512758473/None
[2017-12-08 10:41:19,357 DEBUG Engine.consolidator] Merging into 1512758474
[2017-12-08 10:41:19,357 DEBUG Engine.consolidator] Merging 1512758474
[2017-12-08 10:41:19,362 DEBUG Engine.consolidator] Merging 1512758474
[2017-12-08 10:41:19,378 DEBUG Engine.consolidator] Processed datapoint: 1512758474/None
[2017-12-08 10:41:19,378 DEBUG Engine.consolidator] Merging into 1512758475
[2017-12-08 10:41:19,378 DEBUG Engine.consolidator] Merging 1512758475
[2017-12-08 10:41:19,383 DEBUG Engine.consolidator] Merging 1512758475
[2017-12-08 10:41:19,400 DEBUG Engine.consolidator] Processed datapoint: 1512758475/None
[2017-12-08 10:41:19,400 DEBUG Engine.consolidator] Merging into 1512758476
[2017-12-08 10:41:19,400 DEBUG Engine.consolidator] Merging 1512758476
[2017-12-08 10:41:19,404 DEBUG Engine.consolidator] Merging 1512758476
[2017-12-08 10:41:19,420 DEBUG Engine.consolidator] Processed datapoint: 1512758476/None
[2017-12-08 10:41:19,420 DEBUG Engine.consolidator] Merging into 1512758477
[2017-12-08 10:41:19,420 DEBUG Engine.consolidator] Merging 1512758477
[2017-12-08 10:41:19,434 DEBUG Engine.consolidator] Processed datapoint: 1512758477/None
[2017-12-08 10:41:19,434 DEBUG Engine.consolidator] Merging into 1512758478
[2017-12-08 10:41:19,434 DEBUG Engine.consolidator] Merging 1512758478
[2017-12-08 10:41:19,447 DEBUG Engine.consolidator] Processed datapoint: 1512758478/None
[2017-12-08 10:41:19,447 INFO Engine.final-stats] Test duration: 0:00:59
[2017-12-08 10:41:19,448 INFO Engine.final-stats] Samples count: 6669, 0.70% failures
[2017-12-08 10:41:19,448 INFO Engine.final-stats] Average times: total 0.344, latency 0.331, connect 0.000
[2017-12-08 10:41:19,448 INFO Engine.final-stats] Percentile 0.0%: 0.036
[2017-12-08 10:41:19,448 INFO Engine.final-stats] Percentile 50.0%: 0.355
[2017-12-08 10:41:19,448 INFO Engine.final-stats] Percentile 90.0%: 0.494
[2017-12-08 10:41:19,448 INFO Engine.final-stats] Percentile 95.0%: 0.514
[2017-12-08 10:41:19,449 INFO Engine.final-stats] Percentile 99.0%: 0.564
[2017-12-08 10:41:19,449 INFO Engine.final-stats] Percentile 99.9%: 1.267
[2017-12-08 10:41:19,449 INFO Engine.final-stats] Percentile 100.0%: 1.520
[2017-12-08 10:41:19,449 DEBUG Engine.console] No logger_handler or orig_stream was detected
[2017-12-08 10:41:19,449 INFO Engine.final-stats] Test duration: 0:00:59
[2017-12-08 10:41:19,449 INFO Engine.final-stats] Samples count: 6669, 0.70% failures
[2017-12-08 10:41:19,450 INFO Engine.final-stats] Average times: total 0.344, latency 0.331, connect 0.000
[2017-12-08 10:41:19,450 INFO Engine.final-stats] Percentile 0.0%: 0.036
[2017-12-08 10:41:19,450 INFO Engine.final-stats] Percentile 50.0%: 0.355
[2017-12-08 10:41:19,450 INFO Engine.final-stats] Percentile 90.0%: 0.494
[2017-12-08 10:41:19,450 INFO Engine.final-stats] Percentile 95.0%: 0.514
[2017-12-08 10:41:19,450 INFO Engine.final-stats] Percentile 99.0%: 0.564
[2017-12-08 10:41:19,451 INFO Engine.final-stats] Percentile 99.9%: 1.267
[2017-12-08 10:41:19,451 INFO Engine.final-stats] Percentile 100.0%: 1.520
[2017-12-08 10:41:19,451 INFO Engine.final-stats] Dumping final status as XML: stats.xml
[2017-12-08 10:41:19,456 DEBUG Engine.Configuration] Dumping YAML config into /Users/daper01/Documents/OSLo/artifacts/2017-12-08_10-40-12.146415/effective.yml
[2017-12-08 10:41:19,510 DEBUG Engine.Configuration] Dumping JSON config into /Users/daper01/Documents/OSLo/artifacts/2017-12-08_10-40-12.146415/effective.json
[2017-12-08 10:41:19,511 INFO root] Artifacts dir: /Users/daper01/Documents/OSLo/artifacts/2017-12-08_10-40-12.146415
[2017-12-08 10:41:19,511 WARNING root] Done performing with code: 1
[2017-12-08 10:41:19,512 DEBUG root] Closing log handler: /Users/daper01/Documents/OSLo/artifacts/2017-12-08_10-40-12.146415/bzt.log
