2017-12-08 10:40:23,563 INFO o.a.j.u.JMeterUtils: Setting Locale to en_US
2017-12-08 10:40:23,602 INFO o.a.j.JMeter: Loading user properties from: /Users/daper01/.bzt/jmeter-taurus/3.3/bin/user.properties
2017-12-08 10:40:23,602 INFO o.a.j.JMeter: Loading system properties from: /Users/daper01/.bzt/jmeter-taurus/3.3/bin/system.properties
2017-12-08 10:40:23,603 INFO o.a.j.JMeter: Setting System properties from file: /Users/daper01/Documents/OSLo/artifacts/2017-12-08_10-40-12.146415/system-1.properties
2017-12-08 10:40:23,610 INFO o.a.j.JMeter: Copyright (c) 1998-2017 The Apache Software Foundation
2017-12-08 10:40:23,611 INFO o.a.j.JMeter: Version 3.3 r1808647
2017-12-08 10:40:23,611 INFO o.a.j.JMeter: java.version=1.8.0_121
2017-12-08 10:40:23,611 INFO o.a.j.JMeter: java.vm.name=Java HotSpot(TM) 64-Bit Server VM
2017-12-08 10:40:23,611 INFO o.a.j.JMeter: os.name=Mac OS X
2017-12-08 10:40:23,611 INFO o.a.j.JMeter: os.arch=x86_64
2017-12-08 10:40:23,611 INFO o.a.j.JMeter: os.version=10.13.1
2017-12-08 10:40:23,611 INFO o.a.j.JMeter: file.encoding=UTF-8
2017-12-08 10:40:23,611 INFO o.a.j.JMeter: Max memory     =3817865216
2017-12-08 10:40:23,611 INFO o.a.j.JMeter: Available Processors =4
2017-12-08 10:40:23,616 INFO o.a.j.JMeter: Default Locale=English (United States)
2017-12-08 10:40:23,617 INFO o.a.j.JMeter: JMeter  Locale=English (United States)
2017-12-08 10:40:23,617 INFO o.a.j.JMeter: JMeterHome=/Users/daper01/.bzt/jmeter-taurus/3.3
2017-12-08 10:40:23,617 INFO o.a.j.JMeter: user.dir  =/Users/daper01/Documents/OSLo
2017-12-08 10:40:23,617 INFO o.a.j.JMeter: PWD       =/Users/daper01/Documents/OSLo
2017-12-08 10:40:23,620 INFO o.a.j.JMeter: IP: 10.137.176.136 Name: daper01mac1124 FullName: daper01mac1124.ca.com
2017-12-08 10:40:23,620 INFO o.a.j.JMeter: user.classpath=/Users/daper01/Documents/OSLo/artifacts/2017-12-08_10-40-12.146415
2017-12-08 10:40:23,621 INFO o.a.j.JMeter: Adding to classpath and loader: /Users/daper01/Documents/OSLo/artifacts/2017-12-08_10-40-12.146415
2017-12-08 10:40:23,637 INFO o.a.j.s.FileServer: Default base='/Users/daper01/Documents/OSLo'
2017-12-08 10:40:23,638 INFO o.a.j.s.FileServer: Set new base='/Users/daper01/Documents/OSLo/artifacts/2017-12-08_10-40-12.146415'
2017-12-08 10:40:24,124 INFO o.a.j.s.SaveService: Testplan (JMX) version: 2.2. Testlog (JTL) version: 2.2
2017-12-08 10:40:24,195 INFO o.a.j.s.SaveService: Using SaveService properties file encoding UTF-8
2017-12-08 10:40:24,205 INFO o.a.j.s.SaveService: Using SaveService properties version 3.2
2017-12-08 10:40:24,220 INFO o.a.j.s.SaveService: Loading file: /Users/daper01/Documents/OSLo/artifacts/2017-12-08_10-40-12.146415/modified_requests-1.jmx
2017-12-08 10:40:24,352 INFO o.a.j.p.h.c.CacheManager: Will only cache the following methods: [GET]
2017-12-08 10:40:24,354 INFO o.a.j.p.h.c.CookieManager: Settings: Delete null: true Check: true Allow variable: true Save: false Prefix: COOKIE_
2017-12-08 10:40:24,408 INFO o.a.j.p.h.s.HTTPSamplerBase: Parser for text/html is org.apache.jmeter.protocol.http.parser.LagartoBasedHtmlParser
2017-12-08 10:40:24,408 INFO o.a.j.p.h.s.HTTPSamplerBase: Parser for application/xhtml+xml is org.apache.jmeter.protocol.http.parser.LagartoBasedHtmlParser
2017-12-08 10:40:24,408 INFO o.a.j.p.h.s.HTTPSamplerBase: Parser for application/xml is org.apache.jmeter.protocol.http.parser.LagartoBasedHtmlParser
2017-12-08 10:40:24,409 INFO o.a.j.p.h.s.HTTPSamplerBase: Parser for text/xml is org.apache.jmeter.protocol.http.parser.LagartoBasedHtmlParser
2017-12-08 10:40:24,409 INFO o.a.j.p.h.s.HTTPSamplerBase: Parser for text/vnd.wap.wml is org.apache.jmeter.protocol.http.parser.RegexpHTMLParser
2017-12-08 10:40:24,409 INFO o.a.j.p.h.s.HTTPSamplerBase: Parser for text/css is org.apache.jmeter.protocol.http.parser.CssParser
2017-12-08 10:40:24,481 INFO o.a.j.e.StandardJMeterEngine: Running the test!
2017-12-08 10:40:24,481 INFO o.a.j.s.SampleEvent: List of sample_variables: []
2017-12-08 10:40:24,481 INFO o.a.j.s.SampleEvent: List of sample_variables: []
2017-12-08 10:40:24,487 INFO o.a.j.e.u.CompoundVariable: Note: Function class names must contain the string: '.functions.'
2017-12-08 10:40:24,487 INFO o.a.j.e.u.CompoundVariable: Note: Function class names must not contain the string: '.gui.'
2017-12-08 10:40:25,679 INFO o.a.j.JMeter: Running test (1512758425679)
2017-12-08 10:40:25,791 INFO o.a.j.e.StandardJMeterEngine: Starting ThreadGroup: 1 : blazedemo1
2017-12-08 10:40:25,791 INFO o.a.j.e.StandardJMeterEngine: Starting 50 threads for group blazedemo1.
2017-12-08 10:40:25,791 INFO o.a.j.e.StandardJMeterEngine: Thread will continue on error
2017-12-08 10:40:25,823 INFO c.b.j.t.c.ConcurrencyThreadStarter: Start supplying threads
2017-12-08 10:40:25,823 INFO o.a.j.e.StandardJMeterEngine: All thread groups have been started
2017-12-08 10:40:27,029 INFO o.a.j.s.SampleResult: Note: Sample TimeStamps are START times
2017-12-08 10:40:27,029 INFO o.a.j.s.SampleResult: sampleresult.default.encoding is set to UTF-8
2017-12-08 10:40:27,029 INFO o.a.j.s.SampleResult: sampleresult.useNanoTime=true
2017-12-08 10:40:27,029 INFO o.a.j.s.SampleResult: sampleresult.nanoThreadSleep=5000
2017-12-08 10:40:27,260 INFO o.a.j.t.JMeterThread: Thread started: blazedemo1 1-1
2017-12-08 10:40:27,265 INFO o.a.j.s.FileServer: Stored: /Users/daper01/Documents/OSLo/param.csv
2017-12-08 10:40:27,301 INFO o.a.j.p.h.s.HTTPHCAbstractImpl: Local host = daper01mac1124
2017-12-08 10:40:27,311 INFO o.a.j.p.h.s.HTTPHC4Impl: HTTP request retry count = 0
2017-12-08 10:40:30,040 INFO o.a.j.t.JMeterThread: Thread started: blazedemo1 1-2
2017-12-08 10:40:32,049 INFO o.a.j.t.JMeterThread: Thread started: blazedemo1 1-3
2017-12-08 10:40:35,058 INFO o.a.j.t.JMeterThread: Thread started: blazedemo1 1-4
2017-12-08 10:40:37,070 INFO o.a.j.t.JMeterThread: Thread started: blazedemo1 1-5
2017-12-08 10:40:39,076 INFO o.a.j.t.JMeterThread: Thread started: blazedemo1 1-6
2017-12-08 10:40:42,088 INFO o.a.j.t.JMeterThread: Thread started: blazedemo1 1-7
2017-12-08 10:40:44,091 INFO o.a.j.t.JMeterThread: Thread started: blazedemo1 1-8
2017-12-08 10:40:47,101 INFO o.a.j.t.JMeterThread: Thread started: blazedemo1 1-9
2017-12-08 10:40:49,105 INFO o.a.j.t.JMeterThread: Thread started: blazedemo1 1-10
2017-12-08 10:40:51,110 INFO o.a.j.t.JMeterThread: Thread started: blazedemo1 1-11
2017-12-08 10:40:54,120 INFO o.a.j.t.JMeterThread: Thread started: blazedemo1 1-12
2017-12-08 10:40:56,128 INFO o.a.j.t.JMeterThread: Thread started: blazedemo1 1-13
2017-12-08 10:40:59,159 INFO o.a.j.t.JMeterThread: Thread started: blazedemo1 1-14
2017-12-08 10:41:01,170 INFO o.a.j.t.JMeterThread: Thread started: blazedemo1 1-15
2017-12-08 10:41:03,181 INFO o.a.j.t.JMeterThread: Thread started: blazedemo1 1-16
2017-12-08 10:41:06,186 INFO o.a.j.t.JMeterThread: Thread started: blazedemo1 1-17
2017-12-08 10:41:08,194 INFO o.a.j.t.JMeterThread: Thread started: blazedemo1 1-18
2017-12-08 10:41:11,199 INFO o.a.j.t.JMeterThread: Thread started: blazedemo1 1-19
2017-12-08 10:41:13,209 INFO o.a.j.t.JMeterThread: Thread started: blazedemo1 1-20
2017-12-08 10:41:15,218 INFO o.a.j.t.JMeterThread: Thread started: blazedemo1 1-21
2017-12-08 10:41:18,061 INFO o.a.j.JMeter: Command: Shutdown received from /127.0.0.1
2017-12-08 10:41:18,063 INFO c.b.j.t.c.ConcurrencyThreadStarter: Done supplying threads
2017-12-08 10:41:18,063 WARN o.a.j.t.JMeterThread: Interrupting: blazedemo1 1-14 sampler: Purchase Page
2017-12-08 10:41:18,064 WARN o.a.j.t.JMeterThread: Interrupting: blazedemo1 1-18 sampler: Reserve Page
2017-12-08 10:41:18,065 WARN o.a.j.t.JMeterThread: Interrupting: blazedemo1 1-20 sampler: Confirmation Page
2017-12-08 10:41:18,066 WARN o.a.j.t.JMeterThread: Interrupting: blazedemo1 1-1 sampler: Reserve Page
2017-12-08 10:41:18,067 WARN o.a.j.t.JMeterThread: Interrupting: blazedemo1 1-6 sampler: Purchase Page
2017-12-08 10:41:18,069 WARN o.a.j.t.JMeterThread: Interrupting: blazedemo1 1-19 sampler: Confirmation Page
2017-12-08 10:41:18,071 WARN o.a.j.t.JMeterThread: Interrupting: blazedemo1 1-3 sampler: Welcome Page
2017-12-08 10:41:18,072 INFO o.a.j.t.JMeterThread: Thread is done: blazedemo1 1-4
2017-12-08 10:41:18,072 INFO o.a.j.t.JMeterThread: Thread finished: blazedemo1 1-4
2017-12-08 10:41:18,076 WARN o.a.j.t.JMeterThread: Interrupting: blazedemo1 1-12 sampler: Welcome Page
2017-12-08 10:41:18,076 INFO o.a.j.t.JMeterThread: Thread is done: blazedemo1 1-15
2017-12-08 10:41:18,076 INFO o.a.j.t.JMeterThread: Thread finished: blazedemo1 1-15
2017-12-08 10:41:18,078 WARN o.a.j.t.JMeterThread: Interrupting: blazedemo1 1-5 sampler: Welcome Page
2017-12-08 10:41:18,080 INFO o.a.j.t.JMeterThread: Thread is done: blazedemo1 1-16
2017-12-08 10:41:18,080 INFO o.a.j.t.JMeterThread: Thread finished: blazedemo1 1-16
2017-12-08 10:41:18,080 WARN o.a.j.t.JMeterThread: Interrupting: blazedemo1 1-21 sampler: Purchase Page
2017-12-08 10:41:18,082 WARN o.a.j.t.JMeterThread: Interrupting: blazedemo1 1-2 sampler: Confirmation Page
2017-12-08 10:41:18,083 WARN o.a.j.t.JMeterThread: Interrupting: blazedemo1 1-11 sampler: Purchase Page
2017-12-08 10:41:18,083 INFO o.a.j.t.JMeterThread: Thread is done: blazedemo1 1-8
2017-12-08 10:41:18,084 INFO o.a.j.t.JMeterThread: Thread finished: blazedemo1 1-8
2017-12-08 10:41:18,085 WARN o.a.j.t.JMeterThread: Interrupting: blazedemo1 1-17 sampler: Purchase Page
2017-12-08 10:41:18,086 WARN o.a.j.t.JMeterThread: Interrupting: blazedemo1 1-10 sampler: Welcome Page
2017-12-08 10:41:18,086 INFO o.a.j.t.JMeterThread: Thread is done: blazedemo1 1-20
2017-12-08 10:41:18,087 INFO o.a.j.t.JMeterThread: Thread finished: blazedemo1 1-20
2017-12-08 10:41:18,088 WARN o.a.j.t.JMeterThread: Interrupting: blazedemo1 1-7 sampler: Purchase Page
2017-12-08 10:41:18,089 INFO o.a.j.t.JMeterThread: Thread is done: blazedemo1 1-11
2017-12-08 10:41:18,089 INFO o.a.j.t.JMeterThread: Thread is done: blazedemo1 1-13
2017-12-08 10:41:18,089 INFO o.a.j.t.JMeterThread: Thread finished: blazedemo1 1-11
2017-12-08 10:41:18,090 INFO o.a.j.t.JMeterThread: Thread finished: blazedemo1 1-13
2017-12-08 10:41:18,090 WARN o.a.j.t.JMeterThread: Interrupting: blazedemo1 1-9 sampler: Confirmation Page
2017-12-08 10:41:18,091 INFO o.a.j.t.JMeterThread: Thread is done: blazedemo1 1-2
2017-12-08 10:41:18,091 INFO o.a.j.t.JMeterThread: Thread finished: blazedemo1 1-2
2017-12-08 10:41:18,093 INFO o.a.j.t.JMeterThread: Thread is done: blazedemo1 1-5
2017-12-08 10:41:18,093 INFO o.a.j.t.JMeterThread: Thread finished: blazedemo1 1-5
2017-12-08 10:41:18,093 INFO o.a.j.t.JMeterThread: Thread is done: blazedemo1 1-21
2017-12-08 10:41:18,093 INFO o.a.j.t.JMeterThread: Thread finished: blazedemo1 1-21
2017-12-08 10:41:18,094 INFO o.a.j.t.JMeterThread: Thread is done: blazedemo1 1-12
2017-12-08 10:41:18,094 INFO o.a.j.t.JMeterThread: Thread finished: blazedemo1 1-12
2017-12-08 10:41:18,095 INFO o.a.j.t.JMeterThread: Thread is done: blazedemo1 1-3
2017-12-08 10:41:18,095 INFO o.a.j.t.JMeterThread: Thread finished: blazedemo1 1-3
2017-12-08 10:41:18,098 INFO o.a.j.t.JMeterThread: Thread is done: blazedemo1 1-19
2017-12-08 10:41:18,098 INFO o.a.j.t.JMeterThread: Thread finished: blazedemo1 1-19
2017-12-08 10:41:18,100 INFO o.a.j.t.JMeterThread: Thread is done: blazedemo1 1-6
2017-12-08 10:41:18,100 INFO o.a.j.t.JMeterThread: Thread finished: blazedemo1 1-6
2017-12-08 10:41:18,101 INFO o.a.j.t.JMeterThread: Thread is done: blazedemo1 1-1
2017-12-08 10:41:18,101 INFO o.a.j.t.JMeterThread: Thread finished: blazedemo1 1-1
2017-12-08 10:41:18,102 INFO o.a.j.t.JMeterThread: Thread is done: blazedemo1 1-18
2017-12-08 10:41:18,102 INFO o.a.j.t.JMeterThread: Thread finished: blazedemo1 1-18
2017-12-08 10:41:18,104 INFO o.a.j.t.JMeterThread: Thread is done: blazedemo1 1-14
2017-12-08 10:41:18,104 INFO o.a.j.t.JMeterThread: Thread finished: blazedemo1 1-14
2017-12-08 10:41:18,104 INFO o.a.j.t.JMeterThread: Thread is done: blazedemo1 1-9
2017-12-08 10:41:18,104 INFO o.a.j.t.JMeterThread: Thread finished: blazedemo1 1-9
2017-12-08 10:41:18,105 INFO o.a.j.e.StandardJMeterEngine: Notifying test listeners of end of test
2017-12-08 10:41:18,105 INFO o.a.j.t.JMeterThread: Thread is done: blazedemo1 1-7
2017-12-08 10:41:18,105 INFO o.a.j.t.JMeterThread: Thread finished: blazedemo1 1-7
2017-12-08 10:41:18,105 INFO o.a.j.s.FileServer: Close: /Users/daper01/Documents/OSLo/param.csv
2017-12-08 10:41:18,107 INFO o.a.j.t.JMeterThread: Thread is done: blazedemo1 1-10
2017-12-08 10:41:18,107 INFO o.a.j.t.JMeterThread: Thread finished: blazedemo1 1-10
2017-12-08 10:41:18,107 INFO o.a.j.e.StandardJMeterEngine: Forced JVM shutdown requested at end of test
2017-12-08 10:41:18,108 INFO o.a.j.t.JMeterThread: Thread is done: blazedemo1 1-17
2017-12-08 10:41:18,108 INFO o.a.j.t.JMeterThread: Thread finished: blazedemo1 1-17
