[2017-06-20 15:03:39,096 INFO root] Taurus CLI Tool v1.9.3
[2017-06-20 15:03:39,096 DEBUG root] Command-line options: {'verbose': None, 'no_system_configs': None, 'quiet': None, 'log': '/var/folders/vq/xzrdy2lx047cst78f69v8z3xfzqz1q/T/bzt_cadcIE.log', 'option': ['modules.console.disable=true'], 'aliases': []}
[2017-06-20 15:03:39,096 DEBUG root] Python: CPython 2.7.13
[2017-06-20 15:03:39,096 DEBUG root] OS: ('Darwin', 'daper01mac1124', '16.4.0', 'Darwin Kernel Version 16.4.0: Thu Dec 22 22:53:21 PST 2016; root:xnu-3789.41.3~3/RELEASE_X86_64', 'x86_64', 'i386')
[2017-06-20 15:03:39,096 INFO root] Starting with configs: ['load_scenario_from_csv.yml', 'execution_jmeter.yml']
[2017-06-20 15:03:39,096 DEBUG root] Using personal config: /Users/daper01/.bzt-rc
[2017-06-20 15:03:39,096 INFO Engine] Configuring...
[2017-06-20 15:03:39,096 DEBUG Engine] Reading extension configs from: /usr/local/etc/bzt.d
[2017-06-20 15:03:39,097 DEBUG Engine.Configuration] Configs: ['/usr/local/lib/python2.7/site-packages/bzt/resources/base-config.yml', '/usr/local/etc/bzt.d/99-installID.yml']
[2017-06-20 15:03:39,097 DEBUG Engine.Configuration] Reading /usr/local/lib/python2.7/site-packages/bzt/resources/base-config.yml as YAML
[2017-06-20 15:03:39,121 DEBUG Engine.Configuration] Reading /usr/local/etc/bzt.d/99-installID.yml as YAML
[2017-06-20 15:03:39,122 DEBUG Engine.Configuration] Configs: ['/Users/daper01/.bzt-rc', 'load_scenario_from_csv.yml', 'execution_jmeter.yml']
[2017-06-20 15:03:39,123 DEBUG Engine.Configuration] Reading /Users/daper01/.bzt-rc as YAML
[2017-06-20 15:03:39,124 DEBUG Engine.Configuration] Reading load_scenario_from_csv.yml as YAML
[2017-06-20 15:03:39,128 DEBUG Engine.Configuration] Reading execution_jmeter.yml as YAML
[2017-06-20 15:03:39,133 DEBUG Engine.Configuration] Configs: ['/Users/daper01/.bzt-rc', 'load_scenario_from_csv.yml', 'execution_jmeter.yml']
[2017-06-20 15:03:39,133 DEBUG Engine.Configuration] Reading /Users/daper01/.bzt-rc as YAML
[2017-06-20 15:03:39,135 DEBUG Engine.Configuration] Reading load_scenario_from_csv.yml as YAML
[2017-06-20 15:03:39,138 DEBUG Engine.Configuration] Reading execution_jmeter.yml as YAML
[2017-06-20 15:03:39,153 DEBUG Engine] Requesting updates info: http://gettaurus.org/updates/?version=1.9.3&installID=784f43782a15
[2017-06-20 15:03:39,154 DEBUG ConfigOverrider] Applying modules.console.disable=true
[2017-06-20 15:03:39,159 DEBUG ConfigOverrider] Applying: [disable]=true
[2017-06-20 15:03:39,159 DEBUG ConfigOverrider] Parsed override value: 'true' -> True (<type 'bool'>)
[2017-06-20 15:03:39,159 INFO Engine] Artifacts dir: /Users/daper01/Documents/OSLo/from_scenario/2017-06-20_15-03-39.159601
[2017-06-20 15:03:39,160 DEBUG Engine] New artifact filename: /Users/daper01/Documents/OSLo/from_scenario/2017-06-20_15-03-39.159601/effective
[2017-06-20 15:03:39,162 DEBUG Engine.Configuration] Dumping YAML config into /Users/daper01/Documents/OSLo/from_scenario/2017-06-20_15-03-39.159601/effective.yml
[2017-06-20 15:03:39,198 DEBUG Engine.Configuration] Dumping JSON config into /Users/daper01/Documents/OSLo/from_scenario/2017-06-20_15-03-39.159601/effective.json
[2017-06-20 15:03:39,199 DEBUG Engine] New artifact filename: /Users/daper01/Documents/OSLo/from_scenario/2017-06-20_15-03-39.159601/merged.yml
[2017-06-20 15:03:39,200 DEBUG Engine.Configuration] Dumping YAML config into /Users/daper01/Documents/OSLo/from_scenario/2017-06-20_15-03-39.159601/merged.yml
[2017-06-20 15:03:39,205 DEBUG Engine] New artifact filename: /Users/daper01/Documents/OSLo/from_scenario/2017-06-20_15-03-39.159601/merged.json
[2017-06-20 15:03:39,205 DEBUG Engine.Configuration] Dumping JSON config into /Users/daper01/Documents/OSLo/from_scenario/2017-06-20_15-03-39.159601/merged.json
[2017-06-20 15:03:39,206 DEBUG Engine] Add existing artifact (move=False): load_scenario_from_csv.yml
[2017-06-20 15:03:39,206 DEBUG Engine] Copying load_scenario_from_csv.yml to /Users/daper01/Documents/OSLo/from_scenario/2017-06-20_15-03-39.159601/load_scenario_from_csv.yml
[2017-06-20 15:03:39,206 DEBUG Engine] Add existing artifact (move=False): execution_jmeter.yml
[2017-06-20 15:03:39,206 DEBUG Engine] Copying execution_jmeter.yml to /Users/daper01/Documents/OSLo/from_scenario/2017-06-20_15-03-39.159601/execution_jmeter.yml
[2017-06-20 15:03:39,206 DEBUG root] Closing log handler: /var/folders/vq/xzrdy2lx047cst78f69v8z3xfzqz1q/T/bzt_cadcIE.log
[2017-06-20 15:03:39,207 DEBUG root] Switched writing logs to /Users/daper01/Documents/OSLo/from_scenario/2017-06-20_15-03-39.159601/bzt.log
[2017-06-20 15:03:39,207 INFO Engine] Preparing...
[2017-06-20 15:03:39,207 DEBUG Engine] Module config: consolidator defaultdict(None, {'class': 'bzt.modules.aggregator.ConsolidatingAggregator'})
[2017-06-20 15:03:39,207 DEBUG root] Importing module: bzt.modules.aggregator
[2017-06-20 15:03:39,211 DEBUG root] Loading class: 'ConsolidatingAggregator' from <module 'bzt.modules.aggregator' from '/usr/local/lib/python2.7/site-packages/bzt/modules/aggregator.pyc'>
[2017-06-20 15:03:39,211 DEBUG Engine.consolidator] Exception in dehumanize_time(inf)
[2017-06-20 15:03:39,211 DEBUG Engine.consolidator] Buffer scaling setup: percentile 95.0 from [0.0, 50.0, 90.0, 95.0, 99.0, 99.9, 100.0] selected
[2017-06-20 15:03:39,211 DEBUG Engine] Module config: monitoring defaultdict(None, {'class': 'bzt.modules.monitoring.Monitoring'})
[2017-06-20 15:03:39,212 DEBUG root] Importing module: bzt.modules.monitoring
[2017-06-20 15:03:39,255 DEBUG root] Loading class: 'Monitoring' from <module 'bzt.modules.monitoring' from '/usr/local/lib/python2.7/site-packages/bzt/modules/monitoring.pyc'>
[2017-06-20 15:03:39,255 DEBUG Engine] Module config: local defaultdict(None, {'class': 'bzt.modules.provisioning.Local'})
[2017-06-20 15:03:39,255 DEBUG root] Importing module: bzt.modules.provisioning
[2017-06-20 15:03:39,255 DEBUG root] Loading class: 'Local' from <module 'bzt.modules.provisioning' from '/usr/local/lib/python2.7/site-packages/bzt/modules/provisioning.pyc'>
[2017-06-20 15:03:39,255 DEBUG Engine] Module config: jmeter defaultdict(None, {'properties': defaultdict(None, {'jmeter.save.saveservice.autoflush': 'true', 'summariser.name': '', 'jmeter.save.saveservice.connect_time': 'true', 'mode': 'Stripped', 'jmeterengine.force.system.exit': 'true'}), 'class': 'bzt.modules.jmeter.JMeterExecutor', 'plugins': ['jpgc-casutg', 'jpgc-dummy', 'jpgc-ffw', 'jpgc-fifo', 'jpgc-functions', 'jpgc-json', 'jpgc-perfmon', 'jpgc-prmctl', 'jpgc-tst']})
[2017-06-20 15:03:39,255 DEBUG root] Importing module: bzt.modules.jmeter
[2017-06-20 15:03:39,265 DEBUG root] Loading class: 'JMeterExecutor' from <module 'bzt.modules.jmeter' from '/usr/local/lib/python2.7/site-packages/bzt/modules/jmeter.pyc'>
[2017-06-20 15:03:39,266 DEBUG Engine.local] Preparing executor: jmeter/4592989840
[2017-06-20 15:03:39,266 DEBUG Engine] New artifact filename: /Users/daper01/Documents/OSLo/from_scenario/2017-06-20_15-03-39.159601/jmeter.log
[2017-06-20 15:03:39,266 DEBUG Engine.jmeter] Checking if port 4445 is free
[2017-06-20 15:03:39,267 DEBUG Engine.jmeter] Port 4445 is free
[2017-06-20 15:03:39,267 DEBUG Engine.jmeter] Using port 4445 for management
[2017-06-20 15:03:39,267 DEBUG Engine.jmeter.JavaVM] Trying JavaVM: ['java', '-version']
[2017-06-20 15:03:39,406 DEBUG Engine.jmeter.JavaVM] JavaVM output: java version "1.8.0_121"
Java(TM) SE Runtime Environment (build 1.8.0_121-b13)
Java HotSpot(TM) 64-Bit Server VM (build 25.121-b13, mixed mode)

[2017-06-20 15:03:39,407 DEBUG Engine.jmeter.TclLibrary] We don't need to check tcl library on this platform
[2017-06-20 15:03:39,408 DEBUG Engine.jmeter.JMeter] Trying jmeter: /Users/daper01/.bzt/jmeter-taurus/3.2/bin/jmeter.sh
[2017-06-20 15:03:39,408 DEBUG bzt.utils] Executing shell: ['/Users/daper01/.bzt/jmeter-taurus/3.2/bin/jmeter.sh', '-j', '/var/folders/vq/xzrdy2lx047cst78f69v8z3xfzqz1q/T/jmeteraKQxOGlog', '--version']
[2017-06-20 15:03:39,914 DEBUG Engine] Taurus updates info: {"latest":"1.9.3","needsUpgrade":false}
[2017-06-20 15:03:39,914 DEBUG Engine] Installation is up-to-date
[2017-06-20 15:03:40,471 DEBUG Engine.jmeter.JMeter] JMeter check:     _    ____   _    ____ _   _ _____       _ __  __ _____ _____ _____ ____     
   / \  |  _ \ / \  / ___| | | | ____|     | |  \/  | ____|_   _| ____|  _ \   
  / _ \ | |_) / _ \| |   | |_| |  _|    _  | | |\/| |  _|   | | |  _| | |_) | 
 / ___ \|  __/ ___ \ |___|  _  | |___  | |_| | |  | | |___  | | | |___|  _ <  
/_/   \_\_| /_/   \_\____|_| |_|_____|  \___/|_|  |_|_____| |_| |_____|_| \_\ 3.2 r1790748  

Copyright (c) 1999-2017 The Apache Software Foundation

 / None
[2017-06-20 15:03:40,472 DEBUG Engine] New artifact filename: /Users/daper01/Documents/OSLo/from_scenario/2017-06-20_15-03-39.159601/requests.jmx
[2017-06-20 15:03:40,477 DEBUG JMeterScenarioBuilder] Saving JMX to: /Users/daper01/Documents/OSLo/from_scenario/2017-06-20_15-03-39.159601/requests.jmx
[2017-06-20 15:03:40,479 DEBUG Engine.jmeter] Load: LoadSpec(concurrency=50, throughput=None, ramp_up=30.0, hold=120.0, iterations=0, duration=150.0, steps=None)
[2017-06-20 15:03:40,483 DEBUG Engine.jmeter] Original threads: 1.0
[2017-06-20 15:03:40,485 DEBUG Engine] New artifact filename: /Users/daper01/Documents/OSLo/from_scenario/2017-06-20_15-03-39.159601/kpi.jtl
[2017-06-20 15:03:40,486 DEBUG Engine] New artifact filename: /Users/daper01/Documents/OSLo/from_scenario/2017-06-20_15-03-39.159601/error.jtl
[2017-06-20 15:03:40,487 DEBUG Engine] New artifact filename: /Users/daper01/Documents/OSLo/from_scenario/2017-06-20_15-03-39.159601/modified_requests.jmx
[2017-06-20 15:03:40,487 DEBUG JMX] Saving JMX to: /Users/daper01/Documents/OSLo/from_scenario/2017-06-20_15-03-39.159601/modified_requests.jmx
[2017-06-20 15:03:40,488 DEBUG Engine.jmeter] Additional properties: defaultdict(None, {'jmeter.save.saveservice.autoflush': 'true', 'jmeter.save.saveservice.connect_time': 'true', 'user.classpath': '/Users/daper01/Documents/OSLo/from_scenario/2017-06-20_15-03-39.159601', 'sampleresult.default.encoding': 'UTF-8', 'summariser.name': '', 'jmeterengine.force.system.exit': 'true', 'jmeter.save.saveservice.timestamp_format': 'ms', 'mode': 'Stripped', 'jmeterengine.nongui.maxport': 4445, 'jmeterengine.nongui.port': 4445})
[2017-06-20 15:03:40,488 DEBUG Engine] New artifact filename: /Users/daper01/Documents/OSLo/from_scenario/2017-06-20_15-03-39.159601/jmeter-bzt.properties
[2017-06-20 15:03:40,488 DEBUG Engine.jmeter] Additional system properties defaultdict(None, {'sun.net.inetaddr.ttl': 0})
[2017-06-20 15:03:40,488 DEBUG Engine] New artifact filename: /Users/daper01/Documents/OSLo/from_scenario/2017-06-20_15-03-39.159601/system.properties
[2017-06-20 15:03:40,488 DEBUG Engine] New artifact filename: /Users/daper01/Documents/OSLo/from_scenario/2017-06-20_15-03-39.159601/jmeter.out
[2017-06-20 15:03:40,488 DEBUG Engine] New artifact filename: /Users/daper01/Documents/OSLo/from_scenario/2017-06-20_15-03-39.159601/jmeter.err
[2017-06-20 15:03:40,489 DEBUG Engine] Module config: final-stats defaultdict(None, {'class': 'bzt.modules.reporting.FinalStatus'})
[2017-06-20 15:03:40,489 DEBUG root] Importing module: bzt.modules.reporting
[2017-06-20 15:03:40,575 DEBUG easyprocess] version=0.2.3
[2017-06-20 15:03:40,576 DEBUG pyvirtualdisplay] version=0.2.1
[2017-06-20 15:03:40,577 DEBUG root] Loading class: 'FinalStatus' from <module 'bzt.modules.reporting' from '/usr/local/lib/python2.7/site-packages/bzt/modules/reporting.pyc'>
[2017-06-20 15:03:40,577 DEBUG Engine] Module config: console defaultdict(None, {'disable': True, 'class': 'bzt.modules.console.ConsoleStatusReporter'})
[2017-06-20 15:03:40,578 DEBUG root] Importing module: bzt.modules.console
[2017-06-20 15:03:40,578 DEBUG root] Loading class: 'ConsoleStatusReporter' from <module 'bzt.modules.console' from '/usr/local/lib/python2.7/site-packages/bzt/modules/console.pyc'>
[2017-06-20 15:03:40,580 DEBUG Engine.Configuration] Dumping YAML config into /Users/daper01/Documents/OSLo/from_scenario/2017-06-20_15-03-39.159601/effective.yml
[2017-06-20 15:03:40,615 DEBUG Engine.Configuration] Dumping JSON config into /Users/daper01/Documents/OSLo/from_scenario/2017-06-20_15-03-39.159601/effective.json
[2017-06-20 15:03:40,616 INFO Engine] Starting...
[2017-06-20 15:03:40,616 DEBUG Engine] Startup <bzt.modules.monitoring.Monitoring object at 0x11101c4d0>
[2017-06-20 15:03:40,616 DEBUG Engine] Startup <bzt.modules.aggregator.ConsolidatingAggregator object at 0x110615590>
[2017-06-20 15:03:40,617 DEBUG Engine] Startup <bzt.modules.reporting.FinalStatus object at 0x11116ed90>
[2017-06-20 15:03:40,617 DEBUG Engine] Startup <bzt.modules.console.ConsoleStatusReporter object at 0x111d99b50>
[2017-06-20 15:03:40,617 INFO Engine.console] Waiting for results...
[2017-06-20 15:03:40,617 DEBUG Engine] Startup <bzt.modules.reporting.FinalStatus object at 0x111db2e10>
[2017-06-20 15:03:40,617 DEBUG Engine] Startup <bzt.modules.provisioning.Local object at 0x11101c050>
[2017-06-20 15:03:40,617 DEBUG Engine.local] Delay setup for jmeter/blazedemo: 0(start-at) + 0(delay) = 0
[2017-06-20 15:03:40,619 DEBUG Engine.Configuration] Dumping YAML config into /Users/daper01/Documents/OSLo/from_scenario/2017-06-20_15-03-39.159601/effective.yml
[2017-06-20 15:03:40,648 DEBUG Engine.Configuration] Dumping JSON config into /Users/daper01/Documents/OSLo/from_scenario/2017-06-20_15-03-39.159601/effective.json
[2017-06-20 15:03:40,649 DEBUG root] Leveling down log file verbosity, use -v option to have DEBUG messages enabled
[2017-06-20 15:03:46,664 INFO Engine.console] Current: 2 vu	2 succ	0 fail	0.359 avg rt	/	Cumulative: 0.359 avg rt, 0% failures
[2017-06-20 15:03:47,665 INFO Engine.console] Current: 3 vu	9 succ	0 fail	0.243 avg rt	/	Cumulative: 0.264 avg rt, 0% failures
[2017-06-20 15:03:48,666 INFO Engine.console] Current: 5 vu	18 succ	0 fail	0.235 avg rt	/	Cumulative: 0.246 avg rt, 0% failures
[2017-06-20 15:03:49,669 INFO Engine.console] Current: 7 vu	24 succ	0 fail	0.239 avg rt	/	Cumulative: 0.243 avg rt, 0% failures
[2017-06-20 15:03:50,667 INFO Engine.console] Current: 9 vu	34 succ	0 fail	0.225 avg rt	/	Cumulative: 0.236 avg rt, 0% failures
[2017-06-20 15:03:51,670 INFO Engine.console] Current: 10 vu	42 succ	0 fail	0.217 avg rt	/	Cumulative: 0.229 avg rt, 0% failures
[2017-06-20 15:03:52,672 INFO Engine.console] Current: 12 vu	51 succ	0 fail	0.211 avg rt	/	Cumulative: 0.224 avg rt, 0% failures
[2017-06-20 15:03:53,673 INFO Engine.console] Current: 13 vu	60 succ	0 fail	0.220 avg rt	/	Cumulative: 0.223 avg rt, 0% failures
[2017-06-20 15:03:54,678 INFO Engine.console] Current: 15 vu	65 succ	0 fail	0.215 avg rt	/	Cumulative: 0.221 avg rt, 0% failures
[2017-06-20 15:03:55,676 INFO Engine.console] Current: 17 vu	66 succ	0 fail	0.225 avg rt	/	Cumulative: 0.222 avg rt, 0% failures
[2017-06-20 15:03:56,680 INFO Engine.console] Current: 18 vu	61 succ	0 fail	0.276 avg rt	/	Cumulative: 0.230 avg rt, 0% failures
[2017-06-20 15:03:57,681 INFO Engine.console] Current: 20 vu	82 succ	0 fail	0.273 avg rt	/	Cumulative: 0.237 avg rt, 0% failures
[2017-06-20 15:03:58,685 INFO Engine.console] Current: 22 vu	79 succ	0 fail	0.234 avg rt	/	Cumulative: 0.236 avg rt, 0% failures
[2017-06-20 15:03:59,685 INFO Engine.console] Current: 24 vu	104 succ	0 fail	0.222 avg rt	/	Cumulative: 0.234 avg rt, 0% failures
[2017-06-20 15:04:00,686 INFO Engine.console] Current: 25 vu	111 succ	0 fail	0.216 avg rt	/	Cumulative: 0.232 avg rt, 0% failures
[2017-06-20 15:04:01,682 INFO Engine.console] Current: 27 vu	117 succ	0 fail	0.219 avg rt	/	Cumulative: 0.230 avg rt, 0% failures
[2017-06-20 15:04:02,690 INFO Engine.console] Current: 28 vu	127 succ	0 fail	0.215 avg rt	/	Cumulative: 0.228 avg rt, 0% failures
[2017-06-20 15:04:03,696 INFO Engine.console] Current: 30 vu	134 succ	0 fail	0.218 avg rt	/	Cumulative: 0.227 avg rt, 0% failures
[2017-06-20 15:04:04,698 INFO Engine.console] Current: 32 vu	127 succ	0 fail	0.233 avg rt	/	Cumulative: 0.228 avg rt, 0% failures
[2017-06-20 15:04:05,717 INFO Engine.console] Current: 34 vu	143 succ	0 fail	0.240 avg rt	/	Cumulative: 0.229 avg rt, 0% failures
[2017-06-20 15:04:06,701 INFO Engine.console] Current: 35 vu	157 succ	0 fail	0.222 avg rt	/	Cumulative: 0.228 avg rt, 0% failures
[2017-06-20 15:04:07,705 INFO Engine.console] Current: 37 vu	158 succ	0 fail	0.222 avg rt	/	Cumulative: 0.228 avg rt, 0% failures
[2017-06-20 15:04:08,706 INFO Engine.console] Current: 39 vu	162 succ	0 fail	0.225 avg rt	/	Cumulative: 0.227 avg rt, 0% failures
[2017-06-20 15:04:09,708 INFO Engine.console] Current: 40 vu	174 succ	0 fail	0.250 avg rt	/	Cumulative: 0.229 avg rt, 0% failures
[2017-06-20 15:04:10,715 INFO Engine.console] Current: 42 vu	135 succ	0 fail	0.268 avg rt	/	Cumulative: 0.232 avg rt, 0% failures
[2017-06-20 15:04:11,718 INFO Engine.console] Current: 44 vu	172 succ	0 fail	0.272 avg rt	/	Cumulative: 0.234 avg rt, 0% failures
[2017-06-20 15:04:12,718 INFO Engine.console] Current: 45 vu	136 succ	0 fail	0.285 avg rt	/	Cumulative: 0.237 avg rt, 0% failures
[2017-06-20 15:04:13,727 INFO Engine.console] Current: 47 vu	175 succ	0 fail	0.275 avg rt	/	Cumulative: 0.240 avg rt, 0% failures
[2017-06-20 15:04:14,724 INFO Engine.console] Current: 48 vu	156 succ	0 fail	0.290 avg rt	/	Cumulative: 0.242 avg rt, 0% failures
[2017-06-20 15:04:15,730 INFO Engine.console] Current: 50 vu	179 succ	0 fail	0.305 avg rt	/	Cumulative: 0.246 avg rt, 0% failures
[2017-06-20 15:04:16,740 INFO Engine.console] Current: 50 vu	169 succ	0 fail	0.310 avg rt	/	Cumulative: 0.249 avg rt, 0% failures
[2017-06-20 15:04:17,732 INFO Engine.console] Current: 50 vu	150 succ	0 fail	0.296 avg rt	/	Cumulative: 0.251 avg rt, 0% failures
[2017-06-20 15:04:18,731 INFO Engine.console] Current: 50 vu	152 succ	0 fail	0.314 avg rt	/	Cumulative: 0.254 avg rt, 0% failures
[2017-06-20 15:04:19,739 INFO Engine.console] Current: 50 vu	152 succ	0 fail	0.321 avg rt	/	Cumulative: 0.257 avg rt, 0% failures
[2017-06-20 15:04:20,735 INFO Engine.console] Current: 50 vu	194 succ	0 fail	0.302 avg rt	/	Cumulative: 0.259 avg rt, 0% failures
[2017-06-20 15:04:21,739 INFO Engine.console] Current: 50 vu	158 succ	0 fail	0.308 avg rt	/	Cumulative: 0.261 avg rt, 0% failures
[2017-06-20 15:04:22,742 INFO Engine.console] Current: 50 vu	150 succ	0 fail	0.313 avg rt	/	Cumulative: 0.263 avg rt, 0% failures
[2017-06-20 15:04:23,744 INFO Engine.console] Current: 50 vu	151 succ	0 fail	0.303 avg rt	/	Cumulative: 0.264 avg rt, 0% failures
[2017-06-20 15:04:24,737 INFO Engine.console] Current: 50 vu	200 succ	0 fail	0.299 avg rt	/	Cumulative: 0.266 avg rt, 0% failures
[2017-06-20 15:04:25,740 INFO Engine.console] Current: 50 vu	154 succ	0 fail	0.310 avg rt	/	Cumulative: 0.267 avg rt, 0% failures
[2017-06-20 15:04:26,736 INFO Engine.console] Current: 50 vu	153 succ	0 fail	0.292 avg rt	/	Cumulative: 0.268 avg rt, 0% failures
[2017-06-20 15:04:27,747 INFO Engine.console] Current: 50 vu	151 succ	0 fail	0.313 avg rt	/	Cumulative: 0.269 avg rt, 0% failures
[2017-06-20 15:04:28,740 INFO Engine.console] Current: 50 vu	181 succ	0 fail	0.292 avg rt	/	Cumulative: 0.270 avg rt, 0% failures
[2017-06-20 15:04:29,747 INFO Engine.console] Current: 50 vu	188 succ	0 fail	0.263 avg rt	/	Cumulative: 0.270 avg rt, 0% failures
[2017-06-20 15:04:30,758 INFO Engine.console] Current: 50 vu	187 succ	0 fail	0.298 avg rt	/	Cumulative: 0.271 avg rt, 0% failures
[2017-06-20 15:04:31,759 INFO Engine.console] Current: 50 vu	159 succ	0 fail	0.314 avg rt	/	Cumulative: 0.272 avg rt, 0% failures
[2017-06-20 15:04:32,756 INFO Engine.console] Current: 50 vu	152 succ	0 fail	0.311 avg rt	/	Cumulative: 0.273 avg rt, 0% failures
[2017-06-20 15:04:33,759 INFO Engine.console] Current: 50 vu	170 succ	0 fail	0.306 avg rt	/	Cumulative: 0.274 avg rt, 0% failures
[2017-06-20 15:04:34,758 INFO Engine.console] Current: 50 vu	150 succ	0 fail	0.329 avg rt	/	Cumulative: 0.275 avg rt, 0% failures
[2017-06-20 15:04:35,764 INFO Engine.console] Current: 50 vu	168 succ	0 fail	0.317 avg rt	/	Cumulative: 0.276 avg rt, 0% failures
[2017-06-20 15:04:36,769 INFO Engine.console] Current: 50 vu	135 succ	0 fail	0.324 avg rt	/	Cumulative: 0.277 avg rt, 0% failures
[2017-06-20 15:04:37,767 INFO Engine.console] Current: 50 vu	143 succ	0 fail	0.315 avg rt	/	Cumulative: 0.278 avg rt, 0% failures
[2017-06-20 15:04:38,774 INFO Engine.console] Current: 50 vu	180 succ	0 fail	0.322 avg rt	/	Cumulative: 0.279 avg rt, 0% failures
[2017-06-20 15:04:39,772 INFO Engine.console] Current: 50 vu	147 succ	0 fail	0.304 avg rt	/	Cumulative: 0.280 avg rt, 0% failures
[2017-06-20 15:04:40,789 INFO Engine.console] Current: 50 vu	152 succ	0 fail	0.324 avg rt	/	Cumulative: 0.281 avg rt, 0% failures
[2017-06-20 15:04:41,785 INFO Engine.console] Current: 50 vu	173 succ	0 fail	0.306 avg rt	/	Cumulative: 0.281 avg rt, 0% failures
[2017-06-20 15:04:42,786 INFO Engine.console] Current: 50 vu	150 succ	0 fail	0.343 avg rt	/	Cumulative: 0.283 avg rt, 0% failures
[2017-06-20 15:04:43,790 INFO Engine.console] Current: 50 vu	172 succ	0 fail	0.307 avg rt	/	Cumulative: 0.283 avg rt, 0% failures
[2017-06-20 15:04:44,797 INFO Engine.console] Current: 50 vu	158 succ	0 fail	0.324 avg rt	/	Cumulative: 0.284 avg rt, 0% failures
[2017-06-20 15:04:45,796 INFO Engine.console] Current: 50 vu	165 succ	0 fail	0.307 avg rt	/	Cumulative: 0.285 avg rt, 0% failures
[2017-06-20 15:04:46,797 INFO Engine.console] Current: 50 vu	158 succ	0 fail	0.345 avg rt	/	Cumulative: 0.286 avg rt, 0% failures
[2017-06-20 15:04:47,801 INFO Engine.console] Current: 50 vu	130 succ	0 fail	0.324 avg rt	/	Cumulative: 0.286 avg rt, 0% failures
[2017-06-20 15:04:48,795 INFO Engine.console] Current: 50 vu	153 succ	0 fail	0.305 avg rt	/	Cumulative: 0.287 avg rt, 0% failures
[2017-06-20 15:04:49,807 INFO Engine.console] Current: 50 vu	170 succ	0 fail	0.325 avg rt	/	Cumulative: 0.287 avg rt, 0% failures
[2017-06-20 15:04:50,808 INFO Engine.console] Current: 50 vu	152 succ	0 fail	0.324 avg rt	/	Cumulative: 0.288 avg rt, 0% failures
[2017-06-20 15:04:51,818 INFO Engine.console] Current: 50 vu	161 succ	0 fail	0.316 avg rt	/	Cumulative: 0.289 avg rt, 0% failures
[2017-06-20 15:04:52,820 INFO Engine.console] Current: 50 vu	159 succ	0 fail	0.319 avg rt	/	Cumulative: 0.289 avg rt, 0% failures
[2017-06-20 15:04:53,821 INFO Engine.console] Current: 50 vu	154 succ	0 fail	0.289 avg rt	/	Cumulative: 0.289 avg rt, 0% failures
[2017-06-20 15:04:54,824 INFO Engine.console] Current: 50 vu	170 succ	0 fail	0.314 avg rt	/	Cumulative: 0.290 avg rt, 0% failures
[2017-06-20 15:04:55,827 INFO Engine.console] Current: 50 vu	125 succ	0 fail	0.364 avg rt	/	Cumulative: 0.291 avg rt, 0% failures
[2017-06-20 15:04:56,832 INFO Engine.console] Current: 50 vu	152 succ	0 fail	0.323 avg rt	/	Cumulative: 0.291 avg rt, 0% failures
[2017-06-20 15:04:57,833 INFO Engine.console] Current: 50 vu	152 succ	0 fail	0.341 avg rt	/	Cumulative: 0.292 avg rt, 0% failures
[2017-06-20 15:04:58,834 INFO Engine.console] Current: 50 vu	178 succ	0 fail	0.298 avg rt	/	Cumulative: 0.292 avg rt, 0% failures
[2017-06-20 15:04:59,843 INFO Engine.console] Current: 50 vu	153 succ	0 fail	0.338 avg rt	/	Cumulative: 0.293 avg rt, 0% failures
[2017-06-20 15:05:00,842 INFO Engine.console] Current: 50 vu	123 succ	0 fail	0.310 avg rt	/	Cumulative: 0.293 avg rt, 0% failures
[2017-06-20 15:05:01,847 INFO Engine.console] Current: 50 vu	179 succ	0 fail	0.338 avg rt	/	Cumulative: 0.294 avg rt, 0% failures
[2017-06-20 15:05:02,846 INFO Engine.console] Current: 50 vu	148 succ	0 fail	0.304 avg rt	/	Cumulative: 0.294 avg rt, 0% failures
[2017-06-20 15:05:03,856 INFO Engine.console] Current: 50 vu	150 succ	0 fail	0.324 avg rt	/	Cumulative: 0.294 avg rt, 0% failures
[2017-06-20 15:05:04,843 INFO Engine.console] Current: 50 vu	170 succ	0 fail	0.315 avg rt	/	Cumulative: 0.295 avg rt, 0% failures
[2017-06-20 15:05:05,850 INFO Engine.console] Current: 50 vu	161 succ	0 fail	0.303 avg rt	/	Cumulative: 0.295 avg rt, 0% failures
[2017-06-20 15:05:06,855 INFO Engine.console] Current: 50 vu	166 succ	0 fail	0.340 avg rt	/	Cumulative: 0.295 avg rt, 0% failures
[2017-06-20 15:05:07,864 INFO Engine.console] Current: 50 vu	151 succ	0 fail	0.320 avg rt	/	Cumulative: 0.296 avg rt, 0% failures
[2017-06-20 15:05:08,862 INFO Engine.console] Current: 50 vu	129 succ	0 fail	0.350 avg rt	/	Cumulative: 0.296 avg rt, 0% failures
[2017-06-20 15:05:09,862 INFO Engine.console] Current: 50 vu	153 succ	0 fail	0.314 avg rt	/	Cumulative: 0.297 avg rt, 0% failures
[2017-06-20 15:05:10,864 INFO Engine.console] Current: 50 vu	172 succ	0 fail	0.329 avg rt	/	Cumulative: 0.297 avg rt, 0% failures
[2017-06-20 15:05:11,867 INFO Engine.console] Current: 50 vu	157 succ	0 fail	0.310 avg rt	/	Cumulative: 0.297 avg rt, 0% failures
[2017-06-20 15:05:12,862 INFO Engine.console] Current: 50 vu	139 succ	0 fail	0.327 avg rt	/	Cumulative: 0.298 avg rt, 0% failures
[2017-06-20 15:05:13,867 INFO Engine.console] Current: 50 vu	185 succ	0 fail	0.307 avg rt	/	Cumulative: 0.298 avg rt, 0% failures
[2017-06-20 15:05:14,881 INFO Engine.console] Current: 50 vu	130 succ	0 fail	0.333 avg rt	/	Cumulative: 0.298 avg rt, 0% failures
[2017-06-20 15:05:15,872 INFO Engine.console] Current: 50 vu	158 succ	0 fail	0.312 avg rt	/	Cumulative: 0.298 avg rt, 0% failures
[2017-06-20 15:05:16,874 INFO Engine.console] Current: 50 vu	156 succ	0 fail	0.334 avg rt	/	Cumulative: 0.299 avg rt, 0% failures
[2017-06-20 15:05:17,880 INFO Engine.console] Current: 50 vu	174 succ	0 fail	0.313 avg rt	/	Cumulative: 0.299 avg rt, 0% failures
[2017-06-20 15:05:18,878 INFO Engine.console] Current: 50 vu	152 succ	0 fail	0.344 avg rt	/	Cumulative: 0.299 avg rt, 0% failures
[2017-06-20 15:05:19,886 INFO Engine.console] Current: 50 vu	126 succ	0 fail	0.310 avg rt	/	Cumulative: 0.299 avg rt, 0% failures
[2017-06-20 15:05:20,876 INFO Engine.console] Current: 50 vu	152 succ	0 fail	0.323 avg rt	/	Cumulative: 0.300 avg rt, 0% failures
[2017-06-20 15:05:21,879 INFO Engine.console] Current: 50 vu	176 succ	0 fail	0.323 avg rt	/	Cumulative: 0.300 avg rt, 0% failures
[2017-06-20 15:05:22,876 INFO Engine.console] Current: 50 vu	153 succ	0 fail	0.316 avg rt	/	Cumulative: 0.300 avg rt, 0% failures
[2017-06-20 15:05:23,876 INFO Engine.console] Current: 50 vu	171 succ	0 fail	0.314 avg rt	/	Cumulative: 0.300 avg rt, 0% failures
[2017-06-20 15:05:24,888 INFO Engine.console] Current: 50 vu	162 succ	0 fail	0.309 avg rt	/	Cumulative: 0.300 avg rt, 0% failures
[2017-06-20 15:05:25,872 INFO Engine.console] Current: 50 vu	131 succ	0 fail	0.324 avg rt	/	Cumulative: 0.301 avg rt, 0% failures
[2017-06-20 15:05:26,879 INFO Engine.console] Current: 50 vu	152 succ	0 fail	0.319 avg rt	/	Cumulative: 0.301 avg rt, 0% failures
[2017-06-20 15:05:27,883 INFO Engine.console] Current: 50 vu	174 succ	0 fail	0.328 avg rt	/	Cumulative: 0.301 avg rt, 0% failures
[2017-06-20 15:05:28,875 INFO Engine.console] Current: 50 vu	155 succ	0 fail	0.317 avg rt	/	Cumulative: 0.301 avg rt, 0% failures
[2017-06-20 15:05:29,878 INFO Engine.console] Current: 50 vu	125 succ	0 fail	0.337 avg rt	/	Cumulative: 0.302 avg rt, 0% failures
[2017-06-20 15:05:30,881 INFO Engine.console] Current: 50 vu	197 succ	0 fail	0.313 avg rt	/	Cumulative: 0.302 avg rt, 0% failures
[2017-06-20 15:05:31,880 INFO Engine.console] Current: 50 vu	131 succ	0 fail	0.324 avg rt	/	Cumulative: 0.302 avg rt, 0% failures
[2017-06-20 15:05:32,888 INFO Engine.console] Current: 50 vu	151 succ	0 fail	0.320 avg rt	/	Cumulative: 0.302 avg rt, 0% failures
[2017-06-20 15:05:33,883 INFO Engine.console] Current: 50 vu	174 succ	0 fail	0.330 avg rt	/	Cumulative: 0.303 avg rt, 0% failures
[2017-06-20 15:05:34,886 INFO Engine.console] Current: 50 vu	157 succ	0 fail	0.313 avg rt	/	Cumulative: 0.303 avg rt, 0% failures
[2017-06-20 15:05:35,891 INFO Engine.console] Current: 50 vu	154 succ	0 fail	0.338 avg rt	/	Cumulative: 0.303 avg rt, 0% failures
[2017-06-20 15:05:36,896 INFO Engine.console] Current: 50 vu	126 succ	0 fail	0.308 avg rt	/	Cumulative: 0.303 avg rt, 0% failures
[2017-06-20 15:05:37,898 INFO Engine.console] Current: 50 vu	198 succ	0 fail	0.331 avg rt	/	Cumulative: 0.303 avg rt, 0% failures
[2017-06-20 15:05:38,893 INFO Engine.console] Current: 50 vu	130 succ	0 fail	0.301 avg rt	/	Cumulative: 0.303 avg rt, 0% failures
[2017-06-20 15:05:39,895 INFO Engine.console] Current: 50 vu	153 succ	0 fail	0.321 avg rt	/	Cumulative: 0.304 avg rt, 0% failures
[2017-06-20 15:05:40,893 INFO Engine.console] Current: 50 vu	146 succ	0 fail	0.361 avg rt	/	Cumulative: 0.304 avg rt, 0% failures
[2017-06-20 15:05:41,890 INFO Engine.console] Current: 50 vu	157 succ	0 fail	0.328 avg rt	/	Cumulative: 0.304 avg rt, 0% failures
[2017-06-20 15:05:42,898 INFO Engine.console] Current: 50 vu	145 succ	0 fail	0.363 avg rt	/	Cumulative: 0.305 avg rt, 0% failures
[2017-06-20 15:05:43,901 INFO Engine.console] Current: 50 vu	152 succ	0 fail	0.323 avg rt	/	Cumulative: 0.305 avg rt, 0% failures
[2017-06-20 15:05:44,903 INFO Engine.console] Current: 50 vu	124 succ	0 fail	0.348 avg rt	/	Cumulative: 0.305 avg rt, 0% failures
[2017-06-20 15:05:45,907 INFO Engine.console] Current: 50 vu	152 succ	0 fail	0.317 avg rt	/	Cumulative: 0.305 avg rt, 0% failures
[2017-06-20 15:05:46,913 INFO Engine.console] Current: 50 vu	174 succ	0 fail	0.333 avg rt	/	Cumulative: 0.306 avg rt, 0% failures
[2017-06-20 15:05:47,922 INFO Engine.console] Current: 50 vu	155 succ	0 fail	0.307 avg rt	/	Cumulative: 0.306 avg rt, 0% failures
[2017-06-20 15:05:48,917 INFO Engine.console] Current: 50 vu	154 succ	0 fail	0.335 avg rt	/	Cumulative: 0.306 avg rt, 0% failures
[2017-06-20 15:05:49,921 INFO Engine.console] Current: 50 vu	175 succ	0 fail	0.307 avg rt	/	Cumulative: 0.306 avg rt, 0% failures
[2017-06-20 15:05:50,924 INFO Engine.console] Current: 50 vu	153 succ	0 fail	0.361 avg rt	/	Cumulative: 0.306 avg rt, 0% failures
[2017-06-20 15:05:51,928 INFO Engine.console] Current: 50 vu	125 succ	0 fail	0.315 avg rt	/	Cumulative: 0.306 avg rt, 0% failures
[2017-06-20 15:05:52,927 INFO Engine.console] Current: 50 vu	152 succ	0 fail	0.324 avg rt	/	Cumulative: 0.307 avg rt, 0% failures
[2017-06-20 15:05:53,928 INFO Engine.console] Current: 50 vu	159 succ	0 fail	0.343 avg rt	/	Cumulative: 0.307 avg rt, 0% failures
[2017-06-20 15:05:54,926 INFO Engine.console] Current: 50 vu	158 succ	0 fail	0.320 avg rt	/	Cumulative: 0.307 avg rt, 0% failures
[2017-06-20 15:05:55,928 INFO Engine.console] Current: 50 vu	132 succ	0 fail	0.322 avg rt	/	Cumulative: 0.307 avg rt, 0% failures
[2017-06-20 15:05:56,930 INFO Engine.console] Current: 50 vu	158 succ	0 fail	0.304 avg rt	/	Cumulative: 0.307 avg rt, 0% failures
[2017-06-20 15:05:57,932 INFO Engine.console] Current: 50 vu	173 succ	0 fail	0.325 avg rt	/	Cumulative: 0.307 avg rt, 0% failures
[2017-06-20 15:05:58,934 INFO Engine.console] Current: 50 vu	155 succ	0 fail	0.317 avg rt	/	Cumulative: 0.307 avg rt, 0% failures
[2017-06-20 15:05:59,937 INFO Engine.console] Current: 50 vu	124 succ	0 fail	0.343 avg rt	/	Cumulative: 0.308 avg rt, 0% failures
[2017-06-20 15:06:00,940 INFO Engine.console] Current: 50 vu	184 succ	0 fail	0.320 avg rt	/	Cumulative: 0.308 avg rt, 0% failures
[2017-06-20 15:06:01,952 INFO Engine.console] Current: 50 vu	143 succ	0 fail	0.332 avg rt	/	Cumulative: 0.308 avg rt, 0% failures
[2017-06-20 15:06:02,947 INFO Engine.console] Current: 50 vu	151 succ	0 fail	0.327 avg rt	/	Cumulative: 0.308 avg rt, 0% failures
[2017-06-20 15:06:03,948 INFO Engine.console] Current: 50 vu	150 succ	0 fail	0.340 avg rt	/	Cumulative: 0.308 avg rt, 0% failures
[2017-06-20 15:06:04,948 INFO Engine.console] Current: 50 vu	173 succ	0 fail	0.313 avg rt	/	Cumulative: 0.308 avg rt, 0% failures
[2017-06-20 15:06:05,949 INFO Engine.console] Current: 50 vu	160 succ	0 fail	0.323 avg rt	/	Cumulative: 0.308 avg rt, 0% failures
[2017-06-20 15:06:06,955 INFO Engine.console] Current: 50 vu	124 succ	0 fail	0.309 avg rt	/	Cumulative: 0.308 avg rt, 0% failures
[2017-06-20 15:06:07,962 INFO Engine.console] Current: 50 vu	154 succ	0 fail	0.317 avg rt	/	Cumulative: 0.308 avg rt, 0% failures
[2017-06-20 15:06:08,956 INFO Engine.console] Current: 50 vu	173 succ	0 fail	0.334 avg rt	/	Cumulative: 0.309 avg rt, 0% failures
[2017-06-20 15:06:09,965 INFO Engine.console] Current: 50 vu	151 succ	0 fail	0.325 avg rt	/	Cumulative: 0.309 avg rt, 0% failures
[2017-06-20 15:06:10,959 INFO Engine.console] Current: 50 vu	166 succ	0 fail	0.325 avg rt	/	Cumulative: 0.309 avg rt, 0% failures
[2017-06-20 15:06:11,962 INFO Engine.console] Current: 50 vu	157 succ	0 fail	0.322 avg rt	/	Cumulative: 0.309 avg rt, 0% failures
[2017-06-20 15:06:12,964 INFO Engine.console] Current: 50 vu	128 succ	0 fail	0.351 avg rt	/	Cumulative: 0.309 avg rt, 0% failures
[2017-06-20 15:06:12,995 WARNING Engine] Please wait for graceful shutdown...
[2017-06-20 15:06:12,995 DEBUG root] Leveled up log file verbosity
[2017-06-20 15:06:12,995 INFO Engine] Shutting down...
[2017-06-20 15:06:12,995 DEBUG Engine.local] Shutdown jmeter/blazedemo
[2017-06-20 15:06:12,997 DEBUG Engine.Configuration] Dumping YAML config into /Users/daper01/Documents/OSLo/from_scenario/2017-06-20_15-03-39.159601/effective.yml
[2017-06-20 15:06:13,026 DEBUG Engine.Configuration] Dumping JSON config into /Users/daper01/Documents/OSLo/from_scenario/2017-06-20_15-03-39.159601/effective.json
[2017-06-20 15:06:13,027 INFO Engine] Post-processing...
[2017-06-20 15:06:13,027 DEBUG Engine.local] Post-process jmeter/blazedemo
[2017-06-20 15:06:13,028 DEBUG Engine] Add existing artifact (move=True): /Users/daper01/Documents/OSLo/from_scenario/2017-06-20_15-03-39.159601/modified_requests.jmx
[2017-06-20 15:06:13,028 DEBUG Engine] No need to copy /Users/daper01/Documents/OSLo/from_scenario/2017-06-20_15-03-39.159601/modified_requests.jmx
[2017-06-20 15:06:13,028 DEBUG Engine.jmeter.JTLReader.IncrementalCSVReader] Reading JTL: /Users/daper01/Documents/OSLo/from_scenario/2017-06-20_15-03-39.159601/kpi.jtl
[2017-06-20 15:06:13,028 DEBUG Engine.jmeter.JTLReader.IncrementalCSVReader] Read lines: 0 / 0 bytes (at speed 1048576)
[2017-06-20 15:06:13,028 DEBUG Engine.jmeter.JTLReader] Buffer len: 2
[2017-06-20 15:06:13,028 DEBUG Engine.jmeter.JTLReader] Aggregating: 1497996371
[2017-06-20 15:06:13,034 DEBUG Engine.jmeter.JTLReader] Aggregating: 1497996372
[2017-06-20 15:06:13,040 DEBUG Engine.consolidator] Consolidator buffer[4]: [1497996369, 1497996370, 1497996371, 1497996372]
[2017-06-20 15:06:13,040 DEBUG Engine.consolidator] Merging into 1497996369
[2017-06-20 15:06:13,041 DEBUG Engine.consolidator] Merging 1497996369
[2017-06-20 15:06:13,050 DEBUG Engine.consolidator] Processed datapoint: 1497996369/None
[2017-06-20 15:06:13,051 DEBUG Engine.consolidator] Merging into 1497996370
[2017-06-20 15:06:13,051 DEBUG Engine.consolidator] Merging 1497996370
[2017-06-20 15:06:13,060 DEBUG Engine.consolidator] Processed datapoint: 1497996370/None
[2017-06-20 15:06:13,060 DEBUG Engine.consolidator] Merging into 1497996371
[2017-06-20 15:06:13,060 DEBUG Engine.consolidator] Merging 1497996371
[2017-06-20 15:06:13,069 DEBUG Engine.consolidator] Processed datapoint: 1497996371/None
[2017-06-20 15:06:13,069 DEBUG Engine.consolidator] Merging into 1497996372
[2017-06-20 15:06:13,070 DEBUG Engine.consolidator] Merging 1497996372
[2017-06-20 15:06:13,078 DEBUG Engine.consolidator] Processed datapoint: 1497996372/None
[2017-06-20 15:06:13,078 INFO Engine.final-stats] Test duration: 0:02:33
[2017-06-20 15:06:13,079 INFO Engine.final-stats] Samples count: 21807, 0.00% failures
[2017-06-20 15:06:13,079 INFO Engine.final-stats] Average times: total 0.310, latency 0.301, connect 0.000
[2017-06-20 15:06:13,079 INFO Engine.final-stats] Percentile 0.0%: 0.177
[2017-06-20 15:06:13,079 INFO Engine.final-stats] Percentile 50.0%: 0.314
[2017-06-20 15:06:13,079 INFO Engine.final-stats] Percentile 90.0%: 0.386
[2017-06-20 15:06:13,079 INFO Engine.final-stats] Percentile 95.0%: 0.470
[2017-06-20 15:06:13,079 INFO Engine.final-stats] Percentile 99.0%: 0.533
[2017-06-20 15:06:13,079 INFO Engine.final-stats] Percentile 99.9%: 0.600
[2017-06-20 15:06:13,079 INFO Engine.final-stats] Percentile 100.0%: 0.619
[2017-06-20 15:06:13,080 DEBUG Engine.console] No logger_handler or orig_stream was detected
[2017-06-20 15:06:13,080 INFO Engine.final-stats] Test duration: 0:02:33
[2017-06-20 15:06:13,080 INFO Engine.final-stats] Samples count: 21807, 0.00% failures
[2017-06-20 15:06:13,080 INFO Engine.final-stats] Average times: total 0.310, latency 0.301, connect 0.000
[2017-06-20 15:06:13,080 INFO Engine.final-stats] Percentile 0.0%: 0.177
[2017-06-20 15:06:13,080 INFO Engine.final-stats] Percentile 50.0%: 0.314
[2017-06-20 15:06:13,080 INFO Engine.final-stats] Percentile 90.0%: 0.386
[2017-06-20 15:06:13,080 INFO Engine.final-stats] Percentile 95.0%: 0.470
[2017-06-20 15:06:13,080 INFO Engine.final-stats] Percentile 99.0%: 0.533
[2017-06-20 15:06:13,080 INFO Engine.final-stats] Percentile 99.9%: 0.600
[2017-06-20 15:06:13,081 INFO Engine.final-stats] Percentile 100.0%: 0.619
[2017-06-20 15:06:13,081 INFO Engine.final-stats] Dumping final status as XML: stats.xml
[2017-06-20 15:06:13,085 DEBUG Engine.Configuration] Dumping YAML config into /Users/daper01/Documents/OSLo/from_scenario/2017-06-20_15-03-39.159601/effective.yml
[2017-06-20 15:06:13,119 DEBUG Engine.Configuration] Dumping JSON config into /Users/daper01/Documents/OSLo/from_scenario/2017-06-20_15-03-39.159601/effective.json
[2017-06-20 15:06:13,120 INFO root] Artifacts dir: /Users/daper01/Documents/OSLo/from_scenario/2017-06-20_15-03-39.159601
[2017-06-20 15:06:13,120 INFO root] Done performing with code: 0
[2017-06-20 15:06:13,120 DEBUG root] Closing log handler: /Users/daper01/Documents/OSLo/from_scenario/2017-06-20_15-03-39.159601/bzt.log
