2017-06-20 15:03:41,432 INFO o.a.j.u.JMeterUtils: Setting Locale to en_US
2017-06-20 15:03:41,443 INFO o.a.j.JMeter: Loading user properties from: /Users/daper01/.bzt/jmeter-taurus/3.2/bin/user.properties
2017-06-20 15:03:41,443 INFO o.a.j.JMeter: Loading system properties from: /Users/daper01/.bzt/jmeter-taurus/3.2/bin/system.properties
2017-06-20 15:03:41,444 INFO o.a.j.JMeter: Setting System properties from file: /Users/daper01/Documents/OSLo/from_scenario/2017-06-20_15-03-39.159601/system.properties
2017-06-20 15:03:41,447 INFO o.a.j.JMeter: Copyright (c) 1998-2017 The Apache Software Foundation
2017-06-20 15:03:41,447 INFO o.a.j.JMeter: Version 3.2 r1790748
2017-06-20 15:03:41,447 INFO o.a.j.JMeter: java.version=1.8.0_121
2017-06-20 15:03:41,447 INFO o.a.j.JMeter: java.vm.name=Java HotSpot(TM) 64-Bit Server VM
2017-06-20 15:03:41,447 INFO o.a.j.JMeter: os.name=Mac OS X
2017-06-20 15:03:41,448 INFO o.a.j.JMeter: os.arch=x86_64
2017-06-20 15:03:41,448 INFO o.a.j.JMeter: os.version=10.12.3
2017-06-20 15:03:41,448 INFO o.a.j.JMeter: file.encoding=UTF-8
2017-06-20 15:03:41,448 INFO o.a.j.JMeter: Max memory     =3817865216
2017-06-20 15:03:41,448 INFO o.a.j.JMeter: Available Processors =4
2017-06-20 15:03:41,451 INFO o.a.j.JMeter: Default Locale=English (United States)
2017-06-20 15:03:41,451 INFO o.a.j.JMeter: JMeter  Locale=English (United States)
2017-06-20 15:03:41,451 INFO o.a.j.JMeter: JMeterHome=/Users/daper01/.bzt/jmeter-taurus/3.2
2017-06-20 15:03:41,451 INFO o.a.j.JMeter: user.dir  =/Users/daper01/Documents/OSLo/from_scenario
2017-06-20 15:03:41,451 INFO o.a.j.JMeter: PWD       =/Users/daper01/Documents/OSLo/from_scenario
2017-06-20 15:03:41,452 INFO o.a.j.JMeter: IP: 192.168.128.176 Name: daper01mac1124 FullName: 192.168.128.176
2017-06-20 15:03:41,452 INFO o.a.j.JMeter: user.classpath=/Users/daper01/Documents/OSLo/from_scenario/2017-06-20_15-03-39.159601
2017-06-20 15:03:41,452 INFO o.a.j.JMeter: Adding to classpath and loader: /Users/daper01/Documents/OSLo/from_scenario/2017-06-20_15-03-39.159601
2017-06-20 15:03:41,455 INFO o.a.j.s.FileServer: Default base='/Users/daper01/Documents/OSLo/from_scenario'
2017-06-20 15:03:41,455 INFO o.a.j.s.FileServer: Set new base='/Users/daper01/Documents/OSLo/from_scenario/2017-06-20_15-03-39.159601'
2017-06-20 15:03:41,566 INFO o.a.j.s.SaveService: Testplan (JMX) version: 2.2. Testlog (JTL) version: 2.2
2017-06-20 15:03:41,578 INFO o.a.j.s.SaveService: Using SaveService properties file encoding UTF-8
2017-06-20 15:03:41,583 INFO o.a.j.s.SaveService: Using SaveService properties version 3.2
2017-06-20 15:03:41,588 INFO o.a.j.s.SaveService: Loading file: /Users/daper01/Documents/OSLo/from_scenario/2017-06-20_15-03-39.159601/modified_requests.jmx
2017-06-20 15:03:41,624 INFO o.a.j.p.h.c.CacheManager: Will only cache the following methods: [GET]
2017-06-20 15:03:41,626 INFO o.a.j.p.h.c.CookieManager: Settings: Delete null: true Check: true Allow variable: true Save: false Prefix: COOKIE_
2017-06-20 15:03:41,647 INFO o.a.j.p.h.s.HTTPSamplerBase: Parser for text/html is org.apache.jmeter.protocol.http.parser.LagartoBasedHtmlParser
2017-06-20 15:03:41,647 INFO o.a.j.p.h.s.HTTPSamplerBase: Parser for application/xhtml+xml is org.apache.jmeter.protocol.http.parser.LagartoBasedHtmlParser
2017-06-20 15:03:41,647 INFO o.a.j.p.h.s.HTTPSamplerBase: Parser for application/xml is org.apache.jmeter.protocol.http.parser.LagartoBasedHtmlParser
2017-06-20 15:03:41,647 INFO o.a.j.p.h.s.HTTPSamplerBase: Parser for text/xml is org.apache.jmeter.protocol.http.parser.LagartoBasedHtmlParser
2017-06-20 15:03:41,647 INFO o.a.j.p.h.s.HTTPSamplerBase: Parser for text/vnd.wap.wml is org.apache.jmeter.protocol.http.parser.RegexpHTMLParser
2017-06-20 15:03:41,647 INFO o.a.j.p.h.s.HTTPSamplerBase: Parser for text/css is org.apache.jmeter.protocol.http.parser.CssParser
2017-06-20 15:03:41,687 INFO o.a.j.e.StandardJMeterEngine: Running the test!
2017-06-20 15:03:41,688 INFO o.a.j.s.SampleEvent: List of sample_variables: []
2017-06-20 15:03:41,688 INFO o.a.j.s.SampleEvent: List of sample_variables: []
2017-06-20 15:03:41,693 INFO o.a.j.e.u.CompoundVariable: Note: Function class names must contain the string: '.functions.'
2017-06-20 15:03:41,693 INFO o.a.j.e.u.CompoundVariable: Note: Function class names must not contain the string: '.gui.'
2017-06-20 15:03:42,037 INFO o.a.j.JMeter: Running test (1497996222037)
2017-06-20 15:03:42,086 INFO o.a.j.e.StandardJMeterEngine: Starting ThreadGroup: 1 : blazedemo
2017-06-20 15:03:42,086 INFO o.a.j.e.StandardJMeterEngine: Starting 50 threads for group blazedemo.
2017-06-20 15:03:42,086 INFO o.a.j.e.StandardJMeterEngine: Thread will continue on error
2017-06-20 15:03:42,086 INFO o.a.j.t.ThreadGroup: Starting thread group... number=1 threads=50 ramp-up=30 perThread=600.0 delayedStart=false
2017-06-20 15:03:42,174 INFO o.a.j.t.ThreadGroup: Started thread group number 1
2017-06-20 15:03:42,175 INFO o.a.j.e.StandardJMeterEngine: All thread groups have been started
2017-06-20 15:03:42,400 INFO o.a.j.t.JMeterThread: Thread started: blazedemo 1-1
2017-06-20 15:03:42,414 INFO o.a.j.s.FileServer: Stored: /Users/daper01/Documents/OSLo/from_scenario/param.csv
2017-06-20 15:03:42,438 INFO o.a.j.p.h.s.HTTPHCAbstractImpl: Local host = daper01mac1124
2017-06-20 15:03:42,442 INFO o.a.j.p.h.s.HTTPHC4Impl: HTTP request retry count = 0
2017-06-20 15:03:42,451 INFO o.a.j.s.SampleResult: Note: Sample TimeStamps are START times
2017-06-20 15:03:42,451 INFO o.a.j.s.SampleResult: sampleresult.default.encoding is set to UTF-8
2017-06-20 15:03:42,451 INFO o.a.j.s.SampleResult: sampleresult.useNanoTime=true
2017-06-20 15:03:42,451 INFO o.a.j.s.SampleResult: sampleresult.nanoThreadSleep=5000
2017-06-20 15:03:43,011 INFO o.a.j.t.JMeterThread: Thread started: blazedemo 1-2
2017-06-20 15:03:43,602 INFO o.a.j.t.JMeterThread: Thread started: blazedemo 1-3
2017-06-20 15:03:44,213 INFO o.a.j.t.JMeterThread: Thread started: blazedemo 1-4
2017-06-20 15:03:44,802 INFO o.a.j.t.JMeterThread: Thread started: blazedemo 1-5
2017-06-20 15:03:45,401 INFO o.a.j.t.JMeterThread: Thread started: blazedemo 1-6
2017-06-20 15:03:46,006 INFO o.a.j.t.JMeterThread: Thread started: blazedemo 1-7
2017-06-20 15:03:46,616 INFO o.a.j.t.JMeterThread: Thread started: blazedemo 1-8
2017-06-20 15:03:47,201 INFO o.a.j.t.JMeterThread: Thread started: blazedemo 1-9
2017-06-20 15:03:47,802 INFO o.a.j.t.JMeterThread: Thread started: blazedemo 1-10
2017-06-20 15:03:48,412 INFO o.a.j.t.JMeterThread: Thread started: blazedemo 1-11
2017-06-20 15:03:49,002 INFO o.a.j.t.JMeterThread: Thread started: blazedemo 1-12
2017-06-20 15:03:49,597 INFO o.a.j.t.JMeterThread: Thread started: blazedemo 1-13
2017-06-20 15:03:50,202 INFO o.a.j.t.JMeterThread: Thread started: blazedemo 1-14
2017-06-20 15:03:50,813 INFO o.a.j.t.JMeterThread: Thread started: blazedemo 1-15
2017-06-20 15:03:51,417 INFO o.a.j.t.JMeterThread: Thread started: blazedemo 1-16
2017-06-20 15:03:52,012 INFO o.a.j.t.JMeterThread: Thread started: blazedemo 1-17
2017-06-20 15:03:52,617 INFO o.a.j.t.JMeterThread: Thread started: blazedemo 1-18
2017-06-20 15:03:53,216 INFO o.a.j.t.JMeterThread: Thread started: blazedemo 1-19
2017-06-20 15:03:53,813 INFO o.a.j.t.JMeterThread: Thread started: blazedemo 1-20
2017-06-20 15:03:54,412 INFO o.a.j.t.JMeterThread: Thread started: blazedemo 1-21
2017-06-20 15:03:55,016 INFO o.a.j.t.JMeterThread: Thread started: blazedemo 1-22
2017-06-20 15:03:55,615 INFO o.a.j.t.JMeterThread: Thread started: blazedemo 1-23
2017-06-20 15:03:56,217 INFO o.a.j.t.JMeterThread: Thread started: blazedemo 1-24
2017-06-20 15:03:56,811 INFO o.a.j.t.JMeterThread: Thread started: blazedemo 1-25
2017-06-20 15:03:57,400 INFO o.a.j.t.JMeterThread: Thread started: blazedemo 1-26
2017-06-20 15:03:58,012 INFO o.a.j.t.JMeterThread: Thread started: blazedemo 1-27
2017-06-20 15:03:58,600 INFO o.a.j.t.JMeterThread: Thread started: blazedemo 1-28
2017-06-20 15:03:59,210 INFO o.a.j.t.JMeterThread: Thread started: blazedemo 1-29
2017-06-20 15:03:59,801 INFO o.a.j.t.JMeterThread: Thread started: blazedemo 1-30
2017-06-20 15:04:00,401 INFO o.a.j.t.JMeterThread: Thread started: blazedemo 1-31
2017-06-20 15:04:01,001 INFO o.a.j.t.JMeterThread: Thread started: blazedemo 1-32
2017-06-20 15:04:01,610 INFO o.a.j.t.JMeterThread: Thread started: blazedemo 1-33
2017-06-20 15:04:02,211 INFO o.a.j.t.JMeterThread: Thread started: blazedemo 1-34
2017-06-20 15:04:02,811 INFO o.a.j.t.JMeterThread: Thread started: blazedemo 1-35
2017-06-20 15:04:03,416 INFO o.a.j.t.JMeterThread: Thread started: blazedemo 1-36
2017-06-20 15:04:04,010 INFO o.a.j.t.JMeterThread: Thread started: blazedemo 1-37
2017-06-20 15:04:04,611 INFO o.a.j.t.JMeterThread: Thread started: blazedemo 1-38
2017-06-20 15:04:05,215 INFO o.a.j.t.JMeterThread: Thread started: blazedemo 1-39
2017-06-20 15:04:05,811 INFO o.a.j.t.JMeterThread: Thread started: blazedemo 1-40
2017-06-20 15:04:06,414 INFO o.a.j.t.JMeterThread: Thread started: blazedemo 1-41
2017-06-20 15:04:07,017 INFO o.a.j.t.JMeterThread: Thread started: blazedemo 1-42
2017-06-20 15:04:07,613 INFO o.a.j.t.JMeterThread: Thread started: blazedemo 1-43
2017-06-20 15:04:08,214 INFO o.a.j.t.JMeterThread: Thread started: blazedemo 1-44
2017-06-20 15:04:08,814 INFO o.a.j.t.JMeterThread: Thread started: blazedemo 1-45
2017-06-20 15:04:09,414 INFO o.a.j.t.JMeterThread: Thread started: blazedemo 1-46
2017-06-20 15:04:10,012 INFO o.a.j.t.JMeterThread: Thread started: blazedemo 1-47
2017-06-20 15:04:10,601 INFO o.a.j.t.JMeterThread: Thread started: blazedemo 1-48
2017-06-20 15:04:11,202 INFO o.a.j.t.JMeterThread: Thread started: blazedemo 1-49
2017-06-20 15:04:11,816 INFO o.a.j.t.JMeterThread: Thread started: blazedemo 1-50
2017-06-20 15:06:12,110 INFO o.a.j.t.JMeterThread: Stopping because end time detected by thread: blazedemo 1-41
2017-06-20 15:06:12,111 INFO o.a.j.t.JMeterThread: Thread finished: blazedemo 1-41
2017-06-20 15:06:12,224 INFO o.a.j.t.JMeterThread: Stopping because end time detected by thread: blazedemo 1-10
2017-06-20 15:06:12,224 INFO o.a.j.t.JMeterThread: Stopping because end time detected by thread: blazedemo 1-22
2017-06-20 15:06:12,224 INFO o.a.j.t.JMeterThread: Thread finished: blazedemo 1-10
2017-06-20 15:06:12,224 INFO o.a.j.t.JMeterThread: Thread finished: blazedemo 1-22
2017-06-20 15:06:12,225 INFO o.a.j.t.JMeterThread: Stopping because end time detected by thread: blazedemo 1-42
2017-06-20 15:06:12,226 INFO o.a.j.t.JMeterThread: Thread finished: blazedemo 1-42
2017-06-20 15:06:12,228 INFO o.a.j.t.JMeterThread: Stopping because end time detected by thread: blazedemo 1-34
2017-06-20 15:06:12,229 INFO o.a.j.t.JMeterThread: Thread finished: blazedemo 1-34
2017-06-20 15:06:12,230 INFO o.a.j.t.JMeterThread: Stopping because end time detected by thread: blazedemo 1-48
2017-06-20 15:06:12,230 INFO o.a.j.t.JMeterThread: Thread finished: blazedemo 1-48
2017-06-20 15:06:12,234 INFO o.a.j.t.JMeterThread: Stopping because end time detected by thread: blazedemo 1-28
2017-06-20 15:06:12,234 INFO o.a.j.t.JMeterThread: Stopping because end time detected by thread: blazedemo 1-43
2017-06-20 15:06:12,234 INFO o.a.j.t.JMeterThread: Thread finished: blazedemo 1-43
2017-06-20 15:06:12,234 INFO o.a.j.t.JMeterThread: Thread finished: blazedemo 1-28
2017-06-20 15:06:12,234 INFO o.a.j.t.JMeterThread: Stopping because end time detected by thread: blazedemo 1-30
2017-06-20 15:06:12,234 INFO o.a.j.t.JMeterThread: Stopping because end time detected by thread: blazedemo 1-13
2017-06-20 15:06:12,234 INFO o.a.j.t.JMeterThread: Stopping because end time detected by thread: blazedemo 1-19
2017-06-20 15:06:12,235 INFO o.a.j.t.JMeterThread: Stopping because end time detected by thread: blazedemo 1-40
2017-06-20 15:06:12,235 INFO o.a.j.t.JMeterThread: Thread finished: blazedemo 1-19
2017-06-20 15:06:12,235 INFO o.a.j.t.JMeterThread: Thread finished: blazedemo 1-30
2017-06-20 15:06:12,235 INFO o.a.j.t.JMeterThread: Thread finished: blazedemo 1-13
2017-06-20 15:06:12,236 INFO o.a.j.t.JMeterThread: Stopping because end time detected by thread: blazedemo 1-17
2017-06-20 15:06:12,236 INFO o.a.j.t.JMeterThread: Thread finished: blazedemo 1-17
2017-06-20 15:06:12,236 INFO o.a.j.t.JMeterThread: Stopping because end time detected by thread: blazedemo 1-50
2017-06-20 15:06:12,236 INFO o.a.j.t.JMeterThread: Stopping because end time detected by thread: blazedemo 1-9
2017-06-20 15:06:12,237 INFO o.a.j.t.JMeterThread: Thread finished: blazedemo 1-50
2017-06-20 15:06:12,237 INFO o.a.j.t.JMeterThread: Thread finished: blazedemo 1-9
2017-06-20 15:06:12,237 INFO o.a.j.t.JMeterThread: Stopping because end time detected by thread: blazedemo 1-45
2017-06-20 15:06:12,237 INFO o.a.j.t.JMeterThread: Stopping because end time detected by thread: blazedemo 1-21
2017-06-20 15:06:12,237 INFO o.a.j.t.JMeterThread: Thread finished: blazedemo 1-45
2017-06-20 15:06:12,237 INFO o.a.j.t.JMeterThread: Thread finished: blazedemo 1-21
2017-06-20 15:06:12,237 INFO o.a.j.t.JMeterThread: Stopping because end time detected by thread: blazedemo 1-35
2017-06-20 15:06:12,237 INFO o.a.j.t.JMeterThread: Thread finished: blazedemo 1-35
2017-06-20 15:06:12,237 INFO o.a.j.t.JMeterThread: Stopping because end time detected by thread: blazedemo 1-27
2017-06-20 15:06:12,238 INFO o.a.j.t.JMeterThread: Thread finished: blazedemo 1-27
2017-06-20 15:06:12,238 INFO o.a.j.t.JMeterThread: Stopping because end time detected by thread: blazedemo 1-25
2017-06-20 15:06:12,236 INFO o.a.j.t.JMeterThread: Thread finished: blazedemo 1-40
2017-06-20 15:06:12,238 INFO o.a.j.t.JMeterThread: Stopping because end time detected by thread: blazedemo 1-49
2017-06-20 15:06:12,238 INFO o.a.j.t.JMeterThread: Thread finished: blazedemo 1-49
2017-06-20 15:06:12,238 INFO o.a.j.t.JMeterThread: Stopping because end time detected by thread: blazedemo 1-3
2017-06-20 15:06:12,238 INFO o.a.j.t.JMeterThread: Thread finished: blazedemo 1-3
2017-06-20 15:06:12,238 INFO o.a.j.t.JMeterThread: Stopping because end time detected by thread: blazedemo 1-4
2017-06-20 15:06:12,238 INFO o.a.j.t.JMeterThread: Thread finished: blazedemo 1-25
2017-06-20 15:06:12,238 INFO o.a.j.t.JMeterThread: Thread finished: blazedemo 1-4
2017-06-20 15:06:12,239 INFO o.a.j.t.JMeterThread: Stopping because end time detected by thread: blazedemo 1-20
2017-06-20 15:06:12,239 INFO o.a.j.t.JMeterThread: Thread finished: blazedemo 1-20
2017-06-20 15:06:12,240 INFO o.a.j.t.JMeterThread: Stopping because end time detected by thread: blazedemo 1-31
2017-06-20 15:06:12,240 INFO o.a.j.t.JMeterThread: Stopping because end time detected by thread: blazedemo 1-11
2017-06-20 15:06:12,240 INFO o.a.j.t.JMeterThread: Thread finished: blazedemo 1-31
2017-06-20 15:06:12,240 INFO o.a.j.t.JMeterThread: Thread finished: blazedemo 1-11
2017-06-20 15:06:12,240 INFO o.a.j.t.JMeterThread: Stopping because end time detected by thread: blazedemo 1-26
2017-06-20 15:06:12,241 INFO o.a.j.t.JMeterThread: Thread finished: blazedemo 1-26
2017-06-20 15:06:12,241 INFO o.a.j.t.JMeterThread: Stopping because end time detected by thread: blazedemo 1-46
2017-06-20 15:06:12,241 INFO o.a.j.t.JMeterThread: Stopping because end time detected by thread: blazedemo 1-24
2017-06-20 15:06:12,241 INFO o.a.j.t.JMeterThread: Thread finished: blazedemo 1-46
2017-06-20 15:06:12,241 INFO o.a.j.t.JMeterThread: Stopping because end time detected by thread: blazedemo 1-39
2017-06-20 15:06:12,241 INFO o.a.j.t.JMeterThread: Thread finished: blazedemo 1-24
2017-06-20 15:06:12,241 INFO o.a.j.t.JMeterThread: Stopping because end time detected by thread: blazedemo 1-36
2017-06-20 15:06:12,241 INFO o.a.j.t.JMeterThread: Thread finished: blazedemo 1-39
2017-06-20 15:06:12,241 INFO o.a.j.t.JMeterThread: Thread finished: blazedemo 1-36
2017-06-20 15:06:12,241 INFO o.a.j.t.JMeterThread: Stopping because end time detected by thread: blazedemo 1-38
2017-06-20 15:06:12,241 INFO o.a.j.t.JMeterThread: Stopping because end time detected by thread: blazedemo 1-47
2017-06-20 15:06:12,241 INFO o.a.j.t.JMeterThread: Thread finished: blazedemo 1-38
2017-06-20 15:06:12,241 INFO o.a.j.t.JMeterThread: Stopping because end time detected by thread: blazedemo 1-18
2017-06-20 15:06:12,241 INFO o.a.j.t.JMeterThread: Thread finished: blazedemo 1-47
2017-06-20 15:06:12,242 INFO o.a.j.t.JMeterThread: Thread finished: blazedemo 1-18
2017-06-20 15:06:12,242 INFO o.a.j.t.JMeterThread: Stopping because end time detected by thread: blazedemo 1-8
2017-06-20 15:06:12,243 INFO o.a.j.t.JMeterThread: Stopping because end time detected by thread: blazedemo 1-14
2017-06-20 15:06:12,243 INFO o.a.j.t.JMeterThread: Thread finished: blazedemo 1-14
2017-06-20 15:06:12,243 INFO o.a.j.t.JMeterThread: Stopping because end time detected by thread: blazedemo 1-32
2017-06-20 15:06:12,243 INFO o.a.j.t.JMeterThread: Thread finished: blazedemo 1-32
2017-06-20 15:06:12,243 INFO o.a.j.t.JMeterThread: Thread finished: blazedemo 1-8
2017-06-20 15:06:12,246 INFO o.a.j.t.JMeterThread: Stopping because end time detected by thread: blazedemo 1-15
2017-06-20 15:06:12,246 INFO o.a.j.t.JMeterThread: Thread finished: blazedemo 1-15
2017-06-20 15:06:12,249 INFO o.a.j.t.JMeterThread: Stopping because end time detected by thread: blazedemo 1-7
2017-06-20 15:06:12,249 INFO o.a.j.t.JMeterThread: Thread finished: blazedemo 1-7
2017-06-20 15:06:12,279 INFO o.a.j.t.JMeterThread: Stopping because end time detected by thread: blazedemo 1-33
2017-06-20 15:06:12,279 INFO o.a.j.t.JMeterThread: Thread finished: blazedemo 1-33
2017-06-20 15:06:12,284 INFO o.a.j.t.JMeterThread: Stopping because end time detected by thread: blazedemo 1-1
2017-06-20 15:06:12,284 INFO o.a.j.t.JMeterThread: Thread finished: blazedemo 1-1
2017-06-20 15:06:12,285 INFO o.a.j.t.JMeterThread: Stopping because end time detected by thread: blazedemo 1-29
2017-06-20 15:06:12,286 INFO o.a.j.t.JMeterThread: Thread finished: blazedemo 1-29
2017-06-20 15:06:12,287 INFO o.a.j.t.JMeterThread: Stopping because end time detected by thread: blazedemo 1-5
2017-06-20 15:06:12,287 INFO o.a.j.t.JMeterThread: Stopping because end time detected by thread: blazedemo 1-12
2017-06-20 15:06:12,287 INFO o.a.j.t.JMeterThread: Thread finished: blazedemo 1-5
2017-06-20 15:06:12,287 INFO o.a.j.t.JMeterThread: Thread finished: blazedemo 1-12
2017-06-20 15:06:12,301 INFO o.a.j.t.JMeterThread: Stopping because end time detected by thread: blazedemo 1-2
2017-06-20 15:06:12,301 INFO o.a.j.t.JMeterThread: Thread finished: blazedemo 1-2
2017-06-20 15:06:12,306 INFO o.a.j.t.JMeterThread: Stopping because end time detected by thread: blazedemo 1-37
2017-06-20 15:06:12,307 INFO o.a.j.t.JMeterThread: Thread finished: blazedemo 1-37
2017-06-20 15:06:12,320 INFO o.a.j.t.JMeterThread: Stopping because end time detected by thread: blazedemo 1-16
2017-06-20 15:06:12,320 INFO o.a.j.t.JMeterThread: Thread finished: blazedemo 1-16
2017-06-20 15:06:12,325 INFO o.a.j.t.JMeterThread: Stopping because end time detected by thread: blazedemo 1-6
2017-06-20 15:06:12,325 INFO o.a.j.t.JMeterThread: Thread finished: blazedemo 1-6
2017-06-20 15:06:12,326 INFO o.a.j.t.JMeterThread: Stopping because end time detected by thread: blazedemo 1-44
2017-06-20 15:06:12,326 INFO o.a.j.t.JMeterThread: Thread finished: blazedemo 1-44
2017-06-20 15:06:12,329 INFO o.a.j.t.JMeterThread: Stopping because end time detected by thread: blazedemo 1-23
2017-06-20 15:06:12,329 INFO o.a.j.t.JMeterThread: Thread finished: blazedemo 1-23
2017-06-20 15:06:12,330 INFO o.a.j.e.StandardJMeterEngine: Notifying test listeners of end of test
2017-06-20 15:06:12,330 INFO o.a.j.s.FileServer: Close: /Users/daper01/Documents/OSLo/from_scenario/param.csv
2017-06-20 15:06:12,333 INFO o.a.j.e.StandardJMeterEngine: Forced JVM shutdown requested at end of test
