[2017-12-05 08:19:34,967 INFO root] Taurus CLI Tool v1.9.6
[2017-12-05 08:19:34,967 DEBUG root] Command-line options: {'verbose': None, 'no_system_configs': None, 'quiet': None, 'log': '/var/folders/vq/xzrdy2lx047cst78f69v8z3xfzqz1q/T/bzt_k4g0E6.log', 'option': None, 'aliases': []}
[2017-12-05 08:19:34,967 DEBUG root] Python: CPython 2.7.13
[2017-12-05 08:19:34,967 DEBUG root] OS: ('Darwin', 'daper01mac1124', '17.2.0', 'Darwin Kernel Version 17.2.0: Fri Sep 29 18:27:05 PDT 2017; root:xnu-4570.20.62~3/RELEASE_X86_64', 'x86_64', 'i386')
[2017-12-05 08:19:34,967 INFO root] Starting with configs: ['python_Selenium.yml']
[2017-12-05 08:19:34,968 DEBUG root] Using personal config: /Users/daper01/.bzt-rc
[2017-12-05 08:19:34,968 INFO Engine] Configuring...
[2017-12-05 08:19:34,968 DEBUG Engine] Reading extension configs from: /usr/local/etc/bzt.d
[2017-12-05 08:19:34,968 DEBUG Engine.Configuration] Configs: ['/usr/local/lib/python2.7/site-packages/bzt/resources/base-config.yml', '/usr/local/etc/bzt.d/99-installID.yml']
[2017-12-05 08:19:34,968 DEBUG Engine.Configuration] Reading /usr/local/lib/python2.7/site-packages/bzt/resources/base-config.yml as YAML
[2017-12-05 08:19:34,993 DEBUG Engine.Configuration] Reading /usr/local/etc/bzt.d/99-installID.yml as YAML
[2017-12-05 08:19:34,994 DEBUG Engine.Configuration] Configs: ['/Users/daper01/.bzt-rc', 'python_Selenium.yml']
[2017-12-05 08:19:34,994 DEBUG Engine.Configuration] Reading /Users/daper01/.bzt-rc as YAML
[2017-12-05 08:19:34,995 DEBUG Engine.Configuration] Reading python_Selenium.yml as YAML
[2017-12-05 08:19:34,997 DEBUG Engine.Configuration] Configs: ['/Users/daper01/.bzt-rc', 'python_Selenium.yml']
[2017-12-05 08:19:34,997 DEBUG Engine.Configuration] Reading /Users/daper01/.bzt-rc as YAML
[2017-12-05 08:19:34,998 DEBUG Engine.Configuration] Reading python_Selenium.yml as YAML
[2017-12-05 08:19:35,011 DEBUG Engine] Requesting updates info: http://gettaurus.org/updates/?version=1.9.6&installID=784f43782a15
[2017-12-05 08:19:35,016 INFO Engine] Artifacts dir: /Users/daper01/Documents/OSLo/Selenium/2017-12-05_08-19-35.011608
[2017-12-05 08:19:35,020 DEBUG Engine] New artifact filename: /Users/daper01/Documents/OSLo/Selenium/2017-12-05_08-19-35.011608/effective
[2017-12-05 08:19:35,024 DEBUG Engine.Configuration] Dumping YAML config into /Users/daper01/Documents/OSLo/Selenium/2017-12-05_08-19-35.011608/effective.yml
[2017-12-05 08:19:35,055 DEBUG Engine.Configuration] Dumping JSON config into /Users/daper01/Documents/OSLo/Selenium/2017-12-05_08-19-35.011608/effective.json
[2017-12-05 08:19:35,056 DEBUG Engine] New artifact filename: /Users/daper01/Documents/OSLo/Selenium/2017-12-05_08-19-35.011608/merged.yml
[2017-12-05 08:19:35,057 DEBUG Engine.Configuration] Dumping YAML config into /Users/daper01/Documents/OSLo/Selenium/2017-12-05_08-19-35.011608/merged.yml
[2017-12-05 08:19:35,060 DEBUG Engine] New artifact filename: /Users/daper01/Documents/OSLo/Selenium/2017-12-05_08-19-35.011608/merged.json
[2017-12-05 08:19:35,060 DEBUG Engine.Configuration] Dumping JSON config into /Users/daper01/Documents/OSLo/Selenium/2017-12-05_08-19-35.011608/merged.json
[2017-12-05 08:19:35,062 DEBUG Engine] Add existing artifact (move=False): python_Selenium.yml
[2017-12-05 08:19:35,062 DEBUG Engine] Copying python_Selenium.yml to /Users/daper01/Documents/OSLo/Selenium/2017-12-05_08-19-35.011608/python_Selenium.yml
[2017-12-05 08:19:35,063 DEBUG root] Closing log handler: /var/folders/vq/xzrdy2lx047cst78f69v8z3xfzqz1q/T/bzt_k4g0E6.log
[2017-12-05 08:19:35,583 DEBUG root] Switched writing logs to /Users/daper01/Documents/OSLo/Selenium/2017-12-05_08-19-35.011608/bzt.log
[2017-12-05 08:19:35,584 INFO Engine] Preparing...
[2017-12-05 08:19:35,584 DEBUG Engine] Module config: consolidator defaultdict(None, {'class': 'bzt.modules.aggregator.ConsolidatingAggregator'})
[2017-12-05 08:19:35,584 DEBUG root] Importing module: bzt.modules.aggregator
[2017-12-05 08:19:35,589 DEBUG root] Loading class: 'ConsolidatingAggregator' from <module 'bzt.modules.aggregator' from '/usr/local/lib/python2.7/site-packages/bzt/modules/aggregator.pyc'>
[2017-12-05 08:19:35,589 DEBUG Engine.consolidator] Exception in dehumanize_time(inf)
[2017-12-05 08:19:35,589 DEBUG Engine.consolidator] Buffer scaling setup: percentile 95.0 from [0.0, 50.0, 90.0, 95.0, 99.0, 99.9, 100.0] selected
[2017-12-05 08:19:35,589 DEBUG Engine] Module config: monitoring defaultdict(None, {'class': 'bzt.modules.monitoring.Monitoring'})
[2017-12-05 08:19:35,589 DEBUG root] Importing module: bzt.modules.monitoring
[2017-12-05 08:19:35,654 DEBUG Engine] Taurus updates info: {"latest":"1.10.3","needsUpgrade":true}
[2017-12-05 08:19:35,655 WARNING Engine] There is newer version of Taurus 1.10.3 available, consider upgrading. What's new: http://gettaurus.org/docs/Changelog/
[2017-12-05 08:19:35,661 DEBUG root] Loading class: 'Monitoring' from <module 'bzt.modules.monitoring' from '/usr/local/lib/python2.7/site-packages/bzt/modules/monitoring.pyc'>
[2017-12-05 08:19:35,661 DEBUG Engine] Module config: capturehar defaultdict(None, {'class': 'bzt.modules.blazemeter.ServiceStubCaptureHAR'})
[2017-12-05 08:19:35,661 DEBUG root] Importing module: bzt.modules.blazemeter
[2017-12-05 08:19:35,746 DEBUG easyprocess] version=0.2.3
[2017-12-05 08:19:35,748 DEBUG pyvirtualdisplay] version=0.2.1
[2017-12-05 08:19:35,750 DEBUG root] Loading class: 'ServiceStubCaptureHAR' from <module 'bzt.modules.blazemeter' from '/usr/local/lib/python2.7/site-packages/bzt/modules/blazemeter.pyc'>
[2017-12-05 08:19:35,751 DEBUG Engine] Module config: local defaultdict(None, {'class': 'bzt.modules.provisioning.Local'})
[2017-12-05 08:19:35,751 DEBUG root] Importing module: bzt.modules.provisioning
[2017-12-05 08:19:35,751 DEBUG root] Loading class: 'Local' from <module 'bzt.modules.provisioning' from '/usr/local/lib/python2.7/site-packages/bzt/modules/provisioning.pyc'>
[2017-12-05 08:19:35,751 DEBUG Engine] Module config: selenium defaultdict(None, {'class': 'bzt.modules.selenium.SeleniumExecutor'})
[2017-12-05 08:19:35,751 DEBUG root] Importing module: bzt.modules.selenium
[2017-12-05 08:19:35,752 DEBUG root] Loading class: 'SeleniumExecutor' from <module 'bzt.modules.selenium' from '/usr/local/lib/python2.7/site-packages/bzt/modules/selenium.pyc'>
[2017-12-05 08:19:35,752 DEBUG Engine.local] Preparing executor: selenium/4417771216
[2017-12-05 08:19:35,753 DEBUG Engine.selenium] Using script type: nose
[2017-12-05 08:19:35,753 DEBUG Engine] Module config: nose defaultdict(None, {'class': 'bzt.modules.python.NoseTester'})
[2017-12-05 08:19:35,753 DEBUG root] Importing module: bzt.modules.python
[2017-12-05 08:19:35,770 DEBUG root] Loading class: 'NoseTester' from <module 'bzt.modules.python' from '/usr/local/lib/python2.7/site-packages/bzt/modules/python.pyc'>
[2017-12-05 08:19:35,771 DEBUG Engine.nose.TclLibrary] We don't need to check tcl library on this platform
[2017-12-05 08:19:35,771 DEBUG Engine.nose] Extract defaultdict(None, {'script': './blazeDemo_Selenium_with_unit_chrome.py'}) into scenarios
[2017-12-05 08:19:35,771 DEBUG Engine] New artifact filename: /Users/daper01/Documents/OSLo/Selenium/2017-12-05_08-19-35.011608/NoseTester.ldjson
[2017-12-05 08:19:35,771 DEBUG Engine] Module config: final-stats defaultdict(None, {'class': 'bzt.modules.reporting.FinalStatus'})
[2017-12-05 08:19:35,771 DEBUG root] Importing module: bzt.modules.reporting
[2017-12-05 08:19:35,772 DEBUG root] Loading class: 'FinalStatus' from <module 'bzt.modules.reporting' from '/usr/local/lib/python2.7/site-packages/bzt/modules/reporting.pyc'>
[2017-12-05 08:19:35,772 DEBUG Engine] Module config: console defaultdict(None, {'class': 'bzt.modules.console.ConsoleStatusReporter'})
[2017-12-05 08:19:35,772 DEBUG root] Importing module: bzt.modules.console
[2017-12-05 08:19:35,772 DEBUG root] Loading class: 'ConsoleStatusReporter' from <module 'bzt.modules.console' from '/usr/local/lib/python2.7/site-packages/bzt/modules/console.pyc'>
[2017-12-05 08:19:35,782 DEBUG Engine.Configuration] Dumping YAML config into /Users/daper01/Documents/OSLo/Selenium/2017-12-05_08-19-35.011608/effective.yml
[2017-12-05 08:19:35,818 DEBUG Engine.Configuration] Dumping JSON config into /Users/daper01/Documents/OSLo/Selenium/2017-12-05_08-19-35.011608/effective.json
[2017-12-05 08:19:35,819 INFO Engine] Starting...
[2017-12-05 08:19:35,819 DEBUG Engine] Startup <bzt.modules.monitoring.Monitoring object at 0x1069c9910>
[2017-12-05 08:19:35,819 DEBUG Engine] Startup <bzt.modules.blazemeter.ServiceStubCaptureHAR object at 0x1072bb890>
[2017-12-05 08:19:35,819 WARNING Engine.capturehar] Stub for service 'capturehar', use cloud provisioning to have it working
[2017-12-05 08:19:35,820 DEBUG Engine] Startup <bzt.modules.aggregator.ConsolidatingAggregator object at 0x1069acb10>
[2017-12-05 08:19:35,820 DEBUG Engine] Startup <bzt.modules.reporting.FinalStatus object at 0x1076057d0>
[2017-12-05 08:19:35,820 DEBUG Engine] Startup <bzt.modules.console.ConsoleStatusReporter object at 0x1076193d0>
[2017-12-05 08:19:35,820 INFO Engine.console] Waiting for results...
[2017-12-05 08:19:35,820 DEBUG Engine] Startup <bzt.modules.provisioning.Local object at 0x1069ac790>
[2017-12-05 08:19:35,820 DEBUG Engine.local] Delay setup for selenium/4417771216: 0(start-at) + 0(delay) = 0
[2017-12-05 08:19:35,824 DEBUG Engine.Configuration] Dumping YAML config into /Users/daper01/Documents/OSLo/Selenium/2017-12-05_08-19-35.011608/effective.yml
[2017-12-05 08:19:35,868 DEBUG Engine.Configuration] Dumping JSON config into /Users/daper01/Documents/OSLo/Selenium/2017-12-05_08-19-35.011608/effective.json
[2017-12-05 08:19:35,871 DEBUG root] Leveling down log file verbosity, use -v option to have DEBUG messages enabled
[2017-12-05 08:19:36,099 INFO Engine.console] Waiting for finish...
[2017-12-05 08:19:58,959 INFO LoadSamplesReader] Changed data analysis delay to 21s
[2017-12-05 08:20:33,118 WARNING Engine] Please wait for graceful shutdown...
[2017-12-05 08:20:33,126 DEBUG root] Leveled up log file verbosity
[2017-12-05 08:20:33,126 INFO Engine] Shutting down...
[2017-12-05 08:20:33,132 DEBUG Engine.local] Shutdown selenium/4417771216
[2017-12-05 08:20:33,132 DEBUG Engine.selenium] Selenium tests ran for 57.2607309818 seconds
[2017-12-05 08:20:33,133 DEBUG Engine.console] Restoring logging streams, [<logging.StreamHandler object at 0x105ee4690>]/{<logging.StreamHandler object at 0x105ee4690>: <open file '<stdout>', mode 'w' at 0x104ef9150>}
[2017-12-05 08:20:33,135 DEBUG Engine.Configuration] Dumping YAML config into /Users/daper01/Documents/OSLo/Selenium/2017-12-05_08-19-35.011608/effective.yml
[2017-12-05 08:20:33,176 DEBUG Engine.Configuration] Dumping JSON config into /Users/daper01/Documents/OSLo/Selenium/2017-12-05_08-19-35.011608/effective.json
[2017-12-05 08:20:33,178 INFO Engine] Post-processing...
[2017-12-05 08:20:33,178 DEBUG Engine.local] Post-process selenium/4417771216
[2017-12-05 08:20:33,178 DEBUG LoadSamplesReader] Buffer len: 2
[2017-12-05 08:20:33,178 DEBUG LoadSamplesReader] Aggregating: 1512490809
[2017-12-05 08:20:33,179 DEBUG LoadSamplesReader] Aggregating: 1512490820
[2017-12-05 08:20:33,181 DEBUG Engine.consolidator] Consolidator buffer[3]: [1512490809, 1512490820, 1512490798]
[2017-12-05 08:20:33,182 DEBUG Engine.consolidator] Merging into 1512490798
[2017-12-05 08:20:33,182 DEBUG Engine.consolidator] Merging 1512490798
[2017-12-05 08:20:33,186 DEBUG Engine.consolidator] Processed datapoint: 1512490798/None
[2017-12-05 08:20:33,186 DEBUG Engine.consolidator] Merging into 1512490809
[2017-12-05 08:20:33,186 DEBUG Engine.consolidator] Merging 1512490809
[2017-12-05 08:20:33,190 DEBUG Engine.consolidator] Processed datapoint: 1512490809/None
[2017-12-05 08:20:33,190 DEBUG Engine.consolidator] Merging into 1512490820
[2017-12-05 08:20:33,190 DEBUG Engine.consolidator] Merging 1512490820
[2017-12-05 08:20:33,193 DEBUG Engine.consolidator] Processed datapoint: 1512490820/None
[2017-12-05 08:20:33,193 INFO Engine.final-stats] Test duration: 0:00:58
[2017-12-05 08:20:33,194 INFO Engine.final-stats] Samples count: 5, 0.00% failures
[2017-12-05 08:20:33,194 INFO Engine.final-stats] Average times: total 9.977, latency 0.000, connect 0.000
[2017-12-05 08:20:33,194 INFO Engine.final-stats] Percentile 0.0%: 9.741
[2017-12-05 08:20:33,194 INFO Engine.final-stats] Percentile 50.0%: 9.875
[2017-12-05 08:20:33,194 INFO Engine.final-stats] Percentile 90.0%: 10.378
[2017-12-05 08:20:33,194 INFO Engine.final-stats] Percentile 95.0%: 10.378
[2017-12-05 08:20:33,195 INFO Engine.final-stats] Percentile 99.0%: 10.378
[2017-12-05 08:20:33,195 INFO Engine.final-stats] Percentile 99.9%: 10.378
[2017-12-05 08:20:33,195 INFO Engine.final-stats] Percentile 100.0%: 10.378
[2017-12-05 08:20:33,195 DEBUG Engine.console] No logger_handler or orig_stream was detected
[2017-12-05 08:20:33,199 DEBUG Engine.Configuration] Dumping YAML config into /Users/daper01/Documents/OSLo/Selenium/2017-12-05_08-19-35.011608/effective.yml
[2017-12-05 08:20:33,288 DEBUG Engine.Configuration] Dumping JSON config into /Users/daper01/Documents/OSLo/Selenium/2017-12-05_08-19-35.011608/effective.json
[2017-12-05 08:20:33,291 INFO root] Artifacts dir: /Users/daper01/Documents/OSLo/Selenium/2017-12-05_08-19-35.011608
[2017-12-05 08:20:33,291 INFO root] Done performing with code: 0
[2017-12-05 08:20:33,292 DEBUG root] Closing log handler: /Users/daper01/Documents/OSLo/Selenium/2017-12-05_08-19-35.011608/bzt.log
