[2017-06-14 07:33:14,643 INFO root] Taurus CLI Tool v1.9.1
[2017-06-14 07:33:14,644 DEBUG root] Command-line options: {'verbose': None, 'no_system_configs': None, 'quiet': None, 'log': '/var/folders/vq/xzrdy2lx047cst78f69v8z3xfzqz1q/T/bzt_7rQKO5.log', 'option': None, 'aliases': []}
[2017-06-14 07:33:14,644 DEBUG root] Python: CPython 2.7.13
[2017-06-14 07:33:14,644 DEBUG root] OS: ('Darwin', 'daper01mac1124', '16.4.0', 'Darwin Kernel Version 16.4.0: Thu Dec 22 22:53:21 PST 2016; root:xnu-3789.41.3~3/RELEASE_X86_64', 'x86_64', 'i386')
[2017-06-14 07:33:14,644 INFO root] Starting with configs: ['Blazedemoju.yml']
[2017-06-14 07:33:14,644 DEBUG root] Adding personal config: /Users/daper01/.bzt-rc
[2017-06-14 07:33:14,644 INFO Engine] Configuring...
[2017-06-14 07:33:14,644 DEBUG Engine] Reading extension configs from: /usr/local/etc/bzt.d
[2017-06-14 07:33:14,645 DEBUG Engine.Configuration] Configs: ['/usr/local/lib/python2.7/site-packages/bzt/resources/base-config.yml', '/usr/local/etc/bzt.d/99-installID.yml']
[2017-06-14 07:33:14,645 DEBUG Engine.Configuration] Reading /usr/local/lib/python2.7/site-packages/bzt/resources/base-config.yml
[2017-06-14 07:33:14,645 DEBUG Engine.Configuration] Reading /usr/local/lib/python2.7/site-packages/bzt/resources/base-config.yml as YAML
[2017-06-14 07:33:14,668 DEBUG Engine.Configuration] Reading /usr/local/etc/bzt.d/99-installID.yml
[2017-06-14 07:33:14,669 DEBUG Engine.Configuration] Reading /usr/local/etc/bzt.d/99-installID.yml as YAML
[2017-06-14 07:33:14,669 DEBUG Engine.Configuration] Configs: ['/Users/daper01/.bzt-rc', 'Blazedemoju.yml']
[2017-06-14 07:33:14,669 DEBUG Engine.Configuration] Reading /Users/daper01/.bzt-rc
[2017-06-14 07:33:14,670 DEBUG Engine.Configuration] Reading /Users/daper01/.bzt-rc as YAML
[2017-06-14 07:33:14,671 DEBUG Engine.Configuration] Reading Blazedemoju.yml
[2017-06-14 07:33:14,671 DEBUG Engine.Configuration] Reading Blazedemoju.yml as YAML
[2017-06-14 07:33:14,673 DEBUG root] Configs: ['/Users/daper01/.bzt-rc', 'Blazedemoju.yml']
[2017-06-14 07:33:14,673 DEBUG root] Reading /Users/daper01/.bzt-rc
[2017-06-14 07:33:14,673 DEBUG root] Reading /Users/daper01/.bzt-rc as YAML
[2017-06-14 07:33:14,674 DEBUG root] Reading Blazedemoju.yml
[2017-06-14 07:33:14,674 DEBUG root] Reading Blazedemoju.yml as YAML
[2017-06-14 07:33:14,686 DEBUG Engine] Requesting updates info: http://gettaurus.org/updates/?version=1.9.1&installID=784f43782a15
[2017-06-14 07:33:14,692 INFO Engine] Artifacts dir: /Users/daper01/Documents/OSLo/Selenium/java/2017-06-14_07-33-14.692439
[2017-06-14 07:33:14,693 DEBUG Engine] New artifact filename: /Users/daper01/Documents/OSLo/Selenium/java/2017-06-14_07-33-14.692439/effective
[2017-06-14 07:33:14,694 DEBUG Engine.Configuration] Dumping YAML config into /Users/daper01/Documents/OSLo/Selenium/java/2017-06-14_07-33-14.692439/effective.yml
[2017-06-14 07:33:14,713 DEBUG Engine.Configuration] Dumping JSON config into /Users/daper01/Documents/OSLo/Selenium/java/2017-06-14_07-33-14.692439/effective.json
[2017-06-14 07:33:14,714 DEBUG Engine] New artifact filename: /Users/daper01/Documents/OSLo/Selenium/java/2017-06-14_07-33-14.692439/merged.yml
[2017-06-14 07:33:14,714 DEBUG root] Dumping YAML config into /Users/daper01/Documents/OSLo/Selenium/java/2017-06-14_07-33-14.692439/merged.yml
[2017-06-14 07:33:14,716 DEBUG Engine] New artifact filename: /Users/daper01/Documents/OSLo/Selenium/java/2017-06-14_07-33-14.692439/merged.json
[2017-06-14 07:33:14,716 DEBUG root] Dumping JSON config into /Users/daper01/Documents/OSLo/Selenium/java/2017-06-14_07-33-14.692439/merged.json
[2017-06-14 07:33:14,717 DEBUG Engine] Add existing artifact (move=False): Blazedemoju.yml
[2017-06-14 07:33:14,717 DEBUG Engine] Copying Blazedemoju.yml to /Users/daper01/Documents/OSLo/Selenium/java/2017-06-14_07-33-14.692439/Blazedemoju.yml
[2017-06-14 07:33:14,717 DEBUG root] Closing log handler: /var/folders/vq/xzrdy2lx047cst78f69v8z3xfzqz1q/T/bzt_7rQKO5.log
[2017-06-14 07:33:14,717 DEBUG root] Switched writing logs to /Users/daper01/Documents/OSLo/Selenium/java/2017-06-14_07-33-14.692439/bzt.log
[2017-06-14 07:33:14,717 INFO Engine] Preparing...
[2017-06-14 07:33:14,718 DEBUG Engine] Module config: consolidator defaultdict(None, {'class': 'bzt.modules.aggregator.ConsolidatingAggregator'})
[2017-06-14 07:33:14,718 DEBUG root] Importing module: bzt.modules.aggregator
[2017-06-14 07:33:14,722 DEBUG root] Loading class: 'ConsolidatingAggregator' from <module 'bzt.modules.aggregator' from '/usr/local/lib/python2.7/site-packages/bzt/modules/aggregator.pyc'>
[2017-06-14 07:33:14,722 DEBUG Engine.consolidator] Exception in dehumanize_time(inf)
[2017-06-14 07:33:14,722 DEBUG Engine.consolidator] Buffer scaling setup: percentile 95.0 from [0.0, 50.0, 90.0, 95.0, 99.0, 99.9, 100.0] selected
[2017-06-14 07:33:14,722 DEBUG Engine] Module config: monitoring defaultdict(None, {'class': 'bzt.modules.monitoring.Monitoring'})
[2017-06-14 07:33:14,722 DEBUG root] Importing module: bzt.modules.monitoring
[2017-06-14 07:33:14,785 DEBUG root] Loading class: 'Monitoring' from <module 'bzt.modules.monitoring' from '/usr/local/lib/python2.7/site-packages/bzt/modules/monitoring.pyc'>
[2017-06-14 07:33:14,785 DEBUG Engine] Module config: local defaultdict(None, {'class': 'bzt.modules.provisioning.Local'})
[2017-06-14 07:33:14,785 DEBUG root] Importing module: bzt.modules.provisioning
[2017-06-14 07:33:14,785 DEBUG root] Loading class: 'Local' from <module 'bzt.modules.provisioning' from '/usr/local/lib/python2.7/site-packages/bzt/modules/provisioning.pyc'>
[2017-06-14 07:33:14,785 DEBUG Engine] Module config: selenium defaultdict(None, {'selenium-tools': defaultdict(None, {'junit': defaultdict(None, {'compile-target-java': 1.8})}), 'class': 'bzt.modules.selenium.SeleniumExecutor'})
[2017-06-14 07:33:14,786 DEBUG root] Importing module: bzt.modules.selenium
[2017-06-14 07:33:14,800 DEBUG easyprocess] version=0.2.3
[2017-06-14 07:33:14,804 DEBUG pyvirtualdisplay] version=0.2.1
[2017-06-14 07:33:14,805 DEBUG root] Loading class: 'SeleniumExecutor' from <module 'bzt.modules.selenium' from '/usr/local/lib/python2.7/site-packages/bzt/modules/selenium.pyc'>
[2017-06-14 07:33:14,805 DEBUG Engine.local] Preparing executor: selenium/4421158480
[2017-06-14 07:33:14,806 DEBUG Engine] New artifact filename: /Users/daper01/Documents/OSLo/Selenium/java/2017-06-14_07-33-14.692439/selenium_tests_report.ldjson
[2017-06-14 07:33:14,806 DEBUG Engine.selenium] Detected script type: junit
[2017-06-14 07:33:14,806 DEBUG Engine] Module config: junit defaultdict(None, {'class': 'bzt.modules.java.JUnitTester'})
[2017-06-14 07:33:14,807 DEBUG root] Importing module: bzt.modules.java
[2017-06-14 07:33:14,808 DEBUG root] Loading class: 'JUnitTester' from <module 'bzt.modules.java' from '/usr/local/lib/python2.7/site-packages/bzt/modules/java.pyc'>
[2017-06-14 07:33:14,810 DEBUG Engine.junit.TclLibrary] We don't need to check tcl library on this platform
[2017-06-14 07:33:14,810 DEBUG Engine.junit.JavaVM] Trying JavaVM: ['java', '-version']
[2017-06-14 07:33:15,043 DEBUG Engine.junit.JavaVM] JavaVM output: java version "1.8.0_121"
Java(TM) SE Runtime Environment (build 1.8.0_121-b13)
Java HotSpot(TM) 64-Bit Server VM (build 25.121-b13, mixed mode)

[2017-06-14 07:33:15,044 DEBUG Engine.junit.SeleniumServerJar] Selenium server path: /Users/daper01/.bzt/selenium-taurus/selenium-server.jar
[2017-06-14 07:33:15,044 DEBUG bzt.utils] Executing shell: ['java', '-jar', '/Users/daper01/.bzt/selenium-taurus/selenium-server.jar', '-help']
[2017-06-14 07:33:15,404 DEBUG Engine.junit.SeleniumServerJar] Selenium server output: ("Usage: <main class> [options]\n  Options:\n    --version, -version\n       Displays the version and exits.\n       Default: false\n    -browserTimeout\n       <Integer> in seconds : number of seconds a browser session is allowed to\n       hang while a WebDriver command is running (example: driver.get(url)). If the\n       timeout is reached while a WebDriver command is still processing, the session\n       will quit. Minimum value is 60. An unspecified, zero, or negative value means\n       wait indefinitely.\n       Default: 0\n    -debug\n       <Boolean> : enables LogLevel.FINE.\n       Default: false\n    -jettyThreads, -jettyMaxThreads\n       <Integer> : max number of threads for Jetty. An unspecified, zero, or\n       negative value means the Jetty default value (200) will be used.\n    -log\n       <String> filename : the filename to use for logging. If omitted, will log\n       to STDOUT\n    -port\n       <Integer> : the port number the server will use.\n       Default: 4444\n    -role\n       <String> options are [hub], [node], or [standalone].\n       Default: standalone\n    -timeout, -sessionTimeout\n       <Integer> in seconds : Specifies the timeout before the server\n       automatically kills a session that hasn't had any activity in the last X seconds. The\n       test slot will then be released for another test to use. This is typically\n       used to take care of client crashes. For grid hub/node roles, cleanUpCycle\n       must also be set.\n       Default: 1800\n\n", None)
[2017-06-14 07:33:15,404 DEBUG Engine] New artifact filename: /Users/daper01/Documents/OSLo/Selenium/java/2017-06-14_07-33-14.692439/classes
[2017-06-14 07:33:15,404 DEBUG Engine] New artifact filename: /Users/daper01/Documents/OSLo/Selenium/java/2017-06-14_07-33-14.692439/runner.properties
[2017-06-14 07:33:15,669 DEBUG Engine.junit.JavaC] JavaC output: javac 1.8.0_121

[2017-06-14 07:33:15,670 DEBUG Engine.junit.TclLibrary] We don't need to check tcl library on this platform
[2017-06-14 07:33:15,670 DEBUG Engine.junit.JavaVM] Trying JavaVM: ['java', '-version']
[2017-06-14 07:33:15,756 DEBUG Engine.junit.JavaVM] JavaVM output: java version "1.8.0_121"
Java(TM) SE Runtime Environment (build 1.8.0_121-b13)
Java HotSpot(TM) 64-Bit Server VM (build 25.121-b13, mixed mode)

[2017-06-14 07:33:15,756 DEBUG Engine.junit.SeleniumServerJar] Selenium server path: /Users/daper01/.bzt/selenium-taurus/selenium-server.jar
[2017-06-14 07:33:15,756 DEBUG bzt.utils] Executing shell: ['java', '-jar', '/Users/daper01/.bzt/selenium-taurus/selenium-server.jar', '-help']
[2017-06-14 07:33:15,849 DEBUG Engine] Taurus updates info: {"latest":"1.9.3","needsUpgrade":true}
[2017-06-14 07:33:15,850 WARNING Engine] There is newer version of Taurus 1.9.3 available, consider upgrading. What's new: http://gettaurus.org/docs/Changelog/
[2017-06-14 07:33:15,983 DEBUG Engine.junit.SeleniumServerJar] Selenium server output: ("Usage: <main class> [options]\n  Options:\n    --version, -version\n       Displays the version and exits.\n       Default: false\n    -browserTimeout\n       <Integer> in seconds : number of seconds a browser session is allowed to\n       hang while a WebDriver command is running (example: driver.get(url)). If the\n       timeout is reached while a WebDriver command is still processing, the session\n       will quit. Minimum value is 60. An unspecified, zero, or negative value means\n       wait indefinitely.\n       Default: 0\n    -debug\n       <Boolean> : enables LogLevel.FINE.\n       Default: false\n    -jettyThreads, -jettyMaxThreads\n       <Integer> : max number of threads for Jetty. An unspecified, zero, or\n       negative value means the Jetty default value (200) will be used.\n    -log\n       <String> filename : the filename to use for logging. If omitted, will log\n       to STDOUT\n    -port\n       <Integer> : the port number the server will use.\n       Default: 4444\n    -role\n       <String> options are [hub], [node], or [standalone].\n       Default: standalone\n    -timeout, -sessionTimeout\n       <Integer> in seconds : Specifies the timeout before the server\n       automatically kills a session that hasn't had any activity in the last X seconds. The\n       test slot will then be released for another test to use. This is typically\n       used to take care of client crashes. For grid hub/node roles, cleanUpCycle\n       must also be set.\n       Default: 1800\n\n", None)
[2017-06-14 07:33:15,983 DEBUG Engine.junit] Compiling .java files started
[2017-06-14 07:33:15,983 DEBUG Engine] New artifact filename: /Users/daper01/Documents/OSLo/Selenium/java/2017-06-14_07-33-14.692439/javac.out
[2017-06-14 07:33:15,984 DEBUG Engine] New artifact filename: /Users/daper01/Documents/OSLo/Selenium/java/2017-06-14_07-33-14.692439/javac.err
[2017-06-14 07:33:15,984 DEBUG Engine.junit] running javac: ['javac', '-source', '1.8', '-target', '1.8', '-d', '/Users/daper01/Documents/OSLo/Selenium/java/2017-06-14_07-33-14.692439/classes', '-cp', '/Users/daper01/.bzt/selenium-taurus/tools/junit/hamcrest-core.jar:/Users/daper01/.bzt/selenium-taurus/tools/junit/json.jar:/Users/daper01/.bzt/selenium-taurus/selenium-server.jar:/Users/daper01/.bzt/selenium-taurus/tools/junit/junit.jar:/usr/local/lib/python2.7/site-packages/bzt/resources/taurus-junit-1.0.jar', '/Users/daper01/Documents/OSLo/Selenium/java/Blazedemoju.java']
[2017-06-14 07:33:15,984 DEBUG bzt.utils] Executing shell: ['javac', '-source', '1.8', '-target', '1.8', '-d', '/Users/daper01/Documents/OSLo/Selenium/java/2017-06-14_07-33-14.692439/classes', '-cp', '/Users/daper01/.bzt/selenium-taurus/tools/junit/hamcrest-core.jar:/Users/daper01/.bzt/selenium-taurus/tools/junit/json.jar:/Users/daper01/.bzt/selenium-taurus/selenium-server.jar:/Users/daper01/.bzt/selenium-taurus/tools/junit/junit.jar:/usr/local/lib/python2.7/site-packages/bzt/resources/taurus-junit-1.0.jar', '/Users/daper01/Documents/OSLo/Selenium/java/Blazedemoju.java']
[2017-06-14 07:33:15,987 DEBUG Engine.junit] Compiling .java files...
[2017-06-14 07:33:16,993 INFO Engine.junit] Compiling .java files completed
[2017-06-14 07:33:16,994 DEBUG Engine.junit] Making .jar started
[2017-06-14 07:33:16,995 DEBUG bzt.utils] Executing shell: ['jar', '-cf', 'compiled.jar', 'Blazedemoju.class']
[2017-06-14 07:33:17,005 DEBUG Engine.junit] Making jar file...
[2017-06-14 07:33:18,011 INFO Engine.junit] Making .jar file completed
[2017-06-14 07:33:18,012 DEBUG Engine] Module config: final-stats defaultdict(None, {'class': 'bzt.modules.reporting.FinalStatus'})
[2017-06-14 07:33:18,013 DEBUG root] Importing module: bzt.modules.reporting
[2017-06-14 07:33:18,126 DEBUG root] Loading class: 'FinalStatus' from <module 'bzt.modules.reporting' from '/usr/local/lib/python2.7/site-packages/bzt/modules/reporting.pyc'>
[2017-06-14 07:33:18,126 DEBUG Engine] Module config: console defaultdict(None, {'class': 'bzt.modules.console.ConsoleStatusReporter'})
[2017-06-14 07:33:18,126 DEBUG root] Importing module: bzt.modules.console
[2017-06-14 07:33:18,126 DEBUG root] Loading class: 'ConsoleStatusReporter' from <module 'bzt.modules.console' from '/usr/local/lib/python2.7/site-packages/bzt/modules/console.pyc'>
[2017-06-14 07:33:18,135 DEBUG Engine.Configuration] Dumping YAML config into /Users/daper01/Documents/OSLo/Selenium/java/2017-06-14_07-33-14.692439/effective.yml
[2017-06-14 07:33:18,157 DEBUG Engine.Configuration] Dumping JSON config into /Users/daper01/Documents/OSLo/Selenium/java/2017-06-14_07-33-14.692439/effective.json
[2017-06-14 07:33:18,158 INFO Engine] Starting...
[2017-06-14 07:33:18,158 DEBUG Engine] Startup <bzt.modules.monitoring.Monitoring object at 0x107858d90>
[2017-06-14 07:33:18,158 DEBUG Engine] Startup <bzt.modules.aggregator.ConsolidatingAggregator object at 0x107858790>
[2017-06-14 07:33:18,158 DEBUG Engine] Startup <bzt.modules.reporting.FinalStatus object at 0x1079aea50>
[2017-06-14 07:33:18,158 DEBUG Engine] Startup <bzt.modules.console.ConsoleStatusReporter object at 0x10851ea50>
[2017-06-14 07:33:18,158 INFO Engine.console] Waiting for results...
[2017-06-14 07:33:18,159 DEBUG Engine] Startup <bzt.modules.provisioning.Local object at 0x107858950>
[2017-06-14 07:33:18,159 DEBUG Engine.local] Delay setup for junit/bdm: 0(start-at) + 0(delay) = 0
[2017-06-14 07:33:18,160 DEBUG Engine.Configuration] Dumping YAML config into /Users/daper01/Documents/OSLo/Selenium/java/2017-06-14_07-33-14.692439/effective.yml
[2017-06-14 07:33:18,180 DEBUG Engine.Configuration] Dumping JSON config into /Users/daper01/Documents/OSLo/Selenium/java/2017-06-14_07-33-14.692439/effective.json
[2017-06-14 07:33:18,180 DEBUG root] Leveling down log file verbosity, use -v option to have DEBUG messages enabled
[2017-06-14 07:33:18,391 INFO Engine.console] Waiting for finish...
[2017-06-14 07:33:34,213 INFO LoadSamplesReader] Changed data analysis delay to 16s
[2017-06-14 07:34:48,482 WARNING Engine] Please wait for graceful shutdown...
[2017-06-14 07:34:48,491 DEBUG root] Leveled up log file verbosity
[2017-06-14 07:34:48,491 INFO Engine] Shutting down...
[2017-06-14 07:34:48,498 DEBUG Engine.local] Shutdown junit/bdm
[2017-06-14 07:34:48,499 DEBUG Engine.selenium] Selenium tests ran for 90.318146944 seconds
[2017-06-14 07:34:48,499 DEBUG Engine.console] Restoring logging streams, [<logging.StreamHandler object at 0x107858750>]/{<logging.StreamHandler object at 0x107858750>: <open file '<stdout>', mode 'w' at 0x106717150>}
[2017-06-14 07:34:48,501 DEBUG Engine.Configuration] Dumping YAML config into /Users/daper01/Documents/OSLo/Selenium/java/2017-06-14_07-33-14.692439/effective.yml
[2017-06-14 07:34:48,537 DEBUG Engine.Configuration] Dumping JSON config into /Users/daper01/Documents/OSLo/Selenium/java/2017-06-14_07-33-14.692439/effective.json
[2017-06-14 07:34:48,539 INFO Engine] Post-processing...
[2017-06-14 07:34:48,539 DEBUG Engine.local] Post-process junit/bdm
[2017-06-14 07:34:48,540 DEBUG LoadSamplesReader] Buffer len: 3
[2017-06-14 07:34:48,540 DEBUG LoadSamplesReader] Aggregating: 1497450812
[2017-06-14 07:34:48,541 DEBUG LoadSamplesReader] Aggregating: 1497450817
[2017-06-14 07:34:48,542 DEBUG LoadSamplesReader] Aggregating: 1497450822
[2017-06-14 07:34:48,544 DEBUG Engine.consolidator] Consolidator buffer[4]: [1497450817, 1497450812, 1497450806, 1497450822]
[2017-06-14 07:34:48,544 DEBUG Engine.consolidator] Merging into 1497450806
[2017-06-14 07:34:48,544 DEBUG Engine.consolidator] Merging 1497450806
[2017-06-14 07:34:48,547 DEBUG Engine.consolidator] Processed datapoint: 1497450806/None
[2017-06-14 07:34:48,547 DEBUG Engine.consolidator] Merging into 1497450812
[2017-06-14 07:34:48,547 DEBUG Engine.consolidator] Merging 1497450812
[2017-06-14 07:34:48,550 DEBUG Engine.consolidator] Processed datapoint: 1497450812/None
[2017-06-14 07:34:48,551 DEBUG Engine.consolidator] Merging into 1497450817
[2017-06-14 07:34:48,551 DEBUG Engine.consolidator] Merging 1497450817
[2017-06-14 07:34:48,553 DEBUG Engine.consolidator] Processed datapoint: 1497450817/None
[2017-06-14 07:34:48,554 DEBUG Engine.consolidator] Merging into 1497450822
[2017-06-14 07:34:48,554 DEBUG Engine.consolidator] Merging 1497450822
[2017-06-14 07:34:48,565 DEBUG Engine.consolidator] Processed datapoint: 1497450822/None
[2017-06-14 07:34:48,565 INFO Engine.final-stats] Test duration: 0:01:30
[2017-06-14 07:34:48,565 INFO Engine.final-stats] Samples count: 5, 20.00% failures
[2017-06-14 07:34:48,566 INFO Engine.final-stats] Average times: total 17.816, latency 0.000, connect 0.000
[2017-06-14 07:34:48,566 INFO Engine.final-stats] Percentile 0.0%: 4.941
[2017-06-14 07:34:48,566 INFO Engine.final-stats] Percentile 50.0%: 5.752
[2017-06-14 07:34:48,566 INFO Engine.final-stats] Percentile 90.0%: 64.593
[2017-06-14 07:34:48,566 INFO Engine.final-stats] Percentile 95.0%: 64.593
[2017-06-14 07:34:48,566 INFO Engine.final-stats] Percentile 99.0%: 64.593
[2017-06-14 07:34:48,566 INFO Engine.final-stats] Percentile 99.9%: 64.593
[2017-06-14 07:34:48,567 INFO Engine.final-stats] Percentile 100.0%: 64.593
[2017-06-14 07:34:48,567 DEBUG Engine.console] No logger_handler or orig_stream was detected
[2017-06-14 07:34:48,568 DEBUG Engine.Configuration] Dumping YAML config into /Users/daper01/Documents/OSLo/Selenium/java/2017-06-14_07-33-14.692439/effective.yml
[2017-06-14 07:34:48,601 DEBUG Engine.Configuration] Dumping JSON config into /Users/daper01/Documents/OSLo/Selenium/java/2017-06-14_07-33-14.692439/effective.json
[2017-06-14 07:34:48,603 INFO root] Artifacts dir: /Users/daper01/Documents/OSLo/Selenium/java/2017-06-14_07-33-14.692439
[2017-06-14 07:34:48,604 INFO root] Done performing with code: 0
[2017-06-14 07:34:48,604 DEBUG root] Closing log handler: /Users/daper01/Documents/OSLo/Selenium/java/2017-06-14_07-33-14.692439/bzt.log
