[2017-12-01 12:29:24,627 INFO root] Taurus CLI Tool v1.9.6
[2017-12-01 12:29:24,628 DEBUG root] Command-line options: {'verbose': None, 'no_system_configs': None, 'quiet': None, 'log': '/var/folders/vq/xzrdy2lx047cst78f69v8z3xfzqz1q/T/bzt_5GQo5R.log', 'option': None, 'aliases': []}
[2017-12-01 12:29:24,628 DEBUG root] Python: CPython 2.7.13
[2017-12-01 12:29:24,628 DEBUG root] OS: ('Darwin', 'daper01mac1124', '17.2.0', 'Darwin Kernel Version 17.2.0: Fri Sep 29 18:27:05 PDT 2017; root:xnu-4570.20.62~3/RELEASE_X86_64', 'x86_64', 'i386')
[2017-12-01 12:29:24,628 INFO root] Starting with configs: ['load_scenario_from_csv.yml', 'execution_jmeter.yml']
[2017-12-01 12:29:24,629 DEBUG root] Using personal config: /Users/daper01/.bzt-rc
[2017-12-01 12:29:24,629 INFO Engine] Configuring...
[2017-12-01 12:29:24,629 DEBUG Engine] Reading extension configs from: /usr/local/etc/bzt.d
[2017-12-01 12:29:24,629 DEBUG Engine.Configuration] Configs: ['/usr/local/lib/python2.7/site-packages/bzt/resources/base-config.yml', '/usr/local/etc/bzt.d/99-installID.yml']
[2017-12-01 12:29:24,630 DEBUG Engine.Configuration] Reading /usr/local/lib/python2.7/site-packages/bzt/resources/base-config.yml as YAML
[2017-12-01 12:29:24,659 DEBUG Engine.Configuration] Reading /usr/local/etc/bzt.d/99-installID.yml as YAML
[2017-12-01 12:29:24,659 DEBUG Engine.Configuration] Configs: ['/Users/daper01/.bzt-rc', 'load_scenario_from_csv.yml', 'execution_jmeter.yml']
[2017-12-01 12:29:24,660 DEBUG Engine.Configuration] Reading /Users/daper01/.bzt-rc as YAML
[2017-12-01 12:29:24,661 DEBUG Engine.Configuration] Reading load_scenario_from_csv.yml as YAML
[2017-12-01 12:29:24,666 DEBUG Engine.Configuration] Reading execution_jmeter.yml as YAML
[2017-12-01 12:29:24,670 DEBUG Engine.Configuration] Configs: ['/Users/daper01/.bzt-rc', 'load_scenario_from_csv.yml', 'execution_jmeter.yml']
[2017-12-01 12:29:24,671 DEBUG Engine.Configuration] Reading /Users/daper01/.bzt-rc as YAML
[2017-12-01 12:29:24,672 DEBUG Engine.Configuration] Reading load_scenario_from_csv.yml as YAML
[2017-12-01 12:29:24,678 DEBUG Engine.Configuration] Reading execution_jmeter.yml as YAML
[2017-12-01 12:29:24,698 DEBUG Engine] Requesting updates info: http://gettaurus.org/updates/?version=1.9.6&installID=784f43782a15
[2017-12-01 12:29:24,709 INFO Engine] Artifacts dir: /Users/daper01/Documents/OSLo/artifacts/2017-12-01_12-29-24.709762
[2017-12-01 12:29:24,710 DEBUG Engine] New artifact filename: /Users/daper01/Documents/OSLo/artifacts/2017-12-01_12-29-24.709762/effective
[2017-12-01 12:29:24,714 DEBUG Engine.Configuration] Dumping YAML config into /Users/daper01/Documents/OSLo/artifacts/2017-12-01_12-29-24.709762/effective.yml
[2017-12-01 12:29:24,766 DEBUG Engine.Configuration] Dumping JSON config into /Users/daper01/Documents/OSLo/artifacts/2017-12-01_12-29-24.709762/effective.json
[2017-12-01 12:29:24,769 DEBUG Engine] New artifact filename: /Users/daper01/Documents/OSLo/artifacts/2017-12-01_12-29-24.709762/merged.yml
[2017-12-01 12:29:24,771 DEBUG Engine.Configuration] Dumping YAML config into /Users/daper01/Documents/OSLo/artifacts/2017-12-01_12-29-24.709762/merged.yml
[2017-12-01 12:29:24,781 DEBUG Engine] New artifact filename: /Users/daper01/Documents/OSLo/artifacts/2017-12-01_12-29-24.709762/merged.json
[2017-12-01 12:29:24,782 DEBUG Engine.Configuration] Dumping JSON config into /Users/daper01/Documents/OSLo/artifacts/2017-12-01_12-29-24.709762/merged.json
[2017-12-01 12:29:24,783 DEBUG Engine] Add existing artifact (move=False): load_scenario_from_csv.yml
[2017-12-01 12:29:24,784 DEBUG Engine] Copying load_scenario_from_csv.yml to /Users/daper01/Documents/OSLo/artifacts/2017-12-01_12-29-24.709762/load_scenario_from_csv.yml
[2017-12-01 12:29:24,788 DEBUG Engine] Add existing artifact (move=False): execution_jmeter.yml
[2017-12-01 12:29:24,788 DEBUG Engine] Copying execution_jmeter.yml to /Users/daper01/Documents/OSLo/artifacts/2017-12-01_12-29-24.709762/execution_jmeter.yml
[2017-12-01 12:29:24,789 DEBUG root] Closing log handler: /var/folders/vq/xzrdy2lx047cst78f69v8z3xfzqz1q/T/bzt_5GQo5R.log
[2017-12-01 12:29:25,123 DEBUG root] Switched writing logs to /Users/daper01/Documents/OSLo/artifacts/2017-12-01_12-29-24.709762/bzt.log
[2017-12-01 12:29:25,124 INFO Engine] Preparing...
[2017-12-01 12:29:25,124 DEBUG Engine] Module config: consolidator defaultdict(None, {'class': 'bzt.modules.aggregator.ConsolidatingAggregator'})
[2017-12-01 12:29:25,124 DEBUG root] Importing module: bzt.modules.aggregator
[2017-12-01 12:29:25,133 DEBUG root] Loading class: 'ConsolidatingAggregator' from <module 'bzt.modules.aggregator' from '/usr/local/lib/python2.7/site-packages/bzt/modules/aggregator.pyc'>
[2017-12-01 12:29:25,133 DEBUG Engine.consolidator] Exception in dehumanize_time(inf)
[2017-12-01 12:29:25,133 DEBUG Engine.consolidator] Buffer scaling setup: percentile 95.0 from [0.0, 50.0, 90.0, 95.0, 99.0, 99.9, 100.0] selected
[2017-12-01 12:29:25,133 DEBUG Engine] Module config: monitoring defaultdict(None, {'class': 'bzt.modules.monitoring.Monitoring'})
[2017-12-01 12:29:25,133 DEBUG root] Importing module: bzt.modules.monitoring
[2017-12-01 12:29:25,199 DEBUG root] Loading class: 'Monitoring' from <module 'bzt.modules.monitoring' from '/usr/local/lib/python2.7/site-packages/bzt/modules/monitoring.pyc'>
[2017-12-01 12:29:25,200 DEBUG Engine] Taurus updates info: {"latest":"1.10.3","needsUpgrade":true}
[2017-12-01 12:29:25,200 WARNING Engine] There is newer version of Taurus 1.10.3 available, consider upgrading. What's new: http://gettaurus.org/docs/Changelog/
[2017-12-01 12:29:25,200 DEBUG Engine] Module config: local defaultdict(None, {'class': 'bzt.modules.provisioning.Local'})
[2017-12-01 12:29:25,201 DEBUG root] Importing module: bzt.modules.provisioning
[2017-12-01 12:29:25,201 DEBUG root] Loading class: 'Local' from <module 'bzt.modules.provisioning' from '/usr/local/lib/python2.7/site-packages/bzt/modules/provisioning.pyc'>
[2017-12-01 12:29:25,201 DEBUG Engine] Module config: jmeter defaultdict(None, {'properties': defaultdict(None, {'jmeter.save.saveservice.autoflush': 'true', 'summariser.name': '', 'jmeter.save.saveservice.connect_time': 'true', 'mode': 'Stripped', 'jmeterengine.force.system.exit': 'true'}), 'class': 'bzt.modules.jmeter.JMeterExecutor', 'plugins': ['jpgc-casutg', 'jpgc-dummy', 'jpgc-ffw', 'jpgc-fifo', 'jpgc-functions', 'jpgc-json', 'jpgc-perfmon', 'jpgc-prmctl', 'jpgc-tst']})
[2017-12-01 12:29:25,201 DEBUG root] Importing module: bzt.modules.jmeter
[2017-12-01 12:29:25,234 DEBUG root] Loading class: 'JMeterExecutor' from <module 'bzt.modules.jmeter' from '/usr/local/lib/python2.7/site-packages/bzt/modules/jmeter.pyc'>
[2017-12-01 12:29:25,235 DEBUG Engine.local] Preparing executor: jmeter/4390841488
[2017-12-01 12:29:25,235 DEBUG Engine] New artifact filename: /Users/daper01/Documents/OSLo/artifacts/2017-12-01_12-29-24.709762/jmeter.log
[2017-12-01 12:29:25,235 DEBUG Engine.jmeter] Checking if port 4445 is free
[2017-12-01 12:29:25,236 DEBUG Engine.jmeter] Port 4445 is free
[2017-12-01 12:29:25,236 DEBUG Engine.jmeter] Using port 4445 for management
[2017-12-01 12:29:25,237 DEBUG Engine.jmeter.JavaVM] Trying JavaVM: ['java', '-version']
[2017-12-01 12:29:25,585 DEBUG Engine.jmeter.JavaVM] JavaVM output: java version "1.8.0_121"
Java(TM) SE Runtime Environment (build 1.8.0_121-b13)
Java HotSpot(TM) 64-Bit Server VM (build 25.121-b13, mixed mode)

[2017-12-01 12:29:25,586 DEBUG Engine.jmeter.TclLibrary] We don't need to check tcl library on this platform
[2017-12-01 12:29:25,588 DEBUG Engine.jmeter.JMeter] Trying jmeter: /Users/daper01/.bzt/jmeter-taurus/3.3/bin/jmeter.sh
[2017-12-01 12:29:25,590 DEBUG bzt.utils] Executing shell: ['/Users/daper01/.bzt/jmeter-taurus/3.3/bin/jmeter.sh', '-j', '/var/folders/vq/xzrdy2lx047cst78f69v8z3xfzqz1q/T/jmeterBoSDoplog', '--version']
[2017-12-01 12:29:27,768 DEBUG Engine.jmeter.JMeter] JMeter check:     _    ____   _    ____ _   _ _____       _ __  __ _____ _____ _____ ____     
   / \  |  _ \ / \  / ___| | | | ____|     | |  \/  | ____|_   _| ____|  _ \   
  / _ \ | |_) / _ \| |   | |_| |  _|    _  | | |\/| |  _|   | | |  _| | |_) | 
 / ___ \|  __/ ___ \ |___|  _  | |___  | |_| | |  | | |___  | | | |___|  _ <  
/_/   \_\_| /_/   \_\____|_| |_|_____|  \___/|_|  |_|_____| |_| |_____|_| \_\ 3.3 r1808647  

Copyright (c) 1999-2017 The Apache Software Foundation

 / None
[2017-12-01 12:29:27,769 DEBUG Engine] New artifact filename: /Users/daper01/Documents/OSLo/artifacts/2017-12-01_12-29-24.709762/requests.jmx
[2017-12-01 12:29:27,777 DEBUG JMeterScenarioBuilder] Saving JMX to: /Users/daper01/Documents/OSLo/artifacts/2017-12-01_12-29-24.709762/requests.jmx
[2017-12-01 12:29:27,781 DEBUG bzt.utils] Executing shell: ['/Users/daper01/.bzt/jmeter-taurus/3.3/bin/PluginsManagerCMD.sh', 'install-for-jmx', '/Users/daper01/Documents/OSLo/artifacts/2017-12-01_12-29-24.709762/requests.jmx']
[2017-12-01 12:29:32,208 DEBUG Engine.jmeter.JMeter] Try to detect plugins for /Users/daper01/Documents/OSLo/artifacts/2017-12-01_12-29-24.709762/requests.jmx
12:29:30.205 [main] INFO  org.jmeterplugins.repository.PluginManager - Plugins Status: [jpgc-functions=2.0, jpgc-casutg=2.1, jpgc-dummy=0.2, jpgc-ffw=2.0, jpgc-fifo=0.2, jpgc-json=2.6, jpgc-prmctl=0.3, jpgc-perfmon=2.1, jpgc-plugins-manager=0.16, jpgc-tst=2.1, jmeter-core=3.3, jmeter-ftp=3.3, jmeter-http=3.3, jmeter-jdbc=3.3, jmeter-jms=3.3, jmeter-junit=3.3, jmeter-java=3.3, jmeter-ldap=3.3, jmeter-mail=3.3, jmeter-mongodb=3.3, jmeter-native=3.3, jmeter-tcp=3.3, jmeter-components=3.3]
2017-12-01 12:29:30,205 INFO o.j.r.PluginManager: Plugins Status: [jpgc-functions=2.0, jpgc-casutg=2.1, jpgc-dummy=0.2, jpgc-ffw=2.0, jpgc-fifo=0.2, jpgc-json=2.6, jpgc-prmctl=0.3, jpgc-perfmon=2.1, jpgc-plugins-manager=0.16, jpgc-tst=2.1, jmeter-core=3.3, jmeter-ftp=3.3, jmeter-http=3.3, jmeter-jdbc=3.3, jmeter-jms=3.3, jmeter-junit=3.3, jmeter-java=3.3, jmeter-ldap=3.3, jmeter-mail=3.3, jmeter-mongodb=3.3, jmeter-native=3.3, jmeter-tcp=3.3, jmeter-components=3.3]
12:29:31.050 [main] INFO  org.apache.jmeter.save.SaveService - Testplan (JMX) version: 2.2. Testlog (JTL) version: 2.2
2017-12-01 12:29:31,050 INFO o.a.j.s.SaveService: Testplan (JMX) version: 2.2. Testlog (JTL) version: 2.2
12:29:31.068 [main] INFO  org.apache.jmeter.save.SaveService - Using SaveService properties file encoding UTF-8
2017-12-01 12:29:31,068 INFO o.a.j.s.SaveService: Using SaveService properties file encoding UTF-8
12:29:31.076 [main] INFO  org.apache.jmeter.save.SaveService - Using SaveService properties version 3.2
2017-12-01 12:29:31,076 INFO o.a.j.s.SaveService: Using SaveService properties version 3.2
12:29:31.140 [main] INFO  org.apache.jmeter.protocol.http.control.CacheManager - Will only cache the following methods: [GET]
2017-12-01 12:29:31,140 INFO o.a.j.p.h.c.CacheManager: Will only cache the following methods: [GET]
12:29:31.145 [main] INFO  org.apache.jmeter.protocol.http.control.CookieManager - Settings: Delete null: true Check: true Allow variable: true Save: false Prefix: COOKIE_
2017-12-01 12:29:31,145 INFO o.a.j.p.h.c.CookieManager: Settings: Delete null: true Check: true Allow variable: true Save: false Prefix: COOKIE_
12:29:31.270 [main] INFO  org.jmeterplugins.repository.PluginManager - Restarting JMeter...
2017-12-01 12:29:31,270 INFO o.j.r.PluginManager: Restarting JMeter...
12:29:31.272 [Thread-1] INFO  org.jmeterplugins.repository.PluginManager - Starting JMeter Plugins modifications
2017-12-01 12:29:31,272 INFO o.j.r.PluginManager: Starting JMeter Plugins modifications

ERROR StatusLogger No log4j2 configuration file found. Using default configuration: logging only errors to the console. Set system property 'org.apache.logging.log4j.simplelog.StatusLogger.level' to TRACE to show Log4j2 internal initialization logging.

[2017-12-01 12:29:32,209 DEBUG Engine.jmeter] Load: LoadSpec(concurrency=50, throughput=None, ramp_up=30.0, hold=120.0, iterations=0, duration=150.0, steps=None)
[2017-12-01 12:29:32,222 DEBUG Engine.jmeter.LoadSettingsProcessor.ThreadGroupHandler] Converting ThreadGroup (blazedemo) to ConcurrencyThreadGroup and apply load parameters
[2017-12-01 12:29:32,222 DEBUG Engine] New artifact filename: /Users/daper01/Documents/OSLo/artifacts/2017-12-01_12-29-24.709762/kpi.jtl
[2017-12-01 12:29:32,223 DEBUG Engine] New artifact filename: /Users/daper01/Documents/OSLo/artifacts/2017-12-01_12-29-24.709762/error.jtl
[2017-12-01 12:29:32,225 DEBUG Engine] New artifact filename: /Users/daper01/Documents/OSLo/artifacts/2017-12-01_12-29-24.709762/modified_requests.jmx
[2017-12-01 12:29:32,225 DEBUG JMX] Saving JMX to: /Users/daper01/Documents/OSLo/artifacts/2017-12-01_12-29-24.709762/modified_requests.jmx
[2017-12-01 12:29:32,226 DEBUG Engine.jmeter] Additional properties: defaultdict(None, {'jmeter.save.saveservice.autoflush': 'true', 'jmeter.save.saveservice.connect_time': 'true', 'user.classpath': '/Users/daper01/Documents/OSLo/artifacts/2017-12-01_12-29-24.709762', 'sampleresult.default.encoding': 'UTF-8', 'summariser.name': '', 'jmeterengine.force.system.exit': 'true', 'jmeter.save.saveservice.timestamp_format': 'ms', 'mode': 'Stripped', 'jmeterengine.nongui.maxport': 4445, 'jmeterengine.nongui.port': 4445})
[2017-12-01 12:29:32,226 DEBUG Engine] New artifact filename: /Users/daper01/Documents/OSLo/artifacts/2017-12-01_12-29-24.709762/jmeter-bzt.properties
[2017-12-01 12:29:32,226 DEBUG Engine.jmeter] Additional system properties defaultdict(None, {'sun.net.inetaddr.ttl': 0})
[2017-12-01 12:29:32,227 DEBUG Engine] New artifact filename: /Users/daper01/Documents/OSLo/artifacts/2017-12-01_12-29-24.709762/system.properties
[2017-12-01 12:29:32,227 DEBUG Engine] New artifact filename: /Users/daper01/Documents/OSLo/artifacts/2017-12-01_12-29-24.709762/jmeter.out
[2017-12-01 12:29:32,227 DEBUG Engine] New artifact filename: /Users/daper01/Documents/OSLo/artifacts/2017-12-01_12-29-24.709762/jmeter.err
[2017-12-01 12:29:32,228 DEBUG Engine] Module config: final-stats defaultdict(None, {'class': 'bzt.modules.reporting.FinalStatus'})
[2017-12-01 12:29:32,228 DEBUG root] Importing module: bzt.modules.reporting
[2017-12-01 12:29:32,409 DEBUG easyprocess] version=0.2.3
[2017-12-01 12:29:32,416 DEBUG pyvirtualdisplay] version=0.2.1
[2017-12-01 12:29:32,421 DEBUG root] Loading class: 'FinalStatus' from <module 'bzt.modules.reporting' from '/usr/local/lib/python2.7/site-packages/bzt/modules/reporting.pyc'>
[2017-12-01 12:29:32,421 DEBUG Engine] Module config: console defaultdict(None, {'class': 'bzt.modules.console.ConsoleStatusReporter'})
[2017-12-01 12:29:32,421 DEBUG root] Importing module: bzt.modules.console
[2017-12-01 12:29:32,421 DEBUG root] Loading class: 'ConsoleStatusReporter' from <module 'bzt.modules.console' from '/usr/local/lib/python2.7/site-packages/bzt/modules/console.pyc'>
[2017-12-01 12:29:32,436 DEBUG Engine.Configuration] Dumping YAML config into /Users/daper01/Documents/OSLo/artifacts/2017-12-01_12-29-24.709762/effective.yml
[2017-12-01 12:29:32,528 DEBUG Engine.Configuration] Dumping JSON config into /Users/daper01/Documents/OSLo/artifacts/2017-12-01_12-29-24.709762/effective.json
[2017-12-01 12:29:32,539 INFO Engine] Starting...
[2017-12-01 12:29:32,539 DEBUG Engine] Startup <bzt.modules.monitoring.Monitoring object at 0x105a1c6d0>
[2017-12-01 12:29:32,540 DEBUG Engine] Startup <bzt.modules.aggregator.ConsolidatingAggregator object at 0x105a394d0>
[2017-12-01 12:29:32,540 DEBUG Engine] Startup <bzt.modules.reporting.FinalStatus object at 0x105b6e950>
[2017-12-01 12:29:32,540 DEBUG Engine] Startup <bzt.modules.console.ConsoleStatusReporter object at 0x1065134d0>
[2017-12-01 12:29:32,540 INFO Engine.console] Waiting for results...
[2017-12-01 12:29:32,540 DEBUG Engine] Startup <bzt.modules.reporting.FinalStatus object at 0x106535890>
[2017-12-01 12:29:32,541 DEBUG Engine] Startup <bzt.modules.provisioning.Local object at 0x105a39f50>
[2017-12-01 12:29:32,541 DEBUG Engine.local] Delay setup for jmeter/blazedemo: 0(start-at) + 0(delay) = 0
[2017-12-01 12:29:32,545 DEBUG Engine.Configuration] Dumping YAML config into /Users/daper01/Documents/OSLo/artifacts/2017-12-01_12-29-24.709762/effective.yml
[2017-12-01 12:29:32,627 DEBUG Engine.Configuration] Dumping JSON config into /Users/daper01/Documents/OSLo/artifacts/2017-12-01_12-29-24.709762/effective.json
[2017-12-01 12:29:32,629 DEBUG root] Leveling down log file verbosity, use -v option to have DEBUG messages enabled
[2017-12-01 12:29:32,859 INFO Engine.console] Waiting for finish...
[2017-12-01 12:29:40,653 INFO Engine.jmeter.JTLReader] Changed data analysis delay to 3s
[2017-12-01 12:29:43,661 INFO Engine.jmeter.JTLReader] Changed data analysis delay to 2s
[2017-12-01 12:30:32,596 WARNING Engine] Please wait for graceful shutdown...
[2017-12-01 12:30:32,605 DEBUG root] Leveled up log file verbosity
[2017-12-01 12:30:32,605 INFO Engine] Shutting down...
[2017-12-01 12:30:32,614 DEBUG Engine.local] Shutdown jmeter/blazedemo
[2017-12-01 12:30:33,616 INFO Engine.jmeter] Sending Shutdown command to JMeter on port 4445...
[2017-12-01 12:30:34,629 DEBUG Engine.jmeter] JMeter stopped on Shutdown command
[2017-12-01 12:30:34,630 DEBUG Engine.console] Restoring logging streams, [<logging.StreamHandler object at 0x104f51710>]/{<logging.StreamHandler object at 0x104f51710>: <open file '<stdout>', mode 'w' at 0x103f69150>}
[2017-12-01 12:30:34,634 DEBUG Engine.Configuration] Dumping YAML config into /Users/daper01/Documents/OSLo/artifacts/2017-12-01_12-29-24.709762/effective.yml
[2017-12-01 12:30:34,702 DEBUG Engine.Configuration] Dumping JSON config into /Users/daper01/Documents/OSLo/artifacts/2017-12-01_12-29-24.709762/effective.json
[2017-12-01 12:30:34,703 WARNING root] Keyboard interrupt
[2017-12-01 12:30:34,704 DEBUG root] KeyboardInterrupt: 
Traceback (most recent call last):
  File "/usr/local/lib/python2.7/site-packages/bzt/cli.py", line 221, in perform
    self.engine.run()
  File "/usr/local/lib/python2.7/site-packages/bzt/engine.py", line 202, in run
    reraise(exc_info)
  File "/usr/local/lib/python2.7/site-packages/bzt/engine.py", line 184, in run
    self._wait()
  File "/usr/local/lib/python2.7/site-packages/bzt/engine.py", line 227, in _wait
    time.sleep(delay)
KeyboardInterrupt
[2017-12-01 12:30:34,704 INFO Engine] Post-processing...
[2017-12-01 12:30:34,704 DEBUG Engine.local] Post-process jmeter/blazedemo
[2017-12-01 12:30:34,704 DEBUG Engine] Add existing artifact (move=True): /Users/daper01/Documents/OSLo/artifacts/2017-12-01_12-29-24.709762/modified_requests.jmx
[2017-12-01 12:30:34,704 DEBUG Engine] No need to copy /Users/daper01/Documents/OSLo/artifacts/2017-12-01_12-29-24.709762/modified_requests.jmx
[2017-12-01 12:30:34,705 DEBUG Engine.jmeter.JTLErrorsReader] Opening /Users/daper01/Documents/OSLo/artifacts/2017-12-01_12-29-24.709762/error.jtl
[2017-12-01 12:30:34,708 DEBUG Engine.jmeter.JTLReader.IncrementalCSVReader] Reading JTL: /Users/daper01/Documents/OSLo/artifacts/2017-12-01_12-29-24.709762/kpi.jtl
[2017-12-01 12:30:34,709 DEBUG Engine.jmeter.JTLReader.IncrementalCSVReader] Read lines: 320 / 29383 bytes (at speed 1048576)
[2017-12-01 12:30:34,720 DEBUG Engine.jmeter.JTLReader] Buffer len: 4
[2017-12-01 12:30:34,720 DEBUG Engine.jmeter.JTLReader] Aggregating: 1512149430
[2017-12-01 12:30:34,735 DEBUG Engine.jmeter.JTLReader] Aggregating: 1512149431
[2017-12-01 12:30:34,751 DEBUG Engine.jmeter.JTLReader] Aggregating: 1512149432
[2017-12-01 12:30:34,769 DEBUG Engine.jmeter.JTLReader] Aggregating: 1512149433
[2017-12-01 12:30:34,785 DEBUG Engine.consolidator] Consolidator buffer[6]: [1512149428, 1512149429, 1512149430, 1512149431, 1512149432, 1512149433]
[2017-12-01 12:30:34,785 DEBUG Engine.consolidator] Merging into 1512149428
[2017-12-01 12:30:34,785 DEBUG Engine.consolidator] Merging 1512149428
[2017-12-01 12:30:34,810 DEBUG Engine.consolidator] Processed datapoint: 1512149428/None
[2017-12-01 12:30:34,810 DEBUG Engine.consolidator] Merging into 1512149429
[2017-12-01 12:30:34,810 DEBUG Engine.consolidator] Merging 1512149429
[2017-12-01 12:30:34,833 DEBUG Engine.consolidator] Processed datapoint: 1512149429/None
[2017-12-01 12:30:34,833 DEBUG Engine.consolidator] Merging into 1512149430
[2017-12-01 12:30:34,833 DEBUG Engine.consolidator] Merging 1512149430
[2017-12-01 12:30:34,858 DEBUG Engine.consolidator] Processed datapoint: 1512149430/None
[2017-12-01 12:30:34,858 DEBUG Engine.consolidator] Merging into 1512149431
[2017-12-01 12:30:34,858 DEBUG Engine.consolidator] Merging 1512149431
[2017-12-01 12:30:34,884 DEBUG Engine.consolidator] Processed datapoint: 1512149431/None
[2017-12-01 12:30:34,884 DEBUG Engine.consolidator] Merging into 1512149432
[2017-12-01 12:30:34,885 DEBUG Engine.consolidator] Merging 1512149432
[2017-12-01 12:30:34,902 DEBUG Engine.consolidator] Processed datapoint: 1512149432/None
[2017-12-01 12:30:34,902 DEBUG Engine.consolidator] Merging into 1512149433
[2017-12-01 12:30:34,902 DEBUG Engine.consolidator] Merging 1512149433
[2017-12-01 12:30:34,921 DEBUG Engine.consolidator] Processed datapoint: 1512149433/None
[2017-12-01 12:30:34,921 INFO Engine.final-stats] Test duration: 0:01:02
[2017-12-01 12:30:34,921 INFO Engine.final-stats] Samples count: 7966, 0.11% failures
[2017-12-01 12:30:34,922 INFO Engine.final-stats] Average times: total 0.262, latency 0.251, connect 0.000
[2017-12-01 12:30:34,922 INFO Engine.final-stats] Percentile 0.0%: 0.023
[2017-12-01 12:30:34,922 INFO Engine.final-stats] Percentile 50.0%: 0.276
[2017-12-01 12:30:34,923 INFO Engine.final-stats] Percentile 90.0%: 0.355
[2017-12-01 12:30:34,923 INFO Engine.final-stats] Percentile 95.0%: 0.374
[2017-12-01 12:30:34,924 INFO Engine.final-stats] Percentile 99.0%: 0.527
[2017-12-01 12:30:34,925 INFO Engine.final-stats] Percentile 99.9%: 0.675
[2017-12-01 12:30:34,926 INFO Engine.final-stats] Percentile 100.0%: 1.793
[2017-12-01 12:30:34,926 DEBUG Engine.console] No logger_handler or orig_stream was detected
[2017-12-01 12:30:34,926 INFO Engine.final-stats] Test duration: 0:01:02
[2017-12-01 12:30:34,927 INFO Engine.final-stats] Samples count: 7966, 0.11% failures
[2017-12-01 12:30:34,927 INFO Engine.final-stats] Average times: total 0.262, latency 0.251, connect 0.000
[2017-12-01 12:30:34,928 INFO Engine.final-stats] Percentile 0.0%: 0.023
[2017-12-01 12:30:34,928 INFO Engine.final-stats] Percentile 50.0%: 0.276
[2017-12-01 12:30:34,928 INFO Engine.final-stats] Percentile 90.0%: 0.355
[2017-12-01 12:30:34,928 INFO Engine.final-stats] Percentile 95.0%: 0.374
[2017-12-01 12:30:34,928 INFO Engine.final-stats] Percentile 99.0%: 0.527
[2017-12-01 12:30:34,928 INFO Engine.final-stats] Percentile 99.9%: 0.675
[2017-12-01 12:30:34,928 INFO Engine.final-stats] Percentile 100.0%: 1.793
[2017-12-01 12:30:34,929 INFO Engine.final-stats] Dumping final status as XML: stats.xml
[2017-12-01 12:30:34,936 DEBUG Engine.Configuration] Dumping YAML config into /Users/daper01/Documents/OSLo/artifacts/2017-12-01_12-29-24.709762/effective.yml
[2017-12-01 12:30:34,999 DEBUG Engine.Configuration] Dumping JSON config into /Users/daper01/Documents/OSLo/artifacts/2017-12-01_12-29-24.709762/effective.json
[2017-12-01 12:30:35,000 INFO root] Artifacts dir: /Users/daper01/Documents/OSLo/artifacts/2017-12-01_12-29-24.709762
[2017-12-01 12:30:35,000 WARNING root] Done performing with code: 1
[2017-12-01 12:30:35,000 DEBUG root] Closing log handler: /Users/daper01/Documents/OSLo/artifacts/2017-12-01_12-29-24.709762/bzt.log
