2017-12-01 12:29:34,697 INFO o.a.j.u.JMeterUtils: Setting Locale to en_US
2017-12-01 12:29:34,744 INFO o.a.j.JMeter: Loading user properties from: /Users/daper01/.bzt/jmeter-taurus/3.3/bin/user.properties
2017-12-01 12:29:34,746 INFO o.a.j.JMeter: Loading system properties from: /Users/daper01/.bzt/jmeter-taurus/3.3/bin/system.properties
2017-12-01 12:29:34,748 INFO o.a.j.JMeter: Setting System properties from file: /Users/daper01/Documents/OSLo/artifacts/2017-12-01_12-29-24.709762/system.properties
2017-12-01 12:29:34,758 INFO o.a.j.JMeter: Copyright (c) 1998-2017 The Apache Software Foundation
2017-12-01 12:29:34,758 INFO o.a.j.JMeter: Version 3.3 r1808647
2017-12-01 12:29:34,759 INFO o.a.j.JMeter: java.version=1.8.0_121
2017-12-01 12:29:34,759 INFO o.a.j.JMeter: java.vm.name=Java HotSpot(TM) 64-Bit Server VM
2017-12-01 12:29:34,759 INFO o.a.j.JMeter: os.name=Mac OS X
2017-12-01 12:29:34,759 INFO o.a.j.JMeter: os.arch=x86_64
2017-12-01 12:29:34,759 INFO o.a.j.JMeter: os.version=10.13.1
2017-12-01 12:29:34,759 INFO o.a.j.JMeter: file.encoding=UTF-8
2017-12-01 12:29:34,759 INFO o.a.j.JMeter: Max memory     =3817865216
2017-12-01 12:29:34,759 INFO o.a.j.JMeter: Available Processors =4
2017-12-01 12:29:34,769 INFO o.a.j.JMeter: Default Locale=English (United States)
2017-12-01 12:29:34,773 INFO o.a.j.JMeter: JMeter  Locale=English (United States)
2017-12-01 12:29:34,773 INFO o.a.j.JMeter: JMeterHome=/Users/daper01/.bzt/jmeter-taurus/3.3
2017-12-01 12:29:34,773 INFO o.a.j.JMeter: user.dir  =/Users/daper01/Documents/OSLo
2017-12-01 12:29:34,773 INFO o.a.j.JMeter: PWD       =/Users/daper01/Documents/OSLo
2017-12-01 12:29:34,775 INFO o.a.j.JMeter: IP: 192.168.0.128 Name: daper01mac1124 FullName: 192.168.0.128
2017-12-01 12:29:34,776 INFO o.a.j.JMeter: user.classpath=/Users/daper01/Documents/OSLo/artifacts/2017-12-01_12-29-24.709762
2017-12-01 12:29:34,778 INFO o.a.j.JMeter: Adding to classpath and loader: /Users/daper01/Documents/OSLo/artifacts/2017-12-01_12-29-24.709762
2017-12-01 12:29:34,783 INFO o.a.j.s.FileServer: Default base='/Users/daper01/Documents/OSLo'
2017-12-01 12:29:34,783 INFO o.a.j.s.FileServer: Set new base='/Users/daper01/Documents/OSLo/artifacts/2017-12-01_12-29-24.709762'
2017-12-01 12:29:35,020 INFO o.a.j.s.SaveService: Testplan (JMX) version: 2.2. Testlog (JTL) version: 2.2
2017-12-01 12:29:35,041 INFO o.a.j.s.SaveService: Using SaveService properties file encoding UTF-8
2017-12-01 12:29:35,046 INFO o.a.j.s.SaveService: Using SaveService properties version 3.2
2017-12-01 12:29:35,054 INFO o.a.j.s.SaveService: Loading file: /Users/daper01/Documents/OSLo/artifacts/2017-12-01_12-29-24.709762/modified_requests.jmx
2017-12-01 12:29:35,158 INFO o.a.j.p.h.c.CacheManager: Will only cache the following methods: [GET]
2017-12-01 12:29:35,164 INFO o.a.j.p.h.c.CookieManager: Settings: Delete null: true Check: true Allow variable: true Save: false Prefix: COOKIE_
2017-12-01 12:29:35,206 INFO o.a.j.p.h.s.HTTPSamplerBase: Parser for text/html is org.apache.jmeter.protocol.http.parser.LagartoBasedHtmlParser
2017-12-01 12:29:35,206 INFO o.a.j.p.h.s.HTTPSamplerBase: Parser for application/xhtml+xml is org.apache.jmeter.protocol.http.parser.LagartoBasedHtmlParser
2017-12-01 12:29:35,206 INFO o.a.j.p.h.s.HTTPSamplerBase: Parser for application/xml is org.apache.jmeter.protocol.http.parser.LagartoBasedHtmlParser
2017-12-01 12:29:35,206 INFO o.a.j.p.h.s.HTTPSamplerBase: Parser for text/xml is org.apache.jmeter.protocol.http.parser.LagartoBasedHtmlParser
2017-12-01 12:29:35,207 INFO o.a.j.p.h.s.HTTPSamplerBase: Parser for text/vnd.wap.wml is org.apache.jmeter.protocol.http.parser.RegexpHTMLParser
2017-12-01 12:29:35,207 INFO o.a.j.p.h.s.HTTPSamplerBase: Parser for text/css is org.apache.jmeter.protocol.http.parser.CssParser
2017-12-01 12:29:35,271 INFO o.a.j.e.StandardJMeterEngine: Running the test!
2017-12-01 12:29:35,271 INFO o.a.j.s.SampleEvent: List of sample_variables: []
2017-12-01 12:29:35,271 INFO o.a.j.s.SampleEvent: List of sample_variables: []
2017-12-01 12:29:35,277 INFO o.a.j.e.u.CompoundVariable: Note: Function class names must contain the string: '.functions.'
2017-12-01 12:29:35,277 INFO o.a.j.e.u.CompoundVariable: Note: Function class names must not contain the string: '.gui.'
2017-12-01 12:29:36,201 INFO o.a.j.JMeter: Running test (1512149376201)
2017-12-01 12:29:36,245 INFO o.a.j.e.StandardJMeterEngine: Starting ThreadGroup: 1 : blazedemo
2017-12-01 12:29:36,246 INFO o.a.j.e.StandardJMeterEngine: Starting 50 threads for group blazedemo.
2017-12-01 12:29:36,246 INFO o.a.j.e.StandardJMeterEngine: Thread will continue on error
2017-12-01 12:29:36,252 INFO o.a.j.e.StandardJMeterEngine: All thread groups have been started
2017-12-01 12:29:36,251 INFO c.b.j.t.c.ConcurrencyThreadStarter: Start supplying threads
2017-12-01 12:29:36,561 INFO o.a.j.s.SampleResult: Note: Sample TimeStamps are START times
2017-12-01 12:29:36,561 INFO o.a.j.s.SampleResult: sampleresult.default.encoding is set to UTF-8
2017-12-01 12:29:36,561 INFO o.a.j.s.SampleResult: sampleresult.useNanoTime=true
2017-12-01 12:29:36,561 INFO o.a.j.s.SampleResult: sampleresult.nanoThreadSleep=5000
2017-12-01 12:29:37,198 INFO o.a.j.t.JMeterThread: Thread started: blazedemo 1-1
2017-12-01 12:29:37,202 INFO o.a.j.s.FileServer: Stored: /Users/daper01/Documents/OSLo/param.csv
2017-12-01 12:29:37,226 INFO o.a.j.p.h.s.HTTPHCAbstractImpl: Local host = daper01mac1124
2017-12-01 12:29:37,234 INFO o.a.j.p.h.s.HTTPHC4Impl: HTTP request retry count = 0
2017-12-01 12:29:37,588 INFO o.a.j.t.JMeterThread: Thread started: blazedemo 1-2
2017-12-01 12:29:38,601 INFO o.a.j.t.JMeterThread: Thread started: blazedemo 1-3
2017-12-01 12:29:38,601 INFO o.a.j.t.JMeterThread: Thread started: blazedemo 1-4
2017-12-01 12:29:39,600 INFO o.a.j.t.JMeterThread: Thread started: blazedemo 1-5
2017-12-01 12:29:39,608 INFO o.a.j.t.JMeterThread: Thread started: blazedemo 1-6
2017-12-01 12:29:40,608 INFO o.a.j.t.JMeterThread: Thread started: blazedemo 1-7
2017-12-01 12:29:41,611 INFO o.a.j.t.JMeterThread: Thread started: blazedemo 1-8
2017-12-01 12:29:41,614 INFO o.a.j.t.JMeterThread: Thread started: blazedemo 1-9
2017-12-01 12:29:42,615 INFO o.a.j.t.JMeterThread: Thread started: blazedemo 1-10
2017-12-01 12:29:42,619 INFO o.a.j.t.JMeterThread: Thread started: blazedemo 1-11
2017-12-01 12:29:43,622 INFO o.a.j.t.JMeterThread: Thread started: blazedemo 1-12
2017-12-01 12:29:44,624 INFO o.a.j.t.JMeterThread: Thread started: blazedemo 1-13
2017-12-01 12:29:44,624 INFO o.a.j.t.JMeterThread: Thread started: blazedemo 1-14
2017-12-01 12:29:45,634 INFO o.a.j.t.JMeterThread: Thread started: blazedemo 1-15
2017-12-01 12:29:45,638 INFO o.a.j.t.JMeterThread: Thread started: blazedemo 1-16
2017-12-01 12:29:46,635 INFO o.a.j.t.JMeterThread: Thread started: blazedemo 1-17
2017-12-01 12:29:47,639 INFO o.a.j.t.JMeterThread: Thread started: blazedemo 1-18
2017-12-01 12:29:47,642 INFO o.a.j.t.JMeterThread: Thread started: blazedemo 1-19
2017-12-01 12:29:48,648 INFO o.a.j.t.JMeterThread: Thread started: blazedemo 1-20
2017-12-01 12:29:48,665 INFO o.a.j.t.JMeterThread: Thread started: blazedemo 1-21
2017-12-01 12:29:49,664 INFO o.a.j.t.JMeterThread: Thread started: blazedemo 1-22
2017-12-01 12:29:50,666 INFO o.a.j.t.JMeterThread: Thread started: blazedemo 1-23
2017-12-01 12:29:50,667 INFO o.a.j.t.JMeterThread: Thread started: blazedemo 1-24
2017-12-01 12:29:51,672 INFO o.a.j.t.JMeterThread: Thread started: blazedemo 1-25
2017-12-01 12:29:51,675 INFO o.a.j.t.JMeterThread: Thread started: blazedemo 1-26
2017-12-01 12:29:52,678 INFO o.a.j.t.JMeterThread: Thread started: blazedemo 1-27
2017-12-01 12:29:53,683 INFO o.a.j.t.JMeterThread: Thread started: blazedemo 1-28
2017-12-01 12:29:53,684 INFO o.a.j.t.JMeterThread: Thread started: blazedemo 1-29
2017-12-01 12:29:54,700 INFO o.a.j.t.JMeterThread: Thread started: blazedemo 1-30
2017-12-01 12:29:54,707 INFO o.a.j.t.JMeterThread: Thread started: blazedemo 1-31
2017-12-01 12:29:55,711 INFO o.a.j.t.JMeterThread: Thread started: blazedemo 1-32
2017-12-01 12:29:56,713 INFO o.a.j.t.JMeterThread: Thread started: blazedemo 1-33
2017-12-01 12:29:56,715 INFO o.a.j.t.JMeterThread: Thread started: blazedemo 1-34
2017-12-01 12:29:57,717 INFO o.a.j.t.JMeterThread: Thread started: blazedemo 1-35
2017-12-01 12:29:57,719 INFO o.a.j.t.JMeterThread: Thread started: blazedemo 1-36
2017-12-01 12:29:58,724 INFO o.a.j.t.JMeterThread: Thread started: blazedemo 1-37
2017-12-01 12:29:59,730 INFO o.a.j.t.JMeterThread: Thread started: blazedemo 1-38
2017-12-01 12:29:59,736 INFO o.a.j.t.JMeterThread: Thread started: blazedemo 1-39
2017-12-01 12:30:00,738 INFO o.a.j.t.JMeterThread: Thread started: blazedemo 1-40
2017-12-01 12:30:00,740 INFO o.a.j.t.JMeterThread: Thread started: blazedemo 1-41
2017-12-01 12:30:01,741 INFO o.a.j.t.JMeterThread: Thread started: blazedemo 1-42
2017-12-01 12:30:02,746 INFO o.a.j.t.JMeterThread: Thread started: blazedemo 1-43
2017-12-01 12:30:02,746 INFO o.a.j.t.JMeterThread: Thread started: blazedemo 1-44
2017-12-01 12:30:03,754 INFO o.a.j.t.JMeterThread: Thread started: blazedemo 1-45
2017-12-01 12:30:03,755 INFO o.a.j.t.JMeterThread: Thread started: blazedemo 1-46
2017-12-01 12:30:04,757 INFO o.a.j.t.JMeterThread: Thread started: blazedemo 1-47
2017-12-01 12:30:04,758 INFO o.a.j.t.JMeterThread: Thread started: blazedemo 1-48
2017-12-01 12:30:05,761 INFO o.a.j.t.JMeterThread: Thread started: blazedemo 1-49
2017-12-01 12:30:06,766 INFO o.a.j.t.JMeterThread: Thread started: blazedemo 1-50
2017-12-01 12:30:33,627 INFO o.a.j.JMeter: Command: Shutdown received from /127.0.0.1
2017-12-01 12:30:33,628 INFO o.a.j.t.JMeterThread: Thread is done: blazedemo 1-28
2017-12-01 12:30:33,628 INFO c.b.j.t.c.ConcurrencyThreadStarter: Done supplying threads
2017-12-01 12:30:33,628 INFO o.a.j.t.JMeterThread: Thread finished: blazedemo 1-28
2017-12-01 12:30:33,628 WARN o.a.j.t.JMeterThread: Interrupting: blazedemo 1-27 sampler: Confirmation Page
2017-12-01 12:30:33,630 WARN o.a.j.t.JMeterThread: Interrupting: blazedemo 1-1 sampler: Reserve Page
2017-12-01 12:30:33,630 INFO o.a.j.t.JMeterThread: Thread is done: blazedemo 1-26
2017-12-01 12:30:33,631 INFO o.a.j.t.JMeterThread: Thread finished: blazedemo 1-26
2017-12-01 12:30:33,632 INFO o.a.j.t.JMeterThread: Thread is done: blazedemo 1-49
2017-12-01 12:30:33,633 INFO o.a.j.t.JMeterThread: Thread finished: blazedemo 1-49
2017-12-01 12:30:33,633 WARN o.a.j.t.JMeterThread: Interrupting: blazedemo 1-16 sampler: Welcome Page
2017-12-01 12:30:33,635 WARN o.a.j.t.JMeterThread: Interrupting: blazedemo 1-18 sampler: Welcome Page
2017-12-01 12:30:33,635 WARN o.a.j.t.JMeterThread: Interrupting: blazedemo 1-21 sampler: Reserve Page
2017-12-01 12:30:33,636 INFO o.a.j.t.JMeterThread: Thread is done: blazedemo 1-34
2017-12-01 12:30:33,636 INFO o.a.j.t.JMeterThread: Thread finished: blazedemo 1-34
2017-12-01 12:30:33,636 WARN o.a.j.t.JMeterThread: Interrupting: blazedemo 1-13 sampler: Purchase Page
2017-12-01 12:30:33,637 INFO o.a.j.t.JMeterThread: Thread is done: blazedemo 1-9
2017-12-01 12:30:33,637 INFO o.a.j.t.JMeterThread: Thread finished: blazedemo 1-9
2017-12-01 12:30:33,638 WARN o.a.j.t.JMeterThread: Interrupting: blazedemo 1-38 sampler: Purchase Page
2017-12-01 12:30:33,643 INFO o.a.j.t.JMeterThread: Thread is done: blazedemo 1-50
2017-12-01 12:30:33,643 INFO o.a.j.t.JMeterThread: Thread finished: blazedemo 1-50
2017-12-01 12:30:33,646 WARN o.a.j.t.JMeterThread: Interrupting: blazedemo 1-44 sampler: Reserve Page
2017-12-01 12:30:33,647 WARN o.a.j.t.JMeterThread: Interrupting: blazedemo 1-17 sampler: Reserve Page
2017-12-01 12:30:33,650 INFO o.a.j.t.JMeterThread: Thread is done: blazedemo 1-5
2017-12-01 12:30:33,650 INFO o.a.j.t.JMeterThread: Thread finished: blazedemo 1-5
2017-12-01 12:30:33,651 WARN o.a.j.t.JMeterThread: Interrupting: blazedemo 1-10 sampler: Confirmation Page
2017-12-01 12:30:33,652 INFO o.a.j.t.JMeterThread: Thread is done: blazedemo 1-27
2017-12-01 12:30:33,652 INFO o.a.j.t.JMeterThread: Thread finished: blazedemo 1-27
2017-12-01 12:30:33,654 INFO o.a.j.t.JMeterThread: Thread is done: blazedemo 1-46
2017-12-01 12:30:33,654 INFO o.a.j.t.JMeterThread: Thread finished: blazedemo 1-46
2017-12-01 12:30:33,654 INFO o.a.j.t.JMeterThread: Thread is done: blazedemo 1-29
2017-12-01 12:30:33,655 INFO o.a.j.t.JMeterThread: Thread finished: blazedemo 1-29
2017-12-01 12:30:33,656 INFO o.a.j.t.JMeterThread: Thread is done: blazedemo 1-23
2017-12-01 12:30:33,656 WARN o.a.j.t.JMeterThread: Interrupting: blazedemo 1-30 sampler: Confirmation Page
2017-12-01 12:30:33,656 INFO o.a.j.t.JMeterThread: Thread finished: blazedemo 1-23
2017-12-01 12:30:33,656 INFO o.a.j.t.JMeterThread: Thread is done: blazedemo 1-35
2017-12-01 12:30:33,656 INFO o.a.j.t.JMeterThread: Thread finished: blazedemo 1-35
2017-12-01 12:30:33,657 INFO o.a.j.e.StandardJMeterEngine: Notifying test listeners of end of test
2017-12-01 12:30:33,657 INFO o.a.j.t.JMeterThread: Thread is done: blazedemo 1-17
2017-12-01 12:30:33,657 INFO o.a.j.t.JMeterThread: Thread finished: blazedemo 1-17
2017-12-01 12:30:33,657 INFO o.a.j.s.FileServer: Close: /Users/daper01/Documents/OSLo/param.csv
2017-12-01 12:30:33,657 INFO o.a.j.t.JMeterThread: Thread is done: blazedemo 1-4
2017-12-01 12:30:33,657 INFO o.a.j.t.JMeterThread: Thread finished: blazedemo 1-4
2017-12-01 12:30:33,659 INFO o.a.j.e.StandardJMeterEngine: Forced JVM shutdown requested at end of test
2017-12-01 12:30:33,660 INFO o.a.j.t.JMeterThread: Thread is done: blazedemo 1-38
2017-12-01 12:30:33,660 INFO o.a.j.t.JMeterThread: Thread finished: blazedemo 1-38
2017-12-01 12:30:33,662 INFO o.a.j.t.JMeterThread: Thread is done: blazedemo 1-10
