[2018-02-05 14:03:53,929 INFO root] Taurus CLI Tool v1.10.3
[2018-02-05 14:03:53,929 DEBUG root] Command-line options: {'verbose': None, 'no_system_configs': None, 'quiet': None, 'log': '/var/folders/vq/xzrdy2lx047cst78f69v8z3xfzqz1q/T/bzt_4cGZZW.log', 'option': None, 'aliases': []}
[2018-02-05 14:03:53,929 DEBUG root] Python: CPython 2.7.13
[2018-02-05 14:03:53,929 DEBUG root] OS: ('Darwin', 'daper01mac1124', '17.2.0', 'Darwin Kernel Version 17.2.0: Fri Sep 29 18:27:05 PDT 2017; root:xnu-4570.20.62~3/RELEASE_X86_64', 'x86_64', 'i386')
[2018-02-05 14:03:53,930 INFO root] Starting with configs: ['load_scenario_from_csv.yml', 'execution_jmeter.yml']
[2018-02-05 14:03:53,930 DEBUG root] Using personal config: /Users/daper01/.bzt-rc
[2018-02-05 14:03:53,930 INFO Engine] Configuring...
[2018-02-05 14:03:53,930 DEBUG Engine] Reading extension configs from: /usr/local/etc/bzt.d
[2018-02-05 14:03:53,930 DEBUG Engine.Configuration] Configs: ['/usr/local/lib/python2.7/site-packages/bzt/resources/base-config.yml', '/usr/local/etc/bzt.d/99-installID.yml']
[2018-02-05 14:03:53,930 DEBUG Engine.Configuration] Reading /usr/local/lib/python2.7/site-packages/bzt/resources/base-config.yml as YAML
[2018-02-05 14:03:53,957 DEBUG Engine.Configuration] Reading /usr/local/etc/bzt.d/99-installID.yml as YAML
[2018-02-05 14:03:53,958 DEBUG Engine.Configuration] Configs: ['/Users/daper01/.bzt-rc', 'load_scenario_from_csv.yml', 'execution_jmeter.yml']
[2018-02-05 14:03:53,958 DEBUG Engine.Configuration] Reading /Users/daper01/.bzt-rc as YAML
[2018-02-05 14:03:53,961 DEBUG Engine.Configuration] Reading load_scenario_from_csv.yml as YAML
[2018-02-05 14:03:53,970 DEBUG Engine.Configuration] Reading execution_jmeter.yml as YAML
[2018-02-05 14:03:53,976 DEBUG Engine.Configuration] Configs: ['/Users/daper01/.bzt-rc', 'load_scenario_from_csv.yml', 'execution_jmeter.yml']
[2018-02-05 14:03:53,977 DEBUG Engine.Configuration] Reading /Users/daper01/.bzt-rc as YAML
[2018-02-05 14:03:53,978 DEBUG Engine.Configuration] Reading load_scenario_from_csv.yml as YAML
[2018-02-05 14:03:53,984 DEBUG Engine.Configuration] Reading execution_jmeter.yml as YAML
[2018-02-05 14:03:53,998 DEBUG Engine] Requesting updates info: http://gettaurus.org/updates/?version=1.10.3&installID=784f43782a15
[2018-02-05 14:03:54,004 INFO Engine] Artifacts dir: /Users/daper01/Documents/OSLo/artifacts/2018-02-05_14-03-53.999001
[2018-02-05 14:03:54,006 DEBUG Engine] New artifact filename: /Users/daper01/Documents/OSLo/artifacts/2018-02-05_14-03-53.999001/effective
[2018-02-05 14:03:54,009 DEBUG Engine.Configuration] Dumping YAML config into /Users/daper01/Documents/OSLo/artifacts/2018-02-05_14-03-53.999001/effective.yml
[2018-02-05 14:03:54,043 DEBUG Engine.Configuration] Dumping JSON config into /Users/daper01/Documents/OSLo/artifacts/2018-02-05_14-03-53.999001/effective.json
[2018-02-05 14:03:54,044 DEBUG Engine] New artifact filename: /Users/daper01/Documents/OSLo/artifacts/2018-02-05_14-03-53.999001/merged.yml
[2018-02-05 14:03:54,045 DEBUG Engine.Configuration] Dumping YAML config into /Users/daper01/Documents/OSLo/artifacts/2018-02-05_14-03-53.999001/merged.yml
[2018-02-05 14:03:54,051 DEBUG Engine] New artifact filename: /Users/daper01/Documents/OSLo/artifacts/2018-02-05_14-03-53.999001/merged.json
[2018-02-05 14:03:54,052 DEBUG Engine.Configuration] Dumping JSON config into /Users/daper01/Documents/OSLo/artifacts/2018-02-05_14-03-53.999001/merged.json
[2018-02-05 14:03:54,053 DEBUG Engine] Add existing artifact (move=False): load_scenario_from_csv.yml
[2018-02-05 14:03:54,053 DEBUG Engine] Copying load_scenario_from_csv.yml to /Users/daper01/Documents/OSLo/artifacts/2018-02-05_14-03-53.999001/load_scenario_from_csv.yml
[2018-02-05 14:03:54,053 DEBUG Engine] Add existing artifact (move=False): execution_jmeter.yml
[2018-02-05 14:03:54,053 DEBUG Engine] Copying execution_jmeter.yml to /Users/daper01/Documents/OSLo/artifacts/2018-02-05_14-03-53.999001/execution_jmeter.yml
[2018-02-05 14:03:54,054 DEBUG root] Closing log handler: /var/folders/vq/xzrdy2lx047cst78f69v8z3xfzqz1q/T/bzt_4cGZZW.log
[2018-02-05 14:03:54,482 DEBUG root] Switched writing logs to /Users/daper01/Documents/OSLo/artifacts/2018-02-05_14-03-53.999001/bzt.log
[2018-02-05 14:03:54,482 INFO Engine] Preparing...
[2018-02-05 14:03:54,483 DEBUG Engine] Module config: consolidator defaultdict(None, {'class': 'bzt.modules.aggregator.ConsolidatingAggregator'})
[2018-02-05 14:03:54,483 DEBUG root] Importing module: bzt.modules.aggregator
[2018-02-05 14:03:54,501 DEBUG root] Loading class: 'ConsolidatingAggregator' from <module 'bzt.modules.aggregator' from '/usr/local/lib/python2.7/site-packages/bzt/modules/aggregator.pyc'>
[2018-02-05 14:03:54,502 DEBUG Engine.consolidator] Exception in dehumanize_time(inf)
[2018-02-05 14:03:54,502 DEBUG Engine.consolidator] Buffer scaling setup: percentile 95.0 from [0.0, 50.0, 90.0, 95.0, 99.0, 99.9, 100.0] selected
[2018-02-05 14:03:54,503 DEBUG Engine] Module config: monitoring defaultdict(None, {'class': 'bzt.modules.monitoring.Monitoring'})
[2018-02-05 14:03:54,503 DEBUG root] Importing module: bzt.modules.monitoring
[2018-02-05 14:03:54,505 DEBUG root] Loading class: 'Monitoring' from <module 'bzt.modules.monitoring' from '/usr/local/lib/python2.7/site-packages/bzt/modules/monitoring.pyc'>
[2018-02-05 14:03:54,506 DEBUG Engine] Module config: local defaultdict(None, {'class': 'bzt.modules.provisioning.Local'})
[2018-02-05 14:03:54,506 DEBUG root] Importing module: bzt.modules.provisioning
[2018-02-05 14:03:54,506 DEBUG root] Loading class: 'Local' from <module 'bzt.modules.provisioning' from '/usr/local/lib/python2.7/site-packages/bzt/modules/provisioning.pyc'>
[2018-02-05 14:03:54,507 DEBUG Engine] Module config: jmeter defaultdict(None, {'properties': defaultdict(None, {'jmeter.save.saveservice.autoflush': 'true', 'jmeter.save.saveservice.connect_time': 'true', 'summariser.name': '', 'jmeterengine.force.system.exit': 'true'}), 'class': 'bzt.modules.jmeter.JMeterExecutor', 'plugins': ['jpgc-casutg', 'jpgc-dummy', 'jpgc-ffw', 'jpgc-fifo', 'jpgc-functions', 'jpgc-json', 'jpgc-perfmon', 'jpgc-prmctl', 'jpgc-tst']})
[2018-02-05 14:03:54,507 DEBUG root] Importing module: bzt.modules.jmeter
[2018-02-05 14:03:56,916 DEBUG root] Loading class: 'JMeterExecutor' from <module 'bzt.modules.jmeter' from '/usr/local/lib/python2.7/site-packages/bzt/modules/jmeter.pyc'>
[2018-02-05 14:03:56,916 DEBUG Engine] Taurus updates info: {"latest":"1.10.4","needsUpgrade":true}
[2018-02-05 14:03:56,916 WARNING Engine] There is newer version of Taurus 1.10.4 available, consider upgrading. What's new: http://gettaurus.org/docs/Changelog/
[2018-02-05 14:03:56,917 DEBUG Engine.local] Preparing executor: jmeter/4453940048
[2018-02-05 14:03:56,917 DEBUG Engine] New artifact filename: /Users/daper01/Documents/OSLo/artifacts/2018-02-05_14-03-53.999001/jmeter.log
[2018-02-05 14:03:56,917 DEBUG Engine.jmeter] Checking if port 4445 is free
[2018-02-05 14:03:56,918 DEBUG Engine.jmeter] Port 4445 is free
[2018-02-05 14:03:56,918 DEBUG Engine.jmeter] Using port 4445 for management
[2018-02-05 14:03:56,918 DEBUG Engine.jmeter.JavaVM] Trying JavaVM: ['java', '-version']
[2018-02-05 14:03:57,204 DEBUG Engine.jmeter.JavaVM] JavaVM output: java version "1.8.0_121"
Java(TM) SE Runtime Environment (build 1.8.0_121-b13)
Java HotSpot(TM) 64-Bit Server VM (build 25.121-b13, mixed mode)

[2018-02-05 14:03:57,205 DEBUG Engine.jmeter.TclLibrary] We don't need to check tcl library on this platform
[2018-02-05 14:03:57,205 DEBUG Engine.jmeter.JMeter] Trying jmeter: /Users/daper01/.bzt/jmeter-taurus/3.3/bin/jmeter.sh
[2018-02-05 14:03:57,205 DEBUG bzt.utils] Executing shell: ['/Users/daper01/.bzt/jmeter-taurus/3.3/bin/jmeter.sh', '-j', '/var/folders/vq/xzrdy2lx047cst78f69v8z3xfzqz1q/T/jmeter0Mvxc6log', '--version'] at .
[2018-02-05 14:04:00,159 DEBUG Engine.jmeter.JMeter] JMeter check:     _    ____   _    ____ _   _ _____       _ __  __ _____ _____ _____ ____     
   / \  |  _ \ / \  / ___| | | | ____|     | |  \/  | ____|_   _| ____|  _ \   
  / _ \ | |_) / _ \| |   | |_| |  _|    _  | | |\/| |  _|   | | |  _| | |_) | 
 / ___ \|  __/ ___ \ |___|  _  | |___  | |_| | |  | | |___  | | | |___|  _ <  
/_/   \_\_| /_/   \_\____|_| |_|_____|  \___/|_|  |_|_____| |_| |_____|_| \_\ 3.3 r1808647  

Copyright (c) 1999-2017 The Apache Software Foundation

 / None
[2018-02-05 14:04:00,160 DEBUG Engine] New artifact filename: /Users/daper01/Documents/OSLo/artifacts/2018-02-05_14-03-53.999001/requests.jmx
[2018-02-05 14:04:00,169 DEBUG JMeterScenarioBuilder] Saving JMX to: /Users/daper01/Documents/OSLo/artifacts/2018-02-05_14-03-53.999001/requests.jmx
[2018-02-05 14:04:00,171 DEBUG bzt.utils] Executing shell: ['/Users/daper01/.bzt/jmeter-taurus/3.3/bin/PluginsManagerCMD.sh', 'install-for-jmx', '/Users/daper01/Documents/OSLo/artifacts/2018-02-05_14-03-53.999001/requests.jmx'] at .
[2018-02-05 14:04:04,157 DEBUG Engine.jmeter.JMeter] Try to detect plugins for /Users/daper01/Documents/OSLo/artifacts/2018-02-05_14-03-53.999001/requests.jmx
14:04:02.436 [main] INFO  org.jmeterplugins.repository.PluginManager - Plugins Status: [jpgc-functions=2.0, jpgc-casutg=2.1, jpgc-dummy=0.2, jpgc-ffw=2.0, jpgc-fifo=0.2, jpgc-json=2.6, jpgc-prmctl=0.3, jpgc-perfmon=2.1, jpgc-plugins-manager=0.16, jpgc-tst=2.1, jmeter-core=3.3, jmeter-ftp=3.3, jmeter-http=3.3, jmeter-jdbc=3.3, jmeter-jms=3.3, jmeter-junit=3.3, jmeter-java=3.3, jmeter-ldap=3.3, jmeter-mail=3.3, jmeter-mongodb=3.3, jmeter-native=3.3, jmeter-tcp=3.3, jmeter-components=3.3]
2018-02-05 14:04:02,436 INFO o.j.r.PluginManager: Plugins Status: [jpgc-functions=2.0, jpgc-casutg=2.1, jpgc-dummy=0.2, jpgc-ffw=2.0, jpgc-fifo=0.2, jpgc-json=2.6, jpgc-prmctl=0.3, jpgc-perfmon=2.1, jpgc-plugins-manager=0.16, jpgc-tst=2.1, jmeter-core=3.3, jmeter-ftp=3.3, jmeter-http=3.3, jmeter-jdbc=3.3, jmeter-jms=3.3, jmeter-junit=3.3, jmeter-java=3.3, jmeter-ldap=3.3, jmeter-mail=3.3, jmeter-mongodb=3.3, jmeter-native=3.3, jmeter-tcp=3.3, jmeter-components=3.3]
14:04:02.978 [main] INFO  org.apache.jmeter.save.SaveService - Testplan (JMX) version: 2.2. Testlog (JTL) version: 2.2
2018-02-05 14:04:02,978 INFO o.a.j.s.SaveService: Testplan (JMX) version: 2.2. Testlog (JTL) version: 2.2
14:04:03.157 [main] INFO  org.apache.jmeter.save.SaveService - Using SaveService properties file encoding UTF-8
2018-02-05 14:04:03,157 INFO o.a.j.s.SaveService: Using SaveService properties file encoding UTF-8
14:04:03.161 [main] INFO  org.apache.jmeter.save.SaveService - Using SaveService properties version 3.2
2018-02-05 14:04:03,161 INFO o.a.j.s.SaveService: Using SaveService properties version 3.2
14:04:03.207 [main] INFO  org.apache.jmeter.protocol.http.control.CacheManager - Will only cache the following methods: [GET]
2018-02-05 14:04:03,207 INFO o.a.j.p.h.c.CacheManager: Will only cache the following methods: [GET]
14:04:03.211 [main] INFO  org.apache.jmeter.protocol.http.control.CookieManager - Settings: Delete null: true Check: true Allow variable: true Save: false Prefix: COOKIE_
2018-02-05 14:04:03,211 INFO o.a.j.p.h.c.CookieManager: Settings: Delete null: true Check: true Allow variable: true Save: false Prefix: COOKIE_
14:04:03.302 [main] INFO  org.jmeterplugins.repository.PluginManager - Restarting JMeter...
2018-02-05 14:04:03,302 INFO o.j.r.PluginManager: Restarting JMeter...
14:04:03.304 [Thread-1] INFO  org.jmeterplugins.repository.PluginManager - Starting JMeter Plugins modifications
2018-02-05 14:04:03,304 INFO o.j.r.PluginManager: Starting JMeter Plugins modifications

ERROR StatusLogger No log4j2 configuration file found. Using default configuration: logging only errors to the console. Set system property 'org.apache.logging.log4j.simplelog.StatusLogger.level' to TRACE to show Log4j2 internal initialization logging.

[2018-02-05 14:04:04,158 DEBUG Engine.jmeter] Load: LoadSpec(concurrency=50, throughput=None, ramp_up=30.0, hold=120.0, iterations=0, duration=150.0, steps=None)
[2018-02-05 14:04:04,171 DEBUG Engine.jmeter.LoadSettingsProcessor.ThreadGroupHandler] Converting ThreadGroup (blazedemo) to ConcurrencyThreadGroup and apply load parameters
[2018-02-05 14:04:04,171 DEBUG Engine] New artifact filename: /Users/daper01/Documents/OSLo/artifacts/2018-02-05_14-03-53.999001/kpi.jtl
[2018-02-05 14:04:04,172 DEBUG Engine] New artifact filename: /Users/daper01/Documents/OSLo/artifacts/2018-02-05_14-03-53.999001/error.jtl
[2018-02-05 14:04:04,173 DEBUG Engine] New artifact filename: /Users/daper01/Documents/OSLo/artifacts/2018-02-05_14-03-53.999001/modified_requests.jmx
[2018-02-05 14:04:04,173 DEBUG JMX] Saving JMX to: /Users/daper01/Documents/OSLo/artifacts/2018-02-05_14-03-53.999001/modified_requests.jmx
[2018-02-05 14:04:04,174 DEBUG Engine.jmeter] Additional properties: defaultdict(None, {'jmeter.save.saveservice.autoflush': 'true', 'jmeter.save.saveservice.connect_time': 'true', 'user.classpath': '/Users/daper01/Documents/OSLo/artifacts/2018-02-05_14-03-53.999001:/Users/daper01/Documents/OSLo/artifacts/2018-02-05_14-03-53.999001', 'sampleresult.default.encoding': 'UTF-8', 'summariser.name': '', 'jmeterengine.force.system.exit': 'true', 'jmeter.save.saveservice.timestamp_format': 'ms', 'jmeterengine.nongui.maxport': 4445, 'jmeterengine.nongui.port': 4445})
[2018-02-05 14:04:04,174 DEBUG Engine] New artifact filename: /Users/daper01/Documents/OSLo/artifacts/2018-02-05_14-03-53.999001/jmeter-bzt.properties
[2018-02-05 14:04:04,175 DEBUG Engine.jmeter] Additional system properties defaultdict(None, {'sun.net.inetaddr.ttl': 0})
[2018-02-05 14:04:04,175 DEBUG Engine] New artifact filename: /Users/daper01/Documents/OSLo/artifacts/2018-02-05_14-03-53.999001/system.properties
[2018-02-05 14:04:04,175 DEBUG Engine] New artifact filename: /Users/daper01/Documents/OSLo/artifacts/2018-02-05_14-03-53.999001/jmeter.out
[2018-02-05 14:04:04,175 DEBUG Engine] New artifact filename: /Users/daper01/Documents/OSLo/artifacts/2018-02-05_14-03-53.999001/jmeter.err
[2018-02-05 14:04:04,176 DEBUG Engine] Module config: final-stats defaultdict(None, {'class': 'bzt.modules.reporting.FinalStatus'})
[2018-02-05 14:04:04,176 DEBUG root] Importing module: bzt.modules.reporting
[2018-02-05 14:04:04,717 DEBUG easyprocess] version=0.2.3
[2018-02-05 14:04:04,718 DEBUG pyvirtualdisplay] version=0.2.1
[2018-02-05 14:04:04,719 DEBUG root] Loading class: 'FinalStatus' from <module 'bzt.modules.reporting' from '/usr/local/lib/python2.7/site-packages/bzt/modules/reporting.pyc'>
[2018-02-05 14:04:04,719 DEBUG Engine] Module config: console defaultdict(None, {'class': 'bzt.modules.console.ConsoleStatusReporter'})
[2018-02-05 14:04:04,720 DEBUG root] Importing module: bzt.modules.console
[2018-02-05 14:04:04,720 DEBUG root] Loading class: 'ConsoleStatusReporter' from <module 'bzt.modules.console' from '/usr/local/lib/python2.7/site-packages/bzt/modules/console.pyc'>
[2018-02-05 14:04:04,727 DEBUG Engine.Configuration] Dumping YAML config into /Users/daper01/Documents/OSLo/artifacts/2018-02-05_14-03-53.999001/effective.yml
[2018-02-05 14:04:04,771 DEBUG Engine.Configuration] Dumping JSON config into /Users/daper01/Documents/OSLo/artifacts/2018-02-05_14-03-53.999001/effective.json
[2018-02-05 14:04:04,772 INFO Engine] Starting...
[2018-02-05 14:04:04,772 DEBUG Engine] Startup <bzt.modules.monitoring.Monitoring object at 0x109619c50>
[2018-02-05 14:04:04,773 DEBUG Engine] Startup <bzt.modules.aggregator.ConsolidatingAggregator object at 0x1091e8fd0>
[2018-02-05 14:04:04,773 DEBUG Engine] Startup <bzt.modules.reporting.FinalStatus object at 0x109639390>
[2018-02-05 14:04:04,773 DEBUG Engine] Startup <bzt.modules.console.ConsoleStatusReporter object at 0x10a117450>
[2018-02-05 14:04:04,773 INFO Engine.console] Waiting for results...
[2018-02-05 14:04:04,773 DEBUG Engine] Startup <bzt.modules.reporting.FinalStatus object at 0x10a1338d0>
[2018-02-05 14:04:04,773 DEBUG Engine] Startup <bzt.modules.provisioning.Local object at 0x1092001d0>
[2018-02-05 14:04:04,773 DEBUG Engine.local] Delay setup for jmeter/blazedemo: 0(start-at) + 0(delay) = 0
[2018-02-05 14:04:04,776 DEBUG Engine.Configuration] Dumping YAML config into /Users/daper01/Documents/OSLo/artifacts/2018-02-05_14-03-53.999001/effective.yml
[2018-02-05 14:04:04,832 DEBUG Engine.Configuration] Dumping JSON config into /Users/daper01/Documents/OSLo/artifacts/2018-02-05_14-03-53.999001/effective.json
[2018-02-05 14:04:04,834 DEBUG root] Leveling down log file verbosity, use -v option to have DEBUG messages enabled
[2018-02-05 14:04:04,834 DEBUG root] Leveled up log file verbosity
[2018-02-05 14:04:04,835 DEBUG Engine.jmeter] Executing shell from /Users/daper01/Documents/OSLo: ['/Users/daper01/.bzt/jmeter-taurus/3.3/bin/jmeter.sh', '-n', '-t', '/Users/daper01/Documents/OSLo/artifacts/2018-02-05_14-03-53.999001/modified_requests.jmx', '-j', '/Users/daper01/Documents/OSLo/artifacts/2018-02-05_14-03-53.999001/jmeter.log', '-q', '/Users/daper01/Documents/OSLo/artifacts/2018-02-05_14-03-53.999001/jmeter-bzt.properties', '-S', '/Users/daper01/Documents/OSLo/artifacts/2018-02-05_14-03-53.999001/system.properties']
[2018-02-05 14:04:04,835 DEBUG bzt.utils] Executing shell: ['/Users/daper01/.bzt/jmeter-taurus/3.3/bin/jmeter.sh', '-n', '-t', '/Users/daper01/Documents/OSLo/artifacts/2018-02-05_14-03-53.999001/modified_requests.jmx', '-j', '/Users/daper01/Documents/OSLo/artifacts/2018-02-05_14-03-53.999001/jmeter.log', '-q', '/Users/daper01/Documents/OSLo/artifacts/2018-02-05_14-03-53.999001/jmeter-bzt.properties', '-S', '/Users/daper01/Documents/OSLo/artifacts/2018-02-05_14-03-53.999001/system.properties'] at /Users/daper01/Documents/OSLo
[2018-02-05 14:04:04,841 DEBUG root] Leveling down log file verbosity, use -v option to have DEBUG messages enabled
[2018-02-05 14:04:05,053 INFO Engine.console] Waiting for finish...
[2018-02-05 14:04:13,864 INFO Engine.jmeter.JTLReader] Changed data analysis delay to 3s
[2018-02-05 14:04:20,881 INFO Engine.jmeter.JTLReader] Changed data analysis delay to 2s
[2018-02-05 14:06:39,486 WARNING Engine] Please wait for graceful shutdown...
[2018-02-05 14:06:39,493 DEBUG root] Leveled up log file verbosity
[2018-02-05 14:06:39,493 INFO Engine] Shutting down...
[2018-02-05 14:06:39,499 DEBUG Engine.local] Shutdown jmeter/blazedemo
[2018-02-05 14:06:39,499 DEBUG Engine.console] Restoring logging streams, [<logging.StreamHandler object at 0x108652150>]/{<logging.StreamHandler object at 0x108652150>: <open file '<stdout>', mode 'w' at 0x107e98150>}
[2018-02-05 14:06:39,502 DEBUG Engine.Configuration] Dumping YAML config into /Users/daper01/Documents/OSLo/artifacts/2018-02-05_14-03-53.999001/effective.yml
[2018-02-05 14:06:39,568 DEBUG Engine.Configuration] Dumping JSON config into /Users/daper01/Documents/OSLo/artifacts/2018-02-05_14-03-53.999001/effective.json
[2018-02-05 14:06:39,571 INFO Engine] Post-processing...
[2018-02-05 14:06:39,571 DEBUG Engine.local] Post-process jmeter/blazedemo
[2018-02-05 14:06:39,571 DEBUG Engine] Add existing artifact (move=True): /Users/daper01/Documents/OSLo/artifacts/2018-02-05_14-03-53.999001/modified_requests.jmx
[2018-02-05 14:06:39,571 DEBUG Engine] No need to copy /Users/daper01/Documents/OSLo/artifacts/2018-02-05_14-03-53.999001/modified_requests.jmx
[2018-02-05 14:06:39,572 DEBUG Engine.jmeter.JTLReader.IncrementalCSVReader] Reading JTL: /Users/daper01/Documents/OSLo/artifacts/2018-02-05_14-03-53.999001/kpi.jtl
[2018-02-05 14:06:39,572 DEBUG Engine.jmeter.JTLReader.IncrementalCSVReader] Read lines: 0 / 0 bytes (at speed 1048576)
[2018-02-05 14:06:39,572 DEBUG Engine.jmeter.JTLReader] Buffer len: 2
[2018-02-05 14:06:39,572 DEBUG Engine.jmeter.JTLReader] Aggregating: 1517868397
[2018-02-05 14:06:39,595 DEBUG Engine.jmeter.JTLReader] Aggregating: 1517868398
[2018-02-05 14:06:39,610 DEBUG Engine.consolidator] Consolidator buffer[4]: [1517868395, 1517868396, 1517868397, 1517868398]
[2018-02-05 14:06:39,610 DEBUG Engine.consolidator] Merging into 1517868395
[2018-02-05 14:06:39,610 DEBUG Engine.consolidator] Merging 1517868395
[2018-02-05 14:06:39,644 DEBUG Engine.consolidator] Processed datapoint: 1517868395/None
[2018-02-05 14:06:39,644 DEBUG Engine.consolidator] Merging into 1517868396
[2018-02-05 14:06:39,644 DEBUG Engine.consolidator] Merging 1517868396
[2018-02-05 14:06:39,680 DEBUG Engine.consolidator] Processed datapoint: 1517868396/None
[2018-02-05 14:06:39,680 DEBUG Engine.consolidator] Merging into 1517868397
[2018-02-05 14:06:39,680 DEBUG Engine.consolidator] Merging 1517868397
[2018-02-05 14:06:39,714 DEBUG Engine.consolidator] Processed datapoint: 1517868397/None
[2018-02-05 14:06:39,714 DEBUG Engine.consolidator] Merging into 1517868398
[2018-02-05 14:06:39,714 DEBUG Engine.consolidator] Merging 1517868398
[2018-02-05 14:06:39,745 DEBUG Engine.consolidator] Processed datapoint: 1517868398/None
[2018-02-05 14:06:39,745 INFO Engine.final-stats] Test duration: 0:02:35
[2018-02-05 14:06:39,745 INFO Engine.final-stats] Samples count: 21872, 0.00% failures
[2018-02-05 14:06:39,746 INFO Engine.final-stats] Average times: total 0.310, latency 0.297, connect 0.000
[2018-02-05 14:06:39,746 INFO Engine.final-stats] Percentile 0.0%: 0.165
[2018-02-05 14:06:39,746 INFO Engine.final-stats] Percentile 50.0%: 0.282
[2018-02-05 14:06:39,746 INFO Engine.final-stats] Percentile 90.0%: 0.452
[2018-02-05 14:06:39,746 INFO Engine.final-stats] Percentile 95.0%: 0.521
[2018-02-05 14:06:39,746 INFO Engine.final-stats] Percentile 99.0%: 0.668
[2018-02-05 14:06:39,746 INFO Engine.final-stats] Percentile 99.9%: 1.487
[2018-02-05 14:06:39,746 INFO Engine.final-stats] Percentile 100.0%: 22.720
[2018-02-05 14:06:39,747 DEBUG Engine.console] No logger_handler or orig_stream was detected
[2018-02-05 14:06:39,747 INFO Engine.final-stats] Test duration: 0:02:35
[2018-02-05 14:06:39,747 INFO Engine.final-stats] Samples count: 21872, 0.00% failures
[2018-02-05 14:06:39,747 INFO Engine.final-stats] Average times: total 0.310, latency 0.297, connect 0.000
[2018-02-05 14:06:39,747 INFO Engine.final-stats] Percentile 0.0%: 0.165
[2018-02-05 14:06:39,747 INFO Engine.final-stats] Percentile 50.0%: 0.282
[2018-02-05 14:06:39,748 INFO Engine.final-stats] Percentile 90.0%: 0.452
[2018-02-05 14:06:39,748 INFO Engine.final-stats] Percentile 95.0%: 0.521
[2018-02-05 14:06:39,748 INFO Engine.final-stats] Percentile 99.0%: 0.668
[2018-02-05 14:06:39,748 INFO Engine.final-stats] Percentile 99.9%: 1.487
[2018-02-05 14:06:39,748 INFO Engine.final-stats] Percentile 100.0%: 22.720
[2018-02-05 14:06:39,748 INFO Engine.final-stats] Dumping final status as XML: stats.xml
[2018-02-05 14:06:39,756 DEBUG Engine.Configuration] Dumping YAML config into /Users/daper01/Documents/OSLo/artifacts/2018-02-05_14-03-53.999001/effective.yml
[2018-02-05 14:06:39,852 DEBUG Engine.Configuration] Dumping JSON config into /Users/daper01/Documents/OSLo/artifacts/2018-02-05_14-03-53.999001/effective.json
[2018-02-05 14:06:39,854 INFO root] Artifacts dir: /Users/daper01/Documents/OSLo/artifacts/2018-02-05_14-03-53.999001
[2018-02-05 14:06:39,855 INFO root] Done performing with code: 0
[2018-02-05 14:06:39,855 DEBUG root] Closing log handler: /Users/daper01/Documents/OSLo/artifacts/2018-02-05_14-03-53.999001/bzt.log
