2018-02-05 14:04:05,896 INFO o.a.j.u.JMeterUtils: Setting Locale to en_US
2018-02-05 14:04:05,908 INFO o.a.j.JMeter: Loading user properties from: /Users/daper01/.bzt/jmeter-taurus/3.3/bin/user.properties
2018-02-05 14:04:05,909 INFO o.a.j.JMeter: Loading system properties from: /Users/daper01/.bzt/jmeter-taurus/3.3/bin/system.properties
2018-02-05 14:04:05,910 INFO o.a.j.JMeter: Setting System properties from file: /Users/daper01/Documents/OSLo/artifacts/2018-02-05_14-03-53.999001/system.properties
2018-02-05 14:04:05,915 INFO o.a.j.JMeter: Copyright (c) 1998-2017 The Apache Software Foundation
2018-02-05 14:04:05,915 INFO o.a.j.JMeter: Version 3.3 r1808647
2018-02-05 14:04:05,915 INFO o.a.j.JMeter: java.version=1.8.0_121
2018-02-05 14:04:05,916 INFO o.a.j.JMeter: java.vm.name=Java HotSpot(TM) 64-Bit Server VM
2018-02-05 14:04:05,916 INFO o.a.j.JMeter: os.name=Mac OS X
2018-02-05 14:04:05,916 INFO o.a.j.JMeter: os.arch=x86_64
2018-02-05 14:04:05,916 INFO o.a.j.JMeter: os.version=10.13.1
2018-02-05 14:04:05,916 INFO o.a.j.JMeter: file.encoding=UTF-8
2018-02-05 14:04:05,916 INFO o.a.j.JMeter: Max memory     =3817865216
2018-02-05 14:04:05,916 INFO o.a.j.JMeter: Available Processors =4
2018-02-05 14:04:05,920 INFO o.a.j.JMeter: Default Locale=English (United States)
2018-02-05 14:04:05,920 INFO o.a.j.JMeter: JMeter  Locale=English (United States)
2018-02-05 14:04:05,920 INFO o.a.j.JMeter: JMeterHome=/Users/daper01/.bzt/jmeter-taurus/3.3
2018-02-05 14:04:05,920 INFO o.a.j.JMeter: user.dir  =/Users/daper01/Documents/OSLo
2018-02-05 14:04:05,920 INFO o.a.j.JMeter: PWD       =/Users/daper01/Documents/OSLo
2018-02-05 14:04:05,922 INFO o.a.j.JMeter: IP: 10.137.176.80 Name: daper01mac1124 FullName: daper01mac1124.ca.com
2018-02-05 14:04:05,922 INFO o.a.j.JMeter: user.classpath=/Users/daper01/Documents/OSLo/artifacts/2018-02-05_14-03-53.999001:/Users/daper01/Documents/OSLo/artifacts/2018-02-05_14-03-53.999001
2018-02-05 14:04:05,922 INFO o.a.j.JMeter: Adding to classpath and loader: /Users/daper01/Documents/OSLo/artifacts/2018-02-05_14-03-53.999001
2018-02-05 14:04:05,923 INFO o.a.j.JMeter: Adding to classpath and loader: /Users/daper01/Documents/OSLo/artifacts/2018-02-05_14-03-53.999001
2018-02-05 14:04:05,926 INFO o.a.j.s.FileServer: Default base='/Users/daper01/Documents/OSLo'
2018-02-05 14:04:05,926 INFO o.a.j.s.FileServer: Set new base='/Users/daper01/Documents/OSLo/artifacts/2018-02-05_14-03-53.999001'
2018-02-05 14:04:06,075 INFO o.a.j.s.SaveService: Testplan (JMX) version: 2.2. Testlog (JTL) version: 2.2
2018-02-05 14:04:06,093 INFO o.a.j.s.SaveService: Using SaveService properties file encoding UTF-8
2018-02-05 14:04:06,098 INFO o.a.j.s.SaveService: Using SaveService properties version 3.2
2018-02-05 14:04:06,103 INFO o.a.j.s.SaveService: Loading file: /Users/daper01/Documents/OSLo/artifacts/2018-02-05_14-03-53.999001/modified_requests.jmx
2018-02-05 14:04:06,302 INFO o.a.j.p.h.c.CacheManager: Will only cache the following methods: [GET]
2018-02-05 14:04:06,304 INFO o.a.j.p.h.c.CookieManager: Settings: Delete null: true Check: true Allow variable: true Save: false Prefix: COOKIE_
2018-02-05 14:04:06,319 INFO o.a.j.p.h.s.HTTPSamplerBase: Parser for text/html is org.apache.jmeter.protocol.http.parser.LagartoBasedHtmlParser
2018-02-05 14:04:06,319 INFO o.a.j.p.h.s.HTTPSamplerBase: Parser for application/xhtml+xml is org.apache.jmeter.protocol.http.parser.LagartoBasedHtmlParser
2018-02-05 14:04:06,319 INFO o.a.j.p.h.s.HTTPSamplerBase: Parser for application/xml is org.apache.jmeter.protocol.http.parser.LagartoBasedHtmlParser
2018-02-05 14:04:06,319 INFO o.a.j.p.h.s.HTTPSamplerBase: Parser for text/xml is org.apache.jmeter.protocol.http.parser.LagartoBasedHtmlParser
2018-02-05 14:04:06,319 INFO o.a.j.p.h.s.HTTPSamplerBase: Parser for text/vnd.wap.wml is org.apache.jmeter.protocol.http.parser.RegexpHTMLParser
2018-02-05 14:04:06,319 INFO o.a.j.p.h.s.HTTPSamplerBase: Parser for text/css is org.apache.jmeter.protocol.http.parser.CssParser
2018-02-05 14:04:06,342 INFO o.a.j.e.StandardJMeterEngine: Running the test!
2018-02-05 14:04:06,343 INFO o.a.j.s.SampleEvent: List of sample_variables: []
2018-02-05 14:04:06,343 INFO o.a.j.s.SampleEvent: List of sample_variables: []
2018-02-05 14:04:06,346 INFO o.a.j.e.u.CompoundVariable: Note: Function class names must contain the string: '.functions.'
2018-02-05 14:04:06,346 INFO o.a.j.e.u.CompoundVariable: Note: Function class names must not contain the string: '.gui.'
2018-02-05 14:04:06,886 INFO o.a.j.JMeter: Running test (1517868246886)
2018-02-05 14:04:06,928 INFO o.a.j.e.StandardJMeterEngine: Starting ThreadGroup: 1 : blazedemo
2018-02-05 14:04:06,928 INFO o.a.j.e.StandardJMeterEngine: Starting 50 threads for group blazedemo.
2018-02-05 14:04:06,928 INFO o.a.j.e.StandardJMeterEngine: Thread will continue on error
2018-02-05 14:04:06,931 INFO o.a.j.e.StandardJMeterEngine: All thread groups have been started
2018-02-05 14:04:06,931 INFO c.b.j.t.c.ConcurrencyThreadStarter: Start supplying threads
2018-02-05 14:04:07,235 INFO o.a.j.s.SampleResult: Note: Sample TimeStamps are START times
2018-02-05 14:04:07,235 INFO o.a.j.s.SampleResult: sampleresult.default.encoding is set to UTF-8
2018-02-05 14:04:07,235 INFO o.a.j.s.SampleResult: sampleresult.useNanoTime=true
2018-02-05 14:04:07,235 INFO o.a.j.s.SampleResult: sampleresult.nanoThreadSleep=5000
2018-02-05 14:04:08,049 INFO o.a.j.t.JMeterThread: Thread started: blazedemo 1-1
2018-02-05 14:04:08,052 INFO o.a.j.s.FileServer: Stored: /Users/daper01/Documents/OSLo/param.csv
2018-02-05 14:04:08,095 INFO o.a.j.p.h.s.HTTPHCAbstractImpl: Local host = daper01mac1124
2018-02-05 14:04:08,100 INFO o.a.j.p.h.s.HTTPHC4Impl: HTTP request retry count = 0
2018-02-05 14:04:08,240 INFO o.a.j.t.JMeterThread: Thread started: blazedemo 1-2
2018-02-05 14:04:09,247 INFO o.a.j.t.JMeterThread: Thread started: blazedemo 1-3
2018-02-05 14:04:09,252 INFO o.a.j.t.JMeterThread: Thread started: blazedemo 1-4
2018-02-05 14:04:10,259 INFO o.a.j.t.JMeterThread: Thread started: blazedemo 1-5
2018-02-05 14:04:10,264 INFO o.a.j.t.JMeterThread: Thread started: blazedemo 1-6
2018-02-05 14:04:11,269 INFO o.a.j.t.JMeterThread: Thread started: blazedemo 1-7
2018-02-05 14:04:12,272 INFO o.a.j.t.JMeterThread: Thread started: blazedemo 1-8
2018-02-05 14:04:12,277 INFO o.a.j.t.JMeterThread: Thread started: blazedemo 1-9
2018-02-05 14:04:13,279 INFO o.a.j.t.JMeterThread: Thread started: blazedemo 1-10
2018-02-05 14:04:13,282 INFO o.a.j.t.JMeterThread: Thread started: blazedemo 1-11
2018-02-05 14:04:14,287 INFO o.a.j.t.JMeterThread: Thread started: blazedemo 1-12
2018-02-05 14:04:15,294 INFO o.a.j.t.JMeterThread: Thread started: blazedemo 1-13
2018-02-05 14:04:15,296 INFO o.a.j.t.JMeterThread: Thread started: blazedemo 1-14
2018-02-05 14:04:16,303 INFO o.a.j.t.JMeterThread: Thread started: blazedemo 1-15
2018-02-05 14:04:16,306 INFO o.a.j.t.JMeterThread: Thread started: blazedemo 1-16
2018-02-05 14:04:17,313 INFO o.a.j.t.JMeterThread: Thread started: blazedemo 1-17
2018-02-05 14:04:18,318 INFO o.a.j.t.JMeterThread: Thread started: blazedemo 1-18
2018-02-05 14:04:18,321 INFO o.a.j.t.JMeterThread: Thread started: blazedemo 1-19
2018-02-05 14:04:19,326 INFO o.a.j.t.JMeterThread: Thread started: blazedemo 1-20
2018-02-05 14:04:19,327 INFO o.a.j.t.JMeterThread: Thread started: blazedemo 1-21
2018-02-05 14:04:20,328 INFO o.a.j.t.JMeterThread: Thread started: blazedemo 1-22
2018-02-05 14:04:21,330 INFO o.a.j.t.JMeterThread: Thread started: blazedemo 1-23
2018-02-05 14:04:21,330 INFO o.a.j.t.JMeterThread: Thread started: blazedemo 1-24
2018-02-05 14:04:22,333 INFO o.a.j.t.JMeterThread: Thread started: blazedemo 1-25
2018-02-05 14:04:22,334 INFO o.a.j.t.JMeterThread: Thread started: blazedemo 1-26
2018-02-05 14:04:23,337 INFO o.a.j.t.JMeterThread: Thread started: blazedemo 1-27
2018-02-05 14:04:24,342 INFO o.a.j.t.JMeterThread: Thread started: blazedemo 1-28
2018-02-05 14:04:24,343 INFO o.a.j.t.JMeterThread: Thread started: blazedemo 1-29
2018-02-05 14:04:25,345 INFO o.a.j.t.JMeterThread: Thread started: blazedemo 1-30
2018-02-05 14:04:25,347 INFO o.a.j.t.JMeterThread: Thread started: blazedemo 1-31
2018-02-05 14:04:26,351 INFO o.a.j.t.JMeterThread: Thread started: blazedemo 1-32
2018-02-05 14:04:27,356 INFO o.a.j.t.JMeterThread: Thread started: blazedemo 1-33
2018-02-05 14:04:27,359 INFO o.a.j.t.JMeterThread: Thread started: blazedemo 1-34
2018-02-05 14:04:28,362 INFO o.a.j.t.JMeterThread: Thread started: blazedemo 1-35
2018-02-05 14:04:28,363 INFO o.a.j.t.JMeterThread: Thread started: blazedemo 1-36
2018-02-05 14:04:29,364 INFO o.a.j.t.JMeterThread: Thread started: blazedemo 1-37
2018-02-05 14:04:30,369 INFO o.a.j.t.JMeterThread: Thread started: blazedemo 1-38
2018-02-05 14:04:30,371 INFO o.a.j.t.JMeterThread: Thread started: blazedemo 1-39
2018-02-05 14:04:31,375 INFO o.a.j.t.JMeterThread: Thread started: blazedemo 1-40
2018-02-05 14:04:31,378 INFO o.a.j.t.JMeterThread: Thread started: blazedemo 1-41
2018-02-05 14:04:32,379 INFO o.a.j.t.JMeterThread: Thread started: blazedemo 1-42
2018-02-05 14:04:33,380 INFO o.a.j.t.JMeterThread: Thread started: blazedemo 1-43
2018-02-05 14:04:33,380 INFO o.a.j.t.JMeterThread: Thread started: blazedemo 1-44
2018-02-05 14:04:34,381 INFO o.a.j.t.JMeterThread: Thread started: blazedemo 1-45
2018-02-05 14:04:34,382 INFO o.a.j.t.JMeterThread: Thread started: blazedemo 1-46
2018-02-05 14:04:35,385 INFO o.a.j.t.JMeterThread: Thread started: blazedemo 1-47
2018-02-05 14:04:36,387 INFO o.a.j.t.JMeterThread: Thread started: blazedemo 1-48
2018-02-05 14:04:36,387 INFO o.a.j.t.JMeterThread: Thread started: blazedemo 1-49
2018-02-05 14:04:37,392 INFO o.a.j.t.JMeterThread: Thread started: blazedemo 1-50
2018-02-05 14:06:37,692 INFO c.b.j.t.c.ConcurrencyThreadStarter: Done supplying threads
2018-02-05 14:06:37,705 INFO c.b.j.c.VirtualUserController: Test limit reached, thread is done: blazedemo 1-9
2018-02-05 14:06:37,705 INFO c.b.j.c.VirtualUserController: Test limit reached, thread is done: blazedemo 1-11
2018-02-05 14:06:37,705 INFO o.a.j.t.JMeterThread: Thread is done: blazedemo 1-11
2018-02-05 14:06:37,705 INFO o.a.j.t.JMeterThread: Thread is done: blazedemo 1-9
2018-02-05 14:06:37,705 INFO o.a.j.t.JMeterThread: Thread finished: blazedemo 1-11
2018-02-05 14:06:37,705 INFO o.a.j.t.JMeterThread: Thread finished: blazedemo 1-9
2018-02-05 14:06:37,730 INFO c.b.j.c.VirtualUserController: Test limit reached, thread is done: blazedemo 1-49
2018-02-05 14:06:37,730 INFO o.a.j.t.JMeterThread: Thread is done: blazedemo 1-49
2018-02-05 14:06:37,731 INFO o.a.j.t.JMeterThread: Thread finished: blazedemo 1-49
2018-02-05 14:06:37,735 INFO c.b.j.c.VirtualUserController: Test limit reached, thread is done: blazedemo 1-16
2018-02-05 14:06:37,736 INFO o.a.j.t.JMeterThread: Thread is done: blazedemo 1-16
2018-02-05 14:06:37,736 INFO o.a.j.t.JMeterThread: Thread finished: blazedemo 1-16
2018-02-05 14:06:37,796 INFO c.b.j.c.VirtualUserController: Test limit reached, thread is done: blazedemo 1-48
2018-02-05 14:06:37,796 INFO o.a.j.t.JMeterThread: Thread is done: blazedemo 1-48
2018-02-05 14:06:37,796 INFO o.a.j.t.JMeterThread: Thread finished: blazedemo 1-48
2018-02-05 14:06:37,826 INFO c.b.j.c.VirtualUserController: Test limit reached, thread is done: blazedemo 1-47
2018-02-05 14:06:37,826 INFO o.a.j.t.JMeterThread: Thread is done: blazedemo 1-47
2018-02-05 14:06:37,826 INFO o.a.j.t.JMeterThread: Thread finished: blazedemo 1-47
2018-02-05 14:06:37,856 INFO c.b.j.c.VirtualUserController: Test limit reached, thread is done: blazedemo 1-43
2018-02-05 14:06:37,856 INFO o.a.j.t.JMeterThread: Thread is done: blazedemo 1-43
2018-02-05 14:06:37,856 INFO o.a.j.t.JMeterThread: Thread finished: blazedemo 1-43
2018-02-05 14:06:37,901 INFO c.b.j.c.VirtualUserController: Test limit reached, thread is done: blazedemo 1-22
2018-02-05 14:06:37,901 INFO o.a.j.t.JMeterThread: Thread is done: blazedemo 1-22
2018-02-05 14:06:37,901 INFO o.a.j.t.JMeterThread: Thread finished: blazedemo 1-22
2018-02-05 14:06:37,906 INFO c.b.j.c.VirtualUserController: Test limit reached, thread is done: blazedemo 1-2
2018-02-05 14:06:37,907 INFO o.a.j.t.JMeterThread: Thread is done: blazedemo 1-2
2018-02-05 14:06:37,907 INFO o.a.j.t.JMeterThread: Thread finished: blazedemo 1-2
2018-02-05 14:06:37,914 INFO c.b.j.c.VirtualUserController: Test limit reached, thread is done: blazedemo 1-3
2018-02-05 14:06:37,914 INFO o.a.j.t.JMeterThread: Thread is done: blazedemo 1-3
2018-02-05 14:06:37,915 INFO o.a.j.t.JMeterThread: Thread finished: blazedemo 1-3
2018-02-05 14:06:37,918 INFO c.b.j.c.VirtualUserController: Test limit reached, thread is done: blazedemo 1-28
2018-02-05 14:06:37,918 INFO o.a.j.t.JMeterThread: Thread is done: blazedemo 1-28
2018-02-05 14:06:37,918 INFO o.a.j.t.JMeterThread: Thread finished: blazedemo 1-28
2018-02-05 14:06:37,919 INFO c.b.j.c.VirtualUserController: Test limit reached, thread is done: blazedemo 1-29
2018-02-05 14:06:37,919 INFO o.a.j.t.JMeterThread: Thread is done: blazedemo 1-29
2018-02-05 14:06:37,920 INFO o.a.j.t.JMeterThread: Thread finished: blazedemo 1-29
2018-02-05 14:06:37,933 INFO c.b.j.c.VirtualUserController: Test limit reached, thread is done: blazedemo 1-24
2018-02-05 14:06:37,933 INFO o.a.j.t.JMeterThread: Thread is done: blazedemo 1-24
2018-02-05 14:06:37,933 INFO o.a.j.t.JMeterThread: Thread finished: blazedemo 1-24
2018-02-05 14:06:37,945 INFO c.b.j.c.VirtualUserController: Test limit reached, thread is done: blazedemo 1-19
2018-02-05 14:06:37,945 INFO o.a.j.t.JMeterThread: Thread is done: blazedemo 1-19
2018-02-05 14:06:37,945 INFO o.a.j.t.JMeterThread: Thread finished: blazedemo 1-19
2018-02-05 14:06:37,944 INFO c.b.j.c.VirtualUserController: Test limit reached, thread is done: blazedemo 1-35
2018-02-05 14:06:37,946 INFO o.a.j.t.JMeterThread: Thread is done: blazedemo 1-35
2018-02-05 14:06:37,946 INFO o.a.j.t.JMeterThread: Thread finished: blazedemo 1-35
2018-02-05 14:06:37,947 INFO c.b.j.c.VirtualUserController: Test limit reached, thread is done: blazedemo 1-13
2018-02-05 14:06:37,948 INFO o.a.j.t.JMeterThread: Thread is done: blazedemo 1-13
2018-02-05 14:06:37,948 INFO o.a.j.t.JMeterThread: Thread finished: blazedemo 1-13
2018-02-05 14:06:37,949 INFO c.b.j.c.VirtualUserController: Test limit reached, thread is done: blazedemo 1-15
2018-02-05 14:06:37,950 INFO o.a.j.t.JMeterThread: Thread is done: blazedemo 1-15
2018-02-05 14:06:37,950 INFO o.a.j.t.JMeterThread: Thread finished: blazedemo 1-15
2018-02-05 14:06:37,953 INFO c.b.j.c.VirtualUserController: Test limit reached, thread is done: blazedemo 1-5
2018-02-05 14:06:37,953 INFO o.a.j.t.JMeterThread: Thread is done: blazedemo 1-5
2018-02-05 14:06:37,953 INFO o.a.j.t.JMeterThread: Thread finished: blazedemo 1-5
2018-02-05 14:06:37,956 INFO c.b.j.c.VirtualUserController: Test limit reached, thread is done: blazedemo 1-17
2018-02-05 14:06:37,957 INFO o.a.j.t.JMeterThread: Thread is done: blazedemo 1-17
2018-02-05 14:06:37,958 INFO o.a.j.t.JMeterThread: Thread finished: blazedemo 1-17
2018-02-05 14:06:38,024 INFO c.b.j.c.VirtualUserController: Test limit reached, thread is done: blazedemo 1-30
2018-02-05 14:06:38,025 INFO o.a.j.t.JMeterThread: Thread is done: blazedemo 1-30
2018-02-05 14:06:38,025 INFO o.a.j.t.JMeterThread: Thread finished: blazedemo 1-30
2018-02-05 14:06:38,048 INFO c.b.j.c.VirtualUserController: Test limit reached, thread is done: blazedemo 1-23
2018-02-05 14:06:38,048 INFO o.a.j.t.JMeterThread: Thread is done: blazedemo 1-23
2018-02-05 14:06:38,048 INFO o.a.j.t.JMeterThread: Thread finished: blazedemo 1-23
2018-02-05 14:06:38,064 INFO c.b.j.c.VirtualUserController: Test limit reached, thread is done: blazedemo 1-10
2018-02-05 14:06:38,064 INFO o.a.j.t.JMeterThread: Thread is done: blazedemo 1-10
2018-02-05 14:06:38,064 INFO o.a.j.t.JMeterThread: Thread finished: blazedemo 1-10
2018-02-05 14:06:38,079 INFO c.b.j.c.VirtualUserController: Test limit reached, thread is done: blazedemo 1-4
2018-02-05 14:06:38,079 INFO o.a.j.t.JMeterThread: Thread is done: blazedemo 1-4
2018-02-05 14:06:38,079 INFO o.a.j.t.JMeterThread: Thread finished: blazedemo 1-4
2018-02-05 14:06:38,099 INFO c.b.j.c.VirtualUserController: Test limit reached, thread is done: blazedemo 1-31
2018-02-05 14:06:38,099 INFO o.a.j.t.JMeterThread: Thread is done: blazedemo 1-31
2018-02-05 14:06:38,099 INFO o.a.j.t.JMeterThread: Thread finished: blazedemo 1-31
2018-02-05 14:06:38,103 INFO c.b.j.c.VirtualUserController: Test limit reached, thread is done: blazedemo 1-6
2018-02-05 14:06:38,103 INFO o.a.j.t.JMeterThread: Thread is done: blazedemo 1-6
2018-02-05 14:06:38,103 INFO o.a.j.t.JMeterThread: Thread finished: blazedemo 1-6
2018-02-05 14:06:38,137 INFO c.b.j.c.VirtualUserController: Test limit reached, thread is done: blazedemo 1-41
2018-02-05 14:06:38,137 INFO o.a.j.t.JMeterThread: Thread is done: blazedemo 1-41
2018-02-05 14:06:38,137 INFO o.a.j.t.JMeterThread: Thread finished: blazedemo 1-41
2018-02-05 14:06:38,139 INFO c.b.j.c.VirtualUserController: Test limit reached, thread is done: blazedemo 1-14
2018-02-05 14:06:38,139 INFO o.a.j.t.JMeterThread: Thread is done: blazedemo 1-14
2018-02-05 14:06:38,139 INFO o.a.j.t.JMeterThread: Thread finished: blazedemo 1-14
2018-02-05 14:06:38,143 INFO c.b.j.c.VirtualUserController: Test limit reached, thread is done: blazedemo 1-50
2018-02-05 14:06:38,143 INFO o.a.j.t.JMeterThread: Thread is done: blazedemo 1-50
2018-02-05 14:06:38,144 INFO o.a.j.t.JMeterThread: Thread finished: blazedemo 1-50
2018-02-05 14:06:38,164 INFO c.b.j.c.VirtualUserController: Test limit reached, thread is done: blazedemo 1-39
2018-02-05 14:06:38,164 INFO o.a.j.t.JMeterThread: Thread is done: blazedemo 1-39
2018-02-05 14:06:38,164 INFO o.a.j.t.JMeterThread: Thread finished: blazedemo 1-39
2018-02-05 14:06:38,190 INFO c.b.j.c.VirtualUserController: Test limit reached, thread is done: blazedemo 1-21
2018-02-05 14:06:38,193 INFO o.a.j.t.JMeterThread: Thread is done: blazedemo 1-21
2018-02-05 14:06:38,194 INFO o.a.j.t.JMeterThread: Thread finished: blazedemo 1-21
2018-02-05 14:06:38,206 INFO c.b.j.c.VirtualUserController: Test limit reached, thread is done: blazedemo 1-26
2018-02-05 14:06:38,208 INFO o.a.j.t.JMeterThread: Thread is done: blazedemo 1-26
2018-02-05 14:06:38,209 INFO o.a.j.t.JMeterThread: Thread finished: blazedemo 1-26
2018-02-05 14:06:38,224 INFO c.b.j.c.VirtualUserController: Test limit reached, thread is done: blazedemo 1-20
2018-02-05 14:06:38,225 INFO o.a.j.t.JMeterThread: Thread is done: blazedemo 1-20
2018-02-05 14:06:38,227 INFO o.a.j.t.JMeterThread: Thread finished: blazedemo 1-20
2018-02-05 14:06:38,228 INFO c.b.j.c.VirtualUserController: Test limit reached, thread is done: blazedemo 1-45
2018-02-05 14:06:38,228 INFO o.a.j.t.JMeterThread: Thread is done: blazedemo 1-45
2018-02-05 14:06:38,228 INFO o.a.j.t.JMeterThread: Thread finished: blazedemo 1-45
2018-02-05 14:06:38,242 INFO c.b.j.c.VirtualUserController: Test limit reached, thread is done: blazedemo 1-1
2018-02-05 14:06:38,243 INFO o.a.j.t.JMeterThread: Thread is done: blazedemo 1-1
2018-02-05 14:06:38,243 INFO o.a.j.t.JMeterThread: Thread finished: blazedemo 1-1
2018-02-05 14:06:38,260 INFO c.b.j.c.VirtualUserController: Test limit reached, thread is done: blazedemo 1-40
2018-02-05 14:06:38,261 INFO c.b.j.c.VirtualUserController: Test limit reached, thread is done: blazedemo 1-27
2018-02-05 14:06:38,261 INFO o.a.j.t.JMeterThread: Thread is done: blazedemo 1-27
2018-02-05 14:06:38,261 INFO c.b.j.c.VirtualUserController: Test limit reached, thread is done: blazedemo 1-32
2018-02-05 14:06:38,261 INFO o.a.j.t.JMeterThread: Thread is done: blazedemo 1-40
2018-02-05 14:06:38,261 INFO o.a.j.t.JMeterThread: Thread finished: blazedemo 1-27
2018-02-05 14:06:38,261 INFO o.a.j.t.JMeterThread: Thread is done: blazedemo 1-32
2018-02-05 14:06:38,261 INFO o.a.j.t.JMeterThread: Thread finished: blazedemo 1-40
2018-02-05 14:06:38,261 INFO o.a.j.t.JMeterThread: Thread finished: blazedemo 1-32
2018-02-05 14:06:38,298 INFO c.b.j.c.VirtualUserController: Test limit reached, thread is done: blazedemo 1-44
2018-02-05 14:06:38,298 INFO o.a.j.t.JMeterThread: Thread is done: blazedemo 1-44
2018-02-05 14:06:38,298 INFO o.a.j.t.JMeterThread: Thread finished: blazedemo 1-44
2018-02-05 14:06:38,299 INFO c.b.j.c.VirtualUserController: Test limit reached, thread is done: blazedemo 1-34
2018-02-05 14:06:38,299 INFO o.a.j.t.JMeterThread: Thread is done: blazedemo 1-34
2018-02-05 14:06:38,300 INFO o.a.j.t.JMeterThread: Thread finished: blazedemo 1-34
2018-02-05 14:06:38,350 INFO c.b.j.c.VirtualUserController: Test limit reached, thread is done: blazedemo 1-25
2018-02-05 14:06:38,350 INFO o.a.j.t.JMeterThread: Thread is done: blazedemo 1-25
2018-02-05 14:06:38,350 INFO o.a.j.t.JMeterThread: Thread finished: blazedemo 1-25
2018-02-05 14:06:38,360 INFO c.b.j.c.VirtualUserController: Test limit reached, thread is done: blazedemo 1-7
2018-02-05 14:06:38,360 INFO o.a.j.t.JMeterThread: Thread is done: blazedemo 1-7
2018-02-05 14:06:38,361 INFO o.a.j.t.JMeterThread: Thread finished: blazedemo 1-7
2018-02-05 14:06:38,361 INFO c.b.j.c.VirtualUserController: Test limit reached, thread is done: blazedemo 1-12
2018-02-05 14:06:38,361 INFO o.a.j.t.JMeterThread: Thread is done: blazedemo 1-12
2018-02-05 14:06:38,361 INFO o.a.j.t.JMeterThread: Thread finished: blazedemo 1-12
2018-02-05 14:06:38,386 INFO c.b.j.c.VirtualUserController: Test limit reached, thread is done: blazedemo 1-18
2018-02-05 14:06:38,386 INFO o.a.j.t.JMeterThread: Thread is done: blazedemo 1-18
2018-02-05 14:06:38,386 INFO o.a.j.t.JMeterThread: Thread finished: blazedemo 1-18
2018-02-05 14:06:38,386 INFO c.b.j.c.VirtualUserController: Test limit reached, thread is done: blazedemo 1-8
2018-02-05 14:06:38,386 INFO o.a.j.t.JMeterThread: Thread is done: blazedemo 1-8
2018-02-05 14:06:38,387 INFO o.a.j.t.JMeterThread: Thread finished: blazedemo 1-8
2018-02-05 14:06:38,395 INFO c.b.j.c.VirtualUserController: Test limit reached, thread is done: blazedemo 1-37
2018-02-05 14:06:38,396 INFO o.a.j.t.JMeterThread: Thread is done: blazedemo 1-37
2018-02-05 14:06:38,396 INFO o.a.j.t.JMeterThread: Thread finished: blazedemo 1-37
2018-02-05 14:06:38,405 INFO c.b.j.c.VirtualUserController: Test limit reached, thread is done: blazedemo 1-33
2018-02-05 14:06:38,406 INFO o.a.j.t.JMeterThread: Thread is done: blazedemo 1-33
2018-02-05 14:06:38,406 INFO o.a.j.t.JMeterThread: Thread finished: blazedemo 1-33
2018-02-05 14:06:38,408 INFO c.b.j.c.VirtualUserController: Test limit reached, thread is done: blazedemo 1-36
2018-02-05 14:06:38,409 INFO o.a.j.t.JMeterThread: Thread is done: blazedemo 1-36
2018-02-05 14:06:38,409 INFO o.a.j.t.JMeterThread: Thread finished: blazedemo 1-36
2018-02-05 14:06:38,412 INFO c.b.j.c.VirtualUserController: Test limit reached, thread is done: blazedemo 1-46
2018-02-05 14:06:38,412 INFO o.a.j.t.JMeterThread: Thread is done: blazedemo 1-46
2018-02-05 14:06:38,412 INFO o.a.j.t.JMeterThread: Thread finished: blazedemo 1-46
2018-02-05 14:06:38,463 INFO c.b.j.c.VirtualUserController: Test limit reached, thread is done: blazedemo 1-42
2018-02-05 14:06:38,463 INFO o.a.j.t.JMeterThread: Thread is done: blazedemo 1-42
2018-02-05 14:06:38,463 INFO o.a.j.t.JMeterThread: Thread finished: blazedemo 1-42
2018-02-05 14:06:38,466 INFO c.b.j.c.VirtualUserController: Test limit reached, thread is done: blazedemo 1-38
2018-02-05 14:06:38,466 INFO o.a.j.t.JMeterThread: Thread is done: blazedemo 1-38
2018-02-05 14:06:38,466 INFO o.a.j.t.JMeterThread: Thread finished: blazedemo 1-38
2018-02-05 14:06:38,466 INFO o.a.j.e.StandardJMeterEngine: Notifying test listeners of end of test
2018-02-05 14:06:38,466 INFO o.a.j.s.FileServer: Close: /Users/daper01/Documents/OSLo/param.csv
2018-02-05 14:06:38,467 INFO o.a.j.e.StandardJMeterEngine: Forced JVM shutdown requested at end of test
