[2017-12-18 13:56:15,567 INFO root] Taurus CLI Tool v1.9.6
[2017-12-18 13:56:15,567 DEBUG root] Command-line options: {'verbose': None, 'no_system_configs': None, 'quiet': None, 'log': '/var/folders/vq/xzrdy2lx047cst78f69v8z3xfzqz1q/T/bzt_L0rQQG.log', 'option': None, 'aliases': []}
[2017-12-18 13:56:15,567 DEBUG root] Python: CPython 2.7.13
[2017-12-18 13:56:15,567 DEBUG root] OS: ('Darwin', 'daper01mac1124', '17.2.0', 'Darwin Kernel Version 17.2.0: Fri Sep 29 18:27:05 PDT 2017; root:xnu-4570.20.62~3/RELEASE_X86_64', 'x86_64', 'i386')
[2017-12-18 13:56:15,567 INFO root] Starting with configs: ['sample.yml']
[2017-12-18 13:56:15,567 DEBUG root] Using personal config: /Users/daper01/.bzt-rc
[2017-12-18 13:56:15,567 INFO Engine] Configuring...
[2017-12-18 13:56:15,568 DEBUG Engine] Reading extension configs from: /usr/local/etc/bzt.d
[2017-12-18 13:56:15,568 DEBUG Engine.Configuration] Configs: ['/usr/local/lib/python2.7/site-packages/bzt/resources/base-config.yml', '/usr/local/etc/bzt.d/99-installID.yml']
[2017-12-18 13:56:15,568 DEBUG Engine.Configuration] Reading /usr/local/lib/python2.7/site-packages/bzt/resources/base-config.yml as YAML
[2017-12-18 13:56:15,594 DEBUG Engine.Configuration] Reading /usr/local/etc/bzt.d/99-installID.yml as YAML
[2017-12-18 13:56:15,595 DEBUG Engine.Configuration] Configs: ['/Users/daper01/.bzt-rc', 'sample.yml']
[2017-12-18 13:56:15,595 DEBUG Engine.Configuration] Reading /Users/daper01/.bzt-rc as YAML
[2017-12-18 13:56:15,596 DEBUG Engine.Configuration] Reading sample.yml as YAML
[2017-12-18 13:56:15,597 DEBUG Engine.Configuration] Configs: ['/Users/daper01/.bzt-rc', 'sample.yml']
[2017-12-18 13:56:15,598 DEBUG Engine.Configuration] Reading /Users/daper01/.bzt-rc as YAML
[2017-12-18 13:56:15,598 DEBUG Engine.Configuration] Reading sample.yml as YAML
[2017-12-18 13:56:15,608 DEBUG Engine] Requesting updates info: http://gettaurus.org/updates/?version=1.9.6&installID=784f43782a15
[2017-12-18 13:56:15,614 INFO Engine] Artifacts dir: /Users/daper01/Documents/OSLo/onboarding/2017-12-18_13-56-15.608607
[2017-12-18 13:56:15,614 DEBUG Engine] New artifact filename: /Users/daper01/Documents/OSLo/onboarding/2017-12-18_13-56-15.608607/effective
[2017-12-18 13:56:15,616 DEBUG Engine.Configuration] Dumping YAML config into /Users/daper01/Documents/OSLo/onboarding/2017-12-18_13-56-15.608607/effective.yml
[2017-12-18 13:56:15,637 DEBUG Engine.Configuration] Dumping JSON config into /Users/daper01/Documents/OSLo/onboarding/2017-12-18_13-56-15.608607/effective.json
[2017-12-18 13:56:15,638 DEBUG Engine] New artifact filename: /Users/daper01/Documents/OSLo/onboarding/2017-12-18_13-56-15.608607/merged.yml
[2017-12-18 13:56:15,638 DEBUG Engine.Configuration] Dumping YAML config into /Users/daper01/Documents/OSLo/onboarding/2017-12-18_13-56-15.608607/merged.yml
[2017-12-18 13:56:15,641 DEBUG Engine] New artifact filename: /Users/daper01/Documents/OSLo/onboarding/2017-12-18_13-56-15.608607/merged.json
[2017-12-18 13:56:15,642 DEBUG Engine.Configuration] Dumping JSON config into /Users/daper01/Documents/OSLo/onboarding/2017-12-18_13-56-15.608607/merged.json
[2017-12-18 13:56:15,643 DEBUG Engine] Add existing artifact (move=False): sample.yml
[2017-12-18 13:56:15,643 DEBUG Engine] Copying sample.yml to /Users/daper01/Documents/OSLo/onboarding/2017-12-18_13-56-15.608607/sample.yml
[2017-12-18 13:56:15,643 DEBUG root] Closing log handler: /var/folders/vq/xzrdy2lx047cst78f69v8z3xfzqz1q/T/bzt_L0rQQG.log
[2017-12-18 13:56:15,755 DEBUG root] Switched writing logs to /Users/daper01/Documents/OSLo/onboarding/2017-12-18_13-56-15.608607/bzt.log
[2017-12-18 13:56:15,756 INFO Engine] Preparing...
[2017-12-18 13:56:15,756 DEBUG Engine] Module config: consolidator defaultdict(None, {'class': 'bzt.modules.aggregator.ConsolidatingAggregator'})
[2017-12-18 13:56:15,756 DEBUG root] Importing module: bzt.modules.aggregator
[2017-12-18 13:56:15,759 DEBUG root] Loading class: 'ConsolidatingAggregator' from <module 'bzt.modules.aggregator' from '/usr/local/lib/python2.7/site-packages/bzt/modules/aggregator.pyc'>
[2017-12-18 13:56:15,760 DEBUG Engine.consolidator] Exception in dehumanize_time(inf)
[2017-12-18 13:56:15,760 DEBUG Engine.consolidator] Buffer scaling setup: percentile 95.0 from [0.0, 50.0, 90.0, 95.0, 99.0, 99.9, 100.0] selected
[2017-12-18 13:56:15,760 DEBUG Engine] Module config: monitoring defaultdict(None, {'class': 'bzt.modules.monitoring.Monitoring'})
[2017-12-18 13:56:15,760 DEBUG root] Importing module: bzt.modules.monitoring
[2017-12-18 13:56:15,772 DEBUG root] Loading class: 'Monitoring' from <module 'bzt.modules.monitoring' from '/usr/local/lib/python2.7/site-packages/bzt/modules/monitoring.pyc'>
[2017-12-18 13:56:15,772 DEBUG Engine] Module config: local defaultdict(None, {'class': 'bzt.modules.provisioning.Local'})
[2017-12-18 13:56:15,772 DEBUG root] Importing module: bzt.modules.provisioning
[2017-12-18 13:56:15,772 DEBUG root] Loading class: 'Local' from <module 'bzt.modules.provisioning' from '/usr/local/lib/python2.7/site-packages/bzt/modules/provisioning.pyc'>
[2017-12-18 13:56:15,772 DEBUG Engine] Module config: jmeter defaultdict(None, {'properties': defaultdict(None, {'jmeter.save.saveservice.autoflush': 'true', 'summariser.name': '', 'jmeter.save.saveservice.connect_time': 'true', 'mode': 'Stripped', 'jmeterengine.force.system.exit': 'true'}), 'class': 'bzt.modules.jmeter.JMeterExecutor', 'plugins': ['jpgc-casutg', 'jpgc-dummy', 'jpgc-ffw', 'jpgc-fifo', 'jpgc-functions', 'jpgc-json', 'jpgc-perfmon', 'jpgc-prmctl', 'jpgc-tst']})
[2017-12-18 13:56:15,773 DEBUG root] Importing module: bzt.modules.jmeter
[2017-12-18 13:56:15,781 DEBUG root] Loading class: 'JMeterExecutor' from <module 'bzt.modules.jmeter' from '/usr/local/lib/python2.7/site-packages/bzt/modules/jmeter.pyc'>
[2017-12-18 13:56:15,781 DEBUG Engine.local] Preparing executor: jmeter/4388674832
[2017-12-18 13:56:15,781 DEBUG Engine] New artifact filename: /Users/daper01/Documents/OSLo/onboarding/2017-12-18_13-56-15.608607/jmeter.log
[2017-12-18 13:56:15,781 DEBUG Engine.jmeter] Checking if port 4445 is free
[2017-12-18 13:56:15,782 DEBUG Engine.jmeter] Port 4445 is free
[2017-12-18 13:56:15,782 DEBUG Engine.jmeter] Using port 4445 for management
[2017-12-18 13:56:15,782 DEBUG Engine.jmeter.JavaVM] Trying JavaVM: ['java', '-version']
[2017-12-18 13:56:15,939 DEBUG Engine.jmeter.JavaVM] JavaVM output: java version "1.8.0_121"
Java(TM) SE Runtime Environment (build 1.8.0_121-b13)
Java HotSpot(TM) 64-Bit Server VM (build 25.121-b13, mixed mode)

[2017-12-18 13:56:15,939 DEBUG Engine.jmeter.TclLibrary] We don't need to check tcl library on this platform
[2017-12-18 13:56:15,939 DEBUG Engine.jmeter.JMeter] Trying jmeter: /Users/daper01/.bzt/jmeter-taurus/3.3/bin/jmeter.sh
[2017-12-18 13:56:15,940 DEBUG bzt.utils] Executing shell: ['/Users/daper01/.bzt/jmeter-taurus/3.3/bin/jmeter.sh', '-j', '/var/folders/vq/xzrdy2lx047cst78f69v8z3xfzqz1q/T/jmeteriazDu4log', '--version']
[2017-12-18 13:56:16,206 DEBUG Engine] Taurus updates info: {"latest":"1.10.3","needsUpgrade":true}
[2017-12-18 13:56:16,206 WARNING Engine] There is newer version of Taurus 1.10.3 available, consider upgrading. What's new: http://gettaurus.org/docs/Changelog/
[2017-12-18 13:56:18,488 DEBUG Engine.jmeter.JMeter] JMeter check:     _    ____   _    ____ _   _ _____       _ __  __ _____ _____ _____ ____     
   / \  |  _ \ / \  / ___| | | | ____|     | |  \/  | ____|_   _| ____|  _ \   
  / _ \ | |_) / _ \| |   | |_| |  _|    _  | | |\/| |  _|   | | |  _| | |_) | 
 / ___ \|  __/ ___ \ |___|  _  | |___  | |_| | |  | | |___  | | | |___|  _ <  
/_/   \_\_| /_/   \_\____|_| |_|_____|  \___/|_|  |_|_____| |_| |_____|_| \_\ 3.3 r1808647  

Copyright (c) 1999-2017 The Apache Software Foundation

 / None
[2017-12-18 13:56:18,489 DEBUG Engine] New artifact filename: /Users/daper01/Documents/OSLo/onboarding/2017-12-18_13-56-15.608607/requests.jmx
[2017-12-18 13:56:18,496 DEBUG JMeterScenarioBuilder] Saving JMX to: /Users/daper01/Documents/OSLo/onboarding/2017-12-18_13-56-15.608607/requests.jmx
[2017-12-18 13:56:18,498 DEBUG bzt.utils] Executing shell: ['/Users/daper01/.bzt/jmeter-taurus/3.3/bin/PluginsManagerCMD.sh', 'install-for-jmx', '/Users/daper01/Documents/OSLo/onboarding/2017-12-18_13-56-15.608607/requests.jmx']
[2017-12-18 13:56:21,915 DEBUG Engine.jmeter.JMeter] Try to detect plugins for /Users/daper01/Documents/OSLo/onboarding/2017-12-18_13-56-15.608607/requests.jmx
13:56:20.693 [main] INFO  org.jmeterplugins.repository.PluginManager - Plugins Status: [jpgc-functions=2.0, jpgc-casutg=2.1, jpgc-dummy=0.2, jpgc-ffw=2.0, jpgc-fifo=0.2, jpgc-json=2.6, jpgc-prmctl=0.3, jpgc-perfmon=2.1, jpgc-plugins-manager=0.16, jpgc-tst=2.1, jmeter-core=3.3, jmeter-ftp=3.3, jmeter-http=3.3, jmeter-jdbc=3.3, jmeter-jms=3.3, jmeter-junit=3.3, jmeter-java=3.3, jmeter-ldap=3.3, jmeter-mail=3.3, jmeter-mongodb=3.3, jmeter-native=3.3, jmeter-tcp=3.3, jmeter-components=3.3]
2017-12-18 13:56:20,693 INFO o.j.r.PluginManager: Plugins Status: [jpgc-functions=2.0, jpgc-casutg=2.1, jpgc-dummy=0.2, jpgc-ffw=2.0, jpgc-fifo=0.2, jpgc-json=2.6, jpgc-prmctl=0.3, jpgc-perfmon=2.1, jpgc-plugins-manager=0.16, jpgc-tst=2.1, jmeter-core=3.3, jmeter-ftp=3.3, jmeter-http=3.3, jmeter-jdbc=3.3, jmeter-jms=3.3, jmeter-junit=3.3, jmeter-java=3.3, jmeter-ldap=3.3, jmeter-mail=3.3, jmeter-mongodb=3.3, jmeter-native=3.3, jmeter-tcp=3.3, jmeter-components=3.3]
13:56:21.138 [main] INFO  org.apache.jmeter.save.SaveService - Testplan (JMX) version: 2.2. Testlog (JTL) version: 2.2
2017-12-18 13:56:21,138 INFO o.a.j.s.SaveService: Testplan (JMX) version: 2.2. Testlog (JTL) version: 2.2
13:56:21.209 [main] INFO  org.apache.jmeter.save.SaveService - Using SaveService properties file encoding UTF-8
2017-12-18 13:56:21,209 INFO o.a.j.s.SaveService: Using SaveService properties file encoding UTF-8
13:56:21.213 [main] INFO  org.apache.jmeter.save.SaveService - Using SaveService properties version 3.2
2017-12-18 13:56:21,213 INFO o.a.j.s.SaveService: Using SaveService properties version 3.2
13:56:21.256 [main] INFO  org.apache.jmeter.protocol.http.control.CacheManager - Will only cache the following methods: [GET]
2017-12-18 13:56:21,256 INFO o.a.j.p.h.c.CacheManager: Will only cache the following methods: [GET]
13:56:21.259 [main] INFO  org.apache.jmeter.protocol.http.control.CookieManager - Settings: Delete null: true Check: true Allow variable: true Save: false Prefix: COOKIE_
2017-12-18 13:56:21,259 INFO o.a.j.p.h.c.CookieManager: Settings: Delete null: true Check: true Allow variable: true Save: false Prefix: COOKIE_
13:56:21.346 [main] INFO  org.jmeterplugins.repository.PluginManager - Restarting JMeter...
2017-12-18 13:56:21,346 INFO o.j.r.PluginManager: Restarting JMeter...
13:56:21.348 [Thread-1] INFO  org.jmeterplugins.repository.PluginManager - Starting JMeter Plugins modifications
2017-12-18 13:56:21,348 INFO o.j.r.PluginManager: Starting JMeter Plugins modifications

ERROR StatusLogger No log4j2 configuration file found. Using default configuration: logging only errors to the console. Set system property 'org.apache.logging.log4j.simplelog.StatusLogger.level' to TRACE to show Log4j2 internal initialization logging.

[2017-12-18 13:56:21,916 DEBUG Engine.jmeter] Load: LoadSpec(concurrency=None, throughput=None, ramp_up=30.0, hold=300.0, iterations=0, duration=330.0, steps=None)
[2017-12-18 13:56:21,943 DEBUG Engine.jmeter.LoadSettingsProcessor.ThreadGroupHandler] Converting ThreadGroup (my_scenario) to ConcurrencyThreadGroup and apply load parameters
[2017-12-18 13:56:21,943 DEBUG Engine] New artifact filename: /Users/daper01/Documents/OSLo/onboarding/2017-12-18_13-56-15.608607/kpi.jtl
[2017-12-18 13:56:21,945 DEBUG Engine] New artifact filename: /Users/daper01/Documents/OSLo/onboarding/2017-12-18_13-56-15.608607/error.jtl
[2017-12-18 13:56:21,946 DEBUG Engine] New artifact filename: /Users/daper01/Documents/OSLo/onboarding/2017-12-18_13-56-15.608607/modified_requests.jmx
[2017-12-18 13:56:21,946 DEBUG JMX] Saving JMX to: /Users/daper01/Documents/OSLo/onboarding/2017-12-18_13-56-15.608607/modified_requests.jmx
[2017-12-18 13:56:21,947 DEBUG Engine.jmeter] Additional properties: defaultdict(None, {'jmeter.save.saveservice.autoflush': 'true', 'jmeter.save.saveservice.connect_time': 'true', 'user.classpath': '/Users/daper01/Documents/OSLo/onboarding/2017-12-18_13-56-15.608607', 'sampleresult.default.encoding': 'UTF-8', 'summariser.name': '', 'jmeterengine.force.system.exit': 'true', 'jmeter.save.saveservice.timestamp_format': 'ms', 'mode': 'Stripped', 'jmeterengine.nongui.maxport': 4445, 'jmeterengine.nongui.port': 4445})
[2017-12-18 13:56:21,948 DEBUG Engine] New artifact filename: /Users/daper01/Documents/OSLo/onboarding/2017-12-18_13-56-15.608607/jmeter-bzt.properties
[2017-12-18 13:56:21,948 DEBUG Engine.jmeter] Additional system properties defaultdict(None, {'sun.net.inetaddr.ttl': 0})
[2017-12-18 13:56:21,948 DEBUG Engine] New artifact filename: /Users/daper01/Documents/OSLo/onboarding/2017-12-18_13-56-15.608607/system.properties
[2017-12-18 13:56:21,949 DEBUG Engine] New artifact filename: /Users/daper01/Documents/OSLo/onboarding/2017-12-18_13-56-15.608607/jmeter.out
[2017-12-18 13:56:21,949 DEBUG Engine] New artifact filename: /Users/daper01/Documents/OSLo/onboarding/2017-12-18_13-56-15.608607/jmeter.err
[2017-12-18 13:56:21,950 DEBUG Engine] Module config: final-stats defaultdict(None, {'class': 'bzt.modules.reporting.FinalStatus'})
[2017-12-18 13:56:21,950 DEBUG root] Importing module: bzt.modules.reporting
[2017-12-18 13:56:31,872 DEBUG easyprocess] version=0.2.3
[2017-12-18 13:56:32,335 DEBUG pyvirtualdisplay] version=0.2.1
[2017-12-18 13:56:32,427 DEBUG root] Loading class: 'FinalStatus' from <module 'bzt.modules.reporting' from '/usr/local/lib/python2.7/site-packages/bzt/modules/reporting.pyc'>
[2017-12-18 13:56:32,427 DEBUG Engine] Module config: console defaultdict(None, {'class': 'bzt.modules.console.ConsoleStatusReporter'})
[2017-12-18 13:56:32,427 DEBUG root] Importing module: bzt.modules.console
[2017-12-18 13:56:32,427 DEBUG root] Loading class: 'ConsoleStatusReporter' from <module 'bzt.modules.console' from '/usr/local/lib/python2.7/site-packages/bzt/modules/console.pyc'>
[2017-12-18 13:56:32,435 DEBUG Engine.Configuration] Dumping YAML config into /Users/daper01/Documents/OSLo/onboarding/2017-12-18_13-56-15.608607/effective.yml
[2017-12-18 13:56:32,464 DEBUG Engine.Configuration] Dumping JSON config into /Users/daper01/Documents/OSLo/onboarding/2017-12-18_13-56-15.608607/effective.json
[2017-12-18 13:56:32,466 INFO Engine] Starting...
[2017-12-18 13:56:32,466 DEBUG Engine] Startup <bzt.modules.monitoring.Monitoring object at 0x1057f01d0>
[2017-12-18 13:56:32,467 DEBUG Engine] Startup <bzt.modules.aggregator.ConsolidatingAggregator object at 0x1057d3b10>
[2017-12-18 13:56:32,467 DEBUG Engine] Startup <bzt.modules.reporting.FinalStatus object at 0x1057b4510>
[2017-12-18 13:56:32,467 DEBUG Engine] Startup <bzt.modules.console.ConsoleStatusReporter object at 0x106314290>
[2017-12-18 13:56:32,467 INFO Engine.console] Waiting for results...
[2017-12-18 13:56:32,467 DEBUG Engine] Startup <bzt.modules.provisioning.Local object at 0x1057d3410>
[2017-12-18 13:56:32,468 DEBUG Engine.local] Delay setup for jmeter/my_scenario: 0(start-at) + 0(delay) = 0
[2017-12-18 13:56:32,470 DEBUG Engine.Configuration] Dumping YAML config into /Users/daper01/Documents/OSLo/onboarding/2017-12-18_13-56-15.608607/effective.yml
[2017-12-18 13:56:32,516 DEBUG Engine.Configuration] Dumping JSON config into /Users/daper01/Documents/OSLo/onboarding/2017-12-18_13-56-15.608607/effective.json
[2017-12-18 13:56:32,519 DEBUG root] Leveling down log file verbosity, use -v option to have DEBUG messages enabled
[2017-12-18 13:56:32,745 INFO Engine.console] Waiting for finish...
[2017-12-18 13:56:55,580 INFO Engine.jmeter.JTLReader] Changed data analysis delay to 7s
[2017-12-18 13:57:09,608 INFO Engine.jmeter.JTLReader] Changed data analysis delay to 2s
[2017-12-18 14:02:06,331 WARNING Engine] Please wait for graceful shutdown...
[2017-12-18 14:02:06,341 DEBUG root] Leveled up log file verbosity
[2017-12-18 14:02:06,342 INFO Engine] Shutting down...
[2017-12-18 14:02:06,353 DEBUG Engine.local] Shutdown jmeter/my_scenario
[2017-12-18 14:02:06,353 DEBUG Engine.console] Restoring logging streams, [<logging.StreamHandler object at 0x104d0c690>]/{<logging.StreamHandler object at 0x104d0c690>: <open file '<stdout>', mode 'w' at 0x103cde150>}
[2017-12-18 14:02:06,355 DEBUG Engine.Configuration] Dumping YAML config into /Users/daper01/Documents/OSLo/onboarding/2017-12-18_13-56-15.608607/effective.yml
[2017-12-18 14:02:06,392 DEBUG Engine.Configuration] Dumping JSON config into /Users/daper01/Documents/OSLo/onboarding/2017-12-18_13-56-15.608607/effective.json
[2017-12-18 14:02:06,393 INFO Engine] Post-processing...
[2017-12-18 14:02:06,393 DEBUG Engine.local] Post-process jmeter/my_scenario
[2017-12-18 14:02:06,393 DEBUG Engine] Add existing artifact (move=True): /Users/daper01/Documents/OSLo/onboarding/2017-12-18_13-56-15.608607/modified_requests.jmx
[2017-12-18 14:02:06,393 DEBUG Engine] No need to copy /Users/daper01/Documents/OSLo/onboarding/2017-12-18_13-56-15.608607/modified_requests.jmx
[2017-12-18 14:02:06,393 DEBUG Engine.jmeter.JTLReader.IncrementalCSVReader] Reading JTL: /Users/daper01/Documents/OSLo/onboarding/2017-12-18_13-56-15.608607/kpi.jtl
[2017-12-18 14:02:06,393 DEBUG Engine.jmeter.JTLReader.IncrementalCSVReader] Read lines: 0 / 0 bytes (at speed 1048576)
[2017-12-18 14:02:06,394 DEBUG Engine.jmeter.JTLReader] Buffer len: 2
[2017-12-18 14:02:06,394 DEBUG Engine.jmeter.JTLReader] Aggregating: 1513634523
[2017-12-18 14:02:06,395 DEBUG Engine.jmeter.JTLReader] Aggregating: 1513634524
[2017-12-18 14:02:06,397 DEBUG Engine.consolidator] Consolidator buffer[4]: [1513634521, 1513634522, 1513634523, 1513634524]
[2017-12-18 14:02:06,397 DEBUG Engine.consolidator] Merging into 1513634521
[2017-12-18 14:02:06,397 DEBUG Engine.consolidator] Merging 1513634521
[2017-12-18 14:02:06,402 DEBUG Engine.consolidator] Processed datapoint: 1513634521/None
[2017-12-18 14:02:06,402 DEBUG Engine.consolidator] Merging into 1513634522
[2017-12-18 14:02:06,402 DEBUG Engine.consolidator] Merging 1513634522
[2017-12-18 14:02:06,407 DEBUG Engine.consolidator] Processed datapoint: 1513634522/None
[2017-12-18 14:02:06,407 DEBUG Engine.consolidator] Merging into 1513634523
[2017-12-18 14:02:06,407 DEBUG Engine.consolidator] Merging 1513634523
[2017-12-18 14:02:06,412 DEBUG Engine.consolidator] Processed datapoint: 1513634523/None
[2017-12-18 14:02:06,412 DEBUG Engine.consolidator] Merging into 1513634524
[2017-12-18 14:02:06,412 DEBUG Engine.consolidator] Merging 1513634524
[2017-12-18 14:02:06,419 DEBUG Engine.consolidator] Processed datapoint: 1513634524/None
[2017-12-18 14:02:06,419 INFO Engine.final-stats] Test duration: 0:05:34
[2017-12-18 14:02:06,419 INFO Engine.final-stats] Samples count: 725, 0.00% failures
[2017-12-18 14:02:06,419 INFO Engine.final-stats] Average times: total 0.435, latency 0.041, connect 0.000
[2017-12-18 14:02:06,419 INFO Engine.final-stats] Percentile 0.0%: 0.315
[2017-12-18 14:02:06,419 INFO Engine.final-stats] Percentile 50.0%: 0.399
[2017-12-18 14:02:06,419 INFO Engine.final-stats] Percentile 90.0%: 0.468
[2017-12-18 14:02:06,420 INFO Engine.final-stats] Percentile 95.0%: 0.493
[2017-12-18 14:02:06,420 INFO Engine.final-stats] Percentile 99.0%: 0.757
[2017-12-18 14:02:06,420 INFO Engine.final-stats] Percentile 99.9%: 8.258
[2017-12-18 14:02:06,420 INFO Engine.final-stats] Percentile 100.0%: 8.258
[2017-12-18 14:02:06,420 DEBUG Engine.console] No logger_handler or orig_stream was detected
[2017-12-18 14:02:06,422 DEBUG Engine.Configuration] Dumping YAML config into /Users/daper01/Documents/OSLo/onboarding/2017-12-18_13-56-15.608607/effective.yml
[2017-12-18 14:02:06,454 DEBUG Engine.Configuration] Dumping JSON config into /Users/daper01/Documents/OSLo/onboarding/2017-12-18_13-56-15.608607/effective.json
[2017-12-18 14:02:06,456 INFO root] Artifacts dir: /Users/daper01/Documents/OSLo/onboarding/2017-12-18_13-56-15.608607
[2017-12-18 14:02:06,456 INFO root] Done performing with code: 0
[2017-12-18 14:02:06,456 DEBUG root] Closing log handler: /Users/daper01/Documents/OSLo/onboarding/2017-12-18_13-56-15.608607/bzt.log
