2017-12-18 13:56:33,472 INFO o.a.j.u.JMeterUtils: Setting Locale to en_US
2017-12-18 13:56:33,483 INFO o.a.j.JMeter: Loading user properties from: /Users/daper01/.bzt/jmeter-taurus/3.3/bin/user.properties
2017-12-18 13:56:33,484 INFO o.a.j.JMeter: Loading system properties from: /Users/daper01/.bzt/jmeter-taurus/3.3/bin/system.properties
2017-12-18 13:56:33,484 INFO o.a.j.JMeter: Setting System properties from file: /Users/daper01/Documents/OSLo/onboarding/2017-12-18_13-56-15.608607/system.properties
2017-12-18 13:56:33,489 INFO o.a.j.JMeter: Copyright (c) 1998-2017 The Apache Software Foundation
2017-12-18 13:56:33,489 INFO o.a.j.JMeter: Version 3.3 r1808647
2017-12-18 13:56:33,489 INFO o.a.j.JMeter: java.version=1.8.0_121
2017-12-18 13:56:33,489 INFO o.a.j.JMeter: java.vm.name=Java HotSpot(TM) 64-Bit Server VM
2017-12-18 13:56:33,489 INFO o.a.j.JMeter: os.name=Mac OS X
2017-12-18 13:56:33,489 INFO o.a.j.JMeter: os.arch=x86_64
2017-12-18 13:56:33,489 INFO o.a.j.JMeter: os.version=10.13.1
2017-12-18 13:56:33,489 INFO o.a.j.JMeter: file.encoding=UTF-8
2017-12-18 13:56:33,489 INFO o.a.j.JMeter: Max memory     =3817865216
2017-12-18 13:56:33,489 INFO o.a.j.JMeter: Available Processors =4
2017-12-18 13:56:33,492 INFO o.a.j.JMeter: Default Locale=English (United States)
2017-12-18 13:56:33,493 INFO o.a.j.JMeter: JMeter  Locale=English (United States)
2017-12-18 13:56:33,493 INFO o.a.j.JMeter: JMeterHome=/Users/daper01/.bzt/jmeter-taurus/3.3
2017-12-18 13:56:33,493 INFO o.a.j.JMeter: user.dir  =/Users/daper01/Documents/OSLo/onboarding
2017-12-18 13:56:33,493 INFO o.a.j.JMeter: PWD       =/Users/daper01/Documents/OSLo/onboarding
2017-12-18 13:56:33,495 INFO o.a.j.JMeter: IP: 10.137.176.213 Name: daper01mac1124 FullName: daper01mac1124.ca.com
2017-12-18 13:56:33,495 INFO o.a.j.JMeter: user.classpath=/Users/daper01/Documents/OSLo/onboarding/2017-12-18_13-56-15.608607
2017-12-18 13:56:33,495 INFO o.a.j.JMeter: Adding to classpath and loader: /Users/daper01/Documents/OSLo/onboarding/2017-12-18_13-56-15.608607
2017-12-18 13:56:33,498 INFO o.a.j.s.FileServer: Default base='/Users/daper01/Documents/OSLo/onboarding'
2017-12-18 13:56:33,498 INFO o.a.j.s.FileServer: Set new base='/Users/daper01/Documents/OSLo/onboarding/2017-12-18_13-56-15.608607'
2017-12-18 13:56:33,646 INFO o.a.j.s.SaveService: Testplan (JMX) version: 2.2. Testlog (JTL) version: 2.2
2017-12-18 13:56:33,664 INFO o.a.j.s.SaveService: Using SaveService properties file encoding UTF-8
2017-12-18 13:56:33,669 INFO o.a.j.s.SaveService: Using SaveService properties version 3.2
2017-12-18 13:56:33,674 INFO o.a.j.s.SaveService: Loading file: /Users/daper01/Documents/OSLo/onboarding/2017-12-18_13-56-15.608607/modified_requests.jmx
2017-12-18 13:56:33,775 INFO o.a.j.p.h.c.CacheManager: Will only cache the following methods: [GET]
2017-12-18 13:56:33,776 INFO o.a.j.p.h.c.CookieManager: Settings: Delete null: true Check: true Allow variable: true Save: false Prefix: COOKIE_
2017-12-18 13:56:33,789 INFO o.a.j.p.h.s.HTTPSamplerBase: Parser for text/html is org.apache.jmeter.protocol.http.parser.LagartoBasedHtmlParser
2017-12-18 13:56:33,789 INFO o.a.j.p.h.s.HTTPSamplerBase: Parser for application/xhtml+xml is org.apache.jmeter.protocol.http.parser.LagartoBasedHtmlParser
2017-12-18 13:56:33,789 INFO o.a.j.p.h.s.HTTPSamplerBase: Parser for application/xml is org.apache.jmeter.protocol.http.parser.LagartoBasedHtmlParser
2017-12-18 13:56:33,789 INFO o.a.j.p.h.s.HTTPSamplerBase: Parser for text/xml is org.apache.jmeter.protocol.http.parser.LagartoBasedHtmlParser
2017-12-18 13:56:33,789 INFO o.a.j.p.h.s.HTTPSamplerBase: Parser for text/vnd.wap.wml is org.apache.jmeter.protocol.http.parser.RegexpHTMLParser
2017-12-18 13:56:33,789 INFO o.a.j.p.h.s.HTTPSamplerBase: Parser for text/css is org.apache.jmeter.protocol.http.parser.CssParser
2017-12-18 13:56:33,811 INFO o.a.j.e.StandardJMeterEngine: Running the test!
2017-12-18 13:56:33,812 INFO o.a.j.s.SampleEvent: List of sample_variables: []
2017-12-18 13:56:33,812 INFO o.a.j.s.SampleEvent: List of sample_variables: []
2017-12-18 13:56:33,816 INFO o.a.j.e.u.CompoundVariable: Note: Function class names must contain the string: '.functions.'
2017-12-18 13:56:33,816 INFO o.a.j.e.u.CompoundVariable: Note: Function class names must not contain the string: '.gui.'
2017-12-18 13:56:34,345 INFO o.a.j.JMeter: Running test (1513634194345)
2017-12-18 13:56:34,389 INFO o.a.j.e.StandardJMeterEngine: Starting ThreadGroup: 1 : my_scenario
2017-12-18 13:56:34,390 INFO o.a.j.e.StandardJMeterEngine: Starting 1 threads for group my_scenario.
2017-12-18 13:56:34,390 INFO o.a.j.e.StandardJMeterEngine: Thread will continue on error
2017-12-18 13:56:34,393 INFO o.a.j.e.StandardJMeterEngine: All thread groups have been started
2017-12-18 13:56:34,393 INFO c.b.j.t.c.ConcurrencyThreadStarter: Start supplying threads
2017-12-18 13:56:49,397 INFO o.a.j.s.SampleResult: Note: Sample TimeStamps are START times
2017-12-18 13:56:49,397 INFO o.a.j.t.JMeterThread: Thread started: my_scenario 1-1
2017-12-18 13:56:49,397 INFO o.a.j.s.SampleResult: sampleresult.default.encoding is set to UTF-8
2017-12-18 13:56:49,397 INFO o.a.j.s.SampleResult: sampleresult.useNanoTime=true
2017-12-18 13:56:49,397 INFO o.a.j.s.SampleResult: sampleresult.nanoThreadSleep=5000
2017-12-18 13:56:49,412 INFO o.a.j.p.h.s.HTTPHCAbstractImpl: Local host = daper01mac1124
2017-12-18 13:56:49,417 INFO o.a.j.p.h.s.HTTPHC4Impl: HTTP request retry count = 0
2017-12-18 13:56:49,769 INFO o.a.j.p.h.p.BaseParser: Created org.apache.jmeter.protocol.http.parser.LagartoBasedHtmlParser
2017-12-18 13:56:49,872 INFO o.a.j.p.h.s.ResourcesDownloader: Creating ResourcesDownloader with keepalive_inseconds : 60
2017-12-18 13:56:50,252 INFO o.a.j.p.h.p.BaseParser: Created org.apache.jmeter.protocol.http.parser.CssParser
2017-12-18 13:56:50,253 INFO o.a.j.p.h.p.BaseParser: Created org.apache.jmeter.protocol.http.parser.CssParser
2017-12-18 13:56:50,254 INFO o.a.j.p.h.p.BaseParser: Created org.apache.jmeter.protocol.http.parser.CssParser
2017-12-18 13:56:50,682 INFO o.a.j.p.h.s.LazySchemeSocketFactory: Setting up HTTPS TrustAll Socket Factory
2017-12-18 13:56:50,690 INFO o.a.j.u.JsseSSLManager: Using default SSL protocol: TLS
2017-12-18 13:56:50,690 INFO o.a.j.u.JsseSSLManager: SSL session context: per-thread
2017-12-18 13:56:50,936 INFO o.a.j.u.SSLManager: JmeterKeyStore Location:  type JKS
2017-12-18 13:56:50,937 INFO o.a.j.u.SSLManager: KeyStore created OK
2017-12-18 13:56:50,937 WARN o.a.j.u.SSLManager: Keystore file not found, loading empty keystore
2017-12-18 14:02:05,086 INFO c.b.j.t.c.ConcurrencyThreadStarter: Done supplying threads
2017-12-18 14:02:05,477 INFO c.b.j.c.VirtualUserController: Test limit reached, thread is done: my_scenario 1-1
2017-12-18 14:02:05,477 INFO o.a.j.t.JMeterThread: Thread is done: my_scenario 1-1
2017-12-18 14:02:05,477 INFO o.a.j.t.JMeterThread: Thread finished: my_scenario 1-1
2017-12-18 14:02:05,478 INFO o.a.j.e.StandardJMeterEngine: Notifying test listeners of end of test
2017-12-18 14:02:05,481 INFO o.a.j.e.StandardJMeterEngine: Forced JVM shutdown requested at end of test
