[2017-12-05 08:18:15,685 INFO root] Taurus CLI Tool v1.9.6
[2017-12-05 08:18:15,686 DEBUG root] Command-line options: {'verbose': None, 'no_system_configs': None, 'quiet': None, 'log': '/var/folders/vq/xzrdy2lx047cst78f69v8z3xfzqz1q/T/bzt_8Kfcfd.log', 'option': None, 'aliases': []}
[2017-12-05 08:18:15,686 DEBUG root] Python: CPython 2.7.13
[2017-12-05 08:18:15,686 DEBUG root] OS: ('Darwin', 'daper01mac1124', '17.2.0', 'Darwin Kernel Version 17.2.0: Fri Sep 29 18:27:05 PDT 2017; root:xnu-4570.20.62~3/RELEASE_X86_64', 'x86_64', 'i386')
[2017-12-05 08:18:15,686 INFO root] Starting with configs: ['python_Selenium.yml']
[2017-12-05 08:18:15,686 DEBUG root] Using personal config: /Users/daper01/.bzt-rc
[2017-12-05 08:18:15,686 INFO Engine] Configuring...
[2017-12-05 08:18:15,686 DEBUG Engine] Reading extension configs from: /usr/local/etc/bzt.d
[2017-12-05 08:18:15,687 DEBUG Engine.Configuration] Configs: ['/usr/local/lib/python2.7/site-packages/bzt/resources/base-config.yml', '/usr/local/etc/bzt.d/99-installID.yml']
[2017-12-05 08:18:15,689 DEBUG Engine.Configuration] Reading /usr/local/lib/python2.7/site-packages/bzt/resources/base-config.yml as YAML
[2017-12-05 08:18:15,714 DEBUG Engine.Configuration] Reading /usr/local/etc/bzt.d/99-installID.yml as YAML
[2017-12-05 08:18:15,714 DEBUG Engine.Configuration] Configs: ['/Users/daper01/.bzt-rc', 'python_Selenium.yml']
[2017-12-05 08:18:15,716 DEBUG Engine.Configuration] Reading /Users/daper01/.bzt-rc as YAML
[2017-12-05 08:18:15,896 DEBUG Engine.Configuration] Reading python_Selenium.yml as YAML
[2017-12-05 08:18:15,898 DEBUG Engine.Configuration] Configs: ['/Users/daper01/.bzt-rc', 'python_Selenium.yml']
[2017-12-05 08:18:15,898 DEBUG Engine.Configuration] Reading /Users/daper01/.bzt-rc as YAML
[2017-12-05 08:18:15,899 DEBUG Engine.Configuration] Reading python_Selenium.yml as YAML
[2017-12-05 08:18:15,909 DEBUG Engine] Requesting updates info: http://gettaurus.org/updates/?version=1.9.6&installID=784f43782a15
[2017-12-05 08:18:15,915 INFO Engine] Artifacts dir: /Users/daper01/Documents/OSLo/Selenium/2017-12-05_08-18-15.911564
[2017-12-05 08:18:15,915 DEBUG Engine] New artifact filename: /Users/daper01/Documents/OSLo/Selenium/2017-12-05_08-18-15.911564/effective
[2017-12-05 08:18:15,917 DEBUG Engine.Configuration] Dumping YAML config into /Users/daper01/Documents/OSLo/Selenium/2017-12-05_08-18-15.911564/effective.yml
[2017-12-05 08:18:15,940 DEBUG Engine.Configuration] Dumping JSON config into /Users/daper01/Documents/OSLo/Selenium/2017-12-05_08-18-15.911564/effective.json
[2017-12-05 08:18:15,942 DEBUG Engine] New artifact filename: /Users/daper01/Documents/OSLo/Selenium/2017-12-05_08-18-15.911564/merged.yml
[2017-12-05 08:18:15,942 DEBUG Engine.Configuration] Dumping YAML config into /Users/daper01/Documents/OSLo/Selenium/2017-12-05_08-18-15.911564/merged.yml
[2017-12-05 08:18:15,945 DEBUG Engine] New artifact filename: /Users/daper01/Documents/OSLo/Selenium/2017-12-05_08-18-15.911564/merged.json
[2017-12-05 08:18:15,945 DEBUG Engine.Configuration] Dumping JSON config into /Users/daper01/Documents/OSLo/Selenium/2017-12-05_08-18-15.911564/merged.json
[2017-12-05 08:18:15,946 DEBUG Engine] Add existing artifact (move=False): python_Selenium.yml
[2017-12-05 08:18:15,946 DEBUG Engine] Copying python_Selenium.yml to /Users/daper01/Documents/OSLo/Selenium/2017-12-05_08-18-15.911564/python_Selenium.yml
[2017-12-05 08:18:15,946 DEBUG root] Closing log handler: /var/folders/vq/xzrdy2lx047cst78f69v8z3xfzqz1q/T/bzt_8Kfcfd.log
[2017-12-05 08:18:16,200 DEBUG root] Switched writing logs to /Users/daper01/Documents/OSLo/Selenium/2017-12-05_08-18-15.911564/bzt.log
[2017-12-05 08:18:16,200 INFO Engine] Preparing...
[2017-12-05 08:18:16,200 DEBUG Engine] Module config: consolidator defaultdict(None, {'class': 'bzt.modules.aggregator.ConsolidatingAggregator'})
[2017-12-05 08:18:16,200 DEBUG root] Importing module: bzt.modules.aggregator
[2017-12-05 08:18:16,212 DEBUG root] Loading class: 'ConsolidatingAggregator' from <module 'bzt.modules.aggregator' from '/usr/local/lib/python2.7/site-packages/bzt/modules/aggregator.pyc'>
[2017-12-05 08:18:16,212 DEBUG Engine.consolidator] Exception in dehumanize_time(inf)
[2017-12-05 08:18:16,212 DEBUG Engine.consolidator] Buffer scaling setup: percentile 95.0 from [0.0, 50.0, 90.0, 95.0, 99.0, 99.9, 100.0] selected
[2017-12-05 08:18:16,212 DEBUG Engine] Module config: monitoring defaultdict(None, {'class': 'bzt.modules.monitoring.Monitoring'})
[2017-12-05 08:18:16,212 DEBUG root] Importing module: bzt.modules.monitoring
[2017-12-05 08:18:16,298 DEBUG root] Loading class: 'Monitoring' from <module 'bzt.modules.monitoring' from '/usr/local/lib/python2.7/site-packages/bzt/modules/monitoring.pyc'>
[2017-12-05 08:18:16,299 DEBUG Engine] Module config: capturehar defaultdict(None, {'class': 'bzt.modules.blazemeter.ServiceStubCaptureHAR'})
[2017-12-05 08:18:16,299 DEBUG root] Importing module: bzt.modules.blazemeter
[2017-12-05 08:18:16,428 DEBUG easyprocess] version=0.2.3
[2017-12-05 08:18:16,431 DEBUG pyvirtualdisplay] version=0.2.1
[2017-12-05 08:18:16,433 DEBUG root] Loading class: 'ServiceStubCaptureHAR' from <module 'bzt.modules.blazemeter' from '/usr/local/lib/python2.7/site-packages/bzt/modules/blazemeter.pyc'>
[2017-12-05 08:18:16,433 DEBUG Engine] Module config: local defaultdict(None, {'class': 'bzt.modules.provisioning.Local'})
[2017-12-05 08:18:16,433 DEBUG root] Importing module: bzt.modules.provisioning
[2017-12-05 08:18:16,433 DEBUG root] Loading class: 'Local' from <module 'bzt.modules.provisioning' from '/usr/local/lib/python2.7/site-packages/bzt/modules/provisioning.pyc'>
[2017-12-05 08:18:16,433 DEBUG Engine] Module config: selenium defaultdict(None, {'class': 'bzt.modules.selenium.SeleniumExecutor'})
[2017-12-05 08:18:16,433 DEBUG root] Importing module: bzt.modules.selenium
[2017-12-05 08:18:16,850 DEBUG root] Loading class: 'SeleniumExecutor' from <module 'bzt.modules.selenium' from '/usr/local/lib/python2.7/site-packages/bzt/modules/selenium.pyc'>
[2017-12-05 08:18:16,850 DEBUG Engine.local] Preparing executor: selenium/4524103696
[2017-12-05 08:18:16,850 DEBUG Engine] Taurus updates info: {"latest":"1.10.3","needsUpgrade":true}
[2017-12-05 08:18:16,851 WARNING Engine] There is newer version of Taurus 1.10.3 available, consider upgrading. What's new: http://gettaurus.org/docs/Changelog/
[2017-12-05 08:18:16,854 DEBUG Engine.selenium] Using script type: nose
[2017-12-05 08:18:16,854 DEBUG Engine] Module config: nose defaultdict(None, {'class': 'bzt.modules.python.NoseTester'})
[2017-12-05 08:18:16,854 DEBUG root] Importing module: bzt.modules.python
[2017-12-05 08:18:22,251 DEBUG root] Loading class: 'NoseTester' from <module 'bzt.modules.python' from '/usr/local/lib/python2.7/site-packages/bzt/modules/python.pyc'>
[2017-12-05 08:18:22,251 DEBUG Engine.nose.TclLibrary] We don't need to check tcl library on this platform
[2017-12-05 08:18:22,253 DEBUG Engine.nose] Extract defaultdict(None, {'script': './blazeDemo_Selenium_with_unit_chrome.py'}) into scenarios
[2017-12-05 08:18:22,253 DEBUG Engine] New artifact filename: /Users/daper01/Documents/OSLo/Selenium/2017-12-05_08-18-15.911564/NoseTester.ldjson
[2017-12-05 08:18:22,254 DEBUG Engine] Module config: final-stats defaultdict(None, {'class': 'bzt.modules.reporting.FinalStatus'})
[2017-12-05 08:18:22,254 DEBUG root] Importing module: bzt.modules.reporting
[2017-12-05 08:18:22,260 DEBUG root] Loading class: 'FinalStatus' from <module 'bzt.modules.reporting' from '/usr/local/lib/python2.7/site-packages/bzt/modules/reporting.pyc'>
[2017-12-05 08:18:22,260 DEBUG Engine] Module config: console defaultdict(None, {'class': 'bzt.modules.console.ConsoleStatusReporter'})
[2017-12-05 08:18:22,260 DEBUG root] Importing module: bzt.modules.console
[2017-12-05 08:18:22,260 DEBUG root] Loading class: 'ConsoleStatusReporter' from <module 'bzt.modules.console' from '/usr/local/lib/python2.7/site-packages/bzt/modules/console.pyc'>
[2017-12-05 08:18:22,268 DEBUG Engine.Configuration] Dumping YAML config into /Users/daper01/Documents/OSLo/Selenium/2017-12-05_08-18-15.911564/effective.yml
[2017-12-05 08:18:22,294 DEBUG Engine.Configuration] Dumping JSON config into /Users/daper01/Documents/OSLo/Selenium/2017-12-05_08-18-15.911564/effective.json
[2017-12-05 08:18:22,295 INFO Engine] Starting...
[2017-12-05 08:18:22,295 DEBUG Engine] Startup <bzt.modules.monitoring.Monitoring object at 0x10cf19910>
[2017-12-05 08:18:22,295 DEBUG Engine] Startup <bzt.modules.blazemeter.ServiceStubCaptureHAR object at 0x10d8329d0>
[2017-12-05 08:18:22,296 WARNING Engine.capturehar] Stub for service 'capturehar', use cloud provisioning to have it working
[2017-12-05 08:18:22,296 DEBUG Engine] Startup <bzt.modules.aggregator.ConsolidatingAggregator object at 0x10cefcb10>
[2017-12-05 08:18:22,296 DEBUG Engine] Startup <bzt.modules.reporting.FinalStatus object at 0x10db677d0>
[2017-12-05 08:18:22,296 DEBUG Engine] Startup <bzt.modules.console.ConsoleStatusReporter object at 0x10db7b3d0>
[2017-12-05 08:18:22,296 INFO Engine.console] Waiting for results...
[2017-12-05 08:18:22,296 DEBUG Engine] Startup <bzt.modules.provisioning.Local object at 0x10cefc790>
[2017-12-05 08:18:22,297 DEBUG Engine.local] Delay setup for selenium/4524103696: 0(start-at) + 0(delay) = 0
[2017-12-05 08:18:22,299 DEBUG Engine.Configuration] Dumping YAML config into /Users/daper01/Documents/OSLo/Selenium/2017-12-05_08-18-15.911564/effective.yml
[2017-12-05 08:18:22,332 DEBUG Engine.Configuration] Dumping JSON config into /Users/daper01/Documents/OSLo/Selenium/2017-12-05_08-18-15.911564/effective.json
[2017-12-05 08:18:22,333 DEBUG root] Leveling down log file verbosity, use -v option to have DEBUG messages enabled
[2017-12-05 08:18:22,557 INFO Engine.console] Waiting for finish...
[2017-12-05 08:19:30,330 WARNING Engine] Please wait for graceful shutdown...
[2017-12-05 08:19:30,338 DEBUG root] Leveled up log file verbosity
[2017-12-05 08:19:30,338 INFO Engine] Shutting down...
[2017-12-05 08:19:30,347 DEBUG Engine.local] Shutdown selenium/4524103696
[2017-12-05 08:19:31,349 INFO Engine.nose] Terminating process PID 33401 with signal 15 (59 tries left)
[2017-12-05 08:19:32,356 INFO Engine.nose] Terminating process PID 33401 with signal 15 (58 tries left)
[2017-12-05 08:19:32,362 DEBUG Engine.selenium] Selenium tests ran for 70.0283000469 seconds
[2017-12-05 08:19:32,363 DEBUG Engine.console] Restoring logging streams, [<logging.StreamHandler object at 0x10c434690>]/{<logging.StreamHandler object at 0x10c434690>: <open file '<stdout>', mode 'w' at 0x10b449150>}
[2017-12-05 08:19:32,366 DEBUG Engine.Configuration] Dumping YAML config into /Users/daper01/Documents/OSLo/Selenium/2017-12-05_08-18-15.911564/effective.yml
[2017-12-05 08:19:32,405 DEBUG Engine.Configuration] Dumping JSON config into /Users/daper01/Documents/OSLo/Selenium/2017-12-05_08-18-15.911564/effective.json
[2017-12-05 08:19:32,406 WARNING root] Keyboard interrupt
[2017-12-05 08:19:32,413 DEBUG root] KeyboardInterrupt: 
Traceback (most recent call last):
  File "/usr/local/lib/python2.7/site-packages/bzt/cli.py", line 221, in perform
    self.engine.run()
  File "/usr/local/lib/python2.7/site-packages/bzt/engine.py", line 202, in run
    reraise(exc_info)
  File "/usr/local/lib/python2.7/site-packages/bzt/engine.py", line 184, in run
    self._wait()
  File "/usr/local/lib/python2.7/site-packages/bzt/engine.py", line 227, in _wait
    time.sleep(delay)
KeyboardInterrupt
[2017-12-05 08:19:32,413 INFO Engine] Post-processing...
[2017-12-05 08:19:32,414 DEBUG Engine.local] Post-process selenium/4524103696
[2017-12-05 08:19:32,588 DEBUG Engine.local] Exception in post_process of SeleniumExecutor: Empty results, most likely None (SeleniumExecutor) failed. Actual reason for this can be found in logs under /Users/daper01/Documents/OSLo/Selenium/2017-12-05_08-18-15.911564 Traceback (most recent call last):
  File "/usr/local/lib/python2.7/site-packages/bzt/modules/provisioning.py", line 165, in post_process
    raise ToolError(message, diagnostics)
ToolError: Empty results, most likely None (SeleniumExecutor) failed. Actual reason for this can be found in logs under /Users/daper01/Documents/OSLo/Selenium/2017-12-05_08-18-15.911564

[2017-12-05 08:19:32,588 DEBUG Engine] post_process: Empty results, most likely None (SeleniumExecutor) failed. Actual reason for this can be found in logs under /Users/daper01/Documents/OSLo/Selenium/2017-12-05_08-18-15.911564
Traceback (most recent call last):
  File "/usr/local/lib/python2.7/site-packages/bzt/engine.py", line 266, in post_process
    module.post_process()
  File "/usr/local/lib/python2.7/site-packages/bzt/modules/provisioning.py", line 172, in post_process
    reraise(exc_info)
  File "/usr/local/lib/python2.7/site-packages/bzt/modules/provisioning.py", line 165, in post_process
    raise ToolError(message, diagnostics)
ToolError: Empty results, most likely None (SeleniumExecutor) failed. Actual reason for this can be found in logs under /Users/daper01/Documents/OSLo/Selenium/2017-12-05_08-18-15.911564

[2017-12-05 08:19:32,589 DEBUG Engine.nose.TestReportReader.LDJSONReader] No data to start reading yet
[2017-12-05 08:19:32,590 DEBUG LoadSamplesReader] Buffer len: 0
[2017-12-05 08:19:32,590 DEBUG Engine.consolidator] Consolidator buffer[0]: []
[2017-12-05 08:19:32,590 INFO Engine.final-stats] Test duration: 0:01:10
[2017-12-05 08:19:32,590 DEBUG Engine.console] No logger_handler or orig_stream was detected
[2017-12-05 08:19:32,593 DEBUG Engine.Configuration] Dumping YAML config into /Users/daper01/Documents/OSLo/Selenium/2017-12-05_08-18-15.911564/effective.yml
[2017-12-05 08:19:32,638 DEBUG Engine.Configuration] Dumping JSON config into /Users/daper01/Documents/OSLo/Selenium/2017-12-05_08-18-15.911564/effective.json
[2017-12-05 08:19:32,640 DEBUG root] Child Process Error: Empty results, most likely None (SeleniumExecutor) failed. Actual reason for this can be found in logs under /Users/daper01/Documents/OSLo/Selenium/2017-12-05_08-18-15.911564
[2017-12-05 08:19:32,640 DEBUG root] NoseTester STDERR:
test_BlazeDemo (blazeDemo_Selenium_with_unit_chrome.BlazeTest) ...
[2017-12-05 08:19:32,640 DEBUG root] ToolError: Empty results, most likely None (SeleniumExecutor) failed. Actual reason for this can be found in logs under /Users/daper01/Documents/OSLo/Selenium/2017-12-05_08-18-15.911564
Traceback (most recent call last):
  File "/usr/local/lib/python2.7/site-packages/bzt/cli.py", line 228, in perform
    self.engine.post_process()
  File "/usr/local/lib/python2.7/site-packages/bzt/engine.py", line 279, in post_process
    reraise(exc_info)
  File "/usr/local/lib/python2.7/site-packages/bzt/engine.py", line 266, in post_process
    module.post_process()
  File "/usr/local/lib/python2.7/site-packages/bzt/modules/provisioning.py", line 172, in post_process
    reraise(exc_info)
  File "/usr/local/lib/python2.7/site-packages/bzt/modules/provisioning.py", line 165, in post_process
    raise ToolError(message, diagnostics)
ToolError: Empty results, most likely None (SeleniumExecutor) failed. Actual reason for this can be found in logs under /Users/daper01/Documents/OSLo/Selenium/2017-12-05_08-18-15.911564
[2017-12-05 08:19:32,640 INFO root] Artifacts dir: /Users/daper01/Documents/OSLo/Selenium/2017-12-05_08-18-15.911564
[2017-12-05 08:19:32,640 WARNING root] Done performing with code: 1
[2017-12-05 08:19:32,641 DEBUG root] Closing log handler: /Users/daper01/Documents/OSLo/Selenium/2017-12-05_08-18-15.911564/bzt.log
