[2017-06-13 09:22:47,767 INFO root] Taurus CLI Tool v1.9.1
[2017-06-13 09:22:47,767 DEBUG root] Command-line options: {'verbose': None, 'no_system_configs': None, 'quiet': None, 'log': '/var/folders/vq/xzrdy2lx047cst78f69v8z3xfzqz1q/T/bzt_QNDSKH.log', 'option': None, 'aliases': []}
[2017-06-13 09:22:47,767 DEBUG root] Python: CPython 2.7.13
[2017-06-13 09:22:47,767 DEBUG root] OS: ('Darwin', 'daper01mac1124', '16.4.0', 'Darwin Kernel Version 16.4.0: Thu Dec 22 22:53:21 PST 2016; root:xnu-3789.41.3~3/RELEASE_X86_64', 'x86_64', 'i386')
[2017-06-13 09:22:47,767 INFO root] Starting with configs: ['jmeter.yml']
[2017-06-13 09:22:47,767 DEBUG root] Adding personal config: /Users/daper01/.bzt-rc
[2017-06-13 09:22:47,768 INFO Engine] Configuring...
[2017-06-13 09:22:47,768 DEBUG Engine] Reading extension configs from: /usr/local/etc/bzt.d
[2017-06-13 09:22:47,768 DEBUG Engine.Configuration] Configs: ['/usr/local/lib/python2.7/site-packages/bzt/resources/base-config.yml', '/usr/local/etc/bzt.d/99-installID.yml']
[2017-06-13 09:22:47,768 DEBUG Engine.Configuration] Reading /usr/local/lib/python2.7/site-packages/bzt/resources/base-config.yml
[2017-06-13 09:22:47,768 DEBUG Engine.Configuration] Reading /usr/local/lib/python2.7/site-packages/bzt/resources/base-config.yml as YAML
[2017-06-13 09:22:47,792 DEBUG Engine.Configuration] Reading /usr/local/etc/bzt.d/99-installID.yml
[2017-06-13 09:22:47,792 DEBUG Engine.Configuration] Reading /usr/local/etc/bzt.d/99-installID.yml as YAML
[2017-06-13 09:22:47,793 DEBUG Engine.Configuration] Configs: ['/Users/daper01/.bzt-rc', 'jmeter.yml']
[2017-06-13 09:22:47,793 DEBUG Engine.Configuration] Reading /Users/daper01/.bzt-rc
[2017-06-13 09:22:47,793 DEBUG Engine.Configuration] Reading /Users/daper01/.bzt-rc as YAML
[2017-06-13 09:22:47,794 DEBUG Engine.Configuration] Reading jmeter.yml
[2017-06-13 09:22:47,794 DEBUG Engine.Configuration] Reading jmeter.yml as YAML
[2017-06-13 09:22:47,796 DEBUG root] Configs: ['/Users/daper01/.bzt-rc', 'jmeter.yml']
[2017-06-13 09:22:47,796 DEBUG root] Reading /Users/daper01/.bzt-rc
[2017-06-13 09:22:47,796 DEBUG root] Reading /Users/daper01/.bzt-rc as YAML
[2017-06-13 09:22:47,797 DEBUG root] Reading jmeter.yml
[2017-06-13 09:22:47,797 DEBUG root] Reading jmeter.yml as YAML
[2017-06-13 09:22:47,809 DEBUG Engine] Requesting updates info: http://gettaurus.org/updates/?version=1.9.1&installID=784f43782a15
[2017-06-13 09:22:47,815 INFO Engine] Artifacts dir: /Users/daper01/Documents/OSLo/JMeter/2017-06-13_09-22-47.815407
[2017-06-13 09:22:47,817 DEBUG Engine] New artifact filename: /Users/daper01/Documents/OSLo/JMeter/2017-06-13_09-22-47.815407/effective
[2017-06-13 09:22:47,820 DEBUG Engine.Configuration] Dumping YAML config into /Users/daper01/Documents/OSLo/JMeter/2017-06-13_09-22-47.815407/effective.yml
[2017-06-13 09:22:47,843 DEBUG Engine.Configuration] Dumping JSON config into /Users/daper01/Documents/OSLo/JMeter/2017-06-13_09-22-47.815407/effective.json
[2017-06-13 09:22:47,844 DEBUG Engine] New artifact filename: /Users/daper01/Documents/OSLo/JMeter/2017-06-13_09-22-47.815407/merged.yml
[2017-06-13 09:22:47,844 DEBUG root] Dumping YAML config into /Users/daper01/Documents/OSLo/JMeter/2017-06-13_09-22-47.815407/merged.yml
[2017-06-13 09:22:47,846 DEBUG Engine] New artifact filename: /Users/daper01/Documents/OSLo/JMeter/2017-06-13_09-22-47.815407/merged.json
[2017-06-13 09:22:47,846 DEBUG root] Dumping JSON config into /Users/daper01/Documents/OSLo/JMeter/2017-06-13_09-22-47.815407/merged.json
[2017-06-13 09:22:47,846 DEBUG Engine] Add existing artifact (move=False): jmeter.yml
[2017-06-13 09:22:47,847 DEBUG Engine] Copying jmeter.yml to /Users/daper01/Documents/OSLo/JMeter/2017-06-13_09-22-47.815407/jmeter.yml
[2017-06-13 09:22:47,847 DEBUG root] Closing log handler: /var/folders/vq/xzrdy2lx047cst78f69v8z3xfzqz1q/T/bzt_QNDSKH.log
[2017-06-13 09:22:47,848 DEBUG root] Switched writing logs to /Users/daper01/Documents/OSLo/JMeter/2017-06-13_09-22-47.815407/bzt.log
[2017-06-13 09:22:47,848 INFO Engine] Preparing...
[2017-06-13 09:22:47,848 DEBUG Engine] Module config: consolidator defaultdict(None, {'class': 'bzt.modules.aggregator.ConsolidatingAggregator'})
[2017-06-13 09:22:47,848 DEBUG root] Importing module: bzt.modules.aggregator
[2017-06-13 09:22:47,852 DEBUG root] Loading class: 'ConsolidatingAggregator' from <module 'bzt.modules.aggregator' from '/usr/local/lib/python2.7/site-packages/bzt/modules/aggregator.pyc'>
[2017-06-13 09:22:47,853 DEBUG Engine.consolidator] Exception in dehumanize_time(inf)
[2017-06-13 09:22:47,853 DEBUG Engine.consolidator] Buffer scaling setup: percentile 95.0 from [0.0, 50.0, 90.0, 95.0, 99.0, 99.9, 100.0] selected
[2017-06-13 09:22:47,853 DEBUG Engine] Module config: monitoring defaultdict(None, {'class': 'bzt.modules.monitoring.Monitoring'})
[2017-06-13 09:22:47,853 DEBUG root] Importing module: bzt.modules.monitoring
[2017-06-13 09:22:47,885 DEBUG root] Loading class: 'Monitoring' from <module 'bzt.modules.monitoring' from '/usr/local/lib/python2.7/site-packages/bzt/modules/monitoring.pyc'>
[2017-06-13 09:22:47,886 DEBUG Engine] Module config: local defaultdict(None, {'class': 'bzt.modules.provisioning.Local'})
[2017-06-13 09:22:47,886 DEBUG root] Importing module: bzt.modules.provisioning
[2017-06-13 09:22:47,886 DEBUG root] Loading class: 'Local' from <module 'bzt.modules.provisioning' from '/usr/local/lib/python2.7/site-packages/bzt/modules/provisioning.pyc'>
[2017-06-13 09:22:47,886 DEBUG Engine] Module config: jmeter defaultdict(None, {'properties': defaultdict(None, {'jmeter.save.saveservice.autoflush': 'true', 'summariser.name': '', 'jmeter.save.saveservice.connect_time': 'true', 'mode': 'Stripped', 'jmeterengine.force.system.exit': 'true'}), 'class': 'bzt.modules.jmeter.JMeterExecutor', 'plugins': ['jpgc-casutg', 'jpgc-dummy', 'jpgc-ffw', 'jpgc-fifo', 'jpgc-functions', 'jpgc-json', 'jpgc-perfmon', 'jpgc-prmctl', 'jpgc-tst']})
[2017-06-13 09:22:47,886 DEBUG root] Importing module: bzt.modules.jmeter
[2017-06-13 09:22:47,900 DEBUG root] Loading class: 'JMeterExecutor' from <module 'bzt.modules.jmeter' from '/usr/local/lib/python2.7/site-packages/bzt/modules/jmeter.pyc'>
[2017-06-13 09:22:47,900 DEBUG Engine.local] Preparing executor: jmeter/4369947024
[2017-06-13 09:22:47,900 DEBUG Engine] New artifact filename: /Users/daper01/Documents/OSLo/JMeter/2017-06-13_09-22-47.815407/jmeter.log
[2017-06-13 09:22:47,901 DEBUG Engine.jmeter] Checking if port 4445 is free
[2017-06-13 09:22:47,902 DEBUG Engine.jmeter] Port 4445 is free
[2017-06-13 09:22:47,902 DEBUG Engine.jmeter] Using port 4445 for management
[2017-06-13 09:22:47,902 DEBUG Engine.jmeter.JavaVM] Trying JavaVM: ['java', '-version']
[2017-06-13 09:22:48,011 DEBUG Engine.jmeter.JavaVM] JavaVM output: java version "1.8.0_121"
Java(TM) SE Runtime Environment (build 1.8.0_121-b13)
Java HotSpot(TM) 64-Bit Server VM (build 25.121-b13, mixed mode)

[2017-06-13 09:22:48,011 DEBUG Engine.jmeter.TclLibrary] We don't need to check tcl library on this platform
[2017-06-13 09:22:48,011 DEBUG Engine.jmeter.JMeter] Trying jmeter: /Users/daper01/.bzt/jmeter-taurus/bin/jmeter.sh
[2017-06-13 09:22:48,012 DEBUG bzt.utils] Executing shell: ['/Users/daper01/.bzt/jmeter-taurus/bin/jmeter.sh', '-j', '/var/folders/vq/xzrdy2lx047cst78f69v8z3xfzqz1q/T/jmetertsYEp2log', '--version']
[2017-06-13 09:22:48,403 DEBUG Engine] Taurus updates info: {"latest":"1.9.3","needsUpgrade":true}
[2017-06-13 09:22:48,403 WARNING Engine] There is newer version of Taurus 1.9.3 available, consider upgrading. What's new: http://gettaurus.org/docs/Changelog/
[2017-06-13 09:22:48,540 DEBUG Engine.jmeter.JMeter] JMeter check: Writing log file to: /var/folders/vq/xzrdy2lx047cst78f69v8z3xfzqz1q/T/jmetertsYEp2log
    _    ____   _    ____ _   _ _____       _ __  __ _____ _____ _____ ____     
   / \  |  _ \ / \  / ___| | | | ____|     | |  \/  | ____|_   _| ____|  _ \   
  / _ \ | |_) / _ \| |   | |_| |  _|    _  | | |\/| |  _|   | | |  _| | |_) | 
 / ___ \|  __/ ___ \ |___|  _  | |___  | |_| | |  | | |___  | | | |___|  _ <  
/_/   \_\_| /_/   \_\____|_| |_|_____|  \___/|_|  |_|_____| |_| |_____|_| \_\ 3.1 r1770033  

Copyright (c) 1999-2016 The Apache Software Foundation

 / None
[2017-06-13 09:22:48,542 DEBUG Engine.jmeter] Load: LoadSpec(concurrency=50, throughput=None, ramp_up=None, hold=120.0, iterations=0, duration=120.0, steps=None)
[2017-06-13 09:22:48,545 DEBUG Engine.jmeter] Original threads: 10.0
[2017-06-13 09:22:48,546 DEBUG Engine] New artifact filename: /Users/daper01/Documents/OSLo/JMeter/2017-06-13_09-22-47.815407/kpi.jtl
[2017-06-13 09:22:48,547 DEBUG Engine] New artifact filename: /Users/daper01/Documents/OSLo/JMeter/2017-06-13_09-22-47.815407/error.jtl
[2017-06-13 09:22:48,547 DEBUG Engine.jmeter] Enforcing parent sample for transaction controller
[2017-06-13 09:22:48,548 DEBUG JMX] Saving JMX to: /Users/daper01/Documents/OSLo/JMeter/modified_blazedemo_easy_peasy.jmx
[2017-06-13 09:22:48,549 DEBUG Engine.jmeter] Additional properties: defaultdict(None, {'jmeter.save.saveservice.autoflush': 'true', 'jmeter.save.saveservice.connect_time': 'true', 'user.classpath': '/Users/daper01/Documents/OSLo/JMeter/2017-06-13_09-22-47.815407', 'sampleresult.default.encoding': 'UTF-8', 'summariser.name': '', 'jmeterengine.force.system.exit': 'true', 'jmeter.save.saveservice.timestamp_format': 'ms', 'mode': 'Stripped', 'jmeterengine.nongui.maxport': 4445, 'jmeterengine.nongui.port': 4445})
[2017-06-13 09:22:48,549 DEBUG Engine] New artifact filename: /Users/daper01/Documents/OSLo/JMeter/2017-06-13_09-22-47.815407/jmeter-bzt.properties
[2017-06-13 09:22:48,551 DEBUG Engine] New artifact filename: /Users/daper01/Documents/OSLo/JMeter/2017-06-13_09-22-47.815407/jmeter.out
[2017-06-13 09:22:48,551 DEBUG Engine] New artifact filename: /Users/daper01/Documents/OSLo/JMeter/2017-06-13_09-22-47.815407/jmeter.err
[2017-06-13 09:22:48,552 DEBUG Engine] Module config: final-stats defaultdict(None, {'class': 'bzt.modules.reporting.FinalStatus'})
[2017-06-13 09:22:48,553 DEBUG root] Importing module: bzt.modules.reporting
[2017-06-13 09:22:48,611 DEBUG root] Loading class: 'FinalStatus' from <module 'bzt.modules.reporting' from '/usr/local/lib/python2.7/site-packages/bzt/modules/reporting.pyc'>
[2017-06-13 09:22:48,611 DEBUG Engine] Module config: console defaultdict(None, {'class': 'bzt.modules.console.ConsoleStatusReporter'})
[2017-06-13 09:22:48,611 DEBUG root] Importing module: bzt.modules.console
[2017-06-13 09:22:48,611 DEBUG root] Loading class: 'ConsoleStatusReporter' from <module 'bzt.modules.console' from '/usr/local/lib/python2.7/site-packages/bzt/modules/console.pyc'>
[2017-06-13 09:22:48,620 DEBUG Engine.Configuration] Dumping YAML config into /Users/daper01/Documents/OSLo/JMeter/2017-06-13_09-22-47.815407/effective.yml
[2017-06-13 09:22:48,643 DEBUG Engine.Configuration] Dumping JSON config into /Users/daper01/Documents/OSLo/JMeter/2017-06-13_09-22-47.815407/effective.json
[2017-06-13 09:22:48,644 INFO Engine] Starting...
[2017-06-13 09:22:48,644 DEBUG Engine] Startup <bzt.modules.monitoring.Monitoring object at 0x1045aaf10>
[2017-06-13 09:22:48,645 DEBUG Engine] Startup <bzt.modules.aggregator.ConsolidatingAggregator object at 0x1045aa790>
[2017-06-13 09:22:48,645 DEBUG Engine] Startup <bzt.modules.reporting.FinalStatus object at 0x1047cac50>
[2017-06-13 09:22:48,645 DEBUG Engine] Startup <bzt.modules.console.ConsoleStatusReporter object at 0x105222e90>
[2017-06-13 09:22:48,645 INFO Engine.console] Waiting for results...
[2017-06-13 09:22:48,645 DEBUG Engine] Startup <bzt.modules.provisioning.Local object at 0x1045aa950>
[2017-06-13 09:22:48,645 DEBUG Engine.local] Delay setup for jmeter/simple: 0(start-at) + 0(delay) = 0
[2017-06-13 09:22:48,648 DEBUG Engine.Configuration] Dumping YAML config into /Users/daper01/Documents/OSLo/JMeter/2017-06-13_09-22-47.815407/effective.yml
[2017-06-13 09:22:48,679 DEBUG Engine.Configuration] Dumping JSON config into /Users/daper01/Documents/OSLo/JMeter/2017-06-13_09-22-47.815407/effective.json
[2017-06-13 09:22:48,681 DEBUG root] Leveling down log file verbosity, use -v option to have DEBUG messages enabled
[2017-06-13 09:22:48,895 INFO Engine.console] Waiting for finish...
[2017-06-13 09:24:03,999 WARNING Engine] Please wait for graceful shutdown...
[2017-06-13 09:24:04,015 DEBUG root] Leveled up log file verbosity
[2017-06-13 09:24:04,015 INFO Engine] Shutting down...
[2017-06-13 09:24:04,022 DEBUG Engine.local] Shutdown jmeter/simple
[2017-06-13 09:24:05,027 INFO Engine.jmeter] Sending Shutdown command to JMeter on port 4445...
[2017-06-13 09:24:06,038 DEBUG Engine.jmeter] JMeter stopped on Shutdown command
[2017-06-13 09:24:06,039 DEBUG Engine.console] Restoring logging streams, [<logging.StreamHandler object at 0x1045aa750>]/{<logging.StreamHandler object at 0x1045aa750>: <open file '<stdout>', mode 'w' at 0x103468150>}
[2017-06-13 09:24:06,041 DEBUG Engine.Configuration] Dumping YAML config into /Users/daper01/Documents/OSLo/JMeter/2017-06-13_09-22-47.815407/effective.yml
[2017-06-13 09:24:06,088 DEBUG Engine.Configuration] Dumping JSON config into /Users/daper01/Documents/OSLo/JMeter/2017-06-13_09-22-47.815407/effective.json
[2017-06-13 09:24:06,089 WARNING root] Keyboard interrupt
[2017-06-13 09:24:06,090 DEBUG root] KeyboardInterrupt: 
Traceback (most recent call last):
  File "/usr/local/lib/python2.7/site-packages/bzt/cli.py", line 213, in perform
    self.engine.run()
  File "/usr/local/lib/python2.7/site-packages/bzt/engine.py", line 174, in run
    reraise(exc_info)
  File "/usr/local/lib/python2.7/site-packages/bzt/engine.py", line 156, in run
    self._wait()
  File "/usr/local/lib/python2.7/site-packages/bzt/engine.py", line 192, in _wait
    while not self._check_modules_list():
  File "/usr/local/lib/python2.7/site-packages/bzt/engine.py", line 182, in _check_modules_list
    finished |= bool(module.check())
  File "/usr/local/lib/python2.7/site-packages/bzt/modules/console.py", line 155, in check
    self.__update_screen()
  File "/usr/local/lib/python2.7/site-packages/bzt/modules/console.py", line 192, in __update_screen
    self.__repaint()
  File "/usr/local/lib/python2.7/site-packages/bzt/modules/console.py", line 289, in __repaint
    canvas = self.console.render(self.screen_size, focus=False)
  File "/usr/local/lib/python2.7/site-packages/urwid/widget.py", line 141, in cached_render
    canv = fn(self, size, focus=focus)
  File "/usr/local/lib/python2.7/site-packages/urwid/container.py", line 2085, in render
    focus = focus and self.focus_position == i)
  File "/usr/local/lib/python2.7/site-packages/urwid/widget.py", line 141, in cached_render
    canv = fn(self, size, focus=focus)
  File "/usr/local/lib/python2.7/site-packages/urwid/container.py", line 1526, in render
    canv = w.render((maxcol, rows), focus=focus and item_focus)
  File "/usr/local/lib/python2.7/site-packages/urwid/widget.py", line 141, in cached_render
    canv = fn(self, size, focus=focus)
  File "/usr/local/lib/python2.7/site-packages/urwid/widget.py", line 1751, in render
    canv = get_delegate(self).render(size, focus=focus)
  File "/usr/local/lib/python2.7/site-packages/urwid/widget.py", line 141, in cached_render
    canv = fn(self, size, focus=focus)
  File "/usr/local/lib/python2.7/site-packages/urwid/container.py", line 1526, in render
    canv = w.render((maxcol, rows), focus=focus and item_focus)
  File "/usr/local/lib/python2.7/site-packages/urwid/widget.py", line 141, in cached_render
    canv = fn(self, size, focus=focus)
  File "/usr/local/lib/python2.7/site-packages/urwid/container.py", line 2085, in render
    focus = focus and self.focus_position == i)
  File "/usr/local/lib/python2.7/site-packages/urwid/widget.py", line 141, in cached_render
    canv = fn(self, size, focus=focus)
  File "/usr/local/lib/python2.7/site-packages/urwid/decoration.py", line 566, in render
    canv = self._original_widget.render((maxcol,)+size[1:], focus)
  File "/usr/local/lib/python2.7/site-packages/urwid/widget.py", line 141, in cached_render
    canv = fn(self, size, focus=focus)
  File "/usr/local/lib/python2.7/site-packages/urwid/container.py", line 2085, in render
    focus = focus and self.focus_position == i)
  File "/usr/local/lib/python2.7/site-packages/urwid/widget.py", line 141, in cached_render
    canv = fn(self, size, focus=focus)
  File "/usr/local/lib/python2.7/site-packages/urwid/listbox.py", line 488, in render
    if w_rows != canvas.rows():
  File "/usr/local/lib/python2.7/site-packages/urwid/canvas.py", line 380, in rows
    assert isinstance(rows, int)
KeyboardInterrupt
[2017-06-13 09:24:06,091 INFO Engine] Post-processing...
[2017-06-13 09:24:06,091 DEBUG Engine.local] Post-process jmeter/simple
[2017-06-13 09:24:06,091 DEBUG Engine] Add existing artifact (move=True): /Users/daper01/Documents/OSLo/JMeter/modified_blazedemo_easy_peasy.jmx
[2017-06-13 09:24:06,095 DEBUG Engine] Moving /Users/daper01/Documents/OSLo/JMeter/modified_blazedemo_easy_peasy.jmx to /Users/daper01/Documents/OSLo/JMeter/2017-06-13_09-22-47.815407/modified_blazedemo_easy_peasy.jmx
[2017-06-13 09:24:06,115 DEBUG Engine.jmeter.JTLReader.IncrementalCSVReader] Reading JTL: /Users/daper01/Documents/OSLo/JMeter/2017-06-13_09-22-47.815407/kpi.jtl
[2017-06-13 09:24:06,115 DEBUG Engine.jmeter.JTLReader.IncrementalCSVReader] Read lines: 194 / 17015 bytes (at speed 1048576)
[2017-06-13 09:24:06,132 DEBUG Engine.jmeter.JTLReader] Buffer len: 4
[2017-06-13 09:24:06,134 DEBUG Engine.jmeter.JTLReader] Aggregating: 1497371042
[2017-06-13 09:24:06,161 DEBUG Engine.jmeter.JTLReader] Aggregating: 1497371043
[2017-06-13 09:24:06,181 DEBUG Engine.jmeter.JTLReader] Aggregating: 1497371044
[2017-06-13 09:24:06,196 DEBUG Engine.jmeter.JTLReader] Aggregating: 1497371045
[2017-06-13 09:24:06,213 DEBUG Engine.consolidator] Consolidator buffer[6]: [1497371040, 1497371041, 1497371042, 1497371043, 1497371044, 1497371045]
[2017-06-13 09:24:06,214 DEBUG Engine.consolidator] Merging into 1497371040
[2017-06-13 09:24:06,214 DEBUG Engine.consolidator] Merging 1497371040
[2017-06-13 09:24:06,246 DEBUG Engine.consolidator] Processed datapoint: 1497371040/None
[2017-06-13 09:24:06,246 DEBUG Engine.consolidator] Merging into 1497371041
[2017-06-13 09:24:06,246 DEBUG Engine.consolidator] Merging 1497371041
[2017-06-13 09:24:06,269 DEBUG Engine.consolidator] Processed datapoint: 1497371041/None
[2017-06-13 09:24:06,269 DEBUG Engine.consolidator] Merging into 1497371042
[2017-06-13 09:24:06,269 DEBUG Engine.consolidator] Merging 1497371042
[2017-06-13 09:24:06,292 DEBUG Engine.consolidator] Processed datapoint: 1497371042/None
[2017-06-13 09:24:06,293 DEBUG Engine.consolidator] Merging into 1497371043
[2017-06-13 09:24:06,293 DEBUG Engine.consolidator] Merging 1497371043
[2017-06-13 09:24:06,315 DEBUG Engine.consolidator] Processed datapoint: 1497371043/None
[2017-06-13 09:24:06,315 DEBUG Engine.consolidator] Merging into 1497371044
[2017-06-13 09:24:06,315 DEBUG Engine.consolidator] Merging 1497371044
[2017-06-13 09:24:06,338 DEBUG Engine.consolidator] Processed datapoint: 1497371044/None
[2017-06-13 09:24:06,338 DEBUG Engine.consolidator] Merging into 1497371045
[2017-06-13 09:24:06,338 DEBUG Engine.consolidator] Merging 1497371045
[2017-06-13 09:24:06,358 DEBUG Engine.consolidator] Processed datapoint: 1497371045/None
[2017-06-13 09:24:06,358 INFO Engine.final-stats] Test duration: 0:01:18
[2017-06-13 09:24:06,358 INFO Engine.final-stats] Samples count: 8859, 25.21% failures
[2017-06-13 09:24:06,358 INFO Engine.final-stats] Average times: total 0.398, latency 0.380, connect 0.000
[2017-06-13 09:24:06,359 INFO Engine.final-stats] Percentile 0.0%: 0.180
[2017-06-13 09:24:06,359 INFO Engine.final-stats] Percentile 50.0%: 0.385
[2017-06-13 09:24:06,359 INFO Engine.final-stats] Percentile 90.0%: 0.586
[2017-06-13 09:24:06,359 INFO Engine.final-stats] Percentile 95.0%: 0.664
[2017-06-13 09:24:06,359 INFO Engine.final-stats] Percentile 99.0%: 0.903
[2017-06-13 09:24:06,359 INFO Engine.final-stats] Percentile 99.9%: 1.281
[2017-06-13 09:24:06,359 INFO Engine.final-stats] Percentile 100.0%: 1.981
[2017-06-13 09:24:06,359 DEBUG Engine.console] No logger_handler or orig_stream was detected
[2017-06-13 09:24:06,361 DEBUG Engine.Configuration] Dumping YAML config into /Users/daper01/Documents/OSLo/JMeter/2017-06-13_09-22-47.815407/effective.yml
[2017-06-13 09:24:06,382 DEBUG Engine.Configuration] Dumping JSON config into /Users/daper01/Documents/OSLo/JMeter/2017-06-13_09-22-47.815407/effective.json
[2017-06-13 09:24:06,383 INFO root] Artifacts dir: /Users/daper01/Documents/OSLo/JMeter/2017-06-13_09-22-47.815407
[2017-06-13 09:24:06,384 WARNING root] Done performing with code: 1
[2017-06-13 09:24:06,384 DEBUG root] Closing log handler: /Users/daper01/Documents/OSLo/JMeter/2017-06-13_09-22-47.815407/bzt.log
