2017/06/13 09:22:49 INFO  - jmeter.util.JMeterUtils: Setting Locale to en_US 
2017/06/13 09:22:49 INFO  - jmeter.JMeter: Loading user properties from: /Users/daper01/.bzt/jmeter-taurus/bin/user.properties 
2017/06/13 09:22:49 INFO  - jmeter.JMeter: Loading system properties from: /Users/daper01/.bzt/jmeter-taurus/bin/system.properties 
2017/06/13 09:22:49 INFO  - jmeter.JMeter: Copyright (c) 1998-2016 The Apache Software Foundation 
2017/06/13 09:22:49 INFO  - jmeter.JMeter: Version 3.1 r1770033 
2017/06/13 09:22:49 INFO  - jmeter.JMeter: java.version=1.8.0_121 
2017/06/13 09:22:49 INFO  - jmeter.JMeter: java.vm.name=Java HotSpot(TM) 64-Bit Server VM 
2017/06/13 09:22:49 INFO  - jmeter.JMeter: os.name=Mac OS X 
2017/06/13 09:22:49 INFO  - jmeter.JMeter: os.arch=x86_64 
2017/06/13 09:22:49 INFO  - jmeter.JMeter: os.version=10.12.3 
2017/06/13 09:22:49 INFO  - jmeter.JMeter: file.encoding=UTF-8 
2017/06/13 09:22:49 INFO  - jmeter.JMeter: Max memory     =3817865216 
2017/06/13 09:22:49 INFO  - jmeter.JMeter: Available Processors =4 
2017/06/13 09:22:49 INFO  - jmeter.JMeter: Default Locale=English (United States) 
2017/06/13 09:22:49 INFO  - jmeter.JMeter: JMeter  Locale=English (United States) 
2017/06/13 09:22:49 INFO  - jmeter.JMeter: JMeterHome=/Users/daper01/.bzt/jmeter-taurus 
2017/06/13 09:22:49 INFO  - jmeter.JMeter: user.dir  =/Users/daper01/Documents/OSLo/JMeter 
2017/06/13 09:22:49 INFO  - jmeter.JMeter: PWD       =/Users/daper01/Documents/OSLo/JMeter 
2017/06/13 09:22:49 INFO  - jmeter.JMeter: IP: 192.168.128.176 Name: daper01mac1124 FullName: 192.168.128.176 
2017/06/13 09:22:49 INFO  - jmeter.JMeter: user.classpath=/Users/daper01/Documents/OSLo/JMeter/2017-06-13_09-22-47.815407 
2017/06/13 09:22:49 INFO  - jmeter.JMeter: Adding to classpath and loader: /Users/daper01/Documents/OSLo/JMeter/2017-06-13_09-22-47.815407 
2017/06/13 09:22:49 INFO  - jmeter.services.FileServer: Default base='/Users/daper01/Documents/OSLo/JMeter' 
2017/06/13 09:22:49 INFO  - jmeter.services.FileServer: Set new base='/Users/daper01/Documents/OSLo/JMeter' 
2017/06/13 09:22:49 INFO  - jmeter.save.SaveService: Testplan (JMX) version: 2.2. Testlog (JTL) version: 2.2 
2017/06/13 09:22:49 INFO  - jmeter.save.SaveService: Using SaveService properties file encoding UTF-8 
2017/06/13 09:22:49 INFO  - jmeter.save.SaveService: Using SaveService properties version 3.1 
2017/06/13 09:22:49 INFO  - jmeter.save.SaveService: All converter versions present and correct 
2017/06/13 09:22:49 INFO  - jmeter.save.SaveService: Loading file: /Users/daper01/Documents/OSLo/JMeter/modified_blazedemo_easy_peasy.jmx 
2017/06/13 09:22:49 INFO  - jmeter.protocol.http.control.CookieManager: Settings: Delete null: true Check: true Allow variable: true Save: false Prefix: COOKIE_ 
2017/06/13 09:22:49 INFO  - jmeter.protocol.http.control.CacheManager: Will only cache the following methods: [GET] 
2017/06/13 09:22:49 INFO  - jmeter.protocol.http.sampler.HTTPSamplerBase: Parser for text/html is org.apache.jmeter.protocol.http.parser.LagartoBasedHtmlParser 
2017/06/13 09:22:49 INFO  - jmeter.protocol.http.sampler.HTTPSamplerBase: Parser for application/xhtml+xml is org.apache.jmeter.protocol.http.parser.LagartoBasedHtmlParser 
2017/06/13 09:22:49 INFO  - jmeter.protocol.http.sampler.HTTPSamplerBase: Parser for application/xml is org.apache.jmeter.protocol.http.parser.LagartoBasedHtmlParser 
2017/06/13 09:22:49 INFO  - jmeter.protocol.http.sampler.HTTPSamplerBase: Parser for text/xml is org.apache.jmeter.protocol.http.parser.LagartoBasedHtmlParser 
2017/06/13 09:22:49 INFO  - jmeter.protocol.http.sampler.HTTPSamplerBase: Parser for text/vnd.wap.wml is org.apache.jmeter.protocol.http.parser.RegexpHTMLParser 
2017/06/13 09:22:49 INFO  - jmeter.protocol.http.sampler.HTTPSamplerBase: Parser for text/css is org.apache.jmeter.protocol.http.parser.CssParser 
2017/06/13 09:22:49 INFO  - jmeter.engine.StandardJMeterEngine: Running the test! 
2017/06/13 09:22:49 INFO  - jmeter.samplers.SampleEvent: List of sample_variables: [] 
2017/06/13 09:22:49 INFO  - jmeter.samplers.SampleEvent: List of sample_variables: [] 
2017/06/13 09:22:49 INFO  - jmeter.engine.util.CompoundVariable: Note: Function class names must contain the string: '.functions.' 
2017/06/13 09:22:49 INFO  - jmeter.engine.util.CompoundVariable: Note: Function class names must not contain the string: '.gui.' 
2017/06/13 09:22:49 INFO  - jmeter.JMeter: Running test (1497370969695) 
2017/06/13 09:22:49 INFO  - jmeter.engine.StandardJMeterEngine: Starting ThreadGroup: 1 : Thread Group 
2017/06/13 09:22:49 INFO  - jmeter.engine.StandardJMeterEngine: Starting 50 threads for group Thread Group. 
2017/06/13 09:22:49 INFO  - jmeter.engine.StandardJMeterEngine: Thread will continue on error 
2017/06/13 09:22:49 INFO  - jmeter.threads.ThreadGroup: Starting thread group number 1 threads 50 ramp-up 10 perThread 200.0 delayedStart=false 
2017/06/13 09:22:49 INFO  - jmeter.threads.JMeterThread: Thread started: Thread Group 1-1 
2017/06/13 09:22:49 INFO  - jmeter.protocol.http.sampler.HTTPHCAbstractImpl: Local host = daper01mac1124 
2017/06/13 09:22:49 INFO  - jmeter.protocol.http.sampler.HTTPHC4Impl: HTTP request retry count = 0 
2017/06/13 09:22:49 INFO  - jmeter.samplers.SampleResult: Note: Sample TimeStamps are START times 
2017/06/13 09:22:49 INFO  - jmeter.samplers.SampleResult: sampleresult.default.encoding is set to UTF-8 
2017/06/13 09:22:49 INFO  - jmeter.samplers.SampleResult: sampleresult.useNanoTime=true 
2017/06/13 09:22:49 INFO  - jmeter.samplers.SampleResult: sampleresult.nanoThreadSleep=5000 
2017/06/13 09:22:49 INFO  - jmeter.threads.ThreadGroup: Started thread group number 1 
2017/06/13 09:22:49 INFO  - jmeter.engine.StandardJMeterEngine: All thread groups have been started 
2017/06/13 09:22:49 INFO  - jmeter.threads.JMeterThread: Thread started: Thread Group 1-2 
2017/06/13 09:22:50 INFO  - jmeter.threads.JMeterThread: Thread started: Thread Group 1-3 
2017/06/13 09:22:50 INFO  - jmeter.threads.JMeterThread: Thread started: Thread Group 1-4 
2017/06/13 09:22:50 INFO  - jmeter.threads.JMeterThread: Thread started: Thread Group 1-5 
2017/06/13 09:22:50 INFO  - jmeter.threads.JMeterThread: Thread started: Thread Group 1-6 
2017/06/13 09:22:50 INFO  - jmeter.threads.JMeterThread: Thread started: Thread Group 1-7 
2017/06/13 09:22:51 INFO  - jmeter.threads.JMeterThread: Thread started: Thread Group 1-8 
2017/06/13 09:22:51 INFO  - jmeter.threads.JMeterThread: Thread started: Thread Group 1-9 
2017/06/13 09:22:51 INFO  - jmeter.threads.JMeterThread: Thread started: Thread Group 1-10 
2017/06/13 09:22:51 INFO  - jmeter.threads.JMeterThread: Thread started: Thread Group 1-11 
2017/06/13 09:22:51 INFO  - jmeter.threads.JMeterThread: Thread started: Thread Group 1-12 
2017/06/13 09:22:52 INFO  - jmeter.threads.JMeterThread: Thread started: Thread Group 1-13 
2017/06/13 09:22:52 INFO  - jmeter.threads.JMeterThread: Thread started: Thread Group 1-14 
2017/06/13 09:22:52 INFO  - jmeter.threads.JMeterThread: Thread started: Thread Group 1-15 
2017/06/13 09:22:52 INFO  - jmeter.threads.JMeterThread: Thread started: Thread Group 1-16 
2017/06/13 09:22:52 INFO  - jmeter.threads.JMeterThread: Thread started: Thread Group 1-17 
2017/06/13 09:22:53 INFO  - jmeter.threads.JMeterThread: Thread started: Thread Group 1-18 
2017/06/13 09:22:53 INFO  - jmeter.threads.JMeterThread: Thread started: Thread Group 1-19 
2017/06/13 09:22:53 INFO  - jmeter.threads.JMeterThread: Thread started: Thread Group 1-20 
2017/06/13 09:22:53 INFO  - jmeter.threads.JMeterThread: Thread started: Thread Group 1-21 
2017/06/13 09:22:53 INFO  - jmeter.threads.JMeterThread: Thread started: Thread Group 1-22 
2017/06/13 09:22:54 INFO  - jmeter.threads.JMeterThread: Thread started: Thread Group 1-23 
2017/06/13 09:22:54 INFO  - jmeter.threads.JMeterThread: Thread started: Thread Group 1-24 
2017/06/13 09:22:54 INFO  - jmeter.threads.JMeterThread: Thread started: Thread Group 1-25 
2017/06/13 09:22:54 INFO  - jmeter.threads.JMeterThread: Thread started: Thread Group 1-26 
2017/06/13 09:22:54 INFO  - jmeter.threads.JMeterThread: Thread started: Thread Group 1-27 
2017/06/13 09:22:55 INFO  - jmeter.threads.JMeterThread: Thread started: Thread Group 1-28 
2017/06/13 09:22:55 INFO  - jmeter.threads.JMeterThread: Thread started: Thread Group 1-29 
2017/06/13 09:22:55 INFO  - jmeter.threads.JMeterThread: Thread started: Thread Group 1-30 
2017/06/13 09:22:55 INFO  - jmeter.threads.JMeterThread: Thread started: Thread Group 1-31 
2017/06/13 09:22:55 INFO  - jmeter.threads.JMeterThread: Thread started: Thread Group 1-32 
2017/06/13 09:22:56 INFO  - jmeter.threads.JMeterThread: Thread started: Thread Group 1-33 
2017/06/13 09:22:56 INFO  - jmeter.threads.JMeterThread: Thread started: Thread Group 1-34 
2017/06/13 09:22:56 INFO  - jmeter.threads.JMeterThread: Thread started: Thread Group 1-35 
2017/06/13 09:22:56 INFO  - jmeter.threads.JMeterThread: Thread started: Thread Group 1-36 
2017/06/13 09:22:56 INFO  - jmeter.threads.JMeterThread: Thread started: Thread Group 1-37 
2017/06/13 09:22:57 INFO  - jmeter.threads.JMeterThread: Thread started: Thread Group 1-38 
2017/06/13 09:22:57 INFO  - jmeter.threads.JMeterThread: Thread started: Thread Group 1-39 
2017/06/13 09:22:57 INFO  - jmeter.threads.JMeterThread: Thread started: Thread Group 1-40 
2017/06/13 09:22:57 INFO  - jmeter.threads.JMeterThread: Thread started: Thread Group 1-41 
2017/06/13 09:22:58 INFO  - jmeter.threads.JMeterThread: Thread started: Thread Group 1-42 
2017/06/13 09:22:58 INFO  - jmeter.threads.JMeterThread: Thread started: Thread Group 1-43 
2017/06/13 09:22:58 INFO  - jmeter.threads.JMeterThread: Thread started: Thread Group 1-44 
2017/06/13 09:22:58 INFO  - jmeter.threads.JMeterThread: Thread started: Thread Group 1-45 
2017/06/13 09:22:58 INFO  - jmeter.threads.JMeterThread: Thread started: Thread Group 1-46 
2017/06/13 09:22:59 INFO  - jmeter.threads.JMeterThread: Thread started: Thread Group 1-47 
2017/06/13 09:22:59 INFO  - jmeter.threads.JMeterThread: Thread started: Thread Group 1-48 
2017/06/13 09:22:59 INFO  - jmeter.threads.JMeterThread: Thread started: Thread Group 1-49 
2017/06/13 09:22:59 INFO  - jmeter.threads.JMeterThread: Thread started: Thread Group 1-50 
2017/06/13 09:24:05 INFO  - jmeter.JMeter: Command: Shutdown received from /127.0.0.1 
2017/06/13 09:24:05 INFO  - jmeter.threads.JMeterThread: Stopping: Thread Group 1-26 
2017/06/13 09:24:05 INFO  - jmeter.threads.JMeterThread: Stopping: Thread Group 1-4 
2017/06/13 09:24:05 INFO  - jmeter.threads.JMeterThread: Stopping: Thread Group 1-16 
2017/06/13 09:24:05 INFO  - jmeter.threads.JMeterThread: Stopping: Thread Group 1-27 
2017/06/13 09:24:05 INFO  - jmeter.threads.JMeterThread: Stopping: Thread Group 1-15 
2017/06/13 09:24:05 INFO  - jmeter.threads.JMeterThread: Stopping: Thread Group 1-1 
2017/06/13 09:24:05 INFO  - jmeter.threads.JMeterThread: Stopping: Thread Group 1-23 
2017/06/13 09:24:05 INFO  - jmeter.threads.JMeterThread: Stopping: Thread Group 1-29 
2017/06/13 09:24:05 INFO  - jmeter.threads.JMeterThread: Stopping: Thread Group 1-11 
2017/06/13 09:24:05 INFO  - jmeter.threads.JMeterThread: Stopping: Thread Group 1-33 
2017/06/13 09:24:05 INFO  - jmeter.threads.JMeterThread: Stopping: Thread Group 1-38 
2017/06/13 09:24:05 INFO  - jmeter.threads.JMeterThread: Stopping: Thread Group 1-9 
2017/06/13 09:24:05 INFO  - jmeter.threads.JMeterThread: Stopping: Thread Group 1-45 
2017/06/13 09:24:05 INFO  - jmeter.threads.JMeterThread: Stopping: Thread Group 1-20 
2017/06/13 09:24:05 INFO  - jmeter.threads.JMeterThread: Stopping: Thread Group 1-37 
2017/06/13 09:24:05 INFO  - jmeter.threads.JMeterThread: Stopping: Thread Group 1-10 
2017/06/13 09:24:05 INFO  - jmeter.threads.JMeterThread: Stopping: Thread Group 1-22 
2017/06/13 09:24:05 INFO  - jmeter.threads.JMeterThread: Stopping: Thread Group 1-24 
2017/06/13 09:24:05 INFO  - jmeter.threads.JMeterThread: Stopping: Thread Group 1-49 
2017/06/13 09:24:05 INFO  - jmeter.threads.JMeterThread: Stopping: Thread Group 1-42 
2017/06/13 09:24:05 INFO  - jmeter.threads.JMeterThread: Stopping: Thread Group 1-36 
2017/06/13 09:24:05 INFO  - jmeter.threads.JMeterThread: Stopping: Thread Group 1-14 
2017/06/13 09:24:05 INFO  - jmeter.threads.JMeterThread: Stopping: Thread Group 1-6 
2017/06/13 09:24:05 INFO  - jmeter.threads.JMeterThread: Stopping: Thread Group 1-13 
2017/06/13 09:24:05 INFO  - jmeter.threads.JMeterThread: Stopping: Thread Group 1-34 
2017/06/13 09:24:05 INFO  - jmeter.threads.JMeterThread: Stopping: Thread Group 1-39 
2017/06/13 09:24:05 INFO  - jmeter.threads.JMeterThread: Stopping: Thread Group 1-30 
2017/06/13 09:24:05 INFO  - jmeter.threads.JMeterThread: Stopping: Thread Group 1-17 
2017/06/13 09:24:05 INFO  - jmeter.threads.JMeterThread: Stopping: Thread Group 1-18 
2017/06/13 09:24:05 INFO  - jmeter.threads.JMeterThread: Stopping: Thread Group 1-46 
2017/06/13 09:24:05 INFO  - jmeter.threads.JMeterThread: Stopping: Thread Group 1-50 
2017/06/13 09:24:05 INFO  - jmeter.threads.JMeterThread: Stopping: Thread Group 1-31 
2017/06/13 09:24:05 INFO  - jmeter.threads.JMeterThread: Stopping: Thread Group 1-41 
2017/06/13 09:24:05 INFO  - jmeter.threads.JMeterThread: Stopping: Thread Group 1-2 
2017/06/13 09:24:05 INFO  - jmeter.threads.JMeterThread: Stopping: Thread Group 1-47 
2017/06/13 09:24:05 INFO  - jmeter.threads.JMeterThread: Stopping: Thread Group 1-43 
2017/06/13 09:24:05 INFO  - jmeter.threads.JMeterThread: Stopping: Thread Group 1-8 
2017/06/13 09:24:05 INFO  - jmeter.threads.JMeterThread: Stopping: Thread Group 1-28 
2017/06/13 09:24:05 INFO  - jmeter.threads.JMeterThread: Stopping: Thread Group 1-35 
2017/06/13 09:24:05 INFO  - jmeter.threads.JMeterThread: Stopping: Thread Group 1-5 
2017/06/13 09:24:05 INFO  - jmeter.threads.JMeterThread: Stopping: Thread Group 1-12 
2017/06/13 09:24:05 INFO  - jmeter.threads.JMeterThread: Stopping: Thread Group 1-40 
2017/06/13 09:24:05 INFO  - jmeter.threads.JMeterThread: Stopping: Thread Group 1-32 
2017/06/13 09:24:05 INFO  - jmeter.threads.JMeterThread: Stopping: Thread Group 1-44 
2017/06/13 09:24:05 INFO  - jmeter.threads.JMeterThread: Stopping: Thread Group 1-48 
2017/06/13 09:24:05 INFO  - jmeter.threads.JMeterThread: Stopping: Thread Group 1-25 
2017/06/13 09:24:05 INFO  - jmeter.threads.JMeterThread: Stopping: Thread Group 1-7 
2017/06/13 09:24:05 INFO  - jmeter.threads.JMeterThread: Stopping: Thread Group 1-19 
2017/06/13 09:24:05 INFO  - jmeter.threads.JMeterThread: Stopping: Thread Group 1-21 
2017/06/13 09:24:05 INFO  - jmeter.threads.JMeterThread: Stopping: Thread Group 1-3 
2017/06/13 09:24:05 INFO  - jmeter.threads.JMeterThread: Thread finished: Thread Group 1-11 
2017/06/13 09:24:05 INFO  - jmeter.threads.JMeterThread: Thread finished: Thread Group 1-8 
2017/06/13 09:24:05 INFO  - jmeter.threads.JMeterThread: Thread finished: Thread Group 1-37 
2017/06/13 09:24:05 INFO  - jmeter.threads.JMeterThread: Thread finished: Thread Group 1-16 
2017/06/13 09:24:05 INFO  - jmeter.threads.JMeterThread: Thread finished: Thread Group 1-27 
2017/06/13 09:24:05 INFO  - jmeter.threads.JMeterThread: Thread finished: Thread Group 1-35 
2017/06/13 09:24:05 INFO  - jmeter.threads.JMeterThread: Thread finished: Thread Group 1-32 
2017/06/13 09:24:05 INFO  - jmeter.threads.JMeterThread: Thread finished: Thread Group 1-39 
2017/06/13 09:24:05 INFO  - jmeter.threads.JMeterThread: Thread finished: Thread Group 1-21 
2017/06/13 09:24:05 INFO  - jmeter.threads.JMeterThread: Thread finished: Thread Group 1-6 
2017/06/13 09:24:05 INFO  - jmeter.threads.JMeterThread: Thread finished: Thread Group 1-1 
2017/06/13 09:24:05 INFO  - jmeter.threads.JMeterThread: Thread finished: Thread Group 1-23 
2017/06/13 09:24:05 INFO  - jmeter.threads.JMeterThread: Thread finished: Thread Group 1-22 
2017/06/13 09:24:05 INFO  - jmeter.threads.JMeterThread: Thread finished: Thread Group 1-17 
2017/06/13 09:24:05 INFO  - jmeter.threads.JMeterThread: Thread finished: Thread Group 1-3 
2017/06/13 09:24:05 INFO  - jmeter.threads.JMeterThread: Thread finished: Thread Group 1-42 
2017/06/13 09:24:05 INFO  - jmeter.threads.JMeterThread: Thread finished: Thread Group 1-12 
2017/06/13 09:24:05 INFO  - jmeter.threads.JMeterThread: Thread finished: Thread Group 1-13 
2017/06/13 09:24:05 INFO  - jmeter.threads.JMeterThread: Thread finished: Thread Group 1-46 
2017/06/13 09:24:05 INFO  - jmeter.threads.JMeterThread: Thread finished: Thread Group 1-19 
2017/06/13 09:24:05 INFO  - jmeter.threads.JMeterThread: Thread finished: Thread Group 1-14 
2017/06/13 09:24:05 INFO  - jmeter.threads.JMeterThread: Thread finished: Thread Group 1-41 
2017/06/13 09:24:05 INFO  - jmeter.threads.JMeterThread: Thread finished: Thread Group 1-50 
2017/06/13 09:24:05 INFO  - jmeter.threads.JMeterThread: Thread finished: Thread Group 1-15 
2017/06/13 09:24:05 INFO  - jmeter.threads.JMeterThread: Thread finished: Thread Group 1-43 
2017/06/13 09:24:05 INFO  - jmeter.threads.JMeterThread: Thread finished: Thread Group 1-4 
2017/06/13 09:24:05 INFO  - jmeter.threads.JMeterThread: Thread finished: Thread Group 1-9 
2017/06/13 09:24:05 INFO  - jmeter.threads.JMeterThread: Thread finished: Thread Group 1-45 
2017/06/13 09:24:05 INFO  - jmeter.threads.JMeterThread: Thread finished: Thread Group 1-24 
2017/06/13 09:24:05 INFO  - jmeter.threads.JMeterThread: Thread finished: Thread Group 1-47 
2017/06/13 09:24:05 INFO  - jmeter.threads.JMeterThread: Thread finished: Thread Group 1-38 
2017/06/13 09:24:05 INFO  - jmeter.threads.JMeterThread: Thread finished: Thread Group 1-36 
2017/06/13 09:24:05 INFO  - jmeter.threads.JMeterThread: Thread finished: Thread Group 1-33 
2017/06/13 09:24:05 INFO  - jmeter.threads.JMeterThread: Thread finished: Thread Group 1-48 
2017/06/13 09:24:05 INFO  - jmeter.threads.JMeterThread: Thread finished: Thread Group 1-25 
2017/06/13 09:24:05 INFO  - jmeter.threads.JMeterThread: Thread finished: Thread Group 1-40 
2017/06/13 09:24:05 INFO  - jmeter.threads.JMeterThread: Thread finished: Thread Group 1-18 
2017/06/13 09:24:05 INFO  - jmeter.threads.JMeterThread: Thread finished: Thread Group 1-49 
2017/06/13 09:24:05 INFO  - jmeter.threads.JMeterThread: Thread finished: Thread Group 1-7 
2017/06/13 09:24:05 INFO  - jmeter.threads.JMeterThread: Thread finished: Thread Group 1-31 
2017/06/13 09:24:05 INFO  - jmeter.threads.JMeterThread: Thread finished: Thread Group 1-28 
2017/06/13 09:24:05 INFO  - jmeter.threads.JMeterThread: Thread finished: Thread Group 1-34 
2017/06/13 09:24:05 INFO  - jmeter.threads.JMeterThread: Thread finished: Thread Group 1-20 
2017/06/13 09:24:05 INFO  - jmeter.threads.JMeterThread: Thread finished: Thread Group 1-30 
2017/06/13 09:24:05 INFO  - jmeter.threads.JMeterThread: Thread finished: Thread Group 1-26 
2017/06/13 09:24:05 INFO  - jmeter.threads.JMeterThread: Thread finished: Thread Group 1-10 
2017/06/13 09:24:05 INFO  - jmeter.threads.JMeterThread: Thread finished: Thread Group 1-5 
2017/06/13 09:24:05 INFO  - jmeter.threads.JMeterThread: Thread finished: Thread Group 1-2 
2017/06/13 09:24:05 INFO  - jmeter.threads.JMeterThread: Thread finished: Thread Group 1-29 
2017/06/13 09:24:05 INFO  - jmeter.threads.JMeterThread: Thread finished: Thread Group 1-44 
2017/06/13 09:24:05 INFO  - jmeter.engine.StandardJMeterEngine: Notifying test listeners of end of test 
2017/06/13 09:24:05 INFO  - jmeter.engine.StandardJMeterEngine: Forced JVM shutdown requested at end of test 
