[2017-12-07 15:09:12,521 INFO root] Taurus CLI Tool v1.9.6
[2017-12-07 15:09:12,521 DEBUG root] Command-line options: {'verbose': None, 'no_system_configs': None, 'quiet': None, 'log': '/var/folders/vq/xzrdy2lx047cst78f69v8z3xfzqz1q/T/bzt_MbDWNa.log', 'option': None, 'aliases': []}
[2017-12-07 15:09:12,522 DEBUG root] Python: CPython 2.7.13
[2017-12-07 15:09:12,522 DEBUG root] OS: ('Darwin', 'daper01mac1124', '17.2.0', 'Darwin Kernel Version 17.2.0: Fri Sep 29 18:27:05 PDT 2017; root:xnu-4570.20.62~3/RELEASE_X86_64', 'x86_64', 'i386')
[2017-12-07 15:09:12,522 INFO root] Starting with configs: ['python_Selenium.yml']
[2017-12-07 15:09:12,522 DEBUG root] Using personal config: /Users/daper01/.bzt-rc
[2017-12-07 15:09:12,522 INFO Engine] Configuring...
[2017-12-07 15:09:12,522 DEBUG Engine] Reading extension configs from: /usr/local/etc/bzt.d
[2017-12-07 15:09:12,522 DEBUG Engine.Configuration] Configs: ['/usr/local/lib/python2.7/site-packages/bzt/resources/base-config.yml', '/usr/local/etc/bzt.d/99-installID.yml']
[2017-12-07 15:09:12,536 DEBUG Engine.Configuration] Reading /usr/local/lib/python2.7/site-packages/bzt/resources/base-config.yml as YAML
[2017-12-07 15:09:12,612 DEBUG Engine.Configuration] Reading /usr/local/etc/bzt.d/99-installID.yml as YAML
[2017-12-07 15:09:12,612 DEBUG Engine.Configuration] Configs: ['/Users/daper01/.bzt-rc', 'python_Selenium.yml']
[2017-12-07 15:09:12,620 DEBUG Engine.Configuration] Reading /Users/daper01/.bzt-rc as YAML
[2017-12-07 15:09:12,622 DEBUG Engine.Configuration] Reading python_Selenium.yml as YAML
[2017-12-07 15:09:12,626 DEBUG Engine.Configuration] Configs: ['/Users/daper01/.bzt-rc', 'python_Selenium.yml']
[2017-12-07 15:09:12,627 DEBUG Engine.Configuration] Reading /Users/daper01/.bzt-rc as YAML
[2017-12-07 15:09:12,629 DEBUG Engine.Configuration] Reading python_Selenium.yml as YAML
[2017-12-07 15:09:12,652 DEBUG Engine] Requesting updates info: http://gettaurus.org/updates/?version=1.9.6&installID=784f43782a15
[2017-12-07 15:09:12,658 INFO Engine] Artifacts dir: /Users/daper01/Documents/OSLo/Selenium/2017-12-07_15-09-12.653177
[2017-12-07 15:09:12,658 DEBUG Engine] New artifact filename: /Users/daper01/Documents/OSLo/Selenium/2017-12-07_15-09-12.653177/effective
[2017-12-07 15:09:12,660 DEBUG Engine.Configuration] Dumping YAML config into /Users/daper01/Documents/OSLo/Selenium/2017-12-07_15-09-12.653177/effective.yml
[2017-12-07 15:09:12,694 DEBUG Engine.Configuration] Dumping JSON config into /Users/daper01/Documents/OSLo/Selenium/2017-12-07_15-09-12.653177/effective.json
[2017-12-07 15:09:12,701 DEBUG Engine] New artifact filename: /Users/daper01/Documents/OSLo/Selenium/2017-12-07_15-09-12.653177/merged.yml
[2017-12-07 15:09:12,701 DEBUG Engine.Configuration] Dumping YAML config into /Users/daper01/Documents/OSLo/Selenium/2017-12-07_15-09-12.653177/merged.yml
[2017-12-07 15:09:12,704 DEBUG Engine] New artifact filename: /Users/daper01/Documents/OSLo/Selenium/2017-12-07_15-09-12.653177/merged.json
[2017-12-07 15:09:12,704 DEBUG Engine.Configuration] Dumping JSON config into /Users/daper01/Documents/OSLo/Selenium/2017-12-07_15-09-12.653177/merged.json
[2017-12-07 15:09:12,705 DEBUG Engine] Add existing artifact (move=False): python_Selenium.yml
[2017-12-07 15:09:12,705 DEBUG Engine] Copying python_Selenium.yml to /Users/daper01/Documents/OSLo/Selenium/2017-12-07_15-09-12.653177/python_Selenium.yml
[2017-12-07 15:09:12,706 DEBUG root] Closing log handler: /var/folders/vq/xzrdy2lx047cst78f69v8z3xfzqz1q/T/bzt_MbDWNa.log
[2017-12-07 15:09:12,765 DEBUG root] Switched writing logs to /Users/daper01/Documents/OSLo/Selenium/2017-12-07_15-09-12.653177/bzt.log
[2017-12-07 15:09:12,765 INFO Engine] Preparing...
[2017-12-07 15:09:12,766 DEBUG Engine] Module config: consolidator defaultdict(None, {'class': 'bzt.modules.aggregator.ConsolidatingAggregator'})
[2017-12-07 15:09:12,766 DEBUG root] Importing module: bzt.modules.aggregator
[2017-12-07 15:09:12,875 DEBUG root] Loading class: 'ConsolidatingAggregator' from <module 'bzt.modules.aggregator' from '/usr/local/lib/python2.7/site-packages/bzt/modules/aggregator.pyc'>
[2017-12-07 15:09:12,876 DEBUG Engine.consolidator] Exception in dehumanize_time(inf)
[2017-12-07 15:09:12,876 DEBUG Engine.consolidator] Buffer scaling setup: percentile 95.0 from [0.0, 50.0, 90.0, 95.0, 99.0, 99.9, 100.0] selected
[2017-12-07 15:09:12,876 DEBUG Engine] Module config: monitoring defaultdict(None, {'class': 'bzt.modules.monitoring.Monitoring'})
[2017-12-07 15:09:12,876 DEBUG root] Importing module: bzt.modules.monitoring
[2017-12-07 15:09:13,358 DEBUG root] Loading class: 'Monitoring' from <module 'bzt.modules.monitoring' from '/usr/local/lib/python2.7/site-packages/bzt/modules/monitoring.pyc'>
[2017-12-07 15:09:13,359 DEBUG Engine] Taurus updates info: {"latest":"1.10.3","needsUpgrade":true}
[2017-12-07 15:09:13,359 DEBUG Engine] Module config: capturehar defaultdict(None, {'class': 'bzt.modules.blazemeter.ServiceStubCaptureHAR'})
[2017-12-07 15:09:13,359 WARNING Engine] There is newer version of Taurus 1.10.3 available, consider upgrading. What's new: http://gettaurus.org/docs/Changelog/
[2017-12-07 15:09:13,360 DEBUG root] Importing module: bzt.modules.blazemeter
[2017-12-07 15:09:17,281 DEBUG easyprocess] version=0.2.3
[2017-12-07 15:09:17,418 DEBUG pyvirtualdisplay] version=0.2.1
[2017-12-07 15:09:17,446 DEBUG root] Loading class: 'ServiceStubCaptureHAR' from <module 'bzt.modules.blazemeter' from '/usr/local/lib/python2.7/site-packages/bzt/modules/blazemeter.pyc'>
[2017-12-07 15:09:17,446 DEBUG Engine] Module config: local defaultdict(None, {'class': 'bzt.modules.provisioning.Local'})
[2017-12-07 15:09:17,447 DEBUG root] Importing module: bzt.modules.provisioning
[2017-12-07 15:09:17,447 DEBUG root] Loading class: 'Local' from <module 'bzt.modules.provisioning' from '/usr/local/lib/python2.7/site-packages/bzt/modules/provisioning.pyc'>
[2017-12-07 15:09:17,447 DEBUG Engine] Module config: selenium defaultdict(None, {'class': 'bzt.modules.selenium.SeleniumExecutor'})
[2017-12-07 15:09:17,447 DEBUG root] Importing module: bzt.modules.selenium
[2017-12-07 15:09:17,471 DEBUG root] Loading class: 'SeleniumExecutor' from <module 'bzt.modules.selenium' from '/usr/local/lib/python2.7/site-packages/bzt/modules/selenium.pyc'>
[2017-12-07 15:09:17,472 DEBUG Engine.local] Preparing executor: selenium/4555003600
[2017-12-07 15:09:17,473 DEBUG Engine.selenium] Using script type: nose
[2017-12-07 15:09:17,474 DEBUG Engine] Module config: nose defaultdict(None, {'class': 'bzt.modules.python.NoseTester'})
[2017-12-07 15:09:17,474 DEBUG root] Importing module: bzt.modules.python
[2017-12-07 15:09:17,989 DEBUG root] Loading class: 'NoseTester' from <module 'bzt.modules.python' from '/usr/local/lib/python2.7/site-packages/bzt/modules/python.pyc'>
[2017-12-07 15:09:17,990 DEBUG Engine.nose.TclLibrary] We don't need to check tcl library on this platform
[2017-12-07 15:09:17,991 DEBUG Engine.nose] Extract defaultdict(None, {'script': './blazeDemo_Selenium_with_unit_chrome.py'}) into scenarios
[2017-12-07 15:09:17,992 DEBUG Engine] New artifact filename: /Users/daper01/Documents/OSLo/Selenium/2017-12-07_15-09-12.653177/NoseTester.ldjson
[2017-12-07 15:09:17,996 DEBUG Engine] Module config: final-stats defaultdict(None, {'class': 'bzt.modules.reporting.FinalStatus'})
[2017-12-07 15:09:17,996 DEBUG root] Importing module: bzt.modules.reporting
[2017-12-07 15:09:18,032 DEBUG root] Loading class: 'FinalStatus' from <module 'bzt.modules.reporting' from '/usr/local/lib/python2.7/site-packages/bzt/modules/reporting.pyc'>
[2017-12-07 15:09:18,033 DEBUG Engine] Module config: console defaultdict(None, {'class': 'bzt.modules.console.ConsoleStatusReporter'})
[2017-12-07 15:09:18,033 DEBUG root] Importing module: bzt.modules.console
[2017-12-07 15:09:18,033 DEBUG root] Loading class: 'ConsoleStatusReporter' from <module 'bzt.modules.console' from '/usr/local/lib/python2.7/site-packages/bzt/modules/console.pyc'>
[2017-12-07 15:09:18,043 DEBUG Engine.Configuration] Dumping YAML config into /Users/daper01/Documents/OSLo/Selenium/2017-12-07_15-09-12.653177/effective.yml
[2017-12-07 15:09:18,099 DEBUG Engine.Configuration] Dumping JSON config into /Users/daper01/Documents/OSLo/Selenium/2017-12-07_15-09-12.653177/effective.json
[2017-12-07 15:09:18,101 INFO Engine] Starting...
[2017-12-07 15:09:18,101 DEBUG Engine] Startup <bzt.modules.monitoring.Monitoring object at 0x10eca7810>
[2017-12-07 15:09:18,101 DEBUG Engine] Startup <bzt.modules.blazemeter.ServiceStubCaptureHAR object at 0x10eccc7d0>
[2017-12-07 15:09:18,101 WARNING Engine.capturehar] Stub for service 'capturehar', use cloud provisioning to have it working
[2017-12-07 15:09:18,101 DEBUG Engine] Startup <bzt.modules.aggregator.ConsolidatingAggregator object at 0x10ec8a9d0>
[2017-12-07 15:09:18,102 DEBUG Engine] Startup <bzt.modules.reporting.FinalStatus object at 0x10f8e57d0>
[2017-12-07 15:09:18,102 DEBUG Engine] Startup <bzt.modules.console.ConsoleStatusReporter object at 0x10f8f93d0>
[2017-12-07 15:09:18,102 INFO Engine.console] Waiting for results...
[2017-12-07 15:09:18,102 DEBUG Engine] Startup <bzt.modules.provisioning.Local object at 0x10ec8a610>
[2017-12-07 15:09:18,102 DEBUG Engine.local] Delay setup for selenium/4555003600: 0(start-at) + 0(delay) = 0
[2017-12-07 15:09:18,106 DEBUG Engine.Configuration] Dumping YAML config into /Users/daper01/Documents/OSLo/Selenium/2017-12-07_15-09-12.653177/effective.yml
[2017-12-07 15:09:18,157 DEBUG Engine.Configuration] Dumping JSON config into /Users/daper01/Documents/OSLo/Selenium/2017-12-07_15-09-12.653177/effective.json
[2017-12-07 15:09:18,158 DEBUG root] Leveling down log file verbosity, use -v option to have DEBUG messages enabled
[2017-12-07 15:09:18,386 INFO Engine.console] Waiting for finish...
[2017-12-07 15:09:54,255 INFO LoadSamplesReader] Changed data analysis delay to 43s
[2017-12-07 15:10:22,376 WARNING Engine] Please wait for graceful shutdown...
[2017-12-07 15:10:22,381 DEBUG root] Leveled up log file verbosity
[2017-12-07 15:10:22,381 INFO Engine] Shutting down...
[2017-12-07 15:10:22,388 DEBUG Engine.local] Shutdown selenium/4555003600
[2017-12-07 15:10:22,388 DEBUG Engine.selenium] Selenium tests ran for 64.2299480438 seconds
[2017-12-07 15:10:22,389 DEBUG Engine.console] Restoring logging streams, [<logging.StreamHandler object at 0x10e1c2690>]/{<logging.StreamHandler object at 0x10e1c2690>: <open file '<stdout>', mode 'w' at 0x10d235150>}
[2017-12-07 15:10:22,394 DEBUG Engine.Configuration] Dumping YAML config into /Users/daper01/Documents/OSLo/Selenium/2017-12-07_15-09-12.653177/effective.yml
[2017-12-07 15:10:22,446 DEBUG Engine.Configuration] Dumping JSON config into /Users/daper01/Documents/OSLo/Selenium/2017-12-07_15-09-12.653177/effective.json
[2017-12-07 15:10:22,449 INFO Engine] Post-processing...
[2017-12-07 15:10:22,450 DEBUG Engine.local] Post-process selenium/4555003600
[2017-12-07 15:10:22,450 DEBUG LoadSamplesReader] Buffer len: 4
[2017-12-07 15:10:22,450 DEBUG LoadSamplesReader] Aggregating: 1512688185
[2017-12-07 15:10:22,451 DEBUG LoadSamplesReader] Aggregating: 1512688193
[2017-12-07 15:10:22,452 DEBUG LoadSamplesReader] Aggregating: 1512688202
[2017-12-07 15:10:22,454 DEBUG LoadSamplesReader] Aggregating: 1512688211
[2017-12-07 15:10:22,455 DEBUG Engine.consolidator] Consolidator buffer[5]: [1512688185, 1512688202, 1512688211, 1512688164, 1512688193]
[2017-12-07 15:10:22,455 DEBUG Engine.consolidator] Merging into 1512688164
[2017-12-07 15:10:22,455 DEBUG Engine.consolidator] Merging 1512688164
[2017-12-07 15:10:22,460 DEBUG Engine.consolidator] Processed datapoint: 1512688164/None
[2017-12-07 15:10:22,460 DEBUG Engine.consolidator] Merging into 1512688185
[2017-12-07 15:10:22,460 DEBUG Engine.consolidator] Merging 1512688185
[2017-12-07 15:10:22,464 DEBUG Engine.consolidator] Processed datapoint: 1512688185/None
[2017-12-07 15:10:22,464 DEBUG Engine.consolidator] Merging into 1512688193
[2017-12-07 15:10:22,464 DEBUG Engine.consolidator] Merging 1512688193
[2017-12-07 15:10:22,468 DEBUG Engine.consolidator] Processed datapoint: 1512688193/None
[2017-12-07 15:10:22,469 DEBUG Engine.consolidator] Merging into 1512688202
[2017-12-07 15:10:22,469 DEBUG Engine.consolidator] Merging 1512688202
[2017-12-07 15:10:22,473 DEBUG Engine.consolidator] Processed datapoint: 1512688202/None
[2017-12-07 15:10:22,473 DEBUG Engine.consolidator] Merging into 1512688211
[2017-12-07 15:10:22,474 DEBUG Engine.consolidator] Merging 1512688211
[2017-12-07 15:10:22,485 DEBUG Engine.consolidator] Processed datapoint: 1512688211/None
[2017-12-07 15:10:22,485 INFO Engine.final-stats] Test duration: 0:01:04
[2017-12-07 15:10:22,485 INFO Engine.final-stats] Samples count: 5, 0.00% failures
[2017-12-07 15:10:22,486 INFO Engine.final-stats] Average times: total 10.352, latency 0.000, connect 0.000
[2017-12-07 15:10:22,486 INFO Engine.final-stats] Percentile 0.0%: 6.951
[2017-12-07 15:10:22,486 INFO Engine.final-stats] Percentile 50.0%: 7.725
[2017-12-07 15:10:22,486 INFO Engine.final-stats] Percentile 90.0%: 21.549
[2017-12-07 15:10:22,486 INFO Engine.final-stats] Percentile 95.0%: 21.549
[2017-12-07 15:10:22,486 INFO Engine.final-stats] Percentile 99.0%: 21.549
[2017-12-07 15:10:22,487 INFO Engine.final-stats] Percentile 99.9%: 21.549
[2017-12-07 15:10:22,487 INFO Engine.final-stats] Percentile 100.0%: 21.549
[2017-12-07 15:10:22,487 DEBUG Engine.console] No logger_handler or orig_stream was detected
[2017-12-07 15:10:22,491 DEBUG Engine.Configuration] Dumping YAML config into /Users/daper01/Documents/OSLo/Selenium/2017-12-07_15-09-12.653177/effective.yml
[2017-12-07 15:10:22,547 DEBUG Engine.Configuration] Dumping JSON config into /Users/daper01/Documents/OSLo/Selenium/2017-12-07_15-09-12.653177/effective.json
[2017-12-07 15:10:22,559 INFO root] Artifacts dir: /Users/daper01/Documents/OSLo/Selenium/2017-12-07_15-09-12.653177
[2017-12-07 15:10:22,560 INFO root] Done performing with code: 0
[2017-12-07 15:10:22,560 DEBUG root] Closing log handler: /Users/daper01/Documents/OSLo/Selenium/2017-12-07_15-09-12.653177/bzt.log
