[2017-06-16 10:31:13,852 INFO root] Taurus CLI Tool v1.9.1
[2017-06-16 10:31:13,852 DEBUG root] Command-line options: {'verbose': None, 'no_system_configs': None, 'quiet': None, 'log': '/var/folders/vq/xzrdy2lx047cst78f69v8z3xfzqz1q/T/bzt_P8jJoD.log', 'option': None, 'aliases': []}
[2017-06-16 10:31:13,852 DEBUG root] Python: CPython 2.7.13
[2017-06-16 10:31:13,852 DEBUG root] OS: ('Darwin', 'daper01mac1124', '16.4.0', 'Darwin Kernel Version 16.4.0: Thu Dec 22 22:53:21 PST 2016; root:xnu-3789.41.3~3/RELEASE_X86_64', 'x86_64', 'i386')
[2017-06-16 10:31:13,852 INFO root] Starting with configs: ['JM_from_scenario.yml']
[2017-06-16 10:31:13,853 DEBUG root] Adding personal config: /Users/daper01/.bzt-rc
[2017-06-16 10:31:13,853 INFO Engine] Configuring...
[2017-06-16 10:31:13,853 DEBUG Engine] Reading extension configs from: /usr/local/etc/bzt.d
[2017-06-16 10:31:13,853 DEBUG Engine.Configuration] Configs: ['/usr/local/lib/python2.7/site-packages/bzt/resources/base-config.yml', '/usr/local/etc/bzt.d/99-installID.yml']
[2017-06-16 10:31:13,853 DEBUG Engine.Configuration] Reading /usr/local/lib/python2.7/site-packages/bzt/resources/base-config.yml
[2017-06-16 10:31:13,853 DEBUG Engine.Configuration] Reading /usr/local/lib/python2.7/site-packages/bzt/resources/base-config.yml as YAML
[2017-06-16 10:31:13,877 DEBUG Engine.Configuration] Reading /usr/local/etc/bzt.d/99-installID.yml
[2017-06-16 10:31:13,877 DEBUG Engine.Configuration] Reading /usr/local/etc/bzt.d/99-installID.yml as YAML
[2017-06-16 10:31:13,878 DEBUG Engine.Configuration] Configs: ['/Users/daper01/.bzt-rc', 'JM_from_scenario.yml']
[2017-06-16 10:31:13,878 DEBUG Engine.Configuration] Reading /Users/daper01/.bzt-rc
[2017-06-16 10:31:13,878 DEBUG Engine.Configuration] Reading /Users/daper01/.bzt-rc as YAML
[2017-06-16 10:31:13,879 DEBUG Engine.Configuration] Reading JM_from_scenario.yml
[2017-06-16 10:31:13,880 DEBUG Engine.Configuration] Reading JM_from_scenario.yml as YAML
[2017-06-16 10:31:13,887 DEBUG root] Configs: ['/Users/daper01/.bzt-rc', 'JM_from_scenario.yml']
[2017-06-16 10:31:13,887 DEBUG root] Reading /Users/daper01/.bzt-rc
[2017-06-16 10:31:13,887 DEBUG root] Reading /Users/daper01/.bzt-rc as YAML
[2017-06-16 10:31:13,889 DEBUG root] Reading JM_from_scenario.yml
[2017-06-16 10:31:13,889 DEBUG root] Reading JM_from_scenario.yml as YAML
[2017-06-16 10:31:13,909 DEBUG Engine] Requesting updates info: http://gettaurus.org/updates/?version=1.9.1&installID=784f43782a15
[2017-06-16 10:31:13,915 INFO Engine] Artifacts dir: /Users/daper01/Documents/OSLo/from_scenario/2017-06-16_10-31-13.909631
[2017-06-16 10:31:13,916 DEBUG Engine] New artifact filename: /Users/daper01/Documents/OSLo/from_scenario/2017-06-16_10-31-13.909631/effective
[2017-06-16 10:31:13,919 DEBUG Engine.Configuration] Dumping YAML config into /Users/daper01/Documents/OSLo/from_scenario/2017-06-16_10-31-13.909631/effective.yml
[2017-06-16 10:31:13,947 DEBUG Engine.Configuration] Dumping JSON config into /Users/daper01/Documents/OSLo/from_scenario/2017-06-16_10-31-13.909631/effective.json
[2017-06-16 10:31:13,949 DEBUG Engine] New artifact filename: /Users/daper01/Documents/OSLo/from_scenario/2017-06-16_10-31-13.909631/merged.yml
[2017-06-16 10:31:13,950 DEBUG root] Dumping YAML config into /Users/daper01/Documents/OSLo/from_scenario/2017-06-16_10-31-13.909631/merged.yml
[2017-06-16 10:31:13,955 DEBUG Engine] New artifact filename: /Users/daper01/Documents/OSLo/from_scenario/2017-06-16_10-31-13.909631/merged.json
[2017-06-16 10:31:13,956 DEBUG root] Dumping JSON config into /Users/daper01/Documents/OSLo/from_scenario/2017-06-16_10-31-13.909631/merged.json
[2017-06-16 10:31:13,956 DEBUG Engine] Add existing artifact (move=False): JM_from_scenario.yml
[2017-06-16 10:31:13,956 DEBUG Engine] Copying JM_from_scenario.yml to /Users/daper01/Documents/OSLo/from_scenario/2017-06-16_10-31-13.909631/JM_from_scenario.yml
[2017-06-16 10:31:13,956 DEBUG root] Closing log handler: /var/folders/vq/xzrdy2lx047cst78f69v8z3xfzqz1q/T/bzt_P8jJoD.log
[2017-06-16 10:31:13,957 DEBUG root] Switched writing logs to /Users/daper01/Documents/OSLo/from_scenario/2017-06-16_10-31-13.909631/bzt.log
[2017-06-16 10:31:13,957 INFO Engine] Preparing...
[2017-06-16 10:31:13,957 DEBUG Engine] Module config: consolidator defaultdict(None, {'class': 'bzt.modules.aggregator.ConsolidatingAggregator'})
[2017-06-16 10:31:13,957 DEBUG root] Importing module: bzt.modules.aggregator
[2017-06-16 10:31:13,960 DEBUG root] Loading class: 'ConsolidatingAggregator' from <module 'bzt.modules.aggregator' from '/usr/local/lib/python2.7/site-packages/bzt/modules/aggregator.pyc'>
[2017-06-16 10:31:13,960 DEBUG Engine.consolidator] Exception in dehumanize_time(inf)
[2017-06-16 10:31:13,960 DEBUG Engine.consolidator] Buffer scaling setup: percentile 95.0 from [0.0, 50.0, 90.0, 95.0, 99.0, 99.9, 100.0] selected
[2017-06-16 10:31:13,960 DEBUG Engine] Module config: monitoring defaultdict(None, {'class': 'bzt.modules.monitoring.Monitoring'})
[2017-06-16 10:31:13,960 DEBUG root] Importing module: bzt.modules.monitoring
[2017-06-16 10:31:14,007 DEBUG root] Loading class: 'Monitoring' from <module 'bzt.modules.monitoring' from '/usr/local/lib/python2.7/site-packages/bzt/modules/monitoring.pyc'>
[2017-06-16 10:31:14,008 DEBUG Engine] Module config: local defaultdict(None, {'class': 'bzt.modules.provisioning.Local'})
[2017-06-16 10:31:14,008 DEBUG root] Importing module: bzt.modules.provisioning
[2017-06-16 10:31:14,008 DEBUG root] Loading class: 'Local' from <module 'bzt.modules.provisioning' from '/usr/local/lib/python2.7/site-packages/bzt/modules/provisioning.pyc'>
[2017-06-16 10:31:14,008 DEBUG Engine] Module config: jmeter defaultdict(None, {'properties': defaultdict(None, {'jmeter.save.saveservice.autoflush': 'true', 'summariser.name': '', 'jmeter.save.saveservice.connect_time': 'true', 'mode': 'Stripped', 'jmeterengine.force.system.exit': 'true'}), 'class': 'bzt.modules.jmeter.JMeterExecutor', 'plugins': ['jpgc-casutg', 'jpgc-dummy', 'jpgc-ffw', 'jpgc-fifo', 'jpgc-functions', 'jpgc-json', 'jpgc-perfmon', 'jpgc-prmctl', 'jpgc-tst']})
[2017-06-16 10:31:14,008 DEBUG root] Importing module: bzt.modules.jmeter
[2017-06-16 10:31:14,021 DEBUG root] Loading class: 'JMeterExecutor' from <module 'bzt.modules.jmeter' from '/usr/local/lib/python2.7/site-packages/bzt/modules/jmeter.pyc'>
[2017-06-16 10:31:14,021 DEBUG Engine.local] Preparing executor: jmeter/4382743056
[2017-06-16 10:31:14,022 DEBUG Engine] New artifact filename: /Users/daper01/Documents/OSLo/from_scenario/2017-06-16_10-31-13.909631/jmeter.log
[2017-06-16 10:31:14,022 DEBUG Engine.jmeter] Checking if port 4445 is free
[2017-06-16 10:31:14,023 DEBUG Engine.jmeter] Port 4445 is free
[2017-06-16 10:31:14,023 DEBUG Engine.jmeter] Using port 4445 for management
[2017-06-16 10:31:14,023 DEBUG Engine.jmeter.JavaVM] Trying JavaVM: ['java', '-version']
[2017-06-16 10:31:14,144 DEBUG Engine.jmeter.JavaVM] JavaVM output: java version "1.8.0_121"
Java(TM) SE Runtime Environment (build 1.8.0_121-b13)
Java HotSpot(TM) 64-Bit Server VM (build 25.121-b13, mixed mode)

[2017-06-16 10:31:14,145 DEBUG Engine.jmeter.TclLibrary] We don't need to check tcl library on this platform
[2017-06-16 10:31:14,145 DEBUG Engine.jmeter.JMeter] Trying jmeter: /Users/daper01/.bzt/jmeter-taurus/bin/jmeter.sh
[2017-06-16 10:31:14,145 DEBUG bzt.utils] Executing shell: ['/Users/daper01/.bzt/jmeter-taurus/bin/jmeter.sh', '-j', '/var/folders/vq/xzrdy2lx047cst78f69v8z3xfzqz1q/T/jmetercbP1Hxlog', '--version']
[2017-06-16 10:31:14,610 DEBUG Engine] Taurus updates info: {"latest":"1.9.3","needsUpgrade":true}
[2017-06-16 10:31:14,610 WARNING Engine] There is newer version of Taurus 1.9.3 available, consider upgrading. What's new: http://gettaurus.org/docs/Changelog/
[2017-06-16 10:31:14,715 DEBUG Engine.jmeter.JMeter] JMeter check: Writing log file to: /var/folders/vq/xzrdy2lx047cst78f69v8z3xfzqz1q/T/jmetercbP1Hxlog
    _    ____   _    ____ _   _ _____       _ __  __ _____ _____ _____ ____     
   / \  |  _ \ / \  / ___| | | | ____|     | |  \/  | ____|_   _| ____|  _ \   
  / _ \ | |_) / _ \| |   | |_| |  _|    _  | | |\/| |  _|   | | |  _| | |_) | 
 / ___ \|  __/ ___ \ |___|  _  | |___  | |_| | |  | | |___  | | | |___|  _ <  
/_/   \_\_| /_/   \_\____|_| |_|_____|  \___/|_|  |_|_____| |_| |_____|_| \_\ 3.1 r1770033  

Copyright (c) 1999-2016 The Apache Software Foundation

 / None
[2017-06-16 10:31:14,716 DEBUG Engine] New artifact filename: /Users/daper01/Documents/OSLo/from_scenario/2017-06-16_10-31-13.909631/requests.jmx
[2017-06-16 10:31:14,721 DEBUG JMeterScenarioBuilder] Saving JMX to: /Users/daper01/Documents/OSLo/from_scenario/2017-06-16_10-31-13.909631/requests.jmx
[2017-06-16 10:31:14,723 DEBUG Engine.jmeter] Load: LoadSpec(concurrency=50, throughput=None, ramp_up=30.0, hold=300.0, iterations=0, duration=330.0, steps=None)
[2017-06-16 10:31:14,726 DEBUG Engine.jmeter] Original threads: 1.0
[2017-06-16 10:31:14,728 DEBUG Engine] New artifact filename: /Users/daper01/Documents/OSLo/from_scenario/2017-06-16_10-31-13.909631/kpi.jtl
[2017-06-16 10:31:14,728 DEBUG Engine] New artifact filename: /Users/daper01/Documents/OSLo/from_scenario/2017-06-16_10-31-13.909631/error.jtl
[2017-06-16 10:31:14,729 DEBUG Engine.jmeter] Enforcing parent sample for transaction controller
[2017-06-16 10:31:14,729 DEBUG Engine] New artifact filename: /Users/daper01/Documents/OSLo/from_scenario/2017-06-16_10-31-13.909631/modified_requests.jmx
[2017-06-16 10:31:14,730 DEBUG JMX] Saving JMX to: /Users/daper01/Documents/OSLo/from_scenario/2017-06-16_10-31-13.909631/modified_requests.jmx
[2017-06-16 10:31:14,730 DEBUG Engine.jmeter] Additional properties: defaultdict(None, {'jmeter.save.saveservice.autoflush': 'true', 'jmeter.save.saveservice.connect_time': 'true', 'user.classpath': '/Users/daper01/Documents/OSLo/from_scenario/2017-06-16_10-31-13.909631', 'sampleresult.default.encoding': 'UTF-8', 'summariser.name': '', 'jmeterengine.force.system.exit': 'true', 'jmeter.save.saveservice.timestamp_format': 'ms', 'mode': 'Stripped', 'jmeterengine.nongui.maxport': 4445, 'jmeterengine.nongui.port': 4445})
[2017-06-16 10:31:14,730 DEBUG Engine] New artifact filename: /Users/daper01/Documents/OSLo/from_scenario/2017-06-16_10-31-13.909631/jmeter-bzt.properties
[2017-06-16 10:31:14,730 DEBUG Engine.jmeter] Additional system properties defaultdict(None, {'sun.net.inetaddr.ttl': 0})
[2017-06-16 10:31:14,730 DEBUG Engine] New artifact filename: /Users/daper01/Documents/OSLo/from_scenario/2017-06-16_10-31-13.909631/system.properties
[2017-06-16 10:31:14,731 DEBUG Engine] New artifact filename: /Users/daper01/Documents/OSLo/from_scenario/2017-06-16_10-31-13.909631/jmeter.out
[2017-06-16 10:31:14,731 DEBUG Engine] New artifact filename: /Users/daper01/Documents/OSLo/from_scenario/2017-06-16_10-31-13.909631/jmeter.err
[2017-06-16 10:31:14,731 DEBUG Engine] Module config: final-stats defaultdict(None, {'class': 'bzt.modules.reporting.FinalStatus'})
[2017-06-16 10:31:14,731 DEBUG root] Importing module: bzt.modules.reporting
[2017-06-16 10:31:14,796 DEBUG root] Loading class: 'FinalStatus' from <module 'bzt.modules.reporting' from '/usr/local/lib/python2.7/site-packages/bzt/modules/reporting.pyc'>
[2017-06-16 10:31:14,797 DEBUG Engine] Module config: console defaultdict(None, {'class': 'bzt.modules.console.ConsoleStatusReporter'})
[2017-06-16 10:31:14,797 DEBUG root] Importing module: bzt.modules.console
[2017-06-16 10:31:14,797 DEBUG root] Loading class: 'ConsoleStatusReporter' from <module 'bzt.modules.console' from '/usr/local/lib/python2.7/site-packages/bzt/modules/console.pyc'>
[2017-06-16 10:31:14,805 DEBUG Engine.Configuration] Dumping YAML config into /Users/daper01/Documents/OSLo/from_scenario/2017-06-16_10-31-13.909631/effective.yml
[2017-06-16 10:31:14,843 DEBUG Engine.Configuration] Dumping JSON config into /Users/daper01/Documents/OSLo/from_scenario/2017-06-16_10-31-13.909631/effective.json
[2017-06-16 10:31:14,844 INFO Engine] Starting...
[2017-06-16 10:31:14,844 DEBUG Engine] Startup <bzt.modules.monitoring.Monitoring object at 0x1051dcfd0>
[2017-06-16 10:31:14,845 DEBUG Engine] Startup <bzt.modules.aggregator.ConsolidatingAggregator object at 0x1051dc7d0>
[2017-06-16 10:31:14,845 DEBUG Engine] Startup <bzt.modules.reporting.FinalStatus object at 0x105e46fd0>
[2017-06-16 10:31:14,845 DEBUG Engine] Startup <bzt.modules.console.ConsoleStatusReporter object at 0x105e6ca10>
[2017-06-16 10:31:14,845 INFO Engine.console] Waiting for results...
[2017-06-16 10:31:14,845 DEBUG Engine] Startup <bzt.modules.reporting.FinalStatus object at 0x105e86c10>
[2017-06-16 10:31:14,845 DEBUG Engine] Startup <bzt.modules.provisioning.Local object at 0x1051dc990>
[2017-06-16 10:31:14,845 DEBUG Engine.local] Delay setup for jmeter/blazedemo: 0(start-at) + 0(delay) = 0
[2017-06-16 10:31:14,848 DEBUG Engine.Configuration] Dumping YAML config into /Users/daper01/Documents/OSLo/from_scenario/2017-06-16_10-31-13.909631/effective.yml
[2017-06-16 10:31:14,896 DEBUG Engine.Configuration] Dumping JSON config into /Users/daper01/Documents/OSLo/from_scenario/2017-06-16_10-31-13.909631/effective.json
[2017-06-16 10:31:14,897 DEBUG root] Leveling down log file verbosity, use -v option to have DEBUG messages enabled
[2017-06-16 10:31:15,111 INFO Engine.console] Waiting for finish...
[2017-06-16 10:32:29,129 WARNING Engine] Please wait for graceful shutdown...
[2017-06-16 10:32:29,150 DEBUG root] Leveled up log file verbosity
[2017-06-16 10:32:29,150 INFO Engine] Shutting down...
[2017-06-16 10:32:29,156 DEBUG Engine.local] Shutdown jmeter/blazedemo
[2017-06-16 10:32:30,156 INFO Engine.jmeter] Sending Shutdown command to JMeter on port 4445...
[2017-06-16 10:32:31,165 DEBUG Engine.jmeter] JMeter stopped on Shutdown command
[2017-06-16 10:32:31,166 DEBUG Engine.console] Restoring logging streams, [<logging.StreamHandler object at 0x1051dc790>]/{<logging.StreamHandler object at 0x1051dc790>: <open file '<stdout>', mode 'w' at 0x10409a150>}
[2017-06-16 10:32:31,172 DEBUG Engine.Configuration] Dumping YAML config into /Users/daper01/Documents/OSLo/from_scenario/2017-06-16_10-31-13.909631/effective.yml
[2017-06-16 10:32:31,207 DEBUG Engine.Configuration] Dumping JSON config into /Users/daper01/Documents/OSLo/from_scenario/2017-06-16_10-31-13.909631/effective.json
[2017-06-16 10:32:31,211 WARNING root] Keyboard interrupt
[2017-06-16 10:32:31,213 DEBUG root] KeyboardInterrupt: 
Traceback (most recent call last):
  File "/usr/local/lib/python2.7/site-packages/bzt/cli.py", line 213, in perform
    self.engine.run()
  File "/usr/local/lib/python2.7/site-packages/bzt/engine.py", line 174, in run
    reraise(exc_info)
  File "/usr/local/lib/python2.7/site-packages/bzt/engine.py", line 156, in run
    self._wait()
  File "/usr/local/lib/python2.7/site-packages/bzt/engine.py", line 192, in _wait
    while not self._check_modules_list():
  File "/usr/local/lib/python2.7/site-packages/bzt/engine.py", line 182, in _check_modules_list
    finished |= bool(module.check())
  File "/usr/local/lib/python2.7/site-packages/bzt/modules/console.py", line 155, in check
    self.__update_screen()
  File "/usr/local/lib/python2.7/site-packages/bzt/modules/console.py", line 192, in __update_screen
    self.__repaint()
  File "/usr/local/lib/python2.7/site-packages/bzt/modules/console.py", line 289, in __repaint
    canvas = self.console.render(self.screen_size, focus=False)
  File "/usr/local/lib/python2.7/site-packages/urwid/widget.py", line 141, in cached_render
    canv = fn(self, size, focus=focus)
  File "/usr/local/lib/python2.7/site-packages/urwid/container.py", line 2085, in render
    focus = focus and self.focus_position == i)
  File "/usr/local/lib/python2.7/site-packages/urwid/widget.py", line 141, in cached_render
    canv = fn(self, size, focus=focus)
  File "/usr/local/lib/python2.7/site-packages/urwid/container.py", line 1526, in render
    canv = w.render((maxcol, rows), focus=focus and item_focus)
  File "/usr/local/lib/python2.7/site-packages/urwid/widget.py", line 141, in cached_render
    canv = fn(self, size, focus=focus)
  File "/usr/local/lib/python2.7/site-packages/urwid/widget.py", line 1751, in render
    canv = get_delegate(self).render(size, focus=focus)
  File "/usr/local/lib/python2.7/site-packages/urwid/widget.py", line 141, in cached_render
    canv = fn(self, size, focus=focus)
  File "/usr/local/lib/python2.7/site-packages/urwid/container.py", line 1526, in render
    canv = w.render((maxcol, rows), focus=focus and item_focus)
  File "/usr/local/lib/python2.7/site-packages/urwid/widget.py", line 141, in cached_render
    canv = fn(self, size, focus=focus)
  File "/usr/local/lib/python2.7/site-packages/urwid/container.py", line 2085, in render
    focus = focus and self.focus_position == i)
  File "/usr/local/lib/python2.7/site-packages/urwid/widget.py", line 141, in cached_render
    canv = fn(self, size, focus=focus)
  File "/usr/local/lib/python2.7/site-packages/bzt/modules/console.py", line 564, in render
    rows.append((Text(line).render((size[0],)), None, False))
  File "/usr/local/lib/python2.7/site-packages/urwid/widget.py", line 141, in cached_render
    canv = fn(self, size, focus=focus)
  File "/usr/local/lib/python2.7/site-packages/urwid/widget.py", line 1007, in render
    trans = self.get_line_translation( maxcol, (text,attr) )
  File "/usr/local/lib/python2.7/site-packages/urwid/widget.py", line 1037, in get_line_translation
    self._update_cache_translation(maxcol, ta)
  File "/usr/local/lib/python2.7/site-packages/urwid/widget.py", line 1047, in _update_cache_translation
    text, maxcol )
  File "/usr/local/lib/python2.7/site-packages/urwid/widget.py", line 1052, in _calc_line_translation
    self._align_mode, self._wrap_mode )
  File "/usr/local/lib/python2.7/site-packages/urwid/text_layout.py", line 82, in layout
    segs = self.calculate_text_segments( text, width, wrap )
  File "/usr/local/lib/python2.7/site-packages/urwid/text_layout.py", line 154, in calculate_text_segments
    n_cr = text.find(nl, p)
KeyboardInterrupt
[2017-06-16 10:32:31,213 INFO Engine] Post-processing...
[2017-06-16 10:32:31,213 DEBUG Engine.local] Post-process jmeter/blazedemo
[2017-06-16 10:32:31,213 DEBUG Engine] Add existing artifact (move=True): /Users/daper01/Documents/OSLo/from_scenario/2017-06-16_10-31-13.909631/modified_requests.jmx
[2017-06-16 10:32:31,213 DEBUG Engine] No need to copy /Users/daper01/Documents/OSLo/from_scenario/2017-06-16_10-31-13.909631/modified_requests.jmx
[2017-06-16 10:32:31,213 DEBUG Engine.jmeter.JTLErrorsReader] Opening /Users/daper01/Documents/OSLo/from_scenario/2017-06-16_10-31-13.909631/error.jtl
[2017-06-16 10:32:31,214 DEBUG Engine.jmeter.JTLReader.IncrementalCSVReader] Reading JTL: /Users/daper01/Documents/OSLo/from_scenario/2017-06-16_10-31-13.909631/kpi.jtl
[2017-06-16 10:32:31,214 DEBUG Engine.jmeter.JTLReader.IncrementalCSVReader] Read lines: 236 / 21584 bytes (at speed 1048576)
[2017-06-16 10:32:31,217 DEBUG Engine.jmeter.JTLReader] Buffer len: 4
[2017-06-16 10:32:31,217 DEBUG Engine.jmeter.JTLReader] Aggregating: 1497634347
[2017-06-16 10:32:31,228 DEBUG Engine.jmeter.JTLReader] Aggregating: 1497634348
[2017-06-16 10:32:31,240 DEBUG Engine.jmeter.JTLReader] Aggregating: 1497634349
[2017-06-16 10:32:31,257 DEBUG Engine.jmeter.JTLReader] Aggregating: 1497634350
[2017-06-16 10:32:31,270 DEBUG Engine.consolidator] Consolidator buffer[6]: [1497634345, 1497634346, 1497634347, 1497634348, 1497634349, 1497634350]
[2017-06-16 10:32:31,270 DEBUG Engine.consolidator] Merging into 1497634345
[2017-06-16 10:32:31,270 DEBUG Engine.consolidator] Merging 1497634345
[2017-06-16 10:32:31,284 DEBUG Engine.consolidator] Processed datapoint: 1497634345/None
[2017-06-16 10:32:31,284 DEBUG Engine.consolidator] Merging into 1497634346
[2017-06-16 10:32:31,284 DEBUG Engine.consolidator] Merging 1497634346
[2017-06-16 10:32:31,301 DEBUG Engine.consolidator] Processed datapoint: 1497634346/None
[2017-06-16 10:32:31,302 DEBUG Engine.consolidator] Merging into 1497634347
[2017-06-16 10:32:31,302 DEBUG Engine.consolidator] Merging 1497634347
[2017-06-16 10:32:31,315 DEBUG Engine.consolidator] Processed datapoint: 1497634347/None
[2017-06-16 10:32:31,315 DEBUG Engine.consolidator] Merging into 1497634348
[2017-06-16 10:32:31,315 DEBUG Engine.consolidator] Merging 1497634348
[2017-06-16 10:32:31,330 DEBUG Engine.consolidator] Processed datapoint: 1497634348/None
[2017-06-16 10:32:31,330 DEBUG Engine.consolidator] Merging into 1497634349
[2017-06-16 10:32:31,330 DEBUG Engine.consolidator] Merging 1497634349
[2017-06-16 10:32:31,342 DEBUG Engine.consolidator] Processed datapoint: 1497634349/None
[2017-06-16 10:32:31,342 DEBUG Engine.consolidator] Merging into 1497634350
[2017-06-16 10:32:31,342 DEBUG Engine.consolidator] Merging 1497634350
[2017-06-16 10:32:31,354 DEBUG Engine.consolidator] Processed datapoint: 1497634350/None
[2017-06-16 10:32:31,354 INFO Engine.final-stats] Test duration: 0:01:17
[2017-06-16 10:32:31,354 INFO Engine.final-stats] Samples count: 10350, 0.00% failures
[2017-06-16 10:32:31,354 INFO Engine.final-stats] Average times: total 0.290, latency 0.280, connect 0.000
[2017-06-16 10:32:31,354 INFO Engine.final-stats] Percentile 0.0%: 0.177
[2017-06-16 10:32:31,355 INFO Engine.final-stats] Percentile 50.0%: 0.297
[2017-06-16 10:32:31,355 INFO Engine.final-stats] Percentile 90.0%: 0.381
[2017-06-16 10:32:31,355 INFO Engine.final-stats] Percentile 95.0%: 0.396
[2017-06-16 10:32:31,355 INFO Engine.final-stats] Percentile 99.0%: 0.432
[2017-06-16 10:32:31,355 INFO Engine.final-stats] Percentile 99.9%: 0.752
[2017-06-16 10:32:31,355 INFO Engine.final-stats] Percentile 100.0%: 1.600
[2017-06-16 10:32:31,355 DEBUG Engine.console] No logger_handler or orig_stream was detected
[2017-06-16 10:32:31,356 INFO Engine.final-stats] Test duration: 0:01:17
[2017-06-16 10:32:31,356 INFO Engine.final-stats] Samples count: 10350, 0.00% failures
[2017-06-16 10:32:31,356 INFO Engine.final-stats] Average times: total 0.290, latency 0.280, connect 0.000
[2017-06-16 10:32:31,356 INFO Engine.final-stats] Percentile 0.0%: 0.177
[2017-06-16 10:32:31,356 INFO Engine.final-stats] Percentile 50.0%: 0.297
[2017-06-16 10:32:31,356 INFO Engine.final-stats] Percentile 90.0%: 0.381
[2017-06-16 10:32:31,356 INFO Engine.final-stats] Percentile 95.0%: 0.396
[2017-06-16 10:32:31,357 INFO Engine.final-stats] Percentile 99.0%: 0.432
[2017-06-16 10:32:31,357 INFO Engine.final-stats] Percentile 99.9%: 0.752
[2017-06-16 10:32:31,357 INFO Engine.final-stats] Percentile 100.0%: 1.600
[2017-06-16 10:32:31,357 INFO Engine.final-stats] Dumping final status as XML: stats.xml
[2017-06-16 10:32:31,360 DEBUG Engine.Configuration] Dumping YAML config into /Users/daper01/Documents/OSLo/from_scenario/2017-06-16_10-31-13.909631/effective.yml
[2017-06-16 10:32:31,394 DEBUG Engine.Configuration] Dumping JSON config into /Users/daper01/Documents/OSLo/from_scenario/2017-06-16_10-31-13.909631/effective.json
[2017-06-16 10:32:31,395 INFO root] Artifacts dir: /Users/daper01/Documents/OSLo/from_scenario/2017-06-16_10-31-13.909631
[2017-06-16 10:32:31,395 WARNING root] Done performing with code: 1
[2017-06-16 10:32:31,395 DEBUG root] Closing log handler: /Users/daper01/Documents/OSLo/from_scenario/2017-06-16_10-31-13.909631/bzt.log
