[2017-11-08 11:04:14,599 INFO root] Taurus CLI Tool v1.9.6
[2017-11-08 11:04:14,599 DEBUG root] Command-line options: {'verbose': None, 'no_system_configs': None, 'quiet': None, 'log': '/var/folders/vq/xzrdy2lx047cst78f69v8z3xfzqz1q/T/bzt_CSCQcL.log', 'option': None, 'aliases': ['locations']}
[2017-11-08 11:04:14,599 DEBUG root] Python: CPython 2.7.13
[2017-11-08 11:04:14,599 DEBUG root] OS: ('Darwin', 'daper01mac1124', '16.7.0', 'Darwin Kernel Version 16.7.0: Thu Jun 15 17:36:27 PDT 2017; root:xnu-3789.70.16~2/RELEASE_X86_64', 'x86_64', 'i386')
[2017-11-08 11:04:14,599 INFO root] Starting with configs: []
[2017-11-08 11:04:14,600 DEBUG root] Using personal config: /Users/daper01/.bzt-rc
[2017-11-08 11:04:14,600 INFO Engine] Configuring...
[2017-11-08 11:04:14,600 DEBUG Engine] Reading extension configs from: /usr/local/etc/bzt.d
[2017-11-08 11:04:14,601 DEBUG Engine.Configuration] Configs: ['/usr/local/lib/python2.7/site-packages/bzt/resources/base-config.yml', '/usr/local/etc/bzt.d/99-installID.yml']
[2017-11-08 11:04:14,679 DEBUG Engine.Configuration] Reading /usr/local/lib/python2.7/site-packages/bzt/resources/base-config.yml as YAML
[2017-11-08 11:04:14,770 DEBUG Engine.Configuration] Reading /usr/local/etc/bzt.d/99-installID.yml as YAML
[2017-11-08 11:04:14,770 DEBUG Engine.Configuration] Configs: ['/Users/daper01/.bzt-rc']
[2017-11-08 11:04:14,773 DEBUG Engine.Configuration] Reading /Users/daper01/.bzt-rc as YAML
[2017-11-08 11:04:14,773 DEBUG Engine.Configuration] Configs: ['/Users/daper01/.bzt-rc']
[2017-11-08 11:04:14,774 DEBUG Engine.Configuration] Reading /Users/daper01/.bzt-rc as YAML
[2017-11-08 11:04:14,787 DEBUG Engine] Requesting updates info: http://gettaurus.org/updates/?version=1.9.6&installID=784f43782a15
[2017-11-08 11:04:14,794 INFO Engine] Artifacts dir: /Users/daper01/Documents/OSLo/2017-11-08_11-04-14.787602
[2017-11-08 11:04:14,795 DEBUG Engine] New artifact filename: /Users/daper01/Documents/OSLo/2017-11-08_11-04-14.787602/effective
[2017-11-08 11:04:14,798 DEBUG Engine.Configuration] Dumping YAML config into /Users/daper01/Documents/OSLo/2017-11-08_11-04-14.787602/effective.yml
[2017-11-08 11:04:14,820 DEBUG Engine.Configuration] Dumping JSON config into /Users/daper01/Documents/OSLo/2017-11-08_11-04-14.787602/effective.json
[2017-11-08 11:04:14,821 DEBUG Engine] New artifact filename: /Users/daper01/Documents/OSLo/2017-11-08_11-04-14.787602/merged.yml
[2017-11-08 11:04:14,821 DEBUG Engine.Configuration] Dumping YAML config into /Users/daper01/Documents/OSLo/2017-11-08_11-04-14.787602/merged.yml
[2017-11-08 11:04:14,822 DEBUG Engine] New artifact filename: /Users/daper01/Documents/OSLo/2017-11-08_11-04-14.787602/merged.json
[2017-11-08 11:04:14,823 DEBUG Engine.Configuration] Dumping JSON config into /Users/daper01/Documents/OSLo/2017-11-08_11-04-14.787602/merged.json
[2017-11-08 11:04:14,823 DEBUG root] Closing log handler: /var/folders/vq/xzrdy2lx047cst78f69v8z3xfzqz1q/T/bzt_CSCQcL.log
[2017-11-08 11:04:14,971 DEBUG root] Switched writing logs to /Users/daper01/Documents/OSLo/2017-11-08_11-04-14.787602/bzt.log
[2017-11-08 11:04:14,971 INFO Engine] Preparing...
[2017-11-08 11:04:14,972 DEBUG Engine] Module config: consolidator defaultdict(None, {'class': 'bzt.modules.aggregator.ConsolidatingAggregator'})
[2017-11-08 11:04:14,972 DEBUG root] Importing module: bzt.modules.aggregator
[2017-11-08 11:04:15,471 DEBUG root] Loading class: 'ConsolidatingAggregator' from <module 'bzt.modules.aggregator' from '/usr/local/lib/python2.7/site-packages/bzt/modules/aggregator.pyc'>
[2017-11-08 11:04:15,472 DEBUG Engine.consolidator] Exception in dehumanize_time(inf)
[2017-11-08 11:04:15,472 DEBUG Engine.consolidator] Buffer scaling setup: percentile 95.0 from [0.0, 50.0, 90.0, 95.0, 99.0, 99.9, 100.0] selected
[2017-11-08 11:04:15,472 DEBUG Engine] Module config: monitoring defaultdict(None, {'class': 'bzt.modules.monitoring.Monitoring'})
[2017-11-08 11:04:15,472 DEBUG root] Importing module: bzt.modules.monitoring
[2017-11-08 11:04:17,194 DEBUG root] Loading class: 'Monitoring' from <module 'bzt.modules.monitoring' from '/usr/local/lib/python2.7/site-packages/bzt/modules/monitoring.pyc'>
[2017-11-08 11:04:17,195 DEBUG Engine] Taurus updates info: {"latest":"1.10.0","needsUpgrade":true}
[2017-11-08 11:04:17,195 DEBUG Engine.monitoring] Should not run because of non-matching prov: cloud != local
[2017-11-08 11:04:17,195 WARNING Engine] There is newer version of Taurus 1.10.0 available, consider upgrading. What's new: http://gettaurus.org/docs/Changelog/
[2017-11-08 11:04:17,195 DEBUG Engine] Module config: cloud defaultdict(None, {'class': 'bzt.modules.blazemeter.CloudProvisioning', 'default-location': 'us-central1-a', 'dump-locations': True})
[2017-11-08 11:04:17,195 DEBUG root] Importing module: bzt.modules.blazemeter
[2017-11-08 11:04:31,423 DEBUG easyprocess] version=0.2.3
[2017-11-08 11:04:32,057 DEBUG pyvirtualdisplay] version=0.2.1
[2017-11-08 11:04:32,197 DEBUG root] Loading class: 'CloudProvisioning' from <module 'bzt.modules.blazemeter' from '/usr/local/lib/python2.7/site-packages/bzt/modules/blazemeter.pyc'>
[2017-11-08 11:04:32,197 DEBUG Engine] Module config: blazemeter defaultdict(None, {'token': '********', 'class': 'bzt.modules.blazemeter.BlazeMeterUploader'})
[2017-11-08 11:04:32,197 DEBUG root] Importing module: bzt.modules.blazemeter
[2017-11-08 11:04:32,197 DEBUG root] Loading class: 'BlazeMeterUploader' from <module 'bzt.modules.blazemeter' from '/usr/local/lib/python2.7/site-packages/bzt/modules/blazemeter.pyc'>
[2017-11-08 11:04:32,198 DEBUG Engine.cloud] Request: GET https://a.blazemeter.com/api/v4/accounts None
[2017-11-08 11:04:32,341 DEBUG urllib3.connectionpool] Starting new HTTPS connection (1): a.blazemeter.com
[2017-11-08 11:04:32,876 DEBUG urllib3.connectionpool] https://a.blazemeter.com:443 "GET /api/v4/accounts HTTP/1.1" 200 2726
[2017-11-08 11:04:32,880 DEBUG Engine.cloud] Response [200]: {
    "limit": 10,
    "skip": 0,
    "total": 3,
    "hidden": 0,
    "api_version": 4,
    "error": null,
    "result": [
        {
            "id": 153221,
            "name": "BlazeMeter Demo",
            "thumbnailUrl": "https://www.blazemeter.com/s
[2017-11-08 11:04:32,881 DEBUG Engine.cloud] Request: GET https://a.blazemeter.com/api/v4/workspaces?accountId=153221&enabled=true&limit=100 None
[2017-11-08 11:04:32,884 DEBUG urllib3.connectionpool] Starting new HTTPS connection (1): a.blazemeter.com
[2017-11-08 11:04:33,295 DEBUG urllib3.connectionpool] https://a.blazemeter.com:443 "GET /api/v4/workspaces?accountId=153221&enabled=true&limit=100 HTTP/1.1" 200 814
[2017-11-08 11:04:33,298 DEBUG Engine.cloud] Response [200]: {
    "limit": 100,
    "skip": 0,
    "total": 1,
    "hidden": 0,
    "api_version": 4,
    "error": null,
    "result": [
        {
            "id": 146738,
            "name": "Demo workspace",
            "userId": 368191,
            "created": 1498
[2017-11-08 11:04:33,299 DEBUG Engine.cloud] Request: GET https://a.blazemeter.com/api/v4/workspaces?accountId=125626&enabled=true&limit=100 None
[2017-11-08 11:04:33,301 DEBUG urllib3.connectionpool] Starting new HTTPS connection (1): a.blazemeter.com
[2017-11-08 11:04:33,705 DEBUG urllib3.connectionpool] https://a.blazemeter.com:443 "GET /api/v4/workspaces?accountId=125626&enabled=true&limit=100 HTTP/1.1" 200 4882
[2017-11-08 11:04:33,710 DEBUG Engine.cloud] Response [200]: {
    "limit": 100,
    "skip": 0,
    "total": 7,
    "hidden": 0,
    "api_version": 4,
    "error": null,
    "result": [
        {
            "id": 119008,
            "name": "Default workspace",
            "userId": 339612,
            "created": 1
[2017-11-08 11:04:33,711 DEBUG Engine.cloud] Request: GET https://a.blazemeter.com/api/v4/workspaces?accountId=21166&enabled=true&limit=100 None
[2017-11-08 11:04:33,715 DEBUG urllib3.connectionpool] Starting new HTTPS connection (1): a.blazemeter.com
[2017-11-08 11:04:34,167 DEBUG urllib3.connectionpool] https://a.blazemeter.com:443 "GET /api/v4/workspaces?accountId=21166&enabled=true&limit=100 HTTP/1.1" 200 1482
[2017-11-08 11:04:34,170 DEBUG Engine.cloud] Response [200]: {
    "limit": 100,
    "skip": 0,
    "total": 2,
    "hidden": 0,
    "api_version": 4,
    "error": null,
    "result": [
        {
            "id": 7199,
            "name": "CA SE Workspace",
            "userId": 307773,
            "created": 14775
[2017-11-08 11:04:34,170 WARNING Engine.cloud] Dumping available locations instead of running the test
[2017-11-08 11:04:34,170 DEBUG Engine.cloud] Request: GET https://a.blazemeter.com/api/v4/workspaces/146738 None
[2017-11-08 11:04:34,172 DEBUG urllib3.connectionpool] Starting new HTTPS connection (1): a.blazemeter.com
[2017-11-08 11:04:34,634 DEBUG urllib3.connectionpool] https://a.blazemeter.com:443 "GET /api/v4/workspaces/146738 HTTP/1.1" 200 None
[2017-11-08 11:04:34,711 DEBUG Engine.cloud] Response [200]: {
    "api_version": 4,
    "error": null,
    "result": {
        "id": 146738,
        "name": "Demo workspace",
        "userId": 368191,
        "created": 1498856673,
        "updated": 1509038523,
        "enabled": true,
        "dedicatedIpsEnabled
[2017-11-08 11:04:34,723 DEBUG Engine.cloud] Request: GET https://a.blazemeter.com/api/v4/workspaces/119008 None
[2017-11-08 11:04:34,726 DEBUG urllib3.connectionpool] Starting new HTTPS connection (1): a.blazemeter.com
[2017-11-08 11:04:35,327 DEBUG urllib3.connectionpool] https://a.blazemeter.com:443 "GET /api/v4/workspaces/119008 HTTP/1.1" 200 None
[2017-11-08 11:04:35,409 DEBUG Engine.cloud] Response [200]: {
    "api_version": 4,
    "error": null,
    "result": {
        "id": 119008,
        "name": "Default workspace",
        "userId": 339612,
        "created": 1486702692,
        "updated": 1486702692,
        "enabled": true,
        "dedicatedIpsEnab
[2017-11-08 11:04:35,414 DEBUG Engine.cloud] Request: GET https://a.blazemeter.com/api/v4/workspaces/127980 None
[2017-11-08 11:04:35,416 DEBUG urllib3.connectionpool] Starting new HTTPS connection (1): a.blazemeter.com
[2017-11-08 11:04:35,882 DEBUG urllib3.connectionpool] https://a.blazemeter.com:443 "GET /api/v4/workspaces/127980 HTTP/1.1" 200 None
[2017-11-08 11:04:35,959 DEBUG Engine.cloud] Response [200]: {
    "api_version": 4,
    "error": null,
    "result": {
        "id": 127980,
        "name": "Demo Workspace",
        "userId": 339612,
        "created": 1491255975,
        "updated": 1491255975,
        "enabled": true,
        "dedicatedIpsEnabled
[2017-11-08 11:04:35,968 DEBUG Engine.cloud] Request: GET https://a.blazemeter.com/api/v4/workspaces/127984 None
[2017-11-08 11:04:35,971 DEBUG urllib3.connectionpool] Starting new HTTPS connection (1): a.blazemeter.com
[2017-11-08 11:04:36,420 DEBUG urllib3.connectionpool] https://a.blazemeter.com:443 "GET /api/v4/workspaces/127984 HTTP/1.1" 200 None
[2017-11-08 11:04:36,497 DEBUG Engine.cloud] Response [200]: {
    "api_version": 4,
    "error": null,
    "result": {
        "id": 127984,
        "name": "Demo Workspace 2",
        "userId": 339612,
        "created": 1491261975,
        "updated": 1491261975,
        "enabled": true,
        "dedicatedIpsEnabl
[2017-11-08 11:04:36,508 DEBUG Engine.cloud] Request: GET https://a.blazemeter.com/api/v4/workspaces/132723 None
[2017-11-08 11:04:36,511 DEBUG urllib3.connectionpool] Starting new HTTPS connection (1): a.blazemeter.com
[2017-11-08 11:04:36,959 DEBUG urllib3.connectionpool] https://a.blazemeter.com:443 "GET /api/v4/workspaces/132723 HTTP/1.1" 200 None
[2017-11-08 11:04:37,035 DEBUG Engine.cloud] Response [200]: {
    "api_version": 4,
    "error": null,
    "result": {
        "id": 132723,
        "name": "Functional",
        "userId": 339612,
        "created": 1493312851,
        "updated": 1499734757,
        "enabled": true,
        "dedicatedIpsEnabled": t
[2017-11-08 11:04:37,041 DEBUG Engine.cloud] Request: GET https://a.blazemeter.com/api/v4/workspaces/153836 None
[2017-11-08 11:04:37,043 DEBUG urllib3.connectionpool] Starting new HTTPS connection (1): a.blazemeter.com
[2017-11-08 11:04:37,497 DEBUG urllib3.connectionpool] https://a.blazemeter.com:443 "GET /api/v4/workspaces/153836 HTTP/1.1" 200 None
[2017-11-08 11:04:37,575 DEBUG Engine.cloud] Response [200]: {
    "api_version": 4,
    "error": null,
    "result": {
        "id": 153836,
        "name": "blazedemo",
        "userId": 339612,
        "created": 1501870483,
        "updated": 1501870483,
        "enabled": true,
        "dedicatedIpsEnabled": tr
[2017-11-08 11:04:37,583 DEBUG Engine.cloud] Request: GET https://a.blazemeter.com/api/v4/workspaces/163251 None
[2017-11-08 11:04:37,587 DEBUG urllib3.connectionpool] Starting new HTTPS connection (1): a.blazemeter.com
[2017-11-08 11:04:38,031 DEBUG urllib3.connectionpool] https://a.blazemeter.com:443 "GET /api/v4/workspaces/163251 HTTP/1.1" 200 None
[2017-11-08 11:04:38,111 DEBUG Engine.cloud] Response [200]: {
    "api_version": 4,
    "error": null,
    "result": {
        "id": 163251,
        "name": "new opls",
        "userId": 339612,
        "created": 1505929373,
        "updated": 1505929373,
        "enabled": true,
        "dedicatedIpsEnabled": tru
[2017-11-08 11:04:38,122 DEBUG Engine.cloud] Request: GET https://a.blazemeter.com/api/v4/workspaces/135886 None
[2017-11-08 11:04:38,125 DEBUG urllib3.connectionpool] Starting new HTTPS connection (1): a.blazemeter.com
[2017-11-08 11:04:38,590 DEBUG urllib3.connectionpool] https://a.blazemeter.com:443 "GET /api/v4/workspaces/135886 HTTP/1.1" 200 None
[2017-11-08 11:04:38,670 DEBUG Engine.cloud] Response [200]: {
    "api_version": 4,
    "error": null,
    "result": {
        "id": 135886,
        "name": "scratch",
        "userId": 339612,
        "created": 1494801554,
        "updated": 1494801554,
        "enabled": true,
        "dedicatedIpsEnabled": true
[2017-11-08 11:04:38,679 DEBUG Engine.cloud] Request: GET https://a.blazemeter.com/api/v4/workspaces/7199 None
[2017-11-08 11:04:38,682 DEBUG urllib3.connectionpool] Starting new HTTPS connection (1): a.blazemeter.com
[2017-11-08 11:04:39,130 DEBUG urllib3.connectionpool] https://a.blazemeter.com:443 "GET /api/v4/workspaces/7199 HTTP/1.1" 200 None
[2017-11-08 11:04:39,206 DEBUG Engine.cloud] Response [200]: {
    "api_version": 4,
    "error": null,
    "result": {
        "id": 7199,
        "name": "CA SE Workspace",
        "userId": 307773,
        "created": 1477580960,
        "updated": 1507211353,
        "enabled": true,
        "dedicatedIpsEnabled"
[2017-11-08 11:04:39,213 DEBUG Engine.cloud] Request: GET https://a.blazemeter.com/api/v4/workspaces/133217 None
[2017-11-08 11:04:39,216 DEBUG urllib3.connectionpool] Starting new HTTPS connection (1): a.blazemeter.com
[2017-11-08 11:04:39,662 DEBUG urllib3.connectionpool] https://a.blazemeter.com:443 "GET /api/v4/workspaces/133217 HTTP/1.1" 200 None
[2017-11-08 11:04:39,739 DEBUG Engine.cloud] Response [200]: {
    "api_version": 4,
    "error": null,
    "result": {
        "id": 133217,
        "name": "SE DEMOs",
        "userId": 307773,
        "created": 1493664013,
        "updated": 1508256640,
        "enabled": true,
        "dedicatedIpsEnabled": tru
[2017-11-08 11:04:39,747 INFO Engine.cloud] Location: ap-northeast-1	Japan (Tokyo)
[2017-11-08 11:04:39,747 INFO Engine.cloud] Location: ap-northeast-2	Asia Pacific (Seoul)
[2017-11-08 11:04:39,747 INFO Engine.cloud] Location: ap-south-1	Asia Pacific (Mumbai)
[2017-11-08 11:04:39,747 INFO Engine.cloud] Location: ap-southeast-1	Asia Pacific (Singapore)
[2017-11-08 11:04:39,747 INFO Engine.cloud] Location: ap-southeast-2	Australia (Sydney)
[2017-11-08 11:04:39,748 INFO Engine.cloud] Location: asia-east1-a	Asia East (Taiwan, Google)
[2017-11-08 11:04:39,748 INFO Engine.cloud] Location: asia-northeast1-a	Asia Northeast (Japan, Google)
[2017-11-08 11:04:39,748 INFO Engine.cloud] Location: asia-southeast1-a	Asia Southeast (Singapore, Google)
[2017-11-08 11:04:39,748 INFO Engine.cloud] Location: australia-southeast1-a	Australia (Sydney, Google)
[2017-11-08 11:04:39,748 INFO Engine.cloud] Location: azure-ap-northeast-1	Azure Korea Central (Seoul)
[2017-11-08 11:04:39,748 INFO Engine.cloud] Location: azure-ap-northeast-2	Azure Korea South (Busan)
[2017-11-08 11:04:39,749 INFO Engine.cloud] Location: azure-brazil-south-1	Azure Brazil South (Sao Paulo)
[2017-11-08 11:04:39,749 INFO Engine.cloud] Location: azure-central-asia-1	Azure Central India (Pune)
[2017-11-08 11:04:39,749 INFO Engine.cloud] Location: azure-central-asia-2	Azure West India (Mumbai)
[2017-11-08 11:04:39,749 INFO Engine.cloud] Location: azure-central-asia-3	Azure South India (Chennai)
[2017-11-08 11:04:39,749 INFO Engine.cloud] Location: azure-central-ca	Azure Canada Central (Toronto)
[2017-11-08 11:04:39,749 INFO Engine.cloud] Location: azure-central-us-1	Azure US Central (Iowa)
[2017-11-08 11:04:39,750 INFO Engine.cloud] Location: azure-east-asia-1	Azure East Asia (Hong Kong)
[2017-11-08 11:04:39,750 INFO Engine.cloud] Location: azure-east-au-1	Azure Australia East (New South Wales)
[2017-11-08 11:04:39,750 INFO Engine.cloud] Location: azure-east-ca	Azure Canada East (Quebec City)
[2017-11-08 11:04:39,750 INFO Engine.cloud] Location: azure-east-us-1	Azure US East (Virginia)
[2017-11-08 11:04:39,750 INFO Engine.cloud] Location: azure-east-us-2	Azure East US 2 (Virginia)
[2017-11-08 11:04:39,750 INFO Engine.cloud] Location: azure-eu-west-2	Azure UK South (London)
[2017-11-08 11:04:39,751 INFO Engine.cloud] Location: azure-eu-west-3	Azure UK West (Cardiff)
[2017-11-08 11:04:39,751 INFO Engine.cloud] Location: azure-japan-east-1	Azure Japan East (Tokyo, Saitama)
[2017-11-08 11:04:39,752 INFO Engine.cloud] Location: azure-japan-west-1	Azure Japan West (Osaka)
[2017-11-08 11:04:39,752 INFO Engine.cloud] Location: azure-north-central-us-1	Azure US North Central (Illinois)
[2017-11-08 11:04:39,753 INFO Engine.cloud] Location: azure-north-europe-1	Azure EU North (Ireland)
[2017-11-08 11:04:39,754 INFO Engine.cloud] Location: azure-south-central-us-1	Azure US South Central (Texas)
[2017-11-08 11:04:39,754 INFO Engine.cloud] Location: azure-southeast-asia-1	Azure Southeast Asia (Singapore)
[2017-11-08 11:04:39,754 INFO Engine.cloud] Location: azure-southeast-au-1	Azure Australia Southeast (Victoria)
[2017-11-08 11:04:39,755 INFO Engine.cloud] Location: azure-us-west-central	Azure US West Central (US West Central)
[2017-11-08 11:04:39,755 INFO Engine.cloud] Location: azure-west-europe-1	Azure EU West (Netherlands)
[2017-11-08 11:04:39,755 INFO Engine.cloud] Location: azure-west-us-1	Azure US West (California)
[2017-11-08 11:04:39,755 INFO Engine.cloud] Location: azure-west-us-2	Azure US East (US West 2)
[2017-11-08 11:04:39,755 INFO Engine.cloud] Location: ca-central-1	Canada (Central)
[2017-11-08 11:04:39,755 INFO Engine.cloud] Location: eu-central-1	EU Central (Frankfurt)
[2017-11-08 11:04:39,755 INFO Engine.cloud] Location: eu-west-1	EU West (Ireland)
[2017-11-08 11:04:39,755 INFO Engine.cloud] Location: eu-west-2	EU West (London)
[2017-11-08 11:04:39,755 INFO Engine.cloud] Location: europe-west1-b	EU West (Belgium, Google)
[2017-11-08 11:04:39,756 INFO Engine.cloud] Location: europe-west2-a	EU West (London, Google)
[2017-11-08 11:04:39,756 INFO Engine.cloud] Location: europe-west3-a	EU West (Frankfurt, Google)
[2017-11-08 11:04:39,757 INFO Engine.cloud] Location: sa-east-1	South America (Sao Paulo)
[2017-11-08 11:04:39,757 INFO Engine.cloud] Location: us-central1-a	US Central (Iowa, Google)
[2017-11-08 11:04:39,757 INFO Engine.cloud] Location: us-east-1	US East (Virginia)
[2017-11-08 11:04:39,757 INFO Engine.cloud] Location: us-east-2	US East (Ohio)
[2017-11-08 11:04:39,757 INFO Engine.cloud] Location: us-east1-b	US East (South Carolina, Google)
[2017-11-08 11:04:39,757 INFO Engine.cloud] Location: us-east4-a	US East (Virginia, Google)
[2017-11-08 11:04:39,758 INFO Engine.cloud] Location: us-west-1	US West (N.California)
[2017-11-08 11:04:39,758 INFO Engine.cloud] Location: us-west-2	US West (Oregon)
[2017-11-08 11:04:39,758 INFO Engine.cloud] Location: us-west1-a	US West (Oregon, Google)
[2017-11-08 11:04:39,758 DEBUG root] Shutting down by request from code
[2017-11-08 11:04:39,762 DEBUG root] NormalShutdown: Done listing locations
Traceback (most recent call last):
  File "/usr/local/lib/python2.7/site-packages/bzt/cli.py", line 220, in perform
    self.engine.prepare()
  File "/usr/local/lib/python2.7/site-packages/bzt/engine.py", line 158, in prepare
    self.__prepare_provisioning()
  File "/usr/local/lib/python2.7/site-packages/bzt/engine.py", line 490, in __prepare_provisioning
    self.provisioning.prepare()
  File "/usr/local/lib/python2.7/site-packages/bzt/modules/blazemeter.py", line 1436, in prepare
    self.__dump_locations_if_needed()
  File "/usr/local/lib/python2.7/site-packages/bzt/modules/blazemeter.py", line 1484, in __dump_locations_if_needed
    raise NormalShutdown("Done listing locations")
NormalShutdown: Done listing locations
[2017-11-08 11:04:39,762 INFO Engine] Post-processing...
[2017-11-08 11:04:39,762 DEBUG Engine.consolidator] Consolidator buffer[0]: []
[2017-11-08 11:04:39,764 DEBUG Engine.Configuration] Dumping YAML config into /Users/daper01/Documents/OSLo/2017-11-08_11-04-14.787602/effective.yml
[2017-11-08 11:04:39,810 DEBUG Engine.Configuration] Dumping JSON config into /Users/daper01/Documents/OSLo/2017-11-08_11-04-14.787602/effective.json
[2017-11-08 11:04:39,812 INFO root] Artifacts dir: /Users/daper01/Documents/OSLo/2017-11-08_11-04-14.787602
[2017-11-08 11:04:39,812 INFO root] Done performing with code: 0
[2017-11-08 11:04:39,813 DEBUG root] Closing log handler: /Users/daper01/Documents/OSLo/2017-11-08_11-04-14.787602/bzt.log
