[2018-02-08 10:24:08,315 INFO root] Taurus CLI Tool v1.10.3
[2018-02-08 10:24:08,315 DEBUG root] Command-line options: {'verbose': None, 'no_system_configs': None, 'quiet': None, 'log': '/var/folders/vq/xzrdy2lx047cst78f69v8z3xfzqz1q/T/bzt_0LI6eT.log', 'option': None, 'aliases': ['cloud']}
[2018-02-08 10:24:08,316 DEBUG root] Python: CPython 2.7.13
[2018-02-08 10:24:08,316 DEBUG root] OS: ('Darwin', 'daper01mac1124', '17.2.0', 'Darwin Kernel Version 17.2.0: Fri Sep 29 18:27:05 PDT 2017; root:xnu-4570.20.62~3/RELEASE_X86_64', 'x86_64', 'i386')
[2018-02-08 10:24:08,316 INFO root] Starting with configs: ['python_Selenium.yml']
[2018-02-08 10:24:08,316 DEBUG root] Using personal config: /Users/daper01/.bzt-rc
[2018-02-08 10:24:08,316 INFO Engine] Configuring...
[2018-02-08 10:24:08,316 DEBUG Engine] Reading extension configs from: /usr/local/etc/bzt.d
[2018-02-08 10:24:08,316 DEBUG Engine.Configuration] Configs: ['/usr/local/lib/python2.7/site-packages/bzt/resources/base-config.yml', '/usr/local/etc/bzt.d/99-installID.yml']
[2018-02-08 10:24:08,317 DEBUG Engine.Configuration] Reading /usr/local/lib/python2.7/site-packages/bzt/resources/base-config.yml as YAML
[2018-02-08 10:24:08,344 DEBUG Engine.Configuration] Reading /usr/local/etc/bzt.d/99-installID.yml as YAML
[2018-02-08 10:24:08,345 DEBUG Engine.Configuration] Configs: ['/Users/daper01/.bzt-rc', 'python_Selenium.yml']
[2018-02-08 10:24:08,346 DEBUG Engine.Configuration] Reading /Users/daper01/.bzt-rc as YAML
[2018-02-08 10:24:08,347 DEBUG Engine.Configuration] Reading python_Selenium.yml as YAML
[2018-02-08 10:24:08,349 DEBUG Engine.Configuration] Configs: ['/Users/daper01/.bzt-rc', 'python_Selenium.yml']
[2018-02-08 10:24:08,349 DEBUG Engine.Configuration] Reading /Users/daper01/.bzt-rc as YAML
[2018-02-08 10:24:08,351 DEBUG Engine.Configuration] Reading python_Selenium.yml as YAML
[2018-02-08 10:24:08,373 DEBUG Engine] Requesting updates info: http://gettaurus.org/updates/?version=1.10.3&installID=784f43782a15
[2018-02-08 10:24:08,380 INFO Engine] Artifacts dir: /Users/daper01/Documents/OSLo/Selenium/2018-02-08_10-24-08.374315
[2018-02-08 10:24:08,381 DEBUG Engine] New artifact filename: /Users/daper01/Documents/OSLo/Selenium/2018-02-08_10-24-08.374315/effective
[2018-02-08 10:24:08,383 DEBUG Engine.Configuration] Dumping YAML config into /Users/daper01/Documents/OSLo/Selenium/2018-02-08_10-24-08.374315/effective.yml
[2018-02-08 10:24:08,409 DEBUG Engine.Configuration] Dumping JSON config into /Users/daper01/Documents/OSLo/Selenium/2018-02-08_10-24-08.374315/effective.json
[2018-02-08 10:24:08,410 DEBUG Engine] New artifact filename: /Users/daper01/Documents/OSLo/Selenium/2018-02-08_10-24-08.374315/merged.yml
[2018-02-08 10:24:08,411 DEBUG Engine.Configuration] Dumping YAML config into /Users/daper01/Documents/OSLo/Selenium/2018-02-08_10-24-08.374315/merged.yml
[2018-02-08 10:24:08,416 DEBUG Engine] New artifact filename: /Users/daper01/Documents/OSLo/Selenium/2018-02-08_10-24-08.374315/merged.json
[2018-02-08 10:24:08,417 DEBUG Engine.Configuration] Dumping JSON config into /Users/daper01/Documents/OSLo/Selenium/2018-02-08_10-24-08.374315/merged.json
[2018-02-08 10:24:08,417 DEBUG Engine] Add existing artifact (move=False): python_Selenium.yml
[2018-02-08 10:24:08,417 DEBUG Engine] Copying python_Selenium.yml to /Users/daper01/Documents/OSLo/Selenium/2018-02-08_10-24-08.374315/python_Selenium.yml
[2018-02-08 10:24:08,418 DEBUG root] Closing log handler: /var/folders/vq/xzrdy2lx047cst78f69v8z3xfzqz1q/T/bzt_0LI6eT.log
[2018-02-08 10:24:08,423 DEBUG root] Switched writing logs to /Users/daper01/Documents/OSLo/Selenium/2018-02-08_10-24-08.374315/bzt.log
[2018-02-08 10:24:08,423 INFO Engine] Preparing...
[2018-02-08 10:24:08,423 DEBUG Engine] Module config: consolidator defaultdict(None, {'class': 'bzt.modules.aggregator.ConsolidatingAggregator'})
[2018-02-08 10:24:08,423 DEBUG root] Importing module: bzt.modules.aggregator
[2018-02-08 10:24:08,499 DEBUG root] Loading class: 'ConsolidatingAggregator' from <module 'bzt.modules.aggregator' from '/usr/local/lib/python2.7/site-packages/bzt/modules/aggregator.pyc'>
[2018-02-08 10:24:08,500 DEBUG Engine.consolidator] Exception in dehumanize_time(inf)
[2018-02-08 10:24:08,500 DEBUG Engine.consolidator] Buffer scaling setup: percentile 95.0 from [0.0, 50.0, 90.0, 95.0, 99.0, 99.9, 100.0] selected
[2018-02-08 10:24:08,501 DEBUG Engine] Module config: monitoring defaultdict(None, {'class': 'bzt.modules.monitoring.Monitoring'})
[2018-02-08 10:24:08,501 DEBUG root] Importing module: bzt.modules.monitoring
[2018-02-08 10:24:08,506 DEBUG root] Loading class: 'Monitoring' from <module 'bzt.modules.monitoring' from '/usr/local/lib/python2.7/site-packages/bzt/modules/monitoring.pyc'>
[2018-02-08 10:24:08,506 DEBUG Engine.monitoring] Should not run because of non-matching prov: cloud != local
[2018-02-08 10:24:08,506 DEBUG Engine] Module config: capturehar defaultdict(None, {'class': 'bzt.modules.blazemeter.ServiceStubCaptureHAR'})
[2018-02-08 10:24:08,507 DEBUG root] Importing module: bzt.modules.blazemeter
[2018-02-08 10:24:08,748 DEBUG easyprocess] version=0.2.3
[2018-02-08 10:24:08,752 DEBUG pyvirtualdisplay] version=0.2.1
[2018-02-08 10:24:08,754 DEBUG root] Loading class: 'ServiceStubCaptureHAR' from <module 'bzt.modules.blazemeter' from '/usr/local/lib/python2.7/site-packages/bzt/modules/blazemeter.pyc'>
[2018-02-08 10:24:08,754 DEBUG Engine.capturehar] Should not run because of non-matching prov: cloud != local
[2018-02-08 10:24:08,754 DEBUG Engine] Module config: cloud defaultdict(None, {'class': 'bzt.modules.blazemeter.CloudProvisioning', 'default-location': 'us-central1-a'})
[2018-02-08 10:24:08,754 DEBUG root] Importing module: bzt.modules.blazemeter
[2018-02-08 10:24:08,754 DEBUG root] Loading class: 'CloudProvisioning' from <module 'bzt.modules.blazemeter' from '/usr/local/lib/python2.7/site-packages/bzt/modules/blazemeter.pyc'>
[2018-02-08 10:24:08,754 DEBUG Engine] Module config: blazemeter defaultdict(None, {'token': '********', 'class': 'bzt.modules.blazemeter.BlazeMeterUploader'})
[2018-02-08 10:24:08,755 DEBUG root] Importing module: bzt.modules.blazemeter
[2018-02-08 10:24:08,755 DEBUG root] Loading class: 'BlazeMeterUploader' from <module 'bzt.modules.blazemeter' from '/usr/local/lib/python2.7/site-packages/bzt/modules/blazemeter.pyc'>
[2018-02-08 10:24:08,755 DEBUG Engine.cloud] Request: GET https://a.blazemeter.com/api/v4/accounts None
[2018-02-08 10:24:08,784 DEBUG urllib3.connectionpool] Starting new HTTPS connection (1): a.blazemeter.com
[2018-02-08 10:24:08,938 DEBUG Engine] Taurus updates info: {"latest":"1.10.5","needsUpgrade":true}
[2018-02-08 10:24:08,939 WARNING Engine] There is newer version of Taurus 1.10.5 available, consider upgrading. What's new: http://gettaurus.org/docs/Changelog/
[2018-02-08 10:24:09,229 DEBUG urllib3.connectionpool] https://a.blazemeter.com:443 "GET /api/v4/accounts HTTP/1.1" 200 2726
[2018-02-08 10:24:09,235 DEBUG Engine.cloud] Response [200]: {
    "limit": 10,
    "skip": 0,
    "total": 3,
    "hidden": 0,
    "api_version": 4,
    "error": null,
    "result": [
        {
            "id": 153221,
            "name": "BlazeMeter Demo",
            "thumbnailUrl": "https://www.blazemeter.com/s
[2018-02-08 10:24:09,235 DEBUG Engine.cloud] Request: GET https://a.blazemeter.com/api/v4/workspaces?accountId=153221&enabled=true&limit=100 None
[2018-02-08 10:24:09,238 DEBUG urllib3.connectionpool] Starting new HTTPS connection (1): a.blazemeter.com
[2018-02-08 10:24:09,703 DEBUG urllib3.connectionpool] https://a.blazemeter.com:443 "GET /api/v4/workspaces?accountId=153221&enabled=true&limit=100 HTTP/1.1" 200 814
[2018-02-08 10:24:09,708 DEBUG Engine.cloud] Response [200]: {
    "limit": 100,
    "skip": 0,
    "total": 1,
    "hidden": 0,
    "api_version": 4,
    "error": null,
    "result": [
        {
            "id": 146738,
            "name": "Demo workspace",
            "userId": 368191,
            "created": 1498
[2018-02-08 10:24:09,709 DEBUG Engine.cloud] Request: GET https://a.blazemeter.com/api/v4/workspaces?accountId=125626&enabled=true&limit=100 None
[2018-02-08 10:24:09,711 DEBUG urllib3.connectionpool] Starting new HTTPS connection (1): a.blazemeter.com
[2018-02-08 10:24:10,164 DEBUG urllib3.connectionpool] https://a.blazemeter.com:443 "GET /api/v4/workspaces?accountId=125626&enabled=true&limit=100 HTTP/1.1" 200 4887
[2018-02-08 10:24:10,171 DEBUG Engine.cloud] Response [200]: {
    "limit": 100,
    "skip": 0,
    "total": 7,
    "hidden": 0,
    "api_version": 4,
    "error": null,
    "result": [
        {
            "id": 127984,
            "name": "Completely Irrelevant",
            "userId": 339612,
            "created
[2018-02-08 10:24:10,173 DEBUG Engine.cloud] Request: GET https://a.blazemeter.com/api/v4/workspaces?accountId=21166&enabled=true&limit=100 None
[2018-02-08 10:24:10,175 DEBUG urllib3.connectionpool] Starting new HTTPS connection (1): a.blazemeter.com
[2018-02-08 10:24:10,643 DEBUG urllib3.connectionpool] https://a.blazemeter.com:443 "GET /api/v4/workspaces?accountId=21166&enabled=true&limit=100 HTTP/1.1" 200 1482
[2018-02-08 10:24:10,650 DEBUG Engine.cloud] Response [200]: {
    "limit": 100,
    "skip": 0,
    "total": 2,
    "hidden": 0,
    "api_version": 4,
    "error": null,
    "result": [
        {
            "id": 7199,
            "name": "CA SE Workspace",
            "userId": 307773,
            "created": 14775
[2018-02-08 10:24:10,651 DEBUG Engine] Module config: selenium defaultdict(None, {'class': 'bzt.modules.selenium.SeleniumExecutor'})
[2018-02-08 10:24:10,651 DEBUG root] Importing module: bzt.modules.selenium
[2018-02-08 10:24:10,654 DEBUG root] Loading class: 'SeleniumExecutor' from <module 'bzt.modules.selenium' from '/usr/local/lib/python2.7/site-packages/bzt/modules/selenium.pyc'>
[2018-02-08 10:24:10,655 DEBUG Engine.cloud] Request: GET https://a.blazemeter.com/api/v4/multi-tests?workspaceId=146738&name=Taurus+Cloud+Test None
[2018-02-08 10:24:10,660 DEBUG urllib3.connectionpool] Starting new HTTPS connection (1): a.blazemeter.com
[2018-02-08 10:24:11,080 DEBUG urllib3.connectionpool] https://a.blazemeter.com:443 "GET /api/v4/multi-tests?workspaceId=146738&name=Taurus+Cloud+Test HTTP/1.1" 200 126
[2018-02-08 10:24:11,086 DEBUG Engine.cloud] Response [200]: {
    "limit": 10,
    "skip": 0,
    "total": 0,
    "hidden": 0,
    "api_version": 4,
    "error": null,
    "result": []
}
[2018-02-08 10:24:11,086 DEBUG Engine.cloud] Request: GET https://a.blazemeter.com/api/v4/multi-tests?workspaceId=127984&name=Taurus+Cloud+Test None
[2018-02-08 10:24:11,089 DEBUG urllib3.connectionpool] Starting new HTTPS connection (1): a.blazemeter.com
[2018-02-08 10:24:11,531 DEBUG urllib3.connectionpool] https://a.blazemeter.com:443 "GET /api/v4/multi-tests?workspaceId=127984&name=Taurus+Cloud+Test HTTP/1.1" 200 126
[2018-02-08 10:24:11,538 DEBUG Engine.cloud] Response [200]: {
    "limit": 10,
    "skip": 0,
    "total": 0,
    "hidden": 0,
    "api_version": 4,
    "error": null,
    "result": []
}
[2018-02-08 10:24:11,538 DEBUG Engine.cloud] Request: GET https://a.blazemeter.com/api/v4/multi-tests?workspaceId=119008&name=Taurus+Cloud+Test None
[2018-02-08 10:24:11,541 DEBUG urllib3.connectionpool] Starting new HTTPS connection (1): a.blazemeter.com
[2018-02-08 10:24:11,980 DEBUG urllib3.connectionpool] https://a.blazemeter.com:443 "GET /api/v4/multi-tests?workspaceId=119008&name=Taurus+Cloud+Test HTTP/1.1" 200 126
[2018-02-08 10:24:11,986 DEBUG Engine.cloud] Response [200]: {
    "limit": 10,
    "skip": 0,
    "total": 0,
    "hidden": 0,
    "api_version": 4,
    "error": null,
    "result": []
}
[2018-02-08 10:24:11,986 DEBUG Engine.cloud] Request: GET https://a.blazemeter.com/api/v4/multi-tests?workspaceId=127980&name=Taurus+Cloud+Test None
[2018-02-08 10:24:11,989 DEBUG urllib3.connectionpool] Starting new HTTPS connection (1): a.blazemeter.com
[2018-02-08 10:24:12,416 DEBUG urllib3.connectionpool] https://a.blazemeter.com:443 "GET /api/v4/multi-tests?workspaceId=127980&name=Taurus+Cloud+Test HTTP/1.1" 200 126
[2018-02-08 10:24:12,422 DEBUG Engine.cloud] Response [200]: {
    "limit": 10,
    "skip": 0,
    "total": 0,
    "hidden": 0,
    "api_version": 4,
    "error": null,
    "result": []
}
[2018-02-08 10:24:12,422 DEBUG Engine.cloud] Request: GET https://a.blazemeter.com/api/v4/multi-tests?workspaceId=132723&name=Taurus+Cloud+Test None
[2018-02-08 10:24:12,425 DEBUG urllib3.connectionpool] Starting new HTTPS connection (1): a.blazemeter.com
[2018-02-08 10:24:12,846 DEBUG urllib3.connectionpool] https://a.blazemeter.com:443 "GET /api/v4/multi-tests?workspaceId=132723&name=Taurus+Cloud+Test HTTP/1.1" 200 126
[2018-02-08 10:24:12,852 DEBUG Engine.cloud] Response [200]: {
    "limit": 10,
    "skip": 0,
    "total": 0,
    "hidden": 0,
    "api_version": 4,
    "error": null,
    "result": []
}
[2018-02-08 10:24:12,853 DEBUG Engine.cloud] Request: GET https://a.blazemeter.com/api/v4/multi-tests?workspaceId=153836&name=Taurus+Cloud+Test None
[2018-02-08 10:24:12,857 DEBUG urllib3.connectionpool] Starting new HTTPS connection (1): a.blazemeter.com
[2018-02-08 10:24:13,313 DEBUG urllib3.connectionpool] https://a.blazemeter.com:443 "GET /api/v4/multi-tests?workspaceId=153836&name=Taurus+Cloud+Test HTTP/1.1" 200 126
[2018-02-08 10:24:13,319 DEBUG Engine.cloud] Response [200]: {
    "limit": 10,
    "skip": 0,
    "total": 0,
    "hidden": 0,
    "api_version": 4,
    "error": null,
    "result": []
}
[2018-02-08 10:24:13,319 DEBUG Engine.cloud] Request: GET https://a.blazemeter.com/api/v4/multi-tests?workspaceId=163251&name=Taurus+Cloud+Test None
[2018-02-08 10:24:13,322 DEBUG urllib3.connectionpool] Starting new HTTPS connection (1): a.blazemeter.com
[2018-02-08 10:24:13,763 DEBUG urllib3.connectionpool] https://a.blazemeter.com:443 "GET /api/v4/multi-tests?workspaceId=163251&name=Taurus+Cloud+Test HTTP/1.1" 200 126
[2018-02-08 10:24:13,770 DEBUG Engine.cloud] Response [200]: {
    "limit": 10,
    "skip": 0,
    "total": 0,
    "hidden": 0,
    "api_version": 4,
    "error": null,
    "result": []
}
[2018-02-08 10:24:13,770 DEBUG Engine.cloud] Request: GET https://a.blazemeter.com/api/v4/multi-tests?workspaceId=135886&name=Taurus+Cloud+Test None
[2018-02-08 10:24:13,774 DEBUG urllib3.connectionpool] Starting new HTTPS connection (1): a.blazemeter.com
[2018-02-08 10:24:14,194 DEBUG urllib3.connectionpool] https://a.blazemeter.com:443 "GET /api/v4/multi-tests?workspaceId=135886&name=Taurus+Cloud+Test HTTP/1.1" 200 126
[2018-02-08 10:24:14,199 DEBUG Engine.cloud] Response [200]: {
    "limit": 10,
    "skip": 0,
    "total": 0,
    "hidden": 0,
    "api_version": 4,
    "error": null,
    "result": []
}
[2018-02-08 10:24:14,200 DEBUG Engine.cloud] Request: GET https://a.blazemeter.com/api/v4/multi-tests?workspaceId=7199&name=Taurus+Cloud+Test None
[2018-02-08 10:24:14,206 DEBUG urllib3.connectionpool] Starting new HTTPS connection (1): a.blazemeter.com
[2018-02-08 10:24:14,627 DEBUG urllib3.connectionpool] https://a.blazemeter.com:443 "GET /api/v4/multi-tests?workspaceId=7199&name=Taurus+Cloud+Test HTTP/1.1" 200 126
[2018-02-08 10:24:14,634 DEBUG Engine.cloud] Response [200]: {
    "limit": 10,
    "skip": 0,
    "total": 0,
    "hidden": 0,
    "api_version": 4,
    "error": null,
    "result": []
}
[2018-02-08 10:24:14,634 DEBUG Engine.cloud] Request: GET https://a.blazemeter.com/api/v4/multi-tests?workspaceId=133217&name=Taurus+Cloud+Test None
[2018-02-08 10:24:14,636 DEBUG urllib3.connectionpool] Starting new HTTPS connection (1): a.blazemeter.com
[2018-02-08 10:24:15,061 DEBUG urllib3.connectionpool] https://a.blazemeter.com:443 "GET /api/v4/multi-tests?workspaceId=133217&name=Taurus+Cloud+Test HTTP/1.1" 200 126
[2018-02-08 10:24:15,066 DEBUG Engine.cloud] Response [200]: {
    "limit": 10,
    "skip": 0,
    "total": 0,
    "hidden": 0,
    "api_version": 4,
    "error": null,
    "result": []
}
[2018-02-08 10:24:15,066 DEBUG Engine.cloud.ProjectFinder] Looked for collection: None
[2018-02-08 10:24:15,067 DEBUG Engine.cloud] Request: GET https://a.blazemeter.com/api/v4/tests?workspaceId=146738&name=Taurus+Cloud+Test None
[2018-02-08 10:24:15,069 DEBUG urllib3.connectionpool] Starting new HTTPS connection (1): a.blazemeter.com
[2018-02-08 10:24:15,513 DEBUG urllib3.connectionpool] https://a.blazemeter.com:443 "GET /api/v4/tests?workspaceId=146738&name=Taurus+Cloud+Test HTTP/1.1" 200 126
[2018-02-08 10:24:15,520 DEBUG Engine.cloud] Response [200]: {
    "limit": 10,
    "skip": 0,
    "total": 0,
    "hidden": 0,
    "api_version": 4,
    "error": null,
    "result": []
}
[2018-02-08 10:24:15,520 DEBUG Engine.cloud] Request: GET https://a.blazemeter.com/api/v4/tests?workspaceId=127984&name=Taurus+Cloud+Test None
[2018-02-08 10:24:15,522 DEBUG urllib3.connectionpool] Starting new HTTPS connection (1): a.blazemeter.com
[2018-02-08 10:24:15,941 DEBUG urllib3.connectionpool] https://a.blazemeter.com:443 "GET /api/v4/tests?workspaceId=127984&name=Taurus+Cloud+Test HTTP/1.1" 200 126
[2018-02-08 10:24:15,947 DEBUG Engine.cloud] Response [200]: {
    "limit": 10,
    "skip": 0,
    "total": 0,
    "hidden": 0,
    "api_version": 4,
    "error": null,
    "result": []
}
[2018-02-08 10:24:15,947 DEBUG Engine.cloud] Request: GET https://a.blazemeter.com/api/v4/tests?workspaceId=119008&name=Taurus+Cloud+Test None
[2018-02-08 10:24:15,950 DEBUG urllib3.connectionpool] Starting new HTTPS connection (1): a.blazemeter.com
[2018-02-08 10:24:16,376 DEBUG urllib3.connectionpool] https://a.blazemeter.com:443 "GET /api/v4/tests?workspaceId=119008&name=Taurus+Cloud+Test HTTP/1.1" 200 843
[2018-02-08 10:24:16,382 DEBUG Engine.cloud] Response [200]: {
    "limit": 10,
    "skip": 0,
    "total": 1,
    "hidden": 0,
    "api_version": 4,
    "error": null,
    "result": [
        {
            "id": 5551396,
            "name": "Taurus Cloud Test",
            "userId": 339612,
            "created": 1
[2018-02-08 10:24:16,383 DEBUG Engine.cloud] Request: GET https://a.blazemeter.com/api/v4/tests?workspaceId=127980&name=Taurus+Cloud+Test None
[2018-02-08 10:24:16,385 DEBUG urllib3.connectionpool] Starting new HTTPS connection (1): a.blazemeter.com
[2018-02-08 10:24:16,805 DEBUG urllib3.connectionpool] https://a.blazemeter.com:443 "GET /api/v4/tests?workspaceId=127980&name=Taurus+Cloud+Test HTTP/1.1" 200 126
[2018-02-08 10:24:16,809 DEBUG Engine.cloud] Response [200]: {
    "limit": 10,
    "skip": 0,
    "total": 0,
    "hidden": 0,
    "api_version": 4,
    "error": null,
    "result": []
}
[2018-02-08 10:24:16,809 DEBUG Engine.cloud] Request: GET https://a.blazemeter.com/api/v4/tests?workspaceId=132723&name=Taurus+Cloud+Test None
[2018-02-08 10:24:16,812 DEBUG urllib3.connectionpool] Starting new HTTPS connection (1): a.blazemeter.com
[2018-02-08 10:24:17,232 DEBUG urllib3.connectionpool] https://a.blazemeter.com:443 "GET /api/v4/tests?workspaceId=132723&name=Taurus+Cloud+Test HTTP/1.1" 200 126
[2018-02-08 10:24:17,239 DEBUG Engine.cloud] Response [200]: {
    "limit": 10,
    "skip": 0,
    "total": 0,
    "hidden": 0,
    "api_version": 4,
    "error": null,
    "result": []
}
[2018-02-08 10:24:17,239 DEBUG Engine.cloud] Request: GET https://a.blazemeter.com/api/v4/tests?workspaceId=153836&name=Taurus+Cloud+Test None
[2018-02-08 10:24:17,242 DEBUG urllib3.connectionpool] Starting new HTTPS connection (1): a.blazemeter.com
[2018-02-08 10:24:17,661 DEBUG urllib3.connectionpool] https://a.blazemeter.com:443 "GET /api/v4/tests?workspaceId=153836&name=Taurus+Cloud+Test HTTP/1.1" 200 126
[2018-02-08 10:24:17,667 DEBUG Engine.cloud] Response [200]: {
    "limit": 10,
    "skip": 0,
    "total": 0,
    "hidden": 0,
    "api_version": 4,
    "error": null,
    "result": []
}
[2018-02-08 10:24:17,667 DEBUG Engine.cloud] Request: GET https://a.blazemeter.com/api/v4/tests?workspaceId=163251&name=Taurus+Cloud+Test None
[2018-02-08 10:24:17,669 DEBUG urllib3.connectionpool] Starting new HTTPS connection (1): a.blazemeter.com
[2018-02-08 10:24:18,258 DEBUG urllib3.connectionpool] https://a.blazemeter.com:443 "GET /api/v4/tests?workspaceId=163251&name=Taurus+Cloud+Test HTTP/1.1" 200 126
[2018-02-08 10:24:18,264 DEBUG Engine.cloud] Response [200]: {
    "limit": 10,
    "skip": 0,
    "total": 0,
    "hidden": 0,
    "api_version": 4,
    "error": null,
    "result": []
}
[2018-02-08 10:24:18,264 DEBUG Engine.cloud] Request: GET https://a.blazemeter.com/api/v4/tests?workspaceId=135886&name=Taurus+Cloud+Test None
[2018-02-08 10:24:18,266 DEBUG urllib3.connectionpool] Starting new HTTPS connection (1): a.blazemeter.com
[2018-02-08 10:24:18,715 DEBUG urllib3.connectionpool] https://a.blazemeter.com:443 "GET /api/v4/tests?workspaceId=135886&name=Taurus+Cloud+Test HTTP/1.1" 200 126
[2018-02-08 10:24:18,718 DEBUG Engine.cloud] Response [200]: {
    "limit": 10,
    "skip": 0,
    "total": 0,
    "hidden": 0,
    "api_version": 4,
    "error": null,
    "result": []
}
[2018-02-08 10:24:18,719 DEBUG Engine.cloud] Request: GET https://a.blazemeter.com/api/v4/tests?workspaceId=7199&name=Taurus+Cloud+Test None
[2018-02-08 10:24:18,721 DEBUG urllib3.connectionpool] Starting new HTTPS connection (1): a.blazemeter.com
[2018-02-08 10:24:19,150 DEBUG urllib3.connectionpool] https://a.blazemeter.com:443 "GET /api/v4/tests?workspaceId=7199&name=Taurus+Cloud+Test HTTP/1.1" 200 908
[2018-02-08 10:24:19,157 DEBUG Engine.cloud] Response [200]: {
    "limit": 10,
    "skip": 0,
    "total": 1,
    "hidden": 0,
    "api_version": 4,
    "error": null,
    "result": [
        {
            "id": 5560504,
            "name": "Taurus Cloud Test",
            "userId": 307773,
            "created": 1
[2018-02-08 10:24:19,158 DEBUG Engine.cloud] Request: GET https://a.blazemeter.com/api/v4/tests?workspaceId=133217&name=Taurus+Cloud+Test None
[2018-02-08 10:24:19,160 DEBUG urllib3.connectionpool] Starting new HTTPS connection (1): a.blazemeter.com
[2018-02-08 10:24:19,589 DEBUG urllib3.connectionpool] https://a.blazemeter.com:443 "GET /api/v4/tests?workspaceId=133217&name=Taurus+Cloud+Test HTTP/1.1" 200 126
[2018-02-08 10:24:19,595 DEBUG Engine.cloud] Response [200]: {
    "limit": 10,
    "skip": 0,
    "total": 0,
    "hidden": 0,
    "api_version": 4,
    "error": null,
    "result": []
}
[2018-02-08 10:24:19,595 DEBUG Engine.cloud.ProjectFinder] Looked for test: {u'updated': 1517355152, u'name': u'Taurus Cloud Test', u'kpiTrackingData': {}, u'created': 1488354376, u'projectId': 162568, u'userId': 339612, u'lastUpdatedById': 339612, u'configuration': {u'targetThreads': 0, u'type': u'taurus', u'canControlRampup': False, u'plugins': {u'functionalExecution': {u'enabled': False}, u'taurus': {u'filename': u'taurus.yml'}}}, u'id': 5551396}
[2018-02-08 10:24:19,595 DEBUG Engine.cloud.ProjectFinder] Detected test type: old
[2018-02-08 10:24:19,596 DEBUG Engine.cloud] Request: GET https://a.blazemeter.com/api/v4/user None
[2018-02-08 10:24:19,598 DEBUG urllib3.connectionpool] Starting new HTTPS connection (1): a.blazemeter.com
[2018-02-08 10:24:20,059 DEBUG urllib3.connectionpool] https://a.blazemeter.com:443 "GET /api/v4/user HTTP/1.1" 200 2308
[2018-02-08 10:24:20,065 DEBUG Engine.cloud] Response [200]: {
    "api_version": 4,
    "error": null,
    "result": {
        "id": 339612,
        "email": "eric.dapp@blazemeter.com",
        "access": 1518114248,
        "login": 1515090360,
        "firstName": "Eric",
        "lastName": "Dapp",
        "timez
[2018-02-08 10:24:20,066 DEBUG Engine.cloud] Request: GET https://a.blazemeter.com/api/v4/projects?workspaceId=146738&limit=99999 None
[2018-02-08 10:24:20,068 DEBUG urllib3.connectionpool] Starting new HTTPS connection (1): a.blazemeter.com
[2018-02-08 10:24:20,485 DEBUG urllib3.connectionpool] https://a.blazemeter.com:443 "GET /api/v4/projects?workspaceId=146738&limit=99999 HTTP/1.1" 200 1403
[2018-02-08 10:24:20,491 DEBUG Engine.cloud] Response [200]: {
    "limit": 50,
    "skip": 0,
    "total": 4,
    "hidden": 0,
    "api_version": 4,
    "error": null,
    "result": [
        {
            "id": 216192,
            "name": "API Stress Tests",
            "userId": null,
            "description": "
[2018-02-08 10:24:20,492 DEBUG Engine.cloud] Request: GET https://a.blazemeter.com/api/v4/projects?workspaceId=127984&limit=99999 None
[2018-02-08 10:24:20,495 DEBUG urllib3.connectionpool] Starting new HTTPS connection (1): a.blazemeter.com
[2018-02-08 10:24:20,914 DEBUG urllib3.connectionpool] https://a.blazemeter.com:443 "GET /api/v4/projects?workspaceId=127984&limit=99999 HTTP/1.1" 200 410
[2018-02-08 10:24:20,921 DEBUG Engine.cloud] Response [200]: {
    "limit": 50,
    "skip": 0,
    "total": 1,
    "hidden": 0,
    "api_version": 4,
    "error": null,
    "result": [
        {
            "id": 173143,
            "name": "Default project",
            "userId": null,
            "description": nu
[2018-02-08 10:24:20,921 DEBUG Engine.cloud] Request: GET https://a.blazemeter.com/api/v4/projects?workspaceId=119008&limit=99999 None
[2018-02-08 10:24:20,923 DEBUG urllib3.connectionpool] Starting new HTTPS connection (1): a.blazemeter.com
[2018-02-08 10:24:21,343 DEBUG urllib3.connectionpool] https://a.blazemeter.com:443 "GET /api/v4/projects?workspaceId=119008&limit=99999 HTTP/1.1" 200 2048
[2018-02-08 10:24:21,350 DEBUG Engine.cloud] Response [200]: {
    "limit": 50,
    "skip": 0,
    "total": 6,
    "hidden": 0,
    "api_version": 4,
    "error": null,
    "result": [
        {
            "id": 163658,
            "name": "BlazeDemo Tests",
            "userId": null,
            "description": ""
[2018-02-08 10:24:21,350 DEBUG Engine.cloud] Request: GET https://a.blazemeter.com/api/v4/projects?workspaceId=127980&limit=99999 None
[2018-02-08 10:24:21,353 DEBUG urllib3.connectionpool] Starting new HTTPS connection (1): a.blazemeter.com
[2018-02-08 10:24:21,775 DEBUG urllib3.connectionpool] https://a.blazemeter.com:443 "GET /api/v4/projects?workspaceId=127980&limit=99999 HTTP/1.1" 200 720
[2018-02-08 10:24:21,781 DEBUG Engine.cloud] Response [200]: {
    "limit": 50,
    "skip": 0,
    "total": 2,
    "hidden": 0,
    "api_version": 4,
    "error": null,
    "result": [
        {
            "id": 173138,
            "name": "Default project",
            "userId": null,
            "description": nu
[2018-02-08 10:24:21,781 DEBUG Engine.cloud] Request: GET https://a.blazemeter.com/api/v4/projects?workspaceId=132723&limit=99999 None
[2018-02-08 10:24:21,784 DEBUG urllib3.connectionpool] Starting new HTTPS connection (1): a.blazemeter.com
[2018-02-08 10:24:22,202 DEBUG urllib3.connectionpool] https://a.blazemeter.com:443 "GET /api/v4/projects?workspaceId=132723&limit=99999 HTTP/1.1" 200 412
[2018-02-08 10:24:22,209 DEBUG Engine.cloud] Response [200]: {
    "limit": 50,
    "skip": 0,
    "total": 1,
    "hidden": 0,
    "api_version": 4,
    "error": null,
    "result": [
        {
            "id": 178588,
            "name": "Default project",
            "userId": null,
            "description": nu
[2018-02-08 10:24:22,210 DEBUG Engine.cloud] Request: GET https://a.blazemeter.com/api/v4/projects?workspaceId=153836&limit=99999 None
[2018-02-08 10:24:22,213 DEBUG urllib3.connectionpool] Starting new HTTPS connection (1): a.blazemeter.com
[2018-02-08 10:24:22,653 DEBUG urllib3.connectionpool] https://a.blazemeter.com:443 "GET /api/v4/projects?workspaceId=153836&limit=99999 HTTP/1.1" 200 684
[2018-02-08 10:24:22,658 DEBUG Engine.cloud] Response [200]: {
    "limit": 50,
    "skip": 0,
    "total": 2,
    "hidden": 0,
    "api_version": 4,
    "error": null,
    "result": [
        {
            "id": 202867,
            "name": "Default project",
            "userId": null,
            "description": nu
[2018-02-08 10:24:22,658 DEBUG Engine.cloud] Request: GET https://a.blazemeter.com/api/v4/projects?workspaceId=163251&limit=99999 None
[2018-02-08 10:24:22,660 DEBUG urllib3.connectionpool] Starting new HTTPS connection (1): a.blazemeter.com
[2018-02-08 10:24:23,072 DEBUG urllib3.connectionpool] https://a.blazemeter.com:443 "GET /api/v4/projects?workspaceId=163251&limit=99999 HTTP/1.1" 200 410
[2018-02-08 10:24:23,075 DEBUG Engine.cloud] Response [200]: {
    "limit": 50,
    "skip": 0,
    "total": 1,
    "hidden": 0,
    "api_version": 4,
    "error": null,
    "result": [
        {
            "id": 213729,
            "name": "Default project",
            "userId": null,
            "description": nu
[2018-02-08 10:24:23,075 DEBUG Engine.cloud] Request: GET https://a.blazemeter.com/api/v4/projects?workspaceId=135886&limit=99999 None
[2018-02-08 10:24:23,077 DEBUG urllib3.connectionpool] Starting new HTTPS connection (1): a.blazemeter.com
[2018-02-08 10:24:23,497 DEBUG urllib3.connectionpool] https://a.blazemeter.com:443 "GET /api/v4/projects?workspaceId=135886&limit=99999 HTTP/1.1" 200 975
[2018-02-08 10:24:23,501 DEBUG Engine.cloud] Response [200]: {
    "limit": 50,
    "skip": 0,
    "total": 3,
    "hidden": 0,
    "api_version": 4,
    "error": null,
    "result": [
        {
            "id": 182182,
            "name": "Default project",
            "userId": null,
            "description": nu
[2018-02-08 10:24:23,501 DEBUG Engine.cloud] Request: GET https://a.blazemeter.com/api/v4/projects?workspaceId=7199&limit=99999 None
[2018-02-08 10:24:23,504 DEBUG urllib3.connectionpool] Starting new HTTPS connection (1): a.blazemeter.com
[2018-02-08 10:24:23,956 DEBUG urllib3.connectionpool] https://a.blazemeter.com:443 "GET /api/v4/projects?workspaceId=7199&limit=99999 HTTP/1.1" 200 4295
[2018-02-08 10:24:23,959 DEBUG Engine.cloud] Response [200]: {
    "limit": 50,
    "skip": 0,
    "total": 15,
    "hidden": 0,
    "api_version": 4,
    "error": null,
    "result": [
        {
            "id": 167099,
            "name": "APM",
            "userId": null,
            "description": "JMeter with 
[2018-02-08 10:24:23,959 DEBUG Engine.cloud] Request: GET https://a.blazemeter.com/api/v4/projects?workspaceId=133217&limit=99999 None
[2018-02-08 10:24:23,961 DEBUG urllib3.connectionpool] Starting new HTTPS connection (1): a.blazemeter.com
[2018-02-08 10:24:24,397 DEBUG urllib3.connectionpool] https://a.blazemeter.com:443 "GET /api/v4/projects?workspaceId=133217&limit=99999 HTTP/1.1" 200 1614
[2018-02-08 10:24:24,404 DEBUG Engine.cloud] Response [200]: {
    "limit": 50,
    "skip": 0,
    "total": 5,
    "hidden": 0,
    "api_version": 4,
    "error": null,
    "result": [
        {
            "id": 201589,
            "name": "API - Run As Functional",
            "userId": null,
            "descript
[2018-02-08 10:24:24,404 DEBUG Engine.cloud] Request: GET https://a.blazemeter.com/api/v4/workspaces/119008 None
[2018-02-08 10:24:24,408 DEBUG urllib3.connectionpool] Starting new HTTPS connection (1): a.blazemeter.com
[2018-02-08 10:24:24,964 DEBUG urllib3.connectionpool] https://a.blazemeter.com:443 "GET /api/v4/workspaces/119008 HTTP/1.1" 200 None
[2018-02-08 10:24:25,048 DEBUG Engine.cloud] Response [200]: {
    "api_version": 4,
    "error": null,
    "result": {
        "id": 119008,
        "name": "Default workspace",
        "userId": 339612,
        "created": 1486702692,
        "updated": 1486702692,
        "enabled": true,
        "dedicatedIpsEnab
[2018-02-08 10:24:25,060 DEBUG Engine.selenium] Using script type: nose
[2018-02-08 10:24:25,060 DEBUG Engine] Module config: nose defaultdict(None, {'class': 'bzt.modules.python.ApiritifNoseExecutor'})
[2018-02-08 10:24:25,061 DEBUG root] Importing module: bzt.modules.python
[2018-02-08 10:24:25,104 DEBUG root] Loading class: 'ApiritifNoseExecutor' from <module 'bzt.modules.python' from '/usr/local/lib/python2.7/site-packages/bzt/modules/python.pyc'>
[2018-02-08 10:24:25,104 DEBUG Engine.nose] Extract defaultdict(None, {'script': './blazeDemo_Selenium_with_unit_chrome.py'}) into scenarios
[2018-02-08 10:24:25,104 DEBUG Engine.cloud] All resource files are: ['./blazeDemo_Selenium_with_unit_chrome.py']
[2018-02-08 10:24:25,104 DEBUG Engine.cloud] Replace file names in config: ['./blazeDemo_Selenium_with_unit_chrome.py'] with ['blazeDemo_Selenium_with_unit_chrome.py']
[2018-02-08 10:24:25,105 DEBUG Engine.cloud] Replaced ./blazeDemo_Selenium_with_unit_chrome.py with blazeDemo_Selenium_with_unit_chrome.py
[2018-02-08 10:24:25,105 DEBUG Engine.cloud] Replaced ./blazeDemo_Selenium_with_unit_chrome.py with blazeDemo_Selenium_with_unit_chrome.py
[2018-02-08 10:24:25,106 DEBUG Engine] New artifact filename: /Users/daper01/Documents/OSLo/Selenium/2018-02-08_10-24-08.374315/cloud
[2018-02-08 10:24:25,107 DEBUG root] Dumping YAML config into /Users/daper01/Documents/OSLo/Selenium/2018-02-08_10-24-08.374315/cloud.yml
[2018-02-08 10:24:25,111 DEBUG root] Dumping JSON config into /Users/daper01/Documents/OSLo/Selenium/2018-02-08_10-24-08.374315/cloud.json
[2018-02-08 10:24:25,112 DEBUG Engine.cloud] Request: GET https://a.blazemeter.com/api/v4/web/elfinder/5551396?cmd=open&target=s1_Lw None
[2018-02-08 10:24:25,114 DEBUG urllib3.connectionpool] Starting new HTTPS connection (1): a.blazemeter.com
[2018-02-08 10:24:25,726 DEBUG urllib3.connectionpool] https://a.blazemeter.com:443 "GET /api/v4/web/elfinder/5551396?cmd=open&target=s1_Lw HTTP/1.1" 200 1672
[2018-02-08 10:24:25,734 DEBUG Engine.cloud] Response [200]: {"cwd":{"name":"data","size":0,"mime":"directory","read":1,"write":1,"parent_id":"users","hash":"s1_Lw","rootRev":"","options":{"path":"","url":"","tmbUrl":"","disabled":["mkdir","archive","extract","chmod"],"separator":"\/","copyOverwrite":1,"uploadOverwr
[2018-02-08 10:24:25,734 DEBUG Engine.cloud] Test files: [u'blazeDemo_Selenium_with_unit_chrome.py', u'taurus.yml']
[2018-02-08 10:24:25,734 DEBUG Engine.cloud] Request: GET https://a.blazemeter.com/api/v4/web/elfinder/5551396?cmd=rm&targets[]=s1_YmxhemVEZW1vX1NlbGVuaXVtX3dpdGhfdW5pdF9jaHJvbWUucHk&targets[]=s1_dGF1cnVzLnltbA None
[2018-02-08 10:24:25,737 DEBUG urllib3.connectionpool] Starting new HTTPS connection (1): a.blazemeter.com
[2018-02-08 10:24:26,592 DEBUG urllib3.connectionpool] https://a.blazemeter.com:443 "GET /api/v4/web/elfinder/5551396?cmd=rm&targets[]=s1_YmxhemVEZW1vX1NlbGVuaXVtX3dpdGhfdW5pdF9jaHJvbWUucHk&targets[]=s1_dGF1cnVzLnltbA HTTP/1.1" 200 819
[2018-02-08 10:24:26,601 DEBUG Engine.cloud] Response [200]: {"removed":["s1_YmxhemVEZW1vX1NlbGVuaXVtX3dpdGhfdW5pdF9jaHJvbWUucHk","s1_dGF1cnVzLnltbA"],"changed":[{"name":"data","size":0,"mime":"directory","read":1,"write":1,"parent_id":"users","hash":"s1_Lw","rootRev":"","options":{"path":"","url":"","tmbUrl":"","di
[2018-02-08 10:24:26,601 DEBUG Engine.cloud] Successfully deleted 2 test files
[2018-02-08 10:24:26,608 DEBUG Engine.cloud] Uploading files into the test: ['/Users/daper01/Documents/OSLo/Selenium/blazeDemo_Selenium_with_unit_chrome.py']
[2018-02-08 10:24:26,619 DEBUG Engine.cloud] Request: POST https://a.blazemeter.com/api/v4/tests/5551396/files --===============3958839913640385441==
Content-Disposition: file; name="script"; filename="taurus.yml"
Content-Type: application/octet-stream

---
execution:
- concurrency: 1
  executor: selenium
  hold-for: 2m
  locations:
    us-east-1: 1
    us-west
[2018-02-08 10:24:26,621 DEBUG urllib3.connectionpool] Starting new HTTPS connection (1): a.blazemeter.com
[2018-02-08 10:24:27,251 DEBUG urllib3.connectionpool] https://a.blazemeter.com:443 "POST /api/v4/tests/5551396/files HTTP/1.1" 201 746
[2018-02-08 10:24:27,257 DEBUG Engine.cloud] Response [201]: {
    "api_version": 4,
    "error": null,
    "result": {
        "id": 5551396,
        "name": "Taurus Cloud Test",
        "userId": 339612,
        "created": 1488354376,
        "updated": 1518114267,
        "configuration": {
            "type": "t
[2018-02-08 10:24:27,258 DEBUG Engine.cloud] Request: PATCH https://a.blazemeter.com/api/v4/tests/5551396 {
 "configuration": {
  "executionType": null
 }
}
[2018-02-08 10:24:27,262 DEBUG urllib3.connectionpool] Starting new HTTPS connection (1): a.blazemeter.com
[2018-02-08 10:24:27,872 DEBUG urllib3.connectionpool] https://a.blazemeter.com:443 "PATCH /api/v4/tests/5551396 HTTP/1.1" 200 1575
[2018-02-08 10:24:27,878 DEBUG Engine.cloud] Response [200]: {
    "api_version": 4,
    "error": null,
    "result": {
        "id": 5551396,
        "name": "Taurus Cloud Test",
        "userId": 339612,
        "created": 1488354376,
        "updated": 1518114267,
        "projectId": 162568,
        "lastUpdated
[2018-02-08 10:24:27,879 DEBUG Engine.cloud] Request: PATCH https://a.blazemeter.com/api/v4/tests/5551396 {
 "configuration": {
  "plugins": {
   "functionalExecution": {
    "enabled": false
   }
  }
 }
}
[2018-02-08 10:24:27,881 DEBUG urllib3.connectionpool] Starting new HTTPS connection (1): a.blazemeter.com
[2018-02-08 10:24:28,463 DEBUG urllib3.connectionpool] https://a.blazemeter.com:443 "PATCH /api/v4/tests/5551396 HTTP/1.1" 200 1575
[2018-02-08 10:24:28,470 DEBUG Engine.cloud] Response [200]: {
    "api_version": 4,
    "error": null,
    "result": {
        "id": 5551396,
        "name": "Taurus Cloud Test",
        "userId": 339612,
        "created": 1488354376,
        "updated": 1518114268,
        "projectId": 162568,
        "lastUpdated
[2018-02-08 10:24:28,471 DEBUG Engine] Module config: final-stats defaultdict(None, {'class': 'bzt.modules.reporting.FinalStatus'})
[2018-02-08 10:24:28,471 DEBUG root] Importing module: bzt.modules.reporting
[2018-02-08 10:24:28,473 DEBUG root] Loading class: 'FinalStatus' from <module 'bzt.modules.reporting' from '/usr/local/lib/python2.7/site-packages/bzt/modules/reporting.pyc'>
[2018-02-08 10:24:28,474 DEBUG Engine] Module config: console defaultdict(None, {'class': 'bzt.modules.console.ConsoleStatusReporter'})
[2018-02-08 10:24:28,474 DEBUG root] Importing module: bzt.modules.console
[2018-02-08 10:24:28,474 DEBUG root] Loading class: 'ConsoleStatusReporter' from <module 'bzt.modules.console' from '/usr/local/lib/python2.7/site-packages/bzt/modules/console.pyc'>
[2018-02-08 10:24:28,483 DEBUG Engine.Configuration] Dumping YAML config into /Users/daper01/Documents/OSLo/Selenium/2018-02-08_10-24-08.374315/effective.yml
[2018-02-08 10:24:28,510 DEBUG Engine.Configuration] Dumping JSON config into /Users/daper01/Documents/OSLo/Selenium/2018-02-08_10-24-08.374315/effective.json
[2018-02-08 10:24:28,511 INFO Engine] Starting...
[2018-02-08 10:24:28,511 DEBUG Engine] Startup <bzt.modules.aggregator.ConsolidatingAggregator object at 0x106af4f90>
[2018-02-08 10:24:28,511 DEBUG Engine] Startup <bzt.modules.reporting.FinalStatus object at 0x107c08750>
[2018-02-08 10:24:28,511 DEBUG Engine] Startup <bzt.modules.console.ConsoleStatusReporter object at 0x107be2090>
[2018-02-08 10:24:28,511 INFO Engine.console] Waiting for results...
[2018-02-08 10:24:28,512 DEBUG Engine] Startup <bzt.modules.blazemeter.CloudProvisioning object at 0x107837550>
[2018-02-08 10:24:28,512 INFO Engine.cloud.ProjectFinder.CloudTaurusTest] Initiating cloud test with https://a.blazemeter.com ...
[2018-02-08 10:24:28,512 DEBUG Engine.cloud] Request: POST https://a.blazemeter.com/api/v4/tests/5551396/start None
[2018-02-08 10:24:28,514 DEBUG urllib3.connectionpool] Starting new HTTPS connection (1): a.blazemeter.com
[2018-02-08 10:24:29,493 DEBUG urllib3.connectionpool] https://a.blazemeter.com:443 "POST /api/v4/tests/5551396/start HTTP/1.1" 202 724
[2018-02-08 10:24:29,500 DEBUG Engine.cloud] Response [202]: {
    "api_version": 4,
    "error": null,
    "result": {
        "id": 17243736,
        "name": "Taurus Cloud Test",
        "userId": 339612,
        "runnerUserId": 339612,
        "executorClientId": "Taurus",
        "secondsPerLabelDoc": 60,
      
[2018-02-08 10:24:29,501 INFO Engine.cloud] Started cloud test: https://a.blazemeter.com/app/#/masters/17243736
[2018-02-08 10:24:29,831 DEBUG Engine.Configuration] Dumping YAML config into /Users/daper01/Documents/OSLo/Selenium/2018-02-08_10-24-08.374315/effective.yml
[2018-02-08 10:24:29,926 DEBUG Engine.Configuration] Dumping JSON config into /Users/daper01/Documents/OSLo/Selenium/2018-02-08_10-24-08.374315/effective.json
[2018-02-08 10:24:29,929 DEBUG root] Leveling down log file verbosity, use -v option to have DEBUG messages enabled
[2018-02-08 10:24:30,401 INFO Engine.cloud] Cloud test status: BOOT_STARTING
[2018-02-08 10:24:31,081 INFO Engine.console] Waiting for finish...
[2018-02-08 10:25:38,340 INFO Engine.cloud] Cloud test status: TAURUS_ENGINE_READY
[2018-02-08 10:26:23,802 WARNING Engine.cloud] Failed to get test status, will retry in 10.0 seconds...
[2018-02-08 10:26:34,255 INFO Engine.cloud] Succeeded with retry
[2018-02-08 10:26:49,810 INFO Engine.cloud] Cloud test status: DATA_RECEIVED
[2018-02-08 10:27:54,643 INFO Engine.cloud] Cloud test status: TAURUS_ENGINE_READY
[2018-02-08 10:28:58,509 INFO Engine.cloud] Cloud test status: FINALIZING
[2018-02-08 10:28:58,520 INFO Engine.cloud] Test was stopped in the cloud: FINALIZING
[2018-02-08 10:29:00,433 WARNING Engine] Please wait for graceful shutdown...
[2018-02-08 10:29:00,447 DEBUG root] Leveled up log file verbosity
[2018-02-08 10:29:00,447 INFO Engine] Shutting down...
[2018-02-08 10:29:00,485 DEBUG Engine.console] Restoring logging streams, [<logging.StreamHandler object at 0x105f5c0d0>]/{<logging.StreamHandler object at 0x105f5c0d0>: <open file '<stdout>', mode 'w' at 0x1057a3150>}
[2018-02-08 10:29:00,489 DEBUG Engine.Configuration] Dumping YAML config into /Users/daper01/Documents/OSLo/Selenium/2018-02-08_10-24-08.374315/effective.yml
[2018-02-08 10:29:00,566 DEBUG Engine.Configuration] Dumping JSON config into /Users/daper01/Documents/OSLo/Selenium/2018-02-08_10-24-08.374315/effective.json
[2018-02-08 10:29:00,568 INFO Engine] Post-processing...
[2018-02-08 10:29:00,569 DEBUG Engine.cloud] Request: GET https://a.blazemeter.com/api/v4/masters/17243736/full None
[2018-02-08 10:29:00,572 DEBUG urllib3.connectionpool] Starting new HTTPS connection (1): a.blazemeter.com
[2018-02-08 10:29:01,014 DEBUG urllib3.connectionpool] https://a.blazemeter.com:443 "GET /api/v4/masters/17243736/full HTTP/1.1" 200 None
[2018-02-08 10:29:01,033 DEBUG Engine.cloud] Response [200]: {
    "api_version": 4,
    "error": null,
    "result": {
        "id": 17243736,
        "name": "Taurus Cloud Test",
        "userId": 339612,
        "runnerUserId": 339612,
        "created": 1518114269,
        "updated": 1518114269,
        "executo
[2018-02-08 10:29:01,034 DEBUG Engine.cloud] Request: GET https://a.blazemeter.com/api/v4/masters/17243736/sessions None
[2018-02-08 10:29:01,036 DEBUG urllib3.connectionpool] Starting new HTTPS connection (1): a.blazemeter.com
[2018-02-08 10:29:01,511 DEBUG urllib3.connectionpool] https://a.blazemeter.com:443 "GET /api/v4/masters/17243736/sessions HTTP/1.1" 200 None
[2018-02-08 10:29:01,530 DEBUG Engine.cloud] Response [200]: {
    "api_version": 4,
    "error": null,
    "result": {
        "sessions": [
            {
                "id": "r-v4-5a7c95dd5617e",
                "name": "Taurus Cloud Test",
                "userId": 339612,
                "offset": 0,
         
[2018-02-08 10:29:01,531 DEBUG Engine.cloud] Request: GET https://a.blazemeter.com/api/v4/sessions/r-v4-5a7c95dd5617e/reports/logs None
[2018-02-08 10:29:01,544 DEBUG urllib3.connectionpool] Starting new HTTPS connection (1): a.blazemeter.com
[2018-02-08 10:29:02,090 DEBUG urllib3.connectionpool] https://a.blazemeter.com:443 "GET /api/v4/sessions/r-v4-5a7c95dd5617e/reports/logs HTTP/1.1" 200 1031
[2018-02-08 10:29:02,098 DEBUG Engine.cloud] Response [200]: {
    "api_version": 4,
    "error": null,
    "result": {
        "hash": "logs",
        "name": "Logs",
        "type": "Logs",
        "source": "",
        "id": "logs",
        "session_id": "r-v4-5a7c95dd5617e",
        "dataUrl": "https://a.blazeme
[2018-02-08 10:29:02,098 INFO Engine.cloud] Downloading bzt.log from the cloud
[2018-02-08 10:29:02,926 DEBUG Engine.cloud] Request: GET https://a.blazemeter.com/api/v4/sessions/r-v4-5a7c95dd58d15/reports/logs None
[2018-02-08 10:29:02,929 DEBUG urllib3.connectionpool] Starting new HTTPS connection (1): a.blazemeter.com
[2018-02-08 10:29:03,515 DEBUG urllib3.connectionpool] https://a.blazemeter.com:443 "GET /api/v4/sessions/r-v4-5a7c95dd58d15/reports/logs HTTP/1.1" 200 3057
[2018-02-08 10:29:03,521 DEBUG Engine.cloud] Response [200]: {
    "api_version": 4,
    "error": null,
    "result": {
        "hash": "logs",
        "name": "Logs",
        "type": "Logs",
        "source": "",
        "id": "logs",
        "session_id": "r-v4-5a7c95dd58d15",
        "dataUrl": "https://a.blazeme
[2018-02-08 10:29:03,521 INFO Engine.cloud] Downloading admin-artifacts.zip from the cloud
[2018-02-08 10:29:03,949 INFO Engine.cloud] Downloading artifacts.zip from the cloud
[2018-02-08 10:29:04,659 DEBUG Engine.cloud] Extracting selenium-140150024147600.har.scr.js to /Users/daper01/Documents/OSLo/Selenium/2018-02-08_10-24-08.374315/cloud-artifacts
[2018-02-08 10:29:04,661 DEBUG Engine.cloud] Extracting selenium-140150024147600.har.js to /Users/daper01/Documents/OSLo/Selenium/2018-02-08_10-24-08.374315/cloud-artifacts
[2018-02-08 10:29:04,665 DEBUG Engine.cloud] Extracting selenium-140150024147600.har.html to /Users/daper01/Documents/OSLo/Selenium/2018-02-08_10-24-08.374315/cloud-artifacts
[2018-02-08 10:29:04,666 DEBUG Engine.cloud] Extracting selenium-140150024147600.har to /Users/daper01/Documents/OSLo/Selenium/2018-02-08_10-24-08.374315/cloud-artifacts
[2018-02-08 10:29:04,670 INFO Engine.cloud] Downloading bzt.log from the cloud
[2018-02-08 10:29:05,333 DEBUG Engine.cloud] Request: GET https://a.blazemeter.com/api/v4/sessions/r-v4-5a7c95dd5b0f1/reports/logs None
[2018-02-08 10:29:05,337 DEBUG urllib3.connectionpool] Starting new HTTPS connection (1): a.blazemeter.com
[2018-02-08 10:29:05,975 DEBUG urllib3.connectionpool] https://a.blazemeter.com:443 "GET /api/v4/sessions/r-v4-5a7c95dd5b0f1/reports/logs HTTP/1.1" 200 3057
[2018-02-08 10:29:05,981 DEBUG Engine.cloud] Response [200]: {
    "api_version": 4,
    "error": null,
    "result": {
        "hash": "logs",
        "name": "Logs",
        "type": "Logs",
        "source": "",
        "id": "logs",
        "session_id": "r-v4-5a7c95dd5b0f1",
        "dataUrl": "https://a.blazeme
[2018-02-08 10:29:05,981 INFO Engine.cloud] Downloading admin-artifacts.zip from the cloud
[2018-02-08 10:29:06,635 INFO Engine.cloud] Downloading artifacts.zip from the cloud
[2018-02-08 10:29:07,212 DEBUG Engine.cloud] Extracting selenium-139622512624272.har to /Users/daper01/Documents/OSLo/Selenium/2018-02-08_10-24-08.374315/cloud-artifacts
[2018-02-08 10:29:07,215 DEBUG Engine.cloud] Extracting selenium-139622512624272.har.html to /Users/daper01/Documents/OSLo/Selenium/2018-02-08_10-24-08.374315/cloud-artifacts
[2018-02-08 10:29:07,219 DEBUG Engine.cloud] Extracting selenium-139622512624272.har.scr.js to /Users/daper01/Documents/OSLo/Selenium/2018-02-08_10-24-08.374315/cloud-artifacts
[2018-02-08 10:29:07,221 DEBUG Engine.cloud] Extracting selenium-139622512624272.har.js to /Users/daper01/Documents/OSLo/Selenium/2018-02-08_10-24-08.374315/cloud-artifacts
[2018-02-08 10:29:07,225 INFO Engine.cloud] Downloading bzt.log from the cloud
[2018-02-08 10:29:07,880 DEBUG Engine.cloud] Request: GET https://a.blazemeter.com/api/v4/data/labels?master_id=17243736 None
[2018-02-08 10:29:07,921 DEBUG urllib3.connectionpool] Starting new HTTPS connection (1): a.blazemeter.com
[2018-02-08 10:29:08,350 DEBUG urllib3.connectionpool] https://a.blazemeter.com:443 "GET /api/v4/data/labels?master_id=17243736 HTTP/1.1" 200 557
[2018-02-08 10:29:08,359 DEBUG Engine.cloud] Response [200]: {
    "api_version": 4,
    "error": null,
    "result": [
        {
            "id": "ALL",
            "name": "ALL",
            "sessions": [
                "r-v4-5a7c95dd5617e",
                "r-v4-5a7c95dd58d15",
                "r-v4-5a7c95dd5b0
[2018-02-08 10:29:08,359 DEBUG Engine.cloud] Request: GET https://a.blazemeter.com/api/v4/data/kpis?interval=1&from=1518114521&master_ids%5B%5D=17243736&kpis%5B%5D=t&kpis%5B%5D=lt&kpis%5B%5D=by&kpis%5B%5D=n&kpis%5B%5D=ec&kpis%5B%5D=ts&kpis%5B%5D=na&labels%5B%5D=ALL&labels%5B%5D=4907cc73623a60cad2a4aafebc534912 None
[2018-02-08 10:29:08,366 DEBUG urllib3.connectionpool] Starting new HTTPS connection (1): a.blazemeter.com
[2018-02-08 10:29:08,859 DEBUG urllib3.connectionpool] https://a.blazemeter.com:443 "GET /api/v4/data/kpis?interval=1&from=1518114521&master_ids%5B%5D=17243736&kpis%5B%5D=t&kpis%5B%5D=lt&kpis%5B%5D=by&kpis%5B%5D=n&kpis%5B%5D=ec&kpis%5B%5D=ts&kpis%5B%5D=na&labels%5B%5D=ALL&labels%5B%5D=4907cc73623a60cad2a4aafebc534912 HTTP/1.1" 200 1100
[2018-02-08 10:29:08,866 DEBUG Engine.cloud] Response [200]: {
    "api_version": 4,
    "error": null,
    "result": [
        {
            "labelId": "4907cc73623a60cad2a4aafebc534912",
            "labelName": "test_BlazeDemo",
            "label": "test_BlazeDemo",
            "kpis": [
                {
      
[2018-02-08 10:29:08,866 DEBUG Engine.cloud] Request: GET https://a.blazemeter.com/api/v4/masters/17243736/reports/aggregatereport/data None
[2018-02-08 10:29:08,870 DEBUG urllib3.connectionpool] Starting new HTTPS connection (1): a.blazemeter.com
[2018-02-08 10:29:09,344 DEBUG urllib3.connectionpool] https://a.blazemeter.com:443 "GET /api/v4/masters/17243736/reports/aggregatereport/data HTTP/1.1" 200 1457
[2018-02-08 10:29:09,348 DEBUG Engine.cloud] Response [200]: {
    "api_version": 4,
    "error": null,
    "result": [
        {
            "labelId": "ALL",
            "labelName": "ALL",
            "samples": 33,
            "avgResponseTime": 7366.45,
            "90line": 7208.94,
            "95line": 7688.
[2018-02-08 10:29:09,348 DEBUG Engine.cloud] Request: GET https://a.blazemeter.com/api/v4/masters/17243736/reports/errorsreport/data?noDataError=false None
[2018-02-08 10:29:09,351 DEBUG urllib3.connectionpool] Starting new HTTPS connection (1): a.blazemeter.com
[2018-02-08 10:29:09,870 DEBUG urllib3.connectionpool] https://a.blazemeter.com:443 "GET /api/v4/masters/17243736/reports/errorsreport/data?noDataError=false HTTP/1.1" 200 61
[2018-02-08 10:29:09,873 DEBUG Engine.cloud] Response [200]: {
    "api_version": 4,
    "error": null,
    "result": []
}
[2018-02-08 10:29:09,874 DEBUG Engine.consolidator] Consolidator buffer[2]: [1518114520, 1518114526]
[2018-02-08 10:29:09,874 DEBUG Engine.consolidator] Merging into 1518114520
[2018-02-08 10:29:09,874 DEBUG Engine.consolidator] Merging 1518114520
[2018-02-08 10:29:09,878 DEBUG Engine.consolidator] Processed datapoint: 1518114520/None
[2018-02-08 10:29:09,878 DEBUG Engine.consolidator] Merging into 1518114526
[2018-02-08 10:29:09,878 DEBUG Engine.consolidator] Merging 1518114526
[2018-02-08 10:29:09,884 DEBUG Engine.consolidator] Processed datapoint: 1518114526/None
[2018-02-08 10:29:09,884 INFO Engine.final-stats] Test duration: 0:04:32
[2018-02-08 10:29:09,885 INFO Engine.final-stats] Samples count: 38, 0.00% failures
[2018-02-08 10:29:09,885 INFO Engine.final-stats] Average times: total 6.886, latency 0.000, connect 0.000
[2018-02-08 10:29:09,885 INFO Engine.final-stats] Percentile 90.0%: 14.231
[2018-02-08 10:29:09,885 INFO Engine.final-stats] Percentile 95.0%: 14.231
[2018-02-08 10:29:09,885 INFO Engine.final-stats] Percentile 99.0%: 14.231
[2018-02-08 10:29:09,886 DEBUG Engine.console] No logger_handler or orig_stream was detected
[2018-02-08 10:29:09,890 DEBUG Engine.Configuration] Dumping YAML config into /Users/daper01/Documents/OSLo/Selenium/2018-02-08_10-24-08.374315/effective.yml
[2018-02-08 10:29:09,999 DEBUG Engine.Configuration] Dumping JSON config into /Users/daper01/Documents/OSLo/Selenium/2018-02-08_10-24-08.374315/effective.json
[2018-02-08 10:29:10,001 INFO root] Artifacts dir: /Users/daper01/Documents/OSLo/Selenium/2018-02-08_10-24-08.374315
[2018-02-08 10:29:10,001 INFO root] Done performing with code: 0
[2018-02-08 10:29:10,001 DEBUG root] Closing log handler: /Users/daper01/Documents/OSLo/Selenium/2018-02-08_10-24-08.374315/bzt.log
