[2017-10-17 12:24:57,430 INFO root] Taurus CLI Tool v1.9.6
[2017-10-17 12:24:57,431 DEBUG root] Command-line options: {'verbose': None, 'no_system_configs': None, 'quiet': None, 'log': '/var/folders/vq/xzrdy2lx047cst78f69v8z3xfzqz1q/T/bzt_npxhin.log', 'option': None, 'aliases': ['locations']}
[2017-10-17 12:24:57,431 DEBUG root] Python: CPython 2.7.13
[2017-10-17 12:24:57,431 DEBUG root] OS: ('Darwin', 'daper01mac1124', '16.7.0', 'Darwin Kernel Version 16.7.0: Thu Jun 15 17:36:27 PDT 2017; root:xnu-3789.70.16~2/RELEASE_X86_64', 'x86_64', 'i386')
[2017-10-17 12:24:57,431 INFO root] Starting with configs: []
[2017-10-17 12:24:57,432 DEBUG root] Using personal config: /Users/daper01/.bzt-rc
[2017-10-17 12:24:57,432 INFO Engine] Configuring...
[2017-10-17 12:24:57,433 DEBUG Engine] Reading extension configs from: /usr/local/etc/bzt.d
[2017-10-17 12:24:57,434 DEBUG Engine.Configuration] Configs: ['/usr/local/lib/python2.7/site-packages/bzt/resources/base-config.yml', '/usr/local/etc/bzt.d/99-installID.yml']
[2017-10-17 12:24:57,485 DEBUG Engine.Configuration] Reading /usr/local/lib/python2.7/site-packages/bzt/resources/base-config.yml as YAML
[2017-10-17 12:24:57,553 DEBUG Engine.Configuration] Reading /usr/local/etc/bzt.d/99-installID.yml as YAML
[2017-10-17 12:24:57,554 DEBUG Engine.Configuration] Configs: ['/Users/daper01/.bzt-rc']
[2017-10-17 12:24:57,556 DEBUG Engine.Configuration] Reading /Users/daper01/.bzt-rc as YAML
[2017-10-17 12:24:57,556 DEBUG Engine.Configuration] Configs: ['/Users/daper01/.bzt-rc']
[2017-10-17 12:24:57,556 DEBUG Engine.Configuration] Reading /Users/daper01/.bzt-rc as YAML
[2017-10-17 12:24:57,567 DEBUG Engine] Requesting updates info: http://gettaurus.org/updates/?version=1.9.6&installID=784f43782a15
[2017-10-17 12:24:57,572 INFO Engine] Artifacts dir: /Users/daper01/Documents/OSLo/Gatling/2017-10-17_12-24-57.567805
[2017-10-17 12:24:57,572 DEBUG Engine] New artifact filename: /Users/daper01/Documents/OSLo/Gatling/2017-10-17_12-24-57.567805/effective
[2017-10-17 12:24:57,574 DEBUG Engine.Configuration] Dumping YAML config into /Users/daper01/Documents/OSLo/Gatling/2017-10-17_12-24-57.567805/effective.yml
[2017-10-17 12:24:57,641 DEBUG Engine.Configuration] Dumping JSON config into /Users/daper01/Documents/OSLo/Gatling/2017-10-17_12-24-57.567805/effective.json
[2017-10-17 12:24:57,684 DEBUG Engine] New artifact filename: /Users/daper01/Documents/OSLo/Gatling/2017-10-17_12-24-57.567805/merged.yml
[2017-10-17 12:24:57,685 DEBUG Engine.Configuration] Dumping YAML config into /Users/daper01/Documents/OSLo/Gatling/2017-10-17_12-24-57.567805/merged.yml
[2017-10-17 12:24:57,728 DEBUG Engine] New artifact filename: /Users/daper01/Documents/OSLo/Gatling/2017-10-17_12-24-57.567805/merged.json
[2017-10-17 12:24:57,729 DEBUG Engine.Configuration] Dumping JSON config into /Users/daper01/Documents/OSLo/Gatling/2017-10-17_12-24-57.567805/merged.json
[2017-10-17 12:24:57,771 DEBUG root] Closing log handler: /var/folders/vq/xzrdy2lx047cst78f69v8z3xfzqz1q/T/bzt_npxhin.log
[2017-10-17 12:24:57,860 DEBUG root] Switched writing logs to /Users/daper01/Documents/OSLo/Gatling/2017-10-17_12-24-57.567805/bzt.log
[2017-10-17 12:24:57,860 INFO Engine] Preparing...
[2017-10-17 12:24:57,860 DEBUG Engine] Module config: consolidator defaultdict(None, {'class': 'bzt.modules.aggregator.ConsolidatingAggregator'})
[2017-10-17 12:24:57,860 DEBUG root] Importing module: bzt.modules.aggregator
[2017-10-17 12:24:58,141 DEBUG root] Loading class: 'ConsolidatingAggregator' from <module 'bzt.modules.aggregator' from '/usr/local/lib/python2.7/site-packages/bzt/modules/aggregator.pyc'>
[2017-10-17 12:24:58,142 DEBUG Engine.consolidator] Exception in dehumanize_time(inf)
[2017-10-17 12:24:58,142 DEBUG Engine.consolidator] Buffer scaling setup: percentile 95.0 from [0.0, 50.0, 90.0, 95.0, 99.0, 99.9, 100.0] selected
[2017-10-17 12:24:58,142 DEBUG Engine] Module config: monitoring defaultdict(None, {'class': 'bzt.modules.monitoring.Monitoring'})
[2017-10-17 12:24:58,142 DEBUG root] Importing module: bzt.modules.monitoring
[2017-10-17 12:24:59,353 DEBUG root] Loading class: 'Monitoring' from <module 'bzt.modules.monitoring' from '/usr/local/lib/python2.7/site-packages/bzt/modules/monitoring.pyc'>
[2017-10-17 12:24:59,353 DEBUG Engine] Taurus updates info: {"latest":"1.9.6","needsUpgrade":false}
[2017-10-17 12:24:59,353 DEBUG Engine.monitoring] Should not run because of non-matching prov: cloud != local
[2017-10-17 12:24:59,353 DEBUG Engine] Installation is up-to-date
[2017-10-17 12:24:59,353 DEBUG Engine] Module config: cloud defaultdict(None, {'class': 'bzt.modules.blazemeter.CloudProvisioning', 'default-location': 'us-central1-a', 'dump-locations': True})
[2017-10-17 12:24:59,354 DEBUG root] Importing module: bzt.modules.blazemeter
[2017-10-17 12:25:08,932 DEBUG easyprocess] version=0.2.3
[2017-10-17 12:25:09,375 DEBUG pyvirtualdisplay] version=0.2.1
[2017-10-17 12:25:09,465 DEBUG root] Loading class: 'CloudProvisioning' from <module 'bzt.modules.blazemeter' from '/usr/local/lib/python2.7/site-packages/bzt/modules/blazemeter.pyc'>
[2017-10-17 12:25:09,466 DEBUG Engine] Module config: blazemeter defaultdict(None, {'token': '********', 'class': 'bzt.modules.blazemeter.BlazeMeterUploader'})
[2017-10-17 12:25:09,466 DEBUG root] Importing module: bzt.modules.blazemeter
[2017-10-17 12:25:09,466 DEBUG root] Loading class: 'BlazeMeterUploader' from <module 'bzt.modules.blazemeter' from '/usr/local/lib/python2.7/site-packages/bzt/modules/blazemeter.pyc'>
[2017-10-17 12:25:09,466 DEBUG Engine.cloud] Request: GET https://a.blazemeter.com/api/v4/accounts None
[2017-10-17 12:25:09,583 DEBUG urllib3.connectionpool] Starting new HTTPS connection (1): a.blazemeter.com
[2017-10-17 12:25:10,403 DEBUG urllib3.connectionpool] https://a.blazemeter.com:443 "GET /api/v4/accounts HTTP/1.1" 200 2726
[2017-10-17 12:25:10,411 DEBUG Engine.cloud] Response [200]: {
    "limit": 10,
    "skip": 0,
    "total": 3,
    "hidden": 0,
    "api_version": 4,
    "error": null,
    "result": [
        {
            "id": 153221,
            "name": "BlazeMeter Demo",
            "thumbnailUrl": "https://www.blazemeter.com/s
[2017-10-17 12:25:10,411 DEBUG Engine.cloud] Request: GET https://a.blazemeter.com/api/v4/workspaces?accountId=153221&enabled=true&limit=100 None
[2017-10-17 12:25:10,413 DEBUG urllib3.connectionpool] Starting new HTTPS connection (1): a.blazemeter.com
[2017-10-17 12:25:10,658 DEBUG urllib3.connectionpool] https://a.blazemeter.com:443 "GET /api/v4/workspaces?accountId=153221&enabled=true&limit=100 HTTP/1.1" 200 814
[2017-10-17 12:25:10,663 DEBUG Engine.cloud] Response [200]: {
    "limit": 100,
    "skip": 0,
    "total": 1,
    "hidden": 0,
    "api_version": 4,
    "error": null,
    "result": [
        {
            "id": 146738,
            "name": "Demo workspace",
            "userId": 368191,
            "created": 1498
[2017-10-17 12:25:10,664 DEBUG Engine.cloud] Request: GET https://a.blazemeter.com/api/v4/workspaces?accountId=125626&enabled=true&limit=100 None
[2017-10-17 12:25:10,666 DEBUG urllib3.connectionpool] Starting new HTTPS connection (1): a.blazemeter.com
[2017-10-17 12:25:10,937 DEBUG urllib3.connectionpool] https://a.blazemeter.com:443 "GET /api/v4/workspaces?accountId=125626&enabled=true&limit=100 HTTP/1.1" 200 4881
[2017-10-17 12:25:10,943 DEBUG Engine.cloud] Response [200]: {
    "limit": 100,
    "skip": 0,
    "total": 7,
    "hidden": 0,
    "api_version": 4,
    "error": null,
    "result": [
        {
            "id": 119008,
            "name": "Default workspace",
            "userId": 339612,
            "created": 1
[2017-10-17 12:25:10,944 DEBUG Engine.cloud] Request: GET https://a.blazemeter.com/api/v4/workspaces?accountId=21166&enabled=true&limit=100 None
[2017-10-17 12:25:10,946 DEBUG urllib3.connectionpool] Starting new HTTPS connection (1): a.blazemeter.com
[2017-10-17 12:25:11,205 DEBUG urllib3.connectionpool] https://a.blazemeter.com:443 "GET /api/v4/workspaces?accountId=21166&enabled=true&limit=100 HTTP/1.1" 200 1480
[2017-10-17 12:25:11,210 DEBUG Engine.cloud] Response [200]: {
    "limit": 100,
    "skip": 0,
    "total": 2,
    "hidden": 0,
    "api_version": 4,
    "error": null,
    "result": [
        {
            "id": 7199,
            "name": "CA SE Workspace",
            "userId": 307773,
            "created": 14775
[2017-10-17 12:25:11,211 WARNING Engine.cloud] Dumping available locations instead of running the test
[2017-10-17 12:25:11,211 DEBUG Engine.cloud] Request: GET https://a.blazemeter.com/api/v4/workspaces/146738 None
[2017-10-17 12:25:11,213 DEBUG urllib3.connectionpool] Starting new HTTPS connection (1): a.blazemeter.com
[2017-10-17 12:25:11,581 DEBUG urllib3.connectionpool] https://a.blazemeter.com:443 "GET /api/v4/workspaces/146738 HTTP/1.1" 200 None
[2017-10-17 12:25:11,601 DEBUG Engine.cloud] Response [200]: {
    "api_version": 4,
    "error": null,
    "result": {
        "id": 146738,
        "name": "Demo workspace",
        "userId": 368191,
        "created": 1498856673,
        "updated": 1507833190,
        "enabled": true,
        "dedicatedIpsEnabled
[2017-10-17 12:25:11,607 DEBUG Engine.cloud] Request: GET https://a.blazemeter.com/api/v4/workspaces/119008 None
[2017-10-17 12:25:11,609 DEBUG urllib3.connectionpool] Starting new HTTPS connection (1): a.blazemeter.com
[2017-10-17 12:25:11,978 DEBUG urllib3.connectionpool] https://a.blazemeter.com:443 "GET /api/v4/workspaces/119008 HTTP/1.1" 200 None
[2017-10-17 12:25:12,037 DEBUG Engine.cloud] Response [200]: {
    "api_version": 4,
    "error": null,
    "result": {
        "id": 119008,
        "name": "Default workspace",
        "userId": 339612,
        "created": 1486702692,
        "updated": 1486702692,
        "enabled": true,
        "dedicatedIpsEnab
[2017-10-17 12:25:12,043 DEBUG Engine.cloud] Request: GET https://a.blazemeter.com/api/v4/workspaces/127980 None
[2017-10-17 12:25:12,045 DEBUG urllib3.connectionpool] Starting new HTTPS connection (1): a.blazemeter.com
[2017-10-17 12:25:12,340 DEBUG urllib3.connectionpool] https://a.blazemeter.com:443 "GET /api/v4/workspaces/127980 HTTP/1.1" 200 None
[2017-10-17 12:25:12,673 DEBUG Engine.cloud] Response [200]: {
    "api_version": 4,
    "error": null,
    "result": {
        "id": 127980,
        "name": "Demo Workspace",
        "userId": 339612,
        "created": 1491255975,
        "updated": 1491255975,
        "enabled": true,
        "dedicatedIpsEnabled
[2017-10-17 12:25:12,678 DEBUG Engine.cloud] Request: GET https://a.blazemeter.com/api/v4/workspaces/127984 None
[2017-10-17 12:25:12,680 DEBUG urllib3.connectionpool] Starting new HTTPS connection (1): a.blazemeter.com
[2017-10-17 12:25:13,040 DEBUG urllib3.connectionpool] https://a.blazemeter.com:443 "GET /api/v4/workspaces/127984 HTTP/1.1" 200 None
[2017-10-17 12:25:13,380 DEBUG Engine.cloud] Response [200]: {
    "api_version": 4,
    "error": null,
    "result": {
        "id": 127984,
        "name": "Demo Workspace 2",
        "userId": 339612,
        "created": 1491261975,
        "updated": 1491261975,
        "enabled": true,
        "dedicatedIpsEnabl
[2017-10-17 12:25:13,386 DEBUG Engine.cloud] Request: GET https://a.blazemeter.com/api/v4/workspaces/132723 None
[2017-10-17 12:25:13,388 DEBUG urllib3.connectionpool] Starting new HTTPS connection (1): a.blazemeter.com
[2017-10-17 12:25:13,732 DEBUG urllib3.connectionpool] https://a.blazemeter.com:443 "GET /api/v4/workspaces/132723 HTTP/1.1" 200 None
[2017-10-17 12:25:13,803 DEBUG Engine.cloud] Response [200]: {
    "api_version": 4,
    "error": null,
    "result": {
        "id": 132723,
        "name": "Functional",
        "userId": 339612,
        "created": 1493312851,
        "updated": 1499734757,
        "enabled": true,
        "dedicatedIpsEnabled": t
[2017-10-17 12:25:13,807 DEBUG Engine.cloud] Request: GET https://a.blazemeter.com/api/v4/workspaces/153836 None
[2017-10-17 12:25:13,809 DEBUG urllib3.connectionpool] Starting new HTTPS connection (1): a.blazemeter.com
[2017-10-17 12:25:14,156 DEBUG urllib3.connectionpool] https://a.blazemeter.com:443 "GET /api/v4/workspaces/153836 HTTP/1.1" 200 None
[2017-10-17 12:25:14,985 DEBUG Engine.cloud] Response [200]: {
    "api_version": 4,
    "error": null,
    "result": {
        "id": 153836,
        "name": "blazedemo",
        "userId": 339612,
        "created": 1501870483,
        "updated": 1501870483,
        "enabled": true,
        "dedicatedIpsEnabled": tr
[2017-10-17 12:25:14,990 DEBUG Engine.cloud] Request: GET https://a.blazemeter.com/api/v4/workspaces/163251 None
[2017-10-17 12:25:14,992 DEBUG urllib3.connectionpool] Starting new HTTPS connection (1): a.blazemeter.com
[2017-10-17 12:25:15,377 DEBUG urllib3.connectionpool] https://a.blazemeter.com:443 "GET /api/v4/workspaces/163251 HTTP/1.1" 200 None
[2017-10-17 12:25:15,553 DEBUG Engine.cloud] Response [200]: {
    "api_version": 4,
    "error": null,
    "result": {
        "id": 163251,
        "name": "new opls",
        "userId": 339612,
        "created": 1505929373,
        "updated": 1505929373,
        "enabled": true,
        "dedicatedIpsEnabled": tru
[2017-10-17 12:25:15,558 DEBUG Engine.cloud] Request: GET https://a.blazemeter.com/api/v4/workspaces/135886 None
[2017-10-17 12:25:15,560 DEBUG urllib3.connectionpool] Starting new HTTPS connection (1): a.blazemeter.com
[2017-10-17 12:25:16,209 DEBUG urllib3.connectionpool] https://a.blazemeter.com:443 "GET /api/v4/workspaces/135886 HTTP/1.1" 200 None
[2017-10-17 12:25:16,255 DEBUG Engine.cloud] Response [200]: {
    "api_version": 4,
    "error": null,
    "result": {
        "id": 135886,
        "name": "scratch",
        "userId": 339612,
        "created": 1494801554,
        "updated": 1494801554,
        "enabled": true,
        "dedicatedIpsEnabled": true
[2017-10-17 12:25:16,260 DEBUG Engine.cloud] Request: GET https://a.blazemeter.com/api/v4/workspaces/7199 None
[2017-10-17 12:25:16,262 DEBUG urllib3.connectionpool] Starting new HTTPS connection (1): a.blazemeter.com
[2017-10-17 12:25:16,566 DEBUG urllib3.connectionpool] https://a.blazemeter.com:443 "GET /api/v4/workspaces/7199 HTTP/1.1" 200 None
[2017-10-17 12:25:16,704 DEBUG Engine.cloud] Response [200]: {
    "api_version": 4,
    "error": null,
    "result": {
        "id": 7199,
        "name": "CA SE Workspace",
        "userId": 307773,
        "created": 1477580960,
        "updated": 1507211353,
        "enabled": true,
        "dedicatedIpsEnabled"
[2017-10-17 12:25:16,711 DEBUG Engine.cloud] Request: GET https://a.blazemeter.com/api/v4/workspaces/133217 None
[2017-10-17 12:25:16,713 DEBUG urllib3.connectionpool] Starting new HTTPS connection (1): a.blazemeter.com
[2017-10-17 12:25:17,011 DEBUG urllib3.connectionpool] https://a.blazemeter.com:443 "GET /api/v4/workspaces/133217 HTTP/1.1" 200 None
[2017-10-17 12:25:17,343 DEBUG Engine.cloud] Response [200]: {
    "api_version": 4,
    "error": null,
    "result": {
        "id": 133217,
        "name": "SE DEMOs",
        "userId": 307773,
        "created": 1493664013,
        "updated": 1508256640,
        "enabled": true,
        "dedicatedIpsEnabled": tru
[2017-10-17 12:25:17,349 INFO Engine.cloud] Location: ap-northeast-1	Japan (Tokyo)
[2017-10-17 12:25:17,349 INFO Engine.cloud] Location: ap-northeast-2	Asia Pacific (Seoul)
[2017-10-17 12:25:17,349 INFO Engine.cloud] Location: ap-south-1	Asia Pacific (Mumbai)
[2017-10-17 12:25:17,349 INFO Engine.cloud] Location: ap-southeast-1	Asia Pacific (Singapore)
[2017-10-17 12:25:17,350 INFO Engine.cloud] Location: ap-southeast-2	Australia (Sydney)
[2017-10-17 12:25:17,350 INFO Engine.cloud] Location: asia-east1-a	Asia East (Taiwan, Google)
[2017-10-17 12:25:17,350 INFO Engine.cloud] Location: asia-northeast1-a	Asia Northeast (Japan, Google)
[2017-10-17 12:25:17,350 INFO Engine.cloud] Location: asia-southeast1-a	Asia Southeast (Singapore, Google)
[2017-10-17 12:25:17,350 INFO Engine.cloud] Location: australia-southeast1-a	Australia (Sydney, Google)
[2017-10-17 12:25:17,350 INFO Engine.cloud] Location: azure-brazil-south-1	Azure Brazil South (Sao Paulo)
[2017-10-17 12:25:17,351 INFO Engine.cloud] Location: azure-central-us-1	Azure US Central (Iowa)
[2017-10-17 12:25:17,351 INFO Engine.cloud] Location: azure-east-asia-1	Azure East Asia (Hong Kong)
[2017-10-17 12:25:17,351 INFO Engine.cloud] Location: azure-east-us-1	Azure US East (Virginia)
[2017-10-17 12:25:17,351 INFO Engine.cloud] Location: azure-east-us-2	Azure East US 2 (Virginia)
[2017-10-17 12:25:17,351 INFO Engine.cloud] Location: azure-japan-east-1	Azure Japan East (Tokyo, Saitama)
[2017-10-17 12:25:17,351 INFO Engine.cloud] Location: azure-japan-west-1	Azure Japan West (Osaka)
[2017-10-17 12:25:17,352 INFO Engine.cloud] Location: azure-north-central-us-1	Azure US North Central (Illinois)
[2017-10-17 12:25:17,352 INFO Engine.cloud] Location: azure-north-europe-1	Azure EU North (Ireland)
[2017-10-17 12:25:17,352 INFO Engine.cloud] Location: azure-south-central-us-1	Azure US South Central (Texas)
[2017-10-17 12:25:17,352 INFO Engine.cloud] Location: azure-southeast-asia-1	Azure Southeast Asia (Singapore)
[2017-10-17 12:25:17,352 INFO Engine.cloud] Location: azure-west-europe-1	Azure EU West (Netherlands)
[2017-10-17 12:25:17,353 INFO Engine.cloud] Location: azure-west-us-1	Azure US West (California)
[2017-10-17 12:25:17,353 INFO Engine.cloud] Location: ca-central-1	Canada (Central)
[2017-10-17 12:25:17,353 INFO Engine.cloud] Location: eu-central-1	EU Central (Frankfurt)
[2017-10-17 12:25:17,353 INFO Engine.cloud] Location: eu-west-1	EU West (Ireland)
[2017-10-17 12:25:17,353 INFO Engine.cloud] Location: eu-west-2	EU West (London)
[2017-10-17 12:25:17,354 INFO Engine.cloud] Location: europe-west1-b	EU West (Belgium, Google)
[2017-10-17 12:25:17,354 INFO Engine.cloud] Location: europe-west2-a	EU West (London, Google)
[2017-10-17 12:25:17,354 INFO Engine.cloud] Location: europe-west3-a	EU West (Frankfurt, Google)
[2017-10-17 12:25:17,354 INFO Engine.cloud] Location: sa-east-1	South America (Sao Paulo)
[2017-10-17 12:25:17,354 INFO Engine.cloud] Location: us-central1-a	US Central (Iowa, Google)
[2017-10-17 12:25:17,355 INFO Engine.cloud] Location: us-east-1	US East (Virginia)
[2017-10-17 12:25:17,355 INFO Engine.cloud] Location: us-east-2	US East (Ohio)
[2017-10-17 12:25:17,355 INFO Engine.cloud] Location: us-east1-b	US East (South Carolina, Google)
[2017-10-17 12:25:17,355 INFO Engine.cloud] Location: us-east4-a	US East (Virginia, Google)
[2017-10-17 12:25:17,355 INFO Engine.cloud] Location: us-west-1	US West (N.California)
[2017-10-17 12:25:17,355 INFO Engine.cloud] Location: us-west-2	US West (Oregon)
[2017-10-17 12:25:17,356 INFO Engine.cloud] Location: us-west1-a	US West (Oregon, Google)
[2017-10-17 12:25:17,356 DEBUG root] Shutting down by request from code
[2017-10-17 12:25:17,357 DEBUG root] NormalShutdown: Done listing locations
Traceback (most recent call last):
  File "/usr/local/lib/python2.7/site-packages/bzt/cli.py", line 220, in perform
    self.engine.prepare()
  File "/usr/local/lib/python2.7/site-packages/bzt/engine.py", line 158, in prepare
    self.__prepare_provisioning()
  File "/usr/local/lib/python2.7/site-packages/bzt/engine.py", line 490, in __prepare_provisioning
    self.provisioning.prepare()
  File "/usr/local/lib/python2.7/site-packages/bzt/modules/blazemeter.py", line 1436, in prepare
    self.__dump_locations_if_needed()
  File "/usr/local/lib/python2.7/site-packages/bzt/modules/blazemeter.py", line 1484, in __dump_locations_if_needed
    raise NormalShutdown("Done listing locations")
NormalShutdown: Done listing locations
[2017-10-17 12:25:17,357 INFO Engine] Post-processing...
[2017-10-17 12:25:17,357 DEBUG Engine.consolidator] Consolidator buffer[0]: []
[2017-10-17 12:25:17,359 DEBUG Engine.Configuration] Dumping YAML config into /Users/daper01/Documents/OSLo/Gatling/2017-10-17_12-24-57.567805/effective.yml
[2017-10-17 12:25:17,439 DEBUG Engine.Configuration] Dumping JSON config into /Users/daper01/Documents/OSLo/Gatling/2017-10-17_12-24-57.567805/effective.json
[2017-10-17 12:25:17,488 INFO root] Artifacts dir: /Users/daper01/Documents/OSLo/Gatling/2017-10-17_12-24-57.567805
[2017-10-17 12:25:17,489 INFO root] Done performing with code: 0
[2017-10-17 12:25:17,489 DEBUG root] Closing log handler: /Users/daper01/Documents/OSLo/Gatling/2017-10-17_12-24-57.567805/bzt.log
