[2018-02-08 10:05:53,642 INFO root] Taurus CLI Tool v1.10.3
[2018-02-08 10:05:53,642 DEBUG root] Command-line options: {'verbose': None, 'no_system_configs': None, 'quiet': None, 'log': '/var/folders/vq/xzrdy2lx047cst78f69v8z3xfzqz1q/T/bzt_o92RjC.log', 'option': None, 'aliases': []}
[2018-02-08 10:05:53,643 DEBUG root] Python: CPython 2.7.13
[2018-02-08 10:05:53,643 DEBUG root] OS: ('Darwin', 'daper01mac1124', '17.2.0', 'Darwin Kernel Version 17.2.0: Fri Sep 29 18:27:05 PDT 2017; root:xnu-4570.20.62~3/RELEASE_X86_64', 'x86_64', 'i386')
[2018-02-08 10:05:53,643 INFO root] Starting with configs: ['python_Selenium.yml']
[2018-02-08 10:05:53,643 DEBUG root] Using personal config: /Users/daper01/.bzt-rc
[2018-02-08 10:05:53,643 INFO Engine] Configuring...
[2018-02-08 10:05:53,644 DEBUG Engine] Reading extension configs from: /usr/local/etc/bzt.d
[2018-02-08 10:05:53,644 DEBUG Engine.Configuration] Configs: ['/usr/local/lib/python2.7/site-packages/bzt/resources/base-config.yml', '/usr/local/etc/bzt.d/99-installID.yml']
[2018-02-08 10:05:53,644 DEBUG Engine.Configuration] Reading /usr/local/lib/python2.7/site-packages/bzt/resources/base-config.yml as YAML
[2018-02-08 10:05:53,677 DEBUG Engine.Configuration] Reading /usr/local/etc/bzt.d/99-installID.yml as YAML
[2018-02-08 10:05:53,677 DEBUG Engine.Configuration] Configs: ['/Users/daper01/.bzt-rc', 'python_Selenium.yml']
[2018-02-08 10:05:53,678 DEBUG Engine.Configuration] Reading /Users/daper01/.bzt-rc as YAML
[2018-02-08 10:05:53,680 DEBUG Engine.Configuration] Reading python_Selenium.yml as YAML
[2018-02-08 10:05:53,682 DEBUG Engine.Configuration] Configs: ['/Users/daper01/.bzt-rc', 'python_Selenium.yml']
[2018-02-08 10:05:53,683 DEBUG Engine.Configuration] Reading /Users/daper01/.bzt-rc as YAML
[2018-02-08 10:05:53,685 DEBUG Engine.Configuration] Reading python_Selenium.yml as YAML
[2018-02-08 10:05:53,710 DEBUG Engine] Requesting updates info: http://gettaurus.org/updates/?version=1.10.3&installID=784f43782a15
[2018-02-08 10:05:53,715 INFO Engine] Artifacts dir: /Users/daper01/Documents/OSLo/Selenium/2018-02-08_10-05-53.710766
[2018-02-08 10:05:53,716 DEBUG Engine] New artifact filename: /Users/daper01/Documents/OSLo/Selenium/2018-02-08_10-05-53.710766/effective
[2018-02-08 10:05:53,718 DEBUG Engine.Configuration] Dumping YAML config into /Users/daper01/Documents/OSLo/Selenium/2018-02-08_10-05-53.710766/effective.yml
[2018-02-08 10:05:53,746 DEBUG Engine.Configuration] Dumping JSON config into /Users/daper01/Documents/OSLo/Selenium/2018-02-08_10-05-53.710766/effective.json
[2018-02-08 10:05:53,747 DEBUG Engine] New artifact filename: /Users/daper01/Documents/OSLo/Selenium/2018-02-08_10-05-53.710766/merged.yml
[2018-02-08 10:05:53,748 DEBUG Engine.Configuration] Dumping YAML config into /Users/daper01/Documents/OSLo/Selenium/2018-02-08_10-05-53.710766/merged.yml
[2018-02-08 10:05:53,750 DEBUG Engine] New artifact filename: /Users/daper01/Documents/OSLo/Selenium/2018-02-08_10-05-53.710766/merged.json
[2018-02-08 10:05:53,751 DEBUG Engine.Configuration] Dumping JSON config into /Users/daper01/Documents/OSLo/Selenium/2018-02-08_10-05-53.710766/merged.json
[2018-02-08 10:05:53,751 DEBUG Engine] Add existing artifact (move=False): python_Selenium.yml
[2018-02-08 10:05:53,752 DEBUG Engine] Copying python_Selenium.yml to /Users/daper01/Documents/OSLo/Selenium/2018-02-08_10-05-53.710766/python_Selenium.yml
[2018-02-08 10:05:53,752 DEBUG root] Closing log handler: /var/folders/vq/xzrdy2lx047cst78f69v8z3xfzqz1q/T/bzt_o92RjC.log
[2018-02-08 10:05:53,762 DEBUG root] Switched writing logs to /Users/daper01/Documents/OSLo/Selenium/2018-02-08_10-05-53.710766/bzt.log
[2018-02-08 10:05:53,762 INFO Engine] Preparing...
[2018-02-08 10:05:53,763 DEBUG Engine] Module config: consolidator defaultdict(None, {'class': 'bzt.modules.aggregator.ConsolidatingAggregator'})
[2018-02-08 10:05:53,763 DEBUG root] Importing module: bzt.modules.aggregator
[2018-02-08 10:05:53,814 DEBUG root] Loading class: 'ConsolidatingAggregator' from <module 'bzt.modules.aggregator' from '/usr/local/lib/python2.7/site-packages/bzt/modules/aggregator.pyc'>
[2018-02-08 10:05:53,814 DEBUG Engine.consolidator] Exception in dehumanize_time(inf)
[2018-02-08 10:05:53,814 DEBUG Engine.consolidator] Buffer scaling setup: percentile 95.0 from [0.0, 50.0, 90.0, 95.0, 99.0, 99.9, 100.0] selected
[2018-02-08 10:05:53,815 DEBUG Engine] Module config: monitoring defaultdict(None, {'class': 'bzt.modules.monitoring.Monitoring'})
[2018-02-08 10:05:53,815 DEBUG root] Importing module: bzt.modules.monitoring
[2018-02-08 10:05:53,824 DEBUG root] Loading class: 'Monitoring' from <module 'bzt.modules.monitoring' from '/usr/local/lib/python2.7/site-packages/bzt/modules/monitoring.pyc'>
[2018-02-08 10:05:53,824 DEBUG Engine] Module config: capturehar defaultdict(None, {'class': 'bzt.modules.blazemeter.ServiceStubCaptureHAR'})
[2018-02-08 10:05:53,824 DEBUG root] Importing module: bzt.modules.blazemeter
[2018-02-08 10:05:54,036 DEBUG easyprocess] version=0.2.3
[2018-02-08 10:05:54,041 DEBUG pyvirtualdisplay] version=0.2.1
[2018-02-08 10:05:54,045 DEBUG root] Loading class: 'ServiceStubCaptureHAR' from <module 'bzt.modules.blazemeter' from '/usr/local/lib/python2.7/site-packages/bzt/modules/blazemeter.pyc'>
[2018-02-08 10:05:54,045 DEBUG Engine] Module config: local defaultdict(None, {'class': 'bzt.modules.provisioning.Local'})
[2018-02-08 10:05:54,046 DEBUG root] Importing module: bzt.modules.provisioning
[2018-02-08 10:05:54,046 DEBUG root] Loading class: 'Local' from <module 'bzt.modules.provisioning' from '/usr/local/lib/python2.7/site-packages/bzt/modules/provisioning.pyc'>
[2018-02-08 10:05:54,046 DEBUG Engine] Module config: selenium defaultdict(None, {'class': 'bzt.modules.selenium.SeleniumExecutor'})
[2018-02-08 10:05:54,046 DEBUG root] Importing module: bzt.modules.selenium
[2018-02-08 10:05:54,049 DEBUG root] Loading class: 'SeleniumExecutor' from <module 'bzt.modules.selenium' from '/usr/local/lib/python2.7/site-packages/bzt/modules/selenium.pyc'>
[2018-02-08 10:05:54,049 DEBUG Engine.local] Preparing executor: selenium/4565008272
[2018-02-08 10:05:54,049 DEBUG Engine.selenium] Using script type: nose
[2018-02-08 10:05:54,050 DEBUG Engine] Module config: nose defaultdict(None, {'class': 'bzt.modules.python.ApiritifNoseExecutor'})
[2018-02-08 10:05:54,050 DEBUG root] Importing module: bzt.modules.python
[2018-02-08 10:05:54,102 DEBUG root] Loading class: 'ApiritifNoseExecutor' from <module 'bzt.modules.python' from '/usr/local/lib/python2.7/site-packages/bzt/modules/python.pyc'>
[2018-02-08 10:05:54,103 DEBUG Engine.nose] Extract defaultdict(None, {'script': './blazeDemo_Selenium_with_unit_chrome.py'}) into scenarios
[2018-02-08 10:05:54,104 DEBUG Engine] New artifact filename: /Users/daper01/Documents/OSLo/Selenium/2018-02-08_10-05-53.710766/ApiritifNoseExecutor.ldjson
[2018-02-08 10:05:54,104 DEBUG Engine] Module config: final-stats defaultdict(None, {'class': 'bzt.modules.reporting.FinalStatus'})
[2018-02-08 10:05:54,104 DEBUG root] Importing module: bzt.modules.reporting
[2018-02-08 10:05:54,106 DEBUG root] Loading class: 'FinalStatus' from <module 'bzt.modules.reporting' from '/usr/local/lib/python2.7/site-packages/bzt/modules/reporting.pyc'>
[2018-02-08 10:05:54,106 DEBUG Engine] Module config: console defaultdict(None, {'class': 'bzt.modules.console.ConsoleStatusReporter'})
[2018-02-08 10:05:54,106 DEBUG root] Importing module: bzt.modules.console
[2018-02-08 10:05:54,106 DEBUG root] Loading class: 'ConsoleStatusReporter' from <module 'bzt.modules.console' from '/usr/local/lib/python2.7/site-packages/bzt/modules/console.pyc'>
[2018-02-08 10:05:54,114 DEBUG Engine.Configuration] Dumping YAML config into /Users/daper01/Documents/OSLo/Selenium/2018-02-08_10-05-53.710766/effective.yml
[2018-02-08 10:05:54,145 DEBUG Engine.Configuration] Dumping JSON config into /Users/daper01/Documents/OSLo/Selenium/2018-02-08_10-05-53.710766/effective.json
[2018-02-08 10:05:54,147 INFO Engine] Starting...
[2018-02-08 10:05:54,147 DEBUG Engine] Startup <bzt.modules.monitoring.Monitoring object at 0x10f5ef890>
[2018-02-08 10:05:54,147 DEBUG Engine] Startup <bzt.modules.blazemeter.ServiceStubCaptureHAR object at 0x10f6ec550>
[2018-02-08 10:05:54,147 WARNING Engine.capturehar] Stub for service 'capturehar', use cloud provisioning to have it working
[2018-02-08 10:05:54,147 DEBUG Engine] Startup <bzt.modules.aggregator.ConsolidatingAggregator object at 0x10f1c0f90>
[2018-02-08 10:05:54,147 DEBUG Engine] Startup <bzt.modules.reporting.FinalStatus object at 0x11026aad0>
[2018-02-08 10:05:54,148 DEBUG Engine] Startup <bzt.modules.console.ConsoleStatusReporter object at 0x110280690>
[2018-02-08 10:05:54,148 INFO Engine.console] Waiting for results...
[2018-02-08 10:05:54,148 DEBUG Engine] Startup <bzt.modules.provisioning.Local object at 0x10f1d7150>
[2018-02-08 10:05:54,148 DEBUG Engine.local] Delay setup for selenium/4565008272: 0(start-at) + 0(delay) = 0
[2018-02-08 10:05:54,150 DEBUG Engine.Configuration] Dumping YAML config into /Users/daper01/Documents/OSLo/Selenium/2018-02-08_10-05-53.710766/effective.yml
[2018-02-08 10:05:54,178 DEBUG Engine.Configuration] Dumping JSON config into /Users/daper01/Documents/OSLo/Selenium/2018-02-08_10-05-53.710766/effective.json
[2018-02-08 10:05:54,179 DEBUG root] Leveling down log file verbosity, use -v option to have DEBUG messages enabled
[2018-02-08 10:05:54,179 DEBUG root] Leveled up log file verbosity
[2018-02-08 10:05:54,180 DEBUG Engine] New artifact filename: /Users/daper01/Documents/OSLo/Selenium/2018-02-08_10-05-53.710766/apiritif-
[2018-02-08 10:05:54,180 DEBUG Engine] New artifact filename: /Users/daper01/Documents/OSLo/Selenium/2018-02-08_10-05-53.710766/nose.out
[2018-02-08 10:05:54,180 DEBUG Engine] New artifact filename: /Users/daper01/Documents/OSLo/Selenium/2018-02-08_10-05-53.710766/nose.err
[2018-02-08 10:05:54,180 DEBUG Engine.nose] Running process with env {'PATH': '/Users/daper01/.bzt/selenium-taurus/tools/chromedriver/2.33:/Users/daper01/.bzt/selenium-taurus/tools/geckodriver/0.19.0:/opt/local/bin:/opt/local/sbin:/Users/daper01/google-cloud-sdk/bin:/usr/local/Cellar:/usr/local/bin:/usr/local/sbin:/Users/daper01/Documents/groupon_/:/Users/daper01/Documents/grinder-3.11/lib/:/Users/daper01/Documents/WebDriver:/usr/local/bin:/usr/bin:/bin:/usr/sbin:/sbin:/usr/local/Cellar:/Library/TeX/texbin:/opt/X11/bin', 'PYTHONPATH': '/usr/local/lib/python2.7/site-packages'}
[2018-02-08 10:05:54,180 DEBUG Engine.nose] Executing shell from /Users/daper01/Documents/OSLo/Selenium: ['/usr/local/opt/python/bin/python2.7', '-m', 'apiritif.loadgen', '--result-file-template', '/Users/daper01/Documents/OSLo/Selenium/2018-02-08_10-05-53.710766/apiritif-%s.csv', '--concurrency', '1', '--iterations', '5', './blazeDemo_Selenium_with_unit_chrome.py']
[2018-02-08 10:05:54,180 DEBUG bzt.utils] Executing shell: ['/usr/local/opt/python/bin/python2.7', '-m', 'apiritif.loadgen', '--result-file-template', '/Users/daper01/Documents/OSLo/Selenium/2018-02-08_10-05-53.710766/apiritif-%s.csv', '--concurrency', '1', '--iterations', '5', './blazeDemo_Selenium_with_unit_chrome.py'] at /Users/daper01/Documents/OSLo/Selenium
[2018-02-08 10:05:54,188 DEBUG root] Leveling down log file verbosity, use -v option to have DEBUG messages enabled
[2018-02-08 10:05:54,271 WARNING Engine] There is newer version of Taurus 1.10.5 available, consider upgrading. What's new: http://gettaurus.org/docs/Changelog/
[2018-02-08 10:05:54,399 INFO Engine.console] Waiting for finish...
[2018-02-08 10:06:09,226 INFO Engine.nose.JTLReader] Changed data analysis delay to 13s
[2018-02-08 10:06:25,132 WARNING Engine] Please wait for graceful shutdown...
[2018-02-08 10:06:25,139 DEBUG root] Leveled up log file verbosity
[2018-02-08 10:06:25,139 INFO Engine] Shutting down...
[2018-02-08 10:06:25,146 DEBUG Engine.local] Shutdown selenium/4565008272
[2018-02-08 10:06:25,146 DEBUG Engine.selenium] Selenium tests ran for 30.9663391113 seconds
[2018-02-08 10:06:25,146 DEBUG Engine.console] Restoring logging streams, [<logging.StreamHandler object at 0x10e6280d0>]/{<logging.StreamHandler object at 0x10e6280d0>: <open file '<stdout>', mode 'w' at 0x10de6f150>}
[2018-02-08 10:06:25,148 DEBUG Engine.Configuration] Dumping YAML config into /Users/daper01/Documents/OSLo/Selenium/2018-02-08_10-05-53.710766/effective.yml
[2018-02-08 10:06:25,179 DEBUG Engine.Configuration] Dumping JSON config into /Users/daper01/Documents/OSLo/Selenium/2018-02-08_10-05-53.710766/effective.json
[2018-02-08 10:06:25,181 INFO Engine] Post-processing...
[2018-02-08 10:06:25,182 DEBUG Engine.local] Post-process selenium/4565008272
[2018-02-08 10:06:25,183 DEBUG Engine.nose.TestReportReader.LDJSONReader] No data to start reading yet
[2018-02-08 10:06:25,184 DEBUG LoadSamplesReader] Buffer len: 0
[2018-02-08 10:06:25,184 DEBUG Engine.nose.JTLReader.IncrementalCSVReader] Reading JTL: /Users/daper01/Documents/OSLo/Selenium/2018-02-08_10-05-53.710766/apiritif-0.csv
[2018-02-08 10:06:25,185 DEBUG Engine.nose.JTLReader.IncrementalCSVReader] Read lines: 0 / 0 bytes (at speed 1048576)
[2018-02-08 10:06:25,185 DEBUG Engine.nose.JTLReader] Buffer len: 3
[2018-02-08 10:06:25,185 DEBUG Engine.nose.JTLReader] Aggregating: 1518113167
[2018-02-08 10:06:25,187 DEBUG Engine.nose.JTLReader] Aggregating: 1518113173
[2018-02-08 10:06:25,189 DEBUG Engine.nose.JTLReader] Aggregating: 1518113179
[2018-02-08 10:06:25,190 DEBUG Engine.consolidator] Consolidator buffer[4]: [1518113161, 1518113179, 1518113173, 1518113167]
[2018-02-08 10:06:25,190 DEBUG Engine.consolidator] Merging into 1518113161
[2018-02-08 10:06:25,190 DEBUG Engine.consolidator] Merging 1518113161
[2018-02-08 10:06:25,193 DEBUG Engine.consolidator] Processed datapoint: 1518113161/None
[2018-02-08 10:06:25,193 DEBUG Engine.consolidator] Merging into 1518113167
[2018-02-08 10:06:25,193 DEBUG Engine.consolidator] Merging 1518113167
[2018-02-08 10:06:25,196 DEBUG Engine.consolidator] Processed datapoint: 1518113167/None
[2018-02-08 10:06:25,196 DEBUG Engine.consolidator] Merging into 1518113173
[2018-02-08 10:06:25,196 DEBUG Engine.consolidator] Merging 1518113173
[2018-02-08 10:06:25,198 DEBUG Engine.consolidator] Processed datapoint: 1518113173/None
[2018-02-08 10:06:25,198 DEBUG Engine.consolidator] Merging into 1518113179
[2018-02-08 10:06:25,198 DEBUG Engine.consolidator] Merging 1518113179
[2018-02-08 10:06:25,201 DEBUG Engine.consolidator] Processed datapoint: 1518113179/None
[2018-02-08 10:06:25,201 INFO Engine.final-stats] Test duration: 0:00:31
[2018-02-08 10:06:25,201 INFO Engine.final-stats] Samples count: 5, 0.00% failures
[2018-02-08 10:06:25,201 INFO Engine.final-stats] Average times: total 5.960, latency 0.000, connect 0.000
[2018-02-08 10:06:25,201 INFO Engine.final-stats] Percentile 0.0%: 5.644
[2018-02-08 10:06:25,201 INFO Engine.final-stats] Percentile 50.0%: 5.984
[2018-02-08 10:06:25,201 INFO Engine.final-stats] Percentile 90.0%: 6.319
[2018-02-08 10:06:25,202 INFO Engine.final-stats] Percentile 95.0%: 6.319
[2018-02-08 10:06:25,202 INFO Engine.final-stats] Percentile 99.0%: 6.319
[2018-02-08 10:06:25,202 INFO Engine.final-stats] Percentile 99.9%: 6.319
[2018-02-08 10:06:25,202 INFO Engine.final-stats] Percentile 100.0%: 6.319
[2018-02-08 10:06:25,202 DEBUG Engine.console] No logger_handler or orig_stream was detected
[2018-02-08 10:06:25,204 DEBUG Engine.Configuration] Dumping YAML config into /Users/daper01/Documents/OSLo/Selenium/2018-02-08_10-05-53.710766/effective.yml
[2018-02-08 10:06:25,240 DEBUG Engine.Configuration] Dumping JSON config into /Users/daper01/Documents/OSLo/Selenium/2018-02-08_10-05-53.710766/effective.json
[2018-02-08 10:06:25,242 INFO root] Artifacts dir: /Users/daper01/Documents/OSLo/Selenium/2018-02-08_10-05-53.710766
[2018-02-08 10:06:25,242 INFO root] Done performing with code: 0
[2018-02-08 10:06:25,242 DEBUG root] Closing log handler: /Users/daper01/Documents/OSLo/Selenium/2018-02-08_10-05-53.710766/bzt.log
