[2017-12-12 10:26:05,156 INFO root] Taurus CLI Tool v1.9.6
[2017-12-12 10:26:05,156 DEBUG root] Command-line options: {'verbose': None, 'no_system_configs': None, 'quiet': None, 'log': '/var/folders/vq/xzrdy2lx047cst78f69v8z3xfzqz1q/T/bzt_qK9SWa.log', 'option': None, 'aliases': ['cloud']}
[2017-12-12 10:26:05,157 DEBUG root] Python: CPython 2.7.13
[2017-12-12 10:26:05,157 DEBUG root] OS: ('Darwin', 'daper01mac1124', '17.2.0', 'Darwin Kernel Version 17.2.0: Fri Sep 29 18:27:05 PDT 2017; root:xnu-4570.20.62~3/RELEASE_X86_64', 'x86_64', 'i386')
[2017-12-12 10:26:05,157 INFO root] Starting with configs: ['load_scenario_from_csv.yml', 'execution_jmeter.yml']
[2017-12-12 10:26:05,157 DEBUG root] Using personal config: /Users/daper01/.bzt-rc
[2017-12-12 10:26:05,157 INFO Engine] Configuring...
[2017-12-12 10:26:05,157 DEBUG Engine] Reading extension configs from: /usr/local/etc/bzt.d
[2017-12-12 10:26:05,157 DEBUG Engine.Configuration] Configs: ['/usr/local/lib/python2.7/site-packages/bzt/resources/base-config.yml', '/usr/local/etc/bzt.d/99-installID.yml']
[2017-12-12 10:26:05,158 DEBUG Engine.Configuration] Reading /usr/local/lib/python2.7/site-packages/bzt/resources/base-config.yml as YAML
[2017-12-12 10:26:05,185 DEBUG Engine.Configuration] Reading /usr/local/etc/bzt.d/99-installID.yml as YAML
[2017-12-12 10:26:05,186 DEBUG Engine.Configuration] Configs: ['/Users/daper01/.bzt-rc', 'load_scenario_from_csv.yml', 'execution_jmeter.yml']
[2017-12-12 10:26:05,186 DEBUG Engine.Configuration] Reading /Users/daper01/.bzt-rc as YAML
[2017-12-12 10:26:05,187 DEBUG Engine.Configuration] Reading load_scenario_from_csv.yml as YAML
[2017-12-12 10:26:05,193 DEBUG Engine.Configuration] Reading execution_jmeter.yml as YAML
[2017-12-12 10:26:05,198 DEBUG Engine.Configuration] Configs: ['/Users/daper01/.bzt-rc', 'load_scenario_from_csv.yml', 'execution_jmeter.yml']
[2017-12-12 10:26:05,198 DEBUG Engine.Configuration] Reading /Users/daper01/.bzt-rc as YAML
[2017-12-12 10:26:05,199 DEBUG Engine.Configuration] Reading load_scenario_from_csv.yml as YAML
[2017-12-12 10:26:05,203 DEBUG Engine.Configuration] Reading execution_jmeter.yml as YAML
[2017-12-12 10:26:05,221 DEBUG Engine] Requesting updates info: http://gettaurus.org/updates/?version=1.9.6&installID=784f43782a15
[2017-12-12 10:26:05,226 INFO Engine] Artifacts dir: /Users/daper01/Documents/OSLo/artifacts/2017-12-12_10-26-05.222033
[2017-12-12 10:26:05,226 DEBUG Engine] New artifact filename: /Users/daper01/Documents/OSLo/artifacts/2017-12-12_10-26-05.222033/effective
[2017-12-12 10:26:05,228 DEBUG Engine.Configuration] Dumping YAML config into /Users/daper01/Documents/OSLo/artifacts/2017-12-12_10-26-05.222033/effective.yml
[2017-12-12 10:26:05,264 DEBUG Engine.Configuration] Dumping JSON config into /Users/daper01/Documents/OSLo/artifacts/2017-12-12_10-26-05.222033/effective.json
[2017-12-12 10:26:05,266 DEBUG Engine] New artifact filename: /Users/daper01/Documents/OSLo/artifacts/2017-12-12_10-26-05.222033/merged.yml
[2017-12-12 10:26:05,267 DEBUG Engine.Configuration] Dumping YAML config into /Users/daper01/Documents/OSLo/artifacts/2017-12-12_10-26-05.222033/merged.yml
[2017-12-12 10:26:05,281 DEBUG Engine] New artifact filename: /Users/daper01/Documents/OSLo/artifacts/2017-12-12_10-26-05.222033/merged.json
[2017-12-12 10:26:05,283 DEBUG Engine.Configuration] Dumping JSON config into /Users/daper01/Documents/OSLo/artifacts/2017-12-12_10-26-05.222033/merged.json
[2017-12-12 10:26:05,285 DEBUG Engine] Add existing artifact (move=False): load_scenario_from_csv.yml
[2017-12-12 10:26:05,285 DEBUG Engine] Copying load_scenario_from_csv.yml to /Users/daper01/Documents/OSLo/artifacts/2017-12-12_10-26-05.222033/load_scenario_from_csv.yml
[2017-12-12 10:26:05,288 DEBUG Engine] Add existing artifact (move=False): execution_jmeter.yml
[2017-12-12 10:26:05,289 DEBUG Engine] Copying execution_jmeter.yml to /Users/daper01/Documents/OSLo/artifacts/2017-12-12_10-26-05.222033/execution_jmeter.yml
[2017-12-12 10:26:05,293 DEBUG root] Closing log handler: /var/folders/vq/xzrdy2lx047cst78f69v8z3xfzqz1q/T/bzt_qK9SWa.log
[2017-12-12 10:26:05,531 DEBUG root] Switched writing logs to /Users/daper01/Documents/OSLo/artifacts/2017-12-12_10-26-05.222033/bzt.log
[2017-12-12 10:26:05,531 INFO Engine] Preparing...
[2017-12-12 10:26:05,532 DEBUG Engine] Module config: consolidator defaultdict(None, {'class': 'bzt.modules.aggregator.ConsolidatingAggregator'})
[2017-12-12 10:26:05,532 DEBUG root] Importing module: bzt.modules.aggregator
[2017-12-12 10:26:05,535 DEBUG root] Loading class: 'ConsolidatingAggregator' from <module 'bzt.modules.aggregator' from '/usr/local/lib/python2.7/site-packages/bzt/modules/aggregator.pyc'>
[2017-12-12 10:26:05,535 DEBUG Engine.consolidator] Exception in dehumanize_time(inf)
[2017-12-12 10:26:05,535 DEBUG Engine.consolidator] Buffer scaling setup: percentile 95.0 from [0.0, 50.0, 90.0, 95.0, 99.0, 99.9, 100.0] selected
[2017-12-12 10:26:05,536 DEBUG Engine] Module config: monitoring defaultdict(None, {'class': 'bzt.modules.monitoring.Monitoring'})
[2017-12-12 10:26:05,536 DEBUG root] Importing module: bzt.modules.monitoring
[2017-12-12 10:26:05,548 DEBUG root] Loading class: 'Monitoring' from <module 'bzt.modules.monitoring' from '/usr/local/lib/python2.7/site-packages/bzt/modules/monitoring.pyc'>
[2017-12-12 10:26:05,548 DEBUG Engine.monitoring] Should not run because of non-matching prov: cloud != local
[2017-12-12 10:26:05,548 DEBUG Engine] Module config: cloud defaultdict(None, {'test': 'Taurus from Scenario', 'report-name': 'Taurus from Scenario', 'class': 'bzt.modules.blazemeter.CloudProvisioning', 'default-location': 'us-central1-a'})
[2017-12-12 10:26:05,548 DEBUG root] Importing module: bzt.modules.blazemeter
[2017-12-12 10:26:05,628 DEBUG easyprocess] version=0.2.3
[2017-12-12 10:26:05,631 DEBUG pyvirtualdisplay] version=0.2.1
[2017-12-12 10:26:05,632 DEBUG root] Loading class: 'CloudProvisioning' from <module 'bzt.modules.blazemeter' from '/usr/local/lib/python2.7/site-packages/bzt/modules/blazemeter.pyc'>
[2017-12-12 10:26:05,633 DEBUG Engine] Module config: blazemeter defaultdict(None, {'token': '********', 'class': 'bzt.modules.blazemeter.BlazeMeterUploader'})
[2017-12-12 10:26:05,633 DEBUG root] Importing module: bzt.modules.blazemeter
[2017-12-12 10:26:05,633 DEBUG root] Loading class: 'BlazeMeterUploader' from <module 'bzt.modules.blazemeter' from '/usr/local/lib/python2.7/site-packages/bzt/modules/blazemeter.pyc'>
[2017-12-12 10:26:05,633 DEBUG Engine.cloud] Request: GET https://a.blazemeter.com/api/v4/accounts None
[2017-12-12 10:26:05,654 DEBUG urllib3.connectionpool] Starting new HTTPS connection (1): a.blazemeter.com
[2017-12-12 10:26:05,802 DEBUG Engine] Taurus updates info: {"latest":"1.10.3","needsUpgrade":true}
[2017-12-12 10:26:05,803 WARNING Engine] There is newer version of Taurus 1.10.3 available, consider upgrading. What's new: http://gettaurus.org/docs/Changelog/
[2017-12-12 10:26:06,158 DEBUG urllib3.connectionpool] https://a.blazemeter.com:443 "GET /api/v4/accounts HTTP/1.1" 200 2726
[2017-12-12 10:26:06,162 DEBUG Engine.cloud] Response [200]: {
    "limit": 10,
    "skip": 0,
    "total": 3,
    "hidden": 0,
    "api_version": 4,
    "error": null,
    "result": [
        {
            "id": 153221,
            "name": "BlazeMeter Demo",
            "thumbnailUrl": "https://www.blazemeter.com/s
[2017-12-12 10:26:06,162 DEBUG Engine.cloud] Request: GET https://a.blazemeter.com/api/v4/workspaces?accountId=153221&enabled=true&limit=100 None
[2017-12-12 10:26:06,165 DEBUG urllib3.connectionpool] Starting new HTTPS connection (1): a.blazemeter.com
[2017-12-12 10:26:06,579 DEBUG urllib3.connectionpool] https://a.blazemeter.com:443 "GET /api/v4/workspaces?accountId=153221&enabled=true&limit=100 HTTP/1.1" 200 814
[2017-12-12 10:26:06,585 DEBUG Engine.cloud] Response [200]: {
    "limit": 100,
    "skip": 0,
    "total": 1,
    "hidden": 0,
    "api_version": 4,
    "error": null,
    "result": [
        {
            "id": 146738,
            "name": "Demo workspace",
            "userId": 368191,
            "created": 1498
[2017-12-12 10:26:06,585 DEBUG Engine.cloud] Request: GET https://a.blazemeter.com/api/v4/workspaces?accountId=125626&enabled=true&limit=100 None
[2017-12-12 10:26:06,588 DEBUG urllib3.connectionpool] Starting new HTTPS connection (1): a.blazemeter.com
[2017-12-12 10:26:07,019 DEBUG urllib3.connectionpool] https://a.blazemeter.com:443 "GET /api/v4/workspaces?accountId=125626&enabled=true&limit=100 HTTP/1.1" 200 4882
[2017-12-12 10:26:07,025 DEBUG Engine.cloud] Response [200]: {
    "limit": 100,
    "skip": 0,
    "total": 7,
    "hidden": 0,
    "api_version": 4,
    "error": null,
    "result": [
        {
            "id": 119008,
            "name": "Default workspace",
            "userId": 339612,
            "created": 1
[2017-12-12 10:26:07,026 DEBUG Engine.cloud] Request: GET https://a.blazemeter.com/api/v4/workspaces?accountId=21166&enabled=true&limit=100 None
[2017-12-12 10:26:07,028 DEBUG urllib3.connectionpool] Starting new HTTPS connection (1): a.blazemeter.com
[2017-12-12 10:26:07,420 DEBUG urllib3.connectionpool] https://a.blazemeter.com:443 "GET /api/v4/workspaces?accountId=21166&enabled=true&limit=100 HTTP/1.1" 200 1482
[2017-12-12 10:26:07,424 DEBUG Engine.cloud] Response [200]: {
    "limit": 100,
    "skip": 0,
    "total": 2,
    "hidden": 0,
    "api_version": 4,
    "error": null,
    "result": [
        {
            "id": 7199,
            "name": "CA SE Workspace",
            "userId": 307773,
            "created": 14775
[2017-12-12 10:26:07,424 DEBUG Engine] Module config: jmeter defaultdict(None, {'properties': defaultdict(None, {'jmeter.save.saveservice.autoflush': 'true', 'summariser.name': '', 'jmeter.save.saveservice.connect_time': 'true', 'mode': 'Stripped', 'jmeterengine.force.system.exit': 'true'}), 'class': 'bzt.modules.jmeter.JMeterExecutor', 'plugins': ['jpgc-casutg', 'jpgc-dummy', 'jpgc-ffw', 'jpgc-fifo', 'jpgc-functions', 'jpgc-json', 'jpgc-perfmon', 'jpgc-prmctl', 'jpgc-tst']})
[2017-12-12 10:26:07,424 DEBUG root] Importing module: bzt.modules.jmeter
[2017-12-12 10:26:07,438 DEBUG root] Loading class: 'JMeterExecutor' from <module 'bzt.modules.jmeter' from '/usr/local/lib/python2.7/site-packages/bzt/modules/jmeter.pyc'>
[2017-12-12 10:26:07,438 DEBUG Engine.cloud] Request: GET https://a.blazemeter.com/api/v4/multi-tests?workspaceId=146738&name=Taurus+from+Scenario None
[2017-12-12 10:26:07,440 DEBUG urllib3.connectionpool] Starting new HTTPS connection (1): a.blazemeter.com
[2017-12-12 10:26:07,821 DEBUG urllib3.connectionpool] https://a.blazemeter.com:443 "GET /api/v4/multi-tests?workspaceId=146738&name=Taurus+from+Scenario HTTP/1.1" 200 126
[2017-12-12 10:26:07,829 DEBUG Engine.cloud] Response [200]: {
    "limit": 10,
    "skip": 0,
    "total": 0,
    "hidden": 0,
    "api_version": 4,
    "error": null,
    "result": []
}
[2017-12-12 10:26:07,830 DEBUG Engine.cloud] Request: GET https://a.blazemeter.com/api/v4/multi-tests?workspaceId=119008&name=Taurus+from+Scenario None
[2017-12-12 10:26:07,832 DEBUG urllib3.connectionpool] Starting new HTTPS connection (1): a.blazemeter.com
[2017-12-12 10:26:08,205 DEBUG urllib3.connectionpool] https://a.blazemeter.com:443 "GET /api/v4/multi-tests?workspaceId=119008&name=Taurus+from+Scenario HTTP/1.1" 200 126
[2017-12-12 10:26:08,209 DEBUG Engine.cloud] Response [200]: {
    "limit": 10,
    "skip": 0,
    "total": 0,
    "hidden": 0,
    "api_version": 4,
    "error": null,
    "result": []
}
[2017-12-12 10:26:08,209 DEBUG Engine.cloud] Request: GET https://a.blazemeter.com/api/v4/multi-tests?workspaceId=127980&name=Taurus+from+Scenario None
[2017-12-12 10:26:08,211 DEBUG urllib3.connectionpool] Starting new HTTPS connection (1): a.blazemeter.com
[2017-12-12 10:26:08,590 DEBUG urllib3.connectionpool] https://a.blazemeter.com:443 "GET /api/v4/multi-tests?workspaceId=127980&name=Taurus+from+Scenario HTTP/1.1" 200 126
[2017-12-12 10:26:08,595 DEBUG Engine.cloud] Response [200]: {
    "limit": 10,
    "skip": 0,
    "total": 0,
    "hidden": 0,
    "api_version": 4,
    "error": null,
    "result": []
}
[2017-12-12 10:26:08,596 DEBUG Engine.cloud] Request: GET https://a.blazemeter.com/api/v4/multi-tests?workspaceId=127984&name=Taurus+from+Scenario None
[2017-12-12 10:26:08,598 DEBUG urllib3.connectionpool] Starting new HTTPS connection (1): a.blazemeter.com
[2017-12-12 10:26:08,972 DEBUG urllib3.connectionpool] https://a.blazemeter.com:443 "GET /api/v4/multi-tests?workspaceId=127984&name=Taurus+from+Scenario HTTP/1.1" 200 126
[2017-12-12 10:26:08,976 DEBUG Engine.cloud] Response [200]: {
    "limit": 10,
    "skip": 0,
    "total": 0,
    "hidden": 0,
    "api_version": 4,
    "error": null,
    "result": []
}
[2017-12-12 10:26:08,976 DEBUG Engine.cloud] Request: GET https://a.blazemeter.com/api/v4/multi-tests?workspaceId=132723&name=Taurus+from+Scenario None
[2017-12-12 10:26:08,978 DEBUG urllib3.connectionpool] Starting new HTTPS connection (1): a.blazemeter.com
[2017-12-12 10:26:09,373 DEBUG urllib3.connectionpool] https://a.blazemeter.com:443 "GET /api/v4/multi-tests?workspaceId=132723&name=Taurus+from+Scenario HTTP/1.1" 200 126
[2017-12-12 10:26:09,379 DEBUG Engine.cloud] Response [200]: {
    "limit": 10,
    "skip": 0,
    "total": 0,
    "hidden": 0,
    "api_version": 4,
    "error": null,
    "result": []
}
[2017-12-12 10:26:09,380 DEBUG Engine.cloud] Request: GET https://a.blazemeter.com/api/v4/multi-tests?workspaceId=153836&name=Taurus+from+Scenario None
[2017-12-12 10:26:09,385 DEBUG urllib3.connectionpool] Starting new HTTPS connection (1): a.blazemeter.com
[2017-12-12 10:26:09,756 DEBUG urllib3.connectionpool] https://a.blazemeter.com:443 "GET /api/v4/multi-tests?workspaceId=153836&name=Taurus+from+Scenario HTTP/1.1" 200 126
[2017-12-12 10:26:09,763 DEBUG Engine.cloud] Response [200]: {
    "limit": 10,
    "skip": 0,
    "total": 0,
    "hidden": 0,
    "api_version": 4,
    "error": null,
    "result": []
}
[2017-12-12 10:26:09,763 DEBUG Engine.cloud] Request: GET https://a.blazemeter.com/api/v4/multi-tests?workspaceId=163251&name=Taurus+from+Scenario None
[2017-12-12 10:26:09,765 DEBUG urllib3.connectionpool] Starting new HTTPS connection (1): a.blazemeter.com
[2017-12-12 10:26:10,168 DEBUG urllib3.connectionpool] https://a.blazemeter.com:443 "GET /api/v4/multi-tests?workspaceId=163251&name=Taurus+from+Scenario HTTP/1.1" 200 126
[2017-12-12 10:26:10,171 DEBUG Engine.cloud] Response [200]: {
    "limit": 10,
    "skip": 0,
    "total": 0,
    "hidden": 0,
    "api_version": 4,
    "error": null,
    "result": []
}
[2017-12-12 10:26:10,172 DEBUG Engine.cloud] Request: GET https://a.blazemeter.com/api/v4/multi-tests?workspaceId=135886&name=Taurus+from+Scenario None
[2017-12-12 10:26:10,174 DEBUG urllib3.connectionpool] Starting new HTTPS connection (1): a.blazemeter.com
[2017-12-12 10:26:10,553 DEBUG urllib3.connectionpool] https://a.blazemeter.com:443 "GET /api/v4/multi-tests?workspaceId=135886&name=Taurus+from+Scenario HTTP/1.1" 200 126
[2017-12-12 10:26:10,559 DEBUG Engine.cloud] Response [200]: {
    "limit": 10,
    "skip": 0,
    "total": 0,
    "hidden": 0,
    "api_version": 4,
    "error": null,
    "result": []
}
[2017-12-12 10:26:10,559 DEBUG Engine.cloud] Request: GET https://a.blazemeter.com/api/v4/multi-tests?workspaceId=7199&name=Taurus+from+Scenario None
[2017-12-12 10:26:10,562 DEBUG urllib3.connectionpool] Starting new HTTPS connection (1): a.blazemeter.com
[2017-12-12 10:26:10,973 DEBUG urllib3.connectionpool] https://a.blazemeter.com:443 "GET /api/v4/multi-tests?workspaceId=7199&name=Taurus+from+Scenario HTTP/1.1" 200 126
[2017-12-12 10:26:10,979 DEBUG Engine.cloud] Response [200]: {
    "limit": 10,
    "skip": 0,
    "total": 0,
    "hidden": 0,
    "api_version": 4,
    "error": null,
    "result": []
}
[2017-12-12 10:26:10,980 DEBUG Engine.cloud] Request: GET https://a.blazemeter.com/api/v4/multi-tests?workspaceId=133217&name=Taurus+from+Scenario None
[2017-12-12 10:26:10,984 DEBUG urllib3.connectionpool] Starting new HTTPS connection (1): a.blazemeter.com
[2017-12-12 10:26:11,365 DEBUG urllib3.connectionpool] https://a.blazemeter.com:443 "GET /api/v4/multi-tests?workspaceId=133217&name=Taurus+from+Scenario HTTP/1.1" 200 126
[2017-12-12 10:26:11,371 DEBUG Engine.cloud] Response [200]: {
    "limit": 10,
    "skip": 0,
    "total": 0,
    "hidden": 0,
    "api_version": 4,
    "error": null,
    "result": []
}
[2017-12-12 10:26:11,371 DEBUG Engine.cloud.ProjectFinder] Looked for collection: None
[2017-12-12 10:26:11,372 DEBUG Engine.cloud] Request: GET https://a.blazemeter.com/api/v4/tests?workspaceId=146738&name=Taurus+from+Scenario None
[2017-12-12 10:26:11,375 DEBUG urllib3.connectionpool] Starting new HTTPS connection (1): a.blazemeter.com
[2017-12-12 10:26:11,754 DEBUG urllib3.connectionpool] https://a.blazemeter.com:443 "GET /api/v4/tests?workspaceId=146738&name=Taurus+from+Scenario HTTP/1.1" 200 126
[2017-12-12 10:26:11,759 DEBUG Engine.cloud] Response [200]: {
    "limit": 10,
    "skip": 0,
    "total": 0,
    "hidden": 0,
    "api_version": 4,
    "error": null,
    "result": []
}
[2017-12-12 10:26:11,759 DEBUG Engine.cloud] Request: GET https://a.blazemeter.com/api/v4/tests?workspaceId=119008&name=Taurus+from+Scenario None
[2017-12-12 10:26:11,762 DEBUG urllib3.connectionpool] Starting new HTTPS connection (1): a.blazemeter.com
[2017-12-12 10:26:12,165 DEBUG urllib3.connectionpool] https://a.blazemeter.com:443 "GET /api/v4/tests?workspaceId=119008&name=Taurus+from+Scenario HTTP/1.1" 200 852
[2017-12-12 10:26:12,169 DEBUG Engine.cloud] Response [200]: {
    "limit": 10,
    "skip": 0,
    "total": 1,
    "hidden": 0,
    "api_version": 4,
    "error": null,
    "result": [
        {
            "id": 5781129,
            "name": "Taurus from Scenario",
            "userId": 339612,
            "created"
[2017-12-12 10:26:12,169 DEBUG Engine.cloud] Request: GET https://a.blazemeter.com/api/v4/tests?workspaceId=127980&name=Taurus+from+Scenario None
[2017-12-12 10:26:12,171 DEBUG urllib3.connectionpool] Starting new HTTPS connection (1): a.blazemeter.com
[2017-12-12 10:26:12,536 DEBUG urllib3.connectionpool] https://a.blazemeter.com:443 "GET /api/v4/tests?workspaceId=127980&name=Taurus+from+Scenario HTTP/1.1" 200 126
[2017-12-12 10:26:12,544 DEBUG Engine.cloud] Response [200]: {
    "limit": 10,
    "skip": 0,
    "total": 0,
    "hidden": 0,
    "api_version": 4,
    "error": null,
    "result": []
}
[2017-12-12 10:26:12,544 DEBUG Engine.cloud] Request: GET https://a.blazemeter.com/api/v4/tests?workspaceId=127984&name=Taurus+from+Scenario None
[2017-12-12 10:26:12,548 DEBUG urllib3.connectionpool] Starting new HTTPS connection (1): a.blazemeter.com
[2017-12-12 10:26:12,931 DEBUG urllib3.connectionpool] https://a.blazemeter.com:443 "GET /api/v4/tests?workspaceId=127984&name=Taurus+from+Scenario HTTP/1.1" 200 126
[2017-12-12 10:26:12,934 DEBUG Engine.cloud] Response [200]: {
    "limit": 10,
    "skip": 0,
    "total": 0,
    "hidden": 0,
    "api_version": 4,
    "error": null,
    "result": []
}
[2017-12-12 10:26:12,934 DEBUG Engine.cloud] Request: GET https://a.blazemeter.com/api/v4/tests?workspaceId=132723&name=Taurus+from+Scenario None
[2017-12-12 10:26:12,937 DEBUG urllib3.connectionpool] Starting new HTTPS connection (1): a.blazemeter.com
[2017-12-12 10:26:13,325 DEBUG urllib3.connectionpool] https://a.blazemeter.com:443 "GET /api/v4/tests?workspaceId=132723&name=Taurus+from+Scenario HTTP/1.1" 200 126
[2017-12-12 10:26:13,332 DEBUG Engine.cloud] Response [200]: {
    "limit": 10,
    "skip": 0,
    "total": 0,
    "hidden": 0,
    "api_version": 4,
    "error": null,
    "result": []
}
[2017-12-12 10:26:13,332 DEBUG Engine.cloud] Request: GET https://a.blazemeter.com/api/v4/tests?workspaceId=153836&name=Taurus+from+Scenario None
[2017-12-12 10:26:13,335 DEBUG urllib3.connectionpool] Starting new HTTPS connection (1): a.blazemeter.com
[2017-12-12 10:26:13,717 DEBUG urllib3.connectionpool] https://a.blazemeter.com:443 "GET /api/v4/tests?workspaceId=153836&name=Taurus+from+Scenario HTTP/1.1" 200 126
[2017-12-12 10:26:13,723 DEBUG Engine.cloud] Response [200]: {
    "limit": 10,
    "skip": 0,
    "total": 0,
    "hidden": 0,
    "api_version": 4,
    "error": null,
    "result": []
}
[2017-12-12 10:26:13,723 DEBUG Engine.cloud] Request: GET https://a.blazemeter.com/api/v4/tests?workspaceId=163251&name=Taurus+from+Scenario None
[2017-12-12 10:26:13,726 DEBUG urllib3.connectionpool] Starting new HTTPS connection (1): a.blazemeter.com
[2017-12-12 10:26:14,131 DEBUG urllib3.connectionpool] https://a.blazemeter.com:443 "GET /api/v4/tests?workspaceId=163251&name=Taurus+from+Scenario HTTP/1.1" 200 126
[2017-12-12 10:26:14,140 DEBUG Engine.cloud] Response [200]: {
    "limit": 10,
    "skip": 0,
    "total": 0,
    "hidden": 0,
    "api_version": 4,
    "error": null,
    "result": []
}
[2017-12-12 10:26:14,140 DEBUG Engine.cloud] Request: GET https://a.blazemeter.com/api/v4/tests?workspaceId=135886&name=Taurus+from+Scenario None
[2017-12-12 10:26:14,144 DEBUG urllib3.connectionpool] Starting new HTTPS connection (1): a.blazemeter.com
[2017-12-12 10:26:14,518 DEBUG urllib3.connectionpool] https://a.blazemeter.com:443 "GET /api/v4/tests?workspaceId=135886&name=Taurus+from+Scenario HTTP/1.1" 200 126
[2017-12-12 10:26:14,525 DEBUG Engine.cloud] Response [200]: {
    "limit": 10,
    "skip": 0,
    "total": 0,
    "hidden": 0,
    "api_version": 4,
    "error": null,
    "result": []
}
[2017-12-12 10:26:14,525 DEBUG Engine.cloud] Request: GET https://a.blazemeter.com/api/v4/tests?workspaceId=7199&name=Taurus+from+Scenario None
[2017-12-12 10:26:14,528 DEBUG urllib3.connectionpool] Starting new HTTPS connection (1): a.blazemeter.com
[2017-12-12 10:26:14,937 DEBUG urllib3.connectionpool] https://a.blazemeter.com:443 "GET /api/v4/tests?workspaceId=7199&name=Taurus+from+Scenario HTTP/1.1" 200 126
[2017-12-12 10:26:14,943 DEBUG Engine.cloud] Response [200]: {
    "limit": 10,
    "skip": 0,
    "total": 0,
    "hidden": 0,
    "api_version": 4,
    "error": null,
    "result": []
}
[2017-12-12 10:26:14,943 DEBUG Engine.cloud] Request: GET https://a.blazemeter.com/api/v4/tests?workspaceId=133217&name=Taurus+from+Scenario None
[2017-12-12 10:26:14,946 DEBUG urllib3.connectionpool] Starting new HTTPS connection (1): a.blazemeter.com
[2017-12-12 10:26:15,399 DEBUG urllib3.connectionpool] https://a.blazemeter.com:443 "GET /api/v4/tests?workspaceId=133217&name=Taurus+from+Scenario HTTP/1.1" 200 126
[2017-12-12 10:26:15,405 DEBUG Engine.cloud] Response [200]: {
    "limit": 10,
    "skip": 0,
    "total": 0,
    "hidden": 0,
    "api_version": 4,
    "error": null,
    "result": []
}
[2017-12-12 10:26:15,405 DEBUG Engine.cloud.ProjectFinder] Looked for test: {u'updated': 1512812989, u'name': u'Taurus from Scenario', u'created': 1508340357, u'creatorClientId': u'Taurus', u'userId': 339612, u'lastUpdatedById': 339612, u'projectId': 162568, u'configuration': {u'targetThreads': 0, u'type': u'taurus', u'canControlRampup': False, u'plugins': {u'functionalExecution': {u'enabled': False}, u'taurus': {u'filename': u'taurus.yml'}}}, u'id': 5781129}
[2017-12-12 10:26:15,405 DEBUG Engine.cloud.ProjectFinder] Detected test type: old
[2017-12-12 10:26:15,406 DEBUG Engine.cloud] Request: GET https://a.blazemeter.com/api/v4/user None
[2017-12-12 10:26:15,408 DEBUG urllib3.connectionpool] Starting new HTTPS connection (1): a.blazemeter.com
[2017-12-12 10:26:15,841 DEBUG urllib3.connectionpool] https://a.blazemeter.com:443 "GET /api/v4/user HTTP/1.1" 200 2347
[2017-12-12 10:26:15,848 DEBUG Engine.cloud] Response [200]: {
    "api_version": 4,
    "error": null,
    "result": {
        "id": 339612,
        "email": "eric.dapp@blazemeter.com",
        "access": 1513103175,
        "login": 1512411328,
        "firstName": "Eric",
        "lastName": "Dapp",
        "timez
[2017-12-12 10:26:15,848 DEBUG Engine.cloud] Request: GET https://a.blazemeter.com/api/v4/projects?workspaceId=146738&limit=99999 None
[2017-12-12 10:26:15,851 DEBUG urllib3.connectionpool] Starting new HTTPS connection (1): a.blazemeter.com
[2017-12-12 10:26:16,248 DEBUG urllib3.connectionpool] https://a.blazemeter.com:443 "GET /api/v4/projects?workspaceId=146738&limit=99999 HTTP/1.1" 200 1122
[2017-12-12 10:26:16,254 DEBUG Engine.cloud] Response [200]: {
    "limit": 50,
    "skip": 0,
    "total": 3,
    "hidden": 0,
    "api_version": 4,
    "error": null,
    "result": [
        {
            "id": 216192,
            "name": "API Stress Tests",
            "userId": null,
            "description": "
[2017-12-12 10:26:16,254 DEBUG Engine.cloud] Request: GET https://a.blazemeter.com/api/v4/projects?workspaceId=119008&limit=99999 None
[2017-12-12 10:26:16,256 DEBUG urllib3.connectionpool] Starting new HTTPS connection (1): a.blazemeter.com
[2017-12-12 10:26:16,627 DEBUG urllib3.connectionpool] https://a.blazemeter.com:443 "GET /api/v4/projects?workspaceId=119008&limit=99999 HTTP/1.1" 200 2048
[2017-12-12 10:26:16,632 DEBUG Engine.cloud] Response [200]: {
    "limit": 50,
    "skip": 0,
    "total": 6,
    "hidden": 0,
    "api_version": 4,
    "error": null,
    "result": [
        {
            "id": 163658,
            "name": "BlazeDemo Tests",
            "userId": null,
            "description": ""
[2017-12-12 10:26:16,633 DEBUG Engine.cloud] Request: GET https://a.blazemeter.com/api/v4/projects?workspaceId=127980&limit=99999 None
[2017-12-12 10:26:16,635 DEBUG urllib3.connectionpool] Starting new HTTPS connection (1): a.blazemeter.com
[2017-12-12 10:26:16,996 DEBUG urllib3.connectionpool] https://a.blazemeter.com:443 "GET /api/v4/projects?workspaceId=127980&limit=99999 HTTP/1.1" 200 720
[2017-12-12 10:26:17,003 DEBUG Engine.cloud] Response [200]: {
    "limit": 50,
    "skip": 0,
    "total": 2,
    "hidden": 0,
    "api_version": 4,
    "error": null,
    "result": [
        {
            "id": 173138,
            "name": "Default project",
            "userId": null,
            "description": nu
[2017-12-12 10:26:17,003 DEBUG Engine.cloud] Request: GET https://a.blazemeter.com/api/v4/projects?workspaceId=127984&limit=99999 None
[2017-12-12 10:26:17,006 DEBUG urllib3.connectionpool] Starting new HTTPS connection (1): a.blazemeter.com
[2017-12-12 10:26:17,369 DEBUG urllib3.connectionpool] https://a.blazemeter.com:443 "GET /api/v4/projects?workspaceId=127984&limit=99999 HTTP/1.1" 200 410
[2017-12-12 10:26:17,375 DEBUG Engine.cloud] Response [200]: {
    "limit": 50,
    "skip": 0,
    "total": 1,
    "hidden": 0,
    "api_version": 4,
    "error": null,
    "result": [
        {
            "id": 173143,
            "name": "Default project",
            "userId": null,
            "description": nu
[2017-12-12 10:26:17,375 DEBUG Engine.cloud] Request: GET https://a.blazemeter.com/api/v4/projects?workspaceId=132723&limit=99999 None
[2017-12-12 10:26:17,377 DEBUG urllib3.connectionpool] Starting new HTTPS connection (1): a.blazemeter.com
[2017-12-12 10:26:17,752 DEBUG urllib3.connectionpool] https://a.blazemeter.com:443 "GET /api/v4/projects?workspaceId=132723&limit=99999 HTTP/1.1" 200 412
[2017-12-12 10:26:17,756 DEBUG Engine.cloud] Response [200]: {
    "limit": 50,
    "skip": 0,
    "total": 1,
    "hidden": 0,
    "api_version": 4,
    "error": null,
    "result": [
        {
            "id": 178588,
            "name": "Default project",
            "userId": null,
            "description": nu
[2017-12-12 10:26:17,756 DEBUG Engine.cloud] Request: GET https://a.blazemeter.com/api/v4/projects?workspaceId=153836&limit=99999 None
[2017-12-12 10:26:17,758 DEBUG urllib3.connectionpool] Starting new HTTPS connection (1): a.blazemeter.com
[2017-12-12 10:26:18,126 DEBUG urllib3.connectionpool] https://a.blazemeter.com:443 "GET /api/v4/projects?workspaceId=153836&limit=99999 HTTP/1.1" 200 684
[2017-12-12 10:26:18,133 DEBUG Engine.cloud] Response [200]: {
    "limit": 50,
    "skip": 0,
    "total": 2,
    "hidden": 0,
    "api_version": 4,
    "error": null,
    "result": [
        {
            "id": 202867,
            "name": "Default project",
            "userId": null,
            "description": nu
[2017-12-12 10:26:18,134 DEBUG Engine.cloud] Request: GET https://a.blazemeter.com/api/v4/projects?workspaceId=163251&limit=99999 None
[2017-12-12 10:26:18,136 DEBUG urllib3.connectionpool] Starting new HTTPS connection (1): a.blazemeter.com
[2017-12-12 10:26:18,502 DEBUG urllib3.connectionpool] https://a.blazemeter.com:443 "GET /api/v4/projects?workspaceId=163251&limit=99999 HTTP/1.1" 200 410
[2017-12-12 10:26:18,509 DEBUG Engine.cloud] Response [200]: {
    "limit": 50,
    "skip": 0,
    "total": 1,
    "hidden": 0,
    "api_version": 4,
    "error": null,
    "result": [
        {
            "id": 213729,
            "name": "Default project",
            "userId": null,
            "description": nu
[2017-12-12 10:26:18,509 DEBUG Engine.cloud] Request: GET https://a.blazemeter.com/api/v4/projects?workspaceId=135886&limit=99999 None
[2017-12-12 10:26:18,511 DEBUG urllib3.connectionpool] Starting new HTTPS connection (1): a.blazemeter.com
[2017-12-12 10:26:18,879 DEBUG urllib3.connectionpool] https://a.blazemeter.com:443 "GET /api/v4/projects?workspaceId=135886&limit=99999 HTTP/1.1" 200 679
[2017-12-12 10:26:18,886 DEBUG Engine.cloud] Response [200]: {
    "limit": 50,
    "skip": 0,
    "total": 2,
    "hidden": 0,
    "api_version": 4,
    "error": null,
    "result": [
        {
            "id": 182182,
            "name": "Default project",
            "userId": null,
            "description": nu
[2017-12-12 10:26:18,886 DEBUG Engine.cloud] Request: GET https://a.blazemeter.com/api/v4/projects?workspaceId=7199&limit=99999 None
[2017-12-12 10:26:18,891 DEBUG urllib3.connectionpool] Starting new HTTPS connection (1): a.blazemeter.com
[2017-12-12 10:26:19,263 DEBUG urllib3.connectionpool] https://a.blazemeter.com:443 "GET /api/v4/projects?workspaceId=7199&limit=99999 HTTP/1.1" 200 4294
[2017-12-12 10:26:19,267 DEBUG Engine.cloud] Response [200]: {
    "limit": 50,
    "skip": 0,
    "total": 15,
    "hidden": 0,
    "api_version": 4,
    "error": null,
    "result": [
        {
            "id": 167099,
            "name": "APM",
            "userId": null,
            "description": "JMeter with 
[2017-12-12 10:26:19,267 DEBUG Engine.cloud] Request: GET https://a.blazemeter.com/api/v4/projects?workspaceId=133217&limit=99999 None
[2017-12-12 10:26:19,270 DEBUG urllib3.connectionpool] Starting new HTTPS connection (1): a.blazemeter.com
[2017-12-12 10:26:19,633 DEBUG urllib3.connectionpool] https://a.blazemeter.com:443 "GET /api/v4/projects?workspaceId=133217&limit=99999 HTTP/1.1" 200 1613
[2017-12-12 10:26:19,640 DEBUG Engine.cloud] Response [200]: {
    "limit": 50,
    "skip": 0,
    "total": 5,
    "hidden": 0,
    "api_version": 4,
    "error": null,
    "result": [
        {
            "id": 201589,
            "name": "API - Run As Functional",
            "userId": null,
            "descript
[2017-12-12 10:26:19,641 DEBUG Engine.cloud] Request: GET https://a.blazemeter.com/api/v4/workspaces/146738 None
[2017-12-12 10:26:19,645 DEBUG urllib3.connectionpool] Starting new HTTPS connection (1): a.blazemeter.com
[2017-12-12 10:26:20,092 DEBUG urllib3.connectionpool] https://a.blazemeter.com:443 "GET /api/v4/workspaces/146738 HTTP/1.1" 200 None
[2017-12-12 10:26:20,180 DEBUG Engine.cloud] Response [200]: {
    "api_version": 4,
    "error": null,
    "result": {
        "id": 146738,
        "name": "Demo workspace",
        "userId": 368191,
        "created": 1498856673,
        "updated": 1509038523,
        "enabled": true,
        "dedicatedIpsEnabled
[2017-12-12 10:26:20,188 DEBUG Engine.cloud] Request: GET https://a.blazemeter.com/api/v4/workspaces/119008 None
[2017-12-12 10:26:20,192 DEBUG urllib3.connectionpool] Starting new HTTPS connection (1): a.blazemeter.com
[2017-12-12 10:26:20,649 DEBUG urllib3.connectionpool] https://a.blazemeter.com:443 "GET /api/v4/workspaces/119008 HTTP/1.1" 200 None
[2017-12-12 10:26:20,746 DEBUG Engine.cloud] Response [200]: {
    "api_version": 4,
    "error": null,
    "result": {
        "id": 119008,
        "name": "Default workspace",
        "userId": 339612,
        "created": 1486702692,
        "updated": 1486702692,
        "enabled": true,
        "dedicatedIpsEnab
[2017-12-12 10:26:20,752 DEBUG Engine.cloud] Request: GET https://a.blazemeter.com/api/v4/workspaces/127980 None
[2017-12-12 10:26:20,754 DEBUG urllib3.connectionpool] Starting new HTTPS connection (1): a.blazemeter.com
[2017-12-12 10:26:21,228 DEBUG urllib3.connectionpool] https://a.blazemeter.com:443 "GET /api/v4/workspaces/127980 HTTP/1.1" 200 None
[2017-12-12 10:26:21,301 DEBUG Engine.cloud] Response [200]: {
    "api_version": 4,
    "error": null,
    "result": {
        "id": 127980,
        "name": "Demo Workspace",
        "userId": 339612,
        "created": 1491255975,
        "updated": 1491255975,
        "enabled": true,
        "dedicatedIpsEnabled
[2017-12-12 10:26:21,315 DEBUG Engine.cloud] Request: GET https://a.blazemeter.com/api/v4/workspaces/127984 None
[2017-12-12 10:26:21,318 DEBUG urllib3.connectionpool] Starting new HTTPS connection (1): a.blazemeter.com
[2017-12-12 10:26:21,703 DEBUG urllib3.connectionpool] https://a.blazemeter.com:443 "GET /api/v4/workspaces/127984 HTTP/1.1" 200 None
[2017-12-12 10:26:21,846 DEBUG Engine.cloud] Response [200]: {
    "api_version": 4,
    "error": null,
    "result": {
        "id": 127984,
        "name": "Demo Workspace 2",
        "userId": 339612,
        "created": 1491261975,
        "updated": 1491261975,
        "enabled": true,
        "dedicatedIpsEnabl
[2017-12-12 10:26:21,856 DEBUG Engine.cloud] Request: GET https://a.blazemeter.com/api/v4/workspaces/132723 None
[2017-12-12 10:26:21,860 DEBUG urllib3.connectionpool] Starting new HTTPS connection (1): a.blazemeter.com
[2017-12-12 10:26:22,332 DEBUG urllib3.connectionpool] https://a.blazemeter.com:443 "GET /api/v4/workspaces/132723 HTTP/1.1" 200 None
[2017-12-12 10:26:22,406 DEBUG Engine.cloud] Response [200]: {
    "api_version": 4,
    "error": null,
    "result": {
        "id": 132723,
        "name": "Functional",
        "userId": 339612,
        "created": 1493312851,
        "updated": 1499734757,
        "enabled": true,
        "dedicatedIpsEnabled": t
[2017-12-12 10:26:22,413 DEBUG Engine.cloud] Request: GET https://a.blazemeter.com/api/v4/workspaces/153836 None
[2017-12-12 10:26:22,415 DEBUG urllib3.connectionpool] Starting new HTTPS connection (1): a.blazemeter.com
[2017-12-12 10:26:22,862 DEBUG urllib3.connectionpool] https://a.blazemeter.com:443 "GET /api/v4/workspaces/153836 HTTP/1.1" 200 None
[2017-12-12 10:26:22,935 DEBUG Engine.cloud] Response [200]: {
    "api_version": 4,
    "error": null,
    "result": {
        "id": 153836,
        "name": "blazedemo",
        "userId": 339612,
        "created": 1501870483,
        "updated": 1501870483,
        "enabled": true,
        "dedicatedIpsEnabled": tr
[2017-12-12 10:26:22,941 DEBUG Engine.cloud] Request: GET https://a.blazemeter.com/api/v4/workspaces/163251 None
[2017-12-12 10:26:22,943 DEBUG urllib3.connectionpool] Starting new HTTPS connection (1): a.blazemeter.com
[2017-12-12 10:26:23,383 DEBUG urllib3.connectionpool] https://a.blazemeter.com:443 "GET /api/v4/workspaces/163251 HTTP/1.1" 200 None
[2017-12-12 10:26:23,458 DEBUG Engine.cloud] Response [200]: {
    "api_version": 4,
    "error": null,
    "result": {
        "id": 163251,
        "name": "new opls",
        "userId": 339612,
        "created": 1505929373,
        "updated": 1505929373,
        "enabled": true,
        "dedicatedIpsEnabled": tru
[2017-12-12 10:26:23,470 DEBUG Engine.cloud] Request: GET https://a.blazemeter.com/api/v4/workspaces/135886 None
[2017-12-12 10:26:23,473 DEBUG urllib3.connectionpool] Starting new HTTPS connection (1): a.blazemeter.com
[2017-12-12 10:26:23,858 DEBUG urllib3.connectionpool] https://a.blazemeter.com:443 "GET /api/v4/workspaces/135886 HTTP/1.1" 200 None
[2017-12-12 10:26:23,999 DEBUG Engine.cloud] Response [200]: {
    "api_version": 4,
    "error": null,
    "result": {
        "id": 135886,
        "name": "scratch",
        "userId": 339612,
        "created": 1494801554,
        "updated": 1494801554,
        "enabled": true,
        "dedicatedIpsEnabled": true
[2017-12-12 10:26:24,006 DEBUG Engine.cloud] Request: GET https://a.blazemeter.com/api/v4/workspaces/7199 None
[2017-12-12 10:26:24,009 DEBUG urllib3.connectionpool] Starting new HTTPS connection (1): a.blazemeter.com
[2017-12-12 10:26:24,466 DEBUG urllib3.connectionpool] https://a.blazemeter.com:443 "GET /api/v4/workspaces/7199 HTTP/1.1" 200 None
[2017-12-12 10:26:24,539 DEBUG Engine.cloud] Response [200]: {
    "api_version": 4,
    "error": null,
    "result": {
        "id": 7199,
        "name": "CA SE Workspace",
        "userId": 307773,
        "created": 1477580960,
        "updated": 1507211353,
        "enabled": true,
        "dedicatedIpsEnabled"
[2017-12-12 10:26:24,544 DEBUG Engine.cloud] Request: GET https://a.blazemeter.com/api/v4/workspaces/133217 None
[2017-12-12 10:26:24,546 DEBUG urllib3.connectionpool] Starting new HTTPS connection (1): a.blazemeter.com
[2017-12-12 10:26:24,995 DEBUG urllib3.connectionpool] https://a.blazemeter.com:443 "GET /api/v4/workspaces/133217 HTTP/1.1" 200 None
[2017-12-12 10:26:25,084 DEBUG Engine.cloud] Response [200]: {
    "api_version": 4,
    "error": null,
    "result": {
        "id": 133217,
        "name": "SE DEMOs",
        "userId": 307773,
        "created": 1493664013,
        "updated": 1508256640,
        "enabled": true,
        "dedicatedIpsEnabled": tru
[2017-12-12 10:26:25,095 DEBUG Engine.cloud] All resource files are: ['./param.csv']
[2017-12-12 10:26:25,095 DEBUG Engine.cloud] Replace file names in config: ['./param.csv'] with ['param.csv']
[2017-12-12 10:26:25,096 DEBUG Engine.cloud] Replaced ./param.csv with param.csv
[2017-12-12 10:26:25,097 DEBUG Engine] New artifact filename: /Users/daper01/Documents/OSLo/artifacts/2017-12-12_10-26-05.222033/cloud
[2017-12-12 10:26:25,097 DEBUG root] Dumping YAML config into /Users/daper01/Documents/OSLo/artifacts/2017-12-12_10-26-05.222033/cloud.yml
[2017-12-12 10:26:25,109 DEBUG root] Dumping JSON config into /Users/daper01/Documents/OSLo/artifacts/2017-12-12_10-26-05.222033/cloud.json
[2017-12-12 10:26:25,110 DEBUG Engine.cloud] Request: GET https://a.blazemeter.com/api/v4/web/elfinder/5781129?cmd=open&target=s1_Lw None
[2017-12-12 10:26:25,111 DEBUG urllib3.connectionpool] Starting new HTTPS connection (1): a.blazemeter.com
[2017-12-12 10:26:25,724 DEBUG urllib3.connectionpool] https://a.blazemeter.com:443 "GET /api/v4/web/elfinder/5781129?cmd=open&target=s1_Lw HTTP/1.1" 200 1588
[2017-12-12 10:26:25,730 DEBUG Engine.cloud] Response [200]: {"cwd":{"name":"data","size":0,"mime":"directory","read":1,"write":1,"parent_id":"users","hash":"s1_Lw","rootRev":"","options":{"path":"","url":"","tmbUrl":"","disabled":["mkdir","archive","extract","chmod"],"separator":"\/","copyOverwrite":1,"uploadOverwr
[2017-12-12 10:26:25,730 DEBUG Engine.cloud] Test files: [u'param.csv', u'taurus.yml']
[2017-12-12 10:26:25,730 DEBUG Engine.cloud] Request: GET https://a.blazemeter.com/api/v4/web/elfinder/5781129?cmd=rm&targets[]=s1_cGFyYW0uY3N2&targets[]=s1_dGF1cnVzLnltbA None
[2017-12-12 10:26:25,733 DEBUG urllib3.connectionpool] Starting new HTTPS connection (1): a.blazemeter.com
[2017-12-12 10:26:26,923 DEBUG urllib3.connectionpool] https://a.blazemeter.com:443 "GET /api/v4/web/elfinder/5781129?cmd=rm&targets[]=s1_cGFyYW0uY3N2&targets[]=s1_dGF1cnVzLnltbA HTTP/1.1" 200 780
[2017-12-12 10:26:26,930 DEBUG Engine.cloud] Response [200]: {"removed":["s1_cGFyYW0uY3N2","s1_dGF1cnVzLnltbA"],"changed":[{"name":"data","size":0,"mime":"directory","read":1,"write":1,"parent_id":"users","hash":"s1_Lw","rootRev":"","options":{"path":"","url":"","tmbUrl":"","disabled":["mkdir","archive","extract","c
[2017-12-12 10:26:26,930 DEBUG Engine.cloud] Successfully deleted 2 test files
[2017-12-12 10:26:26,940 DEBUG Engine.cloud] Uploading files into the test: ['/Users/daper01/Documents/OSLo/param.csv']
[2017-12-12 10:26:27,046 DEBUG Engine.cloud] Request: POST https://a.blazemeter.com/api/v4/tests/5781129/files --===============2045635272095937255==
Content-Disposition: file; name="script"; filename="taurus.yml"
Content-Type: application/octet-stream

---
execution:
- concurrency: 200
  executor: jmeter
  hold-for: 2m
  locations:
    us-east-1: 2
    us-west
[2017-12-12 10:26:27,048 DEBUG urllib3.connectionpool] Starting new HTTPS connection (1): a.blazemeter.com
[2017-12-12 10:26:27,751 DEBUG urllib3.connectionpool] https://a.blazemeter.com:443 "POST /api/v4/tests/5781129/files HTTP/1.1" 201 619
[2017-12-12 10:26:27,754 DEBUG Engine.cloud] Response [201]: {
    "api_version": 4,
    "error": null,
    "result": {
        "id": 5781129,
        "name": "Taurus from Scenario",
        "userId": 339612,
        "creatorClientId": "Taurus",
        "created": 1508340357,
        "updated": 1513103187,
        "
[2017-12-12 10:26:27,754 DEBUG Engine.cloud] Request: PATCH https://a.blazemeter.com/api/v4/tests/5781129 {
 "configuration": {
  "executionType": null
 }
}
[2017-12-12 10:26:27,757 DEBUG urllib3.connectionpool] Starting new HTTPS connection (1): a.blazemeter.com
[2017-12-12 10:26:28,507 DEBUG urllib3.connectionpool] https://a.blazemeter.com:443 "PATCH /api/v4/tests/5781129 HTTP/1.1" 200 1321
[2017-12-12 10:26:28,511 DEBUG Engine.cloud] Response [200]: {
    "api_version": 4,
    "error": null,
    "result": {
        "id": 5781129,
        "name": "Taurus from Scenario",
        "userId": 339612,
        "creatorClientId": "Taurus",
        "created": 1508340357,
        "updated": 1513103188,
        "
[2017-12-12 10:26:28,512 DEBUG Engine.cloud] Request: PATCH https://a.blazemeter.com/api/v4/tests/5781129 {
 "configuration": {
  "plugins": {
   "functionalExecution": {
    "enabled": false
   }
  }
 }
}
[2017-12-12 10:26:28,514 DEBUG urllib3.connectionpool] Starting new HTTPS connection (1): a.blazemeter.com
[2017-12-12 10:26:29,074 DEBUG urllib3.connectionpool] https://a.blazemeter.com:443 "PATCH /api/v4/tests/5781129 HTTP/1.1" 200 1321
[2017-12-12 10:26:29,077 DEBUG Engine.cloud] Response [200]: {
    "api_version": 4,
    "error": null,
    "result": {
        "id": 5781129,
        "name": "Taurus from Scenario",
        "userId": 339612,
        "creatorClientId": "Taurus",
        "created": 1508340357,
        "updated": 1513103189,
        "
[2017-12-12 10:26:29,078 DEBUG Engine] Module config: final-stats defaultdict(None, {'class': 'bzt.modules.reporting.FinalStatus'})
[2017-12-12 10:26:29,078 DEBUG root] Importing module: bzt.modules.reporting
[2017-12-12 10:26:29,078 DEBUG root] Loading class: 'FinalStatus' from <module 'bzt.modules.reporting' from '/usr/local/lib/python2.7/site-packages/bzt/modules/reporting.pyc'>
[2017-12-12 10:26:29,079 DEBUG Engine] Module config: console defaultdict(None, {'class': 'bzt.modules.console.ConsoleStatusReporter'})
[2017-12-12 10:26:29,079 DEBUG root] Importing module: bzt.modules.console
[2017-12-12 10:26:29,079 DEBUG root] Loading class: 'ConsoleStatusReporter' from <module 'bzt.modules.console' from '/usr/local/lib/python2.7/site-packages/bzt/modules/console.pyc'>
[2017-12-12 10:26:29,089 DEBUG Engine.Configuration] Dumping YAML config into /Users/daper01/Documents/OSLo/artifacts/2017-12-12_10-26-05.222033/effective.yml
[2017-12-12 10:26:29,122 DEBUG Engine.Configuration] Dumping JSON config into /Users/daper01/Documents/OSLo/artifacts/2017-12-12_10-26-05.222033/effective.json
[2017-12-12 10:26:29,123 INFO Engine] Starting...
[2017-12-12 10:26:29,123 DEBUG Engine] Startup <bzt.modules.aggregator.ConsolidatingAggregator object at 0x102a86810>
[2017-12-12 10:26:29,124 DEBUG Engine] Startup <bzt.modules.reporting.FinalStatus object at 0x10376e710>
[2017-12-12 10:26:29,124 DEBUG Engine] Startup <bzt.modules.console.ConsoleStatusReporter object at 0x10376e850>
[2017-12-12 10:26:29,124 INFO Engine.console] Waiting for results...
[2017-12-12 10:26:29,124 DEBUG Engine] Startup <bzt.modules.reporting.FinalStatus object at 0x10376ed50>
[2017-12-12 10:26:29,124 DEBUG Engine] Startup <bzt.modules.blazemeter.CloudProvisioning object at 0x102a9c750>
[2017-12-12 10:26:29,124 INFO Engine.cloud.ProjectFinder.CloudTaurusTest] Initiating cloud test with https://a.blazemeter.com ...
[2017-12-12 10:26:29,124 DEBUG Engine.cloud] Request: POST https://a.blazemeter.com/api/v4/tests/5781129/start None
[2017-12-12 10:26:29,126 DEBUG urllib3.connectionpool] Starting new HTTPS connection (1): a.blazemeter.com
[2017-12-12 10:26:29,887 DEBUG urllib3.connectionpool] https://a.blazemeter.com:443 "POST /api/v4/tests/5781129/start HTTP/1.1" 202 523
[2017-12-12 10:26:29,894 DEBUG Engine.cloud] Response [202]: {
    "api_version": 4,
    "error": null,
    "result": {
        "id": 17018856,
        "name": "Taurus from Scenario",
        "userId": 339612,
        "runnerUserId": 339612,
        "creatorClientId": "Taurus",
        "executorClientId": "Taurus",

[2017-12-12 10:26:29,895 INFO Engine.cloud] Started cloud test: https://a.blazemeter.com/app/#/masters/17018856
[2017-12-12 10:26:31,292 DEBUG Engine.cloud] Request: PATCH https://a.blazemeter.com/api/v4/masters/17018856 {
 "name": "Taurus from Scenario"
}
[2017-12-12 10:26:31,355 DEBUG urllib3.connectionpool] Starting new HTTPS connection (1): a.blazemeter.com
[2017-12-12 10:26:31,766 DEBUG urllib3.connectionpool] https://a.blazemeter.com:443 "PATCH /api/v4/masters/17018856 HTTP/1.1" 200 441
[2017-12-12 10:26:31,774 DEBUG Engine.cloud] Response [200]: {
    "api_version": 4,
    "error": null,
    "result": {
        "id": 17018856,
        "name": "Taurus from Scenario",
        "userId": 339612,
        "runnerUserId": 339612,
        "creatorClientId": "Taurus",
        "executorClientId": "Taurus",

[2017-12-12 10:26:31,778 DEBUG Engine.Configuration] Dumping YAML config into /Users/daper01/Documents/OSLo/artifacts/2017-12-12_10-26-05.222033/effective.yml
[2017-12-12 10:26:31,827 DEBUG Engine.Configuration] Dumping JSON config into /Users/daper01/Documents/OSLo/artifacts/2017-12-12_10-26-05.222033/effective.json
[2017-12-12 10:26:31,829 DEBUG root] Leveling down log file verbosity, use -v option to have DEBUG messages enabled
[2017-12-12 10:26:32,218 INFO Engine.cloud] Cloud test status: BOOT_STARTING
[2017-12-12 10:26:32,862 INFO Engine.console] Waiting for finish...
[2017-12-12 10:27:02,616 INFO Engine.cloud] Cloud test status: TAURUS_ENGINE_INIT
