[2017-10-16 12:40:08,919 INFO root] Taurus CLI Tool v1.9.6
[2017-10-16 12:40:08,920 DEBUG root] Command-line options: {'verbose': None, 'no_system_configs': None, 'quiet': None, 'log': '/var/folders/vq/xzrdy2lx047cst78f69v8z3xfzqz1q/T/bzt_ueUhqj.log', 'option': None, 'aliases': []}
[2017-10-16 12:40:08,920 DEBUG root] Python: CPython 2.7.13
[2017-10-16 12:40:08,920 DEBUG root] OS: ('Darwin', 'daper01mac1124', '16.7.0', 'Darwin Kernel Version 16.7.0: Thu Jun 15 17:36:27 PDT 2017; root:xnu-3789.70.16~2/RELEASE_X86_64', 'x86_64', 'i386')
[2017-10-16 12:40:08,920 INFO root] Starting with configs: ['gatling_sample.yml']
[2017-10-16 12:40:08,920 DEBUG root] Using personal config: /Users/daper01/.bzt-rc
[2017-10-16 12:40:08,920 INFO Engine] Configuring...
[2017-10-16 12:40:08,920 DEBUG Engine] Reading extension configs from: /usr/local/etc/bzt.d
[2017-10-16 12:40:08,921 DEBUG Engine.Configuration] Configs: ['/usr/local/lib/python2.7/site-packages/bzt/resources/base-config.yml', '/usr/local/etc/bzt.d/99-installID.yml']
[2017-10-16 12:40:08,921 DEBUG Engine.Configuration] Reading /usr/local/lib/python2.7/site-packages/bzt/resources/base-config.yml as YAML
[2017-10-16 12:40:08,945 DEBUG Engine.Configuration] Reading /usr/local/etc/bzt.d/99-installID.yml as YAML
[2017-10-16 12:40:08,946 DEBUG Engine.Configuration] Configs: ['/Users/daper01/.bzt-rc', 'gatling_sample.yml']
[2017-10-16 12:40:08,947 DEBUG Engine.Configuration] Reading /Users/daper01/.bzt-rc as YAML
[2017-10-16 12:40:08,948 DEBUG Engine.Configuration] Reading gatling_sample.yml as YAML
[2017-10-16 12:40:08,950 DEBUG Engine.Configuration] Configs: ['/Users/daper01/.bzt-rc', 'gatling_sample.yml']
[2017-10-16 12:40:08,950 DEBUG Engine.Configuration] Reading /Users/daper01/.bzt-rc as YAML
[2017-10-16 12:40:08,951 DEBUG Engine.Configuration] Reading gatling_sample.yml as YAML
[2017-10-16 12:40:08,964 DEBUG Engine] Requesting updates info: http://gettaurus.org/updates/?version=1.9.6&installID=784f43782a15
[2017-10-16 12:40:08,975 INFO Engine] Artifacts dir: /Users/daper01/Documents/OSLo/Gatling/2017-10-16_12-40-08.965137
[2017-10-16 12:40:08,976 DEBUG Engine] New artifact filename: /Users/daper01/Documents/OSLo/Gatling/2017-10-16_12-40-08.965137/effective
[2017-10-16 12:40:08,979 DEBUG Engine.Configuration] Dumping YAML config into /Users/daper01/Documents/OSLo/Gatling/2017-10-16_12-40-08.965137/effective.yml
[2017-10-16 12:40:09,038 DEBUG Engine.Configuration] Dumping JSON config into /Users/daper01/Documents/OSLo/Gatling/2017-10-16_12-40-08.965137/effective.json
[2017-10-16 12:40:09,072 DEBUG Engine] New artifact filename: /Users/daper01/Documents/OSLo/Gatling/2017-10-16_12-40-08.965137/merged.yml
[2017-10-16 12:40:09,072 DEBUG Engine.Configuration] Dumping YAML config into /Users/daper01/Documents/OSLo/Gatling/2017-10-16_12-40-08.965137/merged.yml
[2017-10-16 12:40:09,104 DEBUG Engine] New artifact filename: /Users/daper01/Documents/OSLo/Gatling/2017-10-16_12-40-08.965137/merged.json
[2017-10-16 12:40:09,105 DEBUG Engine.Configuration] Dumping JSON config into /Users/daper01/Documents/OSLo/Gatling/2017-10-16_12-40-08.965137/merged.json
[2017-10-16 12:40:09,137 DEBUG Engine] Add existing artifact (move=False): gatling_sample.yml
[2017-10-16 12:40:09,137 DEBUG Engine] Copying gatling_sample.yml to /Users/daper01/Documents/OSLo/Gatling/2017-10-16_12-40-08.965137/gatling_sample.yml
[2017-10-16 12:40:09,169 DEBUG root] Closing log handler: /var/folders/vq/xzrdy2lx047cst78f69v8z3xfzqz1q/T/bzt_ueUhqj.log
[2017-10-16 12:40:09,231 DEBUG root] Switched writing logs to /Users/daper01/Documents/OSLo/Gatling/2017-10-16_12-40-08.965137/bzt.log
[2017-10-16 12:40:09,231 INFO Engine] Preparing...
[2017-10-16 12:40:09,232 DEBUG Engine] Module config: consolidator defaultdict(None, {'class': 'bzt.modules.aggregator.ConsolidatingAggregator'})
[2017-10-16 12:40:09,232 DEBUG root] Importing module: bzt.modules.aggregator
[2017-10-16 12:40:09,234 DEBUG root] Loading class: 'ConsolidatingAggregator' from <module 'bzt.modules.aggregator' from '/usr/local/lib/python2.7/site-packages/bzt/modules/aggregator.pyc'>
[2017-10-16 12:40:09,234 DEBUG Engine.consolidator] Exception in dehumanize_time(inf)
[2017-10-16 12:40:09,234 DEBUG Engine.consolidator] Buffer scaling setup: percentile 95.0 from [0.0, 50.0, 90.0, 95.0, 99.0, 99.9, 100.0] selected
[2017-10-16 12:40:09,235 DEBUG Engine] Module config: monitoring defaultdict(None, {'class': 'bzt.modules.monitoring.Monitoring'})
[2017-10-16 12:40:09,235 DEBUG root] Importing module: bzt.modules.monitoring
[2017-10-16 12:40:09,262 DEBUG root] Loading class: 'Monitoring' from <module 'bzt.modules.monitoring' from '/usr/local/lib/python2.7/site-packages/bzt/modules/monitoring.pyc'>
[2017-10-16 12:40:09,262 DEBUG Engine] Module config: local defaultdict(None, {'class': 'bzt.modules.provisioning.Local'})
[2017-10-16 12:40:09,262 DEBUG root] Importing module: bzt.modules.provisioning
[2017-10-16 12:40:09,262 DEBUG root] Loading class: 'Local' from <module 'bzt.modules.provisioning' from '/usr/local/lib/python2.7/site-packages/bzt/modules/provisioning.pyc'>
[2017-10-16 12:40:09,262 DEBUG Engine] Module config: gatling defaultdict(None, {'version': '2.2.4', 'class': 'bzt.modules.gatling.GatlingExecutor', 'properties': defaultdict(None, {'gatling.data.file.bufferSize': 256})})
[2017-10-16 12:40:09,262 DEBUG root] Importing module: bzt.modules.gatling
[2017-10-16 12:40:09,263 DEBUG root] Loading class: 'GatlingExecutor' from <module 'bzt.modules.gatling' from '/usr/local/lib/python2.7/site-packages/bzt/modules/gatling.pyc'>
[2017-10-16 12:40:09,263 DEBUG Engine.local] Preparing executor: gatling/4515409360
[2017-10-16 12:40:09,263 DEBUG Engine.gatling.TclLibrary] We don't need to check tcl library on this platform
[2017-10-16 12:40:09,263 DEBUG Engine.gatling.JavaVM] Trying JavaVM: ['java', '-version']
[2017-10-16 12:40:09,401 DEBUG Engine] Taurus updates info: {"latest":"1.9.6","needsUpgrade":false}
[2017-10-16 12:40:09,401 DEBUG Engine] Installation is up-to-date
[2017-10-16 12:40:09,405 DEBUG Engine.gatling.JavaVM] JavaVM output: java version "1.8.0_121"
Java(TM) SE Runtime Environment (build 1.8.0_121-b13)
Java HotSpot(TM) 64-Bit Server VM (build 25.121-b13, mixed mode)

[2017-10-16 12:40:09,405 DEBUG Engine.gatling.Gatling] Trying Gatling: /Users/daper01/.bzt/gatling-taurus/2.2.4/bin/gatling.sh
[2017-10-16 12:40:09,405 DEBUG bzt.utils] Executing shell: ['/Users/daper01/.bzt/gatling-taurus/2.2.4/bin/gatling.sh', '--help']
[2017-10-16 12:40:09,517 INFO Engine.gatling.Gatling] Gatling check failed.
[2017-10-16 12:40:09,518 INFO Engine.gatling.Gatling] Will install Gatling into /Users/daper01/.bzt/gatling-taurus/2.2.4
[2017-10-16 12:40:09,518 INFO Engine.gatling.Gatling] Downloading: https://repo1.maven.org/maven2/io/gatling/highcharts/gatling-charts-highcharts-bundle/2.2.4/gatling-charts-highcharts-bundle-2.2.4-bundle.zip
[2017-10-16 12:50:51,973 INFO Engine.gatling.Gatling] Unzipping /var/folders/vq/xzrdy2lx047cst78f69v8z3xfzqz1q/T/tmpeFr3fK.zip
[2017-10-16 12:50:51,973 DEBUG root] Extracting /var/folders/vq/xzrdy2lx047cst78f69v8z3xfzqz1q/T/tmpeFr3fK.zip to /Users/daper01/.bzt/gatling-taurus/2.2.4
[2017-10-16 12:50:51,974 DEBUG root] Writing /Users/daper01/.bzt/gatling-taurus/2.2.4/bin/
[2017-10-16 12:50:51,975 DEBUG root] Writing /Users/daper01/.bzt/gatling-taurus/2.2.4/bin/gatling.bat
[2017-10-16 12:50:51,985 DEBUG root] Writing /Users/daper01/.bzt/gatling-taurus/2.2.4/bin/gatling.sh
[2017-10-16 12:50:52,021 DEBUG root] Writing /Users/daper01/.bzt/gatling-taurus/2.2.4/bin/recorder.bat
[2017-10-16 12:50:52,038 DEBUG root] Writing /Users/daper01/.bzt/gatling-taurus/2.2.4/bin/recorder.sh
[2017-10-16 12:50:52,073 DEBUG root] Writing /Users/daper01/.bzt/gatling-taurus/2.2.4/conf/
[2017-10-16 12:50:52,073 DEBUG root] Writing /Users/daper01/.bzt/gatling-taurus/2.2.4/conf/gatling-akka.conf
[2017-10-16 12:50:52,105 DEBUG root] Writing /Users/daper01/.bzt/gatling-taurus/2.2.4/conf/gatling.conf
[2017-10-16 12:50:52,137 DEBUG root] Writing /Users/daper01/.bzt/gatling-taurus/2.2.4/conf/logback.xml
[2017-10-16 12:50:52,146 DEBUG root] Writing /Users/daper01/.bzt/gatling-taurus/2.2.4/conf/recorder.conf
[2017-10-16 12:50:52,177 DEBUG root] Writing /Users/daper01/.bzt/gatling-taurus/2.2.4/lib/
[2017-10-16 12:50:52,177 DEBUG root] Writing /Users/daper01/.bzt/gatling-taurus/2.2.4/lib/akka-actor_2.11-2.4.12.jar
[2017-10-16 12:50:52,207 DEBUG root] Writing /Users/daper01/.bzt/gatling-taurus/2.2.4/lib/akka-slf4j_2.11-2.4.12.jar
[2017-10-16 12:50:52,213 DEBUG root] Writing /Users/daper01/.bzt/gatling-taurus/2.2.4/lib/async-http-client-2.0.29.jar
[2017-10-16 12:50:52,221 DEBUG root] Writing /Users/daper01/.bzt/gatling-taurus/2.2.4/lib/async-http-client-netty-utils-2.0.29.jar
[2017-10-16 12:50:52,231 DEBUG root] Writing /Users/daper01/.bzt/gatling-taurus/2.2.4/lib/bcpkix-jdk15on-1.55.jar
[2017-10-16 12:50:52,242 DEBUG root] Writing /Users/daper01/.bzt/gatling-taurus/2.2.4/lib/bcprov-jdk15on-1.55.jar
[2017-10-16 12:50:52,274 DEBUG root] Writing /Users/daper01/.bzt/gatling-taurus/2.2.4/lib/boon-json-0.6.6.jar
[2017-10-16 12:50:52,281 DEBUG root] Writing /Users/daper01/.bzt/gatling-taurus/2.2.4/lib/boon-reflekt-0.6.6.jar
[2017-10-16 12:50:52,290 DEBUG root] Writing /Users/daper01/.bzt/gatling-taurus/2.2.4/lib/boopickle_2.11-1.2.4.jar
[2017-10-16 12:50:52,302 DEBUG root] Writing /Users/daper01/.bzt/gatling-taurus/2.2.4/lib/caffeine-2.3.5.jar
[2017-10-16 12:50:52,316 DEBUG root] Writing /Users/daper01/.bzt/gatling-taurus/2.2.4/lib/commons-pool-1.6.jar
[2017-10-16 12:50:52,322 DEBUG root] Writing /Users/daper01/.bzt/gatling-taurus/2.2.4/lib/config-1.3.1.jar
[2017-10-16 12:50:52,333 DEBUG root] Writing /Users/daper01/.bzt/gatling-taurus/2.2.4/lib/fastring_2.11-0.2.4.jar
[2017-10-16 12:50:52,340 DEBUG root] Writing /Users/daper01/.bzt/gatling-taurus/2.2.4/lib/gatling-app-2.2.4.jar
[2017-10-16 12:50:52,346 DEBUG root] Writing /Users/daper01/.bzt/gatling-taurus/2.2.4/lib/gatling-charts-2.2.4.jar
[2017-10-16 12:50:52,356 DEBUG root] Writing /Users/daper01/.bzt/gatling-taurus/2.2.4/lib/gatling-charts-highcharts-2.2.4.jar
[2017-10-16 12:50:52,363 DEBUG root] Writing /Users/daper01/.bzt/gatling-taurus/2.2.4/lib/gatling-commons-2.2.4.jar
[2017-10-16 12:50:52,372 DEBUG root] Writing /Users/daper01/.bzt/gatling-taurus/2.2.4/lib/gatling-core-2.2.4.jar
[2017-10-16 12:50:52,393 DEBUG root] Writing /Users/daper01/.bzt/gatling-taurus/2.2.4/lib/gatling-http-2.2.4.jar
[2017-10-16 12:50:52,410 DEBUG root] Writing /Users/daper01/.bzt/gatling-taurus/2.2.4/lib/gatling-jdbc-2.2.4.jar
[2017-10-16 12:50:52,416 DEBUG root] Writing /Users/daper01/.bzt/gatling-taurus/2.2.4/lib/gatling-jms-2.2.4.jar
[2017-10-16 12:50:52,424 DEBUG root] Writing /Users/daper01/.bzt/gatling-taurus/2.2.4/lib/gatling-metrics-2.2.4.jar
[2017-10-16 12:50:52,430 DEBUG root] Writing /Users/daper01/.bzt/gatling-taurus/2.2.4/lib/gatling-recorder-2.2.4.jar
[2017-10-16 12:50:52,442 DEBUG root] Writing /Users/daper01/.bzt/gatling-taurus/2.2.4/lib/gatling-redis-2.2.4.jar
[2017-10-16 12:50:52,448 DEBUG root] Writing /Users/daper01/.bzt/gatling-taurus/2.2.4/lib/geronimo-jms_1.1_spec-1.1.1.jar
[2017-10-16 12:50:52,455 DEBUG root] Writing /Users/daper01/.bzt/gatling-taurus/2.2.4/lib/HdrHistogram-2.1.9.jar
[2017-10-16 12:50:52,462 DEBUG root] Writing /Users/daper01/.bzt/gatling-taurus/2.2.4/lib/jackson-annotations-2.8.0.jar
[2017-10-16 12:50:52,468 DEBUG root] Writing /Users/daper01/.bzt/gatling-taurus/2.2.4/lib/jackson-core-2.8.4.jar
[2017-10-16 12:50:52,480 DEBUG root] Writing /Users/daper01/.bzt/gatling-taurus/2.2.4/lib/jackson-databind-2.8.4.jar
[2017-10-16 12:50:52,497 DEBUG root] Writing /Users/daper01/.bzt/gatling-taurus/2.2.4/lib/jackson-dataformat-csv-2.8.4.jar
[2017-10-16 12:50:52,503 DEBUG root] Writing /Users/daper01/.bzt/gatling-taurus/2.2.4/lib/javassist-3.21.0-GA.jar
[2017-10-16 12:50:52,516 DEBUG root] Writing /Users/daper01/.bzt/gatling-taurus/2.2.4/lib/jodd-core-3.8.0.jar
[2017-10-16 12:50:52,524 DEBUG root] Writing /Users/daper01/.bzt/gatling-taurus/2.2.4/lib/jodd-lagarto-3.8.0.jar
[2017-10-16 12:50:52,532 DEBUG root] Writing /Users/daper01/.bzt/gatling-taurus/2.2.4/lib/jodd-log-3.8.0.jar
[2017-10-16 12:50:52,537 DEBUG root] Writing /Users/daper01/.bzt/gatling-taurus/2.2.4/lib/jsonpath_2.11-0.6.8.jar
[2017-10-16 12:50:52,544 DEBUG root] Writing /Users/daper01/.bzt/gatling-taurus/2.2.4/lib/logback-classic-1.1.7.jar
[2017-10-16 12:50:52,553 DEBUG root] Writing /Users/daper01/.bzt/gatling-taurus/2.2.4/lib/logback-core-1.1.7.jar
[2017-10-16 12:50:52,562 DEBUG root] Writing /Users/daper01/.bzt/gatling-taurus/2.2.4/lib/netty-buffer-4.0.44.Final.jar
[2017-10-16 12:50:52,585 DEBUG root] Writing /Users/daper01/.bzt/gatling-taurus/2.2.4/lib/netty-codec-4.0.44.Final.jar
[2017-10-16 12:50:52,599 DEBUG root] Writing /Users/daper01/.bzt/gatling-taurus/2.2.4/lib/netty-codec-dns-2.0.29.jar
[2017-10-16 12:50:52,607 DEBUG root] Writing /Users/daper01/.bzt/gatling-taurus/2.2.4/lib/netty-codec-http-4.0.44.Final.jar
[2017-10-16 12:50:52,620 DEBUG root] Writing /Users/daper01/.bzt/gatling-taurus/2.2.4/lib/netty-common-4.0.44.Final.jar
[2017-10-16 12:50:52,633 DEBUG root] Writing /Users/daper01/.bzt/gatling-taurus/2.2.4/lib/netty-handler-4.0.44.Final.jar
[2017-10-16 12:50:52,644 DEBUG root] Writing /Users/daper01/.bzt/gatling-taurus/2.2.4/lib/netty-reactive-streams-1.0.8.jar
[2017-10-16 12:50:52,653 DEBUG root] Writing /Users/daper01/.bzt/gatling-taurus/2.2.4/lib/netty-resolver-2.0.29.jar
[2017-10-16 12:50:52,660 DEBUG root] Writing /Users/daper01/.bzt/gatling-taurus/2.2.4/lib/netty-resolver-dns-2.0.29.jar
[2017-10-16 12:50:52,666 DEBUG root] Writing /Users/daper01/.bzt/gatling-taurus/2.2.4/lib/netty-transport-4.0.44.Final.jar
[2017-10-16 12:50:52,675 DEBUG root] Writing /Users/daper01/.bzt/gatling-taurus/2.2.4/lib/netty-transport-native-epoll-4.0.44.Final-linux-x86_64.jar
[2017-10-16 12:50:52,682 DEBUG root] Writing /Users/daper01/.bzt/gatling-taurus/2.2.4/lib/quicklens_2.11-1.4.8.jar
[2017-10-16 12:50:52,689 DEBUG root] Writing /Users/daper01/.bzt/gatling-taurus/2.2.4/lib/reactive-streams-1.0.0.jar
[2017-10-16 12:50:52,699 DEBUG root] Writing /Users/daper01/.bzt/gatling-taurus/2.2.4/lib/redisclient_2.11-3.2.jar
[2017-10-16 12:50:52,712 DEBUG root] Writing /Users/daper01/.bzt/gatling-taurus/2.2.4/lib/Saxon-HE-9.7.0-10.jar
[2017-10-16 12:50:52,753 DEBUG root] Writing /Users/daper01/.bzt/gatling-taurus/2.2.4/lib/scala-compiler-2.11.8.jar
[2017-10-16 12:50:52,879 DEBUG root] Writing /Users/daper01/.bzt/gatling-taurus/2.2.4/lib/scala-java8-compat_2.11-0.8.0-RC7.jar
[2017-10-16 12:50:52,896 DEBUG root] Writing /Users/daper01/.bzt/gatling-taurus/2.2.4/lib/scala-library-2.11.8.jar
[2017-10-16 12:50:52,946 DEBUG root] Writing /Users/daper01/.bzt/gatling-taurus/2.2.4/lib/scala-logging_2.11-3.5.0.jar
[2017-10-16 12:50:52,954 DEBUG root] Writing /Users/daper01/.bzt/gatling-taurus/2.2.4/lib/scala-parser-combinators_2.11-1.0.4.jar
[2017-10-16 12:50:52,963 DEBUG root] Writing /Users/daper01/.bzt/gatling-taurus/2.2.4/lib/scala-reflect-2.11.8.jar
[2017-10-16 12:50:53,004 DEBUG root] Writing /Users/daper01/.bzt/gatling-taurus/2.2.4/lib/scala-swing_2.11-1.0.2.jar
[2017-10-16 12:50:53,016 DEBUG root] Writing /Users/daper01/.bzt/gatling-taurus/2.2.4/lib/scala-xml_2.11-1.0.5.jar
[2017-10-16 12:50:53,027 DEBUG root] Writing /Users/daper01/.bzt/gatling-taurus/2.2.4/lib/scopt_2.11-3.5.0.jar
[2017-10-16 12:50:53,034 DEBUG root] Writing /Users/daper01/.bzt/gatling-taurus/2.2.4/lib/slf4j-api-1.7.24.jar
[2017-10-16 12:50:53,039 DEBUG root] Writing /Users/daper01/.bzt/gatling-taurus/2.2.4/lib/t-digest-3.1.jar
[2017-10-16 12:50:53,045 DEBUG root] Writing /Users/daper01/.bzt/gatling-taurus/2.2.4/lib/zinc/
[2017-10-16 12:50:53,045 DEBUG root] Writing /Users/daper01/.bzt/gatling-taurus/2.2.4/lib/zinc/compiler-interface-0.13.12-sources.jar
[2017-10-16 12:50:53,051 DEBUG root] Writing /Users/daper01/.bzt/gatling-taurus/2.2.4/lib/zinc/config-1.3.1.jar
[2017-10-16 12:50:53,060 DEBUG root] Writing /Users/daper01/.bzt/gatling-taurus/2.2.4/lib/zinc/gatling-compiler-2.2.4.jar
[2017-10-16 12:50:53,066 DEBUG root] Writing /Users/daper01/.bzt/gatling-taurus/2.2.4/lib/zinc/incremental-compiler-0.13.12.jar
[2017-10-16 12:50:53,092 DEBUG root] Writing /Users/daper01/.bzt/gatling-taurus/2.2.4/lib/zinc/logback-classic-1.1.7.jar
[2017-10-16 12:50:53,101 DEBUG root] Writing /Users/daper01/.bzt/gatling-taurus/2.2.4/lib/zinc/logback-core-1.1.7.jar
[2017-10-16 12:50:53,110 DEBUG root] Writing /Users/daper01/.bzt/gatling-taurus/2.2.4/lib/zinc/sbt-interface-0.13.12.jar
[2017-10-16 12:50:53,119 DEBUG root] Writing /Users/daper01/.bzt/gatling-taurus/2.2.4/lib/zinc/scala-library.jar
[2017-10-16 12:50:53,183 DEBUG root] Writing /Users/daper01/.bzt/gatling-taurus/2.2.4/lib/zinc/scala-reflect.jar
[2017-10-16 12:50:53,213 DEBUG root] Writing /Users/daper01/.bzt/gatling-taurus/2.2.4/lib/zinc/scopt_2.10-3.5.0.jar
[2017-10-16 12:50:53,220 DEBUG root] Writing /Users/daper01/.bzt/gatling-taurus/2.2.4/lib/zinc/slf4j-api-1.7.21.jar
[2017-10-16 12:50:53,226 DEBUG root] Writing /Users/daper01/.bzt/gatling-taurus/2.2.4/lib/zinc/zinc-0.3.12.jar
[2017-10-16 12:50:53,235 DEBUG root] Writing /Users/daper01/.bzt/gatling-taurus/2.2.4/LICENSE
[2017-10-16 12:50:53,238 DEBUG root] Writing /Users/daper01/.bzt/gatling-taurus/2.2.4/results/
[2017-10-16 12:50:53,239 DEBUG root] Writing /Users/daper01/.bzt/gatling-taurus/2.2.4/results/.keep
[2017-10-16 12:50:53,239 DEBUG root] Writing /Users/daper01/.bzt/gatling-taurus/2.2.4/user-files/
[2017-10-16 12:50:53,239 DEBUG root] Writing /Users/daper01/.bzt/gatling-taurus/2.2.4/user-files/bodies/
[2017-10-16 12:50:53,239 DEBUG root] Writing /Users/daper01/.bzt/gatling-taurus/2.2.4/user-files/bodies/.keep
[2017-10-16 12:50:53,239 DEBUG root] Writing /Users/daper01/.bzt/gatling-taurus/2.2.4/user-files/data/
[2017-10-16 12:50:53,240 DEBUG root] Writing /Users/daper01/.bzt/gatling-taurus/2.2.4/user-files/data/search.csv
[2017-10-16 12:50:53,250 DEBUG root] Writing /Users/daper01/.bzt/gatling-taurus/2.2.4/user-files/simulations/
[2017-10-16 12:50:53,250 DEBUG root] Writing /Users/daper01/.bzt/gatling-taurus/2.2.4/user-files/simulations/computerdatabase/
[2017-10-16 12:50:53,250 DEBUG root] Writing /Users/daper01/.bzt/gatling-taurus/2.2.4/user-files/simulations/computerdatabase/advanced/
[2017-10-16 12:50:53,250 DEBUG root] Writing /Users/daper01/.bzt/gatling-taurus/2.2.4/user-files/simulations/computerdatabase/advanced/AdvancedSimulationStep01.scala
[2017-10-16 12:50:53,284 DEBUG root] Writing /Users/daper01/.bzt/gatling-taurus/2.2.4/user-files/simulations/computerdatabase/advanced/AdvancedSimulationStep02.scala
[2017-10-16 12:50:53,316 DEBUG root] Writing /Users/daper01/.bzt/gatling-taurus/2.2.4/user-files/simulations/computerdatabase/advanced/AdvancedSimulationStep03.scala
[2017-10-16 12:50:53,348 DEBUG root] Writing /Users/daper01/.bzt/gatling-taurus/2.2.4/user-files/simulations/computerdatabase/advanced/AdvancedSimulationStep04.scala
[2017-10-16 12:50:53,380 DEBUG root] Writing /Users/daper01/.bzt/gatling-taurus/2.2.4/user-files/simulations/computerdatabase/advanced/AdvancedSimulationStep05.scala
[2017-10-16 12:50:53,413 DEBUG root] Writing /Users/daper01/.bzt/gatling-taurus/2.2.4/user-files/simulations/computerdatabase/BasicSimulation.scala
[2017-10-16 12:50:53,450 INFO Engine.gatling.Gatling] Installed Gatling successfully
[2017-10-16 12:50:53,450 DEBUG Engine.gatling.Gatling] Trying Gatling: /Users/daper01/.bzt/gatling-taurus/2.2.4/bin/gatling.sh
[2017-10-16 12:50:53,451 DEBUG bzt.utils] Executing shell: ['/Users/daper01/.bzt/gatling-taurus/2.2.4/bin/gatling.sh', '--help']
[2017-10-16 12:50:55,547 DEBUG Engine.gatling.Gatling] Gatling check is successful: ("GATLING_HOME is set to /Users/daper01/.bzt/gatling-taurus/2.2.4\nUsage: compiler [options]\n\n  -h, --help               \n  -sf, --simulations-folder <value>\n                           \n  -bf, --binaries-folder <value>\n                           \n  -ccp, --compilerClasspath <value>\n                           \nUsage: gatling [options]\n\n  -h, --help               Show help (this message) and exit\n  -nr, --no-reports        Runs simulation but does not generate reports\n  -m, --mute               Runs in mute mode: doesn't ask for run description or simulation ID, uses defaults\n  -ro, --reports-only <directoryName>\n                           Generates the reports for the simulation in <directoryName>\n  -df, --data-folder <directoryPath>\n                           Uses <directoryPath> as the absolute path of the directory where feeders are stored\n  -rf, --results-folder <directoryPath>\n                           Uses <directoryPath> as the absolute path of the directory where results are stored\n  -bdf, --bodies-folder <directoryPath>\n                           Uses <directoryPath> as the absolute path of the directory where bodies are stored\n  -sf, --simulations-folder <directoryPath>\n                           Uses <directoryPath> to discover simulations that could be run\n  -bf, --binaries-folder <directoryPath>\n                           Uses <directoryPath> as the absolute path of the directory where Gatling should produce compiled binaries\n  -s, --simulation <className>\n                           Runs <className> simulation\n  -on, --output-name <name>\n                           Use <name> for the base name of the output directory\n  -rd, --run-description <description>\n                           A short <description> of the run to include in the report\n", None)
[2017-10-16 12:50:55,548 DEBUG Engine.gatling] Extract defaultdict(None, {'keepalive': True, 'simulation': 'BlazeDemo', 'script': './BlazeDemo.scala'}) into scenarios
[2017-10-16 12:50:55,548 DEBUG Engine.gatling] JAR files list for Gatling: []
[2017-10-16 12:50:55,548 DEBUG Engine.gatling] Will not build Gatling launcher
[2017-10-16 12:50:55,549 DEBUG Engine] Module config: final-stats defaultdict(None, {'class': 'bzt.modules.reporting.FinalStatus'})
[2017-10-16 12:50:55,549 DEBUG root] Importing module: bzt.modules.reporting
[2017-10-16 12:50:55,651 DEBUG easyprocess] version=0.2.3
[2017-10-16 12:50:55,654 DEBUG pyvirtualdisplay] version=0.2.1
[2017-10-16 12:50:55,655 DEBUG root] Loading class: 'FinalStatus' from <module 'bzt.modules.reporting' from '/usr/local/lib/python2.7/site-packages/bzt/modules/reporting.pyc'>
[2017-10-16 12:50:55,656 DEBUG Engine] Module config: console defaultdict(None, {'class': 'bzt.modules.console.ConsoleStatusReporter'})
[2017-10-16 12:50:55,656 DEBUG root] Importing module: bzt.modules.console
[2017-10-16 12:50:55,656 DEBUG root] Loading class: 'ConsoleStatusReporter' from <module 'bzt.modules.console' from '/usr/local/lib/python2.7/site-packages/bzt/modules/console.pyc'>
[2017-10-16 12:50:55,662 DEBUG Engine.Configuration] Dumping YAML config into /Users/daper01/Documents/OSLo/Gatling/2017-10-16_12-40-08.965137/effective.yml
[2017-10-16 12:50:55,713 DEBUG Engine.Configuration] Dumping JSON config into /Users/daper01/Documents/OSLo/Gatling/2017-10-16_12-40-08.965137/effective.json
[2017-10-16 12:50:55,744 INFO Engine] Starting...
[2017-10-16 12:50:55,744 DEBUG Engine] Startup <bzt.modules.monitoring.Monitoring object at 0x10c8cc050>
[2017-10-16 12:50:55,744 DEBUG Engine] Startup <bzt.modules.aggregator.ConsolidatingAggregator object at 0x10c8af050>
[2017-10-16 12:50:55,744 DEBUG Engine] Startup <bzt.modules.reporting.FinalStatus object at 0x10d492750>
[2017-10-16 12:50:55,744 DEBUG Engine] Startup <bzt.modules.console.ConsoleStatusReporter object at 0x10d492410>
[2017-10-16 12:50:55,744 INFO Engine.console] Waiting for results...
[2017-10-16 12:50:55,744 DEBUG Engine] Startup <bzt.modules.provisioning.Local object at 0x10c8af650>
[2017-10-16 12:50:55,744 DEBUG Engine.local] Delay setup for gatling/BlazeDemo.scala: 0(start-at) + 0(delay) = 0
[2017-10-16 12:50:55,746 DEBUG Engine.Configuration] Dumping YAML config into /Users/daper01/Documents/OSLo/Gatling/2017-10-16_12-40-08.965137/effective.yml
[2017-10-16 12:50:55,797 DEBUG Engine.Configuration] Dumping JSON config into /Users/daper01/Documents/OSLo/Gatling/2017-10-16_12-40-08.965137/effective.json
[2017-10-16 12:50:55,828 DEBUG root] Leveling down log file verbosity, use -v option to have DEBUG messages enabled
[2017-10-16 12:50:56,117 INFO Engine.console] Waiting for finish...
[2017-10-16 12:51:19,177 WARNING Engine] Please wait for graceful shutdown...
[2017-10-16 12:51:19,184 DEBUG root] Leveled up log file verbosity
[2017-10-16 12:51:19,184 INFO Engine] Shutting down...
[2017-10-16 12:51:19,191 DEBUG Engine.local] Shutdown gatling/BlazeDemo.scala
[2017-10-16 12:51:19,356 DEBUG Engine.local] Exception in shutdown of GatlingExecutor:  Traceback (most recent call last):
  File "/usr/local/lib/python2.7/site-packages/bzt/modules/provisioning.py", line 139, in shutdown
    executor.shutdown()
  File "/usr/local/lib/python2.7/site-packages/bzt/modules/gatling.py", line 458, in shutdown
    shutdown_process(self.process, self.log)
  File "/usr/local/lib/python2.7/site-packages/bzt/utils.py", line 686, in shutdown_process
    time.sleep(1)
KeyboardInterrupt

[2017-10-16 12:51:19,357 DEBUG Engine] :
Traceback (most recent call last):
  File "/usr/local/lib/python2.7/site-packages/bzt/engine.py", line 244, in _shutdown
    module.shutdown()
  File "/usr/local/lib/python2.7/site-packages/bzt/modules/provisioning.py", line 146, in shutdown
    reraise(exc_info)
  File "/usr/local/lib/python2.7/site-packages/bzt/modules/provisioning.py", line 139, in shutdown
    executor.shutdown()
  File "/usr/local/lib/python2.7/site-packages/bzt/modules/gatling.py", line 458, in shutdown
    shutdown_process(self.process, self.log)
  File "/usr/local/lib/python2.7/site-packages/bzt/utils.py", line 686, in shutdown_process
    time.sleep(1)
KeyboardInterrupt

[2017-10-16 12:51:19,357 DEBUG Engine.console] Restoring logging streams, [<logging.StreamHandler object at 0x10bdf7690>]/{<logging.StreamHandler object at 0x10bdf7690>: <open file '<stdout>', mode 'w' at 0x10b267150>}
[2017-10-16 12:51:19,360 DEBUG Engine.Configuration] Dumping YAML config into /Users/daper01/Documents/OSLo/Gatling/2017-10-16_12-40-08.965137/effective.yml
[2017-10-16 12:51:19,438 DEBUG Engine.Configuration] Dumping JSON config into /Users/daper01/Documents/OSLo/Gatling/2017-10-16_12-40-08.965137/effective.json
[2017-10-16 12:51:19,475 DEBUG Engine] :
Traceback (most recent call last):
  File "/usr/local/lib/python2.7/site-packages/bzt/engine.py", line 193, in run
    self._shutdown()
  File "/usr/local/lib/python2.7/site-packages/bzt/engine.py", line 252, in _shutdown
    reraise(exc_info)
  File "/usr/local/lib/python2.7/site-packages/bzt/engine.py", line 244, in _shutdown
    module.shutdown()
  File "/usr/local/lib/python2.7/site-packages/bzt/modules/provisioning.py", line 146, in shutdown
    reraise(exc_info)
  File "/usr/local/lib/python2.7/site-packages/bzt/modules/provisioning.py", line 139, in shutdown
    executor.shutdown()
  File "/usr/local/lib/python2.7/site-packages/bzt/modules/gatling.py", line 458, in shutdown
    shutdown_process(self.process, self.log)
  File "/usr/local/lib/python2.7/site-packages/bzt/utils.py", line 686, in shutdown_process
    time.sleep(1)
KeyboardInterrupt

[2017-10-16 12:51:19,475 WARNING root] Keyboard interrupt
[2017-10-16 12:51:19,476 DEBUG root] KeyboardInterrupt: 
Traceback (most recent call last):
  File "/usr/local/lib/python2.7/site-packages/bzt/cli.py", line 221, in perform
    self.engine.run()
  File "/usr/local/lib/python2.7/site-packages/bzt/engine.py", line 202, in run
    reraise(exc_info)
  File "/usr/local/lib/python2.7/site-packages/bzt/engine.py", line 184, in run
    self._wait()
  File "/usr/local/lib/python2.7/site-packages/bzt/engine.py", line 227, in _wait
    time.sleep(delay)
KeyboardInterrupt
[2017-10-16 12:51:19,476 INFO Engine] Post-processing...
[2017-10-16 12:51:19,476 DEBUG Engine.local] Post-process gatling/BlazeDemo.scala
[2017-10-16 12:51:19,476 DEBUG Engine] Add existing artifact (move=False): /Users/daper01/Documents/OSLo/Gatling/2017-10-16_12-40-08.965137/gatling-4515409360-1508172662319/simulation.log
[2017-10-16 12:51:19,476 DEBUG Engine] Copying /Users/daper01/Documents/OSLo/Gatling/2017-10-16_12-40-08.965137/gatling-4515409360-1508172662319/simulation.log to /Users/daper01/Documents/OSLo/Gatling/2017-10-16_12-40-08.965137/simulation.log
[2017-10-16 12:51:19,509 DEBUG Engine.gatling.DataLogReader] Reading gatling results
[2017-10-16 12:51:19,509 DEBUG Engine.gatling.DataLogReader] Buffer len: 2
[2017-10-16 12:51:19,509 DEBUG Engine.gatling.DataLogReader] Aggregating: 1508172677
[2017-10-16 12:51:19,510 DEBUG Engine.gatling.DataLogReader] Aggregating: 1508172678
[2017-10-16 12:51:19,511 DEBUG Engine.consolidator] Consolidator buffer[4]: [1508172675, 1508172676, 1508172677, 1508172678]
[2017-10-16 12:51:19,511 DEBUG Engine.consolidator] Merging into 1508172675
[2017-10-16 12:51:19,511 DEBUG Engine.consolidator] Merging 1508172675
[2017-10-16 12:51:19,514 DEBUG Engine.consolidator] Processed datapoint: 1508172675/None
[2017-10-16 12:51:19,514 DEBUG Engine.consolidator] Merging into 1508172676
[2017-10-16 12:51:19,514 DEBUG Engine.consolidator] Merging 1508172676
[2017-10-16 12:51:19,517 DEBUG Engine.consolidator] Processed datapoint: 1508172676/None
[2017-10-16 12:51:19,517 DEBUG Engine.consolidator] Merging into 1508172677
[2017-10-16 12:51:19,517 DEBUG Engine.consolidator] Merging 1508172677
[2017-10-16 12:51:19,519 DEBUG Engine.consolidator] Processed datapoint: 1508172677/None
[2017-10-16 12:51:19,519 DEBUG Engine.consolidator] Merging into 1508172678
[2017-10-16 12:51:19,519 DEBUG Engine.consolidator] Merging 1508172678
[2017-10-16 12:51:19,522 DEBUG Engine.consolidator] Processed datapoint: 1508172678/None
[2017-10-16 12:51:19,523 INFO Engine.final-stats] Test duration: 0:00:24
[2017-10-16 12:51:19,523 INFO Engine.final-stats] Samples count: 26, 0.00% failures
[2017-10-16 12:51:19,523 INFO Engine.final-stats] Average times: total 0.347, latency 0.000, connect 0.000
[2017-10-16 12:51:19,523 INFO Engine.final-stats] Percentile 0.0%: 0.229
[2017-10-16 12:51:19,523 INFO Engine.final-stats] Percentile 50.0%: 0.349
[2017-10-16 12:51:19,523 INFO Engine.final-stats] Percentile 90.0%: 0.619
[2017-10-16 12:51:19,523 INFO Engine.final-stats] Percentile 95.0%: 0.638
[2017-10-16 12:51:19,523 INFO Engine.final-stats] Percentile 99.0%: 0.682
[2017-10-16 12:51:19,523 INFO Engine.final-stats] Percentile 99.9%: 0.682
[2017-10-16 12:51:19,523 INFO Engine.final-stats] Percentile 100.0%: 0.682
[2017-10-16 12:51:19,523 DEBUG Engine.console] No logger_handler or orig_stream was detected
[2017-10-16 12:51:19,525 DEBUG Engine.Configuration] Dumping YAML config into /Users/daper01/Documents/OSLo/Gatling/2017-10-16_12-40-08.965137/effective.yml
[2017-10-16 12:51:19,594 DEBUG Engine.Configuration] Dumping JSON config into /Users/daper01/Documents/OSLo/Gatling/2017-10-16_12-40-08.965137/effective.json
[2017-10-16 12:51:19,633 INFO root] Artifacts dir: /Users/daper01/Documents/OSLo/Gatling/2017-10-16_12-40-08.965137
[2017-10-16 12:51:19,633 WARNING root] Done performing with code: 1
[2017-10-16 12:51:19,633 DEBUG root] Closing log handler: /Users/daper01/Documents/OSLo/Gatling/2017-10-16_12-40-08.965137/bzt.log
