[2017-12-08 10:36:56,765 INFO root] Taurus CLI Tool v1.9.6
[2017-12-08 10:36:56,765 DEBUG root] Command-line options: {'verbose': None, 'no_system_configs': None, 'quiet': None, 'log': '/var/folders/vq/xzrdy2lx047cst78f69v8z3xfzqz1q/T/bzt_XnpSnt.log', 'option': None, 'aliases': []}
[2017-12-08 10:36:56,765 DEBUG root] Python: CPython 2.7.13
[2017-12-08 10:36:56,765 DEBUG root] OS: ('Darwin', 'daper01mac1124', '17.2.0', 'Darwin Kernel Version 17.2.0: Fri Sep 29 18:27:05 PDT 2017; root:xnu-4570.20.62~3/RELEASE_X86_64', 'x86_64', 'i386')
[2017-12-08 10:36:56,766 INFO root] Starting with configs: ['load_scenario_from_csv.yml', 'execution_jmeter.yml']
[2017-12-08 10:36:56,766 DEBUG root] Using personal config: /Users/daper01/.bzt-rc
[2017-12-08 10:36:56,766 INFO Engine] Configuring...
[2017-12-08 10:36:56,766 DEBUG Engine] Reading extension configs from: /usr/local/etc/bzt.d
[2017-12-08 10:36:56,766 DEBUG Engine.Configuration] Configs: ['/usr/local/lib/python2.7/site-packages/bzt/resources/base-config.yml', '/usr/local/etc/bzt.d/99-installID.yml']
[2017-12-08 10:36:56,766 DEBUG Engine.Configuration] Reading /usr/local/lib/python2.7/site-packages/bzt/resources/base-config.yml as YAML
[2017-12-08 10:36:56,792 DEBUG Engine.Configuration] Reading /usr/local/etc/bzt.d/99-installID.yml as YAML
[2017-12-08 10:36:56,793 DEBUG Engine.Configuration] Configs: ['/Users/daper01/.bzt-rc', 'load_scenario_from_csv.yml', 'execution_jmeter.yml']
[2017-12-08 10:36:56,793 DEBUG Engine.Configuration] Reading /Users/daper01/.bzt-rc as YAML
[2017-12-08 10:36:56,808 DEBUG Engine.Configuration] Reading load_scenario_from_csv.yml as YAML
[2017-12-08 10:36:56,813 DEBUG Engine.Configuration] Reading execution_jmeter.yml as YAML
[2017-12-08 10:36:56,822 DEBUG Engine.Configuration] Configs: ['/Users/daper01/.bzt-rc', 'load_scenario_from_csv.yml', 'execution_jmeter.yml']
[2017-12-08 10:36:56,822 DEBUG Engine.Configuration] Reading /Users/daper01/.bzt-rc as YAML
[2017-12-08 10:36:56,823 DEBUG Engine.Configuration] Reading load_scenario_from_csv.yml as YAML
[2017-12-08 10:36:56,828 DEBUG Engine.Configuration] Reading execution_jmeter.yml as YAML
[2017-12-08 10:36:56,842 DEBUG Engine] Requesting updates info: http://gettaurus.org/updates/?version=1.9.6&installID=784f43782a15
[2017-12-08 10:36:56,846 INFO Engine] Artifacts dir: /Users/daper01/Documents/OSLo/artifacts/2017-12-08_10-36-56.842419
[2017-12-08 10:36:56,846 DEBUG Engine] New artifact filename: /Users/daper01/Documents/OSLo/artifacts/2017-12-08_10-36-56.842419/effective
[2017-12-08 10:36:56,849 DEBUG Engine.Configuration] Dumping YAML config into /Users/daper01/Documents/OSLo/artifacts/2017-12-08_10-36-56.842419/effective.yml
[2017-12-08 10:36:56,892 DEBUG Engine.Configuration] Dumping JSON config into /Users/daper01/Documents/OSLo/artifacts/2017-12-08_10-36-56.842419/effective.json
[2017-12-08 10:36:56,893 DEBUG Engine] New artifact filename: /Users/daper01/Documents/OSLo/artifacts/2017-12-08_10-36-56.842419/merged.yml
[2017-12-08 10:36:56,895 DEBUG Engine.Configuration] Dumping YAML config into /Users/daper01/Documents/OSLo/artifacts/2017-12-08_10-36-56.842419/merged.yml
[2017-12-08 10:36:56,905 DEBUG Engine] New artifact filename: /Users/daper01/Documents/OSLo/artifacts/2017-12-08_10-36-56.842419/merged.json
[2017-12-08 10:36:56,906 DEBUG Engine.Configuration] Dumping JSON config into /Users/daper01/Documents/OSLo/artifacts/2017-12-08_10-36-56.842419/merged.json
[2017-12-08 10:36:56,907 DEBUG Engine] Add existing artifact (move=False): load_scenario_from_csv.yml
[2017-12-08 10:36:56,908 DEBUG Engine] Copying load_scenario_from_csv.yml to /Users/daper01/Documents/OSLo/artifacts/2017-12-08_10-36-56.842419/load_scenario_from_csv.yml
[2017-12-08 10:36:56,909 DEBUG Engine] Add existing artifact (move=False): execution_jmeter.yml
[2017-12-08 10:36:56,909 DEBUG Engine] Copying execution_jmeter.yml to /Users/daper01/Documents/OSLo/artifacts/2017-12-08_10-36-56.842419/execution_jmeter.yml
[2017-12-08 10:36:56,914 DEBUG root] Closing log handler: /var/folders/vq/xzrdy2lx047cst78f69v8z3xfzqz1q/T/bzt_XnpSnt.log
[2017-12-08 10:36:56,947 DEBUG root] Switched writing logs to /Users/daper01/Documents/OSLo/artifacts/2017-12-08_10-36-56.842419/bzt.log
[2017-12-08 10:36:56,947 INFO Engine] Preparing...
[2017-12-08 10:36:56,948 DEBUG Engine] Module config: consolidator defaultdict(None, {'class': 'bzt.modules.aggregator.ConsolidatingAggregator'})
[2017-12-08 10:36:56,948 DEBUG root] Importing module: bzt.modules.aggregator
[2017-12-08 10:36:56,952 DEBUG root] Loading class: 'ConsolidatingAggregator' from <module 'bzt.modules.aggregator' from '/usr/local/lib/python2.7/site-packages/bzt/modules/aggregator.pyc'>
[2017-12-08 10:36:56,953 DEBUG Engine.consolidator] Exception in dehumanize_time(inf)
[2017-12-08 10:36:56,953 DEBUG Engine.consolidator] Buffer scaling setup: percentile 95.0 from [0.0, 50.0, 90.0, 95.0, 99.0, 99.9, 100.0] selected
[2017-12-08 10:36:56,953 DEBUG Engine] Module config: monitoring defaultdict(None, {'class': 'bzt.modules.monitoring.Monitoring'})
[2017-12-08 10:36:56,953 DEBUG root] Importing module: bzt.modules.monitoring
[2017-12-08 10:36:56,975 DEBUG root] Loading class: 'Monitoring' from <module 'bzt.modules.monitoring' from '/usr/local/lib/python2.7/site-packages/bzt/modules/monitoring.pyc'>
[2017-12-08 10:36:56,975 DEBUG Engine] Module config: local defaultdict(None, {'class': 'bzt.modules.provisioning.Local'})
[2017-12-08 10:36:56,975 DEBUG root] Importing module: bzt.modules.provisioning
[2017-12-08 10:36:56,975 DEBUG root] Loading class: 'Local' from <module 'bzt.modules.provisioning' from '/usr/local/lib/python2.7/site-packages/bzt/modules/provisioning.pyc'>
[2017-12-08 10:36:56,976 DEBUG Engine] Module config: jmeter defaultdict(None, {'properties': defaultdict(None, {'jmeter.save.saveservice.autoflush': 'true', 'summariser.name': '', 'jmeter.save.saveservice.connect_time': 'true', 'mode': 'Stripped', 'jmeterengine.force.system.exit': 'true'}), 'class': 'bzt.modules.jmeter.JMeterExecutor', 'plugins': ['jpgc-casutg', 'jpgc-dummy', 'jpgc-ffw', 'jpgc-fifo', 'jpgc-functions', 'jpgc-json', 'jpgc-perfmon', 'jpgc-prmctl', 'jpgc-tst']})
[2017-12-08 10:36:56,976 DEBUG root] Importing module: bzt.modules.jmeter
[2017-12-08 10:36:56,990 DEBUG root] Loading class: 'JMeterExecutor' from <module 'bzt.modules.jmeter' from '/usr/local/lib/python2.7/site-packages/bzt/modules/jmeter.pyc'>
[2017-12-08 10:36:56,990 DEBUG Engine.local] Preparing executor: jmeter/4428549712
[2017-12-08 10:36:56,990 DEBUG Engine] New artifact filename: /Users/daper01/Documents/OSLo/artifacts/2017-12-08_10-36-56.842419/jmeter.log
[2017-12-08 10:36:56,990 DEBUG Engine.jmeter] Checking if port 4445 is free
[2017-12-08 10:36:56,992 DEBUG Engine.jmeter] Port 4445 is free
[2017-12-08 10:36:56,992 DEBUG Engine.jmeter] Using port 4445 for management
[2017-12-08 10:36:56,992 DEBUG Engine.jmeter.JavaVM] Trying JavaVM: ['java', '-version']
[2017-12-08 10:36:57,302 DEBUG Engine.jmeter.JavaVM] JavaVM output: java version "1.8.0_121"
Java(TM) SE Runtime Environment (build 1.8.0_121-b13)
Java HotSpot(TM) 64-Bit Server VM (build 25.121-b13, mixed mode)

[2017-12-08 10:36:57,303 DEBUG Engine.jmeter.TclLibrary] We don't need to check tcl library on this platform
[2017-12-08 10:36:57,303 DEBUG Engine.jmeter.JMeter] Trying jmeter: /Users/daper01/.bzt/jmeter-taurus/3.3/bin/jmeter.sh
[2017-12-08 10:36:57,304 DEBUG bzt.utils] Executing shell: ['/Users/daper01/.bzt/jmeter-taurus/3.3/bin/jmeter.sh', '-j', '/var/folders/vq/xzrdy2lx047cst78f69v8z3xfzqz1q/T/jmetery3ISd0log', '--version']
[2017-12-08 10:36:57,416 DEBUG Engine] Taurus updates info: {"latest":"1.10.3","needsUpgrade":true}
[2017-12-08 10:36:57,416 WARNING Engine] There is newer version of Taurus 1.10.3 available, consider upgrading. What's new: http://gettaurus.org/docs/Changelog/
[2017-12-08 10:36:59,909 DEBUG Engine.jmeter.JMeter] JMeter check:     _    ____   _    ____ _   _ _____       _ __  __ _____ _____ _____ ____     
   / \  |  _ \ / \  / ___| | | | ____|     | |  \/  | ____|_   _| ____|  _ \   
  / _ \ | |_) / _ \| |   | |_| |  _|    _  | | |\/| |  _|   | | |  _| | |_) | 
 / ___ \|  __/ ___ \ |___|  _  | |___  | |_| | |  | | |___  | | | |___|  _ <  
/_/   \_\_| /_/   \_\____|_| |_|_____|  \___/|_|  |_|_____| |_| |_____|_| \_\ 3.3 r1808647  

Copyright (c) 1999-2017 The Apache Software Foundation

 / None
[2017-12-08 10:36:59,910 DEBUG Engine] New artifact filename: /Users/daper01/Documents/OSLo/artifacts/2017-12-08_10-36-56.842419/requests.jmx
[2017-12-08 10:36:59,919 DEBUG JMeterScenarioBuilder] Saving JMX to: /Users/daper01/Documents/OSLo/artifacts/2017-12-08_10-36-56.842419/requests.jmx
[2017-12-08 10:36:59,921 DEBUG bzt.utils] Executing shell: ['/Users/daper01/.bzt/jmeter-taurus/3.3/bin/PluginsManagerCMD.sh', 'install-for-jmx', '/Users/daper01/Documents/OSLo/artifacts/2017-12-08_10-36-56.842419/requests.jmx']
[2017-12-08 10:37:02,945 DEBUG Engine.jmeter.JMeter] Try to detect plugins for /Users/daper01/Documents/OSLo/artifacts/2017-12-08_10-36-56.842419/requests.jmx
10:37:01.790 [main] INFO  org.jmeterplugins.repository.PluginManager - Plugins Status: [jpgc-functions=2.0, jpgc-casutg=2.1, jpgc-dummy=0.2, jpgc-ffw=2.0, jpgc-fifo=0.2, jpgc-json=2.6, jpgc-prmctl=0.3, jpgc-perfmon=2.1, jpgc-plugins-manager=0.16, jpgc-tst=2.1, jmeter-core=3.3, jmeter-ftp=3.3, jmeter-http=3.3, jmeter-jdbc=3.3, jmeter-jms=3.3, jmeter-junit=3.3, jmeter-java=3.3, jmeter-ldap=3.3, jmeter-mail=3.3, jmeter-mongodb=3.3, jmeter-native=3.3, jmeter-tcp=3.3, jmeter-components=3.3]
2017-12-08 10:37:01,790 INFO o.j.r.PluginManager: Plugins Status: [jpgc-functions=2.0, jpgc-casutg=2.1, jpgc-dummy=0.2, jpgc-ffw=2.0, jpgc-fifo=0.2, jpgc-json=2.6, jpgc-prmctl=0.3, jpgc-perfmon=2.1, jpgc-plugins-manager=0.16, jpgc-tst=2.1, jmeter-core=3.3, jmeter-ftp=3.3, jmeter-http=3.3, jmeter-jdbc=3.3, jmeter-jms=3.3, jmeter-junit=3.3, jmeter-java=3.3, jmeter-ldap=3.3, jmeter-mail=3.3, jmeter-mongodb=3.3, jmeter-native=3.3, jmeter-tcp=3.3, jmeter-components=3.3]
10:37:02.253 [main] INFO  org.apache.jmeter.save.SaveService - Testplan (JMX) version: 2.2. Testlog (JTL) version: 2.2
2017-12-08 10:37:02,253 INFO o.a.j.s.SaveService: Testplan (JMX) version: 2.2. Testlog (JTL) version: 2.2
10:37:02.287 [main] INFO  org.apache.jmeter.save.SaveService - Using SaveService properties file encoding UTF-8
2017-12-08 10:37:02,287 INFO o.a.j.s.SaveService: Using SaveService properties file encoding UTF-8
10:37:02.292 [main] INFO  org.apache.jmeter.save.SaveService - Using SaveService properties version 3.2
2017-12-08 10:37:02,292 INFO o.a.j.s.SaveService: Using SaveService properties version 3.2
10:37:02.397 [main] INFO  org.apache.jmeter.protocol.http.control.CacheManager - Will only cache the following methods: [GET]
2017-12-08 10:37:02,397 INFO o.a.j.p.h.c.CacheManager: Will only cache the following methods: [GET]
10:37:02.400 [main] INFO  org.apache.jmeter.protocol.http.control.CookieManager - Settings: Delete null: true Check: true Allow variable: true Save: false Prefix: COOKIE_
2017-12-08 10:37:02,400 INFO o.a.j.p.h.c.CookieManager: Settings: Delete null: true Check: true Allow variable: true Save: false Prefix: COOKIE_
10:37:02.497 [main] INFO  org.jmeterplugins.repository.PluginManager - Restarting JMeter...
2017-12-08 10:37:02,497 INFO o.j.r.PluginManager: Restarting JMeter...
10:37:02.498 [Thread-1] INFO  org.jmeterplugins.repository.PluginManager - Starting JMeter Plugins modifications
2017-12-08 10:37:02,498 INFO o.j.r.PluginManager: Starting JMeter Plugins modifications

ERROR StatusLogger No log4j2 configuration file found. Using default configuration: logging only errors to the console. Set system property 'org.apache.logging.log4j.simplelog.StatusLogger.level' to TRACE to show Log4j2 internal initialization logging.

[2017-12-08 10:37:02,946 DEBUG Engine.jmeter] Load: LoadSpec(concurrency=50, throughput=None, ramp_up=30.0, hold=120.0, iterations=0, duration=150.0, steps=None)
[2017-12-08 10:37:02,962 DEBUG Engine.jmeter.LoadSettingsProcessor.ThreadGroupHandler] Converting ThreadGroup (blazedemo) to ConcurrencyThreadGroup and apply load parameters
[2017-12-08 10:37:02,963 DEBUG Engine] New artifact filename: /Users/daper01/Documents/OSLo/artifacts/2017-12-08_10-36-56.842419/kpi.jtl
[2017-12-08 10:37:02,963 DEBUG Engine] New artifact filename: /Users/daper01/Documents/OSLo/artifacts/2017-12-08_10-36-56.842419/error.jtl
[2017-12-08 10:37:02,965 DEBUG Engine] New artifact filename: /Users/daper01/Documents/OSLo/artifacts/2017-12-08_10-36-56.842419/modified_requests.jmx
[2017-12-08 10:37:02,965 DEBUG JMX] Saving JMX to: /Users/daper01/Documents/OSLo/artifacts/2017-12-08_10-36-56.842419/modified_requests.jmx
[2017-12-08 10:37:02,966 DEBUG Engine.jmeter] Additional properties: defaultdict(None, {'jmeter.save.saveservice.autoflush': 'true', 'jmeter.save.saveservice.connect_time': 'true', 'user.classpath': '/Users/daper01/Documents/OSLo/artifacts/2017-12-08_10-36-56.842419', 'sampleresult.default.encoding': 'UTF-8', 'summariser.name': '', 'jmeterengine.force.system.exit': 'true', 'jmeter.save.saveservice.timestamp_format': 'ms', 'mode': 'Stripped', 'jmeterengine.nongui.maxport': 4445, 'jmeterengine.nongui.port': 4445})
[2017-12-08 10:37:02,967 DEBUG Engine] New artifact filename: /Users/daper01/Documents/OSLo/artifacts/2017-12-08_10-36-56.842419/jmeter-bzt.properties
[2017-12-08 10:37:02,967 DEBUG Engine.jmeter] Additional system properties defaultdict(None, {'sun.net.inetaddr.ttl': 0})
[2017-12-08 10:37:02,967 DEBUG Engine] New artifact filename: /Users/daper01/Documents/OSLo/artifacts/2017-12-08_10-36-56.842419/system.properties
[2017-12-08 10:37:02,968 DEBUG Engine] New artifact filename: /Users/daper01/Documents/OSLo/artifacts/2017-12-08_10-36-56.842419/jmeter.out
[2017-12-08 10:37:02,968 DEBUG Engine] New artifact filename: /Users/daper01/Documents/OSLo/artifacts/2017-12-08_10-36-56.842419/jmeter.err
[2017-12-08 10:37:02,969 DEBUG Engine.local] Preparing executor: jmeter/4428549776
[2017-12-08 10:37:02,969 DEBUG Engine] New artifact filename: /Users/daper01/Documents/OSLo/artifacts/2017-12-08_10-36-56.842419/jmeter-1.log
[2017-12-08 10:37:02,969 DEBUG Engine.jmeter] Checking if port 4446 is free
[2017-12-08 10:37:02,970 DEBUG Engine.jmeter] Port 4446 is free
[2017-12-08 10:37:02,970 DEBUG Engine.jmeter] Using port 4446 for management
[2017-12-08 10:37:02,970 DEBUG Engine.jmeter.JavaVM] Trying JavaVM: ['java', '-version']
[2017-12-08 10:37:03,095 DEBUG Engine.jmeter.JavaVM] JavaVM output: java version "1.8.0_121"
Java(TM) SE Runtime Environment (build 1.8.0_121-b13)
Java HotSpot(TM) 64-Bit Server VM (build 25.121-b13, mixed mode)

[2017-12-08 10:37:03,096 DEBUG Engine.jmeter.TclLibrary] We don't need to check tcl library on this platform
[2017-12-08 10:37:03,096 DEBUG Engine.jmeter.JMeter] Trying jmeter: /Users/daper01/.bzt/jmeter-taurus/3.3/bin/jmeter.sh
[2017-12-08 10:37:03,096 DEBUG bzt.utils] Executing shell: ['/Users/daper01/.bzt/jmeter-taurus/3.3/bin/jmeter.sh', '-j', '/var/folders/vq/xzrdy2lx047cst78f69v8z3xfzqz1q/T/jmeterwQQyKmlog', '--version']
[2017-12-08 10:37:04,153 DEBUG Engine.jmeter.JMeter] JMeter check:     _    ____   _    ____ _   _ _____       _ __  __ _____ _____ _____ ____     
   / \  |  _ \ / \  / ___| | | | ____|     | |  \/  | ____|_   _| ____|  _ \   
  / _ \ | |_) / _ \| |   | |_| |  _|    _  | | |\/| |  _|   | | |  _| | |_) | 
 / ___ \|  __/ ___ \ |___|  _  | |___  | |_| | |  | | |___  | | | |___|  _ <  
/_/   \_\_| /_/   \_\____|_| |_|_____|  \___/|_|  |_|_____| |_| |_____|_| \_\ 3.3 r1808647  

Copyright (c) 1999-2017 The Apache Software Foundation

 / None
[2017-12-08 10:37:04,155 DEBUG Engine] New artifact filename: /Users/daper01/Documents/OSLo/artifacts/2017-12-08_10-36-56.842419/requests-1.jmx
[2017-12-08 10:37:04,159 DEBUG JMeterScenarioBuilder] Saving JMX to: /Users/daper01/Documents/OSLo/artifacts/2017-12-08_10-36-56.842419/requests-1.jmx
[2017-12-08 10:37:04,160 DEBUG bzt.utils] Executing shell: ['/Users/daper01/.bzt/jmeter-taurus/3.3/bin/PluginsManagerCMD.sh', 'install-for-jmx', '/Users/daper01/Documents/OSLo/artifacts/2017-12-08_10-36-56.842419/requests-1.jmx']
[2017-12-08 10:37:06,797 DEBUG Engine.jmeter.JMeter] Try to detect plugins for /Users/daper01/Documents/OSLo/artifacts/2017-12-08_10-36-56.842419/requests-1.jmx
10:37:05.839 [main] INFO  org.jmeterplugins.repository.PluginManager - Plugins Status: [jpgc-functions=2.0, jpgc-casutg=2.1, jpgc-dummy=0.2, jpgc-ffw=2.0, jpgc-fifo=0.2, jpgc-json=2.6, jpgc-prmctl=0.3, jpgc-perfmon=2.1, jpgc-plugins-manager=0.16, jpgc-tst=2.1, jmeter-core=3.3, jmeter-ftp=3.3, jmeter-http=3.3, jmeter-jdbc=3.3, jmeter-jms=3.3, jmeter-junit=3.3, jmeter-java=3.3, jmeter-ldap=3.3, jmeter-mail=3.3, jmeter-mongodb=3.3, jmeter-native=3.3, jmeter-tcp=3.3, jmeter-components=3.3]
2017-12-08 10:37:05,839 INFO o.j.r.PluginManager: Plugins Status: [jpgc-functions=2.0, jpgc-casutg=2.1, jpgc-dummy=0.2, jpgc-ffw=2.0, jpgc-fifo=0.2, jpgc-json=2.6, jpgc-prmctl=0.3, jpgc-perfmon=2.1, jpgc-plugins-manager=0.16, jpgc-tst=2.1, jmeter-core=3.3, jmeter-ftp=3.3, jmeter-http=3.3, jmeter-jdbc=3.3, jmeter-jms=3.3, jmeter-junit=3.3, jmeter-java=3.3, jmeter-ldap=3.3, jmeter-mail=3.3, jmeter-mongodb=3.3, jmeter-native=3.3, jmeter-tcp=3.3, jmeter-components=3.3]
10:37:06.222 [main] INFO  org.apache.jmeter.save.SaveService - Testplan (JMX) version: 2.2. Testlog (JTL) version: 2.2
2017-12-08 10:37:06,222 INFO o.a.j.s.SaveService: Testplan (JMX) version: 2.2. Testlog (JTL) version: 2.2
10:37:06.242 [main] INFO  org.apache.jmeter.save.SaveService - Using SaveService properties file encoding UTF-8
2017-12-08 10:37:06,242 INFO o.a.j.s.SaveService: Using SaveService properties file encoding UTF-8
10:37:06.247 [main] INFO  org.apache.jmeter.save.SaveService - Using SaveService properties version 3.2
2017-12-08 10:37:06,247 INFO o.a.j.s.SaveService: Using SaveService properties version 3.2
10:37:06.285 [main] INFO  org.apache.jmeter.protocol.http.control.CacheManager - Will only cache the following methods: [GET]
2017-12-08 10:37:06,285 INFO o.a.j.p.h.c.CacheManager: Will only cache the following methods: [GET]
10:37:06.288 [main] INFO  org.apache.jmeter.protocol.http.control.CookieManager - Settings: Delete null: true Check: true Allow variable: true Save: false Prefix: COOKIE_
2017-12-08 10:37:06,288 INFO o.a.j.p.h.c.CookieManager: Settings: Delete null: true Check: true Allow variable: true Save: false Prefix: COOKIE_
10:37:06.372 [main] INFO  org.jmeterplugins.repository.PluginManager - Restarting JMeter...
2017-12-08 10:37:06,372 INFO o.j.r.PluginManager: Restarting JMeter...
10:37:06.373 [Thread-1] INFO  org.jmeterplugins.repository.PluginManager - Starting JMeter Plugins modifications
2017-12-08 10:37:06,373 INFO o.j.r.PluginManager: Starting JMeter Plugins modifications

ERROR StatusLogger No log4j2 configuration file found. Using default configuration: logging only errors to the console. Set system property 'org.apache.logging.log4j.simplelog.StatusLogger.level' to TRACE to show Log4j2 internal initialization logging.

[2017-12-08 10:37:06,798 DEBUG Engine.jmeter] Load: LoadSpec(concurrency=50, throughput=None, ramp_up=120.0, hold=30.0, iterations=0, duration=150.0, steps=None)
[2017-12-08 10:37:06,802 DEBUG Engine.jmeter.LoadSettingsProcessor.ThreadGroupHandler] Converting ThreadGroup (blazedemo) to ConcurrencyThreadGroup and apply load parameters
[2017-12-08 10:37:06,802 DEBUG Engine] New artifact filename: /Users/daper01/Documents/OSLo/artifacts/2017-12-08_10-36-56.842419/kpi-1.jtl
[2017-12-08 10:37:06,803 DEBUG Engine] New artifact filename: /Users/daper01/Documents/OSLo/artifacts/2017-12-08_10-36-56.842419/error-1.jtl
[2017-12-08 10:37:06,804 DEBUG Engine] New artifact filename: /Users/daper01/Documents/OSLo/artifacts/2017-12-08_10-36-56.842419/modified_requests-1.jmx
[2017-12-08 10:37:06,804 DEBUG JMX] Saving JMX to: /Users/daper01/Documents/OSLo/artifacts/2017-12-08_10-36-56.842419/modified_requests-1.jmx
[2017-12-08 10:37:06,805 DEBUG Engine.jmeter] Additional properties: defaultdict(None, {'jmeter.save.saveservice.autoflush': 'true', 'jmeter.save.saveservice.connect_time': 'true', 'user.classpath': '/Users/daper01/Documents/OSLo/artifacts/2017-12-08_10-36-56.842419', 'sampleresult.default.encoding': 'UTF-8', 'summariser.name': '', 'jmeterengine.force.system.exit': 'true', 'jmeter.save.saveservice.timestamp_format': 'ms', 'mode': 'Stripped', 'jmeterengine.nongui.maxport': 4446, 'jmeterengine.nongui.port': 4446})
[2017-12-08 10:37:06,806 DEBUG Engine] New artifact filename: /Users/daper01/Documents/OSLo/artifacts/2017-12-08_10-36-56.842419/jmeter-bzt-1.properties
[2017-12-08 10:37:06,806 DEBUG Engine.jmeter] Additional system properties defaultdict(None, {'sun.net.inetaddr.ttl': 0})
[2017-12-08 10:37:06,806 DEBUG Engine] New artifact filename: /Users/daper01/Documents/OSLo/artifacts/2017-12-08_10-36-56.842419/system-1.properties
[2017-12-08 10:37:06,807 DEBUG Engine] New artifact filename: /Users/daper01/Documents/OSLo/artifacts/2017-12-08_10-36-56.842419/jmeter-1.out
[2017-12-08 10:37:06,807 DEBUG Engine] New artifact filename: /Users/daper01/Documents/OSLo/artifacts/2017-12-08_10-36-56.842419/jmeter-1.err
[2017-12-08 10:37:06,808 DEBUG Engine] Module config: final-stats defaultdict(None, {'class': 'bzt.modules.reporting.FinalStatus'})
[2017-12-08 10:37:06,809 DEBUG root] Importing module: bzt.modules.reporting
[2017-12-08 10:37:06,961 DEBUG easyprocess] version=0.2.3
[2017-12-08 10:37:06,969 DEBUG pyvirtualdisplay] version=0.2.1
[2017-12-08 10:37:06,971 DEBUG root] Loading class: 'FinalStatus' from <module 'bzt.modules.reporting' from '/usr/local/lib/python2.7/site-packages/bzt/modules/reporting.pyc'>
[2017-12-08 10:37:06,971 DEBUG Engine] Module config: console defaultdict(None, {'class': 'bzt.modules.console.ConsoleStatusReporter'})
[2017-12-08 10:37:06,971 DEBUG root] Importing module: bzt.modules.console
[2017-12-08 10:37:06,971 DEBUG root] Loading class: 'ConsoleStatusReporter' from <module 'bzt.modules.console' from '/usr/local/lib/python2.7/site-packages/bzt/modules/console.pyc'>
[2017-12-08 10:37:06,979 DEBUG Engine.Configuration] Dumping YAML config into /Users/daper01/Documents/OSLo/artifacts/2017-12-08_10-36-56.842419/effective.yml
[2017-12-08 10:37:07,016 DEBUG Engine.Configuration] Dumping JSON config into /Users/daper01/Documents/OSLo/artifacts/2017-12-08_10-36-56.842419/effective.json
[2017-12-08 10:37:07,017 INFO Engine] Starting...
[2017-12-08 10:37:07,017 DEBUG Engine] Startup <bzt.modules.monitoring.Monitoring object at 0x107e38750>
[2017-12-08 10:37:07,017 DEBUG Engine] Startup <bzt.modules.aggregator.ConsolidatingAggregator object at 0x107e22810>
[2017-12-08 10:37:07,018 DEBUG Engine] Startup <bzt.modules.reporting.FinalStatus object at 0x107f64c90>
[2017-12-08 10:37:07,018 DEBUG Engine] Startup <bzt.modules.console.ConsoleStatusReporter object at 0x108916650>
[2017-12-08 10:37:07,018 INFO Engine.console] Waiting for results...
[2017-12-08 10:37:07,018 DEBUG Engine] Startup <bzt.modules.reporting.FinalStatus object at 0x108933a10>
[2017-12-08 10:37:07,018 DEBUG Engine] Startup <bzt.modules.provisioning.Local object at 0x107e22510>
[2017-12-08 10:37:07,018 DEBUG Engine.local] Delay setup for jmeter/blazedemo: 0(start-at) + 0(delay) = 0
[2017-12-08 10:37:07,018 DEBUG Engine.local] Delay setup for jmeter/blazedemo: 0(start-at) + 0(delay) = 0
[2017-12-08 10:37:07,022 DEBUG Engine.Configuration] Dumping YAML config into /Users/daper01/Documents/OSLo/artifacts/2017-12-08_10-36-56.842419/effective.yml
[2017-12-08 10:37:07,075 DEBUG Engine.Configuration] Dumping JSON config into /Users/daper01/Documents/OSLo/artifacts/2017-12-08_10-36-56.842419/effective.json
[2017-12-08 10:37:07,078 DEBUG root] Leveling down log file verbosity, use -v option to have DEBUG messages enabled
[2017-12-08 10:37:07,305 INFO Engine.console] Waiting for finish...
[2017-12-08 10:37:38,099 WARNING Engine] Please wait for graceful shutdown...
[2017-12-08 10:37:38,108 DEBUG root] Leveled up log file verbosity
[2017-12-08 10:37:38,108 INFO Engine] Shutting down...
[2017-12-08 10:37:38,114 DEBUG Engine.local] Shutdown jmeter/blazedemo
[2017-12-08 10:37:39,116 INFO Engine.jmeter] Sending Shutdown command to JMeter on port 4445...
[2017-12-08 10:37:40,129 DEBUG Engine.jmeter] JMeter stopped on Shutdown command
[2017-12-08 10:37:40,129 DEBUG Engine.local] Shutdown jmeter/blazedemo
[2017-12-08 10:37:41,134 INFO Engine.jmeter] Sending Shutdown command to JMeter on port 4446...
[2017-12-08 10:37:42,154 DEBUG Engine.jmeter] JMeter stopped on Shutdown command
[2017-12-08 10:37:42,155 DEBUG Engine.console] Restoring logging streams, [<logging.StreamHandler object at 0x107350710>]/{<logging.StreamHandler object at 0x107350710>: <open file '<stdout>', mode 'w' at 0x1063c6150>}
[2017-12-08 10:37:42,159 DEBUG Engine.Configuration] Dumping YAML config into /Users/daper01/Documents/OSLo/artifacts/2017-12-08_10-36-56.842419/effective.yml
[2017-12-08 10:37:42,217 DEBUG Engine.Configuration] Dumping JSON config into /Users/daper01/Documents/OSLo/artifacts/2017-12-08_10-36-56.842419/effective.json
[2017-12-08 10:37:42,219 WARNING root] Keyboard interrupt
[2017-12-08 10:37:42,225 DEBUG root] KeyboardInterrupt: 
Traceback (most recent call last):
  File "/usr/local/lib/python2.7/site-packages/bzt/cli.py", line 221, in perform
    self.engine.run()
  File "/usr/local/lib/python2.7/site-packages/bzt/engine.py", line 202, in run
    reraise(exc_info)
  File "/usr/local/lib/python2.7/site-packages/bzt/engine.py", line 184, in run
    self._wait()
  File "/usr/local/lib/python2.7/site-packages/bzt/engine.py", line 227, in _wait
    time.sleep(delay)
KeyboardInterrupt
[2017-12-08 10:37:42,225 INFO Engine] Post-processing...
[2017-12-08 10:37:42,225 DEBUG Engine.local] Post-process jmeter/blazedemo
[2017-12-08 10:37:42,225 DEBUG Engine] Add existing artifact (move=True): /Users/daper01/Documents/OSLo/artifacts/2017-12-08_10-36-56.842419/modified_requests.jmx
[2017-12-08 10:37:42,225 DEBUG Engine] No need to copy /Users/daper01/Documents/OSLo/artifacts/2017-12-08_10-36-56.842419/modified_requests.jmx
[2017-12-08 10:37:42,226 DEBUG Engine.local] Post-process jmeter/blazedemo
[2017-12-08 10:37:42,226 DEBUG Engine] Add existing artifact (move=True): /Users/daper01/Documents/OSLo/artifacts/2017-12-08_10-36-56.842419/modified_requests-1.jmx
[2017-12-08 10:37:42,226 DEBUG Engine] No need to copy /Users/daper01/Documents/OSLo/artifacts/2017-12-08_10-36-56.842419/modified_requests-1.jmx
[2017-12-08 10:37:42,226 DEBUG Engine.jmeter.JTLErrorsReader] Opening /Users/daper01/Documents/OSLo/artifacts/2017-12-08_10-36-56.842419/error.jtl
[2017-12-08 10:37:42,260 DEBUG Engine.jmeter.JTLErrorsReader] Error reading errors.jtl: Traceback (most recent call last):
  File "/usr/local/lib/python2.7/site-packages/bzt/modules/jmeter.py", line 1347, in read_file
    self.parser.feed(read)  # "Huge input lookup" error without capping :)
  File "src/lxml/parser.pxi", line 1240, in lxml.etree._FeedParser.feed
  File "src/lxml/parser.pxi", line 1362, in lxml.etree._FeedParser.feed
  File "src/lxml/parser.pxi", line 589, in lxml.etree._ParserContext._handleParseResult
  File "src/lxml/parser.pxi", line 598, in lxml.etree._ParserContext._handleParseResultDoc
  File "src/lxml/parser.pxi", line 709, in lxml.etree._handleParseResult
  File "src/lxml/parser.pxi", line 638, in lxml.etree._raiseParseError
XMLSyntaxError: Opening and ending tag mismatch: responseData line 520 and testResults, line 548, column 15 (line 548)

[2017-12-08 10:37:42,260 WARNING Engine.jmeter.JTLErrorsReader] Failed to parse errors XML: Opening and ending tag mismatch: responseData line 520 and testResults, line 548, column 15 (line 548)
[2017-12-08 10:37:42,264 DEBUG Engine.jmeter.JTLReader.IncrementalCSVReader] Reading JTL: /Users/daper01/Documents/OSLo/artifacts/2017-12-08_10-36-56.842419/kpi.jtl
[2017-12-08 10:37:42,264 DEBUG Engine.jmeter.JTLReader.IncrementalCSVReader] Read lines: 276 / 26586 bytes (at speed 1048576)
[2017-12-08 10:37:42,272 DEBUG Engine.jmeter.JTLReader] Buffer len: 5
[2017-12-08 10:37:42,272 DEBUG Engine.jmeter.JTLReader] Aggregating: 1512758255
[2017-12-08 10:37:42,311 DEBUG Engine.jmeter.JTLReader] Aggregating: 1512758256
[2017-12-08 10:37:42,331 DEBUG Engine.jmeter.JTLReader] Aggregating: 1512758257
[2017-12-08 10:37:42,356 DEBUG Engine.jmeter.JTLReader] Aggregating: 1512758258
[2017-12-08 10:37:42,366 DEBUG Engine.jmeter.JTLReader] Aggregating: 1512758259
[2017-12-08 10:37:42,373 DEBUG Engine.jmeter.JTLErrorsReader] Opening /Users/daper01/Documents/OSLo/artifacts/2017-12-08_10-36-56.842419/error-1.jtl
[2017-12-08 10:37:42,375 DEBUG Engine.jmeter.JTLReader.IncrementalCSVReader] Reading JTL: /Users/daper01/Documents/OSLo/artifacts/2017-12-08_10-36-56.842419/kpi-1.jtl
[2017-12-08 10:37:42,375 DEBUG Engine.jmeter.JTLReader.IncrementalCSVReader] Read lines: 177 / 16645 bytes (at speed 1048576)
[2017-12-08 10:37:42,378 DEBUG Engine.jmeter.JTLReader] Putting sample 1512758242 into 1512758255
[2017-12-08 10:37:42,378 DEBUG Engine.jmeter.JTLReader] Buffer len: 7
[2017-12-08 10:37:42,379 DEBUG Engine.jmeter.JTLReader] Aggregating: 1512758255
[2017-12-08 10:37:42,388 DEBUG Engine.jmeter.JTLReader] Aggregating: 1512758256
[2017-12-08 10:37:42,401 DEBUG Engine.jmeter.JTLReader] Aggregating: 1512758257
[2017-12-08 10:37:42,406 DEBUG Engine.jmeter.JTLReader] Aggregating: 1512758258
[2017-12-08 10:37:42,411 DEBUG Engine.jmeter.JTLReader] Aggregating: 1512758259
[2017-12-08 10:37:42,414 DEBUG Engine.jmeter.JTLReader] Aggregating: 1512758260
[2017-12-08 10:37:42,419 DEBUG Engine.jmeter.JTLReader] Aggregating: 1512758261
[2017-12-08 10:37:42,422 DEBUG Engine.consolidator] Consolidator buffer[9]: [1512758253, 1512758254, 1512758255, 1512758256, 1512758257, 1512758258, 1512758259, 1512758260, 1512758261]
[2017-12-08 10:37:42,422 DEBUG Engine.consolidator] Merging into 1512758253
[2017-12-08 10:37:42,422 DEBUG Engine.consolidator] Merging 1512758253
[2017-12-08 10:37:42,425 DEBUG Engine.consolidator] Merging 1512758253
[2017-12-08 10:37:42,436 DEBUG Engine.consolidator] Processed datapoint: 1512758253/None
[2017-12-08 10:37:42,436 DEBUG Engine.consolidator] Merging into 1512758254
[2017-12-08 10:37:42,436 DEBUG Engine.consolidator] Merging 1512758254
[2017-12-08 10:37:42,439 DEBUG Engine.consolidator] Merging 1512758254
[2017-12-08 10:37:42,449 DEBUG Engine.consolidator] Processed datapoint: 1512758254/None
[2017-12-08 10:37:42,449 DEBUG Engine.consolidator] Merging into 1512758255
[2017-12-08 10:37:42,449 DEBUG Engine.consolidator] Merging 1512758255
[2017-12-08 10:37:42,452 DEBUG Engine.consolidator] Merging 1512758255
[2017-12-08 10:37:42,463 DEBUG Engine.consolidator] Processed datapoint: 1512758255/None
[2017-12-08 10:37:42,463 DEBUG Engine.consolidator] Merging into 1512758256
[2017-12-08 10:37:42,463 DEBUG Engine.consolidator] Merging 1512758256
[2017-12-08 10:37:42,466 DEBUG Engine.consolidator] Merging 1512758256
[2017-12-08 10:37:42,476 DEBUG Engine.consolidator] Processed datapoint: 1512758256/None
[2017-12-08 10:37:42,476 DEBUG Engine.consolidator] Merging into 1512758257
[2017-12-08 10:37:42,476 DEBUG Engine.consolidator] Merging 1512758257
[2017-12-08 10:37:42,479 DEBUG Engine.consolidator] Merging 1512758257
[2017-12-08 10:37:42,491 DEBUG Engine.consolidator] Processed datapoint: 1512758257/None
[2017-12-08 10:37:42,491 DEBUG Engine.consolidator] Merging into 1512758258
[2017-12-08 10:37:42,491 DEBUG Engine.consolidator] Merging 1512758258
[2017-12-08 10:37:42,494 DEBUG Engine.consolidator] Merging 1512758258
[2017-12-08 10:37:42,505 DEBUG Engine.consolidator] Processed datapoint: 1512758258/None
[2017-12-08 10:37:42,505 DEBUG Engine.consolidator] Merging into 1512758259
[2017-12-08 10:37:42,505 DEBUG Engine.consolidator] Merging 1512758259
[2017-12-08 10:37:42,509 DEBUG Engine.consolidator] Merging 1512758259
[2017-12-08 10:37:42,520 DEBUG Engine.consolidator] Processed datapoint: 1512758259/None
[2017-12-08 10:37:42,520 DEBUG Engine.consolidator] Merging into 1512758260
[2017-12-08 10:37:42,520 DEBUG Engine.consolidator] Merging 1512758260
[2017-12-08 10:37:42,530 DEBUG Engine.consolidator] Processed datapoint: 1512758260/None
[2017-12-08 10:37:42,530 DEBUG Engine.consolidator] Merging into 1512758261
[2017-12-08 10:37:42,530 DEBUG Engine.consolidator] Merging 1512758261
[2017-12-08 10:37:42,541 DEBUG Engine.consolidator] Processed datapoint: 1512758261/None
[2017-12-08 10:37:42,541 INFO Engine.final-stats] Test duration: 0:00:35
[2017-12-08 10:37:42,541 INFO Engine.final-stats] Samples count: 3140, 1.08% failures
[2017-12-08 10:37:42,541 INFO Engine.final-stats] Average times: total 0.276, latency 0.262, connect 0.000
[2017-12-08 10:37:42,541 INFO Engine.final-stats] Percentile 0.0%: 0.020
[2017-12-08 10:37:42,541 INFO Engine.final-stats] Percentile 50.0%: 0.257
[2017-12-08 10:37:42,542 INFO Engine.final-stats] Percentile 90.0%: 0.384
[2017-12-08 10:37:42,542 INFO Engine.final-stats] Percentile 95.0%: 0.408
[2017-12-08 10:37:42,542 INFO Engine.final-stats] Percentile 99.0%: 0.465
[2017-12-08 10:37:42,542 INFO Engine.final-stats] Percentile 99.9%: 1.248
[2017-12-08 10:37:42,542 INFO Engine.final-stats] Percentile 100.0%: 18.831
[2017-12-08 10:37:42,542 DEBUG Engine.console] No logger_handler or orig_stream was detected
[2017-12-08 10:37:42,542 INFO Engine.final-stats] Test duration: 0:00:35
[2017-12-08 10:37:42,543 INFO Engine.final-stats] Samples count: 3140, 1.08% failures
[2017-12-08 10:37:42,543 INFO Engine.final-stats] Average times: total 0.276, latency 0.262, connect 0.000
[2017-12-08 10:37:42,543 INFO Engine.final-stats] Percentile 0.0%: 0.020
[2017-12-08 10:37:42,543 INFO Engine.final-stats] Percentile 50.0%: 0.257
[2017-12-08 10:37:42,543 INFO Engine.final-stats] Percentile 90.0%: 0.384
[2017-12-08 10:37:42,543 INFO Engine.final-stats] Percentile 95.0%: 0.408
[2017-12-08 10:37:42,544 INFO Engine.final-stats] Percentile 99.0%: 0.465
[2017-12-08 10:37:42,544 INFO Engine.final-stats] Percentile 99.9%: 1.248
[2017-12-08 10:37:42,544 INFO Engine.final-stats] Percentile 100.0%: 18.831
[2017-12-08 10:37:42,544 INFO Engine.final-stats] Dumping final status as XML: stats.xml
[2017-12-08 10:37:42,561 DEBUG Engine.Configuration] Dumping YAML config into /Users/daper01/Documents/OSLo/artifacts/2017-12-08_10-36-56.842419/effective.yml
[2017-12-08 10:37:42,649 DEBUG Engine.Configuration] Dumping JSON config into /Users/daper01/Documents/OSLo/artifacts/2017-12-08_10-36-56.842419/effective.json
[2017-12-08 10:37:42,652 INFO root] Artifacts dir: /Users/daper01/Documents/OSLo/artifacts/2017-12-08_10-36-56.842419
[2017-12-08 10:37:42,652 WARNING root] Done performing with code: 1
[2017-12-08 10:37:42,652 DEBUG root] Closing log handler: /Users/daper01/Documents/OSLo/artifacts/2017-12-08_10-36-56.842419/bzt.log
