2017-12-08 10:37:08,560 INFO o.a.j.u.JMeterUtils: Setting Locale to en_US
2017-12-08 10:37:08,586 INFO o.a.j.JMeter: Loading user properties from: /Users/daper01/.bzt/jmeter-taurus/3.3/bin/user.properties
2017-12-08 10:37:08,587 INFO o.a.j.JMeter: Loading system properties from: /Users/daper01/.bzt/jmeter-taurus/3.3/bin/system.properties
2017-12-08 10:37:08,588 INFO o.a.j.JMeter: Setting System properties from file: /Users/daper01/Documents/OSLo/artifacts/2017-12-08_10-36-56.842419/system.properties
2017-12-08 10:37:08,595 INFO o.a.j.JMeter: Copyright (c) 1998-2017 The Apache Software Foundation
2017-12-08 10:37:08,595 INFO o.a.j.JMeter: Version 3.3 r1808647
2017-12-08 10:37:08,595 INFO o.a.j.JMeter: java.version=1.8.0_121
2017-12-08 10:37:08,595 INFO o.a.j.JMeter: java.vm.name=Java HotSpot(TM) 64-Bit Server VM
2017-12-08 10:37:08,595 INFO o.a.j.JMeter: os.name=Mac OS X
2017-12-08 10:37:08,596 INFO o.a.j.JMeter: os.arch=x86_64
2017-12-08 10:37:08,596 INFO o.a.j.JMeter: os.version=10.13.1
2017-12-08 10:37:08,596 INFO o.a.j.JMeter: file.encoding=UTF-8
2017-12-08 10:37:08,596 INFO o.a.j.JMeter: Max memory     =3817865216
2017-12-08 10:37:08,596 INFO o.a.j.JMeter: Available Processors =4
2017-12-08 10:37:08,601 INFO o.a.j.JMeter: Default Locale=English (United States)
2017-12-08 10:37:08,602 INFO o.a.j.JMeter: JMeter  Locale=English (United States)
2017-12-08 10:37:08,602 INFO o.a.j.JMeter: JMeterHome=/Users/daper01/.bzt/jmeter-taurus/3.3
2017-12-08 10:37:08,602 INFO o.a.j.JMeter: user.dir  =/Users/daper01/Documents/OSLo
2017-12-08 10:37:08,602 INFO o.a.j.JMeter: PWD       =/Users/daper01/Documents/OSLo
2017-12-08 10:37:08,604 INFO o.a.j.JMeter: IP: 10.137.176.136 Name: daper01mac1124 FullName: daper01mac1124.ca.com
2017-12-08 10:37:08,605 INFO o.a.j.JMeter: user.classpath=/Users/daper01/Documents/OSLo/artifacts/2017-12-08_10-36-56.842419
2017-12-08 10:37:08,605 INFO o.a.j.JMeter: Adding to classpath and loader: /Users/daper01/Documents/OSLo/artifacts/2017-12-08_10-36-56.842419
2017-12-08 10:37:08,616 INFO o.a.j.s.FileServer: Default base='/Users/daper01/Documents/OSLo'
2017-12-08 10:37:08,616 INFO o.a.j.s.FileServer: Set new base='/Users/daper01/Documents/OSLo/artifacts/2017-12-08_10-36-56.842419'
2017-12-08 10:37:08,926 INFO o.a.j.s.SaveService: Testplan (JMX) version: 2.2. Testlog (JTL) version: 2.2
2017-12-08 10:37:08,952 INFO o.a.j.s.SaveService: Using SaveService properties file encoding UTF-8
2017-12-08 10:37:08,959 INFO o.a.j.s.SaveService: Using SaveService properties version 3.2
2017-12-08 10:37:08,966 INFO o.a.j.s.SaveService: Loading file: /Users/daper01/Documents/OSLo/artifacts/2017-12-08_10-36-56.842419/modified_requests.jmx
2017-12-08 10:37:09,038 INFO o.a.j.p.h.c.CacheManager: Will only cache the following methods: [GET]
2017-12-08 10:37:09,041 INFO o.a.j.p.h.c.CookieManager: Settings: Delete null: true Check: true Allow variable: true Save: false Prefix: COOKIE_
2017-12-08 10:37:09,061 INFO o.a.j.p.h.s.HTTPSamplerBase: Parser for text/html is org.apache.jmeter.protocol.http.parser.LagartoBasedHtmlParser
2017-12-08 10:37:09,061 INFO o.a.j.p.h.s.HTTPSamplerBase: Parser for application/xhtml+xml is org.apache.jmeter.protocol.http.parser.LagartoBasedHtmlParser
2017-12-08 10:37:09,061 INFO o.a.j.p.h.s.HTTPSamplerBase: Parser for application/xml is org.apache.jmeter.protocol.http.parser.LagartoBasedHtmlParser
2017-12-08 10:37:09,061 INFO o.a.j.p.h.s.HTTPSamplerBase: Parser for text/xml is org.apache.jmeter.protocol.http.parser.LagartoBasedHtmlParser
2017-12-08 10:37:09,061 INFO o.a.j.p.h.s.HTTPSamplerBase: Parser for text/vnd.wap.wml is org.apache.jmeter.protocol.http.parser.RegexpHTMLParser
2017-12-08 10:37:09,061 INFO o.a.j.p.h.s.HTTPSamplerBase: Parser for text/css is org.apache.jmeter.protocol.http.parser.CssParser
2017-12-08 10:37:09,112 INFO o.a.j.e.StandardJMeterEngine: Running the test!
2017-12-08 10:37:09,112 INFO o.a.j.s.SampleEvent: List of sample_variables: []
2017-12-08 10:37:09,113 INFO o.a.j.s.SampleEvent: List of sample_variables: []
2017-12-08 10:37:09,117 INFO o.a.j.e.u.CompoundVariable: Note: Function class names must contain the string: '.functions.'
2017-12-08 10:37:09,117 INFO o.a.j.e.u.CompoundVariable: Note: Function class names must not contain the string: '.gui.'
2017-12-08 10:37:10,010 INFO o.a.j.JMeter: Running test (1512758230010)
2017-12-08 10:37:10,136 INFO o.a.j.e.StandardJMeterEngine: Starting ThreadGroup: 1 : blazedemo
2017-12-08 10:37:10,137 INFO o.a.j.e.StandardJMeterEngine: Starting 50 threads for group blazedemo.
2017-12-08 10:37:10,137 INFO o.a.j.e.StandardJMeterEngine: Thread will continue on error
2017-12-08 10:37:10,144 INFO o.a.j.e.StandardJMeterEngine: All thread groups have been started
2017-12-08 10:37:10,144 INFO c.b.j.t.c.ConcurrencyThreadStarter: Start supplying threads
2017-12-08 10:37:10,451 INFO o.a.j.s.SampleResult: Note: Sample TimeStamps are START times
2017-12-08 10:37:10,451 INFO o.a.j.s.SampleResult: sampleresult.default.encoding is set to UTF-8
2017-12-08 10:37:10,452 INFO o.a.j.s.SampleResult: sampleresult.useNanoTime=true
2017-12-08 10:37:10,452 INFO o.a.j.s.SampleResult: sampleresult.nanoThreadSleep=5000
2017-12-08 10:37:10,878 INFO o.a.j.t.JMeterThread: Thread started: blazedemo 1-1
2017-12-08 10:37:10,883 INFO o.a.j.s.FileServer: Stored: /Users/daper01/Documents/OSLo/param.csv
2017-12-08 10:37:10,927 INFO o.a.j.p.h.s.HTTPHCAbstractImpl: Local host = daper01mac1124
2017-12-08 10:37:10,933 INFO o.a.j.p.h.s.HTTPHC4Impl: HTTP request retry count = 0
2017-12-08 10:37:11,459 INFO o.a.j.t.JMeterThread: Thread started: blazedemo 1-2
2017-12-08 10:37:12,461 INFO o.a.j.t.JMeterThread: Thread started: blazedemo 1-3
2017-12-08 10:37:12,464 INFO o.a.j.t.JMeterThread: Thread started: blazedemo 1-4
2017-12-08 10:37:13,471 INFO o.a.j.t.JMeterThread: Thread started: blazedemo 1-5
2017-12-08 10:37:13,474 INFO o.a.j.t.JMeterThread: Thread started: blazedemo 1-6
2017-12-08 10:37:14,469 INFO o.a.j.t.JMeterThread: Thread started: blazedemo 1-7
2017-12-08 10:37:15,470 INFO o.a.j.t.JMeterThread: Thread started: blazedemo 1-8
2017-12-08 10:37:15,471 INFO o.a.j.t.JMeterThread: Thread started: blazedemo 1-9
2017-12-08 10:37:16,472 INFO o.a.j.t.JMeterThread: Thread started: blazedemo 1-10
2017-12-08 10:37:16,473 INFO o.a.j.t.JMeterThread: Thread started: blazedemo 1-11
2017-12-08 10:37:17,476 INFO o.a.j.t.JMeterThread: Thread started: blazedemo 1-12
2017-12-08 10:37:18,480 INFO o.a.j.t.JMeterThread: Thread started: blazedemo 1-13
2017-12-08 10:37:18,481 INFO o.a.j.t.JMeterThread: Thread started: blazedemo 1-14
2017-12-08 10:37:19,492 INFO o.a.j.t.JMeterThread: Thread started: blazedemo 1-15
2017-12-08 10:37:19,495 INFO o.a.j.t.JMeterThread: Thread started: blazedemo 1-16
2017-12-08 10:37:20,495 INFO o.a.j.t.JMeterThread: Thread started: blazedemo 1-17
2017-12-08 10:37:21,499 INFO o.a.j.t.JMeterThread: Thread started: blazedemo 1-18
2017-12-08 10:37:21,501 INFO o.a.j.t.JMeterThread: Thread started: blazedemo 1-19
2017-12-08 10:37:22,506 INFO o.a.j.t.JMeterThread: Thread started: blazedemo 1-20
2017-12-08 10:37:22,507 INFO o.a.j.t.JMeterThread: Thread started: blazedemo 1-21
2017-12-08 10:37:23,509 INFO o.a.j.t.JMeterThread: Thread started: blazedemo 1-22
2017-12-08 10:37:24,515 INFO o.a.j.t.JMeterThread: Thread started: blazedemo 1-23
2017-12-08 10:37:24,516 INFO o.a.j.t.JMeterThread: Thread started: blazedemo 1-24
2017-12-08 10:37:25,521 INFO o.a.j.t.JMeterThread: Thread started: blazedemo 1-25
2017-12-08 10:37:25,521 INFO o.a.j.t.JMeterThread: Thread started: blazedemo 1-26
2017-12-08 10:37:26,523 INFO o.a.j.t.JMeterThread: Thread started: blazedemo 1-27
2017-12-08 10:37:27,530 INFO o.a.j.t.JMeterThread: Thread started: blazedemo 1-28
2017-12-08 10:37:27,531 INFO o.a.j.t.JMeterThread: Thread started: blazedemo 1-29
2017-12-08 10:37:28,536 INFO o.a.j.t.JMeterThread: Thread started: blazedemo 1-30
2017-12-08 10:37:28,541 INFO o.a.j.t.JMeterThread: Thread started: blazedemo 1-31
2017-12-08 10:37:29,542 INFO o.a.j.t.JMeterThread: Thread started: blazedemo 1-32
2017-12-08 10:37:30,545 INFO o.a.j.t.JMeterThread: Thread started: blazedemo 1-33
2017-12-08 10:37:30,547 INFO o.a.j.t.JMeterThread: Thread started: blazedemo 1-34
2017-12-08 10:37:31,558 INFO o.a.j.t.JMeterThread: Thread started: blazedemo 1-35
2017-12-08 10:37:31,567 INFO o.a.j.t.JMeterThread: Thread started: blazedemo 1-36
2017-12-08 10:37:32,569 INFO o.a.j.t.JMeterThread: Thread started: blazedemo 1-37
2017-12-08 10:37:33,576 INFO o.a.j.t.JMeterThread: Thread started: blazedemo 1-38
2017-12-08 10:37:33,585 INFO o.a.j.t.JMeterThread: Thread started: blazedemo 1-39
2017-12-08 10:37:34,586 INFO o.a.j.t.JMeterThread: Thread started: blazedemo 1-40
2017-12-08 10:37:34,586 INFO o.a.j.t.JMeterThread: Thread started: blazedemo 1-41
2017-12-08 10:37:35,588 INFO o.a.j.t.JMeterThread: Thread started: blazedemo 1-42
2017-12-08 10:37:36,589 INFO o.a.j.t.JMeterThread: Thread started: blazedemo 1-43
2017-12-08 10:37:36,590 INFO o.a.j.t.JMeterThread: Thread started: blazedemo 1-44
2017-12-08 10:37:37,593 INFO o.a.j.t.JMeterThread: Thread started: blazedemo 1-45
2017-12-08 10:37:37,594 INFO o.a.j.t.JMeterThread: Thread started: blazedemo 1-46
2017-12-08 10:37:38,600 INFO o.a.j.t.JMeterThread: Thread started: blazedemo 1-47
2017-12-08 10:37:39,131 INFO o.a.j.JMeter: Command: Shutdown received from /127.0.0.1
2017-12-08 10:37:39,133 INFO c.b.j.t.c.ConcurrencyThreadStarter: Done supplying threads
2017-12-08 10:37:39,133 WARN o.a.j.t.JMeterThread: Interrupting: blazedemo 1-21 sampler: Purchase Page
2017-12-08 10:37:39,134 WARN o.a.j.t.JMeterThread: Interrupting: blazedemo 1-6 sampler: Confirmation Page
2017-12-08 10:37:39,135 WARN o.a.j.t.JMeterThread: Interrupting: blazedemo 1-13 sampler: Welcome Page
2017-12-08 10:37:39,135 WARN o.a.j.t.JMeterThread: Interrupting: blazedemo 1-32 sampler: Purchase Page
2017-12-08 10:37:39,137 WARN o.a.j.t.JMeterThread: Interrupting: blazedemo 1-3 sampler: Welcome Page
2017-12-08 10:37:39,138 INFO o.a.j.t.JMeterThread: Thread is done: blazedemo 1-20
2017-12-08 10:37:39,138 WARN o.a.j.t.JMeterThread: Interrupting: blazedemo 1-5 sampler: Confirmation Page
2017-12-08 10:37:39,139 INFO o.a.j.t.JMeterThread: Thread finished: blazedemo 1-20
2017-12-08 10:37:39,143 WARN o.a.j.t.JMeterThread: Interrupting: blazedemo 1-43 sampler: Confirmation Page
2017-12-08 10:37:39,144 WARN o.a.j.t.JMeterThread: Interrupting: blazedemo 1-36 sampler: Purchase Page
2017-12-08 10:37:39,147 WARN o.a.j.t.JMeterThread: Interrupting: blazedemo 1-22 sampler: Purchase Page
2017-12-08 10:37:39,150 WARN o.a.j.t.JMeterThread: Interrupting: blazedemo 1-27 sampler: Reserve Page
2017-12-08 10:37:39,151 WARN o.a.j.t.JMeterThread: Interrupting: blazedemo 1-10 sampler: Purchase Page
2017-12-08 10:37:39,153 WARN o.a.j.t.JMeterThread: Interrupting: blazedemo 1-38 sampler: Welcome Page
2017-12-08 10:37:39,153 INFO o.a.j.t.JMeterThread: Thread is done: blazedemo 1-13
2017-12-08 10:37:39,153 INFO o.a.j.t.JMeterThread: Thread finished: blazedemo 1-13
2017-12-08 10:37:39,155 INFO o.a.j.t.JMeterThread: Thread is done: blazedemo 1-27
2017-12-08 10:37:39,155 INFO o.a.j.t.JMeterThread: Thread finished: blazedemo 1-27
2017-12-08 10:37:39,158 INFO o.a.j.t.JMeterThread: Thread is done: blazedemo 1-22
2017-12-08 10:37:39,159 WARN o.a.j.t.JMeterThread: Interrupting: blazedemo 1-46 sampler: Welcome Page
2017-12-08 10:37:39,159 INFO o.a.j.t.JMeterThread: Thread finished: blazedemo 1-22
2017-12-08 10:37:39,160 INFO o.a.j.t.JMeterThread: Thread is done: blazedemo 1-36
2017-12-08 10:37:39,160 INFO o.a.j.t.JMeterThread: Thread finished: blazedemo 1-36
2017-12-08 10:37:39,162 WARN o.a.j.t.JMeterThread: Interrupting: blazedemo 1-12 sampler: Reserve Page
2017-12-08 10:37:39,162 INFO o.a.j.t.JMeterThread: Thread is done: blazedemo 1-43
2017-12-08 10:37:39,163 INFO o.a.j.t.JMeterThread: Thread finished: blazedemo 1-43
2017-12-08 10:37:39,164 WARN o.a.j.t.JMeterThread: Interrupting: blazedemo 1-16 sampler: Welcome Page
2017-12-08 10:37:39,165 WARN o.a.j.t.JMeterThread: Interrupting: blazedemo 1-26 sampler: Purchase Page
2017-12-08 10:37:39,164 INFO o.a.j.t.JMeterThread: Thread is done: blazedemo 1-5
2017-12-08 10:37:39,165 INFO o.a.j.t.JMeterThread: Thread finished: blazedemo 1-5
2017-12-08 10:37:39,166 WARN o.a.j.t.JMeterThread: Interrupting: blazedemo 1-19 sampler: Purchase Page
2017-12-08 10:37:39,167 INFO o.a.j.t.JMeterThread: Thread is done: blazedemo 1-3
2017-12-08 10:37:39,167 INFO o.a.j.t.JMeterThread: Thread is done: blazedemo 1-2
2017-12-08 10:37:39,167 INFO o.a.j.t.JMeterThread: Thread finished: blazedemo 1-3
2017-12-08 10:37:39,167 WARN o.a.j.t.JMeterThread: Interrupting: blazedemo 1-45 sampler: Reserve Page
2017-12-08 10:37:39,167 INFO o.a.j.t.JMeterThread: Thread finished: blazedemo 1-2
2017-12-08 10:37:39,169 WARN o.a.j.t.JMeterThread: Interrupting: blazedemo 1-15 sampler: Purchase Page
2017-12-08 10:37:39,169 INFO o.a.j.t.JMeterThread: Thread is done: blazedemo 1-26
2017-12-08 10:37:39,170 INFO o.a.j.t.JMeterThread: Thread finished: blazedemo 1-26
2017-12-08 10:37:39,171 INFO o.a.j.t.JMeterThread: Thread is done: blazedemo 1-19
2017-12-08 10:37:39,171 INFO o.a.j.t.JMeterThread: Thread finished: blazedemo 1-19
2017-12-08 10:37:39,172 WARN o.a.j.t.JMeterThread: Interrupting: blazedemo 1-47 sampler: Reserve Page
2017-12-08 10:37:39,176 WARN o.a.j.t.JMeterThread: Interrupting: blazedemo 1-4 sampler: Purchase Page
2017-12-08 10:37:39,176 INFO o.a.j.t.JMeterThread: Thread is done: blazedemo 1-32
2017-12-08 10:37:39,180 WARN o.a.j.t.JMeterThread: Interrupting: blazedemo 1-24 sampler: Reserve Page
2017-12-08 10:37:39,181 INFO o.a.j.t.JMeterThread: Thread finished: blazedemo 1-32
2017-12-08 10:37:39,181 WARN o.a.j.t.JMeterThread: Interrupting: blazedemo 1-37 sampler: Confirmation Page
2017-12-08 10:37:39,183 INFO o.a.j.t.JMeterThread: Thread is done: blazedemo 1-21
2017-12-08 10:37:39,183 INFO o.a.j.t.JMeterThread: Thread finished: blazedemo 1-21
2017-12-08 10:37:39,182 WARN o.a.j.t.JMeterThread: Interrupting: blazedemo 1-14 sampler: Confirmation Page
2017-12-08 10:37:39,183 INFO o.a.j.e.StandardJMeterEngine: Notifying test listeners of end of test
2017-12-08 10:37:39,183 INFO o.a.j.t.JMeterThread: Thread is done: blazedemo 1-37
2017-12-08 10:37:39,183 INFO o.a.j.s.FileServer: Close: /Users/daper01/Documents/OSLo/param.csv
2017-12-08 10:37:39,183 WARN o.a.j.t.JMeterThread: Interrupting: blazedemo 1-35 sampler: Purchase Page
2017-12-08 10:37:39,183 INFO o.a.j.t.JMeterThread: Thread finished: blazedemo 1-37
2017-12-08 10:37:39,184 WARN o.a.j.t.JMeterThread: Interrupting: blazedemo 1-1 sampler: Confirmation Page
2017-12-08 10:37:39,185 WARN o.a.j.t.JMeterThread: Interrupting: blazedemo 1-8 sampler: Welcome Page
2017-12-08 10:37:39,186 WARN o.a.j.t.JMeterThread: Interrupting: blazedemo 1-7 sampler: Confirmation Page
2017-12-08 10:37:39,186 INFO o.a.j.t.JMeterThread: Thread is done: blazedemo 1-6
2017-12-08 10:37:39,186 INFO o.a.j.t.JMeterThread: Thread is done: blazedemo 1-35
2017-12-08 10:37:39,186 INFO o.a.j.t.JMeterThread: Thread is done: blazedemo 1-1
2017-12-08 10:37:39,186 INFO o.a.j.t.JMeterThread: Thread finished: blazedemo 1-35
2017-12-08 10:37:39,186 INFO o.a.j.t.JMeterThread: Thread finished: blazedemo 1-1
2017-12-08 10:37:39,186 INFO o.a.j.t.JMeterThread: Thread finished: blazedemo 1-6
2017-12-08 10:37:39,187 INFO o.a.j.t.JMeterThread: Thread is done: blazedemo 1-14
2017-12-08 10:37:39,187 INFO o.a.j.t.JMeterThread: Thread finished: blazedemo 1-14
2017-12-08 10:37:39,187 INFO o.a.j.e.StandardJMeterEngine: Forced JVM shutdown requested at end of test
2017-12-08 10:37:39,188 INFO o.a.j.t.JMeterThread: Thread is done: blazedemo 1-4
2017-12-08 10:37:39,189 INFO o.a.j.t.JMeterThread: Thread finished: blazedemo 1-4
2017-12-08 10:37:39,190 INFO o.a.j.t.JMeterThread: Thread is done: blazedemo 1-24
2017-12-08 10:37:39,190 INFO o.a.j.t.JMeterThread: Thread finished: blazedemo 1-24
2017-12-08 10:37:39,191 INFO o.a.j.t.JMeterThread: Thread is done: blazedemo 1-47
2017-12-08 10:37:39,191 INFO o.a.j.t.JMeterThread: Thread finished: blazedemo 1-47
