2017-12-08 10:37:08,604 INFO o.a.j.u.JMeterUtils: Setting Locale to en_US
2017-12-08 10:37:08,627 INFO o.a.j.JMeter: Loading user properties from: /Users/daper01/.bzt/jmeter-taurus/3.3/bin/user.properties
2017-12-08 10:37:08,627 INFO o.a.j.JMeter: Loading system properties from: /Users/daper01/.bzt/jmeter-taurus/3.3/bin/system.properties
2017-12-08 10:37:08,628 INFO o.a.j.JMeter: Setting System properties from file: /Users/daper01/Documents/OSLo/artifacts/2017-12-08_10-36-56.842419/system-1.properties
2017-12-08 10:37:08,634 INFO o.a.j.JMeter: Copyright (c) 1998-2017 The Apache Software Foundation
2017-12-08 10:37:08,634 INFO o.a.j.JMeter: Version 3.3 r1808647
2017-12-08 10:37:08,634 INFO o.a.j.JMeter: java.version=1.8.0_121
2017-12-08 10:37:08,634 INFO o.a.j.JMeter: java.vm.name=Java HotSpot(TM) 64-Bit Server VM
2017-12-08 10:37:08,634 INFO o.a.j.JMeter: os.name=Mac OS X
2017-12-08 10:37:08,635 INFO o.a.j.JMeter: os.arch=x86_64
2017-12-08 10:37:08,635 INFO o.a.j.JMeter: os.version=10.13.1
2017-12-08 10:37:08,635 INFO o.a.j.JMeter: file.encoding=UTF-8
2017-12-08 10:37:08,635 INFO o.a.j.JMeter: Max memory     =3817865216
2017-12-08 10:37:08,635 INFO o.a.j.JMeter: Available Processors =4
2017-12-08 10:37:08,640 INFO o.a.j.JMeter: Default Locale=English (United States)
2017-12-08 10:37:08,641 INFO o.a.j.JMeter: JMeter  Locale=English (United States)
2017-12-08 10:37:08,641 INFO o.a.j.JMeter: JMeterHome=/Users/daper01/.bzt/jmeter-taurus/3.3
2017-12-08 10:37:08,641 INFO o.a.j.JMeter: user.dir  =/Users/daper01/Documents/OSLo
2017-12-08 10:37:08,641 INFO o.a.j.JMeter: PWD       =/Users/daper01/Documents/OSLo
2017-12-08 10:37:08,644 INFO o.a.j.JMeter: IP: 10.137.176.136 Name: daper01mac1124 FullName: daper01mac1124.ca.com
2017-12-08 10:37:08,644 INFO o.a.j.JMeter: user.classpath=/Users/daper01/Documents/OSLo/artifacts/2017-12-08_10-36-56.842419
2017-12-08 10:37:08,644 INFO o.a.j.JMeter: Adding to classpath and loader: /Users/daper01/Documents/OSLo/artifacts/2017-12-08_10-36-56.842419
2017-12-08 10:37:08,651 INFO o.a.j.s.FileServer: Default base='/Users/daper01/Documents/OSLo'
2017-12-08 10:37:08,651 INFO o.a.j.s.FileServer: Set new base='/Users/daper01/Documents/OSLo/artifacts/2017-12-08_10-36-56.842419'
2017-12-08 10:37:08,902 INFO o.a.j.s.SaveService: Testplan (JMX) version: 2.2. Testlog (JTL) version: 2.2
2017-12-08 10:37:08,929 INFO o.a.j.s.SaveService: Using SaveService properties file encoding UTF-8
2017-12-08 10:37:08,934 INFO o.a.j.s.SaveService: Using SaveService properties version 3.2
2017-12-08 10:37:08,942 INFO o.a.j.s.SaveService: Loading file: /Users/daper01/Documents/OSLo/artifacts/2017-12-08_10-36-56.842419/modified_requests-1.jmx
2017-12-08 10:37:09,034 INFO o.a.j.p.h.c.CacheManager: Will only cache the following methods: [GET]
2017-12-08 10:37:09,036 INFO o.a.j.p.h.c.CookieManager: Settings: Delete null: true Check: true Allow variable: true Save: false Prefix: COOKIE_
2017-12-08 10:37:09,057 INFO o.a.j.p.h.s.HTTPSamplerBase: Parser for text/html is org.apache.jmeter.protocol.http.parser.LagartoBasedHtmlParser
2017-12-08 10:37:09,057 INFO o.a.j.p.h.s.HTTPSamplerBase: Parser for application/xhtml+xml is org.apache.jmeter.protocol.http.parser.LagartoBasedHtmlParser
2017-12-08 10:37:09,058 INFO o.a.j.p.h.s.HTTPSamplerBase: Parser for application/xml is org.apache.jmeter.protocol.http.parser.LagartoBasedHtmlParser
2017-12-08 10:37:09,058 INFO o.a.j.p.h.s.HTTPSamplerBase: Parser for text/xml is org.apache.jmeter.protocol.http.parser.LagartoBasedHtmlParser
2017-12-08 10:37:09,058 INFO o.a.j.p.h.s.HTTPSamplerBase: Parser for text/vnd.wap.wml is org.apache.jmeter.protocol.http.parser.RegexpHTMLParser
2017-12-08 10:37:09,058 INFO o.a.j.p.h.s.HTTPSamplerBase: Parser for text/css is org.apache.jmeter.protocol.http.parser.CssParser
2017-12-08 10:37:09,106 INFO o.a.j.e.StandardJMeterEngine: Running the test!
2017-12-08 10:37:09,107 INFO o.a.j.s.SampleEvent: List of sample_variables: []
2017-12-08 10:37:09,107 INFO o.a.j.s.SampleEvent: List of sample_variables: []
2017-12-08 10:37:09,112 INFO o.a.j.e.u.CompoundVariable: Note: Function class names must contain the string: '.functions.'
2017-12-08 10:37:09,112 INFO o.a.j.e.u.CompoundVariable: Note: Function class names must not contain the string: '.gui.'
2017-12-08 10:37:10,137 INFO o.a.j.JMeter: Running test (1512758230137)
2017-12-08 10:37:10,261 INFO o.a.j.e.StandardJMeterEngine: Starting ThreadGroup: 1 : blazedemo
2017-12-08 10:37:10,262 INFO o.a.j.e.StandardJMeterEngine: Starting 50 threads for group blazedemo.
2017-12-08 10:37:10,262 INFO o.a.j.e.StandardJMeterEngine: Thread will continue on error
2017-12-08 10:37:10,274 INFO o.a.j.e.StandardJMeterEngine: All thread groups have been started
2017-12-08 10:37:10,274 INFO c.b.j.t.c.ConcurrencyThreadStarter: Start supplying threads
2017-12-08 10:37:11,485 INFO o.a.j.s.SampleResult: Note: Sample TimeStamps are START times
2017-12-08 10:37:11,485 INFO o.a.j.s.SampleResult: sampleresult.default.encoding is set to UTF-8
2017-12-08 10:37:11,485 INFO o.a.j.s.SampleResult: sampleresult.useNanoTime=true
2017-12-08 10:37:11,485 INFO o.a.j.s.SampleResult: sampleresult.nanoThreadSleep=5000
2017-12-08 10:37:11,846 INFO o.a.j.t.JMeterThread: Thread started: blazedemo 1-1
2017-12-08 10:37:11,849 INFO o.a.j.s.FileServer: Stored: /Users/daper01/Documents/OSLo/param.csv
2017-12-08 10:37:11,875 INFO o.a.j.p.h.s.HTTPHCAbstractImpl: Local host = daper01mac1124
2017-12-08 10:37:11,885 INFO o.a.j.p.h.s.HTTPHC4Impl: HTTP request retry count = 0
2017-12-08 10:37:14,500 INFO o.a.j.t.JMeterThread: Thread started: blazedemo 1-2
2017-12-08 10:37:16,508 INFO o.a.j.t.JMeterThread: Thread started: blazedemo 1-3
2017-12-08 10:37:19,518 INFO o.a.j.t.JMeterThread: Thread started: blazedemo 1-4
2017-12-08 10:37:21,531 INFO o.a.j.t.JMeterThread: Thread started: blazedemo 1-5
2017-12-08 10:37:23,535 INFO o.a.j.t.JMeterThread: Thread started: blazedemo 1-6
2017-12-08 10:37:26,549 INFO o.a.j.t.JMeterThread: Thread started: blazedemo 1-7
2017-12-08 10:37:28,557 INFO o.a.j.t.JMeterThread: Thread started: blazedemo 1-8
2017-12-08 10:37:31,566 INFO o.a.j.t.JMeterThread: Thread started: blazedemo 1-9
2017-12-08 10:37:33,574 INFO o.a.j.t.JMeterThread: Thread started: blazedemo 1-10
2017-12-08 10:37:35,582 INFO o.a.j.t.JMeterThread: Thread started: blazedemo 1-11
2017-12-08 10:37:38,601 INFO o.a.j.t.JMeterThread: Thread started: blazedemo 1-12
2017-12-08 10:37:40,604 INFO o.a.j.t.JMeterThread: Thread started: blazedemo 1-13
2017-12-08 10:37:41,154 INFO o.a.j.JMeter: Command: Shutdown received from /127.0.0.1
2017-12-08 10:37:41,155 INFO c.b.j.t.c.ConcurrencyThreadStarter: Done supplying threads
2017-12-08 10:37:41,155 WARN o.a.j.t.JMeterThread: Interrupting: blazedemo 1-3 sampler: Reserve Page
2017-12-08 10:37:41,157 WARN o.a.j.t.JMeterThread: Interrupting: blazedemo 1-6 sampler: Welcome Page
2017-12-08 10:37:41,158 WARN o.a.j.t.JMeterThread: Interrupting: blazedemo 1-12 sampler: Purchase Page
2017-12-08 10:37:41,159 WARN o.a.j.t.JMeterThread: Interrupting: blazedemo 1-13 sampler: Purchase Page
2017-12-08 10:37:41,161 WARN o.a.j.t.JMeterThread: Interrupting: blazedemo 1-2 sampler: Reserve Page
2017-12-08 10:37:41,162 WARN o.a.j.t.JMeterThread: Interrupting: blazedemo 1-1 sampler: Confirmation Page
2017-12-08 10:37:41,164 WARN o.a.j.t.JMeterThread: Interrupting: blazedemo 1-8 sampler: Purchase Page
2017-12-08 10:37:41,165 INFO o.a.j.t.JMeterThread: Thread is done: blazedemo 1-11
2017-12-08 10:37:41,165 INFO o.a.j.t.JMeterThread: Thread finished: blazedemo 1-11
2017-12-08 10:37:41,165 WARN o.a.j.t.JMeterThread: Interrupting: blazedemo 1-4 sampler: Purchase Page
2017-12-08 10:37:41,167 WARN o.a.j.t.JMeterThread: Interrupting: blazedemo 1-10 sampler: Reserve Page
2017-12-08 10:37:41,169 WARN o.a.j.t.JMeterThread: Interrupting: blazedemo 1-7 sampler: Purchase Page
2017-12-08 10:37:41,171 INFO o.a.j.t.JMeterThread: Thread is done: blazedemo 1-5
2017-12-08 10:37:41,171 WARN o.a.j.t.JMeterThread: Interrupting: blazedemo 1-9 sampler: Welcome Page
2017-12-08 10:37:41,171 INFO o.a.j.t.JMeterThread: Thread finished: blazedemo 1-5
2017-12-08 10:37:41,176 INFO o.a.j.t.JMeterThread: Thread is done: blazedemo 1-6
2017-12-08 10:37:41,176 INFO o.a.j.t.JMeterThread: Thread finished: blazedemo 1-6
2017-12-08 10:37:41,178 INFO o.a.j.t.JMeterThread: Thread is done: blazedemo 1-9
2017-12-08 10:37:41,178 INFO o.a.j.t.JMeterThread: Thread finished: blazedemo 1-9
2017-12-08 10:37:41,178 INFO o.a.j.t.JMeterThread: Thread is done: blazedemo 1-7
2017-12-08 10:37:41,178 INFO o.a.j.t.JMeterThread: Thread finished: blazedemo 1-7
2017-12-08 10:37:41,180 INFO o.a.j.t.JMeterThread: Thread is done: blazedemo 1-10
2017-12-08 10:37:41,180 INFO o.a.j.t.JMeterThread: Thread finished: blazedemo 1-10
2017-12-08 10:37:41,181 INFO o.a.j.t.JMeterThread: Thread is done: blazedemo 1-4
2017-12-08 10:37:41,181 INFO o.a.j.t.JMeterThread: Thread finished: blazedemo 1-4
2017-12-08 10:37:41,182 INFO o.a.j.t.JMeterThread: Thread is done: blazedemo 1-8
2017-12-08 10:37:41,182 INFO o.a.j.t.JMeterThread: Thread finished: blazedemo 1-8
2017-12-08 10:37:41,183 INFO o.a.j.t.JMeterThread: Thread is done: blazedemo 1-1
2017-12-08 10:37:41,183 INFO o.a.j.t.JMeterThread: Thread finished: blazedemo 1-1
2017-12-08 10:37:41,184 INFO o.a.j.t.JMeterThread: Thread is done: blazedemo 1-2
2017-12-08 10:37:41,184 INFO o.a.j.t.JMeterThread: Thread finished: blazedemo 1-2
2017-12-08 10:37:41,185 INFO o.a.j.t.JMeterThread: Thread is done: blazedemo 1-13
2017-12-08 10:37:41,185 INFO o.a.j.t.JMeterThread: Thread finished: blazedemo 1-13
2017-12-08 10:37:41,186 INFO o.a.j.t.JMeterThread: Thread is done: blazedemo 1-12
2017-12-08 10:37:41,186 INFO o.a.j.t.JMeterThread: Thread finished: blazedemo 1-12
2017-12-08 10:37:41,186 INFO o.a.j.t.JMeterThread: Thread is done: blazedemo 1-3
2017-12-08 10:37:41,186 INFO o.a.j.t.JMeterThread: Thread finished: blazedemo 1-3
2017-12-08 10:37:41,187 INFO o.a.j.e.StandardJMeterEngine: Notifying test listeners of end of test
2017-12-08 10:37:41,187 INFO o.a.j.s.FileServer: Close: /Users/daper01/Documents/OSLo/param.csv
2017-12-08 10:37:41,188 INFO o.a.j.e.StandardJMeterEngine: Forced JVM shutdown requested at end of test
