[2017-06-28 07:44:24,657 INFO root] Taurus CLI Tool v1.9.3
[2017-06-28 07:44:24,657 DEBUG root] Command-line options: {'verbose': None, 'no_system_configs': None, 'quiet': None, 'log': '/var/folders/vq/xzrdy2lx047cst78f69v8z3xfzqz1q/T/bzt_JuM1K2.log', 'option': None, 'aliases': []}
[2017-06-28 07:44:24,657 DEBUG root] Python: CPython 2.7.13
[2017-06-28 07:44:24,657 DEBUG root] OS: ('Darwin', 'daper01mac1124', '16.4.0', 'Darwin Kernel Version 16.4.0: Thu Dec 22 22:53:21 PST 2016; root:xnu-3789.41.3~3/RELEASE_X86_64', 'x86_64', 'i386')
[2017-06-28 07:44:24,657 INFO root] Starting with configs: ['load_scenario_from_csv.yml', 'execution_jmeter.yml']
[2017-06-28 07:44:24,657 DEBUG root] Using personal config: /Users/daper01/.bzt-rc
[2017-06-28 07:44:24,657 INFO Engine] Configuring...
[2017-06-28 07:44:24,657 DEBUG Engine] Reading extension configs from: /usr/local/etc/bzt.d
[2017-06-28 07:44:24,658 DEBUG Engine.Configuration] Configs: ['/usr/local/lib/python2.7/site-packages/bzt/resources/base-config.yml', '/usr/local/etc/bzt.d/99-installID.yml']
[2017-06-28 07:44:24,658 DEBUG Engine.Configuration] Reading /usr/local/lib/python2.7/site-packages/bzt/resources/base-config.yml as YAML
[2017-06-28 07:44:24,682 DEBUG Engine.Configuration] Reading /usr/local/etc/bzt.d/99-installID.yml as YAML
[2017-06-28 07:44:24,683 DEBUG Engine.Configuration] Configs: ['/Users/daper01/.bzt-rc', 'load_scenario_from_csv.yml', 'execution_jmeter.yml']
[2017-06-28 07:44:24,683 DEBUG Engine.Configuration] Reading /Users/daper01/.bzt-rc as YAML
[2017-06-28 07:44:24,685 DEBUG Engine.Configuration] Reading load_scenario_from_csv.yml as YAML
[2017-06-28 07:44:24,690 DEBUG Engine.Configuration] Reading execution_jmeter.yml as YAML
[2017-06-28 07:44:24,694 DEBUG Engine.Configuration] Configs: ['/Users/daper01/.bzt-rc', 'load_scenario_from_csv.yml', 'execution_jmeter.yml']
[2017-06-28 07:44:24,694 DEBUG Engine.Configuration] Reading /Users/daper01/.bzt-rc as YAML
[2017-06-28 07:44:24,695 DEBUG Engine.Configuration] Reading load_scenario_from_csv.yml as YAML
[2017-06-28 07:44:24,704 DEBUG Engine.Configuration] Reading execution_jmeter.yml as YAML
[2017-06-28 07:44:24,723 DEBUG Engine] Requesting updates info: http://gettaurus.org/updates/?version=1.9.3&installID=784f43782a15
[2017-06-28 07:44:24,736 INFO Engine] Artifacts dir: /Users/daper01/Documents/OSLo/from_scenario/2017-06-28_07-44-24.723873
[2017-06-28 07:44:24,737 DEBUG Engine] New artifact filename: /Users/daper01/Documents/OSLo/from_scenario/2017-06-28_07-44-24.723873/effective
[2017-06-28 07:44:24,740 DEBUG Engine.Configuration] Dumping YAML config into /Users/daper01/Documents/OSLo/from_scenario/2017-06-28_07-44-24.723873/effective.yml
[2017-06-28 07:44:24,790 DEBUG Engine.Configuration] Dumping JSON config into /Users/daper01/Documents/OSLo/from_scenario/2017-06-28_07-44-24.723873/effective.json
[2017-06-28 07:44:24,792 DEBUG Engine] New artifact filename: /Users/daper01/Documents/OSLo/from_scenario/2017-06-28_07-44-24.723873/merged.yml
[2017-06-28 07:44:24,793 DEBUG Engine.Configuration] Dumping YAML config into /Users/daper01/Documents/OSLo/from_scenario/2017-06-28_07-44-24.723873/merged.yml
[2017-06-28 07:44:24,801 DEBUG Engine] New artifact filename: /Users/daper01/Documents/OSLo/from_scenario/2017-06-28_07-44-24.723873/merged.json
[2017-06-28 07:44:24,802 DEBUG Engine.Configuration] Dumping JSON config into /Users/daper01/Documents/OSLo/from_scenario/2017-06-28_07-44-24.723873/merged.json
[2017-06-28 07:44:24,802 DEBUG Engine] Add existing artifact (move=False): load_scenario_from_csv.yml
[2017-06-28 07:44:24,802 DEBUG Engine] Copying load_scenario_from_csv.yml to /Users/daper01/Documents/OSLo/from_scenario/2017-06-28_07-44-24.723873/load_scenario_from_csv.yml
[2017-06-28 07:44:24,803 DEBUG Engine] Add existing artifact (move=False): execution_jmeter.yml
[2017-06-28 07:44:24,803 DEBUG Engine] Copying execution_jmeter.yml to /Users/daper01/Documents/OSLo/from_scenario/2017-06-28_07-44-24.723873/execution_jmeter.yml
[2017-06-28 07:44:24,803 DEBUG root] Closing log handler: /var/folders/vq/xzrdy2lx047cst78f69v8z3xfzqz1q/T/bzt_JuM1K2.log
[2017-06-28 07:44:24,804 DEBUG root] Switched writing logs to /Users/daper01/Documents/OSLo/from_scenario/2017-06-28_07-44-24.723873/bzt.log
[2017-06-28 07:44:24,804 INFO Engine] Preparing...
[2017-06-28 07:44:24,804 DEBUG Engine] Module config: consolidator defaultdict(None, {'class': 'bzt.modules.aggregator.ConsolidatingAggregator'})
[2017-06-28 07:44:24,805 DEBUG root] Importing module: bzt.modules.aggregator
[2017-06-28 07:44:24,810 DEBUG root] Loading class: 'ConsolidatingAggregator' from <module 'bzt.modules.aggregator' from '/usr/local/lib/python2.7/site-packages/bzt/modules/aggregator.pyc'>
[2017-06-28 07:44:24,811 DEBUG Engine.consolidator] Exception in dehumanize_time(inf)
[2017-06-28 07:44:24,811 DEBUG Engine.consolidator] Buffer scaling setup: percentile 95.0 from [0.0, 50.0, 90.0, 95.0, 99.0, 99.9, 100.0] selected
[2017-06-28 07:44:24,811 DEBUG Engine] Module config: monitoring defaultdict(None, {'class': 'bzt.modules.monitoring.Monitoring'})
[2017-06-28 07:44:24,811 DEBUG root] Importing module: bzt.modules.monitoring
[2017-06-28 07:44:24,885 DEBUG root] Loading class: 'Monitoring' from <module 'bzt.modules.monitoring' from '/usr/local/lib/python2.7/site-packages/bzt/modules/monitoring.pyc'>
[2017-06-28 07:44:24,886 DEBUG Engine] Module config: local defaultdict(None, {'class': 'bzt.modules.provisioning.Local'})
[2017-06-28 07:44:24,886 DEBUG root] Importing module: bzt.modules.provisioning
[2017-06-28 07:44:24,886 DEBUG root] Loading class: 'Local' from <module 'bzt.modules.provisioning' from '/usr/local/lib/python2.7/site-packages/bzt/modules/provisioning.pyc'>
[2017-06-28 07:44:24,886 DEBUG Engine] Module config: jmeter defaultdict(None, {'properties': defaultdict(None, {'jmeter.save.saveservice.autoflush': 'true', 'summariser.name': '', 'jmeter.save.saveservice.connect_time': 'true', 'mode': 'Stripped', 'jmeterengine.force.system.exit': 'true'}), 'class': 'bzt.modules.jmeter.JMeterExecutor', 'plugins': ['jpgc-casutg', 'jpgc-dummy', 'jpgc-ffw', 'jpgc-fifo', 'jpgc-functions', 'jpgc-json', 'jpgc-perfmon', 'jpgc-prmctl', 'jpgc-tst']})
[2017-06-28 07:44:24,886 DEBUG root] Importing module: bzt.modules.jmeter
[2017-06-28 07:44:24,902 DEBUG root] Loading class: 'JMeterExecutor' from <module 'bzt.modules.jmeter' from '/usr/local/lib/python2.7/site-packages/bzt/modules/jmeter.pyc'>
[2017-06-28 07:44:24,902 DEBUG Engine.local] Preparing executor: jmeter/4412639568
[2017-06-28 07:44:24,902 DEBUG Engine] New artifact filename: /Users/daper01/Documents/OSLo/from_scenario/2017-06-28_07-44-24.723873/jmeter.log
[2017-06-28 07:44:24,902 DEBUG Engine.jmeter] Checking if port 4445 is free
[2017-06-28 07:44:24,904 DEBUG Engine.jmeter] Port 4445 is free
[2017-06-28 07:44:24,904 DEBUG Engine.jmeter] Using port 4445 for management
[2017-06-28 07:44:24,904 DEBUG Engine.jmeter.JavaVM] Trying JavaVM: ['java', '-version']
[2017-06-28 07:44:25,064 DEBUG Engine.jmeter.JavaVM] JavaVM output: java version "1.8.0_121"
Java(TM) SE Runtime Environment (build 1.8.0_121-b13)
Java HotSpot(TM) 64-Bit Server VM (build 25.121-b13, mixed mode)

[2017-06-28 07:44:25,064 DEBUG Engine.jmeter.TclLibrary] We don't need to check tcl library on this platform
[2017-06-28 07:44:25,065 DEBUG Engine.jmeter.JMeter] Trying jmeter: /Users/daper01/.bzt/jmeter-taurus/3.2/bin/jmeter.sh
[2017-06-28 07:44:25,065 DEBUG bzt.utils] Executing shell: ['/Users/daper01/.bzt/jmeter-taurus/3.2/bin/jmeter.sh', '-j', '/var/folders/vq/xzrdy2lx047cst78f69v8z3xfzqz1q/T/jmeterRaMbNmlog', '--version']
[2017-06-28 07:44:25,323 DEBUG Engine] Taurus updates info: {"latest":"1.9.3","needsUpgrade":false}
[2017-06-28 07:44:25,324 DEBUG Engine] Installation is up-to-date
[2017-06-28 07:44:26,363 DEBUG Engine.jmeter.JMeter] JMeter check:     _    ____   _    ____ _   _ _____       _ __  __ _____ _____ _____ ____     
   / \  |  _ \ / \  / ___| | | | ____|     | |  \/  | ____|_   _| ____|  _ \   
  / _ \ | |_) / _ \| |   | |_| |  _|    _  | | |\/| |  _|   | | |  _| | |_) | 
 / ___ \|  __/ ___ \ |___|  _  | |___  | |_| | |  | | |___  | | | |___|  _ <  
/_/   \_\_| /_/   \_\____|_| |_|_____|  \___/|_|  |_|_____| |_| |_____|_| \_\ 3.2 r1790748  

Copyright (c) 1999-2017 The Apache Software Foundation

 / None
[2017-06-28 07:44:26,364 DEBUG Engine] New artifact filename: /Users/daper01/Documents/OSLo/from_scenario/2017-06-28_07-44-24.723873/requests.jmx
[2017-06-28 07:44:26,370 DEBUG JMeterScenarioBuilder] Saving JMX to: /Users/daper01/Documents/OSLo/from_scenario/2017-06-28_07-44-24.723873/requests.jmx
[2017-06-28 07:44:26,372 DEBUG Engine.jmeter] Load: LoadSpec(concurrency=50, throughput=None, ramp_up=30.0, hold=120.0, iterations=0, duration=150.0, steps=None)
[2017-06-28 07:44:26,376 DEBUG Engine.jmeter] Original threads: 1.0
[2017-06-28 07:44:26,377 DEBUG Engine] New artifact filename: /Users/daper01/Documents/OSLo/from_scenario/2017-06-28_07-44-24.723873/kpi.jtl
[2017-06-28 07:44:26,378 DEBUG Engine] New artifact filename: /Users/daper01/Documents/OSLo/from_scenario/2017-06-28_07-44-24.723873/error.jtl
[2017-06-28 07:44:26,378 DEBUG Engine] New artifact filename: /Users/daper01/Documents/OSLo/from_scenario/2017-06-28_07-44-24.723873/modified_requests.jmx
[2017-06-28 07:44:26,378 DEBUG JMX] Saving JMX to: /Users/daper01/Documents/OSLo/from_scenario/2017-06-28_07-44-24.723873/modified_requests.jmx
[2017-06-28 07:44:26,379 DEBUG Engine.jmeter] Additional properties: defaultdict(None, {'jmeter.save.saveservice.autoflush': 'true', 'jmeter.save.saveservice.connect_time': 'true', 'user.classpath': '/Users/daper01/Documents/OSLo/from_scenario/2017-06-28_07-44-24.723873', 'sampleresult.default.encoding': 'UTF-8', 'summariser.name': '', 'jmeterengine.force.system.exit': 'true', 'jmeter.save.saveservice.timestamp_format': 'ms', 'mode': 'Stripped', 'jmeterengine.nongui.maxport': 4445, 'jmeterengine.nongui.port': 4445})
[2017-06-28 07:44:26,379 DEBUG Engine] New artifact filename: /Users/daper01/Documents/OSLo/from_scenario/2017-06-28_07-44-24.723873/jmeter-bzt.properties
[2017-06-28 07:44:26,379 DEBUG Engine.jmeter] Additional system properties defaultdict(None, {'sun.net.inetaddr.ttl': 0})
[2017-06-28 07:44:26,379 DEBUG Engine] New artifact filename: /Users/daper01/Documents/OSLo/from_scenario/2017-06-28_07-44-24.723873/system.properties
[2017-06-28 07:44:26,379 DEBUG Engine] New artifact filename: /Users/daper01/Documents/OSLo/from_scenario/2017-06-28_07-44-24.723873/jmeter.out
[2017-06-28 07:44:26,380 DEBUG Engine] New artifact filename: /Users/daper01/Documents/OSLo/from_scenario/2017-06-28_07-44-24.723873/jmeter.err
[2017-06-28 07:44:26,380 DEBUG Engine] Module config: final-stats defaultdict(None, {'class': 'bzt.modules.reporting.FinalStatus'})
[2017-06-28 07:44:26,380 DEBUG root] Importing module: bzt.modules.reporting
[2017-06-28 07:44:26,462 DEBUG easyprocess] version=0.2.3
[2017-06-28 07:44:26,463 DEBUG pyvirtualdisplay] version=0.2.1
[2017-06-28 07:44:26,465 DEBUG root] Loading class: 'FinalStatus' from <module 'bzt.modules.reporting' from '/usr/local/lib/python2.7/site-packages/bzt/modules/reporting.pyc'>
[2017-06-28 07:44:26,465 DEBUG Engine] Module config: console defaultdict(None, {'class': 'bzt.modules.console.ConsoleStatusReporter'})
[2017-06-28 07:44:26,465 DEBUG root] Importing module: bzt.modules.console
[2017-06-28 07:44:26,465 DEBUG root] Loading class: 'ConsoleStatusReporter' from <module 'bzt.modules.console' from '/usr/local/lib/python2.7/site-packages/bzt/modules/console.pyc'>
[2017-06-28 07:44:26,478 DEBUG Engine.Configuration] Dumping YAML config into /Users/daper01/Documents/OSLo/from_scenario/2017-06-28_07-44-24.723873/effective.yml
[2017-06-28 07:44:26,524 DEBUG Engine.Configuration] Dumping JSON config into /Users/daper01/Documents/OSLo/from_scenario/2017-06-28_07-44-24.723873/effective.json
[2017-06-28 07:44:26,525 INFO Engine] Starting...
[2017-06-28 07:44:26,525 DEBUG Engine] Startup <bzt.modules.monitoring.Monitoring object at 0x10646e910>
[2017-06-28 07:44:26,525 DEBUG Engine] Startup <bzt.modules.aggregator.ConsolidatingAggregator object at 0x105a35890>
[2017-06-28 07:44:26,526 DEBUG Engine] Startup <bzt.modules.reporting.FinalStatus object at 0x106599090>
[2017-06-28 07:44:26,526 DEBUG Engine] Startup <bzt.modules.console.ConsoleStatusReporter object at 0x107199e10>
[2017-06-28 07:44:26,526 INFO Engine.console] Waiting for results...
[2017-06-28 07:44:26,526 DEBUG Engine] Startup <bzt.modules.reporting.FinalStatus object at 0x1071c2110>
[2017-06-28 07:44:26,526 DEBUG Engine] Startup <bzt.modules.provisioning.Local object at 0x1064552d0>
[2017-06-28 07:44:26,526 DEBUG Engine.local] Delay setup for jmeter/blazedemo: 0(start-at) + 0(delay) = 0
[2017-06-28 07:44:26,528 DEBUG Engine.Configuration] Dumping YAML config into /Users/daper01/Documents/OSLo/from_scenario/2017-06-28_07-44-24.723873/effective.yml
[2017-06-28 07:44:26,572 DEBUG Engine.Configuration] Dumping JSON config into /Users/daper01/Documents/OSLo/from_scenario/2017-06-28_07-44-24.723873/effective.json
[2017-06-28 07:44:26,574 DEBUG root] Leveling down log file verbosity, use -v option to have DEBUG messages enabled
[2017-06-28 07:44:26,794 INFO Engine.console] Waiting for finish...
[2017-06-28 07:45:58,777 WARNING Engine] Please wait for graceful shutdown...
[2017-06-28 07:45:58,787 DEBUG root] Leveled up log file verbosity
[2017-06-28 07:45:58,787 INFO Engine] Shutting down...
[2017-06-28 07:45:58,794 DEBUG Engine.local] Shutdown jmeter/blazedemo
[2017-06-28 07:45:59,799 INFO Engine.jmeter] Sending Shutdown command to JMeter on port 4445...
[2017-06-28 07:46:01,816 DEBUG Engine.jmeter] JMeter stopped on Shutdown command
[2017-06-28 07:46:01,817 DEBUG Engine.console] Restoring logging streams, [<logging.StreamHandler object at 0x106431150>]/{<logging.StreamHandler object at 0x106431150>: <open file '<stdout>', mode 'w' at 0x104ea7150>}
[2017-06-28 07:46:01,819 DEBUG Engine.Configuration] Dumping YAML config into /Users/daper01/Documents/OSLo/from_scenario/2017-06-28_07-44-24.723873/effective.yml
[2017-06-28 07:46:01,867 DEBUG Engine.Configuration] Dumping JSON config into /Users/daper01/Documents/OSLo/from_scenario/2017-06-28_07-44-24.723873/effective.json
[2017-06-28 07:46:01,871 WARNING root] Keyboard interrupt
[2017-06-28 07:46:01,871 DEBUG root] KeyboardInterrupt: 
Traceback (most recent call last):
  File "/usr/local/lib/python2.7/site-packages/bzt/cli.py", line 216, in perform
    self.engine.run()
  File "/usr/local/lib/python2.7/site-packages/bzt/engine.py", line 175, in run
    reraise(exc_info)
  File "/usr/local/lib/python2.7/site-packages/bzt/engine.py", line 157, in run
    self._wait()
  File "/usr/local/lib/python2.7/site-packages/bzt/engine.py", line 200, in _wait
    time.sleep(delay)
KeyboardInterrupt
[2017-06-28 07:46:01,871 INFO Engine] Post-processing...
[2017-06-28 07:46:01,871 DEBUG Engine.local] Post-process jmeter/blazedemo
[2017-06-28 07:46:01,872 DEBUG Engine] Add existing artifact (move=True): /Users/daper01/Documents/OSLo/from_scenario/2017-06-28_07-44-24.723873/modified_requests.jmx
[2017-06-28 07:46:01,872 DEBUG Engine] No need to copy /Users/daper01/Documents/OSLo/from_scenario/2017-06-28_07-44-24.723873/modified_requests.jmx
[2017-06-28 07:46:01,872 DEBUG Engine.jmeter.JTLErrorsReader] Opening /Users/daper01/Documents/OSLo/from_scenario/2017-06-28_07-44-24.723873/error.jtl
[2017-06-28 07:46:01,872 DEBUG Engine.jmeter.JTLReader.IncrementalCSVReader] Reading JTL: /Users/daper01/Documents/OSLo/from_scenario/2017-06-28_07-44-24.723873/kpi.jtl
[2017-06-28 07:46:01,872 DEBUG Engine.jmeter.JTLReader.IncrementalCSVReader] Read lines: 320 / 28673 bytes (at speed 1048576)
[2017-06-28 07:46:01,877 DEBUG Engine.jmeter.JTLReader] Buffer len: 4
[2017-06-28 07:46:01,878 DEBUG Engine.jmeter.JTLReader] Aggregating: 1498661156
[2017-06-28 07:46:01,902 DEBUG Engine.jmeter.JTLReader] Aggregating: 1498661157
[2017-06-28 07:46:01,926 DEBUG Engine.jmeter.JTLReader] Aggregating: 1498661158
[2017-06-28 07:46:01,956 DEBUG Engine.jmeter.JTLReader] Aggregating: 1498661159
[2017-06-28 07:46:01,979 DEBUG Engine.consolidator] Consolidator buffer[6]: [1498661154, 1498661155, 1498661156, 1498661157, 1498661158, 1498661159]
[2017-06-28 07:46:01,979 DEBUG Engine.consolidator] Merging into 1498661154
[2017-06-28 07:46:01,979 DEBUG Engine.consolidator] Merging 1498661154
[2017-06-28 07:46:02,007 DEBUG Engine.consolidator] Processed datapoint: 1498661154/None
[2017-06-28 07:46:02,007 DEBUG Engine.consolidator] Merging into 1498661155
[2017-06-28 07:46:02,008 DEBUG Engine.consolidator] Merging 1498661155
[2017-06-28 07:46:02,030 DEBUG Engine.consolidator] Processed datapoint: 1498661155/None
[2017-06-28 07:46:02,030 DEBUG Engine.consolidator] Merging into 1498661156
[2017-06-28 07:46:02,030 DEBUG Engine.consolidator] Merging 1498661156
[2017-06-28 07:46:02,052 DEBUG Engine.consolidator] Processed datapoint: 1498661156/None
[2017-06-28 07:46:02,052 DEBUG Engine.consolidator] Merging into 1498661157
[2017-06-28 07:46:02,052 DEBUG Engine.consolidator] Merging 1498661157
[2017-06-28 07:46:02,073 DEBUG Engine.consolidator] Processed datapoint: 1498661157/None
[2017-06-28 07:46:02,073 DEBUG Engine.consolidator] Merging into 1498661158
[2017-06-28 07:46:02,073 DEBUG Engine.consolidator] Merging 1498661158
[2017-06-28 07:46:02,094 DEBUG Engine.consolidator] Processed datapoint: 1498661158/None
[2017-06-28 07:46:02,094 DEBUG Engine.consolidator] Merging into 1498661159
[2017-06-28 07:46:02,094 DEBUG Engine.consolidator] Merging 1498661159
[2017-06-28 07:46:02,118 DEBUG Engine.consolidator] Processed datapoint: 1498661159/None
[2017-06-28 07:46:02,118 INFO Engine.final-stats] Test duration: 0:01:36
[2017-06-28 07:46:02,118 INFO Engine.final-stats] Samples count: 11341, 0.00% failures
[2017-06-28 07:46:02,119 INFO Engine.final-stats] Average times: total 0.336, latency 0.234, connect 0.000
[2017-06-28 07:46:02,119 INFO Engine.final-stats] Percentile 0.0%: 0.170
[2017-06-28 07:46:02,119 INFO Engine.final-stats] Percentile 50.0%: 0.346
[2017-06-28 07:46:02,119 INFO Engine.final-stats] Percentile 90.0%: 0.548
[2017-06-28 07:46:02,119 INFO Engine.final-stats] Percentile 95.0%: 0.761
[2017-06-28 07:46:02,119 INFO Engine.final-stats] Percentile 99.0%: 1.211
[2017-06-28 07:46:02,119 INFO Engine.final-stats] Percentile 99.9%: 1.899
[2017-06-28 07:46:02,120 INFO Engine.final-stats] Percentile 100.0%: 2.892
[2017-06-28 07:46:02,120 DEBUG Engine.console] No logger_handler or orig_stream was detected
[2017-06-28 07:46:02,120 INFO Engine.final-stats] Test duration: 0:01:36
[2017-06-28 07:46:02,120 INFO Engine.final-stats] Samples count: 11341, 0.00% failures
[2017-06-28 07:46:02,120 INFO Engine.final-stats] Average times: total 0.336, latency 0.234, connect 0.000
[2017-06-28 07:46:02,120 INFO Engine.final-stats] Percentile 0.0%: 0.170
[2017-06-28 07:46:02,120 INFO Engine.final-stats] Percentile 50.0%: 0.346
[2017-06-28 07:46:02,120 INFO Engine.final-stats] Percentile 90.0%: 0.548
[2017-06-28 07:46:02,121 INFO Engine.final-stats] Percentile 95.0%: 0.761
[2017-06-28 07:46:02,121 INFO Engine.final-stats] Percentile 99.0%: 1.211
[2017-06-28 07:46:02,121 INFO Engine.final-stats] Percentile 99.9%: 1.899
[2017-06-28 07:46:02,121 INFO Engine.final-stats] Percentile 100.0%: 2.892
[2017-06-28 07:46:02,122 INFO Engine.final-stats] Dumping final status as XML: stats.xml
[2017-06-28 07:46:02,127 DEBUG Engine.Configuration] Dumping YAML config into /Users/daper01/Documents/OSLo/from_scenario/2017-06-28_07-44-24.723873/effective.yml
[2017-06-28 07:46:02,177 DEBUG Engine.Configuration] Dumping JSON config into /Users/daper01/Documents/OSLo/from_scenario/2017-06-28_07-44-24.723873/effective.json
[2017-06-28 07:46:02,179 INFO root] Artifacts dir: /Users/daper01/Documents/OSLo/from_scenario/2017-06-28_07-44-24.723873
[2017-06-28 07:46:02,180 WARNING root] Done performing with code: 1
[2017-06-28 07:46:02,181 DEBUG root] Closing log handler: /Users/daper01/Documents/OSLo/from_scenario/2017-06-28_07-44-24.723873/bzt.log
