2017-06-28 07:44:27,779 INFO o.a.j.u.JMeterUtils: Setting Locale to en_US
2017-06-28 07:44:27,796 INFO o.a.j.JMeter: Loading user properties from: /Users/daper01/.bzt/jmeter-taurus/3.2/bin/user.properties
2017-06-28 07:44:27,796 INFO o.a.j.JMeter: Loading system properties from: /Users/daper01/.bzt/jmeter-taurus/3.2/bin/system.properties
2017-06-28 07:44:27,797 INFO o.a.j.JMeter: Setting System properties from file: /Users/daper01/Documents/OSLo/from_scenario/2017-06-28_07-44-24.723873/system.properties
2017-06-28 07:44:27,802 INFO o.a.j.JMeter: Copyright (c) 1998-2017 The Apache Software Foundation
2017-06-28 07:44:27,803 INFO o.a.j.JMeter: Version 3.2 r1790748
2017-06-28 07:44:27,803 INFO o.a.j.JMeter: java.version=1.8.0_121
2017-06-28 07:44:27,803 INFO o.a.j.JMeter: java.vm.name=Java HotSpot(TM) 64-Bit Server VM
2017-06-28 07:44:27,803 INFO o.a.j.JMeter: os.name=Mac OS X
2017-06-28 07:44:27,803 INFO o.a.j.JMeter: os.arch=x86_64
2017-06-28 07:44:27,803 INFO o.a.j.JMeter: os.version=10.12.3
2017-06-28 07:44:27,803 INFO o.a.j.JMeter: file.encoding=UTF-8
2017-06-28 07:44:27,803 INFO o.a.j.JMeter: Max memory     =3817865216
2017-06-28 07:44:27,803 INFO o.a.j.JMeter: Available Processors =4
2017-06-28 07:44:27,807 INFO o.a.j.JMeter: Default Locale=English (United States)
2017-06-28 07:44:27,807 INFO o.a.j.JMeter: JMeter  Locale=English (United States)
2017-06-28 07:44:27,807 INFO o.a.j.JMeter: JMeterHome=/Users/daper01/.bzt/jmeter-taurus/3.2
2017-06-28 07:44:27,807 INFO o.a.j.JMeter: user.dir  =/Users/daper01/Documents/OSLo/from_scenario
2017-06-28 07:44:27,807 INFO o.a.j.JMeter: PWD       =/Users/daper01/Documents/OSLo/from_scenario
2017-06-28 07:44:27,809 INFO o.a.j.JMeter: IP: 192.168.1.77 Name: daper01mac1124 FullName: daper01mac1124
2017-06-28 07:44:27,809 INFO o.a.j.JMeter: user.classpath=/Users/daper01/Documents/OSLo/from_scenario/2017-06-28_07-44-24.723873
2017-06-28 07:44:27,809 INFO o.a.j.JMeter: Adding to classpath and loader: /Users/daper01/Documents/OSLo/from_scenario/2017-06-28_07-44-24.723873
2017-06-28 07:44:27,814 INFO o.a.j.s.FileServer: Default base='/Users/daper01/Documents/OSLo/from_scenario'
2017-06-28 07:44:27,814 INFO o.a.j.s.FileServer: Set new base='/Users/daper01/Documents/OSLo/from_scenario/2017-06-28_07-44-24.723873'
2017-06-28 07:44:27,968 INFO o.a.j.s.SaveService: Testplan (JMX) version: 2.2. Testlog (JTL) version: 2.2
2017-06-28 07:44:27,978 INFO o.a.j.s.SaveService: Using SaveService properties file encoding UTF-8
2017-06-28 07:44:27,986 INFO o.a.j.s.SaveService: Using SaveService properties version 3.2
2017-06-28 07:44:27,994 INFO o.a.j.s.SaveService: Loading file: /Users/daper01/Documents/OSLo/from_scenario/2017-06-28_07-44-24.723873/modified_requests.jmx
2017-06-28 07:44:28,043 INFO o.a.j.p.h.c.CacheManager: Will only cache the following methods: [GET]
2017-06-28 07:44:28,045 INFO o.a.j.p.h.c.CookieManager: Settings: Delete null: true Check: true Allow variable: true Save: false Prefix: COOKIE_
2017-06-28 07:44:28,065 INFO o.a.j.p.h.s.HTTPSamplerBase: Parser for text/html is org.apache.jmeter.protocol.http.parser.LagartoBasedHtmlParser
2017-06-28 07:44:28,065 INFO o.a.j.p.h.s.HTTPSamplerBase: Parser for application/xhtml+xml is org.apache.jmeter.protocol.http.parser.LagartoBasedHtmlParser
2017-06-28 07:44:28,065 INFO o.a.j.p.h.s.HTTPSamplerBase: Parser for application/xml is org.apache.jmeter.protocol.http.parser.LagartoBasedHtmlParser
2017-06-28 07:44:28,065 INFO o.a.j.p.h.s.HTTPSamplerBase: Parser for text/xml is org.apache.jmeter.protocol.http.parser.LagartoBasedHtmlParser
2017-06-28 07:44:28,065 INFO o.a.j.p.h.s.HTTPSamplerBase: Parser for text/vnd.wap.wml is org.apache.jmeter.protocol.http.parser.RegexpHTMLParser
2017-06-28 07:44:28,065 INFO o.a.j.p.h.s.HTTPSamplerBase: Parser for text/css is org.apache.jmeter.protocol.http.parser.CssParser
2017-06-28 07:44:28,116 INFO o.a.j.e.StandardJMeterEngine: Running the test!
2017-06-28 07:44:28,116 INFO o.a.j.s.SampleEvent: List of sample_variables: []
2017-06-28 07:44:28,116 INFO o.a.j.s.SampleEvent: List of sample_variables: []
2017-06-28 07:44:28,121 INFO o.a.j.e.u.CompoundVariable: Note: Function class names must contain the string: '.functions.'
2017-06-28 07:44:28,121 INFO o.a.j.e.u.CompoundVariable: Note: Function class names must not contain the string: '.gui.'
2017-06-28 07:44:28,501 INFO o.a.j.JMeter: Running test (1498661068500)
2017-06-28 07:44:28,551 INFO o.a.j.e.StandardJMeterEngine: Starting ThreadGroup: 1 : blazedemo
2017-06-28 07:44:28,551 INFO o.a.j.e.StandardJMeterEngine: Starting 50 threads for group blazedemo.
2017-06-28 07:44:28,551 INFO o.a.j.e.StandardJMeterEngine: Thread will continue on error
2017-06-28 07:44:28,552 INFO o.a.j.t.ThreadGroup: Starting thread group... number=1 threads=50 ramp-up=30 perThread=600.0 delayedStart=false
2017-06-28 07:44:28,744 INFO o.a.j.t.ThreadGroup: Started thread group number 1
2017-06-28 07:44:28,744 INFO o.a.j.e.StandardJMeterEngine: All thread groups have been started
2017-06-28 07:44:28,970 INFO o.a.j.t.JMeterThread: Thread started: blazedemo 1-1
2017-06-28 07:44:28,972 INFO o.a.j.s.FileServer: Stored: /Users/daper01/Documents/OSLo/from_scenario/param.csv
2017-06-28 07:44:28,997 INFO o.a.j.p.h.s.HTTPHCAbstractImpl: Local host = daper01mac1124
2017-06-28 07:44:29,002 INFO o.a.j.p.h.s.HTTPHC4Impl: HTTP request retry count = 0
2017-06-28 07:44:29,010 INFO o.a.j.s.SampleResult: Note: Sample TimeStamps are START times
2017-06-28 07:44:29,010 INFO o.a.j.s.SampleResult: sampleresult.default.encoding is set to UTF-8
2017-06-28 07:44:29,010 INFO o.a.j.s.SampleResult: sampleresult.useNanoTime=true
2017-06-28 07:44:29,011 INFO o.a.j.s.SampleResult: sampleresult.nanoThreadSleep=5000
2017-06-28 07:44:29,570 INFO o.a.j.t.JMeterThread: Thread started: blazedemo 1-2
2017-06-28 07:44:30,174 INFO o.a.j.t.JMeterThread: Thread started: blazedemo 1-3
2017-06-28 07:44:30,775 INFO o.a.j.t.JMeterThread: Thread started: blazedemo 1-4
2017-06-28 07:44:31,375 INFO o.a.j.t.JMeterThread: Thread started: blazedemo 1-5
2017-06-28 07:44:31,976 INFO o.a.j.t.JMeterThread: Thread started: blazedemo 1-6
2017-06-28 07:44:32,574 INFO o.a.j.t.JMeterThread: Thread started: blazedemo 1-7
2017-06-28 07:44:33,170 INFO o.a.j.t.JMeterThread: Thread started: blazedemo 1-8
2017-06-28 07:44:33,771 INFO o.a.j.t.JMeterThread: Thread started: blazedemo 1-9
2017-06-28 07:44:34,373 INFO o.a.j.t.JMeterThread: Thread started: blazedemo 1-10
2017-06-28 07:44:34,974 INFO o.a.j.t.JMeterThread: Thread started: blazedemo 1-11
2017-06-28 07:44:35,575 INFO o.a.j.t.JMeterThread: Thread started: blazedemo 1-12
2017-06-28 07:44:36,171 INFO o.a.j.t.JMeterThread: Thread started: blazedemo 1-13
2017-06-28 07:44:36,773 INFO o.a.j.t.JMeterThread: Thread started: blazedemo 1-14
2017-06-28 07:44:37,376 INFO o.a.j.t.JMeterThread: Thread started: blazedemo 1-15
2017-06-28 07:44:37,972 INFO o.a.j.t.JMeterThread: Thread started: blazedemo 1-16
2017-06-28 07:44:38,572 INFO o.a.j.t.JMeterThread: Thread started: blazedemo 1-17
2017-06-28 07:44:39,169 INFO o.a.j.t.JMeterThread: Thread started: blazedemo 1-18
2017-06-28 07:44:39,771 INFO o.a.j.t.JMeterThread: Thread started: blazedemo 1-19
2017-06-28 07:44:40,373 INFO o.a.j.t.JMeterThread: Thread started: blazedemo 1-20
2017-06-28 07:44:40,973 INFO o.a.j.t.JMeterThread: Thread started: blazedemo 1-21
2017-06-28 07:44:41,572 INFO o.a.j.t.JMeterThread: Thread started: blazedemo 1-22
2017-06-28 07:44:42,171 INFO o.a.j.t.JMeterThread: Thread started: blazedemo 1-23
2017-06-28 07:44:42,772 INFO o.a.j.t.JMeterThread: Thread started: blazedemo 1-24
2017-06-28 07:44:43,372 INFO o.a.j.t.JMeterThread: Thread started: blazedemo 1-25
2017-06-28 07:44:43,972 INFO o.a.j.t.JMeterThread: Thread started: blazedemo 1-26
2017-06-28 07:44:44,573 INFO o.a.j.t.JMeterThread: Thread started: blazedemo 1-27
2017-06-28 07:44:45,168 INFO o.a.j.t.JMeterThread: Thread started: blazedemo 1-28
2017-06-28 07:44:45,772 INFO o.a.j.t.JMeterThread: Thread started: blazedemo 1-29
2017-06-28 07:44:46,373 INFO o.a.j.t.JMeterThread: Thread started: blazedemo 1-30
2017-06-28 07:44:46,973 INFO o.a.j.t.JMeterThread: Thread started: blazedemo 1-31
2017-06-28 07:44:47,573 INFO o.a.j.t.JMeterThread: Thread started: blazedemo 1-32
2017-06-28 07:44:48,172 INFO o.a.j.t.JMeterThread: Thread started: blazedemo 1-33
2017-06-28 07:44:48,773 INFO o.a.j.t.JMeterThread: Thread started: blazedemo 1-34
2017-06-28 07:44:49,376 INFO o.a.j.t.JMeterThread: Thread started: blazedemo 1-35
2017-06-28 07:44:49,972 INFO o.a.j.t.JMeterThread: Thread started: blazedemo 1-36
2017-06-28 07:44:50,573 INFO o.a.j.t.JMeterThread: Thread started: blazedemo 1-37
2017-06-28 07:44:51,173 INFO o.a.j.t.JMeterThread: Thread started: blazedemo 1-38
2017-06-28 07:44:51,772 INFO o.a.j.t.JMeterThread: Thread started: blazedemo 1-39
2017-06-28 07:44:52,372 INFO o.a.j.t.JMeterThread: Thread started: blazedemo 1-40
2017-06-28 07:44:52,975 INFO o.a.j.t.JMeterThread: Thread started: blazedemo 1-41
2017-06-28 07:44:53,576 INFO o.a.j.t.JMeterThread: Thread started: blazedemo 1-42
2017-06-28 07:44:54,173 INFO o.a.j.t.JMeterThread: Thread started: blazedemo 1-43
2017-06-28 07:44:54,776 INFO o.a.j.t.JMeterThread: Thread started: blazedemo 1-44
2017-06-28 07:44:55,375 INFO o.a.j.t.JMeterThread: Thread started: blazedemo 1-45
2017-06-28 07:44:55,974 INFO o.a.j.t.JMeterThread: Thread started: blazedemo 1-46
2017-06-28 07:44:56,573 INFO o.a.j.t.JMeterThread: Thread started: blazedemo 1-47
2017-06-28 07:44:57,173 INFO o.a.j.t.JMeterThread: Thread started: blazedemo 1-48
2017-06-28 07:44:57,772 INFO o.a.j.t.JMeterThread: Thread started: blazedemo 1-49
2017-06-28 07:44:58,376 INFO o.a.j.t.JMeterThread: Thread started: blazedemo 1-50
2017-06-28 07:45:59,810 INFO o.a.j.JMeter: Command: Shutdown received from /127.0.0.1
2017-06-28 07:45:59,811 INFO o.a.j.t.JMeterThread: Stopping: blazedemo 1-11
2017-06-28 07:45:59,811 INFO o.a.j.t.JMeterThread: Stopping: blazedemo 1-20
2017-06-28 07:45:59,811 INFO o.a.j.t.JMeterThread: Stopping: blazedemo 1-36
2017-06-28 07:45:59,811 INFO o.a.j.t.JMeterThread: Stopping: blazedemo 1-43
2017-06-28 07:45:59,811 INFO o.a.j.t.JMeterThread: Stopping: blazedemo 1-35
2017-06-28 07:45:59,812 INFO o.a.j.t.JMeterThread: Stopping: blazedemo 1-9
2017-06-28 07:45:59,812 INFO o.a.j.t.JMeterThread: Stopping: blazedemo 1-34
2017-06-28 07:45:59,812 INFO o.a.j.t.JMeterThread: Stopping: blazedemo 1-33
2017-06-28 07:45:59,812 INFO o.a.j.t.JMeterThread: Stopping: blazedemo 1-45
2017-06-28 07:45:59,812 INFO o.a.j.t.JMeterThread: Stopping: blazedemo 1-42
2017-06-28 07:45:59,812 INFO o.a.j.t.JMeterThread: Stopping: blazedemo 1-19
2017-06-28 07:45:59,813 INFO o.a.j.t.JMeterThread: Stopping: blazedemo 1-17
2017-06-28 07:45:59,813 INFO o.a.j.t.JMeterThread: Stopping: blazedemo 1-37
2017-06-28 07:45:59,813 INFO o.a.j.t.JMeterThread: Thread finished: blazedemo 1-19
2017-06-28 07:45:59,813 INFO o.a.j.t.JMeterThread: Stopping: blazedemo 1-1
2017-06-28 07:45:59,813 INFO o.a.j.t.JMeterThread: Stopping: blazedemo 1-3
2017-06-28 07:45:59,813 INFO o.a.j.t.JMeterThread: Stopping: blazedemo 1-38
2017-06-28 07:45:59,813 INFO o.a.j.t.JMeterThread: Stopping: blazedemo 1-22
2017-06-28 07:45:59,813 INFO o.a.j.t.JMeterThread: Stopping: blazedemo 1-4
2017-06-28 07:45:59,813 INFO o.a.j.t.JMeterThread: Stopping: blazedemo 1-14
2017-06-28 07:45:59,813 INFO o.a.j.t.JMeterThread: Stopping: blazedemo 1-13
2017-06-28 07:45:59,813 INFO o.a.j.t.JMeterThread: Stopping: blazedemo 1-39
2017-06-28 07:45:59,813 INFO o.a.j.t.JMeterThread: Stopping: blazedemo 1-44
2017-06-28 07:45:59,813 INFO o.a.j.t.JMeterThread: Stopping: blazedemo 1-49
2017-06-28 07:45:59,813 INFO o.a.j.t.JMeterThread: Stopping: blazedemo 1-23
2017-06-28 07:45:59,814 INFO o.a.j.t.JMeterThread: Stopping: blazedemo 1-5
2017-06-28 07:45:59,814 INFO o.a.j.t.JMeterThread: Stopping: blazedemo 1-30
2017-06-28 07:45:59,814 INFO o.a.j.t.JMeterThread: Stopping: blazedemo 1-32
2017-06-28 07:45:59,814 INFO o.a.j.t.JMeterThread: Stopping: blazedemo 1-8
2017-06-28 07:45:59,814 INFO o.a.j.t.JMeterThread: Stopping: blazedemo 1-7
2017-06-28 07:45:59,814 INFO o.a.j.t.JMeterThread: Stopping: blazedemo 1-2
2017-06-28 07:45:59,814 INFO o.a.j.t.JMeterThread: Stopping: blazedemo 1-26
2017-06-28 07:45:59,814 INFO o.a.j.t.JMeterThread: Stopping: blazedemo 1-27
2017-06-28 07:45:59,814 INFO o.a.j.t.JMeterThread: Stopping: blazedemo 1-21
2017-06-28 07:45:59,814 INFO o.a.j.t.JMeterThread: Stopping: blazedemo 1-15
2017-06-28 07:45:59,814 INFO o.a.j.t.JMeterThread: Stopping: blazedemo 1-46
2017-06-28 07:45:59,814 INFO o.a.j.t.JMeterThread: Stopping: blazedemo 1-28
2017-06-28 07:45:59,814 INFO o.a.j.t.JMeterThread: Stopping: blazedemo 1-41
2017-06-28 07:45:59,814 INFO o.a.j.t.JMeterThread: Stopping: blazedemo 1-10
2017-06-28 07:45:59,814 INFO o.a.j.t.JMeterThread: Stopping: blazedemo 1-48
2017-06-28 07:45:59,814 INFO o.a.j.t.JMeterThread: Stopping: blazedemo 1-16
2017-06-28 07:45:59,814 INFO o.a.j.t.JMeterThread: Stopping: blazedemo 1-29
2017-06-28 07:45:59,814 INFO o.a.j.t.JMeterThread: Stopping: blazedemo 1-25
2017-06-28 07:45:59,814 INFO o.a.j.t.JMeterThread: Stopping: blazedemo 1-40
2017-06-28 07:45:59,814 INFO o.a.j.t.JMeterThread: Stopping: blazedemo 1-24
2017-06-28 07:45:59,814 INFO o.a.j.t.JMeterThread: Stopping: blazedemo 1-47
2017-06-28 07:45:59,814 INFO o.a.j.t.JMeterThread: Stopping: blazedemo 1-6
2017-06-28 07:45:59,814 INFO o.a.j.t.JMeterThread: Stopping: blazedemo 1-12
2017-06-28 07:45:59,814 INFO o.a.j.t.JMeterThread: Stopping: blazedemo 1-18
2017-06-28 07:45:59,815 INFO o.a.j.t.JMeterThread: Stopping: blazedemo 1-31
2017-06-28 07:45:59,815 INFO o.a.j.t.JMeterThread: Stopping: blazedemo 1-50
2017-06-28 07:45:59,824 INFO o.a.j.t.JMeterThread: Thread finished: blazedemo 1-25
2017-06-28 07:45:59,832 INFO o.a.j.t.JMeterThread: Thread finished: blazedemo 1-20
2017-06-28 07:45:59,845 INFO o.a.j.t.JMeterThread: Thread finished: blazedemo 1-8
2017-06-28 07:45:59,849 INFO o.a.j.t.JMeterThread: Thread finished: blazedemo 1-27
2017-06-28 07:45:59,849 INFO o.a.j.t.JMeterThread: Thread finished: blazedemo 1-12
2017-06-28 07:45:59,854 INFO o.a.j.t.JMeterThread: Thread finished: blazedemo 1-6
2017-06-28 07:45:59,858 INFO o.a.j.t.JMeterThread: Thread finished: blazedemo 1-7
2017-06-28 07:45:59,858 INFO o.a.j.t.JMeterThread: Thread finished: blazedemo 1-33
2017-06-28 07:45:59,869 INFO o.a.j.t.JMeterThread: Thread finished: blazedemo 1-50
2017-06-28 07:45:59,902 INFO o.a.j.t.JMeterThread: Thread finished: blazedemo 1-35
2017-06-28 07:45:59,907 INFO o.a.j.t.JMeterThread: Thread finished: blazedemo 1-16
2017-06-28 07:45:59,909 INFO o.a.j.t.JMeterThread: Thread finished: blazedemo 1-9
2017-06-28 07:45:59,914 INFO o.a.j.t.JMeterThread: Thread finished: blazedemo 1-44
2017-06-28 07:45:59,921 INFO o.a.j.t.JMeterThread: Thread finished: blazedemo 1-26
2017-06-28 07:45:59,925 INFO o.a.j.t.JMeterThread: Thread finished: blazedemo 1-49
2017-06-28 07:45:59,952 INFO o.a.j.t.JMeterThread: Thread finished: blazedemo 1-22
2017-06-28 07:45:59,952 INFO o.a.j.t.JMeterThread: Thread finished: blazedemo 1-1
2017-06-28 07:45:59,958 INFO o.a.j.t.JMeterThread: Thread finished: blazedemo 1-10
2017-06-28 07:45:59,960 INFO o.a.j.t.JMeterThread: Thread finished: blazedemo 1-31
2017-06-28 07:45:59,960 INFO o.a.j.t.JMeterThread: Thread finished: blazedemo 1-48
2017-06-28 07:45:59,961 INFO o.a.j.t.JMeterThread: Thread finished: blazedemo 1-15
2017-06-28 07:45:59,962 INFO o.a.j.t.JMeterThread: Thread finished: blazedemo 1-46
2017-06-28 07:45:59,985 INFO o.a.j.t.JMeterThread: Thread finished: blazedemo 1-28
2017-06-28 07:45:59,989 INFO o.a.j.t.JMeterThread: Thread finished: blazedemo 1-41
2017-06-28 07:45:59,994 INFO o.a.j.t.JMeterThread: Thread finished: blazedemo 1-38
2017-06-28 07:45:59,994 INFO o.a.j.t.JMeterThread: Thread finished: blazedemo 1-29
2017-06-28 07:46:00,007 INFO o.a.j.t.JMeterThread: Thread finished: blazedemo 1-5
2017-06-28 07:46:00,021 INFO o.a.j.t.JMeterThread: Thread finished: blazedemo 1-4
2017-06-28 07:46:00,029 INFO o.a.j.t.JMeterThread: Thread finished: blazedemo 1-24
2017-06-28 07:46:00,060 INFO o.a.j.t.JMeterThread: Thread finished: blazedemo 1-2
2017-06-28 07:46:00,065 INFO o.a.j.t.JMeterThread: Thread finished: blazedemo 1-14
2017-06-28 07:46:00,065 INFO o.a.j.t.JMeterThread: Thread finished: blazedemo 1-39
2017-06-28 07:46:00,070 INFO o.a.j.t.JMeterThread: Thread finished: blazedemo 1-32
2017-06-28 07:46:00,075 INFO o.a.j.t.JMeterThread: Thread finished: blazedemo 1-13
2017-06-28 07:46:00,078 INFO o.a.j.t.JMeterThread: Thread finished: blazedemo 1-47
2017-06-28 07:46:00,091 INFO o.a.j.t.JMeterThread: Thread finished: blazedemo 1-34
2017-06-28 07:46:00,093 INFO o.a.j.t.JMeterThread: Thread finished: blazedemo 1-45
2017-06-28 07:46:00,098 INFO o.a.j.t.JMeterThread: Thread finished: blazedemo 1-42
2017-06-28 07:46:00,147 INFO o.a.j.t.JMeterThread: Thread finished: blazedemo 1-30
2017-06-28 07:46:00,178 INFO o.a.j.t.JMeterThread: Thread finished: blazedemo 1-17
2017-06-28 07:46:00,199 INFO o.a.j.t.JMeterThread: Thread finished: blazedemo 1-18
2017-06-28 07:46:00,239 INFO o.a.j.t.JMeterThread: Thread finished: blazedemo 1-23
2017-06-28 07:46:00,271 INFO o.a.j.t.JMeterThread: Thread finished: blazedemo 1-11
2017-06-28 07:46:00,276 INFO o.a.j.t.JMeterThread: Thread finished: blazedemo 1-36
2017-06-28 07:46:00,286 INFO o.a.j.t.JMeterThread: Thread finished: blazedemo 1-43
2017-06-28 07:46:00,305 INFO o.a.j.t.JMeterThread: Thread finished: blazedemo 1-40
2017-06-28 07:46:00,313 INFO o.a.j.t.JMeterThread: Thread finished: blazedemo 1-3
2017-06-28 07:46:00,363 INFO o.a.j.t.JMeterThread: Thread finished: blazedemo 1-37
2017-06-28 07:46:00,582 INFO o.a.j.t.JMeterThread: Thread finished: blazedemo 1-21
2017-06-28 07:46:00,583 INFO o.a.j.e.StandardJMeterEngine: Notifying test listeners of end of test
2017-06-28 07:46:00,583 INFO o.a.j.s.FileServer: Close: /Users/daper01/Documents/OSLo/from_scenario/param.csv
2017-06-28 07:46:00,585 INFO o.a.j.e.StandardJMeterEngine: Forced JVM shutdown requested at end of test
