[2017-06-28 07:47:00,256 INFO root] Taurus CLI Tool v1.9.3
[2017-06-28 07:47:00,256 DEBUG root] Command-line options: {'verbose': None, 'no_system_configs': None, 'quiet': None, 'log': '/var/folders/vq/xzrdy2lx047cst78f69v8z3xfzqz1q/T/bzt_i4l0e2.log', 'option': None, 'aliases': ['cloud']}
[2017-06-28 07:47:00,256 DEBUG root] Python: CPython 2.7.13
[2017-06-28 07:47:00,256 DEBUG root] OS: ('Darwin', 'daper01mac1124', '16.4.0', 'Darwin Kernel Version 16.4.0: Thu Dec 22 22:53:21 PST 2016; root:xnu-3789.41.3~3/RELEASE_X86_64', 'x86_64', 'i386')
[2017-06-28 07:47:00,257 INFO root] Starting with configs: ['load_scenario_from_csv.yml', 'execution_jmeter.yml']
[2017-06-28 07:47:00,257 DEBUG root] Using personal config: /Users/daper01/.bzt-rc
[2017-06-28 07:47:00,257 INFO Engine] Configuring...
[2017-06-28 07:47:00,257 DEBUG Engine] Reading extension configs from: /usr/local/etc/bzt.d
[2017-06-28 07:47:00,258 DEBUG Engine.Configuration] Configs: ['/usr/local/lib/python2.7/site-packages/bzt/resources/base-config.yml', '/usr/local/etc/bzt.d/99-installID.yml']
[2017-06-28 07:47:00,258 DEBUG Engine.Configuration] Reading /usr/local/lib/python2.7/site-packages/bzt/resources/base-config.yml as YAML
[2017-06-28 07:47:00,288 DEBUG Engine.Configuration] Reading /usr/local/etc/bzt.d/99-installID.yml as YAML
[2017-06-28 07:47:00,289 DEBUG Engine.Configuration] Configs: ['/Users/daper01/.bzt-rc', 'load_scenario_from_csv.yml', 'execution_jmeter.yml']
[2017-06-28 07:47:00,289 DEBUG Engine.Configuration] Reading /Users/daper01/.bzt-rc as YAML
[2017-06-28 07:47:00,290 DEBUG Engine.Configuration] Reading load_scenario_from_csv.yml as YAML
[2017-06-28 07:47:00,298 DEBUG Engine.Configuration] Reading execution_jmeter.yml as YAML
[2017-06-28 07:47:00,304 DEBUG Engine.Configuration] Configs: ['/Users/daper01/.bzt-rc', 'load_scenario_from_csv.yml', 'execution_jmeter.yml']
[2017-06-28 07:47:00,304 DEBUG Engine.Configuration] Reading /Users/daper01/.bzt-rc as YAML
[2017-06-28 07:47:00,307 DEBUG Engine.Configuration] Reading load_scenario_from_csv.yml as YAML
[2017-06-28 07:47:00,322 DEBUG Engine.Configuration] Reading execution_jmeter.yml as YAML
[2017-06-28 07:47:00,334 DEBUG Engine] Requesting updates info: http://gettaurus.org/updates/?version=1.9.3&installID=784f43782a15
[2017-06-28 07:47:00,344 INFO Engine] Artifacts dir: /Users/daper01/Documents/OSLo/from_scenario/2017-06-28_07-47-00.335116
[2017-06-28 07:47:00,345 DEBUG Engine] New artifact filename: /Users/daper01/Documents/OSLo/from_scenario/2017-06-28_07-47-00.335116/effective
[2017-06-28 07:47:00,350 DEBUG Engine.Configuration] Dumping YAML config into /Users/daper01/Documents/OSLo/from_scenario/2017-06-28_07-47-00.335116/effective.yml
[2017-06-28 07:47:00,376 DEBUG Engine.Configuration] Dumping JSON config into /Users/daper01/Documents/OSLo/from_scenario/2017-06-28_07-47-00.335116/effective.json
[2017-06-28 07:47:00,377 DEBUG Engine] New artifact filename: /Users/daper01/Documents/OSLo/from_scenario/2017-06-28_07-47-00.335116/merged.yml
[2017-06-28 07:47:00,378 DEBUG Engine.Configuration] Dumping YAML config into /Users/daper01/Documents/OSLo/from_scenario/2017-06-28_07-47-00.335116/merged.yml
[2017-06-28 07:47:00,389 DEBUG Engine] New artifact filename: /Users/daper01/Documents/OSLo/from_scenario/2017-06-28_07-47-00.335116/merged.json
[2017-06-28 07:47:00,390 DEBUG Engine.Configuration] Dumping JSON config into /Users/daper01/Documents/OSLo/from_scenario/2017-06-28_07-47-00.335116/merged.json
[2017-06-28 07:47:00,391 DEBUG Engine] Add existing artifact (move=False): load_scenario_from_csv.yml
[2017-06-28 07:47:00,391 DEBUG Engine] Copying load_scenario_from_csv.yml to /Users/daper01/Documents/OSLo/from_scenario/2017-06-28_07-47-00.335116/load_scenario_from_csv.yml
[2017-06-28 07:47:00,392 DEBUG Engine] Add existing artifact (move=False): execution_jmeter.yml
[2017-06-28 07:47:00,392 DEBUG Engine] Copying execution_jmeter.yml to /Users/daper01/Documents/OSLo/from_scenario/2017-06-28_07-47-00.335116/execution_jmeter.yml
[2017-06-28 07:47:00,392 DEBUG root] Closing log handler: /var/folders/vq/xzrdy2lx047cst78f69v8z3xfzqz1q/T/bzt_i4l0e2.log
[2017-06-28 07:47:00,393 DEBUG root] Switched writing logs to /Users/daper01/Documents/OSLo/from_scenario/2017-06-28_07-47-00.335116/bzt.log
[2017-06-28 07:47:00,393 INFO Engine] Preparing...
[2017-06-28 07:47:00,394 DEBUG Engine] Module config: consolidator defaultdict(None, {'class': 'bzt.modules.aggregator.ConsolidatingAggregator'})
[2017-06-28 07:47:00,394 DEBUG root] Importing module: bzt.modules.aggregator
[2017-06-28 07:47:00,398 DEBUG root] Loading class: 'ConsolidatingAggregator' from <module 'bzt.modules.aggregator' from '/usr/local/lib/python2.7/site-packages/bzt/modules/aggregator.pyc'>
[2017-06-28 07:47:00,398 DEBUG Engine.consolidator] Exception in dehumanize_time(inf)
[2017-06-28 07:47:00,398 DEBUG Engine.consolidator] Buffer scaling setup: percentile 95.0 from [0.0, 50.0, 90.0, 95.0, 99.0, 99.9, 100.0] selected
[2017-06-28 07:47:00,398 DEBUG Engine] Module config: monitoring defaultdict(None, {'class': 'bzt.modules.monitoring.Monitoring'})
[2017-06-28 07:47:00,398 DEBUG root] Importing module: bzt.modules.monitoring
[2017-06-28 07:47:00,456 DEBUG root] Loading class: 'Monitoring' from <module 'bzt.modules.monitoring' from '/usr/local/lib/python2.7/site-packages/bzt/modules/monitoring.pyc'>
[2017-06-28 07:47:00,456 DEBUG Engine.monitoring] Should not run because of non-matching prov: cloud != local
[2017-06-28 07:47:00,456 DEBUG Engine] Module config: cloud defaultdict(None, {'class': 'bzt.modules.blazemeter.CloudProvisioning', 'default-location': 'us-central1-a'})
[2017-06-28 07:47:00,456 DEBUG root] Importing module: bzt.modules.blazemeter
[2017-06-28 07:47:00,515 DEBUG easyprocess] version=0.2.3
[2017-06-28 07:47:00,516 DEBUG pyvirtualdisplay] version=0.2.1
[2017-06-28 07:47:00,517 DEBUG root] Loading class: 'CloudProvisioning' from <module 'bzt.modules.blazemeter' from '/usr/local/lib/python2.7/site-packages/bzt/modules/blazemeter.pyc'>
[2017-06-28 07:47:00,518 DEBUG Engine] Module config: blazemeter defaultdict(None, {'token': '********', 'class': 'bzt.modules.blazemeter.BlazeMeterUploader'})
[2017-06-28 07:47:00,518 DEBUG root] Importing module: bzt.modules.blazemeter
[2017-06-28 07:47:00,518 DEBUG root] Loading class: 'BlazeMeterUploader' from <module 'bzt.modules.blazemeter' from '/usr/local/lib/python2.7/site-packages/bzt/modules/blazemeter.pyc'>
[2017-06-28 07:47:00,518 DEBUG Engine.cloud] Request: GET https://a.blazemeter.com/api/v4/accounts None
[2017-06-28 07:47:00,930 DEBUG Engine] Taurus updates info: {"latest":"1.9.3","needsUpgrade":false}
[2017-06-28 07:47:00,931 DEBUG Engine] Installation is up-to-date
[2017-06-28 07:47:03,435 DEBUG urllib3.connectionpool] Starting new HTTPS connection (1): a.blazemeter.com
[2017-06-28 07:47:03,858 DEBUG urllib3.connectionpool] https://a.blazemeter.com:443 "GET /api/v4/accounts HTTP/1.1" 200 1625
[2017-06-28 07:47:03,862 DEBUG Engine.cloud] Response: {
    "limit": 10,
    "skip": 0,
    "total": 2,
    "api_version": 4,
    "error": null,
    "result": [
        {
            "id": 125626,
            "name": "Default Account",
            "thumbnailUrl": null,
            "salesforceId": null,
      
[2017-06-28 07:47:03,863 DEBUG Engine.cloud] Request: GET https://a.blazemeter.com/api/v4/workspaces?accountId=125626&enabled=true&limit=100 None
[2017-06-28 07:47:03,866 DEBUG urllib3.connectionpool] Starting new HTTPS connection (1): a.blazemeter.com
[2017-06-28 07:47:04,295 DEBUG urllib3.connectionpool] https://a.blazemeter.com:443 "GET /api/v4/workspaces?accountId=125626&enabled=true&limit=100 HTTP/1.1" 200 3515
[2017-06-28 07:47:04,301 DEBUG Engine.cloud] Response: {
    "limit": 100,
    "skip": 0,
    "total": 5,
    "api_version": 4,
    "error": null,
    "result": [
        {
            "id": 119008,
            "name": "Default workspace",
            "userId": 339612,
            "created": 1486702692,
      
[2017-06-28 07:47:04,303 DEBUG Engine.cloud] Request: GET https://a.blazemeter.com/api/v4/workspaces?accountId=21166&enabled=true&limit=100 None
[2017-06-28 07:47:04,307 DEBUG urllib3.connectionpool] Starting new HTTPS connection (1): a.blazemeter.com
[2017-06-28 07:47:04,709 DEBUG urllib3.connectionpool] https://a.blazemeter.com:443 "GET /api/v4/workspaces?accountId=21166&enabled=true&limit=100 HTTP/1.1" 200 783
[2017-06-28 07:47:04,714 DEBUG Engine.cloud] Response: {
    "limit": 100,
    "skip": 0,
    "total": 1,
    "api_version": 4,
    "error": null,
    "result": [
        {
            "id": 133217,
            "name": "DEMOs",
            "userId": 307773,
            "created": 1493664013,
            "updat
[2017-06-28 07:47:04,716 DEBUG Engine] Module config: jmeter defaultdict(None, {'properties': defaultdict(None, {'jmeter.save.saveservice.autoflush': 'true', 'summariser.name': '', 'jmeter.save.saveservice.connect_time': 'true', 'mode': 'Stripped', 'jmeterengine.force.system.exit': 'true'}), 'class': 'bzt.modules.jmeter.JMeterExecutor', 'plugins': ['jpgc-casutg', 'jpgc-dummy', 'jpgc-ffw', 'jpgc-fifo', 'jpgc-functions', 'jpgc-json', 'jpgc-perfmon', 'jpgc-prmctl', 'jpgc-tst']})
[2017-06-28 07:47:04,716 DEBUG root] Importing module: bzt.modules.jmeter
[2017-06-28 07:47:04,730 DEBUG root] Loading class: 'JMeterExecutor' from <module 'bzt.modules.jmeter' from '/usr/local/lib/python2.7/site-packages/bzt/modules/jmeter.pyc'>
[2017-06-28 07:47:04,730 DEBUG Engine.cloud] Request: GET https://a.blazemeter.com/api/v4/multi-tests?workspaceId=119008&name=Taurus+Cloud+Test None
[2017-06-28 07:47:04,733 DEBUG urllib3.connectionpool] Starting new HTTPS connection (1): a.blazemeter.com
[2017-06-28 07:47:05,137 DEBUG urllib3.connectionpool] https://a.blazemeter.com:443 "GET /api/v4/multi-tests?workspaceId=119008&name=Taurus+Cloud+Test HTTP/1.1" 200 109
[2017-06-28 07:47:05,140 DEBUG Engine.cloud] Response: {
    "limit": 10,
    "skip": 0,
    "total": 0,
    "api_version": 4,
    "error": null,
    "result": []
}
[2017-06-28 07:47:05,141 DEBUG Engine.cloud] Request: GET https://a.blazemeter.com/api/v4/multi-tests?workspaceId=127980&name=Taurus+Cloud+Test None
[2017-06-28 07:47:05,147 DEBUG urllib3.connectionpool] Starting new HTTPS connection (1): a.blazemeter.com
[2017-06-28 07:47:05,534 DEBUG urllib3.connectionpool] https://a.blazemeter.com:443 "GET /api/v4/multi-tests?workspaceId=127980&name=Taurus+Cloud+Test HTTP/1.1" 200 109
[2017-06-28 07:47:05,538 DEBUG Engine.cloud] Response: {
    "limit": 10,
    "skip": 0,
    "total": 0,
    "api_version": 4,
    "error": null,
    "result": []
}
[2017-06-28 07:47:05,538 DEBUG Engine.cloud] Request: GET https://a.blazemeter.com/api/v4/multi-tests?workspaceId=127984&name=Taurus+Cloud+Test None
[2017-06-28 07:47:05,540 DEBUG urllib3.connectionpool] Starting new HTTPS connection (1): a.blazemeter.com
[2017-06-28 07:47:05,930 DEBUG urllib3.connectionpool] https://a.blazemeter.com:443 "GET /api/v4/multi-tests?workspaceId=127984&name=Taurus+Cloud+Test HTTP/1.1" 200 109
[2017-06-28 07:47:05,935 DEBUG Engine.cloud] Response: {
    "limit": 10,
    "skip": 0,
    "total": 0,
    "api_version": 4,
    "error": null,
    "result": []
}
[2017-06-28 07:47:05,935 DEBUG Engine.cloud] Request: GET https://a.blazemeter.com/api/v4/multi-tests?workspaceId=132723&name=Taurus+Cloud+Test None
[2017-06-28 07:47:05,938 DEBUG urllib3.connectionpool] Starting new HTTPS connection (1): a.blazemeter.com
[2017-06-28 07:47:06,328 DEBUG urllib3.connectionpool] https://a.blazemeter.com:443 "GET /api/v4/multi-tests?workspaceId=132723&name=Taurus+Cloud+Test HTTP/1.1" 200 109
[2017-06-28 07:47:06,333 DEBUG Engine.cloud] Response: {
    "limit": 10,
    "skip": 0,
    "total": 0,
    "api_version": 4,
    "error": null,
    "result": []
}
[2017-06-28 07:47:06,333 DEBUG Engine.cloud] Request: GET https://a.blazemeter.com/api/v4/multi-tests?workspaceId=135886&name=Taurus+Cloud+Test None
[2017-06-28 07:47:06,335 DEBUG urllib3.connectionpool] Starting new HTTPS connection (1): a.blazemeter.com
[2017-06-28 07:47:06,731 DEBUG urllib3.connectionpool] https://a.blazemeter.com:443 "GET /api/v4/multi-tests?workspaceId=135886&name=Taurus+Cloud+Test HTTP/1.1" 200 109
[2017-06-28 07:47:06,736 DEBUG Engine.cloud] Response: {
    "limit": 10,
    "skip": 0,
    "total": 0,
    "api_version": 4,
    "error": null,
    "result": []
}
[2017-06-28 07:47:06,736 DEBUG Engine.cloud] Request: GET https://a.blazemeter.com/api/v4/multi-tests?workspaceId=133217&name=Taurus+Cloud+Test None
[2017-06-28 07:47:06,739 DEBUG urllib3.connectionpool] Starting new HTTPS connection (1): a.blazemeter.com
[2017-06-28 07:47:07,123 DEBUG urllib3.connectionpool] https://a.blazemeter.com:443 "GET /api/v4/multi-tests?workspaceId=133217&name=Taurus+Cloud+Test HTTP/1.1" 200 109
[2017-06-28 07:47:07,127 DEBUG Engine.cloud] Response: {
    "limit": 10,
    "skip": 0,
    "total": 0,
    "api_version": 4,
    "error": null,
    "result": []
}
[2017-06-28 07:47:07,128 DEBUG Engine.cloud.ProjectFinder] Looked for collection: None
[2017-06-28 07:47:07,128 DEBUG Engine.cloud] Request: GET https://a.blazemeter.com/api/v4/tests?workspaceId=119008&name=Taurus+Cloud+Test None
[2017-06-28 07:47:07,132 DEBUG urllib3.connectionpool] Starting new HTTPS connection (1): a.blazemeter.com
[2017-06-28 07:47:07,530 DEBUG urllib3.connectionpool] https://a.blazemeter.com:443 "GET /api/v4/tests?workspaceId=119008&name=Taurus+Cloud+Test HTTP/1.1" 200 717
[2017-06-28 07:47:07,534 DEBUG Engine.cloud] Response: {
    "limit": 10,
    "skip": 0,
    "total": 1,
    "api_version": 4,
    "error": null,
    "result": [
        {
            "id": 5551396,
            "name": "Taurus Cloud Test",
            "userId": 339612,
            "created": 1488354376,
      
[2017-06-28 07:47:07,535 DEBUG Engine.cloud] Request: GET https://a.blazemeter.com/api/v4/tests?workspaceId=127980&name=Taurus+Cloud+Test None
[2017-06-28 07:47:07,537 DEBUG urllib3.connectionpool] Starting new HTTPS connection (1): a.blazemeter.com
[2017-06-28 07:47:07,936 DEBUG urllib3.connectionpool] https://a.blazemeter.com:443 "GET /api/v4/tests?workspaceId=127980&name=Taurus+Cloud+Test HTTP/1.1" 200 109
[2017-06-28 07:47:07,940 DEBUG Engine.cloud] Response: {
    "limit": 10,
    "skip": 0,
    "total": 0,
    "api_version": 4,
    "error": null,
    "result": []
}
[2017-06-28 07:47:07,940 DEBUG Engine.cloud] Request: GET https://a.blazemeter.com/api/v4/tests?workspaceId=127984&name=Taurus+Cloud+Test None
[2017-06-28 07:47:07,944 DEBUG urllib3.connectionpool] Starting new HTTPS connection (1): a.blazemeter.com
[2017-06-28 07:47:08,338 DEBUG urllib3.connectionpool] https://a.blazemeter.com:443 "GET /api/v4/tests?workspaceId=127984&name=Taurus+Cloud+Test HTTP/1.1" 200 109
[2017-06-28 07:47:08,342 DEBUG Engine.cloud] Response: {
    "limit": 10,
    "skip": 0,
    "total": 0,
    "api_version": 4,
    "error": null,
    "result": []
}
[2017-06-28 07:47:08,342 DEBUG Engine.cloud] Request: GET https://a.blazemeter.com/api/v4/tests?workspaceId=132723&name=Taurus+Cloud+Test None
[2017-06-28 07:47:08,345 DEBUG urllib3.connectionpool] Starting new HTTPS connection (1): a.blazemeter.com
[2017-06-28 07:47:08,742 DEBUG urllib3.connectionpool] https://a.blazemeter.com:443 "GET /api/v4/tests?workspaceId=132723&name=Taurus+Cloud+Test HTTP/1.1" 200 109
[2017-06-28 07:47:08,746 DEBUG Engine.cloud] Response: {
    "limit": 10,
    "skip": 0,
    "total": 0,
    "api_version": 4,
    "error": null,
    "result": []
}
[2017-06-28 07:47:08,747 DEBUG Engine.cloud] Request: GET https://a.blazemeter.com/api/v4/tests?workspaceId=135886&name=Taurus+Cloud+Test None
[2017-06-28 07:47:08,750 DEBUG urllib3.connectionpool] Starting new HTTPS connection (1): a.blazemeter.com
[2017-06-28 07:47:09,147 DEBUG urllib3.connectionpool] https://a.blazemeter.com:443 "GET /api/v4/tests?workspaceId=135886&name=Taurus+Cloud+Test HTTP/1.1" 200 109
[2017-06-28 07:47:09,152 DEBUG Engine.cloud] Response: {
    "limit": 10,
    "skip": 0,
    "total": 0,
    "api_version": 4,
    "error": null,
    "result": []
}
[2017-06-28 07:47:09,153 DEBUG Engine.cloud] Request: GET https://a.blazemeter.com/api/v4/tests?workspaceId=133217&name=Taurus+Cloud+Test None
[2017-06-28 07:47:09,155 DEBUG urllib3.connectionpool] Starting new HTTPS connection (1): a.blazemeter.com
[2017-06-28 07:47:09,548 DEBUG urllib3.connectionpool] https://a.blazemeter.com:443 "GET /api/v4/tests?workspaceId=133217&name=Taurus+Cloud+Test HTTP/1.1" 200 109
[2017-06-28 07:47:09,552 DEBUG Engine.cloud] Response: {
    "limit": 10,
    "skip": 0,
    "total": 0,
    "api_version": 4,
    "error": null,
    "result": []
}
[2017-06-28 07:47:09,552 DEBUG Engine.cloud.ProjectFinder] Looked for test: {u'updated': 1498596246, u'name': u'Taurus Cloud Test', u'kpiTrackingData': {}, u'created': 1488354376, u'projectId': 162568, u'userId': 339612, u'lastUpdatedById': 339612, u'configuration': {u'targetThreads': 0, u'type': u'taurus', u'canControlRampup': False, u'plugins': {u'taurus': {u'filename': u'taurus.yml'}}}, u'id': 5551396}
[2017-06-28 07:47:09,552 DEBUG Engine.cloud.ProjectFinder] Detected test type: old
[2017-06-28 07:47:09,552 DEBUG Engine.cloud] Request: GET https://a.blazemeter.com/api/v4/user None
[2017-06-28 07:47:09,554 DEBUG urllib3.connectionpool] Starting new HTTPS connection (1): a.blazemeter.com
[2017-06-28 07:47:09,953 DEBUG urllib3.connectionpool] https://a.blazemeter.com:443 "GET /api/v4/user HTTP/1.1" 200 2157
[2017-06-28 07:47:09,957 DEBUG Engine.cloud] Response: {
    "api_version": 4,
    "error": null,
    "result": {
        "id": 339612,
        "email": "eric.dapp@blazemeter.com",
        "access": 1498661230,
        "login": 1498507509,
        "firstName": "Eric",
        "lastName": "Dapp",
        "timez
[2017-06-28 07:47:09,957 DEBUG Engine.cloud] Request: GET https://a.blazemeter.com/api/v4/projects?workspaceId=119008&limit=99999 None
[2017-06-28 07:47:09,960 DEBUG urllib3.connectionpool] Starting new HTTPS connection (1): a.blazemeter.com
[2017-06-28 07:47:10,348 DEBUG urllib3.connectionpool] https://a.blazemeter.com:443 "GET /api/v4/projects?workspaceId=119008&limit=99999 HTTP/1.1" 200 2034
[2017-06-28 07:47:10,355 DEBUG Engine.cloud] Response: {
    "limit": 99999,
    "skip": 0,
    "total": 6,
    "api_version": 4,
    "error": null,
    "result": [
        {
            "id": 163658,
            "name": "BlazeDemo Tests",
            "userId": null,
            "description": "",
            
[2017-06-28 07:47:10,356 DEBUG Engine.cloud] Request: GET https://a.blazemeter.com/api/v4/projects?workspaceId=127980&limit=99999 None
[2017-06-28 07:47:10,360 DEBUG urllib3.connectionpool] Starting new HTTPS connection (1): a.blazemeter.com
[2017-06-28 07:47:10,756 DEBUG urllib3.connectionpool] https://a.blazemeter.com:443 "GET /api/v4/projects?workspaceId=127980&limit=99999 HTTP/1.1" 200 705
[2017-06-28 07:47:10,760 DEBUG Engine.cloud] Response: {
    "limit": 99999,
    "skip": 0,
    "total": 2,
    "api_version": 4,
    "error": null,
    "result": [
        {
            "id": 173138,
            "name": "Default project",
            "userId": null,
            "description": null,
          
[2017-06-28 07:47:10,761 DEBUG Engine.cloud] Request: GET https://a.blazemeter.com/api/v4/projects?workspaceId=127984&limit=99999 None
[2017-06-28 07:47:10,764 DEBUG urllib3.connectionpool] Starting new HTTPS connection (1): a.blazemeter.com
[2017-06-28 07:47:11,169 DEBUG urllib3.connectionpool] https://a.blazemeter.com:443 "GET /api/v4/projects?workspaceId=127984&limit=99999 HTTP/1.1" 200 396
[2017-06-28 07:47:11,174 DEBUG Engine.cloud] Response: {
    "limit": 99999,
    "skip": 0,
    "total": 1,
    "api_version": 4,
    "error": null,
    "result": [
        {
            "id": 173143,
            "name": "Default project",
            "userId": null,
            "description": null,
          
[2017-06-28 07:47:11,174 DEBUG Engine.cloud] Request: GET https://a.blazemeter.com/api/v4/projects?workspaceId=132723&limit=99999 None
[2017-06-28 07:47:11,176 DEBUG urllib3.connectionpool] Starting new HTTPS connection (1): a.blazemeter.com
[2017-06-28 07:47:11,565 DEBUG urllib3.connectionpool] https://a.blazemeter.com:443 "GET /api/v4/projects?workspaceId=132723&limit=99999 HTTP/1.1" 200 396
[2017-06-28 07:47:11,570 DEBUG Engine.cloud] Response: {
    "limit": 99999,
    "skip": 0,
    "total": 1,
    "api_version": 4,
    "error": null,
    "result": [
        {
            "id": 178588,
            "name": "Default project",
            "userId": null,
            "description": null,
          
[2017-06-28 07:47:11,571 DEBUG Engine.cloud] Request: GET https://a.blazemeter.com/api/v4/projects?workspaceId=135886&limit=99999 None
[2017-06-28 07:47:11,574 DEBUG urllib3.connectionpool] Starting new HTTPS connection (1): a.blazemeter.com
[2017-06-28 07:47:11,961 DEBUG urllib3.connectionpool] https://a.blazemeter.com:443 "GET /api/v4/projects?workspaceId=135886&limit=99999 HTTP/1.1" 200 665
[2017-06-28 07:47:11,966 DEBUG Engine.cloud] Response: {
    "limit": 99999,
    "skip": 0,
    "total": 2,
    "api_version": 4,
    "error": null,
    "result": [
        {
            "id": 182182,
            "name": "Default project",
            "userId": null,
            "description": null,
          
[2017-06-28 07:47:11,966 DEBUG Engine.cloud] Request: GET https://a.blazemeter.com/api/v4/projects?workspaceId=133217&limit=99999 None
[2017-06-28 07:47:11,970 DEBUG urllib3.connectionpool] Starting new HTTPS connection (1): a.blazemeter.com
[2017-06-28 07:47:12,357 DEBUG urllib3.connectionpool] https://a.blazemeter.com:443 "GET /api/v4/projects?workspaceId=133217&limit=99999 HTTP/1.1" 200 396
[2017-06-28 07:47:12,362 DEBUG Engine.cloud] Response: {
    "limit": 99999,
    "skip": 0,
    "total": 1,
    "api_version": 4,
    "error": null,
    "result": [
        {
            "id": 179141,
            "name": "Default project",
            "userId": null,
            "description": null,
          
[2017-06-28 07:47:12,363 DEBUG Engine.cloud] Request: GET https://a.blazemeter.com/api/v4/workspaces/119008 None
[2017-06-28 07:47:12,365 DEBUG urllib3.connectionpool] Starting new HTTPS connection (1): a.blazemeter.com
[2017-06-28 07:47:12,858 DEBUG urllib3.connectionpool] https://a.blazemeter.com:443 "GET /api/v4/workspaces/119008 HTTP/1.1" 200 None
[2017-06-28 07:47:12,861 DEBUG Engine.cloud] Response: {
    "api_version": 4,
    "error": null,
    "result": {
        "id": 119008,
        "name": "Default workspace",
        "userId": 339612,
        "created": 1486702692,
        "updated": 1486702692,
        "enabled": true,
        "dedicatedIpsEnab
[2017-06-28 07:47:12,866 DEBUG Engine.cloud] Request: GET https://a.blazemeter.com/api/v4/workspaces/127980 None
[2017-06-28 07:47:12,867 DEBUG urllib3.connectionpool] Starting new HTTPS connection (1): a.blazemeter.com
[2017-06-28 07:47:13,359 DEBUG urllib3.connectionpool] https://a.blazemeter.com:443 "GET /api/v4/workspaces/127980 HTTP/1.1" 200 None
[2017-06-28 07:47:13,364 DEBUG Engine.cloud] Response: {
    "api_version": 4,
    "error": null,
    "result": {
        "id": 127980,
        "name": "Demo Workspace",
        "userId": 339612,
        "created": 1491255975,
        "updated": 1491255975,
        "enabled": true,
        "dedicatedIpsEnabled
[2017-06-28 07:47:13,368 DEBUG Engine.cloud] Request: GET https://a.blazemeter.com/api/v4/workspaces/127984 None
[2017-06-28 07:47:13,371 DEBUG urllib3.connectionpool] Starting new HTTPS connection (1): a.blazemeter.com
[2017-06-28 07:47:13,858 DEBUG urllib3.connectionpool] https://a.blazemeter.com:443 "GET /api/v4/workspaces/127984 HTTP/1.1" 200 None
[2017-06-28 07:47:13,863 DEBUG Engine.cloud] Response: {
    "api_version": 4,
    "error": null,
    "result": {
        "id": 127984,
        "name": "Demo Workspace 2",
        "userId": 339612,
        "created": 1491261975,
        "updated": 1491261975,
        "enabled": true,
        "dedicatedIpsEnabl
[2017-06-28 07:47:13,867 DEBUG Engine.cloud] Request: GET https://a.blazemeter.com/api/v4/workspaces/132723 None
[2017-06-28 07:47:13,869 DEBUG urllib3.connectionpool] Starting new HTTPS connection (1): a.blazemeter.com
[2017-06-28 07:47:14,354 DEBUG urllib3.connectionpool] https://a.blazemeter.com:443 "GET /api/v4/workspaces/132723 HTTP/1.1" 200 None
[2017-06-28 07:47:14,359 DEBUG Engine.cloud] Response: {
    "api_version": 4,
    "error": null,
    "result": {
        "id": 132723,
        "name": "QA Workspace",
        "userId": 339612,
        "created": 1493312851,
        "updated": 1493312851,
        "enabled": true,
        "dedicatedIpsEnabled":
[2017-06-28 07:47:14,364 DEBUG Engine.cloud] Request: GET https://a.blazemeter.com/api/v4/workspaces/135886 None
[2017-06-28 07:47:14,367 DEBUG urllib3.connectionpool] Starting new HTTPS connection (1): a.blazemeter.com
[2017-06-28 07:47:14,858 DEBUG urllib3.connectionpool] https://a.blazemeter.com:443 "GET /api/v4/workspaces/135886 HTTP/1.1" 200 None
[2017-06-28 07:47:14,862 DEBUG Engine.cloud] Response: {
    "api_version": 4,
    "error": null,
    "result": {
        "id": 135886,
        "name": "scratch",
        "userId": 339612,
        "created": 1494801554,
        "updated": 1494801554,
        "enabled": true,
        "dedicatedIpsEnabled": true
[2017-06-28 07:47:14,866 DEBUG Engine.cloud] Request: GET https://a.blazemeter.com/api/v4/workspaces/133217 None
[2017-06-28 07:47:14,868 DEBUG urllib3.connectionpool] Starting new HTTPS connection (1): a.blazemeter.com
[2017-06-28 07:47:15,377 DEBUG urllib3.connectionpool] https://a.blazemeter.com:443 "GET /api/v4/workspaces/133217 HTTP/1.1" 200 None
[2017-06-28 07:47:15,381 DEBUG Engine.cloud] Response: {
    "api_version": 4,
    "error": null,
    "result": {
        "id": 133217,
        "name": "DEMOs",
        "userId": 307773,
        "created": 1493664013,
        "updated": 1493746137,
        "enabled": true,
        "dedicatedIpsEnabled": true,

[2017-06-28 07:47:15,389 DEBUG Engine.cloud] All resource files are: ['./param.csv']
[2017-06-28 07:47:15,389 DEBUG Engine.cloud] Replace file names in config: ['./param.csv'] with ['param.csv']
[2017-06-28 07:47:15,389 DEBUG Engine.cloud] Replaced ./param.csv with param.csv
[2017-06-28 07:47:15,392 DEBUG Engine] New artifact filename: /Users/daper01/Documents/OSLo/from_scenario/2017-06-28_07-47-00.335116/cloud
[2017-06-28 07:47:15,393 DEBUG root] Dumping YAML config into /Users/daper01/Documents/OSLo/from_scenario/2017-06-28_07-47-00.335116/cloud.yml
[2017-06-28 07:47:15,407 DEBUG root] Dumping JSON config into /Users/daper01/Documents/OSLo/from_scenario/2017-06-28_07-47-00.335116/cloud.json
[2017-06-28 07:47:15,408 DEBUG Engine.cloud] Request: GET https://a.blazemeter.com/api/v4/web/elfinder/5551396?cmd=open&target=s1_Lw None
[2017-06-28 07:47:15,410 DEBUG urllib3.connectionpool] Starting new HTTPS connection (1): a.blazemeter.com
[2017-06-28 07:47:16,562 DEBUG urllib3.connectionpool] https://a.blazemeter.com:443 "GET /api/v4/web/elfinder/5551396?cmd=open&target=s1_Lw HTTP/1.1" 200 1470
[2017-06-28 07:47:16,566 DEBUG Engine.cloud] Response: {"cwd":{"name":"data","size":0,"mime":"directory","read":1,"write":1,"parent_id":"users","hash":"s1_Lw","rootRev":"","options":{"path":"","url":"","tmbUrl":"","disabled":["mkdir","archive","extract","chmod"],"separator":"\/","copyOverwrite":1,"uploadOverwr
[2017-06-28 07:47:16,567 DEBUG Engine.cloud] Test files: [u'param.csv', u'taurus.yml']
[2017-06-28 07:47:16,567 DEBUG Engine.cloud] Request: GET https://a.blazemeter.com/api/v4/web/elfinder/5551396?cmd=rm&targets[]=s1_cGFyYW0uY3N2&targets[]=s1_dGF1cnVzLnltbA None
[2017-06-28 07:47:16,569 DEBUG urllib3.connectionpool] Starting new HTTPS connection (1): a.blazemeter.com
[2017-06-28 07:47:17,123 DEBUG urllib3.connectionpool] https://a.blazemeter.com:443 "GET /api/v4/web/elfinder/5551396?cmd=rm&targets[]=s1_cGFyYW0uY3N2&targets[]=s1_dGF1cnVzLnltbA HTTP/1.1" 200 721
[2017-06-28 07:47:17,127 DEBUG Engine.cloud] Response: {"removed":["s1_cGFyYW0uY3N2","s1_dGF1cnVzLnltbA"],"changed":[{"name":"data","size":0,"mime":"directory","read":1,"write":1,"parent_id":"users","hash":"s1_Lw","rootRev":"","options":{"path":"","url":"","tmbUrl":"","disabled":["mkdir","archive","extract","c
[2017-06-28 07:47:17,128 DEBUG Engine.cloud] Successfully deleted 2 test files
[2017-06-28 07:47:17,142 DEBUG Engine.cloud] Uploading files into the test: ['/Users/daper01/Documents/OSLo/from_scenario/param.csv']
[2017-06-28 07:47:17,151 DEBUG Engine.cloud] Request: POST https://a.blazemeter.com/api/v4/tests/5551396/files --===============8596866046238552576==
Content-Disposition: file; name="script"; filename="taurus.yml"
Content-Type: application/octet-stream

---
execution:
- concurrency: 200
  executor: jmeter
  hold-for: 2m
  locations:
    us-central1-a: 1
  ramp-
[2017-06-28 07:47:17,154 DEBUG urllib3.connectionpool] Starting new HTTPS connection (1): a.blazemeter.com
[2017-06-28 07:47:17,734 DEBUG urllib3.connectionpool] https://a.blazemeter.com:443 "POST /api/v4/tests/5551396/files HTTP/1.1" 201 649
[2017-06-28 07:47:17,737 DEBUG Engine.cloud] Response: {
    "api_version": 4,
    "error": null,
    "result": {
        "id": 5551396,
        "name": "Taurus Cloud Test",
        "userId": 339612,
        "created": 1488354376,
        "updated": 1498661238,
        "configuration": {
            "type": "t
[2017-06-28 07:47:17,738 DEBUG Engine.cloud] Request: PATCH https://a.blazemeter.com/api/v4/tests/5551396 {
 "configuration": {
  "executionType": null
 }
}
[2017-06-28 07:47:17,740 DEBUG urllib3.connectionpool] Starting new HTTPS connection (1): a.blazemeter.com
[2017-06-28 07:47:18,295 DEBUG urllib3.connectionpool] https://a.blazemeter.com:443 "PATCH /api/v4/tests/5551396 HTTP/1.1" 200 1381
[2017-06-28 07:47:18,298 DEBUG Engine.cloud] Response: {
    "api_version": 4,
    "error": null,
    "result": {
        "id": 5551396,
        "name": "Taurus Cloud Test",
        "userId": 339612,
        "created": 1488354376,
        "updated": 1498661239,
        "projectId": 162568,
        "lastUpdated
[2017-06-28 07:47:18,299 DEBUG Engine] Module config: final-stats defaultdict(None, {'class': 'bzt.modules.reporting.FinalStatus'})
[2017-06-28 07:47:18,299 DEBUG root] Importing module: bzt.modules.reporting
[2017-06-28 07:47:18,300 DEBUG root] Loading class: 'FinalStatus' from <module 'bzt.modules.reporting' from '/usr/local/lib/python2.7/site-packages/bzt/modules/reporting.pyc'>
[2017-06-28 07:47:18,300 DEBUG Engine] Module config: console defaultdict(None, {'class': 'bzt.modules.console.ConsoleStatusReporter'})
[2017-06-28 07:47:18,300 DEBUG root] Importing module: bzt.modules.console
[2017-06-28 07:47:18,300 DEBUG root] Loading class: 'ConsoleStatusReporter' from <module 'bzt.modules.console' from '/usr/local/lib/python2.7/site-packages/bzt/modules/console.pyc'>
[2017-06-28 07:47:18,309 DEBUG Engine.Configuration] Dumping YAML config into /Users/daper01/Documents/OSLo/from_scenario/2017-06-28_07-47-00.335116/effective.yml
[2017-06-28 07:47:18,342 DEBUG Engine.Configuration] Dumping JSON config into /Users/daper01/Documents/OSLo/from_scenario/2017-06-28_07-47-00.335116/effective.json
[2017-06-28 07:47:18,343 INFO Engine] Starting...
[2017-06-28 07:47:18,343 DEBUG Engine] Startup <bzt.modules.aggregator.ConsolidatingAggregator object at 0x100fb1890>
[2017-06-28 07:47:18,344 DEBUG Engine] Startup <bzt.modules.reporting.FinalStatus object at 0x102987210>
[2017-06-28 07:47:18,344 DEBUG Engine] Startup <bzt.modules.console.ConsoleStatusReporter object at 0x102987990>
[2017-06-28 07:47:18,344 INFO Engine.console] Waiting for results...
[2017-06-28 07:47:18,344 DEBUG Engine] Startup <bzt.modules.reporting.FinalStatus object at 0x102987c10>
[2017-06-28 07:47:18,344 DEBUG Engine] Startup <bzt.modules.blazemeter.CloudProvisioning object at 0x1019eb910>
[2017-06-28 07:47:18,344 INFO Engine.cloud.ProjectFinder.CloudTaurusTest] Initiating cloud test with https://a.blazemeter.com ...
[2017-06-28 07:47:18,344 DEBUG Engine.cloud] Request: POST https://a.blazemeter.com/api/v4/tests/5551396/start None
[2017-06-28 07:47:18,346 DEBUG urllib3.connectionpool] Starting new HTTPS connection (1): a.blazemeter.com
[2017-06-28 07:47:19,058 DEBUG urllib3.connectionpool] https://a.blazemeter.com:443 "POST /api/v4/tests/5551396/start HTTP/1.1" 202 411
[2017-06-28 07:47:19,065 DEBUG Engine.cloud] Response: {
    "api_version": 4,
    "error": null,
    "result": {
        "id": 16378281,
        "name": "Taurus Cloud Test",
        "userId": 339612,
        "runnerUserId": 339612,
        "created": 1498661239,
        "updated": 1498661239,
        "testId"
[2017-06-28 07:47:19,066 INFO Engine.cloud] Started cloud test: https://a.blazemeter.com/app/#/masters/16378281
[2017-06-28 07:47:19,347 DEBUG Engine.Configuration] Dumping YAML config into /Users/daper01/Documents/OSLo/from_scenario/2017-06-28_07-47-00.335116/effective.yml
[2017-06-28 07:47:19,415 DEBUG Engine.Configuration] Dumping JSON config into /Users/daper01/Documents/OSLo/from_scenario/2017-06-28_07-47-00.335116/effective.json
[2017-06-28 07:47:19,417 DEBUG root] Leveling down log file verbosity, use -v option to have DEBUG messages enabled
[2017-06-28 07:47:19,871 INFO Engine.cloud] Cloud test status: INIT
[2017-06-28 07:47:20,296 INFO Engine.console] Waiting for finish...
[2017-06-28 07:47:24,870 INFO Engine.cloud] Cloud test status: BOOT_STARTING
[2017-06-28 07:48:15,056 INFO Engine.cloud] Cloud test status: INIT_SCRIPT
[2017-06-28 07:48:25,999 INFO Engine.cloud] Cloud test status: TAURUS_ENGINE_INIT
[2017-06-28 07:49:30,755 INFO Engine.cloud] Cloud test status: DATA_RECIEVED
[2017-06-28 07:52:15,138 INFO Engine.cloud] Cloud test status: ENDED
[2017-06-28 07:52:15,147 INFO Engine.cloud] Test was stopped in the cloud: ENDED
[2017-06-28 07:52:16,465 WARNING Engine] Please wait for graceful shutdown...
[2017-06-28 07:52:16,471 DEBUG root] Leveled up log file verbosity
[2017-06-28 07:52:16,471 INFO Engine] Shutting down...
[2017-06-28 07:52:16,478 DEBUG Engine.console] Restoring logging streams, [<logging.StreamHandler object at 0x1019ad150>]/{<logging.StreamHandler object at 0x1019ad150>: <open file '<stdout>', mode 'w' at 0x100423150>}
[2017-06-28 07:52:16,481 DEBUG Engine.Configuration] Dumping YAML config into /Users/daper01/Documents/OSLo/from_scenario/2017-06-28_07-47-00.335116/effective.yml
[2017-06-28 07:52:16,514 DEBUG Engine.Configuration] Dumping JSON config into /Users/daper01/Documents/OSLo/from_scenario/2017-06-28_07-47-00.335116/effective.json
[2017-06-28 07:52:16,515 INFO Engine] Post-processing...
[2017-06-28 07:52:16,515 DEBUG Engine.cloud] Request: GET https://a.blazemeter.com/api/v4/masters/16378281/full None
[2017-06-28 07:52:16,517 DEBUG urllib3.connectionpool] Starting new HTTPS connection (1): a.blazemeter.com
[2017-06-28 07:52:16,932 DEBUG urllib3.connectionpool] https://a.blazemeter.com:443 "GET /api/v4/masters/16378281/full HTTP/1.1" 200 4366
[2017-06-28 07:52:16,936 DEBUG Engine.cloud] Response: {
    "api_version": 4,
    "error": null,
    "result": {
        "id": 16378281,
        "name": "Taurus Cloud Test",
        "userId": 339612,
        "ended": 1498661533,
        "runnerUserId": 339612,
        "maxUsers": 200,
        "created": 14986
[2017-06-28 07:52:16,936 DEBUG Engine.cloud] Request: GET https://a.blazemeter.com/api/v4/data/labels?master_id=16378281 None
[2017-06-28 07:52:16,938 DEBUG urllib3.connectionpool] Starting new HTTPS connection (1): a.blazemeter.com
[2017-06-28 07:52:17,346 DEBUG urllib3.connectionpool] https://a.blazemeter.com:443 "GET /api/v4/data/labels?master_id=16378281 HTTP/1.1" 200 968
[2017-06-28 07:52:17,350 DEBUG Engine.cloud] Response: {
    "api_version": 4,
    "error": null,
    "result": [
        {
            "id": "ALL",
            "name": "ALL",
            "sessions": [
                "r-t-5953c17956502"
            ]
        },
        {
            "id": "6e7d9dd12b9ae952b37
[2017-06-28 07:52:17,350 DEBUG Engine.cloud] Request: GET https://a.blazemeter.com/api/v4/data/kpis?interval=1&from=1498661488&master_ids%5B%5D=16378281&kpis%5B%5D=t&kpis%5B%5D=lt&kpis%5B%5D=by&kpis%5B%5D=n&kpis%5B%5D=ec&kpis%5B%5D=ts&kpis%5B%5D=na&labels%5B%5D=ALL&labels%5B%5D=6e7d9dd12b9ae952b37645e2df1f99d0&labels%5B%5D=82abaa0ca2f497bd8da64a1297f0c6a9&labels%5B%5D=3337ac94558b1dc857a9cfeed95b8eb7&labels%5B%5D=02c795eb3dbabd7d6d13003efeb01507 None
[2017-06-28 07:52:17,352 DEBUG urllib3.connectionpool] Starting new HTTPS connection (1): a.blazemeter.com
[2017-06-28 07:52:17,784 DEBUG urllib3.connectionpool] https://a.blazemeter.com:443 "GET /api/v4/data/kpis?interval=1&from=1498661488&master_ids%5B%5D=16378281&kpis%5B%5D=t&kpis%5B%5D=lt&kpis%5B%5D=by&kpis%5B%5D=n&kpis%5B%5D=ec&kpis%5B%5D=ts&kpis%5B%5D=na&labels%5B%5D=ALL&labels%5B%5D=6e7d9dd12b9ae952b37645e2df1f99d0&labels%5B%5D=82abaa0ca2f497bd8da64a1297f0c6a9&labels%5B%5D=3337ac94558b1dc857a9cfeed95b8eb7&labels%5B%5D=02c795eb3dbabd7d6d13003efeb01507 HTTP/1.1" 200 2729
[2017-06-28 07:52:17,788 DEBUG Engine.cloud] Response: {
    "api_version": 4,
    "error": null,
    "result": [
        {
            "labelId": "02c795eb3dbabd7d6d13003efeb01507",
            "labelName": "Welcome Page",
            "label": "Welcome Page",
            "kpis": [
                {
          
[2017-06-28 07:52:17,788 DEBUG Engine.cloud] Request: GET https://a.blazemeter.com/api/v4/masters/16378281/reports/aggregatereport/data None
[2017-06-28 07:52:17,791 DEBUG urllib3.connectionpool] Starting new HTTPS connection (1): a.blazemeter.com
[2017-06-28 07:52:18,199 DEBUG urllib3.connectionpool] https://a.blazemeter.com:443 "GET /api/v4/masters/16378281/reports/aggregatereport/data HTTP/1.1" 200 3415
[2017-06-28 07:52:18,203 DEBUG Engine.cloud] Response: {
    "api_version": 4,
    "error": null,
    "result": [
        {
            "labelId": "ALL",
            "labelName": "ALL",
            "samples": 39205,
            "avgResponseTime": 687,
            "90line": 826,
            "95line": 881,
     
[2017-06-28 07:52:18,204 DEBUG Engine.consolidator] Consolidator buffer[3]: [1498661486, 1498661487, 1498661488]
[2017-06-28 07:52:18,204 DEBUG Engine.consolidator] Merging into 1498661486
[2017-06-28 07:52:18,204 DEBUG Engine.consolidator] Merging 1498661486
[2017-06-28 07:52:18,208 DEBUG Engine.consolidator] Processed datapoint: 1498661486/None
[2017-06-28 07:52:18,208 DEBUG Engine.consolidator] Merging into 1498661487
[2017-06-28 07:52:18,208 DEBUG Engine.consolidator] Merging 1498661487
[2017-06-28 07:52:18,212 DEBUG Engine.consolidator] Processed datapoint: 1498661487/None
[2017-06-28 07:52:18,212 DEBUG Engine.consolidator] Merging into 1498661488
[2017-06-28 07:52:18,212 DEBUG Engine.consolidator] Merging 1498661488
[2017-06-28 07:52:18,216 DEBUG Engine.consolidator] Processed datapoint: 1498661488/None
[2017-06-28 07:52:18,216 INFO Engine.final-stats] Test duration: 0:05:00
[2017-06-28 07:52:18,216 INFO Engine.final-stats] Samples count: 39205, 0.00% failures
[2017-06-28 07:52:18,216 INFO Engine.final-stats] Average times: total 0.688, latency 0.622, connect 0.000
[2017-06-28 07:52:18,216 INFO Engine.final-stats] Percentile 90.0%: 0.611
[2017-06-28 07:52:18,217 INFO Engine.final-stats] Percentile 95.0%: 0.635
[2017-06-28 07:52:18,217 INFO Engine.final-stats] Percentile 99.0%: 0.664
[2017-06-28 07:52:18,217 DEBUG Engine.console] No logger_handler or orig_stream was detected
[2017-06-28 07:52:18,217 INFO Engine.final-stats] Test duration: 0:05:00
[2017-06-28 07:52:18,217 INFO Engine.final-stats] Samples count: 39205, 0.00% failures
[2017-06-28 07:52:18,217 INFO Engine.final-stats] Average times: total 0.688, latency 0.622, connect 0.000
[2017-06-28 07:52:18,217 INFO Engine.final-stats] Percentile 90.0%: 0.611
[2017-06-28 07:52:18,217 INFO Engine.final-stats] Percentile 95.0%: 0.635
[2017-06-28 07:52:18,218 INFO Engine.final-stats] Percentile 99.0%: 0.664
[2017-06-28 07:52:18,218 INFO Engine.final-stats] Dumping final status as XML: stats.xml
[2017-06-28 07:52:18,222 DEBUG Engine.Configuration] Dumping YAML config into /Users/daper01/Documents/OSLo/from_scenario/2017-06-28_07-47-00.335116/effective.yml
[2017-06-28 07:52:18,286 DEBUG Engine.Configuration] Dumping JSON config into /Users/daper01/Documents/OSLo/from_scenario/2017-06-28_07-47-00.335116/effective.json
[2017-06-28 07:52:18,289 INFO root] Artifacts dir: /Users/daper01/Documents/OSLo/from_scenario/2017-06-28_07-47-00.335116
[2017-06-28 07:52:18,289 INFO root] Done performing with code: 0
[2017-06-28 07:52:18,289 DEBUG root] Closing log handler: /Users/daper01/Documents/OSLo/from_scenario/2017-06-28_07-47-00.335116/bzt.log
