2018-02-05 14:21:28,085 INFO o.a.j.u.JMeterUtils: Setting Locale to en_US
2018-02-05 14:21:28,191 INFO o.a.j.JMeter: Loading user properties from: /Users/daper01/.bzt/jmeter-taurus/3.3/bin/user.properties
2018-02-05 14:21:28,195 INFO o.a.j.JMeter: Loading system properties from: /Users/daper01/.bzt/jmeter-taurus/3.3/bin/system.properties
2018-02-05 14:21:28,196 INFO o.a.j.JMeter: Setting System properties from file: /Users/daper01/Documents/OSLo/artifacts/2018-02-05_14-21-17.817749/system.properties
2018-02-05 14:21:28,204 INFO o.a.j.JMeter: Copyright (c) 1998-2017 The Apache Software Foundation
2018-02-05 14:21:28,204 INFO o.a.j.JMeter: Version 3.3 r1808647
2018-02-05 14:21:28,205 INFO o.a.j.JMeter: java.version=1.8.0_121
2018-02-05 14:21:28,205 INFO o.a.j.JMeter: java.vm.name=Java HotSpot(TM) 64-Bit Server VM
2018-02-05 14:21:28,205 INFO o.a.j.JMeter: os.name=Mac OS X
2018-02-05 14:21:28,205 INFO o.a.j.JMeter: os.arch=x86_64
2018-02-05 14:21:28,205 INFO o.a.j.JMeter: os.version=10.13.1
2018-02-05 14:21:28,205 INFO o.a.j.JMeter: file.encoding=UTF-8
2018-02-05 14:21:28,205 INFO o.a.j.JMeter: Max memory     =3817865216
2018-02-05 14:21:28,206 INFO o.a.j.JMeter: Available Processors =4
2018-02-05 14:21:28,232 INFO o.a.j.JMeter: Default Locale=English (United States)
2018-02-05 14:21:28,232 INFO o.a.j.JMeter: JMeter  Locale=English (United States)
2018-02-05 14:21:28,232 INFO o.a.j.JMeter: JMeterHome=/Users/daper01/.bzt/jmeter-taurus/3.3
2018-02-05 14:21:28,232 INFO o.a.j.JMeter: user.dir  =/Users/daper01/Documents/OSLo
2018-02-05 14:21:28,233 INFO o.a.j.JMeter: PWD       =/Users/daper01/Documents/OSLo
2018-02-05 14:21:28,236 INFO o.a.j.JMeter: IP: 10.137.176.80 Name: daper01mac1124 FullName: daper01mac1124.ca.com
2018-02-05 14:21:28,236 INFO o.a.j.JMeter: user.classpath=/Users/daper01/Documents/OSLo/artifacts/2018-02-05_14-21-17.817749:/Users/daper01/Documents/OSLo/artifacts/2018-02-05_14-21-17.817749
2018-02-05 14:21:28,236 INFO o.a.j.JMeter: Adding to classpath and loader: /Users/daper01/Documents/OSLo/artifacts/2018-02-05_14-21-17.817749
2018-02-05 14:21:28,238 INFO o.a.j.JMeter: Adding to classpath and loader: /Users/daper01/Documents/OSLo/artifacts/2018-02-05_14-21-17.817749
2018-02-05 14:21:28,244 INFO o.a.j.s.FileServer: Default base='/Users/daper01/Documents/OSLo'
2018-02-05 14:21:28,244 INFO o.a.j.s.FileServer: Set new base='/Users/daper01/Documents/OSLo/artifacts/2018-02-05_14-21-17.817749'
2018-02-05 14:21:28,654 INFO o.a.j.s.SaveService: Testplan (JMX) version: 2.2. Testlog (JTL) version: 2.2
2018-02-05 14:21:28,703 INFO o.a.j.s.SaveService: Using SaveService properties file encoding UTF-8
2018-02-05 14:21:28,719 INFO o.a.j.s.SaveService: Using SaveService properties version 3.2
2018-02-05 14:21:28,728 INFO o.a.j.s.SaveService: Loading file: /Users/daper01/Documents/OSLo/artifacts/2018-02-05_14-21-17.817749/modified_requests.jmx
2018-02-05 14:21:28,917 INFO o.a.j.p.h.c.CacheManager: Will only cache the following methods: [GET]
2018-02-05 14:21:28,921 INFO o.a.j.p.h.c.CookieManager: Settings: Delete null: true Check: true Allow variable: true Save: false Prefix: COOKIE_
2018-02-05 14:21:28,987 INFO o.a.j.p.h.s.HTTPSamplerBase: Parser for text/html is org.apache.jmeter.protocol.http.parser.LagartoBasedHtmlParser
2018-02-05 14:21:28,987 INFO o.a.j.p.h.s.HTTPSamplerBase: Parser for application/xhtml+xml is org.apache.jmeter.protocol.http.parser.LagartoBasedHtmlParser
2018-02-05 14:21:28,987 INFO o.a.j.p.h.s.HTTPSamplerBase: Parser for application/xml is org.apache.jmeter.protocol.http.parser.LagartoBasedHtmlParser
2018-02-05 14:21:28,987 INFO o.a.j.p.h.s.HTTPSamplerBase: Parser for text/xml is org.apache.jmeter.protocol.http.parser.LagartoBasedHtmlParser
2018-02-05 14:21:28,987 INFO o.a.j.p.h.s.HTTPSamplerBase: Parser for text/vnd.wap.wml is org.apache.jmeter.protocol.http.parser.RegexpHTMLParser
2018-02-05 14:21:28,987 INFO o.a.j.p.h.s.HTTPSamplerBase: Parser for text/css is org.apache.jmeter.protocol.http.parser.CssParser
2018-02-05 14:21:29,060 INFO o.a.j.e.StandardJMeterEngine: Running the test!
2018-02-05 14:21:29,061 INFO o.a.j.s.SampleEvent: List of sample_variables: []
2018-02-05 14:21:29,061 INFO o.a.j.s.SampleEvent: List of sample_variables: []
2018-02-05 14:21:29,067 INFO o.a.j.e.u.CompoundVariable: Note: Function class names must contain the string: '.functions.'
2018-02-05 14:21:29,067 INFO o.a.j.e.u.CompoundVariable: Note: Function class names must not contain the string: '.gui.'
2018-02-05 14:21:29,896 INFO o.a.j.JMeter: Running test (1517869289896)
2018-02-05 14:21:29,953 INFO o.a.j.e.StandardJMeterEngine: Starting ThreadGroup: 1 : blazedemo
2018-02-05 14:21:29,953 INFO o.a.j.e.StandardJMeterEngine: Starting 50 threads for group blazedemo.
2018-02-05 14:21:29,953 INFO o.a.j.e.StandardJMeterEngine: Thread will continue on error
2018-02-05 14:21:29,957 INFO o.a.j.e.StandardJMeterEngine: All thread groups have been started
2018-02-05 14:21:29,957 INFO c.b.j.t.c.ConcurrencyThreadStarter: Start supplying threads
2018-02-05 14:21:30,338 INFO o.a.j.s.SampleResult: Note: Sample TimeStamps are START times
2018-02-05 14:21:30,341 INFO o.a.j.s.SampleResult: sampleresult.default.encoding is set to UTF-8
2018-02-05 14:21:30,342 INFO o.a.j.s.SampleResult: sampleresult.useNanoTime=true
2018-02-05 14:21:30,343 INFO o.a.j.s.SampleResult: sampleresult.nanoThreadSleep=5000
2018-02-05 14:21:30,962 INFO o.a.j.t.JMeterThread: Thread started: blazedemo 1-1
2018-02-05 14:21:30,965 INFO o.a.j.s.FileServer: Stored: /Users/daper01/Documents/OSLo/param.csv
2018-02-05 14:21:30,994 INFO o.a.j.p.h.s.HTTPHCAbstractImpl: Local host = daper01mac1124
2018-02-05 14:21:31,005 INFO o.a.j.p.h.s.HTTPHC4Impl: HTTP request retry count = 0
2018-02-05 14:21:31,357 INFO o.a.j.t.JMeterThread: Thread started: blazedemo 1-2
2018-02-05 14:21:32,365 INFO o.a.j.t.JMeterThread: Thread started: blazedemo 1-4
2018-02-05 14:21:32,366 INFO o.a.j.t.JMeterThread: Thread started: blazedemo 1-3
2018-02-05 14:21:33,374 INFO o.a.j.t.JMeterThread: Thread started: blazedemo 1-5
2018-02-05 14:21:33,385 INFO o.a.j.t.JMeterThread: Thread started: blazedemo 1-6
2018-02-05 14:21:34,370 INFO o.a.j.t.JMeterThread: Thread started: blazedemo 1-7
2018-02-05 14:21:35,374 INFO o.a.j.t.JMeterThread: Thread started: blazedemo 1-8
2018-02-05 14:21:35,375 INFO o.a.j.t.JMeterThread: Thread started: blazedemo 1-9
2018-02-05 14:21:36,380 INFO o.a.j.t.JMeterThread: Thread started: blazedemo 1-10
2018-02-05 14:21:36,386 INFO o.a.j.t.JMeterThread: Thread started: blazedemo 1-11
2018-02-05 14:21:37,388 INFO o.a.j.t.JMeterThread: Thread started: blazedemo 1-12
2018-02-05 14:21:38,388 INFO o.a.j.t.JMeterThread: Thread started: blazedemo 1-13
2018-02-05 14:21:38,390 INFO o.a.j.t.JMeterThread: Thread started: blazedemo 1-14
2018-02-05 14:21:39,396 INFO o.a.j.t.JMeterThread: Thread started: blazedemo 1-15
2018-02-05 14:21:39,401 INFO o.a.j.t.JMeterThread: Thread started: blazedemo 1-16
2018-02-05 14:21:40,402 INFO o.a.j.t.JMeterThread: Thread started: blazedemo 1-17
2018-02-05 14:21:41,406 INFO o.a.j.t.JMeterThread: Thread started: blazedemo 1-18
2018-02-05 14:21:41,406 INFO o.a.j.t.JMeterThread: Thread started: blazedemo 1-19
2018-02-05 14:21:42,406 INFO o.a.j.t.JMeterThread: Thread started: blazedemo 1-20
2018-02-05 14:21:42,408 INFO o.a.j.t.JMeterThread: Thread started: blazedemo 1-21
2018-02-05 14:21:43,410 INFO o.a.j.t.JMeterThread: Thread started: blazedemo 1-22
2018-02-05 14:21:44,413 INFO o.a.j.t.JMeterThread: Thread started: blazedemo 1-23
2018-02-05 14:21:44,414 INFO o.a.j.t.JMeterThread: Thread started: blazedemo 1-24
2018-02-05 14:21:45,420 INFO o.a.j.t.JMeterThread: Thread started: blazedemo 1-25
2018-02-05 14:21:45,423 INFO o.a.j.t.JMeterThread: Thread started: blazedemo 1-26
2018-02-05 14:21:46,424 INFO o.a.j.t.JMeterThread: Thread started: blazedemo 1-27
2018-02-05 14:21:47,425 INFO o.a.j.t.JMeterThread: Thread started: blazedemo 1-28
2018-02-05 14:21:47,426 INFO o.a.j.t.JMeterThread: Thread started: blazedemo 1-29
2018-02-05 14:21:48,431 INFO o.a.j.t.JMeterThread: Thread started: blazedemo 1-30
2018-02-05 14:21:48,432 INFO o.a.j.t.JMeterThread: Thread started: blazedemo 1-31
2018-02-05 14:21:49,437 INFO o.a.j.t.JMeterThread: Thread started: blazedemo 1-32
2018-02-05 14:21:50,442 INFO o.a.j.t.JMeterThread: Thread started: blazedemo 1-33
2018-02-05 14:21:50,444 INFO o.a.j.t.JMeterThread: Thread started: blazedemo 1-34
2018-02-05 14:21:51,444 INFO o.a.j.t.JMeterThread: Thread started: blazedemo 1-35
2018-02-05 14:21:51,446 INFO o.a.j.t.JMeterThread: Thread started: blazedemo 1-36
2018-02-05 14:21:52,451 INFO o.a.j.t.JMeterThread: Thread started: blazedemo 1-37
2018-02-05 14:21:53,452 INFO o.a.j.t.JMeterThread: Thread started: blazedemo 1-38
2018-02-05 14:21:53,452 INFO o.a.j.t.JMeterThread: Thread started: blazedemo 1-39
2018-02-05 14:21:54,458 INFO o.a.j.t.JMeterThread: Thread started: blazedemo 1-40
2018-02-05 14:21:54,458 INFO o.a.j.t.JMeterThread: Thread started: blazedemo 1-41
2018-02-05 14:21:55,465 INFO o.a.j.t.JMeterThread: Thread started: blazedemo 1-42
2018-02-05 14:21:55,465 INFO o.a.j.t.JMeterThread: Thread started: blazedemo 1-43
2018-02-05 14:21:56,469 INFO o.a.j.t.JMeterThread: Thread started: blazedemo 1-44
2018-02-05 14:21:57,469 INFO o.a.j.t.JMeterThread: Thread started: blazedemo 1-45
2018-02-05 14:21:57,470 INFO o.a.j.t.JMeterThread: Thread started: blazedemo 1-46
2018-02-05 14:21:58,472 INFO o.a.j.t.JMeterThread: Thread started: blazedemo 1-47
2018-02-05 14:21:58,473 INFO o.a.j.t.JMeterThread: Thread started: blazedemo 1-48
2018-02-05 14:21:59,478 INFO o.a.j.t.JMeterThread: Thread started: blazedemo 1-49
2018-02-05 14:22:00,481 INFO o.a.j.t.JMeterThread: Thread started: blazedemo 1-50
2018-02-05 14:24:00,752 INFO c.b.j.t.c.ConcurrencyThreadStarter: Done supplying threads
2018-02-05 14:24:00,766 INFO c.b.j.c.VirtualUserController: Test limit reached, thread is done: blazedemo 1-18
2018-02-05 14:24:00,766 INFO o.a.j.t.JMeterThread: Thread is done: blazedemo 1-18
2018-02-05 14:24:00,766 INFO o.a.j.t.JMeterThread: Thread finished: blazedemo 1-18
2018-02-05 14:24:00,797 INFO c.b.j.c.VirtualUserController: Test limit reached, thread is done: blazedemo 1-37
2018-02-05 14:24:00,798 INFO o.a.j.t.JMeterThread: Thread is done: blazedemo 1-37
2018-02-05 14:24:00,798 INFO o.a.j.t.JMeterThread: Thread finished: blazedemo 1-37
2018-02-05 14:24:00,802 INFO c.b.j.c.VirtualUserController: Test limit reached, thread is done: blazedemo 1-30
2018-02-05 14:24:00,803 INFO o.a.j.t.JMeterThread: Thread is done: blazedemo 1-30
2018-02-05 14:24:00,803 INFO o.a.j.t.JMeterThread: Thread finished: blazedemo 1-30
2018-02-05 14:24:00,884 INFO c.b.j.c.VirtualUserController: Test limit reached, thread is done: blazedemo 1-36
2018-02-05 14:24:00,884 INFO o.a.j.t.JMeterThread: Thread is done: blazedemo 1-36
2018-02-05 14:24:00,885 INFO o.a.j.t.JMeterThread: Thread finished: blazedemo 1-36
2018-02-05 14:24:01,049 INFO c.b.j.c.VirtualUserController: Test limit reached, thread is done: blazedemo 1-6
2018-02-05 14:24:01,050 INFO o.a.j.t.JMeterThread: Thread is done: blazedemo 1-6
2018-02-05 14:24:01,050 INFO o.a.j.t.JMeterThread: Thread finished: blazedemo 1-6
2018-02-05 14:24:01,069 INFO c.b.j.c.VirtualUserController: Test limit reached, thread is done: blazedemo 1-46
2018-02-05 14:24:01,070 INFO o.a.j.t.JMeterThread: Thread is done: blazedemo 1-46
2018-02-05 14:24:01,070 INFO o.a.j.t.JMeterThread: Thread finished: blazedemo 1-46
2018-02-05 14:24:01,081 INFO c.b.j.c.VirtualUserController: Test limit reached, thread is done: blazedemo 1-50
2018-02-05 14:24:01,081 INFO o.a.j.t.JMeterThread: Thread is done: blazedemo 1-50
2018-02-05 14:24:01,082 INFO o.a.j.t.JMeterThread: Thread finished: blazedemo 1-50
2018-02-05 14:24:01,089 INFO c.b.j.c.VirtualUserController: Test limit reached, thread is done: blazedemo 1-28
2018-02-05 14:24:01,089 INFO c.b.j.c.VirtualUserController: Test limit reached, thread is done: blazedemo 1-29
2018-02-05 14:24:01,090 INFO o.a.j.t.JMeterThread: Thread is done: blazedemo 1-28
2018-02-05 14:24:01,090 INFO o.a.j.t.JMeterThread: Thread is done: blazedemo 1-29
2018-02-05 14:24:01,090 INFO o.a.j.t.JMeterThread: Thread finished: blazedemo 1-29
2018-02-05 14:24:01,090 INFO c.b.j.c.VirtualUserController: Test limit reached, thread is done: blazedemo 1-11
2018-02-05 14:24:01,091 INFO o.a.j.t.JMeterThread: Thread is done: blazedemo 1-11
2018-02-05 14:24:01,090 INFO o.a.j.t.JMeterThread: Thread finished: blazedemo 1-28
2018-02-05 14:24:01,091 INFO o.a.j.t.JMeterThread: Thread finished: blazedemo 1-11
2018-02-05 14:24:01,099 INFO c.b.j.c.VirtualUserController: Test limit reached, thread is done: blazedemo 1-16
2018-02-05 14:24:01,099 INFO o.a.j.t.JMeterThread: Thread is done: blazedemo 1-16
2018-02-05 14:24:01,099 INFO o.a.j.t.JMeterThread: Thread finished: blazedemo 1-16
2018-02-05 14:24:01,120 INFO c.b.j.c.VirtualUserController: Test limit reached, thread is done: blazedemo 1-5
2018-02-05 14:24:01,121 INFO o.a.j.t.JMeterThread: Thread is done: blazedemo 1-5
2018-02-05 14:24:01,121 INFO o.a.j.t.JMeterThread: Thread finished: blazedemo 1-5
2018-02-05 14:24:01,122 INFO c.b.j.c.VirtualUserController: Test limit reached, thread is done: blazedemo 1-17
2018-02-05 14:24:01,122 INFO o.a.j.t.JMeterThread: Thread is done: blazedemo 1-17
2018-02-05 14:24:01,122 INFO o.a.j.t.JMeterThread: Thread finished: blazedemo 1-17
2018-02-05 14:24:01,125 INFO c.b.j.c.VirtualUserController: Test limit reached, thread is done: blazedemo 1-9
2018-02-05 14:24:01,126 INFO o.a.j.t.JMeterThread: Thread is done: blazedemo 1-9
2018-02-05 14:24:01,126 INFO o.a.j.t.JMeterThread: Thread finished: blazedemo 1-9
2018-02-05 14:24:01,127 INFO c.b.j.c.VirtualUserController: Test limit reached, thread is done: blazedemo 1-12
2018-02-05 14:24:01,127 INFO o.a.j.t.JMeterThread: Thread is done: blazedemo 1-12
2018-02-05 14:24:01,127 INFO o.a.j.t.JMeterThread: Thread finished: blazedemo 1-12
2018-02-05 14:24:01,169 INFO c.b.j.c.VirtualUserController: Test limit reached, thread is done: blazedemo 1-20
2018-02-05 14:24:01,169 INFO o.a.j.t.JMeterThread: Thread is done: blazedemo 1-20
2018-02-05 14:24:01,169 INFO o.a.j.t.JMeterThread: Thread finished: blazedemo 1-20
2018-02-05 14:24:01,179 INFO c.b.j.c.VirtualUserController: Test limit reached, thread is done: blazedemo 1-38
2018-02-05 14:24:01,179 INFO o.a.j.t.JMeterThread: Thread is done: blazedemo 1-38
2018-02-05 14:24:01,179 INFO o.a.j.t.JMeterThread: Thread finished: blazedemo 1-38
2018-02-05 14:24:01,181 INFO c.b.j.c.VirtualUserController: Test limit reached, thread is done: blazedemo 1-19
2018-02-05 14:24:01,181 INFO c.b.j.c.VirtualUserController: Test limit reached, thread is done: blazedemo 1-39
2018-02-05 14:24:01,181 INFO o.a.j.t.JMeterThread: Thread is done: blazedemo 1-39
2018-02-05 14:24:01,181 INFO o.a.j.t.JMeterThread: Thread is done: blazedemo 1-19
2018-02-05 14:24:01,181 INFO o.a.j.t.JMeterThread: Thread finished: blazedemo 1-39
2018-02-05 14:24:01,181 INFO o.a.j.t.JMeterThread: Thread finished: blazedemo 1-19
2018-02-05 14:24:01,212 INFO c.b.j.c.VirtualUserController: Test limit reached, thread is done: blazedemo 1-14
2018-02-05 14:24:01,212 INFO o.a.j.t.JMeterThread: Thread is done: blazedemo 1-14
2018-02-05 14:24:01,212 INFO o.a.j.t.JMeterThread: Thread finished: blazedemo 1-14
2018-02-05 14:24:01,229 INFO c.b.j.c.VirtualUserController: Test limit reached, thread is done: blazedemo 1-10
2018-02-05 14:24:01,229 INFO o.a.j.t.JMeterThread: Thread is done: blazedemo 1-10
2018-02-05 14:24:01,229 INFO o.a.j.t.JMeterThread: Thread finished: blazedemo 1-10
2018-02-05 14:24:01,255 INFO c.b.j.c.VirtualUserController: Test limit reached, thread is done: blazedemo 1-44
2018-02-05 14:24:01,256 INFO o.a.j.t.JMeterThread: Thread is done: blazedemo 1-44
2018-02-05 14:24:01,256 INFO o.a.j.t.JMeterThread: Thread finished: blazedemo 1-44
2018-02-05 14:24:01,259 INFO c.b.j.c.VirtualUserController: Test limit reached, thread is done: blazedemo 1-21
2018-02-05 14:24:01,259 INFO o.a.j.t.JMeterThread: Thread is done: blazedemo 1-21
2018-02-05 14:24:01,259 INFO o.a.j.t.JMeterThread: Thread finished: blazedemo 1-21
2018-02-05 14:24:01,282 INFO c.b.j.c.VirtualUserController: Test limit reached, thread is done: blazedemo 1-25
2018-02-05 14:24:01,282 INFO o.a.j.t.JMeterThread: Thread is done: blazedemo 1-25
2018-02-05 14:24:01,282 INFO o.a.j.t.JMeterThread: Thread finished: blazedemo 1-25
2018-02-05 14:24:01,287 INFO c.b.j.c.VirtualUserController: Test limit reached, thread is done: blazedemo 1-45
2018-02-05 14:24:01,287 INFO o.a.j.t.JMeterThread: Thread is done: blazedemo 1-45
2018-02-05 14:24:01,288 INFO o.a.j.t.JMeterThread: Thread finished: blazedemo 1-45
2018-02-05 14:24:01,291 INFO c.b.j.c.VirtualUserController: Test limit reached, thread is done: blazedemo 1-13
2018-02-05 14:24:01,291 INFO o.a.j.t.JMeterThread: Thread is done: blazedemo 1-13
2018-02-05 14:24:01,291 INFO o.a.j.t.JMeterThread: Thread finished: blazedemo 1-13
2018-02-05 14:24:01,300 INFO c.b.j.c.VirtualUserController: Test limit reached, thread is done: blazedemo 1-32
2018-02-05 14:24:01,300 INFO o.a.j.t.JMeterThread: Thread is done: blazedemo 1-32
2018-02-05 14:24:01,300 INFO o.a.j.t.JMeterThread: Thread finished: blazedemo 1-32
2018-02-05 14:24:01,304 INFO c.b.j.c.VirtualUserController: Test limit reached, thread is done: blazedemo 1-1
2018-02-05 14:24:01,304 INFO o.a.j.t.JMeterThread: Thread is done: blazedemo 1-1
2018-02-05 14:24:01,304 INFO o.a.j.t.JMeterThread: Thread finished: blazedemo 1-1
2018-02-05 14:24:01,317 INFO c.b.j.c.VirtualUserController: Test limit reached, thread is done: blazedemo 1-48
2018-02-05 14:24:01,318 INFO o.a.j.t.JMeterThread: Thread is done: blazedemo 1-48
2018-02-05 14:24:01,318 INFO o.a.j.t.JMeterThread: Thread finished: blazedemo 1-48
2018-02-05 14:24:01,321 INFO c.b.j.c.VirtualUserController: Test limit reached, thread is done: blazedemo 1-31
2018-02-05 14:24:01,321 INFO o.a.j.t.JMeterThread: Thread is done: blazedemo 1-31
2018-02-05 14:24:01,321 INFO o.a.j.t.JMeterThread: Thread finished: blazedemo 1-31
2018-02-05 14:24:01,339 INFO c.b.j.c.VirtualUserController: Test limit reached, thread is done: blazedemo 1-8
2018-02-05 14:24:01,339 INFO o.a.j.t.JMeterThread: Thread is done: blazedemo 1-8
2018-02-05 14:24:01,340 INFO o.a.j.t.JMeterThread: Thread finished: blazedemo 1-8
2018-02-05 14:24:01,357 INFO c.b.j.c.VirtualUserController: Test limit reached, thread is done: blazedemo 1-23
2018-02-05 14:24:01,357 INFO o.a.j.t.JMeterThread: Thread is done: blazedemo 1-23
2018-02-05 14:24:01,357 INFO o.a.j.t.JMeterThread: Thread finished: blazedemo 1-23
2018-02-05 14:24:01,361 INFO c.b.j.c.VirtualUserController: Test limit reached, thread is done: blazedemo 1-42
2018-02-05 14:24:01,361 INFO o.a.j.t.JMeterThread: Thread is done: blazedemo 1-42
2018-02-05 14:24:01,361 INFO o.a.j.t.JMeterThread: Thread finished: blazedemo 1-42
2018-02-05 14:24:01,362 INFO c.b.j.c.VirtualUserController: Test limit reached, thread is done: blazedemo 1-47
2018-02-05 14:24:01,362 INFO o.a.j.t.JMeterThread: Thread is done: blazedemo 1-47
2018-02-05 14:24:01,362 INFO o.a.j.t.JMeterThread: Thread finished: blazedemo 1-47
2018-02-05 14:24:01,409 INFO c.b.j.c.VirtualUserController: Test limit reached, thread is done: blazedemo 1-35
2018-02-05 14:24:01,410 INFO o.a.j.t.JMeterThread: Thread is done: blazedemo 1-35
2018-02-05 14:24:01,410 INFO o.a.j.t.JMeterThread: Thread finished: blazedemo 1-35
2018-02-05 14:24:01,413 INFO c.b.j.c.VirtualUserController: Test limit reached, thread is done: blazedemo 1-40
2018-02-05 14:24:01,413 INFO o.a.j.t.JMeterThread: Thread is done: blazedemo 1-40
2018-02-05 14:24:01,413 INFO o.a.j.t.JMeterThread: Thread finished: blazedemo 1-40
2018-02-05 14:24:01,421 INFO c.b.j.c.VirtualUserController: Test limit reached, thread is done: blazedemo 1-15
2018-02-05 14:24:01,422 INFO o.a.j.t.JMeterThread: Thread is done: blazedemo 1-15
2018-02-05 14:24:01,422 INFO o.a.j.t.JMeterThread: Thread finished: blazedemo 1-15
2018-02-05 14:24:01,422 INFO c.b.j.c.VirtualUserController: Test limit reached, thread is done: blazedemo 1-7
2018-02-05 14:24:01,422 INFO o.a.j.t.JMeterThread: Thread is done: blazedemo 1-7
2018-02-05 14:24:01,422 INFO o.a.j.t.JMeterThread: Thread finished: blazedemo 1-7
2018-02-05 14:24:01,437 INFO c.b.j.c.VirtualUserController: Test limit reached, thread is done: blazedemo 1-33
2018-02-05 14:24:01,437 INFO o.a.j.t.JMeterThread: Thread is done: blazedemo 1-33
2018-02-05 14:24:01,437 INFO o.a.j.t.JMeterThread: Thread finished: blazedemo 1-33
2018-02-05 14:24:01,439 INFO c.b.j.c.VirtualUserController: Test limit reached, thread is done: blazedemo 1-4
2018-02-05 14:24:01,439 INFO o.a.j.t.JMeterThread: Thread is done: blazedemo 1-4
2018-02-05 14:24:01,440 INFO o.a.j.t.JMeterThread: Thread finished: blazedemo 1-4
2018-02-05 14:24:01,448 INFO c.b.j.c.VirtualUserController: Test limit reached, thread is done: blazedemo 1-27
2018-02-05 14:24:01,448 INFO o.a.j.t.JMeterThread: Thread is done: blazedemo 1-27
2018-02-05 14:24:01,449 INFO o.a.j.t.JMeterThread: Thread finished: blazedemo 1-27
2018-02-05 14:24:01,479 INFO c.b.j.c.VirtualUserController: Test limit reached, thread is done: blazedemo 1-26
2018-02-05 14:24:01,480 INFO o.a.j.t.JMeterThread: Thread is done: blazedemo 1-26
2018-02-05 14:24:01,480 INFO o.a.j.t.JMeterThread: Thread finished: blazedemo 1-26
2018-02-05 14:24:01,483 INFO c.b.j.c.VirtualUserController: Test limit reached, thread is done: blazedemo 1-22
2018-02-05 14:24:01,483 INFO o.a.j.t.JMeterThread: Thread is done: blazedemo 1-22
2018-02-05 14:24:01,483 INFO o.a.j.t.JMeterThread: Thread finished: blazedemo 1-22
2018-02-05 14:24:01,498 INFO c.b.j.c.VirtualUserController: Test limit reached, thread is done: blazedemo 1-41
2018-02-05 14:24:01,498 INFO o.a.j.t.JMeterThread: Thread is done: blazedemo 1-41
2018-02-05 14:24:01,498 INFO o.a.j.t.JMeterThread: Thread finished: blazedemo 1-41
2018-02-05 14:24:01,554 INFO c.b.j.c.VirtualUserController: Test limit reached, thread is done: blazedemo 1-24
2018-02-05 14:24:01,555 INFO o.a.j.t.JMeterThread: Thread is done: blazedemo 1-24
2018-02-05 14:24:01,555 INFO o.a.j.t.JMeterThread: Thread finished: blazedemo 1-24
2018-02-05 14:24:01,569 INFO c.b.j.c.VirtualUserController: Test limit reached, thread is done: blazedemo 1-49
2018-02-05 14:24:01,570 INFO o.a.j.t.JMeterThread: Thread is done: blazedemo 1-49
2018-02-05 14:24:01,570 INFO o.a.j.t.JMeterThread: Thread finished: blazedemo 1-49
2018-02-05 14:24:01,629 INFO c.b.j.c.VirtualUserController: Test limit reached, thread is done: blazedemo 1-43
2018-02-05 14:24:01,629 INFO o.a.j.t.JMeterThread: Thread is done: blazedemo 1-43
2018-02-05 14:24:01,629 INFO o.a.j.t.JMeterThread: Thread finished: blazedemo 1-43
2018-02-05 14:24:01,656 INFO c.b.j.c.VirtualUserController: Test limit reached, thread is done: blazedemo 1-34
2018-02-05 14:24:01,656 INFO o.a.j.t.JMeterThread: Thread is done: blazedemo 1-34
2018-02-05 14:24:01,656 INFO o.a.j.t.JMeterThread: Thread finished: blazedemo 1-34
2018-02-05 14:24:01,751 INFO c.b.j.c.VirtualUserController: Test limit reached, thread is done: blazedemo 1-3
2018-02-05 14:24:01,751 INFO o.a.j.t.JMeterThread: Thread is done: blazedemo 1-3
2018-02-05 14:24:01,751 INFO o.a.j.t.JMeterThread: Thread finished: blazedemo 1-3
2018-02-05 14:24:01,831 INFO c.b.j.c.VirtualUserController: Test limit reached, thread is done: blazedemo 1-2
2018-02-05 14:24:01,832 INFO o.a.j.t.JMeterThread: Thread is done: blazedemo 1-2
2018-02-05 14:24:01,832 INFO o.a.j.t.JMeterThread: Thread finished: blazedemo 1-2
2018-02-05 14:24:01,833 INFO o.a.j.e.StandardJMeterEngine: Notifying test listeners of end of test
2018-02-05 14:24:01,833 INFO o.a.j.s.FileServer: Close: /Users/daper01/Documents/OSLo/param.csv
2018-02-05 14:24:01,841 INFO o.a.j.e.StandardJMeterEngine: Forced JVM shutdown requested at end of test
