[2017-11-22 10:30:20,597 INFO root] Taurus CLI Tool v1.9.6
[2017-11-22 10:30:20,597 DEBUG root] Command-line options: {'verbose': None, 'no_system_configs': None, 'quiet': None, 'log': '/var/folders/vq/xzrdy2lx047cst78f69v8z3xfzqz1q/T/bzt_xf8KSy.log', 'option': None, 'aliases': []}
[2017-11-22 10:30:20,597 DEBUG root] Python: CPython 2.7.13
[2017-11-22 10:30:20,598 DEBUG root] OS: ('Darwin', 'daper01mac1124', '17.2.0', 'Darwin Kernel Version 17.2.0: Fri Sep 29 18:27:05 PDT 2017; root:xnu-4570.20.62~3/RELEASE_X86_64', 'x86_64', 'i386')
[2017-11-22 10:30:20,598 INFO root] Starting with configs: ['jmeter.yml']
[2017-11-22 10:30:20,598 DEBUG root] Using personal config: /Users/daper01/.bzt-rc
[2017-11-22 10:30:20,598 INFO Engine] Configuring...
[2017-11-22 10:30:20,598 DEBUG Engine] Reading extension configs from: /usr/local/etc/bzt.d
[2017-11-22 10:30:20,598 DEBUG Engine.Configuration] Configs: ['/usr/local/lib/python2.7/site-packages/bzt/resources/base-config.yml', '/usr/local/etc/bzt.d/99-installID.yml']
[2017-11-22 10:30:20,612 DEBUG Engine.Configuration] Reading /usr/local/lib/python2.7/site-packages/bzt/resources/base-config.yml as YAML
[2017-11-22 10:30:20,649 DEBUG Engine.Configuration] Reading /usr/local/etc/bzt.d/99-installID.yml as YAML
[2017-11-22 10:30:20,649 DEBUG Engine.Configuration] Configs: ['/Users/daper01/.bzt-rc', 'jmeter.yml']
[2017-11-22 10:30:20,652 DEBUG Engine.Configuration] Reading /Users/daper01/.bzt-rc as YAML
[2017-11-22 10:30:20,653 DEBUG Engine.Configuration] Reading jmeter.yml as YAML
[2017-11-22 10:30:20,655 DEBUG Engine.Configuration] Configs: ['/Users/daper01/.bzt-rc', 'jmeter.yml']
[2017-11-22 10:30:20,656 DEBUG Engine.Configuration] Reading /Users/daper01/.bzt-rc as YAML
[2017-11-22 10:30:20,657 DEBUG Engine.Configuration] Reading jmeter.yml as YAML
[2017-11-22 10:30:20,684 DEBUG Engine] Requesting updates info: http://gettaurus.org/updates/?version=1.9.6&installID=784f43782a15
[2017-11-22 10:30:20,692 INFO Engine] Artifacts dir: /Users/daper01/Documents/OSLo/JMeter/2017-11-22_10-30-20.685268
[2017-11-22 10:30:20,693 DEBUG Engine] New artifact filename: /Users/daper01/Documents/OSLo/JMeter/2017-11-22_10-30-20.685268/effective
[2017-11-22 10:30:20,697 DEBUG Engine.Configuration] Dumping YAML config into /Users/daper01/Documents/OSLo/JMeter/2017-11-22_10-30-20.685268/effective.yml
[2017-11-22 10:30:20,726 DEBUG Engine.Configuration] Dumping JSON config into /Users/daper01/Documents/OSLo/JMeter/2017-11-22_10-30-20.685268/effective.json
[2017-11-22 10:30:20,727 DEBUG Engine] New artifact filename: /Users/daper01/Documents/OSLo/JMeter/2017-11-22_10-30-20.685268/merged.yml
[2017-11-22 10:30:20,727 DEBUG Engine.Configuration] Dumping YAML config into /Users/daper01/Documents/OSLo/JMeter/2017-11-22_10-30-20.685268/merged.yml
[2017-11-22 10:30:20,733 DEBUG Engine] New artifact filename: /Users/daper01/Documents/OSLo/JMeter/2017-11-22_10-30-20.685268/merged.json
[2017-11-22 10:30:20,733 DEBUG Engine.Configuration] Dumping JSON config into /Users/daper01/Documents/OSLo/JMeter/2017-11-22_10-30-20.685268/merged.json
[2017-11-22 10:30:20,734 DEBUG Engine] Add existing artifact (move=False): jmeter.yml
[2017-11-22 10:30:20,734 DEBUG Engine] Copying jmeter.yml to /Users/daper01/Documents/OSLo/JMeter/2017-11-22_10-30-20.685268/jmeter.yml
[2017-11-22 10:30:20,734 DEBUG root] Closing log handler: /var/folders/vq/xzrdy2lx047cst78f69v8z3xfzqz1q/T/bzt_xf8KSy.log
[2017-11-22 10:30:20,760 DEBUG root] Switched writing logs to /Users/daper01/Documents/OSLo/JMeter/2017-11-22_10-30-20.685268/bzt.log
[2017-11-22 10:30:20,760 INFO Engine] Preparing...
[2017-11-22 10:30:20,760 DEBUG Engine] Module config: consolidator defaultdict(None, {'class': 'bzt.modules.aggregator.ConsolidatingAggregator'})
[2017-11-22 10:30:20,760 DEBUG root] Importing module: bzt.modules.aggregator
[2017-11-22 10:30:20,845 DEBUG root] Loading class: 'ConsolidatingAggregator' from <module 'bzt.modules.aggregator' from '/usr/local/lib/python2.7/site-packages/bzt/modules/aggregator.pyc'>
[2017-11-22 10:30:20,845 DEBUG Engine.consolidator] Exception in dehumanize_time(inf)
[2017-11-22 10:30:20,845 DEBUG Engine.consolidator] Buffer scaling setup: percentile 95.0 from [0.0, 50.0, 90.0, 95.0, 99.0, 99.9, 100.0] selected
[2017-11-22 10:30:20,845 DEBUG Engine] Module config: monitoring defaultdict(None, {'class': 'bzt.modules.monitoring.Monitoring'})
[2017-11-22 10:30:20,845 DEBUG root] Importing module: bzt.modules.monitoring
[2017-11-22 10:30:21,170 DEBUG root] Loading class: 'Monitoring' from <module 'bzt.modules.monitoring' from '/usr/local/lib/python2.7/site-packages/bzt/modules/monitoring.pyc'>
[2017-11-22 10:30:21,171 DEBUG Engine] Module config: local defaultdict(None, {'class': 'bzt.modules.provisioning.Local'})
[2017-11-22 10:30:21,171 DEBUG root] Importing module: bzt.modules.provisioning
[2017-11-22 10:30:21,171 DEBUG root] Loading class: 'Local' from <module 'bzt.modules.provisioning' from '/usr/local/lib/python2.7/site-packages/bzt/modules/provisioning.pyc'>
[2017-11-22 10:30:21,171 DEBUG Engine] Module config: jmeter defaultdict(None, {'properties': defaultdict(None, {'jmeter.save.saveservice.autoflush': 'true', 'summariser.name': '', 'jmeter.save.saveservice.connect_time': 'true', 'mode': 'Stripped', 'jmeterengine.force.system.exit': 'true'}), 'class': 'bzt.modules.jmeter.JMeterExecutor', 'plugins': ['jpgc-casutg', 'jpgc-dummy', 'jpgc-ffw', 'jpgc-fifo', 'jpgc-functions', 'jpgc-json', 'jpgc-perfmon', 'jpgc-prmctl', 'jpgc-tst']})
[2017-11-22 10:30:21,171 DEBUG root] Importing module: bzt.modules.jmeter
[2017-11-22 10:30:21,394 DEBUG root] Loading class: 'JMeterExecutor' from <module 'bzt.modules.jmeter' from '/usr/local/lib/python2.7/site-packages/bzt/modules/jmeter.pyc'>
[2017-11-22 10:30:21,394 DEBUG Engine.local] Preparing executor: jmeter/4529528080
[2017-11-22 10:30:21,407 DEBUG Engine] New artifact filename: /Users/daper01/Documents/OSLo/JMeter/2017-11-22_10-30-20.685268/jmeter.log
[2017-11-22 10:30:21,407 DEBUG Engine.jmeter] Checking if port 4445 is free
[2017-11-22 10:30:21,407 DEBUG Engine.jmeter] Port 4445 is free
[2017-11-22 10:30:21,407 DEBUG Engine.jmeter] Using port 4445 for management
[2017-11-22 10:30:21,408 DEBUG Engine.jmeter.JavaVM] Trying JavaVM: ['java', '-version']
[2017-11-22 10:30:21,458 DEBUG Engine] Taurus updates info: {"latest":"1.10.3","needsUpgrade":true}
[2017-11-22 10:30:21,459 WARNING Engine] There is newer version of Taurus 1.10.3 available, consider upgrading. What's new: http://gettaurus.org/docs/Changelog/
[2017-11-22 10:30:21,718 DEBUG Engine.jmeter.JavaVM] JavaVM output: java version "1.8.0_121"
Java(TM) SE Runtime Environment (build 1.8.0_121-b13)
Java HotSpot(TM) 64-Bit Server VM (build 25.121-b13, mixed mode)

[2017-11-22 10:30:21,718 DEBUG Engine.jmeter.TclLibrary] We don't need to check tcl library on this platform
[2017-11-22 10:30:21,718 DEBUG Engine.jmeter.JMeter] Trying jmeter: /Users/daper01/.bzt/jmeter-taurus/3.3/bin/jmeter.sh
[2017-11-22 10:30:21,719 DEBUG bzt.utils] Executing shell: ['/Users/daper01/.bzt/jmeter-taurus/3.3/bin/jmeter.sh', '-j', '/var/folders/vq/xzrdy2lx047cst78f69v8z3xfzqz1q/T/jmeterDDdXmKlog', '--version']
[2017-11-22 10:30:24,289 DEBUG Engine.jmeter.JMeter] JMeter check:     _    ____   _    ____ _   _ _____       _ __  __ _____ _____ _____ ____     
   / \  |  _ \ / \  / ___| | | | ____|     | |  \/  | ____|_   _| ____|  _ \   
  / _ \ | |_) / _ \| |   | |_| |  _|    _  | | |\/| |  _|   | | |  _| | |_) | 
 / ___ \|  __/ ___ \ |___|  _  | |___  | |_| | |  | | |___  | | | |___|  _ <  
/_/   \_\_| /_/   \_\____|_| |_|_____|  \___/|_|  |_|_____| |_| |_____|_| \_\ 3.3 r1808647  

Copyright (c) 1999-2017 The Apache Software Foundation

 / None
[2017-11-22 10:30:24,290 DEBUG bzt.utils] Executing shell: ['/Users/daper01/.bzt/jmeter-taurus/3.3/bin/PluginsManagerCMD.sh', 'install-for-jmx', 'two_thread_groups.jmx']
[2017-11-22 10:30:27,191 DEBUG Engine.jmeter.JMeter] Try to detect plugins for two_thread_groups.jmx
10:30:25.980 [main] INFO  org.jmeterplugins.repository.PluginManager - Plugins Status: [jpgc-functions=2.0, jpgc-casutg=2.1, jpgc-dummy=0.2, jpgc-ffw=2.0, jpgc-fifo=0.2, jpgc-json=2.6, jpgc-prmctl=0.3, jpgc-perfmon=2.1, jpgc-plugins-manager=0.16, jpgc-tst=2.1, jmeter-core=3.3, jmeter-ftp=3.3, jmeter-http=3.3, jmeter-jdbc=3.3, jmeter-jms=3.3, jmeter-junit=3.3, jmeter-java=3.3, jmeter-ldap=3.3, jmeter-mail=3.3, jmeter-mongodb=3.3, jmeter-native=3.3, jmeter-tcp=3.3, jmeter-components=3.3]
2017-11-22 10:30:25,980 INFO o.j.r.PluginManager: Plugins Status: [jpgc-functions=2.0, jpgc-casutg=2.1, jpgc-dummy=0.2, jpgc-ffw=2.0, jpgc-fifo=0.2, jpgc-json=2.6, jpgc-prmctl=0.3, jpgc-perfmon=2.1, jpgc-plugins-manager=0.16, jpgc-tst=2.1, jmeter-core=3.3, jmeter-ftp=3.3, jmeter-http=3.3, jmeter-jdbc=3.3, jmeter-jms=3.3, jmeter-junit=3.3, jmeter-java=3.3, jmeter-ldap=3.3, jmeter-mail=3.3, jmeter-mongodb=3.3, jmeter-native=3.3, jmeter-tcp=3.3, jmeter-components=3.3]
10:30:26.406 [main] INFO  org.apache.jmeter.save.SaveService - Testplan (JMX) version: 2.2. Testlog (JTL) version: 2.2
2017-11-22 10:30:26,406 INFO o.a.j.s.SaveService: Testplan (JMX) version: 2.2. Testlog (JTL) version: 2.2
10:30:26.435 [main] INFO  org.apache.jmeter.save.SaveService - Using SaveService properties file encoding UTF-8
2017-11-22 10:30:26,435 INFO o.a.j.s.SaveService: Using SaveService properties file encoding UTF-8
10:30:26.439 [main] INFO  org.apache.jmeter.save.SaveService - Using SaveService properties version 3.2
2017-11-22 10:30:26,439 INFO o.a.j.s.SaveService: Using SaveService properties version 3.2
10:30:26.621 [main] INFO  org.apache.jmeter.protocol.http.control.CookieManager - Settings: Delete null: true Check: true Allow variable: true Save: false Prefix: COOKIE_
2017-11-22 10:30:26,621 INFO o.a.j.p.h.c.CookieManager: Settings: Delete null: true Check: true Allow variable: true Save: false Prefix: COOKIE_
10:30:26.669 [main] INFO  org.apache.jmeter.protocol.http.control.CacheManager - Will only cache the following methods: [GET]
2017-11-22 10:30:26,669 INFO o.a.j.p.h.c.CacheManager: Will only cache the following methods: [GET]
10:30:26.728 [main] INFO  org.jmeterplugins.repository.PluginManager - Restarting JMeter...
2017-11-22 10:30:26,728 INFO o.j.r.PluginManager: Restarting JMeter...
10:30:26.730 [Thread-1] INFO  org.jmeterplugins.repository.PluginManager - Starting JMeter Plugins modifications
2017-11-22 10:30:26,730 INFO o.j.r.PluginManager: Starting JMeter Plugins modifications

ERROR StatusLogger No log4j2 configuration file found. Using default configuration: logging only errors to the console. Set system property 'org.apache.logging.log4j.simplelog.StatusLogger.level' to TRACE to show Log4j2 internal initialization logging.

[2017-11-22 10:30:27,191 DEBUG Engine.jmeter] Load: LoadSpec(concurrency=50, throughput=100.0, ramp_up=30.0, hold=60.0, iterations=0, duration=90.0, steps=None)
[2017-11-22 10:30:27,216 DEBUG Engine.jmeter.LoadSettingsProcessor.ThreadGroupHandler] Converting ThreadGroup (Thread Group) to ConcurrencyThreadGroup and apply load parameters
[2017-11-22 10:30:27,217 DEBUG Engine.jmeter.LoadSettingsProcessor.ThreadGroupHandler] Converting ThreadGroup (Thread Group) to ConcurrencyThreadGroup and apply load parameters
[2017-11-22 10:30:27,217 DEBUG Engine] New artifact filename: /Users/daper01/Documents/OSLo/JMeter/2017-11-22_10-30-20.685268/kpi.jtl
[2017-11-22 10:30:27,218 DEBUG Engine] New artifact filename: /Users/daper01/Documents/OSLo/JMeter/2017-11-22_10-30-20.685268/error.jtl
[2017-11-22 10:30:27,218 DEBUG Engine.jmeter] Enforcing parent sample for transaction controller
[2017-11-22 10:30:27,219 INFO Engine.jmeter] 1 obsolete CookieManagers are found and fixed
[2017-11-22 10:30:27,220 DEBUG JMX] Saving JMX to: /Users/daper01/Documents/OSLo/JMeter/modified_two_thread_groups.jmx
[2017-11-22 10:30:27,224 DEBUG Engine.jmeter] Additional properties: defaultdict(None, {'jmeter.save.saveservice.autoflush': 'true', 'jmeter.save.saveservice.connect_time': 'true', 'user.classpath': '/Users/daper01/Documents/OSLo/JMeter/2017-11-22_10-30-20.685268', 'sampleresult.default.encoding': 'UTF-8', 'summariser.name': '', 'jmeterengine.force.system.exit': 'true', 'jmeter.save.saveservice.timestamp_format': 'ms', 'mode': 'Stripped', 'jmeterengine.nongui.maxport': 4445, 'jmeterengine.nongui.port': 4445})
[2017-11-22 10:30:27,224 DEBUG Engine] New artifact filename: /Users/daper01/Documents/OSLo/JMeter/2017-11-22_10-30-20.685268/jmeter-bzt.properties
[2017-11-22 10:30:27,224 DEBUG Engine] New artifact filename: /Users/daper01/Documents/OSLo/JMeter/2017-11-22_10-30-20.685268/jmeter.out
[2017-11-22 10:30:27,224 DEBUG Engine] New artifact filename: /Users/daper01/Documents/OSLo/JMeter/2017-11-22_10-30-20.685268/jmeter.err
[2017-11-22 10:30:27,225 DEBUG Engine] Module config: final-stats defaultdict(None, {'class': 'bzt.modules.reporting.FinalStatus'})
[2017-11-22 10:30:27,225 DEBUG root] Importing module: bzt.modules.reporting
[2017-11-22 10:30:30,081 DEBUG easyprocess] version=0.2.3
[2017-11-22 10:30:30,206 DEBUG pyvirtualdisplay] version=0.2.1
[2017-11-22 10:30:30,231 DEBUG root] Loading class: 'FinalStatus' from <module 'bzt.modules.reporting' from '/usr/local/lib/python2.7/site-packages/bzt/modules/reporting.pyc'>
[2017-11-22 10:30:30,231 DEBUG Engine] Module config: console defaultdict(None, {'class': 'bzt.modules.console.ConsoleStatusReporter'})
[2017-11-22 10:30:30,231 DEBUG root] Importing module: bzt.modules.console
[2017-11-22 10:30:30,231 DEBUG root] Loading class: 'ConsoleStatusReporter' from <module 'bzt.modules.console' from '/usr/local/lib/python2.7/site-packages/bzt/modules/console.pyc'>
[2017-11-22 10:30:30,238 DEBUG Engine.Configuration] Dumping YAML config into /Users/daper01/Documents/OSLo/JMeter/2017-11-22_10-30-20.685268/effective.yml
[2017-11-22 10:30:30,264 DEBUG Engine.Configuration] Dumping JSON config into /Users/daper01/Documents/OSLo/JMeter/2017-11-22_10-30-20.685268/effective.json
[2017-11-22 10:30:30,265 INFO Engine] Starting...
[2017-11-22 10:30:30,265 DEBUG Engine] Startup <bzt.modules.monitoring.Monitoring object at 0x10de67850>
[2017-11-22 10:30:30,265 DEBUG Engine] Startup <bzt.modules.aggregator.ConsolidatingAggregator object at 0x10de84650>
[2017-11-22 10:30:30,265 DEBUG Engine] Startup <bzt.modules.reporting.FinalStatus object at 0x10dfb1d50>
[2017-11-22 10:30:30,266 DEBUG Engine] Startup <bzt.modules.console.ConsoleStatusReporter object at 0x10e952350>
[2017-11-22 10:30:30,266 INFO Engine.console] Waiting for results...
[2017-11-22 10:30:30,266 DEBUG Engine] Startup <bzt.modules.provisioning.Local object at 0x10de84350>
[2017-11-22 10:30:30,266 DEBUG Engine.local] Delay setup for jmeter/two_tg: 0(start-at) + 0(delay) = 0
[2017-11-22 10:30:30,267 DEBUG Engine.Configuration] Dumping YAML config into /Users/daper01/Documents/OSLo/JMeter/2017-11-22_10-30-20.685268/effective.yml
[2017-11-22 10:30:30,295 DEBUG Engine.Configuration] Dumping JSON config into /Users/daper01/Documents/OSLo/JMeter/2017-11-22_10-30-20.685268/effective.json
[2017-11-22 10:30:30,296 DEBUG root] Leveling down log file verbosity, use -v option to have DEBUG messages enabled
[2017-11-22 10:30:30,515 INFO Engine.console] Waiting for finish...
[2017-11-22 10:32:04,569 WARNING Engine] Please wait for graceful shutdown...
[2017-11-22 10:32:04,578 DEBUG root] Leveled up log file verbosity
[2017-11-22 10:32:04,578 INFO Engine] Shutting down...
[2017-11-22 10:32:04,585 DEBUG Engine.local] Shutdown jmeter/two_tg
[2017-11-22 10:32:04,586 DEBUG Engine.console] Restoring logging streams, [<logging.StreamHandler object at 0x10d39f690>]/{<logging.StreamHandler object at 0x10d39f690>: <open file '<stdout>', mode 'w' at 0x10c412150>}
[2017-11-22 10:32:04,589 DEBUG Engine.Configuration] Dumping YAML config into /Users/daper01/Documents/OSLo/JMeter/2017-11-22_10-30-20.685268/effective.yml
[2017-11-22 10:32:04,623 DEBUG Engine.Configuration] Dumping JSON config into /Users/daper01/Documents/OSLo/JMeter/2017-11-22_10-30-20.685268/effective.json
[2017-11-22 10:32:04,625 INFO Engine] Post-processing...
[2017-11-22 10:32:04,625 DEBUG Engine.local] Post-process jmeter/two_tg
[2017-11-22 10:32:04,625 DEBUG Engine] Add existing artifact (move=True): /Users/daper01/Documents/OSLo/JMeter/modified_two_thread_groups.jmx
[2017-11-22 10:32:04,625 DEBUG Engine] Moving /Users/daper01/Documents/OSLo/JMeter/modified_two_thread_groups.jmx to /Users/daper01/Documents/OSLo/JMeter/2017-11-22_10-30-20.685268/modified_two_thread_groups.jmx
[2017-11-22 10:32:04,626 DEBUG Engine.jmeter.JTLReader.IncrementalCSVReader] Reading JTL: /Users/daper01/Documents/OSLo/JMeter/2017-11-22_10-30-20.685268/kpi.jtl
[2017-11-22 10:32:04,626 DEBUG Engine.jmeter.JTLReader.IncrementalCSVReader] Read lines: 0 / 0 bytes (at speed 1048576)
[2017-11-22 10:32:04,626 DEBUG Engine.jmeter.JTLReader] Buffer len: 2
[2017-11-22 10:32:04,626 DEBUG Engine.jmeter.JTLReader] Aggregating: 1511375522
[2017-11-22 10:32:04,638 DEBUG Engine.jmeter.JTLReader] Aggregating: 1511375523
[2017-11-22 10:32:04,646 DEBUG Engine.consolidator] Consolidator buffer[4]: [1511375520, 1511375521, 1511375522, 1511375523]
[2017-11-22 10:32:04,646 DEBUG Engine.consolidator] Merging into 1511375520
[2017-11-22 10:32:04,646 DEBUG Engine.consolidator] Merging 1511375520
[2017-11-22 10:32:04,665 DEBUG Engine.consolidator] Processed datapoint: 1511375520/None
[2017-11-22 10:32:04,665 DEBUG Engine.consolidator] Merging into 1511375521
[2017-11-22 10:32:04,665 DEBUG Engine.consolidator] Merging 1511375521
[2017-11-22 10:32:04,677 DEBUG Engine.consolidator] Processed datapoint: 1511375521/None
[2017-11-22 10:32:04,677 DEBUG Engine.consolidator] Merging into 1511375522
[2017-11-22 10:32:04,677 DEBUG Engine.consolidator] Merging 1511375522
[2017-11-22 10:32:04,690 DEBUG Engine.consolidator] Processed datapoint: 1511375522/None
[2017-11-22 10:32:04,690 DEBUG Engine.consolidator] Merging into 1511375523
[2017-11-22 10:32:04,690 DEBUG Engine.consolidator] Merging 1511375523
[2017-11-22 10:32:04,700 DEBUG Engine.consolidator] Processed datapoint: 1511375523/None
[2017-11-22 10:32:04,700 INFO Engine.final-stats] Test duration: 0:01:34
[2017-11-22 10:32:04,700 INFO Engine.final-stats] Samples count: 7550, 25.38% failures
[2017-11-22 10:32:04,700 INFO Engine.final-stats] Average times: total 0.229, latency 0.227, connect 0.000
[2017-11-22 10:32:04,701 INFO Engine.final-stats] Percentile 0.0%: 0.006
[2017-11-22 10:32:04,701 INFO Engine.final-stats] Percentile 50.0%: 0.186
[2017-11-22 10:32:04,701 INFO Engine.final-stats] Percentile 90.0%: 0.354
[2017-11-22 10:32:04,701 INFO Engine.final-stats] Percentile 95.0%: 0.359
[2017-11-22 10:32:04,701 INFO Engine.final-stats] Percentile 99.0%: 0.381
[2017-11-22 10:32:04,701 INFO Engine.final-stats] Percentile 99.9%: 1.672
[2017-11-22 10:32:04,701 INFO Engine.final-stats] Percentile 100.0%: 21.494
[2017-11-22 10:32:04,701 DEBUG Engine.console] No logger_handler or orig_stream was detected
[2017-11-22 10:32:04,703 DEBUG Engine.Configuration] Dumping YAML config into /Users/daper01/Documents/OSLo/JMeter/2017-11-22_10-30-20.685268/effective.yml
[2017-11-22 10:32:04,732 DEBUG Engine.Configuration] Dumping JSON config into /Users/daper01/Documents/OSLo/JMeter/2017-11-22_10-30-20.685268/effective.json
[2017-11-22 10:32:04,733 INFO root] Artifacts dir: /Users/daper01/Documents/OSLo/JMeter/2017-11-22_10-30-20.685268
[2017-11-22 10:32:04,734 INFO root] Done performing with code: 0
[2017-11-22 10:32:04,734 DEBUG root] Closing log handler: /Users/daper01/Documents/OSLo/JMeter/2017-11-22_10-30-20.685268/bzt.log
