2017-11-22 10:30:31,173 INFO o.a.j.u.JMeterUtils: Setting Locale to en_US
2017-11-22 10:30:31,183 INFO o.a.j.JMeter: Loading user properties from: /Users/daper01/.bzt/jmeter-taurus/3.3/bin/user.properties
2017-11-22 10:30:31,184 INFO o.a.j.JMeter: Loading system properties from: /Users/daper01/.bzt/jmeter-taurus/3.3/bin/system.properties
2017-11-22 10:30:31,188 INFO o.a.j.JMeter: Copyright (c) 1998-2017 The Apache Software Foundation
2017-11-22 10:30:31,188 INFO o.a.j.JMeter: Version 3.3 r1808647
2017-11-22 10:30:31,188 INFO o.a.j.JMeter: java.version=1.8.0_121
2017-11-22 10:30:31,188 INFO o.a.j.JMeter: java.vm.name=Java HotSpot(TM) 64-Bit Server VM
2017-11-22 10:30:31,188 INFO o.a.j.JMeter: os.name=Mac OS X
2017-11-22 10:30:31,188 INFO o.a.j.JMeter: os.arch=x86_64
2017-11-22 10:30:31,188 INFO o.a.j.JMeter: os.version=10.13.1
2017-11-22 10:30:31,188 INFO o.a.j.JMeter: file.encoding=UTF-8
2017-11-22 10:30:31,188 INFO o.a.j.JMeter: Max memory     =3817865216
2017-11-22 10:30:31,188 INFO o.a.j.JMeter: Available Processors =4
2017-11-22 10:30:31,192 INFO o.a.j.JMeter: Default Locale=English (United States)
2017-11-22 10:30:31,192 INFO o.a.j.JMeter: JMeter  Locale=English (United States)
2017-11-22 10:30:31,192 INFO o.a.j.JMeter: JMeterHome=/Users/daper01/.bzt/jmeter-taurus/3.3
2017-11-22 10:30:31,192 INFO o.a.j.JMeter: user.dir  =/Users/daper01/Documents/OSLo/JMeter
2017-11-22 10:30:31,192 INFO o.a.j.JMeter: PWD       =/Users/daper01/Documents/OSLo/JMeter
2017-11-22 10:30:31,194 INFO o.a.j.JMeter: IP: 10.137.176.245 Name: daper01mac1124 FullName: daper01mac1124.ca.com
2017-11-22 10:30:31,194 INFO o.a.j.JMeter: user.classpath=/Users/daper01/Documents/OSLo/JMeter/2017-11-22_10-30-20.685268
2017-11-22 10:30:31,194 INFO o.a.j.JMeter: Adding to classpath and loader: /Users/daper01/Documents/OSLo/JMeter/2017-11-22_10-30-20.685268
2017-11-22 10:30:31,197 INFO o.a.j.s.FileServer: Default base='/Users/daper01/Documents/OSLo/JMeter'
2017-11-22 10:30:31,197 INFO o.a.j.s.FileServer: Set new base='/Users/daper01/Documents/OSLo/JMeter'
2017-11-22 10:30:31,331 INFO o.a.j.s.SaveService: Testplan (JMX) version: 2.2. Testlog (JTL) version: 2.2
2017-11-22 10:30:31,349 INFO o.a.j.s.SaveService: Using SaveService properties file encoding UTF-8
2017-11-22 10:30:31,353 INFO o.a.j.s.SaveService: Using SaveService properties version 3.2
2017-11-22 10:30:31,358 INFO o.a.j.s.SaveService: Loading file: /Users/daper01/Documents/OSLo/JMeter/modified_two_thread_groups.jmx
2017-11-22 10:30:31,409 INFO o.a.j.p.h.c.CookieManager: Settings: Delete null: true Check: true Allow variable: true Save: false Prefix: COOKIE_
2017-11-22 10:30:31,424 INFO o.a.j.p.h.c.CacheManager: Will only cache the following methods: [GET]
2017-11-22 10:30:31,442 INFO o.a.j.p.h.s.HTTPSamplerBase: Parser for text/html is org.apache.jmeter.protocol.http.parser.LagartoBasedHtmlParser
2017-11-22 10:30:31,442 INFO o.a.j.p.h.s.HTTPSamplerBase: Parser for application/xhtml+xml is org.apache.jmeter.protocol.http.parser.LagartoBasedHtmlParser
2017-11-22 10:30:31,442 INFO o.a.j.p.h.s.HTTPSamplerBase: Parser for application/xml is org.apache.jmeter.protocol.http.parser.LagartoBasedHtmlParser
2017-11-22 10:30:31,442 INFO o.a.j.p.h.s.HTTPSamplerBase: Parser for text/xml is org.apache.jmeter.protocol.http.parser.LagartoBasedHtmlParser
2017-11-22 10:30:31,443 INFO o.a.j.p.h.s.HTTPSamplerBase: Parser for text/vnd.wap.wml is org.apache.jmeter.protocol.http.parser.RegexpHTMLParser
2017-11-22 10:30:31,443 INFO o.a.j.p.h.s.HTTPSamplerBase: Parser for text/css is org.apache.jmeter.protocol.http.parser.CssParser
2017-11-22 10:30:31,481 INFO o.a.j.e.StandardJMeterEngine: Running the test!
2017-11-22 10:30:31,482 INFO o.a.j.s.SampleEvent: List of sample_variables: []
2017-11-22 10:30:31,482 INFO o.a.j.s.SampleEvent: List of sample_variables: []
2017-11-22 10:30:31,486 INFO o.a.j.e.u.CompoundVariable: Note: Function class names must contain the string: '.functions.'
2017-11-22 10:30:31,487 INFO o.a.j.e.u.CompoundVariable: Note: Function class names must not contain the string: '.gui.'
2017-11-22 10:30:31,888 INFO o.a.j.JMeter: Running test (1511375431888)
2017-11-22 10:30:31,934 INFO o.a.j.e.StandardJMeterEngine: Starting ThreadGroup: 1 : Thread Group
2017-11-22 10:30:31,934 INFO o.a.j.e.StandardJMeterEngine: Starting 17 threads for group Thread Group.
2017-11-22 10:30:31,934 INFO o.a.j.e.StandardJMeterEngine: Thread will continue on error
2017-11-22 10:30:31,937 INFO o.a.j.e.StandardJMeterEngine: Starting ThreadGroup: 2 : Thread Group
2017-11-22 10:30:31,937 INFO o.a.j.e.StandardJMeterEngine: Starting 33 threads for group Thread Group.
2017-11-22 10:30:31,937 INFO o.a.j.e.StandardJMeterEngine: Thread will continue on error
2017-11-22 10:30:31,937 INFO c.b.j.t.c.ConcurrencyThreadStarter: Start supplying threads
2017-11-22 10:30:31,941 INFO o.a.j.e.StandardJMeterEngine: All thread groups have been started
2017-11-22 10:30:31,941 INFO c.b.j.t.c.ConcurrencyThreadStarter: Start supplying threads
2017-11-22 10:30:32,400 INFO o.a.j.s.SampleResult: Note: Sample TimeStamps are START times
2017-11-22 10:30:32,400 INFO o.a.j.s.SampleResult: sampleresult.default.encoding is set to UTF-8
2017-11-22 10:30:32,400 INFO o.a.j.t.JMeterThread: Thread started: Thread Group 2-1
2017-11-22 10:30:32,400 INFO o.a.j.s.SampleResult: sampleresult.useNanoTime=true
2017-11-22 10:30:32,401 INFO o.a.j.s.SampleResult: sampleresult.nanoThreadSleep=5000
2017-11-22 10:30:32,406 WARN k.a.j.t.VariableThroughputTimer: No free threads left in worker pool, made  0/1.0 samples
2017-11-22 10:30:32,423 INFO o.a.j.p.h.s.HTTPHCAbstractImpl: Local host = daper01mac1124
2017-11-22 10:30:32,428 INFO o.a.j.p.h.s.HTTPHC4Impl: HTTP request retry count = 0
2017-11-22 10:30:32,821 INFO o.a.j.t.JMeterThread: Thread started: Thread Group 1-1
2017-11-22 10:30:33,415 INFO o.a.j.t.JMeterThread: Thread started: Thread Group 2-2
2017-11-22 10:30:34,420 INFO o.a.j.t.JMeterThread: Thread started: Thread Group 2-3
2017-11-22 10:30:34,830 INFO o.a.j.t.JMeterThread: Thread started: Thread Group 1-2
2017-11-22 10:30:35,425 INFO o.a.j.t.JMeterThread: Thread started: Thread Group 2-4
2017-11-22 10:30:36,430 INFO o.a.j.t.JMeterThread: Thread started: Thread Group 2-5
2017-11-22 10:30:36,838 INFO o.a.j.t.JMeterThread: Thread started: Thread Group 1-3
2017-11-22 10:30:37,431 INFO o.a.j.t.JMeterThread: Thread started: Thread Group 2-6
2017-11-22 10:30:38,435 INFO o.a.j.t.JMeterThread: Thread started: Thread Group 2-7
2017-11-22 10:30:38,849 INFO o.a.j.t.JMeterThread: Thread started: Thread Group 1-4
2017-11-22 10:30:39,438 INFO o.a.j.t.JMeterThread: Thread started: Thread Group 2-8
2017-11-22 10:30:40,446 INFO o.a.j.t.JMeterThread: Thread started: Thread Group 2-9
2017-11-22 10:30:40,860 INFO o.a.j.t.JMeterThread: Thread started: Thread Group 1-5
2017-11-22 10:30:41,452 INFO o.a.j.t.JMeterThread: Thread started: Thread Group 2-10
2017-11-22 10:30:41,864 INFO o.a.j.t.JMeterThread: Thread started: Thread Group 1-6
2017-11-22 10:30:42,455 INFO o.a.j.t.JMeterThread: Thread started: Thread Group 2-11
2017-11-22 10:30:42,457 INFO o.a.j.t.JMeterThread: Thread started: Thread Group 2-12
2017-11-22 10:30:43,459 INFO o.a.j.t.JMeterThread: Thread started: Thread Group 2-13
2017-11-22 10:30:43,870 INFO o.a.j.t.JMeterThread: Thread started: Thread Group 1-7
2017-11-22 10:30:44,465 INFO o.a.j.t.JMeterThread: Thread started: Thread Group 2-14
2017-11-22 10:30:45,468 INFO o.a.j.t.JMeterThread: Thread started: Thread Group 2-15
2017-11-22 10:30:45,872 INFO o.a.j.t.JMeterThread: Thread started: Thread Group 1-8
2017-11-22 10:30:46,469 INFO o.a.j.t.JMeterThread: Thread started: Thread Group 2-16
2017-11-22 10:30:47,474 INFO o.a.j.t.JMeterThread: Thread started: Thread Group 2-17
2017-11-22 10:30:47,882 INFO o.a.j.t.JMeterThread: Thread started: Thread Group 1-9
2017-11-22 10:30:48,476 INFO o.a.j.t.JMeterThread: Thread started: Thread Group 2-18
2017-11-22 10:30:48,886 INFO o.a.j.t.JMeterThread: Thread started: Thread Group 1-10
2017-11-22 10:30:49,479 INFO o.a.j.t.JMeterThread: Thread started: Thread Group 2-19
2017-11-22 10:30:50,481 INFO o.a.j.t.JMeterThread: Thread started: Thread Group 2-20
2017-11-22 10:30:50,890 INFO o.a.j.t.JMeterThread: Thread started: Thread Group 1-11
2017-11-22 10:30:51,485 INFO o.a.j.t.JMeterThread: Thread started: Thread Group 2-21
2017-11-22 10:30:52,486 INFO o.a.j.t.JMeterThread: Thread started: Thread Group 2-22
2017-11-22 10:30:52,487 INFO o.a.j.t.JMeterThread: Thread started: Thread Group 2-23
2017-11-22 10:30:52,898 INFO o.a.j.t.JMeterThread: Thread started: Thread Group 1-12
2017-11-22 10:30:53,491 INFO o.a.j.t.JMeterThread: Thread started: Thread Group 2-24
2017-11-22 10:30:54,493 INFO o.a.j.t.JMeterThread: Thread started: Thread Group 2-25
2017-11-22 10:30:54,904 INFO o.a.j.t.JMeterThread: Thread started: Thread Group 1-13
2017-11-22 10:30:55,494 INFO o.a.j.t.JMeterThread: Thread started: Thread Group 2-26
2017-11-22 10:30:55,905 INFO o.a.j.t.JMeterThread: Thread started: Thread Group 1-14
2017-11-22 10:30:56,498 INFO o.a.j.t.JMeterThread: Thread started: Thread Group 2-27
2017-11-22 10:30:57,501 INFO o.a.j.t.JMeterThread: Thread started: Thread Group 2-28
2017-11-22 10:30:57,907 INFO o.a.j.t.JMeterThread: Thread started: Thread Group 1-15
2017-11-22 10:30:58,505 INFO o.a.j.t.JMeterThread: Thread started: Thread Group 2-29
2017-11-22 10:30:59,505 INFO o.a.j.t.JMeterThread: Thread started: Thread Group 2-30
2017-11-22 10:30:59,913 INFO o.a.j.t.JMeterThread: Thread started: Thread Group 1-16
2017-11-22 10:31:00,511 INFO o.a.j.t.JMeterThread: Thread started: Thread Group 2-31
2017-11-22 10:31:01,516 INFO o.a.j.t.JMeterThread: Thread started: Thread Group 2-32
2017-11-22 10:31:01,517 INFO o.a.j.t.JMeterThread: Thread started: Thread Group 2-33
2017-11-22 10:31:01,920 INFO o.a.j.t.JMeterThread: Thread started: Thread Group 1-17
2017-11-22 10:32:02,051 INFO c.b.j.t.c.ConcurrencyThreadStarter: Done supplying threads
2017-11-22 10:32:02,104 INFO c.b.j.c.VirtualUserController: Test limit reached, thread is done: Thread Group 1-15
2017-11-22 10:32:02,104 INFO o.a.j.t.JMeterThread: Thread is done: Thread Group 1-15
2017-11-22 10:32:02,105 INFO o.a.j.t.JMeterThread: Thread finished: Thread Group 1-15
2017-11-22 10:32:02,155 INFO c.b.j.c.VirtualUserController: Test limit reached, thread is done: Thread Group 1-1
2017-11-22 10:32:02,156 INFO o.a.j.t.JMeterThread: Thread is done: Thread Group 1-1
2017-11-22 10:32:02,156 INFO o.a.j.t.JMeterThread: Thread finished: Thread Group 1-1
2017-11-22 10:32:02,161 INFO c.b.j.c.VirtualUserController: Test limit reached, thread is done: Thread Group 1-16
2017-11-22 10:32:02,161 INFO o.a.j.t.JMeterThread: Thread is done: Thread Group 1-16
2017-11-22 10:32:02,162 INFO o.a.j.t.JMeterThread: Thread finished: Thread Group 1-16
2017-11-22 10:32:02,292 INFO c.b.j.c.VirtualUserController: Test limit reached, thread is done: Thread Group 1-13
2017-11-22 10:32:02,292 INFO o.a.j.t.JMeterThread: Thread is done: Thread Group 1-13
2017-11-22 10:32:02,293 INFO o.a.j.t.JMeterThread: Thread finished: Thread Group 1-13
2017-11-22 10:32:02,436 INFO c.b.j.c.VirtualUserController: Test limit reached, thread is done: Thread Group 1-3
2017-11-22 10:32:02,436 INFO o.a.j.t.JMeterThread: Thread is done: Thread Group 1-3
2017-11-22 10:32:02,436 INFO o.a.j.t.JMeterThread: Thread finished: Thread Group 1-3
2017-11-22 10:32:02,663 INFO c.b.j.c.VirtualUserController: Test limit reached, thread is done: Thread Group 1-2
2017-11-22 10:32:02,663 INFO o.a.j.t.JMeterThread: Thread is done: Thread Group 1-2
2017-11-22 10:32:02,663 INFO o.a.j.t.JMeterThread: Thread finished: Thread Group 1-2
2017-11-22 10:32:02,663 INFO c.b.j.t.c.ConcurrencyThreadStarter: Done supplying threads
2017-11-22 10:32:02,728 INFO c.b.j.c.VirtualUserController: Test limit reached, thread is done: Thread Group 1-12
2017-11-22 10:32:02,729 INFO o.a.j.t.JMeterThread: Thread is done: Thread Group 1-12
2017-11-22 10:32:02,729 INFO o.a.j.t.JMeterThread: Thread finished: Thread Group 1-12
2017-11-22 10:32:02,739 INFO c.b.j.c.VirtualUserController: Test limit reached, thread is done: Thread Group 1-10
2017-11-22 10:32:02,739 INFO o.a.j.t.JMeterThread: Thread is done: Thread Group 1-10
2017-11-22 10:32:02,739 INFO o.a.j.t.JMeterThread: Thread finished: Thread Group 1-10
2017-11-22 10:32:02,745 INFO c.b.j.c.VirtualUserController: Test limit reached, thread is done: Thread Group 2-26
2017-11-22 10:32:02,745 INFO o.a.j.t.JMeterThread: Thread is done: Thread Group 2-26
2017-11-22 10:32:02,746 INFO o.a.j.t.JMeterThread: Thread finished: Thread Group 2-26
2017-11-22 10:32:02,747 INFO c.b.j.c.VirtualUserController: Test limit reached, thread is done: Thread Group 2-30
2017-11-22 10:32:02,747 INFO o.a.j.t.JMeterThread: Thread is done: Thread Group 2-30
2017-11-22 10:32:02,748 INFO o.a.j.t.JMeterThread: Thread finished: Thread Group 2-30
2017-11-22 10:32:02,779 INFO c.b.j.c.VirtualUserController: Test limit reached, thread is done: Thread Group 2-22
2017-11-22 10:32:02,779 INFO o.a.j.t.JMeterThread: Thread is done: Thread Group 2-22
2017-11-22 10:32:02,779 INFO o.a.j.t.JMeterThread: Thread finished: Thread Group 2-22
2017-11-22 10:32:02,794 INFO c.b.j.c.VirtualUserController: Test limit reached, thread is done: Thread Group 1-4
2017-11-22 10:32:02,795 INFO o.a.j.t.JMeterThread: Thread is done: Thread Group 1-4
2017-11-22 10:32:02,795 INFO o.a.j.t.JMeterThread: Thread finished: Thread Group 1-4
2017-11-22 10:32:02,799 INFO c.b.j.c.VirtualUserController: Test limit reached, thread is done: Thread Group 2-4
2017-11-22 10:32:02,800 INFO o.a.j.t.JMeterThread: Thread is done: Thread Group 2-4
2017-11-22 10:32:02,800 INFO o.a.j.t.JMeterThread: Thread finished: Thread Group 2-4
2017-11-22 10:32:02,812 INFO c.b.j.c.VirtualUserController: Test limit reached, thread is done: Thread Group 1-5
2017-11-22 10:32:02,812 INFO o.a.j.t.JMeterThread: Thread is done: Thread Group 1-5
2017-11-22 10:32:02,812 INFO o.a.j.t.JMeterThread: Thread finished: Thread Group 1-5
2017-11-22 10:32:02,875 INFO c.b.j.c.VirtualUserController: Test limit reached, thread is done: Thread Group 2-10
2017-11-22 10:32:02,875 INFO o.a.j.t.JMeterThread: Thread is done: Thread Group 2-10
2017-11-22 10:32:02,875 INFO o.a.j.t.JMeterThread: Thread finished: Thread Group 2-10
2017-11-22 10:32:02,917 INFO c.b.j.c.VirtualUserController: Test limit reached, thread is done: Thread Group 2-28
2017-11-22 10:32:02,917 INFO o.a.j.t.JMeterThread: Thread is done: Thread Group 2-28
2017-11-22 10:32:02,917 INFO o.a.j.t.JMeterThread: Thread finished: Thread Group 2-28
2017-11-22 10:32:02,920 INFO c.b.j.c.VirtualUserController: Test limit reached, thread is done: Thread Group 2-31
2017-11-22 10:32:02,920 INFO o.a.j.t.JMeterThread: Thread is done: Thread Group 2-31
2017-11-22 10:32:02,920 INFO o.a.j.t.JMeterThread: Thread finished: Thread Group 2-31
2017-11-22 10:32:02,937 INFO c.b.j.c.VirtualUserController: Test limit reached, thread is done: Thread Group 2-15
2017-11-22 10:32:02,937 INFO o.a.j.t.JMeterThread: Thread is done: Thread Group 2-15
2017-11-22 10:32:02,937 INFO o.a.j.t.JMeterThread: Thread finished: Thread Group 2-15
2017-11-22 10:32:02,938 INFO c.b.j.c.VirtualUserController: Test limit reached, thread is done: Thread Group 2-19
2017-11-22 10:32:02,938 INFO o.a.j.t.JMeterThread: Thread is done: Thread Group 2-19
2017-11-22 10:32:02,938 INFO o.a.j.t.JMeterThread: Thread finished: Thread Group 2-19
2017-11-22 10:32:03,010 INFO c.b.j.c.VirtualUserController: Test limit reached, thread is done: Thread Group 2-9
2017-11-22 10:32:03,010 INFO o.a.j.t.JMeterThread: Thread is done: Thread Group 2-9
2017-11-22 10:32:03,010 INFO o.a.j.t.JMeterThread: Thread finished: Thread Group 2-9
2017-11-22 10:32:03,023 INFO c.b.j.c.VirtualUserController: Test limit reached, thread is done: Thread Group 2-29
2017-11-22 10:32:03,023 INFO o.a.j.t.JMeterThread: Thread is done: Thread Group 2-29
2017-11-22 10:32:03,023 INFO o.a.j.t.JMeterThread: Thread finished: Thread Group 2-29
2017-11-22 10:32:03,027 INFO k.a.j.t.VariableThroughputTimer: No further RPS schedule, asking threads to stop...
2017-11-22 10:32:03,029 WARN o.a.j.t.JMeterThread: Interrupting: Thread Group 1-11 sampler: confirmation
2017-11-22 10:32:03,031 WARN o.a.j.t.JMeterThread: Interrupting: Thread Group 1-17 sampler: confirmation
2017-11-22 10:32:03,033 WARN o.a.j.t.JMeterThread: Interrupting: Thread Group 1-9 sampler: purchase
2017-11-22 10:32:03,035 WARN o.a.j.t.JMeterThread: Interrupting: Thread Group 1-14 sampler: purchase
2017-11-22 10:32:03,036 WARN o.a.j.t.JMeterThread: Interrupting: Thread Group 2-25 sampler: confirmation_2
2017-11-22 10:32:03,038 WARN o.a.j.t.JMeterThread: Interrupting: Thread Group 2-13 sampler: reserve_2
2017-11-22 10:32:03,039 INFO o.a.j.t.JMeterThread: Thread is done: Thread Group 1-9
2017-11-22 10:32:03,039 INFO o.a.j.t.JMeterThread: Thread finished: Thread Group 1-9
2017-11-22 10:32:03,039 INFO o.a.j.t.JMeterThread: Thread is done: Thread Group 1-14
2017-11-22 10:32:03,039 INFO o.a.j.t.JMeterThread: Thread finished: Thread Group 1-14
2017-11-22 10:32:03,041 WARN o.a.j.t.JMeterThread: Interrupting: Thread Group 2-17 sampler: purchase_2
2017-11-22 10:32:03,043 INFO o.a.j.t.JMeterThread: Thread is done: Thread Group 1-17
2017-11-22 10:32:03,043 INFO o.a.j.t.JMeterThread: Thread finished: Thread Group 1-17
2017-11-22 10:32:03,044 INFO o.a.j.t.JMeterThread: Thread is done: Thread Group 1-11
2017-11-22 10:32:03,044 INFO o.a.j.t.JMeterThread: Thread finished: Thread Group 1-11
2017-11-22 10:32:03,044 WARN o.a.j.t.JMeterThread: Interrupting: Thread Group 2-21 sampler: reserve_2
2017-11-22 10:32:03,044 INFO o.a.j.t.JMeterThread: Thread is done: Thread Group 2-25
2017-11-22 10:32:03,045 INFO o.a.j.t.JMeterThread: Thread is done: Thread Group 2-13
2017-11-22 10:32:03,045 INFO o.a.j.t.JMeterThread: Thread finished: Thread Group 2-13
2017-11-22 10:32:03,029 ERROR k.a.j.t.VariableThroughputTimer: Waiting thread was interrupted
java.lang.InterruptedException: null
	at java.lang.Object.wait(Native Method) ~[?:1.8.0_121]
	at kg.apc.jmeter.timers.VariableThroughputTimer.delay(VariableThroughputTimer.java:78) [jmeter-plugins-tst-2.1.jar:?]
	at org.apache.jmeter.threads.JMeterThread.delay(JMeterThread.java:851) [ApacheJMeter_core.jar:3.3 r1808647]
	at org.apache.jmeter.threads.JMeterThread.executeSamplePackage(JMeterThread.java:480) [ApacheJMeter_core.jar:3.3 r1808647]
	at org.apache.jmeter.threads.JMeterThread.processSampler(JMeterThread.java:424) [ApacheJMeter_core.jar:3.3 r1808647]
	at org.apache.jmeter.threads.JMeterThread.run(JMeterThread.java:255) [ApacheJMeter_core.jar:3.3 r1808647]
	at java.lang.Thread.run(Thread.java:745) [?:1.8.0_121]
2017-11-22 10:32:03,044 INFO o.a.j.t.JMeterThread: Thread finished: Thread Group 2-25
2017-11-22 10:32:03,047 WARN o.a.j.t.JMeterThread: Interrupting: Thread Group 2-32 sampler: purchase_2
2017-11-22 10:32:03,047 INFO o.a.j.t.JMeterThread: Thread is done: Thread Group 2-17
2017-11-22 10:32:03,047 INFO o.a.j.t.JMeterThread: Thread finished: Thread Group 2-17
2017-11-22 10:32:03,048 ERROR k.a.j.t.VariableThroughputTimer: Waiting thread was interrupted
java.lang.InterruptedException: null
	at java.lang.Object.wait(Native Method) ~[?:1.8.0_121]
	at kg.apc.jmeter.timers.VariableThroughputTimer.delay(VariableThroughputTimer.java:78) [jmeter-plugins-tst-2.1.jar:?]
	at org.apache.jmeter.threads.JMeterThread.delay(JMeterThread.java:851) [ApacheJMeter_core.jar:3.3 r1808647]
	at org.apache.jmeter.threads.JMeterThread.executeSamplePackage(JMeterThread.java:480) [ApacheJMeter_core.jar:3.3 r1808647]
	at org.apache.jmeter.threads.JMeterThread.processSampler(JMeterThread.java:424) [ApacheJMeter_core.jar:3.3 r1808647]
	at org.apache.jmeter.threads.JMeterThread.run(JMeterThread.java:255) [ApacheJMeter_core.jar:3.3 r1808647]
	at java.lang.Thread.run(Thread.java:745) [?:1.8.0_121]
2017-11-22 10:32:03,049 WARN o.a.j.t.JMeterThread: Interrupting: Thread Group 2-27 sampler: purchase_2
2017-11-22 10:32:03,049 INFO o.a.j.t.JMeterThread: Thread is done: Thread Group 2-21
2017-11-22 10:32:03,049 INFO o.a.j.t.JMeterThread: Thread finished: Thread Group 2-21
2017-11-22 10:32:03,051 WARN o.a.j.t.JMeterThread: Interrupting: Thread Group 2-2 sampler: reserve_2
2017-11-22 10:32:03,051 INFO o.a.j.t.JMeterThread: Thread is done: Thread Group 2-32
2017-11-22 10:32:03,051 INFO o.a.j.t.JMeterThread: Thread finished: Thread Group 2-32
2017-11-22 10:32:03,051 ERROR k.a.j.t.VariableThroughputTimer: Waiting thread was interrupted
java.lang.InterruptedException: null
	at java.lang.Object.wait(Native Method) ~[?:1.8.0_121]
	at kg.apc.jmeter.timers.VariableThroughputTimer.delay(VariableThroughputTimer.java:78) [jmeter-plugins-tst-2.1.jar:?]
	at org.apache.jmeter.threads.JMeterThread.delay(JMeterThread.java:851) [ApacheJMeter_core.jar:3.3 r1808647]
	at org.apache.jmeter.threads.JMeterThread.executeSamplePackage(JMeterThread.java:480) [ApacheJMeter_core.jar:3.3 r1808647]
	at org.apache.jmeter.threads.JMeterThread.processSampler(JMeterThread.java:424) [ApacheJMeter_core.jar:3.3 r1808647]
	at org.apache.jmeter.threads.JMeterThread.run(JMeterThread.java:255) [ApacheJMeter_core.jar:3.3 r1808647]
	at java.lang.Thread.run(Thread.java:745) [?:1.8.0_121]
2017-11-22 10:32:03,052 WARN o.a.j.t.JMeterThread: Interrupting: Thread Group 2-1 sampler: confirmation_2
2017-11-22 10:32:03,052 WARN o.a.j.t.JMeterThread: Interrupting: Thread Group 2-3 sampler: purchase_2
2017-11-22 10:32:03,053 WARN o.a.j.t.JMeterThread: Interrupting: Thread Group 2-23 sampler: confirmation_2
2017-11-22 10:32:03,053 INFO o.a.j.t.JMeterThread: Thread is done: Thread Group 2-27
2017-11-22 10:32:03,053 INFO o.a.j.t.JMeterThread: Thread finished: Thread Group 2-27
2017-11-22 10:32:03,053 INFO o.a.j.t.JMeterThread: Thread is done: Thread Group 2-2
2017-11-22 10:32:03,053 INFO o.a.j.t.JMeterThread: Thread finished: Thread Group 2-2
2017-11-22 10:32:03,054 INFO o.a.j.t.JMeterThread: Thread is done: Thread Group 2-1
2017-11-22 10:32:03,054 INFO o.a.j.t.JMeterThread: Thread finished: Thread Group 2-1
2017-11-22 10:32:03,054 INFO o.a.j.t.JMeterThread: Thread is done: Thread Group 2-3
2017-11-22 10:32:03,054 INFO o.a.j.t.JMeterThread: Thread finished: Thread Group 2-3
2017-11-22 10:32:03,054 WARN o.a.j.t.JMeterThread: Interrupting: Thread Group 2-18 sampler: reserve_2
2017-11-22 10:32:03,055 WARN o.a.j.t.JMeterThread: Interrupting: Thread Group 2-6 sampler: welcome_2
2017-11-22 10:32:03,056 WARN o.a.j.t.JMeterThread: Interrupting: Thread Group 2-12 sampler: purchase_2
2017-11-22 10:32:03,057 WARN o.a.j.t.JMeterThread: Interrupting: Thread Group 2-16 sampler: confirmation_2
2017-11-22 10:32:03,057 INFO o.a.j.t.JMeterThread: Thread is done: Thread Group 2-18
2017-11-22 10:32:03,057 INFO o.a.j.t.JMeterThread: Thread is done: Thread Group 2-11
2017-11-22 10:32:03,057 INFO o.a.j.t.JMeterThread: Thread finished: Thread Group 2-11
2017-11-22 10:32:03,058 INFO o.a.j.t.JMeterThread: Thread is done: Thread Group 2-23
2017-11-22 10:32:03,058 INFO o.a.j.t.JMeterThread: Thread finished: Thread Group 2-23
2017-11-22 10:32:03,058 INFO o.a.j.t.JMeterThread: Thread finished: Thread Group 2-18
2017-11-22 10:32:03,058 INFO o.a.j.t.JMeterThread: Thread is done: Thread Group 2-12
2017-11-22 10:32:03,059 INFO o.a.j.t.JMeterThread: Thread finished: Thread Group 2-12
2017-11-22 10:32:03,059 INFO o.a.j.t.JMeterThread: Thread is done: Thread Group 2-6
2017-11-22 10:32:03,059 INFO o.a.j.t.JMeterThread: Thread finished: Thread Group 2-6
2017-11-22 10:32:03,059 WARN o.a.j.t.JMeterThread: Interrupting: Thread Group 2-20 sampler: welcome_2
2017-11-22 10:32:03,060 WARN o.a.j.t.JMeterThread: Interrupting: Thread Group 2-14 sampler: confirmation_2
2017-11-22 10:32:03,060 INFO o.a.j.t.JMeterThread: Thread is done: Thread Group 2-16
2017-11-22 10:32:03,060 INFO o.a.j.t.JMeterThread: Thread finished: Thread Group 2-16
2017-11-22 10:32:03,061 ERROR k.a.j.t.VariableThroughputTimer: Waiting thread was interrupted
java.lang.InterruptedException: null
	at java.lang.Object.wait(Native Method) ~[?:1.8.0_121]
	at kg.apc.jmeter.timers.VariableThroughputTimer.delay(VariableThroughputTimer.java:78) [jmeter-plugins-tst-2.1.jar:?]
	at org.apache.jmeter.threads.JMeterThread.delay(JMeterThread.java:851) [ApacheJMeter_core.jar:3.3 r1808647]
	at org.apache.jmeter.threads.JMeterThread.executeSamplePackage(JMeterThread.java:480) [ApacheJMeter_core.jar:3.3 r1808647]
	at org.apache.jmeter.threads.JMeterThread.processSampler(JMeterThread.java:424) [ApacheJMeter_core.jar:3.3 r1808647]
	at org.apache.jmeter.threads.JMeterThread.run(JMeterThread.java:255) [ApacheJMeter_core.jar:3.3 r1808647]
	at java.lang.Thread.run(Thread.java:745) [?:1.8.0_121]
2017-11-22 10:32:03,061 WARN o.a.j.t.JMeterThread: Interrupting: Thread Group 2-7 sampler: welcome_2
2017-11-22 10:32:03,061 INFO o.a.j.t.JMeterThread: Thread is done: Thread Group 2-20
2017-11-22 10:32:03,062 INFO o.a.j.t.JMeterThread: Thread finished: Thread Group 2-20
2017-11-22 10:32:03,062 WARN o.a.j.t.JMeterThread: Interrupting: Thread Group 2-5 sampler: purchase_2
2017-11-22 10:32:03,063 WARN o.a.j.t.JMeterThread: Interrupting: Thread Group 2-8 sampler: confirmation_2
2017-11-22 10:32:03,065 INFO o.a.j.t.JMeterThread: Thread is done: Thread Group 2-14
2017-11-22 10:32:03,065 INFO o.a.j.t.JMeterThread: Thread finished: Thread Group 2-14
2017-11-22 10:32:03,065 INFO o.a.j.t.JMeterThread: Thread is done: Thread Group 2-7
2017-11-22 10:32:03,065 INFO o.a.j.t.JMeterThread: Thread finished: Thread Group 2-7
2017-11-22 10:32:03,066 INFO o.a.j.t.JMeterThread: Thread is done: Thread Group 2-5
2017-11-22 10:32:03,066 INFO o.a.j.t.JMeterThread: Thread finished: Thread Group 2-5
2017-11-22 10:32:03,066 INFO o.a.j.t.JMeterThread: Thread is done: Thread Group 2-8
2017-11-22 10:32:03,066 INFO o.a.j.t.JMeterThread: Thread finished: Thread Group 2-8
2017-11-22 10:32:03,237 INFO o.a.j.t.JMeterThread: Thread is done: Thread Group 1-6
2017-11-22 10:32:03,237 INFO o.a.j.t.JMeterThread: Thread finished: Thread Group 1-6
2017-11-22 10:32:03,238 INFO o.a.j.e.StandardJMeterEngine: Notifying test listeners of end of test
2017-11-22 10:32:03,241 INFO o.a.j.e.StandardJMeterEngine: Forced JVM shutdown requested at end of test
