[2017-12-01 17:50:41,759 INFO root] Taurus CLI Tool v1.9.6
[2017-12-01 17:50:41,759 DEBUG root] Command-line options: {'verbose': None, 'no_system_configs': None, 'quiet': None, 'log': '/var/folders/vq/xzrdy2lx047cst78f69v8z3xfzqz1q/T/bzt_p5HX5E.log', 'option': None, 'aliases': []}
[2017-12-01 17:50:41,760 DEBUG root] Python: CPython 2.7.13
[2017-12-01 17:50:41,760 DEBUG root] OS: ('Darwin', 'daper01mac1124', '17.2.0', 'Darwin Kernel Version 17.2.0: Fri Sep 29 18:27:05 PDT 2017; root:xnu-4570.20.62~3/RELEASE_X86_64', 'x86_64', 'i386')
[2017-12-01 17:50:41,760 INFO root] Starting with configs: ['python_Selenium.yml']
[2017-12-01 17:50:41,760 DEBUG root] Using personal config: /Users/daper01/.bzt-rc
[2017-12-01 17:50:41,760 INFO Engine] Configuring...
[2017-12-01 17:50:41,760 DEBUG Engine] Reading extension configs from: /usr/local/etc/bzt.d
[2017-12-01 17:50:41,760 DEBUG Engine.Configuration] Configs: ['/usr/local/lib/python2.7/site-packages/bzt/resources/base-config.yml', '/usr/local/etc/bzt.d/99-installID.yml']
[2017-12-01 17:50:41,761 DEBUG Engine.Configuration] Reading /usr/local/lib/python2.7/site-packages/bzt/resources/base-config.yml as YAML
[2017-12-01 17:50:41,817 DEBUG Engine.Configuration] Reading /usr/local/etc/bzt.d/99-installID.yml as YAML
[2017-12-01 17:50:41,817 DEBUG Engine.Configuration] Configs: ['/Users/daper01/.bzt-rc', 'python_Selenium.yml']
[2017-12-01 17:50:41,818 DEBUG Engine.Configuration] Reading /Users/daper01/.bzt-rc as YAML
[2017-12-01 17:50:41,819 DEBUG Engine.Configuration] Reading python_Selenium.yml as YAML
[2017-12-01 17:50:41,821 DEBUG Engine.Configuration] Configs: ['/Users/daper01/.bzt-rc', 'python_Selenium.yml']
[2017-12-01 17:50:41,821 DEBUG Engine.Configuration] Reading /Users/daper01/.bzt-rc as YAML
[2017-12-01 17:50:41,822 DEBUG Engine.Configuration] Reading python_Selenium.yml as YAML
[2017-12-01 17:50:41,847 DEBUG Engine] Requesting updates info: http://gettaurus.org/updates/?version=1.9.6&installID=784f43782a15
[2017-12-01 17:50:41,853 INFO Engine] Artifacts dir: /Users/daper01/Documents/OSLo/Selenium/2017-12-01_17-50-41.847710
[2017-12-01 17:50:41,857 DEBUG Engine] New artifact filename: /Users/daper01/Documents/OSLo/Selenium/2017-12-01_17-50-41.847710/effective
[2017-12-01 17:50:41,860 DEBUG Engine.Configuration] Dumping YAML config into /Users/daper01/Documents/OSLo/Selenium/2017-12-01_17-50-41.847710/effective.yml
[2017-12-01 17:50:41,895 DEBUG Engine.Configuration] Dumping JSON config into /Users/daper01/Documents/OSLo/Selenium/2017-12-01_17-50-41.847710/effective.json
[2017-12-01 17:50:41,896 DEBUG Engine] New artifact filename: /Users/daper01/Documents/OSLo/Selenium/2017-12-01_17-50-41.847710/merged.yml
[2017-12-01 17:50:41,897 DEBUG Engine.Configuration] Dumping YAML config into /Users/daper01/Documents/OSLo/Selenium/2017-12-01_17-50-41.847710/merged.yml
[2017-12-01 17:50:41,900 DEBUG Engine] New artifact filename: /Users/daper01/Documents/OSLo/Selenium/2017-12-01_17-50-41.847710/merged.json
[2017-12-01 17:50:41,901 DEBUG Engine.Configuration] Dumping JSON config into /Users/daper01/Documents/OSLo/Selenium/2017-12-01_17-50-41.847710/merged.json
[2017-12-01 17:50:41,901 DEBUG Engine] Add existing artifact (move=False): python_Selenium.yml
[2017-12-01 17:50:41,902 DEBUG Engine] Copying python_Selenium.yml to /Users/daper01/Documents/OSLo/Selenium/2017-12-01_17-50-41.847710/python_Selenium.yml
[2017-12-01 17:50:41,903 DEBUG root] Closing log handler: /var/folders/vq/xzrdy2lx047cst78f69v8z3xfzqz1q/T/bzt_p5HX5E.log
[2017-12-01 17:50:42,255 DEBUG root] Switched writing logs to /Users/daper01/Documents/OSLo/Selenium/2017-12-01_17-50-41.847710/bzt.log
[2017-12-01 17:50:42,255 INFO Engine] Preparing...
[2017-12-01 17:50:42,256 DEBUG Engine] Module config: consolidator defaultdict(None, {'class': 'bzt.modules.aggregator.ConsolidatingAggregator'})
[2017-12-01 17:50:42,256 DEBUG root] Importing module: bzt.modules.aggregator
[2017-12-01 17:50:42,263 DEBUG root] Loading class: 'ConsolidatingAggregator' from <module 'bzt.modules.aggregator' from '/usr/local/lib/python2.7/site-packages/bzt/modules/aggregator.pyc'>
[2017-12-01 17:50:42,264 DEBUG Engine] Taurus updates info: {"latest":"1.10.3","needsUpgrade":true}
[2017-12-01 17:50:42,264 DEBUG Engine.consolidator] Exception in dehumanize_time(inf)
[2017-12-01 17:50:42,265 WARNING Engine] There is newer version of Taurus 1.10.3 available, consider upgrading. What's new: http://gettaurus.org/docs/Changelog/
[2017-12-01 17:50:42,265 DEBUG Engine.consolidator] Buffer scaling setup: percentile 95.0 from [0.0, 50.0, 90.0, 95.0, 99.0, 99.9, 100.0] selected
[2017-12-01 17:50:42,266 DEBUG Engine] Module config: monitoring defaultdict(None, {'class': 'bzt.modules.monitoring.Monitoring'})
[2017-12-01 17:50:42,266 DEBUG root] Importing module: bzt.modules.monitoring
[2017-12-01 17:50:42,358 DEBUG root] Loading class: 'Monitoring' from <module 'bzt.modules.monitoring' from '/usr/local/lib/python2.7/site-packages/bzt/modules/monitoring.pyc'>
[2017-12-01 17:50:42,358 DEBUG Engine] Module config: capturehar defaultdict(None, {'class': 'bzt.modules.blazemeter.ServiceStubCaptureHAR'})
[2017-12-01 17:50:42,358 DEBUG root] Importing module: bzt.modules.blazemeter
[2017-12-01 17:50:42,438 DEBUG easyprocess] version=0.2.3
[2017-12-01 17:50:42,441 DEBUG pyvirtualdisplay] version=0.2.1
[2017-12-01 17:50:42,443 DEBUG root] Loading class: 'ServiceStubCaptureHAR' from <module 'bzt.modules.blazemeter' from '/usr/local/lib/python2.7/site-packages/bzt/modules/blazemeter.pyc'>
[2017-12-01 17:50:42,443 DEBUG Engine] Module config: local defaultdict(None, {'class': 'bzt.modules.provisioning.Local'})
[2017-12-01 17:50:42,443 DEBUG root] Importing module: bzt.modules.provisioning
[2017-12-01 17:50:42,443 DEBUG root] Loading class: 'Local' from <module 'bzt.modules.provisioning' from '/usr/local/lib/python2.7/site-packages/bzt/modules/provisioning.pyc'>
[2017-12-01 17:50:42,443 DEBUG Engine] Module config: selenium defaultdict(None, {'class': 'bzt.modules.selenium.SeleniumExecutor'})
[2017-12-01 17:50:42,443 DEBUG root] Importing module: bzt.modules.selenium
[2017-12-01 17:50:42,444 DEBUG root] Loading class: 'SeleniumExecutor' from <module 'bzt.modules.selenium' from '/usr/local/lib/python2.7/site-packages/bzt/modules/selenium.pyc'>
[2017-12-01 17:50:42,444 DEBUG Engine.local] Preparing executor: selenium/4347885008
[2017-12-01 17:50:42,445 DEBUG Engine.selenium] Using script type: nose
[2017-12-01 17:50:42,445 DEBUG Engine] Module config: nose defaultdict(None, {'class': 'bzt.modules.python.NoseTester'})
[2017-12-01 17:50:42,445 DEBUG root] Importing module: bzt.modules.python
[2017-12-01 17:50:42,465 DEBUG root] Loading class: 'NoseTester' from <module 'bzt.modules.python' from '/usr/local/lib/python2.7/site-packages/bzt/modules/python.pyc'>
[2017-12-01 17:50:42,465 DEBUG Engine.nose.TclLibrary] We don't need to check tcl library on this platform
[2017-12-01 17:50:42,465 DEBUG Engine.nose] Extract defaultdict(None, {'script': './blazeDemo_Selenium_with_unit_chrome.py'}) into scenarios
[2017-12-01 17:50:42,465 DEBUG Engine] New artifact filename: /Users/daper01/Documents/OSLo/Selenium/2017-12-01_17-50-41.847710/NoseTester.ldjson
[2017-12-01 17:50:42,466 DEBUG Engine] Module config: final-stats defaultdict(None, {'class': 'bzt.modules.reporting.FinalStatus'})
[2017-12-01 17:50:42,466 DEBUG root] Importing module: bzt.modules.reporting
[2017-12-01 17:50:42,467 DEBUG root] Loading class: 'FinalStatus' from <module 'bzt.modules.reporting' from '/usr/local/lib/python2.7/site-packages/bzt/modules/reporting.pyc'>
[2017-12-01 17:50:42,467 DEBUG Engine] Module config: console defaultdict(None, {'class': 'bzt.modules.console.ConsoleStatusReporter'})
[2017-12-01 17:50:42,467 DEBUG root] Importing module: bzt.modules.console
[2017-12-01 17:50:42,467 DEBUG root] Loading class: 'ConsoleStatusReporter' from <module 'bzt.modules.console' from '/usr/local/lib/python2.7/site-packages/bzt/modules/console.pyc'>
[2017-12-01 17:50:42,478 DEBUG Engine.Configuration] Dumping YAML config into /Users/daper01/Documents/OSLo/Selenium/2017-12-01_17-50-41.847710/effective.yml
[2017-12-01 17:50:42,513 DEBUG Engine.Configuration] Dumping JSON config into /Users/daper01/Documents/OSLo/Selenium/2017-12-01_17-50-41.847710/effective.json
[2017-12-01 17:50:42,514 INFO Engine] Starting...
[2017-12-01 17:50:42,514 DEBUG Engine] Startup <bzt.modules.monitoring.Monitoring object at 0x1026ed790>
[2017-12-01 17:50:42,515 DEBUG Engine] Startup <bzt.modules.blazemeter.ServiceStubCaptureHAR object at 0x10303c790>
[2017-12-01 17:50:42,515 WARNING Engine.capturehar] Stub for service 'capturehar', use cloud provisioning to have it working
[2017-12-01 17:50:42,515 DEBUG Engine] Startup <bzt.modules.aggregator.ConsolidatingAggregator object at 0x10270a910>
[2017-12-01 17:50:42,515 DEBUG Engine] Startup <bzt.modules.reporting.FinalStatus object at 0x1033586d0>
[2017-12-01 17:50:42,515 DEBUG Engine] Startup <bzt.modules.console.ConsoleStatusReporter object at 0x1033682d0>
[2017-12-01 17:50:42,516 INFO Engine.console] Waiting for results...
[2017-12-01 17:50:42,516 DEBUG Engine] Startup <bzt.modules.provisioning.Local object at 0x1026ed650>
[2017-12-01 17:50:42,516 DEBUG Engine.local] Delay setup for selenium/4347885008: 0(start-at) + 0(delay) = 0
[2017-12-01 17:50:42,519 DEBUG Engine.Configuration] Dumping YAML config into /Users/daper01/Documents/OSLo/Selenium/2017-12-01_17-50-41.847710/effective.yml
[2017-12-01 17:50:42,558 DEBUG Engine.Configuration] Dumping JSON config into /Users/daper01/Documents/OSLo/Selenium/2017-12-01_17-50-41.847710/effective.json
[2017-12-01 17:50:42,560 DEBUG root] Leveling down log file verbosity, use -v option to have DEBUG messages enabled
[2017-12-01 17:50:42,781 INFO Engine.console] Waiting for finish...
[2017-12-01 17:51:12,651 INFO LoadSamplesReader] Changed data analysis delay to 29s
[2017-12-01 17:51:49,850 WARNING Engine] Please wait for graceful shutdown...
[2017-12-01 17:51:49,862 DEBUG root] Leveled up log file verbosity
[2017-12-01 17:51:49,862 INFO Engine] Shutting down...
[2017-12-01 17:51:49,879 DEBUG Engine.local] Shutdown selenium/4347885008
[2017-12-01 17:51:49,879 DEBUG Engine.selenium] Selenium tests ran for 67.3193330765 seconds
[2017-12-01 17:51:49,880 DEBUG Engine.console] Restoring logging streams, [<logging.StreamHandler object at 0x101c25690>]/{<logging.StreamHandler object at 0x101c25690>: <open file '<stdout>', mode 'w' at 0x100c3a150>}
[2017-12-01 17:51:49,884 DEBUG Engine.Configuration] Dumping YAML config into /Users/daper01/Documents/OSLo/Selenium/2017-12-01_17-50-41.847710/effective.yml
[2017-12-01 17:51:49,936 DEBUG Engine.Configuration] Dumping JSON config into /Users/daper01/Documents/OSLo/Selenium/2017-12-01_17-50-41.847710/effective.json
[2017-12-01 17:51:49,938 INFO Engine] Post-processing...
[2017-12-01 17:51:49,939 DEBUG Engine.local] Post-process selenium/4347885008
[2017-12-01 17:51:49,939 DEBUG LoadSamplesReader] Buffer len: 3
[2017-12-01 17:51:49,939 DEBUG LoadSamplesReader] Aggregating: 1512168673
[2017-12-01 17:51:49,940 DEBUG LoadSamplesReader] Aggregating: 1512168685
[2017-12-01 17:51:49,941 DEBUG LoadSamplesReader] Aggregating: 1512168696
[2017-12-01 17:51:49,943 DEBUG Engine.consolidator] Consolidator buffer[4]: [1512168696, 1512168673, 1512168659, 1512168685]
[2017-12-01 17:51:49,943 DEBUG Engine.consolidator] Merging into 1512168659
[2017-12-01 17:51:49,943 DEBUG Engine.consolidator] Merging 1512168659
[2017-12-01 17:51:49,949 DEBUG Engine.consolidator] Processed datapoint: 1512168659/None
[2017-12-01 17:51:49,951 DEBUG Engine.consolidator] Merging into 1512168673
[2017-12-01 17:51:50,012 DEBUG Engine.consolidator] Merging 1512168673
[2017-12-01 17:51:50,015 DEBUG Engine.consolidator] Processed datapoint: 1512168673/None
[2017-12-01 17:51:50,016 DEBUG Engine.consolidator] Merging into 1512168685
[2017-12-01 17:51:50,016 DEBUG Engine.consolidator] Merging 1512168685
[2017-12-01 17:51:50,019 DEBUG Engine.consolidator] Processed datapoint: 1512168685/None
[2017-12-01 17:51:50,019 DEBUG Engine.consolidator] Merging into 1512168696
[2017-12-01 17:51:50,019 DEBUG Engine.consolidator] Merging 1512168696
[2017-12-01 17:51:50,023 DEBUG Engine.consolidator] Processed datapoint: 1512168696/None
[2017-12-01 17:51:50,023 INFO Engine.final-stats] Test duration: 0:01:07
[2017-12-01 17:51:50,023 INFO Engine.final-stats] Samples count: 5, 0.00% failures
[2017-12-01 17:51:50,023 INFO Engine.final-stats] Average times: total 11.640, latency 0.000, connect 0.000
[2017-12-01 17:51:50,023 INFO Engine.final-stats] Percentile 0.0%: 9.949
[2017-12-01 17:51:50,024 INFO Engine.final-stats] Percentile 50.0%: 10.559
[2017-12-01 17:51:50,024 INFO Engine.final-stats] Percentile 90.0%: 14.736
[2017-12-01 17:51:50,024 INFO Engine.final-stats] Percentile 95.0%: 14.736
[2017-12-01 17:51:50,024 INFO Engine.final-stats] Percentile 99.0%: 14.736
[2017-12-01 17:51:50,024 INFO Engine.final-stats] Percentile 99.9%: 14.736
[2017-12-01 17:51:50,025 INFO Engine.final-stats] Percentile 100.0%: 14.736
[2017-12-01 17:51:50,025 DEBUG Engine.console] No logger_handler or orig_stream was detected
[2017-12-01 17:51:50,028 DEBUG Engine.Configuration] Dumping YAML config into /Users/daper01/Documents/OSLo/Selenium/2017-12-01_17-50-41.847710/effective.yml
[2017-12-01 17:51:50,133 DEBUG Engine.Configuration] Dumping JSON config into /Users/daper01/Documents/OSLo/Selenium/2017-12-01_17-50-41.847710/effective.json
[2017-12-01 17:51:50,135 INFO root] Artifacts dir: /Users/daper01/Documents/OSLo/Selenium/2017-12-01_17-50-41.847710
[2017-12-01 17:51:50,136 INFO root] Done performing with code: 0
[2017-12-01 17:51:50,136 DEBUG root] Closing log handler: /Users/daper01/Documents/OSLo/Selenium/2017-12-01_17-50-41.847710/bzt.log
