[2017-12-07 08:28:43,047 INFO root] Taurus CLI Tool v1.9.6
[2017-12-07 08:28:43,047 DEBUG root] Command-line options: {'verbose': None, 'no_system_configs': None, 'quiet': None, 'log': '/var/folders/vq/xzrdy2lx047cst78f69v8z3xfzqz1q/T/bzt_OGcBHv.log', 'option': None, 'aliases': []}
[2017-12-07 08:28:43,047 DEBUG root] Python: CPython 2.7.13
[2017-12-07 08:28:43,047 DEBUG root] OS: ('Darwin', 'daper01mac1124', '17.2.0', 'Darwin Kernel Version 17.2.0: Fri Sep 29 18:27:05 PDT 2017; root:xnu-4570.20.62~3/RELEASE_X86_64', 'x86_64', 'i386')
[2017-12-07 08:28:43,047 INFO root] Starting with configs: ['load_scenario_from_csv.yml', 'execution_jmeter.yml']
[2017-12-07 08:28:43,047 DEBUG root] Using personal config: /Users/daper01/.bzt-rc
[2017-12-07 08:28:43,048 INFO Engine] Configuring...
[2017-12-07 08:28:43,048 DEBUG Engine] Reading extension configs from: /usr/local/etc/bzt.d
[2017-12-07 08:28:43,048 DEBUG Engine.Configuration] Configs: ['/usr/local/lib/python2.7/site-packages/bzt/resources/base-config.yml', '/usr/local/etc/bzt.d/99-installID.yml']
[2017-12-07 08:28:43,048 DEBUG Engine.Configuration] Reading /usr/local/lib/python2.7/site-packages/bzt/resources/base-config.yml as YAML
[2017-12-07 08:28:43,073 DEBUG Engine.Configuration] Reading /usr/local/etc/bzt.d/99-installID.yml as YAML
[2017-12-07 08:28:43,073 DEBUG Engine.Configuration] Configs: ['/Users/daper01/.bzt-rc', 'load_scenario_from_csv.yml', 'execution_jmeter.yml']
[2017-12-07 08:28:43,074 DEBUG Engine.Configuration] Reading /Users/daper01/.bzt-rc as YAML
[2017-12-07 08:28:43,075 DEBUG Engine.Configuration] Reading load_scenario_from_csv.yml as YAML
[2017-12-07 08:28:43,080 DEBUG Engine.Configuration] Reading execution_jmeter.yml as YAML
[2017-12-07 08:28:43,085 DEBUG Engine.Configuration] Configs: ['/Users/daper01/.bzt-rc', 'load_scenario_from_csv.yml', 'execution_jmeter.yml']
[2017-12-07 08:28:43,085 DEBUG Engine.Configuration] Reading /Users/daper01/.bzt-rc as YAML
[2017-12-07 08:28:43,086 DEBUG Engine.Configuration] Reading load_scenario_from_csv.yml as YAML
[2017-12-07 08:28:43,090 DEBUG Engine.Configuration] Reading execution_jmeter.yml as YAML
[2017-12-07 08:28:43,107 DEBUG Engine] Requesting updates info: http://gettaurus.org/updates/?version=1.9.6&installID=784f43782a15
[2017-12-07 08:28:43,112 INFO Engine] Artifacts dir: /Users/daper01/Documents/OSLo/artifacts/2017-12-07_08-28-43.107377
[2017-12-07 08:28:43,114 DEBUG Engine] New artifact filename: /Users/daper01/Documents/OSLo/artifacts/2017-12-07_08-28-43.107377/effective
[2017-12-07 08:28:43,117 DEBUG Engine.Configuration] Dumping YAML config into /Users/daper01/Documents/OSLo/artifacts/2017-12-07_08-28-43.107377/effective.yml
[2017-12-07 08:28:43,146 DEBUG Engine.Configuration] Dumping JSON config into /Users/daper01/Documents/OSLo/artifacts/2017-12-07_08-28-43.107377/effective.json
[2017-12-07 08:28:43,148 DEBUG Engine] New artifact filename: /Users/daper01/Documents/OSLo/artifacts/2017-12-07_08-28-43.107377/merged.yml
[2017-12-07 08:28:43,148 DEBUG Engine.Configuration] Dumping YAML config into /Users/daper01/Documents/OSLo/artifacts/2017-12-07_08-28-43.107377/merged.yml
[2017-12-07 08:28:43,157 DEBUG Engine] New artifact filename: /Users/daper01/Documents/OSLo/artifacts/2017-12-07_08-28-43.107377/merged.json
[2017-12-07 08:28:43,158 DEBUG Engine.Configuration] Dumping JSON config into /Users/daper01/Documents/OSLo/artifacts/2017-12-07_08-28-43.107377/merged.json
[2017-12-07 08:28:43,159 DEBUG Engine] Add existing artifact (move=False): load_scenario_from_csv.yml
[2017-12-07 08:28:43,159 DEBUG Engine] Copying load_scenario_from_csv.yml to /Users/daper01/Documents/OSLo/artifacts/2017-12-07_08-28-43.107377/load_scenario_from_csv.yml
[2017-12-07 08:28:43,159 DEBUG Engine] Add existing artifact (move=False): execution_jmeter.yml
[2017-12-07 08:28:43,160 DEBUG Engine] Copying execution_jmeter.yml to /Users/daper01/Documents/OSLo/artifacts/2017-12-07_08-28-43.107377/execution_jmeter.yml
[2017-12-07 08:28:43,160 DEBUG root] Closing log handler: /var/folders/vq/xzrdy2lx047cst78f69v8z3xfzqz1q/T/bzt_OGcBHv.log
[2017-12-07 08:28:43,178 DEBUG root] Switched writing logs to /Users/daper01/Documents/OSLo/artifacts/2017-12-07_08-28-43.107377/bzt.log
[2017-12-07 08:28:43,178 INFO Engine] Preparing...
[2017-12-07 08:28:43,178 DEBUG Engine] Module config: consolidator defaultdict(None, {'class': 'bzt.modules.aggregator.ConsolidatingAggregator'})
[2017-12-07 08:28:43,178 DEBUG root] Importing module: bzt.modules.aggregator
[2017-12-07 08:28:43,188 DEBUG root] Loading class: 'ConsolidatingAggregator' from <module 'bzt.modules.aggregator' from '/usr/local/lib/python2.7/site-packages/bzt/modules/aggregator.pyc'>
[2017-12-07 08:28:43,189 DEBUG Engine.consolidator] Exception in dehumanize_time(inf)
[2017-12-07 08:28:43,189 DEBUG Engine.consolidator] Buffer scaling setup: percentile 95.0 from [0.0, 50.0, 90.0, 95.0, 99.0, 99.9, 100.0] selected
[2017-12-07 08:28:43,189 DEBUG Engine] Module config: monitoring defaultdict(None, {'class': 'bzt.modules.monitoring.Monitoring'})
[2017-12-07 08:28:43,189 DEBUG root] Importing module: bzt.modules.monitoring
[2017-12-07 08:28:43,237 DEBUG root] Loading class: 'Monitoring' from <module 'bzt.modules.monitoring' from '/usr/local/lib/python2.7/site-packages/bzt/modules/monitoring.pyc'>
[2017-12-07 08:28:43,237 DEBUG Engine] Module config: local defaultdict(None, {'class': 'bzt.modules.provisioning.Local'})
[2017-12-07 08:28:43,237 DEBUG root] Importing module: bzt.modules.provisioning
[2017-12-07 08:28:43,237 DEBUG root] Loading class: 'Local' from <module 'bzt.modules.provisioning' from '/usr/local/lib/python2.7/site-packages/bzt/modules/provisioning.pyc'>
[2017-12-07 08:28:43,238 DEBUG Engine] Module config: jmeter defaultdict(None, {'properties': defaultdict(None, {'jmeter.save.saveservice.autoflush': 'true', 'summariser.name': '', 'jmeter.save.saveservice.connect_time': 'true', 'mode': 'Stripped', 'jmeterengine.force.system.exit': 'true'}), 'class': 'bzt.modules.jmeter.JMeterExecutor', 'plugins': ['jpgc-casutg', 'jpgc-dummy', 'jpgc-ffw', 'jpgc-fifo', 'jpgc-functions', 'jpgc-json', 'jpgc-perfmon', 'jpgc-prmctl', 'jpgc-tst']})
[2017-12-07 08:28:43,238 DEBUG root] Importing module: bzt.modules.jmeter
[2017-12-07 08:28:43,261 DEBUG root] Loading class: 'JMeterExecutor' from <module 'bzt.modules.jmeter' from '/usr/local/lib/python2.7/site-packages/bzt/modules/jmeter.pyc'>
[2017-12-07 08:28:43,261 DEBUG Engine.local] Preparing executor: jmeter/4540087888
[2017-12-07 08:28:43,261 DEBUG Engine] New artifact filename: /Users/daper01/Documents/OSLo/artifacts/2017-12-07_08-28-43.107377/jmeter.log
[2017-12-07 08:28:43,261 DEBUG Engine.jmeter] Checking if port 4445 is free
[2017-12-07 08:28:43,262 DEBUG Engine.jmeter] Port 4445 is free
[2017-12-07 08:28:43,262 DEBUG Engine.jmeter] Using port 4445 for management
[2017-12-07 08:28:43,262 DEBUG Engine.jmeter.JavaVM] Trying JavaVM: ['java', '-version']
[2017-12-07 08:28:43,736 DEBUG Engine] Taurus updates info: {"latest":"1.10.3","needsUpgrade":true}
[2017-12-07 08:28:43,737 WARNING Engine] There is newer version of Taurus 1.10.3 available, consider upgrading. What's new: http://gettaurus.org/docs/Changelog/
[2017-12-07 08:28:43,851 DEBUG Engine.jmeter.JavaVM] JavaVM output: java version "1.8.0_121"
Java(TM) SE Runtime Environment (build 1.8.0_121-b13)
Java HotSpot(TM) 64-Bit Server VM (build 25.121-b13, mixed mode)

[2017-12-07 08:28:43,851 DEBUG Engine.jmeter.TclLibrary] We don't need to check tcl library on this platform
[2017-12-07 08:28:43,851 DEBUG Engine.jmeter.JMeter] Trying jmeter: /Users/daper01/.bzt/jmeter-taurus/3.3/bin/jmeter.sh
[2017-12-07 08:28:43,851 DEBUG bzt.utils] Executing shell: ['/Users/daper01/.bzt/jmeter-taurus/3.3/bin/jmeter.sh', '-j', '/var/folders/vq/xzrdy2lx047cst78f69v8z3xfzqz1q/T/jmeterADCkQMlog', '--version']
[2017-12-07 08:28:45,917 DEBUG Engine.jmeter.JMeter] JMeter check:     _    ____   _    ____ _   _ _____       _ __  __ _____ _____ _____ ____     
   / \  |  _ \ / \  / ___| | | | ____|     | |  \/  | ____|_   _| ____|  _ \   
  / _ \ | |_) / _ \| |   | |_| |  _|    _  | | |\/| |  _|   | | |  _| | |_) | 
 / ___ \|  __/ ___ \ |___|  _  | |___  | |_| | |  | | |___  | | | |___|  _ <  
/_/   \_\_| /_/   \_\____|_| |_|_____|  \___/|_|  |_|_____| |_| |_____|_| \_\ 3.3 r1808647  

Copyright (c) 1999-2017 The Apache Software Foundation

 / None
[2017-12-07 08:28:45,918 DEBUG Engine] New artifact filename: /Users/daper01/Documents/OSLo/artifacts/2017-12-07_08-28-43.107377/requests.jmx
[2017-12-07 08:28:45,931 DEBUG JMeterScenarioBuilder] Saving JMX to: /Users/daper01/Documents/OSLo/artifacts/2017-12-07_08-28-43.107377/requests.jmx
[2017-12-07 08:28:45,935 DEBUG bzt.utils] Executing shell: ['/Users/daper01/.bzt/jmeter-taurus/3.3/bin/PluginsManagerCMD.sh', 'install-for-jmx', '/Users/daper01/Documents/OSLo/artifacts/2017-12-07_08-28-43.107377/requests.jmx']
[2017-12-07 08:28:49,025 DEBUG Engine.jmeter.JMeter] Try to detect plugins for /Users/daper01/Documents/OSLo/artifacts/2017-12-07_08-28-43.107377/requests.jmx
08:28:47.755 [main] INFO  org.jmeterplugins.repository.PluginManager - Plugins Status: [jpgc-functions=2.0, jpgc-casutg=2.1, jpgc-dummy=0.2, jpgc-ffw=2.0, jpgc-fifo=0.2, jpgc-json=2.6, jpgc-prmctl=0.3, jpgc-perfmon=2.1, jpgc-plugins-manager=0.16, jpgc-tst=2.1, jmeter-core=3.3, jmeter-ftp=3.3, jmeter-http=3.3, jmeter-jdbc=3.3, jmeter-jms=3.3, jmeter-junit=3.3, jmeter-java=3.3, jmeter-ldap=3.3, jmeter-mail=3.3, jmeter-mongodb=3.3, jmeter-native=3.3, jmeter-tcp=3.3, jmeter-components=3.3]
2017-12-07 08:28:47,755 INFO o.j.r.PluginManager: Plugins Status: [jpgc-functions=2.0, jpgc-casutg=2.1, jpgc-dummy=0.2, jpgc-ffw=2.0, jpgc-fifo=0.2, jpgc-json=2.6, jpgc-prmctl=0.3, jpgc-perfmon=2.1, jpgc-plugins-manager=0.16, jpgc-tst=2.1, jmeter-core=3.3, jmeter-ftp=3.3, jmeter-http=3.3, jmeter-jdbc=3.3, jmeter-jms=3.3, jmeter-junit=3.3, jmeter-java=3.3, jmeter-ldap=3.3, jmeter-mail=3.3, jmeter-mongodb=3.3, jmeter-native=3.3, jmeter-tcp=3.3, jmeter-components=3.3]
08:28:48.267 [main] INFO  org.apache.jmeter.save.SaveService - Testplan (JMX) version: 2.2. Testlog (JTL) version: 2.2
2017-12-07 08:28:48,267 INFO o.a.j.s.SaveService: Testplan (JMX) version: 2.2. Testlog (JTL) version: 2.2
08:28:48.287 [main] INFO  org.apache.jmeter.save.SaveService - Using SaveService properties file encoding UTF-8
2017-12-07 08:28:48,287 INFO o.a.j.s.SaveService: Using SaveService properties file encoding UTF-8
08:28:48.294 [main] INFO  org.apache.jmeter.save.SaveService - Using SaveService properties version 3.2
2017-12-07 08:28:48,294 INFO o.a.j.s.SaveService: Using SaveService properties version 3.2
08:28:48.429 [main] INFO  org.apache.jmeter.protocol.http.control.CacheManager - Will only cache the following methods: [GET]
2017-12-07 08:28:48,429 INFO o.a.j.p.h.c.CacheManager: Will only cache the following methods: [GET]
08:28:48.433 [main] INFO  org.apache.jmeter.protocol.http.control.CookieManager - Settings: Delete null: true Check: true Allow variable: true Save: false Prefix: COOKIE_
2017-12-07 08:28:48,433 INFO o.a.j.p.h.c.CookieManager: Settings: Delete null: true Check: true Allow variable: true Save: false Prefix: COOKIE_
08:28:48.616 [main] INFO  org.jmeterplugins.repository.PluginManager - Restarting JMeter...
2017-12-07 08:28:48,616 INFO o.j.r.PluginManager: Restarting JMeter...
08:28:48.618 [Thread-1] INFO  org.jmeterplugins.repository.PluginManager - Starting JMeter Plugins modifications
2017-12-07 08:28:48,618 INFO o.j.r.PluginManager: Starting JMeter Plugins modifications

ERROR StatusLogger No log4j2 configuration file found. Using default configuration: logging only errors to the console. Set system property 'org.apache.logging.log4j.simplelog.StatusLogger.level' to TRACE to show Log4j2 internal initialization logging.

[2017-12-07 08:28:49,025 DEBUG Engine.jmeter] Load: LoadSpec(concurrency=50, throughput=None, ramp_up=30.0, hold=120.0, iterations=0, duration=150.0, steps=None)
[2017-12-07 08:28:49,039 DEBUG Engine.jmeter.LoadSettingsProcessor.ThreadGroupHandler] Converting ThreadGroup (blazedemo) to ConcurrencyThreadGroup and apply load parameters
[2017-12-07 08:28:49,040 DEBUG Engine] New artifact filename: /Users/daper01/Documents/OSLo/artifacts/2017-12-07_08-28-43.107377/kpi.jtl
[2017-12-07 08:28:49,041 DEBUG Engine] New artifact filename: /Users/daper01/Documents/OSLo/artifacts/2017-12-07_08-28-43.107377/error.jtl
[2017-12-07 08:28:49,041 DEBUG Engine] New artifact filename: /Users/daper01/Documents/OSLo/artifacts/2017-12-07_08-28-43.107377/modified_requests.jmx
[2017-12-07 08:28:49,042 DEBUG JMX] Saving JMX to: /Users/daper01/Documents/OSLo/artifacts/2017-12-07_08-28-43.107377/modified_requests.jmx
[2017-12-07 08:28:49,043 DEBUG Engine.jmeter] Additional properties: defaultdict(None, {'jmeter.save.saveservice.autoflush': 'true', 'jmeter.save.saveservice.connect_time': 'true', 'user.classpath': '/Users/daper01/Documents/OSLo/artifacts/2017-12-07_08-28-43.107377', 'sampleresult.default.encoding': 'UTF-8', 'summariser.name': '', 'jmeterengine.force.system.exit': 'true', 'jmeter.save.saveservice.timestamp_format': 'ms', 'mode': 'Stripped', 'jmeterengine.nongui.maxport': 4445, 'jmeterengine.nongui.port': 4445})
[2017-12-07 08:28:49,043 DEBUG Engine] New artifact filename: /Users/daper01/Documents/OSLo/artifacts/2017-12-07_08-28-43.107377/jmeter-bzt.properties
[2017-12-07 08:28:49,044 DEBUG Engine.jmeter] Additional system properties defaultdict(None, {'sun.net.inetaddr.ttl': 0})
[2017-12-07 08:28:49,044 DEBUG Engine] New artifact filename: /Users/daper01/Documents/OSLo/artifacts/2017-12-07_08-28-43.107377/system.properties
[2017-12-07 08:28:49,044 DEBUG Engine] New artifact filename: /Users/daper01/Documents/OSLo/artifacts/2017-12-07_08-28-43.107377/jmeter.out
[2017-12-07 08:28:49,044 DEBUG Engine] New artifact filename: /Users/daper01/Documents/OSLo/artifacts/2017-12-07_08-28-43.107377/jmeter.err
[2017-12-07 08:28:49,045 DEBUG Engine.local] Preparing executor: jmeter/4540087952
[2017-12-07 08:28:49,045 DEBUG Engine] New artifact filename: /Users/daper01/Documents/OSLo/artifacts/2017-12-07_08-28-43.107377/jmeter-1.log
[2017-12-07 08:28:49,045 DEBUG Engine.jmeter] Checking if port 4446 is free
[2017-12-07 08:28:49,046 DEBUG Engine.jmeter] Port 4446 is free
[2017-12-07 08:28:49,046 DEBUG Engine.jmeter] Using port 4446 for management
[2017-12-07 08:28:49,046 DEBUG Engine.jmeter.JavaVM] Trying JavaVM: ['java', '-version']
[2017-12-07 08:28:49,142 DEBUG Engine.jmeter.JavaVM] JavaVM output: java version "1.8.0_121"
Java(TM) SE Runtime Environment (build 1.8.0_121-b13)
Java HotSpot(TM) 64-Bit Server VM (build 25.121-b13, mixed mode)

[2017-12-07 08:28:49,142 DEBUG Engine.jmeter.TclLibrary] We don't need to check tcl library on this platform
[2017-12-07 08:28:49,143 DEBUG Engine.jmeter.JMeter] Trying jmeter: /Users/daper01/.bzt/jmeter-taurus/3.3/bin/jmeter.sh
[2017-12-07 08:28:49,143 DEBUG bzt.utils] Executing shell: ['/Users/daper01/.bzt/jmeter-taurus/3.3/bin/jmeter.sh', '-j', '/var/folders/vq/xzrdy2lx047cst78f69v8z3xfzqz1q/T/jmetergEv_DKlog', '--version']
[2017-12-07 08:28:50,068 DEBUG Engine.jmeter.JMeter] JMeter check:     _    ____   _    ____ _   _ _____       _ __  __ _____ _____ _____ ____     
   / \  |  _ \ / \  / ___| | | | ____|     | |  \/  | ____|_   _| ____|  _ \   
  / _ \ | |_) / _ \| |   | |_| |  _|    _  | | |\/| |  _|   | | |  _| | |_) | 
 / ___ \|  __/ ___ \ |___|  _  | |___  | |_| | |  | | |___  | | | |___|  _ <  
/_/   \_\_| /_/   \_\____|_| |_|_____|  \___/|_|  |_|_____| |_| |_____|_| \_\ 3.3 r1808647  

Copyright (c) 1999-2017 The Apache Software Foundation

 / None
[2017-12-07 08:28:50,069 DEBUG Engine] New artifact filename: /Users/daper01/Documents/OSLo/artifacts/2017-12-07_08-28-43.107377/requests-1.jmx
[2017-12-07 08:28:50,072 DEBUG JMeterScenarioBuilder] Saving JMX to: /Users/daper01/Documents/OSLo/artifacts/2017-12-07_08-28-43.107377/requests-1.jmx
[2017-12-07 08:28:50,073 DEBUG bzt.utils] Executing shell: ['/Users/daper01/.bzt/jmeter-taurus/3.3/bin/PluginsManagerCMD.sh', 'install-for-jmx', '/Users/daper01/Documents/OSLo/artifacts/2017-12-07_08-28-43.107377/requests-1.jmx']
[2017-12-07 08:28:52,553 DEBUG Engine.jmeter.JMeter] Try to detect plugins for /Users/daper01/Documents/OSLo/artifacts/2017-12-07_08-28-43.107377/requests-1.jmx
08:28:51.623 [main] INFO  org.jmeterplugins.repository.PluginManager - Plugins Status: [jpgc-functions=2.0, jpgc-casutg=2.1, jpgc-dummy=0.2, jpgc-ffw=2.0, jpgc-fifo=0.2, jpgc-json=2.6, jpgc-prmctl=0.3, jpgc-perfmon=2.1, jpgc-plugins-manager=0.16, jpgc-tst=2.1, jmeter-core=3.3, jmeter-ftp=3.3, jmeter-http=3.3, jmeter-jdbc=3.3, jmeter-jms=3.3, jmeter-junit=3.3, jmeter-java=3.3, jmeter-ldap=3.3, jmeter-mail=3.3, jmeter-mongodb=3.3, jmeter-native=3.3, jmeter-tcp=3.3, jmeter-components=3.3]
2017-12-07 08:28:51,623 INFO o.j.r.PluginManager: Plugins Status: [jpgc-functions=2.0, jpgc-casutg=2.1, jpgc-dummy=0.2, jpgc-ffw=2.0, jpgc-fifo=0.2, jpgc-json=2.6, jpgc-prmctl=0.3, jpgc-perfmon=2.1, jpgc-plugins-manager=0.16, jpgc-tst=2.1, jmeter-core=3.3, jmeter-ftp=3.3, jmeter-http=3.3, jmeter-jdbc=3.3, jmeter-jms=3.3, jmeter-junit=3.3, jmeter-java=3.3, jmeter-ldap=3.3, jmeter-mail=3.3, jmeter-mongodb=3.3, jmeter-native=3.3, jmeter-tcp=3.3, jmeter-components=3.3]
08:28:52.000 [main] INFO  org.apache.jmeter.save.SaveService - Testplan (JMX) version: 2.2. Testlog (JTL) version: 2.2
2017-12-07 08:28:52,000 INFO o.a.j.s.SaveService: Testplan (JMX) version: 2.2. Testlog (JTL) version: 2.2
08:28:52.013 [main] INFO  org.apache.jmeter.save.SaveService - Using SaveService properties file encoding UTF-8
2017-12-07 08:28:52,013 INFO o.a.j.s.SaveService: Using SaveService properties file encoding UTF-8
08:28:52.018 [main] INFO  org.apache.jmeter.save.SaveService - Using SaveService properties version 3.2
2017-12-07 08:28:52,018 INFO o.a.j.s.SaveService: Using SaveService properties version 3.2
08:28:52.049 [main] INFO  org.apache.jmeter.protocol.http.control.CacheManager - Will only cache the following methods: [GET]
2017-12-07 08:28:52,049 INFO o.a.j.p.h.c.CacheManager: Will only cache the following methods: [GET]
08:28:52.052 [main] INFO  org.apache.jmeter.protocol.http.control.CookieManager - Settings: Delete null: true Check: true Allow variable: true Save: false Prefix: COOKIE_
2017-12-07 08:28:52,052 INFO o.a.j.p.h.c.CookieManager: Settings: Delete null: true Check: true Allow variable: true Save: false Prefix: COOKIE_
08:28:52.154 [main] INFO  org.jmeterplugins.repository.PluginManager - Restarting JMeter...
2017-12-07 08:28:52,154 INFO o.j.r.PluginManager: Restarting JMeter...
08:28:52.156 [Thread-1] INFO  org.jmeterplugins.repository.PluginManager - Starting JMeter Plugins modifications
2017-12-07 08:28:52,156 INFO o.j.r.PluginManager: Starting JMeter Plugins modifications

ERROR StatusLogger No log4j2 configuration file found. Using default configuration: logging only errors to the console. Set system property 'org.apache.logging.log4j.simplelog.StatusLogger.level' to TRACE to show Log4j2 internal initialization logging.

[2017-12-07 08:28:52,554 DEBUG Engine.jmeter] Load: LoadSpec(concurrency=50, throughput=None, ramp_up=120.0, hold=30.0, iterations=0, duration=150.0, steps=None)
[2017-12-07 08:28:52,557 DEBUG Engine.jmeter.LoadSettingsProcessor.ThreadGroupHandler] Converting ThreadGroup (blazedemo) to ConcurrencyThreadGroup and apply load parameters
[2017-12-07 08:28:52,558 DEBUG Engine] New artifact filename: /Users/daper01/Documents/OSLo/artifacts/2017-12-07_08-28-43.107377/kpi-1.jtl
[2017-12-07 08:28:52,558 DEBUG Engine] New artifact filename: /Users/daper01/Documents/OSLo/artifacts/2017-12-07_08-28-43.107377/error-1.jtl
[2017-12-07 08:28:52,559 DEBUG Engine] New artifact filename: /Users/daper01/Documents/OSLo/artifacts/2017-12-07_08-28-43.107377/modified_requests-1.jmx
[2017-12-07 08:28:52,559 DEBUG JMX] Saving JMX to: /Users/daper01/Documents/OSLo/artifacts/2017-12-07_08-28-43.107377/modified_requests-1.jmx
[2017-12-07 08:28:52,560 DEBUG Engine.jmeter] Additional properties: defaultdict(None, {'jmeter.save.saveservice.autoflush': 'true', 'jmeter.save.saveservice.connect_time': 'true', 'user.classpath': '/Users/daper01/Documents/OSLo/artifacts/2017-12-07_08-28-43.107377', 'sampleresult.default.encoding': 'UTF-8', 'summariser.name': '', 'jmeterengine.force.system.exit': 'true', 'jmeter.save.saveservice.timestamp_format': 'ms', 'mode': 'Stripped', 'jmeterengine.nongui.maxport': 4446, 'jmeterengine.nongui.port': 4446})
[2017-12-07 08:28:52,560 DEBUG Engine] New artifact filename: /Users/daper01/Documents/OSLo/artifacts/2017-12-07_08-28-43.107377/jmeter-bzt-1.properties
[2017-12-07 08:28:52,561 DEBUG Engine.jmeter] Additional system properties defaultdict(None, {'sun.net.inetaddr.ttl': 0})
[2017-12-07 08:28:52,561 DEBUG Engine] New artifact filename: /Users/daper01/Documents/OSLo/artifacts/2017-12-07_08-28-43.107377/system-1.properties
[2017-12-07 08:28:52,561 DEBUG Engine] New artifact filename: /Users/daper01/Documents/OSLo/artifacts/2017-12-07_08-28-43.107377/jmeter-1.out
[2017-12-07 08:28:52,561 DEBUG Engine] New artifact filename: /Users/daper01/Documents/OSLo/artifacts/2017-12-07_08-28-43.107377/jmeter-1.err
[2017-12-07 08:28:52,562 DEBUG Engine] Module config: final-stats defaultdict(None, {'class': 'bzt.modules.reporting.FinalStatus'})
[2017-12-07 08:28:52,562 DEBUG root] Importing module: bzt.modules.reporting
[2017-12-07 08:28:52,669 DEBUG easyprocess] version=0.2.3
[2017-12-07 08:28:52,673 DEBUG pyvirtualdisplay] version=0.2.1
[2017-12-07 08:28:52,675 DEBUG root] Loading class: 'FinalStatus' from <module 'bzt.modules.reporting' from '/usr/local/lib/python2.7/site-packages/bzt/modules/reporting.pyc'>
[2017-12-07 08:28:52,675 DEBUG Engine] Module config: console defaultdict(None, {'class': 'bzt.modules.console.ConsoleStatusReporter'})
[2017-12-07 08:28:52,675 DEBUG root] Importing module: bzt.modules.console
[2017-12-07 08:28:52,675 DEBUG root] Loading class: 'ConsoleStatusReporter' from <module 'bzt.modules.console' from '/usr/local/lib/python2.7/site-packages/bzt/modules/console.pyc'>
[2017-12-07 08:28:52,683 DEBUG Engine.Configuration] Dumping YAML config into /Users/daper01/Documents/OSLo/artifacts/2017-12-07_08-28-43.107377/effective.yml
[2017-12-07 08:28:52,721 DEBUG Engine.Configuration] Dumping JSON config into /Users/daper01/Documents/OSLo/artifacts/2017-12-07_08-28-43.107377/effective.json
[2017-12-07 08:28:52,722 INFO Engine] Starting...
[2017-12-07 08:28:52,722 DEBUG Engine] Startup <bzt.modules.monitoring.Monitoring object at 0x10e896750>
[2017-12-07 08:28:52,723 DEBUG Engine] Startup <bzt.modules.aggregator.ConsolidatingAggregator object at 0x10e880810>
[2017-12-07 08:28:52,723 DEBUG Engine] Startup <bzt.modules.reporting.FinalStatus object at 0x10e9c3c90>
[2017-12-07 08:28:52,723 DEBUG Engine] Startup <bzt.modules.console.ConsoleStatusReporter object at 0x10f357650>
[2017-12-07 08:28:52,723 INFO Engine.console] Waiting for results...
[2017-12-07 08:28:52,723 DEBUG Engine] Startup <bzt.modules.reporting.FinalStatus object at 0x10f374a10>
[2017-12-07 08:28:52,723 DEBUG Engine] Startup <bzt.modules.provisioning.Local object at 0x10e880510>
[2017-12-07 08:28:52,723 DEBUG Engine.local] Delay setup for jmeter/blazedemo: 0(start-at) + 0(delay) = 0
[2017-12-07 08:28:52,723 DEBUG Engine.local] Delay setup for jmeter/blazedemo: 0(start-at) + 0(delay) = 0
[2017-12-07 08:28:52,726 DEBUG Engine.Configuration] Dumping YAML config into /Users/daper01/Documents/OSLo/artifacts/2017-12-07_08-28-43.107377/effective.yml
[2017-12-07 08:28:52,763 DEBUG Engine.Configuration] Dumping JSON config into /Users/daper01/Documents/OSLo/artifacts/2017-12-07_08-28-43.107377/effective.json
[2017-12-07 08:28:52,765 DEBUG root] Leveling down log file verbosity, use -v option to have DEBUG messages enabled
[2017-12-07 08:28:53,013 INFO Engine.console] Waiting for finish...
[2017-12-07 08:29:29,747 WARNING Engine] Please wait for graceful shutdown...
[2017-12-07 08:29:29,752 DEBUG root] Leveled up log file verbosity
[2017-12-07 08:29:29,752 INFO Engine] Shutting down...
[2017-12-07 08:29:29,759 DEBUG Engine.local] Shutdown jmeter/blazedemo
[2017-12-07 08:29:30,763 INFO Engine.jmeter] Sending Shutdown command to JMeter on port 4445...
[2017-12-07 08:29:31,784 DEBUG Engine.jmeter] JMeter stopped on Shutdown command
[2017-12-07 08:29:31,785 DEBUG Engine.local] Shutdown jmeter/blazedemo
[2017-12-07 08:29:32,785 INFO Engine.jmeter] Sending Shutdown command to JMeter on port 4446...
[2017-12-07 08:29:33,800 DEBUG Engine.jmeter] JMeter stopped on Shutdown command
[2017-12-07 08:29:33,801 DEBUG Engine.console] Restoring logging streams, [<logging.StreamHandler object at 0x10ddae710>]/{<logging.StreamHandler object at 0x10ddae710>: <open file '<stdout>', mode 'w' at 0x10ce24150>}
[2017-12-07 08:29:33,806 DEBUG Engine.Configuration] Dumping YAML config into /Users/daper01/Documents/OSLo/artifacts/2017-12-07_08-28-43.107377/effective.yml
[2017-12-07 08:29:33,864 DEBUG Engine.Configuration] Dumping JSON config into /Users/daper01/Documents/OSLo/artifacts/2017-12-07_08-28-43.107377/effective.json
[2017-12-07 08:29:33,867 WARNING root] Keyboard interrupt
[2017-12-07 08:29:33,869 DEBUG root] KeyboardInterrupt: 
Traceback (most recent call last):
  File "/usr/local/lib/python2.7/site-packages/bzt/cli.py", line 221, in perform
    self.engine.run()
  File "/usr/local/lib/python2.7/site-packages/bzt/engine.py", line 202, in run
    reraise(exc_info)
  File "/usr/local/lib/python2.7/site-packages/bzt/engine.py", line 184, in run
    self._wait()
  File "/usr/local/lib/python2.7/site-packages/bzt/engine.py", line 227, in _wait
    time.sleep(delay)
KeyboardInterrupt
[2017-12-07 08:29:33,869 INFO Engine] Post-processing...
[2017-12-07 08:29:33,871 DEBUG Engine.local] Post-process jmeter/blazedemo
[2017-12-07 08:29:33,871 DEBUG Engine] Add existing artifact (move=True): /Users/daper01/Documents/OSLo/artifacts/2017-12-07_08-28-43.107377/modified_requests.jmx
[2017-12-07 08:29:33,872 DEBUG Engine] No need to copy /Users/daper01/Documents/OSLo/artifacts/2017-12-07_08-28-43.107377/modified_requests.jmx
[2017-12-07 08:29:33,873 DEBUG Engine.local] Post-process jmeter/blazedemo
[2017-12-07 08:29:33,873 DEBUG Engine] Add existing artifact (move=True): /Users/daper01/Documents/OSLo/artifacts/2017-12-07_08-28-43.107377/modified_requests-1.jmx
[2017-12-07 08:29:33,873 DEBUG Engine] No need to copy /Users/daper01/Documents/OSLo/artifacts/2017-12-07_08-28-43.107377/modified_requests-1.jmx
[2017-12-07 08:29:33,875 DEBUG Engine.jmeter.JTLErrorsReader] Opening /Users/daper01/Documents/OSLo/artifacts/2017-12-07_08-28-43.107377/error.jtl
[2017-12-07 08:29:33,883 DEBUG Engine.jmeter.JTLErrorsReader] Error reading errors.jtl: Traceback (most recent call last):
  File "/usr/local/lib/python2.7/site-packages/bzt/modules/jmeter.py", line 1347, in read_file
    self.parser.feed(read)  # "Huge input lookup" error without capping :)
  File "src/lxml/parser.pxi", line 1240, in lxml.etree._FeedParser.feed
  File "src/lxml/parser.pxi", line 1362, in lxml.etree._FeedParser.feed
  File "src/lxml/parser.pxi", line 589, in lxml.etree._ParserContext._handleParseResult
  File "src/lxml/parser.pxi", line 598, in lxml.etree._ParserContext._handleParseResultDoc
  File "src/lxml/parser.pxi", line 709, in lxml.etree._handleParseResult
  File "src/lxml/parser.pxi", line 638, in lxml.etree._raiseParseError
XMLSyntaxError: Opening and ending tag mismatch: responseData line 1038 and testResults, line 1066, column 15 (line 1066)

[2017-12-07 08:29:33,883 WARNING Engine.jmeter.JTLErrorsReader] Failed to parse errors XML: Opening and ending tag mismatch: responseData line 1038 and testResults, line 1066, column 15 (line 1066)
[2017-12-07 08:29:33,887 DEBUG Engine.jmeter.JTLReader.IncrementalCSVReader] Reading JTL: /Users/daper01/Documents/OSLo/artifacts/2017-12-07_08-28-43.107377/kpi.jtl
[2017-12-07 08:29:33,888 DEBUG Engine.jmeter.JTLReader.IncrementalCSVReader] Read lines: 254 / 26392 bytes (at speed 1048576)
[2017-12-07 08:29:33,901 DEBUG Engine.jmeter.JTLReader] Buffer len: 4
[2017-12-07 08:29:33,901 DEBUG Engine.jmeter.JTLReader] Aggregating: 1512664167
[2017-12-07 08:29:33,916 DEBUG Engine.jmeter.JTLReader] Aggregating: 1512664168
[2017-12-07 08:29:33,942 DEBUG Engine.jmeter.JTLReader] Aggregating: 1512664169
[2017-12-07 08:29:33,951 DEBUG Engine.jmeter.JTLReader] Aggregating: 1512664170
[2017-12-07 08:29:33,967 DEBUG Engine.jmeter.JTLErrorsReader] Opening /Users/daper01/Documents/OSLo/artifacts/2017-12-07_08-28-43.107377/error-1.jtl
[2017-12-07 08:29:33,971 DEBUG Engine.jmeter.JTLReader.IncrementalCSVReader] Reading JTL: /Users/daper01/Documents/OSLo/artifacts/2017-12-07_08-28-43.107377/kpi-1.jtl
[2017-12-07 08:29:33,971 DEBUG Engine.jmeter.JTLReader.IncrementalCSVReader] Read lines: 128 / 12627 bytes (at speed 1048576)
[2017-12-07 08:29:33,971 DEBUG Engine.jmeter.JTLReader] Putting sample 1512664166 into 1512664167
[2017-12-07 08:29:33,973 DEBUG Engine.jmeter.JTLReader] Buffer len: 6
[2017-12-07 08:29:33,973 DEBUG Engine.jmeter.JTLReader] Aggregating: 1512664167
[2017-12-07 08:29:33,978 DEBUG Engine.jmeter.JTLReader] Aggregating: 1512664168
[2017-12-07 08:29:33,981 DEBUG Engine.jmeter.JTLReader] Aggregating: 1512664169
[2017-12-07 08:29:33,987 DEBUG Engine.jmeter.JTLReader] Aggregating: 1512664170
[2017-12-07 08:29:33,991 DEBUG Engine.jmeter.JTLReader] Aggregating: 1512664171
[2017-12-07 08:29:33,996 DEBUG Engine.jmeter.JTLReader] Aggregating: 1512664172
[2017-12-07 08:29:34,002 DEBUG Engine.consolidator] Consolidator buffer[8]: [1512664165, 1512664166, 1512664167, 1512664168, 1512664169, 1512664170, 1512664171, 1512664172]
[2017-12-07 08:29:34,002 DEBUG Engine.consolidator] Merging into 1512664165
[2017-12-07 08:29:34,002 DEBUG Engine.consolidator] Merging 1512664165
[2017-12-07 08:29:34,012 DEBUG Engine.consolidator] Merging 1512664165
[2017-12-07 08:29:34,028 DEBUG Engine.consolidator] Processed datapoint: 1512664165/None
[2017-12-07 08:29:34,028 DEBUG Engine.consolidator] Merging into 1512664166
[2017-12-07 08:29:34,029 DEBUG Engine.consolidator] Merging 1512664166
[2017-12-07 08:29:34,033 DEBUG Engine.consolidator] Merging 1512664166
[2017-12-07 08:29:34,048 DEBUG Engine.consolidator] Processed datapoint: 1512664166/None
[2017-12-07 08:29:34,048 DEBUG Engine.consolidator] Merging into 1512664167
[2017-12-07 08:29:34,048 DEBUG Engine.consolidator] Merging 1512664167
[2017-12-07 08:29:34,052 DEBUG Engine.consolidator] Merging 1512664167
[2017-12-07 08:29:34,069 DEBUG Engine.consolidator] Processed datapoint: 1512664167/None
[2017-12-07 08:29:34,069 DEBUG Engine.consolidator] Merging into 1512664168
[2017-12-07 08:29:34,069 DEBUG Engine.consolidator] Merging 1512664168
[2017-12-07 08:29:34,076 DEBUG Engine.consolidator] Merging 1512664168
[2017-12-07 08:29:34,102 DEBUG Engine.consolidator] Processed datapoint: 1512664168/None
[2017-12-07 08:29:34,102 DEBUG Engine.consolidator] Merging into 1512664169
[2017-12-07 08:29:34,102 DEBUG Engine.consolidator] Merging 1512664169
[2017-12-07 08:29:34,110 DEBUG Engine.consolidator] Merging 1512664169
[2017-12-07 08:29:34,131 DEBUG Engine.consolidator] Processed datapoint: 1512664169/None
[2017-12-07 08:29:34,131 DEBUG Engine.consolidator] Merging into 1512664170
[2017-12-07 08:29:34,131 DEBUG Engine.consolidator] Merging 1512664170
[2017-12-07 08:29:34,138 DEBUG Engine.consolidator] Merging 1512664170
[2017-12-07 08:29:34,157 DEBUG Engine.consolidator] Processed datapoint: 1512664170/None
[2017-12-07 08:29:34,157 DEBUG Engine.consolidator] Merging into 1512664171
[2017-12-07 08:29:34,157 DEBUG Engine.consolidator] Merging 1512664171
[2017-12-07 08:29:34,171 DEBUG Engine.consolidator] Processed datapoint: 1512664171/None
[2017-12-07 08:29:34,171 DEBUG Engine.consolidator] Merging into 1512664172
[2017-12-07 08:29:34,171 DEBUG Engine.consolidator] Merging 1512664172
[2017-12-07 08:29:34,186 DEBUG Engine.consolidator] Processed datapoint: 1512664172/None
[2017-12-07 08:29:34,186 INFO Engine.final-stats] Test duration: 0:00:41
[2017-12-07 08:29:34,186 INFO Engine.final-stats] Samples count: 2952, 2.00% failures
[2017-12-07 08:29:34,186 INFO Engine.final-stats] Average times: total 0.434, latency 0.392, connect 0.000
[2017-12-07 08:29:34,186 INFO Engine.final-stats] Percentile 0.0%: 0.007
[2017-12-07 08:29:34,187 INFO Engine.final-stats] Percentile 50.0%: 0.393
[2017-12-07 08:29:34,187 INFO Engine.final-stats] Percentile 90.0%: 0.592
[2017-12-07 08:29:34,187 INFO Engine.final-stats] Percentile 95.0%: 0.688
[2017-12-07 08:29:34,187 INFO Engine.final-stats] Percentile 99.0%: 1.954
[2017-12-07 08:29:34,187 INFO Engine.final-stats] Percentile 99.9%: 3.006
[2017-12-07 08:29:34,187 INFO Engine.final-stats] Percentile 100.0%: 3.119
[2017-12-07 08:29:34,188 DEBUG Engine.console] No logger_handler or orig_stream was detected
[2017-12-07 08:29:34,188 INFO Engine.final-stats] Test duration: 0:00:41
[2017-12-07 08:29:34,188 INFO Engine.final-stats] Samples count: 2952, 2.00% failures
[2017-12-07 08:29:34,188 INFO Engine.final-stats] Average times: total 0.434, latency 0.392, connect 0.000
[2017-12-07 08:29:34,188 INFO Engine.final-stats] Percentile 0.0%: 0.007
[2017-12-07 08:29:34,188 INFO Engine.final-stats] Percentile 50.0%: 0.393
[2017-12-07 08:29:34,189 INFO Engine.final-stats] Percentile 90.0%: 0.592
[2017-12-07 08:29:34,189 INFO Engine.final-stats] Percentile 95.0%: 0.688
[2017-12-07 08:29:34,189 INFO Engine.final-stats] Percentile 99.0%: 1.954
[2017-12-07 08:29:34,189 INFO Engine.final-stats] Percentile 99.9%: 3.006
[2017-12-07 08:29:34,189 INFO Engine.final-stats] Percentile 100.0%: 3.119
[2017-12-07 08:29:34,189 INFO Engine.final-stats] Dumping final status as XML: stats.xml
[2017-12-07 08:29:34,197 DEBUG Engine.Configuration] Dumping YAML config into /Users/daper01/Documents/OSLo/artifacts/2017-12-07_08-28-43.107377/effective.yml
[2017-12-07 08:29:34,256 DEBUG Engine.Configuration] Dumping JSON config into /Users/daper01/Documents/OSLo/artifacts/2017-12-07_08-28-43.107377/effective.json
[2017-12-07 08:29:34,258 INFO root] Artifacts dir: /Users/daper01/Documents/OSLo/artifacts/2017-12-07_08-28-43.107377
[2017-12-07 08:29:34,258 WARNING root] Done performing with code: 1
[2017-12-07 08:29:34,259 DEBUG root] Closing log handler: /Users/daper01/Documents/OSLo/artifacts/2017-12-07_08-28-43.107377/bzt.log
