2017-12-07 08:28:54,029 INFO o.a.j.u.JMeterUtils: Setting Locale to en_US
2017-12-07 08:28:54,055 INFO o.a.j.JMeter: Loading user properties from: /Users/daper01/.bzt/jmeter-taurus/3.3/bin/user.properties
2017-12-07 08:28:54,056 INFO o.a.j.JMeter: Loading system properties from: /Users/daper01/.bzt/jmeter-taurus/3.3/bin/system.properties
2017-12-07 08:28:54,057 INFO o.a.j.JMeter: Setting System properties from file: /Users/daper01/Documents/OSLo/artifacts/2017-12-07_08-28-43.107377/system.properties
2017-12-07 08:28:54,064 INFO o.a.j.JMeter: Copyright (c) 1998-2017 The Apache Software Foundation
2017-12-07 08:28:54,064 INFO o.a.j.JMeter: Version 3.3 r1808647
2017-12-07 08:28:54,065 INFO o.a.j.JMeter: java.version=1.8.0_121
2017-12-07 08:28:54,065 INFO o.a.j.JMeter: java.vm.name=Java HotSpot(TM) 64-Bit Server VM
2017-12-07 08:28:54,065 INFO o.a.j.JMeter: os.name=Mac OS X
2017-12-07 08:28:54,065 INFO o.a.j.JMeter: os.arch=x86_64
2017-12-07 08:28:54,065 INFO o.a.j.JMeter: os.version=10.13.1
2017-12-07 08:28:54,065 INFO o.a.j.JMeter: file.encoding=UTF-8
2017-12-07 08:28:54,065 INFO o.a.j.JMeter: Max memory     =3817865216
2017-12-07 08:28:54,065 INFO o.a.j.JMeter: Available Processors =4
2017-12-07 08:28:54,072 INFO o.a.j.JMeter: Default Locale=English (United States)
2017-12-07 08:28:54,072 INFO o.a.j.JMeter: JMeter  Locale=English (United States)
2017-12-07 08:28:54,073 INFO o.a.j.JMeter: JMeterHome=/Users/daper01/.bzt/jmeter-taurus/3.3
2017-12-07 08:28:54,073 INFO o.a.j.JMeter: user.dir  =/Users/daper01/Documents/OSLo
2017-12-07 08:28:54,073 INFO o.a.j.JMeter: PWD       =/Users/daper01/Documents/OSLo
2017-12-07 08:28:54,076 INFO o.a.j.JMeter: IP: 192.168.1.77 Name: daper01mac1124 FullName: daper01mac1124
2017-12-07 08:28:54,076 INFO o.a.j.JMeter: user.classpath=/Users/daper01/Documents/OSLo/artifacts/2017-12-07_08-28-43.107377
2017-12-07 08:28:54,077 INFO o.a.j.JMeter: Adding to classpath and loader: /Users/daper01/Documents/OSLo/artifacts/2017-12-07_08-28-43.107377
2017-12-07 08:28:54,082 INFO o.a.j.s.FileServer: Default base='/Users/daper01/Documents/OSLo'
2017-12-07 08:28:54,083 INFO o.a.j.s.FileServer: Set new base='/Users/daper01/Documents/OSLo/artifacts/2017-12-07_08-28-43.107377'
2017-12-07 08:28:54,300 INFO o.a.j.s.SaveService: Testplan (JMX) version: 2.2. Testlog (JTL) version: 2.2
2017-12-07 08:28:54,347 INFO o.a.j.s.SaveService: Using SaveService properties file encoding UTF-8
2017-12-07 08:28:54,356 INFO o.a.j.s.SaveService: Using SaveService properties version 3.2
2017-12-07 08:28:54,370 INFO o.a.j.s.SaveService: Loading file: /Users/daper01/Documents/OSLo/artifacts/2017-12-07_08-28-43.107377/modified_requests.jmx
2017-12-07 08:28:54,445 INFO o.a.j.p.h.c.CacheManager: Will only cache the following methods: [GET]
2017-12-07 08:28:54,446 INFO o.a.j.p.h.c.CookieManager: Settings: Delete null: true Check: true Allow variable: true Save: false Prefix: COOKIE_
2017-12-07 08:28:54,466 INFO o.a.j.p.h.s.HTTPSamplerBase: Parser for text/html is org.apache.jmeter.protocol.http.parser.LagartoBasedHtmlParser
2017-12-07 08:28:54,467 INFO o.a.j.p.h.s.HTTPSamplerBase: Parser for application/xhtml+xml is org.apache.jmeter.protocol.http.parser.LagartoBasedHtmlParser
2017-12-07 08:28:54,467 INFO o.a.j.p.h.s.HTTPSamplerBase: Parser for application/xml is org.apache.jmeter.protocol.http.parser.LagartoBasedHtmlParser
2017-12-07 08:28:54,467 INFO o.a.j.p.h.s.HTTPSamplerBase: Parser for text/xml is org.apache.jmeter.protocol.http.parser.LagartoBasedHtmlParser
2017-12-07 08:28:54,467 INFO o.a.j.p.h.s.HTTPSamplerBase: Parser for text/vnd.wap.wml is org.apache.jmeter.protocol.http.parser.RegexpHTMLParser
2017-12-07 08:28:54,467 INFO o.a.j.p.h.s.HTTPSamplerBase: Parser for text/css is org.apache.jmeter.protocol.http.parser.CssParser
2017-12-07 08:28:54,497 INFO o.a.j.e.StandardJMeterEngine: Running the test!
2017-12-07 08:28:54,498 INFO o.a.j.s.SampleEvent: List of sample_variables: []
2017-12-07 08:28:54,498 INFO o.a.j.s.SampleEvent: List of sample_variables: []
2017-12-07 08:28:54,502 INFO o.a.j.e.u.CompoundVariable: Note: Function class names must contain the string: '.functions.'
2017-12-07 08:28:54,502 INFO o.a.j.e.u.CompoundVariable: Note: Function class names must not contain the string: '.gui.'
2017-12-07 08:28:55,219 INFO o.a.j.JMeter: Running test (1512664135219)
2017-12-07 08:28:55,273 INFO o.a.j.e.StandardJMeterEngine: Starting ThreadGroup: 1 : blazedemo
2017-12-07 08:28:55,273 INFO o.a.j.e.StandardJMeterEngine: Starting 50 threads for group blazedemo.
2017-12-07 08:28:55,273 INFO o.a.j.e.StandardJMeterEngine: Thread will continue on error
2017-12-07 08:28:55,278 INFO o.a.j.e.StandardJMeterEngine: All thread groups have been started
2017-12-07 08:28:55,278 INFO c.b.j.t.c.ConcurrencyThreadStarter: Start supplying threads
2017-12-07 08:28:55,593 INFO o.a.j.s.SampleResult: Note: Sample TimeStamps are START times
2017-12-07 08:28:55,593 INFO o.a.j.s.SampleResult: sampleresult.default.encoding is set to UTF-8
2017-12-07 08:28:55,593 INFO o.a.j.s.SampleResult: sampleresult.useNanoTime=true
2017-12-07 08:28:55,593 INFO o.a.j.s.SampleResult: sampleresult.nanoThreadSleep=5000
2017-12-07 08:28:55,876 INFO o.a.j.t.JMeterThread: Thread started: blazedemo 1-1
2017-12-07 08:28:55,879 INFO o.a.j.s.FileServer: Stored: /Users/daper01/Documents/OSLo/param.csv
2017-12-07 08:28:55,904 INFO o.a.j.p.h.s.HTTPHCAbstractImpl: Local host = daper01mac1124
2017-12-07 08:28:55,909 INFO o.a.j.p.h.s.HTTPHC4Impl: HTTP request retry count = 0
2017-12-07 08:28:56,632 INFO o.a.j.t.JMeterThread: Thread started: blazedemo 1-2
2017-12-07 08:28:57,638 INFO o.a.j.t.JMeterThread: Thread started: blazedemo 1-3
2017-12-07 08:28:57,641 INFO o.a.j.t.JMeterThread: Thread started: blazedemo 1-4
2017-12-07 08:28:58,645 INFO o.a.j.t.JMeterThread: Thread started: blazedemo 1-5
2017-12-07 08:28:58,650 INFO o.a.j.t.JMeterThread: Thread started: blazedemo 1-6
2017-12-07 08:28:59,652 INFO o.a.j.t.JMeterThread: Thread started: blazedemo 1-7
2017-12-07 08:29:00,655 INFO o.a.j.t.JMeterThread: Thread started: blazedemo 1-8
2017-12-07 08:29:00,657 INFO o.a.j.t.JMeterThread: Thread started: blazedemo 1-9
2017-12-07 08:29:01,659 INFO o.a.j.t.JMeterThread: Thread started: blazedemo 1-10
2017-12-07 08:29:01,660 INFO o.a.j.t.JMeterThread: Thread started: blazedemo 1-11
2017-12-07 08:29:02,664 INFO o.a.j.t.JMeterThread: Thread started: blazedemo 1-12
2017-12-07 08:29:03,669 INFO o.a.j.t.JMeterThread: Thread started: blazedemo 1-13
2017-12-07 08:29:03,670 INFO o.a.j.t.JMeterThread: Thread started: blazedemo 1-14
2017-12-07 08:29:04,677 INFO o.a.j.t.JMeterThread: Thread started: blazedemo 1-15
2017-12-07 08:29:04,681 INFO o.a.j.t.JMeterThread: Thread started: blazedemo 1-16
2017-12-07 08:29:05,681 INFO o.a.j.t.JMeterThread: Thread started: blazedemo 1-17
2017-12-07 08:29:06,686 INFO o.a.j.t.JMeterThread: Thread started: blazedemo 1-18
2017-12-07 08:29:06,687 INFO o.a.j.t.JMeterThread: Thread started: blazedemo 1-19
2017-12-07 08:29:07,687 INFO o.a.j.t.JMeterThread: Thread started: blazedemo 1-20
2017-12-07 08:29:07,687 INFO o.a.j.t.JMeterThread: Thread started: blazedemo 1-21
2017-12-07 08:29:08,695 INFO o.a.j.t.JMeterThread: Thread started: blazedemo 1-22
2017-12-07 08:29:09,698 INFO o.a.j.t.JMeterThread: Thread started: blazedemo 1-23
2017-12-07 08:29:09,701 INFO o.a.j.t.JMeterThread: Thread started: blazedemo 1-24
2017-12-07 08:29:10,701 INFO o.a.j.t.JMeterThread: Thread started: blazedemo 1-25
2017-12-07 08:29:10,702 INFO o.a.j.t.JMeterThread: Thread started: blazedemo 1-26
2017-12-07 08:29:11,705 INFO o.a.j.t.JMeterThread: Thread started: blazedemo 1-27
2017-12-07 08:29:12,708 INFO o.a.j.t.JMeterThread: Thread started: blazedemo 1-28
2017-12-07 08:29:12,709 INFO o.a.j.t.JMeterThread: Thread started: blazedemo 1-29
2017-12-07 08:29:13,714 INFO o.a.j.t.JMeterThread: Thread started: blazedemo 1-30
2017-12-07 08:29:13,715 INFO o.a.j.t.JMeterThread: Thread started: blazedemo 1-31
2017-12-07 08:29:14,719 INFO o.a.j.t.JMeterThread: Thread started: blazedemo 1-32
2017-12-07 08:29:15,725 INFO o.a.j.t.JMeterThread: Thread started: blazedemo 1-33
2017-12-07 08:29:15,726 INFO o.a.j.t.JMeterThread: Thread started: blazedemo 1-34
2017-12-07 08:29:16,728 INFO o.a.j.t.JMeterThread: Thread started: blazedemo 1-36
2017-12-07 08:29:16,728 INFO o.a.j.t.JMeterThread: Thread started: blazedemo 1-35
2017-12-07 08:29:17,731 INFO o.a.j.t.JMeterThread: Thread started: blazedemo 1-37
2017-12-07 08:29:18,733 INFO o.a.j.t.JMeterThread: Thread started: blazedemo 1-38
2017-12-07 08:29:18,734 INFO o.a.j.t.JMeterThread: Thread started: blazedemo 1-39
2017-12-07 08:29:19,737 INFO o.a.j.t.JMeterThread: Thread started: blazedemo 1-40
2017-12-07 08:29:19,738 INFO o.a.j.t.JMeterThread: Thread started: blazedemo 1-41
2017-12-07 08:29:20,745 INFO o.a.j.t.JMeterThread: Thread started: blazedemo 1-42
2017-12-07 08:29:21,745 INFO o.a.j.t.JMeterThread: Thread started: blazedemo 1-43
2017-12-07 08:29:21,746 INFO o.a.j.t.JMeterThread: Thread started: blazedemo 1-44
2017-12-07 08:29:22,746 INFO o.a.j.t.JMeterThread: Thread started: blazedemo 1-45
2017-12-07 08:29:22,747 INFO o.a.j.t.JMeterThread: Thread started: blazedemo 1-46
2017-12-07 08:29:23,751 INFO o.a.j.t.JMeterThread: Thread started: blazedemo 1-47
2017-12-07 08:29:24,754 INFO o.a.j.t.JMeterThread: Thread started: blazedemo 1-48
2017-12-07 08:29:24,756 INFO o.a.j.t.JMeterThread: Thread started: blazedemo 1-49
2017-12-07 08:29:25,758 INFO o.a.j.t.JMeterThread: Thread started: blazedemo 1-50
2017-12-07 08:29:30,778 INFO o.a.j.JMeter: Command: Shutdown received from /127.0.0.1
2017-12-07 08:29:30,779 INFO c.b.j.t.c.ConcurrencyThreadStarter: Done supplying threads
2017-12-07 08:29:30,779 WARN o.a.j.t.JMeterThread: Interrupting: blazedemo 1-12 sampler: Reserve Page
2017-12-07 08:29:30,780 WARN o.a.j.t.JMeterThread: Interrupting: blazedemo 1-7 sampler: Reserve Page
2017-12-07 08:29:30,781 WARN o.a.j.t.JMeterThread: Interrupting: blazedemo 1-38 sampler: Confirmation Page
2017-12-07 08:29:30,784 WARN o.a.j.t.JMeterThread: Interrupting: blazedemo 1-43 sampler: Confirmation Page
2017-12-07 08:29:30,786 WARN o.a.j.t.JMeterThread: Interrupting: blazedemo 1-41 sampler: Confirmation Page
2017-12-07 08:29:30,788 WARN o.a.j.t.JMeterThread: Interrupting: blazedemo 1-30 sampler: Confirmation Page
2017-12-07 08:29:30,790 WARN o.a.j.t.JMeterThread: Interrupting: blazedemo 1-11 sampler: Reserve Page
2017-12-07 08:29:30,791 WARN o.a.j.t.JMeterThread: Interrupting: blazedemo 1-13 sampler: Purchase Page
2017-12-07 08:29:30,792 WARN o.a.j.t.JMeterThread: Interrupting: blazedemo 1-35 sampler: Purchase Page
2017-12-07 08:29:30,795 WARN o.a.j.t.JMeterThread: Interrupting: blazedemo 1-33 sampler: Confirmation Page
2017-12-07 08:29:30,797 WARN o.a.j.t.JMeterThread: Interrupting: blazedemo 1-6 sampler: Reserve Page
2017-12-07 08:29:30,798 WARN o.a.j.t.JMeterThread: Interrupting: blazedemo 1-27 sampler: Reserve Page
2017-12-07 08:29:30,800 WARN o.a.j.t.JMeterThread: Interrupting: blazedemo 1-25 sampler: Confirmation Page
2017-12-07 08:29:30,801 WARN o.a.j.t.JMeterThread: Interrupting: blazedemo 1-22 sampler: Confirmation Page
2017-12-07 08:29:30,802 WARN o.a.j.t.JMeterThread: Interrupting: blazedemo 1-2 sampler: Confirmation Page
2017-12-07 08:29:30,805 WARN o.a.j.t.JMeterThread: Interrupting: blazedemo 1-21 sampler: Reserve Page
2017-12-07 08:29:30,805 INFO o.a.j.t.JMeterThread: Thread is done: blazedemo 1-7
2017-12-07 08:29:30,805 INFO o.a.j.t.JMeterThread: Thread finished: blazedemo 1-7
2017-12-07 08:29:30,806 WARN o.a.j.t.JMeterThread: Interrupting: blazedemo 1-32 sampler: Confirmation Page
2017-12-07 08:29:30,808 WARN o.a.j.t.JMeterThread: Interrupting: blazedemo 1-18 sampler: Purchase Page
2017-12-07 08:29:30,808 INFO o.a.j.t.JMeterThread: Thread is done: blazedemo 1-22
2017-12-07 08:29:30,808 INFO o.a.j.t.JMeterThread: Thread finished: blazedemo 1-22
2017-12-07 08:29:30,809 WARN o.a.j.t.JMeterThread: Interrupting: blazedemo 1-34 sampler: Confirmation Page
2017-12-07 08:29:30,809 INFO o.a.j.t.JMeterThread: Thread is done: blazedemo 1-21
2017-12-07 08:29:30,811 INFO o.a.j.t.JMeterThread: Thread is done: blazedemo 1-25
2017-12-07 08:29:30,811 INFO o.a.j.t.JMeterThread: Thread finished: blazedemo 1-21
2017-12-07 08:29:30,811 WARN o.a.j.t.JMeterThread: Interrupting: blazedemo 1-4 sampler: Reserve Page
2017-12-07 08:29:30,811 INFO o.a.j.t.JMeterThread: Thread finished: blazedemo 1-25
2017-12-07 08:29:30,814 INFO o.a.j.t.JMeterThread: Thread is done: blazedemo 1-27
2017-12-07 08:29:30,817 INFO o.a.j.t.JMeterThread: Thread finished: blazedemo 1-27
2017-12-07 08:29:30,817 INFO o.a.j.t.JMeterThread: Thread is done: blazedemo 1-28
2017-12-07 08:29:30,818 INFO o.a.j.t.JMeterThread: Thread finished: blazedemo 1-28
2017-12-07 08:29:30,818 INFO o.a.j.t.JMeterThread: Thread is done: blazedemo 1-19
2017-12-07 08:29:30,818 INFO o.a.j.t.JMeterThread: Thread is done: blazedemo 1-6
2017-12-07 08:29:30,818 INFO o.a.j.t.JMeterThread: Thread finished: blazedemo 1-19
2017-12-07 08:29:30,818 INFO o.a.j.t.JMeterThread: Thread is done: blazedemo 1-24
2017-12-07 08:29:30,818 INFO o.a.j.t.JMeterThread: Thread finished: blazedemo 1-24
2017-12-07 08:29:30,819 INFO o.a.j.t.JMeterThread: Thread is done: blazedemo 1-33
2017-12-07 08:29:30,819 INFO o.a.j.t.JMeterThread: Thread finished: blazedemo 1-33
2017-12-07 08:29:30,819 INFO o.a.j.t.JMeterThread: Thread finished: blazedemo 1-6
2017-12-07 08:29:30,819 WARN o.a.j.t.JMeterThread: Interrupting: blazedemo 1-9 sampler: Welcome Page
2017-12-07 08:29:30,820 WARN o.a.j.t.JMeterThread: Interrupting: blazedemo 1-29 sampler: Reserve Page
2017-12-07 08:29:30,821 WARN o.a.j.t.JMeterThread: Interrupting: blazedemo 1-16 sampler: Purchase Page
2017-12-07 08:29:30,822 INFO o.a.j.t.JMeterThread: Thread is done: blazedemo 1-35
2017-12-07 08:29:30,822 INFO o.a.j.t.JMeterThread: Thread finished: blazedemo 1-35
2017-12-07 08:29:30,824 INFO o.a.j.t.JMeterThread: Thread is done: blazedemo 1-13
2017-12-07 08:29:30,825 INFO o.a.j.t.JMeterThread: Thread finished: blazedemo 1-13
2017-12-07 08:29:30,826 INFO o.a.j.t.JMeterThread: Thread is done: blazedemo 1-11
2017-12-07 08:29:30,826 INFO o.a.j.t.JMeterThread: Thread finished: blazedemo 1-11
2017-12-07 08:29:30,828 WARN o.a.j.t.JMeterThread: Interrupting: blazedemo 1-15 sampler: Reserve Page
2017-12-07 08:29:30,828 WARN o.a.j.t.JMeterThread: Interrupting: blazedemo 1-40 sampler: Welcome Page
2017-12-07 08:29:30,828 INFO o.a.j.t.JMeterThread: Thread is done: blazedemo 1-9
2017-12-07 08:29:30,828 INFO o.a.j.t.JMeterThread: Thread finished: blazedemo 1-9
2017-12-07 08:29:30,829 WARN o.a.j.t.JMeterThread: Interrupting: blazedemo 1-1 sampler: Confirmation Page
2017-12-07 08:29:30,830 WARN o.a.j.t.JMeterThread: Interrupting: blazedemo 1-5 sampler: Purchase Page
2017-12-07 08:29:30,830 INFO o.a.j.t.JMeterThread: Thread is done: blazedemo 1-4
2017-12-07 08:29:30,830 INFO o.a.j.t.JMeterThread: Thread finished: blazedemo 1-4
2017-12-07 08:29:30,830 WARN o.a.j.t.JMeterThread: Interrupting: blazedemo 1-14 sampler: Welcome Page
2017-12-07 08:29:30,831 INFO o.a.j.t.JMeterThread: Thread is done: blazedemo 1-16
2017-12-07 08:29:30,831 WARN o.a.j.t.JMeterThread: Interrupting: blazedemo 1-46 sampler: Purchase Page
2017-12-07 08:29:30,831 INFO o.a.j.t.JMeterThread: Thread finished: blazedemo 1-16
2017-12-07 08:29:30,832 INFO o.a.j.t.JMeterThread: Thread is done: blazedemo 1-30
2017-12-07 08:29:30,832 WARN o.a.j.t.JMeterThread: Interrupting: blazedemo 1-23 sampler: Purchase Page
2017-12-07 08:29:30,832 INFO o.a.j.t.JMeterThread: Thread finished: blazedemo 1-30
2017-12-07 08:29:30,832 WARN o.a.j.t.JMeterThread: Interrupting: blazedemo 1-10 sampler: Welcome Page
2017-12-07 08:29:30,832 INFO o.a.j.t.JMeterThread: Thread is done: blazedemo 1-40
2017-12-07 08:29:30,833 INFO o.a.j.t.JMeterThread: Thread finished: blazedemo 1-40
2017-12-07 08:29:30,833 INFO o.a.j.t.JMeterThread: Thread is done: blazedemo 1-47
2017-12-07 08:29:30,833 INFO o.a.j.t.JMeterThread: Thread finished: blazedemo 1-47
2017-12-07 08:29:30,833 WARN o.a.j.t.JMeterThread: Interrupting: blazedemo 1-50 sampler: Purchase Page
2017-12-07 08:29:30,833 INFO o.a.j.t.JMeterThread: Thread is done: blazedemo 1-41
2017-12-07 08:29:30,834 INFO o.a.j.t.JMeterThread: Thread finished: blazedemo 1-41
2017-12-07 08:29:30,834 INFO o.a.j.t.JMeterThread: Thread is done: blazedemo 1-14
2017-12-07 08:29:30,834 WARN o.a.j.t.JMeterThread: Interrupting: blazedemo 1-31 sampler: Welcome Page
2017-12-07 08:29:30,835 INFO o.a.j.t.JMeterThread: Thread finished: blazedemo 1-14
2017-12-07 08:29:30,835 INFO o.a.j.t.JMeterThread: Thread is done: blazedemo 1-38
2017-12-07 08:29:30,835 INFO o.a.j.t.JMeterThread: Thread finished: blazedemo 1-38
2017-12-07 08:29:30,835 INFO o.a.j.t.JMeterThread: Thread is done: blazedemo 1-23
2017-12-07 08:29:30,836 INFO o.a.j.t.JMeterThread: Thread finished: blazedemo 1-23
2017-12-07 08:29:30,837 WARN o.a.j.t.JMeterThread: Interrupting: blazedemo 1-17 sampler: Welcome Page
2017-12-07 08:29:30,837 WARN o.a.j.t.JMeterThread: Interrupting: blazedemo 1-45 sampler: Purchase Page
2017-12-07 08:29:30,838 WARN o.a.j.t.JMeterThread: Interrupting: blazedemo 1-20 sampler: Confirmation Page
2017-12-07 08:29:30,838 INFO o.a.j.t.JMeterThread: Thread is done: blazedemo 1-46
2017-12-07 08:29:30,839 INFO o.a.j.t.JMeterThread: Thread finished: blazedemo 1-46
2017-12-07 08:29:30,839 WARN o.a.j.t.JMeterThread: Interrupting: blazedemo 1-8 sampler: Welcome Page
2017-12-07 08:29:30,839 INFO o.a.j.t.JMeterThread: Thread is done: blazedemo 1-43
2017-12-07 08:29:30,839 INFO o.a.j.t.JMeterThread: Thread finished: blazedemo 1-43
2017-12-07 08:29:30,840 WARN o.a.j.t.JMeterThread: Interrupting: blazedemo 1-48 sampler: Confirmation Page
2017-12-07 08:29:30,840 WARN o.a.j.t.JMeterThread: Interrupting: blazedemo 1-26 sampler: Purchase Page
2017-12-07 08:29:30,841 INFO o.a.j.t.JMeterThread: Thread is done: blazedemo 1-12
2017-12-07 08:29:30,842 INFO o.a.j.t.JMeterThread: Thread finished: blazedemo 1-12
2017-12-07 08:29:30,843 INFO o.a.j.t.JMeterThread: Thread is done: blazedemo 1-48
2017-12-07 08:29:30,843 INFO o.a.j.t.JMeterThread: Thread finished: blazedemo 1-48
2017-12-07 08:29:30,844 WARN o.a.j.t.JMeterThread: Interrupting: blazedemo 1-42 sampler: Welcome Page
2017-12-07 08:29:30,845 INFO o.a.j.t.JMeterThread: Thread is done: blazedemo 1-8
2017-12-07 08:29:30,845 INFO o.a.j.t.JMeterThread: Thread finished: blazedemo 1-8
2017-12-07 08:29:30,846 INFO o.a.j.e.StandardJMeterEngine: Notifying test listeners of end of test
2017-12-07 08:29:30,846 INFO o.a.j.s.FileServer: Close: /Users/daper01/Documents/OSLo/param.csv
2017-12-07 08:29:30,848 WARN o.a.j.t.JMeterThread: Interrupting: blazedemo 1-49 sampler: Welcome Page
2017-12-07 08:29:30,850 WARN o.a.j.t.JMeterThread: Interrupting: blazedemo 1-37 sampler: Welcome Page
2017-12-07 08:29:30,851 WARN o.a.j.t.JMeterThread: Interrupting: blazedemo 1-36 sampler: Reserve Page
2017-12-07 08:29:30,852 WARN o.a.j.t.JMeterThread: Interrupting: blazedemo 1-44 sampler: Purchase Page
2017-12-07 08:29:30,852 WARN o.a.j.t.JMeterThread: Interrupting: blazedemo 1-3 sampler: Purchase Page
2017-12-07 08:29:30,853 INFO o.a.j.t.JMeterThread: Thread is done: blazedemo 1-20
2017-12-07 08:29:30,853 INFO o.a.j.t.JMeterThread: Thread finished: blazedemo 1-20
2017-12-07 08:29:30,853 WARN o.a.j.t.JMeterThread: Interrupting: blazedemo 1-39 sampler: Welcome Page
2017-12-07 08:29:30,856 INFO o.a.j.t.JMeterThread: Thread is done: blazedemo 1-3
2017-12-07 08:29:30,856 INFO o.a.j.t.JMeterThread: Thread finished: blazedemo 1-3
2017-12-07 08:29:30,853 INFO o.a.j.t.JMeterThread: Thread is done: blazedemo 1-44
2017-12-07 08:29:30,856 INFO o.a.j.t.JMeterThread: Thread finished: blazedemo 1-44
2017-12-07 08:29:30,856 INFO o.a.j.t.JMeterThread: Thread is done: blazedemo 1-45
2017-12-07 08:29:30,857 INFO o.a.j.t.JMeterThread: Thread finished: blazedemo 1-45
2017-12-07 08:29:30,857 INFO o.a.j.t.JMeterThread: Thread is done: blazedemo 1-17
2017-12-07 08:29:30,858 INFO o.a.j.t.JMeterThread: Thread finished: blazedemo 1-17
2017-12-07 08:29:30,858 INFO o.a.j.t.JMeterThread: Thread is done: blazedemo 1-39
2017-12-07 08:29:30,858 INFO o.a.j.t.JMeterThread: Thread finished: blazedemo 1-39
2017-12-07 08:29:30,859 INFO o.a.j.e.StandardJMeterEngine: Forced JVM shutdown requested at end of test
2017-12-07 08:29:30,860 INFO o.a.j.t.JMeterThread: Thread is done: blazedemo 1-31
2017-12-07 08:29:30,860 INFO o.a.j.t.JMeterThread: Thread finished: blazedemo 1-31
2017-12-07 08:29:30,861 INFO o.a.j.t.JMeterThread: Thread is done: blazedemo 1-50
2017-12-07 08:29:30,861 INFO o.a.j.t.JMeterThread: Thread finished: blazedemo 1-50
2017-12-07 08:29:30,862 INFO o.a.j.t.JMeterThread: Thread is done: blazedemo 1-10
2017-12-07 08:29:30,862 INFO o.a.j.t.JMeterThread: Thread finished: blazedemo 1-10
2017-12-07 08:29:30,864 INFO o.a.j.t.JMeterThread: Thread is done: blazedemo 1-5
2017-12-07 08:29:30,864 INFO o.a.j.t.JMeterThread: Thread finished: blazedemo 1-5
