2017-12-07 08:28:54,164 INFO o.a.j.u.JMeterUtils: Setting Locale to en_US
2017-12-07 08:28:54,188 INFO o.a.j.JMeter: Loading user properties from: /Users/daper01/.bzt/jmeter-taurus/3.3/bin/user.properties
2017-12-07 08:28:54,188 INFO o.a.j.JMeter: Loading system properties from: /Users/daper01/.bzt/jmeter-taurus/3.3/bin/system.properties
2017-12-07 08:28:54,190 INFO o.a.j.JMeter: Setting System properties from file: /Users/daper01/Documents/OSLo/artifacts/2017-12-07_08-28-43.107377/system-1.properties
2017-12-07 08:28:54,200 INFO o.a.j.JMeter: Copyright (c) 1998-2017 The Apache Software Foundation
2017-12-07 08:28:54,200 INFO o.a.j.JMeter: Version 3.3 r1808647
2017-12-07 08:28:54,200 INFO o.a.j.JMeter: java.version=1.8.0_121
2017-12-07 08:28:54,200 INFO o.a.j.JMeter: java.vm.name=Java HotSpot(TM) 64-Bit Server VM
2017-12-07 08:28:54,200 INFO o.a.j.JMeter: os.name=Mac OS X
2017-12-07 08:28:54,200 INFO o.a.j.JMeter: os.arch=x86_64
2017-12-07 08:28:54,200 INFO o.a.j.JMeter: os.version=10.13.1
2017-12-07 08:28:54,201 INFO o.a.j.JMeter: file.encoding=UTF-8
2017-12-07 08:28:54,201 INFO o.a.j.JMeter: Max memory     =3817865216
2017-12-07 08:28:54,201 INFO o.a.j.JMeter: Available Processors =4
2017-12-07 08:28:54,208 INFO o.a.j.JMeter: Default Locale=English (United States)
2017-12-07 08:28:54,208 INFO o.a.j.JMeter: JMeter  Locale=English (United States)
2017-12-07 08:28:54,208 INFO o.a.j.JMeter: JMeterHome=/Users/daper01/.bzt/jmeter-taurus/3.3
2017-12-07 08:28:54,208 INFO o.a.j.JMeter: user.dir  =/Users/daper01/Documents/OSLo
2017-12-07 08:28:54,208 INFO o.a.j.JMeter: PWD       =/Users/daper01/Documents/OSLo
2017-12-07 08:28:54,215 INFO o.a.j.JMeter: IP: 192.168.1.77 Name: daper01mac1124 FullName: daper01mac1124
2017-12-07 08:28:54,216 INFO o.a.j.JMeter: user.classpath=/Users/daper01/Documents/OSLo/artifacts/2017-12-07_08-28-43.107377
2017-12-07 08:28:54,216 INFO o.a.j.JMeter: Adding to classpath and loader: /Users/daper01/Documents/OSLo/artifacts/2017-12-07_08-28-43.107377
2017-12-07 08:28:54,224 INFO o.a.j.s.FileServer: Default base='/Users/daper01/Documents/OSLo'
2017-12-07 08:28:54,224 INFO o.a.j.s.FileServer: Set new base='/Users/daper01/Documents/OSLo/artifacts/2017-12-07_08-28-43.107377'
2017-12-07 08:28:54,447 INFO o.a.j.s.SaveService: Testplan (JMX) version: 2.2. Testlog (JTL) version: 2.2
2017-12-07 08:28:54,467 INFO o.a.j.s.SaveService: Using SaveService properties file encoding UTF-8
2017-12-07 08:28:54,471 INFO o.a.j.s.SaveService: Using SaveService properties version 3.2
2017-12-07 08:28:54,482 INFO o.a.j.s.SaveService: Loading file: /Users/daper01/Documents/OSLo/artifacts/2017-12-07_08-28-43.107377/modified_requests-1.jmx
2017-12-07 08:28:54,543 INFO o.a.j.p.h.c.CacheManager: Will only cache the following methods: [GET]
2017-12-07 08:28:54,545 INFO o.a.j.p.h.c.CookieManager: Settings: Delete null: true Check: true Allow variable: true Save: false Prefix: COOKIE_
2017-12-07 08:28:54,564 INFO o.a.j.p.h.s.HTTPSamplerBase: Parser for text/html is org.apache.jmeter.protocol.http.parser.LagartoBasedHtmlParser
2017-12-07 08:28:54,564 INFO o.a.j.p.h.s.HTTPSamplerBase: Parser for application/xhtml+xml is org.apache.jmeter.protocol.http.parser.LagartoBasedHtmlParser
2017-12-07 08:28:54,564 INFO o.a.j.p.h.s.HTTPSamplerBase: Parser for application/xml is org.apache.jmeter.protocol.http.parser.LagartoBasedHtmlParser
2017-12-07 08:28:54,564 INFO o.a.j.p.h.s.HTTPSamplerBase: Parser for text/xml is org.apache.jmeter.protocol.http.parser.LagartoBasedHtmlParser
2017-12-07 08:28:54,564 INFO o.a.j.p.h.s.HTTPSamplerBase: Parser for text/vnd.wap.wml is org.apache.jmeter.protocol.http.parser.RegexpHTMLParser
2017-12-07 08:28:54,564 INFO o.a.j.p.h.s.HTTPSamplerBase: Parser for text/css is org.apache.jmeter.protocol.http.parser.CssParser
2017-12-07 08:28:54,597 INFO o.a.j.e.StandardJMeterEngine: Running the test!
2017-12-07 08:28:54,598 INFO o.a.j.s.SampleEvent: List of sample_variables: []
2017-12-07 08:28:54,598 INFO o.a.j.s.SampleEvent: List of sample_variables: []
2017-12-07 08:28:54,602 INFO o.a.j.e.u.CompoundVariable: Note: Function class names must contain the string: '.functions.'
2017-12-07 08:28:54,602 INFO o.a.j.e.u.CompoundVariable: Note: Function class names must not contain the string: '.gui.'
2017-12-07 08:28:55,426 INFO o.a.j.JMeter: Running test (1512664135426)
2017-12-07 08:28:55,486 INFO o.a.j.e.StandardJMeterEngine: Starting ThreadGroup: 1 : blazedemo
2017-12-07 08:28:55,486 INFO o.a.j.e.StandardJMeterEngine: Starting 50 threads for group blazedemo.
2017-12-07 08:28:55,486 INFO o.a.j.e.StandardJMeterEngine: Thread will continue on error
2017-12-07 08:28:55,490 INFO o.a.j.e.StandardJMeterEngine: All thread groups have been started
2017-12-07 08:28:55,490 INFO c.b.j.t.c.ConcurrencyThreadStarter: Start supplying threads
2017-12-07 08:28:56,696 INFO o.a.j.s.SampleResult: Note: Sample TimeStamps are START times
2017-12-07 08:28:56,697 INFO o.a.j.s.SampleResult: sampleresult.default.encoding is set to UTF-8
2017-12-07 08:28:56,697 INFO o.a.j.s.SampleResult: sampleresult.useNanoTime=true
2017-12-07 08:28:56,697 INFO o.a.j.s.SampleResult: sampleresult.nanoThreadSleep=5000
2017-12-07 08:28:56,904 INFO o.a.j.t.JMeterThread: Thread started: blazedemo 1-1
2017-12-07 08:28:56,907 INFO o.a.j.s.FileServer: Stored: /Users/daper01/Documents/OSLo/param.csv
2017-12-07 08:28:56,928 INFO o.a.j.p.h.s.HTTPHCAbstractImpl: Local host = daper01mac1124
2017-12-07 08:28:56,934 INFO o.a.j.p.h.s.HTTPHC4Impl: HTTP request retry count = 0
2017-12-07 08:28:59,714 INFO o.a.j.t.JMeterThread: Thread started: blazedemo 1-2
2017-12-07 08:29:01,728 INFO o.a.j.t.JMeterThread: Thread started: blazedemo 1-3
2017-12-07 08:29:04,731 INFO o.a.j.t.JMeterThread: Thread started: blazedemo 1-4
2017-12-07 08:29:06,740 INFO o.a.j.t.JMeterThread: Thread started: blazedemo 1-5
2017-12-07 08:29:08,749 INFO o.a.j.t.JMeterThread: Thread started: blazedemo 1-6
2017-12-07 08:29:11,760 INFO o.a.j.t.JMeterThread: Thread started: blazedemo 1-7
2017-12-07 08:29:13,769 INFO o.a.j.t.JMeterThread: Thread started: blazedemo 1-8
2017-12-07 08:29:16,778 INFO o.a.j.t.JMeterThread: Thread started: blazedemo 1-9
2017-12-07 08:29:18,786 INFO o.a.j.t.JMeterThread: Thread started: blazedemo 1-10
2017-12-07 08:29:20,790 INFO o.a.j.t.JMeterThread: Thread started: blazedemo 1-11
2017-12-07 08:29:23,799 INFO o.a.j.t.JMeterThread: Thread started: blazedemo 1-12
2017-12-07 08:29:25,801 INFO o.a.j.t.JMeterThread: Thread started: blazedemo 1-13
2017-12-07 08:29:28,812 INFO o.a.j.t.JMeterThread: Thread started: blazedemo 1-14
2017-12-07 08:29:30,816 INFO o.a.j.t.JMeterThread: Thread started: blazedemo 1-15
2017-12-07 08:29:32,796 INFO o.a.j.JMeter: Command: Shutdown received from /127.0.0.1
2017-12-07 08:29:32,798 INFO c.b.j.t.c.ConcurrencyThreadStarter: Done supplying threads
2017-12-07 08:29:32,798 WARN o.a.j.t.JMeterThread: Interrupting: blazedemo 1-14 sampler: Reserve Page
2017-12-07 08:29:32,798 WARN o.a.j.t.JMeterThread: Interrupting: blazedemo 1-3 sampler: Welcome Page
2017-12-07 08:29:32,799 WARN o.a.j.t.JMeterThread: Interrupting: blazedemo 1-6 sampler: Purchase Page
2017-12-07 08:29:32,800 WARN o.a.j.t.JMeterThread: Interrupting: blazedemo 1-12 sampler: Welcome Page
2017-12-07 08:29:32,801 WARN o.a.j.t.JMeterThread: Interrupting: blazedemo 1-13 sampler: Purchase Page
2017-12-07 08:29:32,802 WARN o.a.j.t.JMeterThread: Interrupting: blazedemo 1-2 sampler: Welcome Page
2017-12-07 08:29:32,803 WARN o.a.j.t.JMeterThread: Interrupting: blazedemo 1-1 sampler: Purchase Page
2017-12-07 08:29:32,804 WARN o.a.j.t.JMeterThread: Interrupting: blazedemo 1-8 sampler: Purchase Page
2017-12-07 08:29:32,805 WARN o.a.j.t.JMeterThread: Interrupting: blazedemo 1-4 sampler: Confirmation Page
2017-12-07 08:29:32,806 WARN o.a.j.t.JMeterThread: Interrupting: blazedemo 1-10 sampler: Reserve Page
2017-12-07 08:29:32,807 WARN o.a.j.t.JMeterThread: Interrupting: blazedemo 1-7 sampler: Welcome Page
2017-12-07 08:29:32,808 WARN o.a.j.t.JMeterThread: Interrupting: blazedemo 1-15 sampler: Confirmation Page
2017-12-07 08:29:32,809 WARN o.a.j.t.JMeterThread: Interrupting: blazedemo 1-9 sampler: Welcome Page
2017-12-07 08:29:32,810 WARN o.a.j.t.JMeterThread: Interrupting: blazedemo 1-5 sampler: Welcome Page
2017-12-07 08:29:32,810 WARN o.a.j.t.JMeterThread: Interrupting: blazedemo 1-11 sampler: Confirmation Page
2017-12-07 08:29:32,815 INFO o.a.j.t.JMeterThread: Thread is done: blazedemo 1-3
2017-12-07 08:29:32,815 INFO o.a.j.t.JMeterThread: Thread finished: blazedemo 1-3
2017-12-07 08:29:32,816 INFO o.a.j.t.JMeterThread: Thread is done: blazedemo 1-11
2017-12-07 08:29:32,816 INFO o.a.j.t.JMeterThread: Thread finished: blazedemo 1-11
2017-12-07 08:29:32,818 INFO o.a.j.t.JMeterThread: Thread is done: blazedemo 1-5
2017-12-07 08:29:32,818 INFO o.a.j.t.JMeterThread: Thread finished: blazedemo 1-5
2017-12-07 08:29:32,819 INFO o.a.j.t.JMeterThread: Thread is done: blazedemo 1-9
2017-12-07 08:29:32,819 INFO o.a.j.t.JMeterThread: Thread finished: blazedemo 1-9
2017-12-07 08:29:32,820 INFO o.a.j.t.JMeterThread: Thread is done: blazedemo 1-15
2017-12-07 08:29:32,820 INFO o.a.j.t.JMeterThread: Thread finished: blazedemo 1-15
2017-12-07 08:29:32,821 INFO o.a.j.t.JMeterThread: Thread is done: blazedemo 1-7
2017-12-07 08:29:32,822 INFO o.a.j.t.JMeterThread: Thread finished: blazedemo 1-7
2017-12-07 08:29:32,822 INFO o.a.j.t.JMeterThread: Thread is done: blazedemo 1-10
2017-12-07 08:29:32,822 INFO o.a.j.t.JMeterThread: Thread finished: blazedemo 1-10
2017-12-07 08:29:32,824 INFO o.a.j.t.JMeterThread: Thread is done: blazedemo 1-4
2017-12-07 08:29:32,824 INFO o.a.j.t.JMeterThread: Thread finished: blazedemo 1-4
2017-12-07 08:29:32,824 INFO o.a.j.t.JMeterThread: Thread is done: blazedemo 1-8
2017-12-07 08:29:32,825 INFO o.a.j.t.JMeterThread: Thread finished: blazedemo 1-8
2017-12-07 08:29:32,825 INFO o.a.j.t.JMeterThread: Thread is done: blazedemo 1-1
2017-12-07 08:29:32,826 INFO o.a.j.t.JMeterThread: Thread finished: blazedemo 1-1
2017-12-07 08:29:32,826 INFO o.a.j.t.JMeterThread: Thread is done: blazedemo 1-2
2017-12-07 08:29:32,826 INFO o.a.j.t.JMeterThread: Thread finished: blazedemo 1-2
2017-12-07 08:29:32,826 INFO o.a.j.t.JMeterThread: Thread is done: blazedemo 1-13
2017-12-07 08:29:32,827 INFO o.a.j.t.JMeterThread: Thread finished: blazedemo 1-13
2017-12-07 08:29:32,827 INFO o.a.j.t.JMeterThread: Thread is done: blazedemo 1-6
2017-12-07 08:29:32,827 INFO o.a.j.t.JMeterThread: Thread finished: blazedemo 1-6
2017-12-07 08:29:32,828 INFO o.a.j.t.JMeterThread: Thread is done: blazedemo 1-12
2017-12-07 08:29:32,828 INFO o.a.j.t.JMeterThread: Thread finished: blazedemo 1-12
2017-12-07 08:29:32,829 INFO o.a.j.t.JMeterThread: Thread is done: blazedemo 1-14
2017-12-07 08:29:32,829 INFO o.a.j.t.JMeterThread: Thread finished: blazedemo 1-14
2017-12-07 08:29:32,829 INFO o.a.j.e.StandardJMeterEngine: Notifying test listeners of end of test
2017-12-07 08:29:32,829 INFO o.a.j.s.FileServer: Close: /Users/daper01/Documents/OSLo/param.csv
2017-12-07 08:29:32,831 INFO o.a.j.e.StandardJMeterEngine: Forced JVM shutdown requested at end of test
