[2018-02-09 14:24:50,758 INFO root] Taurus CLI Tool v1.10.5
[2018-02-09 14:24:50,759 DEBUG root] Command-line options: {'verbose': None, 'no_system_configs': None, 'quiet': None, 'log': '/var/folders/vq/xzrdy2lx047cst78f69v8z3xfzqz1q/T/bzt_g9hsq3.log', 'option': None, 'aliases': []}
[2018-02-09 14:24:50,759 DEBUG root] Python: CPython 2.7.10
[2018-02-09 14:24:50,759 DEBUG root] OS: ('Darwin', 'daper01mac1124', '17.2.0', 'Darwin Kernel Version 17.2.0: Fri Sep 29 18:27:05 PDT 2017; root:xnu-4570.20.62~3/RELEASE_X86_64', 'x86_64', 'i386')
[2018-02-09 14:24:50,759 INFO root] Starting with configs: ['load_scenario_from_csv.yml', 'execution_jmeter.yml']
[2018-02-09 14:24:50,759 DEBUG root] Using personal config: /Users/daper01/.bzt-rc
[2018-02-09 14:24:50,759 INFO Engine] Configuring...
[2018-02-09 14:24:50,759 DEBUG Engine] No machine configs dir: /usr/local/Cellar/bzt/1.10.5/libexec/etc/bzt.d
[2018-02-09 14:24:50,760 DEBUG Engine] Base configs list: ['/usr/local/Cellar/bzt/1.10.5/libexec/lib/python2.7/site-packages/bzt/resources/base-config.yml']
[2018-02-09 14:24:50,760 DEBUG Engine.Configuration] Configs: ['/usr/local/Cellar/bzt/1.10.5/libexec/lib/python2.7/site-packages/bzt/resources/base-config.yml']
[2018-02-09 14:24:50,773 DEBUG Engine.Configuration] Reading /usr/local/Cellar/bzt/1.10.5/libexec/lib/python2.7/site-packages/bzt/resources/base-config.yml as YAML
[2018-02-09 14:24:50,801 DEBUG Engine] User configs list: ['/Users/daper01/.bzt-rc', 'load_scenario_from_csv.yml', 'execution_jmeter.yml']
[2018-02-09 14:24:50,801 DEBUG Engine.Configuration] Configs: ['/Users/daper01/.bzt-rc', 'load_scenario_from_csv.yml', 'execution_jmeter.yml']
[2018-02-09 14:24:50,802 DEBUG Engine.Configuration] Reading /Users/daper01/.bzt-rc as YAML
[2018-02-09 14:24:50,816 DEBUG Engine.Configuration] Reading load_scenario_from_csv.yml as YAML
[2018-02-09 14:24:50,834 DEBUG Engine.Configuration] Reading execution_jmeter.yml as YAML
[2018-02-09 14:24:50,838 DEBUG Engine.Configuration] Configs: ['/Users/daper01/.bzt-rc', 'load_scenario_from_csv.yml', 'execution_jmeter.yml']
[2018-02-09 14:24:50,838 DEBUG Engine.Configuration] Reading /Users/daper01/.bzt-rc as YAML
[2018-02-09 14:24:50,839 DEBUG Engine.Configuration] Reading load_scenario_from_csv.yml as YAML
[2018-02-09 14:24:50,843 DEBUG Engine.Configuration] Reading execution_jmeter.yml as YAML
[2018-02-09 14:24:50,867 DEBUG Engine] Requesting updates info: http://gettaurus.org/updates/?version=1.10.5&installID=macos-784f43782a15
[2018-02-09 14:24:50,876 INFO Engine] Artifacts dir: /Users/daper01/Documents/OSLo/artifacts/2018-02-09_14-24-50.867540
[2018-02-09 14:24:50,878 DEBUG Engine] New artifact filename: /Users/daper01/Documents/OSLo/artifacts/2018-02-09_14-24-50.867540/effective
[2018-02-09 14:24:50,884 DEBUG Engine.Configuration] Dumping YAML config into /Users/daper01/Documents/OSLo/artifacts/2018-02-09_14-24-50.867540/effective.yml
[2018-02-09 14:24:50,912 DEBUG Engine.Configuration] Dumping JSON config into /Users/daper01/Documents/OSLo/artifacts/2018-02-09_14-24-50.867540/effective.json
[2018-02-09 14:24:50,914 DEBUG Engine] New artifact filename: /Users/daper01/Documents/OSLo/artifacts/2018-02-09_14-24-50.867540/merged.yml
[2018-02-09 14:24:50,915 DEBUG Engine.Configuration] Dumping YAML config into /Users/daper01/Documents/OSLo/artifacts/2018-02-09_14-24-50.867540/merged.yml
[2018-02-09 14:24:50,923 DEBUG Engine] New artifact filename: /Users/daper01/Documents/OSLo/artifacts/2018-02-09_14-24-50.867540/merged.json
[2018-02-09 14:24:50,924 DEBUG Engine.Configuration] Dumping JSON config into /Users/daper01/Documents/OSLo/artifacts/2018-02-09_14-24-50.867540/merged.json
[2018-02-09 14:24:50,925 DEBUG Engine] Add existing artifact (move=False): load_scenario_from_csv.yml
[2018-02-09 14:24:50,925 DEBUG Engine] Copying load_scenario_from_csv.yml to /Users/daper01/Documents/OSLo/artifacts/2018-02-09_14-24-50.867540/load_scenario_from_csv.yml
[2018-02-09 14:24:50,926 DEBUG Engine] Add existing artifact (move=False): execution_jmeter.yml
[2018-02-09 14:24:50,926 DEBUG Engine] Copying execution_jmeter.yml to /Users/daper01/Documents/OSLo/artifacts/2018-02-09_14-24-50.867540/execution_jmeter.yml
[2018-02-09 14:24:50,929 DEBUG root] Closing log handler: /var/folders/vq/xzrdy2lx047cst78f69v8z3xfzqz1q/T/bzt_g9hsq3.log
[2018-02-09 14:24:50,949 DEBUG root] Switched writing logs to /Users/daper01/Documents/OSLo/artifacts/2018-02-09_14-24-50.867540/bzt.log
[2018-02-09 14:24:50,949 DEBUG root] Linting config
[2018-02-09 14:24:50,954 INFO Engine] Preparing...
[2018-02-09 14:24:50,954 DEBUG Engine] Module config: consolidator defaultdict(None, {'class': 'bzt.modules.aggregator.ConsolidatingAggregator'})
[2018-02-09 14:24:50,954 DEBUG root] Importing module: bzt.modules.aggregator
[2018-02-09 14:24:51,334 DEBUG root] Loading class: 'ConsolidatingAggregator' from <module 'bzt.modules.aggregator' from '/usr/local/Cellar/bzt/1.10.5/libexec/lib/python2.7/site-packages/bzt/modules/aggregator.pyc'>
[2018-02-09 14:24:51,334 DEBUG Engine.consolidator] Buffer scaling setup: percentile 95.0 from [0.0, 50.0, 90.0, 95.0, 99.0, 99.9, 100.0] selected
[2018-02-09 14:24:51,334 DEBUG Engine] Module config: monitoring defaultdict(None, {'class': 'bzt.modules.monitoring.Monitoring'})
[2018-02-09 14:24:51,334 DEBUG root] Importing module: bzt.modules.monitoring
[2018-02-09 14:24:51,389 DEBUG root] Loading class: 'Monitoring' from <module 'bzt.modules.monitoring' from '/usr/local/Cellar/bzt/1.10.5/libexec/lib/python2.7/site-packages/bzt/modules/monitoring.pyc'>
[2018-02-09 14:24:51,389 DEBUG Engine] Module config: local defaultdict(None, {'class': 'bzt.modules.provisioning.Local'})
[2018-02-09 14:24:51,389 DEBUG root] Importing module: bzt.modules.provisioning
[2018-02-09 14:24:51,389 DEBUG root] Loading class: 'Local' from <module 'bzt.modules.provisioning' from '/usr/local/Cellar/bzt/1.10.5/libexec/lib/python2.7/site-packages/bzt/modules/provisioning.pyc'>
[2018-02-09 14:24:51,389 DEBUG Engine] Module config: jmeter defaultdict(None, {'properties': defaultdict(None, {'jmeter.save.saveservice.autoflush': 'true', 'jmeter.save.saveservice.connect_time': 'true', 'summariser.name': '', 'jmeterengine.force.system.exit': 'true'}), 'class': 'bzt.modules.jmeter.JMeterExecutor', 'plugins': ['jpgc-casutg', 'jpgc-dummy', 'jpgc-ffw', 'jpgc-fifo', 'jpgc-functions', 'jpgc-json', 'jpgc-perfmon', 'jpgc-prmctl', 'jpgc-tst']})
[2018-02-09 14:24:51,389 DEBUG root] Importing module: bzt.modules.jmeter
[2018-02-09 14:24:51,545 DEBUG root] Loading class: 'JMeterExecutor' from <module 'bzt.modules.jmeter' from '/usr/local/Cellar/bzt/1.10.5/libexec/lib/python2.7/site-packages/bzt/modules/jmeter.py'>
[2018-02-09 14:24:51,546 DEBUG Engine.local] Preparing executor: jmeter/4522236752
[2018-02-09 14:24:51,546 DEBUG Engine] New artifact filename: /Users/daper01/Documents/OSLo/artifacts/2018-02-09_14-24-50.867540/jmeter.log
[2018-02-09 14:24:51,546 DEBUG Engine.jmeter] Checking if port 4445 is free
[2018-02-09 14:24:51,547 DEBUG Engine.jmeter] Port 4445 is free
[2018-02-09 14:24:51,547 DEBUG Engine.jmeter] Using port 4445 for management
[2018-02-09 14:24:51,547 DEBUG Engine.jmeter.JavaVM] Trying JavaVM: ['java', '-version']
[2018-02-09 14:24:51,872 DEBUG Engine] Taurus updates info: {"latest":"1.10.5","needsUpgrade":false}
[2018-02-09 14:24:51,872 DEBUG Engine] Installation is up-to-date
[2018-02-09 14:24:52,267 DEBUG Engine.jmeter.JavaVM] JavaVM output: java version "1.8.0_121"
Java(TM) SE Runtime Environment (build 1.8.0_121-b13)
Java HotSpot(TM) 64-Bit Server VM (build 25.121-b13, mixed mode)

[2018-02-09 14:24:52,267 DEBUG Engine.jmeter.TclLibrary] We don't need to check tcl library on this platform
[2018-02-09 14:24:52,268 DEBUG Engine.jmeter.JMeter] Trying jmeter: /Users/daper01/.bzt/jmeter-taurus/3.3/bin/jmeter.sh
[2018-02-09 14:24:52,268 DEBUG bzt.utils] Executing shell: ['/Users/daper01/.bzt/jmeter-taurus/3.3/bin/jmeter.sh', '-j', '/var/folders/vq/xzrdy2lx047cst78f69v8z3xfzqz1q/T/jmeterWz_GYHlog', '--version'] at .
[2018-02-09 14:24:54,986 DEBUG Engine.jmeter.JMeter] JMeter check:     _    ____   _    ____ _   _ _____       _ __  __ _____ _____ _____ ____     
   / \  |  _ \ / \  / ___| | | | ____|     | |  \/  | ____|_   _| ____|  _ \   
  / _ \ | |_) / _ \| |   | |_| |  _|    _  | | |\/| |  _|   | | |  _| | |_) | 
 / ___ \|  __/ ___ \ |___|  _  | |___  | |_| | |  | | |___  | | | |___|  _ <  
/_/   \_\_| /_/   \_\____|_| |_|_____|  \___/|_|  |_|_____| |_| |_____|_| \_\ 3.3 r1808647  

Copyright (c) 1999-2017 The Apache Software Foundation

 / None
[2018-02-09 14:24:54,986 DEBUG Engine] New artifact filename: /Users/daper01/Documents/OSLo/artifacts/2018-02-09_14-24-50.867540/requests.jmx
[2018-02-09 14:24:54,993 DEBUG JMeterScenarioBuilder] Saving JMX to: /Users/daper01/Documents/OSLo/artifacts/2018-02-09_14-24-50.867540/requests.jmx
[2018-02-09 14:24:54,995 DEBUG Engine.jmeter] Load: LoadSpec(concurrency=50, throughput=None, ramp_up=30.0, hold=120.0, iterations=0, duration=150.0, steps=None)
[2018-02-09 14:24:55,012 DEBUG Engine] New artifact filename: /Users/daper01/Documents/OSLo/artifacts/2018-02-09_14-24-50.867540/kpi.jtl
[2018-02-09 14:24:55,013 DEBUG Engine] New artifact filename: /Users/daper01/Documents/OSLo/artifacts/2018-02-09_14-24-50.867540/error.jtl
[2018-02-09 14:24:55,015 DEBUG Engine.jmeter.LoadSettingsProcessor.ThreadGroupHandler] Converting ThreadGroup (blazedemo) to ConcurrencyThreadGroup and apply load parameters
[2018-02-09 14:24:55,015 DEBUG Engine] New artifact filename: /Users/daper01/Documents/OSLo/artifacts/2018-02-09_14-24-50.867540/modified_requests.jmx
[2018-02-09 14:24:55,015 DEBUG JMX] Saving JMX to: /Users/daper01/Documents/OSLo/artifacts/2018-02-09_14-24-50.867540/modified_requests.jmx
[2018-02-09 14:24:55,016 DEBUG Engine.jmeter] Additional properties: defaultdict(None, {'jmeter.save.saveservice.autoflush': 'true', 'jmeter.save.saveservice.connect_time': 'true', 'user.classpath': '/Users/daper01/Documents/OSLo/artifacts/2018-02-09_14-24-50.867540:/Users/daper01/Documents/OSLo/artifacts/2018-02-09_14-24-50.867540', 'sampleresult.default.encoding': 'UTF-8', 'summariser.name': '', 'jmeterengine.force.system.exit': 'true', 'jmeter.save.saveservice.timestamp_format': 'ms', 'jmeterengine.nongui.maxport': 4445, 'jmeterengine.nongui.port': 4445})
[2018-02-09 14:24:55,016 DEBUG Engine] New artifact filename: /Users/daper01/Documents/OSLo/artifacts/2018-02-09_14-24-50.867540/jmeter-bzt.properties
[2018-02-09 14:24:55,016 DEBUG Engine.jmeter] Additional system properties defaultdict(None, {'sun.net.inetaddr.ttl': 0})
[2018-02-09 14:24:55,016 DEBUG Engine] New artifact filename: /Users/daper01/Documents/OSLo/artifacts/2018-02-09_14-24-50.867540/system.properties
[2018-02-09 14:24:55,017 DEBUG bzt.utils] Executing shell: ['/Users/daper01/.bzt/jmeter-taurus/3.3/bin/PluginsManagerCMD.sh', 'install-for-jmx', '/Users/daper01/Documents/OSLo/artifacts/2018-02-09_14-24-50.867540/modified_requests.jmx'] at .
[2018-02-09 14:25:01,547 DEBUG Engine.jmeter.JMeter] Try to detect plugins for /Users/daper01/Documents/OSLo/artifacts/2018-02-09_14-24-50.867540/modified_requests.jmx
14:24:59.941 [main] INFO  org.jmeterplugins.repository.PluginManager - Plugins Status: [jpgc-functions=2.0, jpgc-casutg=2.1, jpgc-dummy=0.2, jpgc-ffw=2.0, jpgc-fifo=0.2, jpgc-json=2.6, jpgc-prmctl=0.3, jpgc-perfmon=2.1, jpgc-plugins-manager=0.16, jpgc-tst=2.1, jmeter-core=3.3, jmeter-ftp=3.3, jmeter-http=3.3, jmeter-jdbc=3.3, jmeter-jms=3.3, jmeter-junit=3.3, jmeter-java=3.3, jmeter-ldap=3.3, jmeter-mail=3.3, jmeter-mongodb=3.3, jmeter-native=3.3, jmeter-tcp=3.3, jmeter-components=3.3]
2018-02-09 14:24:59,941 INFO o.j.r.PluginManager: Plugins Status: [jpgc-functions=2.0, jpgc-casutg=2.1, jpgc-dummy=0.2, jpgc-ffw=2.0, jpgc-fifo=0.2, jpgc-json=2.6, jpgc-prmctl=0.3, jpgc-perfmon=2.1, jpgc-plugins-manager=0.16, jpgc-tst=2.1, jmeter-core=3.3, jmeter-ftp=3.3, jmeter-http=3.3, jmeter-jdbc=3.3, jmeter-jms=3.3, jmeter-junit=3.3, jmeter-java=3.3, jmeter-ldap=3.3, jmeter-mail=3.3, jmeter-mongodb=3.3, jmeter-native=3.3, jmeter-tcp=3.3, jmeter-components=3.3]
14:25:00.414 [main] INFO  org.apache.jmeter.save.SaveService - Testplan (JMX) version: 2.2. Testlog (JTL) version: 2.2
2018-02-09 14:25:00,414 INFO o.a.j.s.SaveService: Testplan (JMX) version: 2.2. Testlog (JTL) version: 2.2
14:25:00.454 [main] INFO  org.apache.jmeter.save.SaveService - Using SaveService properties file encoding UTF-8
2018-02-09 14:25:00,454 INFO o.a.j.s.SaveService: Using SaveService properties file encoding UTF-8
14:25:00.457 [main] INFO  org.apache.jmeter.save.SaveService - Using SaveService properties version 3.2
2018-02-09 14:25:00,457 INFO o.a.j.s.SaveService: Using SaveService properties version 3.2
14:25:00.828 [main] INFO  org.apache.jmeter.protocol.http.control.CacheManager - Will only cache the following methods: [GET]
2018-02-09 14:25:00,828 INFO o.a.j.p.h.c.CacheManager: Will only cache the following methods: [GET]
14:25:00.832 [main] INFO  org.apache.jmeter.protocol.http.control.CookieManager - Settings: Delete null: true Check: true Allow variable: true Save: false Prefix: COOKIE_
2018-02-09 14:25:00,832 INFO o.a.j.p.h.c.CookieManager: Settings: Delete null: true Check: true Allow variable: true Save: false Prefix: COOKIE_
14:25:01.089 [main] INFO  org.jmeterplugins.repository.PluginManager - Restarting JMeter...
2018-02-09 14:25:01,089 INFO o.j.r.PluginManager: Restarting JMeter...
14:25:01.090 [Thread-1] INFO  org.jmeterplugins.repository.PluginManager - Starting JMeter Plugins modifications
2018-02-09 14:25:01,090 INFO o.j.r.PluginManager: Starting JMeter Plugins modifications

ERROR StatusLogger No log4j2 configuration file found. Using default configuration: logging only errors to the console. Set system property 'org.apache.logging.log4j.simplelog.StatusLogger.level' to TRACE to show Log4j2 internal initialization logging.

[2018-02-09 14:25:06,548 DEBUG Engine] New artifact filename: /Users/daper01/Documents/OSLo/artifacts/2018-02-09_14-24-50.867540/jmeter.out
[2018-02-09 14:25:06,549 DEBUG Engine] New artifact filename: /Users/daper01/Documents/OSLo/artifacts/2018-02-09_14-24-50.867540/jmeter.err
[2018-02-09 14:25:06,554 DEBUG Engine] Module config: final-stats defaultdict(None, {'class': 'bzt.modules.reporting.FinalStatus'})
[2018-02-09 14:25:06,555 DEBUG root] Importing module: bzt.modules.reporting
[2018-02-09 14:25:09,399 DEBUG easyprocess] version=0.2.3
[2018-02-09 14:25:09,520 DEBUG pyvirtualdisplay] version=0.2.1
[2018-02-09 14:25:09,546 DEBUG root] Loading class: 'FinalStatus' from <module 'bzt.modules.reporting' from '/usr/local/Cellar/bzt/1.10.5/libexec/lib/python2.7/site-packages/bzt/modules/reporting.py'>
[2018-02-09 14:25:09,546 DEBUG Engine] Module config: console defaultdict(None, {'class': 'bzt.modules.console.ConsoleStatusReporter'})
[2018-02-09 14:25:09,546 DEBUG root] Importing module: bzt.modules.console
[2018-02-09 14:25:09,546 DEBUG root] Loading class: 'ConsoleStatusReporter' from <module 'bzt.modules.console' from '/usr/local/Cellar/bzt/1.10.5/libexec/lib/python2.7/site-packages/bzt/modules/console.pyc'>
[2018-02-09 14:25:09,556 DEBUG Engine.Configuration] Dumping YAML config into /Users/daper01/Documents/OSLo/artifacts/2018-02-09_14-24-50.867540/effective.yml
[2018-02-09 14:25:09,593 DEBUG Engine.Configuration] Dumping JSON config into /Users/daper01/Documents/OSLo/artifacts/2018-02-09_14-24-50.867540/effective.json
[2018-02-09 14:25:09,594 INFO Engine] Starting...
[2018-02-09 14:25:09,594 DEBUG Engine] Startup <bzt.modules.monitoring.Monitoring object at 0x10cc565d0>
[2018-02-09 14:25:09,594 DEBUG Engine] Startup <bzt.modules.aggregator.ConsolidatingAggregator object at 0x10cd4bc50>
[2018-02-09 14:25:09,594 DEBUG Engine] Startup <bzt.modules.reporting.FinalStatus object at 0x10cdbaf90>
[2018-02-09 14:25:09,595 DEBUG Engine] Startup <bzt.modules.console.ConsoleStatusReporter object at 0x10d9cb290>
[2018-02-09 14:25:09,595 INFO Engine.console] Waiting for results...
[2018-02-09 14:25:09,595 DEBUG Engine] Startup <bzt.modules.reporting.FinalStatus object at 0x10d9cb3d0>
[2018-02-09 14:25:09,595 DEBUG Engine] Startup <bzt.modules.provisioning.Local object at 0x10cc24b10>
[2018-02-09 14:25:09,595 DEBUG Engine.local] Delay setup for jmeter/blazedemo: 0(start-at) + 0(delay) = 0
[2018-02-09 14:25:09,598 DEBUG Engine.Configuration] Dumping YAML config into /Users/daper01/Documents/OSLo/artifacts/2018-02-09_14-24-50.867540/effective.yml
[2018-02-09 14:25:09,637 DEBUG Engine.Configuration] Dumping JSON config into /Users/daper01/Documents/OSLo/artifacts/2018-02-09_14-24-50.867540/effective.json
[2018-02-09 14:25:09,640 DEBUG root] Leveling down log file verbosity, use -v option to have DEBUG messages enabled
[2018-02-09 14:25:09,640 DEBUG root] Leveled up log file verbosity
[2018-02-09 14:25:09,641 DEBUG bzt.utils] Executing shell: ['/Users/daper01/.bzt/jmeter-taurus/3.3/bin/jmeter.sh', '-n', '-t', '/Users/daper01/Documents/OSLo/artifacts/2018-02-09_14-24-50.867540/modified_requests.jmx', '-j', '/Users/daper01/Documents/OSLo/artifacts/2018-02-09_14-24-50.867540/jmeter.log', '-q', '/Users/daper01/Documents/OSLo/artifacts/2018-02-09_14-24-50.867540/jmeter-bzt.properties', '-S', '/Users/daper01/Documents/OSLo/artifacts/2018-02-09_14-24-50.867540/system.properties'] at /Users/daper01/Documents/OSLo
[2018-02-09 14:25:09,650 DEBUG root] Leveling down log file verbosity, use -v option to have DEBUG messages enabled
[2018-02-09 14:25:09,884 INFO Engine.console] Waiting for finish...
[2018-02-09 14:25:19,520 WARNING Engine] Please wait for graceful shutdown...
[2018-02-09 14:25:19,527 DEBUG root] Leveled up log file verbosity
[2018-02-09 14:25:19,527 INFO Engine] Shutting down...
[2018-02-09 14:25:19,532 DEBUG Engine.local] Shutdown jmeter/blazedemo
[2018-02-09 14:25:20,538 INFO Engine.jmeter] Sending Shutdown command to JMeter on port 4445...
[2018-02-09 14:25:21,552 DEBUG Engine.jmeter] JMeter stopped on Shutdown command
[2018-02-09 14:25:21,553 DEBUG Engine.console] Restoring logging streams, [<logging.StreamHandler object at 0x10cc24190>]/{<logging.StreamHandler object at 0x10cc24190>: <open file '<stdout>', mode 'w' at 0x10b7ea150>}
[2018-02-09 14:25:21,559 DEBUG Engine.Configuration] Dumping YAML config into /Users/daper01/Documents/OSLo/artifacts/2018-02-09_14-24-50.867540/effective.yml
[2018-02-09 14:25:21,607 DEBUG Engine.Configuration] Dumping JSON config into /Users/daper01/Documents/OSLo/artifacts/2018-02-09_14-24-50.867540/effective.json
[2018-02-09 14:25:21,609 WARNING root] Keyboard interrupt
[2018-02-09 14:25:21,610 DEBUG root] KeyboardInterrupt: 
Traceback (most recent call last):
  File "/usr/local/Cellar/bzt/1.10.5/libexec/lib/python2.7/site-packages/bzt/cli.py", line 249, in perform
    self.engine.run()
  File "/usr/local/Cellar/bzt/1.10.5/libexec/lib/python2.7/site-packages/bzt/engine.py", line 219, in run
    reraise(exc_info)
  File "/usr/local/Cellar/bzt/1.10.5/libexec/lib/python2.7/site-packages/bzt/engine.py", line 201, in run
    self._wait()
  File "/usr/local/Cellar/bzt/1.10.5/libexec/lib/python2.7/site-packages/bzt/engine.py", line 247, in _wait
    time.sleep(delay)
KeyboardInterrupt
[2018-02-09 14:25:21,610 INFO Engine] Post-processing...
[2018-02-09 14:25:21,610 DEBUG Engine.local] Post-process jmeter/blazedemo
[2018-02-09 14:25:21,610 DEBUG Engine] Add existing artifact (move=True): /Users/daper01/Documents/OSLo/artifacts/2018-02-09_14-24-50.867540/modified_requests.jmx
[2018-02-09 14:25:21,610 DEBUG Engine] No need to copy /Users/daper01/Documents/OSLo/artifacts/2018-02-09_14-24-50.867540/modified_requests.jmx
[2018-02-09 14:25:21,610 DEBUG Engine.jmeter.JTLErrorsReader.FileReader] Opening file: /Users/daper01/Documents/OSLo/artifacts/2018-02-09_14-24-50.867540/error.jtl
[2018-02-09 14:25:21,610 DEBUG Engine.jmeter.JTLErrorsReader.FileReader] Reading: /Users/daper01/Documents/OSLo/artifacts/2018-02-09_14-24-50.867540/error.jtl
[2018-02-09 14:25:21,616 DEBUG Engine.jmeter.JTLErrorsReader] Error reading errors.jtl: Traceback (most recent call last):
  File "/usr/local/Cellar/bzt/1.10.5/libexec/lib/python2.7/site-packages/bzt/modules/jmeter.py", line 1292, in read_file
    self.parser.feed(read)  # "Huge input lookup" error without capping :)
  File "src/lxml/parser.pxi", line 1240, in lxml.etree._FeedParser.feed (src/lxml/etree.c:116677)
  File "src/lxml/parser.pxi", line 1362, in lxml.etree._FeedParser.feed (src/lxml/etree.c:116552)
  File "src/lxml/parser.pxi", line 589, in lxml.etree._ParserContext._handleParseResult (src/lxml/etree.c:107619)
  File "src/lxml/parser.pxi", line 598, in lxml.etree._ParserContext._handleParseResultDoc (src/lxml/etree.c:107738)
  File "src/lxml/parser.pxi", line 709, in lxml.etree._handleParseResult (src/lxml/etree.c:109447)
  File "src/lxml/parser.pxi", line 638, in lxml.etree._raiseParseError (src/lxml/etree.c:108301)
XMLSyntaxError: Opening and ending tag mismatch: responseData line 442 and testResults, line 450, column 15 (line 450)

[2018-02-09 14:25:21,617 WARNING Engine.jmeter.JTLErrorsReader] Failed to parse errors XML: Opening and ending tag mismatch: responseData line 442 and testResults, line 450, column 15 (line 450)
[2018-02-09 14:25:21,620 DEBUG Engine.jmeter.JTLReader.IncrementalCSVReader.FileReader] Reading: /Users/daper01/Documents/OSLo/artifacts/2018-02-09_14-24-50.867540/kpi.jtl
[2018-02-09 14:25:21,621 DEBUG Engine.jmeter.JTLReader.IncrementalCSVReader] Read: 114 lines / 11277 bytes (at speed 1048576)
[2018-02-09 14:25:21,623 DEBUG Engine.jmeter.JTLReader] Buffer len: 4
[2018-02-09 14:25:21,623 DEBUG Engine.jmeter.JTLReader] Aggregating: 1518215117
[2018-02-09 14:25:21,625 DEBUG Engine.jmeter.JTLReader] Aggregating: 1518215118
[2018-02-09 14:25:21,628 DEBUG Engine.jmeter.JTLReader] Aggregating: 1518215119
[2018-02-09 14:25:21,630 DEBUG Engine.jmeter.JTLReader] Aggregating: 1518215120
[2018-02-09 14:25:21,633 DEBUG Engine.consolidator] Consolidator buffer[6]: [1518215120, 1518215115, 1518215116, 1518215117, 1518215118, 1518215119]
[2018-02-09 14:25:21,634 DEBUG Engine.consolidator] Merging into 1518215115
[2018-02-09 14:25:21,634 DEBUG Engine.consolidator] Merging 1518215115
[2018-02-09 14:25:21,638 DEBUG Engine.consolidator] Processed datapoint: 1518215115/None
[2018-02-09 14:25:21,638 DEBUG Engine.consolidator] Merging into 1518215116
[2018-02-09 14:25:21,638 DEBUG Engine.consolidator] Merging 1518215116
[2018-02-09 14:25:21,644 DEBUG Engine.consolidator] Processed datapoint: 1518215116/None
[2018-02-09 14:25:21,644 DEBUG Engine.consolidator] Merging into 1518215117
[2018-02-09 14:25:21,644 DEBUG Engine.consolidator] Merging 1518215117
[2018-02-09 14:25:21,648 DEBUG Engine.consolidator] Processed datapoint: 1518215117/None
[2018-02-09 14:25:21,649 DEBUG Engine.consolidator] Merging into 1518215118
[2018-02-09 14:25:21,649 DEBUG Engine.consolidator] Merging 1518215118
[2018-02-09 14:25:21,654 DEBUG Engine.consolidator] Processed datapoint: 1518215118/None
[2018-02-09 14:25:21,654 DEBUG Engine.consolidator] Merging into 1518215119
[2018-02-09 14:25:21,654 DEBUG Engine.consolidator] Merging 1518215119
[2018-02-09 14:25:21,660 DEBUG Engine.consolidator] Processed datapoint: 1518215119/None
[2018-02-09 14:25:21,660 DEBUG Engine.consolidator] Merging into 1518215120
[2018-02-09 14:25:21,660 DEBUG Engine.consolidator] Merging 1518215120
[2018-02-09 14:25:21,668 DEBUG Engine.consolidator] Processed datapoint: 1518215120/None
[2018-02-09 14:25:21,668 INFO Engine.final-stats] Test duration: 0:00:12
[2018-02-09 14:25:21,669 INFO Engine.final-stats] Samples count: 272, 5.15% failures
[2018-02-09 14:25:21,669 INFO Engine.final-stats] Average times: total 0.234, latency 0.226, connect 0.000
[2018-02-09 14:25:21,669 INFO Engine.final-stats] Percentile 0.0%: 0.119
[2018-02-09 14:25:21,669 INFO Engine.final-stats] Percentile 50.0%: 0.200
[2018-02-09 14:25:21,669 INFO Engine.final-stats] Percentile 90.0%: 0.412
[2018-02-09 14:25:21,670 INFO Engine.final-stats] Percentile 95.0%: 0.442
[2018-02-09 14:25:21,670 INFO Engine.final-stats] Percentile 99.0%: 0.548
[2018-02-09 14:25:21,670 INFO Engine.final-stats] Percentile 99.9%: 0.571
[2018-02-09 14:25:21,670 INFO Engine.final-stats] Percentile 100.0%: 0.571
[2018-02-09 14:25:21,670 DEBUG Engine.console] No logger_handler or orig_stream was detected
[2018-02-09 14:25:21,670 INFO Engine.final-stats] Test duration: 0:00:12
[2018-02-09 14:25:21,670 INFO Engine.final-stats] Samples count: 272, 5.15% failures
[2018-02-09 14:25:21,671 INFO Engine.final-stats] Average times: total 0.234, latency 0.226, connect 0.000
[2018-02-09 14:25:21,671 INFO Engine.final-stats] Percentile 0.0%: 0.119
[2018-02-09 14:25:21,671 INFO Engine.final-stats] Percentile 50.0%: 0.200
[2018-02-09 14:25:21,671 INFO Engine.final-stats] Percentile 90.0%: 0.412
[2018-02-09 14:25:21,671 INFO Engine.final-stats] Percentile 95.0%: 0.442
[2018-02-09 14:25:21,671 INFO Engine.final-stats] Percentile 99.0%: 0.548
[2018-02-09 14:25:21,671 INFO Engine.final-stats] Percentile 99.9%: 0.571
[2018-02-09 14:25:21,672 INFO Engine.final-stats] Percentile 100.0%: 0.571
[2018-02-09 14:25:21,672 INFO Engine.final-stats] Dumping final status as XML: stats.xml
[2018-02-09 14:25:21,677 DEBUG Engine.Configuration] Dumping YAML config into /Users/daper01/Documents/OSLo/artifacts/2018-02-09_14-24-50.867540/effective.yml
[2018-02-09 14:25:21,722 DEBUG Engine.Configuration] Dumping JSON config into /Users/daper01/Documents/OSLo/artifacts/2018-02-09_14-24-50.867540/effective.json
[2018-02-09 14:25:21,723 INFO root] Artifacts dir: /Users/daper01/Documents/OSLo/artifacts/2018-02-09_14-24-50.867540
[2018-02-09 14:25:21,723 WARNING root] Done performing with code: 1
[2018-02-09 14:25:21,723 DEBUG root] Closing log handler: /Users/daper01/Documents/OSLo/artifacts/2018-02-09_14-24-50.867540/bzt.log
