2018-02-09 14:25:10,537 INFO o.a.j.u.JMeterUtils: Setting Locale to en_US
2018-02-09 14:25:10,551 INFO o.a.j.JMeter: Loading user properties from: /Users/daper01/.bzt/jmeter-taurus/3.3/bin/user.properties
2018-02-09 14:25:10,552 INFO o.a.j.JMeter: Loading system properties from: /Users/daper01/.bzt/jmeter-taurus/3.3/bin/system.properties
2018-02-09 14:25:10,553 INFO o.a.j.JMeter: Setting System properties from file: /Users/daper01/Documents/OSLo/artifacts/2018-02-09_14-24-50.867540/system.properties
2018-02-09 14:25:10,558 INFO o.a.j.JMeter: Copyright (c) 1998-2017 The Apache Software Foundation
2018-02-09 14:25:10,558 INFO o.a.j.JMeter: Version 3.3 r1808647
2018-02-09 14:25:10,558 INFO o.a.j.JMeter: java.version=1.8.0_121
2018-02-09 14:25:10,558 INFO o.a.j.JMeter: java.vm.name=Java HotSpot(TM) 64-Bit Server VM
2018-02-09 14:25:10,558 INFO o.a.j.JMeter: os.name=Mac OS X
2018-02-09 14:25:10,558 INFO o.a.j.JMeter: os.arch=x86_64
2018-02-09 14:25:10,558 INFO o.a.j.JMeter: os.version=10.13.1
2018-02-09 14:25:10,559 INFO o.a.j.JMeter: file.encoding=UTF-8
2018-02-09 14:25:10,559 INFO o.a.j.JMeter: Max memory     =3817865216
2018-02-09 14:25:10,559 INFO o.a.j.JMeter: Available Processors =4
2018-02-09 14:25:10,562 INFO o.a.j.JMeter: Default Locale=English (United States)
2018-02-09 14:25:10,563 INFO o.a.j.JMeter: JMeter  Locale=English (United States)
2018-02-09 14:25:10,563 INFO o.a.j.JMeter: JMeterHome=/Users/daper01/.bzt/jmeter-taurus/3.3
2018-02-09 14:25:10,563 INFO o.a.j.JMeter: user.dir  =/Users/daper01/Documents/OSLo
2018-02-09 14:25:10,563 INFO o.a.j.JMeter: PWD       =/Users/daper01/Documents/OSLo
2018-02-09 14:25:10,564 INFO o.a.j.JMeter: IP: 192.168.1.77 Name: daper01mac1124 FullName: daper01mac1124
2018-02-09 14:25:10,565 INFO o.a.j.JMeter: user.classpath=/Users/daper01/Documents/OSLo/artifacts/2018-02-09_14-24-50.867540:/Users/daper01/Documents/OSLo/artifacts/2018-02-09_14-24-50.867540
2018-02-09 14:25:10,565 INFO o.a.j.JMeter: Adding to classpath and loader: /Users/daper01/Documents/OSLo/artifacts/2018-02-09_14-24-50.867540
2018-02-09 14:25:10,566 INFO o.a.j.JMeter: Adding to classpath and loader: /Users/daper01/Documents/OSLo/artifacts/2018-02-09_14-24-50.867540
2018-02-09 14:25:10,569 INFO o.a.j.s.FileServer: Default base='/Users/daper01/Documents/OSLo'
2018-02-09 14:25:10,569 INFO o.a.j.s.FileServer: Set new base='/Users/daper01/Documents/OSLo/artifacts/2018-02-09_14-24-50.867540'
2018-02-09 14:25:10,720 INFO o.a.j.s.SaveService: Testplan (JMX) version: 2.2. Testlog (JTL) version: 2.2
2018-02-09 14:25:10,737 INFO o.a.j.s.SaveService: Using SaveService properties file encoding UTF-8
2018-02-09 14:25:10,741 INFO o.a.j.s.SaveService: Using SaveService properties version 3.2
2018-02-09 14:25:10,747 INFO o.a.j.s.SaveService: Loading file: /Users/daper01/Documents/OSLo/artifacts/2018-02-09_14-24-50.867540/modified_requests.jmx
2018-02-09 14:25:10,815 INFO o.a.j.p.h.c.CacheManager: Will only cache the following methods: [GET]
2018-02-09 14:25:10,816 INFO o.a.j.p.h.c.CookieManager: Settings: Delete null: true Check: true Allow variable: true Save: false Prefix: COOKIE_
2018-02-09 14:25:10,832 INFO o.a.j.p.h.s.HTTPSamplerBase: Parser for text/html is org.apache.jmeter.protocol.http.parser.LagartoBasedHtmlParser
2018-02-09 14:25:10,833 INFO o.a.j.p.h.s.HTTPSamplerBase: Parser for application/xhtml+xml is org.apache.jmeter.protocol.http.parser.LagartoBasedHtmlParser
2018-02-09 14:25:10,833 INFO o.a.j.p.h.s.HTTPSamplerBase: Parser for application/xml is org.apache.jmeter.protocol.http.parser.LagartoBasedHtmlParser
2018-02-09 14:25:10,833 INFO o.a.j.p.h.s.HTTPSamplerBase: Parser for text/xml is org.apache.jmeter.protocol.http.parser.LagartoBasedHtmlParser
2018-02-09 14:25:10,833 INFO o.a.j.p.h.s.HTTPSamplerBase: Parser for text/vnd.wap.wml is org.apache.jmeter.protocol.http.parser.RegexpHTMLParser
2018-02-09 14:25:10,833 INFO o.a.j.p.h.s.HTTPSamplerBase: Parser for text/css is org.apache.jmeter.protocol.http.parser.CssParser
2018-02-09 14:25:10,861 INFO o.a.j.e.StandardJMeterEngine: Running the test!
2018-02-09 14:25:10,861 INFO o.a.j.s.SampleEvent: List of sample_variables: []
2018-02-09 14:25:10,862 INFO o.a.j.s.SampleEvent: List of sample_variables: []
2018-02-09 14:25:10,866 INFO o.a.j.e.u.CompoundVariable: Note: Function class names must contain the string: '.functions.'
2018-02-09 14:25:10,866 INFO o.a.j.e.u.CompoundVariable: Note: Function class names must not contain the string: '.gui.'
2018-02-09 14:25:11,284 INFO o.a.j.JMeter: Running test (1518215111284)
2018-02-09 14:25:11,329 INFO o.a.j.e.StandardJMeterEngine: Starting ThreadGroup: 1 : blazedemo
2018-02-09 14:25:11,330 INFO o.a.j.e.StandardJMeterEngine: Starting 50 threads for group blazedemo.
2018-02-09 14:25:11,330 INFO o.a.j.e.StandardJMeterEngine: Thread will continue on error
2018-02-09 14:25:11,333 INFO o.a.j.e.StandardJMeterEngine: All thread groups have been started
2018-02-09 14:25:11,333 INFO c.b.j.t.c.ConcurrencyThreadStarter: Start supplying threads
2018-02-09 14:25:11,639 INFO o.a.j.s.SampleResult: Note: Sample TimeStamps are START times
2018-02-09 14:25:11,639 INFO o.a.j.s.SampleResult: sampleresult.default.encoding is set to UTF-8
2018-02-09 14:25:11,640 INFO o.a.j.s.SampleResult: sampleresult.useNanoTime=true
2018-02-09 14:25:11,640 INFO o.a.j.s.SampleResult: sampleresult.nanoThreadSleep=5000
2018-02-09 14:25:12,034 INFO o.a.j.t.JMeterThread: Thread started: blazedemo 1-1
2018-02-09 14:25:12,037 INFO o.a.j.s.FileServer: Stored: /Users/daper01/Documents/OSLo/param.csv
2018-02-09 14:25:12,057 INFO o.a.j.p.h.s.HTTPHCAbstractImpl: Local host = daper01mac1124
2018-02-09 14:25:12,063 INFO o.a.j.p.h.s.HTTPHC4Impl: HTTP request retry count = 0
2018-02-09 14:25:12,642 INFO o.a.j.t.JMeterThread: Thread started: blazedemo 1-2
2018-02-09 14:25:13,650 INFO o.a.j.t.JMeterThread: Thread started: blazedemo 1-3
2018-02-09 14:25:13,651 INFO o.a.j.t.JMeterThread: Thread started: blazedemo 1-4
2018-02-09 14:25:14,660 INFO o.a.j.t.JMeterThread: Thread started: blazedemo 1-5
2018-02-09 14:25:14,665 INFO o.a.j.t.JMeterThread: Thread started: blazedemo 1-6
2018-02-09 14:25:15,668 INFO o.a.j.t.JMeterThread: Thread started: blazedemo 1-7
2018-02-09 14:25:16,672 INFO o.a.j.t.JMeterThread: Thread started: blazedemo 1-8
2018-02-09 14:25:16,672 INFO o.a.j.t.JMeterThread: Thread started: blazedemo 1-9
2018-02-09 14:25:17,678 INFO o.a.j.t.JMeterThread: Thread started: blazedemo 1-10
2018-02-09 14:25:17,681 INFO o.a.j.t.JMeterThread: Thread started: blazedemo 1-11
2018-02-09 14:25:18,683 INFO o.a.j.t.JMeterThread: Thread started: blazedemo 1-12
2018-02-09 14:25:19,687 INFO o.a.j.t.JMeterThread: Thread started: blazedemo 1-13
2018-02-09 14:25:19,688 INFO o.a.j.t.JMeterThread: Thread started: blazedemo 1-14
2018-02-09 14:25:20,549 INFO o.a.j.JMeter: Command: Shutdown received from /127.0.0.1
2018-02-09 14:25:20,550 INFO c.b.j.t.c.ConcurrencyThreadStarter: Done supplying threads
2018-02-09 14:25:20,550 WARN o.a.j.t.JMeterThread: Interrupting: blazedemo 1-6 sampler: Welcome Page
2018-02-09 14:25:20,551 WARN o.a.j.t.JMeterThread: Interrupting: blazedemo 1-12 sampler: Welcome Page
2018-02-09 14:25:20,552 WARN o.a.j.t.JMeterThread: Interrupting: blazedemo 1-7 sampler: Confirmation Page
2018-02-09 14:25:20,553 WARN o.a.j.t.JMeterThread: Interrupting: blazedemo 1-10 sampler: Welcome Page
2018-02-09 14:25:20,554 WARN o.a.j.t.JMeterThread: Interrupting: blazedemo 1-2 sampler: Reserve Page
2018-02-09 14:25:20,555 WARN o.a.j.t.JMeterThread: Interrupting: blazedemo 1-11 sampler: Welcome Page
2018-02-09 14:25:20,557 WARN o.a.j.t.JMeterThread: Interrupting: blazedemo 1-4 sampler: Welcome Page
2018-02-09 14:25:20,558 WARN o.a.j.t.JMeterThread: Interrupting: blazedemo 1-9 sampler: Welcome Page
2018-02-09 14:25:20,560 WARN o.a.j.t.JMeterThread: Interrupting: blazedemo 1-13 sampler: Purchase Page
2018-02-09 14:25:20,561 WARN o.a.j.t.JMeterThread: Interrupting: blazedemo 1-1 sampler: Purchase Page
2018-02-09 14:25:20,563 WARN o.a.j.t.JMeterThread: Interrupting: blazedemo 1-3 sampler: Welcome Page
2018-02-09 14:25:20,568 INFO o.a.j.t.JMeterThread: Thread is done: blazedemo 1-12
2018-02-09 14:25:20,568 INFO o.a.j.t.JMeterThread: Thread finished: blazedemo 1-12
2018-02-09 14:25:20,567 WARN o.a.j.t.JMeterThread: Interrupting: blazedemo 1-8 sampler: Welcome Page
2018-02-09 14:25:20,569 WARN o.a.j.t.JMeterThread: Interrupting: blazedemo 1-5 sampler: Welcome Page
2018-02-09 14:25:20,570 WARN o.a.j.t.JMeterThread: Interrupting: blazedemo 1-14 sampler: Purchase Page
2018-02-09 14:25:20,571 INFO o.a.j.t.JMeterThread: Thread is done: blazedemo 1-13
2018-02-09 14:25:20,571 INFO o.a.j.t.JMeterThread: Thread finished: blazedemo 1-13
2018-02-09 14:25:20,573 INFO o.a.j.t.JMeterThread: Thread is done: blazedemo 1-9
2018-02-09 14:25:20,573 INFO o.a.j.t.JMeterThread: Thread finished: blazedemo 1-9
2018-02-09 14:25:20,574 INFO o.a.j.t.JMeterThread: Thread is done: blazedemo 1-4
2018-02-09 14:25:20,574 INFO o.a.j.t.JMeterThread: Thread finished: blazedemo 1-4
2018-02-09 14:25:20,576 INFO o.a.j.t.JMeterThread: Thread is done: blazedemo 1-11
2018-02-09 14:25:20,576 INFO o.a.j.t.JMeterThread: Thread finished: blazedemo 1-11
2018-02-09 14:25:20,577 INFO o.a.j.t.JMeterThread: Thread is done: blazedemo 1-2
2018-02-09 14:25:20,577 INFO o.a.j.t.JMeterThread: Thread finished: blazedemo 1-2
2018-02-09 14:25:20,578 INFO o.a.j.t.JMeterThread: Thread is done: blazedemo 1-10
2018-02-09 14:25:20,578 INFO o.a.j.t.JMeterThread: Thread finished: blazedemo 1-10
2018-02-09 14:25:20,578 INFO o.a.j.t.JMeterThread: Thread is done: blazedemo 1-7
2018-02-09 14:25:20,578 INFO o.a.j.t.JMeterThread: Thread finished: blazedemo 1-7
2018-02-09 14:25:20,579 INFO o.a.j.t.JMeterThread: Thread is done: blazedemo 1-6
2018-02-09 14:25:20,579 INFO o.a.j.t.JMeterThread: Thread finished: blazedemo 1-6
2018-02-09 14:25:20,580 INFO o.a.j.e.StandardJMeterEngine: Notifying test listeners of end of test
2018-02-09 14:25:20,580 INFO o.a.j.s.FileServer: Close: /Users/daper01/Documents/OSLo/param.csv
2018-02-09 14:25:20,580 INFO o.a.j.t.JMeterThread: Thread is done: blazedemo 1-14
2018-02-09 14:25:20,580 INFO o.a.j.t.JMeterThread: Thread finished: blazedemo 1-14
2018-02-09 14:25:20,581 INFO o.a.j.t.JMeterThread: Thread is done: blazedemo 1-5
2018-02-09 14:25:20,581 INFO o.a.j.t.JMeterThread: Thread finished: blazedemo 1-5
2018-02-09 14:25:20,581 INFO o.a.j.e.StandardJMeterEngine: Forced JVM shutdown requested at end of test
2018-02-09 14:25:20,582 INFO o.a.j.t.JMeterThread: Thread is done: blazedemo 1-8
2018-02-09 14:25:20,582 INFO o.a.j.t.JMeterThread: Thread finished: blazedemo 1-8
2018-02-09 14:25:20,582 INFO o.a.j.t.JMeterThread: Thread is done: blazedemo 1-3
2018-02-09 14:25:20,582 INFO o.a.j.t.JMeterThread: Thread finished: blazedemo 1-3
2018-02-09 14:25:20,583 INFO o.a.j.t.JMeterThread: Thread is done: blazedemo 1-1
2018-02-09 14:25:20,583 INFO o.a.j.t.JMeterThread: Thread finished: blazedemo 1-1
