[2017-11-29 16:32:40,376 INFO root] Taurus CLI Tool v1.9.6
[2017-11-29 16:32:40,376 DEBUG root] Command-line options: {'verbose': None, 'no_system_configs': None, 'quiet': None, 'log': '/var/folders/vq/xzrdy2lx047cst78f69v8z3xfzqz1q/T/bzt_EgqCNv.log', 'option': None, 'aliases': []}
[2017-11-29 16:32:40,376 DEBUG root] Python: CPython 2.7.13
[2017-11-29 16:32:40,376 DEBUG root] OS: ('Darwin', 'daper01mac1124', '17.2.0', 'Darwin Kernel Version 17.2.0: Fri Sep 29 18:27:05 PDT 2017; root:xnu-4570.20.62~3/RELEASE_X86_64', 'x86_64', 'i386')
[2017-11-29 16:32:40,377 INFO root] Starting with configs: ['load_scenario_from_csv.yml', 'execution_jmeter.yml']
[2017-11-29 16:32:40,377 DEBUG root] Using personal config: /Users/daper01/.bzt-rc
[2017-11-29 16:32:40,377 INFO Engine] Configuring...
[2017-11-29 16:32:40,377 DEBUG Engine] Reading extension configs from: /usr/local/etc/bzt.d
[2017-11-29 16:32:40,377 DEBUG Engine.Configuration] Configs: ['/usr/local/lib/python2.7/site-packages/bzt/resources/base-config.yml', '/usr/local/etc/bzt.d/99-installID.yml']
[2017-11-29 16:32:40,379 DEBUG Engine.Configuration] Reading /usr/local/lib/python2.7/site-packages/bzt/resources/base-config.yml as YAML
[2017-11-29 16:32:40,404 DEBUG Engine.Configuration] Reading /usr/local/etc/bzt.d/99-installID.yml as YAML
[2017-11-29 16:32:40,405 DEBUG Engine.Configuration] Configs: ['/Users/daper01/.bzt-rc', 'load_scenario_from_csv.yml', 'execution_jmeter.yml']
[2017-11-29 16:32:40,405 DEBUG Engine.Configuration] Reading /Users/daper01/.bzt-rc as YAML
[2017-11-29 16:32:40,406 DEBUG Engine.Configuration] Reading load_scenario_from_csv.yml as YAML
[2017-11-29 16:32:40,410 DEBUG Engine.Configuration] Reading execution_jmeter.yml as YAML
[2017-11-29 16:32:40,417 DEBUG Engine.Configuration] Configs: ['/Users/daper01/.bzt-rc', 'load_scenario_from_csv.yml', 'execution_jmeter.yml']
[2017-11-29 16:32:40,417 DEBUG Engine.Configuration] Reading /Users/daper01/.bzt-rc as YAML
[2017-11-29 16:32:40,418 DEBUG Engine.Configuration] Reading load_scenario_from_csv.yml as YAML
[2017-11-29 16:32:40,423 DEBUG Engine.Configuration] Reading execution_jmeter.yml as YAML
[2017-11-29 16:32:40,443 DEBUG Engine] Requesting updates info: http://gettaurus.org/updates/?version=1.9.6&installID=784f43782a15
[2017-11-29 16:32:40,448 INFO Engine] Artifacts dir: /Users/daper01/Documents/OSLo/artifacts/2017-11-29_16-32-40.444078
[2017-11-29 16:32:40,449 DEBUG Engine] New artifact filename: /Users/daper01/Documents/OSLo/artifacts/2017-11-29_16-32-40.444078/effective
[2017-11-29 16:32:40,451 DEBUG Engine.Configuration] Dumping YAML config into /Users/daper01/Documents/OSLo/artifacts/2017-11-29_16-32-40.444078/effective.yml
[2017-11-29 16:32:40,498 DEBUG Engine.Configuration] Dumping JSON config into /Users/daper01/Documents/OSLo/artifacts/2017-11-29_16-32-40.444078/effective.json
[2017-11-29 16:32:40,499 DEBUG Engine] New artifact filename: /Users/daper01/Documents/OSLo/artifacts/2017-11-29_16-32-40.444078/merged.yml
[2017-11-29 16:32:40,500 DEBUG Engine.Configuration] Dumping YAML config into /Users/daper01/Documents/OSLo/artifacts/2017-11-29_16-32-40.444078/merged.yml
[2017-11-29 16:32:40,511 DEBUG Engine] New artifact filename: /Users/daper01/Documents/OSLo/artifacts/2017-11-29_16-32-40.444078/merged.json
[2017-11-29 16:32:40,514 DEBUG Engine.Configuration] Dumping JSON config into /Users/daper01/Documents/OSLo/artifacts/2017-11-29_16-32-40.444078/merged.json
[2017-11-29 16:32:40,516 DEBUG Engine] Add existing artifact (move=False): load_scenario_from_csv.yml
[2017-11-29 16:32:40,516 DEBUG Engine] Copying load_scenario_from_csv.yml to /Users/daper01/Documents/OSLo/artifacts/2017-11-29_16-32-40.444078/load_scenario_from_csv.yml
[2017-11-29 16:32:40,518 DEBUG Engine] Add existing artifact (move=False): execution_jmeter.yml
[2017-11-29 16:32:40,519 DEBUG Engine] Copying execution_jmeter.yml to /Users/daper01/Documents/OSLo/artifacts/2017-11-29_16-32-40.444078/execution_jmeter.yml
[2017-11-29 16:32:40,520 DEBUG root] Closing log handler: /var/folders/vq/xzrdy2lx047cst78f69v8z3xfzqz1q/T/bzt_EgqCNv.log
[2017-11-29 16:32:40,807 DEBUG root] Switched writing logs to /Users/daper01/Documents/OSLo/artifacts/2017-11-29_16-32-40.444078/bzt.log
[2017-11-29 16:32:40,807 INFO Engine] Preparing...
[2017-11-29 16:32:40,808 DEBUG Engine] Module config: consolidator defaultdict(None, {'class': 'bzt.modules.aggregator.ConsolidatingAggregator'})
[2017-11-29 16:32:40,808 DEBUG root] Importing module: bzt.modules.aggregator
[2017-11-29 16:32:40,821 DEBUG root] Loading class: 'ConsolidatingAggregator' from <module 'bzt.modules.aggregator' from '/usr/local/lib/python2.7/site-packages/bzt/modules/aggregator.pyc'>
[2017-11-29 16:32:40,821 DEBUG Engine.consolidator] Exception in dehumanize_time(inf)
[2017-11-29 16:32:40,821 DEBUG Engine.consolidator] Buffer scaling setup: percentile 95.0 from [0.0, 50.0, 90.0, 95.0, 99.0, 99.9, 100.0] selected
[2017-11-29 16:32:40,821 DEBUG Engine] Module config: monitoring defaultdict(None, {'class': 'bzt.modules.monitoring.Monitoring'})
[2017-11-29 16:32:40,821 DEBUG root] Importing module: bzt.modules.monitoring
[2017-11-29 16:32:40,931 DEBUG root] Loading class: 'Monitoring' from <module 'bzt.modules.monitoring' from '/usr/local/lib/python2.7/site-packages/bzt/modules/monitoring.pyc'>
[2017-11-29 16:32:40,931 DEBUG Engine] Module config: local defaultdict(None, {'class': 'bzt.modules.provisioning.Local'})
[2017-11-29 16:32:40,931 DEBUG root] Importing module: bzt.modules.provisioning
[2017-11-29 16:32:40,931 DEBUG root] Loading class: 'Local' from <module 'bzt.modules.provisioning' from '/usr/local/lib/python2.7/site-packages/bzt/modules/provisioning.pyc'>
[2017-11-29 16:32:40,932 DEBUG Engine] Module config: jmeter defaultdict(None, {'properties': defaultdict(None, {'jmeter.save.saveservice.autoflush': 'true', 'summariser.name': '', 'jmeter.save.saveservice.connect_time': 'true', 'mode': 'Stripped', 'jmeterengine.force.system.exit': 'true'}), 'class': 'bzt.modules.jmeter.JMeterExecutor', 'plugins': ['jpgc-casutg', 'jpgc-dummy', 'jpgc-ffw', 'jpgc-fifo', 'jpgc-functions', 'jpgc-json', 'jpgc-perfmon', 'jpgc-prmctl', 'jpgc-tst']})
[2017-11-29 16:32:40,932 DEBUG root] Importing module: bzt.modules.jmeter
[2017-11-29 16:32:42,282 DEBUG root] Loading class: 'JMeterExecutor' from <module 'bzt.modules.jmeter' from '/usr/local/lib/python2.7/site-packages/bzt/modules/jmeter.pyc'>
[2017-11-29 16:32:42,282 DEBUG Engine] Taurus updates info: {"latest":"1.10.3","needsUpgrade":true}
[2017-11-29 16:32:42,282 DEBUG Engine.local] Preparing executor: jmeter/4406545936
[2017-11-29 16:32:42,282 WARNING Engine] There is newer version of Taurus 1.10.3 available, consider upgrading. What's new: http://gettaurus.org/docs/Changelog/
[2017-11-29 16:32:42,283 DEBUG Engine] New artifact filename: /Users/daper01/Documents/OSLo/artifacts/2017-11-29_16-32-40.444078/jmeter.log
[2017-11-29 16:32:42,283 DEBUG Engine.jmeter] Checking if port 4445 is free
[2017-11-29 16:32:42,283 DEBUG Engine.jmeter] Port 4445 is free
[2017-11-29 16:32:42,283 DEBUG Engine.jmeter] Using port 4445 for management
[2017-11-29 16:32:42,284 DEBUG Engine.jmeter.JavaVM] Trying JavaVM: ['java', '-version']
[2017-11-29 16:32:43,883 DEBUG Engine.jmeter.JavaVM] JavaVM output: java version "1.8.0_121"
Java(TM) SE Runtime Environment (build 1.8.0_121-b13)
Java HotSpot(TM) 64-Bit Server VM (build 25.121-b13, mixed mode)

[2017-11-29 16:32:43,883 DEBUG Engine.jmeter.TclLibrary] We don't need to check tcl library on this platform
[2017-11-29 16:32:43,884 DEBUG Engine.jmeter.JMeter] Trying jmeter: /Users/daper01/.bzt/jmeter-taurus/3.3/bin/jmeter.sh
[2017-11-29 16:32:43,884 DEBUG bzt.utils] Executing shell: ['/Users/daper01/.bzt/jmeter-taurus/3.3/bin/jmeter.sh', '-j', '/var/folders/vq/xzrdy2lx047cst78f69v8z3xfzqz1q/T/jmetervgiygTlog', '--version']
[2017-11-29 16:32:48,055 DEBUG Engine.jmeter.JMeter] JMeter check:     _    ____   _    ____ _   _ _____       _ __  __ _____ _____ _____ ____     
   / \  |  _ \ / \  / ___| | | | ____|     | |  \/  | ____|_   _| ____|  _ \   
  / _ \ | |_) / _ \| |   | |_| |  _|    _  | | |\/| |  _|   | | |  _| | |_) | 
 / ___ \|  __/ ___ \ |___|  _  | |___  | |_| | |  | | |___  | | | |___|  _ <  
/_/   \_\_| /_/   \_\____|_| |_|_____|  \___/|_|  |_|_____| |_| |_____|_| \_\ 3.3 r1808647  

Copyright (c) 1999-2017 The Apache Software Foundation

 / None
[2017-11-29 16:32:48,057 DEBUG Engine] New artifact filename: /Users/daper01/Documents/OSLo/artifacts/2017-11-29_16-32-40.444078/requests.jmx
[2017-11-29 16:32:48,072 DEBUG JMeterScenarioBuilder] Saving JMX to: /Users/daper01/Documents/OSLo/artifacts/2017-11-29_16-32-40.444078/requests.jmx
[2017-11-29 16:32:48,076 DEBUG bzt.utils] Executing shell: ['/Users/daper01/.bzt/jmeter-taurus/3.3/bin/PluginsManagerCMD.sh', 'install-for-jmx', '/Users/daper01/Documents/OSLo/artifacts/2017-11-29_16-32-40.444078/requests.jmx']
[2017-11-29 16:32:53,198 DEBUG Engine.jmeter.JMeter] Try to detect plugins for /Users/daper01/Documents/OSLo/artifacts/2017-11-29_16-32-40.444078/requests.jmx
16:32:50.808 [main] INFO  org.jmeterplugins.repository.PluginManager - Plugins Status: [jpgc-functions=2.0, jpgc-casutg=2.1, jpgc-dummy=0.2, jpgc-ffw=2.0, jpgc-fifo=0.2, jpgc-json=2.6, jpgc-prmctl=0.3, jpgc-perfmon=2.1, jpgc-plugins-manager=0.16, jpgc-tst=2.1, jmeter-core=3.3, jmeter-ftp=3.3, jmeter-http=3.3, jmeter-jdbc=3.3, jmeter-jms=3.3, jmeter-junit=3.3, jmeter-java=3.3, jmeter-ldap=3.3, jmeter-mail=3.3, jmeter-mongodb=3.3, jmeter-native=3.3, jmeter-tcp=3.3, jmeter-components=3.3]
2017-11-29 16:32:50,808 INFO o.j.r.PluginManager: Plugins Status: [jpgc-functions=2.0, jpgc-casutg=2.1, jpgc-dummy=0.2, jpgc-ffw=2.0, jpgc-fifo=0.2, jpgc-json=2.6, jpgc-prmctl=0.3, jpgc-perfmon=2.1, jpgc-plugins-manager=0.16, jpgc-tst=2.1, jmeter-core=3.3, jmeter-ftp=3.3, jmeter-http=3.3, jmeter-jdbc=3.3, jmeter-jms=3.3, jmeter-junit=3.3, jmeter-java=3.3, jmeter-ldap=3.3, jmeter-mail=3.3, jmeter-mongodb=3.3, jmeter-native=3.3, jmeter-tcp=3.3, jmeter-components=3.3]
16:32:51.465 [main] INFO  org.apache.jmeter.save.SaveService - Testplan (JMX) version: 2.2. Testlog (JTL) version: 2.2
2017-11-29 16:32:51,465 INFO o.a.j.s.SaveService: Testplan (JMX) version: 2.2. Testlog (JTL) version: 2.2
16:32:51.570 [main] INFO  org.apache.jmeter.save.SaveService - Using SaveService properties file encoding UTF-8
2017-11-29 16:32:51,570 INFO o.a.j.s.SaveService: Using SaveService properties file encoding UTF-8
16:32:51.575 [main] INFO  org.apache.jmeter.save.SaveService - Using SaveService properties version 3.2
2017-11-29 16:32:51,575 INFO o.a.j.s.SaveService: Using SaveService properties version 3.2
16:32:52.180 [main] INFO  org.apache.jmeter.protocol.http.control.CacheManager - Will only cache the following methods: [GET]
2017-11-29 16:32:52,180 INFO o.a.j.p.h.c.CacheManager: Will only cache the following methods: [GET]
16:32:52.183 [main] INFO  org.apache.jmeter.protocol.http.control.CookieManager - Settings: Delete null: true Check: true Allow variable: true Save: false Prefix: COOKIE_
2017-11-29 16:32:52,183 INFO o.a.j.p.h.c.CookieManager: Settings: Delete null: true Check: true Allow variable: true Save: false Prefix: COOKIE_
16:32:52.518 [main] INFO  org.jmeterplugins.repository.PluginManager - Restarting JMeter...
2017-11-29 16:32:52,518 INFO o.j.r.PluginManager: Restarting JMeter...
16:32:52.520 [Thread-1] INFO  org.jmeterplugins.repository.PluginManager - Starting JMeter Plugins modifications
2017-11-29 16:32:52,520 INFO o.j.r.PluginManager: Starting JMeter Plugins modifications

ERROR StatusLogger No log4j2 configuration file found. Using default configuration: logging only errors to the console. Set system property 'org.apache.logging.log4j.simplelog.StatusLogger.level' to TRACE to show Log4j2 internal initialization logging.

[2017-11-29 16:32:53,198 DEBUG Engine.jmeter] Load: LoadSpec(concurrency=50, throughput=None, ramp_up=30.0, hold=120.0, iterations=0, duration=150.0, steps=None)
[2017-11-29 16:32:53,212 DEBUG Engine.jmeter.LoadSettingsProcessor.ThreadGroupHandler] Converting ThreadGroup (blazedemo) to ConcurrencyThreadGroup and apply load parameters
[2017-11-29 16:32:53,212 DEBUG Engine] New artifact filename: /Users/daper01/Documents/OSLo/artifacts/2017-11-29_16-32-40.444078/kpi.jtl
[2017-11-29 16:32:53,213 DEBUG Engine] New artifact filename: /Users/daper01/Documents/OSLo/artifacts/2017-11-29_16-32-40.444078/error.jtl
[2017-11-29 16:32:53,214 DEBUG Engine] New artifact filename: /Users/daper01/Documents/OSLo/artifacts/2017-11-29_16-32-40.444078/modified_requests.jmx
[2017-11-29 16:32:53,214 DEBUG JMX] Saving JMX to: /Users/daper01/Documents/OSLo/artifacts/2017-11-29_16-32-40.444078/modified_requests.jmx
[2017-11-29 16:32:53,215 DEBUG Engine.jmeter] Additional properties: defaultdict(None, {'jmeter.save.saveservice.autoflush': 'true', 'jmeter.save.saveservice.connect_time': 'true', 'user.classpath': '/Users/daper01/Documents/OSLo/artifacts/2017-11-29_16-32-40.444078', 'sampleresult.default.encoding': 'UTF-8', 'summariser.name': '', 'jmeterengine.force.system.exit': 'true', 'jmeter.save.saveservice.timestamp_format': 'ms', 'mode': 'Stripped', 'jmeterengine.nongui.maxport': 4445, 'jmeterengine.nongui.port': 4445})
[2017-11-29 16:32:53,215 DEBUG Engine] New artifact filename: /Users/daper01/Documents/OSLo/artifacts/2017-11-29_16-32-40.444078/jmeter-bzt.properties
[2017-11-29 16:32:53,215 DEBUG Engine.jmeter] Additional system properties defaultdict(None, {'sun.net.inetaddr.ttl': 0})
[2017-11-29 16:32:53,216 DEBUG Engine] New artifact filename: /Users/daper01/Documents/OSLo/artifacts/2017-11-29_16-32-40.444078/system.properties
[2017-11-29 16:32:53,216 DEBUG Engine] New artifact filename: /Users/daper01/Documents/OSLo/artifacts/2017-11-29_16-32-40.444078/jmeter.out
[2017-11-29 16:32:53,216 DEBUG Engine] New artifact filename: /Users/daper01/Documents/OSLo/artifacts/2017-11-29_16-32-40.444078/jmeter.err
[2017-11-29 16:32:53,217 DEBUG Engine.local] Preparing executor: jmeter/4406546000
[2017-11-29 16:32:53,217 DEBUG Engine] New artifact filename: /Users/daper01/Documents/OSLo/artifacts/2017-11-29_16-32-40.444078/jmeter-1.log
[2017-11-29 16:32:53,218 DEBUG Engine.jmeter] Checking if port 4446 is free
[2017-11-29 16:32:53,218 DEBUG Engine.jmeter] Port 4446 is free
[2017-11-29 16:32:53,218 DEBUG Engine.jmeter] Using port 4446 for management
[2017-11-29 16:32:53,219 DEBUG Engine.jmeter.JavaVM] Trying JavaVM: ['java', '-version']
[2017-11-29 16:32:53,476 DEBUG Engine.jmeter.JavaVM] JavaVM output: java version "1.8.0_121"
Java(TM) SE Runtime Environment (build 1.8.0_121-b13)
Java HotSpot(TM) 64-Bit Server VM (build 25.121-b13, mixed mode)

[2017-11-29 16:32:53,477 DEBUG Engine.jmeter.TclLibrary] We don't need to check tcl library on this platform
[2017-11-29 16:32:53,477 DEBUG Engine.jmeter.JMeter] Trying jmeter: /Users/daper01/.bzt/jmeter-taurus/3.3/bin/jmeter.sh
[2017-11-29 16:32:53,477 DEBUG bzt.utils] Executing shell: ['/Users/daper01/.bzt/jmeter-taurus/3.3/bin/jmeter.sh', '-j', '/var/folders/vq/xzrdy2lx047cst78f69v8z3xfzqz1q/T/jmeter_qCuYolog', '--version']
[2017-11-29 16:32:54,636 DEBUG Engine.jmeter.JMeter] JMeter check:     _    ____   _    ____ _   _ _____       _ __  __ _____ _____ _____ ____     
   / \  |  _ \ / \  / ___| | | | ____|     | |  \/  | ____|_   _| ____|  _ \   
  / _ \ | |_) / _ \| |   | |_| |  _|    _  | | |\/| |  _|   | | |  _| | |_) | 
 / ___ \|  __/ ___ \ |___|  _  | |___  | |_| | |  | | |___  | | | |___|  _ <  
/_/   \_\_| /_/   \_\____|_| |_|_____|  \___/|_|  |_|_____| |_| |_____|_| \_\ 3.3 r1808647  

Copyright (c) 1999-2017 The Apache Software Foundation

 / None
[2017-11-29 16:32:54,637 DEBUG Engine] New artifact filename: /Users/daper01/Documents/OSLo/artifacts/2017-11-29_16-32-40.444078/requests-1.jmx
[2017-11-29 16:32:54,642 DEBUG JMeterScenarioBuilder] Saving JMX to: /Users/daper01/Documents/OSLo/artifacts/2017-11-29_16-32-40.444078/requests-1.jmx
[2017-11-29 16:32:54,643 DEBUG bzt.utils] Executing shell: ['/Users/daper01/.bzt/jmeter-taurus/3.3/bin/PluginsManagerCMD.sh', 'install-for-jmx', '/Users/daper01/Documents/OSLo/artifacts/2017-11-29_16-32-40.444078/requests-1.jmx']
[2017-11-29 16:32:57,735 DEBUG Engine.jmeter.JMeter] Try to detect plugins for /Users/daper01/Documents/OSLo/artifacts/2017-11-29_16-32-40.444078/requests-1.jmx
16:32:56.466 [main] INFO  org.jmeterplugins.repository.PluginManager - Plugins Status: [jpgc-functions=2.0, jpgc-casutg=2.1, jpgc-dummy=0.2, jpgc-ffw=2.0, jpgc-fifo=0.2, jpgc-json=2.6, jpgc-prmctl=0.3, jpgc-perfmon=2.1, jpgc-plugins-manager=0.16, jpgc-tst=2.1, jmeter-core=3.3, jmeter-ftp=3.3, jmeter-http=3.3, jmeter-jdbc=3.3, jmeter-jms=3.3, jmeter-junit=3.3, jmeter-java=3.3, jmeter-ldap=3.3, jmeter-mail=3.3, jmeter-mongodb=3.3, jmeter-native=3.3, jmeter-tcp=3.3, jmeter-components=3.3]
2017-11-29 16:32:56,466 INFO o.j.r.PluginManager: Plugins Status: [jpgc-functions=2.0, jpgc-casutg=2.1, jpgc-dummy=0.2, jpgc-ffw=2.0, jpgc-fifo=0.2, jpgc-json=2.6, jpgc-prmctl=0.3, jpgc-perfmon=2.1, jpgc-plugins-manager=0.16, jpgc-tst=2.1, jmeter-core=3.3, jmeter-ftp=3.3, jmeter-http=3.3, jmeter-jdbc=3.3, jmeter-jms=3.3, jmeter-junit=3.3, jmeter-java=3.3, jmeter-ldap=3.3, jmeter-mail=3.3, jmeter-mongodb=3.3, jmeter-native=3.3, jmeter-tcp=3.3, jmeter-components=3.3]
16:32:56.893 [main] INFO  org.apache.jmeter.save.SaveService - Testplan (JMX) version: 2.2. Testlog (JTL) version: 2.2
2017-11-29 16:32:56,893 INFO o.a.j.s.SaveService: Testplan (JMX) version: 2.2. Testlog (JTL) version: 2.2
16:32:56.908 [main] INFO  org.apache.jmeter.save.SaveService - Using SaveService properties file encoding UTF-8
2017-11-29 16:32:56,908 INFO o.a.j.s.SaveService: Using SaveService properties file encoding UTF-8
16:32:56.915 [main] INFO  org.apache.jmeter.save.SaveService - Using SaveService properties version 3.2
2017-11-29 16:32:56,915 INFO o.a.j.s.SaveService: Using SaveService properties version 3.2
16:32:56.957 [main] INFO  org.apache.jmeter.protocol.http.control.CacheManager - Will only cache the following methods: [GET]
2017-11-29 16:32:56,957 INFO o.a.j.p.h.c.CacheManager: Will only cache the following methods: [GET]
16:32:56.960 [main] INFO  org.apache.jmeter.protocol.http.control.CookieManager - Settings: Delete null: true Check: true Allow variable: true Save: false Prefix: COOKIE_
2017-11-29 16:32:56,960 INFO o.a.j.p.h.c.CookieManager: Settings: Delete null: true Check: true Allow variable: true Save: false Prefix: COOKIE_
16:32:57.042 [main] INFO  org.jmeterplugins.repository.PluginManager - Restarting JMeter...
2017-11-29 16:32:57,042 INFO o.j.r.PluginManager: Restarting JMeter...
16:32:57.043 [Thread-1] INFO  org.jmeterplugins.repository.PluginManager - Starting JMeter Plugins modifications
2017-11-29 16:32:57,043 INFO o.j.r.PluginManager: Starting JMeter Plugins modifications

ERROR StatusLogger No log4j2 configuration file found. Using default configuration: logging only errors to the console. Set system property 'org.apache.logging.log4j.simplelog.StatusLogger.level' to TRACE to show Log4j2 internal initialization logging.

[2017-11-29 16:32:57,737 DEBUG Engine.jmeter] Load: LoadSpec(concurrency=50, throughput=None, ramp_up=120.0, hold=30.0, iterations=0, duration=150.0, steps=None)
[2017-11-29 16:32:57,747 DEBUG Engine.jmeter.LoadSettingsProcessor.ThreadGroupHandler] Converting ThreadGroup (blazedemo) to ConcurrencyThreadGroup and apply load parameters
[2017-11-29 16:32:57,748 DEBUG Engine] New artifact filename: /Users/daper01/Documents/OSLo/artifacts/2017-11-29_16-32-40.444078/kpi-1.jtl
[2017-11-29 16:32:57,749 DEBUG Engine] New artifact filename: /Users/daper01/Documents/OSLo/artifacts/2017-11-29_16-32-40.444078/error-1.jtl
[2017-11-29 16:32:57,750 DEBUG Engine] New artifact filename: /Users/daper01/Documents/OSLo/artifacts/2017-11-29_16-32-40.444078/modified_requests-1.jmx
[2017-11-29 16:32:57,751 DEBUG JMX] Saving JMX to: /Users/daper01/Documents/OSLo/artifacts/2017-11-29_16-32-40.444078/modified_requests-1.jmx
[2017-11-29 16:32:57,752 DEBUG Engine.jmeter] Additional properties: defaultdict(None, {'jmeter.save.saveservice.autoflush': 'true', 'jmeter.save.saveservice.connect_time': 'true', 'user.classpath': '/Users/daper01/Documents/OSLo/artifacts/2017-11-29_16-32-40.444078', 'sampleresult.default.encoding': 'UTF-8', 'summariser.name': '', 'jmeterengine.force.system.exit': 'true', 'jmeter.save.saveservice.timestamp_format': 'ms', 'mode': 'Stripped', 'jmeterengine.nongui.maxport': 4446, 'jmeterengine.nongui.port': 4446})
[2017-11-29 16:32:57,752 DEBUG Engine] New artifact filename: /Users/daper01/Documents/OSLo/artifacts/2017-11-29_16-32-40.444078/jmeter-bzt-1.properties
[2017-11-29 16:32:57,754 DEBUG Engine.jmeter] Additional system properties defaultdict(None, {'sun.net.inetaddr.ttl': 0})
[2017-11-29 16:32:57,754 DEBUG Engine] New artifact filename: /Users/daper01/Documents/OSLo/artifacts/2017-11-29_16-32-40.444078/system-1.properties
[2017-11-29 16:32:57,755 DEBUG Engine] New artifact filename: /Users/daper01/Documents/OSLo/artifacts/2017-11-29_16-32-40.444078/jmeter-1.out
[2017-11-29 16:32:57,755 DEBUG Engine] New artifact filename: /Users/daper01/Documents/OSLo/artifacts/2017-11-29_16-32-40.444078/jmeter-1.err
[2017-11-29 16:32:57,756 DEBUG Engine] Module config: final-stats defaultdict(None, {'class': 'bzt.modules.reporting.FinalStatus'})
[2017-11-29 16:32:57,756 DEBUG root] Importing module: bzt.modules.reporting
[2017-11-29 16:32:58,188 DEBUG easyprocess] version=0.2.3
[2017-11-29 16:32:58,192 DEBUG pyvirtualdisplay] version=0.2.1
[2017-11-29 16:32:58,195 DEBUG root] Loading class: 'FinalStatus' from <module 'bzt.modules.reporting' from '/usr/local/lib/python2.7/site-packages/bzt/modules/reporting.pyc'>
[2017-11-29 16:32:58,195 DEBUG Engine] Module config: console defaultdict(None, {'class': 'bzt.modules.console.ConsoleStatusReporter'})
[2017-11-29 16:32:58,196 DEBUG root] Importing module: bzt.modules.console
[2017-11-29 16:32:58,196 DEBUG root] Loading class: 'ConsoleStatusReporter' from <module 'bzt.modules.console' from '/usr/local/lib/python2.7/site-packages/bzt/modules/console.pyc'>
[2017-11-29 16:32:58,206 DEBUG Engine.Configuration] Dumping YAML config into /Users/daper01/Documents/OSLo/artifacts/2017-11-29_16-32-40.444078/effective.yml
[2017-11-29 16:32:58,245 DEBUG Engine.Configuration] Dumping JSON config into /Users/daper01/Documents/OSLo/artifacts/2017-11-29_16-32-40.444078/effective.json
[2017-11-29 16:32:58,246 INFO Engine] Starting...
[2017-11-29 16:32:58,247 DEBUG Engine] Startup <bzt.modules.monitoring.Monitoring object at 0x106132750>
[2017-11-29 16:32:58,247 DEBUG Engine] Startup <bzt.modules.aggregator.ConsolidatingAggregator object at 0x10611c810>
[2017-11-29 16:32:58,247 DEBUG Engine] Startup <bzt.modules.reporting.FinalStatus object at 0x106ac5950>
[2017-11-29 16:32:58,247 DEBUG Engine] Startup <bzt.modules.console.ConsoleStatusReporter object at 0x106be7750>
[2017-11-29 16:32:58,247 INFO Engine.console] Waiting for results...
[2017-11-29 16:32:58,248 DEBUG Engine] Startup <bzt.modules.reporting.FinalStatus object at 0x106c05b10>
[2017-11-29 16:32:58,248 DEBUG Engine] Startup <bzt.modules.provisioning.Local object at 0x10611c510>
[2017-11-29 16:32:58,248 DEBUG Engine.local] Delay setup for jmeter/blazedemo: 0(start-at) + 0(delay) = 0
[2017-11-29 16:32:58,248 DEBUG Engine.local] Delay setup for jmeter/blazedemo: 0(start-at) + 0(delay) = 0
[2017-11-29 16:32:58,252 DEBUG Engine.Configuration] Dumping YAML config into /Users/daper01/Documents/OSLo/artifacts/2017-11-29_16-32-40.444078/effective.yml
[2017-11-29 16:32:58,324 DEBUG Engine.Configuration] Dumping JSON config into /Users/daper01/Documents/OSLo/artifacts/2017-11-29_16-32-40.444078/effective.json
[2017-11-29 16:32:58,326 DEBUG root] Leveling down log file verbosity, use -v option to have DEBUG messages enabled
[2017-11-29 16:32:58,569 INFO Engine.console] Waiting for finish...
[2017-11-29 16:33:58,685 WARNING Engine] Please wait for graceful shutdown...
[2017-11-29 16:33:58,712 DEBUG root] Leveled up log file verbosity
[2017-11-29 16:33:58,712 INFO Engine] Shutting down...
[2017-11-29 16:33:58,722 DEBUG Engine.local] Shutdown jmeter/blazedemo
[2017-11-29 16:33:59,723 INFO Engine.jmeter] Sending Shutdown command to JMeter on port 4445...
[2017-11-29 16:34:00,734 DEBUG Engine.jmeter] JMeter stopped on Shutdown command
[2017-11-29 16:34:00,734 DEBUG Engine.local] Shutdown jmeter/blazedemo
[2017-11-29 16:34:01,739 INFO Engine.jmeter] Sending Shutdown command to JMeter on port 4446...
[2017-11-29 16:34:02,751 DEBUG Engine.jmeter] JMeter stopped on Shutdown command
[2017-11-29 16:34:02,758 DEBUG Engine.console] Restoring logging streams, [<logging.StreamHandler object at 0x10564a710>]/{<logging.StreamHandler object at 0x10564a710>: <open file '<stdout>', mode 'w' at 0x104662150>}
[2017-11-29 16:34:02,766 DEBUG Engine.Configuration] Dumping YAML config into /Users/daper01/Documents/OSLo/artifacts/2017-11-29_16-32-40.444078/effective.yml
[2017-11-29 16:34:02,845 DEBUG Engine.Configuration] Dumping JSON config into /Users/daper01/Documents/OSLo/artifacts/2017-11-29_16-32-40.444078/effective.json
[2017-11-29 16:34:02,849 WARNING root] Keyboard interrupt
[2017-11-29 16:34:02,851 DEBUG root] KeyboardInterrupt: 
Traceback (most recent call last):
  File "/usr/local/lib/python2.7/site-packages/bzt/cli.py", line 221, in perform
    self.engine.run()
  File "/usr/local/lib/python2.7/site-packages/bzt/engine.py", line 202, in run
    reraise(exc_info)
  File "/usr/local/lib/python2.7/site-packages/bzt/engine.py", line 184, in run
    self._wait()
  File "/usr/local/lib/python2.7/site-packages/bzt/engine.py", line 227, in _wait
    time.sleep(delay)
KeyboardInterrupt
[2017-11-29 16:34:02,851 INFO Engine] Post-processing...
[2017-11-29 16:34:02,851 DEBUG Engine.local] Post-process jmeter/blazedemo
[2017-11-29 16:34:02,852 DEBUG Engine] Add existing artifact (move=True): /Users/daper01/Documents/OSLo/artifacts/2017-11-29_16-32-40.444078/modified_requests.jmx
[2017-11-29 16:34:02,852 DEBUG Engine] No need to copy /Users/daper01/Documents/OSLo/artifacts/2017-11-29_16-32-40.444078/modified_requests.jmx
[2017-11-29 16:34:02,852 DEBUG Engine.local] Post-process jmeter/blazedemo
[2017-11-29 16:34:02,852 DEBUG Engine] Add existing artifact (move=True): /Users/daper01/Documents/OSLo/artifacts/2017-11-29_16-32-40.444078/modified_requests-1.jmx
[2017-11-29 16:34:02,852 DEBUG Engine] No need to copy /Users/daper01/Documents/OSLo/artifacts/2017-11-29_16-32-40.444078/modified_requests-1.jmx
[2017-11-29 16:34:02,853 DEBUG Engine.jmeter.JTLErrorsReader] Opening /Users/daper01/Documents/OSLo/artifacts/2017-11-29_16-32-40.444078/error.jtl
[2017-11-29 16:34:02,862 DEBUG Engine.jmeter.JTLReader.IncrementalCSVReader] Reading JTL: /Users/daper01/Documents/OSLo/artifacts/2017-11-29_16-32-40.444078/kpi.jtl
[2017-11-29 16:34:02,862 DEBUG Engine.jmeter.JTLReader.IncrementalCSVReader] Read lines: 273 / 26422 bytes (at speed 1048576)
[2017-11-29 16:34:02,886 DEBUG Engine.jmeter.JTLReader] Putting sample 1511991236 into 1511991237
[2017-11-29 16:34:02,894 DEBUG Engine.jmeter.JTLReader] Buffer len: 3
[2017-11-29 16:34:02,894 DEBUG Engine.jmeter.JTLReader] Aggregating: 1511991237
[2017-11-29 16:34:02,922 DEBUG Engine.jmeter.JTLReader] Aggregating: 1511991238
[2017-11-29 16:34:02,944 DEBUG Engine.jmeter.JTLReader] Aggregating: 1511991239
[2017-11-29 16:34:02,968 DEBUG Engine.jmeter.JTLErrorsReader] Opening /Users/daper01/Documents/OSLo/artifacts/2017-11-29_16-32-40.444078/error-1.jtl
[2017-11-29 16:34:02,973 DEBUG Engine.jmeter.JTLErrorsReader] Error reading errors.jtl: Traceback (most recent call last):
  File "/usr/local/lib/python2.7/site-packages/bzt/modules/jmeter.py", line 1347, in read_file
    self.parser.feed(read)  # "Huge input lookup" error without capping :)
  File "src/lxml/parser.pxi", line 1240, in lxml.etree._FeedParser.feed
  File "src/lxml/parser.pxi", line 1362, in lxml.etree._FeedParser.feed
  File "src/lxml/parser.pxi", line 589, in lxml.etree._ParserContext._handleParseResult
  File "src/lxml/parser.pxi", line 598, in lxml.etree._ParserContext._handleParseResultDoc
  File "src/lxml/parser.pxi", line 709, in lxml.etree._handleParseResult
  File "src/lxml/parser.pxi", line 638, in lxml.etree._raiseParseError
XMLSyntaxError: Opening and ending tag mismatch: responseData line 96 and testResults, line 104, column 15 (line 104)

[2017-11-29 16:34:02,973 WARNING Engine.jmeter.JTLErrorsReader] Failed to parse errors XML: Opening and ending tag mismatch: responseData line 96 and testResults, line 104, column 15 (line 104)
[2017-11-29 16:34:02,975 DEBUG Engine.jmeter.JTLReader.IncrementalCSVReader] Reading JTL: /Users/daper01/Documents/OSLo/artifacts/2017-11-29_16-32-40.444078/kpi-1.jtl
[2017-11-29 16:34:02,975 DEBUG Engine.jmeter.JTLReader.IncrementalCSVReader] Read lines: 465 / 42692 bytes (at speed 1048576)
[2017-11-29 16:34:02,988 DEBUG Engine.jmeter.JTLReader] Buffer len: 5
[2017-11-29 16:34:02,988 DEBUG Engine.jmeter.JTLReader] Aggregating: 1511991237
[2017-11-29 16:34:03,008 DEBUG Engine.jmeter.JTLReader] Aggregating: 1511991238
[2017-11-29 16:34:03,022 DEBUG Engine.jmeter.JTLReader] Aggregating: 1511991239
[2017-11-29 16:34:03,031 DEBUG Engine.jmeter.JTLReader] Aggregating: 1511991240
[2017-11-29 16:34:03,042 DEBUG Engine.jmeter.JTLReader] Aggregating: 1511991241
[2017-11-29 16:34:03,050 DEBUG Engine.consolidator] Consolidator buffer[7]: [1511991235, 1511991236, 1511991237, 1511991238, 1511991239, 1511991240, 1511991241]
[2017-11-29 16:34:03,050 DEBUG Engine.consolidator] Merging into 1511991235
[2017-11-29 16:34:03,050 DEBUG Engine.consolidator] Merging 1511991235
[2017-11-29 16:34:03,058 DEBUG Engine.consolidator] Merging 1511991235
[2017-11-29 16:34:03,085 DEBUG Engine.consolidator] Processed datapoint: 1511991235/None
[2017-11-29 16:34:03,085 DEBUG Engine.consolidator] Merging into 1511991236
[2017-11-29 16:34:03,085 DEBUG Engine.consolidator] Merging 1511991236
[2017-11-29 16:34:03,091 DEBUG Engine.consolidator] Merging 1511991236
[2017-11-29 16:34:03,114 DEBUG Engine.consolidator] Processed datapoint: 1511991236/None
[2017-11-29 16:34:03,114 DEBUG Engine.consolidator] Merging into 1511991237
[2017-11-29 16:34:03,114 DEBUG Engine.consolidator] Merging 1511991237
[2017-11-29 16:34:03,121 DEBUG Engine.consolidator] Merging 1511991237
[2017-11-29 16:34:03,145 DEBUG Engine.consolidator] Processed datapoint: 1511991237/None
[2017-11-29 16:34:03,145 DEBUG Engine.consolidator] Merging into 1511991238
[2017-11-29 16:34:03,145 DEBUG Engine.consolidator] Merging 1511991238
[2017-11-29 16:34:03,155 DEBUG Engine.consolidator] Merging 1511991238
[2017-11-29 16:34:03,184 DEBUG Engine.consolidator] Processed datapoint: 1511991238/None
[2017-11-29 16:34:03,184 DEBUG Engine.consolidator] Merging into 1511991239
[2017-11-29 16:34:03,184 DEBUG Engine.consolidator] Merging 1511991239
[2017-11-29 16:34:03,191 DEBUG Engine.consolidator] Merging 1511991239
[2017-11-29 16:34:03,223 DEBUG Engine.consolidator] Processed datapoint: 1511991239/None
[2017-11-29 16:34:03,223 DEBUG Engine.consolidator] Merging into 1511991240
[2017-11-29 16:34:03,223 DEBUG Engine.consolidator] Merging 1511991240
[2017-11-29 16:34:03,248 DEBUG Engine.consolidator] Processed datapoint: 1511991240/None
[2017-11-29 16:34:03,248 DEBUG Engine.consolidator] Merging into 1511991241
[2017-11-29 16:34:03,248 DEBUG Engine.consolidator] Merging 1511991241
[2017-11-29 16:34:03,274 DEBUG Engine.consolidator] Processed datapoint: 1511991241/None
[2017-11-29 16:34:03,274 INFO Engine.final-stats] Test duration: 0:01:04
[2017-11-29 16:34:03,275 INFO Engine.final-stats] Samples count: 8077, 0.47% failures
[2017-11-29 16:34:03,275 INFO Engine.final-stats] Average times: total 0.349, latency 0.329, connect 0.000
[2017-11-29 16:34:03,275 INFO Engine.final-stats] Percentile 0.0%: 0.013
[2017-11-29 16:34:03,275 INFO Engine.final-stats] Percentile 50.0%: 0.296
[2017-11-29 16:34:03,275 INFO Engine.final-stats] Percentile 90.0%: 0.577
[2017-11-29 16:34:03,275 INFO Engine.final-stats] Percentile 95.0%: 0.660
[2017-11-29 16:34:03,275 INFO Engine.final-stats] Percentile 99.0%: 0.940
[2017-11-29 16:34:03,276 INFO Engine.final-stats] Percentile 99.9%: 5.052
[2017-11-29 16:34:03,276 INFO Engine.final-stats] Percentile 100.0%: 5.261
[2017-11-29 16:34:03,276 DEBUG Engine.console] No logger_handler or orig_stream was detected
[2017-11-29 16:34:03,276 INFO Engine.final-stats] Test duration: 0:01:04
[2017-11-29 16:34:03,276 INFO Engine.final-stats] Samples count: 8077, 0.47% failures
[2017-11-29 16:34:03,276 INFO Engine.final-stats] Average times: total 0.349, latency 0.329, connect 0.000
[2017-11-29 16:34:03,277 INFO Engine.final-stats] Percentile 0.0%: 0.013
[2017-11-29 16:34:03,277 INFO Engine.final-stats] Percentile 50.0%: 0.296
[2017-11-29 16:34:03,277 INFO Engine.final-stats] Percentile 90.0%: 0.577
[2017-11-29 16:34:03,277 INFO Engine.final-stats] Percentile 95.0%: 0.660
[2017-11-29 16:34:03,277 INFO Engine.final-stats] Percentile 99.0%: 0.940
[2017-11-29 16:34:03,278 INFO Engine.final-stats] Percentile 99.9%: 5.052
[2017-11-29 16:34:03,278 INFO Engine.final-stats] Percentile 100.0%: 5.261
[2017-11-29 16:34:03,278 INFO Engine.final-stats] Dumping final status as XML: stats.xml
[2017-11-29 16:34:03,301 DEBUG Engine.Configuration] Dumping YAML config into /Users/daper01/Documents/OSLo/artifacts/2017-11-29_16-32-40.444078/effective.yml
[2017-11-29 16:34:03,393 DEBUG Engine.Configuration] Dumping JSON config into /Users/daper01/Documents/OSLo/artifacts/2017-11-29_16-32-40.444078/effective.json
[2017-11-29 16:34:03,394 INFO root] Artifacts dir: /Users/daper01/Documents/OSLo/artifacts/2017-11-29_16-32-40.444078
[2017-11-29 16:34:03,394 WARNING root] Done performing with code: 1
[2017-11-29 16:34:03,394 DEBUG root] Closing log handler: /Users/daper01/Documents/OSLo/artifacts/2017-11-29_16-32-40.444078/bzt.log
