2017-11-29 16:33:00,275 INFO o.a.j.u.JMeterUtils: Setting Locale to en_US
2017-11-29 16:33:00,302 INFO o.a.j.JMeter: Loading user properties from: /Users/daper01/.bzt/jmeter-taurus/3.3/bin/user.properties
2017-11-29 16:33:00,303 INFO o.a.j.JMeter: Loading system properties from: /Users/daper01/.bzt/jmeter-taurus/3.3/bin/system.properties
2017-11-29 16:33:00,304 INFO o.a.j.JMeter: Setting System properties from file: /Users/daper01/Documents/OSLo/artifacts/2017-11-29_16-32-40.444078/system.properties
2017-11-29 16:33:00,317 INFO o.a.j.JMeter: Copyright (c) 1998-2017 The Apache Software Foundation
2017-11-29 16:33:00,318 INFO o.a.j.JMeter: Version 3.3 r1808647
2017-11-29 16:33:00,319 INFO o.a.j.JMeter: java.version=1.8.0_121
2017-11-29 16:33:00,319 INFO o.a.j.JMeter: java.vm.name=Java HotSpot(TM) 64-Bit Server VM
2017-11-29 16:33:00,319 INFO o.a.j.JMeter: os.name=Mac OS X
2017-11-29 16:33:00,319 INFO o.a.j.JMeter: os.arch=x86_64
2017-11-29 16:33:00,320 INFO o.a.j.JMeter: os.version=10.13.1
2017-11-29 16:33:00,320 INFO o.a.j.JMeter: file.encoding=UTF-8
2017-11-29 16:33:00,320 INFO o.a.j.JMeter: Max memory     =3817865216
2017-11-29 16:33:00,320 INFO o.a.j.JMeter: Available Processors =4
2017-11-29 16:33:00,341 INFO o.a.j.JMeter: Default Locale=English (United States)
2017-11-29 16:33:00,341 INFO o.a.j.JMeter: JMeter  Locale=English (United States)
2017-11-29 16:33:00,341 INFO o.a.j.JMeter: JMeterHome=/Users/daper01/.bzt/jmeter-taurus/3.3
2017-11-29 16:33:00,341 INFO o.a.j.JMeter: user.dir  =/Users/daper01/Documents/OSLo
2017-11-29 16:33:00,342 INFO o.a.j.JMeter: PWD       =/Users/daper01/Documents/OSLo
2017-11-29 16:33:00,350 INFO o.a.j.JMeter: IP: 192.168.0.128 Name: daper01mac1124 FullName: 192.168.0.128
2017-11-29 16:33:00,351 INFO o.a.j.JMeter: user.classpath=/Users/daper01/Documents/OSLo/artifacts/2017-11-29_16-32-40.444078
2017-11-29 16:33:00,351 INFO o.a.j.JMeter: Adding to classpath and loader: /Users/daper01/Documents/OSLo/artifacts/2017-11-29_16-32-40.444078
2017-11-29 16:33:00,357 INFO o.a.j.s.FileServer: Default base='/Users/daper01/Documents/OSLo'
2017-11-29 16:33:00,357 INFO o.a.j.s.FileServer: Set new base='/Users/daper01/Documents/OSLo/artifacts/2017-11-29_16-32-40.444078'
2017-11-29 16:33:00,700 INFO o.a.j.s.SaveService: Testplan (JMX) version: 2.2. Testlog (JTL) version: 2.2
2017-11-29 16:33:00,725 INFO o.a.j.s.SaveService: Using SaveService properties file encoding UTF-8
2017-11-29 16:33:00,731 INFO o.a.j.s.SaveService: Using SaveService properties version 3.2
2017-11-29 16:33:00,740 INFO o.a.j.s.SaveService: Loading file: /Users/daper01/Documents/OSLo/artifacts/2017-11-29_16-32-40.444078/modified_requests.jmx
2017-11-29 16:33:00,945 INFO o.a.j.p.h.c.CacheManager: Will only cache the following methods: [GET]
2017-11-29 16:33:00,947 INFO o.a.j.p.h.c.CookieManager: Settings: Delete null: true Check: true Allow variable: true Save: false Prefix: COOKIE_
2017-11-29 16:33:00,970 INFO o.a.j.p.h.s.HTTPSamplerBase: Parser for text/html is org.apache.jmeter.protocol.http.parser.LagartoBasedHtmlParser
2017-11-29 16:33:00,970 INFO o.a.j.p.h.s.HTTPSamplerBase: Parser for application/xhtml+xml is org.apache.jmeter.protocol.http.parser.LagartoBasedHtmlParser
2017-11-29 16:33:00,970 INFO o.a.j.p.h.s.HTTPSamplerBase: Parser for application/xml is org.apache.jmeter.protocol.http.parser.LagartoBasedHtmlParser
2017-11-29 16:33:00,970 INFO o.a.j.p.h.s.HTTPSamplerBase: Parser for text/xml is org.apache.jmeter.protocol.http.parser.LagartoBasedHtmlParser
2017-11-29 16:33:00,970 INFO o.a.j.p.h.s.HTTPSamplerBase: Parser for text/vnd.wap.wml is org.apache.jmeter.protocol.http.parser.RegexpHTMLParser
2017-11-29 16:33:00,970 INFO o.a.j.p.h.s.HTTPSamplerBase: Parser for text/css is org.apache.jmeter.protocol.http.parser.CssParser
2017-11-29 16:33:01,008 INFO o.a.j.e.StandardJMeterEngine: Running the test!
2017-11-29 16:33:01,009 INFO o.a.j.s.SampleEvent: List of sample_variables: []
2017-11-29 16:33:01,009 INFO o.a.j.s.SampleEvent: List of sample_variables: []
2017-11-29 16:33:01,013 INFO o.a.j.e.u.CompoundVariable: Note: Function class names must contain the string: '.functions.'
2017-11-29 16:33:01,013 INFO o.a.j.e.u.CompoundVariable: Note: Function class names must not contain the string: '.gui.'
2017-11-29 16:33:02,141 INFO o.a.j.JMeter: Running test (1511991182141)
2017-11-29 16:33:02,229 INFO o.a.j.e.StandardJMeterEngine: Starting ThreadGroup: 1 : blazedemo
2017-11-29 16:33:02,229 INFO o.a.j.e.StandardJMeterEngine: Starting 50 threads for group blazedemo.
2017-11-29 16:33:02,229 INFO o.a.j.e.StandardJMeterEngine: Thread will continue on error
2017-11-29 16:33:02,235 INFO o.a.j.e.StandardJMeterEngine: All thread groups have been started
2017-11-29 16:33:02,235 INFO c.b.j.t.c.ConcurrencyThreadStarter: Start supplying threads
2017-11-29 16:33:02,545 INFO o.a.j.s.SampleResult: Note: Sample TimeStamps are START times
2017-11-29 16:33:02,545 INFO o.a.j.s.SampleResult: sampleresult.default.encoding is set to UTF-8
2017-11-29 16:33:02,545 INFO o.a.j.s.SampleResult: sampleresult.useNanoTime=true
2017-11-29 16:33:02,545 INFO o.a.j.s.SampleResult: sampleresult.nanoThreadSleep=5000
2017-11-29 16:33:03,869 INFO o.a.j.t.JMeterThread: Thread started: blazedemo 1-1
2017-11-29 16:33:03,870 INFO o.a.j.t.JMeterThread: Thread started: blazedemo 1-2
2017-11-29 16:33:03,873 INFO o.a.j.s.FileServer: Stored: /Users/daper01/Documents/OSLo/param.csv
2017-11-29 16:33:03,922 INFO o.a.j.p.h.s.HTTPHCAbstractImpl: Local host = daper01mac1124
2017-11-29 16:33:03,933 INFO o.a.j.p.h.s.HTTPHC4Impl: HTTP request retry count = 0
2017-11-29 16:33:04,559 INFO o.a.j.t.JMeterThread: Thread started: blazedemo 1-4
2017-11-29 16:33:04,559 INFO o.a.j.t.JMeterThread: Thread started: blazedemo 1-3
2017-11-29 16:33:05,565 INFO o.a.j.t.JMeterThread: Thread started: blazedemo 1-5
2017-11-29 16:33:05,566 INFO o.a.j.t.JMeterThread: Thread started: blazedemo 1-6
2017-11-29 16:33:06,569 INFO o.a.j.t.JMeterThread: Thread started: blazedemo 1-7
2017-11-29 16:33:07,578 INFO o.a.j.t.JMeterThread: Thread started: blazedemo 1-8
2017-11-29 16:33:07,579 INFO o.a.j.t.JMeterThread: Thread started: blazedemo 1-9
2017-11-29 16:33:08,584 INFO o.a.j.t.JMeterThread: Thread started: blazedemo 1-10
2017-11-29 16:33:08,585 INFO o.a.j.t.JMeterThread: Thread started: blazedemo 1-11
2017-11-29 16:33:09,589 INFO o.a.j.t.JMeterThread: Thread started: blazedemo 1-12
2017-11-29 16:33:10,592 INFO o.a.j.t.JMeterThread: Thread started: blazedemo 1-13
2017-11-29 16:33:10,593 INFO o.a.j.t.JMeterThread: Thread started: blazedemo 1-14
2017-11-29 16:33:11,604 INFO o.a.j.t.JMeterThread: Thread started: blazedemo 1-15
2017-11-29 16:33:11,607 INFO o.a.j.t.JMeterThread: Thread started: blazedemo 1-16
2017-11-29 16:33:12,611 INFO o.a.j.t.JMeterThread: Thread started: blazedemo 1-17
2017-11-29 16:33:13,616 INFO o.a.j.t.JMeterThread: Thread started: blazedemo 1-18
2017-11-29 16:33:13,616 INFO o.a.j.t.JMeterThread: Thread started: blazedemo 1-19
2017-11-29 16:33:14,620 INFO o.a.j.t.JMeterThread: Thread started: blazedemo 1-20
2017-11-29 16:33:14,622 INFO o.a.j.t.JMeterThread: Thread started: blazedemo 1-21
2017-11-29 16:33:15,627 INFO o.a.j.t.JMeterThread: Thread started: blazedemo 1-22
2017-11-29 16:33:16,627 INFO o.a.j.t.JMeterThread: Thread started: blazedemo 1-23
2017-11-29 16:33:16,629 INFO o.a.j.t.JMeterThread: Thread started: blazedemo 1-24
2017-11-29 16:33:17,632 INFO o.a.j.t.JMeterThread: Thread started: blazedemo 1-25
2017-11-29 16:33:17,633 INFO o.a.j.t.JMeterThread: Thread started: blazedemo 1-26
2017-11-29 16:33:18,636 INFO o.a.j.t.JMeterThread: Thread started: blazedemo 1-27
2017-11-29 16:33:19,640 INFO o.a.j.t.JMeterThread: Thread started: blazedemo 1-28
2017-11-29 16:33:19,643 INFO o.a.j.t.JMeterThread: Thread started: blazedemo 1-29
2017-11-29 16:33:20,644 INFO o.a.j.t.JMeterThread: Thread started: blazedemo 1-30
2017-11-29 16:33:20,644 INFO o.a.j.t.JMeterThread: Thread started: blazedemo 1-31
2017-11-29 16:33:21,647 INFO o.a.j.t.JMeterThread: Thread started: blazedemo 1-32
2017-11-29 16:33:22,649 INFO o.a.j.t.JMeterThread: Thread started: blazedemo 1-33
2017-11-29 16:33:22,650 INFO o.a.j.t.JMeterThread: Thread started: blazedemo 1-34
2017-11-29 16:33:23,652 INFO o.a.j.t.JMeterThread: Thread started: blazedemo 1-35
2017-11-29 16:33:23,653 INFO o.a.j.t.JMeterThread: Thread started: blazedemo 1-36
2017-11-29 16:33:24,655 INFO o.a.j.t.JMeterThread: Thread started: blazedemo 1-37
2017-11-29 16:33:25,660 INFO o.a.j.t.JMeterThread: Thread started: blazedemo 1-38
2017-11-29 16:33:25,669 INFO o.a.j.t.JMeterThread: Thread started: blazedemo 1-39
2017-11-29 16:33:26,669 INFO o.a.j.t.JMeterThread: Thread started: blazedemo 1-40
2017-11-29 16:33:26,671 INFO o.a.j.t.JMeterThread: Thread started: blazedemo 1-41
2017-11-29 16:33:27,674 INFO o.a.j.t.JMeterThread: Thread started: blazedemo 1-42
2017-11-29 16:33:28,676 INFO o.a.j.t.JMeterThread: Thread started: blazedemo 1-43
2017-11-29 16:33:28,678 INFO o.a.j.t.JMeterThread: Thread started: blazedemo 1-44
2017-11-29 16:33:29,680 INFO o.a.j.t.JMeterThread: Thread started: blazedemo 1-45
2017-11-29 16:33:29,680 INFO o.a.j.t.JMeterThread: Thread started: blazedemo 1-46
2017-11-29 16:33:30,684 INFO o.a.j.t.JMeterThread: Thread started: blazedemo 1-47
2017-11-29 16:33:31,686 INFO o.a.j.t.JMeterThread: Thread started: blazedemo 1-48
2017-11-29 16:33:31,687 INFO o.a.j.t.JMeterThread: Thread started: blazedemo 1-49
2017-11-29 16:33:32,693 INFO o.a.j.t.JMeterThread: Thread started: blazedemo 1-50
2017-11-29 16:33:59,731 INFO o.a.j.JMeter: Command: Shutdown received from /127.0.0.1
2017-11-29 16:33:59,733 INFO c.b.j.t.c.ConcurrencyThreadStarter: Done supplying threads
2017-11-29 16:33:59,733 WARN o.a.j.t.JMeterThread: Interrupting: blazedemo 1-40 sampler: Welcome Page
2017-11-29 16:33:59,734 WARN o.a.j.t.JMeterThread: Interrupting: blazedemo 1-6 sampler: Reserve Page
2017-11-29 16:33:59,734 WARN o.a.j.t.JMeterThread: Interrupting: blazedemo 1-12 sampler: Welcome Page
2017-11-29 16:33:59,735 WARN o.a.j.t.JMeterThread: Interrupting: blazedemo 1-50 sampler: Welcome Page
2017-11-29 16:33:59,738 WARN o.a.j.t.JMeterThread: Interrupting: blazedemo 1-41 sampler: Reserve Page
2017-11-29 16:33:59,739 WARN o.a.j.t.JMeterThread: Interrupting: blazedemo 1-5 sampler: Confirmation Page
2017-11-29 16:33:59,739 INFO o.a.j.t.JMeterThread: Thread is done: blazedemo 1-33
2017-11-29 16:33:59,740 INFO o.a.j.t.JMeterThread: Thread finished: blazedemo 1-33
2017-11-29 16:33:59,740 WARN o.a.j.t.JMeterThread: Interrupting: blazedemo 1-35 sampler: Welcome Page
2017-11-29 16:33:59,742 WARN o.a.j.t.JMeterThread: Interrupting: blazedemo 1-24 sampler: Reserve Page
2017-11-29 16:33:59,744 WARN o.a.j.t.JMeterThread: Interrupting: blazedemo 1-42 sampler: Welcome Page
2017-11-29 16:33:59,745 WARN o.a.j.t.JMeterThread: Interrupting: blazedemo 1-26 sampler: Purchase Page
2017-11-29 16:33:59,746 WARN o.a.j.t.JMeterThread: Interrupting: blazedemo 1-43 sampler: Welcome Page
2017-11-29 16:33:59,748 INFO o.a.j.t.JMeterThread: Thread is done: blazedemo 1-15
2017-11-29 16:33:59,749 INFO o.a.j.t.JMeterThread: Thread finished: blazedemo 1-15
2017-11-29 16:33:59,748 INFO o.a.j.t.JMeterThread: Thread is done: blazedemo 1-16
2017-11-29 16:33:59,748 INFO o.a.j.t.JMeterThread: Thread is done: blazedemo 1-20
2017-11-29 16:33:59,750 INFO o.a.j.t.JMeterThread: Thread finished: blazedemo 1-16
2017-11-29 16:33:59,747 INFO o.a.j.t.JMeterThread: Thread is done: blazedemo 1-8
2017-11-29 16:33:59,747 INFO o.a.j.t.JMeterThread: Thread is done: blazedemo 1-46
2017-11-29 16:33:59,750 INFO o.a.j.t.JMeterThread: Thread finished: blazedemo 1-46
2017-11-29 16:33:59,750 INFO o.a.j.t.JMeterThread: Thread finished: blazedemo 1-8
2017-11-29 16:33:59,752 INFO o.a.j.t.JMeterThread: Thread finished: blazedemo 1-20
2017-11-29 16:33:59,754 INFO o.a.j.t.JMeterThread: Thread is done: blazedemo 1-45
2017-11-29 16:33:59,755 INFO o.a.j.t.JMeterThread: Thread finished: blazedemo 1-45
2017-11-29 16:33:59,755 INFO o.a.j.t.JMeterThread: Thread is done: blazedemo 1-14
2017-11-29 16:33:59,755 INFO o.a.j.t.JMeterThread: Thread finished: blazedemo 1-14
2017-11-29 16:33:59,755 INFO o.a.j.t.JMeterThread: Thread is done: blazedemo 1-29
2017-11-29 16:33:59,755 INFO o.a.j.t.JMeterThread: Thread finished: blazedemo 1-29
2017-11-29 16:33:59,756 INFO o.a.j.t.JMeterThread: Thread is done: blazedemo 1-21
2017-11-29 16:33:59,756 INFO o.a.j.t.JMeterThread: Thread finished: blazedemo 1-21
2017-11-29 16:33:59,756 INFO o.a.j.t.JMeterThread: Thread is done: blazedemo 1-3
2017-11-29 16:33:59,756 INFO o.a.j.t.JMeterThread: Thread finished: blazedemo 1-3
2017-11-29 16:33:59,757 INFO o.a.j.t.JMeterThread: Thread is done: blazedemo 1-25
2017-11-29 16:33:59,757 INFO o.a.j.t.JMeterThread: Thread finished: blazedemo 1-25
2017-11-29 16:33:59,758 INFO o.a.j.t.JMeterThread: Thread is done: blazedemo 1-49
2017-11-29 16:33:59,758 INFO o.a.j.t.JMeterThread: Thread finished: blazedemo 1-49
2017-11-29 16:33:59,758 INFO o.a.j.t.JMeterThread: Thread is done: blazedemo 1-39
2017-11-29 16:33:59,760 INFO o.a.j.t.JMeterThread: Thread is done: blazedemo 1-1
2017-11-29 16:33:59,760 INFO o.a.j.t.JMeterThread: Thread finished: blazedemo 1-1
2017-11-29 16:33:59,761 INFO o.a.j.t.JMeterThread: Thread finished: blazedemo 1-39
2017-11-29 16:33:59,761 INFO o.a.j.t.JMeterThread: Thread is done: blazedemo 1-2
2017-11-29 16:33:59,761 INFO o.a.j.t.JMeterThread: Thread finished: blazedemo 1-2
2017-11-29 16:33:59,761 INFO o.a.j.t.JMeterThread: Thread is done: blazedemo 1-22
2017-11-29 16:33:59,749 WARN o.a.j.t.JMeterThread: Interrupting: blazedemo 1-34 sampler: Confirmation Page
2017-11-29 16:33:59,762 INFO o.a.j.t.JMeterThread: Thread finished: blazedemo 1-22
2017-11-29 16:33:59,762 INFO o.a.j.t.JMeterThread: Thread is done: blazedemo 1-9
2017-11-29 16:33:59,762 INFO o.a.j.t.JMeterThread: Thread finished: blazedemo 1-9
2017-11-29 16:33:59,762 INFO o.a.j.t.JMeterThread: Thread is done: blazedemo 1-38
2017-11-29 16:33:59,762 INFO o.a.j.t.JMeterThread: Thread finished: blazedemo 1-38
2017-11-29 16:33:59,762 INFO o.a.j.t.JMeterThread: Thread is done: blazedemo 1-31
2017-11-29 16:33:59,763 INFO o.a.j.t.JMeterThread: Thread finished: blazedemo 1-31
2017-11-29 16:33:59,764 INFO o.a.j.t.JMeterThread: Thread is done: blazedemo 1-12
2017-11-29 16:33:59,764 INFO o.a.j.t.JMeterThread: Thread finished: blazedemo 1-12
2017-11-29 16:33:59,766 WARN o.a.j.t.JMeterThread: Interrupting: blazedemo 1-18 sampler: Reserve Page
2017-11-29 16:33:59,768 INFO o.a.j.t.JMeterThread: Thread is done: blazedemo 1-43
2017-11-29 16:33:59,769 INFO o.a.j.t.JMeterThread: Thread finished: blazedemo 1-43
2017-11-29 16:33:59,772 INFO o.a.j.t.JMeterThread: Thread is done: blazedemo 1-42
2017-11-29 16:33:59,772 INFO o.a.j.t.JMeterThread: Thread finished: blazedemo 1-42
2017-11-29 16:33:59,772 INFO o.a.j.t.JMeterThread: Thread is done: blazedemo 1-37
2017-11-29 16:33:59,772 INFO o.a.j.t.JMeterThread: Thread finished: blazedemo 1-37
2017-11-29 16:33:59,773 INFO o.a.j.t.JMeterThread: Thread is done: blazedemo 1-34
2017-11-29 16:33:59,773 INFO o.a.j.t.JMeterThread: Thread finished: blazedemo 1-34
2017-11-29 16:33:59,774 INFO o.a.j.t.JMeterThread: Thread is done: blazedemo 1-13
2017-11-29 16:33:59,774 INFO o.a.j.t.JMeterThread: Thread finished: blazedemo 1-13
2017-11-29 16:33:59,775 INFO o.a.j.t.JMeterThread: Thread is done: blazedemo 1-4
2017-11-29 16:33:59,776 INFO o.a.j.t.JMeterThread: Thread finished: blazedemo 1-4
2017-11-29 16:33:59,776 INFO o.a.j.t.JMeterThread: Thread is done: blazedemo 1-5
2017-11-29 16:33:59,776 INFO o.a.j.t.JMeterThread: Thread finished: blazedemo 1-5
2017-11-29 16:33:59,776 WARN o.a.j.t.JMeterThread: Interrupting: blazedemo 1-30 sampler: Confirmation Page
2017-11-29 16:33:59,777 INFO o.a.j.t.JMeterThread: Thread is done: blazedemo 1-50
2017-11-29 16:33:59,777 INFO o.a.j.t.JMeterThread: Thread finished: blazedemo 1-50
2017-11-29 16:33:59,779 INFO o.a.j.t.JMeterThread: Thread is done: blazedemo 1-35
2017-11-29 16:33:59,779 INFO o.a.j.t.JMeterThread: Thread finished: blazedemo 1-35
2017-11-29 16:33:59,779 WARN o.a.j.t.JMeterThread: Interrupting: blazedemo 1-48 sampler: Reserve Page
2017-11-29 16:33:59,780 WARN o.a.j.t.JMeterThread: Interrupting: blazedemo 1-32 sampler: Purchase Page
2017-11-29 16:33:59,780 INFO o.a.j.t.JMeterThread: Thread is done: blazedemo 1-41
2017-11-29 16:33:59,781 INFO o.a.j.t.JMeterThread: Thread finished: blazedemo 1-41
2017-11-29 16:33:59,782 WARN o.a.j.t.JMeterThread: Interrupting: blazedemo 1-17 sampler: Reserve Page
2017-11-29 16:33:59,783 WARN o.a.j.t.JMeterThread: Interrupting: blazedemo 1-44 sampler: Confirmation Page
2017-11-29 16:33:59,784 WARN o.a.j.t.JMeterThread: Interrupting: blazedemo 1-7 sampler: Reserve Page
2017-11-29 16:33:59,785 WARN o.a.j.t.JMeterThread: Interrupting: blazedemo 1-28 sampler: Purchase Page
2017-11-29 16:33:59,786 WARN o.a.j.t.JMeterThread: Interrupting: blazedemo 1-11 sampler: Purchase Page
2017-11-29 16:33:59,787 WARN o.a.j.t.JMeterThread: Interrupting: blazedemo 1-19 sampler: Welcome Page
2017-11-29 16:33:59,788 INFO o.a.j.t.JMeterThread: Thread is done: blazedemo 1-30
2017-11-29 16:33:59,788 INFO o.a.j.t.JMeterThread: Thread finished: blazedemo 1-30
2017-11-29 16:33:59,789 INFO o.a.j.t.JMeterThread: Thread is done: blazedemo 1-28
2017-11-29 16:33:59,789 INFO o.a.j.t.JMeterThread: Thread finished: blazedemo 1-28
2017-11-29 16:33:59,790 INFO o.a.j.t.JMeterThread: Thread is done: blazedemo 1-26
2017-11-29 16:33:59,790 INFO o.a.j.t.JMeterThread: Thread finished: blazedemo 1-26
2017-11-29 16:33:59,791 INFO o.a.j.t.JMeterThread: Thread is done: blazedemo 1-6
2017-11-29 16:33:59,791 INFO o.a.j.t.JMeterThread: Thread finished: blazedemo 1-6
2017-11-29 16:33:59,792 INFO o.a.j.t.JMeterThread: Thread is done: blazedemo 1-24
2017-11-29 16:33:59,792 INFO o.a.j.t.JMeterThread: Thread finished: blazedemo 1-24
2017-11-29 16:33:59,793 WARN o.a.j.t.JMeterThread: Interrupting: blazedemo 1-10 sampler: Reserve Page
2017-11-29 16:33:59,794 WARN o.a.j.t.JMeterThread: Interrupting: blazedemo 1-23 sampler: Welcome Page
2017-11-29 16:33:59,794 INFO o.a.j.t.JMeterThread: Thread is done: blazedemo 1-40
2017-11-29 16:33:59,794 WARN o.a.j.t.JMeterThread: Interrupting: blazedemo 1-47 sampler: Welcome Page
2017-11-29 16:33:59,794 INFO o.a.j.t.JMeterThread: Thread finished: blazedemo 1-40
2017-11-29 16:33:59,799 INFO o.a.j.t.JMeterThread: Thread is done: blazedemo 1-11
2017-11-29 16:33:59,799 INFO o.a.j.t.JMeterThread: Thread finished: blazedemo 1-11
2017-11-29 16:33:59,801 WARN o.a.j.t.JMeterThread: Interrupting: blazedemo 1-27 sampler: Purchase Page
2017-11-29 16:33:59,801 INFO o.a.j.t.JMeterThread: Thread is done: blazedemo 1-19
2017-11-29 16:33:59,801 INFO o.a.j.t.JMeterThread: Thread finished: blazedemo 1-19
2017-11-29 16:33:59,802 INFO o.a.j.e.StandardJMeterEngine: Notifying test listeners of end of test
2017-11-29 16:33:59,802 INFO o.a.j.s.FileServer: Close: /Users/daper01/Documents/OSLo/param.csv
2017-11-29 16:33:59,806 INFO o.a.j.t.JMeterThread: Thread is done: blazedemo 1-7
2017-11-29 16:33:59,806 INFO o.a.j.t.JMeterThread: Thread finished: blazedemo 1-7
2017-11-29 16:33:59,807 INFO o.a.j.t.JMeterThread: Thread is done: blazedemo 1-47
2017-11-29 16:33:59,807 INFO o.a.j.t.JMeterThread: Thread finished: blazedemo 1-47
2017-11-29 16:33:59,807 INFO o.a.j.t.JMeterThread: Thread is done: blazedemo 1-44
2017-11-29 16:33:59,808 INFO o.a.j.t.JMeterThread: Thread finished: blazedemo 1-44
2017-11-29 16:33:59,809 INFO o.a.j.t.JMeterThread: Thread is done: blazedemo 1-23
2017-11-29 16:33:59,809 INFO o.a.j.t.JMeterThread: Thread finished: blazedemo 1-23
2017-11-29 16:33:59,809 INFO o.a.j.t.JMeterThread: Thread is done: blazedemo 1-17
2017-11-29 16:33:59,810 INFO o.a.j.t.JMeterThread: Thread finished: blazedemo 1-17
2017-11-29 16:33:59,810 INFO o.a.j.t.JMeterThread: Thread is done: blazedemo 1-32
2017-11-29 16:33:59,810 INFO o.a.j.t.JMeterThread: Thread finished: blazedemo 1-32
2017-11-29 16:33:59,811 INFO o.a.j.t.JMeterThread: Thread is done: blazedemo 1-27
2017-11-29 16:33:59,811 INFO o.a.j.t.JMeterThread: Thread finished: blazedemo 1-27
2017-11-29 16:33:59,812 INFO o.a.j.e.StandardJMeterEngine: Forced JVM shutdown requested at end of test
2017-11-29 16:33:59,813 INFO o.a.j.t.JMeterThread: Thread is done: blazedemo 1-48
2017-11-29 16:33:59,813 INFO o.a.j.t.JMeterThread: Thread finished: blazedemo 1-48
2017-11-29 16:33:59,814 INFO o.a.j.t.JMeterThread: Thread is done: blazedemo 1-18
2017-11-29 16:33:59,815 INFO o.a.j.t.JMeterThread: Thread finished: blazedemo 1-18
2017-11-29 16:33:59,815 INFO o.a.j.t.JMeterThread: Thread is done: blazedemo 1-10
2017-11-29 16:33:59,815 INFO o.a.j.t.JMeterThread: Thread finished: blazedemo 1-10
