2017-11-29 16:33:00,283 INFO o.a.j.u.JMeterUtils: Setting Locale to en_US
2017-11-29 16:33:00,305 INFO o.a.j.JMeter: Loading user properties from: /Users/daper01/.bzt/jmeter-taurus/3.3/bin/user.properties
2017-11-29 16:33:00,308 INFO o.a.j.JMeter: Loading system properties from: /Users/daper01/.bzt/jmeter-taurus/3.3/bin/system.properties
2017-11-29 16:33:00,312 INFO o.a.j.JMeter: Setting System properties from file: /Users/daper01/Documents/OSLo/artifacts/2017-11-29_16-32-40.444078/system-1.properties
2017-11-29 16:33:00,320 INFO o.a.j.JMeter: Copyright (c) 1998-2017 The Apache Software Foundation
2017-11-29 16:33:00,321 INFO o.a.j.JMeter: Version 3.3 r1808647
2017-11-29 16:33:00,321 INFO o.a.j.JMeter: java.version=1.8.0_121
2017-11-29 16:33:00,321 INFO o.a.j.JMeter: java.vm.name=Java HotSpot(TM) 64-Bit Server VM
2017-11-29 16:33:00,321 INFO o.a.j.JMeter: os.name=Mac OS X
2017-11-29 16:33:00,321 INFO o.a.j.JMeter: os.arch=x86_64
2017-11-29 16:33:00,321 INFO o.a.j.JMeter: os.version=10.13.1
2017-11-29 16:33:00,321 INFO o.a.j.JMeter: file.encoding=UTF-8
2017-11-29 16:33:00,321 INFO o.a.j.JMeter: Max memory     =3817865216
2017-11-29 16:33:00,321 INFO o.a.j.JMeter: Available Processors =4
2017-11-29 16:33:00,329 INFO o.a.j.JMeter: Default Locale=English (United States)
2017-11-29 16:33:00,330 INFO o.a.j.JMeter: JMeter  Locale=English (United States)
2017-11-29 16:33:00,333 INFO o.a.j.JMeter: JMeterHome=/Users/daper01/.bzt/jmeter-taurus/3.3
2017-11-29 16:33:00,334 INFO o.a.j.JMeter: user.dir  =/Users/daper01/Documents/OSLo
2017-11-29 16:33:00,338 INFO o.a.j.JMeter: PWD       =/Users/daper01/Documents/OSLo
2017-11-29 16:33:00,344 INFO o.a.j.JMeter: IP: 192.168.0.128 Name: daper01mac1124 FullName: 192.168.0.128
2017-11-29 16:33:00,344 INFO o.a.j.JMeter: user.classpath=/Users/daper01/Documents/OSLo/artifacts/2017-11-29_16-32-40.444078
2017-11-29 16:33:00,345 INFO o.a.j.JMeter: Adding to classpath and loader: /Users/daper01/Documents/OSLo/artifacts/2017-11-29_16-32-40.444078
2017-11-29 16:33:00,353 INFO o.a.j.s.FileServer: Default base='/Users/daper01/Documents/OSLo'
2017-11-29 16:33:00,353 INFO o.a.j.s.FileServer: Set new base='/Users/daper01/Documents/OSLo/artifacts/2017-11-29_16-32-40.444078'
2017-11-29 16:33:00,705 INFO o.a.j.s.SaveService: Testplan (JMX) version: 2.2. Testlog (JTL) version: 2.2
2017-11-29 16:33:00,728 INFO o.a.j.s.SaveService: Using SaveService properties file encoding UTF-8
2017-11-29 16:33:00,735 INFO o.a.j.s.SaveService: Using SaveService properties version 3.2
2017-11-29 16:33:00,744 INFO o.a.j.s.SaveService: Loading file: /Users/daper01/Documents/OSLo/artifacts/2017-11-29_16-32-40.444078/modified_requests-1.jmx
2017-11-29 16:33:00,952 INFO o.a.j.p.h.c.CacheManager: Will only cache the following methods: [GET]
2017-11-29 16:33:00,954 INFO o.a.j.p.h.c.CookieManager: Settings: Delete null: true Check: true Allow variable: true Save: false Prefix: COOKIE_
2017-11-29 16:33:00,976 INFO o.a.j.p.h.s.HTTPSamplerBase: Parser for text/html is org.apache.jmeter.protocol.http.parser.LagartoBasedHtmlParser
2017-11-29 16:33:00,976 INFO o.a.j.p.h.s.HTTPSamplerBase: Parser for application/xhtml+xml is org.apache.jmeter.protocol.http.parser.LagartoBasedHtmlParser
2017-11-29 16:33:00,977 INFO o.a.j.p.h.s.HTTPSamplerBase: Parser for application/xml is org.apache.jmeter.protocol.http.parser.LagartoBasedHtmlParser
2017-11-29 16:33:00,977 INFO o.a.j.p.h.s.HTTPSamplerBase: Parser for text/xml is org.apache.jmeter.protocol.http.parser.LagartoBasedHtmlParser
2017-11-29 16:33:00,977 INFO o.a.j.p.h.s.HTTPSamplerBase: Parser for text/vnd.wap.wml is org.apache.jmeter.protocol.http.parser.RegexpHTMLParser
2017-11-29 16:33:00,977 INFO o.a.j.p.h.s.HTTPSamplerBase: Parser for text/css is org.apache.jmeter.protocol.http.parser.CssParser
2017-11-29 16:33:01,014 INFO o.a.j.e.StandardJMeterEngine: Running the test!
2017-11-29 16:33:01,015 INFO o.a.j.s.SampleEvent: List of sample_variables: []
2017-11-29 16:33:01,015 INFO o.a.j.s.SampleEvent: List of sample_variables: []
2017-11-29 16:33:01,020 INFO o.a.j.e.u.CompoundVariable: Note: Function class names must contain the string: '.functions.'
2017-11-29 16:33:01,020 INFO o.a.j.e.u.CompoundVariable: Note: Function class names must not contain the string: '.gui.'
2017-11-29 16:33:02,298 INFO o.a.j.JMeter: Running test (1511991182298)
2017-11-29 16:33:02,371 INFO o.a.j.e.StandardJMeterEngine: Starting ThreadGroup: 1 : blazedemo
2017-11-29 16:33:02,371 INFO o.a.j.e.StandardJMeterEngine: Starting 50 threads for group blazedemo.
2017-11-29 16:33:02,371 INFO o.a.j.e.StandardJMeterEngine: Thread will continue on error
2017-11-29 16:33:02,376 INFO o.a.j.e.StandardJMeterEngine: All thread groups have been started
2017-11-29 16:33:02,376 INFO c.b.j.t.c.ConcurrencyThreadStarter: Start supplying threads
2017-11-29 16:33:03,589 INFO o.a.j.s.SampleResult: Note: Sample TimeStamps are START times
2017-11-29 16:33:03,589 INFO o.a.j.s.SampleResult: sampleresult.default.encoding is set to UTF-8
2017-11-29 16:33:03,589 INFO o.a.j.s.SampleResult: sampleresult.useNanoTime=true
2017-11-29 16:33:03,589 INFO o.a.j.s.SampleResult: sampleresult.nanoThreadSleep=5000
2017-11-29 16:33:04,087 INFO o.a.j.t.JMeterThread: Thread started: blazedemo 1-1
2017-11-29 16:33:04,091 INFO o.a.j.s.FileServer: Stored: /Users/daper01/Documents/OSLo/param.csv
2017-11-29 16:33:04,129 INFO o.a.j.p.h.s.HTTPHCAbstractImpl: Local host = daper01mac1124
2017-11-29 16:33:04,137 INFO o.a.j.p.h.s.HTTPHC4Impl: HTTP request retry count = 0
2017-11-29 16:33:06,614 INFO o.a.j.t.JMeterThread: Thread started: blazedemo 1-2
2017-11-29 16:33:08,617 INFO o.a.j.t.JMeterThread: Thread started: blazedemo 1-3
2017-11-29 16:33:11,630 INFO o.a.j.t.JMeterThread: Thread started: blazedemo 1-4
2017-11-29 16:33:13,634 INFO o.a.j.t.JMeterThread: Thread started: blazedemo 1-5
2017-11-29 16:33:15,638 INFO o.a.j.t.JMeterThread: Thread started: blazedemo 1-6
2017-11-29 16:33:18,651 INFO o.a.j.t.JMeterThread: Thread started: blazedemo 1-7
2017-11-29 16:33:20,657 INFO o.a.j.t.JMeterThread: Thread started: blazedemo 1-8
2017-11-29 16:33:23,667 INFO o.a.j.t.JMeterThread: Thread started: blazedemo 1-9
2017-11-29 16:33:25,674 INFO o.a.j.t.JMeterThread: Thread started: blazedemo 1-10
2017-11-29 16:33:27,678 INFO o.a.j.t.JMeterThread: Thread started: blazedemo 1-11
2017-11-29 16:33:30,687 INFO o.a.j.t.JMeterThread: Thread started: blazedemo 1-12
2017-11-29 16:33:32,694 INFO o.a.j.t.JMeterThread: Thread started: blazedemo 1-13
2017-11-29 16:33:35,708 INFO o.a.j.t.JMeterThread: Thread started: blazedemo 1-14
2017-11-29 16:33:37,728 INFO o.a.j.t.JMeterThread: Thread started: blazedemo 1-15
2017-11-29 16:33:39,739 INFO o.a.j.t.JMeterThread: Thread started: blazedemo 1-16
2017-11-29 16:33:42,749 INFO o.a.j.t.JMeterThread: Thread started: blazedemo 1-17
2017-11-29 16:33:44,754 INFO o.a.j.t.JMeterThread: Thread started: blazedemo 1-18
2017-11-29 16:33:47,764 INFO o.a.j.t.JMeterThread: Thread started: blazedemo 1-19
2017-11-29 16:33:49,768 INFO o.a.j.t.JMeterThread: Thread started: blazedemo 1-20
2017-11-29 16:33:51,774 INFO o.a.j.t.JMeterThread: Thread started: blazedemo 1-21
2017-11-29 16:33:54,781 INFO o.a.j.t.JMeterThread: Thread started: blazedemo 1-22
2017-11-29 16:33:56,786 INFO o.a.j.t.JMeterThread: Thread started: blazedemo 1-23
2017-11-29 16:33:58,791 INFO o.a.j.t.JMeterThread: Thread started: blazedemo 1-24
2017-11-29 16:34:01,751 INFO o.a.j.JMeter: Command: Shutdown received from /127.0.0.1
2017-11-29 16:34:01,752 WARN o.a.j.t.JMeterThread: Interrupting: blazedemo 1-14 sampler: Welcome Page
2017-11-29 16:34:01,753 INFO c.b.j.t.c.ConcurrencyThreadStarter: Done supplying threads
2017-11-29 16:34:01,755 WARN o.a.j.t.JMeterThread: Interrupting: blazedemo 1-18 sampler: Purchase Page
2017-11-29 16:34:01,759 WARN o.a.j.t.JMeterThread: Interrupting: blazedemo 1-23 sampler: Welcome Page
2017-11-29 16:34:01,761 INFO o.a.j.t.JMeterThread: Thread is done: blazedemo 1-6
2017-11-29 16:34:01,761 INFO o.a.j.t.JMeterThread: Thread finished: blazedemo 1-6
2017-11-29 16:34:01,761 WARN o.a.j.t.JMeterThread: Interrupting: blazedemo 1-19 sampler: Welcome Page
2017-11-29 16:34:01,763 WARN o.a.j.t.JMeterThread: Interrupting: blazedemo 1-3 sampler: Purchase Page
2017-11-29 16:34:01,764 WARN o.a.j.t.JMeterThread: Interrupting: blazedemo 1-4 sampler: Reserve Page
2017-11-29 16:34:01,765 WARN o.a.j.t.JMeterThread: Interrupting: blazedemo 1-12 sampler: Reserve Page
2017-11-29 16:34:01,766 WARN o.a.j.t.JMeterThread: Interrupting: blazedemo 1-15 sampler: Reserve Page
2017-11-29 16:34:01,768 WARN o.a.j.t.JMeterThread: Interrupting: blazedemo 1-11 sampler: Reserve Page
2017-11-29 16:34:01,769 WARN o.a.j.t.JMeterThread: Interrupting: blazedemo 1-17 sampler: Purchase Page
2017-11-29 16:34:01,771 WARN o.a.j.t.JMeterThread: Interrupting: blazedemo 1-8 sampler: Welcome Page
2017-11-29 16:34:01,772 WARN o.a.j.t.JMeterThread: Interrupting: blazedemo 1-10 sampler: Welcome Page
2017-11-29 16:34:01,773 WARN o.a.j.t.JMeterThread: Interrupting: blazedemo 1-7 sampler: Reserve Page
2017-11-29 16:34:01,775 WARN o.a.j.t.JMeterThread: Interrupting: blazedemo 1-9 sampler: Confirmation Page
2017-11-29 16:34:01,776 WARN o.a.j.t.JMeterThread: Interrupting: blazedemo 1-22 sampler: Welcome Page
2017-11-29 16:34:01,776 INFO o.a.j.t.JMeterThread: Thread is done: blazedemo 1-14
2017-11-29 16:34:01,776 INFO o.a.j.t.JMeterThread: Thread finished: blazedemo 1-14
2017-11-29 16:34:01,779 INFO o.a.j.t.JMeterThread: Thread is done: blazedemo 1-10
2017-11-29 16:34:01,779 INFO o.a.j.t.JMeterThread: Thread finished: blazedemo 1-10
2017-11-29 16:34:01,779 WARN o.a.j.t.JMeterThread: Interrupting: blazedemo 1-20 sampler: Welcome Page
2017-11-29 16:34:01,779 INFO o.a.j.e.StandardJMeterEngine: Notifying test listeners of end of test
2017-11-29 16:34:01,779 INFO o.a.j.s.FileServer: Close: /Users/daper01/Documents/OSLo/param.csv
2017-11-29 16:34:01,780 WARN o.a.j.t.JMeterThread: Interrupting: blazedemo 1-1 sampler: Purchase Page
2017-11-29 16:34:01,781 INFO o.a.j.t.JMeterThread: Thread is done: blazedemo 1-22
2017-11-29 16:34:01,781 INFO o.a.j.t.JMeterThread: Thread finished: blazedemo 1-22
2017-11-29 16:34:01,781 WARN o.a.j.t.JMeterThread: Interrupting: blazedemo 1-24 sampler: Reserve Page
2017-11-29 16:34:01,781 INFO o.a.j.e.StandardJMeterEngine: Forced JVM shutdown requested at end of test
2017-11-29 16:34:01,781 INFO o.a.j.t.JMeterThread: Thread is done: blazedemo 1-8
2017-11-29 16:34:01,783 WARN o.a.j.t.JMeterThread: Interrupting: blazedemo 1-5 sampler: Confirmation Page
2017-11-29 16:34:01,784 INFO o.a.j.t.JMeterThread: Thread is done: blazedemo 1-11
2017-11-29 16:34:01,785 INFO o.a.j.t.JMeterThread: Thread finished: blazedemo 1-11
2017-11-29 16:34:01,783 INFO o.a.j.t.JMeterThread: Thread is done: blazedemo 1-17
2017-11-29 16:34:01,786 INFO o.a.j.t.JMeterThread: Thread finished: blazedemo 1-17
2017-11-29 16:34:01,781 INFO o.a.j.t.JMeterThread: Thread is done: blazedemo 1-20
2017-11-29 16:34:01,789 INFO o.a.j.t.JMeterThread: Thread finished: blazedemo 1-20
2017-11-29 16:34:01,790 INFO o.a.j.t.JMeterThread: Thread is done: blazedemo 1-12
2017-11-29 16:34:01,790 INFO o.a.j.t.JMeterThread: Thread finished: blazedemo 1-12
2017-11-29 16:34:01,783 INFO o.a.j.t.JMeterThread: Thread finished: blazedemo 1-8
2017-11-29 16:34:01,792 INFO o.a.j.t.JMeterThread: Thread is done: blazedemo 1-4
2017-11-29 16:34:01,792 INFO o.a.j.t.JMeterThread: Thread finished: blazedemo 1-4
2017-11-29 16:34:01,782 INFO o.a.j.t.JMeterThread: Thread is done: blazedemo 1-1
2017-11-29 16:34:01,793 INFO o.a.j.t.JMeterThread: Thread finished: blazedemo 1-1
2017-11-29 16:34:01,788 INFO o.a.j.t.JMeterThread: Thread is done: blazedemo 1-15
