[2017-12-14 11:54:51,230 INFO root] Taurus CLI Tool v1.9.6
[2017-12-14 11:54:51,231 DEBUG root] Command-line options: {'verbose': None, 'no_system_configs': None, 'quiet': None, 'log': '/var/folders/vq/xzrdy2lx047cst78f69v8z3xfzqz1q/T/bzt_rXq22S.log', 'option': None, 'aliases': []}
[2017-12-14 11:54:51,231 DEBUG root] Python: CPython 2.7.13
[2017-12-14 11:54:51,231 DEBUG root] OS: ('Darwin', 'daper01mac1124', '17.2.0', 'Darwin Kernel Version 17.2.0: Fri Sep 29 18:27:05 PDT 2017; root:xnu-4570.20.62~3/RELEASE_X86_64', 'x86_64', 'i386')
[2017-12-14 11:54:51,231 INFO root] Starting with configs: ['jmeter.yml']
[2017-12-14 11:54:51,231 DEBUG root] Using personal config: /Users/daper01/.bzt-rc
[2017-12-14 11:54:51,232 INFO Engine] Configuring...
[2017-12-14 11:54:51,232 DEBUG Engine] Reading extension configs from: /usr/local/etc/bzt.d
[2017-12-14 11:54:51,232 DEBUG Engine.Configuration] Configs: ['/usr/local/lib/python2.7/site-packages/bzt/resources/base-config.yml', '/usr/local/etc/bzt.d/99-installID.yml']
[2017-12-14 11:54:51,232 DEBUG Engine.Configuration] Reading /usr/local/lib/python2.7/site-packages/bzt/resources/base-config.yml as YAML
[2017-12-14 11:54:51,257 DEBUG Engine.Configuration] Reading /usr/local/etc/bzt.d/99-installID.yml as YAML
[2017-12-14 11:54:51,258 DEBUG Engine.Configuration] Configs: ['/Users/daper01/.bzt-rc', 'jmeter.yml']
[2017-12-14 11:54:51,258 DEBUG Engine.Configuration] Reading /Users/daper01/.bzt-rc as YAML
[2017-12-14 11:54:51,259 DEBUG Engine.Configuration] Reading jmeter.yml as YAML
[2017-12-14 11:54:51,263 DEBUG Engine.Configuration] Configs: ['/Users/daper01/.bzt-rc', 'jmeter.yml']
[2017-12-14 11:54:51,263 DEBUG Engine.Configuration] Reading /Users/daper01/.bzt-rc as YAML
[2017-12-14 11:54:51,264 DEBUG Engine.Configuration] Reading jmeter.yml as YAML
[2017-12-14 11:54:51,286 DEBUG Engine] Requesting updates info: http://gettaurus.org/updates/?version=1.9.6&installID=784f43782a15
[2017-12-14 11:54:51,293 INFO Engine] Artifacts dir: /Users/daper01/Documents/OSLo/JMeter/2017-12-14_11-54-51.286690
[2017-12-14 11:54:51,293 DEBUG Engine] New artifact filename: /Users/daper01/Documents/OSLo/JMeter/2017-12-14_11-54-51.286690/effective
[2017-12-14 11:54:51,295 DEBUG Engine.Configuration] Dumping YAML config into /Users/daper01/Documents/OSLo/JMeter/2017-12-14_11-54-51.286690/effective.yml
[2017-12-14 11:54:51,322 DEBUG Engine.Configuration] Dumping JSON config into /Users/daper01/Documents/OSLo/JMeter/2017-12-14_11-54-51.286690/effective.json
[2017-12-14 11:54:51,323 DEBUG Engine] New artifact filename: /Users/daper01/Documents/OSLo/JMeter/2017-12-14_11-54-51.286690/merged.yml
[2017-12-14 11:54:51,324 DEBUG Engine.Configuration] Dumping YAML config into /Users/daper01/Documents/OSLo/JMeter/2017-12-14_11-54-51.286690/merged.yml
[2017-12-14 11:54:51,330 DEBUG Engine] New artifact filename: /Users/daper01/Documents/OSLo/JMeter/2017-12-14_11-54-51.286690/merged.json
[2017-12-14 11:54:51,331 DEBUG Engine.Configuration] Dumping JSON config into /Users/daper01/Documents/OSLo/JMeter/2017-12-14_11-54-51.286690/merged.json
[2017-12-14 11:54:51,331 DEBUG Engine] Add existing artifact (move=False): jmeter.yml
[2017-12-14 11:54:51,332 DEBUG Engine] Copying jmeter.yml to /Users/daper01/Documents/OSLo/JMeter/2017-12-14_11-54-51.286690/jmeter.yml
[2017-12-14 11:54:51,332 DEBUG root] Closing log handler: /var/folders/vq/xzrdy2lx047cst78f69v8z3xfzqz1q/T/bzt_rXq22S.log
[2017-12-14 11:54:51,343 DEBUG root] Switched writing logs to /Users/daper01/Documents/OSLo/JMeter/2017-12-14_11-54-51.286690/bzt.log
[2017-12-14 11:54:51,343 INFO Engine] Preparing...
[2017-12-14 11:54:51,344 DEBUG Engine] Module config: consolidator defaultdict(None, {'class': 'bzt.modules.aggregator.ConsolidatingAggregator'})
[2017-12-14 11:54:51,344 DEBUG root] Importing module: bzt.modules.aggregator
[2017-12-14 11:54:51,356 DEBUG root] Loading class: 'ConsolidatingAggregator' from <module 'bzt.modules.aggregator' from '/usr/local/lib/python2.7/site-packages/bzt/modules/aggregator.pyc'>
[2017-12-14 11:54:51,356 DEBUG Engine.consolidator] Exception in dehumanize_time(inf)
[2017-12-14 11:54:51,356 DEBUG Engine.consolidator] Buffer scaling setup: percentile 95.0 from [0.0, 50.0, 90.0, 95.0, 99.0, 99.9, 100.0] selected
[2017-12-14 11:54:51,357 DEBUG Engine] Module config: monitoring defaultdict(None, {'class': 'bzt.modules.monitoring.Monitoring'})
[2017-12-14 11:54:51,357 DEBUG root] Importing module: bzt.modules.monitoring
[2017-12-14 11:54:51,401 DEBUG root] Loading class: 'Monitoring' from <module 'bzt.modules.monitoring' from '/usr/local/lib/python2.7/site-packages/bzt/modules/monitoring.pyc'>
[2017-12-14 11:54:51,401 DEBUG Engine] Module config: local defaultdict(None, {'class': 'bzt.modules.provisioning.Local'})
[2017-12-14 11:54:51,402 DEBUG root] Importing module: bzt.modules.provisioning
[2017-12-14 11:54:51,402 DEBUG root] Loading class: 'Local' from <module 'bzt.modules.provisioning' from '/usr/local/lib/python2.7/site-packages/bzt/modules/provisioning.pyc'>
[2017-12-14 11:54:51,403 DEBUG Engine] Module config: jmeter defaultdict(None, {'properties': defaultdict(None, {'jmeter.save.saveservice.autoflush': 'true', 'summariser.name': '', 'jmeter.save.saveservice.connect_time': 'true', 'mode': 'Stripped', 'jmeterengine.force.system.exit': 'true'}), 'class': 'bzt.modules.jmeter.JMeterExecutor', 'plugins': ['jpgc-casutg', 'jpgc-dummy', 'jpgc-ffw', 'jpgc-fifo', 'jpgc-functions', 'jpgc-json', 'jpgc-perfmon', 'jpgc-prmctl', 'jpgc-tst']})
[2017-12-14 11:54:51,403 DEBUG root] Importing module: bzt.modules.jmeter
[2017-12-14 11:54:51,434 DEBUG root] Loading class: 'JMeterExecutor' from <module 'bzt.modules.jmeter' from '/usr/local/lib/python2.7/site-packages/bzt/modules/jmeter.pyc'>
[2017-12-14 11:54:51,434 DEBUG Engine.local] Preparing executor: jmeter/4505042320
[2017-12-14 11:54:51,434 DEBUG Engine] New artifact filename: /Users/daper01/Documents/OSLo/JMeter/2017-12-14_11-54-51.286690/jmeter.log
[2017-12-14 11:54:51,434 DEBUG Engine.jmeter] Checking if port 4445 is free
[2017-12-14 11:54:51,435 DEBUG Engine.jmeter] Port 4445 is free
[2017-12-14 11:54:51,435 DEBUG Engine.jmeter] Using port 4445 for management
[2017-12-14 11:54:51,435 DEBUG Engine.jmeter.JavaVM] Trying JavaVM: ['java', '-version']
[2017-12-14 11:54:51,559 DEBUG Engine.jmeter.JavaVM] JavaVM output: java version "1.8.0_121"
Java(TM) SE Runtime Environment (build 1.8.0_121-b13)
Java HotSpot(TM) 64-Bit Server VM (build 25.121-b13, mixed mode)

[2017-12-14 11:54:51,560 DEBUG Engine.jmeter.TclLibrary] We don't need to check tcl library on this platform
[2017-12-14 11:54:51,560 DEBUG Engine.jmeter.JMeter] Trying jmeter: /Users/daper01/.bzt/jmeter-taurus/3.3/bin/jmeter.sh
[2017-12-14 11:54:51,560 DEBUG bzt.utils] Executing shell: ['/Users/daper01/.bzt/jmeter-taurus/3.3/bin/jmeter.sh', '-j', '/var/folders/vq/xzrdy2lx047cst78f69v8z3xfzqz1q/T/jmeterPPcFlFlog', '--version']
[2017-12-14 11:54:51,919 DEBUG Engine] Taurus updates info: {"latest":"1.10.3","needsUpgrade":true}
[2017-12-14 11:54:51,919 WARNING Engine] There is newer version of Taurus 1.10.3 available, consider upgrading. What's new: http://gettaurus.org/docs/Changelog/
[2017-12-14 11:54:52,639 DEBUG Engine.jmeter.JMeter] JMeter check:     _    ____   _    ____ _   _ _____       _ __  __ _____ _____ _____ ____     
   / \  |  _ \ / \  / ___| | | | ____|     | |  \/  | ____|_   _| ____|  _ \   
  / _ \ | |_) / _ \| |   | |_| |  _|    _  | | |\/| |  _|   | | |  _| | |_) | 
 / ___ \|  __/ ___ \ |___|  _  | |___  | |_| | |  | | |___  | | | |___|  _ <  
/_/   \_\_| /_/   \_\____|_| |_|_____|  \___/|_|  |_|_____| |_| |_____|_| \_\ 3.3 r1808647  

Copyright (c) 1999-2017 The Apache Software Foundation

 / None
[2017-12-14 11:54:52,639 DEBUG bzt.utils] Executing shell: ['/Users/daper01/.bzt/jmeter-taurus/3.3/bin/PluginsManagerCMD.sh', 'install-for-jmx', 'blazedemo_easy_peasy.jmx']
[2017-12-14 11:54:55,474 DEBUG Engine.jmeter.JMeter] Try to detect plugins for blazedemo_easy_peasy.jmx
11:54:54.229 [main] INFO  org.jmeterplugins.repository.PluginManager - Plugins Status: [jpgc-functions=2.0, jpgc-casutg=2.1, jpgc-dummy=0.2, jpgc-ffw=2.0, jpgc-fifo=0.2, jpgc-json=2.6, jpgc-prmctl=0.3, jpgc-perfmon=2.1, jpgc-plugins-manager=0.16, jpgc-tst=2.1, jmeter-core=3.3, jmeter-ftp=3.3, jmeter-http=3.3, jmeter-jdbc=3.3, jmeter-jms=3.3, jmeter-junit=3.3, jmeter-java=3.3, jmeter-ldap=3.3, jmeter-mail=3.3, jmeter-mongodb=3.3, jmeter-native=3.3, jmeter-tcp=3.3, jmeter-components=3.3]
2017-12-14 11:54:54,229 INFO o.j.r.PluginManager: Plugins Status: [jpgc-functions=2.0, jpgc-casutg=2.1, jpgc-dummy=0.2, jpgc-ffw=2.0, jpgc-fifo=0.2, jpgc-json=2.6, jpgc-prmctl=0.3, jpgc-perfmon=2.1, jpgc-plugins-manager=0.16, jpgc-tst=2.1, jmeter-core=3.3, jmeter-ftp=3.3, jmeter-http=3.3, jmeter-jdbc=3.3, jmeter-jms=3.3, jmeter-junit=3.3, jmeter-java=3.3, jmeter-ldap=3.3, jmeter-mail=3.3, jmeter-mongodb=3.3, jmeter-native=3.3, jmeter-tcp=3.3, jmeter-components=3.3]
11:54:54.845 [main] INFO  org.apache.jmeter.save.SaveService - Testplan (JMX) version: 2.2. Testlog (JTL) version: 2.2
2017-12-14 11:54:54,845 INFO o.a.j.s.SaveService: Testplan (JMX) version: 2.2. Testlog (JTL) version: 2.2
11:54:54.859 [main] INFO  org.apache.jmeter.save.SaveService - Using SaveService properties file encoding UTF-8
2017-12-14 11:54:54,859 INFO o.a.j.s.SaveService: Using SaveService properties file encoding UTF-8
11:54:54.863 [main] INFO  org.apache.jmeter.save.SaveService - Using SaveService properties version 3.2
2017-12-14 11:54:54,863 INFO o.a.j.s.SaveService: Using SaveService properties version 3.2
11:54:54.907 [main] INFO  org.apache.jmeter.protocol.http.control.CookieManager - Settings: Delete null: true Check: true Allow variable: true Save: false Prefix: COOKIE_
2017-12-14 11:54:54,907 INFO o.a.j.p.h.c.CookieManager: Settings: Delete null: true Check: true Allow variable: true Save: false Prefix: COOKIE_
11:54:54.941 [main] INFO  org.apache.jmeter.protocol.http.control.CacheManager - Will only cache the following methods: [GET]
2017-12-14 11:54:54,941 INFO o.a.j.p.h.c.CacheManager: Will only cache the following methods: [GET]
11:54:55.046 [main] INFO  org.jmeterplugins.repository.PluginManager - Restarting JMeter...
2017-12-14 11:54:55,046 INFO o.j.r.PluginManager: Restarting JMeter...
11:54:55.047 [Thread-1] INFO  org.jmeterplugins.repository.PluginManager - Starting JMeter Plugins modifications
2017-12-14 11:54:55,047 INFO o.j.r.PluginManager: Starting JMeter Plugins modifications

ERROR StatusLogger No log4j2 configuration file found. Using default configuration: logging only errors to the console. Set system property 'org.apache.logging.log4j.simplelog.StatusLogger.level' to TRACE to show Log4j2 internal initialization logging.

[2017-12-14 11:54:55,475 DEBUG Engine.jmeter] Load: LoadSpec(concurrency=50, throughput=100.0, ramp_up=30.0, hold=60.0, iterations=0, duration=90.0, steps=None)
[2017-12-14 11:54:55,481 DEBUG Engine.jmeter.LoadSettingsProcessor.ThreadGroupHandler] Converting ThreadGroup (Thread Group) to ConcurrencyThreadGroup and apply load parameters
[2017-12-14 11:54:55,482 DEBUG Engine] New artifact filename: /Users/daper01/Documents/OSLo/JMeter/2017-12-14_11-54-51.286690/kpi.jtl
[2017-12-14 11:54:55,483 DEBUG Engine] New artifact filename: /Users/daper01/Documents/OSLo/JMeter/2017-12-14_11-54-51.286690/error.jtl
[2017-12-14 11:54:55,485 DEBUG Engine.jmeter] Enforcing parent sample for transaction controller
[2017-12-14 11:54:55,487 INFO Engine.jmeter] 1 obsolete CookieManagers are found and fixed
[2017-12-14 11:54:55,488 DEBUG JMX] Saving JMX to: /Users/daper01/Documents/OSLo/JMeter/modified_blazedemo_easy_peasy.jmx
[2017-12-14 11:54:55,491 DEBUG Engine.jmeter] Additional properties: defaultdict(None, {'jmeter.save.saveservice.autoflush': 'true', 'jmeter.save.saveservice.connect_time': 'true', 'user.classpath': '/Users/daper01/Documents/OSLo/JMeter/2017-12-14_11-54-51.286690', 'sampleresult.default.encoding': 'UTF-8', 'summariser.name': '', 'jmeterengine.force.system.exit': 'true', 'jmeter.save.saveservice.timestamp_format': 'ms', 'mode': 'Stripped', 'jmeterengine.nongui.maxport': 4445, 'jmeterengine.nongui.port': 4445})
[2017-12-14 11:54:55,491 DEBUG Engine] New artifact filename: /Users/daper01/Documents/OSLo/JMeter/2017-12-14_11-54-51.286690/jmeter-bzt.properties
[2017-12-14 11:54:55,492 DEBUG Engine] New artifact filename: /Users/daper01/Documents/OSLo/JMeter/2017-12-14_11-54-51.286690/jmeter.out
[2017-12-14 11:54:55,492 DEBUG Engine] New artifact filename: /Users/daper01/Documents/OSLo/JMeter/2017-12-14_11-54-51.286690/jmeter.err
[2017-12-14 11:54:55,493 DEBUG Engine] Module config: final-stats defaultdict(None, {'class': 'bzt.modules.reporting.FinalStatus'})
[2017-12-14 11:54:55,494 DEBUG root] Importing module: bzt.modules.reporting
[2017-12-14 11:54:55,604 DEBUG easyprocess] version=0.2.3
[2017-12-14 11:54:55,607 DEBUG pyvirtualdisplay] version=0.2.1
[2017-12-14 11:54:55,609 DEBUG root] Loading class: 'FinalStatus' from <module 'bzt.modules.reporting' from '/usr/local/lib/python2.7/site-packages/bzt/modules/reporting.pyc'>
[2017-12-14 11:54:55,610 DEBUG Engine] Module config: console defaultdict(None, {'class': 'bzt.modules.console.ConsoleStatusReporter'})
[2017-12-14 11:54:55,610 DEBUG root] Importing module: bzt.modules.console
[2017-12-14 11:54:55,610 DEBUG root] Loading class: 'ConsoleStatusReporter' from <module 'bzt.modules.console' from '/usr/local/lib/python2.7/site-packages/bzt/modules/console.pyc'>
[2017-12-14 11:54:55,610 DEBUG Engine] Module config: passfail defaultdict(None, {'class': 'bzt.modules.passfail.PassFailStatus'})
[2017-12-14 11:54:55,610 DEBUG root] Importing module: bzt.modules.passfail
[2017-12-14 11:54:55,610 DEBUG root] Loading class: 'PassFailStatus' from <module 'bzt.modules.passfail' from '/usr/local/lib/python2.7/site-packages/bzt/modules/passfail.pyc'>
[2017-12-14 11:54:55,615 DEBUG root] Importing module: bzt.modules.passfail
[2017-12-14 11:54:55,615 DEBUG root] Loading class: 'DataCriterion' from <module 'bzt.modules.passfail' from '/usr/local/lib/python2.7/site-packages/bzt/modules/passfail.pyc'>
[2017-12-14 11:54:55,617 DEBUG Engine.Configuration] Dumping YAML config into /Users/daper01/Documents/OSLo/JMeter/2017-12-14_11-54-51.286690/effective.yml
[2017-12-14 11:54:55,643 DEBUG Engine.Configuration] Dumping JSON config into /Users/daper01/Documents/OSLo/JMeter/2017-12-14_11-54-51.286690/effective.json
[2017-12-14 11:54:55,644 INFO Engine] Starting...
[2017-12-14 11:54:55,645 DEBUG Engine] Startup <bzt.modules.monitoring.Monitoring object at 0x10bedbf90>
[2017-12-14 11:54:55,645 DEBUG Engine] Startup <bzt.modules.aggregator.ConsolidatingAggregator object at 0x10bebe890>
[2017-12-14 11:54:55,645 DEBUG Engine] Startup <bzt.modules.reporting.FinalStatus object at 0x10c857dd0>
[2017-12-14 11:54:55,645 DEBUG Engine] Startup <bzt.modules.console.ConsoleStatusReporter object at 0x10c9cf290>
[2017-12-14 11:54:55,645 INFO Engine.console] Waiting for results...
[2017-12-14 11:54:55,645 DEBUG Engine] Startup <bzt.modules.passfail.PassFailStatus object at 0x10c9ef650>
[2017-12-14 11:54:55,645 DEBUG Engine] Startup <bzt.modules.provisioning.Local object at 0x10bebe550>
[2017-12-14 11:54:55,645 DEBUG Engine.local] Delay setup for jmeter/simple: 0(start-at) + 0(delay) = 0
[2017-12-14 11:54:55,648 DEBUG Engine.Configuration] Dumping YAML config into /Users/daper01/Documents/OSLo/JMeter/2017-12-14_11-54-51.286690/effective.yml
[2017-12-14 11:54:55,674 DEBUG Engine.Configuration] Dumping JSON config into /Users/daper01/Documents/OSLo/JMeter/2017-12-14_11-54-51.286690/effective.json
[2017-12-14 11:54:55,676 DEBUG root] Leveling down log file verbosity, use -v option to have DEBUG messages enabled
[2017-12-14 11:54:55,892 INFO Engine.console] Waiting for finish...
[2017-12-14 11:56:30,018 WARNING Engine] Please wait for graceful shutdown...
[2017-12-14 11:56:30,024 DEBUG root] Leveled up log file verbosity
[2017-12-14 11:56:30,024 INFO Engine] Shutting down...
[2017-12-14 11:56:30,029 DEBUG Engine.local] Shutdown jmeter/simple
[2017-12-14 11:56:30,029 DEBUG Engine.console] Restoring logging streams, [<logging.StreamHandler object at 0x10b3f6690>]/{<logging.StreamHandler object at 0x10b3f6690>: <open file '<stdout>', mode 'w' at 0x10a468150>}
[2017-12-14 11:56:30,031 DEBUG Engine.Configuration] Dumping YAML config into /Users/daper01/Documents/OSLo/JMeter/2017-12-14_11-54-51.286690/effective.yml
[2017-12-14 11:56:30,060 DEBUG Engine.Configuration] Dumping JSON config into /Users/daper01/Documents/OSLo/JMeter/2017-12-14_11-54-51.286690/effective.json
[2017-12-14 11:56:30,062 INFO Engine] Post-processing...
[2017-12-14 11:56:30,062 DEBUG Engine.local] Post-process jmeter/simple
[2017-12-14 11:56:30,063 DEBUG Engine] Add existing artifact (move=True): /Users/daper01/Documents/OSLo/JMeter/modified_blazedemo_easy_peasy.jmx
[2017-12-14 11:56:30,063 DEBUG Engine] Moving /Users/daper01/Documents/OSLo/JMeter/modified_blazedemo_easy_peasy.jmx to /Users/daper01/Documents/OSLo/JMeter/2017-12-14_11-54-51.286690/modified_blazedemo_easy_peasy.jmx
[2017-12-14 11:56:30,065 DEBUG Engine.jmeter.JTLReader.IncrementalCSVReader] Reading JTL: /Users/daper01/Documents/OSLo/JMeter/2017-12-14_11-54-51.286690/kpi.jtl
[2017-12-14 11:56:30,066 DEBUG Engine.jmeter.JTLReader.IncrementalCSVReader] Read lines: 0 / 0 bytes (at speed 1048576)
[2017-12-14 11:56:30,066 DEBUG Engine.jmeter.JTLReader] Buffer len: 2
[2017-12-14 11:56:30,066 DEBUG Engine.jmeter.JTLReader] Aggregating: 1513281388
[2017-12-14 11:56:30,072 DEBUG Engine.jmeter.JTLReader] Aggregating: 1513281389
[2017-12-14 11:56:30,075 DEBUG Engine.consolidator] Consolidator buffer[4]: [1513281386, 1513281387, 1513281388, 1513281389]
[2017-12-14 11:56:30,075 DEBUG Engine.consolidator] Merging into 1513281386
[2017-12-14 11:56:30,075 DEBUG Engine.consolidator] Merging 1513281386
[2017-12-14 11:56:30,087 DEBUG Engine.consolidator] Processed datapoint: 1513281386/None
[2017-12-14 11:56:30,087 DEBUG Engine.consolidator] Merging into 1513281387
[2017-12-14 11:56:30,087 DEBUG Engine.consolidator] Merging 1513281387
[2017-12-14 11:56:30,095 DEBUG Engine.consolidator] Processed datapoint: 1513281387/None
[2017-12-14 11:56:30,095 DEBUG Engine.consolidator] Merging into 1513281388
[2017-12-14 11:56:30,095 DEBUG Engine.consolidator] Merging 1513281388
[2017-12-14 11:56:30,106 DEBUG Engine.consolidator] Processed datapoint: 1513281388/None
[2017-12-14 11:56:30,106 DEBUG Engine.consolidator] Merging into 1513281389
[2017-12-14 11:56:30,106 DEBUG Engine.consolidator] Merging 1513281389
[2017-12-14 11:56:30,113 DEBUG Engine.consolidator] Processed datapoint: 1513281389/None
[2017-12-14 11:56:30,113 INFO Engine.final-stats] Test duration: 0:01:35
[2017-12-14 11:56:30,113 INFO Engine.final-stats] Samples count: 7546, 0.24% failures
[2017-12-14 11:56:30,114 INFO Engine.final-stats] Average times: total 0.209, latency 0.207, connect 0.000
[2017-12-14 11:56:30,114 INFO Engine.final-stats] Percentile 0.0%: 0.017
[2017-12-14 11:56:30,114 INFO Engine.final-stats] Percentile 50.0%: 0.176
[2017-12-14 11:56:30,114 INFO Engine.final-stats] Percentile 90.0%: 0.336
[2017-12-14 11:56:30,114 INFO Engine.final-stats] Percentile 95.0%: 0.344
[2017-12-14 11:56:30,114 INFO Engine.final-stats] Percentile 99.0%: 0.354
[2017-12-14 11:56:30,114 INFO Engine.final-stats] Percentile 99.9%: 0.786
[2017-12-14 11:56:30,115 INFO Engine.final-stats] Percentile 100.0%: 2.152
[2017-12-14 11:56:30,115 DEBUG Engine.console] No logger_handler or orig_stream was detected
[2017-12-14 11:56:30,115 WARNING root] Alert: avg-rt>150ms for 1 sec
[2017-12-14 11:56:30,115 DEBUG root] 1513281389 Failed: avg-rt>150ms for 1 sec: True
[2017-12-14 11:56:30,115 DEBUG Engine] post_process: Failed: avg-rt>150ms for 1 sec
[2017-12-14 11:56:30,118 DEBUG Engine.Configuration] Dumping YAML config into /Users/daper01/Documents/OSLo/JMeter/2017-12-14_11-54-51.286690/effective.yml
[2017-12-14 11:56:30,153 DEBUG Engine.Configuration] Dumping JSON config into /Users/daper01/Documents/OSLo/JMeter/2017-12-14_11-54-51.286690/effective.json
[2017-12-14 11:56:30,155 WARNING root] Automated shutdown
[2017-12-14 11:56:30,157 DEBUG root] AutomatedShutdown: Failed: avg-rt>150ms for 1 sec
Traceback (most recent call last):
  File "/usr/local/lib/python2.7/site-packages/bzt/cli.py", line 228, in perform
    self.engine.post_process()
  File "/usr/local/lib/python2.7/site-packages/bzt/engine.py", line 279, in post_process
    reraise(exc_info)
  File "/usr/local/lib/python2.7/site-packages/bzt/engine.py", line 266, in post_process
    module.post_process()
  File "/usr/local/lib/python2.7/site-packages/bzt/modules/passfail.py", line 81, in post_process
    raise AutomatedShutdown("%s" % crit)
AutomatedShutdown: Failed: avg-rt>150ms for 1 sec
[2017-12-14 11:56:30,157 INFO root] Artifacts dir: /Users/daper01/Documents/OSLo/JMeter/2017-12-14_11-54-51.286690
[2017-12-14 11:56:30,157 WARNING root] Done performing with code: 3
[2017-12-14 11:56:30,157 DEBUG root] Closing log handler: /Users/daper01/Documents/OSLo/JMeter/2017-12-14_11-54-51.286690/bzt.log
