[2017-12-12 10:00:41,472 INFO root] Taurus CLI Tool v1.9.6
[2017-12-12 10:00:41,472 DEBUG root] Command-line options: {'verbose': None, 'no_system_configs': None, 'quiet': None, 'log': '/var/folders/vq/xzrdy2lx047cst78f69v8z3xfzqz1q/T/bzt_9mMfM3.log', 'option': None, 'aliases': []}
[2017-12-12 10:00:41,473 DEBUG root] Python: CPython 2.7.13
[2017-12-12 10:00:41,473 DEBUG root] OS: ('Darwin', 'daper01mac1124', '17.2.0', 'Darwin Kernel Version 17.2.0: Fri Sep 29 18:27:05 PDT 2017; root:xnu-4570.20.62~3/RELEASE_X86_64', 'x86_64', 'i386')
[2017-12-12 10:00:41,473 INFO root] Starting with configs: ['python_Selenium.yml']
[2017-12-12 10:00:41,473 DEBUG root] Using personal config: /Users/daper01/.bzt-rc
[2017-12-12 10:00:41,473 INFO Engine] Configuring...
[2017-12-12 10:00:41,473 DEBUG Engine] Reading extension configs from: /usr/local/etc/bzt.d
[2017-12-12 10:00:41,473 DEBUG Engine.Configuration] Configs: ['/usr/local/lib/python2.7/site-packages/bzt/resources/base-config.yml', '/usr/local/etc/bzt.d/99-installID.yml']
[2017-12-12 10:00:41,474 DEBUG Engine.Configuration] Reading /usr/local/lib/python2.7/site-packages/bzt/resources/base-config.yml as YAML
[2017-12-12 10:00:41,496 DEBUG Engine.Configuration] Reading /usr/local/etc/bzt.d/99-installID.yml as YAML
[2017-12-12 10:00:41,497 DEBUG Engine.Configuration] Configs: ['/Users/daper01/.bzt-rc', 'python_Selenium.yml']
[2017-12-12 10:00:41,497 DEBUG Engine.Configuration] Reading /Users/daper01/.bzt-rc as YAML
[2017-12-12 10:00:41,559 DEBUG Engine.Configuration] Reading python_Selenium.yml as YAML
[2017-12-12 10:00:41,560 DEBUG Engine.Configuration] Configs: ['/Users/daper01/.bzt-rc', 'python_Selenium.yml']
[2017-12-12 10:00:41,560 DEBUG Engine.Configuration] Reading /Users/daper01/.bzt-rc as YAML
[2017-12-12 10:00:41,561 DEBUG Engine.Configuration] Reading python_Selenium.yml as YAML
[2017-12-12 10:00:41,570 DEBUG Engine] Requesting updates info: http://gettaurus.org/updates/?version=1.9.6&installID=784f43782a15
[2017-12-12 10:00:41,573 INFO Engine] Artifacts dir: /Users/daper01/Documents/OSLo/Selenium/2017-12-12_10-00-41.573807
[2017-12-12 10:00:41,574 DEBUG Engine] New artifact filename: /Users/daper01/Documents/OSLo/Selenium/2017-12-12_10-00-41.573807/effective
[2017-12-12 10:00:41,576 DEBUG Engine.Configuration] Dumping YAML config into /Users/daper01/Documents/OSLo/Selenium/2017-12-12_10-00-41.573807/effective.yml
[2017-12-12 10:00:41,598 DEBUG Engine.Configuration] Dumping JSON config into /Users/daper01/Documents/OSLo/Selenium/2017-12-12_10-00-41.573807/effective.json
[2017-12-12 10:00:41,600 DEBUG Engine] New artifact filename: /Users/daper01/Documents/OSLo/Selenium/2017-12-12_10-00-41.573807/merged.yml
[2017-12-12 10:00:41,600 DEBUG Engine.Configuration] Dumping YAML config into /Users/daper01/Documents/OSLo/Selenium/2017-12-12_10-00-41.573807/merged.yml
[2017-12-12 10:00:41,603 DEBUG Engine] New artifact filename: /Users/daper01/Documents/OSLo/Selenium/2017-12-12_10-00-41.573807/merged.json
[2017-12-12 10:00:41,603 DEBUG Engine.Configuration] Dumping JSON config into /Users/daper01/Documents/OSLo/Selenium/2017-12-12_10-00-41.573807/merged.json
[2017-12-12 10:00:41,604 DEBUG Engine] Add existing artifact (move=False): python_Selenium.yml
[2017-12-12 10:00:41,604 DEBUG Engine] Copying python_Selenium.yml to /Users/daper01/Documents/OSLo/Selenium/2017-12-12_10-00-41.573807/python_Selenium.yml
[2017-12-12 10:00:41,605 DEBUG root] Closing log handler: /var/folders/vq/xzrdy2lx047cst78f69v8z3xfzqz1q/T/bzt_9mMfM3.log
[2017-12-12 10:00:41,765 DEBUG root] Switched writing logs to /Users/daper01/Documents/OSLo/Selenium/2017-12-12_10-00-41.573807/bzt.log
[2017-12-12 10:00:41,765 INFO Engine] Preparing...
[2017-12-12 10:00:41,766 DEBUG Engine] Module config: consolidator defaultdict(None, {'class': 'bzt.modules.aggregator.ConsolidatingAggregator'})
[2017-12-12 10:00:41,766 DEBUG root] Importing module: bzt.modules.aggregator
[2017-12-12 10:00:41,768 DEBUG root] Loading class: 'ConsolidatingAggregator' from <module 'bzt.modules.aggregator' from '/usr/local/lib/python2.7/site-packages/bzt/modules/aggregator.pyc'>
[2017-12-12 10:00:41,768 DEBUG Engine.consolidator] Exception in dehumanize_time(inf)
[2017-12-12 10:00:41,768 DEBUG Engine.consolidator] Buffer scaling setup: percentile 95.0 from [0.0, 50.0, 90.0, 95.0, 99.0, 99.9, 100.0] selected
[2017-12-12 10:00:41,768 DEBUG Engine] Module config: monitoring defaultdict(None, {'class': 'bzt.modules.monitoring.Monitoring'})
[2017-12-12 10:00:41,768 DEBUG root] Importing module: bzt.modules.monitoring
[2017-12-12 10:00:41,781 DEBUG root] Loading class: 'Monitoring' from <module 'bzt.modules.monitoring' from '/usr/local/lib/python2.7/site-packages/bzt/modules/monitoring.pyc'>
[2017-12-12 10:00:41,781 DEBUG Engine] Module config: capturehar defaultdict(None, {'class': 'bzt.modules.blazemeter.ServiceStubCaptureHAR'})
[2017-12-12 10:00:41,781 DEBUG root] Importing module: bzt.modules.blazemeter
[2017-12-12 10:00:41,830 DEBUG easyprocess] version=0.2.3
[2017-12-12 10:00:41,831 DEBUG pyvirtualdisplay] version=0.2.1
[2017-12-12 10:00:41,832 DEBUG root] Loading class: 'ServiceStubCaptureHAR' from <module 'bzt.modules.blazemeter' from '/usr/local/lib/python2.7/site-packages/bzt/modules/blazemeter.pyc'>
[2017-12-12 10:00:41,832 DEBUG Engine] Module config: local defaultdict(None, {'class': 'bzt.modules.provisioning.Local'})
[2017-12-12 10:00:41,832 DEBUG root] Importing module: bzt.modules.provisioning
[2017-12-12 10:00:41,832 DEBUG root] Loading class: 'Local' from <module 'bzt.modules.provisioning' from '/usr/local/lib/python2.7/site-packages/bzt/modules/provisioning.pyc'>
[2017-12-12 10:00:41,832 DEBUG Engine] Module config: selenium defaultdict(None, {'class': 'bzt.modules.selenium.SeleniumExecutor'})
[2017-12-12 10:00:41,832 DEBUG root] Importing module: bzt.modules.selenium
[2017-12-12 10:00:41,953 DEBUG root] Loading class: 'SeleniumExecutor' from <module 'bzt.modules.selenium' from '/usr/local/lib/python2.7/site-packages/bzt/modules/selenium.pyc'>
[2017-12-12 10:00:41,954 DEBUG Engine.local] Preparing executor: selenium/4488976400
[2017-12-12 10:00:41,956 DEBUG Engine.selenium] Using script type: nose
[2017-12-12 10:00:41,956 DEBUG Engine] Module config: nose defaultdict(None, {'class': 'bzt.modules.python.NoseTester'})
[2017-12-12 10:00:41,956 DEBUG root] Importing module: bzt.modules.python
[2017-12-12 10:00:43,801 DEBUG root] Loading class: 'NoseTester' from <module 'bzt.modules.python' from '/usr/local/lib/python2.7/site-packages/bzt/modules/python.pyc'>
[2017-12-12 10:00:43,802 DEBUG Engine] Taurus updates info: {"latest":"1.10.3","needsUpgrade":true}
[2017-12-12 10:00:43,802 DEBUG Engine.nose.TclLibrary] We don't need to check tcl library on this platform
[2017-12-12 10:00:43,802 WARNING Engine] There is newer version of Taurus 1.10.3 available, consider upgrading. What's new: http://gettaurus.org/docs/Changelog/
[2017-12-12 10:00:43,803 DEBUG Engine.nose] Extract defaultdict(None, {'script': './blazeDemo_Selenium_with_unit_chrome.py'}) into scenarios
[2017-12-12 10:00:43,803 DEBUG Engine] New artifact filename: /Users/daper01/Documents/OSLo/Selenium/2017-12-12_10-00-41.573807/NoseTester.ldjson
[2017-12-12 10:00:43,804 DEBUG Engine] Module config: final-stats defaultdict(None, {'class': 'bzt.modules.reporting.FinalStatus'})
[2017-12-12 10:00:43,804 DEBUG root] Importing module: bzt.modules.reporting
[2017-12-12 10:00:43,933 DEBUG root] Loading class: 'FinalStatus' from <module 'bzt.modules.reporting' from '/usr/local/lib/python2.7/site-packages/bzt/modules/reporting.pyc'>
[2017-12-12 10:00:43,933 DEBUG Engine] Module config: console defaultdict(None, {'class': 'bzt.modules.console.ConsoleStatusReporter'})
[2017-12-12 10:00:43,933 DEBUG root] Importing module: bzt.modules.console
[2017-12-12 10:00:43,933 DEBUG root] Loading class: 'ConsoleStatusReporter' from <module 'bzt.modules.console' from '/usr/local/lib/python2.7/site-packages/bzt/modules/console.pyc'>
[2017-12-12 10:00:43,940 DEBUG Engine.Configuration] Dumping YAML config into /Users/daper01/Documents/OSLo/Selenium/2017-12-12_10-00-41.573807/effective.yml
[2017-12-12 10:00:43,965 DEBUG Engine.Configuration] Dumping JSON config into /Users/daper01/Documents/OSLo/Selenium/2017-12-12_10-00-41.573807/effective.json
[2017-12-12 10:00:43,966 INFO Engine] Starting...
[2017-12-12 10:00:43,967 DEBUG Engine] Startup <bzt.modules.monitoring.Monitoring object at 0x10ad9d910>
[2017-12-12 10:00:43,967 DEBUG Engine] Startup <bzt.modules.blazemeter.ServiceStubCaptureHAR object at 0x10b6b29d0>
[2017-12-12 10:00:43,967 WARNING Engine.capturehar] Stub for service 'capturehar', use cloud provisioning to have it working
[2017-12-12 10:00:43,967 DEBUG Engine] Startup <bzt.modules.aggregator.ConsolidatingAggregator object at 0x10ad80b10>
[2017-12-12 10:00:43,967 DEBUG Engine] Startup <bzt.modules.reporting.FinalStatus object at 0x10b9e0910>
[2017-12-12 10:00:43,968 DEBUG Engine] Startup <bzt.modules.console.ConsoleStatusReporter object at 0x10b9fb3d0>
[2017-12-12 10:00:43,968 INFO Engine.console] Waiting for results...
[2017-12-12 10:00:43,968 DEBUG Engine] Startup <bzt.modules.provisioning.Local object at 0x10ad80790>
[2017-12-12 10:00:43,968 DEBUG Engine.local] Delay setup for selenium/4488976400: 0(start-at) + 0(delay) = 0
[2017-12-12 10:00:43,970 DEBUG Engine.Configuration] Dumping YAML config into /Users/daper01/Documents/OSLo/Selenium/2017-12-12_10-00-41.573807/effective.yml
[2017-12-12 10:00:44,006 DEBUG Engine.Configuration] Dumping JSON config into /Users/daper01/Documents/OSLo/Selenium/2017-12-12_10-00-41.573807/effective.json
[2017-12-12 10:00:44,007 DEBUG root] Leveling down log file verbosity, use -v option to have DEBUG messages enabled
[2017-12-12 10:00:44,238 INFO Engine.console] Waiting for finish...
[2017-12-12 10:01:27,911 INFO LoadSamplesReader] Changed data analysis delay to 24s
[2017-12-12 10:02:47,505 WARNING Engine] Please wait for graceful shutdown...
[2017-12-12 10:02:47,511 DEBUG root] Leveled up log file verbosity
[2017-12-12 10:02:47,511 INFO Engine] Shutting down...
[2017-12-12 10:02:47,515 DEBUG Engine.local] Shutdown selenium/4488976400
[2017-12-12 10:02:48,519 INFO Engine.nose] Terminating process PID 19678 with signal 15 (59 tries left)
[2017-12-12 10:02:49,527 INFO Engine.nose] Terminating process PID 19678 with signal 15 (58 tries left)
[2017-12-12 10:02:49,532 DEBUG Engine.nose] Failed to terminate process: [Errno 1] Operation not permitted
[2017-12-12 10:02:49,532 DEBUG Engine.selenium] Selenium tests ran for 125.524616957 seconds
[2017-12-12 10:02:49,532 DEBUG Engine.console] Restoring logging streams, [<logging.StreamHandler object at 0x10a2b8690>]/{<logging.StreamHandler object at 0x10a2b8690>: <open file '<stdout>', mode 'w' at 0x10932b150>}
[2017-12-12 10:02:49,535 DEBUG Engine.Configuration] Dumping YAML config into /Users/daper01/Documents/OSLo/Selenium/2017-12-12_10-00-41.573807/effective.yml
[2017-12-12 10:02:49,570 DEBUG Engine.Configuration] Dumping JSON config into /Users/daper01/Documents/OSLo/Selenium/2017-12-12_10-00-41.573807/effective.json
[2017-12-12 10:02:49,573 WARNING root] Keyboard interrupt
[2017-12-12 10:02:49,574 DEBUG root] KeyboardInterrupt: 
Traceback (most recent call last):
  File "/usr/local/lib/python2.7/site-packages/bzt/cli.py", line 221, in perform
    self.engine.run()
  File "/usr/local/lib/python2.7/site-packages/bzt/engine.py", line 202, in run
    reraise(exc_info)
  File "/usr/local/lib/python2.7/site-packages/bzt/engine.py", line 184, in run
    self._wait()
  File "/usr/local/lib/python2.7/site-packages/bzt/engine.py", line 227, in _wait
    time.sleep(delay)
KeyboardInterrupt
[2017-12-12 10:02:49,574 INFO Engine] Post-processing...
[2017-12-12 10:02:49,574 DEBUG Engine.local] Post-process selenium/4488976400
[2017-12-12 10:02:49,574 DEBUG LoadSamplesReader] Buffer len: 4
[2017-12-12 10:02:49,575 DEBUG LoadSamplesReader] Aggregating: 1513101736
[2017-12-12 10:02:49,576 DEBUG LoadSamplesReader] Aggregating: 1513101744
[2017-12-12 10:02:49,577 DEBUG LoadSamplesReader] Aggregating: 1513101753
[2017-12-12 10:02:49,578 DEBUG LoadSamplesReader] Aggregating: 1513101761
[2017-12-12 10:02:49,579 DEBUG Engine.consolidator] Consolidator buffer[5]: [1513101728, 1513101761, 1513101736, 1513101744, 1513101753]
[2017-12-12 10:02:49,579 DEBUG Engine.consolidator] Merging into 1513101728
[2017-12-12 10:02:49,579 DEBUG Engine.consolidator] Merging 1513101728
[2017-12-12 10:02:49,588 DEBUG Engine.consolidator] Processed datapoint: 1513101728/None
[2017-12-12 10:02:49,588 DEBUG Engine.consolidator] Merging into 1513101736
[2017-12-12 10:02:49,588 DEBUG Engine.consolidator] Merging 1513101736
[2017-12-12 10:02:49,593 DEBUG Engine.consolidator] Processed datapoint: 1513101736/None
[2017-12-12 10:02:49,593 DEBUG Engine.consolidator] Merging into 1513101744
[2017-12-12 10:02:49,593 DEBUG Engine.consolidator] Merging 1513101744
[2017-12-12 10:02:49,600 DEBUG Engine.consolidator] Processed datapoint: 1513101744/None
[2017-12-12 10:02:49,600 DEBUG Engine.consolidator] Merging into 1513101753
[2017-12-12 10:02:49,600 DEBUG Engine.consolidator] Merging 1513101753
[2017-12-12 10:02:49,605 DEBUG Engine.consolidator] Processed datapoint: 1513101753/None
[2017-12-12 10:02:49,605 DEBUG Engine.consolidator] Merging into 1513101761
[2017-12-12 10:02:49,605 DEBUG Engine.consolidator] Merging 1513101761
[2017-12-12 10:02:49,610 DEBUG Engine.consolidator] Processed datapoint: 1513101761/None
[2017-12-12 10:02:49,610 INFO Engine.final-stats] Test duration: 0:02:06
[2017-12-12 10:02:49,611 INFO Engine.final-stats] Samples count: 12, 0.00% failures
[2017-12-12 10:02:49,611 INFO Engine.final-stats] Average times: total 7.804, latency 0.000, connect 0.000
[2017-12-12 10:02:49,611 INFO Engine.final-stats] Percentile 0.0%: 5.763
[2017-12-12 10:02:49,611 INFO Engine.final-stats] Percentile 50.0%: 7.387
[2017-12-12 10:02:49,611 INFO Engine.final-stats] Percentile 90.0%: 9.082
[2017-12-12 10:02:49,611 INFO Engine.final-stats] Percentile 95.0%: 12.184
[2017-12-12 10:02:49,612 INFO Engine.final-stats] Percentile 99.0%: 12.184
[2017-12-12 10:02:49,612 INFO Engine.final-stats] Percentile 99.9%: 12.184
[2017-12-12 10:02:49,612 INFO Engine.final-stats] Percentile 100.0%: 12.184
[2017-12-12 10:02:49,612 DEBUG Engine.console] No logger_handler or orig_stream was detected
[2017-12-12 10:02:49,614 DEBUG Engine.Configuration] Dumping YAML config into /Users/daper01/Documents/OSLo/Selenium/2017-12-12_10-00-41.573807/effective.yml
[2017-12-12 10:02:49,711 DEBUG Engine.Configuration] Dumping JSON config into /Users/daper01/Documents/OSLo/Selenium/2017-12-12_10-00-41.573807/effective.json
[2017-12-12 10:02:49,712 INFO root] Artifacts dir: /Users/daper01/Documents/OSLo/Selenium/2017-12-12_10-00-41.573807
[2017-12-12 10:02:49,713 WARNING root] Done performing with code: 1
[2017-12-12 10:02:49,713 DEBUG root] Closing log handler: /Users/daper01/Documents/OSLo/Selenium/2017-12-12_10-00-41.573807/bzt.log
