test_BlazeDemo (blazeDemo_Selenium_with_unit_chrome.BlazeTest) ... ok

----------------------------------------------------------------------
Ran 1 test in 12.185s

OK
test_BlazeDemo (blazeDemo_Selenium_with_unit_chrome.BlazeTest) ... ok

----------------------------------------------------------------------
Ran 1 test in 9.083s

OK
test_BlazeDemo (blazeDemo_Selenium_with_unit_chrome.BlazeTest) ... ok

----------------------------------------------------------------------
Ran 1 test in 8.564s

OK
test_BlazeDemo (blazeDemo_Selenium_with_unit_chrome.BlazeTest) ... ok

----------------------------------------------------------------------
Ran 1 test in 7.172s

OK
test_BlazeDemo (blazeDemo_Selenium_with_unit_chrome.BlazeTest) ... ok

----------------------------------------------------------------------
Ran 1 test in 6.804s

OK
test_BlazeDemo (blazeDemo_Selenium_with_unit_chrome.BlazeTest) ... ok

----------------------------------------------------------------------
Ran 1 test in 6.492s

OK
test_BlazeDemo (blazeDemo_Selenium_with_unit_chrome.BlazeTest) ... ok

----------------------------------------------------------------------
Ran 1 test in 8.894s

OK
test_BlazeDemo (blazeDemo_Selenium_with_unit_chrome.BlazeTest) ... ok

----------------------------------------------------------------------
Ran 1 test in 6.569s

OK
test_BlazeDemo (blazeDemo_Selenium_with_unit_chrome.BlazeTest) ... ok

----------------------------------------------------------------------
Ran 1 test in 7.388s

OK
test_BlazeDemo (blazeDemo_Selenium_with_unit_chrome.BlazeTest) ... ok

----------------------------------------------------------------------
Ran 1 test in 9.494s

OK
test_BlazeDemo (blazeDemo_Selenium_with_unit_chrome.BlazeTest) ... ok

----------------------------------------------------------------------
Ran 1 test in 8.594s

OK
test_BlazeDemo (blazeDemo_Selenium_with_unit_chrome.BlazeTest) ... ok

----------------------------------------------------------------------
Ran 1 test in 5.763s

OK
test_BlazeDemo (blazeDemo_Selenium_with_unit_chrome.BlazeTest) ... 