Welcome Page Reached
clicked
Reserve Page Reached
clicked
Purchase Page Reached
test_BlazeDemo,Total:1 Passed:1 Failed:0
Welcome Page Reached
clicked
Reserve Page Reached
clicked
Purchase Page Reached
test_BlazeDemo,Total:2 Passed:2 Failed:0
Welcome Page Reached
clicked
Reserve Page Reached
clicked
Purchase Page Reached
test_BlazeDemo,Total:3 Passed:3 Failed:0
Welcome Page Reached
clicked
Reserve Page Reached
clicked
Purchase Page Reached
test_BlazeDemo,Total:4 Passed:4 Failed:0
Welcome Page Reached
clicked
Reserve Page Reached
clicked
Purchase Page Reached
test_BlazeDemo,Total:5 Passed:5 Failed:0
Welcome Page Reached
clicked
Reserve Page Reached
clicked
Purchase Page Reached
test_BlazeDemo,Total:6 Passed:6 Failed:0
Welcome Page Reached
clicked
Reserve Page Reached
clicked
Purchase Page Reached
test_BlazeDemo,Total:7 Passed:7 Failed:0
Welcome Page Reached
clicked
Reserve Page Reached
clicked
Purchase Page Reached
test_BlazeDemo,Total:8 Passed:8 Failed:0
Welcome Page Reached
clicked
Reserve Page Reached
clicked
Purchase Page Reached
test_BlazeDemo,Total:9 Passed:9 Failed:0
Welcome Page Reached
clicked
Reserve Page Reached
clicked
Purchase Page Reached
test_BlazeDemo,Total:10 Passed:10 Failed:0
Welcome Page Reached
clicked
Reserve Page Reached
clicked
Purchase Page Reached
test_BlazeDemo,Total:11 Passed:11 Failed:0
Welcome Page Reached
clicked
Reserve Page Reached
clicked
Purchase Page Reached
test_BlazeDemo,Total:12 Passed:12 Failed:0
