Welcome Page Reached
clicked
Reserve Page Reached
clicked
Purchase Page Reached
test_BlazeDemo,Total:1 Passed:1 Failed:0
Welcome Page Reached
clicked
Reserve Page Reached
clicked
Purchase Page Reached
test_BlazeDemo,Total:2 Passed:2 Failed:0
Welcome Page Reached
clicked
Reserve Page Reached
clicked
Purchase Page Reached
test_BlazeDemo,Total:3 Passed:3 Failed:0
Welcome Page Reached
clicked
Reserve Page Reached
clicked
Purchase Page Reached
test_BlazeDemo,Total:4 Passed:4 Failed:0
Welcome Page Reached
clicked
Reserve Page Reached
clicked
Purchase Page Reached
test_BlazeDemo,Total:5 Passed:5 Failed:0
Welcome Page Reached
clicked
Reserve Page Reached
clicked
Purchase Page Reached
test_BlazeDemo,Total:6 Passed:6 Failed:0
Welcome Page Reached
clicked
Reserve Page Reached
clicked
Purchase Page Reached
test_BlazeDemo,Total:7 Passed:7 Failed:0
Welcome Page Reached
clicked
Reserve Page Reached
clicked
Purchase Page Reached
test_BlazeDemo,Total:8 Passed:8 Failed:0
Welcome Page Reached
clicked
Reserve Page Reached
clicked
Purchase Page Reached
test_BlazeDemo,Total:9 Passed:9 Failed:0
Welcome Page Reached
clicked
Reserve Page Reached
clicked
Purchase Page Reached
test_BlazeDemo,Total:10 Passed:10 Failed:0
Welcome Page Reached
clicked
Reserve Page Reached
clicked
Purchase Page Reached
test_BlazeDemo,Total:11 Passed:11 Failed:0
Welcome Page Reached
clicked
Reserve Page Reached
clicked
Purchase Page Reached
test_BlazeDemo,Total:12 Passed:12 Failed:0
Welcome Page Reached
clicked
Reserve Page Reached
clicked
Purchase Page Reached
test_BlazeDemo,Total:13 Passed:13 Failed:0
Welcome Page Reached
clicked
Reserve Page Reached
clicked
Purchase Page Reached
test_BlazeDemo,Total:14 Passed:14 Failed:0
Welcome Page Reached
clicked
Reserve Page Reached
clicked
Purchase Page Reached
test_BlazeDemo,Total:15 Passed:15 Failed:0
Welcome Page Reached
clicked
Reserve Page Reached
clicked
Purchase Page Reached
test_BlazeDemo,Total:16 Passed:16 Failed:0
Welcome Page Reached
clicked
Reserve Page Reached
clicked
Purchase Page Reached
test_BlazeDemo,Total:17 Passed:17 Failed:0
Welcome Page Reached
clicked
Reserve Page Reached
clicked
Purchase Page Reached
test_BlazeDemo,Total:18 Passed:18 Failed:0
Welcome Page Reached
clicked
Reserve Page Reached
clicked
Purchase Page Reached
test_BlazeDemo,Total:19 Passed:19 Failed:0
Welcome Page Reached
clicked
Reserve Page Reached
clicked
Purchase Page Reached
test_BlazeDemo,Total:20 Passed:20 Failed:0
Welcome Page Reached
clicked
Reserve Page Reached
clicked
Purchase Page Reached
test_BlazeDemo,Total:21 Passed:21 Failed:0
Welcome Page Reached
clicked
Reserve Page Reached
clicked
Purchase Page Reached
test_BlazeDemo,Total:22 Passed:22 Failed:0
Welcome Page Reached
clicked
Reserve Page Reached
clicked
Purchase Page Reached
test_BlazeDemo,Total:23 Passed:23 Failed:0
Welcome Page Reached
clicked
Reserve Page Reached
clicked
Purchase Page Reached
test_BlazeDemo,Total:24 Passed:24 Failed:0
Welcome Page Reached
clicked
Reserve Page Reached
clicked
Purchase Page Reached
test_BlazeDemo,Total:25 Passed:25 Failed:0
Welcome Page Reached
clicked
Reserve Page Reached
clicked
Purchase Page Reached
test_BlazeDemo,Total:26 Passed:26 Failed:0
Welcome Page Reached
clicked
Reserve Page Reached
clicked
Purchase Page Reached
test_BlazeDemo,Total:27 Passed:27 Failed:0
Welcome Page Reached
clicked
Reserve Page Reached
clicked
Purchase Page Reached
test_BlazeDemo,Total:28 Passed:28 Failed:0
Welcome Page Reached
clicked
Reserve Page Reached
clicked
Purchase Page Reached
test_BlazeDemo,Total:29 Passed:29 Failed:0
Welcome Page Reached
clicked
Reserve Page Reached
clicked
Purchase Page Reached
test_BlazeDemo,Total:30 Passed:30 Failed:0
Welcome Page Reached
clicked
Reserve Page Reached
clicked
Purchase Page Reached
test_BlazeDemo,Total:31 Passed:31 Failed:0
Welcome Page Reached
clicked
Reserve Page Reached
clicked
Purchase Page Reached
test_BlazeDemo,Total:32 Passed:32 Failed:0
Welcome Page Reached
clicked
Reserve Page Reached
clicked
Purchase Page Reached
test_BlazeDemo,Total:33 Passed:33 Failed:0
Welcome Page Reached
clicked
Reserve Page Reached
clicked
Purchase Page Reached
test_BlazeDemo,Total:34 Passed:34 Failed:0
Welcome Page Reached
clicked
Reserve Page Reached
clicked
Purchase Page Reached
test_BlazeDemo,Total:35 Passed:35 Failed:0
Welcome Page Reached
clicked
Reserve Page Reached
clicked
Purchase Page Reached
test_BlazeDemo,Total:36 Passed:36 Failed:0
Welcome Page Reached
clicked
Reserve Page Reached
clicked
Purchase Page Reached
test_BlazeDemo,Total:37 Passed:37 Failed:0
Welcome Page Reached
clicked
Reserve Page Reached
clicked
Purchase Page Reached
test_BlazeDemo,Total:38 Passed:38 Failed:0
Welcome Page Reached
clicked
Reserve Page Reached
clicked
Purchase Page Reached
test_BlazeDemo,Total:39 Passed:39 Failed:0
Welcome Page Reached
clicked
Reserve Page Reached
clicked
Purchase Page Reached
test_BlazeDemo,Total:40 Passed:40 Failed:0
Welcome Page Reached
clicked
Reserve Page Reached
clicked
Purchase Page Reached
test_BlazeDemo,Total:41 Passed:41 Failed:0
Welcome Page Reached
clicked
Reserve Page Reached
clicked
Purchase Page Reached
test_BlazeDemo,Total:42 Passed:42 Failed:0
Welcome Page Reached
clicked
Reserve Page Reached
clicked
Purchase Page Reached
test_BlazeDemo,Total:43 Passed:43 Failed:0
Welcome Page Reached
clicked
Reserve Page Reached
clicked
Purchase Page Reached
test_BlazeDemo,Total:44 Passed:44 Failed:0
Welcome Page Reached
clicked
Reserve Page Reached
clicked
Purchase Page Reached
test_BlazeDemo,Total:45 Passed:45 Failed:0
Welcome Page Reached
clicked
Reserve Page Reached
clicked
Purchase Page Reached
test_BlazeDemo,Total:46 Passed:46 Failed:0
Welcome Page Reached
clicked
Reserve Page Reached
clicked
Purchase Page Reached
test_BlazeDemo,Total:47 Passed:47 Failed:0
Welcome Page Reached
clicked
Reserve Page Reached
clicked
Purchase Page Reached
test_BlazeDemo,Total:48 Passed:48 Failed:0
Welcome Page Reached
clicked
Reserve Page Reached
clicked
Purchase Page Reached
test_BlazeDemo,Total:49 Passed:49 Failed:0
Welcome Page Reached
clicked
Reserve Page Reached
clicked
Purchase Page Reached
test_BlazeDemo,Total:50 Passed:50 Failed:0
Welcome Page Reached
clicked
Reserve Page Reached
clicked
Purchase Page Reached
test_BlazeDemo,Total:51 Passed:51 Failed:0
Welcome Page Reached
clicked
Reserve Page Reached
clicked
Purchase Page Reached
test_BlazeDemo,Total:52 Passed:52 Failed:0
Welcome Page Reached
clicked
Reserve Page Reached
clicked
Purchase Page Reached
test_BlazeDemo,Total:53 Passed:53 Failed:0
Welcome Page Reached
clicked
Reserve Page Reached
clicked
Purchase Page Reached
test_BlazeDemo,Total:54 Passed:54 Failed:0
Welcome Page Reached
clicked
Reserve Page Reached
clicked
Purchase Page Reached
test_BlazeDemo,Total:55 Passed:55 Failed:0
Welcome Page Reached
clicked
Reserve Page Reached
clicked
Purchase Page Reached
test_BlazeDemo,Total:56 Passed:56 Failed:0
Welcome Page Reached
clicked
Reserve Page Reached
clicked
Purchase Page Reached
test_BlazeDemo,Total:57 Passed:57 Failed:0
Welcome Page Reached
clicked
Reserve Page Reached
clicked
Purchase Page Reached
test_BlazeDemo,Total:58 Passed:58 Failed:0
Welcome Page Reached
clicked
Reserve Page Reached
clicked
Purchase Page Reached
test_BlazeDemo,Total:59 Passed:59 Failed:0
