test_BlazeDemo (blazeDemo_Selenium_with_unit_chrome.BlazeTest) ... ok

----------------------------------------------------------------------
Ran 1 test in 14.478s

OK
test_BlazeDemo (blazeDemo_Selenium_with_unit_chrome.BlazeTest) ... ok

----------------------------------------------------------------------
Ran 1 test in 5.209s

OK
test_BlazeDemo (blazeDemo_Selenium_with_unit_chrome.BlazeTest) ... ok

----------------------------------------------------------------------
Ran 1 test in 5.197s

OK
test_BlazeDemo (blazeDemo_Selenium_with_unit_chrome.BlazeTest) ... ok

----------------------------------------------------------------------
Ran 1 test in 5.081s

OK
test_BlazeDemo (blazeDemo_Selenium_with_unit_chrome.BlazeTest) ... ok

----------------------------------------------------------------------
Ran 1 test in 4.979s

OK
test_BlazeDemo (blazeDemo_Selenium_with_unit_chrome.BlazeTest) ... ok

----------------------------------------------------------------------
Ran 1 test in 4.984s

OK
test_BlazeDemo (blazeDemo_Selenium_with_unit_chrome.BlazeTest) ... ok

----------------------------------------------------------------------
Ran 1 test in 4.983s

OK
test_BlazeDemo (blazeDemo_Selenium_with_unit_chrome.BlazeTest) ... ok

----------------------------------------------------------------------
Ran 1 test in 4.996s

OK
test_BlazeDemo (blazeDemo_Selenium_with_unit_chrome.BlazeTest) ... ok

----------------------------------------------------------------------
Ran 1 test in 5.305s

OK
test_BlazeDemo (blazeDemo_Selenium_with_unit_chrome.BlazeTest) ... ok

----------------------------------------------------------------------
Ran 1 test in 5.028s

OK
test_BlazeDemo (blazeDemo_Selenium_with_unit_chrome.BlazeTest) ... ok

----------------------------------------------------------------------
Ran 1 test in 5.070s

OK
test_BlazeDemo (blazeDemo_Selenium_with_unit_chrome.BlazeTest) ... ok

----------------------------------------------------------------------
Ran 1 test in 5.125s

OK
test_BlazeDemo (blazeDemo_Selenium_with_unit_chrome.BlazeTest) ... ok

----------------------------------------------------------------------
Ran 1 test in 5.072s

OK
test_BlazeDemo (blazeDemo_Selenium_with_unit_chrome.BlazeTest) ... ok

----------------------------------------------------------------------
Ran 1 test in 5.038s

OK
test_BlazeDemo (blazeDemo_Selenium_with_unit_chrome.BlazeTest) ... ok

----------------------------------------------------------------------
Ran 1 test in 5.157s

OK
test_BlazeDemo (blazeDemo_Selenium_with_unit_chrome.BlazeTest) ... ok

----------------------------------------------------------------------
Ran 1 test in 5.124s

OK
test_BlazeDemo (blazeDemo_Selenium_with_unit_chrome.BlazeTest) ... ok

----------------------------------------------------------------------
Ran 1 test in 5.040s

OK
test_BlazeDemo (blazeDemo_Selenium_with_unit_chrome.BlazeTest) ... ok

----------------------------------------------------------------------
Ran 1 test in 5.036s

OK
test_BlazeDemo (blazeDemo_Selenium_with_unit_chrome.BlazeTest) ... ok

----------------------------------------------------------------------
Ran 1 test in 5.013s

OK
test_BlazeDemo (blazeDemo_Selenium_with_unit_chrome.BlazeTest) ... ok

----------------------------------------------------------------------
Ran 1 test in 4.984s

OK
test_BlazeDemo (blazeDemo_Selenium_with_unit_chrome.BlazeTest) ... ok

----------------------------------------------------------------------
Ran 1 test in 4.966s

OK
test_BlazeDemo (blazeDemo_Selenium_with_unit_chrome.BlazeTest) ... ok

----------------------------------------------------------------------
Ran 1 test in 5.029s

OK
test_BlazeDemo (blazeDemo_Selenium_with_unit_chrome.BlazeTest) ... ok

----------------------------------------------------------------------
Ran 1 test in 4.963s

OK
test_BlazeDemo (blazeDemo_Selenium_with_unit_chrome.BlazeTest) ... ok

----------------------------------------------------------------------
Ran 1 test in 5.044s

OK
test_BlazeDemo (blazeDemo_Selenium_with_unit_chrome.BlazeTest) ... ok

----------------------------------------------------------------------
Ran 1 test in 4.979s

OK
test_BlazeDemo (blazeDemo_Selenium_with_unit_chrome.BlazeTest) ... ok

----------------------------------------------------------------------
Ran 1 test in 5.025s

OK
test_BlazeDemo (blazeDemo_Selenium_with_unit_chrome.BlazeTest) ... ok

----------------------------------------------------------------------
Ran 1 test in 5.158s

OK
test_BlazeDemo (blazeDemo_Selenium_with_unit_chrome.BlazeTest) ... ok

----------------------------------------------------------------------
Ran 1 test in 5.207s

OK
test_BlazeDemo (blazeDemo_Selenium_with_unit_chrome.BlazeTest) ... ok

----------------------------------------------------------------------
Ran 1 test in 4.984s

OK
test_BlazeDemo (blazeDemo_Selenium_with_unit_chrome.BlazeTest) ... ok

----------------------------------------------------------------------
Ran 1 test in 5.007s

OK
test_BlazeDemo (blazeDemo_Selenium_with_unit_chrome.BlazeTest) ... ok

----------------------------------------------------------------------
Ran 1 test in 5.133s

OK
test_BlazeDemo (blazeDemo_Selenium_with_unit_chrome.BlazeTest) ... ok

----------------------------------------------------------------------
Ran 1 test in 5.054s

OK
test_BlazeDemo (blazeDemo_Selenium_with_unit_chrome.BlazeTest) ... ok

----------------------------------------------------------------------
Ran 1 test in 4.998s

OK
test_BlazeDemo (blazeDemo_Selenium_with_unit_chrome.BlazeTest) ... ok

----------------------------------------------------------------------
Ran 1 test in 5.039s

OK
test_BlazeDemo (blazeDemo_Selenium_with_unit_chrome.BlazeTest) ... ok

----------------------------------------------------------------------
Ran 1 test in 4.984s

OK
test_BlazeDemo (blazeDemo_Selenium_with_unit_chrome.BlazeTest) ... ok

----------------------------------------------------------------------
Ran 1 test in 5.009s

OK
test_BlazeDemo (blazeDemo_Selenium_with_unit_chrome.BlazeTest) ... ok

----------------------------------------------------------------------
Ran 1 test in 5.016s

OK
test_BlazeDemo (blazeDemo_Selenium_with_unit_chrome.BlazeTest) ... ok

----------------------------------------------------------------------
Ran 1 test in 5.024s

OK
test_BlazeDemo (blazeDemo_Selenium_with_unit_chrome.BlazeTest) ... ok

----------------------------------------------------------------------
Ran 1 test in 5.040s

OK
test_BlazeDemo (blazeDemo_Selenium_with_unit_chrome.BlazeTest) ... ok

----------------------------------------------------------------------
Ran 1 test in 5.086s

OK
test_BlazeDemo (blazeDemo_Selenium_with_unit_chrome.BlazeTest) ... ok

----------------------------------------------------------------------
Ran 1 test in 5.068s

OK
test_BlazeDemo (blazeDemo_Selenium_with_unit_chrome.BlazeTest) ... ok

----------------------------------------------------------------------
Ran 1 test in 5.084s

OK
test_BlazeDemo (blazeDemo_Selenium_with_unit_chrome.BlazeTest) ... ok

----------------------------------------------------------------------
Ran 1 test in 5.090s

OK
test_BlazeDemo (blazeDemo_Selenium_with_unit_chrome.BlazeTest) ... ok

----------------------------------------------------------------------
Ran 1 test in 5.005s

OK
test_BlazeDemo (blazeDemo_Selenium_with_unit_chrome.BlazeTest) ... ok

----------------------------------------------------------------------
Ran 1 test in 5.009s

OK
test_BlazeDemo (blazeDemo_Selenium_with_unit_chrome.BlazeTest) ... ok

----------------------------------------------------------------------
Ran 1 test in 4.973s

OK
test_BlazeDemo (blazeDemo_Selenium_with_unit_chrome.BlazeTest) ... ok

----------------------------------------------------------------------
Ran 1 test in 5.000s

OK
test_BlazeDemo (blazeDemo_Selenium_with_unit_chrome.BlazeTest) ... ok

----------------------------------------------------------------------
Ran 1 test in 5.002s

OK
test_BlazeDemo (blazeDemo_Selenium_with_unit_chrome.BlazeTest) ... ok

----------------------------------------------------------------------
Ran 1 test in 5.043s

OK
test_BlazeDemo (blazeDemo_Selenium_with_unit_chrome.BlazeTest) ... ok

----------------------------------------------------------------------
Ran 1 test in 4.918s

OK
test_BlazeDemo (blazeDemo_Selenium_with_unit_chrome.BlazeTest) ... ok

----------------------------------------------------------------------
Ran 1 test in 5.080s

OK
test_BlazeDemo (blazeDemo_Selenium_with_unit_chrome.BlazeTest) ... ok

----------------------------------------------------------------------
Ran 1 test in 4.952s

OK
test_BlazeDemo (blazeDemo_Selenium_with_unit_chrome.BlazeTest) ... ok

----------------------------------------------------------------------
Ran 1 test in 5.076s

OK
test_BlazeDemo (blazeDemo_Selenium_with_unit_chrome.BlazeTest) ... ok

----------------------------------------------------------------------
Ran 1 test in 5.054s

OK
test_BlazeDemo (blazeDemo_Selenium_with_unit_chrome.BlazeTest) ... ok

----------------------------------------------------------------------
Ran 1 test in 5.035s

OK
test_BlazeDemo (blazeDemo_Selenium_with_unit_chrome.BlazeTest) ... ok

----------------------------------------------------------------------
Ran 1 test in 5.130s

OK
test_BlazeDemo (blazeDemo_Selenium_with_unit_chrome.BlazeTest) ... ok

----------------------------------------------------------------------
Ran 1 test in 5.010s

OK
test_BlazeDemo (blazeDemo_Selenium_with_unit_chrome.BlazeTest) ... ok

----------------------------------------------------------------------
Ran 1 test in 4.997s

OK
test_BlazeDemo (blazeDemo_Selenium_with_unit_chrome.BlazeTest) ... ok

----------------------------------------------------------------------
Ran 1 test in 4.959s

OK
test_BlazeDemo (blazeDemo_Selenium_with_unit_chrome.BlazeTest) ... 