[2017-12-20 08:20:08,226 INFO root] Taurus CLI Tool v1.9.6
[2017-12-20 08:20:08,227 DEBUG root] Command-line options: {'verbose': None, 'no_system_configs': None, 'quiet': None, 'log': '/var/folders/vq/xzrdy2lx047cst78f69v8z3xfzqz1q/T/bzt_Y6_rty.log', 'option': None, 'aliases': ['locations']}
[2017-12-20 08:20:08,227 DEBUG root] Python: CPython 2.7.13
[2017-12-20 08:20:08,227 DEBUG root] OS: ('Darwin', 'daper01mac1124', '17.2.0', 'Darwin Kernel Version 17.2.0: Fri Sep 29 18:27:05 PDT 2017; root:xnu-4570.20.62~3/RELEASE_X86_64', 'x86_64', 'i386')
[2017-12-20 08:20:08,227 INFO root] Starting with configs: []
[2017-12-20 08:20:08,227 DEBUG root] Using personal config: /Users/daper01/.bzt-rc
[2017-12-20 08:20:08,227 INFO Engine] Configuring...
[2017-12-20 08:20:08,228 DEBUG Engine] Reading extension configs from: /usr/local/etc/bzt.d
[2017-12-20 08:20:08,228 DEBUG Engine.Configuration] Configs: ['/usr/local/lib/python2.7/site-packages/bzt/resources/base-config.yml', '/usr/local/etc/bzt.d/99-installID.yml']
[2017-12-20 08:20:08,334 DEBUG Engine.Configuration] Reading /usr/local/lib/python2.7/site-packages/bzt/resources/base-config.yml as YAML
[2017-12-20 08:20:08,454 DEBUG Engine.Configuration] Reading /usr/local/etc/bzt.d/99-installID.yml as YAML
[2017-12-20 08:20:08,454 DEBUG Engine.Configuration] Configs: ['/Users/daper01/.bzt-rc']
[2017-12-20 08:20:08,457 DEBUG Engine.Configuration] Reading /Users/daper01/.bzt-rc as YAML
[2017-12-20 08:20:08,458 DEBUG Engine.Configuration] Configs: ['/Users/daper01/.bzt-rc']
[2017-12-20 08:20:08,458 DEBUG Engine.Configuration] Reading /Users/daper01/.bzt-rc as YAML
[2017-12-20 08:20:08,481 DEBUG Engine] Requesting updates info: http://gettaurus.org/updates/?version=1.9.6&installID=784f43782a15
[2017-12-20 08:20:08,490 INFO Engine] Artifacts dir: /Users/daper01/Documents/OSLo/multi scenario/2017-12-20_08-20-08.481817
[2017-12-20 08:20:08,492 DEBUG Engine] New artifact filename: /Users/daper01/Documents/OSLo/multi scenario/2017-12-20_08-20-08.481817/effective
[2017-12-20 08:20:08,496 DEBUG Engine.Configuration] Dumping YAML config into /Users/daper01/Documents/OSLo/multi scenario/2017-12-20_08-20-08.481817/effective.yml
[2017-12-20 08:20:08,518 DEBUG Engine.Configuration] Dumping JSON config into /Users/daper01/Documents/OSLo/multi scenario/2017-12-20_08-20-08.481817/effective.json
[2017-12-20 08:20:08,520 DEBUG Engine] New artifact filename: /Users/daper01/Documents/OSLo/multi scenario/2017-12-20_08-20-08.481817/merged.yml
[2017-12-20 08:20:08,521 DEBUG Engine.Configuration] Dumping YAML config into /Users/daper01/Documents/OSLo/multi scenario/2017-12-20_08-20-08.481817/merged.yml
[2017-12-20 08:20:08,525 DEBUG Engine] New artifact filename: /Users/daper01/Documents/OSLo/multi scenario/2017-12-20_08-20-08.481817/merged.json
[2017-12-20 08:20:08,525 DEBUG Engine.Configuration] Dumping JSON config into /Users/daper01/Documents/OSLo/multi scenario/2017-12-20_08-20-08.481817/merged.json
[2017-12-20 08:20:08,526 DEBUG root] Closing log handler: /var/folders/vq/xzrdy2lx047cst78f69v8z3xfzqz1q/T/bzt_Y6_rty.log
[2017-12-20 08:20:08,684 DEBUG root] Switched writing logs to /Users/daper01/Documents/OSLo/multi scenario/2017-12-20_08-20-08.481817/bzt.log
[2017-12-20 08:20:08,684 INFO Engine] Preparing...
[2017-12-20 08:20:08,685 DEBUG Engine] Module config: consolidator defaultdict(None, {'class': 'bzt.modules.aggregator.ConsolidatingAggregator'})
[2017-12-20 08:20:08,685 DEBUG root] Importing module: bzt.modules.aggregator
[2017-12-20 08:20:09,368 DEBUG root] Loading class: 'ConsolidatingAggregator' from <module 'bzt.modules.aggregator' from '/usr/local/lib/python2.7/site-packages/bzt/modules/aggregator.pyc'>
[2017-12-20 08:20:09,368 DEBUG Engine.consolidator] Exception in dehumanize_time(inf)
[2017-12-20 08:20:09,368 DEBUG Engine.consolidator] Buffer scaling setup: percentile 95.0 from [0.0, 50.0, 90.0, 95.0, 99.0, 99.9, 100.0] selected
[2017-12-20 08:20:09,368 DEBUG Engine] Module config: monitoring defaultdict(None, {'class': 'bzt.modules.monitoring.Monitoring'})
[2017-12-20 08:20:09,368 DEBUG root] Importing module: bzt.modules.monitoring
[2017-12-20 08:20:11,793 DEBUG root] Loading class: 'Monitoring' from <module 'bzt.modules.monitoring' from '/usr/local/lib/python2.7/site-packages/bzt/modules/monitoring.pyc'>
[2017-12-20 08:20:11,793 DEBUG Engine.monitoring] Should not run because of non-matching prov: cloud != local
[2017-12-20 08:20:11,793 DEBUG Engine] Module config: cloud defaultdict(None, {'class': 'bzt.modules.blazemeter.CloudProvisioning', 'default-location': 'us-central1-a', 'dump-locations': True})
[2017-12-20 08:20:11,793 DEBUG root] Importing module: bzt.modules.blazemeter
[2017-12-20 08:20:14,795 DEBUG Engine] Taurus updates info: {"latest":"1.10.3","needsUpgrade":true}
[2017-12-20 08:20:24,789 WARNING Engine] There is newer version of Taurus 1.10.3 available, consider upgrading. What's new: http://gettaurus.org/docs/Changelog/
[2017-12-20 08:20:32,942 DEBUG easyprocess] version=0.2.3
[2017-12-20 08:20:33,914 DEBUG pyvirtualdisplay] version=0.2.1
[2017-12-20 08:20:34,115 DEBUG root] Loading class: 'CloudProvisioning' from <module 'bzt.modules.blazemeter' from '/usr/local/lib/python2.7/site-packages/bzt/modules/blazemeter.pyc'>
[2017-12-20 08:20:34,115 DEBUG Engine] Module config: blazemeter defaultdict(None, {'token': '********', 'class': 'bzt.modules.blazemeter.BlazeMeterUploader'})
[2017-12-20 08:20:34,115 DEBUG root] Importing module: bzt.modules.blazemeter
[2017-12-20 08:20:34,115 DEBUG root] Loading class: 'BlazeMeterUploader' from <module 'bzt.modules.blazemeter' from '/usr/local/lib/python2.7/site-packages/bzt/modules/blazemeter.pyc'>
[2017-12-20 08:20:34,115 DEBUG Engine.cloud] Request: GET https://a.blazemeter.com/api/v4/accounts None
[2017-12-20 08:20:34,336 DEBUG urllib3.connectionpool] Starting new HTTPS connection (1): a.blazemeter.com
[2017-12-20 08:20:34,920 DEBUG urllib3.connectionpool] https://a.blazemeter.com:443 "GET /api/v4/accounts HTTP/1.1" 401 121
[2017-12-20 08:20:34,926 DEBUG Engine.cloud] Response [401]: {
    "error": {
        "code": 401,
        "message": "Unauthorized"
    },
    "api_version": 4,
    "result": null
}
[2017-12-20 08:20:34,926 ERROR root] Network Error: API call error https://a.blazemeter.com/api/v4/accounts: {u'message': u'Unauthorized', u'code': 401}
[2017-12-20 08:20:34,928 DEBUG root] TaurusNetworkError: API call error https://a.blazemeter.com/api/v4/accounts: {u'message': u'Unauthorized', u'code': 401}
Traceback (most recent call last):
  File "/usr/local/lib/python2.7/site-packages/bzt/cli.py", line 220, in perform
    self.engine.prepare()
  File "/usr/local/lib/python2.7/site-packages/bzt/engine.py", line 158, in prepare
    self.__prepare_provisioning()
  File "/usr/local/lib/python2.7/site-packages/bzt/engine.py", line 490, in __prepare_provisioning
    self.provisioning.prepare()
  File "/usr/local/lib/python2.7/site-packages/bzt/modules/blazemeter.py", line 1432, in prepare
    self._workspaces = self.user.accounts().workspaces()
  File "/usr/local/lib/python2.7/site-packages/bzt/bza.py", line 157, in accounts
    res = self._request(self.address + '/api/v4/accounts')
  File "/usr/local/lib/python2.7/site-packages/bzt/bza.py", line 100, in _request
    raise TaurusNetworkError("API call error %s: %s" % (url, result['error']))
TaurusNetworkError: API call error https://a.blazemeter.com/api/v4/accounts: {u'message': u'Unauthorized', u'code': 401}
[2017-12-20 08:20:34,928 INFO Engine] Post-processing...
[2017-12-20 08:20:34,928 DEBUG Engine.consolidator] Consolidator buffer[0]: []
[2017-12-20 08:20:34,931 DEBUG Engine.Configuration] Dumping YAML config into /Users/daper01/Documents/OSLo/multi scenario/2017-12-20_08-20-08.481817/effective.yml
[2017-12-20 08:20:34,956 DEBUG Engine.Configuration] Dumping JSON config into /Users/daper01/Documents/OSLo/multi scenario/2017-12-20_08-20-08.481817/effective.json
[2017-12-20 08:20:34,958 INFO root] Artifacts dir: /Users/daper01/Documents/OSLo/multi scenario/2017-12-20_08-20-08.481817
[2017-12-20 08:20:34,958 WARNING root] Done performing with code: 1
[2017-12-20 08:20:34,958 DEBUG root] Closing log handler: /Users/daper01/Documents/OSLo/multi scenario/2017-12-20_08-20-08.481817/bzt.log
