[2017-06-13 09:25:09,331 INFO root] Taurus CLI Tool v1.9.1
[2017-06-13 09:25:09,331 DEBUG root] Command-line options: {'verbose': None, 'no_system_configs': None, 'quiet': None, 'log': '/var/folders/vq/xzrdy2lx047cst78f69v8z3xfzqz1q/T/bzt_C2Exic.log', 'option': None, 'aliases': ['cloud']}
[2017-06-13 09:25:09,331 DEBUG root] Python: CPython 2.7.13
[2017-06-13 09:25:09,331 DEBUG root] OS: ('Darwin', 'daper01mac1124', '16.4.0', 'Darwin Kernel Version 16.4.0: Thu Dec 22 22:53:21 PST 2016; root:xnu-3789.41.3~3/RELEASE_X86_64', 'x86_64', 'i386')
[2017-06-13 09:25:09,332 INFO root] Starting with configs: ['jmeter.yml']
[2017-06-13 09:25:09,332 DEBUG root] Adding personal config: /Users/daper01/.bzt-rc
[2017-06-13 09:25:09,332 INFO Engine] Configuring...
[2017-06-13 09:25:09,332 DEBUG Engine] Reading extension configs from: /usr/local/etc/bzt.d
[2017-06-13 09:25:09,332 DEBUG Engine.Configuration] Configs: ['/usr/local/lib/python2.7/site-packages/bzt/resources/base-config.yml', '/usr/local/etc/bzt.d/99-installID.yml']
[2017-06-13 09:25:09,332 DEBUG Engine.Configuration] Reading /usr/local/lib/python2.7/site-packages/bzt/resources/base-config.yml
[2017-06-13 09:25:09,332 DEBUG Engine.Configuration] Reading /usr/local/lib/python2.7/site-packages/bzt/resources/base-config.yml as YAML
[2017-06-13 09:25:09,357 DEBUG Engine.Configuration] Reading /usr/local/etc/bzt.d/99-installID.yml
[2017-06-13 09:25:09,357 DEBUG Engine.Configuration] Reading /usr/local/etc/bzt.d/99-installID.yml as YAML
[2017-06-13 09:25:09,357 DEBUG Engine.Configuration] Configs: ['/Users/daper01/.bzt-rc', 'jmeter.yml']
[2017-06-13 09:25:09,358 DEBUG Engine.Configuration] Reading /Users/daper01/.bzt-rc
[2017-06-13 09:25:09,358 DEBUG Engine.Configuration] Reading /Users/daper01/.bzt-rc as YAML
[2017-06-13 09:25:09,358 DEBUG Engine.Configuration] Reading jmeter.yml
[2017-06-13 09:25:09,359 DEBUG Engine.Configuration] Reading jmeter.yml as YAML
[2017-06-13 09:25:09,360 DEBUG root] Configs: ['/Users/daper01/.bzt-rc', 'jmeter.yml']
[2017-06-13 09:25:09,360 DEBUG root] Reading /Users/daper01/.bzt-rc
[2017-06-13 09:25:09,360 DEBUG root] Reading /Users/daper01/.bzt-rc as YAML
[2017-06-13 09:25:09,361 DEBUG root] Reading jmeter.yml
[2017-06-13 09:25:09,361 DEBUG root] Reading jmeter.yml as YAML
[2017-06-13 09:25:09,372 DEBUG Engine] Requesting updates info: http://gettaurus.org/updates/?version=1.9.1&installID=784f43782a15
[2017-06-13 09:25:09,377 INFO Engine] Artifacts dir: /Users/daper01/Documents/OSLo/JMeter/2017-06-13_09-25-09.377691
[2017-06-13 09:25:09,378 DEBUG Engine] New artifact filename: /Users/daper01/Documents/OSLo/JMeter/2017-06-13_09-25-09.377691/effective
[2017-06-13 09:25:09,380 DEBUG Engine.Configuration] Dumping YAML config into /Users/daper01/Documents/OSLo/JMeter/2017-06-13_09-25-09.377691/effective.yml
[2017-06-13 09:25:09,401 DEBUG Engine.Configuration] Dumping JSON config into /Users/daper01/Documents/OSLo/JMeter/2017-06-13_09-25-09.377691/effective.json
[2017-06-13 09:25:09,402 DEBUG Engine] New artifact filename: /Users/daper01/Documents/OSLo/JMeter/2017-06-13_09-25-09.377691/merged.yml
[2017-06-13 09:25:09,402 DEBUG root] Dumping YAML config into /Users/daper01/Documents/OSLo/JMeter/2017-06-13_09-25-09.377691/merged.yml
[2017-06-13 09:25:09,405 DEBUG Engine] New artifact filename: /Users/daper01/Documents/OSLo/JMeter/2017-06-13_09-25-09.377691/merged.json
[2017-06-13 09:25:09,407 DEBUG root] Dumping JSON config into /Users/daper01/Documents/OSLo/JMeter/2017-06-13_09-25-09.377691/merged.json
[2017-06-13 09:25:09,407 DEBUG Engine] Add existing artifact (move=False): jmeter.yml
[2017-06-13 09:25:09,407 DEBUG Engine] Copying jmeter.yml to /Users/daper01/Documents/OSLo/JMeter/2017-06-13_09-25-09.377691/jmeter.yml
[2017-06-13 09:25:09,408 DEBUG root] Closing log handler: /var/folders/vq/xzrdy2lx047cst78f69v8z3xfzqz1q/T/bzt_C2Exic.log
[2017-06-13 09:25:09,409 DEBUG root] Switched writing logs to /Users/daper01/Documents/OSLo/JMeter/2017-06-13_09-25-09.377691/bzt.log
[2017-06-13 09:25:09,409 INFO Engine] Preparing...
[2017-06-13 09:25:09,411 DEBUG Engine] Module config: consolidator defaultdict(None, {'class': 'bzt.modules.aggregator.ConsolidatingAggregator'})
[2017-06-13 09:25:09,411 DEBUG root] Importing module: bzt.modules.aggregator
[2017-06-13 09:25:09,416 DEBUG root] Loading class: 'ConsolidatingAggregator' from <module 'bzt.modules.aggregator' from '/usr/local/lib/python2.7/site-packages/bzt/modules/aggregator.pyc'>
[2017-06-13 09:25:09,417 DEBUG Engine.consolidator] Exception in dehumanize_time(inf)
[2017-06-13 09:25:09,417 DEBUG Engine.consolidator] Buffer scaling setup: percentile 95.0 from [0.0, 50.0, 90.0, 95.0, 99.0, 99.9, 100.0] selected
[2017-06-13 09:25:09,417 DEBUG Engine] Module config: monitoring defaultdict(None, {'class': 'bzt.modules.monitoring.Monitoring'})
[2017-06-13 09:25:09,417 DEBUG root] Importing module: bzt.modules.monitoring
[2017-06-13 09:25:09,460 DEBUG root] Loading class: 'Monitoring' from <module 'bzt.modules.monitoring' from '/usr/local/lib/python2.7/site-packages/bzt/modules/monitoring.pyc'>
[2017-06-13 09:25:09,461 DEBUG Engine.monitoring] Should not run because of non-matching prov: cloud != local
[2017-06-13 09:25:09,461 DEBUG Engine] Module config: cloud defaultdict(None, {'class': 'bzt.modules.blazemeter.CloudProvisioning', 'default-location': 'us-central1-a'})
[2017-06-13 09:25:09,461 DEBUG root] Importing module: bzt.modules.blazemeter
[2017-06-13 09:25:09,563 DEBUG root] Loading class: 'CloudProvisioning' from <module 'bzt.modules.blazemeter' from '/usr/local/lib/python2.7/site-packages/bzt/modules/blazemeter.pyc'>
[2017-06-13 09:25:09,563 DEBUG Engine] Module config: blazemeter defaultdict(None, {'token': '********', 'class': 'bzt.modules.blazemeter.BlazeMeterUploader'})
[2017-06-13 09:25:09,563 DEBUG root] Importing module: bzt.modules.blazemeter
[2017-06-13 09:25:09,564 DEBUG root] Loading class: 'BlazeMeterUploader' from <module 'bzt.modules.blazemeter' from '/usr/local/lib/python2.7/site-packages/bzt/modules/blazemeter.pyc'>
[2017-06-13 09:25:09,564 DEBUG Engine.cloud] Request: GET https://a.blazemeter.com/api/v4/accounts None
[2017-06-13 09:25:10,001 DEBUG Engine] Taurus updates info: {"latest":"1.9.3","needsUpgrade":true}
[2017-06-13 09:25:10,002 WARNING Engine] There is newer version of Taurus 1.9.3 available, consider upgrading. What's new: http://gettaurus.org/docs/Changelog/
[2017-06-13 09:25:10,011 DEBUG Engine.cloud] Response: {
    "limit": 10,
    "skip": 0,
    "total": 2,
    "api_version": 4,
    "error": null,
    "result": [
        {
            "id": 125626,
            "name": "Default Account",
            "thumbnailUrl": null,
            "salesforceId": null,
      
[2017-06-13 09:25:10,012 DEBUG Engine.cloud] Request: GET https://a.blazemeter.com/api/v4/workspaces?accountId=125626&enabled=true&limit=100 None
[2017-06-13 09:25:10,498 DEBUG Engine.cloud] Response: {
    "limit": 100,
    "skip": 0,
    "total": 5,
    "api_version": 4,
    "error": null,
    "result": [
        {
            "id": 119008,
            "name": "Default workspace",
            "userId": 339612,
            "created": 1486702692,
      
[2017-06-13 09:25:10,502 DEBUG Engine.cloud] Request: GET https://a.blazemeter.com/api/v4/workspaces?accountId=21166&enabled=true&limit=100 None
[2017-06-13 09:25:10,951 DEBUG Engine.cloud] Response: {
    "limit": 100,
    "skip": 0,
    "total": 1,
    "api_version": 4,
    "error": null,
    "result": [
        {
            "id": 133217,
            "name": "DEMOs",
            "userId": 307773,
            "created": 1493664013,
            "updat
[2017-06-13 09:25:10,952 DEBUG Engine] Module config: jmeter defaultdict(None, {'properties': defaultdict(None, {'jmeter.save.saveservice.autoflush': 'true', 'summariser.name': '', 'jmeter.save.saveservice.connect_time': 'true', 'mode': 'Stripped', 'jmeterengine.force.system.exit': 'true'}), 'class': 'bzt.modules.jmeter.JMeterExecutor', 'plugins': ['jpgc-casutg', 'jpgc-dummy', 'jpgc-ffw', 'jpgc-fifo', 'jpgc-functions', 'jpgc-json', 'jpgc-perfmon', 'jpgc-prmctl', 'jpgc-tst']})
[2017-06-13 09:25:10,952 DEBUG root] Importing module: bzt.modules.jmeter
[2017-06-13 09:25:10,972 DEBUG root] Loading class: 'JMeterExecutor' from <module 'bzt.modules.jmeter' from '/usr/local/lib/python2.7/site-packages/bzt/modules/jmeter.pyc'>
[2017-06-13 09:25:10,972 DEBUG Engine.cloud] Request: GET https://a.blazemeter.com/api/v4/multi-tests?workspaceId=119008&name=Taurus+Cloud+Test None
[2017-06-13 09:25:11,420 DEBUG Engine.cloud] Response: {
    "limit": 10,
    "skip": 0,
    "total": 0,
    "api_version": 4,
    "error": null,
    "result": []
}
[2017-06-13 09:25:11,421 DEBUG Engine.cloud] Request: GET https://a.blazemeter.com/api/v4/multi-tests?workspaceId=127980&name=Taurus+Cloud+Test None
[2017-06-13 09:25:11,892 DEBUG Engine.cloud] Response: {
    "limit": 10,
    "skip": 0,
    "total": 0,
    "api_version": 4,
    "error": null,
    "result": []
}
[2017-06-13 09:25:11,892 DEBUG Engine.cloud] Request: GET https://a.blazemeter.com/api/v4/multi-tests?workspaceId=127984&name=Taurus+Cloud+Test None
[2017-06-13 09:25:12,374 DEBUG Engine.cloud] Response: {
    "limit": 10,
    "skip": 0,
    "total": 0,
    "api_version": 4,
    "error": null,
    "result": []
}
[2017-06-13 09:25:12,374 DEBUG Engine.cloud] Request: GET https://a.blazemeter.com/api/v4/multi-tests?workspaceId=132723&name=Taurus+Cloud+Test None
[2017-06-13 09:25:12,815 DEBUG Engine.cloud] Response: {
    "limit": 10,
    "skip": 0,
    "total": 0,
    "api_version": 4,
    "error": null,
    "result": []
}
[2017-06-13 09:25:12,815 DEBUG Engine.cloud] Request: GET https://a.blazemeter.com/api/v4/multi-tests?workspaceId=135886&name=Taurus+Cloud+Test None
[2017-06-13 09:25:13,264 DEBUG Engine.cloud] Response: {
    "limit": 10,
    "skip": 0,
    "total": 0,
    "api_version": 4,
    "error": null,
    "result": []
}
[2017-06-13 09:25:13,264 DEBUG Engine.cloud] Request: GET https://a.blazemeter.com/api/v4/multi-tests?workspaceId=133217&name=Taurus+Cloud+Test None
[2017-06-13 09:25:13,700 DEBUG Engine.cloud] Response: {
    "limit": 10,
    "skip": 0,
    "total": 0,
    "api_version": 4,
    "error": null,
    "result": []
}
[2017-06-13 09:25:13,700 DEBUG Engine.cloud.ProjectFinder] Looked for collection: None
[2017-06-13 09:25:13,700 DEBUG Engine.cloud] Request: GET https://a.blazemeter.com/api/v4/tests?workspaceId=119008&name=Taurus+Cloud+Test None
[2017-06-13 09:25:14,158 DEBUG Engine.cloud] Response: {
    "limit": 10,
    "skip": 0,
    "total": 1,
    "api_version": 4,
    "error": null,
    "result": [
        {
            "id": 5551396,
            "name": "Taurus Cloud Test",
            "userId": 339612,
            "created": 1488354376,
      
[2017-06-13 09:25:14,158 DEBUG Engine.cloud] Request: GET https://a.blazemeter.com/api/v4/tests?workspaceId=127980&name=Taurus+Cloud+Test None
[2017-06-13 09:25:14,602 DEBUG Engine.cloud] Response: {
    "limit": 10,
    "skip": 0,
    "total": 0,
    "api_version": 4,
    "error": null,
    "result": []
}
[2017-06-13 09:25:14,602 DEBUG Engine.cloud] Request: GET https://a.blazemeter.com/api/v4/tests?workspaceId=127984&name=Taurus+Cloud+Test None
[2017-06-13 09:25:15,065 DEBUG Engine.cloud] Response: {
    "limit": 10,
    "skip": 0,
    "total": 0,
    "api_version": 4,
    "error": null,
    "result": []
}
[2017-06-13 09:25:15,066 DEBUG Engine.cloud] Request: GET https://a.blazemeter.com/api/v4/tests?workspaceId=132723&name=Taurus+Cloud+Test None
[2017-06-13 09:25:15,526 DEBUG Engine.cloud] Response: {
    "limit": 10,
    "skip": 0,
    "total": 0,
    "api_version": 4,
    "error": null,
    "result": []
}
[2017-06-13 09:25:15,526 DEBUG Engine.cloud] Request: GET https://a.blazemeter.com/api/v4/tests?workspaceId=135886&name=Taurus+Cloud+Test None
[2017-06-13 09:25:15,967 DEBUG Engine.cloud] Response: {
    "limit": 10,
    "skip": 0,
    "total": 0,
    "api_version": 4,
    "error": null,
    "result": []
}
[2017-06-13 09:25:15,968 DEBUG Engine.cloud] Request: GET https://a.blazemeter.com/api/v4/tests?workspaceId=133217&name=Taurus+Cloud+Test None
[2017-06-13 09:25:16,435 DEBUG Engine.cloud] Response: {
    "limit": 10,
    "skip": 0,
    "total": 0,
    "api_version": 4,
    "error": null,
    "result": []
}
[2017-06-13 09:25:16,435 DEBUG Engine.cloud.ProjectFinder] Looked for test: {u'updated': 1496945697, u'name': u'Taurus Cloud Test', u'kpiTrackingData': {}, u'created': 1488354376, u'projectId': 162568, u'userId': 339612, u'lastUpdatedById': 339612, u'configuration': {u'targetThreads': 0, u'type': u'taurus', u'canControlRampup': False, u'plugins': {u'taurus': {u'filename': u'taurus.yml'}}}, u'id': 5551396}
[2017-06-13 09:25:16,437 DEBUG Engine.cloud.ProjectFinder] Detected test type: old
[2017-06-13 09:25:16,437 DEBUG Engine.cloud] Request: GET https://a.blazemeter.com/api/v4/user None
[2017-06-13 09:25:16,890 DEBUG Engine.cloud] Response: {
    "api_version": 4,
    "error": null,
    "result": {
        "id": 339612,
        "email": "eric.dapp@blazemeter.com",
        "access": 1497371116,
        "login": 1497118815,
        "firstName": "Eric",
        "lastName": "Dapp",
        "timez
[2017-06-13 09:25:16,890 DEBUG Engine.cloud] Request: GET https://a.blazemeter.com/api/v4/projects?workspaceId=119008&limit=99999 None
[2017-06-13 09:25:17,338 DEBUG Engine.cloud] Response: {
    "limit": 99999,
    "skip": 0,
    "total": 6,
    "api_version": 4,
    "error": null,
    "result": [
        {
            "id": 163658,
            "name": "BlazeDemo Tests",
            "userId": null,
            "description": "",
            
[2017-06-13 09:25:17,339 DEBUG Engine.cloud] Request: GET https://a.blazemeter.com/api/v4/projects?workspaceId=127980&limit=99999 None
[2017-06-13 09:25:17,769 DEBUG Engine.cloud] Response: {
    "limit": 99999,
    "skip": 0,
    "total": 2,
    "api_version": 4,
    "error": null,
    "result": [
        {
            "id": 173138,
            "name": "Default project",
            "userId": null,
            "description": null,
          
[2017-06-13 09:25:17,770 DEBUG Engine.cloud] Request: GET https://a.blazemeter.com/api/v4/projects?workspaceId=127984&limit=99999 None
[2017-06-13 09:25:18,228 DEBUG Engine.cloud] Response: {
    "limit": 99999,
    "skip": 0,
    "total": 1,
    "api_version": 4,
    "error": null,
    "result": [
        {
            "id": 173143,
            "name": "Default project",
            "userId": null,
            "description": null,
          
[2017-06-13 09:25:18,228 DEBUG Engine.cloud] Request: GET https://a.blazemeter.com/api/v4/projects?workspaceId=132723&limit=99999 None
[2017-06-13 09:25:18,663 DEBUG Engine.cloud] Response: {
    "limit": 99999,
    "skip": 0,
    "total": 1,
    "api_version": 4,
    "error": null,
    "result": [
        {
            "id": 178588,
            "name": "Default project",
            "userId": null,
            "description": null,
          
[2017-06-13 09:25:18,663 DEBUG Engine.cloud] Request: GET https://a.blazemeter.com/api/v4/projects?workspaceId=135886&limit=99999 None
[2017-06-13 09:25:19,103 DEBUG Engine.cloud] Response: {
    "limit": 99999,
    "skip": 0,
    "total": 2,
    "api_version": 4,
    "error": null,
    "result": [
        {
            "id": 182182,
            "name": "Default project",
            "userId": null,
            "description": null,
          
[2017-06-13 09:25:19,104 DEBUG Engine.cloud] Request: GET https://a.blazemeter.com/api/v4/projects?workspaceId=133217&limit=99999 None
[2017-06-13 09:25:19,575 DEBUG Engine.cloud] Response: {
    "limit": 99999,
    "skip": 0,
    "total": 1,
    "api_version": 4,
    "error": null,
    "result": [
        {
            "id": 179141,
            "name": "Default project",
            "userId": null,
            "description": null,
          
[2017-06-13 09:25:19,575 DEBUG Engine.cloud] Request: GET https://a.blazemeter.com/api/v4/workspaces/119008 None
[2017-06-13 09:25:20,140 DEBUG Engine.cloud] Response: {
    "api_version": 4,
    "error": null,
    "result": {
        "id": 119008,
        "name": "Default workspace",
        "userId": 339612,
        "created": 1486702692,
        "updated": 1486702692,
        "enabled": true,
        "dedicatedIpsEnab
[2017-06-13 09:25:20,146 DEBUG Engine.cloud] Request: GET https://a.blazemeter.com/api/v4/workspaces/127980 None
[2017-06-13 09:25:20,700 DEBUG Engine.cloud] Response: {
    "api_version": 4,
    "error": null,
    "result": {
        "id": 127980,
        "name": "Demo Workspace",
        "userId": 339612,
        "created": 1491255975,
        "updated": 1491255975,
        "enabled": true,
        "dedicatedIpsEnabled
[2017-06-13 09:25:20,704 DEBUG Engine.cloud] Request: GET https://a.blazemeter.com/api/v4/workspaces/127984 None
[2017-06-13 09:25:21,231 DEBUG Engine.cloud] Response: {
    "api_version": 4,
    "error": null,
    "result": {
        "id": 127984,
        "name": "Demo Workspace 2",
        "userId": 339612,
        "created": 1491261975,
        "updated": 1491261975,
        "enabled": true,
        "dedicatedIpsEnabl
[2017-06-13 09:25:21,235 DEBUG Engine.cloud] Request: GET https://a.blazemeter.com/api/v4/workspaces/132723 None
[2017-06-13 09:25:21,817 DEBUG Engine.cloud] Response: {
    "api_version": 4,
    "error": null,
    "result": {
        "id": 132723,
        "name": "QA Workspace",
        "userId": 339612,
        "created": 1493312851,
        "updated": 1493312851,
        "enabled": true,
        "dedicatedIpsEnabled":
[2017-06-13 09:25:21,822 DEBUG Engine.cloud] Request: GET https://a.blazemeter.com/api/v4/workspaces/135886 None
[2017-06-13 09:25:22,407 DEBUG Engine.cloud] Response: {
    "api_version": 4,
    "error": null,
    "result": {
        "id": 135886,
        "name": "scratch",
        "userId": 339612,
        "created": 1494801554,
        "updated": 1494801554,
        "enabled": true,
        "dedicatedIpsEnabled": true
[2017-06-13 09:25:22,410 DEBUG Engine.cloud] Request: GET https://a.blazemeter.com/api/v4/workspaces/133217 None
[2017-06-13 09:25:22,933 DEBUG Engine.cloud] Response: {
    "api_version": 4,
    "error": null,
    "result": {
        "id": 133217,
        "name": "DEMOs",
        "userId": 307773,
        "created": 1493664013,
        "updated": 1493746137,
        "enabled": true,
        "dedicatedIpsEnabled": true,

[2017-06-13 09:25:22,942 DEBUG Engine.cloud] All resource files are: ['blazedemo_easy_peasy.jmx']
[2017-06-13 09:25:22,942 DEBUG Engine.cloud] Replace file names in config: ['blazedemo_easy_peasy.jmx'] with ['blazedemo_easy_peasy.jmx']
[2017-06-13 09:25:22,944 DEBUG Engine] New artifact filename: /Users/daper01/Documents/OSLo/JMeter/2017-06-13_09-25-09.377691/cloud
[2017-06-13 09:25:22,944 DEBUG root] Dumping YAML config into /Users/daper01/Documents/OSLo/JMeter/2017-06-13_09-25-09.377691/cloud.yml
[2017-06-13 09:25:22,949 DEBUG root] Dumping JSON config into /Users/daper01/Documents/OSLo/JMeter/2017-06-13_09-25-09.377691/cloud.json
[2017-06-13 09:25:22,949 DEBUG Engine.cloud] Request: GET https://a.blazemeter.com/api/v4/web/elfinder/5551396?cmd=open&target=s1_Lw None
[2017-06-13 09:25:23,558 DEBUG Engine.cloud] Response: {"cwd":{"name":"data","size":0,"mime":"directory","read":1,"write":1,"parent_id":"users","hash":"s1_Lw","rootRev":"","options":{"path":"","url":"","tmbUrl":"","disabled":["mkdir","archive","extract","chmod"],"separator":"\/","copyOverwrite":1,"uploadOverwr
[2017-06-13 09:25:23,559 DEBUG Engine.cloud] Test files: [u'blazeDemo_Selenium_with_unit_chrome.py', u'taurus.yml']
[2017-06-13 09:25:23,559 DEBUG Engine.cloud] Request: GET https://a.blazemeter.com/api/v4/web/elfinder/5551396?cmd=rm&targets[]=s1_YmxhemVEZW1vX1NlbGVuaXVtX3dpdGhfdW5pdF9jaHJvbWUucHk&targets[]=s1_dGF1cnVzLnltbA None
[2017-06-13 09:25:24,255 DEBUG Engine.cloud] Response: {"removed":["s1_YmxhemVEZW1vX1NlbGVuaXVtX3dpdGhfdW5pdF9jaHJvbWUucHk","s1_dGF1cnVzLnltbA"],"changed":[{"name":"data","size":0,"mime":"directory","read":1,"write":1,"parent_id":"users","hash":"s1_Lw","rootRev":"","options":{"path":"","url":"","tmbUrl":"","di
[2017-06-13 09:25:24,255 DEBUG Engine.cloud] Successfully deleted 2 test files
[2017-06-13 09:25:24,262 DEBUG Engine.cloud] Uploading files into the test: ['/Users/daper01/Documents/OSLo/JMeter/blazedemo_easy_peasy.jmx']
[2017-06-13 09:25:24,270 DEBUG Engine.cloud] Request: POST https://a.blazemeter.com/api/v4/tests/5551396/files --===============9065233548234520530==
Content-Disposition: file; name="script"; filename="taurus.yml"
Content-Type: application/octet-stream

---
execution:
- concurrency: 500
  executor: jmeter
  hold-for: 25m
  locations:
    us-central1-a: 1
  ramp
[2017-06-13 09:25:25,354 DEBUG Engine.cloud] Response: {
    "api_version": 4,
    "error": null,
    "result": {
        "id": 5551396,
        "name": "Taurus Cloud Test",
        "userId": 339612,
        "created": 1488354376,
        "updated": 1497371125,
        "configuration": {
            "type": "t
[2017-06-13 09:25:25,354 DEBUG Engine.cloud] Request: PATCH https://a.blazemeter.com/api/v4/tests/5551396 {
 "configuration": {
  "executionType": null
 }
}
[2017-06-13 09:25:26,023 DEBUG Engine.cloud] Response: {
    "api_version": 4,
    "error": null,
    "result": {
        "id": 5551396,
        "name": "Taurus Cloud Test",
        "userId": 339612,
        "created": 1488354376,
        "updated": 1497371125,
        "projectId": 162568,
        "lastUpdated
[2017-06-13 09:25:26,023 DEBUG Engine] Module config: final-stats defaultdict(None, {'class': 'bzt.modules.reporting.FinalStatus'})
[2017-06-13 09:25:26,024 DEBUG root] Importing module: bzt.modules.reporting
[2017-06-13 09:25:26,027 DEBUG root] Loading class: 'FinalStatus' from <module 'bzt.modules.reporting' from '/usr/local/lib/python2.7/site-packages/bzt/modules/reporting.pyc'>
[2017-06-13 09:25:26,027 DEBUG Engine] Module config: console defaultdict(None, {'class': 'bzt.modules.console.ConsoleStatusReporter'})
[2017-06-13 09:25:26,027 DEBUG root] Importing module: bzt.modules.console
[2017-06-13 09:25:26,027 DEBUG root] Loading class: 'ConsoleStatusReporter' from <module 'bzt.modules.console' from '/usr/local/lib/python2.7/site-packages/bzt/modules/console.pyc'>
[2017-06-13 09:25:26,037 DEBUG Engine.Configuration] Dumping YAML config into /Users/daper01/Documents/OSLo/JMeter/2017-06-13_09-25-09.377691/effective.yml
[2017-06-13 09:25:26,075 DEBUG Engine.Configuration] Dumping JSON config into /Users/daper01/Documents/OSLo/JMeter/2017-06-13_09-25-09.377691/effective.json
[2017-06-13 09:25:26,077 INFO Engine] Starting...
[2017-06-13 09:25:26,077 DEBUG Engine] Startup <bzt.modules.aggregator.ConsolidatingAggregator object at 0x101f97790>
[2017-06-13 09:25:26,077 DEBUG Engine] Startup <bzt.modules.reporting.FinalStatus object at 0x102ee8e50>
[2017-06-13 09:25:26,078 DEBUG Engine] Startup <bzt.modules.console.ConsoleStatusReporter object at 0x102ef3890>
[2017-06-13 09:25:26,078 INFO Engine.console] Waiting for results...
[2017-06-13 09:25:26,078 DEBUG Engine] Startup <bzt.modules.blazemeter.CloudProvisioning object at 0x101f97fd0>
[2017-06-13 09:25:26,078 INFO Engine.cloud.ProjectFinder.CloudTaurusTest] Initiating cloud test with https://a.blazemeter.com ...
[2017-06-13 09:25:26,079 DEBUG Engine.cloud] Request: POST https://a.blazemeter.com/api/v4/tests/5551396/start None
[2017-06-13 09:25:26,909 DEBUG Engine.cloud] Response: {
    "api_version": 4,
    "error": null,
    "result": {
        "id": 16308866,
        "name": "Taurus Cloud Test",
        "userId": 339612,
        "runnerUserId": 339612,
        "created": 1497371126,
        "updated": 1497371126,
        "testId"
[2017-06-13 09:25:26,909 INFO Engine.cloud] Started cloud test: https://a.blazemeter.com/app/#/masters/16308866
[2017-06-13 09:25:27,215 DEBUG Engine.Configuration] Dumping YAML config into /Users/daper01/Documents/OSLo/JMeter/2017-06-13_09-25-09.377691/effective.yml
[2017-06-13 09:25:27,363 DEBUG Engine.Configuration] Dumping JSON config into /Users/daper01/Documents/OSLo/JMeter/2017-06-13_09-25-09.377691/effective.json
[2017-06-13 09:25:27,367 DEBUG root] Leveling down log file verbosity, use -v option to have DEBUG messages enabled
[2017-06-13 09:25:27,887 INFO Engine.cloud] Cloud test status: INIT
[2017-06-13 09:25:28,349 INFO Engine.console] Waiting for finish...
[2017-06-13 09:25:32,887 INFO Engine.cloud] Cloud test status: BOOT_STARTING
[2017-06-13 09:26:18,065 INFO Engine.cloud] Cloud test status: INIT_SCRIPT
[2017-06-13 09:26:28,111 INFO Engine.cloud] Cloud test status: TAURUS_ENGINE_INIT
[2017-06-13 09:27:43,399 INFO Engine.cloud] Cloud test status: DATA_RECIEVED
[2017-06-13 09:54:10,897 WARNING Engine] Please wait for graceful shutdown...
[2017-06-13 09:54:10,907 DEBUG root] Leveled up log file verbosity
[2017-06-13 09:54:10,907 INFO Engine] Shutting down...
[2017-06-13 09:54:10,916 DEBUG Engine.console] Restoring logging streams, [<logging.StreamHandler object at 0x101f97750>]/{<logging.StreamHandler object at 0x101f97750>: <open file '<stdout>', mode 'w' at 0x100e55150>}
[2017-06-13 09:54:10,917 DEBUG Engine.Configuration] Dumping YAML config into /Users/daper01/Documents/OSLo/JMeter/2017-06-13_09-25-09.377691/effective.yml
[2017-06-13 09:54:10,936 DEBUG Engine.Configuration] Dumping JSON config into /Users/daper01/Documents/OSLo/JMeter/2017-06-13_09-25-09.377691/effective.json
[2017-06-13 09:54:10,937 WARNING root] Keyboard interrupt
[2017-06-13 09:54:10,938 DEBUG root] KeyboardInterrupt: 
Traceback (most recent call last):
  File "/usr/local/lib/python2.7/site-packages/bzt/cli.py", line 213, in perform
    self.engine.run()
  File "/usr/local/lib/python2.7/site-packages/bzt/engine.py", line 174, in run
    reraise(exc_info)
  File "/usr/local/lib/python2.7/site-packages/bzt/engine.py", line 156, in run
    self._wait()
  File "/usr/local/lib/python2.7/site-packages/bzt/engine.py", line 192, in _wait
    while not self._check_modules_list():
  File "/usr/local/lib/python2.7/site-packages/bzt/engine.py", line 182, in _check_modules_list
    finished |= bool(module.check())
  File "/usr/local/lib/python2.7/site-packages/bzt/modules/aggregator.py", line 679, in check
    for point in self.datapoints():
  File "/usr/local/lib/python2.7/site-packages/bzt/modules/aggregator.py", line 441, in datapoints
    for datapoint in self._calculate_datapoints(final_pass):
  File "/usr/local/lib/python2.7/site-packages/bzt/modules/aggregator.py", line 708, in _calculate_datapoints
    self._process_underlings(final_pass)
  File "/usr/local/lib/python2.7/site-packages/bzt/modules/aggregator.py", line 693, in _process_underlings
    for data in underling.datapoints(final_pass):
  File "/usr/local/lib/python2.7/site-packages/bzt/modules/aggregator.py", line 441, in datapoints
    for datapoint in self._calculate_datapoints(final_pass):
  File "/usr/local/lib/python2.7/site-packages/bzt/modules/blazemeter.py", line 1630, in _calculate_datapoints
    data, aggr_raw = self.query_data()
  File "/usr/local/lib/python2.7/site-packages/bzt/modules/blazemeter.py", line 1686, in query_data
    aggr = self.master.get_aggregate_report()
  File "/usr/local/lib/python2.7/site-packages/bzt/bza.py", line 516, in get_aggregate_report
    res = self._request(url)
  File "/usr/local/lib/python2.7/site-packages/bzt/bza.py", line 85, in _request
    timeout=self.timeout)
  File "/usr/local/lib/python2.7/site-packages/requests/api.py", line 56, in request
    return session.request(method=method, url=url, **kwargs)
  File "/usr/local/lib/python2.7/site-packages/requests/sessions.py", line 488, in request
    resp = self.send(prep, **send_kwargs)
  File "/usr/local/lib/python2.7/site-packages/requests/sessions.py", line 609, in send
    r = adapter.send(request, **kwargs)
  File "/usr/local/lib/python2.7/site-packages/requests/adapters.py", line 423, in send
    timeout=timeout
  File "/usr/local/lib/python2.7/site-packages/requests/packages/urllib3/connectionpool.py", line 600, in urlopen
    chunked=chunked)
  File "/usr/local/lib/python2.7/site-packages/requests/packages/urllib3/connectionpool.py", line 379, in _make_request
    httplib_response = conn.getresponse(buffering=True)
  File "/usr/local/Cellar/python/2.7.13/Frameworks/Python.framework/Versions/2.7/lib/python2.7/httplib.py", line 1121, in getresponse
    response.begin()
  File "/usr/local/Cellar/python/2.7.13/Frameworks/Python.framework/Versions/2.7/lib/python2.7/httplib.py", line 438, in begin
    version, status, reason = self._read_status()
  File "/usr/local/Cellar/python/2.7.13/Frameworks/Python.framework/Versions/2.7/lib/python2.7/httplib.py", line 394, in _read_status
    line = self.fp.readline(_MAXLINE + 1)
  File "/usr/local/Cellar/python/2.7.13/Frameworks/Python.framework/Versions/2.7/lib/python2.7/socket.py", line 480, in readline
    data = self._sock.recv(self._rbufsize)
  File "/usr/local/Cellar/python/2.7.13/Frameworks/Python.framework/Versions/2.7/lib/python2.7/ssl.py", line 766, in recv
    return self.read(buflen)
  File "/usr/local/Cellar/python/2.7.13/Frameworks/Python.framework/Versions/2.7/lib/python2.7/ssl.py", line 653, in read
    v = self._sslobj.read(len)
KeyboardInterrupt
[2017-06-13 09:54:10,938 INFO Engine] Post-processing...
[2017-06-13 09:54:10,938 INFO Engine.cloud.ProjectFinder.CloudTaurusTest] Ending cloud test...
[2017-06-13 09:54:10,938 DEBUG Engine.cloud] Request: POST https://a.blazemeter.com/api/v4/masters/16308866/stop None
[2017-06-13 09:54:11,682 DEBUG Engine.cloud] Response: {
    "api_version": 4,
    "error": null,
    "result": [
        {
            "session_id": "r-t-594011f7eaf7a",
            "result": "\n"
        }
    ]
}
[2017-06-13 09:54:11,682 DEBUG Engine.cloud] Request: GET https://a.blazemeter.com/api/v4/masters/16308866/full None
[2017-06-13 09:54:12,193 DEBUG Engine.cloud] Response: {
    "api_version": 4,
    "error": null,
    "result": {
        "id": 16308866,
        "name": "Taurus Cloud Test",
        "userId": 339612,
        "runnerUserId": 339612,
        "created": 1497371126,
        "updated": 1497371127,
        "testId"
[2017-06-13 09:54:12,194 DEBUG Engine.cloud] Request: GET https://a.blazemeter.com/api/v4/data/labels?master_id=16308866 None
[2017-06-13 09:54:12,650 DEBUG Engine.cloud] Response: {
    "api_version": 4,
    "error": null,
    "result": [
        {
            "id": "ALL",
            "name": "ALL",
            "sessions": [
                "r-t-594011f7eaf7a"
            ]
        },
        {
            "id": "confirmation",
    
[2017-06-13 09:54:12,651 DEBUG Engine.cloud] Request: GET https://a.blazemeter.com/api/v4/data/kpis?interval=1&from=1497372791&master_ids%5B%5D=16308866&kpis%5B%5D=t&kpis%5B%5D=lt&kpis%5B%5D=by&kpis%5B%5D=n&kpis%5B%5D=ec&kpis%5B%5D=ts&kpis%5B%5D=na&labels%5B%5D=ALL&labels%5B%5D=confirmation&labels%5B%5D=purchase&labels%5B%5D=reserve&labels%5B%5D=welcome None
[2017-06-13 09:54:13,218 DEBUG Engine.cloud] Response: {
    "api_version": 4,
    "error": null,
    "result": [
        {
            "labelId": "ALL",
            "labelName": "ALL",
            "label": "ALL",
            "kpis": [
                {
                    "n": 201,
                    "na": 3
[2017-06-13 09:54:13,219 DEBUG Engine.cloud] Request: GET https://a.blazemeter.com/api/v4/masters/16308866/reports/aggregatereport/data None
[2017-06-13 09:54:13,683 DEBUG Engine.cloud] Response: {
    "api_version": 4,
    "error": null,
    "result": [
        {
            "labelId": "ALL",
            "labelName": "ALL",
            "samples": 434356,
            "avgResponseTime": 1761,
            "90line": 3622,
            "95line": 5781,
 
[2017-06-13 09:54:13,685 DEBUG Engine.consolidator] Consolidator buffer[3]: [1497372789, 1497372790, 1497372791]
[2017-06-13 09:54:13,685 DEBUG Engine.consolidator] Merging into 1497372789
[2017-06-13 09:54:13,685 DEBUG Engine.consolidator] Merging 1497372789
[2017-06-13 09:54:13,688 DEBUG Engine.consolidator] Processed datapoint: 1497372789/None
[2017-06-13 09:54:13,688 DEBUG Engine.consolidator] Merging into 1497372790
[2017-06-13 09:54:13,688 DEBUG Engine.consolidator] Merging 1497372790
[2017-06-13 09:54:13,692 DEBUG Engine.consolidator] Processed datapoint: 1497372790/None
[2017-06-13 09:54:13,692 DEBUG Engine.consolidator] Merging into 1497372791
[2017-06-13 09:54:13,692 DEBUG Engine.consolidator] Merging 1497372791
[2017-06-13 09:54:13,695 DEBUG Engine.consolidator] Processed datapoint: 1497372791/None
[2017-06-13 09:54:13,695 INFO Engine.final-stats] Test duration: 0:28:47
[2017-06-13 09:54:13,695 INFO Engine.final-stats] Samples count: 434356, 25.19% failures
[2017-06-13 09:54:13,696 INFO Engine.final-stats] Average times: total 1.761, latency 1.641, connect 0.000
[2017-06-13 09:54:13,696 INFO Engine.final-stats] Percentile 90.0%: 1.769
[2017-06-13 09:54:13,696 INFO Engine.final-stats] Percentile 95.0%: 2.224
[2017-06-13 09:54:13,696 INFO Engine.final-stats] Percentile 99.0%: 3.501
[2017-06-13 09:54:13,696 DEBUG Engine.console] No logger_handler or orig_stream was detected
[2017-06-13 09:54:13,698 DEBUG Engine.Configuration] Dumping YAML config into /Users/daper01/Documents/OSLo/JMeter/2017-06-13_09-25-09.377691/effective.yml
[2017-06-13 09:54:13,719 DEBUG Engine.Configuration] Dumping JSON config into /Users/daper01/Documents/OSLo/JMeter/2017-06-13_09-25-09.377691/effective.json
[2017-06-13 09:54:13,720 INFO root] Artifacts dir: /Users/daper01/Documents/OSLo/JMeter/2017-06-13_09-25-09.377691
[2017-06-13 09:54:13,720 WARNING root] Done performing with code: 1
[2017-06-13 09:54:13,720 DEBUG root] Closing log handler: /Users/daper01/Documents/OSLo/JMeter/2017-06-13_09-25-09.377691/bzt.log
