[2018-02-08 10:05:05,524 INFO root] Taurus CLI Tool v1.10.3
[2018-02-08 10:05:05,524 DEBUG root] Command-line options: {'verbose': None, 'no_system_configs': None, 'quiet': None, 'log': '/var/folders/vq/xzrdy2lx047cst78f69v8z3xfzqz1q/T/bzt__7ZV_v.log', 'option': None, 'aliases': []}
[2018-02-08 10:05:05,525 DEBUG root] Python: CPython 2.7.13
[2018-02-08 10:05:05,525 DEBUG root] OS: ('Darwin', 'daper01mac1124', '17.2.0', 'Darwin Kernel Version 17.2.0: Fri Sep 29 18:27:05 PDT 2017; root:xnu-4570.20.62~3/RELEASE_X86_64', 'x86_64', 'i386')
[2018-02-08 10:05:05,525 INFO root] Starting with configs: ['python_Selenium.yml']
[2018-02-08 10:05:05,525 DEBUG root] Using personal config: /Users/daper01/.bzt-rc
[2018-02-08 10:05:05,525 INFO Engine] Configuring...
[2018-02-08 10:05:05,525 DEBUG Engine] Reading extension configs from: /usr/local/etc/bzt.d
[2018-02-08 10:05:05,525 DEBUG Engine.Configuration] Configs: ['/usr/local/lib/python2.7/site-packages/bzt/resources/base-config.yml', '/usr/local/etc/bzt.d/99-installID.yml']
[2018-02-08 10:05:05,527 DEBUG Engine.Configuration] Reading /usr/local/lib/python2.7/site-packages/bzt/resources/base-config.yml as YAML
[2018-02-08 10:05:05,555 DEBUG Engine.Configuration] Reading /usr/local/etc/bzt.d/99-installID.yml as YAML
[2018-02-08 10:05:05,556 DEBUG Engine.Configuration] Configs: ['/Users/daper01/.bzt-rc', 'python_Selenium.yml']
[2018-02-08 10:05:05,557 DEBUG Engine.Configuration] Reading /Users/daper01/.bzt-rc as YAML
[2018-02-08 10:05:05,559 DEBUG Engine.Configuration] Reading python_Selenium.yml as YAML
[2018-02-08 10:05:05,561 DEBUG Engine.Configuration] Configs: ['/Users/daper01/.bzt-rc', 'python_Selenium.yml']
[2018-02-08 10:05:05,561 DEBUG Engine.Configuration] Reading /Users/daper01/.bzt-rc as YAML
[2018-02-08 10:05:05,563 DEBUG Engine.Configuration] Reading python_Selenium.yml as YAML
[2018-02-08 10:05:05,576 DEBUG Engine] Requesting updates info: http://gettaurus.org/updates/?version=1.10.3&installID=784f43782a15
[2018-02-08 10:05:05,576 INFO Engine] Artifacts dir: /Users/daper01/Documents/OSLo/Selenium/2018-02-08_10-05-05.576643
[2018-02-08 10:05:05,581 DEBUG Engine] New artifact filename: /Users/daper01/Documents/OSLo/Selenium/2018-02-08_10-05-05.576643/effective
[2018-02-08 10:05:05,583 DEBUG Engine.Configuration] Dumping YAML config into /Users/daper01/Documents/OSLo/Selenium/2018-02-08_10-05-05.576643/effective.yml
[2018-02-08 10:05:05,608 DEBUG Engine.Configuration] Dumping JSON config into /Users/daper01/Documents/OSLo/Selenium/2018-02-08_10-05-05.576643/effective.json
[2018-02-08 10:05:05,611 DEBUG Engine] New artifact filename: /Users/daper01/Documents/OSLo/Selenium/2018-02-08_10-05-05.576643/merged.yml
[2018-02-08 10:05:05,612 DEBUG Engine.Configuration] Dumping YAML config into /Users/daper01/Documents/OSLo/Selenium/2018-02-08_10-05-05.576643/merged.yml
[2018-02-08 10:05:05,615 DEBUG Engine] New artifact filename: /Users/daper01/Documents/OSLo/Selenium/2018-02-08_10-05-05.576643/merged.json
[2018-02-08 10:05:05,616 DEBUG Engine.Configuration] Dumping JSON config into /Users/daper01/Documents/OSLo/Selenium/2018-02-08_10-05-05.576643/merged.json
[2018-02-08 10:05:05,616 DEBUG Engine] Add existing artifact (move=False): python_Selenium.yml
[2018-02-08 10:05:05,617 DEBUG Engine] Copying python_Selenium.yml to /Users/daper01/Documents/OSLo/Selenium/2018-02-08_10-05-05.576643/python_Selenium.yml
[2018-02-08 10:05:05,618 DEBUG root] Closing log handler: /var/folders/vq/xzrdy2lx047cst78f69v8z3xfzqz1q/T/bzt__7ZV_v.log
[2018-02-08 10:05:05,626 DEBUG root] Switched writing logs to /Users/daper01/Documents/OSLo/Selenium/2018-02-08_10-05-05.576643/bzt.log
[2018-02-08 10:05:05,626 INFO Engine] Preparing...
[2018-02-08 10:05:05,626 DEBUG Engine] Module config: consolidator defaultdict(None, {'class': 'bzt.modules.aggregator.ConsolidatingAggregator'})
[2018-02-08 10:05:05,627 DEBUG root] Importing module: bzt.modules.aggregator
[2018-02-08 10:05:05,658 DEBUG root] Loading class: 'ConsolidatingAggregator' from <module 'bzt.modules.aggregator' from '/usr/local/lib/python2.7/site-packages/bzt/modules/aggregator.pyc'>
[2018-02-08 10:05:05,659 DEBUG Engine.consolidator] Exception in dehumanize_time(inf)
[2018-02-08 10:05:05,659 DEBUG Engine.consolidator] Buffer scaling setup: percentile 95.0 from [0.0, 50.0, 90.0, 95.0, 99.0, 99.9, 100.0] selected
[2018-02-08 10:05:05,659 DEBUG Engine] Module config: monitoring defaultdict(None, {'class': 'bzt.modules.monitoring.Monitoring'})
[2018-02-08 10:05:05,659 DEBUG root] Importing module: bzt.modules.monitoring
[2018-02-08 10:05:05,661 DEBUG root] Loading class: 'Monitoring' from <module 'bzt.modules.monitoring' from '/usr/local/lib/python2.7/site-packages/bzt/modules/monitoring.pyc'>
[2018-02-08 10:05:05,661 DEBUG Engine] Module config: capturehar defaultdict(None, {'class': 'bzt.modules.blazemeter.ServiceStubCaptureHAR'})
[2018-02-08 10:05:05,661 DEBUG root] Importing module: bzt.modules.blazemeter
[2018-02-08 10:05:05,784 DEBUG easyprocess] version=0.2.3
[2018-02-08 10:05:05,789 DEBUG pyvirtualdisplay] version=0.2.1
[2018-02-08 10:05:05,791 DEBUG root] Loading class: 'ServiceStubCaptureHAR' from <module 'bzt.modules.blazemeter' from '/usr/local/lib/python2.7/site-packages/bzt/modules/blazemeter.pyc'>
[2018-02-08 10:05:05,791 DEBUG Engine] Module config: local defaultdict(None, {'class': 'bzt.modules.provisioning.Local'})
[2018-02-08 10:05:05,791 DEBUG root] Importing module: bzt.modules.provisioning
[2018-02-08 10:05:05,791 DEBUG root] Loading class: 'Local' from <module 'bzt.modules.provisioning' from '/usr/local/lib/python2.7/site-packages/bzt/modules/provisioning.pyc'>
[2018-02-08 10:05:05,791 DEBUG Engine] Module config: selenium defaultdict(None, {'class': 'bzt.modules.selenium.SeleniumExecutor'})
[2018-02-08 10:05:05,791 DEBUG root] Importing module: bzt.modules.selenium
[2018-02-08 10:05:05,797 DEBUG root] Loading class: 'SeleniumExecutor' from <module 'bzt.modules.selenium' from '/usr/local/lib/python2.7/site-packages/bzt/modules/selenium.pyc'>
[2018-02-08 10:05:05,798 DEBUG Engine.local] Preparing executor: selenium/4527255440
[2018-02-08 10:05:05,804 DEBUG Engine.selenium] Using script type: nose
[2018-02-08 10:05:05,804 DEBUG Engine] Module config: nose defaultdict(None, {'class': 'bzt.modules.python.ApiritifNoseExecutor'})
[2018-02-08 10:05:05,804 DEBUG root] Importing module: bzt.modules.python
[2018-02-08 10:05:05,873 DEBUG root] Loading class: 'ApiritifNoseExecutor' from <module 'bzt.modules.python' from '/usr/local/lib/python2.7/site-packages/bzt/modules/python.pyc'>
[2018-02-08 10:05:05,873 DEBUG Engine.nose] Extract defaultdict(None, {'script': './blazeDemo_Selenium_with_unit_chrome.py'}) into scenarios
[2018-02-08 10:05:05,873 DEBUG Engine] New artifact filename: /Users/daper01/Documents/OSLo/Selenium/2018-02-08_10-05-05.576643/ApiritifNoseExecutor.ldjson
[2018-02-08 10:05:05,873 DEBUG Engine] Module config: final-stats defaultdict(None, {'class': 'bzt.modules.reporting.FinalStatus'})
[2018-02-08 10:05:05,873 DEBUG root] Importing module: bzt.modules.reporting
[2018-02-08 10:05:05,875 DEBUG root] Loading class: 'FinalStatus' from <module 'bzt.modules.reporting' from '/usr/local/lib/python2.7/site-packages/bzt/modules/reporting.pyc'>
[2018-02-08 10:05:05,875 DEBUG Engine] Module config: console defaultdict(None, {'class': 'bzt.modules.console.ConsoleStatusReporter'})
[2018-02-08 10:05:05,875 DEBUG root] Importing module: bzt.modules.console
[2018-02-08 10:05:05,875 DEBUG root] Loading class: 'ConsoleStatusReporter' from <module 'bzt.modules.console' from '/usr/local/lib/python2.7/site-packages/bzt/modules/console.pyc'>
[2018-02-08 10:05:05,882 DEBUG Engine.Configuration] Dumping YAML config into /Users/daper01/Documents/OSLo/Selenium/2018-02-08_10-05-05.576643/effective.yml
[2018-02-08 10:05:05,907 DEBUG Engine.Configuration] Dumping JSON config into /Users/daper01/Documents/OSLo/Selenium/2018-02-08_10-05-05.576643/effective.json
[2018-02-08 10:05:05,909 INFO Engine] Starting...
[2018-02-08 10:05:05,910 DEBUG Engine] Startup <bzt.modules.monitoring.Monitoring object at 0x10d1ff890>
[2018-02-08 10:05:05,910 DEBUG Engine] Startup <bzt.modules.blazemeter.ServiceStubCaptureHAR object at 0x10d2fc550>
[2018-02-08 10:05:05,910 WARNING Engine.capturehar] Stub for service 'capturehar', use cloud provisioning to have it working
[2018-02-08 10:05:05,910 DEBUG Engine] Startup <bzt.modules.aggregator.ConsolidatingAggregator object at 0x10cdd0f90>
[2018-02-08 10:05:05,910 DEBUG Engine] Startup <bzt.modules.reporting.FinalStatus object at 0x10de6aad0>
[2018-02-08 10:05:05,911 DEBUG Engine] Startup <bzt.modules.console.ConsoleStatusReporter object at 0x10de80690>
[2018-02-08 10:05:05,911 INFO Engine.console] Waiting for results...
[2018-02-08 10:05:05,911 DEBUG Engine] Startup <bzt.modules.provisioning.Local object at 0x10cde7150>
[2018-02-08 10:05:05,911 DEBUG Engine.local] Delay setup for selenium/4527255440: 0(start-at) + 0(delay) = 0
[2018-02-08 10:05:05,913 DEBUG Engine.Configuration] Dumping YAML config into /Users/daper01/Documents/OSLo/Selenium/2018-02-08_10-05-05.576643/effective.yml
[2018-02-08 10:05:05,941 DEBUG Engine.Configuration] Dumping JSON config into /Users/daper01/Documents/OSLo/Selenium/2018-02-08_10-05-05.576643/effective.json
[2018-02-08 10:05:05,942 DEBUG root] Leveling down log file verbosity, use -v option to have DEBUG messages enabled
[2018-02-08 10:05:05,942 DEBUG root] Leveled up log file verbosity
[2018-02-08 10:05:05,942 DEBUG Engine] New artifact filename: /Users/daper01/Documents/OSLo/Selenium/2018-02-08_10-05-05.576643/apiritif-
[2018-02-08 10:05:05,942 DEBUG Engine] New artifact filename: /Users/daper01/Documents/OSLo/Selenium/2018-02-08_10-05-05.576643/nose.out
[2018-02-08 10:05:05,942 DEBUG Engine] New artifact filename: /Users/daper01/Documents/OSLo/Selenium/2018-02-08_10-05-05.576643/nose.err
[2018-02-08 10:05:05,943 DEBUG Engine.nose] Running process with env {'PATH': '/Users/daper01/.bzt/selenium-taurus/tools/chromedriver/2.33:/Users/daper01/.bzt/selenium-taurus/tools/geckodriver/0.19.0:/opt/local/bin:/opt/local/sbin:/Users/daper01/google-cloud-sdk/bin:/usr/local/Cellar:/usr/local/bin:/usr/local/sbin:/Users/daper01/Documents/groupon_/:/Users/daper01/Documents/grinder-3.11/lib/:/Users/daper01/Documents/WebDriver:/usr/local/bin:/usr/bin:/bin:/usr/sbin:/sbin:/usr/local/Cellar:/Library/TeX/texbin:/opt/X11/bin', 'PYTHONPATH': '/usr/local/lib/python2.7/site-packages'}
[2018-02-08 10:05:05,943 DEBUG Engine.nose] Executing shell from /Users/daper01/Documents/OSLo/Selenium: ['/usr/local/opt/python/bin/python2.7', '-m', 'apiritif.loadgen', '--result-file-template', '/Users/daper01/Documents/OSLo/Selenium/2018-02-08_10-05-05.576643/apiritif-%s.csv', '--concurrency', '1', '--iterations', '5', './blazeDemo_Selenium_with_unit_chrome.py']
[2018-02-08 10:05:05,943 DEBUG bzt.utils] Executing shell: ['/usr/local/opt/python/bin/python2.7', '-m', 'apiritif.loadgen', '--result-file-template', '/Users/daper01/Documents/OSLo/Selenium/2018-02-08_10-05-05.576643/apiritif-%s.csv', '--concurrency', '1', '--iterations', '5', './blazeDemo_Selenium_with_unit_chrome.py'] at /Users/daper01/Documents/OSLo/Selenium
[2018-02-08 10:05:05,948 DEBUG root] Leveling down log file verbosity, use -v option to have DEBUG messages enabled
[2018-02-08 10:05:06,160 INFO Engine.console] Waiting for finish...
[2018-02-08 10:05:06,176 WARNING Engine] There is newer version of Taurus 1.10.5 available, consider upgrading. What's new: http://gettaurus.org/docs/Changelog/
[2018-02-08 10:05:23,961 INFO Engine.nose.JTLReader] Changed data analysis delay to 16s
[2018-02-08 10:05:40,055 WARNING Engine] Please wait for graceful shutdown...
[2018-02-08 10:05:40,061 DEBUG root] Leveled up log file verbosity
[2018-02-08 10:05:40,061 INFO Engine] Shutting down...
[2018-02-08 10:05:40,067 DEBUG Engine.local] Shutdown selenium/4527255440
[2018-02-08 10:05:40,067 DEBUG Engine.selenium] Selenium tests ran for 34.1253612041 seconds
[2018-02-08 10:05:40,068 DEBUG Engine.console] Restoring logging streams, [<logging.StreamHandler object at 0x10c2380d0>]/{<logging.StreamHandler object at 0x10c2380d0>: <open file '<stdout>', mode 'w' at 0x10ba7f150>}
[2018-02-08 10:05:40,070 DEBUG Engine.Configuration] Dumping YAML config into /Users/daper01/Documents/OSLo/Selenium/2018-02-08_10-05-05.576643/effective.yml
[2018-02-08 10:05:40,100 DEBUG Engine.Configuration] Dumping JSON config into /Users/daper01/Documents/OSLo/Selenium/2018-02-08_10-05-05.576643/effective.json
[2018-02-08 10:05:40,101 INFO Engine] Post-processing...
[2018-02-08 10:05:40,101 DEBUG Engine.local] Post-process selenium/4527255440
[2018-02-08 10:05:40,102 DEBUG Engine.nose.TestReportReader.LDJSONReader] No data to start reading yet
[2018-02-08 10:05:40,102 DEBUG LoadSamplesReader] Buffer len: 0
[2018-02-08 10:05:40,102 DEBUG Engine.nose.JTLReader.IncrementalCSVReader] Reading JTL: /Users/daper01/Documents/OSLo/Selenium/2018-02-08_10-05-05.576643/apiritif-0.csv
[2018-02-08 10:05:40,102 DEBUG Engine.nose.JTLReader.IncrementalCSVReader] Read lines: 0 / 0 bytes (at speed 1048576)
[2018-02-08 10:05:40,102 DEBUG Engine.nose.JTLReader] Buffer len: 3
[2018-02-08 10:05:40,102 DEBUG Engine.nose.JTLReader] Aggregating: 1518113121
[2018-02-08 10:05:40,104 DEBUG Engine.nose.JTLReader] Aggregating: 1518113127
[2018-02-08 10:05:40,105 DEBUG Engine.nose.JTLReader] Aggregating: 1518113133
[2018-02-08 10:05:40,105 DEBUG Engine.consolidator] Consolidator buffer[4]: [1518113121, 1518113115, 1518113133, 1518113127]
[2018-02-08 10:05:40,106 DEBUG Engine.consolidator] Merging into 1518113115
[2018-02-08 10:05:40,106 DEBUG Engine.consolidator] Merging 1518113115
[2018-02-08 10:05:40,109 DEBUG Engine.consolidator] Processed datapoint: 1518113115/None
[2018-02-08 10:05:40,109 DEBUG Engine.consolidator] Merging into 1518113121
[2018-02-08 10:05:40,110 DEBUG Engine.consolidator] Merging 1518113121
[2018-02-08 10:05:40,114 DEBUG Engine.consolidator] Processed datapoint: 1518113121/None
[2018-02-08 10:05:40,115 DEBUG Engine.consolidator] Merging into 1518113127
[2018-02-08 10:05:40,115 DEBUG Engine.consolidator] Merging 1518113127
[2018-02-08 10:05:40,118 DEBUG Engine.consolidator] Processed datapoint: 1518113127/None
[2018-02-08 10:05:40,118 DEBUG Engine.consolidator] Merging into 1518113133
[2018-02-08 10:05:40,118 DEBUG Engine.consolidator] Merging 1518113133
[2018-02-08 10:05:40,120 DEBUG Engine.consolidator] Processed datapoint: 1518113133/None
[2018-02-08 10:05:40,120 INFO Engine.final-stats] Test duration: 0:00:35
[2018-02-08 10:05:40,120 INFO Engine.final-stats] Samples count: 5, 0.00% failures
[2018-02-08 10:05:40,120 INFO Engine.final-stats] Average times: total 6.238, latency 0.000, connect 0.000
[2018-02-08 10:05:40,121 INFO Engine.final-stats] Percentile 0.0%: 5.611
[2018-02-08 10:05:40,121 INFO Engine.final-stats] Percentile 50.0%: 5.900
[2018-02-08 10:05:40,121 INFO Engine.final-stats] Percentile 90.0%: 7.947
[2018-02-08 10:05:40,121 INFO Engine.final-stats] Percentile 95.0%: 7.947
[2018-02-08 10:05:40,121 INFO Engine.final-stats] Percentile 99.0%: 7.947
[2018-02-08 10:05:40,121 INFO Engine.final-stats] Percentile 99.9%: 7.947
[2018-02-08 10:05:40,121 INFO Engine.final-stats] Percentile 100.0%: 7.947
[2018-02-08 10:05:40,122 DEBUG Engine.console] No logger_handler or orig_stream was detected
[2018-02-08 10:05:40,124 DEBUG Engine.Configuration] Dumping YAML config into /Users/daper01/Documents/OSLo/Selenium/2018-02-08_10-05-05.576643/effective.yml
[2018-02-08 10:05:40,152 DEBUG Engine.Configuration] Dumping JSON config into /Users/daper01/Documents/OSLo/Selenium/2018-02-08_10-05-05.576643/effective.json
[2018-02-08 10:05:40,154 INFO root] Artifacts dir: /Users/daper01/Documents/OSLo/Selenium/2018-02-08_10-05-05.576643
[2018-02-08 10:05:40,154 INFO root] Done performing with code: 0
[2018-02-08 10:05:40,154 DEBUG root] Closing log handler: /Users/daper01/Documents/OSLo/Selenium/2018-02-08_10-05-05.576643/bzt.log
