[2018-02-09 11:54:19,997 INFO root] Taurus CLI Tool v1.10.5
[2018-02-09 11:54:19,997 DEBUG root] Command-line options: {'verbose': None, 'no_system_configs': None, 'quiet': None, 'log': '/var/folders/vq/xzrdy2lx047cst78f69v8z3xfzqz1q/T/bzt_0pXHvz.log', 'option': ['modules.blazemeter.use-deprecated-api=false'], 'aliases': ['locations']}
[2018-02-09 11:54:19,997 DEBUG root] Python: CPython 2.7.10
[2018-02-09 11:54:19,997 DEBUG root] OS: ('Darwin', 'daper01mac1124', '17.2.0', 'Darwin Kernel Version 17.2.0: Fri Sep 29 18:27:05 PDT 2017; root:xnu-4570.20.62~3/RELEASE_X86_64', 'x86_64', 'i386')
[2018-02-09 11:54:19,997 INFO root] Starting with configs: []
[2018-02-09 11:54:19,998 DEBUG root] Using personal config: /Users/daper01/.bzt-rc
[2018-02-09 11:54:19,998 INFO Engine] Configuring...
[2018-02-09 11:54:19,998 DEBUG Engine] No machine configs dir: /usr/local/Cellar/bzt/1.10.5/libexec/etc/bzt.d
[2018-02-09 11:54:19,998 DEBUG Engine] Base configs list: ['/usr/local/Cellar/bzt/1.10.5/libexec/lib/python2.7/site-packages/bzt/resources/base-config.yml']
[2018-02-09 11:54:19,998 DEBUG Engine.Configuration] Configs: ['/usr/local/Cellar/bzt/1.10.5/libexec/lib/python2.7/site-packages/bzt/resources/base-config.yml']
[2018-02-09 11:54:19,998 DEBUG Engine.Configuration] Reading /usr/local/Cellar/bzt/1.10.5/libexec/lib/python2.7/site-packages/bzt/resources/base-config.yml as YAML
[2018-02-09 11:54:20,026 DEBUG Engine] User configs list: ['/Users/daper01/.bzt-rc']
[2018-02-09 11:54:20,026 DEBUG Engine.Configuration] Configs: ['/Users/daper01/.bzt-rc']
[2018-02-09 11:54:20,027 DEBUG Engine.Configuration] Reading /Users/daper01/.bzt-rc as YAML
[2018-02-09 11:54:20,028 DEBUG Engine.Configuration] Configs: ['/Users/daper01/.bzt-rc']
[2018-02-09 11:54:20,028 DEBUG Engine.Configuration] Reading /Users/daper01/.bzt-rc as YAML
[2018-02-09 11:54:20,038 DEBUG Engine] Requesting updates info: http://gettaurus.org/updates/?version=1.10.5&installID=macos-784f43782a15
[2018-02-09 11:54:20,038 DEBUG ConfigOverrider] Applying modules.blazemeter.use-deprecated-api=false
[2018-02-09 11:54:20,042 DEBUG ConfigOverrider] Applying: [use-deprecated-api]=false
[2018-02-09 11:54:20,043 DEBUG ConfigOverrider] Parsed override value: 'false' -> False (<type 'bool'>)
[2018-02-09 11:54:20,043 INFO Engine] Artifacts dir: /Users/daper01/Documents/OSLo/2018-02-09_11-54-20.043214
[2018-02-09 11:54:20,043 DEBUG Engine] New artifact filename: /Users/daper01/Documents/OSLo/2018-02-09_11-54-20.043214/effective
[2018-02-09 11:54:20,046 DEBUG Engine.Configuration] Dumping YAML config into /Users/daper01/Documents/OSLo/2018-02-09_11-54-20.043214/effective.yml
[2018-02-09 11:54:20,081 DEBUG Engine.Configuration] Dumping JSON config into /Users/daper01/Documents/OSLo/2018-02-09_11-54-20.043214/effective.json
[2018-02-09 11:54:20,082 DEBUG Engine] New artifact filename: /Users/daper01/Documents/OSLo/2018-02-09_11-54-20.043214/merged.yml
[2018-02-09 11:54:20,082 DEBUG Engine.Configuration] Dumping YAML config into /Users/daper01/Documents/OSLo/2018-02-09_11-54-20.043214/merged.yml
[2018-02-09 11:54:20,084 DEBUG Engine] New artifact filename: /Users/daper01/Documents/OSLo/2018-02-09_11-54-20.043214/merged.json
[2018-02-09 11:54:20,084 DEBUG Engine.Configuration] Dumping JSON config into /Users/daper01/Documents/OSLo/2018-02-09_11-54-20.043214/merged.json
[2018-02-09 11:54:20,085 DEBUG root] Closing log handler: /var/folders/vq/xzrdy2lx047cst78f69v8z3xfzqz1q/T/bzt_0pXHvz.log
[2018-02-09 11:54:20,095 DEBUG root] Switched writing logs to /Users/daper01/Documents/OSLo/2018-02-09_11-54-20.043214/bzt.log
[2018-02-09 11:54:20,096 DEBUG root] Linting config
[2018-02-09 11:54:20,098 WARNING root] at path 'execution': 'execution' should be a list
[2018-02-09 11:54:20,098 WARNING root] at path 'execution': execution item doesn't specify scenario
[2018-02-09 11:54:20,098 INFO Engine] Preparing...
[2018-02-09 11:54:20,099 DEBUG Engine] Module config: consolidator defaultdict(None, {'class': 'bzt.modules.aggregator.ConsolidatingAggregator'})
[2018-02-09 11:54:20,099 DEBUG root] Importing module: bzt.modules.aggregator
[2018-02-09 11:54:20,118 DEBUG root] Loading class: 'ConsolidatingAggregator' from <module 'bzt.modules.aggregator' from '/usr/local/Cellar/bzt/1.10.5/libexec/lib/python2.7/site-packages/bzt/modules/aggregator.pyc'>
[2018-02-09 11:54:20,119 DEBUG Engine.consolidator] Buffer scaling setup: percentile 95.0 from [0.0, 50.0, 90.0, 95.0, 99.0, 99.9, 100.0] selected
[2018-02-09 11:54:20,119 DEBUG Engine] Module config: monitoring defaultdict(None, {'class': 'bzt.modules.monitoring.Monitoring'})
[2018-02-09 11:54:20,119 DEBUG root] Importing module: bzt.modules.monitoring
[2018-02-09 11:54:20,122 DEBUG root] Loading class: 'Monitoring' from <module 'bzt.modules.monitoring' from '/usr/local/Cellar/bzt/1.10.5/libexec/lib/python2.7/site-packages/bzt/modules/monitoring.pyc'>
[2018-02-09 11:54:20,122 DEBUG Engine.monitoring] Should not run because of non-matching prov: cloud != local
[2018-02-09 11:54:20,122 DEBUG Engine] Module config: cloud defaultdict(None, {'class': 'bzt.modules.blazemeter.CloudProvisioning', 'default-location': 'us-central1-a', 'dump-locations': True})
[2018-02-09 11:54:20,122 DEBUG root] Importing module: bzt.modules.blazemeter
[2018-02-09 11:54:20,169 DEBUG easyprocess] version=0.2.3
[2018-02-09 11:54:20,170 DEBUG pyvirtualdisplay] version=0.2.1
[2018-02-09 11:54:20,171 DEBUG root] Loading class: 'CloudProvisioning' from <module 'bzt.modules.blazemeter' from '/usr/local/Cellar/bzt/1.10.5/libexec/lib/python2.7/site-packages/bzt/modules/blazemeter.pyc'>
[2018-02-09 11:54:20,171 DEBUG Engine] Module config: blazemeter defaultdict(None, {'use-deprecated-api': False, 'token': '********', 'class': 'bzt.modules.blazemeter.BlazeMeterUploader'})
[2018-02-09 11:54:20,172 DEBUG root] Importing module: bzt.modules.blazemeter
[2018-02-09 11:54:20,172 DEBUG root] Loading class: 'BlazeMeterUploader' from <module 'bzt.modules.blazemeter' from '/usr/local/Cellar/bzt/1.10.5/libexec/lib/python2.7/site-packages/bzt/modules/blazemeter.pyc'>
[2018-02-09 11:54:20,172 DEBUG Engine.cloud] Request: GET https://a.blazemeter.com/api/v4/accounts None
[2018-02-09 11:54:20,175 DEBUG urllib3.connectionpool] Starting new HTTPS connection (1): a.blazemeter.com
[2018-02-09 11:54:20,702 DEBUG Engine] Taurus updates info: {"latest":"1.10.5","needsUpgrade":false}
[2018-02-09 11:54:20,702 DEBUG urllib3.connectionpool] https://a.blazemeter.com:443 "GET /api/v4/accounts HTTP/1.1" 200 2726
[2018-02-09 11:54:20,702 DEBUG Engine] Installation is up-to-date
[2018-02-09 11:54:20,704 DEBUG Engine.cloud] Response [200]: {
    "limit": 10,
    "skip": 0,
    "total": 3,
    "hidden": 0,
    "api_version": 4,
    "error": null,
    "result": [
        {
            "id": 153221,
            "name": "BlazeMeter Demo",
            "thumbnailUrl": "https://www.blazemeter.com/s
[2018-02-09 11:54:20,707 DEBUG Engine.cloud] Request: GET https://a.blazemeter.com/api/v4/workspaces?accountId=153221&enabled=true&limit=100 None
[2018-02-09 11:54:20,900 DEBUG urllib3.connectionpool] https://a.blazemeter.com:443 "GET /api/v4/workspaces?accountId=153221&enabled=true&limit=100 HTTP/1.1" 200 814
[2018-02-09 11:54:20,901 DEBUG Engine.cloud] Response [200]: {
    "limit": 100,
    "skip": 0,
    "total": 1,
    "hidden": 0,
    "api_version": 4,
    "error": null,
    "result": [
        {
            "id": 146738,
            "name": "Demo workspace",
            "userId": 368191,
            "created": 1498
[2018-02-09 11:54:20,902 DEBUG Engine.cloud] Request: GET https://a.blazemeter.com/api/v4/workspaces?accountId=125626&enabled=true&limit=100 None
[2018-02-09 11:54:21,135 DEBUG urllib3.connectionpool] https://a.blazemeter.com:443 "GET /api/v4/workspaces?accountId=125626&enabled=true&limit=100 HTTP/1.1" 200 4887
[2018-02-09 11:54:21,136 DEBUG Engine.cloud] Response [200]: {
    "limit": 100,
    "skip": 0,
    "total": 7,
    "hidden": 0,
    "api_version": 4,
    "error": null,
    "result": [
        {
            "id": 127984,
            "name": "Completely Irrelevant",
            "userId": 339612,
            "created
[2018-02-09 11:54:21,140 DEBUG Engine.cloud] Request: GET https://a.blazemeter.com/api/v4/workspaces?accountId=21166&enabled=true&limit=100 None
[2018-02-09 11:54:21,521 DEBUG urllib3.connectionpool] https://a.blazemeter.com:443 "GET /api/v4/workspaces?accountId=21166&enabled=true&limit=100 HTTP/1.1" 200 1482
[2018-02-09 11:54:21,523 DEBUG Engine.cloud] Response [200]: {
    "limit": 100,
    "skip": 0,
    "total": 2,
    "hidden": 0,
    "api_version": 4,
    "error": null,
    "result": [
        {
            "id": 7199,
            "name": "CA SE Workspace",
            "userId": 307773,
            "created": 14775
[2018-02-09 11:54:21,525 WARNING Engine.cloud] Dumping available locations instead of running the test
[2018-02-09 11:54:21,526 DEBUG Engine.cloud] Request: GET https://a.blazemeter.com/api/v4/workspaces/146738 None
[2018-02-09 11:54:21,796 DEBUG urllib3.connectionpool] https://a.blazemeter.com:443 "GET /api/v4/workspaces/146738 HTTP/1.1" 200 None
[2018-02-09 11:54:21,869 DEBUG Engine.cloud] Response [200]: {
    "api_version": 4,
    "error": null,
    "result": {
        "id": 146738,
        "name": "Demo workspace",
        "userId": 368191,
        "created": 1498856673,
        "updated": 1517347611,
        "enabled": true,
        "dedicatedIpsEnabled
[2018-02-09 11:54:21,891 DEBUG Engine.cloud] Request: GET https://a.blazemeter.com/api/v4/workspaces/127984 None
[2018-02-09 11:54:22,228 DEBUG urllib3.connectionpool] https://a.blazemeter.com:443 "GET /api/v4/workspaces/127984 HTTP/1.1" 200 None
[2018-02-09 11:54:22,250 DEBUG Engine.cloud] Response [200]: {
    "api_version": 4,
    "error": null,
    "result": {
        "id": 127984,
        "name": "Completely Irrelevant",
        "userId": 339612,
        "created": 1491261975,
        "updated": 1515790597,
        "enabled": true,
        "dedicatedIps
[2018-02-09 11:54:22,274 DEBUG Engine.cloud] Request: GET https://a.blazemeter.com/api/v4/workspaces/119008 None
[2018-02-09 11:54:22,546 DEBUG urllib3.connectionpool] https://a.blazemeter.com:443 "GET /api/v4/workspaces/119008 HTTP/1.1" 200 None
[2018-02-09 11:54:22,616 DEBUG Engine.cloud] Response [200]: {
    "api_version": 4,
    "error": null,
    "result": {
        "id": 119008,
        "name": "Default workspace",
        "userId": 339612,
        "created": 1486702692,
        "updated": 1486702692,
        "enabled": true,
        "dedicatedIpsEnab
[2018-02-09 11:54:22,642 DEBUG Engine.cloud] Request: GET https://a.blazemeter.com/api/v4/workspaces/127980 None
[2018-02-09 11:54:22,954 DEBUG urllib3.connectionpool] https://a.blazemeter.com:443 "GET /api/v4/workspaces/127980 HTTP/1.1" 200 None
[2018-02-09 11:54:22,956 DEBUG Engine.cloud] Response [200]: {
    "api_version": 4,
    "error": null,
    "result": {
        "id": 127980,
        "name": "Demo Workspace",
        "userId": 339612,
        "created": 1491255975,
        "updated": 1491255975,
        "enabled": true,
        "dedicatedIpsEnabled
[2018-02-09 11:54:22,976 DEBUG Engine.cloud] Request: GET https://a.blazemeter.com/api/v4/workspaces/132723 None
[2018-02-09 11:54:23,366 DEBUG urllib3.connectionpool] https://a.blazemeter.com:443 "GET /api/v4/workspaces/132723 HTTP/1.1" 200 None
[2018-02-09 11:54:23,370 DEBUG Engine.cloud] Response [200]: {
    "api_version": 4,
    "error": null,
    "result": {
        "id": 132723,
        "name": "Functional",
        "userId": 339612,
        "created": 1493312851,
        "updated": 1499734757,
        "enabled": true,
        "dedicatedIpsEnabled": t
[2018-02-09 11:54:23,391 DEBUG Engine.cloud] Request: GET https://a.blazemeter.com/api/v4/workspaces/153836 None
[2018-02-09 11:54:23,776 DEBUG urllib3.connectionpool] https://a.blazemeter.com:443 "GET /api/v4/workspaces/153836 HTTP/1.1" 200 None
[2018-02-09 11:54:23,778 DEBUG Engine.cloud] Response [200]: {
    "api_version": 4,
    "error": null,
    "result": {
        "id": 153836,
        "name": "blazedemo",
        "userId": 339612,
        "created": 1501870483,
        "updated": 1501870483,
        "enabled": true,
        "dedicatedIpsEnabled": tr
[2018-02-09 11:54:23,799 DEBUG Engine.cloud] Request: GET https://a.blazemeter.com/api/v4/workspaces/163251 None
[2018-02-09 11:54:24,001 DEBUG urllib3.connectionpool] https://a.blazemeter.com:443 "GET /api/v4/workspaces/163251 HTTP/1.1" 200 None
[2018-02-09 11:54:24,017 DEBUG Engine.cloud] Response [200]: {
    "api_version": 4,
    "error": null,
    "result": {
        "id": 163251,
        "name": "new opls",
        "userId": 339612,
        "created": 1505929373,
        "updated": 1505929373,
        "enabled": true,
        "dedicatedIpsEnabled": tru
[2018-02-09 11:54:24,041 DEBUG Engine.cloud] Request: GET https://a.blazemeter.com/api/v4/workspaces/135886 None
[2018-02-09 11:54:24,237 DEBUG urllib3.connectionpool] https://a.blazemeter.com:443 "GET /api/v4/workspaces/135886 HTTP/1.1" 200 None
[2018-02-09 11:54:24,255 DEBUG Engine.cloud] Response [200]: {
    "api_version": 4,
    "error": null,
    "result": {
        "id": 135886,
        "name": "scratch",
        "userId": 339612,
        "created": 1494801554,
        "updated": 1494801554,
        "enabled": true,
        "dedicatedIpsEnabled": true
[2018-02-09 11:54:24,278 DEBUG Engine.cloud] Request: GET https://a.blazemeter.com/api/v4/workspaces/7199 None
[2018-02-09 11:54:24,595 DEBUG urllib3.connectionpool] https://a.blazemeter.com:443 "GET /api/v4/workspaces/7199 HTTP/1.1" 200 None
[2018-02-09 11:54:24,598 DEBUG Engine.cloud] Response [200]: {
    "api_version": 4,
    "error": null,
    "result": {
        "id": 7199,
        "name": "CA SE Workspace",
        "userId": 307773,
        "created": 1477580960,
        "updated": 1507211353,
        "enabled": true,
        "dedicatedIpsEnabled"
[2018-02-09 11:54:24,619 DEBUG Engine.cloud] Request: GET https://a.blazemeter.com/api/v4/workspaces/133217 None
[2018-02-09 11:54:25,208 DEBUG urllib3.connectionpool] https://a.blazemeter.com:443 "GET /api/v4/workspaces/133217 HTTP/1.1" 200 None
[2018-02-09 11:54:25,212 DEBUG Engine.cloud] Response [200]: {
    "api_version": 4,
    "error": null,
    "result": {
        "id": 133217,
        "name": "SE DEMOs",
        "userId": 307773,
        "created": 1493664013,
        "updated": 1508256640,
        "enabled": true,
        "dedicatedIpsEnabled": tru
[2018-02-09 11:54:25,234 INFO Engine.cloud] Location: ap-northeast-1	Asia Pacific (Tokyo)
[2018-02-09 11:54:25,234 INFO Engine.cloud] Location: ap-northeast-2	Asia Pacific (Seoul)
[2018-02-09 11:54:25,235 INFO Engine.cloud] Location: ap-south-1	Asia Pacific (Mumbai)
[2018-02-09 11:54:25,235 INFO Engine.cloud] Location: ap-southeast-1	Asia Pacific (Singapore)
[2018-02-09 11:54:25,235 INFO Engine.cloud] Location: ap-southeast-2	Australia (Sydney)
[2018-02-09 11:54:25,235 INFO Engine.cloud] Location: asia-east1-a	Asia East (Taiwan, Google)
[2018-02-09 11:54:25,235 INFO Engine.cloud] Location: asia-northeast1-a	Asia Northeast (Japan, Google)
[2018-02-09 11:54:25,235 INFO Engine.cloud] Location: asia-south1-a	Asia South (Mumbai, Google)
[2018-02-09 11:54:25,236 INFO Engine.cloud] Location: asia-southeast1-a	Asia Southeast (Singapore, Google)
[2018-02-09 11:54:25,236 INFO Engine.cloud] Location: australia-southeast1-a	Australia (Sydney, Google)
[2018-02-09 11:54:25,236 INFO Engine.cloud] Location: azure-ap-northeast-1	Azure Korea Central (Seoul)
[2018-02-09 11:54:25,236 INFO Engine.cloud] Location: azure-ap-northeast-2	Azure Korea South (Busan)
[2018-02-09 11:54:25,236 INFO Engine.cloud] Location: azure-brazil-south-1	Azure Brazil South (Sao Paulo)
[2018-02-09 11:54:25,237 INFO Engine.cloud] Location: azure-central-asia-1	Azure Central India (Pune)
[2018-02-09 11:54:25,237 INFO Engine.cloud] Location: azure-central-asia-2	Azure West India (Mumbai)
[2018-02-09 11:54:25,237 INFO Engine.cloud] Location: azure-central-asia-3	Azure South India (Chennai)
[2018-02-09 11:54:25,237 INFO Engine.cloud] Location: azure-central-ca	Azure Canada Central (Toronto)
[2018-02-09 11:54:25,237 INFO Engine.cloud] Location: azure-central-us-1	Azure US Central (Iowa)
[2018-02-09 11:54:25,237 INFO Engine.cloud] Location: azure-east-asia-1	Azure East Asia (Hong Kong)
[2018-02-09 11:54:25,237 INFO Engine.cloud] Location: azure-east-au-1	Azure Australia East (New South Wales)
[2018-02-09 11:54:25,238 INFO Engine.cloud] Location: azure-east-ca	Azure Canada East (Quebec City)
[2018-02-09 11:54:25,238 INFO Engine.cloud] Location: azure-east-us-1	Azure US East (Virginia)
[2018-02-09 11:54:25,238 INFO Engine.cloud] Location: azure-east-us-2	Azure East US 2 (Virginia)
[2018-02-09 11:54:25,238 INFO Engine.cloud] Location: azure-eu-west-2	Azure UK South (London)
[2018-02-09 11:54:25,238 INFO Engine.cloud] Location: azure-eu-west-3	Azure UK West (Cardiff)
[2018-02-09 11:54:25,238 INFO Engine.cloud] Location: azure-japan-east-1	Azure Japan East (Tokyo, Saitama)
[2018-02-09 11:54:25,238 INFO Engine.cloud] Location: azure-japan-west-1	Azure Japan West (Osaka)
[2018-02-09 11:54:25,239 INFO Engine.cloud] Location: azure-north-central-us-1	Azure US North Central (Illinois)
[2018-02-09 11:54:25,239 INFO Engine.cloud] Location: azure-north-europe-1	Azure EU North (Ireland)
[2018-02-09 11:54:25,239 INFO Engine.cloud] Location: azure-south-central-us-1	Azure US South Central (Texas)
[2018-02-09 11:54:25,239 INFO Engine.cloud] Location: azure-southeast-asia-1	Azure Southeast Asia (Singapore)
[2018-02-09 11:54:25,239 INFO Engine.cloud] Location: azure-southeast-au-1	Azure Australia Southeast (Victoria)
[2018-02-09 11:54:25,239 INFO Engine.cloud] Location: azure-us-west-central	Azure US West Central (US West Central)
[2018-02-09 11:54:25,240 INFO Engine.cloud] Location: azure-west-europe-1	Azure EU West (Netherlands)
[2018-02-09 11:54:25,240 INFO Engine.cloud] Location: azure-west-us-1	Azure US West (California)
[2018-02-09 11:54:25,240 INFO Engine.cloud] Location: azure-west-us-2	Azure US East (US West 2)
[2018-02-09 11:54:25,240 INFO Engine.cloud] Location: ca-central-1	Canada (Central)
[2018-02-09 11:54:25,240 INFO Engine.cloud] Location: eu-central-1	EU Central (Frankfurt)
[2018-02-09 11:54:25,240 INFO Engine.cloud] Location: eu-west-1	EU West (Ireland)
[2018-02-09 11:54:25,240 INFO Engine.cloud] Location: eu-west-2	EU West (London)
[2018-02-09 11:54:25,241 INFO Engine.cloud] Location: eu-west-3	EU West (Paris) - New
[2018-02-09 11:54:25,241 INFO Engine.cloud] Location: europe-west1-b	EU West (Belgium, Google)
[2018-02-09 11:54:25,241 INFO Engine.cloud] Location: europe-west2-a	EU West (London, Google)
[2018-02-09 11:54:25,241 INFO Engine.cloud] Location: europe-west3-a	EU West (Frankfurt, Google)
[2018-02-09 11:54:25,241 INFO Engine.cloud] Location: harbor-5591335d8588531f5cde3a04	Sandbox
[2018-02-09 11:54:25,241 INFO Engine.cloud] Location: harbor-58d3b97ff132adc0347b23c6	Functional Testing Default Location
[2018-02-09 11:54:25,242 INFO Engine.cloud] Location: harbor-58dc1202ca293bd85d7b23fe	CA-Bootcamp-VM
[2018-02-09 11:54:25,242 INFO Engine.cloud] Location: harbor-58dd2de7ca293baf177b240d	APM-Int
[2018-02-09 11:54:25,242 INFO Engine.cloud] Location: harbor-59415ca80b38f8fd11150746	New Totally Fake Private Location
[2018-02-09 11:54:25,242 INFO Engine.cloud] Location: harbor-59464ffd67f3bf63cb7b23c9	Us East(Ohio) - Functional Test
[2018-02-09 11:54:25,242 INFO Engine.cloud] Location: harbor-59465fcde4d6a240d97b23c6	Us West(N. California) - Functional Test
[2018-02-09 11:54:25,243 INFO Engine.cloud] Location: harbor-594662d6e6e960aedb7b23c7	Us West(Oregon) - Functional Test
[2018-02-09 11:54:25,243 INFO Engine.cloud] Location: harbor-5946677fe4d6a21adb7b23c8	Canada(Central) - Functional Test
[2018-02-09 11:54:25,243 INFO Engine.cloud] Location: harbor-59466cb1e4d6a296e37b23c8	EU(Ireland) - Functional Test
[2018-02-09 11:54:25,243 INFO Engine.cloud] Location: harbor-59466f1b67f3bfebe27b23c7	EU(Frankfurt) - Functional Test
[2018-02-09 11:54:25,243 INFO Engine.cloud] Location: harbor-5946708a65e00138e57b23c6	EU(London) - Functional Test
[2018-02-09 11:54:25,243 INFO Engine.cloud] Location: harbor-59467342e4d6a205e67b23c6	AP(Singapore) - Functional Test
[2018-02-09 11:54:25,244 INFO Engine.cloud] Location: harbor-5946756fe4d6a204e37b23c6	AP(Sydney) - Functional Test
[2018-02-09 11:54:25,244 INFO Engine.cloud] Location: harbor-5946770be6e960e5e57b23cf	AP(Seoul) - Functional Test
[2018-02-09 11:54:25,244 INFO Engine.cloud] Location: harbor-59c2a8dfab1667ae717b23dd	ubuntu_14_04
[2018-02-09 11:54:25,244 INFO Engine.cloud] Location: harbor-5a1af5fc822b6678567b23c7	CA-Fort-Collins-CO
[2018-02-09 11:54:25,244 INFO Engine.cloud] Location: harbor-5a27eec9432f1300667b23c6	SANDBOX - NEW
[2018-02-09 11:54:25,244 INFO Engine.cloud] Location: harbor-5a53df35871f3b85627b23db	my_machine
[2018-02-09 11:54:25,245 INFO Engine.cloud] Location: harbor-5a53fb45871f3be77c7b23d5	google-cloud
[2018-02-09 11:54:25,245 INFO Engine.cloud] Location: sa-east-1	South America (Sao Paulo)
[2018-02-09 11:54:25,245 INFO Engine.cloud] Location: southamerica-east1-a	Brazil (Sao Paulo, Google)
[2018-02-09 11:54:25,245 INFO Engine.cloud] Location: us-central1-a	US Central (Iowa, Google)
[2018-02-09 11:54:25,245 INFO Engine.cloud] Location: us-east-1	US East (Virginia)
[2018-02-09 11:54:25,245 INFO Engine.cloud] Location: us-east-2	US East (Ohio)
[2018-02-09 11:54:25,246 INFO Engine.cloud] Location: us-east1-b	US East (South Carolina, Google)
[2018-02-09 11:54:25,246 INFO Engine.cloud] Location: us-east4-a	US East (Virginia, Google)
[2018-02-09 11:54:25,246 INFO Engine.cloud] Location: us-west-1	US West (N.California)
[2018-02-09 11:54:25,246 INFO Engine.cloud] Location: us-west-2	US West (Oregon)
[2018-02-09 11:54:25,246 INFO Engine.cloud] Location: us-west1-a	US West (Oregon, Google)
[2018-02-09 11:54:25,246 DEBUG root] Shutting down by request from code
[2018-02-09 11:54:25,247 DEBUG root] NormalShutdown: Done listing locations
Traceback (most recent call last):
  File "/usr/local/Cellar/bzt/1.10.5/libexec/lib/python2.7/site-packages/bzt/cli.py", line 248, in perform
    self.engine.prepare()
  File "/usr/local/Cellar/bzt/1.10.5/libexec/lib/python2.7/site-packages/bzt/engine.py", line 166, in prepare
    self.__prepare_provisioning()
  File "/usr/local/Cellar/bzt/1.10.5/libexec/lib/python2.7/site-packages/bzt/engine.py", line 513, in __prepare_provisioning
    self.provisioning.prepare()
  File "/usr/local/Cellar/bzt/1.10.5/libexec/lib/python2.7/site-packages/bzt/modules/blazemeter.py", line 1489, in prepare
    self.__dump_locations_if_needed()
  File "/usr/local/Cellar/bzt/1.10.5/libexec/lib/python2.7/site-packages/bzt/modules/blazemeter.py", line 1543, in __dump_locations_if_needed
    raise NormalShutdown("Done listing locations")
NormalShutdown: Done listing locations
[2018-02-09 11:54:25,247 INFO Engine] Post-processing...
[2018-02-09 11:54:25,248 DEBUG Engine.consolidator] Consolidator buffer[0]: []
[2018-02-09 11:54:25,249 DEBUG Engine.Configuration] Dumping YAML config into /Users/daper01/Documents/OSLo/2018-02-09_11-54-20.043214/effective.yml
[2018-02-09 11:54:25,273 DEBUG Engine.Configuration] Dumping JSON config into /Users/daper01/Documents/OSLo/2018-02-09_11-54-20.043214/effective.json
[2018-02-09 11:54:25,275 INFO root] Artifacts dir: /Users/daper01/Documents/OSLo/2018-02-09_11-54-20.043214
[2018-02-09 11:54:25,275 INFO root] Done performing with code: 0
[2018-02-09 11:54:25,275 DEBUG root] Closing log handler: /Users/daper01/Documents/OSLo/2018-02-09_11-54-20.043214/bzt.log
