[2017-12-08 10:36:02,020 INFO root] Taurus CLI Tool v1.9.6
[2017-12-08 10:36:02,021 DEBUG root] Command-line options: {'verbose': None, 'no_system_configs': None, 'quiet': None, 'log': '/var/folders/vq/xzrdy2lx047cst78f69v8z3xfzqz1q/T/bzt_WBz7Fv.log', 'option': None, 'aliases': []}
[2017-12-08 10:36:02,021 DEBUG root] Python: CPython 2.7.13
[2017-12-08 10:36:02,021 DEBUG root] OS: ('Darwin', 'daper01mac1124', '17.2.0', 'Darwin Kernel Version 17.2.0: Fri Sep 29 18:27:05 PDT 2017; root:xnu-4570.20.62~3/RELEASE_X86_64', 'x86_64', 'i386')
[2017-12-08 10:36:02,021 INFO root] Starting with configs: ['execution_jmeter.yml']
[2017-12-08 10:36:02,021 DEBUG root] Using personal config: /Users/daper01/.bzt-rc
[2017-12-08 10:36:02,021 INFO Engine] Configuring...
[2017-12-08 10:36:02,021 DEBUG Engine] Reading extension configs from: /usr/local/etc/bzt.d
[2017-12-08 10:36:02,021 DEBUG Engine.Configuration] Configs: ['/usr/local/lib/python2.7/site-packages/bzt/resources/base-config.yml', '/usr/local/etc/bzt.d/99-installID.yml']
[2017-12-08 10:36:02,022 DEBUG Engine.Configuration] Reading /usr/local/lib/python2.7/site-packages/bzt/resources/base-config.yml as YAML
[2017-12-08 10:36:02,050 DEBUG Engine.Configuration] Reading /usr/local/etc/bzt.d/99-installID.yml as YAML
[2017-12-08 10:36:02,050 DEBUG Engine.Configuration] Configs: ['/Users/daper01/.bzt-rc', 'execution_jmeter.yml']
[2017-12-08 10:36:02,051 DEBUG Engine.Configuration] Reading /Users/daper01/.bzt-rc as YAML
[2017-12-08 10:36:02,052 DEBUG Engine.Configuration] Reading execution_jmeter.yml as YAML
[2017-12-08 10:36:02,058 DEBUG Engine.Configuration] Configs: ['/Users/daper01/.bzt-rc', 'execution_jmeter.yml']
[2017-12-08 10:36:02,058 DEBUG Engine.Configuration] Reading /Users/daper01/.bzt-rc as YAML
[2017-12-08 10:36:02,059 DEBUG Engine.Configuration] Reading execution_jmeter.yml as YAML
[2017-12-08 10:36:02,081 DEBUG Engine] Requesting updates info: http://gettaurus.org/updates/?version=1.9.6&installID=784f43782a15
[2017-12-08 10:36:02,086 INFO Engine] Artifacts dir: /Users/daper01/Documents/OSLo/artifacts/2017-12-08_10-36-02.082102
[2017-12-08 10:36:02,087 DEBUG Engine] New artifact filename: /Users/daper01/Documents/OSLo/artifacts/2017-12-08_10-36-02.082102/effective
[2017-12-08 10:36:02,089 DEBUG Engine.Configuration] Dumping YAML config into /Users/daper01/Documents/OSLo/artifacts/2017-12-08_10-36-02.082102/effective.yml
[2017-12-08 10:36:02,130 DEBUG Engine.Configuration] Dumping JSON config into /Users/daper01/Documents/OSLo/artifacts/2017-12-08_10-36-02.082102/effective.json
[2017-12-08 10:36:02,131 DEBUG Engine] New artifact filename: /Users/daper01/Documents/OSLo/artifacts/2017-12-08_10-36-02.082102/merged.yml
[2017-12-08 10:36:02,132 DEBUG Engine.Configuration] Dumping YAML config into /Users/daper01/Documents/OSLo/artifacts/2017-12-08_10-36-02.082102/merged.yml
[2017-12-08 10:36:02,140 DEBUG Engine] New artifact filename: /Users/daper01/Documents/OSLo/artifacts/2017-12-08_10-36-02.082102/merged.json
[2017-12-08 10:36:02,142 DEBUG Engine.Configuration] Dumping JSON config into /Users/daper01/Documents/OSLo/artifacts/2017-12-08_10-36-02.082102/merged.json
[2017-12-08 10:36:02,143 DEBUG Engine] Add existing artifact (move=False): execution_jmeter.yml
[2017-12-08 10:36:02,143 DEBUG Engine] Copying execution_jmeter.yml to /Users/daper01/Documents/OSLo/artifacts/2017-12-08_10-36-02.082102/execution_jmeter.yml
[2017-12-08 10:36:02,144 DEBUG root] Closing log handler: /var/folders/vq/xzrdy2lx047cst78f69v8z3xfzqz1q/T/bzt_WBz7Fv.log
[2017-12-08 10:36:02,200 DEBUG root] Switched writing logs to /Users/daper01/Documents/OSLo/artifacts/2017-12-08_10-36-02.082102/bzt.log
[2017-12-08 10:36:02,200 INFO Engine] Preparing...
[2017-12-08 10:36:02,201 DEBUG Engine] Module config: consolidator defaultdict(None, {'class': 'bzt.modules.aggregator.ConsolidatingAggregator'})
[2017-12-08 10:36:02,201 DEBUG root] Importing module: bzt.modules.aggregator
[2017-12-08 10:36:02,207 DEBUG root] Loading class: 'ConsolidatingAggregator' from <module 'bzt.modules.aggregator' from '/usr/local/lib/python2.7/site-packages/bzt/modules/aggregator.pyc'>
[2017-12-08 10:36:02,207 DEBUG Engine.consolidator] Exception in dehumanize_time(inf)
[2017-12-08 10:36:02,207 DEBUG Engine.consolidator] Buffer scaling setup: percentile 95.0 from [0.0, 50.0, 90.0, 95.0, 99.0, 99.9, 100.0] selected
[2017-12-08 10:36:02,207 DEBUG Engine] Module config: monitoring defaultdict(None, {'class': 'bzt.modules.monitoring.Monitoring'})
[2017-12-08 10:36:02,207 DEBUG root] Importing module: bzt.modules.monitoring
[2017-12-08 10:36:02,247 DEBUG root] Loading class: 'Monitoring' from <module 'bzt.modules.monitoring' from '/usr/local/lib/python2.7/site-packages/bzt/modules/monitoring.pyc'>
[2017-12-08 10:36:02,247 DEBUG Engine] Module config: local defaultdict(None, {'class': 'bzt.modules.provisioning.Local'})
[2017-12-08 10:36:02,247 DEBUG root] Importing module: bzt.modules.provisioning
[2017-12-08 10:36:02,247 DEBUG root] Loading class: 'Local' from <module 'bzt.modules.provisioning' from '/usr/local/lib/python2.7/site-packages/bzt/modules/provisioning.pyc'>
[2017-12-08 10:36:02,247 DEBUG Engine] Module config: jmeter defaultdict(None, {'properties': defaultdict(None, {'jmeter.save.saveservice.autoflush': 'true', 'summariser.name': '', 'jmeter.save.saveservice.connect_time': 'true', 'mode': 'Stripped', 'jmeterengine.force.system.exit': 'true'}), 'class': 'bzt.modules.jmeter.JMeterExecutor', 'plugins': ['jpgc-casutg', 'jpgc-dummy', 'jpgc-ffw', 'jpgc-fifo', 'jpgc-functions', 'jpgc-json', 'jpgc-perfmon', 'jpgc-prmctl', 'jpgc-tst']})
[2017-12-08 10:36:02,247 DEBUG root] Importing module: bzt.modules.jmeter
[2017-12-08 10:36:02,477 DEBUG root] Loading class: 'JMeterExecutor' from <module 'bzt.modules.jmeter' from '/usr/local/lib/python2.7/site-packages/bzt/modules/jmeter.pyc'>
[2017-12-08 10:36:02,477 DEBUG Engine.local] Preparing executor: jmeter/4579327376
[2017-12-08 10:36:02,478 WARNING Engine] Could not find location at path: blazedemo
[2017-12-08 10:36:02,478 ERROR root] Config Error: Scenario 'blazedemo' not found in scenarios: []
[2017-12-08 10:36:02,481 DEBUG root] TaurusConfigError: Scenario 'blazedemo' not found in scenarios: []
Traceback (most recent call last):
  File "/usr/local/lib/python2.7/site-packages/bzt/cli.py", line 220, in perform
    self.engine.prepare()
  File "/usr/local/lib/python2.7/site-packages/bzt/engine.py", line 158, in prepare
    self.__prepare_provisioning()
  File "/usr/local/lib/python2.7/site-packages/bzt/engine.py", line 490, in __prepare_provisioning
    self.provisioning.prepare()
  File "/usr/local/lib/python2.7/site-packages/bzt/modules/provisioning.py", line 70, in prepare
    executor.prepare()
  File "/usr/local/lib/python2.7/site-packages/bzt/modules/jmeter.py", line 264, in prepare
    scenario = self.get_scenario()
  File "/usr/local/lib/python2.7/site-packages/bzt/modules/jmeter.py", line 198, in get_scenario
    scenario_obj = super(JMeterExecutor, self).get_scenario(name=name, cache_scenario=False)
  File "/usr/local/lib/python2.7/site-packages/bzt/engine.py", line 943, in get_scenario
    scenario = scenarios.get(label, exc)
  File "/usr/local/lib/python2.7/site-packages/bzt/utils.py", line 176, in get
    raise default
TaurusConfigError: Scenario 'blazedemo' not found in scenarios: []
[2017-12-08 10:36:02,481 INFO Engine] Post-processing...
[2017-12-08 10:36:02,482 DEBUG Engine.consolidator] Consolidator buffer[0]: []
[2017-12-08 10:36:02,483 DEBUG Engine.Configuration] Dumping YAML config into /Users/daper01/Documents/OSLo/artifacts/2017-12-08_10-36-02.082102/effective.yml
[2017-12-08 10:36:02,512 DEBUG Engine.Configuration] Dumping JSON config into /Users/daper01/Documents/OSLo/artifacts/2017-12-08_10-36-02.082102/effective.json
[2017-12-08 10:36:02,513 INFO root] Artifacts dir: /Users/daper01/Documents/OSLo/artifacts/2017-12-08_10-36-02.082102
[2017-12-08 10:36:02,513 WARNING root] Done performing with code: 1
[2017-12-08 10:36:02,513 DEBUG root] Closing log handler: /Users/daper01/Documents/OSLo/artifacts/2017-12-08_10-36-02.082102/bzt.log
