[2018-02-05 14:22:13,481 INFO root] Taurus CLI Tool v1.10.3
[2018-02-05 14:22:13,482 DEBUG root] Command-line options: {'verbose': None, 'no_system_configs': None, 'quiet': None, 'log': '/var/folders/vq/xzrdy2lx047cst78f69v8z3xfzqz1q/T/bzt_Q1U9gm.log', 'option': None, 'aliases': ['cloud']}
[2018-02-05 14:22:13,482 DEBUG root] Python: CPython 2.7.13
[2018-02-05 14:22:13,482 DEBUG root] OS: ('Darwin', 'daper01mac1124', '17.2.0', 'Darwin Kernel Version 17.2.0: Fri Sep 29 18:27:05 PDT 2017; root:xnu-4570.20.62~3/RELEASE_X86_64', 'x86_64', 'i386')
[2018-02-05 14:22:13,482 INFO root] Starting with configs: ['load_scenario_from_csv.yml', 'execution_jmeter.yml']
[2018-02-05 14:22:13,482 DEBUG root] Using personal config: /Users/daper01/.bzt-rc
[2018-02-05 14:22:13,482 INFO Engine] Configuring...
[2018-02-05 14:22:13,483 DEBUG Engine] Reading extension configs from: /usr/local/etc/bzt.d
[2018-02-05 14:22:13,483 DEBUG Engine.Configuration] Configs: ['/usr/local/lib/python2.7/site-packages/bzt/resources/base-config.yml', '/usr/local/etc/bzt.d/99-installID.yml']
[2018-02-05 14:22:13,483 DEBUG Engine.Configuration] Reading /usr/local/lib/python2.7/site-packages/bzt/resources/base-config.yml as YAML
[2018-02-05 14:22:13,512 DEBUG Engine.Configuration] Reading /usr/local/etc/bzt.d/99-installID.yml as YAML
[2018-02-05 14:22:13,513 DEBUG Engine.Configuration] Configs: ['/Users/daper01/.bzt-rc', 'load_scenario_from_csv.yml', 'execution_jmeter.yml']
[2018-02-05 14:22:13,513 DEBUG Engine.Configuration] Reading /Users/daper01/.bzt-rc as YAML
[2018-02-05 14:22:13,515 DEBUG Engine.Configuration] Reading load_scenario_from_csv.yml as YAML
[2018-02-05 14:22:13,521 DEBUG Engine.Configuration] Reading execution_jmeter.yml as YAML
[2018-02-05 14:22:13,526 DEBUG Engine.Configuration] Configs: ['/Users/daper01/.bzt-rc', 'load_scenario_from_csv.yml', 'execution_jmeter.yml']
[2018-02-05 14:22:13,526 DEBUG Engine.Configuration] Reading /Users/daper01/.bzt-rc as YAML
[2018-02-05 14:22:13,528 DEBUG Engine.Configuration] Reading load_scenario_from_csv.yml as YAML
[2018-02-05 14:22:13,536 DEBUG Engine.Configuration] Reading execution_jmeter.yml as YAML
[2018-02-05 14:22:13,549 DEBUG Engine] Requesting updates info: http://gettaurus.org/updates/?version=1.10.3&installID=784f43782a15
[2018-02-05 14:22:13,556 INFO Engine] Artifacts dir: /Users/daper01/Documents/OSLo/artifacts/2018-02-05_14-22-13.549967
[2018-02-05 14:22:13,556 DEBUG Engine] New artifact filename: /Users/daper01/Documents/OSLo/artifacts/2018-02-05_14-22-13.549967/effective
[2018-02-05 14:22:13,560 DEBUG Engine.Configuration] Dumping YAML config into /Users/daper01/Documents/OSLo/artifacts/2018-02-05_14-22-13.549967/effective.yml
[2018-02-05 14:22:13,628 DEBUG Engine.Configuration] Dumping JSON config into /Users/daper01/Documents/OSLo/artifacts/2018-02-05_14-22-13.549967/effective.json
[2018-02-05 14:22:13,630 DEBUG Engine] New artifact filename: /Users/daper01/Documents/OSLo/artifacts/2018-02-05_14-22-13.549967/merged.yml
[2018-02-05 14:22:13,631 DEBUG Engine.Configuration] Dumping YAML config into /Users/daper01/Documents/OSLo/artifacts/2018-02-05_14-22-13.549967/merged.yml
[2018-02-05 14:22:13,638 DEBUG Engine] New artifact filename: /Users/daper01/Documents/OSLo/artifacts/2018-02-05_14-22-13.549967/merged.json
[2018-02-05 14:22:13,639 DEBUG Engine.Configuration] Dumping JSON config into /Users/daper01/Documents/OSLo/artifacts/2018-02-05_14-22-13.549967/merged.json
[2018-02-05 14:22:13,640 DEBUG Engine] Add existing artifact (move=False): load_scenario_from_csv.yml
[2018-02-05 14:22:13,640 DEBUG Engine] Copying load_scenario_from_csv.yml to /Users/daper01/Documents/OSLo/artifacts/2018-02-05_14-22-13.549967/load_scenario_from_csv.yml
[2018-02-05 14:22:13,641 DEBUG Engine] Add existing artifact (move=False): execution_jmeter.yml
[2018-02-05 14:22:13,641 DEBUG Engine] Copying execution_jmeter.yml to /Users/daper01/Documents/OSLo/artifacts/2018-02-05_14-22-13.549967/execution_jmeter.yml
[2018-02-05 14:22:13,641 DEBUG root] Closing log handler: /var/folders/vq/xzrdy2lx047cst78f69v8z3xfzqz1q/T/bzt_Q1U9gm.log
[2018-02-05 14:22:14,502 DEBUG root] Switched writing logs to /Users/daper01/Documents/OSLo/artifacts/2018-02-05_14-22-13.549967/bzt.log
[2018-02-05 14:22:14,503 INFO Engine] Preparing...
[2018-02-05 14:22:14,503 DEBUG Engine] Module config: consolidator defaultdict(None, {'class': 'bzt.modules.aggregator.ConsolidatingAggregator'})
[2018-02-05 14:22:14,503 DEBUG root] Importing module: bzt.modules.aggregator
[2018-02-05 14:22:14,524 DEBUG root] Loading class: 'ConsolidatingAggregator' from <module 'bzt.modules.aggregator' from '/usr/local/lib/python2.7/site-packages/bzt/modules/aggregator.pyc'>
[2018-02-05 14:22:14,525 DEBUG Engine.consolidator] Exception in dehumanize_time(inf)
[2018-02-05 14:22:14,525 DEBUG Engine.consolidator] Buffer scaling setup: percentile 95.0 from [0.0, 50.0, 90.0, 95.0, 99.0, 99.9, 100.0] selected
[2018-02-05 14:22:14,525 DEBUG Engine] Module config: monitoring defaultdict(None, {'class': 'bzt.modules.monitoring.Monitoring'})
[2018-02-05 14:22:14,525 DEBUG root] Importing module: bzt.modules.monitoring
[2018-02-05 14:22:14,528 DEBUG root] Loading class: 'Monitoring' from <module 'bzt.modules.monitoring' from '/usr/local/lib/python2.7/site-packages/bzt/modules/monitoring.pyc'>
[2018-02-05 14:22:14,528 DEBUG Engine.monitoring] Should not run because of non-matching prov: cloud != local
[2018-02-05 14:22:14,528 DEBUG Engine] Module config: cloud defaultdict(None, {'test': 'Taurus from Scenario', 'report-name': 'Taurus from Scenario', 'class': 'bzt.modules.blazemeter.CloudProvisioning', 'default-location': 'us-central1-a'})
[2018-02-05 14:22:14,528 DEBUG root] Importing module: bzt.modules.blazemeter
[2018-02-05 14:22:14,690 DEBUG easyprocess] version=0.2.3
[2018-02-05 14:22:14,702 DEBUG pyvirtualdisplay] version=0.2.1
[2018-02-05 14:22:14,706 DEBUG root] Loading class: 'CloudProvisioning' from <module 'bzt.modules.blazemeter' from '/usr/local/lib/python2.7/site-packages/bzt/modules/blazemeter.pyc'>
[2018-02-05 14:22:14,706 DEBUG Engine] Module config: blazemeter defaultdict(None, {'token': '********', 'class': 'bzt.modules.blazemeter.BlazeMeterUploader'})
[2018-02-05 14:22:14,707 DEBUG root] Importing module: bzt.modules.blazemeter
[2018-02-05 14:22:14,707 DEBUG root] Loading class: 'BlazeMeterUploader' from <module 'bzt.modules.blazemeter' from '/usr/local/lib/python2.7/site-packages/bzt/modules/blazemeter.pyc'>
[2018-02-05 14:22:14,707 DEBUG Engine.cloud] Request: GET https://a.blazemeter.com/api/v4/accounts None
[2018-02-05 14:22:14,721 DEBUG urllib3.connectionpool] Starting new HTTPS connection (1): a.blazemeter.com
[2018-02-05 14:22:15,167 DEBUG urllib3.connectionpool] https://a.blazemeter.com:443 "GET /api/v4/accounts HTTP/1.1" 200 2726
[2018-02-05 14:22:15,172 DEBUG Engine.cloud] Response [200]: {
    "limit": 10,
    "skip": 0,
    "total": 3,
    "hidden": 0,
    "api_version": 4,
    "error": null,
    "result": [
        {
            "id": 153221,
            "name": "BlazeMeter Demo",
            "thumbnailUrl": "https://www.blazemeter.com/s
[2018-02-05 14:22:15,172 DEBUG Engine.cloud] Request: GET https://a.blazemeter.com/api/v4/workspaces?accountId=153221&enabled=true&limit=100 None
[2018-02-05 14:22:15,175 DEBUG urllib3.connectionpool] Starting new HTTPS connection (1): a.blazemeter.com
[2018-02-05 14:22:15,629 DEBUG urllib3.connectionpool] https://a.blazemeter.com:443 "GET /api/v4/workspaces?accountId=153221&enabled=true&limit=100 HTTP/1.1" 200 814
[2018-02-05 14:22:15,635 DEBUG Engine.cloud] Response [200]: {
    "limit": 100,
    "skip": 0,
    "total": 1,
    "hidden": 0,
    "api_version": 4,
    "error": null,
    "result": [
        {
            "id": 146738,
            "name": "Demo workspace",
            "userId": 368191,
            "created": 1498
[2018-02-05 14:22:15,637 DEBUG Engine.cloud] Request: GET https://a.blazemeter.com/api/v4/workspaces?accountId=125626&enabled=true&limit=100 None
[2018-02-05 14:22:15,647 DEBUG urllib3.connectionpool] Starting new HTTPS connection (1): a.blazemeter.com
[2018-02-05 14:22:16,097 DEBUG urllib3.connectionpool] https://a.blazemeter.com:443 "GET /api/v4/workspaces?accountId=125626&enabled=true&limit=100 HTTP/1.1" 200 4887
[2018-02-05 14:22:16,107 DEBUG Engine.cloud] Response [200]: {
    "limit": 100,
    "skip": 0,
    "total": 7,
    "hidden": 0,
    "api_version": 4,
    "error": null,
    "result": [
        {
            "id": 127984,
            "name": "Completely Irrelevant",
            "userId": 339612,
            "created
[2018-02-05 14:22:16,109 DEBUG Engine.cloud] Request: GET https://a.blazemeter.com/api/v4/workspaces?accountId=21166&enabled=true&limit=100 None
[2018-02-05 14:22:16,112 DEBUG urllib3.connectionpool] Starting new HTTPS connection (1): a.blazemeter.com
[2018-02-05 14:22:16,544 DEBUG urllib3.connectionpool] https://a.blazemeter.com:443 "GET /api/v4/workspaces?accountId=21166&enabled=true&limit=100 HTTP/1.1" 200 1482
[2018-02-05 14:22:16,552 DEBUG Engine.cloud] Response [200]: {
    "limit": 100,
    "skip": 0,
    "total": 2,
    "hidden": 0,
    "api_version": 4,
    "error": null,
    "result": [
        {
            "id": 7199,
            "name": "CA SE Workspace",
            "userId": 307773,
            "created": 14775
[2018-02-05 14:22:16,553 DEBUG Engine] Module config: jmeter defaultdict(None, {'properties': defaultdict(None, {'jmeter.save.saveservice.autoflush': 'true', 'jmeter.save.saveservice.connect_time': 'true', 'summariser.name': '', 'jmeterengine.force.system.exit': 'true'}), 'class': 'bzt.modules.jmeter.JMeterExecutor', 'plugins': ['jpgc-casutg', 'jpgc-dummy', 'jpgc-ffw', 'jpgc-fifo', 'jpgc-functions', 'jpgc-json', 'jpgc-perfmon', 'jpgc-prmctl', 'jpgc-tst']})
[2018-02-05 14:22:16,553 DEBUG root] Importing module: bzt.modules.jmeter
[2018-02-05 14:22:16,578 DEBUG root] Loading class: 'JMeterExecutor' from <module 'bzt.modules.jmeter' from '/usr/local/lib/python2.7/site-packages/bzt/modules/jmeter.pyc'>
[2018-02-05 14:22:16,579 DEBUG Engine.cloud] Request: GET https://a.blazemeter.com/api/v4/multi-tests?workspaceId=146738&name=Taurus+from+Scenario None
[2018-02-05 14:22:16,582 DEBUG urllib3.connectionpool] Starting new HTTPS connection (1): a.blazemeter.com
[2018-02-05 14:22:17,018 DEBUG urllib3.connectionpool] https://a.blazemeter.com:443 "GET /api/v4/multi-tests?workspaceId=146738&name=Taurus+from+Scenario HTTP/1.1" 200 126
[2018-02-05 14:22:17,025 DEBUG Engine.cloud] Response [200]: {
    "limit": 10,
    "skip": 0,
    "total": 0,
    "hidden": 0,
    "api_version": 4,
    "error": null,
    "result": []
}
[2018-02-05 14:22:17,025 DEBUG Engine.cloud] Request: GET https://a.blazemeter.com/api/v4/multi-tests?workspaceId=127984&name=Taurus+from+Scenario None
[2018-02-05 14:22:17,028 DEBUG urllib3.connectionpool] Starting new HTTPS connection (1): a.blazemeter.com
[2018-02-05 14:22:17,536 DEBUG urllib3.connectionpool] https://a.blazemeter.com:443 "GET /api/v4/multi-tests?workspaceId=127984&name=Taurus+from+Scenario HTTP/1.1" 200 126
[2018-02-05 14:22:17,544 DEBUG Engine.cloud] Response [200]: {
    "limit": 10,
    "skip": 0,
    "total": 0,
    "hidden": 0,
    "api_version": 4,
    "error": null,
    "result": []
}
[2018-02-05 14:22:17,545 DEBUG Engine.cloud] Request: GET https://a.blazemeter.com/api/v4/multi-tests?workspaceId=119008&name=Taurus+from+Scenario None
[2018-02-05 14:22:17,547 DEBUG urllib3.connectionpool] Starting new HTTPS connection (1): a.blazemeter.com
[2018-02-05 14:22:17,992 DEBUG urllib3.connectionpool] https://a.blazemeter.com:443 "GET /api/v4/multi-tests?workspaceId=119008&name=Taurus+from+Scenario HTTP/1.1" 200 126
[2018-02-05 14:22:17,997 DEBUG Engine.cloud] Response [200]: {
    "limit": 10,
    "skip": 0,
    "total": 0,
    "hidden": 0,
    "api_version": 4,
    "error": null,
    "result": []
}
[2018-02-05 14:22:17,998 DEBUG Engine.cloud] Request: GET https://a.blazemeter.com/api/v4/multi-tests?workspaceId=127980&name=Taurus+from+Scenario None
[2018-02-05 14:22:18,002 DEBUG urllib3.connectionpool] Starting new HTTPS connection (1): a.blazemeter.com
[2018-02-05 14:22:18,429 DEBUG urllib3.connectionpool] https://a.blazemeter.com:443 "GET /api/v4/multi-tests?workspaceId=127980&name=Taurus+from+Scenario HTTP/1.1" 200 126
[2018-02-05 14:22:18,435 DEBUG Engine.cloud] Response [200]: {
    "limit": 10,
    "skip": 0,
    "total": 0,
    "hidden": 0,
    "api_version": 4,
    "error": null,
    "result": []
}
[2018-02-05 14:22:18,436 DEBUG Engine.cloud] Request: GET https://a.blazemeter.com/api/v4/multi-tests?workspaceId=132723&name=Taurus+from+Scenario None
[2018-02-05 14:22:18,438 DEBUG urllib3.connectionpool] Starting new HTTPS connection (1): a.blazemeter.com
[2018-02-05 14:22:18,869 DEBUG urllib3.connectionpool] https://a.blazemeter.com:443 "GET /api/v4/multi-tests?workspaceId=132723&name=Taurus+from+Scenario HTTP/1.1" 200 126
[2018-02-05 14:22:18,873 DEBUG Engine.cloud] Response [200]: {
    "limit": 10,
    "skip": 0,
    "total": 0,
    "hidden": 0,
    "api_version": 4,
    "error": null,
    "result": []
}
[2018-02-05 14:22:18,873 DEBUG Engine.cloud] Request: GET https://a.blazemeter.com/api/v4/multi-tests?workspaceId=153836&name=Taurus+from+Scenario None
[2018-02-05 14:22:18,876 DEBUG urllib3.connectionpool] Starting new HTTPS connection (1): a.blazemeter.com
[2018-02-05 14:22:19,302 DEBUG urllib3.connectionpool] https://a.blazemeter.com:443 "GET /api/v4/multi-tests?workspaceId=153836&name=Taurus+from+Scenario HTTP/1.1" 200 126
[2018-02-05 14:22:19,306 DEBUG Engine.cloud] Response [200]: {
    "limit": 10,
    "skip": 0,
    "total": 0,
    "hidden": 0,
    "api_version": 4,
    "error": null,
    "result": []
}
[2018-02-05 14:22:19,307 DEBUG Engine.cloud] Request: GET https://a.blazemeter.com/api/v4/multi-tests?workspaceId=163251&name=Taurus+from+Scenario None
[2018-02-05 14:22:19,309 DEBUG urllib3.connectionpool] Starting new HTTPS connection (1): a.blazemeter.com
[2018-02-05 14:22:20,337 DEBUG urllib3.connectionpool] https://a.blazemeter.com:443 "GET /api/v4/multi-tests?workspaceId=163251&name=Taurus+from+Scenario HTTP/1.1" 200 126
[2018-02-05 14:22:20,341 DEBUG Engine.cloud] Response [200]: {
    "limit": 10,
    "skip": 0,
    "total": 0,
    "hidden": 0,
    "api_version": 4,
    "error": null,
    "result": []
}
[2018-02-05 14:22:20,342 DEBUG Engine.cloud] Request: GET https://a.blazemeter.com/api/v4/multi-tests?workspaceId=135886&name=Taurus+from+Scenario None
[2018-02-05 14:22:20,344 DEBUG urllib3.connectionpool] Starting new HTTPS connection (1): a.blazemeter.com
[2018-02-05 14:22:21,123 DEBUG urllib3.connectionpool] https://a.blazemeter.com:443 "GET /api/v4/multi-tests?workspaceId=135886&name=Taurus+from+Scenario HTTP/1.1" 200 126
[2018-02-05 14:22:21,129 DEBUG Engine.cloud] Response [200]: {
    "limit": 10,
    "skip": 0,
    "total": 0,
    "hidden": 0,
    "api_version": 4,
    "error": null,
    "result": []
}
[2018-02-05 14:22:21,129 DEBUG Engine.cloud] Request: GET https://a.blazemeter.com/api/v4/multi-tests?workspaceId=7199&name=Taurus+from+Scenario None
[2018-02-05 14:22:21,132 DEBUG urllib3.connectionpool] Starting new HTTPS connection (1): a.blazemeter.com
[2018-02-05 14:22:21,806 DEBUG urllib3.connectionpool] https://a.blazemeter.com:443 "GET /api/v4/multi-tests?workspaceId=7199&name=Taurus+from+Scenario HTTP/1.1" 200 126
[2018-02-05 14:22:21,815 DEBUG Engine.cloud] Response [200]: {
    "limit": 10,
    "skip": 0,
    "total": 0,
    "hidden": 0,
    "api_version": 4,
    "error": null,
    "result": []
}
[2018-02-05 14:22:21,815 DEBUG Engine.cloud] Request: GET https://a.blazemeter.com/api/v4/multi-tests?workspaceId=133217&name=Taurus+from+Scenario None
[2018-02-05 14:22:21,822 DEBUG urllib3.connectionpool] Starting new HTTPS connection (1): a.blazemeter.com
[2018-02-05 14:22:22,623 DEBUG urllib3.connectionpool] https://a.blazemeter.com:443 "GET /api/v4/multi-tests?workspaceId=133217&name=Taurus+from+Scenario HTTP/1.1" 200 126
[2018-02-05 14:22:22,626 DEBUG Engine.cloud] Response [200]: {
    "limit": 10,
    "skip": 0,
    "total": 0,
    "hidden": 0,
    "api_version": 4,
    "error": null,
    "result": []
}
[2018-02-05 14:22:22,626 DEBUG Engine.cloud.ProjectFinder] Looked for collection: None
[2018-02-05 14:22:22,627 DEBUG Engine.cloud] Request: GET https://a.blazemeter.com/api/v4/tests?workspaceId=146738&name=Taurus+from+Scenario None
[2018-02-05 14:22:22,629 DEBUG urllib3.connectionpool] Starting new HTTPS connection (1): a.blazemeter.com
[2018-02-05 14:22:23,402 DEBUG urllib3.connectionpool] https://a.blazemeter.com:443 "GET /api/v4/tests?workspaceId=146738&name=Taurus+from+Scenario HTTP/1.1" 200 126
[2018-02-05 14:22:23,407 DEBUG Engine.cloud] Response [200]: {
    "limit": 10,
    "skip": 0,
    "total": 0,
    "hidden": 0,
    "api_version": 4,
    "error": null,
    "result": []
}
[2018-02-05 14:22:23,408 DEBUG Engine.cloud] Request: GET https://a.blazemeter.com/api/v4/tests?workspaceId=127984&name=Taurus+from+Scenario None
[2018-02-05 14:22:23,410 DEBUG urllib3.connectionpool] Starting new HTTPS connection (1): a.blazemeter.com
[2018-02-05 14:22:23,840 DEBUG urllib3.connectionpool] https://a.blazemeter.com:443 "GET /api/v4/tests?workspaceId=127984&name=Taurus+from+Scenario HTTP/1.1" 200 126
[2018-02-05 14:22:23,846 DEBUG Engine.cloud] Response [200]: {
    "limit": 10,
    "skip": 0,
    "total": 0,
    "hidden": 0,
    "api_version": 4,
    "error": null,
    "result": []
}
[2018-02-05 14:22:23,847 DEBUG Engine.cloud] Request: GET https://a.blazemeter.com/api/v4/tests?workspaceId=119008&name=Taurus+from+Scenario None
[2018-02-05 14:22:23,850 DEBUG urllib3.connectionpool] Starting new HTTPS connection (1): a.blazemeter.com
[2018-02-05 14:22:24,274 DEBUG urllib3.connectionpool] https://a.blazemeter.com:443 "GET /api/v4/tests?workspaceId=119008&name=Taurus+from+Scenario HTTP/1.1" 200 852
[2018-02-05 14:22:24,278 DEBUG Engine.cloud] Response [200]: {
    "limit": 10,
    "skip": 0,
    "total": 1,
    "hidden": 0,
    "api_version": 4,
    "error": null,
    "result": [
        {
            "id": 5781129,
            "name": "Taurus from Scenario",
            "userId": 339612,
            "created"
[2018-02-05 14:22:24,282 DEBUG Engine.cloud] Request: GET https://a.blazemeter.com/api/v4/tests?workspaceId=127980&name=Taurus+from+Scenario None
[2018-02-05 14:22:24,286 DEBUG urllib3.connectionpool] Starting new HTTPS connection (1): a.blazemeter.com
[2018-02-05 14:22:24,718 DEBUG urllib3.connectionpool] https://a.blazemeter.com:443 "GET /api/v4/tests?workspaceId=127980&name=Taurus+from+Scenario HTTP/1.1" 200 126
[2018-02-05 14:22:24,731 DEBUG Engine.cloud] Response [200]: {
    "limit": 10,
    "skip": 0,
    "total": 0,
    "hidden": 0,
    "api_version": 4,
    "error": null,
    "result": []
}
[2018-02-05 14:22:24,731 DEBUG Engine.cloud] Request: GET https://a.blazemeter.com/api/v4/tests?workspaceId=132723&name=Taurus+from+Scenario None
[2018-02-05 14:22:24,733 DEBUG urllib3.connectionpool] Starting new HTTPS connection (1): a.blazemeter.com
[2018-02-05 14:22:25,205 DEBUG urllib3.connectionpool] https://a.blazemeter.com:443 "GET /api/v4/tests?workspaceId=132723&name=Taurus+from+Scenario HTTP/1.1" 200 126
[2018-02-05 14:22:25,209 DEBUG Engine.cloud] Response [200]: {
    "limit": 10,
    "skip": 0,
    "total": 0,
    "hidden": 0,
    "api_version": 4,
    "error": null,
    "result": []
}
[2018-02-05 14:22:25,210 DEBUG Engine.cloud] Request: GET https://a.blazemeter.com/api/v4/tests?workspaceId=153836&name=Taurus+from+Scenario None
[2018-02-05 14:22:25,213 DEBUG urllib3.connectionpool] Starting new HTTPS connection (1): a.blazemeter.com
[2018-02-05 14:22:25,671 DEBUG urllib3.connectionpool] https://a.blazemeter.com:443 "GET /api/v4/tests?workspaceId=153836&name=Taurus+from+Scenario HTTP/1.1" 200 126
[2018-02-05 14:22:25,682 DEBUG Engine.cloud] Response [200]: {
    "limit": 10,
    "skip": 0,
    "total": 0,
    "hidden": 0,
    "api_version": 4,
    "error": null,
    "result": []
}
[2018-02-05 14:22:25,682 DEBUG Engine.cloud] Request: GET https://a.blazemeter.com/api/v4/tests?workspaceId=163251&name=Taurus+from+Scenario None
[2018-02-05 14:22:25,684 DEBUG urllib3.connectionpool] Starting new HTTPS connection (1): a.blazemeter.com
[2018-02-05 14:22:26,106 DEBUG urllib3.connectionpool] https://a.blazemeter.com:443 "GET /api/v4/tests?workspaceId=163251&name=Taurus+from+Scenario HTTP/1.1" 200 126
[2018-02-05 14:22:26,111 DEBUG Engine.cloud] Response [200]: {
    "limit": 10,
    "skip": 0,
    "total": 0,
    "hidden": 0,
    "api_version": 4,
    "error": null,
    "result": []
}
[2018-02-05 14:22:26,112 DEBUG Engine.cloud] Request: GET https://a.blazemeter.com/api/v4/tests?workspaceId=135886&name=Taurus+from+Scenario None
[2018-02-05 14:22:26,116 DEBUG urllib3.connectionpool] Starting new HTTPS connection (1): a.blazemeter.com
[2018-02-05 14:22:26,561 DEBUG urllib3.connectionpool] https://a.blazemeter.com:443 "GET /api/v4/tests?workspaceId=135886&name=Taurus+from+Scenario HTTP/1.1" 200 126
[2018-02-05 14:22:26,567 DEBUG Engine.cloud] Response [200]: {
    "limit": 10,
    "skip": 0,
    "total": 0,
    "hidden": 0,
    "api_version": 4,
    "error": null,
    "result": []
}
[2018-02-05 14:22:26,567 DEBUG Engine.cloud] Request: GET https://a.blazemeter.com/api/v4/tests?workspaceId=7199&name=Taurus+from+Scenario None
[2018-02-05 14:22:26,570 DEBUG urllib3.connectionpool] Starting new HTTPS connection (1): a.blazemeter.com
[2018-02-05 14:22:27,003 DEBUG urllib3.connectionpool] https://a.blazemeter.com:443 "GET /api/v4/tests?workspaceId=7199&name=Taurus+from+Scenario HTTP/1.1" 200 126
[2018-02-05 14:22:27,007 DEBUG Engine.cloud] Response [200]: {
    "limit": 10,
    "skip": 0,
    "total": 0,
    "hidden": 0,
    "api_version": 4,
    "error": null,
    "result": []
}
[2018-02-05 14:22:27,008 DEBUG Engine.cloud] Request: GET https://a.blazemeter.com/api/v4/tests?workspaceId=133217&name=Taurus+from+Scenario None
[2018-02-05 14:22:27,010 DEBUG urllib3.connectionpool] Starting new HTTPS connection (1): a.blazemeter.com
[2018-02-05 14:22:27,432 DEBUG urllib3.connectionpool] https://a.blazemeter.com:443 "GET /api/v4/tests?workspaceId=133217&name=Taurus+from+Scenario HTTP/1.1" 200 126
[2018-02-05 14:22:27,436 DEBUG Engine.cloud] Response [200]: {
    "limit": 10,
    "skip": 0,
    "total": 0,
    "hidden": 0,
    "api_version": 4,
    "error": null,
    "result": []
}
[2018-02-05 14:22:27,436 DEBUG Engine.cloud.ProjectFinder] Looked for test: {u'updated': 1517868471, u'name': u'Taurus from Scenario', u'created': 1508340357, u'creatorClientId': u'Taurus', u'userId': 339612, u'lastUpdatedById': 339612, u'projectId': 162568, u'configuration': {u'targetThreads': 0, u'type': u'taurus', u'canControlRampup': False, u'plugins': {u'functionalExecution': {u'enabled': False}, u'taurus': {u'filename': u'taurus.yml'}}}, u'id': 5781129}
[2018-02-05 14:22:27,436 DEBUG Engine.cloud.ProjectFinder] Detected test type: old
[2018-02-05 14:22:27,436 DEBUG Engine.cloud] Request: GET https://a.blazemeter.com/api/v4/user None
[2018-02-05 14:22:27,439 DEBUG urllib3.connectionpool] Starting new HTTPS connection (1): a.blazemeter.com
[2018-02-05 14:22:27,872 DEBUG urllib3.connectionpool] https://a.blazemeter.com:443 "GET /api/v4/user HTTP/1.1" 200 2347
[2018-02-05 14:22:27,884 DEBUG Engine.cloud] Response [200]: {
    "api_version": 4,
    "error": null,
    "result": {
        "id": 339612,
        "email": "eric.dapp@blazemeter.com",
        "access": 1517869343,
        "login": 1515090360,
        "firstName": "Eric",
        "lastName": "Dapp",
        "timez
[2018-02-05 14:22:27,885 DEBUG Engine.cloud] Request: GET https://a.blazemeter.com/api/v4/projects?workspaceId=146738&limit=99999 None
[2018-02-05 14:22:27,893 DEBUG urllib3.connectionpool] Starting new HTTPS connection (1): a.blazemeter.com
[2018-02-05 14:22:28,320 DEBUG urllib3.connectionpool] https://a.blazemeter.com:443 "GET /api/v4/projects?workspaceId=146738&limit=99999 HTTP/1.1" 200 1403
[2018-02-05 14:22:28,324 DEBUG Engine.cloud] Response [200]: {
    "limit": 50,
    "skip": 0,
    "total": 4,
    "hidden": 0,
    "api_version": 4,
    "error": null,
    "result": [
        {
            "id": 216192,
            "name": "API Stress Tests",
            "userId": null,
            "description": "
[2018-02-05 14:22:28,325 DEBUG Engine.cloud] Request: GET https://a.blazemeter.com/api/v4/projects?workspaceId=127984&limit=99999 None
[2018-02-05 14:22:28,328 DEBUG urllib3.connectionpool] Starting new HTTPS connection (1): a.blazemeter.com
[2018-02-05 14:22:28,744 DEBUG urllib3.connectionpool] https://a.blazemeter.com:443 "GET /api/v4/projects?workspaceId=127984&limit=99999 HTTP/1.1" 200 410
[2018-02-05 14:22:28,749 DEBUG Engine.cloud] Response [200]: {
    "limit": 50,
    "skip": 0,
    "total": 1,
    "hidden": 0,
    "api_version": 4,
    "error": null,
    "result": [
        {
            "id": 173143,
            "name": "Default project",
            "userId": null,
            "description": nu
[2018-02-05 14:22:28,749 DEBUG Engine.cloud] Request: GET https://a.blazemeter.com/api/v4/projects?workspaceId=119008&limit=99999 None
[2018-02-05 14:22:28,752 DEBUG urllib3.connectionpool] Starting new HTTPS connection (1): a.blazemeter.com
[2018-02-05 14:22:29,185 DEBUG urllib3.connectionpool] https://a.blazemeter.com:443 "GET /api/v4/projects?workspaceId=119008&limit=99999 HTTP/1.1" 200 2048
[2018-02-05 14:22:29,191 DEBUG Engine.cloud] Response [200]: {
    "limit": 50,
    "skip": 0,
    "total": 6,
    "hidden": 0,
    "api_version": 4,
    "error": null,
    "result": [
        {
            "id": 163658,
            "name": "BlazeDemo Tests",
            "userId": null,
            "description": ""
[2018-02-05 14:22:29,192 DEBUG Engine.cloud] Request: GET https://a.blazemeter.com/api/v4/projects?workspaceId=127980&limit=99999 None
[2018-02-05 14:22:29,195 DEBUG urllib3.connectionpool] Starting new HTTPS connection (1): a.blazemeter.com
[2018-02-05 14:22:29,624 DEBUG urllib3.connectionpool] https://a.blazemeter.com:443 "GET /api/v4/projects?workspaceId=127980&limit=99999 HTTP/1.1" 200 720
[2018-02-05 14:22:29,629 DEBUG Engine.cloud] Response [200]: {
    "limit": 50,
    "skip": 0,
    "total": 2,
    "hidden": 0,
    "api_version": 4,
    "error": null,
    "result": [
        {
            "id": 173138,
            "name": "Default project",
            "userId": null,
            "description": nu
[2018-02-05 14:22:29,630 DEBUG Engine.cloud] Request: GET https://a.blazemeter.com/api/v4/projects?workspaceId=132723&limit=99999 None
[2018-02-05 14:22:29,634 DEBUG urllib3.connectionpool] Starting new HTTPS connection (1): a.blazemeter.com
[2018-02-05 14:22:30,059 DEBUG urllib3.connectionpool] https://a.blazemeter.com:443 "GET /api/v4/projects?workspaceId=132723&limit=99999 HTTP/1.1" 200 412
[2018-02-05 14:22:30,064 DEBUG Engine.cloud] Response [200]: {
    "limit": 50,
    "skip": 0,
    "total": 1,
    "hidden": 0,
    "api_version": 4,
    "error": null,
    "result": [
        {
            "id": 178588,
            "name": "Default project",
            "userId": null,
            "description": nu
[2018-02-05 14:22:30,065 DEBUG Engine.cloud] Request: GET https://a.blazemeter.com/api/v4/projects?workspaceId=153836&limit=99999 None
[2018-02-05 14:22:30,067 DEBUG urllib3.connectionpool] Starting new HTTPS connection (1): a.blazemeter.com
[2018-02-05 14:22:30,505 DEBUG urllib3.connectionpool] https://a.blazemeter.com:443 "GET /api/v4/projects?workspaceId=153836&limit=99999 HTTP/1.1" 200 684
[2018-02-05 14:22:30,511 DEBUG Engine.cloud] Response [200]: {
    "limit": 50,
    "skip": 0,
    "total": 2,
    "hidden": 0,
    "api_version": 4,
    "error": null,
    "result": [
        {
            "id": 202867,
            "name": "Default project",
            "userId": null,
            "description": nu
[2018-02-05 14:22:30,511 DEBUG Engine.cloud] Request: GET https://a.blazemeter.com/api/v4/projects?workspaceId=163251&limit=99999 None
[2018-02-05 14:22:30,513 DEBUG urllib3.connectionpool] Starting new HTTPS connection (1): a.blazemeter.com
[2018-02-05 14:22:30,945 DEBUG urllib3.connectionpool] https://a.blazemeter.com:443 "GET /api/v4/projects?workspaceId=163251&limit=99999 HTTP/1.1" 200 410
[2018-02-05 14:22:30,952 DEBUG Engine.cloud] Response [200]: {
    "limit": 50,
    "skip": 0,
    "total": 1,
    "hidden": 0,
    "api_version": 4,
    "error": null,
    "result": [
        {
            "id": 213729,
            "name": "Default project",
            "userId": null,
            "description": nu
[2018-02-05 14:22:30,952 DEBUG Engine.cloud] Request: GET https://a.blazemeter.com/api/v4/projects?workspaceId=135886&limit=99999 None
[2018-02-05 14:22:30,955 DEBUG urllib3.connectionpool] Starting new HTTPS connection (1): a.blazemeter.com
[2018-02-05 14:22:31,374 DEBUG urllib3.connectionpool] https://a.blazemeter.com:443 "GET /api/v4/projects?workspaceId=135886&limit=99999 HTTP/1.1" 200 975
[2018-02-05 14:22:31,377 DEBUG Engine.cloud] Response [200]: {
    "limit": 50,
    "skip": 0,
    "total": 3,
    "hidden": 0,
    "api_version": 4,
    "error": null,
    "result": [
        {
            "id": 182182,
            "name": "Default project",
            "userId": null,
            "description": nu
[2018-02-05 14:22:31,377 DEBUG Engine.cloud] Request: GET https://a.blazemeter.com/api/v4/projects?workspaceId=7199&limit=99999 None
[2018-02-05 14:22:31,380 DEBUG urllib3.connectionpool] Starting new HTTPS connection (1): a.blazemeter.com
[2018-02-05 14:22:31,814 DEBUG urllib3.connectionpool] https://a.blazemeter.com:443 "GET /api/v4/projects?workspaceId=7199&limit=99999 HTTP/1.1" 200 4295
[2018-02-05 14:22:31,820 DEBUG Engine.cloud] Response [200]: {
    "limit": 50,
    "skip": 0,
    "total": 15,
    "hidden": 0,
    "api_version": 4,
    "error": null,
    "result": [
        {
            "id": 167099,
            "name": "APM",
            "userId": null,
            "description": "JMeter with 
[2018-02-05 14:22:31,821 DEBUG Engine.cloud] Request: GET https://a.blazemeter.com/api/v4/projects?workspaceId=133217&limit=99999 None
[2018-02-05 14:22:31,825 DEBUG urllib3.connectionpool] Starting new HTTPS connection (1): a.blazemeter.com
[2018-02-05 14:22:32,252 DEBUG urllib3.connectionpool] https://a.blazemeter.com:443 "GET /api/v4/projects?workspaceId=133217&limit=99999 HTTP/1.1" 200 1614
[2018-02-05 14:22:32,256 DEBUG Engine.cloud] Response [200]: {
    "limit": 50,
    "skip": 0,
    "total": 5,
    "hidden": 0,
    "api_version": 4,
    "error": null,
    "result": [
        {
            "id": 201589,
            "name": "API - Run As Functional",
            "userId": null,
            "descript
[2018-02-05 14:22:32,257 DEBUG Engine.cloud] Request: GET https://a.blazemeter.com/api/v4/workspaces/119008 None
[2018-02-05 14:22:32,259 DEBUG urllib3.connectionpool] Starting new HTTPS connection (1): a.blazemeter.com
[2018-02-05 14:22:32,771 DEBUG urllib3.connectionpool] https://a.blazemeter.com:443 "GET /api/v4/workspaces/119008 HTTP/1.1" 200 None
[2018-02-05 14:22:32,852 DEBUG Engine.cloud] Response [200]: {
    "api_version": 4,
    "error": null,
    "result": {
        "id": 119008,
        "name": "Default workspace",
        "userId": 339612,
        "created": 1486702692,
        "updated": 1486702692,
        "enabled": true,
        "dedicatedIpsEnab
[2018-02-05 14:22:32,873 DEBUG Engine.cloud] All resource files are: ['./param.csv']
[2018-02-05 14:22:32,873 DEBUG Engine.cloud] Replace file names in config: ['./param.csv'] with ['param.csv']
[2018-02-05 14:22:32,874 DEBUG Engine.cloud] Replaced ./param.csv with param.csv
[2018-02-05 14:22:32,877 DEBUG Engine] New artifact filename: /Users/daper01/Documents/OSLo/artifacts/2018-02-05_14-22-13.549967/cloud
[2018-02-05 14:22:32,879 DEBUG root] Dumping YAML config into /Users/daper01/Documents/OSLo/artifacts/2018-02-05_14-22-13.549967/cloud.yml
[2018-02-05 14:22:32,903 DEBUG root] Dumping JSON config into /Users/daper01/Documents/OSLo/artifacts/2018-02-05_14-22-13.549967/cloud.json
[2018-02-05 14:22:32,904 DEBUG Engine.cloud] Request: GET https://a.blazemeter.com/api/v4/web/elfinder/5781129?cmd=open&target=s1_Lw None
[2018-02-05 14:22:32,908 DEBUG urllib3.connectionpool] Starting new HTTPS connection (1): a.blazemeter.com
[2018-02-05 14:22:33,587 DEBUG urllib3.connectionpool] https://a.blazemeter.com:443 "GET /api/v4/web/elfinder/5781129?cmd=open&target=s1_Lw HTTP/1.1" 200 1588
[2018-02-05 14:22:33,591 DEBUG Engine.cloud] Response [200]: {"cwd":{"name":"data","size":0,"mime":"directory","read":1,"write":1,"parent_id":"users","hash":"s1_Lw","rootRev":"","options":{"path":"","url":"","tmbUrl":"","disabled":["mkdir","archive","extract","chmod"],"separator":"\/","copyOverwrite":1,"uploadOverwr
[2018-02-05 14:22:33,591 DEBUG Engine.cloud] Test files: [u'param.csv', u'taurus.yml']
[2018-02-05 14:22:33,591 DEBUG Engine.cloud] Request: GET https://a.blazemeter.com/api/v4/web/elfinder/5781129?cmd=rm&targets[]=s1_cGFyYW0uY3N2&targets[]=s1_dGF1cnVzLnltbA None
[2018-02-05 14:22:33,593 DEBUG urllib3.connectionpool] Starting new HTTPS connection (1): a.blazemeter.com
[2018-02-05 14:22:34,359 DEBUG urllib3.connectionpool] https://a.blazemeter.com:443 "GET /api/v4/web/elfinder/5781129?cmd=rm&targets[]=s1_cGFyYW0uY3N2&targets[]=s1_dGF1cnVzLnltbA HTTP/1.1" 200 780
[2018-02-05 14:22:34,363 DEBUG Engine.cloud] Response [200]: {"removed":["s1_cGFyYW0uY3N2","s1_dGF1cnVzLnltbA"],"changed":[{"name":"data","size":0,"mime":"directory","read":1,"write":1,"parent_id":"users","hash":"s1_Lw","rootRev":"","options":{"path":"","url":"","tmbUrl":"","disabled":["mkdir","archive","extract","c
[2018-02-05 14:22:34,364 DEBUG Engine.cloud] Successfully deleted 2 test files
[2018-02-05 14:22:34,392 DEBUG Engine.cloud] Uploading files into the test: ['/Users/daper01/Documents/OSLo/param.csv']
[2018-02-05 14:22:34,415 DEBUG Engine.cloud] Request: POST https://a.blazemeter.com/api/v4/tests/5781129/files --===============2934684157584705342==
Content-Disposition: file; name="script"; filename="taurus.yml"
Content-Type: application/octet-stream

---
execution:
- concurrency: 200
  executor: jmeter
  hold-for: 2m
  locations:
    us-east-1: 1
    us-west
[2018-02-05 14:22:34,424 DEBUG urllib3.connectionpool] Starting new HTTPS connection (1): a.blazemeter.com
[2018-02-05 14:22:35,046 DEBUG urllib3.connectionpool] https://a.blazemeter.com:443 "POST /api/v4/tests/5781129/files HTTP/1.1" 201 619
[2018-02-05 14:22:35,050 DEBUG Engine.cloud] Response [201]: {
    "api_version": 4,
    "error": null,
    "result": {
        "id": 5781129,
        "name": "Taurus from Scenario",
        "userId": 339612,
        "creatorClientId": "Taurus",
        "created": 1508340357,
        "updated": 1517869354,
        "
[2018-02-05 14:22:35,050 DEBUG Engine.cloud] Request: PATCH https://a.blazemeter.com/api/v4/tests/5781129 {
 "configuration": {
  "executionType": null
 }
}
[2018-02-05 14:22:35,053 DEBUG urllib3.connectionpool] Starting new HTTPS connection (1): a.blazemeter.com
[2018-02-05 14:22:35,696 DEBUG urllib3.connectionpool] https://a.blazemeter.com:443 "PATCH /api/v4/tests/5781129 HTTP/1.1" 200 1321
[2018-02-05 14:22:35,702 DEBUG Engine.cloud] Response [200]: {
    "api_version": 4,
    "error": null,
    "result": {
        "id": 5781129,
        "name": "Taurus from Scenario",
        "userId": 339612,
        "creatorClientId": "Taurus",
        "created": 1508340357,
        "updated": 1517869355,
        "
[2018-02-05 14:22:35,703 DEBUG Engine.cloud] Request: PATCH https://a.blazemeter.com/api/v4/tests/5781129 {
 "configuration": {
  "plugins": {
   "functionalExecution": {
    "enabled": false
   }
  }
 }
}
[2018-02-05 14:22:35,705 DEBUG urllib3.connectionpool] Starting new HTTPS connection (1): a.blazemeter.com
[2018-02-05 14:22:36,272 DEBUG urllib3.connectionpool] https://a.blazemeter.com:443 "PATCH /api/v4/tests/5781129 HTTP/1.1" 200 1321
[2018-02-05 14:22:36,276 DEBUG Engine.cloud] Response [200]: {
    "api_version": 4,
    "error": null,
    "result": {
        "id": 5781129,
        "name": "Taurus from Scenario",
        "userId": 339612,
        "creatorClientId": "Taurus",
        "created": 1508340357,
        "updated": 1517869356,
        "
[2018-02-05 14:22:36,277 DEBUG Engine] Module config: final-stats defaultdict(None, {'class': 'bzt.modules.reporting.FinalStatus'})
[2018-02-05 14:22:36,277 DEBUG root] Importing module: bzt.modules.reporting
[2018-02-05 14:22:36,278 DEBUG root] Loading class: 'FinalStatus' from <module 'bzt.modules.reporting' from '/usr/local/lib/python2.7/site-packages/bzt/modules/reporting.pyc'>
[2018-02-05 14:22:36,278 DEBUG Engine] Module config: console defaultdict(None, {'class': 'bzt.modules.console.ConsoleStatusReporter'})
[2018-02-05 14:22:36,278 DEBUG root] Importing module: bzt.modules.console
[2018-02-05 14:22:36,279 DEBUG root] Loading class: 'ConsoleStatusReporter' from <module 'bzt.modules.console' from '/usr/local/lib/python2.7/site-packages/bzt/modules/console.pyc'>
[2018-02-05 14:22:36,291 DEBUG Engine.Configuration] Dumping YAML config into /Users/daper01/Documents/OSLo/artifacts/2018-02-05_14-22-13.549967/effective.yml
[2018-02-05 14:22:36,361 DEBUG Engine.Configuration] Dumping JSON config into /Users/daper01/Documents/OSLo/artifacts/2018-02-05_14-22-13.549967/effective.json
[2018-02-05 14:22:36,362 INFO Engine] Starting...
[2018-02-05 14:22:36,363 DEBUG Engine] Startup <bzt.modules.aggregator.ConsolidatingAggregator object at 0x110791fd0>
[2018-02-05 14:22:36,363 DEBUG Engine] Startup <bzt.modules.reporting.FinalStatus object at 0x111866c90>
[2018-02-05 14:22:36,363 DEBUG Engine] Startup <bzt.modules.console.ConsoleStatusReporter object at 0x111866f50>
[2018-02-05 14:22:36,363 INFO Engine.console] Waiting for results...
[2018-02-05 14:22:36,363 DEBUG Engine] Startup <bzt.modules.reporting.FinalStatus object at 0x111886310>
[2018-02-05 14:22:36,363 DEBUG Engine] Startup <bzt.modules.blazemeter.CloudProvisioning object at 0x110bc2150>
[2018-02-05 14:22:36,363 INFO Engine.cloud.ProjectFinder.CloudTaurusTest] Initiating cloud test with https://a.blazemeter.com ...
[2018-02-05 14:22:36,364 DEBUG Engine.cloud] Request: POST https://a.blazemeter.com/api/v4/tests/5781129/start None
[2018-02-05 14:22:36,366 DEBUG urllib3.connectionpool] Starting new HTTPS connection (1): a.blazemeter.com
[2018-02-05 14:22:37,414 DEBUG urllib3.connectionpool] https://a.blazemeter.com:443 "POST /api/v4/tests/5781129/start HTTP/1.1" 202 701
[2018-02-05 14:22:37,420 DEBUG Engine.cloud] Response [202]: {
    "api_version": 4,
    "error": null,
    "result": {
        "id": 17229216,
        "name": "Taurus from Scenario",
        "userId": 339612,
        "runnerUserId": 339612,
        "creatorClientId": "Taurus",
        "executorClientId": "Taurus",

[2018-02-05 14:22:37,421 INFO Engine.cloud] Started cloud test: https://a.blazemeter.com/app/#/masters/17229216
[2018-02-05 14:22:37,734 DEBUG Engine.cloud] Request: PATCH https://a.blazemeter.com/api/v4/masters/17229216 {
 "name": "Taurus from Scenario"
}
[2018-02-05 14:22:37,737 DEBUG urllib3.connectionpool] Starting new HTTPS connection (1): a.blazemeter.com
[2018-02-05 14:22:38,206 DEBUG urllib3.connectionpool] https://a.blazemeter.com:443 "PATCH /api/v4/masters/17229216 HTTP/1.1" 200 543
[2018-02-05 14:22:38,209 DEBUG Engine.cloud] Response [200]: {
    "api_version": 4,
    "error": null,
    "result": {
        "id": 17229216,
        "name": "Taurus from Scenario",
        "userId": 339612,
        "runnerUserId": 339612,
        "creatorClientId": "Taurus",
        "executorClientId": "Taurus",

[2018-02-05 14:22:38,212 DEBUG Engine.Configuration] Dumping YAML config into /Users/daper01/Documents/OSLo/artifacts/2018-02-05_14-22-13.549967/effective.yml
[2018-02-05 14:22:38,308 DEBUG Engine.Configuration] Dumping JSON config into /Users/daper01/Documents/OSLo/artifacts/2018-02-05_14-22-13.549967/effective.json
[2018-02-05 14:22:38,310 DEBUG root] Leveling down log file verbosity, use -v option to have DEBUG messages enabled
[2018-02-05 14:22:38,766 INFO Engine.cloud] Cloud test status: BOOT_STARTING
[2018-02-05 14:22:39,273 INFO Engine.console] Waiting for finish...
[2018-02-05 14:24:19,052 INFO Engine.cloud] Cloud test status: TAURUS_ENGINE_READY
[2018-02-05 14:24:39,167 INFO Engine.cloud] Cloud test status: DATA_RECEIVED
[2018-02-05 14:28:40,961 INFO Engine.cloud] Cloud test status: FINALIZING
[2018-02-05 14:28:40,968 INFO Engine.cloud] Test was stopped in the cloud: FINALIZING
[2018-02-05 14:28:42,329 WARNING Engine] Please wait for graceful shutdown...
[2018-02-05 14:28:42,339 DEBUG root] Leveled up log file verbosity
[2018-02-05 14:28:42,339 INFO Engine] Shutting down...
[2018-02-05 14:28:42,347 DEBUG Engine.console] Restoring logging streams, [<logging.StreamHandler object at 0x10fbfb150>]/{<logging.StreamHandler object at 0x10fbfb150>: <open file '<stdout>', mode 'w' at 0x10f441150>}
[2018-02-05 14:28:42,351 DEBUG Engine.Configuration] Dumping YAML config into /Users/daper01/Documents/OSLo/artifacts/2018-02-05_14-22-13.549967/effective.yml
[2018-02-05 14:28:42,402 DEBUG Engine.Configuration] Dumping JSON config into /Users/daper01/Documents/OSLo/artifacts/2018-02-05_14-22-13.549967/effective.json
[2018-02-05 14:28:42,404 INFO Engine] Post-processing...
[2018-02-05 14:28:42,404 DEBUG Engine.cloud] Request: GET https://a.blazemeter.com/api/v4/masters/17229216/full None
[2018-02-05 14:28:42,407 DEBUG urllib3.connectionpool] Starting new HTTPS connection (1): a.blazemeter.com
[2018-02-05 14:28:42,816 DEBUG urllib3.connectionpool] https://a.blazemeter.com:443 "GET /api/v4/masters/17229216/full HTTP/1.1" 200 None
[2018-02-05 14:28:42,834 DEBUG Engine.cloud] Response [200]: {
    "api_version": 4,
    "error": null,
    "result": {
        "id": 17229216,
        "name": "Taurus from Scenario",
        "userId": 339612,
        "runnerUserId": 339612,
        "created": 1517869356,
        "updated": 1517869357,
        "crea
[2018-02-05 14:28:42,836 DEBUG Engine.cloud] Request: GET https://a.blazemeter.com/api/v4/data/labels?master_id=17229216 None
[2018-02-05 14:28:42,839 DEBUG urllib3.connectionpool] Starting new HTTPS connection (1): a.blazemeter.com
[2018-02-05 14:28:43,245 DEBUG urllib3.connectionpool] https://a.blazemeter.com:443 "GET /api/v4/data/labels?master_id=17229216 HTTP/1.1" 200 1163
[2018-02-05 14:28:43,251 DEBUG Engine.cloud] Response [200]: {
    "api_version": 4,
    "error": null,
    "result": [
        {
            "id": "ALL",
            "name": "ALL",
            "sessions": [
                "r-v4-5a78d92d4ae5f",
                "r-v4-5a78d92d4d416"
            ]
        },
        {
[2018-02-05 14:28:43,251 DEBUG Engine.cloud] Request: GET https://a.blazemeter.com/api/v4/data/kpis?interval=1&from=1517869715&master_ids%5B%5D=17229216&kpis%5B%5D=t&kpis%5B%5D=lt&kpis%5B%5D=by&kpis%5B%5D=n&kpis%5B%5D=ec&kpis%5B%5D=ts&kpis%5B%5D=na&labels%5B%5D=ALL&labels%5B%5D=6e7d9dd12b9ae952b37645e2df1f99d0&labels%5B%5D=82abaa0ca2f497bd8da64a1297f0c6a9&labels%5B%5D=3337ac94558b1dc857a9cfeed95b8eb7&labels%5B%5D=02c795eb3dbabd7d6d13003efeb01507 None
[2018-02-05 14:28:43,253 DEBUG urllib3.connectionpool] Starting new HTTPS connection (1): a.blazemeter.com
[2018-02-05 14:28:43,701 DEBUG urllib3.connectionpool] https://a.blazemeter.com:443 "GET /api/v4/data/kpis?interval=1&from=1517869715&master_ids%5B%5D=17229216&kpis%5B%5D=t&kpis%5B%5D=lt&kpis%5B%5D=by&kpis%5B%5D=n&kpis%5B%5D=ec&kpis%5B%5D=ts&kpis%5B%5D=na&labels%5B%5D=ALL&labels%5B%5D=6e7d9dd12b9ae952b37645e2df1f99d0&labels%5B%5D=82abaa0ca2f497bd8da64a1297f0c6a9&labels%5B%5D=3337ac94558b1dc857a9cfeed95b8eb7&labels%5B%5D=02c795eb3dbabd7d6d13003efeb01507 HTTP/1.1" 200 1114
[2018-02-05 14:28:43,706 DEBUG Engine.cloud] Response [200]: {
    "api_version": 4,
    "error": null,
    "result": [
        {
            "labelId": "6e7d9dd12b9ae952b37645e2df1f99d0",
            "labelName": "Confirmation Page",
            "label": "Confirmation Page",
            "kpis": [
                {

[2018-02-05 14:28:43,707 DEBUG Engine.cloud] Request: GET https://a.blazemeter.com/api/v4/masters/17229216/reports/aggregatereport/data None
[2018-02-05 14:28:43,710 DEBUG urllib3.connectionpool] Starting new HTTPS connection (1): a.blazemeter.com
[2018-02-05 14:28:44,163 DEBUG urllib3.connectionpool] https://a.blazemeter.com:443 "GET /api/v4/masters/17229216/reports/aggregatereport/data HTTP/1.1" 200 3584
[2018-02-05 14:28:44,171 DEBUG Engine.cloud] Response [200]: {
    "api_version": 4,
    "error": null,
    "result": [
        {
            "labelId": "ALL",
            "labelName": "ALL",
            "samples": 60558,
            "avgResponseTime": 407.41,
            "90line": 480.95,
            "95line": 595.
[2018-02-05 14:28:44,172 DEBUG Engine.cloud] Request: GET https://a.blazemeter.com/api/v4/masters/17229216/reports/errorsreport/data?noDataError=false None
[2018-02-05 14:28:44,174 DEBUG urllib3.connectionpool] Starting new HTTPS connection (1): a.blazemeter.com
[2018-02-05 14:28:44,600 DEBUG urllib3.connectionpool] https://a.blazemeter.com:443 "GET /api/v4/masters/17229216/reports/errorsreport/data?noDataError=false HTTP/1.1" 200 61
[2018-02-05 14:28:44,608 DEBUG Engine.cloud] Response [200]: {
    "api_version": 4,
    "error": null,
    "result": []
}
[2018-02-05 14:28:44,610 DEBUG Engine.consolidator] Consolidator buffer[3]: [1517869713, 1517869714, 1517869715]
[2018-02-05 14:28:44,611 DEBUG Engine.consolidator] Merging into 1517869713
[2018-02-05 14:28:44,611 DEBUG Engine.consolidator] Merging 1517869713
[2018-02-05 14:28:44,621 DEBUG Engine.consolidator] Processed datapoint: 1517869713/None
[2018-02-05 14:28:44,621 DEBUG Engine.consolidator] Merging into 1517869714
[2018-02-05 14:28:44,621 DEBUG Engine.consolidator] Merging 1517869714
[2018-02-05 14:28:44,627 DEBUG Engine.consolidator] Processed datapoint: 1517869714/None
[2018-02-05 14:28:44,627 DEBUG Engine.consolidator] Merging into 1517869715
[2018-02-05 14:28:44,627 DEBUG Engine.consolidator] Merging 1517869715
[2018-02-05 14:28:44,632 DEBUG Engine.consolidator] Processed datapoint: 1517869715/None
[2018-02-05 14:28:44,632 INFO Engine.final-stats] Test duration: 0:06:06
[2018-02-05 14:28:44,632 INFO Engine.final-stats] Samples count: 78872, 0.00% failures
[2018-02-05 14:28:44,632 INFO Engine.final-stats] Average times: total 0.337, latency 0.322, connect 0.000
[2018-02-05 14:28:44,633 INFO Engine.final-stats] Percentile 90.0%: 0.333
[2018-02-05 14:28:44,633 INFO Engine.final-stats] Percentile 95.0%: 0.508
[2018-02-05 14:28:44,633 INFO Engine.final-stats] Percentile 99.0%: 0.744
[2018-02-05 14:28:44,633 DEBUG Engine.console] No logger_handler or orig_stream was detected
[2018-02-05 14:28:44,633 INFO Engine.final-stats] Test duration: 0:06:06
[2018-02-05 14:28:44,633 INFO Engine.final-stats] Samples count: 78872, 0.00% failures
[2018-02-05 14:28:44,634 INFO Engine.final-stats] Average times: total 0.337, latency 0.322, connect 0.000
[2018-02-05 14:28:44,634 INFO Engine.final-stats] Percentile 90.0%: 0.333
[2018-02-05 14:28:44,634 INFO Engine.final-stats] Percentile 95.0%: 0.508
[2018-02-05 14:28:44,634 INFO Engine.final-stats] Percentile 99.0%: 0.744
[2018-02-05 14:28:44,634 INFO Engine.final-stats] Dumping final status as XML: stats.xml
[2018-02-05 14:28:44,639 DEBUG Engine.Configuration] Dumping YAML config into /Users/daper01/Documents/OSLo/artifacts/2018-02-05_14-22-13.549967/effective.yml
[2018-02-05 14:28:44,720 DEBUG Engine.Configuration] Dumping JSON config into /Users/daper01/Documents/OSLo/artifacts/2018-02-05_14-22-13.549967/effective.json
[2018-02-05 14:28:44,725 INFO root] Artifacts dir: /Users/daper01/Documents/OSLo/artifacts/2018-02-05_14-22-13.549967
[2018-02-05 14:28:44,725 INFO root] Done performing with code: 0
[2018-02-05 14:28:44,725 DEBUG root] Closing log handler: /Users/daper01/Documents/OSLo/artifacts/2018-02-05_14-22-13.549967/bzt.log
