[2017-07-07 16:13:08,475 INFO root] Taurus CLI Tool v1.9.3
[2017-07-07 16:13:08,475 DEBUG root] Command-line options: {'verbose': None, 'no_system_configs': None, 'quiet': None, 'log': '/var/folders/vq/xzrdy2lx047cst78f69v8z3xfzqz1q/T/bzt_aGnERB.log', 'option': None, 'aliases': []}
[2017-07-07 16:13:08,475 DEBUG root] Python: CPython 2.7.13
[2017-07-07 16:13:08,475 DEBUG root] OS: ('Darwin', 'daper01mac1124', '16.4.0', 'Darwin Kernel Version 16.4.0: Thu Dec 22 22:53:21 PST 2016; root:xnu-3789.41.3~3/RELEASE_X86_64', 'x86_64', 'i386')
[2017-07-07 16:13:08,476 INFO root] Starting with configs: ['grinder_sample_ramp.yml']
[2017-07-07 16:13:08,476 DEBUG root] Using personal config: /Users/daper01/.bzt-rc
[2017-07-07 16:13:08,476 INFO Engine] Configuring...
[2017-07-07 16:13:08,476 DEBUG Engine] Reading extension configs from: /usr/local/etc/bzt.d
[2017-07-07 16:13:08,477 DEBUG Engine.Configuration] Configs: ['/usr/local/lib/python2.7/site-packages/bzt/resources/base-config.yml', '/usr/local/etc/bzt.d/99-installID.yml']
[2017-07-07 16:13:08,477 DEBUG Engine.Configuration] Reading /usr/local/lib/python2.7/site-packages/bzt/resources/base-config.yml as YAML
[2017-07-07 16:13:08,504 DEBUG Engine.Configuration] Reading /usr/local/etc/bzt.d/99-installID.yml as YAML
[2017-07-07 16:13:08,504 DEBUG Engine.Configuration] Configs: ['/Users/daper01/.bzt-rc', 'grinder_sample_ramp.yml']
[2017-07-07 16:13:08,505 DEBUG Engine.Configuration] Reading /Users/daper01/.bzt-rc as YAML
[2017-07-07 16:13:08,506 DEBUG Engine.Configuration] Reading grinder_sample_ramp.yml as YAML
[2017-07-07 16:13:08,509 DEBUG Engine.Configuration] Configs: ['/Users/daper01/.bzt-rc', 'grinder_sample_ramp.yml']
[2017-07-07 16:13:08,510 DEBUG Engine.Configuration] Reading /Users/daper01/.bzt-rc as YAML
[2017-07-07 16:13:08,510 DEBUG Engine.Configuration] Reading grinder_sample_ramp.yml as YAML
[2017-07-07 16:13:08,534 DEBUG Engine] Requesting updates info: http://gettaurus.org/updates/?version=1.9.3&installID=784f43782a15
[2017-07-07 16:13:08,541 INFO Engine] Artifacts dir: /Users/daper01/Documents/OSLo/Grinder/2017-07-07_16-13-08.534992
[2017-07-07 16:13:08,543 DEBUG Engine] New artifact filename: /Users/daper01/Documents/OSLo/Grinder/2017-07-07_16-13-08.534992/effective
[2017-07-07 16:13:08,545 DEBUG Engine.Configuration] Dumping YAML config into /Users/daper01/Documents/OSLo/Grinder/2017-07-07_16-13-08.534992/effective.yml
[2017-07-07 16:13:08,567 DEBUG Engine.Configuration] Dumping JSON config into /Users/daper01/Documents/OSLo/Grinder/2017-07-07_16-13-08.534992/effective.json
[2017-07-07 16:13:08,568 DEBUG Engine] New artifact filename: /Users/daper01/Documents/OSLo/Grinder/2017-07-07_16-13-08.534992/merged.yml
[2017-07-07 16:13:08,568 DEBUG Engine.Configuration] Dumping YAML config into /Users/daper01/Documents/OSLo/Grinder/2017-07-07_16-13-08.534992/merged.yml
[2017-07-07 16:13:08,571 DEBUG Engine] New artifact filename: /Users/daper01/Documents/OSLo/Grinder/2017-07-07_16-13-08.534992/merged.json
[2017-07-07 16:13:08,572 DEBUG Engine.Configuration] Dumping JSON config into /Users/daper01/Documents/OSLo/Grinder/2017-07-07_16-13-08.534992/merged.json
[2017-07-07 16:13:08,572 DEBUG Engine] Add existing artifact (move=False): grinder_sample_ramp.yml
[2017-07-07 16:13:08,572 DEBUG Engine] Copying grinder_sample_ramp.yml to /Users/daper01/Documents/OSLo/Grinder/2017-07-07_16-13-08.534992/grinder_sample_ramp.yml
[2017-07-07 16:13:08,572 DEBUG root] Closing log handler: /var/folders/vq/xzrdy2lx047cst78f69v8z3xfzqz1q/T/bzt_aGnERB.log
[2017-07-07 16:13:08,573 DEBUG root] Switched writing logs to /Users/daper01/Documents/OSLo/Grinder/2017-07-07_16-13-08.534992/bzt.log
[2017-07-07 16:13:08,573 INFO Engine] Preparing...
[2017-07-07 16:13:08,573 DEBUG Engine] Module config: consolidator defaultdict(None, {'class': 'bzt.modules.aggregator.ConsolidatingAggregator'})
[2017-07-07 16:13:08,573 DEBUG root] Importing module: bzt.modules.aggregator
[2017-07-07 16:13:08,581 DEBUG root] Loading class: 'ConsolidatingAggregator' from <module 'bzt.modules.aggregator' from '/usr/local/lib/python2.7/site-packages/bzt/modules/aggregator.pyc'>
[2017-07-07 16:13:08,581 DEBUG Engine.consolidator] Exception in dehumanize_time(inf)
[2017-07-07 16:13:08,581 DEBUG Engine.consolidator] Buffer scaling setup: percentile 95.0 from [0.0, 50.0, 90.0, 95.0, 99.0, 99.9, 100.0] selected
[2017-07-07 16:13:08,581 DEBUG Engine] Module config: monitoring defaultdict(None, {'class': 'bzt.modules.monitoring.Monitoring'})
[2017-07-07 16:13:08,581 DEBUG root] Importing module: bzt.modules.monitoring
[2017-07-07 16:13:08,652 DEBUG root] Loading class: 'Monitoring' from <module 'bzt.modules.monitoring' from '/usr/local/lib/python2.7/site-packages/bzt/modules/monitoring.pyc'>
[2017-07-07 16:13:08,653 DEBUG Engine] Module config: local defaultdict(None, {'class': 'bzt.modules.provisioning.Local'})
[2017-07-07 16:13:08,653 DEBUG root] Importing module: bzt.modules.provisioning
[2017-07-07 16:13:08,653 DEBUG root] Loading class: 'Local' from <module 'bzt.modules.provisioning' from '/usr/local/lib/python2.7/site-packages/bzt/modules/provisioning.pyc'>
[2017-07-07 16:13:08,653 DEBUG Engine] Module config: grinder defaultdict(None, {'class': 'bzt.modules.grinder.GrinderExecutor', 'properties': defaultdict(None, {'grinder.useConsole': False})})
[2017-07-07 16:13:08,653 DEBUG root] Importing module: bzt.modules.grinder
[2017-07-07 16:13:08,655 DEBUG root] Loading class: 'GrinderExecutor' from <module 'bzt.modules.grinder' from '/usr/local/lib/python2.7/site-packages/bzt/modules/grinder.pyc'>
[2017-07-07 16:13:08,656 DEBUG Engine.local] Preparing executor: grinder/4364634640
[2017-07-07 16:13:08,656 DEBUG Engine.grinder.TclLibrary] We don't need to check tcl library on this platform
[2017-07-07 16:13:08,656 DEBUG Engine.grinder.JavaVM] Trying JavaVM: ['java', '-version']
[2017-07-07 16:13:08,833 DEBUG Engine.grinder.JavaVM] JavaVM output: java version "1.8.0_121"
Java(TM) SE Runtime Environment (build 1.8.0_121-b13)
Java HotSpot(TM) 64-Bit Server VM (build 25.121-b13, mixed mode)

[2017-07-07 16:13:08,834 DEBUG Engine.grinder.Grinder] Trying grinder: /Users/daper01/.bzt/grinder-taurus/lib/grinder.jar
[2017-07-07 16:13:08,834 DEBUG bzt.utils] Executing shell: ['java', '-classpath', '/Users/daper01/.bzt/grinder-taurus/lib/grinder.jar', 'net.grinder.Grinder']
[2017-07-07 16:13:09,528 DEBUG Engine.grinder.Grinder] Grinder output: ("2017-07-07 16:13:09,494 INFO  agent: The Grinder 3.11\n2017-07-07 16:13:09,516 WARN  agent: Failed to connect to 'localhost/127.0.0.1:6372', proceeding without the console; set grinder.useConsole=false to disable this warning.\n2017-07-07 16:13:09,520 ERROR agent: The script file 'grinder.py' does not exist or is not readable.\n2017-07-07 16:13:09,521 INFO  agent: finished\n", None)
[2017-07-07 16:13:09,529 DEBUG Engine] New artifact filename: /Users/daper01/Documents/OSLo/Grinder/2017-07-07_16-13-08.534992/grinder.properties
[2017-07-07 16:13:09,531 DEBUG Engine] Module config: final-stats defaultdict(None, {'class': 'bzt.modules.reporting.FinalStatus'})
[2017-07-07 16:13:09,531 DEBUG root] Importing module: bzt.modules.reporting
[2017-07-07 16:13:09,687 DEBUG easyprocess] version=0.2.3
[2017-07-07 16:13:09,691 DEBUG pyvirtualdisplay] version=0.2.1
[2017-07-07 16:13:09,693 DEBUG root] Loading class: 'FinalStatus' from <module 'bzt.modules.reporting' from '/usr/local/lib/python2.7/site-packages/bzt/modules/reporting.pyc'>
[2017-07-07 16:13:09,693 DEBUG Engine] Module config: console defaultdict(None, {'class': 'bzt.modules.console.ConsoleStatusReporter'})
[2017-07-07 16:13:09,693 DEBUG root] Importing module: bzt.modules.console
[2017-07-07 16:13:09,693 DEBUG root] Loading class: 'ConsoleStatusReporter' from <module 'bzt.modules.console' from '/usr/local/lib/python2.7/site-packages/bzt/modules/console.pyc'>
[2017-07-07 16:13:09,704 DEBUG Engine] Taurus updates info: {"latest":"1.9.4","needsUpgrade":true}
[2017-07-07 16:13:09,707 DEBUG Engine.Configuration] Dumping YAML config into /Users/daper01/Documents/OSLo/Grinder/2017-07-07_16-13-08.534992/effective.yml
[2017-07-07 16:13:09,707 WARNING Engine] There is newer version of Taurus 1.9.4 available, consider upgrading. What's new: http://gettaurus.org/docs/Changelog/
[2017-07-07 16:13:09,732 DEBUG Engine.Configuration] Dumping JSON config into /Users/daper01/Documents/OSLo/Grinder/2017-07-07_16-13-08.534992/effective.json
[2017-07-07 16:13:09,733 INFO Engine] Starting...
[2017-07-07 16:13:09,733 DEBUG Engine] Startup <bzt.modules.monitoring.Monitoring object at 0x103922290>
[2017-07-07 16:13:09,733 DEBUG Engine] Startup <bzt.modules.aggregator.ConsolidatingAggregator object at 0x102eea850>
[2017-07-07 16:13:09,733 DEBUG Engine] Startup <bzt.modules.reporting.FinalStatus object at 0x1044d6210>
[2017-07-07 16:13:09,734 DEBUG Engine] Startup <bzt.modules.console.ConsoleStatusReporter object at 0x1044d6d50>
[2017-07-07 16:13:09,734 INFO Engine.console] Waiting for results...
[2017-07-07 16:13:09,734 DEBUG Engine] Startup <bzt.modules.provisioning.Local object at 0x103909310>
[2017-07-07 16:13:09,734 DEBUG Engine.local] Delay setup for grinder/script_sample: 0(start-at) + 0(delay) = 0
[2017-07-07 16:13:09,735 DEBUG Engine.Configuration] Dumping YAML config into /Users/daper01/Documents/OSLo/Grinder/2017-07-07_16-13-08.534992/effective.yml
[2017-07-07 16:13:09,763 DEBUG Engine.Configuration] Dumping JSON config into /Users/daper01/Documents/OSLo/Grinder/2017-07-07_16-13-08.534992/effective.json
[2017-07-07 16:13:09,764 DEBUG root] Leveling down log file verbosity, use -v option to have DEBUG messages enabled
[2017-07-07 16:13:09,984 INFO Engine.console] Waiting for finish...
[2017-07-07 16:13:26,062 INFO Engine.grinder.DataLogReader] Changed data analysis delay to 3s
[2017-07-07 16:13:48,140 INFO Engine.grinder.DataLogReader] Changed data analysis delay to 2s
[2017-07-07 16:13:48,587 WARNING Engine] Please wait for graceful shutdown...
[2017-07-07 16:13:48,601 DEBUG root] Leveled up log file verbosity
[2017-07-07 16:13:48,601 INFO Engine] Shutting down...
[2017-07-07 16:13:48,614 DEBUG Engine.local] Shutdown grinder/script_sample
[2017-07-07 16:13:49,618 INFO Engine.grinder] Terminating process PID 45969 with signal 15 (59 tries left)
[2017-07-07 16:13:50,634 INFO Engine.grinder] Terminating process PID 45969 with signal 15 (58 tries left)
[2017-07-07 16:13:50,644 DEBUG Engine.grinder] Failed to terminate process: [Errno 1] Operation not permitted
[2017-07-07 16:13:50,644 DEBUG Engine.grinder] Grinder worked for 40.8804750443 seconds
[2017-07-07 16:13:50,644 DEBUG Engine.console] Restoring logging streams, [<logging.StreamHandler object at 0x1038ec110>]/{<logging.StreamHandler object at 0x1038ec110>: <open file '<stdout>', mode 'w' at 0x10235b150>}
[2017-07-07 16:13:50,646 DEBUG Engine.Configuration] Dumping YAML config into /Users/daper01/Documents/OSLo/Grinder/2017-07-07_16-13-08.534992/effective.yml
[2017-07-07 16:13:50,670 DEBUG Engine.Configuration] Dumping JSON config into /Users/daper01/Documents/OSLo/Grinder/2017-07-07_16-13-08.534992/effective.json
[2017-07-07 16:13:50,671 WARNING root] Keyboard interrupt
[2017-07-07 16:13:50,672 DEBUG root] KeyboardInterrupt: 
Traceback (most recent call last):
  File "/usr/local/lib/python2.7/site-packages/bzt/cli.py", line 216, in perform
    self.engine.run()
  File "/usr/local/lib/python2.7/site-packages/bzt/engine.py", line 175, in run
    reraise(exc_info)
  File "/usr/local/lib/python2.7/site-packages/bzt/engine.py", line 157, in run
    self._wait()
  File "/usr/local/lib/python2.7/site-packages/bzt/engine.py", line 200, in _wait
    time.sleep(delay)
KeyboardInterrupt
[2017-07-07 16:13:50,672 INFO Engine] Post-processing...
[2017-07-07 16:13:50,673 DEBUG Engine.local] Post-process grinder/script_sample
[2017-07-07 16:13:50,673 DEBUG Engine] Add existing artifact (move=False): /Users/daper01/Documents/OSLo/Grinder/2017-07-07_16-13-08.534992/script_sample-kpi.log
[2017-07-07 16:13:50,673 DEBUG Engine] No need to copy /Users/daper01/Documents/OSLo/Grinder/2017-07-07_16-13-08.534992/script_sample-kpi.log
[2017-07-07 16:13:50,673 DEBUG Engine.grinder.DataLogReader] Reading grinder results...
[2017-07-07 16:13:50,673 DEBUG Engine.grinder.DataLogReader] Skipping line: worker.script_sample-0 http://blazedemo.com/ -> 200 OK, 7711 bytes

[2017-07-07 16:13:50,673 DEBUG Engine.grinder.DataLogReader] Skipping line: worker.script_sample-0 http://blazedemo.com/ -> 200 OK, 7712 bytes

[2017-07-07 16:13:50,673 DEBUG Engine.grinder.DataLogReader] Skipping line: worker.script_sample-0 http://blazedemo.com/ -> 200 OK, 7712 bytes

[2017-07-07 16:13:50,673 DEBUG Engine.grinder.DataLogReader] Skipping line: worker.script_sample-0 http://blazedemo.com/vacation.html -> 200 OK, 6319 bytes

[2017-07-07 16:13:50,673 DEBUG Engine.grinder.DataLogReader] Skipping line: worker.script_sample-0 http://blazedemo.com/ -> 200 OK, 7712 bytes

[2017-07-07 16:13:50,673 DEBUG Engine.grinder.DataLogReader] Skipping line: worker.script_sample-0 http://blazedemo.com/reserve.php -> 200 OK, 10210 bytes

[2017-07-07 16:13:50,674 DEBUG Engine.grinder.DataLogReader] Skipping line: worker.script_sample-0 http://blazedemo.com/purchase.php -> 200 OK, 9691 bytes

[2017-07-07 16:13:50,674 DEBUG Engine.grinder.DataLogReader] Skipping line: worker.script_sample-0 http://blazedemo.com/ -> 200 OK, 7712 bytes

[2017-07-07 16:13:50,674 DEBUG Engine.grinder.DataLogReader] Skipping line: worker.script_sample-0 http://blazedemo.com/purchase.php -> 200 OK, 9691 bytes

[2017-07-07 16:13:50,674 DEBUG Engine.grinder.DataLogReader] Skipping line: worker.script_sample-0 http://blazedemo.com/reserve.php -> 200 OK, 10210 bytes

[2017-07-07 16:13:50,674 DEBUG Engine.grinder.DataLogReader] Skipping line: worker.script_sample-0 http://blazedemo.com/vacation.html -> 200 OK, 6318 bytes

[2017-07-07 16:13:50,674 DEBUG Engine.grinder.DataLogReader] Skipping line: worker.script_sample-0 http://blazedemo.com/reserve.php -> 200 OK, 10210 bytes

[2017-07-07 16:13:50,674 DEBUG Engine.grinder.DataLogReader] Skipping line: worker.script_sample-0 http://blazedemo.com/vacation.html -> 200 OK, 6318 bytes

[2017-07-07 16:13:50,674 DEBUG Engine.grinder.DataLogReader] Skipping line: worker.script_sample-0 http://blazedemo.com/vacation.html -> 200 OK, 6318 bytes

[2017-07-07 16:13:50,674 DEBUG Engine.grinder.DataLogReader] Skipping line: worker.script_sample-0 http://blazedemo.com/vacation.html -> 200 OK, 6319 bytes

[2017-07-07 16:13:50,674 DEBUG Engine.grinder.DataLogReader] Skipping line: worker.script_sample-0 http://blazedemo.com/vacation.html -> 200 OK, 6318 bytes

[2017-07-07 16:13:50,674 DEBUG Engine.grinder.DataLogReader] Skipping line: worker.script_sample-0 http://blazedemo.com/vacation.html -> 200 OK, 6318 bytes

[2017-07-07 16:13:50,674 DEBUG Engine.grinder.DataLogReader] Skipping line: worker.script_sample-0 http://blazedemo.com/reserve.php -> 200 OK, 10210 bytes

[2017-07-07 16:13:50,675 DEBUG Engine.grinder.DataLogReader] Skipping line: worker.script_sample-0 http://blazedemo.com/confirmation.php -> 200 OK, 8753 bytes

[2017-07-07 16:13:50,675 DEBUG Engine.grinder.DataLogReader] Skipping line: worker.script_sample-0 http://blazedemo.com/confirmation.php -> 200 OK, 8753 bytes

[2017-07-07 16:13:50,675 DEBUG Engine.grinder.DataLogReader] Skipping line: worker.script_sample-0 http://blazedemo.com/ -> 200 OK, 7711 bytes

[2017-07-07 16:13:50,675 DEBUG Engine.grinder.DataLogReader] Skipping line: worker.script_sample-0 http://blazedemo.com/ -> 200 OK, 7711 bytes

[2017-07-07 16:13:50,675 DEBUG Engine.grinder.DataLogReader] Skipping line: worker.script_sample-0 http://blazedemo.com/ -> 200 OK, 7711 bytes

[2017-07-07 16:13:50,675 DEBUG Engine.grinder.DataLogReader] Skipping line: worker.script_sample-0 http://blazedemo.com/reserve.php -> 200 OK, 10210 bytes

[2017-07-07 16:13:50,675 DEBUG Engine.grinder.DataLogReader] Skipping line: worker.script_sample-0 http://blazedemo.com/vacation.html -> 200 OK, 6318 bytes

[2017-07-07 16:13:50,675 DEBUG Engine.grinder.DataLogReader] Skipping line: worker.script_sample-0 http://blazedemo.com/vacation.html -> 200 OK, 6318 bytes

[2017-07-07 16:13:50,675 DEBUG Engine.grinder.DataLogReader] Skipping line: worker.script_sample-0 http://blazedemo.com/vacation.html -> 200 OK, 6318 bytes

[2017-07-07 16:13:50,675 DEBUG Engine.grinder.DataLogReader] Skipping line: worker.script_sample-0 http://blazedemo.com/ -> 200 OK, 7711 bytes

[2017-07-07 16:13:50,675 DEBUG Engine.grinder.DataLogReader] Skipping line: worker.script_sample-0 http://blazedemo.com/ -> 200 OK, 7711 bytes

[2017-07-07 16:13:50,675 DEBUG Engine.grinder.DataLogReader] Skipping line: worker.script_sample-0 http://blazedemo.com/ -> 200 OK, 7711 bytes

[2017-07-07 16:13:50,675 DEBUG Engine.grinder.DataLogReader] Skipping line: worker.script_sample-0 http://blazedemo.com/purchase.php -> 200 OK, 9690 bytes

[2017-07-07 16:13:50,676 DEBUG Engine.grinder.DataLogReader] Skipping line: worker.script_sample-0 http://blazedemo.com/reserve.php -> 200 OK, 10210 bytes

[2017-07-07 16:13:50,676 DEBUG Engine.grinder.DataLogReader] Skipping line: worker.script_sample-0 http://blazedemo.com/ -> 200 OK, 7711 bytes

[2017-07-07 16:13:50,676 DEBUG Engine.grinder.DataLogReader] Skipping line: worker.script_sample-0 http://blazedemo.com/confirmation.php -> 200 OK, 8753 bytes

[2017-07-07 16:13:50,676 DEBUG Engine.grinder.DataLogReader] Skipping line: worker.script_sample-0 http://blazedemo.com/vacation.html -> 200 OK, 6318 bytes

[2017-07-07 16:13:50,676 DEBUG Engine.grinder.DataLogReader] Skipping line: worker.script_sample-0 http://blazedemo.com/ -> 200 OK, 7711 bytes

[2017-07-07 16:13:50,676 DEBUG Engine.grinder.DataLogReader] Skipping line: worker.script_sample-0 http://blazedemo.com/ -> 200 OK, 7711 bytes

[2017-07-07 16:13:50,676 DEBUG Engine.grinder.DataLogReader] Skipping line: worker.script_sample-0 http://blazedemo.com/vacation.html -> 200 OK, 6318 bytes

[2017-07-07 16:13:50,676 DEBUG Engine.grinder.DataLogReader] Skipping line: worker.script_sample-0 http://blazedemo.com/ -> 200 OK, 7711 bytes

[2017-07-07 16:13:50,676 DEBUG Engine.grinder.DataLogReader] Skipping line: worker.script_sample-0 http://blazedemo.com/ -> 200 OK, 7712 bytes

[2017-07-07 16:13:50,676 DEBUG Engine.grinder.DataLogReader] Skipping line: worker.script_sample-0 http://blazedemo.com/vacation.html -> 200 OK, 6318 bytes

[2017-07-07 16:13:50,676 DEBUG Engine.grinder.DataLogReader] Skipping line: worker.script_sample-0 http://blazedemo.com/confirmation.php -> 200 OK, 8753 bytes

[2017-07-07 16:13:50,676 DEBUG Engine.grinder.DataLogReader] Buffer len: 4
[2017-07-07 16:13:50,676 DEBUG Engine.grinder.DataLogReader] Aggregating: 1499458426
[2017-07-07 16:13:50,679 DEBUG Engine.grinder.DataLogReader] Aggregating: 1499458427
[2017-07-07 16:13:50,682 DEBUG Engine.grinder.DataLogReader] Aggregating: 1499458428
[2017-07-07 16:13:50,685 DEBUG Engine.grinder.DataLogReader] Aggregating: 1499458429
[2017-07-07 16:13:50,687 DEBUG Engine.consolidator] Consolidator buffer[6]: [1499458424, 1499458425, 1499458426, 1499458427, 1499458428, 1499458429]
[2017-07-07 16:13:50,687 DEBUG Engine.consolidator] Merging into 1499458424
[2017-07-07 16:13:50,687 DEBUG Engine.consolidator] Merging 1499458424
[2017-07-07 16:13:50,696 DEBUG Engine.consolidator] Processed datapoint: 1499458424/None
[2017-07-07 16:13:50,696 DEBUG Engine.consolidator] Merging into 1499458425
[2017-07-07 16:13:50,696 DEBUG Engine.consolidator] Merging 1499458425
[2017-07-07 16:13:50,703 DEBUG Engine.consolidator] Processed datapoint: 1499458425/None
[2017-07-07 16:13:50,703 DEBUG Engine.consolidator] Merging into 1499458426
[2017-07-07 16:13:50,703 DEBUG Engine.consolidator] Merging 1499458426
[2017-07-07 16:13:50,708 DEBUG Engine.consolidator] Processed datapoint: 1499458426/None
[2017-07-07 16:13:50,708 DEBUG Engine.consolidator] Merging into 1499458427
[2017-07-07 16:13:50,708 DEBUG Engine.consolidator] Merging 1499458427
[2017-07-07 16:13:50,714 DEBUG Engine.consolidator] Processed datapoint: 1499458427/None
[2017-07-07 16:13:50,715 DEBUG Engine.consolidator] Merging into 1499458428
[2017-07-07 16:13:50,715 DEBUG Engine.consolidator] Merging 1499458428
[2017-07-07 16:13:50,727 DEBUG Engine.consolidator] Processed datapoint: 1499458428/None
[2017-07-07 16:13:50,727 DEBUG Engine.consolidator] Merging into 1499458429
[2017-07-07 16:13:50,727 DEBUG Engine.consolidator] Merging 1499458429
[2017-07-07 16:13:50,734 DEBUG Engine.consolidator] Processed datapoint: 1499458429/None
[2017-07-07 16:13:50,734 INFO Engine.final-stats] Test duration: 0:00:41
[2017-07-07 16:13:50,734 INFO Engine.final-stats] Samples count: 354, 0.00% failures
[2017-07-07 16:13:50,734 INFO Engine.final-stats] Average times: total 0.342, latency 0.339, connect 0.114
[2017-07-07 16:13:50,734 INFO Engine.final-stats] Percentile 0.0%: 0.138
[2017-07-07 16:13:50,734 INFO Engine.final-stats] Percentile 50.0%: 0.282
[2017-07-07 16:13:50,735 INFO Engine.final-stats] Percentile 90.0%: 0.599
[2017-07-07 16:13:50,735 INFO Engine.final-stats] Percentile 95.0%: 0.751
[2017-07-07 16:13:50,735 INFO Engine.final-stats] Percentile 99.0%: 1.853
[2017-07-07 16:13:50,735 INFO Engine.final-stats] Percentile 99.9%: 5.571
[2017-07-07 16:13:50,735 INFO Engine.final-stats] Percentile 100.0%: 5.571
[2017-07-07 16:13:50,735 DEBUG Engine.console] No logger_handler or orig_stream was detected
[2017-07-07 16:13:50,737 DEBUG Engine.Configuration] Dumping YAML config into /Users/daper01/Documents/OSLo/Grinder/2017-07-07_16-13-08.534992/effective.yml
[2017-07-07 16:13:50,770 DEBUG Engine.Configuration] Dumping JSON config into /Users/daper01/Documents/OSLo/Grinder/2017-07-07_16-13-08.534992/effective.json
[2017-07-07 16:13:50,771 INFO root] Artifacts dir: /Users/daper01/Documents/OSLo/Grinder/2017-07-07_16-13-08.534992
[2017-07-07 16:13:50,771 WARNING root] Done performing with code: 1
[2017-07-07 16:13:50,772 DEBUG root] Closing log handler: /Users/daper01/Documents/OSLo/Grinder/2017-07-07_16-13-08.534992/bzt.log
