[2017-12-08 11:24:43,853 INFO root] Taurus CLI Tool v1.9.6
[2017-12-08 11:24:43,853 DEBUG root] Command-line options: {'verbose': None, 'no_system_configs': None, 'quiet': None, 'log': '/var/folders/vq/xzrdy2lx047cst78f69v8z3xfzqz1q/T/bzt_SKt0qj.log', 'option': None, 'aliases': ['cloud']}
[2017-12-08 11:24:43,853 DEBUG root] Python: CPython 2.7.13
[2017-12-08 11:24:43,853 DEBUG root] OS: ('Darwin', 'daper01mac1124', '17.2.0', 'Darwin Kernel Version 17.2.0: Fri Sep 29 18:27:05 PDT 2017; root:xnu-4570.20.62~3/RELEASE_X86_64', 'x86_64', 'i386')
[2017-12-08 11:24:43,853 INFO root] Starting with configs: ['load_scenario_from_csv.yml', 'execution_jmeter.yml']
[2017-12-08 11:24:43,854 DEBUG root] Using personal config: /Users/daper01/.bzt-rc
[2017-12-08 11:24:43,854 INFO Engine] Configuring...
[2017-12-08 11:24:43,854 DEBUG Engine] Reading extension configs from: /usr/local/etc/bzt.d
[2017-12-08 11:24:43,854 DEBUG Engine.Configuration] Configs: ['/usr/local/lib/python2.7/site-packages/bzt/resources/base-config.yml', '/usr/local/etc/bzt.d/99-installID.yml']
[2017-12-08 11:24:43,855 DEBUG Engine.Configuration] Reading /usr/local/lib/python2.7/site-packages/bzt/resources/base-config.yml as YAML
[2017-12-08 11:24:43,886 DEBUG Engine.Configuration] Reading /usr/local/etc/bzt.d/99-installID.yml as YAML
[2017-12-08 11:24:43,887 DEBUG Engine.Configuration] Configs: ['/Users/daper01/.bzt-rc', 'load_scenario_from_csv.yml', 'execution_jmeter.yml']
[2017-12-08 11:24:43,888 DEBUG Engine.Configuration] Reading /Users/daper01/.bzt-rc as YAML
[2017-12-08 11:24:43,889 DEBUG Engine.Configuration] Reading load_scenario_from_csv.yml as YAML
[2017-12-08 11:24:43,897 DEBUG Engine.Configuration] Reading execution_jmeter.yml as YAML
[2017-12-08 11:24:43,905 DEBUG Engine.Configuration] Configs: ['/Users/daper01/.bzt-rc', 'load_scenario_from_csv.yml', 'execution_jmeter.yml']
[2017-12-08 11:24:43,905 DEBUG Engine.Configuration] Reading /Users/daper01/.bzt-rc as YAML
[2017-12-08 11:24:43,907 DEBUG Engine.Configuration] Reading load_scenario_from_csv.yml as YAML
[2017-12-08 11:24:43,914 DEBUG Engine.Configuration] Reading execution_jmeter.yml as YAML
[2017-12-08 11:24:43,936 DEBUG Engine] Requesting updates info: http://gettaurus.org/updates/?version=1.9.6&installID=784f43782a15
[2017-12-08 11:24:43,941 INFO Engine] Artifacts dir: /Users/daper01/Documents/OSLo/artifacts/2017-12-08_11-24-43.936558
[2017-12-08 11:24:43,942 DEBUG Engine] New artifact filename: /Users/daper01/Documents/OSLo/artifacts/2017-12-08_11-24-43.936558/effective
[2017-12-08 11:24:43,944 DEBUG Engine.Configuration] Dumping YAML config into /Users/daper01/Documents/OSLo/artifacts/2017-12-08_11-24-43.936558/effective.yml
[2017-12-08 11:24:43,973 DEBUG Engine.Configuration] Dumping JSON config into /Users/daper01/Documents/OSLo/artifacts/2017-12-08_11-24-43.936558/effective.json
[2017-12-08 11:24:43,975 DEBUG Engine] New artifact filename: /Users/daper01/Documents/OSLo/artifacts/2017-12-08_11-24-43.936558/merged.yml
[2017-12-08 11:24:43,976 DEBUG Engine.Configuration] Dumping YAML config into /Users/daper01/Documents/OSLo/artifacts/2017-12-08_11-24-43.936558/merged.yml
[2017-12-08 11:24:43,984 DEBUG Engine] New artifact filename: /Users/daper01/Documents/OSLo/artifacts/2017-12-08_11-24-43.936558/merged.json
[2017-12-08 11:24:43,986 DEBUG Engine.Configuration] Dumping JSON config into /Users/daper01/Documents/OSLo/artifacts/2017-12-08_11-24-43.936558/merged.json
[2017-12-08 11:24:43,988 DEBUG Engine] Add existing artifact (move=False): load_scenario_from_csv.yml
[2017-12-08 11:24:43,988 DEBUG Engine] Copying load_scenario_from_csv.yml to /Users/daper01/Documents/OSLo/artifacts/2017-12-08_11-24-43.936558/load_scenario_from_csv.yml
[2017-12-08 11:24:43,990 DEBUG Engine] Add existing artifact (move=False): execution_jmeter.yml
[2017-12-08 11:24:43,991 DEBUG Engine] Copying execution_jmeter.yml to /Users/daper01/Documents/OSLo/artifacts/2017-12-08_11-24-43.936558/execution_jmeter.yml
[2017-12-08 11:24:43,993 DEBUG root] Closing log handler: /var/folders/vq/xzrdy2lx047cst78f69v8z3xfzqz1q/T/bzt_SKt0qj.log
[2017-12-08 11:24:44,015 DEBUG root] Switched writing logs to /Users/daper01/Documents/OSLo/artifacts/2017-12-08_11-24-43.936558/bzt.log
[2017-12-08 11:24:44,015 INFO Engine] Preparing...
[2017-12-08 11:24:44,016 DEBUG Engine] Module config: consolidator defaultdict(None, {'class': 'bzt.modules.aggregator.ConsolidatingAggregator'})
[2017-12-08 11:24:44,016 DEBUG root] Importing module: bzt.modules.aggregator
[2017-12-08 11:24:44,027 DEBUG root] Loading class: 'ConsolidatingAggregator' from <module 'bzt.modules.aggregator' from '/usr/local/lib/python2.7/site-packages/bzt/modules/aggregator.pyc'>
[2017-12-08 11:24:44,027 DEBUG Engine.consolidator] Exception in dehumanize_time(inf)
[2017-12-08 11:24:44,027 DEBUG Engine.consolidator] Buffer scaling setup: percentile 95.0 from [0.0, 50.0, 90.0, 95.0, 99.0, 99.9, 100.0] selected
[2017-12-08 11:24:44,028 DEBUG Engine] Module config: monitoring defaultdict(None, {'class': 'bzt.modules.monitoring.Monitoring'})
[2017-12-08 11:24:44,028 DEBUG root] Importing module: bzt.modules.monitoring
[2017-12-08 11:24:44,070 DEBUG root] Loading class: 'Monitoring' from <module 'bzt.modules.monitoring' from '/usr/local/lib/python2.7/site-packages/bzt/modules/monitoring.pyc'>
[2017-12-08 11:24:44,070 DEBUG Engine.monitoring] Should not run because of non-matching prov: cloud != local
[2017-12-08 11:24:44,071 DEBUG Engine] Module config: cloud defaultdict(None, {'test': 'Taurus from Scenario', 'report-name': 'Taurus from Scenario', 'class': 'bzt.modules.blazemeter.CloudProvisioning', 'default-location': 'us-central1-a'})
[2017-12-08 11:24:44,071 DEBUG root] Importing module: bzt.modules.blazemeter
[2017-12-08 11:24:44,277 DEBUG easyprocess] version=0.2.3
[2017-12-08 11:24:44,282 DEBUG pyvirtualdisplay] version=0.2.1
[2017-12-08 11:24:44,284 DEBUG root] Loading class: 'CloudProvisioning' from <module 'bzt.modules.blazemeter' from '/usr/local/lib/python2.7/site-packages/bzt/modules/blazemeter.pyc'>
[2017-12-08 11:24:44,285 DEBUG Engine] Module config: blazemeter defaultdict(None, {'token': '********', 'class': 'bzt.modules.blazemeter.BlazeMeterUploader'})
[2017-12-08 11:24:44,285 DEBUG root] Importing module: bzt.modules.blazemeter
[2017-12-08 11:24:44,285 DEBUG root] Loading class: 'BlazeMeterUploader' from <module 'bzt.modules.blazemeter' from '/usr/local/lib/python2.7/site-packages/bzt/modules/blazemeter.pyc'>
[2017-12-08 11:24:44,286 DEBUG Engine.cloud] Request: GET https://a.blazemeter.com/api/v4/accounts None
[2017-12-08 11:24:44,296 DEBUG urllib3.connectionpool] Starting new HTTPS connection (1): a.blazemeter.com
[2017-12-08 11:24:44,542 DEBUG Engine] Taurus updates info: {"latest":"1.10.3","needsUpgrade":true}
[2017-12-08 11:24:44,543 WARNING Engine] There is newer version of Taurus 1.10.3 available, consider upgrading. What's new: http://gettaurus.org/docs/Changelog/
[2017-12-08 11:24:44,812 DEBUG urllib3.connectionpool] https://a.blazemeter.com:443 "GET /api/v4/accounts HTTP/1.1" 200 2726
[2017-12-08 11:24:44,815 DEBUG Engine.cloud] Response [200]: {
    "limit": 10,
    "skip": 0,
    "total": 3,
    "hidden": 0,
    "api_version": 4,
    "error": null,
    "result": [
        {
            "id": 153221,
            "name": "BlazeMeter Demo",
            "thumbnailUrl": "https://www.blazemeter.com/s
[2017-12-08 11:24:44,816 DEBUG Engine.cloud] Request: GET https://a.blazemeter.com/api/v4/workspaces?accountId=153221&enabled=true&limit=100 None
[2017-12-08 11:24:44,818 DEBUG urllib3.connectionpool] Starting new HTTPS connection (1): a.blazemeter.com
[2017-12-08 11:24:45,286 DEBUG urllib3.connectionpool] https://a.blazemeter.com:443 "GET /api/v4/workspaces?accountId=153221&enabled=true&limit=100 HTTP/1.1" 200 814
[2017-12-08 11:24:45,293 DEBUG Engine.cloud] Response [200]: {
    "limit": 100,
    "skip": 0,
    "total": 1,
    "hidden": 0,
    "api_version": 4,
    "error": null,
    "result": [
        {
            "id": 146738,
            "name": "Demo workspace",
            "userId": 368191,
            "created": 1498
[2017-12-08 11:24:45,294 DEBUG Engine.cloud] Request: GET https://a.blazemeter.com/api/v4/workspaces?accountId=125626&enabled=true&limit=100 None
[2017-12-08 11:24:45,297 DEBUG urllib3.connectionpool] Starting new HTTPS connection (1): a.blazemeter.com
[2017-12-08 11:24:45,706 DEBUG urllib3.connectionpool] https://a.blazemeter.com:443 "GET /api/v4/workspaces?accountId=125626&enabled=true&limit=100 HTTP/1.1" 200 4882
[2017-12-08 11:24:45,713 DEBUG Engine.cloud] Response [200]: {
    "limit": 100,
    "skip": 0,
    "total": 7,
    "hidden": 0,
    "api_version": 4,
    "error": null,
    "result": [
        {
            "id": 119008,
            "name": "Default workspace",
            "userId": 339612,
            "created": 1
[2017-12-08 11:24:45,715 DEBUG Engine.cloud] Request: GET https://a.blazemeter.com/api/v4/workspaces?accountId=21166&enabled=true&limit=100 None
[2017-12-08 11:24:45,718 DEBUG urllib3.connectionpool] Starting new HTTPS connection (1): a.blazemeter.com
[2017-12-08 11:24:46,180 DEBUG urllib3.connectionpool] https://a.blazemeter.com:443 "GET /api/v4/workspaces?accountId=21166&enabled=true&limit=100 HTTP/1.1" 200 1482
[2017-12-08 11:24:46,185 DEBUG Engine.cloud] Response [200]: {
    "limit": 100,
    "skip": 0,
    "total": 2,
    "hidden": 0,
    "api_version": 4,
    "error": null,
    "result": [
        {
            "id": 7199,
            "name": "CA SE Workspace",
            "userId": 307773,
            "created": 14775
[2017-12-08 11:24:46,186 DEBUG Engine] Module config: jmeter defaultdict(None, {'properties': defaultdict(None, {'jmeter.save.saveservice.autoflush': 'true', 'summariser.name': '', 'jmeter.save.saveservice.connect_time': 'true', 'mode': 'Stripped', 'jmeterengine.force.system.exit': 'true'}), 'class': 'bzt.modules.jmeter.JMeterExecutor', 'plugins': ['jpgc-casutg', 'jpgc-dummy', 'jpgc-ffw', 'jpgc-fifo', 'jpgc-functions', 'jpgc-json', 'jpgc-perfmon', 'jpgc-prmctl', 'jpgc-tst']})
[2017-12-08 11:24:46,186 DEBUG root] Importing module: bzt.modules.jmeter
[2017-12-08 11:24:46,223 DEBUG root] Loading class: 'JMeterExecutor' from <module 'bzt.modules.jmeter' from '/usr/local/lib/python2.7/site-packages/bzt/modules/jmeter.pyc'>
[2017-12-08 11:24:46,224 DEBUG Engine.cloud] Request: GET https://a.blazemeter.com/api/v4/multi-tests?workspaceId=146738&name=Taurus+from+Scenario None
[2017-12-08 11:24:46,226 DEBUG urllib3.connectionpool] Starting new HTTPS connection (1): a.blazemeter.com
[2017-12-08 11:24:46,652 DEBUG urllib3.connectionpool] https://a.blazemeter.com:443 "GET /api/v4/multi-tests?workspaceId=146738&name=Taurus+from+Scenario HTTP/1.1" 200 126
[2017-12-08 11:24:46,658 DEBUG Engine.cloud] Response [200]: {
    "limit": 10,
    "skip": 0,
    "total": 0,
    "hidden": 0,
    "api_version": 4,
    "error": null,
    "result": []
}
[2017-12-08 11:24:46,659 DEBUG Engine.cloud] Request: GET https://a.blazemeter.com/api/v4/multi-tests?workspaceId=119008&name=Taurus+from+Scenario None
[2017-12-08 11:24:46,661 DEBUG urllib3.connectionpool] Starting new HTTPS connection (1): a.blazemeter.com
[2017-12-08 11:24:47,038 DEBUG urllib3.connectionpool] https://a.blazemeter.com:443 "GET /api/v4/multi-tests?workspaceId=119008&name=Taurus+from+Scenario HTTP/1.1" 200 126
[2017-12-08 11:24:47,044 DEBUG Engine.cloud] Response [200]: {
    "limit": 10,
    "skip": 0,
    "total": 0,
    "hidden": 0,
    "api_version": 4,
    "error": null,
    "result": []
}
[2017-12-08 11:24:47,044 DEBUG Engine.cloud] Request: GET https://a.blazemeter.com/api/v4/multi-tests?workspaceId=127980&name=Taurus+from+Scenario None
[2017-12-08 11:24:47,046 DEBUG urllib3.connectionpool] Starting new HTTPS connection (1): a.blazemeter.com
[2017-12-08 11:24:47,415 DEBUG urllib3.connectionpool] https://a.blazemeter.com:443 "GET /api/v4/multi-tests?workspaceId=127980&name=Taurus+from+Scenario HTTP/1.1" 200 126
[2017-12-08 11:24:47,418 DEBUG Engine.cloud] Response [200]: {
    "limit": 10,
    "skip": 0,
    "total": 0,
    "hidden": 0,
    "api_version": 4,
    "error": null,
    "result": []
}
[2017-12-08 11:24:47,418 DEBUG Engine.cloud] Request: GET https://a.blazemeter.com/api/v4/multi-tests?workspaceId=127984&name=Taurus+from+Scenario None
[2017-12-08 11:24:47,420 DEBUG urllib3.connectionpool] Starting new HTTPS connection (1): a.blazemeter.com
[2017-12-08 11:24:47,802 DEBUG urllib3.connectionpool] https://a.blazemeter.com:443 "GET /api/v4/multi-tests?workspaceId=127984&name=Taurus+from+Scenario HTTP/1.1" 200 126
[2017-12-08 11:24:47,807 DEBUG Engine.cloud] Response [200]: {
    "limit": 10,
    "skip": 0,
    "total": 0,
    "hidden": 0,
    "api_version": 4,
    "error": null,
    "result": []
}
[2017-12-08 11:24:47,808 DEBUG Engine.cloud] Request: GET https://a.blazemeter.com/api/v4/multi-tests?workspaceId=132723&name=Taurus+from+Scenario None
[2017-12-08 11:24:47,810 DEBUG urllib3.connectionpool] Starting new HTTPS connection (1): a.blazemeter.com
[2017-12-08 11:24:48,184 DEBUG urllib3.connectionpool] https://a.blazemeter.com:443 "GET /api/v4/multi-tests?workspaceId=132723&name=Taurus+from+Scenario HTTP/1.1" 200 126
[2017-12-08 11:24:48,190 DEBUG Engine.cloud] Response [200]: {
    "limit": 10,
    "skip": 0,
    "total": 0,
    "hidden": 0,
    "api_version": 4,
    "error": null,
    "result": []
}
[2017-12-08 11:24:48,190 DEBUG Engine.cloud] Request: GET https://a.blazemeter.com/api/v4/multi-tests?workspaceId=153836&name=Taurus+from+Scenario None
[2017-12-08 11:24:48,192 DEBUG urllib3.connectionpool] Starting new HTTPS connection (1): a.blazemeter.com
[2017-12-08 11:24:48,576 DEBUG urllib3.connectionpool] https://a.blazemeter.com:443 "GET /api/v4/multi-tests?workspaceId=153836&name=Taurus+from+Scenario HTTP/1.1" 200 126
[2017-12-08 11:24:48,583 DEBUG Engine.cloud] Response [200]: {
    "limit": 10,
    "skip": 0,
    "total": 0,
    "hidden": 0,
    "api_version": 4,
    "error": null,
    "result": []
}
[2017-12-08 11:24:48,583 DEBUG Engine.cloud] Request: GET https://a.blazemeter.com/api/v4/multi-tests?workspaceId=163251&name=Taurus+from+Scenario None
[2017-12-08 11:24:48,585 DEBUG urllib3.connectionpool] Starting new HTTPS connection (1): a.blazemeter.com
[2017-12-08 11:24:49,437 DEBUG urllib3.connectionpool] https://a.blazemeter.com:443 "GET /api/v4/multi-tests?workspaceId=163251&name=Taurus+from+Scenario HTTP/1.1" 200 126
[2017-12-08 11:24:49,440 DEBUG Engine.cloud] Response [200]: {
    "limit": 10,
    "skip": 0,
    "total": 0,
    "hidden": 0,
    "api_version": 4,
    "error": null,
    "result": []
}
[2017-12-08 11:24:49,441 DEBUG Engine.cloud] Request: GET https://a.blazemeter.com/api/v4/multi-tests?workspaceId=135886&name=Taurus+from+Scenario None
[2017-12-08 11:24:49,443 DEBUG urllib3.connectionpool] Starting new HTTPS connection (1): a.blazemeter.com
[2017-12-08 11:24:49,805 DEBUG urllib3.connectionpool] https://a.blazemeter.com:443 "GET /api/v4/multi-tests?workspaceId=135886&name=Taurus+from+Scenario HTTP/1.1" 200 126
[2017-12-08 11:24:49,811 DEBUG Engine.cloud] Response [200]: {
    "limit": 10,
    "skip": 0,
    "total": 0,
    "hidden": 0,
    "api_version": 4,
    "error": null,
    "result": []
}
[2017-12-08 11:24:49,812 DEBUG Engine.cloud] Request: GET https://a.blazemeter.com/api/v4/multi-tests?workspaceId=7199&name=Taurus+from+Scenario None
[2017-12-08 11:24:49,814 DEBUG urllib3.connectionpool] Starting new HTTPS connection (1): a.blazemeter.com
[2017-12-08 11:24:50,209 DEBUG urllib3.connectionpool] https://a.blazemeter.com:443 "GET /api/v4/multi-tests?workspaceId=7199&name=Taurus+from+Scenario HTTP/1.1" 200 126
[2017-12-08 11:24:50,216 DEBUG Engine.cloud] Response [200]: {
    "limit": 10,
    "skip": 0,
    "total": 0,
    "hidden": 0,
    "api_version": 4,
    "error": null,
    "result": []
}
[2017-12-08 11:24:50,217 DEBUG Engine.cloud] Request: GET https://a.blazemeter.com/api/v4/multi-tests?workspaceId=133217&name=Taurus+from+Scenario None
[2017-12-08 11:24:50,220 DEBUG urllib3.connectionpool] Starting new HTTPS connection (1): a.blazemeter.com
[2017-12-08 11:24:50,606 DEBUG urllib3.connectionpool] https://a.blazemeter.com:443 "GET /api/v4/multi-tests?workspaceId=133217&name=Taurus+from+Scenario HTTP/1.1" 200 126
[2017-12-08 11:24:50,613 DEBUG Engine.cloud] Response [200]: {
    "limit": 10,
    "skip": 0,
    "total": 0,
    "hidden": 0,
    "api_version": 4,
    "error": null,
    "result": []
}
[2017-12-08 11:24:50,613 DEBUG Engine.cloud.ProjectFinder] Looked for collection: None
[2017-12-08 11:24:50,613 DEBUG Engine.cloud] Request: GET https://a.blazemeter.com/api/v4/tests?workspaceId=146738&name=Taurus+from+Scenario None
[2017-12-08 11:24:50,616 DEBUG urllib3.connectionpool] Starting new HTTPS connection (1): a.blazemeter.com
[2017-12-08 11:24:50,978 DEBUG urllib3.connectionpool] https://a.blazemeter.com:443 "GET /api/v4/tests?workspaceId=146738&name=Taurus+from+Scenario HTTP/1.1" 200 126
[2017-12-08 11:24:50,984 DEBUG Engine.cloud] Response [200]: {
    "limit": 10,
    "skip": 0,
    "total": 0,
    "hidden": 0,
    "api_version": 4,
    "error": null,
    "result": []
}
[2017-12-08 11:24:50,985 DEBUG Engine.cloud] Request: GET https://a.blazemeter.com/api/v4/tests?workspaceId=119008&name=Taurus+from+Scenario None
[2017-12-08 11:24:50,988 DEBUG urllib3.connectionpool] Starting new HTTPS connection (1): a.blazemeter.com
[2017-12-08 11:24:51,423 DEBUG urllib3.connectionpool] https://a.blazemeter.com:443 "GET /api/v4/tests?workspaceId=119008&name=Taurus+from+Scenario HTTP/1.1" 200 852
[2017-12-08 11:24:51,429 DEBUG Engine.cloud] Response [200]: {
    "limit": 10,
    "skip": 0,
    "total": 1,
    "hidden": 0,
    "api_version": 4,
    "error": null,
    "result": [
        {
            "id": 5781129,
            "name": "Taurus from Scenario",
            "userId": 339612,
            "created"
[2017-12-08 11:24:51,430 DEBUG Engine.cloud] Request: GET https://a.blazemeter.com/api/v4/tests?workspaceId=127980&name=Taurus+from+Scenario None
[2017-12-08 11:24:51,432 DEBUG urllib3.connectionpool] Starting new HTTPS connection (1): a.blazemeter.com
[2017-12-08 11:24:51,837 DEBUG urllib3.connectionpool] https://a.blazemeter.com:443 "GET /api/v4/tests?workspaceId=127980&name=Taurus+from+Scenario HTTP/1.1" 200 126
[2017-12-08 11:24:51,844 DEBUG Engine.cloud] Response [200]: {
    "limit": 10,
    "skip": 0,
    "total": 0,
    "hidden": 0,
    "api_version": 4,
    "error": null,
    "result": []
}
[2017-12-08 11:24:51,844 DEBUG Engine.cloud] Request: GET https://a.blazemeter.com/api/v4/tests?workspaceId=127984&name=Taurus+from+Scenario None
[2017-12-08 11:24:51,847 DEBUG urllib3.connectionpool] Starting new HTTPS connection (1): a.blazemeter.com
[2017-12-08 11:24:52,241 DEBUG urllib3.connectionpool] https://a.blazemeter.com:443 "GET /api/v4/tests?workspaceId=127984&name=Taurus+from+Scenario HTTP/1.1" 200 126
[2017-12-08 11:24:52,251 DEBUG Engine.cloud] Response [200]: {
    "limit": 10,
    "skip": 0,
    "total": 0,
    "hidden": 0,
    "api_version": 4,
    "error": null,
    "result": []
}
[2017-12-08 11:24:52,251 DEBUG Engine.cloud] Request: GET https://a.blazemeter.com/api/v4/tests?workspaceId=132723&name=Taurus+from+Scenario None
[2017-12-08 11:24:52,254 DEBUG urllib3.connectionpool] Starting new HTTPS connection (1): a.blazemeter.com
[2017-12-08 11:24:52,636 DEBUG urllib3.connectionpool] https://a.blazemeter.com:443 "GET /api/v4/tests?workspaceId=132723&name=Taurus+from+Scenario HTTP/1.1" 200 126
[2017-12-08 11:24:52,642 DEBUG Engine.cloud] Response [200]: {
    "limit": 10,
    "skip": 0,
    "total": 0,
    "hidden": 0,
    "api_version": 4,
    "error": null,
    "result": []
}
[2017-12-08 11:24:52,643 DEBUG Engine.cloud] Request: GET https://a.blazemeter.com/api/v4/tests?workspaceId=153836&name=Taurus+from+Scenario None
[2017-12-08 11:24:52,645 DEBUG urllib3.connectionpool] Starting new HTTPS connection (1): a.blazemeter.com
[2017-12-08 11:24:53,099 DEBUG urllib3.connectionpool] https://a.blazemeter.com:443 "GET /api/v4/tests?workspaceId=153836&name=Taurus+from+Scenario HTTP/1.1" 200 126
[2017-12-08 11:24:53,105 DEBUG Engine.cloud] Response [200]: {
    "limit": 10,
    "skip": 0,
    "total": 0,
    "hidden": 0,
    "api_version": 4,
    "error": null,
    "result": []
}
[2017-12-08 11:24:53,105 DEBUG Engine.cloud] Request: GET https://a.blazemeter.com/api/v4/tests?workspaceId=163251&name=Taurus+from+Scenario None
[2017-12-08 11:24:53,108 DEBUG urllib3.connectionpool] Starting new HTTPS connection (1): a.blazemeter.com
[2017-12-08 11:24:53,495 DEBUG urllib3.connectionpool] https://a.blazemeter.com:443 "GET /api/v4/tests?workspaceId=163251&name=Taurus+from+Scenario HTTP/1.1" 200 126
[2017-12-08 11:24:53,501 DEBUG Engine.cloud] Response [200]: {
    "limit": 10,
    "skip": 0,
    "total": 0,
    "hidden": 0,
    "api_version": 4,
    "error": null,
    "result": []
}
[2017-12-08 11:24:53,501 DEBUG Engine.cloud] Request: GET https://a.blazemeter.com/api/v4/tests?workspaceId=135886&name=Taurus+from+Scenario None
[2017-12-08 11:24:53,503 DEBUG urllib3.connectionpool] Starting new HTTPS connection (1): a.blazemeter.com
[2017-12-08 11:24:54,038 DEBUG urllib3.connectionpool] https://a.blazemeter.com:443 "GET /api/v4/tests?workspaceId=135886&name=Taurus+from+Scenario HTTP/1.1" 200 126
[2017-12-08 11:24:54,043 DEBUG Engine.cloud] Response [200]: {
    "limit": 10,
    "skip": 0,
    "total": 0,
    "hidden": 0,
    "api_version": 4,
    "error": null,
    "result": []
}
[2017-12-08 11:24:54,043 DEBUG Engine.cloud] Request: GET https://a.blazemeter.com/api/v4/tests?workspaceId=7199&name=Taurus+from+Scenario None
[2017-12-08 11:24:54,045 DEBUG urllib3.connectionpool] Starting new HTTPS connection (1): a.blazemeter.com
[2017-12-08 11:24:54,422 DEBUG urllib3.connectionpool] https://a.blazemeter.com:443 "GET /api/v4/tests?workspaceId=7199&name=Taurus+from+Scenario HTTP/1.1" 200 126
[2017-12-08 11:24:54,426 DEBUG Engine.cloud] Response [200]: {
    "limit": 10,
    "skip": 0,
    "total": 0,
    "hidden": 0,
    "api_version": 4,
    "error": null,
    "result": []
}
[2017-12-08 11:24:54,426 DEBUG Engine.cloud] Request: GET https://a.blazemeter.com/api/v4/tests?workspaceId=133217&name=Taurus+from+Scenario None
[2017-12-08 11:24:54,432 DEBUG urllib3.connectionpool] Starting new HTTPS connection (1): a.blazemeter.com
[2017-12-08 11:24:54,824 DEBUG urllib3.connectionpool] https://a.blazemeter.com:443 "GET /api/v4/tests?workspaceId=133217&name=Taurus+from+Scenario HTTP/1.1" 200 126
[2017-12-08 11:24:54,831 DEBUG Engine.cloud] Response [200]: {
    "limit": 10,
    "skip": 0,
    "total": 0,
    "hidden": 0,
    "api_version": 4,
    "error": null,
    "result": []
}
[2017-12-08 11:24:54,832 DEBUG Engine.cloud.ProjectFinder] Looked for test: {u'updated': 1512726592, u'name': u'Taurus from Scenario', u'created': 1508340357, u'creatorClientId': u'Taurus', u'userId': 339612, u'lastUpdatedById': 339612, u'projectId': 162568, u'configuration': {u'targetThreads': 0, u'type': u'taurus', u'canControlRampup': False, u'plugins': {u'functionalExecution': {u'enabled': False}, u'taurus': {u'filename': u'taurus.yml'}}}, u'id': 5781129}
[2017-12-08 11:24:54,832 DEBUG Engine.cloud.ProjectFinder] Detected test type: old
[2017-12-08 11:24:54,832 DEBUG Engine.cloud] Request: GET https://a.blazemeter.com/api/v4/user None
[2017-12-08 11:24:54,836 DEBUG urllib3.connectionpool] Starting new HTTPS connection (1): a.blazemeter.com
[2017-12-08 11:24:55,263 DEBUG urllib3.connectionpool] https://a.blazemeter.com:443 "GET /api/v4/user HTTP/1.1" 200 2347
[2017-12-08 11:24:55,268 DEBUG Engine.cloud] Response [200]: {
    "api_version": 4,
    "error": null,
    "result": {
        "id": 339612,
        "email": "eric.dapp@blazemeter.com",
        "access": 1512761094,
        "login": 1512411328,
        "firstName": "Eric",
        "lastName": "Dapp",
        "timez
[2017-12-08 11:24:55,269 DEBUG Engine.cloud] Request: GET https://a.blazemeter.com/api/v4/projects?workspaceId=146738&limit=99999 None
[2017-12-08 11:24:55,272 DEBUG urllib3.connectionpool] Starting new HTTPS connection (1): a.blazemeter.com
[2017-12-08 11:24:55,665 DEBUG urllib3.connectionpool] https://a.blazemeter.com:443 "GET /api/v4/projects?workspaceId=146738&limit=99999 HTTP/1.1" 200 1122
[2017-12-08 11:24:55,672 DEBUG Engine.cloud] Response [200]: {
    "limit": 50,
    "skip": 0,
    "total": 3,
    "hidden": 0,
    "api_version": 4,
    "error": null,
    "result": [
        {
            "id": 216192,
            "name": "API Stress Tests",
            "userId": null,
            "description": "
[2017-12-08 11:24:55,673 DEBUG Engine.cloud] Request: GET https://a.blazemeter.com/api/v4/projects?workspaceId=119008&limit=99999 None
[2017-12-08 11:24:55,676 DEBUG urllib3.connectionpool] Starting new HTTPS connection (1): a.blazemeter.com
[2017-12-08 11:24:56,034 DEBUG urllib3.connectionpool] https://a.blazemeter.com:443 "GET /api/v4/projects?workspaceId=119008&limit=99999 HTTP/1.1" 200 2048
[2017-12-08 11:24:56,041 DEBUG Engine.cloud] Response [200]: {
    "limit": 50,
    "skip": 0,
    "total": 6,
    "hidden": 0,
    "api_version": 4,
    "error": null,
    "result": [
        {
            "id": 163658,
            "name": "BlazeDemo Tests",
            "userId": null,
            "description": ""
[2017-12-08 11:24:56,042 DEBUG Engine.cloud] Request: GET https://a.blazemeter.com/api/v4/projects?workspaceId=127980&limit=99999 None
[2017-12-08 11:24:56,046 DEBUG urllib3.connectionpool] Starting new HTTPS connection (1): a.blazemeter.com
[2017-12-08 11:24:56,401 DEBUG urllib3.connectionpool] https://a.blazemeter.com:443 "GET /api/v4/projects?workspaceId=127980&limit=99999 HTTP/1.1" 200 720
[2017-12-08 11:24:56,408 DEBUG Engine.cloud] Response [200]: {
    "limit": 50,
    "skip": 0,
    "total": 2,
    "hidden": 0,
    "api_version": 4,
    "error": null,
    "result": [
        {
            "id": 173138,
            "name": "Default project",
            "userId": null,
            "description": nu
[2017-12-08 11:24:56,408 DEBUG Engine.cloud] Request: GET https://a.blazemeter.com/api/v4/projects?workspaceId=127984&limit=99999 None
[2017-12-08 11:24:56,410 DEBUG urllib3.connectionpool] Starting new HTTPS connection (1): a.blazemeter.com
[2017-12-08 11:24:56,805 DEBUG urllib3.connectionpool] https://a.blazemeter.com:443 "GET /api/v4/projects?workspaceId=127984&limit=99999 HTTP/1.1" 200 410
[2017-12-08 11:24:56,811 DEBUG Engine.cloud] Response [200]: {
    "limit": 50,
    "skip": 0,
    "total": 1,
    "hidden": 0,
    "api_version": 4,
    "error": null,
    "result": [
        {
            "id": 173143,
            "name": "Default project",
            "userId": null,
            "description": nu
[2017-12-08 11:24:56,811 DEBUG Engine.cloud] Request: GET https://a.blazemeter.com/api/v4/projects?workspaceId=132723&limit=99999 None
[2017-12-08 11:24:56,814 DEBUG urllib3.connectionpool] Starting new HTTPS connection (1): a.blazemeter.com
[2017-12-08 11:24:57,185 DEBUG urllib3.connectionpool] https://a.blazemeter.com:443 "GET /api/v4/projects?workspaceId=132723&limit=99999 HTTP/1.1" 200 412
[2017-12-08 11:24:57,193 DEBUG Engine.cloud] Response [200]: {
    "limit": 50,
    "skip": 0,
    "total": 1,
    "hidden": 0,
    "api_version": 4,
    "error": null,
    "result": [
        {
            "id": 178588,
            "name": "Default project",
            "userId": null,
            "description": nu
[2017-12-08 11:24:57,193 DEBUG Engine.cloud] Request: GET https://a.blazemeter.com/api/v4/projects?workspaceId=153836&limit=99999 None
[2017-12-08 11:24:57,197 DEBUG urllib3.connectionpool] Starting new HTTPS connection (1): a.blazemeter.com
[2017-12-08 11:24:57,596 DEBUG urllib3.connectionpool] https://a.blazemeter.com:443 "GET /api/v4/projects?workspaceId=153836&limit=99999 HTTP/1.1" 200 684
[2017-12-08 11:24:57,601 DEBUG Engine.cloud] Response [200]: {
    "limit": 50,
    "skip": 0,
    "total": 2,
    "hidden": 0,
    "api_version": 4,
    "error": null,
    "result": [
        {
            "id": 202867,
            "name": "Default project",
            "userId": null,
            "description": nu
[2017-12-08 11:24:57,601 DEBUG Engine.cloud] Request: GET https://a.blazemeter.com/api/v4/projects?workspaceId=163251&limit=99999 None
[2017-12-08 11:24:57,608 DEBUG urllib3.connectionpool] Starting new HTTPS connection (1): a.blazemeter.com
[2017-12-08 11:24:57,993 DEBUG urllib3.connectionpool] https://a.blazemeter.com:443 "GET /api/v4/projects?workspaceId=163251&limit=99999 HTTP/1.1" 200 410
[2017-12-08 11:24:57,996 DEBUG Engine.cloud] Response [200]: {
    "limit": 50,
    "skip": 0,
    "total": 1,
    "hidden": 0,
    "api_version": 4,
    "error": null,
    "result": [
        {
            "id": 213729,
            "name": "Default project",
            "userId": null,
            "description": nu
[2017-12-08 11:24:57,997 DEBUG Engine.cloud] Request: GET https://a.blazemeter.com/api/v4/projects?workspaceId=135886&limit=99999 None
[2017-12-08 11:24:57,998 DEBUG urllib3.connectionpool] Starting new HTTPS connection (1): a.blazemeter.com
[2017-12-08 11:24:58,372 DEBUG urllib3.connectionpool] https://a.blazemeter.com:443 "GET /api/v4/projects?workspaceId=135886&limit=99999 HTTP/1.1" 200 679
[2017-12-08 11:24:58,378 DEBUG Engine.cloud] Response [200]: {
    "limit": 50,
    "skip": 0,
    "total": 2,
    "hidden": 0,
    "api_version": 4,
    "error": null,
    "result": [
        {
            "id": 182182,
            "name": "Default project",
            "userId": null,
            "description": nu
[2017-12-08 11:24:58,379 DEBUG Engine.cloud] Request: GET https://a.blazemeter.com/api/v4/projects?workspaceId=7199&limit=99999 None
[2017-12-08 11:24:58,383 DEBUG urllib3.connectionpool] Starting new HTTPS connection (1): a.blazemeter.com
[2017-12-08 11:24:58,750 DEBUG urllib3.connectionpool] https://a.blazemeter.com:443 "GET /api/v4/projects?workspaceId=7199&limit=99999 HTTP/1.1" 200 4294
[2017-12-08 11:24:58,757 DEBUG Engine.cloud] Response [200]: {
    "limit": 50,
    "skip": 0,
    "total": 15,
    "hidden": 0,
    "api_version": 4,
    "error": null,
    "result": [
        {
            "id": 167099,
            "name": "APM",
            "userId": null,
            "description": "JMeter with 
[2017-12-08 11:24:58,758 DEBUG Engine.cloud] Request: GET https://a.blazemeter.com/api/v4/projects?workspaceId=133217&limit=99999 None
[2017-12-08 11:24:58,762 DEBUG urllib3.connectionpool] Starting new HTTPS connection (1): a.blazemeter.com
[2017-12-08 11:24:59,128 DEBUG urllib3.connectionpool] https://a.blazemeter.com:443 "GET /api/v4/projects?workspaceId=133217&limit=99999 HTTP/1.1" 200 1613
[2017-12-08 11:24:59,134 DEBUG Engine.cloud] Response [200]: {
    "limit": 50,
    "skip": 0,
    "total": 5,
    "hidden": 0,
    "api_version": 4,
    "error": null,
    "result": [
        {
            "id": 201589,
            "name": "API - Run As Functional",
            "userId": null,
            "descript
[2017-12-08 11:24:59,135 DEBUG Engine.cloud] Request: GET https://a.blazemeter.com/api/v4/workspaces/146738 None
[2017-12-08 11:24:59,137 DEBUG urllib3.connectionpool] Starting new HTTPS connection (1): a.blazemeter.com
[2017-12-08 11:24:59,594 DEBUG urllib3.connectionpool] https://a.blazemeter.com:443 "GET /api/v4/workspaces/146738 HTTP/1.1" 200 None
[2017-12-08 11:24:59,672 DEBUG Engine.cloud] Response [200]: {
    "api_version": 4,
    "error": null,
    "result": {
        "id": 146738,
        "name": "Demo workspace",
        "userId": 368191,
        "created": 1498856673,
        "updated": 1509038523,
        "enabled": true,
        "dedicatedIpsEnabled
[2017-12-08 11:24:59,681 DEBUG Engine.cloud] Request: GET https://a.blazemeter.com/api/v4/workspaces/119008 None
[2017-12-08 11:24:59,683 DEBUG urllib3.connectionpool] Starting new HTTPS connection (1): a.blazemeter.com
[2017-12-08 11:25:00,139 DEBUG urllib3.connectionpool] https://a.blazemeter.com:443 "GET /api/v4/workspaces/119008 HTTP/1.1" 200 None
[2017-12-08 11:25:00,217 DEBUG Engine.cloud] Response [200]: {
    "api_version": 4,
    "error": null,
    "result": {
        "id": 119008,
        "name": "Default workspace",
        "userId": 339612,
        "created": 1486702692,
        "updated": 1486702692,
        "enabled": true,
        "dedicatedIpsEnab
[2017-12-08 11:25:00,221 DEBUG Engine.cloud] Request: GET https://a.blazemeter.com/api/v4/workspaces/127980 None
[2017-12-08 11:25:00,223 DEBUG urllib3.connectionpool] Starting new HTTPS connection (1): a.blazemeter.com
[2017-12-08 11:25:00,720 DEBUG urllib3.connectionpool] https://a.blazemeter.com:443 "GET /api/v4/workspaces/127980 HTTP/1.1" 200 None
[2017-12-08 11:25:00,797 DEBUG Engine.cloud] Response [200]: {
    "api_version": 4,
    "error": null,
    "result": {
        "id": 127980,
        "name": "Demo Workspace",
        "userId": 339612,
        "created": 1491255975,
        "updated": 1491255975,
        "enabled": true,
        "dedicatedIpsEnabled
[2017-12-08 11:25:00,806 DEBUG Engine.cloud] Request: GET https://a.blazemeter.com/api/v4/workspaces/127984 None
[2017-12-08 11:25:00,808 DEBUG urllib3.connectionpool] Starting new HTTPS connection (1): a.blazemeter.com
[2017-12-08 11:25:01,263 DEBUG urllib3.connectionpool] https://a.blazemeter.com:443 "GET /api/v4/workspaces/127984 HTTP/1.1" 200 None
[2017-12-08 11:25:01,341 DEBUG Engine.cloud] Response [200]: {
    "api_version": 4,
    "error": null,
    "result": {
        "id": 127984,
        "name": "Demo Workspace 2",
        "userId": 339612,
        "created": 1491261975,
        "updated": 1491261975,
        "enabled": true,
        "dedicatedIpsEnabl
[2017-12-08 11:25:01,346 DEBUG Engine.cloud] Request: GET https://a.blazemeter.com/api/v4/workspaces/132723 None
[2017-12-08 11:25:01,348 DEBUG urllib3.connectionpool] Starting new HTTPS connection (1): a.blazemeter.com
[2017-12-08 11:25:01,804 DEBUG urllib3.connectionpool] https://a.blazemeter.com:443 "GET /api/v4/workspaces/132723 HTTP/1.1" 200 None
[2017-12-08 11:25:01,882 DEBUG Engine.cloud] Response [200]: {
    "api_version": 4,
    "error": null,
    "result": {
        "id": 132723,
        "name": "Functional",
        "userId": 339612,
        "created": 1493312851,
        "updated": 1499734757,
        "enabled": true,
        "dedicatedIpsEnabled": t
[2017-12-08 11:25:01,887 DEBUG Engine.cloud] Request: GET https://a.blazemeter.com/api/v4/workspaces/153836 None
[2017-12-08 11:25:01,889 DEBUG urllib3.connectionpool] Starting new HTTPS connection (1): a.blazemeter.com
[2017-12-08 11:25:02,323 DEBUG urllib3.connectionpool] https://a.blazemeter.com:443 "GET /api/v4/workspaces/153836 HTTP/1.1" 200 None
[2017-12-08 11:25:02,404 DEBUG Engine.cloud] Response [200]: {
    "api_version": 4,
    "error": null,
    "result": {
        "id": 153836,
        "name": "blazedemo",
        "userId": 339612,
        "created": 1501870483,
        "updated": 1501870483,
        "enabled": true,
        "dedicatedIpsEnabled": tr
[2017-12-08 11:25:02,416 DEBUG Engine.cloud] Request: GET https://a.blazemeter.com/api/v4/workspaces/163251 None
[2017-12-08 11:25:02,420 DEBUG urllib3.connectionpool] Starting new HTTPS connection (1): a.blazemeter.com
[2017-12-08 11:25:02,976 DEBUG urllib3.connectionpool] https://a.blazemeter.com:443 "GET /api/v4/workspaces/163251 HTTP/1.1" 200 None
[2017-12-08 11:25:03,055 DEBUG Engine.cloud] Response [200]: {
    "api_version": 4,
    "error": null,
    "result": {
        "id": 163251,
        "name": "new opls",
        "userId": 339612,
        "created": 1505929373,
        "updated": 1505929373,
        "enabled": true,
        "dedicatedIpsEnabled": tru
[2017-12-08 11:25:03,060 DEBUG Engine.cloud] Request: GET https://a.blazemeter.com/api/v4/workspaces/135886 None
[2017-12-08 11:25:03,062 DEBUG urllib3.connectionpool] Starting new HTTPS connection (1): a.blazemeter.com
[2017-12-08 11:25:03,520 DEBUG urllib3.connectionpool] https://a.blazemeter.com:443 "GET /api/v4/workspaces/135886 HTTP/1.1" 200 None
[2017-12-08 11:25:03,597 DEBUG Engine.cloud] Response [200]: {
    "api_version": 4,
    "error": null,
    "result": {
        "id": 135886,
        "name": "scratch",
        "userId": 339612,
        "created": 1494801554,
        "updated": 1494801554,
        "enabled": true,
        "dedicatedIpsEnabled": true
[2017-12-08 11:25:03,605 DEBUG Engine.cloud] Request: GET https://a.blazemeter.com/api/v4/workspaces/7199 None
[2017-12-08 11:25:03,607 DEBUG urllib3.connectionpool] Starting new HTTPS connection (1): a.blazemeter.com
[2017-12-08 11:25:04,112 DEBUG urllib3.connectionpool] https://a.blazemeter.com:443 "GET /api/v4/workspaces/7199 HTTP/1.1" 200 None
[2017-12-08 11:25:04,185 DEBUG Engine.cloud] Response [200]: {
    "api_version": 4,
    "error": null,
    "result": {
        "id": 7199,
        "name": "CA SE Workspace",
        "userId": 307773,
        "created": 1477580960,
        "updated": 1507211353,
        "enabled": true,
        "dedicatedIpsEnabled"
[2017-12-08 11:25:04,190 DEBUG Engine.cloud] Request: GET https://a.blazemeter.com/api/v4/workspaces/133217 None
[2017-12-08 11:25:04,192 DEBUG urllib3.connectionpool] Starting new HTTPS connection (1): a.blazemeter.com
[2017-12-08 11:25:04,657 DEBUG urllib3.connectionpool] https://a.blazemeter.com:443 "GET /api/v4/workspaces/133217 HTTP/1.1" 200 None
[2017-12-08 11:25:04,734 DEBUG Engine.cloud] Response [200]: {
    "api_version": 4,
    "error": null,
    "result": {
        "id": 133217,
        "name": "SE DEMOs",
        "userId": 307773,
        "created": 1493664013,
        "updated": 1508256640,
        "enabled": true,
        "dedicatedIpsEnabled": tru
[2017-12-08 11:25:04,744 DEBUG Engine.cloud] All resource files are: ['./param.csv']
[2017-12-08 11:25:04,744 DEBUG Engine.cloud] Replace file names in config: ['./param.csv'] with ['param.csv']
[2017-12-08 11:25:04,744 DEBUG Engine.cloud] Replaced ./param.csv with param.csv
[2017-12-08 11:25:04,746 DEBUG Engine] New artifact filename: /Users/daper01/Documents/OSLo/artifacts/2017-12-08_11-24-43.936558/cloud
[2017-12-08 11:25:04,746 DEBUG root] Dumping YAML config into /Users/daper01/Documents/OSLo/artifacts/2017-12-08_11-24-43.936558/cloud.yml
[2017-12-08 11:25:04,759 DEBUG root] Dumping JSON config into /Users/daper01/Documents/OSLo/artifacts/2017-12-08_11-24-43.936558/cloud.json
[2017-12-08 11:25:04,759 DEBUG Engine.cloud] Request: GET https://a.blazemeter.com/api/v4/web/elfinder/5781129?cmd=open&target=s1_Lw None
[2017-12-08 11:25:04,764 DEBUG urllib3.connectionpool] Starting new HTTPS connection (1): a.blazemeter.com
[2017-12-08 11:25:05,318 DEBUG urllib3.connectionpool] https://a.blazemeter.com:443 "GET /api/v4/web/elfinder/5781129?cmd=open&target=s1_Lw HTTP/1.1" 200 1588
[2017-12-08 11:25:05,324 DEBUG Engine.cloud] Response [200]: {"cwd":{"name":"data","size":0,"mime":"directory","read":1,"write":1,"parent_id":"users","hash":"s1_Lw","rootRev":"","options":{"path":"","url":"","tmbUrl":"","disabled":["mkdir","archive","extract","chmod"],"separator":"\/","copyOverwrite":1,"uploadOverwr
[2017-12-08 11:25:05,324 DEBUG Engine.cloud] Test files: [u'param.csv', u'taurus.yml']
[2017-12-08 11:25:05,324 DEBUG Engine.cloud] Request: GET https://a.blazemeter.com/api/v4/web/elfinder/5781129?cmd=rm&targets[]=s1_cGFyYW0uY3N2&targets[]=s1_dGF1cnVzLnltbA None
[2017-12-08 11:25:05,326 DEBUG urllib3.connectionpool] Starting new HTTPS connection (1): a.blazemeter.com
[2017-12-08 11:25:05,866 DEBUG urllib3.connectionpool] https://a.blazemeter.com:443 "GET /api/v4/web/elfinder/5781129?cmd=rm&targets[]=s1_cGFyYW0uY3N2&targets[]=s1_dGF1cnVzLnltbA HTTP/1.1" 200 780
[2017-12-08 11:25:05,873 DEBUG Engine.cloud] Response [200]: {"removed":["s1_cGFyYW0uY3N2","s1_dGF1cnVzLnltbA"],"changed":[{"name":"data","size":0,"mime":"directory","read":1,"write":1,"parent_id":"users","hash":"s1_Lw","rootRev":"","options":{"path":"","url":"","tmbUrl":"","disabled":["mkdir","archive","extract","c
[2017-12-08 11:25:05,874 DEBUG Engine.cloud] Successfully deleted 2 test files
[2017-12-08 11:25:05,884 DEBUG Engine.cloud] Uploading files into the test: ['/Users/daper01/Documents/OSLo/param.csv']
[2017-12-08 11:25:05,894 DEBUG Engine.cloud] Request: POST https://a.blazemeter.com/api/v4/tests/5781129/files --===============1570690597556416761==
Content-Disposition: file; name="script"; filename="taurus.yml"
Content-Type: application/octet-stream

---
execution:
- concurrency: 200
  executor: jmeter
  hold-for: 2m
  locations:
    us-east-1: 2
    us-west
[2017-12-08 11:25:05,896 DEBUG urllib3.connectionpool] Starting new HTTPS connection (1): a.blazemeter.com
[2017-12-08 11:25:06,649 DEBUG urllib3.connectionpool] https://a.blazemeter.com:443 "POST /api/v4/tests/5781129/files HTTP/1.1" 201 619
[2017-12-08 11:25:06,657 DEBUG Engine.cloud] Response [201]: {
    "api_version": 4,
    "error": null,
    "result": {
        "id": 5781129,
        "name": "Taurus from Scenario",
        "userId": 339612,
        "creatorClientId": "Taurus",
        "created": 1508340357,
        "updated": 1512761106,
        "
[2017-12-08 11:25:06,657 DEBUG Engine.cloud] Request: PATCH https://a.blazemeter.com/api/v4/tests/5781129 {
 "configuration": {
  "executionType": null
 }
}
[2017-12-08 11:25:06,659 DEBUG urllib3.connectionpool] Starting new HTTPS connection (1): a.blazemeter.com
[2017-12-08 11:25:07,322 DEBUG urllib3.connectionpool] https://a.blazemeter.com:443 "PATCH /api/v4/tests/5781129 HTTP/1.1" 200 1321
[2017-12-08 11:25:07,327 DEBUG Engine.cloud] Response [200]: {
    "api_version": 4,
    "error": null,
    "result": {
        "id": 5781129,
        "name": "Taurus from Scenario",
        "userId": 339612,
        "creatorClientId": "Taurus",
        "created": 1508340357,
        "updated": 1512761107,
        "
[2017-12-08 11:25:07,328 DEBUG Engine.cloud] Request: PATCH https://a.blazemeter.com/api/v4/tests/5781129 {
 "configuration": {
  "plugins": {
   "functionalExecution": {
    "enabled": false
   }
  }
 }
}
[2017-12-08 11:25:07,330 DEBUG urllib3.connectionpool] Starting new HTTPS connection (1): a.blazemeter.com
[2017-12-08 11:25:07,808 DEBUG urllib3.connectionpool] https://a.blazemeter.com:443 "PATCH /api/v4/tests/5781129 HTTP/1.1" 200 1321
[2017-12-08 11:25:07,814 DEBUG Engine.cloud] Response [200]: {
    "api_version": 4,
    "error": null,
    "result": {
        "id": 5781129,
        "name": "Taurus from Scenario",
        "userId": 339612,
        "creatorClientId": "Taurus",
        "created": 1508340357,
        "updated": 1512761107,
        "
[2017-12-08 11:25:07,815 DEBUG Engine] Module config: final-stats defaultdict(None, {'class': 'bzt.modules.reporting.FinalStatus'})
[2017-12-08 11:25:07,815 DEBUG root] Importing module: bzt.modules.reporting
[2017-12-08 11:25:07,818 DEBUG root] Loading class: 'FinalStatus' from <module 'bzt.modules.reporting' from '/usr/local/lib/python2.7/site-packages/bzt/modules/reporting.pyc'>
[2017-12-08 11:25:07,818 DEBUG Engine] Module config: console defaultdict(None, {'class': 'bzt.modules.console.ConsoleStatusReporter'})
[2017-12-08 11:25:07,819 DEBUG root] Importing module: bzt.modules.console
[2017-12-08 11:25:07,819 DEBUG root] Loading class: 'ConsoleStatusReporter' from <module 'bzt.modules.console' from '/usr/local/lib/python2.7/site-packages/bzt/modules/console.pyc'>
[2017-12-08 11:25:07,827 DEBUG Engine.Configuration] Dumping YAML config into /Users/daper01/Documents/OSLo/artifacts/2017-12-08_11-24-43.936558/effective.yml
[2017-12-08 11:25:07,862 DEBUG Engine.Configuration] Dumping JSON config into /Users/daper01/Documents/OSLo/artifacts/2017-12-08_11-24-43.936558/effective.json
[2017-12-08 11:25:07,863 INFO Engine] Starting...
[2017-12-08 11:25:07,863 DEBUG Engine] Startup <bzt.modules.aggregator.ConsolidatingAggregator object at 0x102965810>
[2017-12-08 11:25:07,864 DEBUG Engine] Startup <bzt.modules.reporting.FinalStatus object at 0x10363f710>
[2017-12-08 11:25:07,864 DEBUG Engine] Startup <bzt.modules.console.ConsoleStatusReporter object at 0x10363f850>
[2017-12-08 11:25:07,864 INFO Engine.console] Waiting for results...
[2017-12-08 11:25:07,864 DEBUG Engine] Startup <bzt.modules.reporting.FinalStatus object at 0x10363fd50>
[2017-12-08 11:25:07,864 DEBUG Engine] Startup <bzt.modules.blazemeter.CloudProvisioning object at 0x10297b750>
[2017-12-08 11:25:07,864 INFO Engine.cloud.ProjectFinder.CloudTaurusTest] Initiating cloud test with https://a.blazemeter.com ...
[2017-12-08 11:25:07,864 DEBUG Engine.cloud] Request: POST https://a.blazemeter.com/api/v4/tests/5781129/start None
[2017-12-08 11:25:07,866 DEBUG urllib3.connectionpool] Starting new HTTPS connection (1): a.blazemeter.com
[2017-12-08 11:25:08,608 DEBUG urllib3.connectionpool] https://a.blazemeter.com:443 "POST /api/v4/tests/5781129/start HTTP/1.1" 202 525
[2017-12-08 11:25:08,613 DEBUG Engine.cloud] Response [202]: {
    "api_version": 4,
    "error": null,
    "result": {
        "id": 17006404,
        "name": "Taurus from Scenario",
        "userId": 339612,
        "runnerUserId": 339612,
        "creatorClientId": "Taurus",
        "executorClientId": "Taurus",

[2017-12-08 11:25:08,614 INFO Engine.cloud] Started cloud test: https://a.blazemeter.com/app/#/masters/17006404
[2017-12-08 11:25:08,915 DEBUG Engine.cloud] Request: PATCH https://a.blazemeter.com/api/v4/masters/17006404 {
 "name": "Taurus from Scenario"
}
[2017-12-08 11:25:08,919 DEBUG urllib3.connectionpool] Starting new HTTPS connection (1): a.blazemeter.com
[2017-12-08 11:25:09,355 DEBUG urllib3.connectionpool] https://a.blazemeter.com:443 "PATCH /api/v4/masters/17006404 HTTP/1.1" 200 443
[2017-12-08 11:25:09,358 DEBUG Engine.cloud] Response [200]: {
    "api_version": 4,
    "error": null,
    "result": {
        "id": 17006404,
        "name": "Taurus from Scenario",
        "userId": 339612,
        "runnerUserId": 339612,
        "creatorClientId": "Taurus",
        "executorClientId": "Taurus",

[2017-12-08 11:25:09,361 DEBUG Engine.Configuration] Dumping YAML config into /Users/daper01/Documents/OSLo/artifacts/2017-12-08_11-24-43.936558/effective.yml
[2017-12-08 11:25:09,396 DEBUG Engine.Configuration] Dumping JSON config into /Users/daper01/Documents/OSLo/artifacts/2017-12-08_11-24-43.936558/effective.json
[2017-12-08 11:25:09,398 DEBUG root] Leveling down log file verbosity, use -v option to have DEBUG messages enabled
[2017-12-08 11:25:09,799 INFO Engine.cloud] Cloud test status: INIT
[2017-12-08 11:25:10,178 INFO Engine.console] Waiting for finish...
[2017-12-08 11:25:14,907 INFO Engine.cloud] Cloud test status: BOOT_STARTING
[2017-12-08 11:25:40,716 INFO Engine.cloud] Cloud test status: INIT_SCRIPT
[2017-12-08 11:25:45,763 INFO Engine.cloud] Cloud test status: TAURUS_ENGINE_INIT
[2017-12-08 11:27:46,045 INFO Engine.cloud] Cloud test status: DATA_RECEIVED
[2017-12-08 11:33:11,019 INFO Engine.cloud] Cloud test status: ENDED
[2017-12-08 11:33:11,028 INFO Engine.cloud] Test was stopped in the cloud: ENDED
[2017-12-08 11:33:12,390 WARNING Engine] Please wait for graceful shutdown...
[2017-12-08 11:33:12,397 DEBUG root] Leveled up log file verbosity
[2017-12-08 11:33:12,397 INFO Engine] Shutting down...
[2017-12-08 11:33:12,405 DEBUG Engine.console] Restoring logging streams, [<logging.StreamHandler object at 0x101e93710>]/{<logging.StreamHandler object at 0x101e93710>: <open file '<stdout>', mode 'w' at 0x100f09150>}
[2017-12-08 11:33:12,408 DEBUG Engine.Configuration] Dumping YAML config into /Users/daper01/Documents/OSLo/artifacts/2017-12-08_11-24-43.936558/effective.yml
[2017-12-08 11:33:12,443 DEBUG Engine.Configuration] Dumping JSON config into /Users/daper01/Documents/OSLo/artifacts/2017-12-08_11-24-43.936558/effective.json
[2017-12-08 11:33:12,445 INFO Engine] Post-processing...
[2017-12-08 11:33:12,445 DEBUG Engine.cloud] Request: GET https://a.blazemeter.com/api/v4/masters/17006404/full None
[2017-12-08 11:33:12,448 DEBUG urllib3.connectionpool] Starting new HTTPS connection (1): a.blazemeter.com
[2017-12-08 11:33:12,905 DEBUG urllib3.connectionpool] https://a.blazemeter.com:443 "GET /api/v4/masters/17006404/full HTTP/1.1" 200 None
[2017-12-08 11:33:12,922 DEBUG Engine.cloud] Response [200]: {
    "api_version": 4,
    "error": null,
    "result": {
        "id": 17006404,
        "name": "Taurus from Scenario",
        "userId": 339612,
        "ended": 1512761586,
        "runnerUserId": 339612,
        "maxUsers": 500,
        "created": 15
[2017-12-08 11:33:12,923 DEBUG Engine.cloud] Request: GET https://a.blazemeter.com/api/v4/data/labels?master_id=17006404 None
[2017-12-08 11:33:12,926 DEBUG urllib3.connectionpool] Starting new HTTPS connection (1): a.blazemeter.com
[2017-12-08 11:33:13,336 DEBUG urllib3.connectionpool] https://a.blazemeter.com:443 "GET /api/v4/data/labels?master_id=17006404 HTTP/1.1" 200 1338
[2017-12-08 11:33:13,341 DEBUG Engine.cloud] Response [200]: {
    "api_version": 4,
    "error": null,
    "result": [
        {
            "id": "ALL",
            "name": "ALL",
            "sessions": [
                "r-t-5a2ae716747b1",
                "r-t-5a2ae7168e405",
                "r-t-5a2ae71690dc9"
[2017-12-08 11:33:13,342 DEBUG Engine.cloud] Request: GET https://a.blazemeter.com/api/v4/data/kpis?interval=1&from=1512761508&master_ids%5B%5D=17006404&kpis%5B%5D=t&kpis%5B%5D=lt&kpis%5B%5D=by&kpis%5B%5D=n&kpis%5B%5D=ec&kpis%5B%5D=ts&kpis%5B%5D=na&labels%5B%5D=ALL&labels%5B%5D=6e7d9dd12b9ae952b37645e2df1f99d0&labels%5B%5D=82abaa0ca2f497bd8da64a1297f0c6a9&labels%5B%5D=3337ac94558b1dc857a9cfeed95b8eb7&labels%5B%5D=02c795eb3dbabd7d6d13003efeb01507 None
[2017-12-08 11:33:13,344 DEBUG urllib3.connectionpool] Starting new HTTPS connection (1): a.blazemeter.com
[2017-12-08 11:33:13,825 DEBUG urllib3.connectionpool] https://a.blazemeter.com:443 "GET /api/v4/data/kpis?interval=1&from=1512761508&master_ids%5B%5D=17006404&kpis%5B%5D=t&kpis%5B%5D=lt&kpis%5B%5D=by&kpis%5B%5D=n&kpis%5B%5D=ec&kpis%5B%5D=ts&kpis%5B%5D=na&labels%5B%5D=ALL&labels%5B%5D=6e7d9dd12b9ae952b37645e2df1f99d0&labels%5B%5D=82abaa0ca2f497bd8da64a1297f0c6a9&labels%5B%5D=3337ac94558b1dc857a9cfeed95b8eb7&labels%5B%5D=02c795eb3dbabd7d6d13003efeb01507 HTTP/1.1" 200 1114
[2017-12-08 11:33:13,833 DEBUG Engine.cloud] Response [200]: {
    "api_version": 4,
    "error": null,
    "result": [
        {
            "labelId": "6e7d9dd12b9ae952b37645e2df1f99d0",
            "labelName": "Confirmation Page",
            "label": "Confirmation Page",
            "kpis": [
                {

[2017-12-08 11:33:13,833 DEBUG Engine.cloud] Request: GET https://a.blazemeter.com/api/v4/masters/17006404/reports/aggregatereport/data None
[2017-12-08 11:33:13,836 DEBUG urllib3.connectionpool] Starting new HTTPS connection (1): a.blazemeter.com
[2017-12-08 11:33:14,237 DEBUG urllib3.connectionpool] https://a.blazemeter.com:443 "GET /api/v4/masters/17006404/reports/aggregatereport/data HTTP/1.1" 200 3559
[2017-12-08 11:33:14,247 DEBUG Engine.cloud] Response [200]: {
    "api_version": 4,
    "error": null,
    "result": [
        {
            "labelId": "ALL",
            "labelName": "ALL",
            "samples": 26920,
            "avgResponseTime": 2366.54,
            "90line": 2104.13,
            "95line": 22
[2017-12-08 11:33:14,248 DEBUG Engine.cloud] Request: GET https://a.blazemeter.com/api/v4/masters/17006404/reports/errorsreport/data?noDataError=false None
[2017-12-08 11:33:14,251 DEBUG urllib3.connectionpool] Starting new HTTPS connection (1): a.blazemeter.com
[2017-12-08 11:33:14,957 DEBUG urllib3.connectionpool] https://a.blazemeter.com:443 "GET /api/v4/masters/17006404/reports/errorsreport/data?noDataError=false HTTP/1.1" 200 3624
[2017-12-08 11:33:14,963 DEBUG Engine.cloud] Response [200]: {
    "api_version": 4,
    "error": null,
    "result": [
        {
            "_id": "ALL",
            "name": "ALL",
            "samplesNotCounted": 0,
            "assertionsNotCounted": 0,
            "otherErrorsCount": 0,
            "failedEmbed
[2017-12-08 11:33:14,966 DEBUG Engine.consolidator] Consolidator buffer[2]: [1512761507, 1512761510]
[2017-12-08 11:33:14,966 DEBUG Engine.consolidator] Merging into 1512761507
[2017-12-08 11:33:14,966 DEBUG Engine.consolidator] Merging 1512761507
[2017-12-08 11:33:14,971 DEBUG Engine.consolidator] Processed datapoint: 1512761507/None
[2017-12-08 11:33:14,971 DEBUG Engine.consolidator] Merging into 1512761510
[2017-12-08 11:33:14,971 DEBUG Engine.consolidator] Merging 1512761510
[2017-12-08 11:33:14,975 DEBUG Engine.consolidator] Processed datapoint: 1512761510/None
[2017-12-08 11:33:14,975 INFO Engine.final-stats] Test duration: 0:08:05
[2017-12-08 11:33:14,975 INFO Engine.final-stats] Samples count: 14282, 0.83% failures
[2017-12-08 11:33:14,976 INFO Engine.final-stats] Average times: total 1.984, latency 1.860, connect 0.000
[2017-12-08 11:33:14,976 INFO Engine.final-stats] Percentile 90.0%: 1.206
[2017-12-08 11:33:14,976 INFO Engine.final-stats] Percentile 95.0%: 1.417
[2017-12-08 11:33:14,976 INFO Engine.final-stats] Percentile 99.0%: 2.565
[2017-12-08 11:33:14,976 DEBUG Engine.console] No logger_handler or orig_stream was detected
[2017-12-08 11:33:14,976 INFO Engine.final-stats] Test duration: 0:08:05
[2017-12-08 11:33:14,977 INFO Engine.final-stats] Samples count: 14282, 0.83% failures
[2017-12-08 11:33:14,977 INFO Engine.final-stats] Average times: total 1.984, latency 1.860, connect 0.000
[2017-12-08 11:33:14,977 INFO Engine.final-stats] Percentile 90.0%: 1.206
[2017-12-08 11:33:14,977 INFO Engine.final-stats] Percentile 95.0%: 1.417
[2017-12-08 11:33:14,977 INFO Engine.final-stats] Percentile 99.0%: 2.565
[2017-12-08 11:33:14,978 INFO Engine.final-stats] Dumping final status as XML: stats.xml
[2017-12-08 11:33:14,982 DEBUG Engine.Configuration] Dumping YAML config into /Users/daper01/Documents/OSLo/artifacts/2017-12-08_11-24-43.936558/effective.yml
[2017-12-08 11:33:15,040 DEBUG Engine.Configuration] Dumping JSON config into /Users/daper01/Documents/OSLo/artifacts/2017-12-08_11-24-43.936558/effective.json
[2017-12-08 11:33:15,042 INFO root] Artifacts dir: /Users/daper01/Documents/OSLo/artifacts/2017-12-08_11-24-43.936558
[2017-12-08 11:33:15,042 INFO root] Done performing with code: 0
[2017-12-08 11:33:15,043 DEBUG root] Closing log handler: /Users/daper01/Documents/OSLo/artifacts/2017-12-08_11-24-43.936558/bzt.log
