[2017-12-08 11:23:14,401 INFO root] Taurus CLI Tool v1.9.6
[2017-12-08 11:23:14,401 DEBUG root] Command-line options: {'verbose': None, 'no_system_configs': None, 'quiet': None, 'log': '/var/folders/vq/xzrdy2lx047cst78f69v8z3xfzqz1q/T/bzt_C6ChzD.log', 'option': None, 'aliases': []}
[2017-12-08 11:23:14,401 DEBUG root] Python: CPython 2.7.13
[2017-12-08 11:23:14,401 DEBUG root] OS: ('Darwin', 'daper01mac1124', '17.2.0', 'Darwin Kernel Version 17.2.0: Fri Sep 29 18:27:05 PDT 2017; root:xnu-4570.20.62~3/RELEASE_X86_64', 'x86_64', 'i386')
[2017-12-08 11:23:14,402 INFO root] Starting with configs: ['load_scenario_from_csv.yml', 'execution_jmeter.yml']
[2017-12-08 11:23:14,402 DEBUG root] Using personal config: /Users/daper01/.bzt-rc
[2017-12-08 11:23:14,402 INFO Engine] Configuring...
[2017-12-08 11:23:14,402 DEBUG Engine] Reading extension configs from: /usr/local/etc/bzt.d
[2017-12-08 11:23:14,402 DEBUG Engine.Configuration] Configs: ['/usr/local/lib/python2.7/site-packages/bzt/resources/base-config.yml', '/usr/local/etc/bzt.d/99-installID.yml']
[2017-12-08 11:23:14,403 DEBUG Engine.Configuration] Reading /usr/local/lib/python2.7/site-packages/bzt/resources/base-config.yml as YAML
[2017-12-08 11:23:14,437 DEBUG Engine.Configuration] Reading /usr/local/etc/bzt.d/99-installID.yml as YAML
[2017-12-08 11:23:14,437 DEBUG Engine.Configuration] Configs: ['/Users/daper01/.bzt-rc', 'load_scenario_from_csv.yml', 'execution_jmeter.yml']
[2017-12-08 11:23:14,438 DEBUG Engine.Configuration] Reading /Users/daper01/.bzt-rc as YAML
[2017-12-08 11:23:14,442 DEBUG Engine.Configuration] Reading load_scenario_from_csv.yml as YAML
[2017-12-08 11:23:14,447 DEBUG Engine.Configuration] Reading execution_jmeter.yml as YAML
[2017-12-08 11:23:14,453 DEBUG Engine.Configuration] Configs: ['/Users/daper01/.bzt-rc', 'load_scenario_from_csv.yml', 'execution_jmeter.yml']
[2017-12-08 11:23:14,453 DEBUG Engine.Configuration] Reading /Users/daper01/.bzt-rc as YAML
[2017-12-08 11:23:14,456 DEBUG Engine.Configuration] Reading load_scenario_from_csv.yml as YAML
[2017-12-08 11:23:14,464 DEBUG Engine.Configuration] Reading execution_jmeter.yml as YAML
[2017-12-08 11:23:14,482 DEBUG Engine] Requesting updates info: http://gettaurus.org/updates/?version=1.9.6&installID=784f43782a15
[2017-12-08 11:23:14,490 INFO Engine] Artifacts dir: /Users/daper01/Documents/OSLo/artifacts/2017-12-08_11-23-14.483035
[2017-12-08 11:23:14,492 DEBUG Engine] New artifact filename: /Users/daper01/Documents/OSLo/artifacts/2017-12-08_11-23-14.483035/effective
[2017-12-08 11:23:14,494 DEBUG Engine.Configuration] Dumping YAML config into /Users/daper01/Documents/OSLo/artifacts/2017-12-08_11-23-14.483035/effective.yml
[2017-12-08 11:23:14,530 DEBUG Engine.Configuration] Dumping JSON config into /Users/daper01/Documents/OSLo/artifacts/2017-12-08_11-23-14.483035/effective.json
[2017-12-08 11:23:14,531 DEBUG Engine] New artifact filename: /Users/daper01/Documents/OSLo/artifacts/2017-12-08_11-23-14.483035/merged.yml
[2017-12-08 11:23:14,532 DEBUG Engine.Configuration] Dumping YAML config into /Users/daper01/Documents/OSLo/artifacts/2017-12-08_11-23-14.483035/merged.yml
[2017-12-08 11:23:14,544 DEBUG Engine] New artifact filename: /Users/daper01/Documents/OSLo/artifacts/2017-12-08_11-23-14.483035/merged.json
[2017-12-08 11:23:14,546 DEBUG Engine.Configuration] Dumping JSON config into /Users/daper01/Documents/OSLo/artifacts/2017-12-08_11-23-14.483035/merged.json
[2017-12-08 11:23:14,548 DEBUG Engine] Add existing artifact (move=False): load_scenario_from_csv.yml
[2017-12-08 11:23:14,549 DEBUG Engine] Copying load_scenario_from_csv.yml to /Users/daper01/Documents/OSLo/artifacts/2017-12-08_11-23-14.483035/load_scenario_from_csv.yml
[2017-12-08 11:23:14,553 DEBUG Engine] Add existing artifact (move=False): execution_jmeter.yml
[2017-12-08 11:23:14,553 DEBUG Engine] Copying execution_jmeter.yml to /Users/daper01/Documents/OSLo/artifacts/2017-12-08_11-23-14.483035/execution_jmeter.yml
[2017-12-08 11:23:14,554 DEBUG root] Closing log handler: /var/folders/vq/xzrdy2lx047cst78f69v8z3xfzqz1q/T/bzt_C6ChzD.log
[2017-12-08 11:23:14,576 DEBUG root] Switched writing logs to /Users/daper01/Documents/OSLo/artifacts/2017-12-08_11-23-14.483035/bzt.log
[2017-12-08 11:23:14,576 INFO Engine] Preparing...
[2017-12-08 11:23:14,577 DEBUG Engine] Module config: consolidator defaultdict(None, {'class': 'bzt.modules.aggregator.ConsolidatingAggregator'})
[2017-12-08 11:23:14,577 DEBUG root] Importing module: bzt.modules.aggregator
[2017-12-08 11:23:14,584 DEBUG root] Loading class: 'ConsolidatingAggregator' from <module 'bzt.modules.aggregator' from '/usr/local/lib/python2.7/site-packages/bzt/modules/aggregator.pyc'>
[2017-12-08 11:23:14,584 DEBUG Engine.consolidator] Exception in dehumanize_time(inf)
[2017-12-08 11:23:14,584 DEBUG Engine.consolidator] Buffer scaling setup: percentile 95.0 from [0.0, 50.0, 90.0, 95.0, 99.0, 99.9, 100.0] selected
[2017-12-08 11:23:14,584 DEBUG Engine] Module config: monitoring defaultdict(None, {'class': 'bzt.modules.monitoring.Monitoring'})
[2017-12-08 11:23:14,585 DEBUG root] Importing module: bzt.modules.monitoring
[2017-12-08 11:23:14,645 DEBUG root] Loading class: 'Monitoring' from <module 'bzt.modules.monitoring' from '/usr/local/lib/python2.7/site-packages/bzt/modules/monitoring.pyc'>
[2017-12-08 11:23:14,645 DEBUG Engine] Module config: local defaultdict(None, {'class': 'bzt.modules.provisioning.Local'})
[2017-12-08 11:23:14,645 DEBUG root] Importing module: bzt.modules.provisioning
[2017-12-08 11:23:14,646 DEBUG root] Loading class: 'Local' from <module 'bzt.modules.provisioning' from '/usr/local/lib/python2.7/site-packages/bzt/modules/provisioning.pyc'>
[2017-12-08 11:23:14,646 DEBUG Engine] Module config: jmeter defaultdict(None, {'properties': defaultdict(None, {'jmeter.save.saveservice.autoflush': 'true', 'summariser.name': '', 'jmeter.save.saveservice.connect_time': 'true', 'mode': 'Stripped', 'jmeterengine.force.system.exit': 'true'}), 'class': 'bzt.modules.jmeter.JMeterExecutor', 'plugins': ['jpgc-casutg', 'jpgc-dummy', 'jpgc-ffw', 'jpgc-fifo', 'jpgc-functions', 'jpgc-json', 'jpgc-perfmon', 'jpgc-prmctl', 'jpgc-tst']})
[2017-12-08 11:23:14,646 DEBUG root] Importing module: bzt.modules.jmeter
[2017-12-08 11:23:14,671 DEBUG root] Loading class: 'JMeterExecutor' from <module 'bzt.modules.jmeter' from '/usr/local/lib/python2.7/site-packages/bzt/modules/jmeter.pyc'>
[2017-12-08 11:23:14,671 DEBUG Engine.local] Preparing executor: jmeter/4364861008
[2017-12-08 11:23:14,672 DEBUG Engine] New artifact filename: /Users/daper01/Documents/OSLo/artifacts/2017-12-08_11-23-14.483035/jmeter.log
[2017-12-08 11:23:14,672 DEBUG Engine.jmeter] Checking if port 4445 is free
[2017-12-08 11:23:14,672 DEBUG Engine.jmeter] Port 4445 is free
[2017-12-08 11:23:14,672 DEBUG Engine.jmeter] Using port 4445 for management
[2017-12-08 11:23:14,673 DEBUG Engine.jmeter.JavaVM] Trying JavaVM: ['java', '-version']
[2017-12-08 11:23:14,807 DEBUG Engine.jmeter.JavaVM] JavaVM output: java version "1.8.0_121"
Java(TM) SE Runtime Environment (build 1.8.0_121-b13)
Java HotSpot(TM) 64-Bit Server VM (build 25.121-b13, mixed mode)

[2017-12-08 11:23:14,807 DEBUG Engine.jmeter.TclLibrary] We don't need to check tcl library on this platform
[2017-12-08 11:23:14,808 DEBUG Engine.jmeter.JMeter] Trying jmeter: /Users/daper01/.bzt/jmeter-taurus/3.3/bin/jmeter.sh
[2017-12-08 11:23:14,808 DEBUG bzt.utils] Executing shell: ['/Users/daper01/.bzt/jmeter-taurus/3.3/bin/jmeter.sh', '-j', '/var/folders/vq/xzrdy2lx047cst78f69v8z3xfzqz1q/T/jmeterqTksW6log', '--version']
[2017-12-08 11:23:15,090 DEBUG Engine] Taurus updates info: {"latest":"1.10.3","needsUpgrade":true}
[2017-12-08 11:23:15,091 WARNING Engine] There is newer version of Taurus 1.10.3 available, consider upgrading. What's new: http://gettaurus.org/docs/Changelog/
[2017-12-08 11:23:16,179 DEBUG Engine.jmeter.JMeter] JMeter check:     _    ____   _    ____ _   _ _____       _ __  __ _____ _____ _____ ____     
   / \  |  _ \ / \  / ___| | | | ____|     | |  \/  | ____|_   _| ____|  _ \   
  / _ \ | |_) / _ \| |   | |_| |  _|    _  | | |\/| |  _|   | | |  _| | |_) | 
 / ___ \|  __/ ___ \ |___|  _  | |___  | |_| | |  | | |___  | | | |___|  _ <  
/_/   \_\_| /_/   \_\____|_| |_|_____|  \___/|_|  |_|_____| |_| |_____|_| \_\ 3.3 r1808647  

Copyright (c) 1999-2017 The Apache Software Foundation

 / None
[2017-12-08 11:23:16,180 DEBUG Engine] New artifact filename: /Users/daper01/Documents/OSLo/artifacts/2017-12-08_11-23-14.483035/requests.jmx
[2017-12-08 11:23:16,186 DEBUG JMeterScenarioBuilder] Saving JMX to: /Users/daper01/Documents/OSLo/artifacts/2017-12-08_11-23-14.483035/requests.jmx
[2017-12-08 11:23:16,189 DEBUG bzt.utils] Executing shell: ['/Users/daper01/.bzt/jmeter-taurus/3.3/bin/PluginsManagerCMD.sh', 'install-for-jmx', '/Users/daper01/Documents/OSLo/artifacts/2017-12-08_11-23-14.483035/requests.jmx']
[2017-12-08 11:23:20,043 DEBUG Engine.jmeter.JMeter] Try to detect plugins for /Users/daper01/Documents/OSLo/artifacts/2017-12-08_11-23-14.483035/requests.jmx
11:23:18.761 [main] INFO  org.jmeterplugins.repository.PluginManager - Plugins Status: [jpgc-functions=2.0, jpgc-casutg=2.1, jpgc-dummy=0.2, jpgc-ffw=2.0, jpgc-fifo=0.2, jpgc-json=2.6, jpgc-prmctl=0.3, jpgc-perfmon=2.1, jpgc-plugins-manager=0.16, jpgc-tst=2.1, jmeter-core=3.3, jmeter-ftp=3.3, jmeter-http=3.3, jmeter-jdbc=3.3, jmeter-jms=3.3, jmeter-junit=3.3, jmeter-java=3.3, jmeter-ldap=3.3, jmeter-mail=3.3, jmeter-mongodb=3.3, jmeter-native=3.3, jmeter-tcp=3.3, jmeter-components=3.3]
2017-12-08 11:23:18,761 INFO o.j.r.PluginManager: Plugins Status: [jpgc-functions=2.0, jpgc-casutg=2.1, jpgc-dummy=0.2, jpgc-ffw=2.0, jpgc-fifo=0.2, jpgc-json=2.6, jpgc-prmctl=0.3, jpgc-perfmon=2.1, jpgc-plugins-manager=0.16, jpgc-tst=2.1, jmeter-core=3.3, jmeter-ftp=3.3, jmeter-http=3.3, jmeter-jdbc=3.3, jmeter-jms=3.3, jmeter-junit=3.3, jmeter-java=3.3, jmeter-ldap=3.3, jmeter-mail=3.3, jmeter-mongodb=3.3, jmeter-native=3.3, jmeter-tcp=3.3, jmeter-components=3.3]
11:23:19.298 [main] INFO  org.apache.jmeter.save.SaveService - Testplan (JMX) version: 2.2. Testlog (JTL) version: 2.2
2017-12-08 11:23:19,298 INFO o.a.j.s.SaveService: Testplan (JMX) version: 2.2. Testlog (JTL) version: 2.2
11:23:19.347 [main] INFO  org.apache.jmeter.save.SaveService - Using SaveService properties file encoding UTF-8
2017-12-08 11:23:19,347 INFO o.a.j.s.SaveService: Using SaveService properties file encoding UTF-8
11:23:19.355 [main] INFO  org.apache.jmeter.save.SaveService - Using SaveService properties version 3.2
2017-12-08 11:23:19,355 INFO o.a.j.s.SaveService: Using SaveService properties version 3.2
11:23:19.405 [main] INFO  org.apache.jmeter.protocol.http.control.CacheManager - Will only cache the following methods: [GET]
2017-12-08 11:23:19,405 INFO o.a.j.p.h.c.CacheManager: Will only cache the following methods: [GET]
11:23:19.412 [main] INFO  org.apache.jmeter.protocol.http.control.CookieManager - Settings: Delete null: true Check: true Allow variable: true Save: false Prefix: COOKIE_
2017-12-08 11:23:19,412 INFO o.a.j.p.h.c.CookieManager: Settings: Delete null: true Check: true Allow variable: true Save: false Prefix: COOKIE_
11:23:19.572 [main] INFO  org.jmeterplugins.repository.PluginManager - Restarting JMeter...
2017-12-08 11:23:19,572 INFO o.j.r.PluginManager: Restarting JMeter...
11:23:19.574 [Thread-1] INFO  org.jmeterplugins.repository.PluginManager - Starting JMeter Plugins modifications
2017-12-08 11:23:19,574 INFO o.j.r.PluginManager: Starting JMeter Plugins modifications

ERROR StatusLogger No log4j2 configuration file found. Using default configuration: logging only errors to the console. Set system property 'org.apache.logging.log4j.simplelog.StatusLogger.level' to TRACE to show Log4j2 internal initialization logging.

[2017-12-08 11:23:20,043 DEBUG Engine.jmeter] Load: LoadSpec(concurrency=50, throughput=None, ramp_up=30.0, hold=120.0, iterations=0, duration=150.0, steps=None)
[2017-12-08 11:23:20,053 DEBUG Engine.jmeter.LoadSettingsProcessor.ThreadGroupHandler] Converting ThreadGroup (blazedemo) to ConcurrencyThreadGroup and apply load parameters
[2017-12-08 11:23:20,054 DEBUG Engine] New artifact filename: /Users/daper01/Documents/OSLo/artifacts/2017-12-08_11-23-14.483035/kpi.jtl
[2017-12-08 11:23:20,055 DEBUG Engine] New artifact filename: /Users/daper01/Documents/OSLo/artifacts/2017-12-08_11-23-14.483035/error.jtl
[2017-12-08 11:23:20,056 DEBUG Engine] New artifact filename: /Users/daper01/Documents/OSLo/artifacts/2017-12-08_11-23-14.483035/modified_requests.jmx
[2017-12-08 11:23:20,056 DEBUG JMX] Saving JMX to: /Users/daper01/Documents/OSLo/artifacts/2017-12-08_11-23-14.483035/modified_requests.jmx
[2017-12-08 11:23:20,057 DEBUG Engine.jmeter] Additional properties: defaultdict(None, {'jmeter.save.saveservice.autoflush': 'true', 'jmeter.save.saveservice.connect_time': 'true', 'user.classpath': '/Users/daper01/Documents/OSLo/artifacts/2017-12-08_11-23-14.483035', 'sampleresult.default.encoding': 'UTF-8', 'summariser.name': '', 'jmeterengine.force.system.exit': 'true', 'jmeter.save.saveservice.timestamp_format': 'ms', 'mode': 'Stripped', 'jmeterengine.nongui.maxport': 4445, 'jmeterengine.nongui.port': 4445})
[2017-12-08 11:23:20,057 DEBUG Engine] New artifact filename: /Users/daper01/Documents/OSLo/artifacts/2017-12-08_11-23-14.483035/jmeter-bzt.properties
[2017-12-08 11:23:20,057 DEBUG Engine.jmeter] Additional system properties defaultdict(None, {'sun.net.inetaddr.ttl': 0})
[2017-12-08 11:23:20,057 DEBUG Engine] New artifact filename: /Users/daper01/Documents/OSLo/artifacts/2017-12-08_11-23-14.483035/system.properties
[2017-12-08 11:23:20,058 DEBUG Engine] New artifact filename: /Users/daper01/Documents/OSLo/artifacts/2017-12-08_11-23-14.483035/jmeter.out
[2017-12-08 11:23:20,058 DEBUG Engine] New artifact filename: /Users/daper01/Documents/OSLo/artifacts/2017-12-08_11-23-14.483035/jmeter.err
[2017-12-08 11:23:20,059 DEBUG Engine.local] Preparing executor: jmeter/4364861072
[2017-12-08 11:23:20,059 DEBUG Engine] New artifact filename: /Users/daper01/Documents/OSLo/artifacts/2017-12-08_11-23-14.483035/jmeter-1.log
[2017-12-08 11:23:20,059 DEBUG Engine.jmeter] Checking if port 4446 is free
[2017-12-08 11:23:20,060 DEBUG Engine.jmeter] Port 4446 is free
[2017-12-08 11:23:20,060 DEBUG Engine.jmeter] Using port 4446 for management
[2017-12-08 11:23:20,060 DEBUG Engine.jmeter.JavaVM] Trying JavaVM: ['java', '-version']
[2017-12-08 11:23:20,163 DEBUG Engine.jmeter.JavaVM] JavaVM output: java version "1.8.0_121"
Java(TM) SE Runtime Environment (build 1.8.0_121-b13)
Java HotSpot(TM) 64-Bit Server VM (build 25.121-b13, mixed mode)

[2017-12-08 11:23:20,163 DEBUG Engine.jmeter.TclLibrary] We don't need to check tcl library on this platform
[2017-12-08 11:23:20,164 DEBUG Engine.jmeter.JMeter] Trying jmeter: /Users/daper01/.bzt/jmeter-taurus/3.3/bin/jmeter.sh
[2017-12-08 11:23:20,164 DEBUG bzt.utils] Executing shell: ['/Users/daper01/.bzt/jmeter-taurus/3.3/bin/jmeter.sh', '-j', '/var/folders/vq/xzrdy2lx047cst78f69v8z3xfzqz1q/T/jmeterzryeYvlog', '--version']
[2017-12-08 11:23:21,362 DEBUG Engine.jmeter.JMeter] JMeter check:     _    ____   _    ____ _   _ _____       _ __  __ _____ _____ _____ ____     
   / \  |  _ \ / \  / ___| | | | ____|     | |  \/  | ____|_   _| ____|  _ \   
  / _ \ | |_) / _ \| |   | |_| |  _|    _  | | |\/| |  _|   | | |  _| | |_) | 
 / ___ \|  __/ ___ \ |___|  _  | |___  | |_| | |  | | |___  | | | |___|  _ <  
/_/   \_\_| /_/   \_\____|_| |_|_____|  \___/|_|  |_|_____| |_| |_____|_| \_\ 3.3 r1808647  

Copyright (c) 1999-2017 The Apache Software Foundation

 / None
[2017-12-08 11:23:21,363 DEBUG Engine] New artifact filename: /Users/daper01/Documents/OSLo/artifacts/2017-12-08_11-23-14.483035/requests-1.jmx
[2017-12-08 11:23:21,367 DEBUG JMeterScenarioBuilder] Saving JMX to: /Users/daper01/Documents/OSLo/artifacts/2017-12-08_11-23-14.483035/requests-1.jmx
[2017-12-08 11:23:21,369 DEBUG bzt.utils] Executing shell: ['/Users/daper01/.bzt/jmeter-taurus/3.3/bin/PluginsManagerCMD.sh', 'install-for-jmx', '/Users/daper01/Documents/OSLo/artifacts/2017-12-08_11-23-14.483035/requests-1.jmx']
[2017-12-08 11:23:25,153 DEBUG Engine.jmeter.JMeter] Try to detect plugins for /Users/daper01/Documents/OSLo/artifacts/2017-12-08_11-23-14.483035/requests-1.jmx
11:23:23.470 [main] INFO  org.jmeterplugins.repository.PluginManager - Plugins Status: [jpgc-functions=2.0, jpgc-casutg=2.1, jpgc-dummy=0.2, jpgc-ffw=2.0, jpgc-fifo=0.2, jpgc-json=2.6, jpgc-prmctl=0.3, jpgc-perfmon=2.1, jpgc-plugins-manager=0.16, jpgc-tst=2.1, jmeter-core=3.3, jmeter-ftp=3.3, jmeter-http=3.3, jmeter-jdbc=3.3, jmeter-jms=3.3, jmeter-junit=3.3, jmeter-java=3.3, jmeter-ldap=3.3, jmeter-mail=3.3, jmeter-mongodb=3.3, jmeter-native=3.3, jmeter-tcp=3.3, jmeter-components=3.3]
2017-12-08 11:23:23,470 INFO o.j.r.PluginManager: Plugins Status: [jpgc-functions=2.0, jpgc-casutg=2.1, jpgc-dummy=0.2, jpgc-ffw=2.0, jpgc-fifo=0.2, jpgc-json=2.6, jpgc-prmctl=0.3, jpgc-perfmon=2.1, jpgc-plugins-manager=0.16, jpgc-tst=2.1, jmeter-core=3.3, jmeter-ftp=3.3, jmeter-http=3.3, jmeter-jdbc=3.3, jmeter-jms=3.3, jmeter-junit=3.3, jmeter-java=3.3, jmeter-ldap=3.3, jmeter-mail=3.3, jmeter-mongodb=3.3, jmeter-native=3.3, jmeter-tcp=3.3, jmeter-components=3.3]
11:23:24.257 [main] INFO  org.apache.jmeter.save.SaveService - Testplan (JMX) version: 2.2. Testlog (JTL) version: 2.2
2017-12-08 11:23:24,257 INFO o.a.j.s.SaveService: Testplan (JMX) version: 2.2. Testlog (JTL) version: 2.2
11:23:24.302 [main] INFO  org.apache.jmeter.save.SaveService - Using SaveService properties file encoding UTF-8
2017-12-08 11:23:24,302 INFO o.a.j.s.SaveService: Using SaveService properties file encoding UTF-8
11:23:24.312 [main] INFO  org.apache.jmeter.save.SaveService - Using SaveService properties version 3.2
2017-12-08 11:23:24,312 INFO o.a.j.s.SaveService: Using SaveService properties version 3.2
11:23:24.393 [main] INFO  org.apache.jmeter.protocol.http.control.CacheManager - Will only cache the following methods: [GET]
2017-12-08 11:23:24,393 INFO o.a.j.p.h.c.CacheManager: Will only cache the following methods: [GET]
11:23:24.398 [main] INFO  org.apache.jmeter.protocol.http.control.CookieManager - Settings: Delete null: true Check: true Allow variable: true Save: false Prefix: COOKIE_
2017-12-08 11:23:24,398 INFO o.a.j.p.h.c.CookieManager: Settings: Delete null: true Check: true Allow variable: true Save: false Prefix: COOKIE_
11:23:24.631 [main] INFO  org.jmeterplugins.repository.PluginManager - Restarting JMeter...
2017-12-08 11:23:24,631 INFO o.j.r.PluginManager: Restarting JMeter...
11:23:24.632 [Thread-1] INFO  org.jmeterplugins.repository.PluginManager - Starting JMeter Plugins modifications
2017-12-08 11:23:24,632 INFO o.j.r.PluginManager: Starting JMeter Plugins modifications

ERROR StatusLogger No log4j2 configuration file found. Using default configuration: logging only errors to the console. Set system property 'org.apache.logging.log4j.simplelog.StatusLogger.level' to TRACE to show Log4j2 internal initialization logging.

[2017-12-08 11:23:25,153 DEBUG Engine.jmeter] Load: LoadSpec(concurrency=50, throughput=None, ramp_up=120.0, hold=30.0, iterations=0, duration=150.0, steps=None)
[2017-12-08 11:23:25,156 DEBUG Engine.jmeter.LoadSettingsProcessor.ThreadGroupHandler] Converting ThreadGroup (blazedemo) to ConcurrencyThreadGroup and apply load parameters
[2017-12-08 11:23:25,156 DEBUG Engine] New artifact filename: /Users/daper01/Documents/OSLo/artifacts/2017-12-08_11-23-14.483035/kpi-1.jtl
[2017-12-08 11:23:25,157 DEBUG Engine] New artifact filename: /Users/daper01/Documents/OSLo/artifacts/2017-12-08_11-23-14.483035/error-1.jtl
[2017-12-08 11:23:25,158 DEBUG Engine] New artifact filename: /Users/daper01/Documents/OSLo/artifacts/2017-12-08_11-23-14.483035/modified_requests-1.jmx
[2017-12-08 11:23:25,158 DEBUG JMX] Saving JMX to: /Users/daper01/Documents/OSLo/artifacts/2017-12-08_11-23-14.483035/modified_requests-1.jmx
[2017-12-08 11:23:25,159 DEBUG Engine.jmeter] Additional properties: defaultdict(None, {'jmeter.save.saveservice.autoflush': 'true', 'jmeter.save.saveservice.connect_time': 'true', 'user.classpath': '/Users/daper01/Documents/OSLo/artifacts/2017-12-08_11-23-14.483035', 'sampleresult.default.encoding': 'UTF-8', 'summariser.name': '', 'jmeterengine.force.system.exit': 'true', 'jmeter.save.saveservice.timestamp_format': 'ms', 'mode': 'Stripped', 'jmeterengine.nongui.maxport': 4446, 'jmeterengine.nongui.port': 4446})
[2017-12-08 11:23:25,159 DEBUG Engine] New artifact filename: /Users/daper01/Documents/OSLo/artifacts/2017-12-08_11-23-14.483035/jmeter-bzt-1.properties
[2017-12-08 11:23:25,160 DEBUG Engine.jmeter] Additional system properties defaultdict(None, {'sun.net.inetaddr.ttl': 0})
[2017-12-08 11:23:25,160 DEBUG Engine] New artifact filename: /Users/daper01/Documents/OSLo/artifacts/2017-12-08_11-23-14.483035/system-1.properties
[2017-12-08 11:23:25,161 DEBUG Engine] New artifact filename: /Users/daper01/Documents/OSLo/artifacts/2017-12-08_11-23-14.483035/jmeter-1.out
[2017-12-08 11:23:25,161 DEBUG Engine] New artifact filename: /Users/daper01/Documents/OSLo/artifacts/2017-12-08_11-23-14.483035/jmeter-1.err
[2017-12-08 11:23:25,162 DEBUG Engine] Module config: final-stats defaultdict(None, {'class': 'bzt.modules.reporting.FinalStatus'})
[2017-12-08 11:23:25,162 DEBUG root] Importing module: bzt.modules.reporting
[2017-12-08 11:23:25,270 DEBUG easyprocess] version=0.2.3
[2017-12-08 11:23:25,273 DEBUG pyvirtualdisplay] version=0.2.1
[2017-12-08 11:23:25,275 DEBUG root] Loading class: 'FinalStatus' from <module 'bzt.modules.reporting' from '/usr/local/lib/python2.7/site-packages/bzt/modules/reporting.pyc'>
[2017-12-08 11:23:25,275 DEBUG Engine] Module config: console defaultdict(None, {'class': 'bzt.modules.console.ConsoleStatusReporter'})
[2017-12-08 11:23:25,275 DEBUG root] Importing module: bzt.modules.console
[2017-12-08 11:23:25,275 DEBUG root] Loading class: 'ConsoleStatusReporter' from <module 'bzt.modules.console' from '/usr/local/lib/python2.7/site-packages/bzt/modules/console.pyc'>
[2017-12-08 11:23:25,283 DEBUG Engine.Configuration] Dumping YAML config into /Users/daper01/Documents/OSLo/artifacts/2017-12-08_11-23-14.483035/effective.yml
[2017-12-08 11:23:25,322 DEBUG Engine.Configuration] Dumping JSON config into /Users/daper01/Documents/OSLo/artifacts/2017-12-08_11-23-14.483035/effective.json
[2017-12-08 11:23:25,324 INFO Engine] Starting...
[2017-12-08 11:23:25,324 DEBUG Engine] Startup <bzt.modules.monitoring.Monitoring object at 0x103973750>
[2017-12-08 11:23:25,324 DEBUG Engine] Startup <bzt.modules.aggregator.ConsolidatingAggregator object at 0x10395d810>
[2017-12-08 11:23:25,324 DEBUG Engine] Startup <bzt.modules.reporting.FinalStatus object at 0x1042a7c90>
[2017-12-08 11:23:25,324 DEBUG Engine] Startup <bzt.modules.console.ConsoleStatusReporter object at 0x104428650>
[2017-12-08 11:23:25,324 INFO Engine.console] Waiting for results...
[2017-12-08 11:23:25,325 DEBUG Engine] Startup <bzt.modules.reporting.FinalStatus object at 0x104445a10>
[2017-12-08 11:23:25,325 DEBUG Engine] Startup <bzt.modules.provisioning.Local object at 0x10395d510>
[2017-12-08 11:23:25,325 DEBUG Engine.local] Delay setup for jmeter/blazedemo: 0(start-at) + 0(delay) = 0
[2017-12-08 11:23:25,325 DEBUG Engine.local] Delay setup for jmeter/blazedemo: 0(start-at) + 0(delay) = 0
[2017-12-08 11:23:25,329 DEBUG Engine.Configuration] Dumping YAML config into /Users/daper01/Documents/OSLo/artifacts/2017-12-08_11-23-14.483035/effective.yml
[2017-12-08 11:23:25,371 DEBUG Engine.Configuration] Dumping JSON config into /Users/daper01/Documents/OSLo/artifacts/2017-12-08_11-23-14.483035/effective.json
[2017-12-08 11:23:25,373 DEBUG root] Leveling down log file verbosity, use -v option to have DEBUG messages enabled
[2017-12-08 11:23:25,600 INFO Engine.console] Waiting for finish...
[2017-12-08 11:24:24,218 WARNING Engine] Please wait for graceful shutdown...
[2017-12-08 11:24:24,232 DEBUG root] Leveled up log file verbosity
[2017-12-08 11:24:24,232 INFO Engine] Shutting down...
[2017-12-08 11:24:24,239 DEBUG Engine.local] Shutdown jmeter/blazedemo
[2017-12-08 11:24:25,239 INFO Engine.jmeter] Sending Shutdown command to JMeter on port 4445...
[2017-12-08 11:24:26,251 DEBUG Engine.jmeter] JMeter stopped on Shutdown command
[2017-12-08 11:24:26,251 DEBUG Engine.local] Shutdown jmeter/blazedemo
[2017-12-08 11:24:27,255 INFO Engine.jmeter] Sending Shutdown command to JMeter on port 4446...
[2017-12-08 11:24:28,279 DEBUG Engine.jmeter] JMeter stopped on Shutdown command
[2017-12-08 11:24:28,283 DEBUG Engine.console] Restoring logging streams, [<logging.StreamHandler object at 0x102e8b710>]/{<logging.StreamHandler object at 0x102e8b710>: <open file '<stdout>', mode 'w' at 0x101f01150>}
[2017-12-08 11:24:28,286 DEBUG Engine.Configuration] Dumping YAML config into /Users/daper01/Documents/OSLo/artifacts/2017-12-08_11-23-14.483035/effective.yml
[2017-12-08 11:24:28,337 DEBUG Engine.Configuration] Dumping JSON config into /Users/daper01/Documents/OSLo/artifacts/2017-12-08_11-23-14.483035/effective.json
[2017-12-08 11:24:28,338 WARNING root] Keyboard interrupt
[2017-12-08 11:24:28,339 DEBUG root] KeyboardInterrupt: 
Traceback (most recent call last):
  File "/usr/local/lib/python2.7/site-packages/bzt/cli.py", line 221, in perform
    self.engine.run()
  File "/usr/local/lib/python2.7/site-packages/bzt/engine.py", line 202, in run
    reraise(exc_info)
  File "/usr/local/lib/python2.7/site-packages/bzt/engine.py", line 184, in run
    self._wait()
  File "/usr/local/lib/python2.7/site-packages/bzt/engine.py", line 227, in _wait
    time.sleep(delay)
KeyboardInterrupt
[2017-12-08 11:24:28,339 INFO Engine] Post-processing...
[2017-12-08 11:24:28,339 DEBUG Engine.local] Post-process jmeter/blazedemo
[2017-12-08 11:24:28,340 DEBUG Engine] Add existing artifact (move=True): /Users/daper01/Documents/OSLo/artifacts/2017-12-08_11-23-14.483035/modified_requests.jmx
[2017-12-08 11:24:28,340 DEBUG Engine] No need to copy /Users/daper01/Documents/OSLo/artifacts/2017-12-08_11-23-14.483035/modified_requests.jmx
[2017-12-08 11:24:28,340 DEBUG Engine.local] Post-process jmeter/blazedemo
[2017-12-08 11:24:28,340 DEBUG Engine] Add existing artifact (move=True): /Users/daper01/Documents/OSLo/artifacts/2017-12-08_11-23-14.483035/modified_requests-1.jmx
[2017-12-08 11:24:28,340 DEBUG Engine] No need to copy /Users/daper01/Documents/OSLo/artifacts/2017-12-08_11-23-14.483035/modified_requests-1.jmx
[2017-12-08 11:24:28,340 DEBUG Engine.jmeter.JTLErrorsReader] Opening /Users/daper01/Documents/OSLo/artifacts/2017-12-08_11-23-14.483035/error.jtl
[2017-12-08 11:24:28,347 DEBUG Engine.jmeter.JTLReader.IncrementalCSVReader] Reading JTL: /Users/daper01/Documents/OSLo/artifacts/2017-12-08_11-23-14.483035/kpi.jtl
[2017-12-08 11:24:28,347 DEBUG Engine.jmeter.JTLReader.IncrementalCSVReader] Read lines: 216 / 20748 bytes (at speed 1048576)
[2017-12-08 11:24:28,355 DEBUG Engine.jmeter.JTLReader] Buffer len: 4
[2017-12-08 11:24:28,355 DEBUG Engine.jmeter.JTLReader] Aggregating: 1512761062
[2017-12-08 11:24:28,369 DEBUG Engine.jmeter.JTLReader] Aggregating: 1512761063
[2017-12-08 11:24:28,383 DEBUG Engine.jmeter.JTLReader] Aggregating: 1512761064
[2017-12-08 11:24:28,399 DEBUG Engine.jmeter.JTLReader] Aggregating: 1512761065
[2017-12-08 11:24:28,409 DEBUG Engine.jmeter.JTLErrorsReader] Opening /Users/daper01/Documents/OSLo/artifacts/2017-12-08_11-23-14.483035/error-1.jtl
[2017-12-08 11:24:28,413 DEBUG Engine.jmeter.JTLErrorsReader] Error reading errors.jtl: Traceback (most recent call last):
  File "/usr/local/lib/python2.7/site-packages/bzt/modules/jmeter.py", line 1347, in read_file
    self.parser.feed(read)  # "Huge input lookup" error without capping :)
  File "src/lxml/parser.pxi", line 1240, in lxml.etree._FeedParser.feed
  File "src/lxml/parser.pxi", line 1362, in lxml.etree._FeedParser.feed
  File "src/lxml/parser.pxi", line 589, in lxml.etree._ParserContext._handleParseResult
  File "src/lxml/parser.pxi", line 598, in lxml.etree._ParserContext._handleParseResultDoc
  File "src/lxml/parser.pxi", line 709, in lxml.etree._handleParseResult
  File "src/lxml/parser.pxi", line 638, in lxml.etree._raiseParseError
XMLSyntaxError: Opening and ending tag mismatch: responseData line 186 and testResults, line 193, column 15 (line 193)

[2017-12-08 11:24:28,413 WARNING Engine.jmeter.JTLErrorsReader] Failed to parse errors XML: Opening and ending tag mismatch: responseData line 186 and testResults, line 193, column 15 (line 193)
[2017-12-08 11:24:28,414 DEBUG Engine.jmeter.JTLReader.IncrementalCSVReader] Reading JTL: /Users/daper01/Documents/OSLo/artifacts/2017-12-08_11-23-14.483035/kpi-1.jtl
[2017-12-08 11:24:28,415 DEBUG Engine.jmeter.JTLReader.IncrementalCSVReader] Read lines: 300 / 27538 bytes (at speed 1048576)
[2017-12-08 11:24:28,422 DEBUG Engine.jmeter.JTLReader] Buffer len: 6
[2017-12-08 11:24:28,422 DEBUG Engine.jmeter.JTLReader] Aggregating: 1512761062
[2017-12-08 11:24:28,431 DEBUG Engine.jmeter.JTLReader] Aggregating: 1512761063
[2017-12-08 11:24:28,440 DEBUG Engine.jmeter.JTLReader] Aggregating: 1512761064
[2017-12-08 11:24:28,449 DEBUG Engine.jmeter.JTLReader] Aggregating: 1512761065
[2017-12-08 11:24:28,458 DEBUG Engine.jmeter.JTLReader] Aggregating: 1512761066
[2017-12-08 11:24:28,467 DEBUG Engine.jmeter.JTLReader] Aggregating: 1512761067
[2017-12-08 11:24:28,478 DEBUG Engine.consolidator] Consolidator buffer[8]: [1512761060, 1512761061, 1512761062, 1512761063, 1512761064, 1512761065, 1512761066, 1512761067]
[2017-12-08 11:24:28,478 DEBUG Engine.consolidator] Merging into 1512761060
[2017-12-08 11:24:28,478 DEBUG Engine.consolidator] Merging 1512761060
[2017-12-08 11:24:28,484 DEBUG Engine.consolidator] Merging 1512761060
[2017-12-08 11:24:28,506 DEBUG Engine.consolidator] Processed datapoint: 1512761060/None
[2017-12-08 11:24:28,506 DEBUG Engine.consolidator] Merging into 1512761061
[2017-12-08 11:24:28,506 DEBUG Engine.consolidator] Merging 1512761061
[2017-12-08 11:24:28,512 DEBUG Engine.consolidator] Merging 1512761061
[2017-12-08 11:24:28,531 DEBUG Engine.consolidator] Processed datapoint: 1512761061/None
[2017-12-08 11:24:28,531 DEBUG Engine.consolidator] Merging into 1512761062
[2017-12-08 11:24:28,531 DEBUG Engine.consolidator] Merging 1512761062
[2017-12-08 11:24:28,537 DEBUG Engine.consolidator] Merging 1512761062
[2017-12-08 11:24:28,555 DEBUG Engine.consolidator] Processed datapoint: 1512761062/None
[2017-12-08 11:24:28,556 DEBUG Engine.consolidator] Merging into 1512761063
[2017-12-08 11:24:28,556 DEBUG Engine.consolidator] Merging 1512761063
[2017-12-08 11:24:28,561 DEBUG Engine.consolidator] Merging 1512761063
[2017-12-08 11:24:28,577 DEBUG Engine.consolidator] Processed datapoint: 1512761063/None
[2017-12-08 11:24:28,577 DEBUG Engine.consolidator] Merging into 1512761064
[2017-12-08 11:24:28,577 DEBUG Engine.consolidator] Merging 1512761064
[2017-12-08 11:24:28,582 DEBUG Engine.consolidator] Merging 1512761064
[2017-12-08 11:24:28,600 DEBUG Engine.consolidator] Processed datapoint: 1512761064/None
[2017-12-08 11:24:28,600 DEBUG Engine.consolidator] Merging into 1512761065
[2017-12-08 11:24:28,600 DEBUG Engine.consolidator] Merging 1512761065
[2017-12-08 11:24:28,605 DEBUG Engine.consolidator] Merging 1512761065
[2017-12-08 11:24:28,621 DEBUG Engine.consolidator] Processed datapoint: 1512761065/None
[2017-12-08 11:24:28,621 DEBUG Engine.consolidator] Merging into 1512761066
[2017-12-08 11:24:28,621 DEBUG Engine.consolidator] Merging 1512761066
[2017-12-08 11:24:28,636 DEBUG Engine.consolidator] Processed datapoint: 1512761066/None
[2017-12-08 11:24:28,636 DEBUG Engine.consolidator] Merging into 1512761067
[2017-12-08 11:24:28,636 DEBUG Engine.consolidator] Merging 1512761067
[2017-12-08 11:24:28,651 DEBUG Engine.consolidator] Processed datapoint: 1512761067/None
[2017-12-08 11:24:28,651 INFO Engine.final-stats] Test duration: 0:01:03
[2017-12-08 11:24:28,652 INFO Engine.final-stats] Samples count: 7275, 0.36% failures
[2017-12-08 11:24:28,652 INFO Engine.final-stats] Average times: total 0.371, latency 0.356, connect 0.000
[2017-12-08 11:24:28,652 INFO Engine.final-stats] Percentile 0.0%: 0.018
[2017-12-08 11:24:28,652 INFO Engine.final-stats] Percentile 50.0%: 0.390
[2017-12-08 11:24:28,652 INFO Engine.final-stats] Percentile 90.0%: 0.515
[2017-12-08 11:24:28,652 INFO Engine.final-stats] Percentile 95.0%: 0.538
[2017-12-08 11:24:28,652 INFO Engine.final-stats] Percentile 99.0%: 0.585
[2017-12-08 11:24:28,652 INFO Engine.final-stats] Percentile 99.9%: 1.511
[2017-12-08 11:24:28,653 INFO Engine.final-stats] Percentile 100.0%: 2.315
[2017-12-08 11:24:28,653 DEBUG Engine.console] No logger_handler or orig_stream was detected
[2017-12-08 11:24:28,653 INFO Engine.final-stats] Test duration: 0:01:03
[2017-12-08 11:24:28,653 INFO Engine.final-stats] Samples count: 7275, 0.36% failures
[2017-12-08 11:24:28,653 INFO Engine.final-stats] Average times: total 0.371, latency 0.356, connect 0.000
[2017-12-08 11:24:28,653 INFO Engine.final-stats] Percentile 0.0%: 0.018
[2017-12-08 11:24:28,653 INFO Engine.final-stats] Percentile 50.0%: 0.390
[2017-12-08 11:24:28,654 INFO Engine.final-stats] Percentile 90.0%: 0.515
[2017-12-08 11:24:28,654 INFO Engine.final-stats] Percentile 95.0%: 0.538
[2017-12-08 11:24:28,654 INFO Engine.final-stats] Percentile 99.0%: 0.585
[2017-12-08 11:24:28,654 INFO Engine.final-stats] Percentile 99.9%: 1.511
[2017-12-08 11:24:28,654 INFO Engine.final-stats] Percentile 100.0%: 2.315
[2017-12-08 11:24:28,654 INFO Engine.final-stats] Dumping final status as XML: stats.xml
[2017-12-08 11:24:28,660 DEBUG Engine.Configuration] Dumping YAML config into /Users/daper01/Documents/OSLo/artifacts/2017-12-08_11-23-14.483035/effective.yml
[2017-12-08 11:24:28,720 DEBUG Engine.Configuration] Dumping JSON config into /Users/daper01/Documents/OSLo/artifacts/2017-12-08_11-23-14.483035/effective.json
[2017-12-08 11:24:28,723 INFO root] Artifacts dir: /Users/daper01/Documents/OSLo/artifacts/2017-12-08_11-23-14.483035
[2017-12-08 11:24:28,723 WARNING root] Done performing with code: 1
[2017-12-08 11:24:28,723 DEBUG root] Closing log handler: /Users/daper01/Documents/OSLo/artifacts/2017-12-08_11-23-14.483035/bzt.log
