2017-12-08 11:23:27,360 INFO o.a.j.u.JMeterUtils: Setting Locale to en_US
2017-12-08 11:23:27,396 INFO o.a.j.JMeter: Loading user properties from: /Users/daper01/.bzt/jmeter-taurus/3.3/bin/user.properties
2017-12-08 11:23:27,397 INFO o.a.j.JMeter: Loading system properties from: /Users/daper01/.bzt/jmeter-taurus/3.3/bin/system.properties
2017-12-08 11:23:27,398 INFO o.a.j.JMeter: Setting System properties from file: /Users/daper01/Documents/OSLo/artifacts/2017-12-08_11-23-14.483035/system-1.properties
2017-12-08 11:23:27,407 INFO o.a.j.JMeter: Copyright (c) 1998-2017 The Apache Software Foundation
2017-12-08 11:23:27,407 INFO o.a.j.JMeter: Version 3.3 r1808647
2017-12-08 11:23:27,407 INFO o.a.j.JMeter: java.version=1.8.0_121
2017-12-08 11:23:27,408 INFO o.a.j.JMeter: java.vm.name=Java HotSpot(TM) 64-Bit Server VM
2017-12-08 11:23:27,408 INFO o.a.j.JMeter: os.name=Mac OS X
2017-12-08 11:23:27,408 INFO o.a.j.JMeter: os.arch=x86_64
2017-12-08 11:23:27,408 INFO o.a.j.JMeter: os.version=10.13.1
2017-12-08 11:23:27,408 INFO o.a.j.JMeter: file.encoding=UTF-8
2017-12-08 11:23:27,409 INFO o.a.j.JMeter: Max memory     =3817865216
2017-12-08 11:23:27,409 INFO o.a.j.JMeter: Available Processors =4
2017-12-08 11:23:27,415 INFO o.a.j.JMeter: Default Locale=English (United States)
2017-12-08 11:23:27,416 INFO o.a.j.JMeter: JMeter  Locale=English (United States)
2017-12-08 11:23:27,416 INFO o.a.j.JMeter: JMeterHome=/Users/daper01/.bzt/jmeter-taurus/3.3
2017-12-08 11:23:27,416 INFO o.a.j.JMeter: user.dir  =/Users/daper01/Documents/OSLo
2017-12-08 11:23:27,416 INFO o.a.j.JMeter: PWD       =/Users/daper01/Documents/OSLo
2017-12-08 11:23:27,421 INFO o.a.j.JMeter: IP: 10.137.176.136 Name: daper01mac1124 FullName: daper01mac1124.ca.com
2017-12-08 11:23:27,421 INFO o.a.j.JMeter: user.classpath=/Users/daper01/Documents/OSLo/artifacts/2017-12-08_11-23-14.483035
2017-12-08 11:23:27,421 INFO o.a.j.JMeter: Adding to classpath and loader: /Users/daper01/Documents/OSLo/artifacts/2017-12-08_11-23-14.483035
2017-12-08 11:23:27,432 INFO o.a.j.s.FileServer: Default base='/Users/daper01/Documents/OSLo'
2017-12-08 11:23:27,433 INFO o.a.j.s.FileServer: Set new base='/Users/daper01/Documents/OSLo/artifacts/2017-12-08_11-23-14.483035'
2017-12-08 11:23:27,935 INFO o.a.j.s.SaveService: Testplan (JMX) version: 2.2. Testlog (JTL) version: 2.2
2017-12-08 11:23:28,024 INFO o.a.j.s.SaveService: Using SaveService properties file encoding UTF-8
2017-12-08 11:23:28,035 INFO o.a.j.s.SaveService: Using SaveService properties version 3.2
2017-12-08 11:23:28,047 INFO o.a.j.s.SaveService: Loading file: /Users/daper01/Documents/OSLo/artifacts/2017-12-08_11-23-14.483035/modified_requests-1.jmx
2017-12-08 11:23:28,133 INFO o.a.j.p.h.c.CacheManager: Will only cache the following methods: [GET]
2017-12-08 11:23:28,135 INFO o.a.j.p.h.c.CookieManager: Settings: Delete null: true Check: true Allow variable: true Save: false Prefix: COOKIE_
2017-12-08 11:23:28,162 INFO o.a.j.p.h.s.HTTPSamplerBase: Parser for text/html is org.apache.jmeter.protocol.http.parser.LagartoBasedHtmlParser
2017-12-08 11:23:28,163 INFO o.a.j.p.h.s.HTTPSamplerBase: Parser for application/xhtml+xml is org.apache.jmeter.protocol.http.parser.LagartoBasedHtmlParser
2017-12-08 11:23:28,163 INFO o.a.j.p.h.s.HTTPSamplerBase: Parser for application/xml is org.apache.jmeter.protocol.http.parser.LagartoBasedHtmlParser
2017-12-08 11:23:28,163 INFO o.a.j.p.h.s.HTTPSamplerBase: Parser for text/xml is org.apache.jmeter.protocol.http.parser.LagartoBasedHtmlParser
2017-12-08 11:23:28,163 INFO o.a.j.p.h.s.HTTPSamplerBase: Parser for text/vnd.wap.wml is org.apache.jmeter.protocol.http.parser.RegexpHTMLParser
2017-12-08 11:23:28,163 INFO o.a.j.p.h.s.HTTPSamplerBase: Parser for text/css is org.apache.jmeter.protocol.http.parser.CssParser
2017-12-08 11:23:28,223 INFO o.a.j.e.StandardJMeterEngine: Running the test!
2017-12-08 11:23:28,224 INFO o.a.j.s.SampleEvent: List of sample_variables: []
2017-12-08 11:23:28,224 INFO o.a.j.s.SampleEvent: List of sample_variables: []
2017-12-08 11:23:28,228 INFO o.a.j.e.u.CompoundVariable: Note: Function class names must contain the string: '.functions.'
2017-12-08 11:23:28,228 INFO o.a.j.e.u.CompoundVariable: Note: Function class names must not contain the string: '.gui.'
2017-12-08 11:23:29,577 INFO o.a.j.JMeter: Running test (1512761009577)
2017-12-08 11:23:29,712 INFO o.a.j.e.StandardJMeterEngine: Starting ThreadGroup: 1 : blazedemo
2017-12-08 11:23:29,713 INFO o.a.j.e.StandardJMeterEngine: Starting 50 threads for group blazedemo.
2017-12-08 11:23:29,713 INFO o.a.j.e.StandardJMeterEngine: Thread will continue on error
2017-12-08 11:23:29,724 INFO c.b.j.t.c.ConcurrencyThreadStarter: Start supplying threads
2017-12-08 11:23:29,735 INFO o.a.j.e.StandardJMeterEngine: All thread groups have been started
2017-12-08 11:23:30,933 INFO o.a.j.s.SampleResult: Note: Sample TimeStamps are START times
2017-12-08 11:23:30,933 INFO o.a.j.s.SampleResult: sampleresult.default.encoding is set to UTF-8
2017-12-08 11:23:30,933 INFO o.a.j.s.SampleResult: sampleresult.useNanoTime=true
2017-12-08 11:23:30,933 INFO o.a.j.s.SampleResult: sampleresult.nanoThreadSleep=5000
2017-12-08 11:23:31,223 INFO o.a.j.t.JMeterThread: Thread started: blazedemo 1-1
2017-12-08 11:23:31,230 INFO o.a.j.s.FileServer: Stored: /Users/daper01/Documents/OSLo/param.csv
2017-12-08 11:23:31,266 INFO o.a.j.p.h.s.HTTPHCAbstractImpl: Local host = daper01mac1124
2017-12-08 11:23:31,282 INFO o.a.j.p.h.s.HTTPHC4Impl: HTTP request retry count = 0
2017-12-08 11:23:33,953 INFO o.a.j.t.JMeterThread: Thread started: blazedemo 1-2
2017-12-08 11:23:35,958 INFO o.a.j.t.JMeterThread: Thread started: blazedemo 1-3
2017-12-08 11:23:38,964 INFO o.a.j.t.JMeterThread: Thread started: blazedemo 1-4
2017-12-08 11:23:40,973 INFO o.a.j.t.JMeterThread: Thread started: blazedemo 1-5
2017-12-08 11:23:42,975 INFO o.a.j.t.JMeterThread: Thread started: blazedemo 1-6
2017-12-08 11:23:45,984 INFO o.a.j.t.JMeterThread: Thread started: blazedemo 1-7
2017-12-08 11:23:47,992 INFO o.a.j.t.JMeterThread: Thread started: blazedemo 1-8
2017-12-08 11:23:50,998 INFO o.a.j.t.JMeterThread: Thread started: blazedemo 1-9
2017-12-08 11:23:53,004 INFO o.a.j.t.JMeterThread: Thread started: blazedemo 1-10
2017-12-08 11:23:55,014 INFO o.a.j.t.JMeterThread: Thread started: blazedemo 1-11
2017-12-08 11:23:58,018 INFO o.a.j.t.JMeterThread: Thread started: blazedemo 1-12
2017-12-08 11:24:00,021 INFO o.a.j.t.JMeterThread: Thread started: blazedemo 1-13
2017-12-08 11:24:03,032 INFO o.a.j.t.JMeterThread: Thread started: blazedemo 1-14
2017-12-08 11:24:05,048 INFO o.a.j.t.JMeterThread: Thread started: blazedemo 1-15
2017-12-08 11:24:07,060 INFO o.a.j.t.JMeterThread: Thread started: blazedemo 1-16
2017-12-08 11:24:10,066 INFO o.a.j.t.JMeterThread: Thread started: blazedemo 1-17
2017-12-08 11:24:12,071 INFO o.a.j.t.JMeterThread: Thread started: blazedemo 1-18
2017-12-08 11:24:15,080 INFO o.a.j.t.JMeterThread: Thread started: blazedemo 1-19
2017-12-08 11:24:17,088 INFO o.a.j.t.JMeterThread: Thread started: blazedemo 1-20
2017-12-08 11:24:19,093 INFO o.a.j.t.JMeterThread: Thread started: blazedemo 1-21
2017-12-08 11:24:22,105 INFO o.a.j.t.JMeterThread: Thread started: blazedemo 1-22
2017-12-08 11:24:24,109 INFO o.a.j.t.JMeterThread: Thread started: blazedemo 1-23
2017-12-08 11:24:27,116 INFO o.a.j.t.JMeterThread: Thread started: blazedemo 1-24
2017-12-08 11:24:27,276 INFO o.a.j.JMeter: Command: Shutdown received from /127.0.0.1
2017-12-08 11:24:27,278 INFO c.b.j.t.c.ConcurrencyThreadStarter: Done supplying threads
2017-12-08 11:24:27,278 WARN o.a.j.t.JMeterThread: Interrupting: blazedemo 1-1 sampler: Purchase Page
2017-12-08 11:24:27,280 INFO o.a.j.t.JMeterThread: Thread is done: blazedemo 1-3
2017-12-08 11:24:27,280 INFO o.a.j.t.JMeterThread: Thread finished: blazedemo 1-3
2017-12-08 11:24:27,280 WARN o.a.j.t.JMeterThread: Interrupting: blazedemo 1-16 sampler: Confirmation Page
2017-12-08 11:24:27,283 WARN o.a.j.t.JMeterThread: Interrupting: blazedemo 1-18 sampler: Confirmation Page
2017-12-08 11:24:27,284 WARN o.a.j.t.JMeterThread: Interrupting: blazedemo 1-13 sampler: Confirmation Page
2017-12-08 11:24:27,284 INFO o.a.j.t.JMeterThread: Thread is done: blazedemo 1-17
2017-12-08 11:24:27,284 INFO o.a.j.t.JMeterThread: Thread finished: blazedemo 1-17
2017-12-08 11:24:27,286 WARN o.a.j.t.JMeterThread: Interrupting: blazedemo 1-21 sampler: Reserve Page
2017-12-08 11:24:27,287 WARN o.a.j.t.JMeterThread: Interrupting: blazedemo 1-10 sampler: Reserve Page
2017-12-08 11:24:27,288 WARN o.a.j.t.JMeterThread: Interrupting: blazedemo 1-24 sampler: Welcome Page
2017-12-08 11:24:27,291 INFO o.a.j.t.JMeterThread: Thread is done: blazedemo 1-20
2017-12-08 11:24:27,291 INFO o.a.j.t.JMeterThread: Thread finished: blazedemo 1-20
2017-12-08 11:24:27,292 WARN o.a.j.t.JMeterThread: Interrupting: blazedemo 1-9 sampler: Confirmation Page
2017-12-08 11:24:27,294 WARN o.a.j.t.JMeterThread: Interrupting: blazedemo 1-11 sampler: Welcome Page
2017-12-08 11:24:27,300 INFO o.a.j.t.JMeterThread: Thread is done: blazedemo 1-1
2017-12-08 11:24:27,300 INFO o.a.j.t.JMeterThread: Thread finished: blazedemo 1-1
2017-12-08 11:24:27,300 WARN o.a.j.t.JMeterThread: Interrupting: blazedemo 1-2 sampler: Purchase Page
2017-12-08 11:24:27,301 INFO o.a.j.t.JMeterThread: Thread is done: blazedemo 1-23
2017-12-08 11:24:27,301 INFO o.a.j.t.JMeterThread: Thread finished: blazedemo 1-23
2017-12-08 11:24:27,303 INFO o.a.j.t.JMeterThread: Thread is done: blazedemo 1-9
2017-12-08 11:24:27,303 INFO o.a.j.t.JMeterThread: Thread finished: blazedemo 1-9
2017-12-08 11:24:27,304 INFO o.a.j.t.JMeterThread: Thread is done: blazedemo 1-7
2017-12-08 11:24:27,304 INFO o.a.j.t.JMeterThread: Thread finished: blazedemo 1-7
2017-12-08 11:24:27,305 INFO o.a.j.t.JMeterThread: Thread is done: blazedemo 1-24
2017-12-08 11:24:27,305 INFO o.a.j.e.StandardJMeterEngine: Notifying test listeners of end of test
2017-12-08 11:24:27,305 INFO o.a.j.s.FileServer: Close: /Users/daper01/Documents/OSLo/param.csv
2017-12-08 11:24:27,305 INFO o.a.j.t.JMeterThread: Thread finished: blazedemo 1-24
2017-12-08 11:24:27,306 WARN o.a.j.t.JMeterThread: Interrupting: blazedemo 1-22 sampler: Purchase Page
2017-12-08 11:24:27,307 INFO o.a.j.t.JMeterThread: Thread is done: blazedemo 1-10
2017-12-08 11:24:27,307 INFO o.a.j.t.JMeterThread: Thread finished: blazedemo 1-10
2017-12-08 11:24:27,314 INFO o.a.j.t.JMeterThread: Thread is done: blazedemo 1-21
2017-12-08 11:24:27,314 WARN o.a.j.t.JMeterThread: Interrupting: blazedemo 1-19 sampler: Confirmation Page
2017-12-08 11:24:27,314 INFO o.a.j.t.JMeterThread: Thread finished: blazedemo 1-21
2017-12-08 11:24:27,316 INFO o.a.j.t.JMeterThread: Thread is done: blazedemo 1-2
2017-12-08 11:24:27,317 INFO o.a.j.t.JMeterThread: Thread finished: blazedemo 1-2
2017-12-08 11:24:27,317 INFO o.a.j.t.JMeterThread: Thread is done: blazedemo 1-13
2017-12-08 11:24:27,317 INFO o.a.j.t.JMeterThread: Thread finished: blazedemo 1-13
2017-12-08 11:24:27,317 INFO o.a.j.e.StandardJMeterEngine: Forced JVM shutdown requested at end of test
2017-12-08 11:24:27,318 INFO o.a.j.t.JMeterThread: Thread is done: blazedemo 1-16
2017-12-08 11:24:27,318 INFO o.a.j.t.JMeterThread: Thread finished: blazedemo 1-16
2017-12-08 11:24:27,319 INFO o.a.j.t.JMeterThread: Thread is done: blazedemo 1-18
2017-12-08 11:24:27,319 INFO o.a.j.t.JMeterThread: Thread finished: blazedemo 1-18
