2017-12-08 11:23:27,360 INFO o.a.j.u.JMeterUtils: Setting Locale to en_US
2017-12-08 11:23:27,389 INFO o.a.j.JMeter: Loading user properties from: /Users/daper01/.bzt/jmeter-taurus/3.3/bin/user.properties
2017-12-08 11:23:27,390 INFO o.a.j.JMeter: Loading system properties from: /Users/daper01/.bzt/jmeter-taurus/3.3/bin/system.properties
2017-12-08 11:23:27,393 INFO o.a.j.JMeter: Setting System properties from file: /Users/daper01/Documents/OSLo/artifacts/2017-12-08_11-23-14.483035/system.properties
2017-12-08 11:23:27,400 INFO o.a.j.JMeter: Copyright (c) 1998-2017 The Apache Software Foundation
2017-12-08 11:23:27,400 INFO o.a.j.JMeter: Version 3.3 r1808647
2017-12-08 11:23:27,400 INFO o.a.j.JMeter: java.version=1.8.0_121
2017-12-08 11:23:27,400 INFO o.a.j.JMeter: java.vm.name=Java HotSpot(TM) 64-Bit Server VM
2017-12-08 11:23:27,401 INFO o.a.j.JMeter: os.name=Mac OS X
2017-12-08 11:23:27,401 INFO o.a.j.JMeter: os.arch=x86_64
2017-12-08 11:23:27,401 INFO o.a.j.JMeter: os.version=10.13.1
2017-12-08 11:23:27,401 INFO o.a.j.JMeter: file.encoding=UTF-8
2017-12-08 11:23:27,401 INFO o.a.j.JMeter: Max memory     =3817865216
2017-12-08 11:23:27,401 INFO o.a.j.JMeter: Available Processors =4
2017-12-08 11:23:27,406 INFO o.a.j.JMeter: Default Locale=English (United States)
2017-12-08 11:23:27,407 INFO o.a.j.JMeter: JMeter  Locale=English (United States)
2017-12-08 11:23:27,407 INFO o.a.j.JMeter: JMeterHome=/Users/daper01/.bzt/jmeter-taurus/3.3
2017-12-08 11:23:27,407 INFO o.a.j.JMeter: user.dir  =/Users/daper01/Documents/OSLo
2017-12-08 11:23:27,407 INFO o.a.j.JMeter: PWD       =/Users/daper01/Documents/OSLo
2017-12-08 11:23:27,410 INFO o.a.j.JMeter: IP: 10.137.176.136 Name: daper01mac1124 FullName: daper01mac1124.ca.com
2017-12-08 11:23:27,411 INFO o.a.j.JMeter: user.classpath=/Users/daper01/Documents/OSLo/artifacts/2017-12-08_11-23-14.483035
2017-12-08 11:23:27,411 INFO o.a.j.JMeter: Adding to classpath and loader: /Users/daper01/Documents/OSLo/artifacts/2017-12-08_11-23-14.483035
2017-12-08 11:23:27,416 INFO o.a.j.s.FileServer: Default base='/Users/daper01/Documents/OSLo'
2017-12-08 11:23:27,416 INFO o.a.j.s.FileServer: Set new base='/Users/daper01/Documents/OSLo/artifacts/2017-12-08_11-23-14.483035'
2017-12-08 11:23:27,833 INFO o.a.j.s.SaveService: Testplan (JMX) version: 2.2. Testlog (JTL) version: 2.2
2017-12-08 11:23:27,872 INFO o.a.j.s.SaveService: Using SaveService properties file encoding UTF-8
2017-12-08 11:23:27,880 INFO o.a.j.s.SaveService: Using SaveService properties version 3.2
2017-12-08 11:23:27,895 INFO o.a.j.s.SaveService: Loading file: /Users/daper01/Documents/OSLo/artifacts/2017-12-08_11-23-14.483035/modified_requests.jmx
2017-12-08 11:23:28,053 INFO o.a.j.p.h.c.CacheManager: Will only cache the following methods: [GET]
2017-12-08 11:23:28,055 INFO o.a.j.p.h.c.CookieManager: Settings: Delete null: true Check: true Allow variable: true Save: false Prefix: COOKIE_
2017-12-08 11:23:28,087 INFO o.a.j.p.h.s.HTTPSamplerBase: Parser for text/html is org.apache.jmeter.protocol.http.parser.LagartoBasedHtmlParser
2017-12-08 11:23:28,088 INFO o.a.j.p.h.s.HTTPSamplerBase: Parser for application/xhtml+xml is org.apache.jmeter.protocol.http.parser.LagartoBasedHtmlParser
2017-12-08 11:23:28,088 INFO o.a.j.p.h.s.HTTPSamplerBase: Parser for application/xml is org.apache.jmeter.protocol.http.parser.LagartoBasedHtmlParser
2017-12-08 11:23:28,088 INFO o.a.j.p.h.s.HTTPSamplerBase: Parser for text/xml is org.apache.jmeter.protocol.http.parser.LagartoBasedHtmlParser
2017-12-08 11:23:28,089 INFO o.a.j.p.h.s.HTTPSamplerBase: Parser for text/vnd.wap.wml is org.apache.jmeter.protocol.http.parser.RegexpHTMLParser
2017-12-08 11:23:28,089 INFO o.a.j.p.h.s.HTTPSamplerBase: Parser for text/css is org.apache.jmeter.protocol.http.parser.CssParser
2017-12-08 11:23:28,127 INFO o.a.j.e.StandardJMeterEngine: Running the test!
2017-12-08 11:23:28,128 INFO o.a.j.s.SampleEvent: List of sample_variables: []
2017-12-08 11:23:28,128 INFO o.a.j.s.SampleEvent: List of sample_variables: []
2017-12-08 11:23:28,132 INFO o.a.j.e.u.CompoundVariable: Note: Function class names must contain the string: '.functions.'
2017-12-08 11:23:28,132 INFO o.a.j.e.u.CompoundVariable: Note: Function class names must not contain the string: '.gui.'
2017-12-08 11:23:29,203 INFO o.a.j.JMeter: Running test (1512761009203)
2017-12-08 11:23:29,281 INFO o.a.j.e.StandardJMeterEngine: Starting ThreadGroup: 1 : blazedemo
2017-12-08 11:23:29,282 INFO o.a.j.e.StandardJMeterEngine: Starting 50 threads for group blazedemo.
2017-12-08 11:23:29,282 INFO o.a.j.e.StandardJMeterEngine: Thread will continue on error
2017-12-08 11:23:29,290 INFO c.b.j.t.c.ConcurrencyThreadStarter: Start supplying threads
2017-12-08 11:23:29,290 INFO o.a.j.e.StandardJMeterEngine: All thread groups have been started
2017-12-08 11:23:29,635 INFO o.a.j.s.SampleResult: Note: Sample TimeStamps are START times
2017-12-08 11:23:29,635 INFO o.a.j.s.SampleResult: sampleresult.default.encoding is set to UTF-8
2017-12-08 11:23:29,635 INFO o.a.j.s.SampleResult: sampleresult.useNanoTime=true
2017-12-08 11:23:29,635 INFO o.a.j.s.SampleResult: sampleresult.nanoThreadSleep=5000
2017-12-08 11:23:29,979 INFO o.a.j.t.JMeterThread: Thread started: blazedemo 1-1
2017-12-08 11:23:29,987 INFO o.a.j.s.FileServer: Stored: /Users/daper01/Documents/OSLo/param.csv
2017-12-08 11:23:30,037 INFO o.a.j.p.h.s.HTTPHCAbstractImpl: Local host = daper01mac1124
2017-12-08 11:23:30,044 INFO o.a.j.p.h.s.HTTPHC4Impl: HTTP request retry count = 0
2017-12-08 11:23:30,642 INFO o.a.j.t.JMeterThread: Thread started: blazedemo 1-2
2017-12-08 11:23:31,655 INFO o.a.j.t.JMeterThread: Thread started: blazedemo 1-4
2017-12-08 11:23:31,656 INFO o.a.j.t.JMeterThread: Thread started: blazedemo 1-3
2017-12-08 11:23:32,659 INFO o.a.j.t.JMeterThread: Thread started: blazedemo 1-5
2017-12-08 11:23:32,666 INFO o.a.j.t.JMeterThread: Thread started: blazedemo 1-6
2017-12-08 11:23:33,669 INFO o.a.j.t.JMeterThread: Thread started: blazedemo 1-7
2017-12-08 11:23:34,675 INFO o.a.j.t.JMeterThread: Thread started: blazedemo 1-8
2017-12-08 11:23:34,679 INFO o.a.j.t.JMeterThread: Thread started: blazedemo 1-9
2017-12-08 11:23:35,683 INFO o.a.j.t.JMeterThread: Thread started: blazedemo 1-10
2017-12-08 11:23:35,688 INFO o.a.j.t.JMeterThread: Thread started: blazedemo 1-11
2017-12-08 11:23:36,690 INFO o.a.j.t.JMeterThread: Thread started: blazedemo 1-12
2017-12-08 11:23:37,692 INFO o.a.j.t.JMeterThread: Thread started: blazedemo 1-13
2017-12-08 11:23:37,692 INFO o.a.j.t.JMeterThread: Thread started: blazedemo 1-14
2017-12-08 11:23:38,697 INFO o.a.j.t.JMeterThread: Thread started: blazedemo 1-15
2017-12-08 11:23:38,710 INFO o.a.j.t.JMeterThread: Thread started: blazedemo 1-16
2017-12-08 11:23:39,702 INFO o.a.j.t.JMeterThread: Thread started: blazedemo 1-17
2017-12-08 11:23:40,707 INFO o.a.j.t.JMeterThread: Thread started: blazedemo 1-18
2017-12-08 11:23:40,707 INFO o.a.j.t.JMeterThread: Thread started: blazedemo 1-19
2017-12-08 11:23:41,709 INFO o.a.j.t.JMeterThread: Thread started: blazedemo 1-20
2017-12-08 11:23:41,710 INFO o.a.j.t.JMeterThread: Thread started: blazedemo 1-21
2017-12-08 11:23:42,718 INFO o.a.j.t.JMeterThread: Thread started: blazedemo 1-22
2017-12-08 11:23:43,721 INFO o.a.j.t.JMeterThread: Thread started: blazedemo 1-23
2017-12-08 11:23:43,722 INFO o.a.j.t.JMeterThread: Thread started: blazedemo 1-24
2017-12-08 11:23:44,728 INFO o.a.j.t.JMeterThread: Thread started: blazedemo 1-25
2017-12-08 11:23:44,738 INFO o.a.j.t.JMeterThread: Thread started: blazedemo 1-26
2017-12-08 11:23:45,737 INFO o.a.j.t.JMeterThread: Thread started: blazedemo 1-27
2017-12-08 11:23:46,742 INFO o.a.j.t.JMeterThread: Thread started: blazedemo 1-28
2017-12-08 11:23:46,743 INFO o.a.j.t.JMeterThread: Thread started: blazedemo 1-29
2017-12-08 11:23:47,748 INFO o.a.j.t.JMeterThread: Thread started: blazedemo 1-30
2017-12-08 11:23:47,753 INFO o.a.j.t.JMeterThread: Thread started: blazedemo 1-31
2017-12-08 11:23:48,756 INFO o.a.j.t.JMeterThread: Thread started: blazedemo 1-32
2017-12-08 11:23:49,757 INFO o.a.j.t.JMeterThread: Thread started: blazedemo 1-33
2017-12-08 11:23:49,758 INFO o.a.j.t.JMeterThread: Thread started: blazedemo 1-34
2017-12-08 11:23:50,761 INFO o.a.j.t.JMeterThread: Thread started: blazedemo 1-35
2017-12-08 11:23:50,762 INFO o.a.j.t.JMeterThread: Thread started: blazedemo 1-36
2017-12-08 11:23:51,769 INFO o.a.j.t.JMeterThread: Thread started: blazedemo 1-37
2017-12-08 11:23:52,773 INFO o.a.j.t.JMeterThread: Thread started: blazedemo 1-38
2017-12-08 11:23:52,775 INFO o.a.j.t.JMeterThread: Thread started: blazedemo 1-39
2017-12-08 11:23:53,779 INFO o.a.j.t.JMeterThread: Thread started: blazedemo 1-40
2017-12-08 11:23:53,779 INFO o.a.j.t.JMeterThread: Thread started: blazedemo 1-41
2017-12-08 11:23:54,783 INFO o.a.j.t.JMeterThread: Thread started: blazedemo 1-42
2017-12-08 11:23:55,787 INFO o.a.j.t.JMeterThread: Thread started: blazedemo 1-43
2017-12-08 11:23:55,787 INFO o.a.j.t.JMeterThread: Thread started: blazedemo 1-44
2017-12-08 11:23:56,789 INFO o.a.j.t.JMeterThread: Thread started: blazedemo 1-45
2017-12-08 11:23:56,789 INFO o.a.j.t.JMeterThread: Thread started: blazedemo 1-46
2017-12-08 11:23:57,795 INFO o.a.j.t.JMeterThread: Thread started: blazedemo 1-47
2017-12-08 11:23:57,797 INFO o.a.j.t.JMeterThread: Thread started: blazedemo 1-48
2017-12-08 11:23:58,802 INFO o.a.j.t.JMeterThread: Thread started: blazedemo 1-49
2017-12-08 11:23:59,807 INFO o.a.j.t.JMeterThread: Thread started: blazedemo 1-50
2017-12-08 11:24:25,250 INFO o.a.j.JMeter: Command: Shutdown received from /127.0.0.1
2017-12-08 11:24:25,252 INFO c.b.j.t.c.ConcurrencyThreadStarter: Done supplying threads
2017-12-08 11:24:25,252 WARN o.a.j.t.JMeterThread: Interrupting: blazedemo 1-40 sampler: Purchase Page
2017-12-08 11:24:25,253 WARN o.a.j.t.JMeterThread: Interrupting: blazedemo 1-6 sampler: Confirmation Page
2017-12-08 11:24:25,256 WARN o.a.j.t.JMeterThread: Interrupting: blazedemo 1-12 sampler: Reserve Page
2017-12-08 11:24:25,260 WARN o.a.j.t.JMeterThread: Interrupting: blazedemo 1-50 sampler: Confirmation Page
2017-12-08 11:24:25,266 WARN o.a.j.t.JMeterThread: Interrupting: blazedemo 1-41 sampler: Purchase Page
2017-12-08 11:24:25,275 WARN o.a.j.t.JMeterThread: Interrupting: blazedemo 1-5 sampler: Purchase Page
2017-12-08 11:24:25,279 WARN o.a.j.t.JMeterThread: Interrupting: blazedemo 1-35 sampler: Confirmation Page
2017-12-08 11:24:25,281 WARN o.a.j.t.JMeterThread: Interrupting: blazedemo 1-24 sampler: Reserve Page
2017-12-08 11:24:25,283 WARN o.a.j.t.JMeterThread: Interrupting: blazedemo 1-42 sampler: Purchase Page
2017-12-08 11:24:25,284 WARN o.a.j.t.JMeterThread: Interrupting: blazedemo 1-26 sampler: Purchase Page
2017-12-08 11:24:25,286 WARN o.a.j.t.JMeterThread: Interrupting: blazedemo 1-43 sampler: Reserve Page
2017-12-08 11:24:25,287 WARN o.a.j.t.JMeterThread: Interrupting: blazedemo 1-34 sampler: Confirmation Page
2017-12-08 11:24:25,291 INFO o.a.j.t.JMeterThread: Thread is done: blazedemo 1-6
2017-12-08 11:24:25,291 INFO o.a.j.t.JMeterThread: Thread finished: blazedemo 1-6
2017-12-08 11:24:25,292 WARN o.a.j.t.JMeterThread: Interrupting: blazedemo 1-18 sampler: Purchase Page
2017-12-08 11:24:25,294 WARN o.a.j.t.JMeterThread: Interrupting: blazedemo 1-4 sampler: Confirmation Page
2017-12-08 11:24:25,299 WARN o.a.j.t.JMeterThread: Interrupting: blazedemo 1-49 sampler: Welcome Page
2017-12-08 11:24:25,300 INFO o.a.j.t.JMeterThread: Thread is done: blazedemo 1-26
2017-12-08 11:24:25,300 INFO o.a.j.t.JMeterThread: Thread is done: blazedemo 1-27
2017-12-08 11:24:25,300 INFO o.a.j.t.JMeterThread: Thread finished: blazedemo 1-27
2017-12-08 11:24:25,300 INFO o.a.j.t.JMeterThread: Thread finished: blazedemo 1-26
2017-12-08 11:24:25,300 WARN o.a.j.t.JMeterThread: Interrupting: blazedemo 1-30 sampler: Welcome Page
2017-12-08 11:24:25,301 INFO o.a.j.t.JMeterThread: Thread is done: blazedemo 1-14
2017-12-08 11:24:25,301 INFO o.a.j.t.JMeterThread: Thread finished: blazedemo 1-14
2017-12-08 11:24:25,301 INFO o.a.j.t.JMeterThread: Thread is done: blazedemo 1-47
2017-12-08 11:24:25,302 INFO o.a.j.t.JMeterThread: Thread finished: blazedemo 1-47
2017-12-08 11:24:25,302 INFO o.a.j.t.JMeterThread: Thread is done: blazedemo 1-48
2017-12-08 11:24:25,302 INFO o.a.j.t.JMeterThread: Thread is done: blazedemo 1-29
2017-12-08 11:24:25,302 INFO o.a.j.t.JMeterThread: Thread finished: blazedemo 1-48
2017-12-08 11:24:25,302 INFO o.a.j.t.JMeterThread: Thread finished: blazedemo 1-29
2017-12-08 11:24:25,302 WARN o.a.j.t.JMeterThread: Interrupting: blazedemo 1-39 sampler: Confirmation Page
2017-12-08 11:24:25,326 WARN o.a.j.t.JMeterThread: No operation pending
2017-12-08 11:24:25,326 INFO o.a.j.t.JMeterThread: Thread is done: blazedemo 1-5
2017-12-08 11:24:25,327 INFO o.a.j.t.JMeterThread: Thread finished: blazedemo 1-5
2017-12-08 11:24:25,326 INFO o.a.j.t.JMeterThread: Thread is done: blazedemo 1-45
2017-12-08 11:24:25,327 INFO o.a.j.t.JMeterThread: Thread finished: blazedemo 1-45
2017-12-08 11:24:25,324 INFO o.a.j.t.JMeterThread: Thread is done: blazedemo 1-39
2017-12-08 11:24:25,327 INFO o.a.j.t.JMeterThread: Thread finished: blazedemo 1-39
2017-12-08 11:24:25,326 INFO o.a.j.t.JMeterThread: Thread is done: blazedemo 1-15
2017-12-08 11:24:25,325 INFO o.a.j.t.JMeterThread: Thread is done: blazedemo 1-25
2017-12-08 11:24:25,325 INFO o.a.j.t.JMeterThread: Thread is done: blazedemo 1-35
2017-12-08 11:24:25,337 INFO o.a.j.t.JMeterThread: Thread finished: blazedemo 1-15
2017-12-08 11:24:25,337 INFO o.a.j.t.JMeterThread: Thread finished: blazedemo 1-35
2017-12-08 11:24:25,337 INFO o.a.j.t.JMeterThread: Thread finished: blazedemo 1-25
2017-12-08 11:24:25,325 INFO o.a.j.t.JMeterThread: Thread is done: blazedemo 1-22
2017-12-08 11:24:25,325 INFO o.a.j.t.JMeterThread: Thread is done: blazedemo 1-21
2017-12-08 11:24:25,338 INFO o.a.j.t.JMeterThread: Thread finished: blazedemo 1-22
2017-12-08 11:24:25,338 INFO o.a.j.t.JMeterThread: Thread finished: blazedemo 1-21
2017-12-08 11:24:25,325 INFO o.a.j.t.JMeterThread: Thread is done: blazedemo 1-20
2017-12-08 11:24:25,324 INFO o.a.j.t.JMeterThread: Thread is done: blazedemo 1-3
2017-12-08 11:24:25,324 INFO o.a.j.t.JMeterThread: Thread is done: blazedemo 1-37
2017-12-08 11:24:25,324 INFO o.a.j.t.JMeterThread: Thread is done: blazedemo 1-10
2017-12-08 11:24:25,323 INFO o.a.j.t.JMeterThread: Thread is done: blazedemo 1-24
2017-12-08 11:24:25,322 INFO o.a.j.t.JMeterThread: Thread is done: blazedemo 1-32
2017-12-08 11:24:25,321 INFO o.a.j.t.JMeterThread: Thread is done: blazedemo 1-1
2017-12-08 11:24:25,339 INFO o.a.j.t.JMeterThread: Thread finished: blazedemo 1-24
2017-12-08 11:24:25,321 INFO o.a.j.t.JMeterThread: Thread is done: blazedemo 1-31
2017-12-08 11:24:25,321 INFO o.a.j.t.JMeterThread: Thread is done: blazedemo 1-46
2017-12-08 11:24:25,321 INFO o.a.j.t.JMeterThread: Thread is done: blazedemo 1-2
2017-12-08 11:24:25,320 INFO o.a.j.t.JMeterThread: Thread is done: blazedemo 1-8
2017-12-08 11:24:25,341 INFO o.a.j.t.JMeterThread: Thread finished: blazedemo 1-46
2017-12-08 11:24:25,341 INFO o.a.j.t.JMeterThread: Thread finished: blazedemo 1-2
2017-12-08 11:24:25,341 INFO o.a.j.t.JMeterThread: Thread finished: blazedemo 1-8
2017-12-08 11:24:25,320 INFO o.a.j.t.JMeterThread: Thread is done: blazedemo 1-36
2017-12-08 11:24:25,341 INFO o.a.j.t.JMeterThread: Thread finished: blazedemo 1-36
2017-12-08 11:24:25,320 INFO o.a.j.t.JMeterThread: Thread is done: blazedemo 1-42
2017-12-08 11:24:25,318 INFO o.a.j.t.JMeterThread: Thread is done: blazedemo 1-33
2017-12-08 11:24:25,317 INFO o.a.j.t.JMeterThread: Thread is done: blazedemo 1-38
2017-12-08 11:24:25,342 INFO o.a.j.t.JMeterThread: Thread finished: blazedemo 1-33
2017-12-08 11:24:25,342 INFO o.a.j.t.JMeterThread: Thread finished: blazedemo 1-38
2017-12-08 11:24:25,317 INFO o.a.j.t.JMeterThread: Thread is done: blazedemo 1-23
2017-12-08 11:24:25,342 INFO o.a.j.t.JMeterThread: Thread finished: blazedemo 1-23
2017-12-08 11:24:25,316 INFO o.a.j.t.JMeterThread: Thread is done: blazedemo 1-16
2017-12-08 11:24:25,315 INFO o.a.j.t.JMeterThread: Thread is done: blazedemo 1-28
2017-12-08 11:24:25,312 INFO o.a.j.t.JMeterThread: Thread is done: blazedemo 1-43
2017-12-08 11:24:25,343 INFO o.a.j.t.JMeterThread: Thread finished: blazedemo 1-28
2017-12-08 11:24:25,310 INFO o.a.j.t.JMeterThread: Thread is done: blazedemo 1-30
2017-12-08 11:24:25,308 INFO o.a.j.t.JMeterThread: Thread is done: blazedemo 1-13
2017-12-08 11:24:25,344 INFO o.a.j.t.JMeterThread: Thread finished: blazedemo 1-30
2017-12-08 11:24:25,344 INFO o.a.j.t.JMeterThread: Thread finished: blazedemo 1-13
2017-12-08 11:24:25,308 INFO o.a.j.t.JMeterThread: Thread is done: blazedemo 1-4
2017-12-08 11:24:25,307 INFO o.a.j.t.JMeterThread: Thread is done: blazedemo 1-19
2017-12-08 11:24:25,306 INFO o.a.j.t.JMeterThread: Thread is done: blazedemo 1-7
2017-12-08 11:24:25,345 INFO o.a.j.t.JMeterThread: Thread finished: blazedemo 1-19
2017-12-08 11:24:25,345 INFO o.a.j.t.JMeterThread: Thread finished: blazedemo 1-4
2017-12-08 11:24:25,306 INFO o.a.j.t.JMeterThread: Thread is done: blazedemo 1-11
2017-12-08 11:24:25,343 INFO o.a.j.t.JMeterThread: Thread finished: blazedemo 1-43
2017-12-08 11:24:25,345 INFO o.a.j.t.JMeterThread: Thread finished: blazedemo 1-11
2017-12-08 11:24:25,343 INFO o.a.j.t.JMeterThread: Thread finished: blazedemo 1-16
2017-12-08 11:24:25,342 INFO o.a.j.t.JMeterThread: Thread finished: blazedemo 1-42
2017-12-08 11:24:25,339 INFO o.a.j.t.JMeterThread: Thread finished: blazedemo 1-31
2017-12-08 11:24:25,339 INFO o.a.j.t.JMeterThread: Thread finished: blazedemo 1-1
2017-12-08 11:24:25,339 INFO o.a.j.t.JMeterThread: Thread finished: blazedemo 1-32
2017-12-08 11:24:25,339 INFO o.a.j.t.JMeterThread: Thread finished: blazedemo 1-10
2017-12-08 11:24:25,339 INFO o.a.j.t.JMeterThread: Thread finished: blazedemo 1-37
2017-12-08 11:24:25,339 INFO o.a.j.t.JMeterThread: Thread finished: blazedemo 1-3
2017-12-08 11:24:25,339 INFO o.a.j.t.JMeterThread: Thread finished: blazedemo 1-20
2017-12-08 11:24:25,334 INFO o.a.j.t.JMeterThread: Thread is done: blazedemo 1-18
2017-12-08 11:24:25,333 INFO o.a.j.t.JMeterThread: Thread is done: blazedemo 1-34
2017-12-08 11:24:25,349 INFO o.a.j.t.JMeterThread: Thread finished: blazedemo 1-18
2017-12-08 11:24:25,332 INFO o.a.j.t.JMeterThread: Thread is done: blazedemo 1-49
2017-12-08 11:24:25,350 INFO o.a.j.t.JMeterThread: Thread finished: blazedemo 1-49
2017-12-08 11:24:25,331 INFO o.a.j.t.JMeterThread: Thread is done: blazedemo 1-40
2017-12-08 11:24:25,351 INFO o.a.j.t.JMeterThread: Thread finished: blazedemo 1-40
2017-12-08 11:24:25,330 INFO o.a.j.t.JMeterThread: Thread is done: blazedemo 1-50
2017-12-08 11:24:25,353 INFO o.a.j.t.JMeterThread: Thread finished: blazedemo 1-50
2017-12-08 11:24:25,330 INFO o.a.j.t.JMeterThread: Thread is done: blazedemo 1-12
2017-12-08 11:24:25,328 INFO o.a.j.t.JMeterThread: Thread is done: blazedemo 1-41
2017-12-08 11:24:25,354 INFO o.a.j.t.JMeterThread: Thread finished: blazedemo 1-12
2017-12-08 11:24:25,327 WARN o.a.j.t.JMeterThread: Interrupting: blazedemo 1-9 sampler: Reserve Page
2017-12-08 11:24:25,354 INFO o.a.j.t.JMeterThread: Thread finished: blazedemo 1-41
2017-12-08 11:24:25,353 INFO o.a.j.e.StandardJMeterEngine: Notifying test listeners of end of test
2017-12-08 11:24:25,349 INFO o.a.j.t.JMeterThread: Thread finished: blazedemo 1-34
2017-12-08 11:24:25,355 INFO o.a.j.s.FileServer: Close: /Users/daper01/Documents/OSLo/param.csv
2017-12-08 11:24:25,345 INFO o.a.j.t.JMeterThread: Thread finished: blazedemo 1-7
2017-12-08 11:24:25,355 WARN o.a.j.t.JMeterThread: Interrupting: blazedemo 1-17 sampler: Purchase Page
2017-12-08 11:24:25,356 WARN o.a.j.t.JMeterThread: Interrupting: blazedemo 1-44 sampler: Reserve Page
2017-12-08 11:24:25,357 INFO o.a.j.t.JMeterThread: Thread is done: blazedemo 1-17
2017-12-08 11:24:25,358 INFO o.a.j.t.JMeterThread: Thread finished: blazedemo 1-17
2017-12-08 11:24:25,358 INFO o.a.j.e.StandardJMeterEngine: Forced JVM shutdown requested at end of test
2017-12-08 11:24:25,359 INFO o.a.j.t.JMeterThread: Thread is done: blazedemo 1-44
2017-12-08 11:24:25,359 INFO o.a.j.t.JMeterThread: Thread finished: blazedemo 1-44
2017-12-08 11:24:25,359 INFO o.a.j.t.JMeterThread: Thread is done: blazedemo 1-9
2017-12-08 11:24:25,359 INFO o.a.j.t.JMeterThread: Thread finished: blazedemo 1-9
