[2017-11-20 12:16:59,234 INFO root] Taurus CLI Tool v1.9.6
[2017-11-20 12:16:59,234 DEBUG root] Command-line options: {'verbose': None, 'no_system_configs': None, 'quiet': None, 'log': '/var/folders/vq/xzrdy2lx047cst78f69v8z3xfzqz1q/T/bzt_wNZC8P.log', 'option': None, 'aliases': ['cloud']}
[2017-11-20 12:16:59,234 DEBUG root] Python: CPython 2.7.13
[2017-11-20 12:16:59,234 DEBUG root] OS: ('Darwin', 'daper01mac1124', '17.2.0', 'Darwin Kernel Version 17.2.0: Fri Sep 29 18:27:05 PDT 2017; root:xnu-4570.20.62~3/RELEASE_X86_64', 'x86_64', 'i386')
[2017-11-20 12:16:59,234 INFO root] Starting with configs: ['load_scenario_from_csv.yml', 'execution_jmeter.yml']
[2017-11-20 12:16:59,235 DEBUG root] Using personal config: /Users/daper01/.bzt-rc
[2017-11-20 12:16:59,235 INFO Engine] Configuring...
[2017-11-20 12:16:59,235 DEBUG Engine] Reading extension configs from: /usr/local/etc/bzt.d
[2017-11-20 12:16:59,235 DEBUG Engine.Configuration] Configs: ['/usr/local/lib/python2.7/site-packages/bzt/resources/base-config.yml', '/usr/local/etc/bzt.d/99-installID.yml']
[2017-11-20 12:16:59,235 DEBUG Engine.Configuration] Reading /usr/local/lib/python2.7/site-packages/bzt/resources/base-config.yml as YAML
[2017-11-20 12:16:59,260 DEBUG Engine.Configuration] Reading /usr/local/etc/bzt.d/99-installID.yml as YAML
[2017-11-20 12:16:59,261 DEBUG Engine.Configuration] Configs: ['/Users/daper01/.bzt-rc', 'load_scenario_from_csv.yml', 'execution_jmeter.yml']
[2017-11-20 12:16:59,261 DEBUG Engine.Configuration] Reading /Users/daper01/.bzt-rc as YAML
[2017-11-20 12:16:59,263 DEBUG Engine.Configuration] Reading load_scenario_from_csv.yml as YAML
[2017-11-20 12:16:59,268 DEBUG Engine.Configuration] Reading execution_jmeter.yml as YAML
[2017-11-20 12:16:59,274 DEBUG Engine.Configuration] Configs: ['/Users/daper01/.bzt-rc', 'load_scenario_from_csv.yml', 'execution_jmeter.yml']
[2017-11-20 12:16:59,274 DEBUG Engine.Configuration] Reading /Users/daper01/.bzt-rc as YAML
[2017-11-20 12:16:59,275 DEBUG Engine.Configuration] Reading load_scenario_from_csv.yml as YAML
[2017-11-20 12:16:59,280 DEBUG Engine.Configuration] Reading execution_jmeter.yml as YAML
[2017-11-20 12:16:59,296 DEBUG Engine] Requesting updates info: http://gettaurus.org/updates/?version=1.9.6&installID=784f43782a15
[2017-11-20 12:16:59,304 INFO Engine] Artifacts dir: /Users/daper01/Documents/OSLo/artifacts/2017-11-20_12-16-59.297305
[2017-11-20 12:16:59,304 DEBUG Engine] New artifact filename: /Users/daper01/Documents/OSLo/artifacts/2017-11-20_12-16-59.297305/effective
[2017-11-20 12:16:59,306 DEBUG Engine.Configuration] Dumping YAML config into /Users/daper01/Documents/OSLo/artifacts/2017-11-20_12-16-59.297305/effective.yml
[2017-11-20 12:16:59,351 DEBUG Engine.Configuration] Dumping JSON config into /Users/daper01/Documents/OSLo/artifacts/2017-11-20_12-16-59.297305/effective.json
[2017-11-20 12:16:59,354 DEBUG Engine] New artifact filename: /Users/daper01/Documents/OSLo/artifacts/2017-11-20_12-16-59.297305/merged.yml
[2017-11-20 12:16:59,355 DEBUG Engine.Configuration] Dumping YAML config into /Users/daper01/Documents/OSLo/artifacts/2017-11-20_12-16-59.297305/merged.yml
[2017-11-20 12:16:59,371 DEBUG Engine] New artifact filename: /Users/daper01/Documents/OSLo/artifacts/2017-11-20_12-16-59.297305/merged.json
[2017-11-20 12:16:59,372 DEBUG Engine.Configuration] Dumping JSON config into /Users/daper01/Documents/OSLo/artifacts/2017-11-20_12-16-59.297305/merged.json
[2017-11-20 12:16:59,373 DEBUG Engine] Add existing artifact (move=False): load_scenario_from_csv.yml
[2017-11-20 12:16:59,373 DEBUG Engine] Copying load_scenario_from_csv.yml to /Users/daper01/Documents/OSLo/artifacts/2017-11-20_12-16-59.297305/load_scenario_from_csv.yml
[2017-11-20 12:16:59,374 DEBUG Engine] Add existing artifact (move=False): execution_jmeter.yml
[2017-11-20 12:16:59,374 DEBUG Engine] Copying execution_jmeter.yml to /Users/daper01/Documents/OSLo/artifacts/2017-11-20_12-16-59.297305/execution_jmeter.yml
[2017-11-20 12:16:59,375 DEBUG root] Closing log handler: /var/folders/vq/xzrdy2lx047cst78f69v8z3xfzqz1q/T/bzt_wNZC8P.log
[2017-11-20 12:16:59,381 DEBUG root] Switched writing logs to /Users/daper01/Documents/OSLo/artifacts/2017-11-20_12-16-59.297305/bzt.log
[2017-11-20 12:16:59,381 INFO Engine] Preparing...
[2017-11-20 12:16:59,381 DEBUG Engine] Module config: consolidator defaultdict(None, {'class': 'bzt.modules.aggregator.ConsolidatingAggregator'})
[2017-11-20 12:16:59,381 DEBUG root] Importing module: bzt.modules.aggregator
[2017-11-20 12:16:59,386 DEBUG root] Loading class: 'ConsolidatingAggregator' from <module 'bzt.modules.aggregator' from '/usr/local/lib/python2.7/site-packages/bzt/modules/aggregator.pyc'>
[2017-11-20 12:16:59,386 DEBUG Engine.consolidator] Exception in dehumanize_time(inf)
[2017-11-20 12:16:59,386 DEBUG Engine.consolidator] Buffer scaling setup: percentile 95.0 from [0.0, 50.0, 90.0, 95.0, 99.0, 99.9, 100.0] selected
[2017-11-20 12:16:59,386 DEBUG Engine] Module config: monitoring defaultdict(None, {'class': 'bzt.modules.monitoring.Monitoring'})
[2017-11-20 12:16:59,386 DEBUG root] Importing module: bzt.modules.monitoring
[2017-11-20 12:16:59,420 DEBUG root] Loading class: 'Monitoring' from <module 'bzt.modules.monitoring' from '/usr/local/lib/python2.7/site-packages/bzt/modules/monitoring.pyc'>
[2017-11-20 12:16:59,421 DEBUG Engine.monitoring] Should not run because of non-matching prov: cloud != local
[2017-11-20 12:16:59,421 DEBUG Engine] Module config: cloud defaultdict(None, {'test': 'Taurus from Scenario', 'report-name': 'Taurus from Scenario', 'class': 'bzt.modules.blazemeter.CloudProvisioning', 'default-location': 'us-central1-a'})
[2017-11-20 12:16:59,421 DEBUG root] Importing module: bzt.modules.blazemeter
[2017-11-20 12:16:59,489 DEBUG easyprocess] version=0.2.3
[2017-11-20 12:16:59,490 DEBUG pyvirtualdisplay] version=0.2.1
[2017-11-20 12:16:59,491 DEBUG root] Loading class: 'CloudProvisioning' from <module 'bzt.modules.blazemeter' from '/usr/local/lib/python2.7/site-packages/bzt/modules/blazemeter.pyc'>
[2017-11-20 12:16:59,491 DEBUG Engine] Module config: blazemeter defaultdict(None, {'token': '********', 'class': 'bzt.modules.blazemeter.BlazeMeterUploader'})
[2017-11-20 12:16:59,491 DEBUG root] Importing module: bzt.modules.blazemeter
[2017-11-20 12:16:59,492 DEBUG root] Loading class: 'BlazeMeterUploader' from <module 'bzt.modules.blazemeter' from '/usr/local/lib/python2.7/site-packages/bzt/modules/blazemeter.pyc'>
[2017-11-20 12:16:59,492 DEBUG Engine.cloud] Request: GET https://a.blazemeter.com/api/v4/accounts None
[2017-11-20 12:16:59,498 DEBUG urllib3.connectionpool] Starting new HTTPS connection (1): a.blazemeter.com
[2017-11-20 12:16:59,871 DEBUG Engine] Taurus updates info: {"latest":"1.10.2","needsUpgrade":true}
[2017-11-20 12:16:59,871 WARNING Engine] There is newer version of Taurus 1.10.2 available, consider upgrading. What's new: http://gettaurus.org/docs/Changelog/
[2017-11-20 12:16:59,923 DEBUG urllib3.connectionpool] https://a.blazemeter.com:443 "GET /api/v4/accounts HTTP/1.1" 200 2726
[2017-11-20 12:16:59,927 DEBUG Engine.cloud] Response [200]: {
    "limit": 10,
    "skip": 0,
    "total": 3,
    "hidden": 0,
    "api_version": 4,
    "error": null,
    "result": [
        {
            "id": 153221,
            "name": "BlazeMeter Demo",
            "thumbnailUrl": "https://www.blazemeter.com/s
[2017-11-20 12:16:59,928 DEBUG Engine.cloud] Request: GET https://a.blazemeter.com/api/v4/workspaces?accountId=153221&enabled=true&limit=100 None
[2017-11-20 12:16:59,931 DEBUG urllib3.connectionpool] Starting new HTTPS connection (1): a.blazemeter.com
[2017-11-20 12:17:00,319 DEBUG urllib3.connectionpool] https://a.blazemeter.com:443 "GET /api/v4/workspaces?accountId=153221&enabled=true&limit=100 HTTP/1.1" 200 814
[2017-11-20 12:17:00,325 DEBUG Engine.cloud] Response [200]: {
    "limit": 100,
    "skip": 0,
    "total": 1,
    "hidden": 0,
    "api_version": 4,
    "error": null,
    "result": [
        {
            "id": 146738,
            "name": "Demo workspace",
            "userId": 368191,
            "created": 1498
[2017-11-20 12:17:00,325 DEBUG Engine.cloud] Request: GET https://a.blazemeter.com/api/v4/workspaces?accountId=125626&enabled=true&limit=100 None
[2017-11-20 12:17:00,327 DEBUG urllib3.connectionpool] Starting new HTTPS connection (1): a.blazemeter.com
[2017-11-20 12:17:00,727 DEBUG urllib3.connectionpool] https://a.blazemeter.com:443 "GET /api/v4/workspaces?accountId=125626&enabled=true&limit=100 HTTP/1.1" 200 4882
[2017-11-20 12:17:00,731 DEBUG Engine.cloud] Response [200]: {
    "limit": 100,
    "skip": 0,
    "total": 7,
    "hidden": 0,
    "api_version": 4,
    "error": null,
    "result": [
        {
            "id": 119008,
            "name": "Default workspace",
            "userId": 339612,
            "created": 1
[2017-11-20 12:17:00,732 DEBUG Engine.cloud] Request: GET https://a.blazemeter.com/api/v4/workspaces?accountId=21166&enabled=true&limit=100 None
[2017-11-20 12:17:00,734 DEBUG urllib3.connectionpool] Starting new HTTPS connection (1): a.blazemeter.com
[2017-11-20 12:17:01,117 DEBUG urllib3.connectionpool] https://a.blazemeter.com:443 "GET /api/v4/workspaces?accountId=21166&enabled=true&limit=100 HTTP/1.1" 200 1482
[2017-11-20 12:17:01,122 DEBUG Engine.cloud] Response [200]: {
    "limit": 100,
    "skip": 0,
    "total": 2,
    "hidden": 0,
    "api_version": 4,
    "error": null,
    "result": [
        {
            "id": 7199,
            "name": "CA SE Workspace",
            "userId": 307773,
            "created": 14775
[2017-11-20 12:17:01,124 DEBUG Engine] Module config: jmeter defaultdict(None, {'properties': defaultdict(None, {'jmeter.save.saveservice.autoflush': 'true', 'summariser.name': '', 'jmeter.save.saveservice.connect_time': 'true', 'mode': 'Stripped', 'jmeterengine.force.system.exit': 'true'}), 'class': 'bzt.modules.jmeter.JMeterExecutor', 'plugins': ['jpgc-casutg', 'jpgc-dummy', 'jpgc-ffw', 'jpgc-fifo', 'jpgc-functions', 'jpgc-json', 'jpgc-perfmon', 'jpgc-prmctl', 'jpgc-tst']})
[2017-11-20 12:17:01,125 DEBUG root] Importing module: bzt.modules.jmeter
[2017-11-20 12:17:01,162 DEBUG root] Loading class: 'JMeterExecutor' from <module 'bzt.modules.jmeter' from '/usr/local/lib/python2.7/site-packages/bzt/modules/jmeter.pyc'>
[2017-11-20 12:17:01,162 DEBUG Engine.cloud] Request: GET https://a.blazemeter.com/api/v4/multi-tests?workspaceId=146738&name=Taurus+from+Scenario None
[2017-11-20 12:17:01,164 DEBUG urllib3.connectionpool] Starting new HTTPS connection (1): a.blazemeter.com
[2017-11-20 12:17:01,537 DEBUG urllib3.connectionpool] https://a.blazemeter.com:443 "GET /api/v4/multi-tests?workspaceId=146738&name=Taurus+from+Scenario HTTP/1.1" 200 126
[2017-11-20 12:17:01,543 DEBUG Engine.cloud] Response [200]: {
    "limit": 10,
    "skip": 0,
    "total": 0,
    "hidden": 0,
    "api_version": 4,
    "error": null,
    "result": []
}
[2017-11-20 12:17:01,543 DEBUG Engine.cloud] Request: GET https://a.blazemeter.com/api/v4/multi-tests?workspaceId=119008&name=Taurus+from+Scenario None
[2017-11-20 12:17:01,546 DEBUG urllib3.connectionpool] Starting new HTTPS connection (1): a.blazemeter.com
[2017-11-20 12:17:01,937 DEBUG urllib3.connectionpool] https://a.blazemeter.com:443 "GET /api/v4/multi-tests?workspaceId=119008&name=Taurus+from+Scenario HTTP/1.1" 200 126
[2017-11-20 12:17:01,945 DEBUG Engine.cloud] Response [200]: {
    "limit": 10,
    "skip": 0,
    "total": 0,
    "hidden": 0,
    "api_version": 4,
    "error": null,
    "result": []
}
[2017-11-20 12:17:01,945 DEBUG Engine.cloud] Request: GET https://a.blazemeter.com/api/v4/multi-tests?workspaceId=127980&name=Taurus+from+Scenario None
[2017-11-20 12:17:01,949 DEBUG urllib3.connectionpool] Starting new HTTPS connection (1): a.blazemeter.com
[2017-11-20 12:17:02,364 DEBUG urllib3.connectionpool] https://a.blazemeter.com:443 "GET /api/v4/multi-tests?workspaceId=127980&name=Taurus+from+Scenario HTTP/1.1" 200 126
[2017-11-20 12:17:02,372 DEBUG Engine.cloud] Response [200]: {
    "limit": 10,
    "skip": 0,
    "total": 0,
    "hidden": 0,
    "api_version": 4,
    "error": null,
    "result": []
}
[2017-11-20 12:17:02,372 DEBUG Engine.cloud] Request: GET https://a.blazemeter.com/api/v4/multi-tests?workspaceId=127984&name=Taurus+from+Scenario None
[2017-11-20 12:17:02,375 DEBUG urllib3.connectionpool] Starting new HTTPS connection (1): a.blazemeter.com
[2017-11-20 12:17:02,745 DEBUG urllib3.connectionpool] https://a.blazemeter.com:443 "GET /api/v4/multi-tests?workspaceId=127984&name=Taurus+from+Scenario HTTP/1.1" 200 126
[2017-11-20 12:17:02,748 DEBUG Engine.cloud] Response [200]: {
    "limit": 10,
    "skip": 0,
    "total": 0,
    "hidden": 0,
    "api_version": 4,
    "error": null,
    "result": []
}
[2017-11-20 12:17:02,748 DEBUG Engine.cloud] Request: GET https://a.blazemeter.com/api/v4/multi-tests?workspaceId=132723&name=Taurus+from+Scenario None
[2017-11-20 12:17:02,750 DEBUG urllib3.connectionpool] Starting new HTTPS connection (1): a.blazemeter.com
[2017-11-20 12:17:03,123 DEBUG urllib3.connectionpool] https://a.blazemeter.com:443 "GET /api/v4/multi-tests?workspaceId=132723&name=Taurus+from+Scenario HTTP/1.1" 200 126
[2017-11-20 12:17:03,130 DEBUG Engine.cloud] Response [200]: {
    "limit": 10,
    "skip": 0,
    "total": 0,
    "hidden": 0,
    "api_version": 4,
    "error": null,
    "result": []
}
[2017-11-20 12:17:03,130 DEBUG Engine.cloud] Request: GET https://a.blazemeter.com/api/v4/multi-tests?workspaceId=153836&name=Taurus+from+Scenario None
[2017-11-20 12:17:03,133 DEBUG urllib3.connectionpool] Starting new HTTPS connection (1): a.blazemeter.com
[2017-11-20 12:17:03,508 DEBUG urllib3.connectionpool] https://a.blazemeter.com:443 "GET /api/v4/multi-tests?workspaceId=153836&name=Taurus+from+Scenario HTTP/1.1" 200 126
[2017-11-20 12:17:03,514 DEBUG Engine.cloud] Response [200]: {
    "limit": 10,
    "skip": 0,
    "total": 0,
    "hidden": 0,
    "api_version": 4,
    "error": null,
    "result": []
}
[2017-11-20 12:17:03,515 DEBUG Engine.cloud] Request: GET https://a.blazemeter.com/api/v4/multi-tests?workspaceId=163251&name=Taurus+from+Scenario None
[2017-11-20 12:17:03,518 DEBUG urllib3.connectionpool] Starting new HTTPS connection (1): a.blazemeter.com
[2017-11-20 12:17:03,888 DEBUG urllib3.connectionpool] https://a.blazemeter.com:443 "GET /api/v4/multi-tests?workspaceId=163251&name=Taurus+from+Scenario HTTP/1.1" 200 126
[2017-11-20 12:17:03,894 DEBUG Engine.cloud] Response [200]: {
    "limit": 10,
    "skip": 0,
    "total": 0,
    "hidden": 0,
    "api_version": 4,
    "error": null,
    "result": []
}
[2017-11-20 12:17:03,895 DEBUG Engine.cloud] Request: GET https://a.blazemeter.com/api/v4/multi-tests?workspaceId=135886&name=Taurus+from+Scenario None
[2017-11-20 12:17:03,899 DEBUG urllib3.connectionpool] Starting new HTTPS connection (1): a.blazemeter.com
[2017-11-20 12:17:04,275 DEBUG urllib3.connectionpool] https://a.blazemeter.com:443 "GET /api/v4/multi-tests?workspaceId=135886&name=Taurus+from+Scenario HTTP/1.1" 200 126
[2017-11-20 12:17:04,281 DEBUG Engine.cloud] Response [200]: {
    "limit": 10,
    "skip": 0,
    "total": 0,
    "hidden": 0,
    "api_version": 4,
    "error": null,
    "result": []
}
[2017-11-20 12:17:04,281 DEBUG Engine.cloud] Request: GET https://a.blazemeter.com/api/v4/multi-tests?workspaceId=7199&name=Taurus+from+Scenario None
[2017-11-20 12:17:04,285 DEBUG urllib3.connectionpool] Starting new HTTPS connection (1): a.blazemeter.com
[2017-11-20 12:17:04,663 DEBUG urllib3.connectionpool] https://a.blazemeter.com:443 "GET /api/v4/multi-tests?workspaceId=7199&name=Taurus+from+Scenario HTTP/1.1" 200 126
[2017-11-20 12:17:04,671 DEBUG Engine.cloud] Response [200]: {
    "limit": 10,
    "skip": 0,
    "total": 0,
    "hidden": 0,
    "api_version": 4,
    "error": null,
    "result": []
}
[2017-11-20 12:17:04,671 DEBUG Engine.cloud] Request: GET https://a.blazemeter.com/api/v4/multi-tests?workspaceId=133217&name=Taurus+from+Scenario None
[2017-11-20 12:17:04,674 DEBUG urllib3.connectionpool] Starting new HTTPS connection (1): a.blazemeter.com
[2017-11-20 12:17:05,063 DEBUG urllib3.connectionpool] https://a.blazemeter.com:443 "GET /api/v4/multi-tests?workspaceId=133217&name=Taurus+from+Scenario HTTP/1.1" 200 126
[2017-11-20 12:17:05,069 DEBUG Engine.cloud] Response [200]: {
    "limit": 10,
    "skip": 0,
    "total": 0,
    "hidden": 0,
    "api_version": 4,
    "error": null,
    "result": []
}
[2017-11-20 12:17:05,069 DEBUG Engine.cloud.ProjectFinder] Looked for collection: None
[2017-11-20 12:17:05,069 DEBUG Engine.cloud] Request: GET https://a.blazemeter.com/api/v4/tests?workspaceId=146738&name=Taurus+from+Scenario None
[2017-11-20 12:17:05,071 DEBUG urllib3.connectionpool] Starting new HTTPS connection (1): a.blazemeter.com
[2017-11-20 12:17:05,463 DEBUG urllib3.connectionpool] https://a.blazemeter.com:443 "GET /api/v4/tests?workspaceId=146738&name=Taurus+from+Scenario HTTP/1.1" 200 126
[2017-11-20 12:17:05,469 DEBUG Engine.cloud] Response [200]: {
    "limit": 10,
    "skip": 0,
    "total": 0,
    "hidden": 0,
    "api_version": 4,
    "error": null,
    "result": []
}
[2017-11-20 12:17:05,470 DEBUG Engine.cloud] Request: GET https://a.blazemeter.com/api/v4/tests?workspaceId=119008&name=Taurus+from+Scenario None
[2017-11-20 12:17:05,472 DEBUG urllib3.connectionpool] Starting new HTTPS connection (1): a.blazemeter.com
[2017-11-20 12:17:05,841 DEBUG urllib3.connectionpool] https://a.blazemeter.com:443 "GET /api/v4/tests?workspaceId=119008&name=Taurus+from+Scenario HTTP/1.1" 200 852
[2017-11-20 12:17:05,848 DEBUG Engine.cloud] Response [200]: {
    "limit": 10,
    "skip": 0,
    "total": 1,
    "hidden": 0,
    "api_version": 4,
    "error": null,
    "result": [
        {
            "id": 5781129,
            "name": "Taurus from Scenario",
            "userId": 339612,
            "created"
[2017-11-20 12:17:05,848 DEBUG Engine.cloud] Request: GET https://a.blazemeter.com/api/v4/tests?workspaceId=127980&name=Taurus+from+Scenario None
[2017-11-20 12:17:05,851 DEBUG urllib3.connectionpool] Starting new HTTPS connection (1): a.blazemeter.com
[2017-11-20 12:17:06,212 DEBUG urllib3.connectionpool] https://a.blazemeter.com:443 "GET /api/v4/tests?workspaceId=127980&name=Taurus+from+Scenario HTTP/1.1" 200 126
[2017-11-20 12:17:06,216 DEBUG Engine.cloud] Response [200]: {
    "limit": 10,
    "skip": 0,
    "total": 0,
    "hidden": 0,
    "api_version": 4,
    "error": null,
    "result": []
}
[2017-11-20 12:17:06,216 DEBUG Engine.cloud] Request: GET https://a.blazemeter.com/api/v4/tests?workspaceId=127984&name=Taurus+from+Scenario None
[2017-11-20 12:17:06,218 DEBUG urllib3.connectionpool] Starting new HTTPS connection (1): a.blazemeter.com
[2017-11-20 12:17:06,593 DEBUG urllib3.connectionpool] https://a.blazemeter.com:443 "GET /api/v4/tests?workspaceId=127984&name=Taurus+from+Scenario HTTP/1.1" 200 126
[2017-11-20 12:17:06,597 DEBUG Engine.cloud] Response [200]: {
    "limit": 10,
    "skip": 0,
    "total": 0,
    "hidden": 0,
    "api_version": 4,
    "error": null,
    "result": []
}
[2017-11-20 12:17:06,597 DEBUG Engine.cloud] Request: GET https://a.blazemeter.com/api/v4/tests?workspaceId=132723&name=Taurus+from+Scenario None
[2017-11-20 12:17:06,600 DEBUG urllib3.connectionpool] Starting new HTTPS connection (1): a.blazemeter.com
[2017-11-20 12:17:06,981 DEBUG urllib3.connectionpool] https://a.blazemeter.com:443 "GET /api/v4/tests?workspaceId=132723&name=Taurus+from+Scenario HTTP/1.1" 200 126
[2017-11-20 12:17:06,988 DEBUG Engine.cloud] Response [200]: {
    "limit": 10,
    "skip": 0,
    "total": 0,
    "hidden": 0,
    "api_version": 4,
    "error": null,
    "result": []
}
[2017-11-20 12:17:06,989 DEBUG Engine.cloud] Request: GET https://a.blazemeter.com/api/v4/tests?workspaceId=153836&name=Taurus+from+Scenario None
[2017-11-20 12:17:06,992 DEBUG urllib3.connectionpool] Starting new HTTPS connection (1): a.blazemeter.com
[2017-11-20 12:17:07,395 DEBUG urllib3.connectionpool] https://a.blazemeter.com:443 "GET /api/v4/tests?workspaceId=153836&name=Taurus+from+Scenario HTTP/1.1" 200 126
[2017-11-20 12:17:07,402 DEBUG Engine.cloud] Response [200]: {
    "limit": 10,
    "skip": 0,
    "total": 0,
    "hidden": 0,
    "api_version": 4,
    "error": null,
    "result": []
}
[2017-11-20 12:17:07,403 DEBUG Engine.cloud] Request: GET https://a.blazemeter.com/api/v4/tests?workspaceId=163251&name=Taurus+from+Scenario None
[2017-11-20 12:17:07,408 DEBUG urllib3.connectionpool] Starting new HTTPS connection (1): a.blazemeter.com
[2017-11-20 12:17:07,785 DEBUG urllib3.connectionpool] https://a.blazemeter.com:443 "GET /api/v4/tests?workspaceId=163251&name=Taurus+from+Scenario HTTP/1.1" 200 126
[2017-11-20 12:17:07,790 DEBUG Engine.cloud] Response [200]: {
    "limit": 10,
    "skip": 0,
    "total": 0,
    "hidden": 0,
    "api_version": 4,
    "error": null,
    "result": []
}
[2017-11-20 12:17:07,791 DEBUG Engine.cloud] Request: GET https://a.blazemeter.com/api/v4/tests?workspaceId=135886&name=Taurus+from+Scenario None
[2017-11-20 12:17:07,793 DEBUG urllib3.connectionpool] Starting new HTTPS connection (1): a.blazemeter.com
[2017-11-20 12:17:08,161 DEBUG urllib3.connectionpool] https://a.blazemeter.com:443 "GET /api/v4/tests?workspaceId=135886&name=Taurus+from+Scenario HTTP/1.1" 200 126
[2017-11-20 12:17:08,168 DEBUG Engine.cloud] Response [200]: {
    "limit": 10,
    "skip": 0,
    "total": 0,
    "hidden": 0,
    "api_version": 4,
    "error": null,
    "result": []
}
[2017-11-20 12:17:08,168 DEBUG Engine.cloud] Request: GET https://a.blazemeter.com/api/v4/tests?workspaceId=7199&name=Taurus+from+Scenario None
[2017-11-20 12:17:08,172 DEBUG urllib3.connectionpool] Starting new HTTPS connection (1): a.blazemeter.com
[2017-11-20 12:17:08,548 DEBUG urllib3.connectionpool] https://a.blazemeter.com:443 "GET /api/v4/tests?workspaceId=7199&name=Taurus+from+Scenario HTTP/1.1" 200 126
[2017-11-20 12:17:08,554 DEBUG Engine.cloud] Response [200]: {
    "limit": 10,
    "skip": 0,
    "total": 0,
    "hidden": 0,
    "api_version": 4,
    "error": null,
    "result": []
}
[2017-11-20 12:17:08,554 DEBUG Engine.cloud] Request: GET https://a.blazemeter.com/api/v4/tests?workspaceId=133217&name=Taurus+from+Scenario None
[2017-11-20 12:17:08,557 DEBUG urllib3.connectionpool] Starting new HTTPS connection (1): a.blazemeter.com
[2017-11-20 12:17:08,943 DEBUG urllib3.connectionpool] https://a.blazemeter.com:443 "GET /api/v4/tests?workspaceId=133217&name=Taurus+from+Scenario HTTP/1.1" 200 126
[2017-11-20 12:17:08,947 DEBUG Engine.cloud] Response [200]: {
    "limit": 10,
    "skip": 0,
    "total": 0,
    "hidden": 0,
    "api_version": 4,
    "error": null,
    "result": []
}
[2017-11-20 12:17:08,947 DEBUG Engine.cloud.ProjectFinder] Looked for test: {u'updated': 1511203718, u'name': u'Taurus from Scenario', u'created': 1508340357, u'creatorClientId': u'Taurus', u'userId': 339612, u'lastUpdatedById': 339612, u'projectId': 162568, u'configuration': {u'targetThreads': 0, u'type': u'taurus', u'canControlRampup': False, u'plugins': {u'functionalExecution': {u'enabled': False}, u'taurus': {u'filename': u'taurus.yml'}}}, u'id': 5781129}
[2017-11-20 12:17:08,947 DEBUG Engine.cloud.ProjectFinder] Detected test type: old
[2017-11-20 12:17:08,947 DEBUG Engine.cloud] Request: GET https://a.blazemeter.com/api/v4/user None
[2017-11-20 12:17:08,950 DEBUG urllib3.connectionpool] Starting new HTTPS connection (1): a.blazemeter.com
[2017-11-20 12:17:09,338 DEBUG urllib3.connectionpool] https://a.blazemeter.com:443 "GET /api/v4/user HTTP/1.1" 200 2308
[2017-11-20 12:17:09,343 DEBUG Engine.cloud] Response [200]: {
    "api_version": 4,
    "error": null,
    "result": {
        "id": 339612,
        "email": "eric.dapp@blazemeter.com",
        "access": 1511209028,
        "login": 1509657126,
        "firstName": "Eric",
        "lastName": "Dapp",
        "timez
[2017-11-20 12:17:09,344 DEBUG Engine.cloud] Request: GET https://a.blazemeter.com/api/v4/projects?workspaceId=146738&limit=99999 None
[2017-11-20 12:17:09,346 DEBUG urllib3.connectionpool] Starting new HTTPS connection (1): a.blazemeter.com
[2017-11-20 12:17:09,716 DEBUG urllib3.connectionpool] https://a.blazemeter.com:443 "GET /api/v4/projects?workspaceId=146738&limit=99999 HTTP/1.1" 200 1122
[2017-11-20 12:17:09,724 DEBUG Engine.cloud] Response [200]: {
    "limit": 50,
    "skip": 0,
    "total": 3,
    "hidden": 0,
    "api_version": 4,
    "error": null,
    "result": [
        {
            "id": 216192,
            "name": "API Stress Tests",
            "userId": null,
            "description": "
[2017-11-20 12:17:09,724 DEBUG Engine.cloud] Request: GET https://a.blazemeter.com/api/v4/projects?workspaceId=119008&limit=99999 None
[2017-11-20 12:17:09,727 DEBUG urllib3.connectionpool] Starting new HTTPS connection (1): a.blazemeter.com
[2017-11-20 12:17:10,107 DEBUG urllib3.connectionpool] https://a.blazemeter.com:443 "GET /api/v4/projects?workspaceId=119008&limit=99999 HTTP/1.1" 200 2048
[2017-11-20 12:17:10,113 DEBUG Engine.cloud] Response [200]: {
    "limit": 50,
    "skip": 0,
    "total": 6,
    "hidden": 0,
    "api_version": 4,
    "error": null,
    "result": [
        {
            "id": 163658,
            "name": "BlazeDemo Tests",
            "userId": null,
            "description": ""
[2017-11-20 12:17:10,113 DEBUG Engine.cloud] Request: GET https://a.blazemeter.com/api/v4/projects?workspaceId=127980&limit=99999 None
[2017-11-20 12:17:10,116 DEBUG urllib3.connectionpool] Starting new HTTPS connection (1): a.blazemeter.com
[2017-11-20 12:17:10,487 DEBUG urllib3.connectionpool] https://a.blazemeter.com:443 "GET /api/v4/projects?workspaceId=127980&limit=99999 HTTP/1.1" 200 720
[2017-11-20 12:17:10,491 DEBUG Engine.cloud] Response [200]: {
    "limit": 50,
    "skip": 0,
    "total": 2,
    "hidden": 0,
    "api_version": 4,
    "error": null,
    "result": [
        {
            "id": 173138,
            "name": "Default project",
            "userId": null,
            "description": nu
[2017-11-20 12:17:10,491 DEBUG Engine.cloud] Request: GET https://a.blazemeter.com/api/v4/projects?workspaceId=127984&limit=99999 None
[2017-11-20 12:17:10,493 DEBUG urllib3.connectionpool] Starting new HTTPS connection (1): a.blazemeter.com
[2017-11-20 12:17:10,875 DEBUG urllib3.connectionpool] https://a.blazemeter.com:443 "GET /api/v4/projects?workspaceId=127984&limit=99999 HTTP/1.1" 200 410
[2017-11-20 12:17:10,882 DEBUG Engine.cloud] Response [200]: {
    "limit": 50,
    "skip": 0,
    "total": 1,
    "hidden": 0,
    "api_version": 4,
    "error": null,
    "result": [
        {
            "id": 173143,
            "name": "Default project",
            "userId": null,
            "description": nu
[2017-11-20 12:17:10,883 DEBUG Engine.cloud] Request: GET https://a.blazemeter.com/api/v4/projects?workspaceId=132723&limit=99999 None
[2017-11-20 12:17:10,886 DEBUG urllib3.connectionpool] Starting new HTTPS connection (1): a.blazemeter.com
[2017-11-20 12:17:11,264 DEBUG urllib3.connectionpool] https://a.blazemeter.com:443 "GET /api/v4/projects?workspaceId=132723&limit=99999 HTTP/1.1" 200 412
[2017-11-20 12:17:11,270 DEBUG Engine.cloud] Response [200]: {
    "limit": 50,
    "skip": 0,
    "total": 1,
    "hidden": 0,
    "api_version": 4,
    "error": null,
    "result": [
        {
            "id": 178588,
            "name": "Default project",
            "userId": null,
            "description": nu
[2017-11-20 12:17:11,271 DEBUG Engine.cloud] Request: GET https://a.blazemeter.com/api/v4/projects?workspaceId=153836&limit=99999 None
[2017-11-20 12:17:11,273 DEBUG urllib3.connectionpool] Starting new HTTPS connection (1): a.blazemeter.com
[2017-11-20 12:17:11,654 DEBUG urllib3.connectionpool] https://a.blazemeter.com:443 "GET /api/v4/projects?workspaceId=153836&limit=99999 HTTP/1.1" 200 684
[2017-11-20 12:17:11,659 DEBUG Engine.cloud] Response [200]: {
    "limit": 50,
    "skip": 0,
    "total": 2,
    "hidden": 0,
    "api_version": 4,
    "error": null,
    "result": [
        {
            "id": 202867,
            "name": "Default project",
            "userId": null,
            "description": nu
[2017-11-20 12:17:11,659 DEBUG Engine.cloud] Request: GET https://a.blazemeter.com/api/v4/projects?workspaceId=163251&limit=99999 None
[2017-11-20 12:17:11,661 DEBUG urllib3.connectionpool] Starting new HTTPS connection (1): a.blazemeter.com
[2017-11-20 12:17:12,036 DEBUG urllib3.connectionpool] https://a.blazemeter.com:443 "GET /api/v4/projects?workspaceId=163251&limit=99999 HTTP/1.1" 200 410
[2017-11-20 12:17:12,042 DEBUG Engine.cloud] Response [200]: {
    "limit": 50,
    "skip": 0,
    "total": 1,
    "hidden": 0,
    "api_version": 4,
    "error": null,
    "result": [
        {
            "id": 213729,
            "name": "Default project",
            "userId": null,
            "description": nu
[2017-11-20 12:17:12,042 DEBUG Engine.cloud] Request: GET https://a.blazemeter.com/api/v4/projects?workspaceId=135886&limit=99999 None
[2017-11-20 12:17:12,045 DEBUG urllib3.connectionpool] Starting new HTTPS connection (1): a.blazemeter.com
[2017-11-20 12:17:12,420 DEBUG urllib3.connectionpool] https://a.blazemeter.com:443 "GET /api/v4/projects?workspaceId=135886&limit=99999 HTTP/1.1" 200 679
[2017-11-20 12:17:12,427 DEBUG Engine.cloud] Response [200]: {
    "limit": 50,
    "skip": 0,
    "total": 2,
    "hidden": 0,
    "api_version": 4,
    "error": null,
    "result": [
        {
            "id": 182182,
            "name": "Default project",
            "userId": null,
            "description": nu
[2017-11-20 12:17:12,427 DEBUG Engine.cloud] Request: GET https://a.blazemeter.com/api/v4/projects?workspaceId=7199&limit=99999 None
[2017-11-20 12:17:12,431 DEBUG urllib3.connectionpool] Starting new HTTPS connection (1): a.blazemeter.com
[2017-11-20 12:17:12,805 DEBUG urllib3.connectionpool] https://a.blazemeter.com:443 "GET /api/v4/projects?workspaceId=7199&limit=99999 HTTP/1.1" 200 4292
[2017-11-20 12:17:12,809 DEBUG Engine.cloud] Response [200]: {
    "limit": 50,
    "skip": 0,
    "total": 15,
    "hidden": 0,
    "api_version": 4,
    "error": null,
    "result": [
        {
            "id": 167099,
            "name": "APM",
            "userId": null,
            "description": "JMeter with 
[2017-11-20 12:17:12,809 DEBUG Engine.cloud] Request: GET https://a.blazemeter.com/api/v4/projects?workspaceId=133217&limit=99999 None
[2017-11-20 12:17:12,811 DEBUG urllib3.connectionpool] Starting new HTTPS connection (1): a.blazemeter.com
[2017-11-20 12:17:13,186 DEBUG urllib3.connectionpool] https://a.blazemeter.com:443 "GET /api/v4/projects?workspaceId=133217&limit=99999 HTTP/1.1" 200 1345
[2017-11-20 12:17:13,192 DEBUG Engine.cloud] Response [200]: {
    "limit": 50,
    "skip": 0,
    "total": 4,
    "hidden": 0,
    "api_version": 4,
    "error": null,
    "result": [
        {
            "id": 201589,
            "name": "API - Run As Functional",
            "userId": null,
            "descript
[2017-11-20 12:17:13,193 DEBUG Engine.cloud] Request: GET https://a.blazemeter.com/api/v4/workspaces/146738 None
[2017-11-20 12:17:13,196 DEBUG urllib3.connectionpool] Starting new HTTPS connection (1): a.blazemeter.com
[2017-11-20 12:17:13,648 DEBUG urllib3.connectionpool] https://a.blazemeter.com:443 "GET /api/v4/workspaces/146738 HTTP/1.1" 200 None
[2017-11-20 12:17:13,724 DEBUG Engine.cloud] Response [200]: {
    "api_version": 4,
    "error": null,
    "result": {
        "id": 146738,
        "name": "Demo workspace",
        "userId": 368191,
        "created": 1498856673,
        "updated": 1509038523,
        "enabled": true,
        "dedicatedIpsEnabled
[2017-11-20 12:17:13,729 DEBUG Engine.cloud] Request: GET https://a.blazemeter.com/api/v4/workspaces/119008 None
[2017-11-20 12:17:13,732 DEBUG urllib3.connectionpool] Starting new HTTPS connection (1): a.blazemeter.com
[2017-11-20 12:17:14,192 DEBUG urllib3.connectionpool] https://a.blazemeter.com:443 "GET /api/v4/workspaces/119008 HTTP/1.1" 200 None
[2017-11-20 12:17:14,265 DEBUG Engine.cloud] Response [200]: {
    "api_version": 4,
    "error": null,
    "result": {
        "id": 119008,
        "name": "Default workspace",
        "userId": 339612,
        "created": 1486702692,
        "updated": 1486702692,
        "enabled": true,
        "dedicatedIpsEnab
[2017-11-20 12:17:14,270 DEBUG Engine.cloud] Request: GET https://a.blazemeter.com/api/v4/workspaces/127980 None
[2017-11-20 12:17:14,273 DEBUG urllib3.connectionpool] Starting new HTTPS connection (1): a.blazemeter.com
[2017-11-20 12:17:14,736 DEBUG urllib3.connectionpool] https://a.blazemeter.com:443 "GET /api/v4/workspaces/127980 HTTP/1.1" 200 None
[2017-11-20 12:17:14,809 DEBUG Engine.cloud] Response [200]: {
    "api_version": 4,
    "error": null,
    "result": {
        "id": 127980,
        "name": "Demo Workspace",
        "userId": 339612,
        "created": 1491255975,
        "updated": 1491255975,
        "enabled": true,
        "dedicatedIpsEnabled
[2017-11-20 12:17:14,815 DEBUG Engine.cloud] Request: GET https://a.blazemeter.com/api/v4/workspaces/127984 None
[2017-11-20 12:17:14,817 DEBUG urllib3.connectionpool] Starting new HTTPS connection (1): a.blazemeter.com
[2017-11-20 12:17:15,268 DEBUG urllib3.connectionpool] https://a.blazemeter.com:443 "GET /api/v4/workspaces/127984 HTTP/1.1" 200 None
[2017-11-20 12:17:15,344 DEBUG Engine.cloud] Response [200]: {
    "api_version": 4,
    "error": null,
    "result": {
        "id": 127984,
        "name": "Demo Workspace 2",
        "userId": 339612,
        "created": 1491261975,
        "updated": 1491261975,
        "enabled": true,
        "dedicatedIpsEnabl
[2017-11-20 12:17:15,350 DEBUG Engine.cloud] Request: GET https://a.blazemeter.com/api/v4/workspaces/132723 None
[2017-11-20 12:17:15,353 DEBUG urllib3.connectionpool] Starting new HTTPS connection (1): a.blazemeter.com
[2017-11-20 12:17:15,801 DEBUG urllib3.connectionpool] https://a.blazemeter.com:443 "GET /api/v4/workspaces/132723 HTTP/1.1" 200 None
[2017-11-20 12:17:15,879 DEBUG Engine.cloud] Response [200]: {
    "api_version": 4,
    "error": null,
    "result": {
        "id": 132723,
        "name": "Functional",
        "userId": 339612,
        "created": 1493312851,
        "updated": 1499734757,
        "enabled": true,
        "dedicatedIpsEnabled": t
[2017-11-20 12:17:15,887 DEBUG Engine.cloud] Request: GET https://a.blazemeter.com/api/v4/workspaces/153836 None
[2017-11-20 12:17:15,889 DEBUG urllib3.connectionpool] Starting new HTTPS connection (1): a.blazemeter.com
[2017-11-20 12:17:16,342 DEBUG urllib3.connectionpool] https://a.blazemeter.com:443 "GET /api/v4/workspaces/153836 HTTP/1.1" 200 None
[2017-11-20 12:17:16,418 DEBUG Engine.cloud] Response [200]: {
    "api_version": 4,
    "error": null,
    "result": {
        "id": 153836,
        "name": "blazedemo",
        "userId": 339612,
        "created": 1501870483,
        "updated": 1501870483,
        "enabled": true,
        "dedicatedIpsEnabled": tr
[2017-11-20 12:17:16,425 DEBUG Engine.cloud] Request: GET https://a.blazemeter.com/api/v4/workspaces/163251 None
[2017-11-20 12:17:16,428 DEBUG urllib3.connectionpool] Starting new HTTPS connection (1): a.blazemeter.com
[2017-11-20 12:17:16,873 DEBUG urllib3.connectionpool] https://a.blazemeter.com:443 "GET /api/v4/workspaces/163251 HTTP/1.1" 200 None
[2017-11-20 12:17:16,951 DEBUG Engine.cloud] Response [200]: {
    "api_version": 4,
    "error": null,
    "result": {
        "id": 163251,
        "name": "new opls",
        "userId": 339612,
        "created": 1505929373,
        "updated": 1505929373,
        "enabled": true,
        "dedicatedIpsEnabled": tru
[2017-11-20 12:17:16,958 DEBUG Engine.cloud] Request: GET https://a.blazemeter.com/api/v4/workspaces/135886 None
[2017-11-20 12:17:16,960 DEBUG urllib3.connectionpool] Starting new HTTPS connection (1): a.blazemeter.com
[2017-11-20 12:17:17,420 DEBUG urllib3.connectionpool] https://a.blazemeter.com:443 "GET /api/v4/workspaces/135886 HTTP/1.1" 200 None
[2017-11-20 12:17:17,495 DEBUG Engine.cloud] Response [200]: {
    "api_version": 4,
    "error": null,
    "result": {
        "id": 135886,
        "name": "scratch",
        "userId": 339612,
        "created": 1494801554,
        "updated": 1494801554,
        "enabled": true,
        "dedicatedIpsEnabled": true
[2017-11-20 12:17:17,500 DEBUG Engine.cloud] Request: GET https://a.blazemeter.com/api/v4/workspaces/7199 None
[2017-11-20 12:17:17,502 DEBUG urllib3.connectionpool] Starting new HTTPS connection (1): a.blazemeter.com
[2017-11-20 12:17:17,957 DEBUG urllib3.connectionpool] https://a.blazemeter.com:443 "GET /api/v4/workspaces/7199 HTTP/1.1" 200 None
[2017-11-20 12:17:18,036 DEBUG Engine.cloud] Response [200]: {
    "api_version": 4,
    "error": null,
    "result": {
        "id": 7199,
        "name": "CA SE Workspace",
        "userId": 307773,
        "created": 1477580960,
        "updated": 1507211353,
        "enabled": true,
        "dedicatedIpsEnabled"
[2017-11-20 12:17:18,045 DEBUG Engine.cloud] Request: GET https://a.blazemeter.com/api/v4/workspaces/133217 None
[2017-11-20 12:17:18,047 DEBUG urllib3.connectionpool] Starting new HTTPS connection (1): a.blazemeter.com
[2017-11-20 12:17:18,516 DEBUG urllib3.connectionpool] https://a.blazemeter.com:443 "GET /api/v4/workspaces/133217 HTTP/1.1" 200 None
[2017-11-20 12:17:18,592 DEBUG Engine.cloud] Response [200]: {
    "api_version": 4,
    "error": null,
    "result": {
        "id": 133217,
        "name": "SE DEMOs",
        "userId": 307773,
        "created": 1493664013,
        "updated": 1508256640,
        "enabled": true,
        "dedicatedIpsEnabled": tru
[2017-11-20 12:17:18,604 DEBUG Engine.cloud] All resource files are: ['./param.csv']
[2017-11-20 12:17:18,604 DEBUG Engine.cloud] Replace file names in config: ['./param.csv'] with ['param.csv']
[2017-11-20 12:17:18,605 DEBUG Engine.cloud] Replaced ./param.csv with param.csv
[2017-11-20 12:17:18,606 DEBUG Engine] New artifact filename: /Users/daper01/Documents/OSLo/artifacts/2017-11-20_12-16-59.297305/cloud
[2017-11-20 12:17:18,607 DEBUG root] Dumping YAML config into /Users/daper01/Documents/OSLo/artifacts/2017-11-20_12-16-59.297305/cloud.yml
[2017-11-20 12:17:18,624 DEBUG root] Dumping JSON config into /Users/daper01/Documents/OSLo/artifacts/2017-11-20_12-16-59.297305/cloud.json
[2017-11-20 12:17:18,625 DEBUG Engine.cloud] Request: GET https://a.blazemeter.com/api/v4/web/elfinder/5781129?cmd=open&target=s1_Lw None
[2017-11-20 12:17:18,627 DEBUG urllib3.connectionpool] Starting new HTTPS connection (1): a.blazemeter.com
[2017-11-20 12:17:19,148 DEBUG urllib3.connectionpool] https://a.blazemeter.com:443 "GET /api/v4/web/elfinder/5781129?cmd=open&target=s1_Lw HTTP/1.1" 200 1546
[2017-11-20 12:17:19,152 DEBUG Engine.cloud] Response [200]: {"cwd":{"name":"data","size":0,"mime":"directory","read":1,"write":1,"parent_id":"users","hash":"s1_Lw","rootRev":"","options":{"path":"","url":"","tmbUrl":"","disabled":["mkdir","archive","extract","chmod"],"separator":"\/","copyOverwrite":1,"uploadOverwr
[2017-11-20 12:17:19,153 DEBUG Engine.cloud] Test files: [u'param.csv', u'taurus.yml']
[2017-11-20 12:17:19,153 DEBUG Engine.cloud] Request: GET https://a.blazemeter.com/api/v4/web/elfinder/5781129?cmd=rm&targets[]=s1_cGFyYW0uY3N2&targets[]=s1_dGF1cnVzLnltbA None
[2017-11-20 12:17:19,155 DEBUG urllib3.connectionpool] Starting new HTTPS connection (1): a.blazemeter.com
[2017-11-20 12:17:19,660 DEBUG urllib3.connectionpool] https://a.blazemeter.com:443 "GET /api/v4/web/elfinder/5781129?cmd=rm&targets[]=s1_cGFyYW0uY3N2&targets[]=s1_dGF1cnVzLnltbA HTTP/1.1" 200 759
[2017-11-20 12:17:19,668 DEBUG Engine.cloud] Response [200]: {"removed":["s1_cGFyYW0uY3N2","s1_dGF1cnVzLnltbA"],"changed":[{"name":"data","size":0,"mime":"directory","read":1,"write":1,"parent_id":"users","hash":"s1_Lw","rootRev":"","options":{"path":"","url":"","tmbUrl":"","disabled":["mkdir","archive","extract","c
[2017-11-20 12:17:19,669 DEBUG Engine.cloud] Successfully deleted 2 test files
[2017-11-20 12:17:19,689 DEBUG Engine.cloud] Uploading files into the test: ['/Users/daper01/Documents/OSLo/param.csv']
[2017-11-20 12:17:19,713 DEBUG Engine.cloud] Request: POST https://a.blazemeter.com/api/v4/tests/5781129/files --===============2458119798389733539==
Content-Disposition: file; name="script"; filename="taurus.yml"
Content-Type: application/octet-stream

---
execution:
- concurrency: 200
  executor: jmeter
  hold-for: 6m
  locations:
    us-east-1: 2
    us-west
[2017-11-20 12:17:19,715 DEBUG urllib3.connectionpool] Starting new HTTPS connection (1): a.blazemeter.com
[2017-11-20 12:17:20,378 DEBUG urllib3.connectionpool] https://a.blazemeter.com:443 "POST /api/v4/tests/5781129/files HTTP/1.1" 201 619
[2017-11-20 12:17:20,385 DEBUG Engine.cloud] Response [201]: {
    "api_version": 4,
    "error": null,
    "result": {
        "id": 5781129,
        "name": "Taurus from Scenario",
        "userId": 339612,
        "creatorClientId": "Taurus",
        "created": 1508340357,
        "updated": 1511209040,
        "
[2017-11-20 12:17:20,386 DEBUG Engine.cloud] Request: PATCH https://a.blazemeter.com/api/v4/tests/5781129 {
 "configuration": {
  "executionType": null
 }
}
[2017-11-20 12:17:20,389 DEBUG urllib3.connectionpool] Starting new HTTPS connection (1): a.blazemeter.com
[2017-11-20 12:17:20,910 DEBUG urllib3.connectionpool] https://a.blazemeter.com:443 "PATCH /api/v4/tests/5781129 HTTP/1.1" 200 1321
[2017-11-20 12:17:20,917 DEBUG Engine.cloud] Response [200]: {
    "api_version": 4,
    "error": null,
    "result": {
        "id": 5781129,
        "name": "Taurus from Scenario",
        "userId": 339612,
        "creatorClientId": "Taurus",
        "created": 1508340357,
        "updated": 1511209040,
        "
[2017-11-20 12:17:20,918 DEBUG Engine.cloud] Request: PATCH https://a.blazemeter.com/api/v4/tests/5781129 {
 "configuration": {
  "plugins": {
   "functionalExecution": {
    "enabled": false
   }
  }
 }
}
[2017-11-20 12:17:20,921 DEBUG urllib3.connectionpool] Starting new HTTPS connection (1): a.blazemeter.com
[2017-11-20 12:17:21,440 DEBUG urllib3.connectionpool] https://a.blazemeter.com:443 "PATCH /api/v4/tests/5781129 HTTP/1.1" 200 1321
[2017-11-20 12:17:21,447 DEBUG Engine.cloud] Response [200]: {
    "api_version": 4,
    "error": null,
    "result": {
        "id": 5781129,
        "name": "Taurus from Scenario",
        "userId": 339612,
        "creatorClientId": "Taurus",
        "created": 1508340357,
        "updated": 1511209041,
        "
[2017-11-20 12:17:21,448 DEBUG Engine] Module config: final-stats defaultdict(None, {'class': 'bzt.modules.reporting.FinalStatus'})
[2017-11-20 12:17:21,448 DEBUG root] Importing module: bzt.modules.reporting
[2017-11-20 12:17:21,450 DEBUG root] Loading class: 'FinalStatus' from <module 'bzt.modules.reporting' from '/usr/local/lib/python2.7/site-packages/bzt/modules/reporting.pyc'>
[2017-11-20 12:17:21,451 DEBUG Engine] Module config: console defaultdict(None, {'class': 'bzt.modules.console.ConsoleStatusReporter'})
[2017-11-20 12:17:21,451 DEBUG root] Importing module: bzt.modules.console
[2017-11-20 12:17:21,451 DEBUG root] Loading class: 'ConsoleStatusReporter' from <module 'bzt.modules.console' from '/usr/local/lib/python2.7/site-packages/bzt/modules/console.pyc'>
[2017-11-20 12:17:21,460 DEBUG Engine.Configuration] Dumping YAML config into /Users/daper01/Documents/OSLo/artifacts/2017-11-20_12-16-59.297305/effective.yml
[2017-11-20 12:17:21,510 DEBUG Engine.Configuration] Dumping JSON config into /Users/daper01/Documents/OSLo/artifacts/2017-11-20_12-16-59.297305/effective.json
[2017-11-20 12:17:21,512 INFO Engine] Starting...
[2017-11-20 12:17:21,512 DEBUG Engine] Startup <bzt.modules.aggregator.ConsolidatingAggregator object at 0x101f50810>
[2017-11-20 12:17:21,512 DEBUG Engine] Startup <bzt.modules.reporting.FinalStatus object at 0x102bc9e90>
[2017-11-20 12:17:21,512 DEBUG Engine] Startup <bzt.modules.console.ConsoleStatusReporter object at 0x102c84290>
[2017-11-20 12:17:21,513 INFO Engine.console] Waiting for results...
[2017-11-20 12:17:21,513 DEBUG Engine] Startup <bzt.modules.reporting.FinalStatus object at 0x102c849d0>
[2017-11-20 12:17:21,513 DEBUG Engine] Startup <bzt.modules.blazemeter.CloudProvisioning object at 0x101f66750>
[2017-11-20 12:17:21,513 INFO Engine.cloud.ProjectFinder.CloudTaurusTest] Initiating cloud test with https://a.blazemeter.com ...
[2017-11-20 12:17:21,513 DEBUG Engine.cloud] Request: POST https://a.blazemeter.com/api/v4/tests/5781129/start None
[2017-11-20 12:17:21,516 DEBUG urllib3.connectionpool] Starting new HTTPS connection (1): a.blazemeter.com
[2017-11-20 12:17:22,216 DEBUG urllib3.connectionpool] https://a.blazemeter.com:443 "POST /api/v4/tests/5781129/start HTTP/1.1" 202 525
[2017-11-20 12:17:22,221 DEBUG Engine.cloud] Response [202]: {
    "api_version": 4,
    "error": null,
    "result": {
        "id": 16932274,
        "name": "Taurus from Scenario",
        "userId": 339612,
        "runnerUserId": 339612,
        "creatorClientId": "Taurus",
        "executorClientId": "Taurus",

[2017-11-20 12:17:22,221 INFO Engine.cloud] Started cloud test: https://a.blazemeter.com/app/#/masters/16932274
[2017-11-20 12:17:22,492 DEBUG Engine.cloud] Request: PATCH https://a.blazemeter.com/api/v4/masters/16932274 {
 "name": "Taurus from Scenario"
}
[2017-11-20 12:17:22,502 DEBUG urllib3.connectionpool] Starting new HTTPS connection (1): a.blazemeter.com
[2017-11-20 12:17:22,909 DEBUG urllib3.connectionpool] https://a.blazemeter.com:443 "PATCH /api/v4/masters/16932274 HTTP/1.1" 200 443
[2017-11-20 12:17:22,916 DEBUG Engine.cloud] Response [200]: {
    "api_version": 4,
    "error": null,
    "result": {
        "id": 16932274,
        "name": "Taurus from Scenario",
        "userId": 339612,
        "runnerUserId": 339612,
        "creatorClientId": "Taurus",
        "executorClientId": "Taurus",

[2017-11-20 12:17:22,923 DEBUG Engine.Configuration] Dumping YAML config into /Users/daper01/Documents/OSLo/artifacts/2017-11-20_12-16-59.297305/effective.yml
[2017-11-20 12:17:23,049 DEBUG Engine.Configuration] Dumping JSON config into /Users/daper01/Documents/OSLo/artifacts/2017-11-20_12-16-59.297305/effective.json
[2017-11-20 12:17:23,051 DEBUG root] Leveling down log file verbosity, use -v option to have DEBUG messages enabled
[2017-11-20 12:17:23,440 INFO Engine.cloud] Cloud test status: INIT
[2017-11-20 12:17:23,824 INFO Engine.console] Waiting for finish...
[2017-11-20 12:17:28,475 INFO Engine.cloud] Cloud test status: BOOT_STARTING
[2017-11-20 12:18:03,712 INFO Engine.cloud] Cloud test status: TAURUS_ENGINE_INIT
[2017-11-20 12:19:38,944 INFO Engine.cloud] Cloud test status: DATA_RECIEVED
