[2017-06-27 13:29:44,674 INFO root] Taurus CLI Tool v1.9.3
[2017-06-27 13:29:44,674 DEBUG root] Command-line options: {'verbose': None, 'no_system_configs': None, 'quiet': None, 'log': '/var/folders/vq/xzrdy2lx047cst78f69v8z3xfzqz1q/T/bzt_heyLME.log', 'option': None, 'aliases': []}
[2017-06-27 13:29:44,674 DEBUG root] Python: CPython 2.7.13
[2017-06-27 13:29:44,674 DEBUG root] OS: ('Darwin', 'daper01mac1124', '16.4.0', 'Darwin Kernel Version 16.4.0: Thu Dec 22 22:53:21 PST 2016; root:xnu-3789.41.3~3/RELEASE_X86_64', 'x86_64', 'i386')
[2017-06-27 13:29:44,675 INFO root] Starting with configs: ['load_scenario_from_csv.yml', 'execution_selenium.yml']
[2017-06-27 13:29:44,675 DEBUG root] Using personal config: /Users/daper01/.bzt-rc
[2017-06-27 13:29:44,675 INFO Engine] Configuring...
[2017-06-27 13:29:44,675 DEBUG Engine] Reading extension configs from: /usr/local/etc/bzt.d
[2017-06-27 13:29:44,675 DEBUG Engine.Configuration] Configs: ['/usr/local/lib/python2.7/site-packages/bzt/resources/base-config.yml', '/usr/local/etc/bzt.d/99-installID.yml']
[2017-06-27 13:29:44,676 DEBUG Engine.Configuration] Reading /usr/local/lib/python2.7/site-packages/bzt/resources/base-config.yml as YAML
[2017-06-27 13:29:44,700 DEBUG Engine.Configuration] Reading /usr/local/etc/bzt.d/99-installID.yml as YAML
[2017-06-27 13:29:44,700 DEBUG Engine.Configuration] Configs: ['/Users/daper01/.bzt-rc', 'load_scenario_from_csv.yml', 'execution_selenium.yml']
[2017-06-27 13:29:44,701 DEBUG Engine.Configuration] Reading /Users/daper01/.bzt-rc as YAML
[2017-06-27 13:29:44,702 DEBUG Engine.Configuration] Reading load_scenario_from_csv.yml as YAML
[2017-06-27 13:29:44,707 DEBUG Engine.Configuration] Reading execution_selenium.yml as YAML
[2017-06-27 13:29:44,708 DEBUG Engine.Configuration] Configs: ['/Users/daper01/.bzt-rc', 'load_scenario_from_csv.yml', 'execution_selenium.yml']
[2017-06-27 13:29:44,708 DEBUG Engine.Configuration] Reading /Users/daper01/.bzt-rc as YAML
[2017-06-27 13:29:44,709 DEBUG Engine.Configuration] Reading load_scenario_from_csv.yml as YAML
[2017-06-27 13:29:44,716 DEBUG Engine.Configuration] Reading execution_selenium.yml as YAML
[2017-06-27 13:29:44,737 DEBUG Engine] Requesting updates info: http://gettaurus.org/updates/?version=1.9.3&installID=784f43782a15
[2017-06-27 13:29:44,744 INFO Engine] Artifacts dir: /Users/daper01/Documents/OSLo/from_scenario/2017-06-27_13-29-44.737503
[2017-06-27 13:29:44,744 DEBUG Engine] New artifact filename: /Users/daper01/Documents/OSLo/from_scenario/2017-06-27_13-29-44.737503/effective
[2017-06-27 13:29:44,748 DEBUG Engine.Configuration] Dumping YAML config into /Users/daper01/Documents/OSLo/from_scenario/2017-06-27_13-29-44.737503/effective.yml
[2017-06-27 13:29:44,784 DEBUG Engine.Configuration] Dumping JSON config into /Users/daper01/Documents/OSLo/from_scenario/2017-06-27_13-29-44.737503/effective.json
[2017-06-27 13:29:44,785 DEBUG Engine] New artifact filename: /Users/daper01/Documents/OSLo/from_scenario/2017-06-27_13-29-44.737503/merged.yml
[2017-06-27 13:29:44,785 DEBUG Engine.Configuration] Dumping YAML config into /Users/daper01/Documents/OSLo/from_scenario/2017-06-27_13-29-44.737503/merged.yml
[2017-06-27 13:29:44,790 DEBUG Engine] New artifact filename: /Users/daper01/Documents/OSLo/from_scenario/2017-06-27_13-29-44.737503/merged.json
[2017-06-27 13:29:44,791 DEBUG Engine.Configuration] Dumping JSON config into /Users/daper01/Documents/OSLo/from_scenario/2017-06-27_13-29-44.737503/merged.json
[2017-06-27 13:29:44,791 DEBUG Engine] Add existing artifact (move=False): load_scenario_from_csv.yml
[2017-06-27 13:29:44,791 DEBUG Engine] Copying load_scenario_from_csv.yml to /Users/daper01/Documents/OSLo/from_scenario/2017-06-27_13-29-44.737503/load_scenario_from_csv.yml
[2017-06-27 13:29:44,792 DEBUG Engine] Add existing artifact (move=False): execution_selenium.yml
[2017-06-27 13:29:44,792 DEBUG Engine] Copying execution_selenium.yml to /Users/daper01/Documents/OSLo/from_scenario/2017-06-27_13-29-44.737503/execution_selenium.yml
[2017-06-27 13:29:44,792 DEBUG root] Closing log handler: /var/folders/vq/xzrdy2lx047cst78f69v8z3xfzqz1q/T/bzt_heyLME.log
[2017-06-27 13:29:44,793 DEBUG root] Switched writing logs to /Users/daper01/Documents/OSLo/from_scenario/2017-06-27_13-29-44.737503/bzt.log
[2017-06-27 13:29:44,793 INFO Engine] Preparing...
[2017-06-27 13:29:44,793 DEBUG Engine] Module config: consolidator defaultdict(None, {'class': 'bzt.modules.aggregator.ConsolidatingAggregator'})
[2017-06-27 13:29:44,793 DEBUG root] Importing module: bzt.modules.aggregator
[2017-06-27 13:29:44,801 DEBUG root] Loading class: 'ConsolidatingAggregator' from <module 'bzt.modules.aggregator' from '/usr/local/lib/python2.7/site-packages/bzt/modules/aggregator.pyc'>
[2017-06-27 13:29:44,801 DEBUG Engine.consolidator] Exception in dehumanize_time(inf)
[2017-06-27 13:29:44,801 DEBUG Engine.consolidator] Buffer scaling setup: percentile 95.0 from [0.0, 50.0, 90.0, 95.0, 99.0, 99.9, 100.0] selected
[2017-06-27 13:29:44,802 DEBUG Engine] Module config: monitoring defaultdict(None, {'class': 'bzt.modules.monitoring.Monitoring'})
[2017-06-27 13:29:44,802 DEBUG root] Importing module: bzt.modules.monitoring
[2017-06-27 13:29:44,869 DEBUG root] Loading class: 'Monitoring' from <module 'bzt.modules.monitoring' from '/usr/local/lib/python2.7/site-packages/bzt/modules/monitoring.pyc'>
[2017-06-27 13:29:44,869 DEBUG Engine] Module config: local defaultdict(None, {'class': 'bzt.modules.provisioning.Local'})
[2017-06-27 13:29:44,869 DEBUG root] Importing module: bzt.modules.provisioning
[2017-06-27 13:29:44,869 DEBUG root] Loading class: 'Local' from <module 'bzt.modules.provisioning' from '/usr/local/lib/python2.7/site-packages/bzt/modules/provisioning.pyc'>
[2017-06-27 13:29:44,869 DEBUG Engine] Module config: selenium defaultdict(None, {'class': 'bzt.modules.selenium.SeleniumExecutor'})
[2017-06-27 13:29:44,870 DEBUG root] Importing module: bzt.modules.selenium
[2017-06-27 13:29:44,876 DEBUG easyprocess] version=0.2.3
[2017-06-27 13:29:44,877 DEBUG pyvirtualdisplay] version=0.2.1
[2017-06-27 13:29:44,878 DEBUG root] Loading class: 'SeleniumExecutor' from <module 'bzt.modules.selenium' from '/usr/local/lib/python2.7/site-packages/bzt/modules/selenium.pyc'>
[2017-06-27 13:29:44,878 DEBUG Engine.local] Preparing executor: selenium/4554320848
[2017-06-27 13:29:44,880 DEBUG Engine] Module config: nose defaultdict(None, {'class': 'bzt.modules.python.NoseTester'})
[2017-06-27 13:29:44,880 DEBUG root] Importing module: bzt.modules.python
[2017-06-27 13:29:44,894 ERROR root] ImportError: No module named apiritif
Traceback (most recent call last):
  File "/usr/local/lib/python2.7/site-packages/bzt/cli.py", line 215, in perform
    self.engine.prepare()
  File "/usr/local/lib/python2.7/site-packages/bzt/engine.py", line 131, in prepare
    self.__prepare_provisioning()
  File "/usr/local/lib/python2.7/site-packages/bzt/engine.py", line 464, in __prepare_provisioning
    self.provisioning.prepare()
  File "/usr/local/lib/python2.7/site-packages/bzt/modules/provisioning.py", line 70, in prepare
    executor.prepare()
  File "/usr/local/lib/python2.7/site-packages/bzt/modules/selenium.py", line 116, in prepare
    self.create_runner()
  File "/usr/local/lib/python2.7/site-packages/bzt/modules/selenium.py", line 82, in create_runner
    self.runner = self.engine.instantiate_module(runner_type)
  File "/usr/local/lib/python2.7/site-packages/bzt/engine.py", line 376, in instantiate_module
    classobj = self.__load_module(alias)
  File "/usr/local/lib/python2.7/site-packages/bzt/engine.py", line 361, in __load_module
    self.modules[alias] = load_class(clsname)
  File "/usr/local/lib/python2.7/site-packages/bzt/utils.py", line 569, in load_class
    module = __import__(module_name)
  File "/usr/local/lib/python2.7/site-packages/bzt/modules/python.py", line 25, in <module>
    import apiritif
ImportError: No module named apiritif
[2017-06-27 13:29:44,894 INFO Engine] Post-processing...
[2017-06-27 13:29:44,894 DEBUG Engine.consolidator] Consolidator buffer[0]: []
[2017-06-27 13:29:44,896 DEBUG Engine.Configuration] Dumping YAML config into /Users/daper01/Documents/OSLo/from_scenario/2017-06-27_13-29-44.737503/effective.yml
[2017-06-27 13:29:44,920 DEBUG Engine.Configuration] Dumping JSON config into /Users/daper01/Documents/OSLo/from_scenario/2017-06-27_13-29-44.737503/effective.json
[2017-06-27 13:29:44,921 INFO root] Artifacts dir: /Users/daper01/Documents/OSLo/from_scenario/2017-06-27_13-29-44.737503
[2017-06-27 13:29:44,921 WARNING root] Done performing with code: 1
[2017-06-27 13:29:44,921 DEBUG root] Closing log handler: /Users/daper01/Documents/OSLo/from_scenario/2017-06-27_13-29-44.737503/bzt.log
