[2017-12-08 15:31:22,921 INFO root] Taurus CLI Tool v1.9.6
[2017-12-08 15:31:22,922 DEBUG root] Command-line options: {'verbose': None, 'no_system_configs': None, 'quiet': None, 'log': '/var/folders/vq/xzrdy2lx047cst78f69v8z3xfzqz1q/T/bzt_veJYKi.log', 'option': None, 'aliases': []}
[2017-12-08 15:31:22,922 DEBUG root] Python: CPython 2.7.13
[2017-12-08 15:31:22,922 DEBUG root] OS: ('Darwin', 'daper01mac1124', '17.2.0', 'Darwin Kernel Version 17.2.0: Fri Sep 29 18:27:05 PDT 2017; root:xnu-4570.20.62~3/RELEASE_X86_64', 'x86_64', 'i386')
[2017-12-08 15:31:22,922 INFO root] Starting with configs: ['load_scenario_from_csv.yml', 'execution_jmeter.yml']
[2017-12-08 15:31:22,922 DEBUG root] Using personal config: /Users/daper01/.bzt-rc
[2017-12-08 15:31:22,922 INFO Engine] Configuring...
[2017-12-08 15:31:22,923 DEBUG Engine] Reading extension configs from: /usr/local/etc/bzt.d
[2017-12-08 15:31:22,924 DEBUG Engine.Configuration] Configs: ['/usr/local/lib/python2.7/site-packages/bzt/resources/base-config.yml', '/usr/local/etc/bzt.d/99-installID.yml']
[2017-12-08 15:31:22,949 DEBUG Engine.Configuration] Reading /usr/local/lib/python2.7/site-packages/bzt/resources/base-config.yml as YAML
[2017-12-08 15:31:23,034 DEBUG Engine.Configuration] Reading /usr/local/etc/bzt.d/99-installID.yml as YAML
[2017-12-08 15:31:23,035 DEBUG Engine.Configuration] Configs: ['/Users/daper01/.bzt-rc', 'load_scenario_from_csv.yml', 'execution_jmeter.yml']
[2017-12-08 15:31:23,037 DEBUG Engine.Configuration] Reading /Users/daper01/.bzt-rc as YAML
[2017-12-08 15:31:23,062 DEBUG Engine.Configuration] Reading load_scenario_from_csv.yml as YAML
[2017-12-08 15:31:23,091 DEBUG Engine.Configuration] Reading execution_jmeter.yml as YAML
[2017-12-08 15:31:23,096 DEBUG Engine.Configuration] Configs: ['/Users/daper01/.bzt-rc', 'load_scenario_from_csv.yml', 'execution_jmeter.yml']
[2017-12-08 15:31:23,096 DEBUG Engine.Configuration] Reading /Users/daper01/.bzt-rc as YAML
[2017-12-08 15:31:23,097 DEBUG Engine.Configuration] Reading load_scenario_from_csv.yml as YAML
[2017-12-08 15:31:23,102 DEBUG Engine.Configuration] Reading execution_jmeter.yml as YAML
[2017-12-08 15:31:23,148 DEBUG Engine] Requesting updates info: http://gettaurus.org/updates/?version=1.9.6&installID=784f43782a15
[2017-12-08 15:31:23,157 INFO Engine] Artifacts dir: /Users/daper01/Documents/OSLo/artifacts/2017-12-08_15-31-23.148867
[2017-12-08 15:31:23,160 DEBUG Engine] New artifact filename: /Users/daper01/Documents/OSLo/artifacts/2017-12-08_15-31-23.148867/effective
[2017-12-08 15:31:23,165 DEBUG Engine.Configuration] Dumping YAML config into /Users/daper01/Documents/OSLo/artifacts/2017-12-08_15-31-23.148867/effective.yml
[2017-12-08 15:31:23,195 DEBUG Engine.Configuration] Dumping JSON config into /Users/daper01/Documents/OSLo/artifacts/2017-12-08_15-31-23.148867/effective.json
[2017-12-08 15:31:23,196 DEBUG Engine] New artifact filename: /Users/daper01/Documents/OSLo/artifacts/2017-12-08_15-31-23.148867/merged.yml
[2017-12-08 15:31:23,196 DEBUG Engine.Configuration] Dumping YAML config into /Users/daper01/Documents/OSLo/artifacts/2017-12-08_15-31-23.148867/merged.yml
[2017-12-08 15:31:23,205 DEBUG Engine] New artifact filename: /Users/daper01/Documents/OSLo/artifacts/2017-12-08_15-31-23.148867/merged.json
[2017-12-08 15:31:23,206 DEBUG Engine.Configuration] Dumping JSON config into /Users/daper01/Documents/OSLo/artifacts/2017-12-08_15-31-23.148867/merged.json
[2017-12-08 15:31:23,207 DEBUG Engine] Add existing artifact (move=False): load_scenario_from_csv.yml
[2017-12-08 15:31:23,207 DEBUG Engine] Copying load_scenario_from_csv.yml to /Users/daper01/Documents/OSLo/artifacts/2017-12-08_15-31-23.148867/load_scenario_from_csv.yml
[2017-12-08 15:31:23,208 DEBUG Engine] Add existing artifact (move=False): execution_jmeter.yml
[2017-12-08 15:31:23,208 DEBUG Engine] Copying execution_jmeter.yml to /Users/daper01/Documents/OSLo/artifacts/2017-12-08_15-31-23.148867/execution_jmeter.yml
[2017-12-08 15:31:23,209 DEBUG root] Closing log handler: /var/folders/vq/xzrdy2lx047cst78f69v8z3xfzqz1q/T/bzt_veJYKi.log
[2017-12-08 15:31:23,274 DEBUG root] Switched writing logs to /Users/daper01/Documents/OSLo/artifacts/2017-12-08_15-31-23.148867/bzt.log
[2017-12-08 15:31:23,274 INFO Engine] Preparing...
[2017-12-08 15:31:23,274 DEBUG Engine] Module config: consolidator defaultdict(None, {'class': 'bzt.modules.aggregator.ConsolidatingAggregator'})
[2017-12-08 15:31:23,275 DEBUG root] Importing module: bzt.modules.aggregator
[2017-12-08 15:31:23,438 DEBUG root] Loading class: 'ConsolidatingAggregator' from <module 'bzt.modules.aggregator' from '/usr/local/lib/python2.7/site-packages/bzt/modules/aggregator.pyc'>
[2017-12-08 15:31:23,438 DEBUG Engine.consolidator] Exception in dehumanize_time(inf)
[2017-12-08 15:31:23,438 DEBUG Engine.consolidator] Buffer scaling setup: percentile 95.0 from [0.0, 50.0, 90.0, 95.0, 99.0, 99.9, 100.0] selected
[2017-12-08 15:31:23,439 DEBUG Engine] Module config: monitoring defaultdict(None, {'class': 'bzt.modules.monitoring.Monitoring'})
[2017-12-08 15:31:23,439 DEBUG root] Importing module: bzt.modules.monitoring
[2017-12-08 15:31:24,180 DEBUG root] Loading class: 'Monitoring' from <module 'bzt.modules.monitoring' from '/usr/local/lib/python2.7/site-packages/bzt/modules/monitoring.pyc'>
[2017-12-08 15:31:24,180 DEBUG Engine] Module config: local defaultdict(None, {'class': 'bzt.modules.provisioning.Local'})
[2017-12-08 15:31:24,181 DEBUG root] Importing module: bzt.modules.provisioning
[2017-12-08 15:31:24,181 DEBUG root] Loading class: 'Local' from <module 'bzt.modules.provisioning' from '/usr/local/lib/python2.7/site-packages/bzt/modules/provisioning.pyc'>
[2017-12-08 15:31:24,181 DEBUG Engine] Module config: jmeter defaultdict(None, {'properties': defaultdict(None, {'jmeter.save.saveservice.autoflush': 'true', 'summariser.name': '', 'jmeter.save.saveservice.connect_time': 'true', 'mode': 'Stripped', 'jmeterengine.force.system.exit': 'true'}), 'class': 'bzt.modules.jmeter.JMeterExecutor', 'plugins': ['jpgc-casutg', 'jpgc-dummy', 'jpgc-ffw', 'jpgc-fifo', 'jpgc-functions', 'jpgc-json', 'jpgc-perfmon', 'jpgc-prmctl', 'jpgc-tst']})
[2017-12-08 15:31:24,181 DEBUG root] Importing module: bzt.modules.jmeter
[2017-12-08 15:31:24,773 DEBUG root] Loading class: 'JMeterExecutor' from <module 'bzt.modules.jmeter' from '/usr/local/lib/python2.7/site-packages/bzt/modules/jmeter.pyc'>
[2017-12-08 15:31:24,773 DEBUG Engine.local] Preparing executor: jmeter/4513160784
[2017-12-08 15:31:24,773 DEBUG Engine] Taurus updates info: {"latest":"1.10.3","needsUpgrade":true}
[2017-12-08 15:31:24,774 DEBUG Engine] New artifact filename: /Users/daper01/Documents/OSLo/artifacts/2017-12-08_15-31-23.148867/jmeter.log
[2017-12-08 15:31:24,774 WARNING Engine] There is newer version of Taurus 1.10.3 available, consider upgrading. What's new: http://gettaurus.org/docs/Changelog/
[2017-12-08 15:31:24,774 DEBUG Engine.jmeter] Checking if port 4445 is free
[2017-12-08 15:31:24,775 DEBUG Engine.jmeter] Port 4445 is free
[2017-12-08 15:31:24,775 DEBUG Engine.jmeter] Using port 4445 for management
[2017-12-08 15:31:24,775 DEBUG Engine.jmeter.JavaVM] Trying JavaVM: ['java', '-version']
[2017-12-08 15:31:25,492 DEBUG Engine.jmeter.JavaVM] JavaVM output: java version "1.8.0_121"
Java(TM) SE Runtime Environment (build 1.8.0_121-b13)
Java HotSpot(TM) 64-Bit Server VM (build 25.121-b13, mixed mode)

[2017-12-08 15:31:25,492 DEBUG Engine.jmeter.TclLibrary] We don't need to check tcl library on this platform
[2017-12-08 15:31:25,492 DEBUG Engine.jmeter.JMeter] Trying jmeter: /Users/daper01/.bzt/jmeter-taurus/3.3/bin/jmeter.sh
[2017-12-08 15:31:25,493 DEBUG bzt.utils] Executing shell: ['/Users/daper01/.bzt/jmeter-taurus/3.3/bin/jmeter.sh', '-j', '/var/folders/vq/xzrdy2lx047cst78f69v8z3xfzqz1q/T/jmeterr4ySSmlog', '--version']
[2017-12-08 15:31:28,600 DEBUG Engine.jmeter.JMeter] JMeter check:     _    ____   _    ____ _   _ _____       _ __  __ _____ _____ _____ ____     
   / \  |  _ \ / \  / ___| | | | ____|     | |  \/  | ____|_   _| ____|  _ \   
  / _ \ | |_) / _ \| |   | |_| |  _|    _  | | |\/| |  _|   | | |  _| | |_) | 
 / ___ \|  __/ ___ \ |___|  _  | |___  | |_| | |  | | |___  | | | |___|  _ <  
/_/   \_\_| /_/   \_\____|_| |_|_____|  \___/|_|  |_|_____| |_| |_____|_| \_\ 3.3 r1808647  

Copyright (c) 1999-2017 The Apache Software Foundation

 / None
[2017-12-08 15:31:28,601 DEBUG Engine] New artifact filename: /Users/daper01/Documents/OSLo/artifacts/2017-12-08_15-31-23.148867/requests.jmx
[2017-12-08 15:31:28,613 DEBUG JMeterScenarioBuilder] Saving JMX to: /Users/daper01/Documents/OSLo/artifacts/2017-12-08_15-31-23.148867/requests.jmx
[2017-12-08 15:31:28,617 DEBUG bzt.utils] Executing shell: ['/Users/daper01/.bzt/jmeter-taurus/3.3/bin/PluginsManagerCMD.sh', 'install-for-jmx', '/Users/daper01/Documents/OSLo/artifacts/2017-12-08_15-31-23.148867/requests.jmx']
[2017-12-08 15:31:32,312 DEBUG Engine.jmeter.JMeter] Try to detect plugins for /Users/daper01/Documents/OSLo/artifacts/2017-12-08_15-31-23.148867/requests.jmx
15:31:30.764 [main] INFO  org.jmeterplugins.repository.PluginManager - Plugins Status: [jpgc-functions=2.0, jpgc-casutg=2.1, jpgc-dummy=0.2, jpgc-ffw=2.0, jpgc-fifo=0.2, jpgc-json=2.6, jpgc-prmctl=0.3, jpgc-perfmon=2.1, jpgc-plugins-manager=0.16, jpgc-tst=2.1, jmeter-core=3.3, jmeter-ftp=3.3, jmeter-http=3.3, jmeter-jdbc=3.3, jmeter-jms=3.3, jmeter-junit=3.3, jmeter-java=3.3, jmeter-ldap=3.3, jmeter-mail=3.3, jmeter-mongodb=3.3, jmeter-native=3.3, jmeter-tcp=3.3, jmeter-components=3.3]
2017-12-08 15:31:30,764 INFO o.j.r.PluginManager: Plugins Status: [jpgc-functions=2.0, jpgc-casutg=2.1, jpgc-dummy=0.2, jpgc-ffw=2.0, jpgc-fifo=0.2, jpgc-json=2.6, jpgc-prmctl=0.3, jpgc-perfmon=2.1, jpgc-plugins-manager=0.16, jpgc-tst=2.1, jmeter-core=3.3, jmeter-ftp=3.3, jmeter-http=3.3, jmeter-jdbc=3.3, jmeter-jms=3.3, jmeter-junit=3.3, jmeter-java=3.3, jmeter-ldap=3.3, jmeter-mail=3.3, jmeter-mongodb=3.3, jmeter-native=3.3, jmeter-tcp=3.3, jmeter-components=3.3]
15:31:31.496 [main] INFO  org.apache.jmeter.save.SaveService - Testplan (JMX) version: 2.2. Testlog (JTL) version: 2.2
2017-12-08 15:31:31,496 INFO o.a.j.s.SaveService: Testplan (JMX) version: 2.2. Testlog (JTL) version: 2.2
15:31:31.562 [main] INFO  org.apache.jmeter.save.SaveService - Using SaveService properties file encoding UTF-8
2017-12-08 15:31:31,562 INFO o.a.j.s.SaveService: Using SaveService properties file encoding UTF-8
15:31:31.567 [main] INFO  org.apache.jmeter.save.SaveService - Using SaveService properties version 3.2
2017-12-08 15:31:31,567 INFO o.a.j.s.SaveService: Using SaveService properties version 3.2
15:31:31.707 [main] INFO  org.apache.jmeter.protocol.http.control.CacheManager - Will only cache the following methods: [GET]
2017-12-08 15:31:31,707 INFO o.a.j.p.h.c.CacheManager: Will only cache the following methods: [GET]
15:31:31.711 [main] INFO  org.apache.jmeter.protocol.http.control.CookieManager - Settings: Delete null: true Check: true Allow variable: true Save: false Prefix: COOKIE_
2017-12-08 15:31:31,711 INFO o.a.j.p.h.c.CookieManager: Settings: Delete null: true Check: true Allow variable: true Save: false Prefix: COOKIE_
15:31:31.819 [main] INFO  org.jmeterplugins.repository.PluginManager - Restarting JMeter...
2017-12-08 15:31:31,819 INFO o.j.r.PluginManager: Restarting JMeter...
15:31:31.821 [Thread-1] INFO  org.jmeterplugins.repository.PluginManager - Starting JMeter Plugins modifications
2017-12-08 15:31:31,821 INFO o.j.r.PluginManager: Starting JMeter Plugins modifications

ERROR StatusLogger No log4j2 configuration file found. Using default configuration: logging only errors to the console. Set system property 'org.apache.logging.log4j.simplelog.StatusLogger.level' to TRACE to show Log4j2 internal initialization logging.

[2017-12-08 15:31:32,312 DEBUG Engine.jmeter] Load: LoadSpec(concurrency=50, throughput=None, ramp_up=30.0, hold=120.0, iterations=0, duration=150.0, steps=None)
[2017-12-08 15:31:32,325 DEBUG Engine.jmeter.LoadSettingsProcessor.ThreadGroupHandler] Converting ThreadGroup (blazedemo) to ConcurrencyThreadGroup and apply load parameters
[2017-12-08 15:31:32,325 DEBUG Engine] New artifact filename: /Users/daper01/Documents/OSLo/artifacts/2017-12-08_15-31-23.148867/kpi.jtl
[2017-12-08 15:31:32,327 DEBUG Engine] New artifact filename: /Users/daper01/Documents/OSLo/artifacts/2017-12-08_15-31-23.148867/error.jtl
[2017-12-08 15:31:32,330 DEBUG Engine] New artifact filename: /Users/daper01/Documents/OSLo/artifacts/2017-12-08_15-31-23.148867/modified_requests.jmx
[2017-12-08 15:31:32,330 DEBUG JMX] Saving JMX to: /Users/daper01/Documents/OSLo/artifacts/2017-12-08_15-31-23.148867/modified_requests.jmx
[2017-12-08 15:31:32,332 DEBUG Engine.jmeter] Additional properties: defaultdict(None, {'jmeter.save.saveservice.autoflush': 'true', 'jmeter.save.saveservice.connect_time': 'true', 'user.classpath': '/Users/daper01/Documents/OSLo/artifacts/2017-12-08_15-31-23.148867', 'sampleresult.default.encoding': 'UTF-8', 'summariser.name': '', 'jmeterengine.force.system.exit': 'true', 'jmeter.save.saveservice.timestamp_format': 'ms', 'mode': 'Stripped', 'jmeterengine.nongui.maxport': 4445, 'jmeterengine.nongui.port': 4445})
[2017-12-08 15:31:32,332 DEBUG Engine] New artifact filename: /Users/daper01/Documents/OSLo/artifacts/2017-12-08_15-31-23.148867/jmeter-bzt.properties
[2017-12-08 15:31:32,333 DEBUG Engine.jmeter] Additional system properties defaultdict(None, {'sun.net.inetaddr.ttl': 0})
[2017-12-08 15:31:32,333 DEBUG Engine] New artifact filename: /Users/daper01/Documents/OSLo/artifacts/2017-12-08_15-31-23.148867/system.properties
[2017-12-08 15:31:32,334 DEBUG Engine] New artifact filename: /Users/daper01/Documents/OSLo/artifacts/2017-12-08_15-31-23.148867/jmeter.out
[2017-12-08 15:31:32,334 DEBUG Engine] New artifact filename: /Users/daper01/Documents/OSLo/artifacts/2017-12-08_15-31-23.148867/jmeter.err
[2017-12-08 15:31:32,335 DEBUG Engine.local] Preparing executor: jmeter/4513160848
[2017-12-08 15:31:32,336 DEBUG Engine] New artifact filename: /Users/daper01/Documents/OSLo/artifacts/2017-12-08_15-31-23.148867/jmeter-1.log
[2017-12-08 15:31:32,336 DEBUG Engine.jmeter] Checking if port 4446 is free
[2017-12-08 15:31:32,336 DEBUG Engine.jmeter] Port 4446 is free
[2017-12-08 15:31:32,337 DEBUG Engine.jmeter] Using port 4446 for management
[2017-12-08 15:31:32,337 DEBUG Engine.jmeter.JavaVM] Trying JavaVM: ['java', '-version']
[2017-12-08 15:31:32,526 DEBUG Engine.jmeter.JavaVM] JavaVM output: java version "1.8.0_121"
Java(TM) SE Runtime Environment (build 1.8.0_121-b13)
Java HotSpot(TM) 64-Bit Server VM (build 25.121-b13, mixed mode)

[2017-12-08 15:31:32,526 DEBUG Engine.jmeter.TclLibrary] We don't need to check tcl library on this platform
[2017-12-08 15:31:32,527 DEBUG Engine.jmeter.JMeter] Trying jmeter: /Users/daper01/.bzt/jmeter-taurus/3.3/bin/jmeter.sh
[2017-12-08 15:31:32,527 DEBUG bzt.utils] Executing shell: ['/Users/daper01/.bzt/jmeter-taurus/3.3/bin/jmeter.sh', '-j', '/var/folders/vq/xzrdy2lx047cst78f69v8z3xfzqz1q/T/jmeterUkfS93log', '--version']
[2017-12-08 15:31:33,816 DEBUG Engine.jmeter.JMeter] JMeter check:     _    ____   _    ____ _   _ _____       _ __  __ _____ _____ _____ ____     
   / \  |  _ \ / \  / ___| | | | ____|     | |  \/  | ____|_   _| ____|  _ \   
  / _ \ | |_) / _ \| |   | |_| |  _|    _  | | |\/| |  _|   | | |  _| | |_) | 
 / ___ \|  __/ ___ \ |___|  _  | |___  | |_| | |  | | |___  | | | |___|  _ <  
/_/   \_\_| /_/   \_\____|_| |_|_____|  \___/|_|  |_|_____| |_| |_____|_| \_\ 3.3 r1808647  

Copyright (c) 1999-2017 The Apache Software Foundation

 / None
[2017-12-08 15:31:33,817 DEBUG Engine] New artifact filename: /Users/daper01/Documents/OSLo/artifacts/2017-12-08_15-31-23.148867/requests-1.jmx
[2017-12-08 15:31:33,822 DEBUG JMeterScenarioBuilder] Saving JMX to: /Users/daper01/Documents/OSLo/artifacts/2017-12-08_15-31-23.148867/requests-1.jmx
[2017-12-08 15:31:33,823 DEBUG bzt.utils] Executing shell: ['/Users/daper01/.bzt/jmeter-taurus/3.3/bin/PluginsManagerCMD.sh', 'install-for-jmx', '/Users/daper01/Documents/OSLo/artifacts/2017-12-08_15-31-23.148867/requests-1.jmx']
[2017-12-08 15:31:37,115 DEBUG Engine.jmeter.JMeter] Try to detect plugins for /Users/daper01/Documents/OSLo/artifacts/2017-12-08_15-31-23.148867/requests-1.jmx
15:31:35.848 [main] INFO  org.jmeterplugins.repository.PluginManager - Plugins Status: [jpgc-functions=2.0, jpgc-casutg=2.1, jpgc-dummy=0.2, jpgc-ffw=2.0, jpgc-fifo=0.2, jpgc-json=2.6, jpgc-prmctl=0.3, jpgc-perfmon=2.1, jpgc-plugins-manager=0.16, jpgc-tst=2.1, jmeter-core=3.3, jmeter-ftp=3.3, jmeter-http=3.3, jmeter-jdbc=3.3, jmeter-jms=3.3, jmeter-junit=3.3, jmeter-java=3.3, jmeter-ldap=3.3, jmeter-mail=3.3, jmeter-mongodb=3.3, jmeter-native=3.3, jmeter-tcp=3.3, jmeter-components=3.3]
2017-12-08 15:31:35,848 INFO o.j.r.PluginManager: Plugins Status: [jpgc-functions=2.0, jpgc-casutg=2.1, jpgc-dummy=0.2, jpgc-ffw=2.0, jpgc-fifo=0.2, jpgc-json=2.6, jpgc-prmctl=0.3, jpgc-perfmon=2.1, jpgc-plugins-manager=0.16, jpgc-tst=2.1, jmeter-core=3.3, jmeter-ftp=3.3, jmeter-http=3.3, jmeter-jdbc=3.3, jmeter-jms=3.3, jmeter-junit=3.3, jmeter-java=3.3, jmeter-ldap=3.3, jmeter-mail=3.3, jmeter-mongodb=3.3, jmeter-native=3.3, jmeter-tcp=3.3, jmeter-components=3.3]
15:31:36.482 [main] INFO  org.apache.jmeter.save.SaveService - Testplan (JMX) version: 2.2. Testlog (JTL) version: 2.2
2017-12-08 15:31:36,482 INFO o.a.j.s.SaveService: Testplan (JMX) version: 2.2. Testlog (JTL) version: 2.2
15:31:36.511 [main] INFO  org.apache.jmeter.save.SaveService - Using SaveService properties file encoding UTF-8
2017-12-08 15:31:36,511 INFO o.a.j.s.SaveService: Using SaveService properties file encoding UTF-8
15:31:36.516 [main] INFO  org.apache.jmeter.save.SaveService - Using SaveService properties version 3.2
2017-12-08 15:31:36,516 INFO o.a.j.s.SaveService: Using SaveService properties version 3.2
15:31:36.573 [main] INFO  org.apache.jmeter.protocol.http.control.CacheManager - Will only cache the following methods: [GET]
2017-12-08 15:31:36,573 INFO o.a.j.p.h.c.CacheManager: Will only cache the following methods: [GET]
15:31:36.576 [main] INFO  org.apache.jmeter.protocol.http.control.CookieManager - Settings: Delete null: true Check: true Allow variable: true Save: false Prefix: COOKIE_
2017-12-08 15:31:36,576 INFO o.a.j.p.h.c.CookieManager: Settings: Delete null: true Check: true Allow variable: true Save: false Prefix: COOKIE_
15:31:36.666 [main] INFO  org.jmeterplugins.repository.PluginManager - Restarting JMeter...
2017-12-08 15:31:36,666 INFO o.j.r.PluginManager: Restarting JMeter...
15:31:36.667 [Thread-1] INFO  org.jmeterplugins.repository.PluginManager - Starting JMeter Plugins modifications
2017-12-08 15:31:36,667 INFO o.j.r.PluginManager: Starting JMeter Plugins modifications

ERROR StatusLogger No log4j2 configuration file found. Using default configuration: logging only errors to the console. Set system property 'org.apache.logging.log4j.simplelog.StatusLogger.level' to TRACE to show Log4j2 internal initialization logging.

[2017-12-08 15:31:37,115 DEBUG Engine.jmeter] Load: LoadSpec(concurrency=50, throughput=None, ramp_up=120.0, hold=30.0, iterations=0, duration=150.0, steps=None)
[2017-12-08 15:31:37,119 DEBUG Engine.jmeter.LoadSettingsProcessor.ThreadGroupHandler] Converting ThreadGroup (blazedemo) to ConcurrencyThreadGroup and apply load parameters
[2017-12-08 15:31:37,120 DEBUG Engine] New artifact filename: /Users/daper01/Documents/OSLo/artifacts/2017-12-08_15-31-23.148867/kpi-1.jtl
[2017-12-08 15:31:37,121 DEBUG Engine] New artifact filename: /Users/daper01/Documents/OSLo/artifacts/2017-12-08_15-31-23.148867/error-1.jtl
[2017-12-08 15:31:37,122 DEBUG Engine] New artifact filename: /Users/daper01/Documents/OSLo/artifacts/2017-12-08_15-31-23.148867/modified_requests-1.jmx
[2017-12-08 15:31:37,122 DEBUG JMX] Saving JMX to: /Users/daper01/Documents/OSLo/artifacts/2017-12-08_15-31-23.148867/modified_requests-1.jmx
[2017-12-08 15:31:37,123 DEBUG Engine.jmeter] Additional properties: defaultdict(None, {'jmeter.save.saveservice.autoflush': 'true', 'jmeter.save.saveservice.connect_time': 'true', 'user.classpath': '/Users/daper01/Documents/OSLo/artifacts/2017-12-08_15-31-23.148867', 'sampleresult.default.encoding': 'UTF-8', 'summariser.name': '', 'jmeterengine.force.system.exit': 'true', 'jmeter.save.saveservice.timestamp_format': 'ms', 'mode': 'Stripped', 'jmeterengine.nongui.maxport': 4446, 'jmeterengine.nongui.port': 4446})
[2017-12-08 15:31:37,124 DEBUG Engine] New artifact filename: /Users/daper01/Documents/OSLo/artifacts/2017-12-08_15-31-23.148867/jmeter-bzt-1.properties
[2017-12-08 15:31:37,125 DEBUG Engine.jmeter] Additional system properties defaultdict(None, {'sun.net.inetaddr.ttl': 0})
[2017-12-08 15:31:37,125 DEBUG Engine] New artifact filename: /Users/daper01/Documents/OSLo/artifacts/2017-12-08_15-31-23.148867/system-1.properties
[2017-12-08 15:31:37,125 DEBUG Engine] New artifact filename: /Users/daper01/Documents/OSLo/artifacts/2017-12-08_15-31-23.148867/jmeter-1.out
[2017-12-08 15:31:37,126 DEBUG Engine] New artifact filename: /Users/daper01/Documents/OSLo/artifacts/2017-12-08_15-31-23.148867/jmeter-1.err
[2017-12-08 15:31:37,127 DEBUG Engine] Module config: final-stats defaultdict(None, {'class': 'bzt.modules.reporting.FinalStatus'})
[2017-12-08 15:31:37,127 DEBUG root] Importing module: bzt.modules.reporting
[2017-12-08 15:31:42,773 DEBUG easyprocess] version=0.2.3
[2017-12-08 15:31:43,024 DEBUG pyvirtualdisplay] version=0.2.1
[2017-12-08 15:31:43,079 DEBUG root] Loading class: 'FinalStatus' from <module 'bzt.modules.reporting' from '/usr/local/lib/python2.7/site-packages/bzt/modules/reporting.pyc'>
[2017-12-08 15:31:43,079 DEBUG Engine] Module config: console defaultdict(None, {'class': 'bzt.modules.console.ConsoleStatusReporter'})
[2017-12-08 15:31:43,079 DEBUG root] Importing module: bzt.modules.console
[2017-12-08 15:31:43,080 DEBUG root] Loading class: 'ConsoleStatusReporter' from <module 'bzt.modules.console' from '/usr/local/lib/python2.7/site-packages/bzt/modules/console.pyc'>
[2017-12-08 15:31:43,092 DEBUG Engine.Configuration] Dumping YAML config into /Users/daper01/Documents/OSLo/artifacts/2017-12-08_15-31-23.148867/effective.yml
[2017-12-08 15:31:43,142 DEBUG Engine.Configuration] Dumping JSON config into /Users/daper01/Documents/OSLo/artifacts/2017-12-08_15-31-23.148867/effective.json
[2017-12-08 15:31:43,143 INFO Engine] Starting...
[2017-12-08 15:31:43,144 DEBUG Engine] Startup <bzt.modules.monitoring.Monitoring object at 0x10c60c510>
[2017-12-08 15:31:43,144 DEBUG Engine] Startup <bzt.modules.aggregator.ConsolidatingAggregator object at 0x10c5f6810>
[2017-12-08 15:31:43,144 DEBUG Engine] Startup <bzt.modules.reporting.FinalStatus object at 0x10d015c90>
[2017-12-08 15:31:43,144 DEBUG Engine] Startup <bzt.modules.console.ConsoleStatusReporter object at 0x10d195750>
[2017-12-08 15:31:43,144 INFO Engine.console] Waiting for results...
[2017-12-08 15:31:43,144 DEBUG Engine] Startup <bzt.modules.reporting.FinalStatus object at 0x10d1b3b10>
[2017-12-08 15:31:43,145 DEBUG Engine] Startup <bzt.modules.provisioning.Local object at 0x10c5f6750>
[2017-12-08 15:31:43,145 DEBUG Engine.local] Delay setup for jmeter/blazedemo: 0(start-at) + 0(delay) = 0
[2017-12-08 15:31:43,145 DEBUG Engine.local] Delay setup for jmeter/blazedemo: 0(start-at) + 0(delay) = 0
[2017-12-08 15:31:43,149 DEBUG Engine.Configuration] Dumping YAML config into /Users/daper01/Documents/OSLo/artifacts/2017-12-08_15-31-23.148867/effective.yml
[2017-12-08 15:31:43,224 DEBUG Engine.Configuration] Dumping JSON config into /Users/daper01/Documents/OSLo/artifacts/2017-12-08_15-31-23.148867/effective.json
[2017-12-08 15:31:43,226 DEBUG root] Leveling down log file verbosity, use -v option to have DEBUG messages enabled
[2017-12-08 15:31:43,466 INFO Engine.console] Waiting for finish...
[2017-12-08 15:32:11,975 WARNING Engine] Please wait for graceful shutdown...
[2017-12-08 15:32:11,983 DEBUG root] Leveled up log file verbosity
[2017-12-08 15:32:11,983 INFO Engine] Shutting down...
[2017-12-08 15:32:11,991 DEBUG Engine.local] Shutdown jmeter/blazedemo
[2017-12-08 15:32:12,994 INFO Engine.jmeter] Sending Shutdown command to JMeter on port 4445...
[2017-12-08 15:32:14,002 DEBUG Engine.jmeter] JMeter stopped on Shutdown command
[2017-12-08 15:32:14,003 DEBUG Engine.local] Shutdown jmeter/blazedemo
[2017-12-08 15:32:15,008 INFO Engine.jmeter] Sending Shutdown command to JMeter on port 4446...
[2017-12-08 15:32:16,019 DEBUG Engine.jmeter] JMeter stopped on Shutdown command
[2017-12-08 15:32:16,020 DEBUG Engine.console] Restoring logging streams, [<logging.StreamHandler object at 0x10bb24710>]/{<logging.StreamHandler object at 0x10bb24710>: <open file '<stdout>', mode 'w' at 0x10ab9a150>}
[2017-12-08 15:32:16,026 DEBUG Engine.Configuration] Dumping YAML config into /Users/daper01/Documents/OSLo/artifacts/2017-12-08_15-31-23.148867/effective.yml
[2017-12-08 15:32:16,083 DEBUG Engine.Configuration] Dumping JSON config into /Users/daper01/Documents/OSLo/artifacts/2017-12-08_15-31-23.148867/effective.json
[2017-12-08 15:32:16,084 WARNING root] Keyboard interrupt
[2017-12-08 15:32:16,085 DEBUG root] KeyboardInterrupt: 
Traceback (most recent call last):
  File "/usr/local/lib/python2.7/site-packages/bzt/cli.py", line 221, in perform
    self.engine.run()
  File "/usr/local/lib/python2.7/site-packages/bzt/engine.py", line 202, in run
    reraise(exc_info)
  File "/usr/local/lib/python2.7/site-packages/bzt/engine.py", line 184, in run
    self._wait()
  File "/usr/local/lib/python2.7/site-packages/bzt/engine.py", line 227, in _wait
    time.sleep(delay)
KeyboardInterrupt
[2017-12-08 15:32:16,085 INFO Engine] Post-processing...
[2017-12-08 15:32:16,085 DEBUG Engine.local] Post-process jmeter/blazedemo
[2017-12-08 15:32:16,085 DEBUG Engine] Add existing artifact (move=True): /Users/daper01/Documents/OSLo/artifacts/2017-12-08_15-31-23.148867/modified_requests.jmx
[2017-12-08 15:32:16,086 DEBUG Engine] No need to copy /Users/daper01/Documents/OSLo/artifacts/2017-12-08_15-31-23.148867/modified_requests.jmx
[2017-12-08 15:32:16,086 DEBUG Engine.local] Post-process jmeter/blazedemo
[2017-12-08 15:32:16,086 DEBUG Engine] Add existing artifact (move=True): /Users/daper01/Documents/OSLo/artifacts/2017-12-08_15-31-23.148867/modified_requests-1.jmx
[2017-12-08 15:32:16,086 DEBUG Engine] No need to copy /Users/daper01/Documents/OSLo/artifacts/2017-12-08_15-31-23.148867/modified_requests-1.jmx
[2017-12-08 15:32:16,086 DEBUG Engine.jmeter.JTLErrorsReader] Opening /Users/daper01/Documents/OSLo/artifacts/2017-12-08_15-31-23.148867/error.jtl
[2017-12-08 15:32:16,092 DEBUG Engine.jmeter.JTLErrorsReader] Error reading errors.jtl: Traceback (most recent call last):
  File "/usr/local/lib/python2.7/site-packages/bzt/modules/jmeter.py", line 1347, in read_file
    self.parser.feed(read)  # "Huge input lookup" error without capping :)
  File "src/lxml/parser.pxi", line 1240, in lxml.etree._FeedParser.feed
  File "src/lxml/parser.pxi", line 1362, in lxml.etree._FeedParser.feed
  File "src/lxml/parser.pxi", line 589, in lxml.etree._ParserContext._handleParseResult
  File "src/lxml/parser.pxi", line 598, in lxml.etree._ParserContext._handleParseResultDoc
  File "src/lxml/parser.pxi", line 709, in lxml.etree._handleParseResult
  File "src/lxml/parser.pxi", line 638, in lxml.etree._raiseParseError
XMLSyntaxError: Opening and ending tag mismatch: responseData line 223 and testResults, line 231, column 15 (line 231)

[2017-12-08 15:32:16,092 WARNING Engine.jmeter.JTLErrorsReader] Failed to parse errors XML: Opening and ending tag mismatch: responseData line 223 and testResults, line 231, column 15 (line 231)
[2017-12-08 15:32:16,094 DEBUG Engine.jmeter.JTLReader.IncrementalCSVReader] Reading JTL: /Users/daper01/Documents/OSLo/artifacts/2017-12-08_15-31-23.148867/kpi.jtl
[2017-12-08 15:32:16,095 DEBUG Engine.jmeter.JTLReader.IncrementalCSVReader] Read lines: 254 / 23559 bytes (at speed 1048576)
[2017-12-08 15:32:16,101 DEBUG Engine.jmeter.JTLReader] Buffer len: 3
[2017-12-08 15:32:16,102 DEBUG Engine.jmeter.JTLReader] Aggregating: 1512775930
[2017-12-08 15:32:16,115 DEBUG Engine.jmeter.JTLReader] Aggregating: 1512775931
[2017-12-08 15:32:16,129 DEBUG Engine.jmeter.JTLReader] Aggregating: 1512775932
[2017-12-08 15:32:16,137 DEBUG Engine.jmeter.JTLErrorsReader] Opening /Users/daper01/Documents/OSLo/artifacts/2017-12-08_15-31-23.148867/error-1.jtl
[2017-12-08 15:32:16,138 DEBUG Engine.jmeter.JTLReader.IncrementalCSVReader] Reading JTL: /Users/daper01/Documents/OSLo/artifacts/2017-12-08_15-31-23.148867/kpi-1.jtl
[2017-12-08 15:32:16,138 DEBUG Engine.jmeter.JTLReader.IncrementalCSVReader] Read lines: 157 / 14848 bytes (at speed 1048576)
[2017-12-08 15:32:16,141 DEBUG Engine.jmeter.JTLReader] Buffer len: 6
[2017-12-08 15:32:16,141 DEBUG Engine.jmeter.JTLReader] Aggregating: 1512775929
[2017-12-08 15:32:16,144 DEBUG Engine.jmeter.JTLReader] Aggregating: 1512775930
[2017-12-08 15:32:16,148 DEBUG Engine.jmeter.JTLReader] Aggregating: 1512775931
[2017-12-08 15:32:16,154 DEBUG Engine.jmeter.JTLReader] Aggregating: 1512775932
[2017-12-08 15:32:16,173 DEBUG Engine.jmeter.JTLReader] Aggregating: 1512775933
[2017-12-08 15:32:16,181 DEBUG Engine.jmeter.JTLReader] Aggregating: 1512775934
[2017-12-08 15:32:16,193 DEBUG Engine.consolidator] Consolidator buffer[7]: [1512775928, 1512775929, 1512775930, 1512775931, 1512775932, 1512775933, 1512775934]
[2017-12-08 15:32:16,193 DEBUG Engine.consolidator] Merging into 1512775928
[2017-12-08 15:32:16,193 DEBUG Engine.consolidator] Merging 1512775928
[2017-12-08 15:32:16,197 DEBUG Engine.consolidator] Merging 1512775928
[2017-12-08 15:32:16,213 DEBUG Engine.consolidator] Processed datapoint: 1512775928/None
[2017-12-08 15:32:16,213 DEBUG Engine.consolidator] Merging into 1512775929
[2017-12-08 15:32:16,213 DEBUG Engine.consolidator] Merging 1512775929
[2017-12-08 15:32:16,215 DEBUG Engine.consolidator] Merging 1512775929
[2017-12-08 15:32:16,226 DEBUG Engine.consolidator] Processed datapoint: 1512775929/None
[2017-12-08 15:32:16,227 DEBUG Engine.consolidator] Merging into 1512775930
[2017-12-08 15:32:16,227 DEBUG Engine.consolidator] Merging 1512775930
[2017-12-08 15:32:16,232 DEBUG Engine.consolidator] Merging 1512775930
[2017-12-08 15:32:16,247 DEBUG Engine.consolidator] Processed datapoint: 1512775930/None
[2017-12-08 15:32:16,247 DEBUG Engine.consolidator] Merging into 1512775931
[2017-12-08 15:32:16,247 DEBUG Engine.consolidator] Merging 1512775931
[2017-12-08 15:32:16,250 DEBUG Engine.consolidator] Merging 1512775931
[2017-12-08 15:32:16,260 DEBUG Engine.consolidator] Processed datapoint: 1512775931/None
[2017-12-08 15:32:16,260 DEBUG Engine.consolidator] Merging into 1512775932
[2017-12-08 15:32:16,260 DEBUG Engine.consolidator] Merging 1512775932
[2017-12-08 15:32:16,263 DEBUG Engine.consolidator] Merging 1512775932
[2017-12-08 15:32:16,274 DEBUG Engine.consolidator] Processed datapoint: 1512775932/None
[2017-12-08 15:32:16,274 DEBUG Engine.consolidator] Merging into 1512775933
[2017-12-08 15:32:16,274 DEBUG Engine.consolidator] Merging 1512775933
[2017-12-08 15:32:16,285 DEBUG Engine.consolidator] Processed datapoint: 1512775933/None
[2017-12-08 15:32:16,286 DEBUG Engine.consolidator] Merging into 1512775934
[2017-12-08 15:32:16,286 DEBUG Engine.consolidator] Merging 1512775934
[2017-12-08 15:32:16,295 DEBUG Engine.consolidator] Processed datapoint: 1512775934/None
[2017-12-08 15:32:16,295 INFO Engine.final-stats] Test duration: 0:00:33
[2017-12-08 15:32:16,295 INFO Engine.final-stats] Samples count: 2501, 0.84% failures
[2017-12-08 15:32:16,295 INFO Engine.final-stats] Average times: total 0.264, latency 0.255, connect 0.000
[2017-12-08 15:32:16,296 INFO Engine.final-stats] Percentile 0.0%: 0.048
[2017-12-08 15:32:16,296 INFO Engine.final-stats] Percentile 50.0%: 0.246
[2017-12-08 15:32:16,296 INFO Engine.final-stats] Percentile 90.0%: 0.365
[2017-12-08 15:32:16,296 INFO Engine.final-stats] Percentile 95.0%: 0.391
[2017-12-08 15:32:16,296 INFO Engine.final-stats] Percentile 99.0%: 0.469
[2017-12-08 15:32:16,296 INFO Engine.final-stats] Percentile 99.9%: 0.973
[2017-12-08 15:32:16,296 INFO Engine.final-stats] Percentile 100.0%: 1.524
[2017-12-08 15:32:16,296 DEBUG Engine.console] No logger_handler or orig_stream was detected
[2017-12-08 15:32:16,296 INFO Engine.final-stats] Test duration: 0:00:33
[2017-12-08 15:32:16,296 INFO Engine.final-stats] Samples count: 2501, 0.84% failures
[2017-12-08 15:32:16,296 INFO Engine.final-stats] Average times: total 0.264, latency 0.255, connect 0.000
[2017-12-08 15:32:16,296 INFO Engine.final-stats] Percentile 0.0%: 0.048
[2017-12-08 15:32:16,297 INFO Engine.final-stats] Percentile 50.0%: 0.246
[2017-12-08 15:32:16,297 INFO Engine.final-stats] Percentile 90.0%: 0.365
[2017-12-08 15:32:16,297 INFO Engine.final-stats] Percentile 95.0%: 0.391
[2017-12-08 15:32:16,297 INFO Engine.final-stats] Percentile 99.0%: 0.469
[2017-12-08 15:32:16,297 INFO Engine.final-stats] Percentile 99.9%: 0.973
[2017-12-08 15:32:16,297 INFO Engine.final-stats] Percentile 100.0%: 1.524
[2017-12-08 15:32:16,297 INFO Engine.final-stats] Dumping final status as XML: stats.xml
[2017-12-08 15:32:16,315 DEBUG Engine.Configuration] Dumping YAML config into /Users/daper01/Documents/OSLo/artifacts/2017-12-08_15-31-23.148867/effective.yml
[2017-12-08 15:32:16,387 DEBUG Engine.Configuration] Dumping JSON config into /Users/daper01/Documents/OSLo/artifacts/2017-12-08_15-31-23.148867/effective.json
[2017-12-08 15:32:16,391 INFO root] Artifacts dir: /Users/daper01/Documents/OSLo/artifacts/2017-12-08_15-31-23.148867
[2017-12-08 15:32:16,391 WARNING root] Done performing with code: 1
[2017-12-08 15:32:16,391 DEBUG root] Closing log handler: /Users/daper01/Documents/OSLo/artifacts/2017-12-08_15-31-23.148867/bzt.log
