2017-12-08 15:31:45,387 INFO o.a.j.u.JMeterUtils: Setting Locale to en_US
2017-12-08 15:31:45,445 INFO o.a.j.JMeter: Loading user properties from: /Users/daper01/.bzt/jmeter-taurus/3.3/bin/user.properties
2017-12-08 15:31:45,446 INFO o.a.j.JMeter: Loading system properties from: /Users/daper01/.bzt/jmeter-taurus/3.3/bin/system.properties
2017-12-08 15:31:45,452 INFO o.a.j.JMeter: Setting System properties from file: /Users/daper01/Documents/OSLo/artifacts/2017-12-08_15-31-23.148867/system-1.properties
2017-12-08 15:31:45,461 INFO o.a.j.JMeter: Copyright (c) 1998-2017 The Apache Software Foundation
2017-12-08 15:31:45,461 INFO o.a.j.JMeter: Version 3.3 r1808647
2017-12-08 15:31:45,461 INFO o.a.j.JMeter: java.version=1.8.0_121
2017-12-08 15:31:45,461 INFO o.a.j.JMeter: java.vm.name=Java HotSpot(TM) 64-Bit Server VM
2017-12-08 15:31:45,461 INFO o.a.j.JMeter: os.name=Mac OS X
2017-12-08 15:31:45,461 INFO o.a.j.JMeter: os.arch=x86_64
2017-12-08 15:31:45,461 INFO o.a.j.JMeter: os.version=10.13.1
2017-12-08 15:31:45,461 INFO o.a.j.JMeter: file.encoding=UTF-8
2017-12-08 15:31:45,462 INFO o.a.j.JMeter: Max memory     =3817865216
2017-12-08 15:31:45,462 INFO o.a.j.JMeter: Available Processors =4
2017-12-08 15:31:45,473 INFO o.a.j.JMeter: Default Locale=English (United States)
2017-12-08 15:31:45,473 INFO o.a.j.JMeter: JMeter  Locale=English (United States)
2017-12-08 15:31:45,485 INFO o.a.j.JMeter: JMeterHome=/Users/daper01/.bzt/jmeter-taurus/3.3
2017-12-08 15:31:45,485 INFO o.a.j.JMeter: user.dir  =/Users/daper01/Documents/OSLo
2017-12-08 15:31:45,485 INFO o.a.j.JMeter: PWD       =/Users/daper01/Documents/OSLo
2017-12-08 15:31:45,494 INFO o.a.j.JMeter: IP: 10.137.176.136 Name: daper01mac1124 FullName: daper01mac1124.ca.com
2017-12-08 15:31:45,494 INFO o.a.j.JMeter: user.classpath=/Users/daper01/Documents/OSLo/artifacts/2017-12-08_15-31-23.148867
2017-12-08 15:31:45,494 INFO o.a.j.JMeter: Adding to classpath and loader: /Users/daper01/Documents/OSLo/artifacts/2017-12-08_15-31-23.148867
2017-12-08 15:31:45,502 INFO o.a.j.s.FileServer: Default base='/Users/daper01/Documents/OSLo'
2017-12-08 15:31:45,503 INFO o.a.j.s.FileServer: Set new base='/Users/daper01/Documents/OSLo/artifacts/2017-12-08_15-31-23.148867'
2017-12-08 15:31:45,769 INFO o.a.j.s.SaveService: Testplan (JMX) version: 2.2. Testlog (JTL) version: 2.2
2017-12-08 15:31:45,791 INFO o.a.j.s.SaveService: Using SaveService properties file encoding UTF-8
2017-12-08 15:31:45,796 INFO o.a.j.s.SaveService: Using SaveService properties version 3.2
2017-12-08 15:31:45,802 INFO o.a.j.s.SaveService: Loading file: /Users/daper01/Documents/OSLo/artifacts/2017-12-08_15-31-23.148867/modified_requests-1.jmx
2017-12-08 15:31:46,020 INFO o.a.j.p.h.c.CacheManager: Will only cache the following methods: [GET]
2017-12-08 15:31:46,022 INFO o.a.j.p.h.c.CookieManager: Settings: Delete null: true Check: true Allow variable: true Save: false Prefix: COOKIE_
2017-12-08 15:31:46,051 INFO o.a.j.p.h.s.HTTPSamplerBase: Parser for text/html is org.apache.jmeter.protocol.http.parser.LagartoBasedHtmlParser
2017-12-08 15:31:46,052 INFO o.a.j.p.h.s.HTTPSamplerBase: Parser for application/xhtml+xml is org.apache.jmeter.protocol.http.parser.LagartoBasedHtmlParser
2017-12-08 15:31:46,052 INFO o.a.j.p.h.s.HTTPSamplerBase: Parser for application/xml is org.apache.jmeter.protocol.http.parser.LagartoBasedHtmlParser
2017-12-08 15:31:46,052 INFO o.a.j.p.h.s.HTTPSamplerBase: Parser for text/xml is org.apache.jmeter.protocol.http.parser.LagartoBasedHtmlParser
2017-12-08 15:31:46,052 INFO o.a.j.p.h.s.HTTPSamplerBase: Parser for text/vnd.wap.wml is org.apache.jmeter.protocol.http.parser.RegexpHTMLParser
2017-12-08 15:31:46,053 INFO o.a.j.p.h.s.HTTPSamplerBase: Parser for text/css is org.apache.jmeter.protocol.http.parser.CssParser
2017-12-08 15:31:46,105 INFO o.a.j.e.StandardJMeterEngine: Running the test!
2017-12-08 15:31:46,105 INFO o.a.j.s.SampleEvent: List of sample_variables: []
2017-12-08 15:31:46,105 INFO o.a.j.s.SampleEvent: List of sample_variables: []
2017-12-08 15:31:46,111 INFO o.a.j.e.u.CompoundVariable: Note: Function class names must contain the string: '.functions.'
2017-12-08 15:31:46,111 INFO o.a.j.e.u.CompoundVariable: Note: Function class names must not contain the string: '.gui.'
2017-12-08 15:31:47,277 INFO o.a.j.JMeter: Running test (1512775907277)
2017-12-08 15:31:47,367 INFO o.a.j.e.StandardJMeterEngine: Starting ThreadGroup: 1 : blazedemo
2017-12-08 15:31:47,368 INFO o.a.j.e.StandardJMeterEngine: Starting 50 threads for group blazedemo.
2017-12-08 15:31:47,368 INFO o.a.j.e.StandardJMeterEngine: Thread will continue on error
2017-12-08 15:31:47,375 INFO c.b.j.t.c.ConcurrencyThreadStarter: Start supplying threads
2017-12-08 15:31:47,382 INFO o.a.j.e.StandardJMeterEngine: All thread groups have been started
2017-12-08 15:31:48,581 INFO o.a.j.s.SampleResult: Note: Sample TimeStamps are START times
2017-12-08 15:31:48,581 INFO o.a.j.s.SampleResult: sampleresult.default.encoding is set to UTF-8
2017-12-08 15:31:48,581 INFO o.a.j.s.SampleResult: sampleresult.useNanoTime=true
2017-12-08 15:31:48,581 INFO o.a.j.s.SampleResult: sampleresult.nanoThreadSleep=5000
2017-12-08 15:31:48,881 INFO o.a.j.t.JMeterThread: Thread started: blazedemo 1-1
2017-12-08 15:31:48,885 INFO o.a.j.s.FileServer: Stored: /Users/daper01/Documents/OSLo/param.csv
2017-12-08 15:31:48,919 INFO o.a.j.p.h.s.HTTPHCAbstractImpl: Local host = daper01mac1124
2017-12-08 15:31:48,926 INFO o.a.j.p.h.s.HTTPHC4Impl: HTTP request retry count = 0
2017-12-08 15:31:51,605 INFO o.a.j.t.JMeterThread: Thread started: blazedemo 1-2
2017-12-08 15:31:53,602 INFO o.a.j.t.JMeterThread: Thread started: blazedemo 1-3
2017-12-08 15:31:56,616 INFO o.a.j.t.JMeterThread: Thread started: blazedemo 1-4
2017-12-08 15:31:58,621 INFO o.a.j.t.JMeterThread: Thread started: blazedemo 1-5
2017-12-08 15:32:00,625 INFO o.a.j.t.JMeterThread: Thread started: blazedemo 1-6
2017-12-08 15:32:03,638 INFO o.a.j.t.JMeterThread: Thread started: blazedemo 1-7
2017-12-08 15:32:05,639 INFO o.a.j.t.JMeterThread: Thread started: blazedemo 1-8
2017-12-08 15:32:08,646 INFO o.a.j.t.JMeterThread: Thread started: blazedemo 1-9
2017-12-08 15:32:10,654 INFO o.a.j.t.JMeterThread: Thread started: blazedemo 1-10
2017-12-08 15:32:12,658 INFO o.a.j.t.JMeterThread: Thread started: blazedemo 1-11
2017-12-08 15:32:15,018 INFO o.a.j.JMeter: Command: Shutdown received from /127.0.0.1
2017-12-08 15:32:15,020 INFO c.b.j.t.c.ConcurrencyThreadStarter: Done supplying threads
2017-12-08 15:32:15,020 WARN o.a.j.t.JMeterThread: Interrupting: blazedemo 1-2 sampler: Purchase Page
2017-12-08 15:32:15,021 WARN o.a.j.t.JMeterThread: Interrupting: blazedemo 1-11 sampler: Welcome Page
2017-12-08 15:32:15,022 WARN o.a.j.t.JMeterThread: Interrupting: blazedemo 1-8 sampler: Purchase Page
2017-12-08 15:32:15,023 WARN o.a.j.t.JMeterThread: Interrupting: blazedemo 1-10 sampler: Purchase Page
2017-12-08 15:32:15,024 WARN o.a.j.t.JMeterThread: Interrupting: blazedemo 1-7 sampler: Reserve Page
2017-12-08 15:32:15,025 WARN o.a.j.t.JMeterThread: Interrupting: blazedemo 1-1 sampler: Purchase Page
2017-12-08 15:32:15,027 WARN o.a.j.t.JMeterThread: Interrupting: blazedemo 1-6 sampler: Welcome Page
2017-12-08 15:32:15,028 WARN o.a.j.t.JMeterThread: Interrupting: blazedemo 1-3 sampler: Confirmation Page
2017-12-08 15:32:15,031 WARN o.a.j.t.JMeterThread: Interrupting: blazedemo 1-9 sampler: Reserve Page
2017-12-08 15:32:15,033 WARN o.a.j.t.JMeterThread: Interrupting: blazedemo 1-4 sampler: Confirmation Page
2017-12-08 15:32:15,033 WARN o.a.j.t.JMeterThread: Interrupting: blazedemo 1-5 sampler: Purchase Page
2017-12-08 15:32:15,038 INFO o.a.j.t.JMeterThread: Thread is done: blazedemo 1-2
2017-12-08 15:32:15,038 INFO o.a.j.t.JMeterThread: Thread finished: blazedemo 1-2
2017-12-08 15:32:15,040 INFO o.a.j.e.StandardJMeterEngine: Notifying test listeners of end of test
2017-12-08 15:32:15,040 INFO o.a.j.s.FileServer: Close: /Users/daper01/Documents/OSLo/param.csv
2017-12-08 15:32:15,040 INFO o.a.j.t.JMeterThread: Thread is done: blazedemo 1-5
2017-12-08 15:32:15,041 INFO o.a.j.t.JMeterThread: Thread finished: blazedemo 1-5
2017-12-08 15:32:15,042 INFO o.a.j.e.StandardJMeterEngine: Forced JVM shutdown requested at end of test
2017-12-08 15:32:15,043 INFO o.a.j.t.JMeterThread: Thread is done: blazedemo 1-4
2017-12-08 15:32:15,043 INFO o.a.j.t.JMeterThread: Thread finished: blazedemo 1-4
2017-12-08 15:32:15,044 INFO o.a.j.t.JMeterThread: Thread is done: blazedemo 1-9
2017-12-08 15:32:15,044 INFO o.a.j.t.JMeterThread: Thread finished: blazedemo 1-9
2017-12-08 15:32:15,045 INFO o.a.j.t.JMeterThread: Thread is done: blazedemo 1-3
2017-12-08 15:32:15,045 INFO o.a.j.t.JMeterThread: Thread finished: blazedemo 1-3
