2017-12-08 15:31:45,394 INFO o.a.j.u.JMeterUtils: Setting Locale to en_US
2017-12-08 15:31:45,435 INFO o.a.j.JMeter: Loading user properties from: /Users/daper01/.bzt/jmeter-taurus/3.3/bin/user.properties
2017-12-08 15:31:45,436 INFO o.a.j.JMeter: Loading system properties from: /Users/daper01/.bzt/jmeter-taurus/3.3/bin/system.properties
2017-12-08 15:31:45,444 INFO o.a.j.JMeter: Setting System properties from file: /Users/daper01/Documents/OSLo/artifacts/2017-12-08_15-31-23.148867/system.properties
2017-12-08 15:31:45,455 INFO o.a.j.JMeter: Copyright (c) 1998-2017 The Apache Software Foundation
2017-12-08 15:31:45,456 INFO o.a.j.JMeter: Version 3.3 r1808647
2017-12-08 15:31:45,456 INFO o.a.j.JMeter: java.version=1.8.0_121
2017-12-08 15:31:45,456 INFO o.a.j.JMeter: java.vm.name=Java HotSpot(TM) 64-Bit Server VM
2017-12-08 15:31:45,456 INFO o.a.j.JMeter: os.name=Mac OS X
2017-12-08 15:31:45,456 INFO o.a.j.JMeter: os.arch=x86_64
2017-12-08 15:31:45,456 INFO o.a.j.JMeter: os.version=10.13.1
2017-12-08 15:31:45,456 INFO o.a.j.JMeter: file.encoding=UTF-8
2017-12-08 15:31:45,457 INFO o.a.j.JMeter: Max memory     =3817865216
2017-12-08 15:31:45,457 INFO o.a.j.JMeter: Available Processors =4
2017-12-08 15:31:45,462 INFO o.a.j.JMeter: Default Locale=English (United States)
2017-12-08 15:31:45,463 INFO o.a.j.JMeter: JMeter  Locale=English (United States)
2017-12-08 15:31:45,463 INFO o.a.j.JMeter: JMeterHome=/Users/daper01/.bzt/jmeter-taurus/3.3
2017-12-08 15:31:45,463 INFO o.a.j.JMeter: user.dir  =/Users/daper01/Documents/OSLo
2017-12-08 15:31:45,463 INFO o.a.j.JMeter: PWD       =/Users/daper01/Documents/OSLo
2017-12-08 15:31:45,470 INFO o.a.j.JMeter: IP: 10.137.176.136 Name: daper01mac1124 FullName: daper01mac1124.ca.com
2017-12-08 15:31:45,471 INFO o.a.j.JMeter: user.classpath=/Users/daper01/Documents/OSLo/artifacts/2017-12-08_15-31-23.148867
2017-12-08 15:31:45,472 INFO o.a.j.JMeter: Adding to classpath and loader: /Users/daper01/Documents/OSLo/artifacts/2017-12-08_15-31-23.148867
2017-12-08 15:31:45,495 INFO o.a.j.s.FileServer: Default base='/Users/daper01/Documents/OSLo'
2017-12-08 15:31:45,496 INFO o.a.j.s.FileServer: Set new base='/Users/daper01/Documents/OSLo/artifacts/2017-12-08_15-31-23.148867'
2017-12-08 15:31:45,771 INFO o.a.j.s.SaveService: Testplan (JMX) version: 2.2. Testlog (JTL) version: 2.2
2017-12-08 15:31:45,792 INFO o.a.j.s.SaveService: Using SaveService properties file encoding UTF-8
2017-12-08 15:31:45,797 INFO o.a.j.s.SaveService: Using SaveService properties version 3.2
2017-12-08 15:31:45,807 INFO o.a.j.s.SaveService: Loading file: /Users/daper01/Documents/OSLo/artifacts/2017-12-08_15-31-23.148867/modified_requests.jmx
2017-12-08 15:31:45,968 INFO o.a.j.p.h.c.CacheManager: Will only cache the following methods: [GET]
2017-12-08 15:31:45,971 INFO o.a.j.p.h.c.CookieManager: Settings: Delete null: true Check: true Allow variable: true Save: false Prefix: COOKIE_
2017-12-08 15:31:46,024 INFO o.a.j.p.h.s.HTTPSamplerBase: Parser for text/html is org.apache.jmeter.protocol.http.parser.LagartoBasedHtmlParser
2017-12-08 15:31:46,025 INFO o.a.j.p.h.s.HTTPSamplerBase: Parser for application/xhtml+xml is org.apache.jmeter.protocol.http.parser.LagartoBasedHtmlParser
2017-12-08 15:31:46,025 INFO o.a.j.p.h.s.HTTPSamplerBase: Parser for application/xml is org.apache.jmeter.protocol.http.parser.LagartoBasedHtmlParser
2017-12-08 15:31:46,025 INFO o.a.j.p.h.s.HTTPSamplerBase: Parser for text/xml is org.apache.jmeter.protocol.http.parser.LagartoBasedHtmlParser
2017-12-08 15:31:46,025 INFO o.a.j.p.h.s.HTTPSamplerBase: Parser for text/vnd.wap.wml is org.apache.jmeter.protocol.http.parser.RegexpHTMLParser
2017-12-08 15:31:46,025 INFO o.a.j.p.h.s.HTTPSamplerBase: Parser for text/css is org.apache.jmeter.protocol.http.parser.CssParser
2017-12-08 15:31:46,083 INFO o.a.j.e.StandardJMeterEngine: Running the test!
2017-12-08 15:31:46,084 INFO o.a.j.s.SampleEvent: List of sample_variables: []
2017-12-08 15:31:46,084 INFO o.a.j.s.SampleEvent: List of sample_variables: []
2017-12-08 15:31:46,089 INFO o.a.j.e.u.CompoundVariable: Note: Function class names must contain the string: '.functions.'
2017-12-08 15:31:46,089 INFO o.a.j.e.u.CompoundVariable: Note: Function class names must not contain the string: '.gui.'
2017-12-08 15:31:47,253 INFO o.a.j.JMeter: Running test (1512775907253)
2017-12-08 15:31:47,352 INFO o.a.j.e.StandardJMeterEngine: Starting ThreadGroup: 1 : blazedemo
2017-12-08 15:31:47,352 INFO o.a.j.e.StandardJMeterEngine: Starting 50 threads for group blazedemo.
2017-12-08 15:31:47,353 INFO o.a.j.e.StandardJMeterEngine: Thread will continue on error
2017-12-08 15:31:47,357 INFO c.b.j.t.c.ConcurrencyThreadStarter: Start supplying threads
2017-12-08 15:31:47,358 INFO o.a.j.e.StandardJMeterEngine: All thread groups have been started
2017-12-08 15:31:47,673 INFO o.a.j.s.SampleResult: Note: Sample TimeStamps are START times
2017-12-08 15:31:47,673 INFO o.a.j.s.SampleResult: sampleresult.default.encoding is set to UTF-8
2017-12-08 15:31:47,673 INFO o.a.j.s.SampleResult: sampleresult.useNanoTime=true
2017-12-08 15:31:47,673 INFO o.a.j.s.SampleResult: sampleresult.nanoThreadSleep=5000
2017-12-08 15:31:48,173 INFO o.a.j.t.JMeterThread: Thread started: blazedemo 1-1
2017-12-08 15:31:48,176 INFO o.a.j.s.FileServer: Stored: /Users/daper01/Documents/OSLo/param.csv
2017-12-08 15:31:48,216 INFO o.a.j.p.h.s.HTTPHCAbstractImpl: Local host = daper01mac1124
2017-12-08 15:31:48,222 INFO o.a.j.p.h.s.HTTPHC4Impl: HTTP request retry count = 0
2017-12-08 15:31:48,681 INFO o.a.j.t.JMeterThread: Thread started: blazedemo 1-2
2017-12-08 15:31:49,687 INFO o.a.j.t.JMeterThread: Thread started: blazedemo 1-3
2017-12-08 15:31:49,688 INFO o.a.j.t.JMeterThread: Thread started: blazedemo 1-4
2017-12-08 15:31:50,694 INFO o.a.j.t.JMeterThread: Thread started: blazedemo 1-6
2017-12-08 15:31:50,695 INFO o.a.j.t.JMeterThread: Thread started: blazedemo 1-5
2017-12-08 15:31:51,698 INFO o.a.j.t.JMeterThread: Thread started: blazedemo 1-7
2017-12-08 15:31:52,704 INFO o.a.j.t.JMeterThread: Thread started: blazedemo 1-8
2017-12-08 15:31:52,705 INFO o.a.j.t.JMeterThread: Thread started: blazedemo 1-9
2017-12-08 15:31:53,711 INFO o.a.j.t.JMeterThread: Thread started: blazedemo 1-10
2017-12-08 15:31:53,713 INFO o.a.j.t.JMeterThread: Thread started: blazedemo 1-11
2017-12-08 15:31:54,717 INFO o.a.j.t.JMeterThread: Thread started: blazedemo 1-12
2017-12-08 15:31:55,719 INFO o.a.j.t.JMeterThread: Thread started: blazedemo 1-13
2017-12-08 15:31:55,719 INFO o.a.j.t.JMeterThread: Thread started: blazedemo 1-14
2017-12-08 15:31:56,724 INFO o.a.j.t.JMeterThread: Thread started: blazedemo 1-15
2017-12-08 15:31:56,728 INFO o.a.j.t.JMeterThread: Thread started: blazedemo 1-16
2017-12-08 15:31:57,730 INFO o.a.j.t.JMeterThread: Thread started: blazedemo 1-17
2017-12-08 15:31:58,731 INFO o.a.j.t.JMeterThread: Thread started: blazedemo 1-18
2017-12-08 15:31:58,732 INFO o.a.j.t.JMeterThread: Thread started: blazedemo 1-19
2017-12-08 15:31:59,735 INFO o.a.j.t.JMeterThread: Thread started: blazedemo 1-20
2017-12-08 15:31:59,736 INFO o.a.j.t.JMeterThread: Thread started: blazedemo 1-21
2017-12-08 15:32:00,737 INFO o.a.j.t.JMeterThread: Thread started: blazedemo 1-22
2017-12-08 15:32:01,738 INFO o.a.j.t.JMeterThread: Thread started: blazedemo 1-23
2017-12-08 15:32:01,739 INFO o.a.j.t.JMeterThread: Thread started: blazedemo 1-24
2017-12-08 15:32:02,741 INFO o.a.j.t.JMeterThread: Thread started: blazedemo 1-25
2017-12-08 15:32:02,742 INFO o.a.j.t.JMeterThread: Thread started: blazedemo 1-26
2017-12-08 15:32:03,747 INFO o.a.j.t.JMeterThread: Thread started: blazedemo 1-27
2017-12-08 15:32:04,751 INFO o.a.j.t.JMeterThread: Thread started: blazedemo 1-28
2017-12-08 15:32:04,752 INFO o.a.j.t.JMeterThread: Thread started: blazedemo 1-29
2017-12-08 15:32:05,753 INFO o.a.j.t.JMeterThread: Thread started: blazedemo 1-30
2017-12-08 15:32:05,756 INFO o.a.j.t.JMeterThread: Thread started: blazedemo 1-31
2017-12-08 15:32:06,757 INFO o.a.j.t.JMeterThread: Thread started: blazedemo 1-32
2017-12-08 15:32:07,763 INFO o.a.j.t.JMeterThread: Thread started: blazedemo 1-33
2017-12-08 15:32:07,763 INFO o.a.j.t.JMeterThread: Thread started: blazedemo 1-34
2017-12-08 15:32:08,764 INFO o.a.j.t.JMeterThread: Thread started: blazedemo 1-35
2017-12-08 15:32:08,765 INFO o.a.j.t.JMeterThread: Thread started: blazedemo 1-36
2017-12-08 15:32:09,772 INFO o.a.j.t.JMeterThread: Thread started: blazedemo 1-37
2017-12-08 15:32:10,774 INFO o.a.j.t.JMeterThread: Thread started: blazedemo 1-38
2017-12-08 15:32:10,776 INFO o.a.j.t.JMeterThread: Thread started: blazedemo 1-39
2017-12-08 15:32:11,776 INFO o.a.j.t.JMeterThread: Thread started: blazedemo 1-40
2017-12-08 15:32:11,778 INFO o.a.j.t.JMeterThread: Thread started: blazedemo 1-41
2017-12-08 15:32:12,781 INFO o.a.j.t.JMeterThread: Thread started: blazedemo 1-42
2017-12-08 15:32:13,004 INFO o.a.j.JMeter: Command: Shutdown received from /127.0.0.1
2017-12-08 15:32:13,006 INFO c.b.j.t.c.ConcurrencyThreadStarter: Done supplying threads
2017-12-08 15:32:13,006 WARN o.a.j.t.JMeterThread: Interrupting: blazedemo 1-14 sampler: Reserve Page
2017-12-08 15:32:13,007 WARN o.a.j.t.JMeterThread: Interrupting: blazedemo 1-18 sampler: Welcome Page
2017-12-08 15:32:13,007 WARN o.a.j.t.JMeterThread: Interrupting: blazedemo 1-34 sampler: Confirmation Page
2017-12-08 15:32:13,008 WARN o.a.j.t.JMeterThread: Interrupting: blazedemo 1-30 sampler: Reserve Page
2017-12-08 15:32:13,009 WARN o.a.j.t.JMeterThread: Interrupting: blazedemo 1-23 sampler: Confirmation Page
2017-12-08 15:32:13,012 WARN o.a.j.t.JMeterThread: Interrupting: blazedemo 1-39 sampler: Welcome Page
2017-12-08 15:32:13,014 WARN o.a.j.t.JMeterThread: Interrupting: blazedemo 1-19 sampler: Reserve Page
2017-12-08 15:32:13,015 WARN o.a.j.t.JMeterThread: Interrupting: blazedemo 1-3 sampler: Reserve Page
2017-12-08 15:32:13,016 WARN o.a.j.t.JMeterThread: Interrupting: blazedemo 1-28 sampler: Purchase Page
2017-12-08 15:32:13,021 WARN o.a.j.t.JMeterThread: Interrupting: blazedemo 1-4 sampler: Reserve Page
2017-12-08 15:32:13,025 INFO o.a.j.t.JMeterThread: Thread is done: blazedemo 1-14
2017-12-08 15:32:13,025 INFO o.a.j.t.JMeterThread: Thread finished: blazedemo 1-14
2017-12-08 15:32:13,030 INFO o.a.j.t.JMeterThread: Thread is done: blazedemo 1-3
2017-12-08 15:32:13,030 INFO o.a.j.t.JMeterThread: Thread finished: blazedemo 1-3
2017-12-08 15:32:13,031 WARN o.a.j.t.JMeterThread: Interrupting: blazedemo 1-12 sampler: Reserve Page
2017-12-08 15:32:13,033 INFO o.a.j.t.JMeterThread: Thread is done: blazedemo 1-28
2017-12-08 15:32:13,033 INFO o.a.j.t.JMeterThread: Thread finished: blazedemo 1-28
2017-12-08 15:32:13,036 INFO o.a.j.e.StandardJMeterEngine: Notifying test listeners of end of test
2017-12-08 15:32:13,036 INFO o.a.j.s.FileServer: Close: /Users/daper01/Documents/OSLo/param.csv
2017-12-08 15:32:13,037 INFO o.a.j.t.JMeterThread: Thread is done: blazedemo 1-19
2017-12-08 15:32:13,037 INFO o.a.j.t.JMeterThread: Thread finished: blazedemo 1-19
2017-12-08 15:32:13,038 INFO o.a.j.t.JMeterThread: Thread is done: blazedemo 1-39
2017-12-08 15:32:13,039 INFO o.a.j.t.JMeterThread: Thread finished: blazedemo 1-39
2017-12-08 15:32:13,040 INFO o.a.j.t.JMeterThread: Thread is done: blazedemo 1-23
2017-12-08 15:32:13,041 INFO o.a.j.t.JMeterThread: Thread finished: blazedemo 1-23
2017-12-08 15:32:13,041 INFO o.a.j.e.StandardJMeterEngine: Forced JVM shutdown requested at end of test
2017-12-08 15:32:13,041 INFO o.a.j.t.JMeterThread: Thread is done: blazedemo 1-30
2017-12-08 15:32:13,041 INFO o.a.j.t.JMeterThread: Thread finished: blazedemo 1-30
2017-12-08 15:32:13,042 INFO o.a.j.t.JMeterThread: Thread is done: blazedemo 1-12
2017-12-08 15:32:13,042 INFO o.a.j.t.JMeterThread: Thread finished: blazedemo 1-12
2017-12-08 15:32:13,043 INFO o.a.j.t.JMeterThread: Thread is done: blazedemo 1-34
2017-12-08 15:32:13,043 INFO o.a.j.t.JMeterThread: Thread finished: blazedemo 1-34
2017-12-08 15:32:13,044 WARN o.a.j.t.JMeterThread: Interrupting: blazedemo 1-27 sampler: Reserve Page
2017-12-08 15:32:13,045 INFO o.a.j.t.JMeterThread: Thread is done: blazedemo 1-18
2017-12-08 15:32:13,045 INFO o.a.j.t.JMeterThread: Thread finished: blazedemo 1-18
2017-12-08 15:32:13,047 INFO o.a.j.t.JMeterThread: Thread is done: blazedemo 1-4
2017-12-08 15:32:13,047 INFO o.a.j.t.JMeterThread: Thread finished: blazedemo 1-4
2017-12-08 15:32:13,047 WARN o.a.j.t.JMeterThread: Interrupting: blazedemo 1-15 sampler: Welcome Page
