[2017-06-13 09:24:51,546 INFO root] Taurus CLI Tool v1.9.1
[2017-06-13 09:24:51,546 DEBUG root] Command-line options: {'verbose': None, 'no_system_configs': None, 'quiet': None, 'log': '/var/folders/vq/xzrdy2lx047cst78f69v8z3xfzqz1q/T/bzt_UykkL1.log', 'option': None, 'aliases': ['locations']}
[2017-06-13 09:24:51,546 DEBUG root] Python: CPython 2.7.13
[2017-06-13 09:24:51,546 DEBUG root] OS: ('Darwin', 'daper01mac1124', '16.4.0', 'Darwin Kernel Version 16.4.0: Thu Dec 22 22:53:21 PST 2016; root:xnu-3789.41.3~3/RELEASE_X86_64', 'x86_64', 'i386')
[2017-06-13 09:24:51,546 INFO root] Starting with configs: []
[2017-06-13 09:24:51,547 DEBUG root] Adding personal config: /Users/daper01/.bzt-rc
[2017-06-13 09:24:51,547 INFO Engine] Configuring...
[2017-06-13 09:24:51,547 DEBUG Engine] Reading extension configs from: /usr/local/etc/bzt.d
[2017-06-13 09:24:51,547 DEBUG Engine.Configuration] Configs: ['/usr/local/lib/python2.7/site-packages/bzt/resources/base-config.yml', '/usr/local/etc/bzt.d/99-installID.yml']
[2017-06-13 09:24:51,547 DEBUG Engine.Configuration] Reading /usr/local/lib/python2.7/site-packages/bzt/resources/base-config.yml
[2017-06-13 09:24:51,547 DEBUG Engine.Configuration] Reading /usr/local/lib/python2.7/site-packages/bzt/resources/base-config.yml as YAML
[2017-06-13 09:24:51,570 DEBUG Engine.Configuration] Reading /usr/local/etc/bzt.d/99-installID.yml
[2017-06-13 09:24:51,571 DEBUG Engine.Configuration] Reading /usr/local/etc/bzt.d/99-installID.yml as YAML
[2017-06-13 09:24:51,571 DEBUG Engine.Configuration] Configs: ['/Users/daper01/.bzt-rc']
[2017-06-13 09:24:51,571 DEBUG Engine.Configuration] Reading /Users/daper01/.bzt-rc
[2017-06-13 09:24:51,571 DEBUG Engine.Configuration] Reading /Users/daper01/.bzt-rc as YAML
[2017-06-13 09:24:51,572 DEBUG root] Configs: ['/Users/daper01/.bzt-rc']
[2017-06-13 09:24:51,572 DEBUG root] Reading /Users/daper01/.bzt-rc
[2017-06-13 09:24:51,572 DEBUG root] Reading /Users/daper01/.bzt-rc as YAML
[2017-06-13 09:24:51,584 DEBUG Engine] Requesting updates info: http://gettaurus.org/updates/?version=1.9.1&installID=784f43782a15
[2017-06-13 09:24:51,589 INFO Engine] Artifacts dir: /Users/daper01/Documents/OSLo/JMeter/2017-06-13_09-24-51.584424
[2017-06-13 09:24:51,590 DEBUG Engine] New artifact filename: /Users/daper01/Documents/OSLo/JMeter/2017-06-13_09-24-51.584424/effective
[2017-06-13 09:24:51,592 DEBUG Engine.Configuration] Dumping YAML config into /Users/daper01/Documents/OSLo/JMeter/2017-06-13_09-24-51.584424/effective.yml
[2017-06-13 09:24:51,617 DEBUG Engine.Configuration] Dumping JSON config into /Users/daper01/Documents/OSLo/JMeter/2017-06-13_09-24-51.584424/effective.json
[2017-06-13 09:24:51,619 DEBUG Engine] New artifact filename: /Users/daper01/Documents/OSLo/JMeter/2017-06-13_09-24-51.584424/merged.yml
[2017-06-13 09:24:51,620 DEBUG root] Dumping YAML config into /Users/daper01/Documents/OSLo/JMeter/2017-06-13_09-24-51.584424/merged.yml
[2017-06-13 09:24:51,622 DEBUG Engine] New artifact filename: /Users/daper01/Documents/OSLo/JMeter/2017-06-13_09-24-51.584424/merged.json
[2017-06-13 09:24:51,623 DEBUG root] Dumping JSON config into /Users/daper01/Documents/OSLo/JMeter/2017-06-13_09-24-51.584424/merged.json
[2017-06-13 09:24:51,623 DEBUG root] Closing log handler: /var/folders/vq/xzrdy2lx047cst78f69v8z3xfzqz1q/T/bzt_UykkL1.log
[2017-06-13 09:24:51,624 DEBUG root] Switched writing logs to /Users/daper01/Documents/OSLo/JMeter/2017-06-13_09-24-51.584424/bzt.log
[2017-06-13 09:24:51,624 INFO Engine] Preparing...
[2017-06-13 09:24:51,625 DEBUG Engine] Module config: consolidator defaultdict(None, {'class': 'bzt.modules.aggregator.ConsolidatingAggregator'})
[2017-06-13 09:24:51,625 DEBUG root] Importing module: bzt.modules.aggregator
[2017-06-13 09:24:51,629 DEBUG root] Loading class: 'ConsolidatingAggregator' from <module 'bzt.modules.aggregator' from '/usr/local/lib/python2.7/site-packages/bzt/modules/aggregator.pyc'>
[2017-06-13 09:24:51,630 DEBUG Engine.consolidator] Exception in dehumanize_time(inf)
[2017-06-13 09:24:51,630 DEBUG Engine.consolidator] Buffer scaling setup: percentile 95.0 from [0.0, 50.0, 90.0, 95.0, 99.0, 99.9, 100.0] selected
[2017-06-13 09:24:51,630 DEBUG Engine] Module config: monitoring defaultdict(None, {'class': 'bzt.modules.monitoring.Monitoring'})
[2017-06-13 09:24:51,630 DEBUG root] Importing module: bzt.modules.monitoring
[2017-06-13 09:24:51,683 DEBUG root] Loading class: 'Monitoring' from <module 'bzt.modules.monitoring' from '/usr/local/lib/python2.7/site-packages/bzt/modules/monitoring.pyc'>
[2017-06-13 09:24:51,684 DEBUG Engine.monitoring] Should not run because of non-matching prov: cloud != local
[2017-06-13 09:24:51,684 DEBUG Engine] Module config: cloud defaultdict(None, {'class': 'bzt.modules.blazemeter.CloudProvisioning', 'default-location': 'us-central1-a', 'dump-locations': True})
[2017-06-13 09:24:51,685 DEBUG root] Importing module: bzt.modules.blazemeter
[2017-06-13 09:24:51,762 DEBUG root] Loading class: 'CloudProvisioning' from <module 'bzt.modules.blazemeter' from '/usr/local/lib/python2.7/site-packages/bzt/modules/blazemeter.pyc'>
[2017-06-13 09:24:51,762 DEBUG Engine] Module config: blazemeter defaultdict(None, {'token': '********', 'class': 'bzt.modules.blazemeter.BlazeMeterUploader'})
[2017-06-13 09:24:51,762 DEBUG root] Importing module: bzt.modules.blazemeter
[2017-06-13 09:24:51,762 DEBUG root] Loading class: 'BlazeMeterUploader' from <module 'bzt.modules.blazemeter' from '/usr/local/lib/python2.7/site-packages/bzt/modules/blazemeter.pyc'>
[2017-06-13 09:24:51,763 DEBUG Engine.cloud] Request: GET https://a.blazemeter.com/api/v4/accounts None
[2017-06-13 09:24:52,209 DEBUG Engine] Taurus updates info: {"latest":"1.9.3","needsUpgrade":true}
[2017-06-13 09:24:52,209 WARNING Engine] There is newer version of Taurus 1.9.3 available, consider upgrading. What's new: http://gettaurus.org/docs/Changelog/
[2017-06-13 09:24:52,267 DEBUG Engine.cloud] Response: {
    "limit": 10,
    "skip": 0,
    "total": 2,
    "api_version": 4,
    "error": null,
    "result": [
        {
            "id": 125626,
            "name": "Default Account",
            "thumbnailUrl": null,
            "salesforceId": null,
      
[2017-06-13 09:24:52,268 DEBUG Engine.cloud] Request: GET https://a.blazemeter.com/api/v4/workspaces?accountId=125626&enabled=true&limit=100 None
[2017-06-13 09:24:52,734 DEBUG Engine.cloud] Response: {
    "limit": 100,
    "skip": 0,
    "total": 5,
    "api_version": 4,
    "error": null,
    "result": [
        {
            "id": 119008,
            "name": "Default workspace",
            "userId": 339612,
            "created": 1486702692,
      
[2017-06-13 09:24:52,735 DEBUG Engine.cloud] Request: GET https://a.blazemeter.com/api/v4/workspaces?accountId=21166&enabled=true&limit=100 None
[2017-06-13 09:24:53,208 DEBUG Engine.cloud] Response: {
    "limit": 100,
    "skip": 0,
    "total": 1,
    "api_version": 4,
    "error": null,
    "result": [
        {
            "id": 133217,
            "name": "DEMOs",
            "userId": 307773,
            "created": 1493664013,
            "updat
[2017-06-13 09:24:53,208 WARNING Engine.cloud] Dumping available locations instead of running the test
[2017-06-13 09:24:53,208 DEBUG Engine.cloud] Request: GET https://a.blazemeter.com/api/v4/workspaces/119008 None
[2017-06-13 09:24:53,774 DEBUG Engine.cloud] Response: {
    "api_version": 4,
    "error": null,
    "result": {
        "id": 119008,
        "name": "Default workspace",
        "userId": 339612,
        "created": 1486702692,
        "updated": 1486702692,
        "enabled": true,
        "dedicatedIpsEnab
[2017-06-13 09:24:53,778 DEBUG Engine.cloud] Request: GET https://a.blazemeter.com/api/v4/workspaces/127980 None
[2017-06-13 09:24:54,338 DEBUG Engine.cloud] Response: {
    "api_version": 4,
    "error": null,
    "result": {
        "id": 127980,
        "name": "Demo Workspace",
        "userId": 339612,
        "created": 1491255975,
        "updated": 1491255975,
        "enabled": true,
        "dedicatedIpsEnabled
[2017-06-13 09:24:54,344 DEBUG Engine.cloud] Request: GET https://a.blazemeter.com/api/v4/workspaces/127984 None
[2017-06-13 09:24:54,862 DEBUG Engine.cloud] Response: {
    "api_version": 4,
    "error": null,
    "result": {
        "id": 127984,
        "name": "Demo Workspace 2",
        "userId": 339612,
        "created": 1491261975,
        "updated": 1491261975,
        "enabled": true,
        "dedicatedIpsEnabl
[2017-06-13 09:24:54,866 DEBUG Engine.cloud] Request: GET https://a.blazemeter.com/api/v4/workspaces/132723 None
[2017-06-13 09:24:55,430 DEBUG Engine.cloud] Response: {
    "api_version": 4,
    "error": null,
    "result": {
        "id": 132723,
        "name": "QA Workspace",
        "userId": 339612,
        "created": 1493312851,
        "updated": 1493312851,
        "enabled": true,
        "dedicatedIpsEnabled":
[2017-06-13 09:24:55,439 DEBUG Engine.cloud] Request: GET https://a.blazemeter.com/api/v4/workspaces/135886 None
[2017-06-13 09:24:56,050 DEBUG Engine.cloud] Response: {
    "api_version": 4,
    "error": null,
    "result": {
        "id": 135886,
        "name": "scratch",
        "userId": 339612,
        "created": 1494801554,
        "updated": 1494801554,
        "enabled": true,
        "dedicatedIpsEnabled": true
[2017-06-13 09:24:56,054 DEBUG Engine.cloud] Request: GET https://a.blazemeter.com/api/v4/workspaces/133217 None
[2017-06-13 09:24:56,760 DEBUG Engine.cloud] Response: {
    "api_version": 4,
    "error": null,
    "result": {
        "id": 133217,
        "name": "DEMOs",
        "userId": 307773,
        "created": 1493664013,
        "updated": 1493746137,
        "enabled": true,
        "dedicatedIpsEnabled": true,

[2017-06-13 09:24:56,765 INFO Engine.cloud] Location: ams3	Amsterdam (DigitalOcean)
[2017-06-13 09:24:56,766 INFO Engine.cloud] Location: ap-northeast-1	Japan (Tokyo)
[2017-06-13 09:24:56,766 INFO Engine.cloud] Location: ap-northeast-2	Asia Pacific (Seoul)
[2017-06-13 09:24:56,766 INFO Engine.cloud] Location: ap-south-1	Asia Pacific (Mumbai)
[2017-06-13 09:24:56,766 INFO Engine.cloud] Location: ap-southeast-1	Asia Pacific (Singapore)
[2017-06-13 09:24:56,766 INFO Engine.cloud] Location: ap-southeast-2	Australia (Sydney)
[2017-06-13 09:24:56,766 INFO Engine.cloud] Location: asia-east1-a	Asia East (Taiwan, Google)
[2017-06-13 09:24:56,767 INFO Engine.cloud] Location: asia-northeast1-a	Asia Northeast (Japan, Google)
[2017-06-13 09:24:56,767 INFO Engine.cloud] Location: asia-southeast1-a	Asia Southeast (Singapore, Google)
[2017-06-13 09:24:56,767 INFO Engine.cloud] Location: azure-brazil-south-1	Azure Brazil South (Sao Paulo) - Beta
[2017-06-13 09:24:56,767 INFO Engine.cloud] Location: azure-central-us-1	Azure US Central (Iowa) - Beta
[2017-06-13 09:24:56,767 INFO Engine.cloud] Location: azure-east-asia-1	Azure East Asia (Hong Kong) - Beta
[2017-06-13 09:24:56,767 INFO Engine.cloud] Location: azure-east-us-1	Azure US East (Virginia) - Beta
[2017-06-13 09:24:56,768 INFO Engine.cloud] Location: azure-east-us-2	Azure East US 2 (Virginia) - Beta
[2017-06-13 09:24:56,768 INFO Engine.cloud] Location: azure-japan-east-1	Azure Japan East (Tokyo, Saitama) - Beta
[2017-06-13 09:24:56,768 INFO Engine.cloud] Location: azure-japan-west-1	Azure Japan West (Osaka) - Beta
[2017-06-13 09:24:56,768 INFO Engine.cloud] Location: azure-north-central-us-1	Azure US North Central (Illinois) - Beta
[2017-06-13 09:24:56,768 INFO Engine.cloud] Location: azure-north-europe-1	Azure EU North (Ireland) - Beta
[2017-06-13 09:24:56,769 INFO Engine.cloud] Location: azure-south-central-us-1	Azure US South Central (Texas) - Beta
[2017-06-13 09:24:56,769 INFO Engine.cloud] Location: azure-southeast-asia-1	Azure Southeast Asia (Singapore) - Beta
[2017-06-13 09:24:56,769 INFO Engine.cloud] Location: azure-west-europe-1	Azure EU West (Netherlands) - Beta
[2017-06-13 09:24:56,769 INFO Engine.cloud] Location: azure-west-us-1	Azure US West (California) - Beta
[2017-06-13 09:24:56,769 INFO Engine.cloud] Location: ca-central-1	Canada (Central)
[2017-06-13 09:24:56,769 INFO Engine.cloud] Location: eu-central-1	EU Central (Frankfurt)
[2017-06-13 09:24:56,770 INFO Engine.cloud] Location: eu-west-1	EU West (Ireland)
[2017-06-13 09:24:56,770 INFO Engine.cloud] Location: eu-west-2	EU West (London)
[2017-06-13 09:24:56,770 INFO Engine.cloud] Location: europe-west1-b	EU West (Belgium, Google)
[2017-06-13 09:24:56,770 INFO Engine.cloud] Location: joyent-us-east-1	US East 1 (Joyent)
[2017-06-13 09:24:56,770 INFO Engine.cloud] Location: joyent-us-sw-1	US South West 1 (Joyent)
[2017-06-13 09:24:56,771 INFO Engine.cloud] Location: joyent-us-west-1	US West 1 (Joyent)
[2017-06-13 09:24:56,771 INFO Engine.cloud] Location: lon1	London (DigitalOcean)
[2017-06-13 09:24:56,771 INFO Engine.cloud] Location: nyc3	NYC (DigitalOcean)
[2017-06-13 09:24:56,772 INFO Engine.cloud] Location: sa-east-1	South America (Sao Paulo)
[2017-06-13 09:24:56,772 INFO Engine.cloud] Location: sfo1	San Francisco (DigitalOcean)
[2017-06-13 09:24:56,773 INFO Engine.cloud] Location: sgp1	Singapore (DigitalOcean)
[2017-06-13 09:24:56,773 INFO Engine.cloud] Location: us-central1-a	US Central (Iowa, Google)
[2017-06-13 09:24:56,773 INFO Engine.cloud] Location: us-east-1	US East (Virginia)
[2017-06-13 09:24:56,773 INFO Engine.cloud] Location: us-east-2	US East (Ohio)
[2017-06-13 09:24:56,773 INFO Engine.cloud] Location: us-east1-b	US East (South Carolina, Google)
[2017-06-13 09:24:56,773 INFO Engine.cloud] Location: us-east4-a	US East (Virginia, Google)
[2017-06-13 09:24:56,774 INFO Engine.cloud] Location: us-west-1	US West (N.California)
[2017-06-13 09:24:56,774 INFO Engine.cloud] Location: us-west-2	US West (Oregon)
[2017-06-13 09:24:56,774 INFO Engine.cloud] Location: us-west1-a	US West (Oregon, Google)
[2017-06-13 09:24:56,774 DEBUG root] Shutting down by request from code
[2017-06-13 09:24:56,778 DEBUG root] NormalShutdown: Done listing locations
Traceback (most recent call last):
  File "/usr/local/lib/python2.7/site-packages/bzt/cli.py", line 212, in perform
    self.engine.prepare()
  File "/usr/local/lib/python2.7/site-packages/bzt/engine.py", line 130, in prepare
    self.__prepare_provisioning()
  File "/usr/local/lib/python2.7/site-packages/bzt/engine.py", line 457, in __prepare_provisioning
    self.provisioning.prepare()
  File "/usr/local/lib/python2.7/site-packages/bzt/modules/blazemeter.py", line 1424, in prepare
    self.__dump_locations_if_needed()
  File "/usr/local/lib/python2.7/site-packages/bzt/modules/blazemeter.py", line 1468, in __dump_locations_if_needed
    raise NormalShutdown("Done listing locations")
NormalShutdown: Done listing locations
[2017-06-13 09:24:56,778 INFO Engine] Post-processing...
[2017-06-13 09:24:56,779 DEBUG Engine.consolidator] Consolidator buffer[0]: []
[2017-06-13 09:24:56,782 DEBUG Engine.Configuration] Dumping YAML config into /Users/daper01/Documents/OSLo/JMeter/2017-06-13_09-24-51.584424/effective.yml
[2017-06-13 09:24:56,808 DEBUG Engine.Configuration] Dumping JSON config into /Users/daper01/Documents/OSLo/JMeter/2017-06-13_09-24-51.584424/effective.json
[2017-06-13 09:24:56,809 INFO root] Artifacts dir: /Users/daper01/Documents/OSLo/JMeter/2017-06-13_09-24-51.584424
[2017-06-13 09:24:56,809 INFO root] Done performing with code: 0
[2017-06-13 09:24:56,809 DEBUG root] Closing log handler: /Users/daper01/Documents/OSLo/JMeter/2017-06-13_09-24-51.584424/bzt.log
