[2017-06-20 21:44:13,511 INFO root] Taurus CLI Tool v1.9.3
[2017-06-20 21:44:13,511 DEBUG root] Command-line options: {'verbose': None, 'no_system_configs': None, 'quiet': None, 'log': '/var/folders/vq/xzrdy2lx047cst78f69v8z3xfzqz1q/T/bzt_08GVHr.log', 'option': None, 'aliases': []}
[2017-06-20 21:44:13,511 DEBUG root] Python: CPython 2.7.13
[2017-06-20 21:44:13,511 DEBUG root] OS: ('Darwin', 'daper01mac1124', '16.4.0', 'Darwin Kernel Version 16.4.0: Thu Dec 22 22:53:21 PST 2016; root:xnu-3789.41.3~3/RELEASE_X86_64', 'x86_64', 'i386')
[2017-06-20 21:44:13,512 INFO root] Starting with configs: ['load_scenario_from_csv.yml', 'execution_jmeter.yml', 'passfail.yml']
[2017-06-20 21:44:13,512 DEBUG root] Using personal config: /Users/daper01/.bzt-rc
[2017-06-20 21:44:13,512 INFO Engine] Configuring...
[2017-06-20 21:44:13,512 DEBUG Engine] Reading extension configs from: /usr/local/etc/bzt.d
[2017-06-20 21:44:13,512 DEBUG Engine.Configuration] Configs: ['/usr/local/lib/python2.7/site-packages/bzt/resources/base-config.yml', '/usr/local/etc/bzt.d/99-installID.yml']
[2017-06-20 21:44:13,513 DEBUG Engine.Configuration] Reading /usr/local/lib/python2.7/site-packages/bzt/resources/base-config.yml as YAML
[2017-06-20 21:44:13,536 DEBUG Engine.Configuration] Reading /usr/local/etc/bzt.d/99-installID.yml as YAML
[2017-06-20 21:44:13,537 DEBUG Engine.Configuration] Configs: ['/Users/daper01/.bzt-rc', 'load_scenario_from_csv.yml', 'execution_jmeter.yml', 'passfail.yml']
[2017-06-20 21:44:13,538 DEBUG Engine.Configuration] Reading /Users/daper01/.bzt-rc as YAML
[2017-06-20 21:44:13,539 DEBUG Engine.Configuration] Reading load_scenario_from_csv.yml as YAML
[2017-06-20 21:44:13,544 DEBUG Engine.Configuration] Reading execution_jmeter.yml as YAML
[2017-06-20 21:44:13,547 DEBUG Engine.Configuration] Reading passfail.yml as YAML
[2017-06-20 21:44:13,548 DEBUG Engine.Configuration] Configs: ['/Users/daper01/.bzt-rc', 'load_scenario_from_csv.yml', 'execution_jmeter.yml', 'passfail.yml']
[2017-06-20 21:44:13,548 DEBUG Engine.Configuration] Reading /Users/daper01/.bzt-rc as YAML
[2017-06-20 21:44:13,549 DEBUG Engine.Configuration] Reading load_scenario_from_csv.yml as YAML
[2017-06-20 21:44:13,555 DEBUG Engine.Configuration] Reading execution_jmeter.yml as YAML
[2017-06-20 21:44:13,557 DEBUG Engine.Configuration] Reading passfail.yml as YAML
[2017-06-20 21:44:13,574 DEBUG Engine] Requesting updates info: http://gettaurus.org/updates/?version=1.9.3&installID=784f43782a15
[2017-06-20 21:44:13,585 INFO Engine] Artifacts dir: /Users/daper01/Documents/OSLo/2017-06-20_21-44-13.585120
[2017-06-20 21:44:13,585 DEBUG Engine] New artifact filename: /Users/daper01/Documents/OSLo/2017-06-20_21-44-13.585120/effective
[2017-06-20 21:44:13,587 DEBUG Engine.Configuration] Dumping YAML config into /Users/daper01/Documents/OSLo/2017-06-20_21-44-13.585120/effective.yml
[2017-06-20 21:44:13,612 DEBUG Engine.Configuration] Dumping JSON config into /Users/daper01/Documents/OSLo/2017-06-20_21-44-13.585120/effective.json
[2017-06-20 21:44:13,613 DEBUG Engine] New artifact filename: /Users/daper01/Documents/OSLo/2017-06-20_21-44-13.585120/merged.yml
[2017-06-20 21:44:13,613 DEBUG Engine.Configuration] Dumping YAML config into /Users/daper01/Documents/OSLo/2017-06-20_21-44-13.585120/merged.yml
[2017-06-20 21:44:13,618 DEBUG Engine] New artifact filename: /Users/daper01/Documents/OSLo/2017-06-20_21-44-13.585120/merged.json
[2017-06-20 21:44:13,619 DEBUG Engine.Configuration] Dumping JSON config into /Users/daper01/Documents/OSLo/2017-06-20_21-44-13.585120/merged.json
[2017-06-20 21:44:13,620 DEBUG Engine] Add existing artifact (move=False): load_scenario_from_csv.yml
[2017-06-20 21:44:13,620 DEBUG Engine] Copying load_scenario_from_csv.yml to /Users/daper01/Documents/OSLo/2017-06-20_21-44-13.585120/load_scenario_from_csv.yml
[2017-06-20 21:44:13,620 DEBUG Engine] Add existing artifact (move=False): execution_jmeter.yml
[2017-06-20 21:44:13,621 DEBUG Engine] Copying execution_jmeter.yml to /Users/daper01/Documents/OSLo/2017-06-20_21-44-13.585120/execution_jmeter.yml
[2017-06-20 21:44:13,621 DEBUG Engine] Add existing artifact (move=False): passfail.yml
[2017-06-20 21:44:13,621 DEBUG Engine] Copying passfail.yml to /Users/daper01/Documents/OSLo/2017-06-20_21-44-13.585120/passfail.yml
[2017-06-20 21:44:13,622 DEBUG root] Closing log handler: /var/folders/vq/xzrdy2lx047cst78f69v8z3xfzqz1q/T/bzt_08GVHr.log
[2017-06-20 21:44:13,622 DEBUG root] Switched writing logs to /Users/daper01/Documents/OSLo/2017-06-20_21-44-13.585120/bzt.log
[2017-06-20 21:44:13,622 INFO Engine] Preparing...
[2017-06-20 21:44:13,623 DEBUG Engine] Module config: consolidator defaultdict(None, {'class': 'bzt.modules.aggregator.ConsolidatingAggregator'})
[2017-06-20 21:44:13,623 DEBUG root] Importing module: bzt.modules.aggregator
[2017-06-20 21:44:13,627 DEBUG root] Loading class: 'ConsolidatingAggregator' from <module 'bzt.modules.aggregator' from '/usr/local/lib/python2.7/site-packages/bzt/modules/aggregator.pyc'>
[2017-06-20 21:44:13,628 DEBUG Engine.consolidator] Exception in dehumanize_time(inf)
[2017-06-20 21:44:13,628 DEBUG Engine.consolidator] Buffer scaling setup: percentile 95.0 from [0.0, 50.0, 90.0, 95.0, 99.0, 99.9, 100.0] selected
[2017-06-20 21:44:13,628 DEBUG Engine] Module config: monitoring defaultdict(None, {'class': 'bzt.modules.monitoring.Monitoring'})
[2017-06-20 21:44:13,628 DEBUG root] Importing module: bzt.modules.monitoring
[2017-06-20 21:44:13,672 DEBUG root] Loading class: 'Monitoring' from <module 'bzt.modules.monitoring' from '/usr/local/lib/python2.7/site-packages/bzt/modules/monitoring.pyc'>
[2017-06-20 21:44:13,672 DEBUG Engine] Module config: local defaultdict(None, {'class': 'bzt.modules.provisioning.Local'})
[2017-06-20 21:44:13,672 DEBUG root] Importing module: bzt.modules.provisioning
[2017-06-20 21:44:13,672 DEBUG root] Loading class: 'Local' from <module 'bzt.modules.provisioning' from '/usr/local/lib/python2.7/site-packages/bzt/modules/provisioning.pyc'>
[2017-06-20 21:44:13,673 DEBUG Engine] Module config: jmeter defaultdict(None, {'properties': defaultdict(None, {'jmeter.save.saveservice.autoflush': 'true', 'summariser.name': '', 'jmeter.save.saveservice.connect_time': 'true', 'mode': 'Stripped', 'jmeterengine.force.system.exit': 'true'}), 'class': 'bzt.modules.jmeter.JMeterExecutor', 'plugins': ['jpgc-casutg', 'jpgc-dummy', 'jpgc-ffw', 'jpgc-fifo', 'jpgc-functions', 'jpgc-json', 'jpgc-perfmon', 'jpgc-prmctl', 'jpgc-tst']})
[2017-06-20 21:44:13,673 DEBUG root] Importing module: bzt.modules.jmeter
[2017-06-20 21:44:13,682 DEBUG root] Loading class: 'JMeterExecutor' from <module 'bzt.modules.jmeter' from '/usr/local/lib/python2.7/site-packages/bzt/modules/jmeter.pyc'>
[2017-06-20 21:44:13,682 DEBUG Engine.local] Preparing executor: jmeter/4335486416
[2017-06-20 21:44:13,683 DEBUG Engine] New artifact filename: /Users/daper01/Documents/OSLo/2017-06-20_21-44-13.585120/jmeter.log
[2017-06-20 21:44:13,683 DEBUG Engine.jmeter] Checking if port 4445 is free
[2017-06-20 21:44:13,684 DEBUG Engine.jmeter] Port 4445 is free
[2017-06-20 21:44:13,684 DEBUG Engine.jmeter] Using port 4445 for management
[2017-06-20 21:44:13,684 DEBUG Engine.jmeter.JavaVM] Trying JavaVM: ['java', '-version']
[2017-06-20 21:44:13,845 DEBUG Engine.jmeter.JavaVM] JavaVM output: java version "1.8.0_121"
Java(TM) SE Runtime Environment (build 1.8.0_121-b13)
Java HotSpot(TM) 64-Bit Server VM (build 25.121-b13, mixed mode)

[2017-06-20 21:44:13,846 DEBUG Engine.jmeter.TclLibrary] We don't need to check tcl library on this platform
[2017-06-20 21:44:13,846 DEBUG Engine.jmeter.JMeter] Trying jmeter: /Users/daper01/.bzt/jmeter-taurus/3.2/bin/jmeter.sh
[2017-06-20 21:44:13,846 DEBUG bzt.utils] Executing shell: ['/Users/daper01/.bzt/jmeter-taurus/3.2/bin/jmeter.sh', '-j', '/var/folders/vq/xzrdy2lx047cst78f69v8z3xfzqz1q/T/jmeter79cwtPlog', '--version']
[2017-06-20 21:44:14,696 DEBUG Engine] Taurus updates info: {"latest":"1.9.3","needsUpgrade":false}
[2017-06-20 21:44:14,696 DEBUG Engine] Installation is up-to-date
[2017-06-20 21:44:15,998 DEBUG Engine.jmeter.JMeter] JMeter check:     _    ____   _    ____ _   _ _____       _ __  __ _____ _____ _____ ____     
   / \  |  _ \ / \  / ___| | | | ____|     | |  \/  | ____|_   _| ____|  _ \   
  / _ \ | |_) / _ \| |   | |_| |  _|    _  | | |\/| |  _|   | | |  _| | |_) | 
 / ___ \|  __/ ___ \ |___|  _  | |___  | |_| | |  | | |___  | | | |___|  _ <  
/_/   \_\_| /_/   \_\____|_| |_|_____|  \___/|_|  |_|_____| |_| |_____|_| \_\ 3.2 r1790748  

Copyright (c) 1999-2017 The Apache Software Foundation

 / None
[2017-06-20 21:44:15,998 DEBUG Engine] New artifact filename: /Users/daper01/Documents/OSLo/2017-06-20_21-44-13.585120/requests.jmx
[2017-06-20 21:44:16,006 DEBUG JMeterScenarioBuilder] Saving JMX to: /Users/daper01/Documents/OSLo/2017-06-20_21-44-13.585120/requests.jmx
[2017-06-20 21:44:16,008 DEBUG Engine.jmeter] Load: LoadSpec(concurrency=50, throughput=None, ramp_up=30.0, hold=120.0, iterations=0, duration=150.0, steps=None)
[2017-06-20 21:44:16,013 DEBUG Engine.jmeter] Original threads: 1.0
[2017-06-20 21:44:16,015 DEBUG Engine] New artifact filename: /Users/daper01/Documents/OSLo/2017-06-20_21-44-13.585120/kpi.jtl
[2017-06-20 21:44:16,015 DEBUG Engine] New artifact filename: /Users/daper01/Documents/OSLo/2017-06-20_21-44-13.585120/error.jtl
[2017-06-20 21:44:16,016 DEBUG Engine] New artifact filename: /Users/daper01/Documents/OSLo/2017-06-20_21-44-13.585120/modified_requests.jmx
[2017-06-20 21:44:16,016 DEBUG JMX] Saving JMX to: /Users/daper01/Documents/OSLo/2017-06-20_21-44-13.585120/modified_requests.jmx
[2017-06-20 21:44:16,016 DEBUG Engine.jmeter] Additional properties: defaultdict(None, {'jmeter.save.saveservice.autoflush': 'true', 'jmeter.save.saveservice.connect_time': 'true', 'user.classpath': '/Users/daper01/Documents/OSLo/2017-06-20_21-44-13.585120', 'sampleresult.default.encoding': 'UTF-8', 'summariser.name': '', 'jmeterengine.force.system.exit': 'true', 'jmeter.save.saveservice.timestamp_format': 'ms', 'mode': 'Stripped', 'jmeterengine.nongui.maxport': 4445, 'jmeterengine.nongui.port': 4445})
[2017-06-20 21:44:16,016 DEBUG Engine] New artifact filename: /Users/daper01/Documents/OSLo/2017-06-20_21-44-13.585120/jmeter-bzt.properties
[2017-06-20 21:44:16,016 DEBUG Engine.jmeter] Additional system properties defaultdict(None, {'sun.net.inetaddr.ttl': 0})
[2017-06-20 21:44:16,017 DEBUG Engine] New artifact filename: /Users/daper01/Documents/OSLo/2017-06-20_21-44-13.585120/system.properties
[2017-06-20 21:44:16,017 DEBUG Engine] New artifact filename: /Users/daper01/Documents/OSLo/2017-06-20_21-44-13.585120/jmeter.out
[2017-06-20 21:44:16,017 DEBUG Engine] New artifact filename: /Users/daper01/Documents/OSLo/2017-06-20_21-44-13.585120/jmeter.err
[2017-06-20 21:44:16,017 DEBUG Engine] Module config: final-stats defaultdict(None, {'class': 'bzt.modules.reporting.FinalStatus'})
[2017-06-20 21:44:16,017 DEBUG root] Importing module: bzt.modules.reporting
[2017-06-20 21:44:16,141 DEBUG easyprocess] version=0.2.3
[2017-06-20 21:44:16,143 DEBUG pyvirtualdisplay] version=0.2.1
[2017-06-20 21:44:16,144 DEBUG root] Loading class: 'FinalStatus' from <module 'bzt.modules.reporting' from '/usr/local/lib/python2.7/site-packages/bzt/modules/reporting.pyc'>
[2017-06-20 21:44:16,144 DEBUG Engine] Module config: console defaultdict(None, {'class': 'bzt.modules.console.ConsoleStatusReporter'})
[2017-06-20 21:44:16,144 DEBUG root] Importing module: bzt.modules.console
[2017-06-20 21:44:16,144 DEBUG root] Loading class: 'ConsoleStatusReporter' from <module 'bzt.modules.console' from '/usr/local/lib/python2.7/site-packages/bzt/modules/console.pyc'>
[2017-06-20 21:44:16,144 DEBUG Engine] Module config: passfail defaultdict(None, {'class': 'bzt.modules.passfail.PassFailStatus'})
[2017-06-20 21:44:16,145 DEBUG root] Importing module: bzt.modules.passfail
[2017-06-20 21:44:16,145 DEBUG root] Loading class: 'PassFailStatus' from <module 'bzt.modules.passfail' from '/usr/local/lib/python2.7/site-packages/bzt/modules/passfail.pyc'>
[2017-06-20 21:44:16,150 DEBUG root] Importing module: bzt.modules.passfail
[2017-06-20 21:44:16,150 DEBUG root] Loading class: 'DataCriterion' from <module 'bzt.modules.passfail' from '/usr/local/lib/python2.7/site-packages/bzt/modules/passfail.pyc'>
[2017-06-20 21:44:16,153 DEBUG Engine.Configuration] Dumping YAML config into /Users/daper01/Documents/OSLo/2017-06-20_21-44-13.585120/effective.yml
[2017-06-20 21:44:16,192 DEBUG Engine.Configuration] Dumping JSON config into /Users/daper01/Documents/OSLo/2017-06-20_21-44-13.585120/effective.json
[2017-06-20 21:44:16,193 INFO Engine] Starting...
[2017-06-20 21:44:16,193 DEBUG Engine] Startup <bzt.modules.monitoring.Monitoring object at 0x101aaf6d0>
[2017-06-20 21:44:16,194 DEBUG Engine] Startup <bzt.modules.aggregator.ConsolidatingAggregator object at 0x1010a9590>
[2017-06-20 21:44:16,194 DEBUG Engine] Startup <bzt.modules.reporting.FinalStatus object at 0x1026e1a90>
[2017-06-20 21:44:16,194 DEBUG Engine] Startup <bzt.modules.console.ConsoleStatusReporter object at 0x10280ab50>
[2017-06-20 21:44:16,194 INFO Engine.console] Waiting for results...
[2017-06-20 21:44:16,194 DEBUG Engine] Startup <bzt.modules.reporting.FinalStatus object at 0x10281ee10>
[2017-06-20 21:44:16,194 DEBUG Engine] Startup <bzt.modules.passfail.PassFailStatus object at 0x10281e5d0>
[2017-06-20 21:44:16,194 DEBUG Engine] Startup <bzt.modules.provisioning.Local object at 0x101aaf050>
[2017-06-20 21:44:16,194 DEBUG Engine.local] Delay setup for jmeter/blazedemo: 0(start-at) + 0(delay) = 0
[2017-06-20 21:44:16,196 DEBUG Engine.Configuration] Dumping YAML config into /Users/daper01/Documents/OSLo/2017-06-20_21-44-13.585120/effective.yml
[2017-06-20 21:44:16,229 DEBUG Engine.Configuration] Dumping JSON config into /Users/daper01/Documents/OSLo/2017-06-20_21-44-13.585120/effective.json
[2017-06-20 21:44:16,231 DEBUG root] Leveling down log file verbosity, use -v option to have DEBUG messages enabled
[2017-06-20 21:44:16,445 INFO Engine.console] Waiting for finish...
[2017-06-20 21:44:22,253 INFO Engine.jmeter.JTLReader] Changed data analysis delay to 5s
[2017-06-20 21:44:28,277 INFO Engine.jmeter.JTLReader] Changed data analysis delay to 2s
[2017-06-20 21:46:49,732 WARNING Engine] Please wait for graceful shutdown...
[2017-06-20 21:46:49,741 DEBUG root] Leveled up log file verbosity
[2017-06-20 21:46:49,741 INFO Engine] Shutting down...
[2017-06-20 21:46:49,752 DEBUG Engine.local] Shutdown jmeter/blazedemo
[2017-06-20 21:46:49,752 DEBUG Engine.console] Restoring logging streams, [<logging.StreamHandler object at 0x101a94e10>]/{<logging.StreamHandler object at 0x101a94e10>: <open file '<stdout>', mode 'w' at 0x100518150>}
[2017-06-20 21:46:49,755 DEBUG Engine.Configuration] Dumping YAML config into /Users/daper01/Documents/OSLo/2017-06-20_21-44-13.585120/effective.yml
[2017-06-20 21:46:49,800 DEBUG Engine.Configuration] Dumping JSON config into /Users/daper01/Documents/OSLo/2017-06-20_21-44-13.585120/effective.json
[2017-06-20 21:46:49,801 INFO Engine] Post-processing...
[2017-06-20 21:46:49,802 DEBUG Engine.local] Post-process jmeter/blazedemo
[2017-06-20 21:46:49,802 DEBUG Engine] Add existing artifact (move=True): /Users/daper01/Documents/OSLo/2017-06-20_21-44-13.585120/modified_requests.jmx
[2017-06-20 21:46:49,802 DEBUG Engine] No need to copy /Users/daper01/Documents/OSLo/2017-06-20_21-44-13.585120/modified_requests.jmx
[2017-06-20 21:46:49,802 DEBUG Engine.jmeter.JTLReader.IncrementalCSVReader] Reading JTL: /Users/daper01/Documents/OSLo/2017-06-20_21-44-13.585120/kpi.jtl
[2017-06-20 21:46:49,802 DEBUG Engine.jmeter.JTLReader.IncrementalCSVReader] Read lines: 0 / 0 bytes (at speed 1048576)
[2017-06-20 21:46:49,802 DEBUG Engine.jmeter.JTLReader] Buffer len: 2
[2017-06-20 21:46:49,802 DEBUG Engine.jmeter.JTLReader] Aggregating: 1498020406
[2017-06-20 21:46:49,816 DEBUG Engine.jmeter.JTLReader] Aggregating: 1498020407
[2017-06-20 21:46:49,829 DEBUG Engine.consolidator] Consolidator buffer[4]: [1498020404, 1498020405, 1498020406, 1498020407]
[2017-06-20 21:46:49,829 DEBUG Engine.consolidator] Merging into 1498020404
[2017-06-20 21:46:49,829 DEBUG Engine.consolidator] Merging 1498020404
[2017-06-20 21:46:49,860 DEBUG Engine.consolidator] Processed datapoint: 1498020404/None
[2017-06-20 21:46:49,860 DEBUG Engine.consolidator] Merging into 1498020405
[2017-06-20 21:46:49,860 DEBUG Engine.consolidator] Merging 1498020405
[2017-06-20 21:46:49,884 DEBUG Engine.consolidator] Processed datapoint: 1498020405/None
[2017-06-20 21:46:49,884 DEBUG Engine.consolidator] Merging into 1498020406
[2017-06-20 21:46:49,884 DEBUG Engine.consolidator] Merging 1498020406
[2017-06-20 21:46:49,907 DEBUG Engine.consolidator] Processed datapoint: 1498020406/None
[2017-06-20 21:46:49,907 DEBUG Engine.consolidator] Merging into 1498020407
[2017-06-20 21:46:49,907 DEBUG Engine.consolidator] Merging 1498020407
[2017-06-20 21:46:49,926 DEBUG Engine.consolidator] Processed datapoint: 1498020407/None
[2017-06-20 21:46:49,926 INFO Engine.final-stats] Test duration: 0:02:33
[2017-06-20 21:46:49,926 INFO Engine.final-stats] Samples count: 26856, 0.00% failures
[2017-06-20 21:46:49,926 INFO Engine.final-stats] Average times: total 0.251, latency 0.219, connect 0.000
[2017-06-20 21:46:49,926 INFO Engine.final-stats] Percentile 0.0%: 0.165
[2017-06-20 21:46:49,926 INFO Engine.final-stats] Percentile 50.0%: 0.185
[2017-06-20 21:46:49,927 INFO Engine.final-stats] Percentile 90.0%: 0.365
[2017-06-20 21:46:49,927 INFO Engine.final-stats] Percentile 95.0%: 0.496
[2017-06-20 21:46:49,927 INFO Engine.final-stats] Percentile 99.0%: 0.895
[2017-06-20 21:46:49,927 INFO Engine.final-stats] Percentile 99.9%: 1.913
[2017-06-20 21:46:49,927 INFO Engine.final-stats] Percentile 100.0%: 4.248
[2017-06-20 21:46:49,927 DEBUG Engine.console] No logger_handler or orig_stream was detected
[2017-06-20 21:46:49,927 INFO Engine.final-stats] Test duration: 0:02:33
[2017-06-20 21:46:49,928 INFO Engine.final-stats] Samples count: 26856, 0.00% failures
[2017-06-20 21:46:49,928 INFO Engine.final-stats] Average times: total 0.251, latency 0.219, connect 0.000
[2017-06-20 21:46:49,928 INFO Engine.final-stats] Percentile 0.0%: 0.165
[2017-06-20 21:46:49,928 INFO Engine.final-stats] Percentile 50.0%: 0.185
[2017-06-20 21:46:49,928 INFO Engine.final-stats] Percentile 90.0%: 0.365
[2017-06-20 21:46:49,928 INFO Engine.final-stats] Percentile 95.0%: 0.496
[2017-06-20 21:46:49,928 INFO Engine.final-stats] Percentile 99.0%: 0.895
[2017-06-20 21:46:49,929 INFO Engine.final-stats] Percentile 99.9%: 1.913
[2017-06-20 21:46:49,929 INFO Engine.final-stats] Percentile 100.0%: 4.248
[2017-06-20 21:46:49,929 INFO Engine.final-stats] Dumping final status as XML: stats.xml
[2017-06-20 21:46:49,934 WARNING root] Alert: Response time too long
[2017-06-20 21:46:49,934 DEBUG root] 1498020407 Failed: Response time too long: True
[2017-06-20 21:46:49,934 DEBUG Engine] post_process: Failed: Response time too long
[2017-06-20 21:46:49,936 DEBUG Engine.Configuration] Dumping YAML config into /Users/daper01/Documents/OSLo/2017-06-20_21-44-13.585120/effective.yml
[2017-06-20 21:46:49,969 DEBUG Engine.Configuration] Dumping JSON config into /Users/daper01/Documents/OSLo/2017-06-20_21-44-13.585120/effective.json
[2017-06-20 21:46:49,971 WARNING root] Automated shutdown
[2017-06-20 21:46:49,974 DEBUG root] AutomatedShutdown: Failed: Response time too long
Traceback (most recent call last):
  File "/usr/local/lib/python2.7/site-packages/bzt/cli.py", line 223, in perform
    self.engine.post_process()
  File "/usr/local/lib/python2.7/site-packages/bzt/engine.py", line 252, in post_process
    reraise(exc_info)
  File "/usr/local/lib/python2.7/site-packages/bzt/engine.py", line 239, in post_process
    module.post_process()
  File "/usr/local/lib/python2.7/site-packages/bzt/modules/passfail.py", line 81, in post_process
    raise AutomatedShutdown("%s" % crit)
AutomatedShutdown: Failed: Response time too long
[2017-06-20 21:46:49,974 INFO root] Artifacts dir: /Users/daper01/Documents/OSLo/2017-06-20_21-44-13.585120
[2017-06-20 21:46:49,974 WARNING root] Done performing with code: 3
[2017-06-20 21:46:49,974 DEBUG root] Closing log handler: /Users/daper01/Documents/OSLo/2017-06-20_21-44-13.585120/bzt.log
