2017-06-20 21:44:17,104 INFO o.a.j.u.JMeterUtils: Setting Locale to en_US
2017-06-20 21:44:17,115 INFO o.a.j.JMeter: Loading user properties from: /Users/daper01/.bzt/jmeter-taurus/3.2/bin/user.properties
2017-06-20 21:44:17,115 INFO o.a.j.JMeter: Loading system properties from: /Users/daper01/.bzt/jmeter-taurus/3.2/bin/system.properties
2017-06-20 21:44:17,115 INFO o.a.j.JMeter: Setting System properties from file: /Users/daper01/Documents/OSLo/2017-06-20_21-44-13.585120/system.properties
2017-06-20 21:44:17,120 INFO o.a.j.JMeter: Copyright (c) 1998-2017 The Apache Software Foundation
2017-06-20 21:44:17,120 INFO o.a.j.JMeter: Version 3.2 r1790748
2017-06-20 21:44:17,120 INFO o.a.j.JMeter: java.version=1.8.0_121
2017-06-20 21:44:17,120 INFO o.a.j.JMeter: java.vm.name=Java HotSpot(TM) 64-Bit Server VM
2017-06-20 21:44:17,120 INFO o.a.j.JMeter: os.name=Mac OS X
2017-06-20 21:44:17,120 INFO o.a.j.JMeter: os.arch=x86_64
2017-06-20 21:44:17,120 INFO o.a.j.JMeter: os.version=10.12.3
2017-06-20 21:44:17,120 INFO o.a.j.JMeter: file.encoding=UTF-8
2017-06-20 21:44:17,120 INFO o.a.j.JMeter: Max memory     =3817865216
2017-06-20 21:44:17,120 INFO o.a.j.JMeter: Available Processors =4
2017-06-20 21:44:17,123 INFO o.a.j.JMeter: Default Locale=English (United States)
2017-06-20 21:44:17,124 INFO o.a.j.JMeter: JMeter  Locale=English (United States)
2017-06-20 21:44:17,124 INFO o.a.j.JMeter: JMeterHome=/Users/daper01/.bzt/jmeter-taurus/3.2
2017-06-20 21:44:17,124 INFO o.a.j.JMeter: user.dir  =/Users/daper01/Documents/OSLo
2017-06-20 21:44:17,124 INFO o.a.j.JMeter: PWD       =/Users/daper01/Documents/OSLo
2017-06-20 21:44:17,125 INFO o.a.j.JMeter: IP: 192.168.1.77 Name: daper01mac1124 FullName: daper01mac1124
2017-06-20 21:44:17,125 INFO o.a.j.JMeter: user.classpath=/Users/daper01/Documents/OSLo/2017-06-20_21-44-13.585120
2017-06-20 21:44:17,125 INFO o.a.j.JMeter: Adding to classpath and loader: /Users/daper01/Documents/OSLo/2017-06-20_21-44-13.585120
2017-06-20 21:44:17,128 INFO o.a.j.s.FileServer: Default base='/Users/daper01/Documents/OSLo'
2017-06-20 21:44:17,128 INFO o.a.j.s.FileServer: Set new base='/Users/daper01/Documents/OSLo/2017-06-20_21-44-13.585120'
2017-06-20 21:44:17,236 INFO o.a.j.s.SaveService: Testplan (JMX) version: 2.2. Testlog (JTL) version: 2.2
2017-06-20 21:44:17,250 INFO o.a.j.s.SaveService: Using SaveService properties file encoding UTF-8
2017-06-20 21:44:17,255 INFO o.a.j.s.SaveService: Using SaveService properties version 3.2
2017-06-20 21:44:17,262 INFO o.a.j.s.SaveService: Loading file: /Users/daper01/Documents/OSLo/2017-06-20_21-44-13.585120/modified_requests.jmx
2017-06-20 21:44:17,303 INFO o.a.j.p.h.c.CacheManager: Will only cache the following methods: [GET]
2017-06-20 21:44:17,305 INFO o.a.j.p.h.c.CookieManager: Settings: Delete null: true Check: true Allow variable: true Save: false Prefix: COOKIE_
2017-06-20 21:44:17,326 INFO o.a.j.p.h.s.HTTPSamplerBase: Parser for text/html is org.apache.jmeter.protocol.http.parser.LagartoBasedHtmlParser
2017-06-20 21:44:17,326 INFO o.a.j.p.h.s.HTTPSamplerBase: Parser for application/xhtml+xml is org.apache.jmeter.protocol.http.parser.LagartoBasedHtmlParser
2017-06-20 21:44:17,326 INFO o.a.j.p.h.s.HTTPSamplerBase: Parser for application/xml is org.apache.jmeter.protocol.http.parser.LagartoBasedHtmlParser
2017-06-20 21:44:17,326 INFO o.a.j.p.h.s.HTTPSamplerBase: Parser for text/xml is org.apache.jmeter.protocol.http.parser.LagartoBasedHtmlParser
2017-06-20 21:44:17,326 INFO o.a.j.p.h.s.HTTPSamplerBase: Parser for text/vnd.wap.wml is org.apache.jmeter.protocol.http.parser.RegexpHTMLParser
2017-06-20 21:44:17,327 INFO o.a.j.p.h.s.HTTPSamplerBase: Parser for text/css is org.apache.jmeter.protocol.http.parser.CssParser
2017-06-20 21:44:17,364 INFO o.a.j.e.StandardJMeterEngine: Running the test!
2017-06-20 21:44:17,366 INFO o.a.j.s.SampleEvent: List of sample_variables: []
2017-06-20 21:44:17,366 INFO o.a.j.s.SampleEvent: List of sample_variables: []
2017-06-20 21:44:17,370 INFO o.a.j.e.u.CompoundVariable: Note: Function class names must contain the string: '.functions.'
2017-06-20 21:44:17,370 INFO o.a.j.e.u.CompoundVariable: Note: Function class names must not contain the string: '.gui.'
2017-06-20 21:44:17,711 INFO o.a.j.JMeter: Running test (1498020257711)
2017-06-20 21:44:17,763 INFO o.a.j.e.StandardJMeterEngine: Starting ThreadGroup: 1 : blazedemo
2017-06-20 21:44:17,763 INFO o.a.j.e.StandardJMeterEngine: Starting 50 threads for group blazedemo.
2017-06-20 21:44:17,763 INFO o.a.j.e.StandardJMeterEngine: Thread will continue on error
2017-06-20 21:44:17,764 INFO o.a.j.t.ThreadGroup: Starting thread group... number=1 threads=50 ramp-up=30 perThread=600.0 delayedStart=false
2017-06-20 21:44:17,835 INFO o.a.j.t.ThreadGroup: Started thread group number 1
2017-06-20 21:44:17,835 INFO o.a.j.e.StandardJMeterEngine: All thread groups have been started
2017-06-20 21:44:18,110 INFO o.a.j.t.JMeterThread: Thread started: blazedemo 1-1
2017-06-20 21:44:18,114 INFO o.a.j.s.FileServer: Stored: /Users/daper01/Documents/OSLo/param.csv
2017-06-20 21:44:18,142 INFO o.a.j.p.h.s.HTTPHCAbstractImpl: Local host = daper01mac1124
2017-06-20 21:44:18,145 INFO o.a.j.p.h.s.HTTPHC4Impl: HTTP request retry count = 0
2017-06-20 21:44:18,153 INFO o.a.j.s.SampleResult: Note: Sample TimeStamps are START times
2017-06-20 21:44:18,153 INFO o.a.j.s.SampleResult: sampleresult.default.encoding is set to UTF-8
2017-06-20 21:44:18,153 INFO o.a.j.s.SampleResult: sampleresult.useNanoTime=true
2017-06-20 21:44:18,153 INFO o.a.j.s.SampleResult: sampleresult.nanoThreadSleep=5000
2017-06-20 21:44:18,715 INFO o.a.j.t.JMeterThread: Thread started: blazedemo 1-2
2017-06-20 21:44:19,310 INFO o.a.j.t.JMeterThread: Thread started: blazedemo 1-3
2017-06-20 21:44:19,909 INFO o.a.j.t.JMeterThread: Thread started: blazedemo 1-4
2017-06-20 21:44:20,510 INFO o.a.j.t.JMeterThread: Thread started: blazedemo 1-5
2017-06-20 21:44:21,112 INFO o.a.j.t.JMeterThread: Thread started: blazedemo 1-6
2017-06-20 21:44:21,674 INFO o.a.j.t.JMeterThread: Thread started: blazedemo 1-7
2017-06-20 21:44:22,311 INFO o.a.j.t.JMeterThread: Thread started: blazedemo 1-8
2017-06-20 21:44:22,913 INFO o.a.j.t.JMeterThread: Thread started: blazedemo 1-9
2017-06-20 21:44:23,514 INFO o.a.j.t.JMeterThread: Thread started: blazedemo 1-10
2017-06-20 21:44:24,108 INFO o.a.j.t.JMeterThread: Thread started: blazedemo 1-11
2017-06-20 21:44:24,708 INFO o.a.j.t.JMeterThread: Thread started: blazedemo 1-12
2017-06-20 21:44:25,309 INFO o.a.j.t.JMeterThread: Thread started: blazedemo 1-13
2017-06-20 21:44:25,910 INFO o.a.j.t.JMeterThread: Thread started: blazedemo 1-14
2017-06-20 21:44:26,473 INFO o.a.j.t.JMeterThread: Thread started: blazedemo 1-15
2017-06-20 21:44:27,076 INFO o.a.j.t.JMeterThread: Thread started: blazedemo 1-16
2017-06-20 21:44:27,711 INFO o.a.j.t.JMeterThread: Thread started: blazedemo 1-17
2017-06-20 21:44:28,274 INFO o.a.j.t.JMeterThread: Thread started: blazedemo 1-18
2017-06-20 21:44:28,908 INFO o.a.j.t.JMeterThread: Thread started: blazedemo 1-19
2017-06-20 21:44:29,507 INFO o.a.j.t.JMeterThread: Thread started: blazedemo 1-20
2017-06-20 21:44:30,107 INFO o.a.j.t.JMeterThread: Thread started: blazedemo 1-21
2017-06-20 21:44:30,714 INFO o.a.j.t.JMeterThread: Thread started: blazedemo 1-22
2017-06-20 21:44:31,315 INFO o.a.j.t.JMeterThread: Thread started: blazedemo 1-23
2017-06-20 21:44:31,909 INFO o.a.j.t.JMeterThread: Thread started: blazedemo 1-24
2017-06-20 21:44:32,511 INFO o.a.j.t.JMeterThread: Thread started: blazedemo 1-25
2017-06-20 21:44:33,112 INFO o.a.j.t.JMeterThread: Thread started: blazedemo 1-26
2017-06-20 21:44:33,708 INFO o.a.j.t.JMeterThread: Thread started: blazedemo 1-27
2017-06-20 21:44:34,313 INFO o.a.j.t.JMeterThread: Thread started: blazedemo 1-28
2017-06-20 21:44:34,909 INFO o.a.j.t.JMeterThread: Thread started: blazedemo 1-29
2017-06-20 21:44:35,507 INFO o.a.j.t.JMeterThread: Thread started: blazedemo 1-30
2017-06-20 21:44:36,109 INFO o.a.j.t.JMeterThread: Thread started: blazedemo 1-31
2017-06-20 21:44:36,709 INFO o.a.j.t.JMeterThread: Thread started: blazedemo 1-32
2017-06-20 21:44:37,310 INFO o.a.j.t.JMeterThread: Thread started: blazedemo 1-33
2017-06-20 21:44:37,907 INFO o.a.j.t.JMeterThread: Thread started: blazedemo 1-34
2017-06-20 21:44:38,508 INFO o.a.j.t.JMeterThread: Thread started: blazedemo 1-35
2017-06-20 21:44:39,108 INFO o.a.j.t.JMeterThread: Thread started: blazedemo 1-36
2017-06-20 21:44:39,710 INFO o.a.j.t.JMeterThread: Thread started: blazedemo 1-37
2017-06-20 21:44:40,310 INFO o.a.j.t.JMeterThread: Thread started: blazedemo 1-38
2017-06-20 21:44:40,871 INFO o.a.j.t.JMeterThread: Thread started: blazedemo 1-39
2017-06-20 21:44:41,472 INFO o.a.j.t.JMeterThread: Thread started: blazedemo 1-40
2017-06-20 21:44:42,076 INFO o.a.j.t.JMeterThread: Thread started: blazedemo 1-41
2017-06-20 21:44:42,678 INFO o.a.j.t.JMeterThread: Thread started: blazedemo 1-42
2017-06-20 21:44:43,275 INFO o.a.j.t.JMeterThread: Thread started: blazedemo 1-43
2017-06-20 21:44:43,872 INFO o.a.j.t.JMeterThread: Thread started: blazedemo 1-44
2017-06-20 21:44:44,474 INFO o.a.j.t.JMeterThread: Thread started: blazedemo 1-45
2017-06-20 21:44:45,111 INFO o.a.j.t.JMeterThread: Thread started: blazedemo 1-46
2017-06-20 21:44:45,676 INFO o.a.j.t.JMeterThread: Thread started: blazedemo 1-47
2017-06-20 21:44:46,277 INFO o.a.j.t.JMeterThread: Thread started: blazedemo 1-48
2017-06-20 21:44:46,878 INFO o.a.j.t.JMeterThread: Thread started: blazedemo 1-49
2017-06-20 21:44:47,473 INFO o.a.j.t.JMeterThread: Thread started: blazedemo 1-50
2017-06-20 21:46:47,768 INFO o.a.j.t.JMeterThread: Stopping because end time detected by thread: blazedemo 1-23
2017-06-20 21:46:47,770 INFO o.a.j.t.JMeterThread: Thread finished: blazedemo 1-23
2017-06-20 21:46:47,771 INFO o.a.j.t.JMeterThread: Stopping because end time detected by thread: blazedemo 1-22
2017-06-20 21:46:47,771 INFO o.a.j.t.JMeterThread: Stopping because end time detected by thread: blazedemo 1-7
2017-06-20 21:46:47,771 INFO o.a.j.t.JMeterThread: Thread finished: blazedemo 1-22
2017-06-20 21:46:47,771 INFO o.a.j.t.JMeterThread: Thread finished: blazedemo 1-7
2017-06-20 21:46:47,778 INFO o.a.j.t.JMeterThread: Stopping because end time detected by thread: blazedemo 1-8
2017-06-20 21:46:47,778 INFO o.a.j.t.JMeterThread: Stopping because end time detected by thread: blazedemo 1-44
2017-06-20 21:46:47,779 INFO o.a.j.t.JMeterThread: Thread finished: blazedemo 1-8
2017-06-20 21:46:47,779 INFO o.a.j.t.JMeterThread: Thread finished: blazedemo 1-44
2017-06-20 21:46:47,780 INFO o.a.j.t.JMeterThread: Stopping because end time detected by thread: blazedemo 1-19
2017-06-20 21:46:47,780 INFO o.a.j.t.JMeterThread: Stopping because end time detected by thread: blazedemo 1-10
2017-06-20 21:46:47,780 INFO o.a.j.t.JMeterThread: Thread finished: blazedemo 1-19
2017-06-20 21:46:47,780 INFO o.a.j.t.JMeterThread: Thread finished: blazedemo 1-10
2017-06-20 21:46:47,784 INFO o.a.j.t.JMeterThread: Stopping because end time detected by thread: blazedemo 1-20
2017-06-20 21:46:47,784 INFO o.a.j.t.JMeterThread: Thread finished: blazedemo 1-20
2017-06-20 21:46:47,790 INFO o.a.j.t.JMeterThread: Stopping because end time detected by thread: blazedemo 1-38
2017-06-20 21:46:47,790 INFO o.a.j.t.JMeterThread: Thread finished: blazedemo 1-38
2017-06-20 21:46:47,817 INFO o.a.j.t.JMeterThread: Stopping because end time detected by thread: blazedemo 1-6
2017-06-20 21:46:47,817 INFO o.a.j.t.JMeterThread: Thread finished: blazedemo 1-6
2017-06-20 21:46:47,825 INFO o.a.j.t.JMeterThread: Stopping because end time detected by thread: blazedemo 1-29
2017-06-20 21:46:47,825 INFO o.a.j.t.JMeterThread: Stopping because end time detected by thread: blazedemo 1-46
2017-06-20 21:46:47,826 INFO o.a.j.t.JMeterThread: Thread finished: blazedemo 1-29
2017-06-20 21:46:47,826 INFO o.a.j.t.JMeterThread: Thread finished: blazedemo 1-46
2017-06-20 21:46:47,828 INFO o.a.j.t.JMeterThread: Stopping because end time detected by thread: blazedemo 1-14
2017-06-20 21:46:47,828 INFO o.a.j.t.JMeterThread: Stopping because end time detected by thread: blazedemo 1-27
2017-06-20 21:46:47,828 INFO o.a.j.t.JMeterThread: Thread finished: blazedemo 1-14
2017-06-20 21:46:47,828 INFO o.a.j.t.JMeterThread: Thread finished: blazedemo 1-27
2017-06-20 21:46:47,833 INFO o.a.j.t.JMeterThread: Stopping because end time detected by thread: blazedemo 1-45
2017-06-20 21:46:47,833 INFO o.a.j.t.JMeterThread: Stopping because end time detected by thread: blazedemo 1-12
2017-06-20 21:46:47,833 INFO o.a.j.t.JMeterThread: Thread finished: blazedemo 1-12
2017-06-20 21:46:47,833 INFO o.a.j.t.JMeterThread: Thread finished: blazedemo 1-45
2017-06-20 21:46:47,834 INFO o.a.j.t.JMeterThread: Stopping because end time detected by thread: blazedemo 1-43
2017-06-20 21:46:47,835 INFO o.a.j.t.JMeterThread: Thread finished: blazedemo 1-43
2017-06-20 21:46:47,836 INFO o.a.j.t.JMeterThread: Stopping because end time detected by thread: blazedemo 1-13
2017-06-20 21:46:47,836 INFO o.a.j.t.JMeterThread: Thread finished: blazedemo 1-13
2017-06-20 21:46:47,837 INFO o.a.j.t.JMeterThread: Stopping because end time detected by thread: blazedemo 1-1
2017-06-20 21:46:47,838 INFO o.a.j.t.JMeterThread: Thread finished: blazedemo 1-1
2017-06-20 21:46:47,839 INFO o.a.j.t.JMeterThread: Stopping because end time detected by thread: blazedemo 1-42
2017-06-20 21:46:47,839 INFO o.a.j.t.JMeterThread: Stopping because end time detected by thread: blazedemo 1-47
2017-06-20 21:46:47,839 INFO o.a.j.t.JMeterThread: Stopping because end time detected by thread: blazedemo 1-34
2017-06-20 21:46:47,840 INFO o.a.j.t.JMeterThread: Thread finished: blazedemo 1-42
2017-06-20 21:46:47,840 INFO o.a.j.t.JMeterThread: Thread finished: blazedemo 1-34
2017-06-20 21:46:47,840 INFO o.a.j.t.JMeterThread: Thread finished: blazedemo 1-47
2017-06-20 21:46:47,843 INFO o.a.j.t.JMeterThread: Stopping because end time detected by thread: blazedemo 1-39
2017-06-20 21:46:47,843 INFO o.a.j.t.JMeterThread: Thread finished: blazedemo 1-39
2017-06-20 21:46:47,845 INFO o.a.j.t.JMeterThread: Stopping because end time detected by thread: blazedemo 1-21
2017-06-20 21:46:47,845 INFO o.a.j.t.JMeterThread: Thread finished: blazedemo 1-21
2017-06-20 21:46:47,847 INFO o.a.j.t.JMeterThread: Stopping because end time detected by thread: blazedemo 1-48
2017-06-20 21:46:47,848 INFO o.a.j.t.JMeterThread: Thread finished: blazedemo 1-48
2017-06-20 21:46:47,850 INFO o.a.j.t.JMeterThread: Stopping because end time detected by thread: blazedemo 1-28
2017-06-20 21:46:47,850 INFO o.a.j.t.JMeterThread: Thread finished: blazedemo 1-28
2017-06-20 21:46:47,853 INFO o.a.j.t.JMeterThread: Stopping because end time detected by thread: blazedemo 1-32
2017-06-20 21:46:47,853 INFO o.a.j.t.JMeterThread: Thread finished: blazedemo 1-32
2017-06-20 21:46:47,861 INFO o.a.j.t.JMeterThread: Stopping because end time detected by thread: blazedemo 1-3
2017-06-20 21:46:47,862 INFO o.a.j.t.JMeterThread: Thread finished: blazedemo 1-3
2017-06-20 21:46:47,865 INFO o.a.j.t.JMeterThread: Stopping because end time detected by thread: blazedemo 1-50
2017-06-20 21:46:47,865 INFO o.a.j.t.JMeterThread: Thread finished: blazedemo 1-50
2017-06-20 21:46:47,872 INFO o.a.j.t.JMeterThread: Stopping because end time detected by thread: blazedemo 1-37
2017-06-20 21:46:47,872 INFO o.a.j.t.JMeterThread: Thread finished: blazedemo 1-37
2017-06-20 21:46:47,883 INFO o.a.j.t.JMeterThread: Stopping because end time detected by thread: blazedemo 1-15
2017-06-20 21:46:47,883 INFO o.a.j.t.JMeterThread: Thread finished: blazedemo 1-15
2017-06-20 21:46:47,888 INFO o.a.j.t.JMeterThread: Stopping because end time detected by thread: blazedemo 1-2
2017-06-20 21:46:47,888 INFO o.a.j.t.JMeterThread: Thread finished: blazedemo 1-2
2017-06-20 21:46:47,908 INFO o.a.j.t.JMeterThread: Stopping because end time detected by thread: blazedemo 1-30
2017-06-20 21:46:47,908 INFO o.a.j.t.JMeterThread: Thread finished: blazedemo 1-30
2017-06-20 21:46:47,915 INFO o.a.j.t.JMeterThread: Stopping because end time detected by thread: blazedemo 1-33
2017-06-20 21:46:47,915 INFO o.a.j.t.JMeterThread: Thread finished: blazedemo 1-33
2017-06-20 21:46:47,960 INFO o.a.j.t.JMeterThread: Stopping because end time detected by thread: blazedemo 1-35
2017-06-20 21:46:47,960 INFO o.a.j.t.JMeterThread: Stopping because end time detected by thread: blazedemo 1-24
2017-06-20 21:46:47,960 INFO o.a.j.t.JMeterThread: Thread finished: blazedemo 1-35
2017-06-20 21:46:47,960 INFO o.a.j.t.JMeterThread: Thread finished: blazedemo 1-24
2017-06-20 21:46:48,006 INFO o.a.j.t.JMeterThread: Stopping because end time detected by thread: blazedemo 1-4
2017-06-20 21:46:48,006 INFO o.a.j.t.JMeterThread: Thread finished: blazedemo 1-4
2017-06-20 21:46:48,021 INFO o.a.j.t.JMeterThread: Stopping because end time detected by thread: blazedemo 1-40
2017-06-20 21:46:48,022 INFO o.a.j.t.JMeterThread: Thread finished: blazedemo 1-40
2017-06-20 21:46:48,025 INFO o.a.j.t.JMeterThread: Stopping because end time detected by thread: blazedemo 1-36
2017-06-20 21:46:48,025 INFO o.a.j.t.JMeterThread: Stopping because end time detected by thread: blazedemo 1-16
2017-06-20 21:46:48,025 INFO o.a.j.t.JMeterThread: Thread finished: blazedemo 1-36
2017-06-20 21:46:48,025 INFO o.a.j.t.JMeterThread: Thread finished: blazedemo 1-16
2017-06-20 21:46:48,031 INFO o.a.j.t.JMeterThread: Stopping because end time detected by thread: blazedemo 1-17
2017-06-20 21:46:48,031 INFO o.a.j.t.JMeterThread: Thread finished: blazedemo 1-17
2017-06-20 21:46:48,041 INFO o.a.j.t.JMeterThread: Stopping because end time detected by thread: blazedemo 1-25
2017-06-20 21:46:48,041 INFO o.a.j.t.JMeterThread: Thread finished: blazedemo 1-25
2017-06-20 21:46:48,051 INFO o.a.j.t.JMeterThread: Stopping because end time detected by thread: blazedemo 1-9
2017-06-20 21:46:48,051 INFO o.a.j.t.JMeterThread: Thread finished: blazedemo 1-9
2017-06-20 21:46:48,073 INFO o.a.j.t.JMeterThread: Stopping because end time detected by thread: blazedemo 1-18
2017-06-20 21:46:48,073 INFO o.a.j.t.JMeterThread: Thread finished: blazedemo 1-18
2017-06-20 21:46:48,075 INFO o.a.j.t.JMeterThread: Stopping because end time detected by thread: blazedemo 1-49
2017-06-20 21:46:48,076 INFO o.a.j.t.JMeterThread: Thread finished: blazedemo 1-49
2017-06-20 21:46:48,128 INFO o.a.j.t.JMeterThread: Stopping because end time detected by thread: blazedemo 1-31
2017-06-20 21:46:48,129 INFO o.a.j.t.JMeterThread: Thread finished: blazedemo 1-31
2017-06-20 21:46:48,138 INFO o.a.j.t.JMeterThread: Stopping because end time detected by thread: blazedemo 1-26
2017-06-20 21:46:48,138 INFO o.a.j.t.JMeterThread: Thread finished: blazedemo 1-26
2017-06-20 21:46:48,170 INFO o.a.j.t.JMeterThread: Stopping because end time detected by thread: blazedemo 1-41
2017-06-20 21:46:48,170 INFO o.a.j.t.JMeterThread: Thread finished: blazedemo 1-41
2017-06-20 21:46:48,505 INFO o.a.j.t.JMeterThread: Stopping because end time detected by thread: blazedemo 1-11
2017-06-20 21:46:48,505 INFO o.a.j.t.JMeterThread: Stopping because end time detected by thread: blazedemo 1-5
2017-06-20 21:46:48,506 INFO o.a.j.t.JMeterThread: Thread finished: blazedemo 1-11
2017-06-20 21:46:48,506 INFO o.a.j.t.JMeterThread: Thread finished: blazedemo 1-5
2017-06-20 21:46:48,506 INFO o.a.j.e.StandardJMeterEngine: Notifying test listeners of end of test
2017-06-20 21:46:48,507 INFO o.a.j.s.FileServer: Close: /Users/daper01/Documents/OSLo/param.csv
2017-06-20 21:46:48,508 INFO o.a.j.e.StandardJMeterEngine: Forced JVM shutdown requested at end of test
