[2017-06-08 11:13:04,794 INFO root] Taurus CLI Tool v1.9.1
[2017-06-08 11:13:04,794 DEBUG root] Command-line options: {'verbose': None, 'no_system_configs': None, 'quiet': None, 'log': '/var/folders/vq/xzrdy2lx047cst78f69v8z3xfzqz1q/T/bzt_Rb7vo6.log', 'option': None, 'aliases': []}
[2017-06-08 11:13:04,794 DEBUG root] Python: CPython 2.7.13
[2017-06-08 11:13:04,794 DEBUG root] OS: ('Darwin', 'daper01mac1124', '16.4.0', 'Darwin Kernel Version 16.4.0: Thu Dec 22 22:53:21 PST 2016; root:xnu-3789.41.3~3/RELEASE_X86_64', 'x86_64', 'i386')
[2017-06-08 11:13:04,794 INFO root] Starting with configs: ['python_Selenium.yml']
[2017-06-08 11:13:04,795 DEBUG root] Adding personal config: /Users/daper01/.bzt-rc
[2017-06-08 11:13:04,795 INFO Engine] Configuring...
[2017-06-08 11:13:04,795 DEBUG Engine] Reading extension configs from: /usr/local/etc/bzt.d
[2017-06-08 11:13:04,796 DEBUG Engine.Configuration] Configs: ['/usr/local/lib/python2.7/site-packages/bzt/resources/base-config.yml', '/usr/local/etc/bzt.d/99-installID.yml']
[2017-06-08 11:13:04,796 DEBUG Engine.Configuration] Reading /usr/local/lib/python2.7/site-packages/bzt/resources/base-config.yml
[2017-06-08 11:13:04,797 DEBUG Engine.Configuration] Reading /usr/local/lib/python2.7/site-packages/bzt/resources/base-config.yml as YAML
[2017-06-08 11:13:04,822 DEBUG Engine.Configuration] Reading /usr/local/etc/bzt.d/99-installID.yml
[2017-06-08 11:13:04,822 DEBUG Engine.Configuration] Reading /usr/local/etc/bzt.d/99-installID.yml as YAML
[2017-06-08 11:13:04,823 DEBUG Engine.Configuration] Configs: ['/Users/daper01/.bzt-rc', 'python_Selenium.yml']
[2017-06-08 11:13:04,823 DEBUG Engine.Configuration] Reading /Users/daper01/.bzt-rc
[2017-06-08 11:13:04,823 DEBUG Engine.Configuration] Reading /Users/daper01/.bzt-rc as YAML
[2017-06-08 11:13:04,824 DEBUG Engine.Configuration] Reading python_Selenium.yml
[2017-06-08 11:13:04,825 DEBUG Engine.Configuration] Reading python_Selenium.yml as YAML
[2017-06-08 11:13:04,826 DEBUG root] Configs: ['/Users/daper01/.bzt-rc', 'python_Selenium.yml']
[2017-06-08 11:13:04,826 DEBUG root] Reading /Users/daper01/.bzt-rc
[2017-06-08 11:13:04,826 DEBUG root] Reading /Users/daper01/.bzt-rc as YAML
[2017-06-08 11:13:04,827 DEBUG root] Reading python_Selenium.yml
[2017-06-08 11:13:04,827 DEBUG root] Reading python_Selenium.yml as YAML
[2017-06-08 11:13:04,846 DEBUG Engine] Requesting updates info: http://gettaurus.org/updates/?version=1.9.1&installID=784f43782a15
[2017-06-08 11:13:04,852 INFO Engine] Artifacts dir: /Users/daper01/Documents/OSLo/Selenium/2017-06-08_11-13-04.852417
[2017-06-08 11:13:04,853 DEBUG Engine] New artifact filename: /Users/daper01/Documents/OSLo/Selenium/2017-06-08_11-13-04.852417/effective
[2017-06-08 11:13:04,856 DEBUG Engine.Configuration] Dumping YAML config into /Users/daper01/Documents/OSLo/Selenium/2017-06-08_11-13-04.852417/effective.yml
[2017-06-08 11:13:04,875 DEBUG Engine.Configuration] Dumping JSON config into /Users/daper01/Documents/OSLo/Selenium/2017-06-08_11-13-04.852417/effective.json
[2017-06-08 11:13:04,876 DEBUG Engine] New artifact filename: /Users/daper01/Documents/OSLo/Selenium/2017-06-08_11-13-04.852417/merged.yml
[2017-06-08 11:13:04,876 DEBUG root] Dumping YAML config into /Users/daper01/Documents/OSLo/Selenium/2017-06-08_11-13-04.852417/merged.yml
[2017-06-08 11:13:04,878 DEBUG Engine] New artifact filename: /Users/daper01/Documents/OSLo/Selenium/2017-06-08_11-13-04.852417/merged.json
[2017-06-08 11:13:04,878 DEBUG root] Dumping JSON config into /Users/daper01/Documents/OSLo/Selenium/2017-06-08_11-13-04.852417/merged.json
[2017-06-08 11:13:04,878 DEBUG Engine] Add existing artifact (move=False): python_Selenium.yml
[2017-06-08 11:13:04,879 DEBUG Engine] Copying python_Selenium.yml to /Users/daper01/Documents/OSLo/Selenium/2017-06-08_11-13-04.852417/python_Selenium.yml
[2017-06-08 11:13:04,879 DEBUG root] Closing log handler: /var/folders/vq/xzrdy2lx047cst78f69v8z3xfzqz1q/T/bzt_Rb7vo6.log
[2017-06-08 11:13:04,879 DEBUG root] Switched writing logs to /Users/daper01/Documents/OSLo/Selenium/2017-06-08_11-13-04.852417/bzt.log
[2017-06-08 11:13:04,880 INFO Engine] Preparing...
[2017-06-08 11:13:04,880 DEBUG Engine] Module config: consolidator defaultdict(None, {'class': 'bzt.modules.aggregator.ConsolidatingAggregator'})
[2017-06-08 11:13:04,880 DEBUG root] Importing module: bzt.modules.aggregator
[2017-06-08 11:13:04,884 DEBUG root] Loading class: 'ConsolidatingAggregator' from <module 'bzt.modules.aggregator' from '/usr/local/lib/python2.7/site-packages/bzt/modules/aggregator.pyc'>
[2017-06-08 11:13:04,884 DEBUG Engine.consolidator] Exception in dehumanize_time(inf)
[2017-06-08 11:13:04,884 DEBUG Engine.consolidator] Buffer scaling setup: percentile 95.0 from [0.0, 50.0, 90.0, 95.0, 99.0, 99.9, 100.0] selected
[2017-06-08 11:13:04,884 DEBUG Engine] Module config: monitoring defaultdict(None, {'class': 'bzt.modules.monitoring.Monitoring'})
[2017-06-08 11:13:04,884 DEBUG root] Importing module: bzt.modules.monitoring
[2017-06-08 11:13:04,958 DEBUG root] Loading class: 'Monitoring' from <module 'bzt.modules.monitoring' from '/usr/local/lib/python2.7/site-packages/bzt/modules/monitoring.pyc'>
[2017-06-08 11:13:04,958 DEBUG Engine] Module config: capturehar defaultdict(None, {'class': 'bzt.modules.blazemeter.ServiceStubCaptureHAR'})
[2017-06-08 11:13:04,958 DEBUG root] Importing module: bzt.modules.blazemeter
[2017-06-08 11:13:05,041 DEBUG root] Loading class: 'ServiceStubCaptureHAR' from <module 'bzt.modules.blazemeter' from '/usr/local/lib/python2.7/site-packages/bzt/modules/blazemeter.pyc'>
[2017-06-08 11:13:05,042 DEBUG Engine] Module config: local defaultdict(None, {'class': 'bzt.modules.provisioning.Local'})
[2017-06-08 11:13:05,042 DEBUG root] Importing module: bzt.modules.provisioning
[2017-06-08 11:13:05,042 DEBUG root] Loading class: 'Local' from <module 'bzt.modules.provisioning' from '/usr/local/lib/python2.7/site-packages/bzt/modules/provisioning.pyc'>
[2017-06-08 11:13:05,042 DEBUG Engine] Module config: selenium defaultdict(None, {'class': 'bzt.modules.selenium.SeleniumExecutor'})
[2017-06-08 11:13:05,042 DEBUG root] Importing module: bzt.modules.selenium
[2017-06-08 11:13:05,057 DEBUG easyprocess] version=0.2.3
[2017-06-08 11:13:05,063 DEBUG pyvirtualdisplay] version=0.2.1
[2017-06-08 11:13:05,064 DEBUG root] Loading class: 'SeleniumExecutor' from <module 'bzt.modules.selenium' from '/usr/local/lib/python2.7/site-packages/bzt/modules/selenium.pyc'>
[2017-06-08 11:13:05,064 DEBUG Engine.local] Preparing executor: selenium/4380241552
[2017-06-08 11:13:05,065 DEBUG Engine.selenium] Extract defaultdict(None, {'script': './blazeDemo_Selenium_with_unit_chrome.py'}) into scenarios
[2017-06-08 11:13:05,065 DEBUG Engine] New artifact filename: /Users/daper01/Documents/OSLo/Selenium/2017-06-08_11-13-04.852417/selenium_tests_report.ldjson
[2017-06-08 11:13:05,065 DEBUG Engine.selenium] Using script type: nose
[2017-06-08 11:13:05,065 DEBUG Engine] Module config: nose defaultdict(None, {'class': 'bzt.modules.python.NoseTester'})
[2017-06-08 11:13:05,066 DEBUG root] Importing module: bzt.modules.python
[2017-06-08 11:13:05,066 DEBUG root] Loading class: 'NoseTester' from <module 'bzt.modules.python' from '/usr/local/lib/python2.7/site-packages/bzt/modules/python.pyc'>
[2017-06-08 11:13:05,066 DEBUG Engine.nose.TclLibrary] We don't need to check tcl library on this platform
[2017-06-08 11:13:05,066 DEBUG Engine] Module config: final-stats defaultdict(None, {'class': 'bzt.modules.reporting.FinalStatus'})
[2017-06-08 11:13:05,066 DEBUG root] Importing module: bzt.modules.reporting
[2017-06-08 11:13:05,067 DEBUG root] Loading class: 'FinalStatus' from <module 'bzt.modules.reporting' from '/usr/local/lib/python2.7/site-packages/bzt/modules/reporting.pyc'>
[2017-06-08 11:13:05,067 DEBUG Engine] Module config: console defaultdict(None, {'class': 'bzt.modules.console.ConsoleStatusReporter'})
[2017-06-08 11:13:05,067 DEBUG root] Importing module: bzt.modules.console
[2017-06-08 11:13:05,068 DEBUG root] Loading class: 'ConsoleStatusReporter' from <module 'bzt.modules.console' from '/usr/local/lib/python2.7/site-packages/bzt/modules/console.pyc'>
[2017-06-08 11:13:05,074 DEBUG Engine.Configuration] Dumping YAML config into /Users/daper01/Documents/OSLo/Selenium/2017-06-08_11-13-04.852417/effective.yml
[2017-06-08 11:13:05,095 DEBUG Engine.Configuration] Dumping JSON config into /Users/daper01/Documents/OSLo/Selenium/2017-06-08_11-13-04.852417/effective.json
[2017-06-08 11:13:05,096 INFO Engine] Starting...
[2017-06-08 11:13:05,096 DEBUG Engine] Startup <bzt.modules.monitoring.Monitoring object at 0x10456edd0>
[2017-06-08 11:13:05,096 DEBUG Engine] Startup <bzt.modules.blazemeter.ServiceStubCaptureHAR object at 0x104593490>
[2017-06-08 11:13:05,096 WARNING Engine.capturehar] Stub for service 'capturehar', use cloud provisioning to have it working
[2017-06-08 11:13:05,097 DEBUG Engine] Startup <bzt.modules.aggregator.ConsolidatingAggregator object at 0x10456e790>
[2017-06-08 11:13:05,097 DEBUG Engine] Startup <bzt.modules.reporting.FinalStatus object at 0x105370c50>
[2017-06-08 11:13:05,097 DEBUG Engine] Startup <bzt.modules.console.ConsoleStatusReporter object at 0x105370e90>
[2017-06-08 11:13:05,097 INFO Engine.console] Waiting for results...
[2017-06-08 11:13:05,097 DEBUG Engine] Startup <bzt.modules.provisioning.Local object at 0x10456e950>
[2017-06-08 11:13:05,097 DEBUG Engine.local] Delay setup for nose/blazeDemo_Selenium_with_unit_chrome.py: 0(start-at) + 0(delay) = 0
[2017-06-08 11:13:05,099 DEBUG Engine.Configuration] Dumping YAML config into /Users/daper01/Documents/OSLo/Selenium/2017-06-08_11-13-04.852417/effective.yml
[2017-06-08 11:13:05,120 DEBUG Engine.Configuration] Dumping JSON config into /Users/daper01/Documents/OSLo/Selenium/2017-06-08_11-13-04.852417/effective.json
[2017-06-08 11:13:05,121 DEBUG root] Leveling down log file verbosity, use -v option to have DEBUG messages enabled
[2017-06-08 11:13:05,335 INFO Engine.console] Waiting for finish...
[2017-06-08 11:13:05,695 WARNING Engine] There is newer version of Taurus 1.9.3 available, consider upgrading. What's new: http://gettaurus.org/docs/Changelog/
[2017-06-08 11:13:21,164 INFO LoadSamplesReader] Changed data analysis delay to 14s
[2017-06-08 11:13:36,204 INFO LoadSamplesReader] Changed data analysis delay to 15s
[2017-06-08 11:13:44,306 WARNING Engine] Please wait for graceful shutdown...
[2017-06-08 11:13:44,314 DEBUG root] Leveled up log file verbosity
[2017-06-08 11:13:44,314 INFO Engine] Shutting down...
[2017-06-08 11:13:44,322 DEBUG Engine.local] Shutdown nose/blazeDemo_Selenium_with_unit_chrome.py
[2017-06-08 11:13:44,322 DEBUG Engine.selenium] Selenium tests ran for 39.200715065 seconds
[2017-06-08 11:13:44,322 DEBUG Engine.console] Restoring logging streams, [<logging.StreamHandler object at 0x10456e750>]/{<logging.StreamHandler object at 0x10456e750>: <open file '<stdout>', mode 'w' at 0x10342c150>}
[2017-06-08 11:13:44,324 DEBUG Engine.Configuration] Dumping YAML config into /Users/daper01/Documents/OSLo/Selenium/2017-06-08_11-13-04.852417/effective.yml
[2017-06-08 11:13:44,358 DEBUG Engine.Configuration] Dumping JSON config into /Users/daper01/Documents/OSLo/Selenium/2017-06-08_11-13-04.852417/effective.json
[2017-06-08 11:13:44,358 INFO Engine] Post-processing...
[2017-06-08 11:13:44,359 DEBUG Engine.local] Post-process nose/blazeDemo_Selenium_with_unit_chrome.py
[2017-06-08 11:13:44,359 DEBUG LoadSamplesReader] Buffer len: 2
[2017-06-08 11:13:44,359 DEBUG LoadSamplesReader] Aggregating: 1496945607
[2017-06-08 11:13:44,359 DEBUG LoadSamplesReader] Aggregating: 1496945614
[2017-06-08 11:13:44,360 DEBUG Engine.consolidator] Consolidator buffer[3]: [1496945607, 1496945614, 1496945599]
[2017-06-08 11:13:44,360 DEBUG Engine.consolidator] Merging into 1496945599
[2017-06-08 11:13:44,360 DEBUG Engine.consolidator] Merging 1496945599
[2017-06-08 11:13:44,363 DEBUG Engine.consolidator] Processed datapoint: 1496945599/None
[2017-06-08 11:13:44,363 DEBUG Engine.consolidator] Merging into 1496945607
[2017-06-08 11:13:44,363 DEBUG Engine.consolidator] Merging 1496945607
[2017-06-08 11:13:44,366 DEBUG Engine.consolidator] Processed datapoint: 1496945607/None
[2017-06-08 11:13:44,366 DEBUG Engine.consolidator] Merging into 1496945614
[2017-06-08 11:13:44,366 DEBUG Engine.consolidator] Merging 1496945614
[2017-06-08 11:13:44,368 DEBUG Engine.consolidator] Processed datapoint: 1496945614/None
[2017-06-08 11:13:44,369 INFO Engine.final-stats] Test duration: 0:00:39
[2017-06-08 11:13:44,369 INFO Engine.final-stats] Samples count: 5, 0.00% failures
[2017-06-08 11:13:44,370 INFO Engine.final-stats] Average times: total 7.539, latency 0.000, connect 0.000
[2017-06-08 11:13:44,370 INFO Engine.final-stats] Percentile 0.0%: 6.833
[2017-06-08 11:13:44,370 INFO Engine.final-stats] Percentile 50.0%: 7.352
[2017-06-08 11:13:44,371 INFO Engine.final-stats] Percentile 90.0%: 8.739
[2017-06-08 11:13:44,371 INFO Engine.final-stats] Percentile 95.0%: 8.739
[2017-06-08 11:13:44,371 INFO Engine.final-stats] Percentile 99.0%: 8.739
[2017-06-08 11:13:44,371 INFO Engine.final-stats] Percentile 99.9%: 8.739
[2017-06-08 11:13:44,371 INFO Engine.final-stats] Percentile 100.0%: 8.739
[2017-06-08 11:13:44,372 DEBUG Engine.console] No logger_handler or orig_stream was detected
[2017-06-08 11:13:44,373 DEBUG Engine.Configuration] Dumping YAML config into /Users/daper01/Documents/OSLo/Selenium/2017-06-08_11-13-04.852417/effective.yml
[2017-06-08 11:13:44,419 DEBUG Engine.Configuration] Dumping JSON config into /Users/daper01/Documents/OSLo/Selenium/2017-06-08_11-13-04.852417/effective.json
[2017-06-08 11:13:44,420 INFO root] Artifacts dir: /Users/daper01/Documents/OSLo/Selenium/2017-06-08_11-13-04.852417
[2017-06-08 11:13:44,421 INFO root] Done performing with code: 0
[2017-06-08 11:13:44,421 DEBUG root] Closing log handler: /Users/daper01/Documents/OSLo/Selenium/2017-06-08_11-13-04.852417/bzt.log
