[2017-06-15 10:18:31,377 INFO root] Taurus CLI Tool v1.9.1
[2017-06-15 10:18:31,377 DEBUG root] Command-line options: {'verbose': None, 'no_system_configs': None, 'quiet': None, 'log': '/var/folders/vq/xzrdy2lx047cst78f69v8z3xfzqz1q/T/bzt_qZkDO6.log', 'option': None, 'aliases': []}
[2017-06-15 10:18:31,377 DEBUG root] Python: CPython 2.7.13
[2017-06-15 10:18:31,377 DEBUG root] OS: ('Darwin', 'daper01mac1124', '16.4.0', 'Darwin Kernel Version 16.4.0: Thu Dec 22 22:53:21 PST 2016; root:xnu-3789.41.3~3/RELEASE_X86_64', 'x86_64', 'i386')
[2017-06-15 10:18:31,377 INFO root] Starting with configs: ['py_sel.yml']
[2017-06-15 10:18:31,377 DEBUG root] Adding personal config: /Users/daper01/.bzt-rc
[2017-06-15 10:18:31,377 INFO Engine] Configuring...
[2017-06-15 10:18:31,378 DEBUG Engine] Reading extension configs from: /usr/local/etc/bzt.d
[2017-06-15 10:18:31,378 DEBUG Engine.Configuration] Configs: ['/usr/local/lib/python2.7/site-packages/bzt/resources/base-config.yml', '/usr/local/etc/bzt.d/99-installID.yml']
[2017-06-15 10:18:31,378 DEBUG Engine.Configuration] Reading /usr/local/lib/python2.7/site-packages/bzt/resources/base-config.yml
[2017-06-15 10:18:31,378 DEBUG Engine.Configuration] Reading /usr/local/lib/python2.7/site-packages/bzt/resources/base-config.yml as YAML
[2017-06-15 10:18:31,402 DEBUG Engine.Configuration] Reading /usr/local/etc/bzt.d/99-installID.yml
[2017-06-15 10:18:31,402 DEBUG Engine.Configuration] Reading /usr/local/etc/bzt.d/99-installID.yml as YAML
[2017-06-15 10:18:31,403 DEBUG Engine.Configuration] Configs: ['/Users/daper01/.bzt-rc', 'py_sel.yml']
[2017-06-15 10:18:31,403 DEBUG Engine.Configuration] Reading /Users/daper01/.bzt-rc
[2017-06-15 10:18:31,403 DEBUG Engine.Configuration] Reading /Users/daper01/.bzt-rc as YAML
[2017-06-15 10:18:31,404 DEBUG Engine.Configuration] Reading py_sel.yml
[2017-06-15 10:18:31,404 DEBUG Engine.Configuration] Reading py_sel.yml as YAML
[2017-06-15 10:18:31,405 DEBUG root] Configs: ['/Users/daper01/.bzt-rc', 'py_sel.yml']
[2017-06-15 10:18:31,405 DEBUG root] Reading /Users/daper01/.bzt-rc
[2017-06-15 10:18:31,405 DEBUG root] Reading /Users/daper01/.bzt-rc as YAML
[2017-06-15 10:18:31,406 DEBUG root] Reading py_sel.yml
[2017-06-15 10:18:31,406 DEBUG root] Reading py_sel.yml as YAML
[2017-06-15 10:18:31,415 DEBUG Engine] Requesting updates info: http://gettaurus.org/updates/?version=1.9.1&installID=784f43782a15
[2017-06-15 10:18:31,420 INFO Engine] Artifacts dir: /Users/daper01/Documents/OSLo/Selenium/2017-06-15_10-18-31.419578
[2017-06-15 10:18:31,420 DEBUG Engine] New artifact filename: /Users/daper01/Documents/OSLo/Selenium/2017-06-15_10-18-31.419578/effective
[2017-06-15 10:18:31,422 DEBUG Engine.Configuration] Dumping YAML config into /Users/daper01/Documents/OSLo/Selenium/2017-06-15_10-18-31.419578/effective.yml
[2017-06-15 10:18:31,444 DEBUG Engine.Configuration] Dumping JSON config into /Users/daper01/Documents/OSLo/Selenium/2017-06-15_10-18-31.419578/effective.json
[2017-06-15 10:18:31,444 DEBUG Engine] New artifact filename: /Users/daper01/Documents/OSLo/Selenium/2017-06-15_10-18-31.419578/merged.yml
[2017-06-15 10:18:31,445 DEBUG root] Dumping YAML config into /Users/daper01/Documents/OSLo/Selenium/2017-06-15_10-18-31.419578/merged.yml
[2017-06-15 10:18:31,447 DEBUG Engine] New artifact filename: /Users/daper01/Documents/OSLo/Selenium/2017-06-15_10-18-31.419578/merged.json
[2017-06-15 10:18:31,447 DEBUG root] Dumping JSON config into /Users/daper01/Documents/OSLo/Selenium/2017-06-15_10-18-31.419578/merged.json
[2017-06-15 10:18:31,448 DEBUG Engine] Add existing artifact (move=False): py_sel.yml
[2017-06-15 10:18:31,448 DEBUG Engine] Copying py_sel.yml to /Users/daper01/Documents/OSLo/Selenium/2017-06-15_10-18-31.419578/py_sel.yml
[2017-06-15 10:18:31,448 DEBUG root] Closing log handler: /var/folders/vq/xzrdy2lx047cst78f69v8z3xfzqz1q/T/bzt_qZkDO6.log
[2017-06-15 10:18:31,449 DEBUG root] Switched writing logs to /Users/daper01/Documents/OSLo/Selenium/2017-06-15_10-18-31.419578/bzt.log
[2017-06-15 10:18:31,449 INFO Engine] Preparing...
[2017-06-15 10:18:31,450 DEBUG Engine] Module config: consolidator defaultdict(None, {'class': 'bzt.modules.aggregator.ConsolidatingAggregator'})
[2017-06-15 10:18:31,450 DEBUG root] Importing module: bzt.modules.aggregator
[2017-06-15 10:18:31,452 DEBUG root] Loading class: 'ConsolidatingAggregator' from <module 'bzt.modules.aggregator' from '/usr/local/lib/python2.7/site-packages/bzt/modules/aggregator.pyc'>
[2017-06-15 10:18:31,452 DEBUG Engine.consolidator] Exception in dehumanize_time(inf)
[2017-06-15 10:18:31,452 DEBUG Engine.consolidator] Buffer scaling setup: percentile 95.0 from [0.0, 50.0, 90.0, 95.0, 99.0, 99.9, 100.0] selected
[2017-06-15 10:18:31,452 DEBUG Engine] Module config: monitoring defaultdict(None, {'class': 'bzt.modules.monitoring.Monitoring'})
[2017-06-15 10:18:31,452 DEBUG root] Importing module: bzt.modules.monitoring
[2017-06-15 10:18:31,473 DEBUG root] Loading class: 'Monitoring' from <module 'bzt.modules.monitoring' from '/usr/local/lib/python2.7/site-packages/bzt/modules/monitoring.pyc'>
[2017-06-15 10:18:31,474 DEBUG Engine] Module config: local defaultdict(None, {'class': 'bzt.modules.provisioning.Local'})
[2017-06-15 10:18:31,474 DEBUG root] Importing module: bzt.modules.provisioning
[2017-06-15 10:18:31,474 DEBUG root] Loading class: 'Local' from <module 'bzt.modules.provisioning' from '/usr/local/lib/python2.7/site-packages/bzt/modules/provisioning.pyc'>
[2017-06-15 10:18:31,474 DEBUG Engine] Module config: selenium defaultdict(None, {'class': 'bzt.modules.selenium.SeleniumExecutor'})
[2017-06-15 10:18:31,474 DEBUG root] Importing module: bzt.modules.selenium
[2017-06-15 10:18:31,477 DEBUG easyprocess] version=0.2.3
[2017-06-15 10:18:31,478 DEBUG pyvirtualdisplay] version=0.2.1
[2017-06-15 10:18:31,479 DEBUG root] Loading class: 'SeleniumExecutor' from <module 'bzt.modules.selenium' from '/usr/local/lib/python2.7/site-packages/bzt/modules/selenium.pyc'>
[2017-06-15 10:18:31,479 DEBUG Engine.local] Preparing executor: selenium/4466632272
[2017-06-15 10:18:31,480 DEBUG Engine.selenium] Extract defaultdict(None, {'script': 'blazeDemo_Selenium_with_unit_chrome.py'}) into scenarios
[2017-06-15 10:18:31,481 DEBUG Engine] New artifact filename: /Users/daper01/Documents/OSLo/Selenium/2017-06-15_10-18-31.419578/selenium_tests_report.ldjson
[2017-06-15 10:18:31,481 DEBUG Engine.selenium] Detected script type: nose
[2017-06-15 10:18:31,481 DEBUG Engine] Module config: nose defaultdict(None, {'class': 'bzt.modules.python.NoseTester'})
[2017-06-15 10:18:31,481 DEBUG root] Importing module: bzt.modules.python
[2017-06-15 10:18:31,481 DEBUG root] Loading class: 'NoseTester' from <module 'bzt.modules.python' from '/usr/local/lib/python2.7/site-packages/bzt/modules/python.pyc'>
[2017-06-15 10:18:31,481 DEBUG Engine.nose.TclLibrary] We don't need to check tcl library on this platform
[2017-06-15 10:18:31,481 DEBUG Engine] Module config: final-stats defaultdict(None, {'class': 'bzt.modules.reporting.FinalStatus'})
[2017-06-15 10:18:31,481 DEBUG root] Importing module: bzt.modules.reporting
[2017-06-15 10:18:31,507 DEBUG root] Loading class: 'FinalStatus' from <module 'bzt.modules.reporting' from '/usr/local/lib/python2.7/site-packages/bzt/modules/reporting.pyc'>
[2017-06-15 10:18:31,507 DEBUG Engine] Module config: console defaultdict(None, {'class': 'bzt.modules.console.ConsoleStatusReporter'})
[2017-06-15 10:18:31,507 DEBUG root] Importing module: bzt.modules.console
[2017-06-15 10:18:31,507 DEBUG root] Loading class: 'ConsoleStatusReporter' from <module 'bzt.modules.console' from '/usr/local/lib/python2.7/site-packages/bzt/modules/console.pyc'>
[2017-06-15 10:18:31,514 DEBUG Engine.Configuration] Dumping YAML config into /Users/daper01/Documents/OSLo/Selenium/2017-06-15_10-18-31.419578/effective.yml
[2017-06-15 10:18:31,534 DEBUG Engine.Configuration] Dumping JSON config into /Users/daper01/Documents/OSLo/Selenium/2017-06-15_10-18-31.419578/effective.json
[2017-06-15 10:18:31,535 INFO Engine] Starting...
[2017-06-15 10:18:31,535 DEBUG Engine] Startup <bzt.modules.monitoring.Monitoring object at 0x10a3b6a50>
[2017-06-15 10:18:31,535 DEBUG Engine] Startup <bzt.modules.aggregator.ConsolidatingAggregator object at 0x10a3b6790>
[2017-06-15 10:18:31,535 DEBUG Engine] Startup <bzt.modules.reporting.FinalStatus object at 0x10a599b90>
[2017-06-15 10:18:31,536 DEBUG Engine] Startup <bzt.modules.console.ConsoleStatusReporter object at 0x10a5b4fd0>
[2017-06-15 10:18:31,536 INFO Engine.console] Waiting for results...
[2017-06-15 10:18:31,536 DEBUG Engine] Startup <bzt.modules.provisioning.Local object at 0x10a3b6950>
[2017-06-15 10:18:31,536 DEBUG Engine.local] Delay setup for nose/blazeDemo_Selenium_with_unit_chrome.py: 0(start-at) + 0(delay) = 0
[2017-06-15 10:18:31,537 DEBUG Engine.Configuration] Dumping YAML config into /Users/daper01/Documents/OSLo/Selenium/2017-06-15_10-18-31.419578/effective.yml
[2017-06-15 10:18:31,559 DEBUG Engine.Configuration] Dumping JSON config into /Users/daper01/Documents/OSLo/Selenium/2017-06-15_10-18-31.419578/effective.json
[2017-06-15 10:18:31,560 DEBUG root] Leveling down log file verbosity, use -v option to have DEBUG messages enabled
[2017-06-15 10:18:31,770 INFO Engine.console] Waiting for finish...
[2017-06-15 10:18:32,014 WARNING Engine] There is newer version of Taurus 1.9.3 available, consider upgrading. What's new: http://gettaurus.org/docs/Changelog/
[2017-06-15 10:18:49,707 WARNING Engine] Please wait for graceful shutdown...
[2017-06-15 10:18:49,712 DEBUG root] Leveled up log file verbosity
[2017-06-15 10:18:49,712 INFO Engine] Shutting down...
[2017-06-15 10:18:49,716 DEBUG Engine.local] Shutdown nose/blazeDemo_Selenium_with_unit_chrome.py
[2017-06-15 10:18:49,717 DEBUG Engine.selenium] Selenium tests ran for 18.1566460133 seconds
[2017-06-15 10:18:49,717 DEBUG Engine.console] Restoring logging streams, [<logging.StreamHandler object at 0x10a3b6750>]/{<logging.StreamHandler object at 0x10a3b6750>: <open file '<stdout>', mode 'w' at 0x109274150>}
[2017-06-15 10:18:49,721 DEBUG Engine.Configuration] Dumping YAML config into /Users/daper01/Documents/OSLo/Selenium/2017-06-15_10-18-31.419578/effective.yml
[2017-06-15 10:18:49,749 DEBUG Engine.Configuration] Dumping JSON config into /Users/daper01/Documents/OSLo/Selenium/2017-06-15_10-18-31.419578/effective.json
[2017-06-15 10:18:49,750 INFO Engine] Post-processing...
[2017-06-15 10:18:49,750 DEBUG Engine.local] Post-process nose/blazeDemo_Selenium_with_unit_chrome.py
[2017-06-15 10:18:49,751 DEBUG LoadSamplesReader] Buffer len: 1
[2017-06-15 10:18:49,751 INFO LoadSamplesReader] Changed data analysis delay to 19s
[2017-06-15 10:18:49,751 DEBUG LoadSamplesReader] Aggregating: 1497547121
[2017-06-15 10:18:49,752 DEBUG Engine.consolidator] Consolidator buffer[2]: [1497547121, 1497547111]
[2017-06-15 10:18:49,752 DEBUG Engine.consolidator] Merging into 1497547111
[2017-06-15 10:18:49,752 DEBUG Engine.consolidator] Merging 1497547111
[2017-06-15 10:18:49,755 DEBUG Engine.consolidator] Processed datapoint: 1497547111/None
[2017-06-15 10:18:49,755 DEBUG Engine.consolidator] Merging into 1497547121
[2017-06-15 10:18:49,755 DEBUG Engine.consolidator] Merging 1497547121
[2017-06-15 10:18:49,759 DEBUG Engine.consolidator] Processed datapoint: 1497547121/None
[2017-06-15 10:18:49,759 INFO Engine.final-stats] Test duration: 0:00:18
[2017-06-15 10:18:49,760 INFO Engine.final-stats] Samples count: 2, 0.00% failures
[2017-06-15 10:18:49,760 INFO Engine.final-stats] Average times: total 8.409, latency 0.000, connect 0.000
[2017-06-15 10:18:49,760 INFO Engine.final-stats] Percentile 0.0%: 7.429
[2017-06-15 10:18:49,760 INFO Engine.final-stats] Percentile 50.0%: 9.389
[2017-06-15 10:18:49,760 INFO Engine.final-stats] Percentile 90.0%: 9.389
[2017-06-15 10:18:49,760 INFO Engine.final-stats] Percentile 95.0%: 9.389
[2017-06-15 10:18:49,760 INFO Engine.final-stats] Percentile 99.0%: 9.389
[2017-06-15 10:18:49,760 INFO Engine.final-stats] Percentile 99.9%: 9.389
[2017-06-15 10:18:49,760 INFO Engine.final-stats] Percentile 100.0%: 9.389
[2017-06-15 10:18:49,760 DEBUG Engine.console] No logger_handler or orig_stream was detected
[2017-06-15 10:18:49,763 DEBUG Engine.Configuration] Dumping YAML config into /Users/daper01/Documents/OSLo/Selenium/2017-06-15_10-18-31.419578/effective.yml
[2017-06-15 10:18:49,798 DEBUG Engine.Configuration] Dumping JSON config into /Users/daper01/Documents/OSLo/Selenium/2017-06-15_10-18-31.419578/effective.json
[2017-06-15 10:18:49,799 INFO root] Artifacts dir: /Users/daper01/Documents/OSLo/Selenium/2017-06-15_10-18-31.419578
[2017-06-15 10:18:49,799 INFO root] Done performing with code: 0
[2017-06-15 10:18:49,799 DEBUG root] Closing log handler: /Users/daper01/Documents/OSLo/Selenium/2017-06-15_10-18-31.419578/bzt.log
