[2017-12-12 10:24:17,674 INFO root] Taurus CLI Tool v1.9.6
[2017-12-12 10:24:17,675 DEBUG root] Command-line options: {'verbose': None, 'no_system_configs': None, 'quiet': None, 'log': '/var/folders/vq/xzrdy2lx047cst78f69v8z3xfzqz1q/T/bzt_LRGdyV.log', 'option': None, 'aliases': []}
[2017-12-12 10:24:17,675 DEBUG root] Python: CPython 2.7.13
[2017-12-12 10:24:17,675 DEBUG root] OS: ('Darwin', 'daper01mac1124', '17.2.0', 'Darwin Kernel Version 17.2.0: Fri Sep 29 18:27:05 PDT 2017; root:xnu-4570.20.62~3/RELEASE_X86_64', 'x86_64', 'i386')
[2017-12-12 10:24:17,675 INFO root] Starting with configs: ['load_scenario_from_csv.yml', 'execution_jmeter.yml']
[2017-12-12 10:24:17,675 DEBUG root] Using personal config: /Users/daper01/.bzt-rc
[2017-12-12 10:24:17,675 INFO Engine] Configuring...
[2017-12-12 10:24:17,675 DEBUG Engine] Reading extension configs from: /usr/local/etc/bzt.d
[2017-12-12 10:24:17,676 DEBUG Engine.Configuration] Configs: ['/usr/local/lib/python2.7/site-packages/bzt/resources/base-config.yml', '/usr/local/etc/bzt.d/99-installID.yml']
[2017-12-12 10:24:17,676 DEBUG Engine.Configuration] Reading /usr/local/lib/python2.7/site-packages/bzt/resources/base-config.yml as YAML
[2017-12-12 10:24:17,701 DEBUG Engine.Configuration] Reading /usr/local/etc/bzt.d/99-installID.yml as YAML
[2017-12-12 10:24:17,702 DEBUG Engine.Configuration] Configs: ['/Users/daper01/.bzt-rc', 'load_scenario_from_csv.yml', 'execution_jmeter.yml']
[2017-12-12 10:24:17,702 DEBUG Engine.Configuration] Reading /Users/daper01/.bzt-rc as YAML
[2017-12-12 10:24:17,703 DEBUG Engine.Configuration] Reading load_scenario_from_csv.yml as YAML
[2017-12-12 10:24:17,708 DEBUG Engine.Configuration] Reading execution_jmeter.yml as YAML
[2017-12-12 10:24:17,716 DEBUG Engine.Configuration] Configs: ['/Users/daper01/.bzt-rc', 'load_scenario_from_csv.yml', 'execution_jmeter.yml']
[2017-12-12 10:24:17,716 DEBUG Engine.Configuration] Reading /Users/daper01/.bzt-rc as YAML
[2017-12-12 10:24:17,717 DEBUG Engine.Configuration] Reading load_scenario_from_csv.yml as YAML
[2017-12-12 10:24:17,722 DEBUG Engine.Configuration] Reading execution_jmeter.yml as YAML
[2017-12-12 10:24:17,741 DEBUG Engine] Requesting updates info: http://gettaurus.org/updates/?version=1.9.6&installID=784f43782a15
[2017-12-12 10:24:17,745 INFO Engine] Artifacts dir: /Users/daper01/Documents/OSLo/artifacts/2017-12-12_10-24-17.745866
[2017-12-12 10:24:17,746 DEBUG Engine] New artifact filename: /Users/daper01/Documents/OSLo/artifacts/2017-12-12_10-24-17.745866/effective
[2017-12-12 10:24:17,750 DEBUG Engine.Configuration] Dumping YAML config into /Users/daper01/Documents/OSLo/artifacts/2017-12-12_10-24-17.745866/effective.yml
[2017-12-12 10:24:17,799 DEBUG Engine.Configuration] Dumping JSON config into /Users/daper01/Documents/OSLo/artifacts/2017-12-12_10-24-17.745866/effective.json
[2017-12-12 10:24:17,801 DEBUG Engine] New artifact filename: /Users/daper01/Documents/OSLo/artifacts/2017-12-12_10-24-17.745866/merged.yml
[2017-12-12 10:24:17,802 DEBUG Engine.Configuration] Dumping YAML config into /Users/daper01/Documents/OSLo/artifacts/2017-12-12_10-24-17.745866/merged.yml
[2017-12-12 10:24:17,812 DEBUG Engine] New artifact filename: /Users/daper01/Documents/OSLo/artifacts/2017-12-12_10-24-17.745866/merged.json
[2017-12-12 10:24:17,813 DEBUG Engine.Configuration] Dumping JSON config into /Users/daper01/Documents/OSLo/artifacts/2017-12-12_10-24-17.745866/merged.json
[2017-12-12 10:24:17,813 DEBUG Engine] Add existing artifact (move=False): load_scenario_from_csv.yml
[2017-12-12 10:24:17,813 DEBUG Engine] Copying load_scenario_from_csv.yml to /Users/daper01/Documents/OSLo/artifacts/2017-12-12_10-24-17.745866/load_scenario_from_csv.yml
[2017-12-12 10:24:17,814 DEBUG Engine] Add existing artifact (move=False): execution_jmeter.yml
[2017-12-12 10:24:17,814 DEBUG Engine] Copying execution_jmeter.yml to /Users/daper01/Documents/OSLo/artifacts/2017-12-12_10-24-17.745866/execution_jmeter.yml
[2017-12-12 10:24:17,815 DEBUG root] Closing log handler: /var/folders/vq/xzrdy2lx047cst78f69v8z3xfzqz1q/T/bzt_LRGdyV.log
[2017-12-12 10:24:18,055 DEBUG root] Switched writing logs to /Users/daper01/Documents/OSLo/artifacts/2017-12-12_10-24-17.745866/bzt.log
[2017-12-12 10:24:18,056 INFO Engine] Preparing...
[2017-12-12 10:24:18,056 DEBUG Engine] Module config: consolidator defaultdict(None, {'class': 'bzt.modules.aggregator.ConsolidatingAggregator'})
[2017-12-12 10:24:18,056 DEBUG root] Importing module: bzt.modules.aggregator
[2017-12-12 10:24:18,059 DEBUG root] Loading class: 'ConsolidatingAggregator' from <module 'bzt.modules.aggregator' from '/usr/local/lib/python2.7/site-packages/bzt/modules/aggregator.pyc'>
[2017-12-12 10:24:18,060 DEBUG Engine.consolidator] Exception in dehumanize_time(inf)
[2017-12-12 10:24:18,060 DEBUG Engine.consolidator] Buffer scaling setup: percentile 95.0 from [0.0, 50.0, 90.0, 95.0, 99.0, 99.9, 100.0] selected
[2017-12-12 10:24:18,060 DEBUG Engine] Module config: monitoring defaultdict(None, {'class': 'bzt.modules.monitoring.Monitoring'})
[2017-12-12 10:24:18,060 DEBUG root] Importing module: bzt.modules.monitoring
[2017-12-12 10:24:18,072 DEBUG root] Loading class: 'Monitoring' from <module 'bzt.modules.monitoring' from '/usr/local/lib/python2.7/site-packages/bzt/modules/monitoring.pyc'>
[2017-12-12 10:24:18,072 DEBUG Engine] Module config: local defaultdict(None, {'class': 'bzt.modules.provisioning.Local'})
[2017-12-12 10:24:18,072 DEBUG root] Importing module: bzt.modules.provisioning
[2017-12-12 10:24:18,072 DEBUG root] Loading class: 'Local' from <module 'bzt.modules.provisioning' from '/usr/local/lib/python2.7/site-packages/bzt/modules/provisioning.pyc'>
[2017-12-12 10:24:18,072 DEBUG Engine] Module config: jmeter defaultdict(None, {'properties': defaultdict(None, {'jmeter.save.saveservice.autoflush': 'true', 'summariser.name': '', 'jmeter.save.saveservice.connect_time': 'true', 'mode': 'Stripped', 'jmeterengine.force.system.exit': 'true'}), 'class': 'bzt.modules.jmeter.JMeterExecutor', 'plugins': ['jpgc-casutg', 'jpgc-dummy', 'jpgc-ffw', 'jpgc-fifo', 'jpgc-functions', 'jpgc-json', 'jpgc-perfmon', 'jpgc-prmctl', 'jpgc-tst']})
[2017-12-12 10:24:18,072 DEBUG root] Importing module: bzt.modules.jmeter
[2017-12-12 10:24:18,083 DEBUG root] Loading class: 'JMeterExecutor' from <module 'bzt.modules.jmeter' from '/usr/local/lib/python2.7/site-packages/bzt/modules/jmeter.pyc'>
[2017-12-12 10:24:18,083 DEBUG Engine.local] Preparing executor: jmeter/4381961744
[2017-12-12 10:24:18,083 DEBUG Engine] New artifact filename: /Users/daper01/Documents/OSLo/artifacts/2017-12-12_10-24-17.745866/jmeter.log
[2017-12-12 10:24:18,084 DEBUG Engine.jmeter] Checking if port 4445 is free
[2017-12-12 10:24:18,084 DEBUG Engine.jmeter] Port 4445 is free
[2017-12-12 10:24:18,084 DEBUG Engine.jmeter] Using port 4445 for management
[2017-12-12 10:24:18,084 DEBUG Engine.jmeter.JavaVM] Trying JavaVM: ['java', '-version']
[2017-12-12 10:24:18,205 DEBUG Engine.jmeter.JavaVM] JavaVM output: java version "1.8.0_121"
Java(TM) SE Runtime Environment (build 1.8.0_121-b13)
Java HotSpot(TM) 64-Bit Server VM (build 25.121-b13, mixed mode)

[2017-12-12 10:24:18,205 DEBUG Engine.jmeter.TclLibrary] We don't need to check tcl library on this platform
[2017-12-12 10:24:18,205 DEBUG Engine.jmeter.JMeter] Trying jmeter: /Users/daper01/.bzt/jmeter-taurus/3.3/bin/jmeter.sh
[2017-12-12 10:24:18,206 DEBUG bzt.utils] Executing shell: ['/Users/daper01/.bzt/jmeter-taurus/3.3/bin/jmeter.sh', '-j', '/var/folders/vq/xzrdy2lx047cst78f69v8z3xfzqz1q/T/jmeterdXXnb9log', '--version']
[2017-12-12 10:24:18,304 DEBUG Engine] Taurus updates info: {"latest":"1.10.3","needsUpgrade":true}
[2017-12-12 10:24:18,305 WARNING Engine] There is newer version of Taurus 1.10.3 available, consider upgrading. What's new: http://gettaurus.org/docs/Changelog/
[2017-12-12 10:24:20,283 DEBUG Engine.jmeter.JMeter] JMeter check:     _    ____   _    ____ _   _ _____       _ __  __ _____ _____ _____ ____     
   / \  |  _ \ / \  / ___| | | | ____|     | |  \/  | ____|_   _| ____|  _ \   
  / _ \ | |_) / _ \| |   | |_| |  _|    _  | | |\/| |  _|   | | |  _| | |_) | 
 / ___ \|  __/ ___ \ |___|  _  | |___  | |_| | |  | | |___  | | | |___|  _ <  
/_/   \_\_| /_/   \_\____|_| |_|_____|  \___/|_|  |_|_____| |_| |_____|_| \_\ 3.3 r1808647  

Copyright (c) 1999-2017 The Apache Software Foundation

 / None
[2017-12-12 10:24:20,284 DEBUG Engine] New artifact filename: /Users/daper01/Documents/OSLo/artifacts/2017-12-12_10-24-17.745866/requests.jmx
[2017-12-12 10:24:20,288 DEBUG JMeterScenarioBuilder] Saving JMX to: /Users/daper01/Documents/OSLo/artifacts/2017-12-12_10-24-17.745866/requests.jmx
[2017-12-12 10:24:20,289 DEBUG bzt.utils] Executing shell: ['/Users/daper01/.bzt/jmeter-taurus/3.3/bin/PluginsManagerCMD.sh', 'install-for-jmx', '/Users/daper01/Documents/OSLo/artifacts/2017-12-12_10-24-17.745866/requests.jmx']
[2017-12-12 10:24:23,135 DEBUG Engine.jmeter.JMeter] Try to detect plugins for /Users/daper01/Documents/OSLo/artifacts/2017-12-12_10-24-17.745866/requests.jmx
10:24:21.881 [main] INFO  org.jmeterplugins.repository.PluginManager - Plugins Status: [jpgc-functions=2.0, jpgc-casutg=2.1, jpgc-dummy=0.2, jpgc-ffw=2.0, jpgc-fifo=0.2, jpgc-json=2.6, jpgc-prmctl=0.3, jpgc-perfmon=2.1, jpgc-plugins-manager=0.16, jpgc-tst=2.1, jmeter-core=3.3, jmeter-ftp=3.3, jmeter-http=3.3, jmeter-jdbc=3.3, jmeter-jms=3.3, jmeter-junit=3.3, jmeter-java=3.3, jmeter-ldap=3.3, jmeter-mail=3.3, jmeter-mongodb=3.3, jmeter-native=3.3, jmeter-tcp=3.3, jmeter-components=3.3]
2017-12-12 10:24:21,881 INFO o.j.r.PluginManager: Plugins Status: [jpgc-functions=2.0, jpgc-casutg=2.1, jpgc-dummy=0.2, jpgc-ffw=2.0, jpgc-fifo=0.2, jpgc-json=2.6, jpgc-prmctl=0.3, jpgc-perfmon=2.1, jpgc-plugins-manager=0.16, jpgc-tst=2.1, jmeter-core=3.3, jmeter-ftp=3.3, jmeter-http=3.3, jmeter-jdbc=3.3, jmeter-jms=3.3, jmeter-junit=3.3, jmeter-java=3.3, jmeter-ldap=3.3, jmeter-mail=3.3, jmeter-mongodb=3.3, jmeter-native=3.3, jmeter-tcp=3.3, jmeter-components=3.3]
10:24:22.274 [main] INFO  org.apache.jmeter.save.SaveService - Testplan (JMX) version: 2.2. Testlog (JTL) version: 2.2
2017-12-12 10:24:22,274 INFO o.a.j.s.SaveService: Testplan (JMX) version: 2.2. Testlog (JTL) version: 2.2
10:24:22.287 [main] INFO  org.apache.jmeter.save.SaveService - Using SaveService properties file encoding UTF-8
2017-12-12 10:24:22,287 INFO o.a.j.s.SaveService: Using SaveService properties file encoding UTF-8
10:24:22.292 [main] INFO  org.apache.jmeter.save.SaveService - Using SaveService properties version 3.2
2017-12-12 10:24:22,292 INFO o.a.j.s.SaveService: Using SaveService properties version 3.2
10:24:22.326 [main] INFO  org.apache.jmeter.protocol.http.control.CacheManager - Will only cache the following methods: [GET]
2017-12-12 10:24:22,326 INFO o.a.j.p.h.c.CacheManager: Will only cache the following methods: [GET]
10:24:22.329 [main] INFO  org.apache.jmeter.protocol.http.control.CookieManager - Settings: Delete null: true Check: true Allow variable: true Save: false Prefix: COOKIE_
2017-12-12 10:24:22,329 INFO o.a.j.p.h.c.CookieManager: Settings: Delete null: true Check: true Allow variable: true Save: false Prefix: COOKIE_
10:24:22.417 [main] INFO  org.jmeterplugins.repository.PluginManager - Restarting JMeter...
2017-12-12 10:24:22,417 INFO o.j.r.PluginManager: Restarting JMeter...
10:24:22.418 [Thread-1] INFO  org.jmeterplugins.repository.PluginManager - Starting JMeter Plugins modifications
2017-12-12 10:24:22,418 INFO o.j.r.PluginManager: Starting JMeter Plugins modifications

ERROR StatusLogger No log4j2 configuration file found. Using default configuration: logging only errors to the console. Set system property 'org.apache.logging.log4j.simplelog.StatusLogger.level' to TRACE to show Log4j2 internal initialization logging.

[2017-12-12 10:24:23,136 DEBUG Engine.jmeter] Load: LoadSpec(concurrency=50, throughput=None, ramp_up=30.0, hold=120.0, iterations=0, duration=150.0, steps=None)
[2017-12-12 10:24:23,142 DEBUG Engine.jmeter.LoadSettingsProcessor.ThreadGroupHandler] Converting ThreadGroup (blazedemo) to ConcurrencyThreadGroup and apply load parameters
[2017-12-12 10:24:23,142 DEBUG Engine] New artifact filename: /Users/daper01/Documents/OSLo/artifacts/2017-12-12_10-24-17.745866/kpi.jtl
[2017-12-12 10:24:23,143 DEBUG Engine] New artifact filename: /Users/daper01/Documents/OSLo/artifacts/2017-12-12_10-24-17.745866/error.jtl
[2017-12-12 10:24:23,145 DEBUG Engine] New artifact filename: /Users/daper01/Documents/OSLo/artifacts/2017-12-12_10-24-17.745866/modified_requests.jmx
[2017-12-12 10:24:23,145 DEBUG JMX] Saving JMX to: /Users/daper01/Documents/OSLo/artifacts/2017-12-12_10-24-17.745866/modified_requests.jmx
[2017-12-12 10:24:23,146 DEBUG Engine.jmeter] Additional properties: defaultdict(None, {'jmeter.save.saveservice.autoflush': 'true', 'jmeter.save.saveservice.connect_time': 'true', 'user.classpath': '/Users/daper01/Documents/OSLo/artifacts/2017-12-12_10-24-17.745866', 'sampleresult.default.encoding': 'UTF-8', 'summariser.name': '', 'jmeterengine.force.system.exit': 'true', 'jmeter.save.saveservice.timestamp_format': 'ms', 'mode': 'Stripped', 'jmeterengine.nongui.maxport': 4445, 'jmeterengine.nongui.port': 4445})
[2017-12-12 10:24:23,146 DEBUG Engine] New artifact filename: /Users/daper01/Documents/OSLo/artifacts/2017-12-12_10-24-17.745866/jmeter-bzt.properties
[2017-12-12 10:24:23,146 DEBUG Engine.jmeter] Additional system properties defaultdict(None, {'sun.net.inetaddr.ttl': 0})
[2017-12-12 10:24:23,146 DEBUG Engine] New artifact filename: /Users/daper01/Documents/OSLo/artifacts/2017-12-12_10-24-17.745866/system.properties
[2017-12-12 10:24:23,147 DEBUG Engine] New artifact filename: /Users/daper01/Documents/OSLo/artifacts/2017-12-12_10-24-17.745866/jmeter.out
[2017-12-12 10:24:23,147 DEBUG Engine] New artifact filename: /Users/daper01/Documents/OSLo/artifacts/2017-12-12_10-24-17.745866/jmeter.err
[2017-12-12 10:24:23,148 DEBUG Engine.local] Preparing executor: jmeter/4381961808
[2017-12-12 10:24:23,148 DEBUG Engine] New artifact filename: /Users/daper01/Documents/OSLo/artifacts/2017-12-12_10-24-17.745866/jmeter-1.log
[2017-12-12 10:24:23,149 DEBUG Engine.jmeter] Checking if port 4446 is free
[2017-12-12 10:24:23,149 DEBUG Engine.jmeter] Port 4446 is free
[2017-12-12 10:24:23,149 DEBUG Engine.jmeter] Using port 4446 for management
[2017-12-12 10:24:23,150 DEBUG Engine.jmeter.JavaVM] Trying JavaVM: ['java', '-version']
[2017-12-12 10:24:23,300 DEBUG Engine.jmeter.JavaVM] JavaVM output: java version "1.8.0_121"
Java(TM) SE Runtime Environment (build 1.8.0_121-b13)
Java HotSpot(TM) 64-Bit Server VM (build 25.121-b13, mixed mode)

[2017-12-12 10:24:23,301 DEBUG Engine.jmeter.TclLibrary] We don't need to check tcl library on this platform
[2017-12-12 10:24:23,301 DEBUG Engine.jmeter.JMeter] Trying jmeter: /Users/daper01/.bzt/jmeter-taurus/3.3/bin/jmeter.sh
[2017-12-12 10:24:23,301 DEBUG bzt.utils] Executing shell: ['/Users/daper01/.bzt/jmeter-taurus/3.3/bin/jmeter.sh', '-j', '/var/folders/vq/xzrdy2lx047cst78f69v8z3xfzqz1q/T/jmeterqoEX4ulog', '--version']
[2017-12-12 10:24:24,393 DEBUG Engine.jmeter.JMeter] JMeter check:     _    ____   _    ____ _   _ _____       _ __  __ _____ _____ _____ ____     
   / \  |  _ \ / \  / ___| | | | ____|     | |  \/  | ____|_   _| ____|  _ \   
  / _ \ | |_) / _ \| |   | |_| |  _|    _  | | |\/| |  _|   | | |  _| | |_) | 
 / ___ \|  __/ ___ \ |___|  _  | |___  | |_| | |  | | |___  | | | |___|  _ <  
/_/   \_\_| /_/   \_\____|_| |_|_____|  \___/|_|  |_|_____| |_| |_____|_| \_\ 3.3 r1808647  

Copyright (c) 1999-2017 The Apache Software Foundation

 / None
[2017-12-12 10:24:24,394 DEBUG Engine] New artifact filename: /Users/daper01/Documents/OSLo/artifacts/2017-12-12_10-24-17.745866/requests-1.jmx
[2017-12-12 10:24:24,398 DEBUG JMeterScenarioBuilder] Saving JMX to: /Users/daper01/Documents/OSLo/artifacts/2017-12-12_10-24-17.745866/requests-1.jmx
[2017-12-12 10:24:24,400 DEBUG bzt.utils] Executing shell: ['/Users/daper01/.bzt/jmeter-taurus/3.3/bin/PluginsManagerCMD.sh', 'install-for-jmx', '/Users/daper01/Documents/OSLo/artifacts/2017-12-12_10-24-17.745866/requests-1.jmx']
[2017-12-12 10:24:27,315 DEBUG Engine.jmeter.JMeter] Try to detect plugins for /Users/daper01/Documents/OSLo/artifacts/2017-12-12_10-24-17.745866/requests-1.jmx
10:24:26.091 [main] INFO  org.jmeterplugins.repository.PluginManager - Plugins Status: [jpgc-functions=2.0, jpgc-casutg=2.1, jpgc-dummy=0.2, jpgc-ffw=2.0, jpgc-fifo=0.2, jpgc-json=2.6, jpgc-prmctl=0.3, jpgc-perfmon=2.1, jpgc-plugins-manager=0.16, jpgc-tst=2.1, jmeter-core=3.3, jmeter-ftp=3.3, jmeter-http=3.3, jmeter-jdbc=3.3, jmeter-jms=3.3, jmeter-junit=3.3, jmeter-java=3.3, jmeter-ldap=3.3, jmeter-mail=3.3, jmeter-mongodb=3.3, jmeter-native=3.3, jmeter-tcp=3.3, jmeter-components=3.3]
2017-12-12 10:24:26,091 INFO o.j.r.PluginManager: Plugins Status: [jpgc-functions=2.0, jpgc-casutg=2.1, jpgc-dummy=0.2, jpgc-ffw=2.0, jpgc-fifo=0.2, jpgc-json=2.6, jpgc-prmctl=0.3, jpgc-perfmon=2.1, jpgc-plugins-manager=0.16, jpgc-tst=2.1, jmeter-core=3.3, jmeter-ftp=3.3, jmeter-http=3.3, jmeter-jdbc=3.3, jmeter-jms=3.3, jmeter-junit=3.3, jmeter-java=3.3, jmeter-ldap=3.3, jmeter-mail=3.3, jmeter-mongodb=3.3, jmeter-native=3.3, jmeter-tcp=3.3, jmeter-components=3.3]
10:24:26.496 [main] INFO  org.apache.jmeter.save.SaveService - Testplan (JMX) version: 2.2. Testlog (JTL) version: 2.2
2017-12-12 10:24:26,496 INFO o.a.j.s.SaveService: Testplan (JMX) version: 2.2. Testlog (JTL) version: 2.2
10:24:26.515 [main] INFO  org.apache.jmeter.save.SaveService - Using SaveService properties file encoding UTF-8
2017-12-12 10:24:26,515 INFO o.a.j.s.SaveService: Using SaveService properties file encoding UTF-8
10:24:26.521 [main] INFO  org.apache.jmeter.save.SaveService - Using SaveService properties version 3.2
2017-12-12 10:24:26,521 INFO o.a.j.s.SaveService: Using SaveService properties version 3.2
10:24:26.572 [main] INFO  org.apache.jmeter.protocol.http.control.CacheManager - Will only cache the following methods: [GET]
2017-12-12 10:24:26,572 INFO o.a.j.p.h.c.CacheManager: Will only cache the following methods: [GET]
10:24:26.576 [main] INFO  org.apache.jmeter.protocol.http.control.CookieManager - Settings: Delete null: true Check: true Allow variable: true Save: false Prefix: COOKIE_
2017-12-12 10:24:26,576 INFO o.a.j.p.h.c.CookieManager: Settings: Delete null: true Check: true Allow variable: true Save: false Prefix: COOKIE_
10:24:26.665 [main] INFO  org.jmeterplugins.repository.PluginManager - Restarting JMeter...
2017-12-12 10:24:26,665 INFO o.j.r.PluginManager: Restarting JMeter...
10:24:26.667 [Thread-1] INFO  org.jmeterplugins.repository.PluginManager - Starting JMeter Plugins modifications
2017-12-12 10:24:26,667 INFO o.j.r.PluginManager: Starting JMeter Plugins modifications

ERROR StatusLogger No log4j2 configuration file found. Using default configuration: logging only errors to the console. Set system property 'org.apache.logging.log4j.simplelog.StatusLogger.level' to TRACE to show Log4j2 internal initialization logging.

[2017-12-12 10:24:27,316 DEBUG Engine.jmeter] Load: LoadSpec(concurrency=50, throughput=None, ramp_up=120.0, hold=30.0, iterations=0, duration=150.0, steps=None)
[2017-12-12 10:24:27,319 DEBUG Engine.jmeter.LoadSettingsProcessor.ThreadGroupHandler] Converting ThreadGroup (blazedemo) to ConcurrencyThreadGroup and apply load parameters
[2017-12-12 10:24:27,320 DEBUG Engine] New artifact filename: /Users/daper01/Documents/OSLo/artifacts/2017-12-12_10-24-17.745866/kpi-1.jtl
[2017-12-12 10:24:27,321 DEBUG Engine] New artifact filename: /Users/daper01/Documents/OSLo/artifacts/2017-12-12_10-24-17.745866/error-1.jtl
[2017-12-12 10:24:27,322 DEBUG Engine] New artifact filename: /Users/daper01/Documents/OSLo/artifacts/2017-12-12_10-24-17.745866/modified_requests-1.jmx
[2017-12-12 10:24:27,322 DEBUG JMX] Saving JMX to: /Users/daper01/Documents/OSLo/artifacts/2017-12-12_10-24-17.745866/modified_requests-1.jmx
[2017-12-12 10:24:27,323 DEBUG Engine.jmeter] Additional properties: defaultdict(None, {'jmeter.save.saveservice.autoflush': 'true', 'jmeter.save.saveservice.connect_time': 'true', 'user.classpath': '/Users/daper01/Documents/OSLo/artifacts/2017-12-12_10-24-17.745866', 'sampleresult.default.encoding': 'UTF-8', 'summariser.name': '', 'jmeterengine.force.system.exit': 'true', 'jmeter.save.saveservice.timestamp_format': 'ms', 'mode': 'Stripped', 'jmeterengine.nongui.maxport': 4446, 'jmeterengine.nongui.port': 4446})
[2017-12-12 10:24:27,323 DEBUG Engine] New artifact filename: /Users/daper01/Documents/OSLo/artifacts/2017-12-12_10-24-17.745866/jmeter-bzt-1.properties
[2017-12-12 10:24:27,324 DEBUG Engine.jmeter] Additional system properties defaultdict(None, {'sun.net.inetaddr.ttl': 0})
[2017-12-12 10:24:27,324 DEBUG Engine] New artifact filename: /Users/daper01/Documents/OSLo/artifacts/2017-12-12_10-24-17.745866/system-1.properties
[2017-12-12 10:24:27,324 DEBUG Engine] New artifact filename: /Users/daper01/Documents/OSLo/artifacts/2017-12-12_10-24-17.745866/jmeter-1.out
[2017-12-12 10:24:27,324 DEBUG Engine] New artifact filename: /Users/daper01/Documents/OSLo/artifacts/2017-12-12_10-24-17.745866/jmeter-1.err
[2017-12-12 10:24:27,325 DEBUG Engine] Module config: final-stats defaultdict(None, {'class': 'bzt.modules.reporting.FinalStatus'})
[2017-12-12 10:24:27,326 DEBUG root] Importing module: bzt.modules.reporting
[2017-12-12 10:24:27,398 DEBUG easyprocess] version=0.2.3
[2017-12-12 10:24:27,400 DEBUG pyvirtualdisplay] version=0.2.1
[2017-12-12 10:24:27,401 DEBUG root] Loading class: 'FinalStatus' from <module 'bzt.modules.reporting' from '/usr/local/lib/python2.7/site-packages/bzt/modules/reporting.pyc'>
[2017-12-12 10:24:27,402 DEBUG Engine] Module config: console defaultdict(None, {'class': 'bzt.modules.console.ConsoleStatusReporter'})
[2017-12-12 10:24:27,402 DEBUG root] Importing module: bzt.modules.console
[2017-12-12 10:24:27,402 DEBUG root] Loading class: 'ConsoleStatusReporter' from <module 'bzt.modules.console' from '/usr/local/lib/python2.7/site-packages/bzt/modules/console.pyc'>
[2017-12-12 10:24:27,414 DEBUG Engine.Configuration] Dumping YAML config into /Users/daper01/Documents/OSLo/artifacts/2017-12-12_10-24-17.745866/effective.yml
[2017-12-12 10:24:27,469 DEBUG Engine.Configuration] Dumping JSON config into /Users/daper01/Documents/OSLo/artifacts/2017-12-12_10-24-17.745866/effective.json
[2017-12-12 10:24:27,471 INFO Engine] Starting...
[2017-12-12 10:24:27,472 DEBUG Engine] Startup <bzt.modules.monitoring.Monitoring object at 0x1049c3750>
[2017-12-12 10:24:27,473 DEBUG Engine] Startup <bzt.modules.aggregator.ConsolidatingAggregator object at 0x1049ad810>
[2017-12-12 10:24:27,473 DEBUG Engine] Startup <bzt.modules.reporting.FinalStatus object at 0x1052f6c50>
[2017-12-12 10:24:27,473 DEBUG Engine] Startup <bzt.modules.console.ConsoleStatusReporter object at 0x105476750>
[2017-12-12 10:24:27,473 INFO Engine.console] Waiting for results...
[2017-12-12 10:24:27,474 DEBUG Engine] Startup <bzt.modules.reporting.FinalStatus object at 0x105494b10>
[2017-12-12 10:24:27,474 DEBUG Engine] Startup <bzt.modules.provisioning.Local object at 0x1049ad510>
[2017-12-12 10:24:27,474 DEBUG Engine.local] Delay setup for jmeter/blazedemo: 0(start-at) + 0(delay) = 0
[2017-12-12 10:24:27,474 DEBUG Engine.local] Delay setup for jmeter/blazedemo: 0(start-at) + 0(delay) = 0
[2017-12-12 10:24:27,478 DEBUG Engine.Configuration] Dumping YAML config into /Users/daper01/Documents/OSLo/artifacts/2017-12-12_10-24-17.745866/effective.yml
[2017-12-12 10:24:27,602 DEBUG Engine.Configuration] Dumping JSON config into /Users/daper01/Documents/OSLo/artifacts/2017-12-12_10-24-17.745866/effective.json
[2017-12-12 10:24:27,604 DEBUG root] Leveling down log file verbosity, use -v option to have DEBUG messages enabled
[2017-12-12 10:24:27,979 INFO Engine.console] Waiting for finish...
[2017-12-12 10:25:52,305 WARNING Engine] Please wait for graceful shutdown...
[2017-12-12 10:25:52,314 DEBUG root] Leveled up log file verbosity
[2017-12-12 10:25:52,314 INFO Engine] Shutting down...
[2017-12-12 10:25:52,324 DEBUG Engine.local] Shutdown jmeter/blazedemo
[2017-12-12 10:25:53,330 INFO Engine.jmeter] Sending Shutdown command to JMeter on port 4445...
[2017-12-12 10:25:54,349 DEBUG Engine.jmeter] JMeter stopped on Shutdown command
[2017-12-12 10:25:54,350 DEBUG Engine.local] Shutdown jmeter/blazedemo
[2017-12-12 10:25:55,354 INFO Engine.jmeter] Sending Shutdown command to JMeter on port 4446...
[2017-12-12 10:25:56,369 DEBUG Engine.jmeter] JMeter stopped on Shutdown command
[2017-12-12 10:25:56,369 DEBUG Engine.console] Restoring logging streams, [<logging.StreamHandler object at 0x103a3d710>]/{<logging.StreamHandler object at 0x103a3d710>: <open file '<stdout>', mode 'w' at 0x102eb3150>}
[2017-12-12 10:25:56,374 DEBUG Engine.Configuration] Dumping YAML config into /Users/daper01/Documents/OSLo/artifacts/2017-12-12_10-24-17.745866/effective.yml
[2017-12-12 10:25:56,459 DEBUG Engine.Configuration] Dumping JSON config into /Users/daper01/Documents/OSLo/artifacts/2017-12-12_10-24-17.745866/effective.json
[2017-12-12 10:25:56,461 WARNING root] Keyboard interrupt
[2017-12-12 10:25:56,462 DEBUG root] KeyboardInterrupt: 
Traceback (most recent call last):
  File "/usr/local/lib/python2.7/site-packages/bzt/cli.py", line 221, in perform
    self.engine.run()
  File "/usr/local/lib/python2.7/site-packages/bzt/engine.py", line 202, in run
    reraise(exc_info)
  File "/usr/local/lib/python2.7/site-packages/bzt/engine.py", line 184, in run
    self._wait()
  File "/usr/local/lib/python2.7/site-packages/bzt/engine.py", line 227, in _wait
    time.sleep(delay)
KeyboardInterrupt
[2017-12-12 10:25:56,462 INFO Engine] Post-processing...
[2017-12-12 10:25:56,462 DEBUG Engine.local] Post-process jmeter/blazedemo
[2017-12-12 10:25:56,462 DEBUG Engine] Add existing artifact (move=True): /Users/daper01/Documents/OSLo/artifacts/2017-12-12_10-24-17.745866/modified_requests.jmx
[2017-12-12 10:25:56,463 DEBUG Engine] No need to copy /Users/daper01/Documents/OSLo/artifacts/2017-12-12_10-24-17.745866/modified_requests.jmx
[2017-12-12 10:25:56,463 DEBUG Engine.local] Post-process jmeter/blazedemo
[2017-12-12 10:25:56,463 DEBUG Engine] Add existing artifact (move=True): /Users/daper01/Documents/OSLo/artifacts/2017-12-12_10-24-17.745866/modified_requests-1.jmx
[2017-12-12 10:25:56,463 DEBUG Engine] No need to copy /Users/daper01/Documents/OSLo/artifacts/2017-12-12_10-24-17.745866/modified_requests-1.jmx
[2017-12-12 10:25:56,463 DEBUG Engine.jmeter.JTLErrorsReader] Opening /Users/daper01/Documents/OSLo/artifacts/2017-12-12_10-24-17.745866/error.jtl
[2017-12-12 10:25:56,464 DEBUG Engine.jmeter.JTLReader.IncrementalCSVReader] Reading JTL: /Users/daper01/Documents/OSLo/artifacts/2017-12-12_10-24-17.745866/kpi.jtl
[2017-12-12 10:25:56,465 DEBUG Engine.jmeter.JTLReader.IncrementalCSVReader] Read lines: 214 / 19726 bytes (at speed 1048576)
[2017-12-12 10:25:56,470 DEBUG Engine.jmeter.JTLReader] Buffer len: 4
[2017-12-12 10:25:56,470 DEBUG Engine.jmeter.JTLReader] Aggregating: 1513103150
[2017-12-12 10:25:56,486 DEBUG Engine.jmeter.JTLReader] Aggregating: 1513103151
[2017-12-12 10:25:56,503 DEBUG Engine.jmeter.JTLReader] Aggregating: 1513103152
[2017-12-12 10:25:56,523 DEBUG Engine.jmeter.JTLReader] Aggregating: 1513103153
[2017-12-12 10:25:56,542 DEBUG Engine.jmeter.JTLErrorsReader] Opening /Users/daper01/Documents/OSLo/artifacts/2017-12-12_10-24-17.745866/error-1.jtl
[2017-12-12 10:25:56,545 DEBUG Engine.jmeter.JTLErrorsReader] Error reading errors.jtl: Traceback (most recent call last):
  File "/usr/local/lib/python2.7/site-packages/bzt/modules/jmeter.py", line 1347, in read_file
    self.parser.feed(read)  # "Huge input lookup" error without capping :)
  File "src/lxml/parser.pxi", line 1240, in lxml.etree._FeedParser.feed
  File "src/lxml/parser.pxi", line 1362, in lxml.etree._FeedParser.feed
  File "src/lxml/parser.pxi", line 589, in lxml.etree._ParserContext._handleParseResult
  File "src/lxml/parser.pxi", line 598, in lxml.etree._ParserContext._handleParseResultDoc
  File "src/lxml/parser.pxi", line 709, in lxml.etree._handleParseResult
  File "src/lxml/parser.pxi", line 638, in lxml.etree._raiseParseError
XMLSyntaxError: Opening and ending tag mismatch: responseData line 86 and testResults, line 105, column 15 (line 105)

[2017-12-12 10:25:56,545 WARNING Engine.jmeter.JTLErrorsReader] Failed to parse errors XML: Opening and ending tag mismatch: responseData line 86 and testResults, line 105, column 15 (line 105)
[2017-12-12 10:25:56,546 DEBUG Engine.jmeter.JTLReader.IncrementalCSVReader] Reading JTL: /Users/daper01/Documents/OSLo/artifacts/2017-12-12_10-24-17.745866/kpi-1.jtl
[2017-12-12 10:25:56,546 DEBUG Engine.jmeter.JTLReader.IncrementalCSVReader] Read lines: 448 / 42264 bytes (at speed 1048576)
[2017-12-12 10:25:56,558 DEBUG Engine.jmeter.JTLReader] Putting sample 1513103116 into 1513103150
[2017-12-12 10:25:56,559 DEBUG Engine.jmeter.JTLReader] Buffer len: 6
[2017-12-12 10:25:56,559 DEBUG Engine.jmeter.JTLReader] Aggregating: 1513103150
[2017-12-12 10:25:56,573 DEBUG Engine.jmeter.JTLReader] Aggregating: 1513103151
[2017-12-12 10:25:56,587 DEBUG Engine.jmeter.JTLReader] Aggregating: 1513103152
[2017-12-12 10:25:56,623 DEBUG Engine.jmeter.JTLReader] Aggregating: 1513103153
[2017-12-12 10:25:56,637 DEBUG Engine.jmeter.JTLReader] Aggregating: 1513103154
[2017-12-12 10:25:56,653 DEBUG Engine.jmeter.JTLReader] Aggregating: 1513103155
[2017-12-12 10:25:56,661 DEBUG Engine.consolidator] Consolidator buffer[8]: [1513103152, 1513103153, 1513103154, 1513103155, 1513103148, 1513103149, 1513103150, 1513103151]
[2017-12-12 10:25:56,661 DEBUG Engine.consolidator] Merging into 1513103148
[2017-12-12 10:25:56,661 DEBUG Engine.consolidator] Merging 1513103148
[2017-12-12 10:25:56,667 DEBUG Engine.consolidator] Merging 1513103148
[2017-12-12 10:25:56,699 DEBUG Engine.consolidator] Processed datapoint: 1513103148/None
[2017-12-12 10:25:56,699 DEBUG Engine.consolidator] Merging into 1513103149
[2017-12-12 10:25:56,699 DEBUG Engine.consolidator] Merging 1513103149
[2017-12-12 10:25:56,705 DEBUG Engine.consolidator] Merging 1513103149
[2017-12-12 10:25:56,724 DEBUG Engine.consolidator] Processed datapoint: 1513103149/None
[2017-12-12 10:25:56,724 DEBUG Engine.consolidator] Merging into 1513103150
[2017-12-12 10:25:56,724 DEBUG Engine.consolidator] Merging 1513103150
[2017-12-12 10:25:56,729 DEBUG Engine.consolidator] Merging 1513103150
[2017-12-12 10:25:56,748 DEBUG Engine.consolidator] Processed datapoint: 1513103150/None
[2017-12-12 10:25:56,748 DEBUG Engine.consolidator] Merging into 1513103151
[2017-12-12 10:25:56,748 DEBUG Engine.consolidator] Merging 1513103151
[2017-12-12 10:25:56,752 DEBUG Engine.consolidator] Merging 1513103151
[2017-12-12 10:25:56,771 DEBUG Engine.consolidator] Processed datapoint: 1513103151/None
[2017-12-12 10:25:56,771 DEBUG Engine.consolidator] Merging into 1513103152
[2017-12-12 10:25:56,771 DEBUG Engine.consolidator] Merging 1513103152
[2017-12-12 10:25:56,775 DEBUG Engine.consolidator] Merging 1513103152
[2017-12-12 10:25:56,796 DEBUG Engine.consolidator] Processed datapoint: 1513103152/None
[2017-12-12 10:25:56,796 DEBUG Engine.consolidator] Merging into 1513103153
[2017-12-12 10:25:56,796 DEBUG Engine.consolidator] Merging 1513103153
[2017-12-12 10:25:56,801 DEBUG Engine.consolidator] Merging 1513103153
[2017-12-12 10:25:56,824 DEBUG Engine.consolidator] Processed datapoint: 1513103153/None
[2017-12-12 10:25:56,824 DEBUG Engine.consolidator] Merging into 1513103154
[2017-12-12 10:25:56,824 DEBUG Engine.consolidator] Merging 1513103154
[2017-12-12 10:25:56,843 DEBUG Engine.consolidator] Processed datapoint: 1513103154/None
[2017-12-12 10:25:56,844 DEBUG Engine.consolidator] Merging into 1513103155
[2017-12-12 10:25:56,844 DEBUG Engine.consolidator] Merging 1513103155
[2017-12-12 10:25:56,860 DEBUG Engine.consolidator] Processed datapoint: 1513103155/None
[2017-12-12 10:25:56,860 INFO Engine.final-stats] Test duration: 0:01:29
[2017-12-12 10:25:56,860 INFO Engine.final-stats] Samples count: 15195, 0.22% failures
[2017-12-12 10:25:56,860 INFO Engine.final-stats] Average times: total 0.309, latency 0.288, connect 0.000
[2017-12-12 10:25:56,861 INFO Engine.final-stats] Percentile 0.0%: 0.007
[2017-12-12 10:25:56,861 INFO Engine.final-stats] Percentile 50.0%: 0.295
[2017-12-12 10:25:56,861 INFO Engine.final-stats] Percentile 90.0%: 0.413
[2017-12-12 10:25:56,861 INFO Engine.final-stats] Percentile 95.0%: 0.439
[2017-12-12 10:25:56,861 INFO Engine.final-stats] Percentile 99.0%: 0.673
[2017-12-12 10:25:56,861 INFO Engine.final-stats] Percentile 99.9%: 2.991
[2017-12-12 10:25:56,861 INFO Engine.final-stats] Percentile 100.0%: 39.130
[2017-12-12 10:25:56,862 DEBUG Engine.console] No logger_handler or orig_stream was detected
[2017-12-12 10:25:56,862 INFO Engine.final-stats] Test duration: 0:01:29
[2017-12-12 10:25:56,862 INFO Engine.final-stats] Samples count: 15195, 0.22% failures
[2017-12-12 10:25:56,862 INFO Engine.final-stats] Average times: total 0.309, latency 0.288, connect 0.000
[2017-12-12 10:25:56,862 INFO Engine.final-stats] Percentile 0.0%: 0.007
[2017-12-12 10:25:56,862 INFO Engine.final-stats] Percentile 50.0%: 0.295
[2017-12-12 10:25:56,862 INFO Engine.final-stats] Percentile 90.0%: 0.413
[2017-12-12 10:25:56,863 INFO Engine.final-stats] Percentile 95.0%: 0.439
[2017-12-12 10:25:56,863 INFO Engine.final-stats] Percentile 99.0%: 0.673
[2017-12-12 10:25:56,863 INFO Engine.final-stats] Percentile 99.9%: 2.991
[2017-12-12 10:25:56,863 INFO Engine.final-stats] Percentile 100.0%: 39.130
[2017-12-12 10:25:56,863 INFO Engine.final-stats] Dumping final status as XML: stats.xml
[2017-12-12 10:25:56,868 DEBUG Engine.Configuration] Dumping YAML config into /Users/daper01/Documents/OSLo/artifacts/2017-12-12_10-24-17.745866/effective.yml
[2017-12-12 10:25:56,943 DEBUG Engine.Configuration] Dumping JSON config into /Users/daper01/Documents/OSLo/artifacts/2017-12-12_10-24-17.745866/effective.json
[2017-12-12 10:25:56,946 INFO root] Artifacts dir: /Users/daper01/Documents/OSLo/artifacts/2017-12-12_10-24-17.745866
[2017-12-12 10:25:56,947 WARNING root] Done performing with code: 1
[2017-12-12 10:25:56,947 DEBUG root] Closing log handler: /Users/daper01/Documents/OSLo/artifacts/2017-12-12_10-24-17.745866/bzt.log
