2017-12-12 10:24:29,263 INFO o.a.j.u.JMeterUtils: Setting Locale to en_US
2017-12-12 10:24:29,283 INFO o.a.j.JMeter: Loading user properties from: /Users/daper01/.bzt/jmeter-taurus/3.3/bin/user.properties
2017-12-12 10:24:29,284 INFO o.a.j.JMeter: Loading system properties from: /Users/daper01/.bzt/jmeter-taurus/3.3/bin/system.properties
2017-12-12 10:24:29,284 INFO o.a.j.JMeter: Setting System properties from file: /Users/daper01/Documents/OSLo/artifacts/2017-12-12_10-24-17.745866/system-1.properties
2017-12-12 10:24:29,290 INFO o.a.j.JMeter: Copyright (c) 1998-2017 The Apache Software Foundation
2017-12-12 10:24:29,291 INFO o.a.j.JMeter: Version 3.3 r1808647
2017-12-12 10:24:29,291 INFO o.a.j.JMeter: java.version=1.8.0_121
2017-12-12 10:24:29,291 INFO o.a.j.JMeter: java.vm.name=Java HotSpot(TM) 64-Bit Server VM
2017-12-12 10:24:29,291 INFO o.a.j.JMeter: os.name=Mac OS X
2017-12-12 10:24:29,291 INFO o.a.j.JMeter: os.arch=x86_64
2017-12-12 10:24:29,291 INFO o.a.j.JMeter: os.version=10.13.1
2017-12-12 10:24:29,291 INFO o.a.j.JMeter: file.encoding=UTF-8
2017-12-12 10:24:29,291 INFO o.a.j.JMeter: Max memory     =3817865216
2017-12-12 10:24:29,291 INFO o.a.j.JMeter: Available Processors =4
2017-12-12 10:24:29,296 INFO o.a.j.JMeter: Default Locale=English (United States)
2017-12-12 10:24:29,297 INFO o.a.j.JMeter: JMeter  Locale=English (United States)
2017-12-12 10:24:29,297 INFO o.a.j.JMeter: JMeterHome=/Users/daper01/.bzt/jmeter-taurus/3.3
2017-12-12 10:24:29,297 INFO o.a.j.JMeter: user.dir  =/Users/daper01/Documents/OSLo
2017-12-12 10:24:29,297 INFO o.a.j.JMeter: PWD       =/Users/daper01/Documents/OSLo
2017-12-12 10:24:29,298 INFO o.a.j.JMeter: IP: 192.168.1.77 Name: daper01mac1124 FullName: daper01mac1124
2017-12-12 10:24:29,298 INFO o.a.j.JMeter: user.classpath=/Users/daper01/Documents/OSLo/artifacts/2017-12-12_10-24-17.745866
2017-12-12 10:24:29,299 INFO o.a.j.JMeter: Adding to classpath and loader: /Users/daper01/Documents/OSLo/artifacts/2017-12-12_10-24-17.745866
2017-12-12 10:24:29,303 INFO o.a.j.s.FileServer: Default base='/Users/daper01/Documents/OSLo'
2017-12-12 10:24:29,303 INFO o.a.j.s.FileServer: Set new base='/Users/daper01/Documents/OSLo/artifacts/2017-12-12_10-24-17.745866'
2017-12-12 10:24:29,516 INFO o.a.j.s.SaveService: Testplan (JMX) version: 2.2. Testlog (JTL) version: 2.2
2017-12-12 10:24:29,548 INFO o.a.j.s.SaveService: Using SaveService properties file encoding UTF-8
2017-12-12 10:24:29,567 INFO o.a.j.s.SaveService: Using SaveService properties version 3.2
2017-12-12 10:24:29,577 INFO o.a.j.s.SaveService: Loading file: /Users/daper01/Documents/OSLo/artifacts/2017-12-12_10-24-17.745866/modified_requests-1.jmx
2017-12-12 10:24:29,657 INFO o.a.j.p.h.c.CacheManager: Will only cache the following methods: [GET]
2017-12-12 10:24:29,658 INFO o.a.j.p.h.c.CookieManager: Settings: Delete null: true Check: true Allow variable: true Save: false Prefix: COOKIE_
2017-12-12 10:24:29,684 INFO o.a.j.p.h.s.HTTPSamplerBase: Parser for text/html is org.apache.jmeter.protocol.http.parser.LagartoBasedHtmlParser
2017-12-12 10:24:29,684 INFO o.a.j.p.h.s.HTTPSamplerBase: Parser for application/xhtml+xml is org.apache.jmeter.protocol.http.parser.LagartoBasedHtmlParser
2017-12-12 10:24:29,684 INFO o.a.j.p.h.s.HTTPSamplerBase: Parser for application/xml is org.apache.jmeter.protocol.http.parser.LagartoBasedHtmlParser
2017-12-12 10:24:29,684 INFO o.a.j.p.h.s.HTTPSamplerBase: Parser for text/xml is org.apache.jmeter.protocol.http.parser.LagartoBasedHtmlParser
2017-12-12 10:24:29,684 INFO o.a.j.p.h.s.HTTPSamplerBase: Parser for text/vnd.wap.wml is org.apache.jmeter.protocol.http.parser.RegexpHTMLParser
2017-12-12 10:24:29,684 INFO o.a.j.p.h.s.HTTPSamplerBase: Parser for text/css is org.apache.jmeter.protocol.http.parser.CssParser
2017-12-12 10:24:29,756 INFO o.a.j.e.StandardJMeterEngine: Running the test!
2017-12-12 10:24:29,757 INFO o.a.j.s.SampleEvent: List of sample_variables: []
2017-12-12 10:24:29,757 INFO o.a.j.s.SampleEvent: List of sample_variables: []
2017-12-12 10:24:29,762 INFO o.a.j.e.u.CompoundVariable: Note: Function class names must contain the string: '.functions.'
2017-12-12 10:24:29,762 INFO o.a.j.e.u.CompoundVariable: Note: Function class names must not contain the string: '.gui.'
2017-12-12 10:24:30,795 INFO o.a.j.JMeter: Running test (1513103070795)
2017-12-12 10:24:30,852 INFO o.a.j.e.StandardJMeterEngine: Starting ThreadGroup: 1 : blazedemo
2017-12-12 10:24:30,852 INFO o.a.j.e.StandardJMeterEngine: Starting 50 threads for group blazedemo.
2017-12-12 10:24:30,852 INFO o.a.j.e.StandardJMeterEngine: Thread will continue on error
2017-12-12 10:24:30,858 INFO c.b.j.t.c.ConcurrencyThreadStarter: Start supplying threads
2017-12-12 10:24:30,858 INFO o.a.j.e.StandardJMeterEngine: All thread groups have been started
2017-12-12 10:24:32,071 INFO o.a.j.s.SampleResult: Note: Sample TimeStamps are START times
2017-12-12 10:24:32,071 INFO o.a.j.s.SampleResult: sampleresult.default.encoding is set to UTF-8
2017-12-12 10:24:32,095 INFO o.a.j.s.SampleResult: sampleresult.useNanoTime=true
2017-12-12 10:24:32,095 INFO o.a.j.s.SampleResult: sampleresult.nanoThreadSleep=5000
2017-12-12 10:24:32,328 INFO o.a.j.t.JMeterThread: Thread started: blazedemo 1-1
2017-12-12 10:24:32,331 INFO o.a.j.s.FileServer: Stored: /Users/daper01/Documents/OSLo/param.csv
2017-12-12 10:24:32,353 INFO o.a.j.p.h.s.HTTPHCAbstractImpl: Local host = daper01mac1124
2017-12-12 10:24:32,359 INFO o.a.j.p.h.s.HTTPHC4Impl: HTTP request retry count = 0
2017-12-12 10:24:35,116 INFO o.a.j.t.JMeterThread: Thread started: blazedemo 1-2
2017-12-12 10:24:37,121 INFO o.a.j.t.JMeterThread: Thread started: blazedemo 1-3
2017-12-12 10:24:40,130 INFO o.a.j.t.JMeterThread: Thread started: blazedemo 1-4
2017-12-12 10:24:42,135 INFO o.a.j.t.JMeterThread: Thread started: blazedemo 1-5
2017-12-12 10:24:44,151 INFO o.a.j.t.JMeterThread: Thread started: blazedemo 1-6
2017-12-12 10:24:47,161 INFO o.a.j.t.JMeterThread: Thread started: blazedemo 1-7
2017-12-12 10:24:49,162 INFO o.a.j.t.JMeterThread: Thread started: blazedemo 1-8
2017-12-12 10:24:52,169 INFO o.a.j.t.JMeterThread: Thread started: blazedemo 1-9
2017-12-12 10:24:54,173 INFO o.a.j.t.JMeterThread: Thread started: blazedemo 1-10
2017-12-12 10:24:56,182 INFO o.a.j.t.JMeterThread: Thread started: blazedemo 1-11
2017-12-12 10:24:59,184 INFO o.a.j.t.JMeterThread: Thread started: blazedemo 1-12
2017-12-12 10:25:01,192 INFO o.a.j.t.JMeterThread: Thread started: blazedemo 1-13
2017-12-12 10:25:04,202 INFO o.a.j.t.JMeterThread: Thread started: blazedemo 1-14
2017-12-12 10:25:06,209 INFO o.a.j.t.JMeterThread: Thread started: blazedemo 1-15
2017-12-12 10:25:08,219 INFO o.a.j.t.JMeterThread: Thread started: blazedemo 1-16
2017-12-12 10:25:11,222 INFO o.a.j.t.JMeterThread: Thread started: blazedemo 1-17
2017-12-12 10:25:13,229 INFO o.a.j.t.JMeterThread: Thread started: blazedemo 1-18
2017-12-12 10:25:16,242 INFO o.a.j.t.JMeterThread: Thread started: blazedemo 1-19
2017-12-12 10:25:18,244 INFO o.a.j.t.JMeterThread: Thread started: blazedemo 1-20
2017-12-12 10:25:20,246 INFO o.a.j.t.JMeterThread: Thread started: blazedemo 1-21
2017-12-12 10:25:23,255 INFO o.a.j.t.JMeterThread: Thread started: blazedemo 1-22
2017-12-12 10:25:25,263 INFO o.a.j.t.JMeterThread: Thread started: blazedemo 1-23
2017-12-12 10:25:27,270 INFO o.a.j.t.JMeterThread: Thread started: blazedemo 1-24
2017-12-12 10:25:30,278 INFO o.a.j.t.JMeterThread: Thread started: blazedemo 1-25
2017-12-12 10:25:32,286 INFO o.a.j.t.JMeterThread: Thread started: blazedemo 1-26
2017-12-12 10:25:35,296 INFO o.a.j.t.JMeterThread: Thread started: blazedemo 1-27
2017-12-12 10:25:37,302 INFO o.a.j.t.JMeterThread: Thread started: blazedemo 1-28
2017-12-12 10:25:39,304 INFO o.a.j.t.JMeterThread: Thread started: blazedemo 1-29
2017-12-12 10:25:42,314 INFO o.a.j.t.JMeterThread: Thread started: blazedemo 1-30
2017-12-12 10:25:44,317 INFO o.a.j.t.JMeterThread: Thread started: blazedemo 1-31
2017-12-12 10:25:47,323 INFO o.a.j.t.JMeterThread: Thread started: blazedemo 1-32
2017-12-12 10:25:49,331 INFO o.a.j.t.JMeterThread: Thread started: blazedemo 1-33
2017-12-12 10:25:51,339 INFO o.a.j.t.JMeterThread: Thread started: blazedemo 1-34
2017-12-12 10:25:54,353 INFO o.a.j.t.JMeterThread: Thread started: blazedemo 1-35
2017-12-12 10:25:55,364 INFO o.a.j.JMeter: Command: Shutdown received from /127.0.0.1
2017-12-12 10:25:55,366 INFO c.b.j.t.c.ConcurrencyThreadStarter: Done supplying threads
2017-12-12 10:25:55,366 WARN o.a.j.t.JMeterThread: Interrupting: blazedemo 1-6 sampler: Welcome Page
2017-12-12 10:25:55,367 INFO o.a.j.t.JMeterThread: Thread is done: blazedemo 1-28
2017-12-12 10:25:55,367 WARN o.a.j.t.JMeterThread: Interrupting: blazedemo 1-17 sampler: Confirmation Page
2017-12-12 10:25:55,367 INFO o.a.j.t.JMeterThread: Thread finished: blazedemo 1-28
2017-12-12 10:25:55,368 WARN o.a.j.t.JMeterThread: Interrupting: blazedemo 1-19 sampler: Reserve Page
2017-12-12 10:25:55,368 WARN o.a.j.t.JMeterThread: Interrupting: blazedemo 1-9 sampler: Confirmation Page
2017-12-12 10:25:55,369 INFO o.a.j.t.JMeterThread: Thread is done: blazedemo 1-24
2017-12-12 10:25:55,369 INFO o.a.j.t.JMeterThread: Thread finished: blazedemo 1-24
2017-12-12 10:25:55,370 WARN o.a.j.t.JMeterThread: Interrupting: blazedemo 1-10 sampler: Confirmation Page
2017-12-12 10:25:55,371 WARN o.a.j.t.JMeterThread: Interrupting: blazedemo 1-22 sampler: Reserve Page
2017-12-12 10:25:55,372 WARN o.a.j.t.JMeterThread: Interrupting: blazedemo 1-34 sampler: Confirmation Page
2017-12-12 10:25:55,372 WARN o.a.j.t.JMeterThread: Interrupting: blazedemo 1-1 sampler: Reserve Page
2017-12-12 10:25:55,373 WARN o.a.j.t.JMeterThread: Interrupting: blazedemo 1-20 sampler: Reserve Page
2017-12-12 10:25:55,374 WARN o.a.j.t.JMeterThread: Interrupting: blazedemo 1-13 sampler: Welcome Page
2017-12-12 10:25:55,375 WARN o.a.j.t.JMeterThread: Interrupting: blazedemo 1-30 sampler: Welcome Page
2017-12-12 10:25:55,376 WARN o.a.j.t.JMeterThread: Interrupting: blazedemo 1-4 sampler: Welcome Page
2017-12-12 10:25:55,376 WARN o.a.j.t.JMeterThread: Interrupting: blazedemo 1-12 sampler: Reserve Page
2017-12-12 10:25:55,378 WARN o.a.j.t.JMeterThread: Interrupting: blazedemo 1-27 sampler: Purchase Page
2017-12-12 10:25:55,378 WARN o.a.j.t.JMeterThread: Interrupting: blazedemo 1-16 sampler: Welcome Page
2017-12-12 10:25:55,379 WARN o.a.j.t.JMeterThread: Interrupting: blazedemo 1-18 sampler: Reserve Page
2017-12-12 10:25:55,380 WARN o.a.j.t.JMeterThread: Interrupting: blazedemo 1-23 sampler: Reserve Page
2017-12-12 10:25:55,381 WARN o.a.j.t.JMeterThread: Interrupting: blazedemo 1-8 sampler: Reserve Page
2017-12-12 10:25:55,382 WARN o.a.j.t.JMeterThread: Interrupting: blazedemo 1-2 sampler: Welcome Page
2017-12-12 10:25:55,384 WARN o.a.j.t.JMeterThread: Interrupting: blazedemo 1-14 sampler: Purchase Page
2017-12-12 10:25:55,385 WARN o.a.j.t.JMeterThread: Interrupting: blazedemo 1-25 sampler: Confirmation Page
2017-12-12 10:25:55,386 WARN o.a.j.t.JMeterThread: Interrupting: blazedemo 1-33 sampler: Confirmation Page
2017-12-12 10:25:55,387 WARN o.a.j.t.JMeterThread: Interrupting: blazedemo 1-3 sampler: Welcome Page
2017-12-12 10:25:55,388 WARN o.a.j.t.JMeterThread: Interrupting: blazedemo 1-31 sampler: Purchase Page
2017-12-12 10:25:55,388 INFO o.a.j.t.JMeterThread: Thread is done: blazedemo 1-6
2017-12-12 10:25:55,390 INFO o.a.j.t.JMeterThread: Thread finished: blazedemo 1-6
2017-12-12 10:25:55,390 WARN o.a.j.t.JMeterThread: Interrupting: blazedemo 1-35 sampler: Welcome Page
2017-12-12 10:25:55,392 INFO o.a.j.t.JMeterThread: Thread is done: blazedemo 1-25
2017-12-12 10:25:55,393 INFO o.a.j.t.JMeterThread: Thread finished: blazedemo 1-25
2017-12-12 10:25:55,393 WARN o.a.j.t.JMeterThread: Interrupting: blazedemo 1-29 sampler: Confirmation Page
2017-12-12 10:25:55,394 WARN o.a.j.t.JMeterThread: Interrupting: blazedemo 1-11 sampler: Welcome Page
2017-12-12 10:25:55,393 INFO o.a.j.e.StandardJMeterEngine: Notifying test listeners of end of test
2017-12-12 10:25:55,395 INFO o.a.j.s.FileServer: Close: /Users/daper01/Documents/OSLo/param.csv
2017-12-12 10:25:55,396 WARN o.a.j.t.JMeterThread: Interrupting: blazedemo 1-15 sampler: Confirmation Page
2017-12-12 10:25:55,396 WARN o.a.j.t.JMeterThread: Interrupting: blazedemo 1-21 sampler: Welcome Page
2017-12-12 10:25:55,397 INFO o.a.j.t.JMeterThread: Thread is done: blazedemo 1-14
2017-12-12 10:25:55,397 INFO o.a.j.t.JMeterThread: Thread finished: blazedemo 1-14
2017-12-12 10:25:55,398 INFO o.a.j.t.JMeterThread: Thread is done: blazedemo 1-2
2017-12-12 10:25:55,399 INFO o.a.j.t.JMeterThread: Thread finished: blazedemo 1-2
2017-12-12 10:25:55,399 INFO o.a.j.e.StandardJMeterEngine: Forced JVM shutdown requested at end of test
2017-12-12 10:25:55,400 INFO o.a.j.t.JMeterThread: Thread is done: blazedemo 1-8
2017-12-12 10:25:55,400 INFO o.a.j.t.JMeterThread: Thread finished: blazedemo 1-8
2017-12-12 10:25:55,401 INFO o.a.j.t.JMeterThread: Thread is done: blazedemo 1-23
2017-12-12 10:25:55,401 INFO o.a.j.t.JMeterThread: Thread finished: blazedemo 1-23
