2017-12-12 10:24:29,373 INFO o.a.j.u.JMeterUtils: Setting Locale to en_US
2017-12-12 10:24:29,402 INFO o.a.j.JMeter: Loading user properties from: /Users/daper01/.bzt/jmeter-taurus/3.3/bin/user.properties
2017-12-12 10:24:29,403 INFO o.a.j.JMeter: Loading system properties from: /Users/daper01/.bzt/jmeter-taurus/3.3/bin/system.properties
2017-12-12 10:24:29,404 INFO o.a.j.JMeter: Setting System properties from file: /Users/daper01/Documents/OSLo/artifacts/2017-12-12_10-24-17.745866/system.properties
2017-12-12 10:24:29,411 INFO o.a.j.JMeter: Copyright (c) 1998-2017 The Apache Software Foundation
2017-12-12 10:24:29,411 INFO o.a.j.JMeter: Version 3.3 r1808647
2017-12-12 10:24:29,412 INFO o.a.j.JMeter: java.version=1.8.0_121
2017-12-12 10:24:29,412 INFO o.a.j.JMeter: java.vm.name=Java HotSpot(TM) 64-Bit Server VM
2017-12-12 10:24:29,412 INFO o.a.j.JMeter: os.name=Mac OS X
2017-12-12 10:24:29,412 INFO o.a.j.JMeter: os.arch=x86_64
2017-12-12 10:24:29,412 INFO o.a.j.JMeter: os.version=10.13.1
2017-12-12 10:24:29,412 INFO o.a.j.JMeter: file.encoding=UTF-8
2017-12-12 10:24:29,412 INFO o.a.j.JMeter: Max memory     =3817865216
2017-12-12 10:24:29,412 INFO o.a.j.JMeter: Available Processors =4
2017-12-12 10:24:29,417 INFO o.a.j.JMeter: Default Locale=English (United States)
2017-12-12 10:24:29,417 INFO o.a.j.JMeter: JMeter  Locale=English (United States)
2017-12-12 10:24:29,417 INFO o.a.j.JMeter: JMeterHome=/Users/daper01/.bzt/jmeter-taurus/3.3
2017-12-12 10:24:29,418 INFO o.a.j.JMeter: user.dir  =/Users/daper01/Documents/OSLo
2017-12-12 10:24:29,418 INFO o.a.j.JMeter: PWD       =/Users/daper01/Documents/OSLo
2017-12-12 10:24:29,422 INFO o.a.j.JMeter: IP: 192.168.1.77 Name: daper01mac1124 FullName: daper01mac1124
2017-12-12 10:24:29,422 INFO o.a.j.JMeter: user.classpath=/Users/daper01/Documents/OSLo/artifacts/2017-12-12_10-24-17.745866
2017-12-12 10:24:29,422 INFO o.a.j.JMeter: Adding to classpath and loader: /Users/daper01/Documents/OSLo/artifacts/2017-12-12_10-24-17.745866
2017-12-12 10:24:29,428 INFO o.a.j.s.FileServer: Default base='/Users/daper01/Documents/OSLo'
2017-12-12 10:24:29,428 INFO o.a.j.s.FileServer: Set new base='/Users/daper01/Documents/OSLo/artifacts/2017-12-12_10-24-17.745866'
2017-12-12 10:24:29,652 INFO o.a.j.s.SaveService: Testplan (JMX) version: 2.2. Testlog (JTL) version: 2.2
2017-12-12 10:24:29,672 INFO o.a.j.s.SaveService: Using SaveService properties file encoding UTF-8
2017-12-12 10:24:29,679 INFO o.a.j.s.SaveService: Using SaveService properties version 3.2
2017-12-12 10:24:29,689 INFO o.a.j.s.SaveService: Loading file: /Users/daper01/Documents/OSLo/artifacts/2017-12-12_10-24-17.745866/modified_requests.jmx
2017-12-12 10:24:29,814 INFO o.a.j.p.h.c.CacheManager: Will only cache the following methods: [GET]
2017-12-12 10:24:29,817 INFO o.a.j.p.h.c.CookieManager: Settings: Delete null: true Check: true Allow variable: true Save: false Prefix: COOKIE_
2017-12-12 10:24:29,856 INFO o.a.j.p.h.s.HTTPSamplerBase: Parser for text/html is org.apache.jmeter.protocol.http.parser.LagartoBasedHtmlParser
2017-12-12 10:24:29,856 INFO o.a.j.p.h.s.HTTPSamplerBase: Parser for application/xhtml+xml is org.apache.jmeter.protocol.http.parser.LagartoBasedHtmlParser
2017-12-12 10:24:29,856 INFO o.a.j.p.h.s.HTTPSamplerBase: Parser for application/xml is org.apache.jmeter.protocol.http.parser.LagartoBasedHtmlParser
2017-12-12 10:24:29,856 INFO o.a.j.p.h.s.HTTPSamplerBase: Parser for text/xml is org.apache.jmeter.protocol.http.parser.LagartoBasedHtmlParser
2017-12-12 10:24:29,856 INFO o.a.j.p.h.s.HTTPSamplerBase: Parser for text/vnd.wap.wml is org.apache.jmeter.protocol.http.parser.RegexpHTMLParser
2017-12-12 10:24:29,856 INFO o.a.j.p.h.s.HTTPSamplerBase: Parser for text/css is org.apache.jmeter.protocol.http.parser.CssParser
2017-12-12 10:24:29,914 INFO o.a.j.e.StandardJMeterEngine: Running the test!
2017-12-12 10:24:29,915 INFO o.a.j.s.SampleEvent: List of sample_variables: []
2017-12-12 10:24:29,915 INFO o.a.j.s.SampleEvent: List of sample_variables: []
2017-12-12 10:24:29,919 INFO o.a.j.e.u.CompoundVariable: Note: Function class names must contain the string: '.functions.'
2017-12-12 10:24:29,919 INFO o.a.j.e.u.CompoundVariable: Note: Function class names must not contain the string: '.gui.'
2017-12-12 10:24:30,922 INFO o.a.j.JMeter: Running test (1513103070922)
2017-12-12 10:24:30,990 INFO o.a.j.e.StandardJMeterEngine: Starting ThreadGroup: 1 : blazedemo
2017-12-12 10:24:30,990 INFO o.a.j.e.StandardJMeterEngine: Starting 50 threads for group blazedemo.
2017-12-12 10:24:30,990 INFO o.a.j.e.StandardJMeterEngine: Thread will continue on error
2017-12-12 10:24:30,996 INFO o.a.j.e.StandardJMeterEngine: All thread groups have been started
2017-12-12 10:24:30,996 INFO c.b.j.t.c.ConcurrencyThreadStarter: Start supplying threads
2017-12-12 10:24:31,310 INFO o.a.j.s.SampleResult: Note: Sample TimeStamps are START times
2017-12-12 10:24:31,310 INFO o.a.j.s.SampleResult: sampleresult.default.encoding is set to UTF-8
2017-12-12 10:24:31,310 INFO o.a.j.s.SampleResult: sampleresult.useNanoTime=true
2017-12-12 10:24:31,310 INFO o.a.j.s.SampleResult: sampleresult.nanoThreadSleep=5000
2017-12-12 10:24:31,835 INFO o.a.j.t.JMeterThread: Thread started: blazedemo 1-1
2017-12-12 10:24:31,838 INFO o.a.j.s.FileServer: Stored: /Users/daper01/Documents/OSLo/param.csv
2017-12-12 10:24:31,869 INFO o.a.j.p.h.s.HTTPHCAbstractImpl: Local host = daper01mac1124
2017-12-12 10:24:31,874 INFO o.a.j.p.h.s.HTTPHC4Impl: HTTP request retry count = 0
2017-12-12 10:24:32,330 INFO o.a.j.t.JMeterThread: Thread started: blazedemo 1-2
2017-12-12 10:24:33,342 INFO o.a.j.t.JMeterThread: Thread started: blazedemo 1-3
2017-12-12 10:24:33,342 INFO o.a.j.t.JMeterThread: Thread started: blazedemo 1-4
2017-12-12 10:24:34,343 INFO o.a.j.t.JMeterThread: Thread started: blazedemo 1-5
2017-12-12 10:24:34,348 INFO o.a.j.t.JMeterThread: Thread started: blazedemo 1-6
2017-12-12 10:24:35,353 INFO o.a.j.t.JMeterThread: Thread started: blazedemo 1-7
2017-12-12 10:24:36,359 INFO o.a.j.t.JMeterThread: Thread started: blazedemo 1-8
2017-12-12 10:24:36,361 INFO o.a.j.t.JMeterThread: Thread started: blazedemo 1-9
2017-12-12 10:24:37,364 INFO o.a.j.t.JMeterThread: Thread started: blazedemo 1-10
2017-12-12 10:24:37,365 INFO o.a.j.t.JMeterThread: Thread started: blazedemo 1-11
2017-12-12 10:24:38,371 INFO o.a.j.t.JMeterThread: Thread started: blazedemo 1-12
2017-12-12 10:24:39,375 INFO o.a.j.t.JMeterThread: Thread started: blazedemo 1-13
2017-12-12 10:24:39,376 INFO o.a.j.t.JMeterThread: Thread started: blazedemo 1-14
2017-12-12 10:24:40,381 INFO o.a.j.t.JMeterThread: Thread started: blazedemo 1-15
2017-12-12 10:24:40,386 INFO o.a.j.t.JMeterThread: Thread started: blazedemo 1-16
2017-12-12 10:24:41,384 INFO o.a.j.t.JMeterThread: Thread started: blazedemo 1-17
2017-12-12 10:24:42,389 INFO o.a.j.t.JMeterThread: Thread started: blazedemo 1-18
2017-12-12 10:24:42,389 INFO o.a.j.t.JMeterThread: Thread started: blazedemo 1-19
2017-12-12 10:24:43,394 INFO o.a.j.t.JMeterThread: Thread started: blazedemo 1-20
2017-12-12 10:24:43,395 INFO o.a.j.t.JMeterThread: Thread started: blazedemo 1-21
2017-12-12 10:24:44,399 INFO o.a.j.t.JMeterThread: Thread started: blazedemo 1-22
2017-12-12 10:24:45,405 INFO o.a.j.t.JMeterThread: Thread started: blazedemo 1-23
2017-12-12 10:24:45,405 INFO o.a.j.t.JMeterThread: Thread started: blazedemo 1-24
2017-12-12 10:24:46,410 INFO o.a.j.t.JMeterThread: Thread started: blazedemo 1-25
2017-12-12 10:24:46,411 INFO o.a.j.t.JMeterThread: Thread started: blazedemo 1-26
2017-12-12 10:24:47,412 INFO o.a.j.t.JMeterThread: Thread started: blazedemo 1-27
2017-12-12 10:24:48,415 INFO o.a.j.t.JMeterThread: Thread started: blazedemo 1-28
2017-12-12 10:24:48,415 INFO o.a.j.t.JMeterThread: Thread started: blazedemo 1-29
2017-12-12 10:24:49,420 INFO o.a.j.t.JMeterThread: Thread started: blazedemo 1-30
2017-12-12 10:24:49,421 INFO o.a.j.t.JMeterThread: Thread started: blazedemo 1-31
2017-12-12 10:24:50,426 INFO o.a.j.t.JMeterThread: Thread started: blazedemo 1-32
2017-12-12 10:24:51,429 INFO o.a.j.t.JMeterThread: Thread started: blazedemo 1-33
2017-12-12 10:24:51,429 INFO o.a.j.t.JMeterThread: Thread started: blazedemo 1-34
2017-12-12 10:24:52,430 INFO o.a.j.t.JMeterThread: Thread started: blazedemo 1-35
2017-12-12 10:24:52,430 INFO o.a.j.t.JMeterThread: Thread started: blazedemo 1-36
2017-12-12 10:24:53,432 INFO o.a.j.t.JMeterThread: Thread started: blazedemo 1-37
2017-12-12 10:24:54,435 INFO o.a.j.t.JMeterThread: Thread started: blazedemo 1-38
2017-12-12 10:24:54,436 INFO o.a.j.t.JMeterThread: Thread started: blazedemo 1-39
2017-12-12 10:24:55,442 INFO o.a.j.t.JMeterThread: Thread started: blazedemo 1-40
2017-12-12 10:24:55,443 INFO o.a.j.t.JMeterThread: Thread started: blazedemo 1-41
2017-12-12 10:24:56,448 INFO o.a.j.t.JMeterThread: Thread started: blazedemo 1-42
2017-12-12 10:24:57,454 INFO o.a.j.t.JMeterThread: Thread started: blazedemo 1-43
2017-12-12 10:24:57,454 INFO o.a.j.t.JMeterThread: Thread started: blazedemo 1-44
2017-12-12 10:24:58,457 INFO o.a.j.t.JMeterThread: Thread started: blazedemo 1-45
2017-12-12 10:24:58,458 INFO o.a.j.t.JMeterThread: Thread started: blazedemo 1-46
2017-12-12 10:24:59,462 INFO o.a.j.t.JMeterThread: Thread started: blazedemo 1-47
2017-12-12 10:25:00,462 INFO o.a.j.t.JMeterThread: Thread started: blazedemo 1-48
2017-12-12 10:25:00,464 INFO o.a.j.t.JMeterThread: Thread started: blazedemo 1-49
2017-12-12 10:25:01,469 INFO o.a.j.t.JMeterThread: Thread started: blazedemo 1-50
2017-12-12 10:25:53,345 INFO o.a.j.JMeter: Command: Shutdown received from /127.0.0.1
2017-12-12 10:25:53,346 WARN o.a.j.t.JMeterThread: Interrupting: blazedemo 1-42 sampler: Reserve Page
2017-12-12 10:25:53,347 INFO c.b.j.t.c.ConcurrencyThreadStarter: Done supplying threads
2017-12-12 10:25:53,350 WARN o.a.j.t.JMeterThread: Interrupting: blazedemo 1-21 sampler: Welcome Page
2017-12-12 10:25:53,352 WARN o.a.j.t.JMeterThread: Interrupting: blazedemo 1-1 sampler: Welcome Page
2017-12-12 10:25:53,358 WARN o.a.j.t.JMeterThread: Interrupting: blazedemo 1-4 sampler: Purchase Page
2017-12-12 10:25:53,359 WARN o.a.j.t.JMeterThread: Interrupting: blazedemo 1-26 sampler: Welcome Page
2017-12-12 10:25:53,362 WARN o.a.j.t.JMeterThread: Interrupting: blazedemo 1-10 sampler: Welcome Page
2017-12-12 10:25:53,367 INFO o.a.j.t.JMeterThread: Thread is done: blazedemo 1-21
2017-12-12 10:25:53,367 INFO o.a.j.t.JMeterThread: Thread finished: blazedemo 1-21
2017-12-12 10:25:53,369 WARN o.a.j.t.JMeterThread: Interrupting: blazedemo 1-22 sampler: Reserve Page
2017-12-12 10:25:53,370 INFO o.a.j.t.JMeterThread: Thread is done: blazedemo 1-4
2017-12-12 10:25:53,370 INFO o.a.j.t.JMeterThread: Thread finished: blazedemo 1-4
2017-12-12 10:25:53,372 WARN o.a.j.t.JMeterThread: Interrupting: blazedemo 1-36 sampler: Confirmation Page
2017-12-12 10:25:53,373 INFO o.a.j.t.JMeterThread: Thread is done: blazedemo 1-42
2017-12-12 10:25:53,373 INFO o.a.j.t.JMeterThread: Thread finished: blazedemo 1-42
2017-12-12 10:25:53,373 WARN o.a.j.t.JMeterThread: Interrupting: blazedemo 1-32 sampler: Confirmation Page
2017-12-12 10:25:53,374 INFO o.a.j.e.StandardJMeterEngine: Notifying test listeners of end of test
2017-12-12 10:25:53,374 INFO o.a.j.s.FileServer: Close: /Users/daper01/Documents/OSLo/param.csv
2017-12-12 10:25:53,375 WARN o.a.j.t.JMeterThread: Interrupting: blazedemo 1-11 sampler: Reserve Page
2017-12-12 10:25:53,376 WARN o.a.j.t.JMeterThread: Interrupting: blazedemo 1-19 sampler: Welcome Page
2017-12-12 10:25:53,375 INFO o.a.j.t.JMeterThread: Thread is done: blazedemo 1-1
2017-12-12 10:25:53,376 INFO o.a.j.t.JMeterThread: Thread finished: blazedemo 1-1
2017-12-12 10:25:53,378 INFO o.a.j.t.JMeterThread: Thread is done: blazedemo 1-22
2017-12-12 10:25:53,378 INFO o.a.j.t.JMeterThread: Thread finished: blazedemo 1-22
2017-12-12 10:25:53,380 INFO o.a.j.t.JMeterThread: Thread is done: blazedemo 1-10
2017-12-12 10:25:53,380 INFO o.a.j.t.JMeterThread: Thread is done: blazedemo 1-19
2017-12-12 10:25:53,380 INFO o.a.j.t.JMeterThread: Thread finished: blazedemo 1-10
2017-12-12 10:25:53,385 INFO o.a.j.t.JMeterThread: Thread is done: blazedemo 1-32
2017-12-12 10:25:53,385 INFO o.a.j.t.JMeterThread: Thread finished: blazedemo 1-32
2017-12-12 10:25:53,385 INFO o.a.j.t.JMeterThread: Thread is done: blazedemo 1-26
2017-12-12 10:25:53,389 INFO o.a.j.t.JMeterThread: Thread finished: blazedemo 1-26
2017-12-12 10:25:53,378 INFO o.a.j.e.StandardJMeterEngine: Forced JVM shutdown requested at end of test
2017-12-12 10:25:53,385 INFO o.a.j.t.JMeterThread: Thread finished: blazedemo 1-19
2017-12-12 10:25:53,378 WARN o.a.j.t.JMeterThread: Interrupting: blazedemo 1-44 sampler: Reserve Page
2017-12-12 10:25:53,389 INFO o.a.j.t.JMeterThread: Thread is done: blazedemo 1-36
2017-12-12 10:25:53,386 INFO o.a.j.t.JMeterThread: Thread is done: blazedemo 1-11
2017-12-12 10:25:53,390 INFO o.a.j.t.JMeterThread: Thread finished: blazedemo 1-11
2017-12-12 10:25:53,390 INFO o.a.j.t.JMeterThread: Thread finished: blazedemo 1-36
