[2017-12-07 15:10:48,604 INFO root] Taurus CLI Tool v1.9.6
[2017-12-07 15:10:48,605 DEBUG root] Command-line options: {'verbose': None, 'no_system_configs': None, 'quiet': None, 'log': '/var/folders/vq/xzrdy2lx047cst78f69v8z3xfzqz1q/T/bzt_2Tsn9y.log', 'option': None, 'aliases': ['cloud', 'detach']}
[2017-12-07 15:10:48,605 DEBUG root] Python: CPython 2.7.13
[2017-12-07 15:10:48,605 DEBUG root] OS: ('Darwin', 'daper01mac1124', '17.2.0', 'Darwin Kernel Version 17.2.0: Fri Sep 29 18:27:05 PDT 2017; root:xnu-4570.20.62~3/RELEASE_X86_64', 'x86_64', 'i386')
[2017-12-07 15:10:48,605 INFO root] Starting with configs: ['python_Selenium.yml']
[2017-12-07 15:10:48,605 DEBUG root] Using personal config: /Users/daper01/.bzt-rc
[2017-12-07 15:10:48,605 INFO Engine] Configuring...
[2017-12-07 15:10:48,605 DEBUG Engine] Reading extension configs from: /usr/local/etc/bzt.d
[2017-12-07 15:10:48,605 DEBUG Engine.Configuration] Configs: ['/usr/local/lib/python2.7/site-packages/bzt/resources/base-config.yml', '/usr/local/etc/bzt.d/99-installID.yml']
[2017-12-07 15:10:48,606 DEBUG Engine.Configuration] Reading /usr/local/lib/python2.7/site-packages/bzt/resources/base-config.yml as YAML
[2017-12-07 15:10:48,631 DEBUG Engine.Configuration] Reading /usr/local/etc/bzt.d/99-installID.yml as YAML
[2017-12-07 15:10:48,632 DEBUG Engine.Configuration] Configs: ['/Users/daper01/.bzt-rc', 'python_Selenium.yml']
[2017-12-07 15:10:48,633 DEBUG Engine.Configuration] Reading /Users/daper01/.bzt-rc as YAML
[2017-12-07 15:10:48,633 DEBUG Engine.Configuration] Reading python_Selenium.yml as YAML
[2017-12-07 15:10:48,635 DEBUG Engine.Configuration] Configs: ['/Users/daper01/.bzt-rc', 'python_Selenium.yml']
[2017-12-07 15:10:48,635 DEBUG Engine.Configuration] Reading /Users/daper01/.bzt-rc as YAML
[2017-12-07 15:10:48,636 DEBUG Engine.Configuration] Reading python_Selenium.yml as YAML
[2017-12-07 15:10:48,654 DEBUG Engine] Requesting updates info: http://gettaurus.org/updates/?version=1.9.6&installID=784f43782a15
[2017-12-07 15:10:48,661 INFO Engine] Artifacts dir: /Users/daper01/Documents/OSLo/Selenium/2017-12-07_15-10-48.654868
[2017-12-07 15:10:48,662 DEBUG Engine] New artifact filename: /Users/daper01/Documents/OSLo/Selenium/2017-12-07_15-10-48.654868/effective
[2017-12-07 15:10:48,665 DEBUG Engine.Configuration] Dumping YAML config into /Users/daper01/Documents/OSLo/Selenium/2017-12-07_15-10-48.654868/effective.yml
[2017-12-07 15:10:48,700 DEBUG Engine.Configuration] Dumping JSON config into /Users/daper01/Documents/OSLo/Selenium/2017-12-07_15-10-48.654868/effective.json
[2017-12-07 15:10:48,702 DEBUG Engine] New artifact filename: /Users/daper01/Documents/OSLo/Selenium/2017-12-07_15-10-48.654868/merged.yml
[2017-12-07 15:10:48,702 DEBUG Engine.Configuration] Dumping YAML config into /Users/daper01/Documents/OSLo/Selenium/2017-12-07_15-10-48.654868/merged.yml
[2017-12-07 15:10:48,706 DEBUG Engine] New artifact filename: /Users/daper01/Documents/OSLo/Selenium/2017-12-07_15-10-48.654868/merged.json
[2017-12-07 15:10:48,706 DEBUG Engine.Configuration] Dumping JSON config into /Users/daper01/Documents/OSLo/Selenium/2017-12-07_15-10-48.654868/merged.json
[2017-12-07 15:10:48,707 DEBUG Engine] Add existing artifact (move=False): python_Selenium.yml
[2017-12-07 15:10:48,707 DEBUG Engine] Copying python_Selenium.yml to /Users/daper01/Documents/OSLo/Selenium/2017-12-07_15-10-48.654868/python_Selenium.yml
[2017-12-07 15:10:48,709 DEBUG root] Closing log handler: /var/folders/vq/xzrdy2lx047cst78f69v8z3xfzqz1q/T/bzt_2Tsn9y.log
[2017-12-07 15:10:48,759 DEBUG root] Switched writing logs to /Users/daper01/Documents/OSLo/Selenium/2017-12-07_15-10-48.654868/bzt.log
[2017-12-07 15:10:48,759 INFO Engine] Preparing...
[2017-12-07 15:10:48,760 DEBUG Engine] Module config: consolidator defaultdict(None, {'class': 'bzt.modules.aggregator.ConsolidatingAggregator'})
[2017-12-07 15:10:48,760 DEBUG root] Importing module: bzt.modules.aggregator
[2017-12-07 15:10:48,764 DEBUG root] Loading class: 'ConsolidatingAggregator' from <module 'bzt.modules.aggregator' from '/usr/local/lib/python2.7/site-packages/bzt/modules/aggregator.pyc'>
[2017-12-07 15:10:48,764 DEBUG Engine.consolidator] Exception in dehumanize_time(inf)
[2017-12-07 15:10:48,765 DEBUG Engine.consolidator] Buffer scaling setup: percentile 95.0 from [0.0, 50.0, 90.0, 95.0, 99.0, 99.9, 100.0] selected
[2017-12-07 15:10:48,765 DEBUG Engine] Module config: monitoring defaultdict(None, {'class': 'bzt.modules.monitoring.Monitoring'})
[2017-12-07 15:10:48,765 DEBUG root] Importing module: bzt.modules.monitoring
[2017-12-07 15:10:48,786 DEBUG root] Loading class: 'Monitoring' from <module 'bzt.modules.monitoring' from '/usr/local/lib/python2.7/site-packages/bzt/modules/monitoring.pyc'>
[2017-12-07 15:10:48,786 DEBUG Engine.monitoring] Should not run because of non-matching prov: cloud != local
[2017-12-07 15:10:48,786 DEBUG Engine] Module config: capturehar defaultdict(None, {'class': 'bzt.modules.blazemeter.ServiceStubCaptureHAR'})
[2017-12-07 15:10:48,786 DEBUG root] Importing module: bzt.modules.blazemeter
[2017-12-07 15:10:48,847 DEBUG easyprocess] version=0.2.3
[2017-12-07 15:10:48,849 DEBUG pyvirtualdisplay] version=0.2.1
[2017-12-07 15:10:48,850 DEBUG root] Loading class: 'ServiceStubCaptureHAR' from <module 'bzt.modules.blazemeter' from '/usr/local/lib/python2.7/site-packages/bzt/modules/blazemeter.pyc'>
[2017-12-07 15:10:48,850 DEBUG Engine.capturehar] Should not run because of non-matching prov: cloud != local
[2017-12-07 15:10:48,850 DEBUG Engine] Module config: cloud defaultdict(None, {'detach': True, 'class': 'bzt.modules.blazemeter.CloudProvisioning', 'default-location': 'us-central1-a'})
[2017-12-07 15:10:48,850 DEBUG root] Importing module: bzt.modules.blazemeter
[2017-12-07 15:10:48,850 DEBUG root] Loading class: 'CloudProvisioning' from <module 'bzt.modules.blazemeter' from '/usr/local/lib/python2.7/site-packages/bzt/modules/blazemeter.pyc'>
[2017-12-07 15:10:48,850 DEBUG Engine] Module config: blazemeter defaultdict(None, {'token': '********', 'class': 'bzt.modules.blazemeter.BlazeMeterUploader'})
[2017-12-07 15:10:48,851 DEBUG root] Importing module: bzt.modules.blazemeter
[2017-12-07 15:10:48,851 DEBUG root] Loading class: 'BlazeMeterUploader' from <module 'bzt.modules.blazemeter' from '/usr/local/lib/python2.7/site-packages/bzt/modules/blazemeter.pyc'>
[2017-12-07 15:10:48,851 DEBUG Engine.cloud] Request: GET https://a.blazemeter.com/api/v4/accounts None
[2017-12-07 15:10:48,885 DEBUG urllib3.connectionpool] Starting new HTTPS connection (1): a.blazemeter.com
[2017-12-07 15:10:49,238 DEBUG Engine] Taurus updates info: {"latest":"1.10.3","needsUpgrade":true}
[2017-12-07 15:10:49,239 WARNING Engine] There is newer version of Taurus 1.10.3 available, consider upgrading. What's new: http://gettaurus.org/docs/Changelog/
[2017-12-07 15:10:49,405 DEBUG urllib3.connectionpool] https://a.blazemeter.com:443 "GET /api/v4/accounts HTTP/1.1" 200 2726
[2017-12-07 15:10:49,408 DEBUG Engine.cloud] Response [200]: {
    "limit": 10,
    "skip": 0,
    "total": 3,
    "hidden": 0,
    "api_version": 4,
    "error": null,
    "result": [
        {
            "id": 153221,
            "name": "BlazeMeter Demo",
            "thumbnailUrl": "https://www.blazemeter.com/s
[2017-12-07 15:10:49,409 DEBUG Engine.cloud] Request: GET https://a.blazemeter.com/api/v4/workspaces?accountId=153221&enabled=true&limit=100 None
[2017-12-07 15:10:49,411 DEBUG urllib3.connectionpool] Starting new HTTPS connection (1): a.blazemeter.com
[2017-12-07 15:10:49,927 DEBUG urllib3.connectionpool] https://a.blazemeter.com:443 "GET /api/v4/workspaces?accountId=153221&enabled=true&limit=100 HTTP/1.1" 200 814
[2017-12-07 15:10:49,932 DEBUG Engine.cloud] Response [200]: {
    "limit": 100,
    "skip": 0,
    "total": 1,
    "hidden": 0,
    "api_version": 4,
    "error": null,
    "result": [
        {
            "id": 146738,
            "name": "Demo workspace",
            "userId": 368191,
            "created": 1498
[2017-12-07 15:10:49,933 DEBUG Engine.cloud] Request: GET https://a.blazemeter.com/api/v4/workspaces?accountId=125626&enabled=true&limit=100 None
[2017-12-07 15:10:49,935 DEBUG urllib3.connectionpool] Starting new HTTPS connection (1): a.blazemeter.com
[2017-12-07 15:10:50,361 DEBUG urllib3.connectionpool] https://a.blazemeter.com:443 "GET /api/v4/workspaces?accountId=125626&enabled=true&limit=100 HTTP/1.1" 200 4882
[2017-12-07 15:10:50,367 DEBUG Engine.cloud] Response [200]: {
    "limit": 100,
    "skip": 0,
    "total": 7,
    "hidden": 0,
    "api_version": 4,
    "error": null,
    "result": [
        {
            "id": 119008,
            "name": "Default workspace",
            "userId": 339612,
            "created": 1
[2017-12-07 15:10:50,369 DEBUG Engine.cloud] Request: GET https://a.blazemeter.com/api/v4/workspaces?accountId=21166&enabled=true&limit=100 None
[2017-12-07 15:10:50,371 DEBUG urllib3.connectionpool] Starting new HTTPS connection (1): a.blazemeter.com
[2017-12-07 15:10:50,796 DEBUG urllib3.connectionpool] https://a.blazemeter.com:443 "GET /api/v4/workspaces?accountId=21166&enabled=true&limit=100 HTTP/1.1" 200 1482
[2017-12-07 15:10:50,802 DEBUG Engine.cloud] Response [200]: {
    "limit": 100,
    "skip": 0,
    "total": 2,
    "hidden": 0,
    "api_version": 4,
    "error": null,
    "result": [
        {
            "id": 7199,
            "name": "CA SE Workspace",
            "userId": 307773,
            "created": 14775
[2017-12-07 15:10:50,803 DEBUG Engine] Module config: selenium defaultdict(None, {'class': 'bzt.modules.selenium.SeleniumExecutor'})
[2017-12-07 15:10:50,803 DEBUG root] Importing module: bzt.modules.selenium
[2017-12-07 15:10:50,804 DEBUG root] Loading class: 'SeleniumExecutor' from <module 'bzt.modules.selenium' from '/usr/local/lib/python2.7/site-packages/bzt/modules/selenium.pyc'>
[2017-12-07 15:10:50,804 DEBUG Engine.cloud] Request: GET https://a.blazemeter.com/api/v4/multi-tests?workspaceId=146738&name=Taurus+Cloud+Test None
[2017-12-07 15:10:50,806 DEBUG urllib3.connectionpool] Starting new HTTPS connection (1): a.blazemeter.com
[2017-12-07 15:10:51,175 DEBUG urllib3.connectionpool] https://a.blazemeter.com:443 "GET /api/v4/multi-tests?workspaceId=146738&name=Taurus+Cloud+Test HTTP/1.1" 200 126
[2017-12-07 15:10:51,181 DEBUG Engine.cloud] Response [200]: {
    "limit": 10,
    "skip": 0,
    "total": 0,
    "hidden": 0,
    "api_version": 4,
    "error": null,
    "result": []
}
[2017-12-07 15:10:51,181 DEBUG Engine.cloud] Request: GET https://a.blazemeter.com/api/v4/multi-tests?workspaceId=119008&name=Taurus+Cloud+Test None
[2017-12-07 15:10:51,183 DEBUG urllib3.connectionpool] Starting new HTTPS connection (1): a.blazemeter.com
[2017-12-07 15:10:51,558 DEBUG urllib3.connectionpool] https://a.blazemeter.com:443 "GET /api/v4/multi-tests?workspaceId=119008&name=Taurus+Cloud+Test HTTP/1.1" 200 126
[2017-12-07 15:10:51,562 DEBUG Engine.cloud] Response [200]: {
    "limit": 10,
    "skip": 0,
    "total": 0,
    "hidden": 0,
    "api_version": 4,
    "error": null,
    "result": []
}
[2017-12-07 15:10:51,563 DEBUG Engine.cloud] Request: GET https://a.blazemeter.com/api/v4/multi-tests?workspaceId=127980&name=Taurus+Cloud+Test None
[2017-12-07 15:10:51,565 DEBUG urllib3.connectionpool] Starting new HTTPS connection (1): a.blazemeter.com
[2017-12-07 15:10:51,934 DEBUG urllib3.connectionpool] https://a.blazemeter.com:443 "GET /api/v4/multi-tests?workspaceId=127980&name=Taurus+Cloud+Test HTTP/1.1" 200 126
[2017-12-07 15:10:51,940 DEBUG Engine.cloud] Response [200]: {
    "limit": 10,
    "skip": 0,
    "total": 0,
    "hidden": 0,
    "api_version": 4,
    "error": null,
    "result": []
}
[2017-12-07 15:10:51,941 DEBUG Engine.cloud] Request: GET https://a.blazemeter.com/api/v4/multi-tests?workspaceId=127984&name=Taurus+Cloud+Test None
[2017-12-07 15:10:51,943 DEBUG urllib3.connectionpool] Starting new HTTPS connection (1): a.blazemeter.com
[2017-12-07 15:10:52,365 DEBUG urllib3.connectionpool] https://a.blazemeter.com:443 "GET /api/v4/multi-tests?workspaceId=127984&name=Taurus+Cloud+Test HTTP/1.1" 200 126
[2017-12-07 15:10:52,372 DEBUG Engine.cloud] Response [200]: {
    "limit": 10,
    "skip": 0,
    "total": 0,
    "hidden": 0,
    "api_version": 4,
    "error": null,
    "result": []
}
[2017-12-07 15:10:52,373 DEBUG Engine.cloud] Request: GET https://a.blazemeter.com/api/v4/multi-tests?workspaceId=132723&name=Taurus+Cloud+Test None
[2017-12-07 15:10:52,376 DEBUG urllib3.connectionpool] Starting new HTTPS connection (1): a.blazemeter.com
[2017-12-07 15:10:52,783 DEBUG urllib3.connectionpool] https://a.blazemeter.com:443 "GET /api/v4/multi-tests?workspaceId=132723&name=Taurus+Cloud+Test HTTP/1.1" 200 126
[2017-12-07 15:10:52,790 DEBUG Engine.cloud] Response [200]: {
    "limit": 10,
    "skip": 0,
    "total": 0,
    "hidden": 0,
    "api_version": 4,
    "error": null,
    "result": []
}
[2017-12-07 15:10:52,790 DEBUG Engine.cloud] Request: GET https://a.blazemeter.com/api/v4/multi-tests?workspaceId=153836&name=Taurus+Cloud+Test None
[2017-12-07 15:10:52,793 DEBUG urllib3.connectionpool] Starting new HTTPS connection (1): a.blazemeter.com
[2017-12-07 15:10:53,170 DEBUG urllib3.connectionpool] https://a.blazemeter.com:443 "GET /api/v4/multi-tests?workspaceId=153836&name=Taurus+Cloud+Test HTTP/1.1" 200 126
[2017-12-07 15:10:53,178 DEBUG Engine.cloud] Response [200]: {
    "limit": 10,
    "skip": 0,
    "total": 0,
    "hidden": 0,
    "api_version": 4,
    "error": null,
    "result": []
}
[2017-12-07 15:10:53,178 DEBUG Engine.cloud] Request: GET https://a.blazemeter.com/api/v4/multi-tests?workspaceId=163251&name=Taurus+Cloud+Test None
[2017-12-07 15:10:53,181 DEBUG urllib3.connectionpool] Starting new HTTPS connection (1): a.blazemeter.com
[2017-12-07 15:10:53,570 DEBUG urllib3.connectionpool] https://a.blazemeter.com:443 "GET /api/v4/multi-tests?workspaceId=163251&name=Taurus+Cloud+Test HTTP/1.1" 200 126
[2017-12-07 15:10:53,576 DEBUG Engine.cloud] Response [200]: {
    "limit": 10,
    "skip": 0,
    "total": 0,
    "hidden": 0,
    "api_version": 4,
    "error": null,
    "result": []
}
[2017-12-07 15:10:53,576 DEBUG Engine.cloud] Request: GET https://a.blazemeter.com/api/v4/multi-tests?workspaceId=135886&name=Taurus+Cloud+Test None
[2017-12-07 15:10:53,578 DEBUG urllib3.connectionpool] Starting new HTTPS connection (1): a.blazemeter.com
[2017-12-07 15:10:53,964 DEBUG urllib3.connectionpool] https://a.blazemeter.com:443 "GET /api/v4/multi-tests?workspaceId=135886&name=Taurus+Cloud+Test HTTP/1.1" 200 126
[2017-12-07 15:10:53,971 DEBUG Engine.cloud] Response [200]: {
    "limit": 10,
    "skip": 0,
    "total": 0,
    "hidden": 0,
    "api_version": 4,
    "error": null,
    "result": []
}
[2017-12-07 15:10:53,972 DEBUG Engine.cloud] Request: GET https://a.blazemeter.com/api/v4/multi-tests?workspaceId=7199&name=Taurus+Cloud+Test None
[2017-12-07 15:10:53,977 DEBUG urllib3.connectionpool] Starting new HTTPS connection (1): a.blazemeter.com
[2017-12-07 15:10:54,448 DEBUG urllib3.connectionpool] https://a.blazemeter.com:443 "GET /api/v4/multi-tests?workspaceId=7199&name=Taurus+Cloud+Test HTTP/1.1" 200 126
[2017-12-07 15:10:54,454 DEBUG Engine.cloud] Response [200]: {
    "limit": 10,
    "skip": 0,
    "total": 0,
    "hidden": 0,
    "api_version": 4,
    "error": null,
    "result": []
}
[2017-12-07 15:10:54,454 DEBUG Engine.cloud] Request: GET https://a.blazemeter.com/api/v4/multi-tests?workspaceId=133217&name=Taurus+Cloud+Test None
[2017-12-07 15:10:54,457 DEBUG urllib3.connectionpool] Starting new HTTPS connection (1): a.blazemeter.com
[2017-12-07 15:10:54,838 DEBUG urllib3.connectionpool] https://a.blazemeter.com:443 "GET /api/v4/multi-tests?workspaceId=133217&name=Taurus+Cloud+Test HTTP/1.1" 200 126
[2017-12-07 15:10:54,843 DEBUG Engine.cloud] Response [200]: {
    "limit": 10,
    "skip": 0,
    "total": 0,
    "hidden": 0,
    "api_version": 4,
    "error": null,
    "result": []
}
[2017-12-07 15:10:54,843 DEBUG Engine.cloud.ProjectFinder] Looked for collection: None
[2017-12-07 15:10:54,843 DEBUG Engine.cloud] Request: GET https://a.blazemeter.com/api/v4/tests?workspaceId=146738&name=Taurus+Cloud+Test None
[2017-12-07 15:10:54,845 DEBUG urllib3.connectionpool] Starting new HTTPS connection (1): a.blazemeter.com
[2017-12-07 15:10:55,236 DEBUG urllib3.connectionpool] https://a.blazemeter.com:443 "GET /api/v4/tests?workspaceId=146738&name=Taurus+Cloud+Test HTTP/1.1" 200 126
[2017-12-07 15:10:55,241 DEBUG Engine.cloud] Response [200]: {
    "limit": 10,
    "skip": 0,
    "total": 0,
    "hidden": 0,
    "api_version": 4,
    "error": null,
    "result": []
}
[2017-12-07 15:10:55,242 DEBUG Engine.cloud] Request: GET https://a.blazemeter.com/api/v4/tests?workspaceId=119008&name=Taurus+Cloud+Test None
[2017-12-07 15:10:55,244 DEBUG urllib3.connectionpool] Starting new HTTPS connection (1): a.blazemeter.com
[2017-12-07 15:10:55,638 DEBUG urllib3.connectionpool] https://a.blazemeter.com:443 "GET /api/v4/tests?workspaceId=119008&name=Taurus+Cloud+Test HTTP/1.1" 200 843
[2017-12-07 15:10:55,644 DEBUG Engine.cloud] Response [200]: {
    "limit": 10,
    "skip": 0,
    "total": 1,
    "hidden": 0,
    "api_version": 4,
    "error": null,
    "result": [
        {
            "id": 5551396,
            "name": "Taurus Cloud Test",
            "userId": 339612,
            "created": 1
[2017-12-07 15:10:55,644 DEBUG Engine.cloud] Request: GET https://a.blazemeter.com/api/v4/tests?workspaceId=127980&name=Taurus+Cloud+Test None
[2017-12-07 15:10:55,646 DEBUG urllib3.connectionpool] Starting new HTTPS connection (1): a.blazemeter.com
[2017-12-07 15:10:56,060 DEBUG urllib3.connectionpool] https://a.blazemeter.com:443 "GET /api/v4/tests?workspaceId=127980&name=Taurus+Cloud+Test HTTP/1.1" 200 126
[2017-12-07 15:10:56,065 DEBUG Engine.cloud] Response [200]: {
    "limit": 10,
    "skip": 0,
    "total": 0,
    "hidden": 0,
    "api_version": 4,
    "error": null,
    "result": []
}
[2017-12-07 15:10:56,065 DEBUG Engine.cloud] Request: GET https://a.blazemeter.com/api/v4/tests?workspaceId=127984&name=Taurus+Cloud+Test None
[2017-12-07 15:10:56,067 DEBUG urllib3.connectionpool] Starting new HTTPS connection (1): a.blazemeter.com
[2017-12-07 15:10:56,469 DEBUG urllib3.connectionpool] https://a.blazemeter.com:443 "GET /api/v4/tests?workspaceId=127984&name=Taurus+Cloud+Test HTTP/1.1" 200 126
[2017-12-07 15:10:56,476 DEBUG Engine.cloud] Response [200]: {
    "limit": 10,
    "skip": 0,
    "total": 0,
    "hidden": 0,
    "api_version": 4,
    "error": null,
    "result": []
}
[2017-12-07 15:10:56,476 DEBUG Engine.cloud] Request: GET https://a.blazemeter.com/api/v4/tests?workspaceId=132723&name=Taurus+Cloud+Test None
[2017-12-07 15:10:56,480 DEBUG urllib3.connectionpool] Starting new HTTPS connection (1): a.blazemeter.com
[2017-12-07 15:10:56,865 DEBUG urllib3.connectionpool] https://a.blazemeter.com:443 "GET /api/v4/tests?workspaceId=132723&name=Taurus+Cloud+Test HTTP/1.1" 200 126
[2017-12-07 15:10:56,871 DEBUG Engine.cloud] Response [200]: {
    "limit": 10,
    "skip": 0,
    "total": 0,
    "hidden": 0,
    "api_version": 4,
    "error": null,
    "result": []
}
[2017-12-07 15:10:56,872 DEBUG Engine.cloud] Request: GET https://a.blazemeter.com/api/v4/tests?workspaceId=153836&name=Taurus+Cloud+Test None
[2017-12-07 15:10:56,874 DEBUG urllib3.connectionpool] Starting new HTTPS connection (1): a.blazemeter.com
[2017-12-07 15:10:57,294 DEBUG urllib3.connectionpool] https://a.blazemeter.com:443 "GET /api/v4/tests?workspaceId=153836&name=Taurus+Cloud+Test HTTP/1.1" 200 126
[2017-12-07 15:10:57,301 DEBUG Engine.cloud] Response [200]: {
    "limit": 10,
    "skip": 0,
    "total": 0,
    "hidden": 0,
    "api_version": 4,
    "error": null,
    "result": []
}
[2017-12-07 15:10:57,302 DEBUG Engine.cloud] Request: GET https://a.blazemeter.com/api/v4/tests?workspaceId=163251&name=Taurus+Cloud+Test None
[2017-12-07 15:10:57,305 DEBUG urllib3.connectionpool] Starting new HTTPS connection (1): a.blazemeter.com
[2017-12-07 15:10:57,691 DEBUG urllib3.connectionpool] https://a.blazemeter.com:443 "GET /api/v4/tests?workspaceId=163251&name=Taurus+Cloud+Test HTTP/1.1" 200 126
[2017-12-07 15:10:57,698 DEBUG Engine.cloud] Response [200]: {
    "limit": 10,
    "skip": 0,
    "total": 0,
    "hidden": 0,
    "api_version": 4,
    "error": null,
    "result": []
}
[2017-12-07 15:10:57,698 DEBUG Engine.cloud] Request: GET https://a.blazemeter.com/api/v4/tests?workspaceId=135886&name=Taurus+Cloud+Test None
[2017-12-07 15:10:57,702 DEBUG urllib3.connectionpool] Starting new HTTPS connection (1): a.blazemeter.com
[2017-12-07 15:10:58,106 DEBUG urllib3.connectionpool] https://a.blazemeter.com:443 "GET /api/v4/tests?workspaceId=135886&name=Taurus+Cloud+Test HTTP/1.1" 200 126
[2017-12-07 15:10:58,111 DEBUG Engine.cloud] Response [200]: {
    "limit": 10,
    "skip": 0,
    "total": 0,
    "hidden": 0,
    "api_version": 4,
    "error": null,
    "result": []
}
[2017-12-07 15:10:58,111 DEBUG Engine.cloud] Request: GET https://a.blazemeter.com/api/v4/tests?workspaceId=7199&name=Taurus+Cloud+Test None
[2017-12-07 15:10:58,114 DEBUG urllib3.connectionpool] Starting new HTTPS connection (1): a.blazemeter.com
[2017-12-07 15:10:58,512 DEBUG urllib3.connectionpool] https://a.blazemeter.com:443 "GET /api/v4/tests?workspaceId=7199&name=Taurus+Cloud+Test HTTP/1.1" 200 807
[2017-12-07 15:10:58,519 DEBUG Engine.cloud] Response [200]: {
    "limit": 10,
    "skip": 0,
    "total": 1,
    "hidden": 0,
    "api_version": 4,
    "error": null,
    "result": [
        {
            "id": 5560504,
            "name": "Taurus Cloud Test",
            "userId": 307773,
            "created": 1
[2017-12-07 15:10:58,520 DEBUG Engine.cloud] Request: GET https://a.blazemeter.com/api/v4/tests?workspaceId=133217&name=Taurus+Cloud+Test None
[2017-12-07 15:10:58,524 DEBUG urllib3.connectionpool] Starting new HTTPS connection (1): a.blazemeter.com
[2017-12-07 15:10:58,905 DEBUG urllib3.connectionpool] https://a.blazemeter.com:443 "GET /api/v4/tests?workspaceId=133217&name=Taurus+Cloud+Test HTTP/1.1" 200 126
[2017-12-07 15:10:58,912 DEBUG Engine.cloud] Response [200]: {
    "limit": 10,
    "skip": 0,
    "total": 0,
    "hidden": 0,
    "api_version": 4,
    "error": null,
    "result": []
}
[2017-12-07 15:10:58,912 DEBUG Engine.cloud.ProjectFinder] Looked for test: {u'updated': 1511285276, u'name': u'Taurus Cloud Test', u'kpiTrackingData': {}, u'created': 1488354376, u'projectId': 162568, u'userId': 339612, u'lastUpdatedById': 339612, u'configuration': {u'targetThreads': 0, u'type': u'taurus', u'canControlRampup': False, u'plugins': {u'functionalExecution': {u'enabled': False}, u'taurus': {u'filename': u'taurus.yml'}}}, u'id': 5551396}
[2017-12-07 15:10:58,912 DEBUG Engine.cloud.ProjectFinder] Detected test type: old
[2017-12-07 15:10:58,913 DEBUG Engine.cloud] Request: GET https://a.blazemeter.com/api/v4/user None
[2017-12-07 15:10:58,917 DEBUG urllib3.connectionpool] Starting new HTTPS connection (1): a.blazemeter.com
[2017-12-07 15:10:59,345 DEBUG urllib3.connectionpool] https://a.blazemeter.com:443 "GET /api/v4/user HTTP/1.1" 200 2347
[2017-12-07 15:10:59,348 DEBUG Engine.cloud] Response [200]: {
    "api_version": 4,
    "error": null,
    "result": {
        "id": 339612,
        "email": "eric.dapp@blazemeter.com",
        "access": 1512688258,
        "login": 1512411328,
        "firstName": "Eric",
        "lastName": "Dapp",
        "timez
[2017-12-07 15:10:59,349 DEBUG Engine.cloud] Request: GET https://a.blazemeter.com/api/v4/projects?workspaceId=146738&limit=99999 None
[2017-12-07 15:10:59,351 DEBUG urllib3.connectionpool] Starting new HTTPS connection (1): a.blazemeter.com
[2017-12-07 15:10:59,712 DEBUG urllib3.connectionpool] https://a.blazemeter.com:443 "GET /api/v4/projects?workspaceId=146738&limit=99999 HTTP/1.1" 200 1122
[2017-12-07 15:10:59,717 DEBUG Engine.cloud] Response [200]: {
    "limit": 50,
    "skip": 0,
    "total": 3,
    "hidden": 0,
    "api_version": 4,
    "error": null,
    "result": [
        {
            "id": 216192,
            "name": "API Stress Tests",
            "userId": null,
            "description": "
[2017-12-07 15:10:59,717 DEBUG Engine.cloud] Request: GET https://a.blazemeter.com/api/v4/projects?workspaceId=119008&limit=99999 None
[2017-12-07 15:10:59,719 DEBUG urllib3.connectionpool] Starting new HTTPS connection (1): a.blazemeter.com
[2017-12-07 15:11:00,096 DEBUG urllib3.connectionpool] https://a.blazemeter.com:443 "GET /api/v4/projects?workspaceId=119008&limit=99999 HTTP/1.1" 200 2048
[2017-12-07 15:11:00,101 DEBUG Engine.cloud] Response [200]: {
    "limit": 50,
    "skip": 0,
    "total": 6,
    "hidden": 0,
    "api_version": 4,
    "error": null,
    "result": [
        {
            "id": 163658,
            "name": "BlazeDemo Tests",
            "userId": null,
            "description": ""
[2017-12-07 15:11:00,101 DEBUG Engine.cloud] Request: GET https://a.blazemeter.com/api/v4/projects?workspaceId=127980&limit=99999 None
[2017-12-07 15:11:00,103 DEBUG urllib3.connectionpool] Starting new HTTPS connection (1): a.blazemeter.com
[2017-12-07 15:11:00,493 DEBUG urllib3.connectionpool] https://a.blazemeter.com:443 "GET /api/v4/projects?workspaceId=127980&limit=99999 HTTP/1.1" 200 720
[2017-12-07 15:11:00,497 DEBUG Engine.cloud] Response [200]: {
    "limit": 50,
    "skip": 0,
    "total": 2,
    "hidden": 0,
    "api_version": 4,
    "error": null,
    "result": [
        {
            "id": 173138,
            "name": "Default project",
            "userId": null,
            "description": nu
[2017-12-07 15:11:00,497 DEBUG Engine.cloud] Request: GET https://a.blazemeter.com/api/v4/projects?workspaceId=127984&limit=99999 None
[2017-12-07 15:11:00,500 DEBUG urllib3.connectionpool] Starting new HTTPS connection (1): a.blazemeter.com
[2017-12-07 15:11:00,881 DEBUG urllib3.connectionpool] https://a.blazemeter.com:443 "GET /api/v4/projects?workspaceId=127984&limit=99999 HTTP/1.1" 200 410
[2017-12-07 15:11:00,887 DEBUG Engine.cloud] Response [200]: {
    "limit": 50,
    "skip": 0,
    "total": 1,
    "hidden": 0,
    "api_version": 4,
    "error": null,
    "result": [
        {
            "id": 173143,
            "name": "Default project",
            "userId": null,
            "description": nu
[2017-12-07 15:11:00,887 DEBUG Engine.cloud] Request: GET https://a.blazemeter.com/api/v4/projects?workspaceId=132723&limit=99999 None
[2017-12-07 15:11:00,917 DEBUG urllib3.connectionpool] Starting new HTTPS connection (1): a.blazemeter.com
[2017-12-07 15:11:01,291 DEBUG urllib3.connectionpool] https://a.blazemeter.com:443 "GET /api/v4/projects?workspaceId=132723&limit=99999 HTTP/1.1" 200 412
[2017-12-07 15:11:01,298 DEBUG Engine.cloud] Response [200]: {
    "limit": 50,
    "skip": 0,
    "total": 1,
    "hidden": 0,
    "api_version": 4,
    "error": null,
    "result": [
        {
            "id": 178588,
            "name": "Default project",
            "userId": null,
            "description": nu
[2017-12-07 15:11:01,298 DEBUG Engine.cloud] Request: GET https://a.blazemeter.com/api/v4/projects?workspaceId=153836&limit=99999 None
[2017-12-07 15:11:01,302 DEBUG urllib3.connectionpool] Starting new HTTPS connection (1): a.blazemeter.com
[2017-12-07 15:11:01,661 DEBUG urllib3.connectionpool] https://a.blazemeter.com:443 "GET /api/v4/projects?workspaceId=153836&limit=99999 HTTP/1.1" 200 684
[2017-12-07 15:11:01,667 DEBUG Engine.cloud] Response [200]: {
    "limit": 50,
    "skip": 0,
    "total": 2,
    "hidden": 0,
    "api_version": 4,
    "error": null,
    "result": [
        {
            "id": 202867,
            "name": "Default project",
            "userId": null,
            "description": nu
[2017-12-07 15:11:01,667 DEBUG Engine.cloud] Request: GET https://a.blazemeter.com/api/v4/projects?workspaceId=163251&limit=99999 None
[2017-12-07 15:11:01,671 DEBUG urllib3.connectionpool] Starting new HTTPS connection (1): a.blazemeter.com
[2017-12-07 15:11:02,095 DEBUG urllib3.connectionpool] https://a.blazemeter.com:443 "GET /api/v4/projects?workspaceId=163251&limit=99999 HTTP/1.1" 200 410
[2017-12-07 15:11:02,100 DEBUG Engine.cloud] Response [200]: {
    "limit": 50,
    "skip": 0,
    "total": 1,
    "hidden": 0,
    "api_version": 4,
    "error": null,
    "result": [
        {
            "id": 213729,
            "name": "Default project",
            "userId": null,
            "description": nu
[2017-12-07 15:11:02,100 DEBUG Engine.cloud] Request: GET https://a.blazemeter.com/api/v4/projects?workspaceId=135886&limit=99999 None
[2017-12-07 15:11:02,103 DEBUG urllib3.connectionpool] Starting new HTTPS connection (1): a.blazemeter.com
[2017-12-07 15:11:02,487 DEBUG urllib3.connectionpool] https://a.blazemeter.com:443 "GET /api/v4/projects?workspaceId=135886&limit=99999 HTTP/1.1" 200 679
[2017-12-07 15:11:02,496 DEBUG Engine.cloud] Response [200]: {
    "limit": 50,
    "skip": 0,
    "total": 2,
    "hidden": 0,
    "api_version": 4,
    "error": null,
    "result": [
        {
            "id": 182182,
            "name": "Default project",
            "userId": null,
            "description": nu
[2017-12-07 15:11:02,496 DEBUG Engine.cloud] Request: GET https://a.blazemeter.com/api/v4/projects?workspaceId=7199&limit=99999 None
[2017-12-07 15:11:02,501 DEBUG urllib3.connectionpool] Starting new HTTPS connection (1): a.blazemeter.com
[2017-12-07 15:11:02,866 DEBUG urllib3.connectionpool] https://a.blazemeter.com:443 "GET /api/v4/projects?workspaceId=7199&limit=99999 HTTP/1.1" 200 4294
[2017-12-07 15:11:02,873 DEBUG Engine.cloud] Response [200]: {
    "limit": 50,
    "skip": 0,
    "total": 15,
    "hidden": 0,
    "api_version": 4,
    "error": null,
    "result": [
        {
            "id": 167099,
            "name": "APM",
            "userId": null,
            "description": "JMeter with 
[2017-12-07 15:11:02,873 DEBUG Engine.cloud] Request: GET https://a.blazemeter.com/api/v4/projects?workspaceId=133217&limit=99999 None
[2017-12-07 15:11:02,876 DEBUG urllib3.connectionpool] Starting new HTTPS connection (1): a.blazemeter.com
[2017-12-07 15:11:03,273 DEBUG urllib3.connectionpool] https://a.blazemeter.com:443 "GET /api/v4/projects?workspaceId=133217&limit=99999 HTTP/1.1" 200 1613
[2017-12-07 15:11:03,279 DEBUG Engine.cloud] Response [200]: {
    "limit": 50,
    "skip": 0,
    "total": 5,
    "hidden": 0,
    "api_version": 4,
    "error": null,
    "result": [
        {
            "id": 201589,
            "name": "API - Run As Functional",
            "userId": null,
            "descript
[2017-12-07 15:11:03,279 DEBUG Engine.cloud] Request: GET https://a.blazemeter.com/api/v4/workspaces/146738 None
[2017-12-07 15:11:03,282 DEBUG urllib3.connectionpool] Starting new HTTPS connection (1): a.blazemeter.com
[2017-12-07 15:11:03,739 DEBUG urllib3.connectionpool] https://a.blazemeter.com:443 "GET /api/v4/workspaces/146738 HTTP/1.1" 200 None
[2017-12-07 15:11:03,818 DEBUG Engine.cloud] Response [200]: {
    "api_version": 4,
    "error": null,
    "result": {
        "id": 146738,
        "name": "Demo workspace",
        "userId": 368191,
        "created": 1498856673,
        "updated": 1509038523,
        "enabled": true,
        "dedicatedIpsEnabled
[2017-12-07 15:11:03,824 DEBUG Engine.cloud] Request: GET https://a.blazemeter.com/api/v4/workspaces/119008 None
[2017-12-07 15:11:03,826 DEBUG urllib3.connectionpool] Starting new HTTPS connection (1): a.blazemeter.com
[2017-12-07 15:11:04,279 DEBUG urllib3.connectionpool] https://a.blazemeter.com:443 "GET /api/v4/workspaces/119008 HTTP/1.1" 200 None
[2017-12-07 15:11:04,358 DEBUG Engine.cloud] Response [200]: {
    "api_version": 4,
    "error": null,
    "result": {
        "id": 119008,
        "name": "Default workspace",
        "userId": 339612,
        "created": 1486702692,
        "updated": 1486702692,
        "enabled": true,
        "dedicatedIpsEnab
[2017-12-07 15:11:04,367 DEBUG Engine.cloud] Request: GET https://a.blazemeter.com/api/v4/workspaces/127980 None
[2017-12-07 15:11:04,369 DEBUG urllib3.connectionpool] Starting new HTTPS connection (1): a.blazemeter.com
[2017-12-07 15:11:04,822 DEBUG urllib3.connectionpool] https://a.blazemeter.com:443 "GET /api/v4/workspaces/127980 HTTP/1.1" 200 None
[2017-12-07 15:11:04,901 DEBUG Engine.cloud] Response [200]: {
    "api_version": 4,
    "error": null,
    "result": {
        "id": 127980,
        "name": "Demo Workspace",
        "userId": 339612,
        "created": 1491255975,
        "updated": 1491255975,
        "enabled": true,
        "dedicatedIpsEnabled
[2017-12-07 15:11:04,909 DEBUG Engine.cloud] Request: GET https://a.blazemeter.com/api/v4/workspaces/127984 None
[2017-12-07 15:11:04,911 DEBUG urllib3.connectionpool] Starting new HTTPS connection (1): a.blazemeter.com
[2017-12-07 15:11:05,383 DEBUG urllib3.connectionpool] https://a.blazemeter.com:443 "GET /api/v4/workspaces/127984 HTTP/1.1" 200 None
[2017-12-07 15:11:05,458 DEBUG Engine.cloud] Response [200]: {
    "api_version": 4,
    "error": null,
    "result": {
        "id": 127984,
        "name": "Demo Workspace 2",
        "userId": 339612,
        "created": 1491261975,
        "updated": 1491261975,
        "enabled": true,
        "dedicatedIpsEnabl
[2017-12-07 15:11:05,469 DEBUG Engine.cloud] Request: GET https://a.blazemeter.com/api/v4/workspaces/132723 None
[2017-12-07 15:11:05,472 DEBUG urllib3.connectionpool] Starting new HTTPS connection (1): a.blazemeter.com
[2017-12-07 15:11:06,009 DEBUG urllib3.connectionpool] https://a.blazemeter.com:443 "GET /api/v4/workspaces/132723 HTTP/1.1" 200 None
[2017-12-07 15:11:06,084 DEBUG Engine.cloud] Response [200]: {
    "api_version": 4,
    "error": null,
    "result": {
        "id": 132723,
        "name": "Functional",
        "userId": 339612,
        "created": 1493312851,
        "updated": 1499734757,
        "enabled": true,
        "dedicatedIpsEnabled": t
[2017-12-07 15:11:06,093 DEBUG Engine.cloud] Request: GET https://a.blazemeter.com/api/v4/workspaces/153836 None
[2017-12-07 15:11:06,099 DEBUG urllib3.connectionpool] Starting new HTTPS connection (1): a.blazemeter.com
[2017-12-07 15:11:06,540 DEBUG urllib3.connectionpool] https://a.blazemeter.com:443 "GET /api/v4/workspaces/153836 HTTP/1.1" 200 None
[2017-12-07 15:11:06,617 DEBUG Engine.cloud] Response [200]: {
    "api_version": 4,
    "error": null,
    "result": {
        "id": 153836,
        "name": "blazedemo",
        "userId": 339612,
        "created": 1501870483,
        "updated": 1501870483,
        "enabled": true,
        "dedicatedIpsEnabled": tr
[2017-12-07 15:11:06,623 DEBUG Engine.cloud] Request: GET https://a.blazemeter.com/api/v4/workspaces/163251 None
[2017-12-07 15:11:06,625 DEBUG urllib3.connectionpool] Starting new HTTPS connection (1): a.blazemeter.com
[2017-12-07 15:11:07,079 DEBUG urllib3.connectionpool] https://a.blazemeter.com:443 "GET /api/v4/workspaces/163251 HTTP/1.1" 200 None
[2017-12-07 15:11:07,157 DEBUG Engine.cloud] Response [200]: {
    "api_version": 4,
    "error": null,
    "result": {
        "id": 163251,
        "name": "new opls",
        "userId": 339612,
        "created": 1505929373,
        "updated": 1505929373,
        "enabled": true,
        "dedicatedIpsEnabled": tru
[2017-12-07 15:11:07,162 DEBUG Engine.cloud] Request: GET https://a.blazemeter.com/api/v4/workspaces/135886 None
[2017-12-07 15:11:07,164 DEBUG urllib3.connectionpool] Starting new HTTPS connection (1): a.blazemeter.com
[2017-12-07 15:11:07,643 DEBUG urllib3.connectionpool] https://a.blazemeter.com:443 "GET /api/v4/workspaces/135886 HTTP/1.1" 200 None
[2017-12-07 15:11:07,721 DEBUG Engine.cloud] Response [200]: {
    "api_version": 4,
    "error": null,
    "result": {
        "id": 135886,
        "name": "scratch",
        "userId": 339612,
        "created": 1494801554,
        "updated": 1494801554,
        "enabled": true,
        "dedicatedIpsEnabled": true
[2017-12-07 15:11:07,730 DEBUG Engine.cloud] Request: GET https://a.blazemeter.com/api/v4/workspaces/7199 None
[2017-12-07 15:11:07,732 DEBUG urllib3.connectionpool] Starting new HTTPS connection (1): a.blazemeter.com
[2017-12-07 15:11:08,187 DEBUG urllib3.connectionpool] https://a.blazemeter.com:443 "GET /api/v4/workspaces/7199 HTTP/1.1" 200 None
[2017-12-07 15:11:08,263 DEBUG Engine.cloud] Response [200]: {
    "api_version": 4,
    "error": null,
    "result": {
        "id": 7199,
        "name": "CA SE Workspace",
        "userId": 307773,
        "created": 1477580960,
        "updated": 1507211353,
        "enabled": true,
        "dedicatedIpsEnabled"
[2017-12-07 15:11:08,268 DEBUG Engine.cloud] Request: GET https://a.blazemeter.com/api/v4/workspaces/133217 None
[2017-12-07 15:11:08,270 DEBUG urllib3.connectionpool] Starting new HTTPS connection (1): a.blazemeter.com
[2017-12-07 15:11:08,858 DEBUG urllib3.connectionpool] https://a.blazemeter.com:443 "GET /api/v4/workspaces/133217 HTTP/1.1" 200 None
[2017-12-07 15:11:08,935 DEBUG Engine.cloud] Response [200]: {
    "api_version": 4,
    "error": null,
    "result": {
        "id": 133217,
        "name": "SE DEMOs",
        "userId": 307773,
        "created": 1493664013,
        "updated": 1508256640,
        "enabled": true,
        "dedicatedIpsEnabled": tru
[2017-12-07 15:11:08,944 DEBUG Engine.selenium] Using script type: nose
[2017-12-07 15:11:08,945 DEBUG Engine] Module config: nose defaultdict(None, {'class': 'bzt.modules.python.NoseTester'})
[2017-12-07 15:11:08,945 DEBUG root] Importing module: bzt.modules.python
[2017-12-07 15:11:08,990 DEBUG root] Loading class: 'NoseTester' from <module 'bzt.modules.python' from '/usr/local/lib/python2.7/site-packages/bzt/modules/python.pyc'>
[2017-12-07 15:11:08,991 DEBUG Engine.nose] Extract defaultdict(None, {'script': './blazeDemo_Selenium_with_unit_chrome.py'}) into scenarios
[2017-12-07 15:11:08,991 DEBUG Engine.cloud] All resource files are: ['./blazeDemo_Selenium_with_unit_chrome.py']
[2017-12-07 15:11:08,993 DEBUG Engine.cloud] Replace file names in config: ['./blazeDemo_Selenium_with_unit_chrome.py'] with ['blazeDemo_Selenium_with_unit_chrome.py']
[2017-12-07 15:11:08,993 DEBUG Engine.cloud] Replaced ./blazeDemo_Selenium_with_unit_chrome.py with blazeDemo_Selenium_with_unit_chrome.py
[2017-12-07 15:11:08,994 DEBUG Engine.cloud] Replaced ./blazeDemo_Selenium_with_unit_chrome.py with blazeDemo_Selenium_with_unit_chrome.py
[2017-12-07 15:11:08,996 DEBUG Engine] New artifact filename: /Users/daper01/Documents/OSLo/Selenium/2017-12-07_15-10-48.654868/cloud
[2017-12-07 15:11:08,997 DEBUG root] Dumping YAML config into /Users/daper01/Documents/OSLo/Selenium/2017-12-07_15-10-48.654868/cloud.yml
[2017-12-07 15:11:09,006 DEBUG root] Dumping JSON config into /Users/daper01/Documents/OSLo/Selenium/2017-12-07_15-10-48.654868/cloud.json
[2017-12-07 15:11:09,007 DEBUG Engine.cloud] Request: GET https://a.blazemeter.com/api/v4/web/elfinder/5551396?cmd=open&target=s1_Lw None
[2017-12-07 15:11:09,009 DEBUG urllib3.connectionpool] Starting new HTTPS connection (1): a.blazemeter.com
[2017-12-07 15:11:09,588 DEBUG urllib3.connectionpool] https://a.blazemeter.com:443 "GET /api/v4/web/elfinder/5551396?cmd=open&target=s1_Lw HTTP/1.1" 200 1588
[2017-12-07 15:11:09,596 DEBUG Engine.cloud] Response [200]: {"cwd":{"name":"data","size":0,"mime":"directory","read":1,"write":1,"parent_id":"users","hash":"s1_Lw","rootRev":"","options":{"path":"","url":"","tmbUrl":"","disabled":["mkdir","archive","extract","chmod"],"separator":"\/","copyOverwrite":1,"uploadOverwr
[2017-12-07 15:11:09,596 DEBUG Engine.cloud] Test files: [u'param.csv', u'taurus.yml']
[2017-12-07 15:11:09,597 DEBUG Engine.cloud] Request: GET https://a.blazemeter.com/api/v4/web/elfinder/5551396?cmd=rm&targets[]=s1_cGFyYW0uY3N2&targets[]=s1_dGF1cnVzLnltbA None
[2017-12-07 15:11:09,600 DEBUG urllib3.connectionpool] Starting new HTTPS connection (1): a.blazemeter.com
[2017-12-07 15:11:10,176 DEBUG urllib3.connectionpool] https://a.blazemeter.com:443 "GET /api/v4/web/elfinder/5551396?cmd=rm&targets[]=s1_cGFyYW0uY3N2&targets[]=s1_dGF1cnVzLnltbA HTTP/1.1" 200 780
[2017-12-07 15:11:10,180 DEBUG Engine.cloud] Response [200]: {"removed":["s1_cGFyYW0uY3N2","s1_dGF1cnVzLnltbA"],"changed":[{"name":"data","size":0,"mime":"directory","read":1,"write":1,"parent_id":"users","hash":"s1_Lw","rootRev":"","options":{"path":"","url":"","tmbUrl":"","disabled":["mkdir","archive","extract","c
[2017-12-07 15:11:10,181 DEBUG Engine.cloud] Successfully deleted 2 test files
[2017-12-07 15:11:10,189 DEBUG Engine.cloud] Uploading files into the test: ['/Users/daper01/Documents/OSLo/Selenium/blazeDemo_Selenium_with_unit_chrome.py']
[2017-12-07 15:11:10,225 DEBUG Engine.cloud] Request: POST https://a.blazemeter.com/api/v4/tests/5551396/files --===============6267633769834684020==
Content-Disposition: file; name="script"; filename="taurus.yml"
Content-Type: application/octet-stream

---
execution:
- concurrency: 1
  executor: selenium
  hold-for: 2m
  locations:
    us-central1-a: 1
  runne
[2017-12-07 15:11:10,229 DEBUG urllib3.connectionpool] Starting new HTTPS connection (1): a.blazemeter.com
[2017-12-07 15:11:10,912 DEBUG urllib3.connectionpool] https://a.blazemeter.com:443 "POST /api/v4/tests/5551396/files HTTP/1.1" 201 746
[2017-12-07 15:11:10,919 DEBUG Engine.cloud] Response [201]: {
    "api_version": 4,
    "error": null,
    "result": {
        "id": 5551396,
        "name": "Taurus Cloud Test",
        "userId": 339612,
        "created": 1488354376,
        "updated": 1512688270,
        "configuration": {
            "type": "t
[2017-12-07 15:11:10,920 DEBUG Engine.cloud] Request: PATCH https://a.blazemeter.com/api/v4/tests/5551396 {
 "configuration": {
  "executionType": null
 }
}
[2017-12-07 15:11:10,922 DEBUG urllib3.connectionpool] Starting new HTTPS connection (1): a.blazemeter.com
[2017-12-07 15:11:11,552 DEBUG urllib3.connectionpool] https://a.blazemeter.com:443 "PATCH /api/v4/tests/5551396 HTTP/1.1" 200 1575
[2017-12-07 15:11:11,559 DEBUG Engine.cloud] Response [200]: {
    "api_version": 4,
    "error": null,
    "result": {
        "id": 5551396,
        "name": "Taurus Cloud Test",
        "userId": 339612,
        "created": 1488354376,
        "updated": 1512688271,
        "projectId": 162568,
        "lastUpdated
[2017-12-07 15:11:11,560 DEBUG Engine.cloud] Request: PATCH https://a.blazemeter.com/api/v4/tests/5551396 {
 "configuration": {
  "plugins": {
   "functionalExecution": {
    "enabled": false
   }
  }
 }
}
[2017-12-07 15:11:11,564 DEBUG urllib3.connectionpool] Starting new HTTPS connection (1): a.blazemeter.com
[2017-12-07 15:11:12,194 DEBUG urllib3.connectionpool] https://a.blazemeter.com:443 "PATCH /api/v4/tests/5551396 HTTP/1.1" 200 1575
[2017-12-07 15:11:12,199 DEBUG Engine.cloud] Response [200]: {
    "api_version": 4,
    "error": null,
    "result": {
        "id": 5551396,
        "name": "Taurus Cloud Test",
        "userId": 339612,
        "created": 1488354376,
        "updated": 1512688271,
        "projectId": 162568,
        "lastUpdated
[2017-12-07 15:11:12,200 DEBUG Engine] Module config: final-stats defaultdict(None, {'class': 'bzt.modules.reporting.FinalStatus'})
[2017-12-07 15:11:12,200 DEBUG root] Importing module: bzt.modules.reporting
[2017-12-07 15:11:12,201 DEBUG root] Loading class: 'FinalStatus' from <module 'bzt.modules.reporting' from '/usr/local/lib/python2.7/site-packages/bzt/modules/reporting.pyc'>
[2017-12-07 15:11:12,202 DEBUG Engine] Module config: console defaultdict(None, {'class': 'bzt.modules.console.ConsoleStatusReporter'})
[2017-12-07 15:11:12,202 DEBUG root] Importing module: bzt.modules.console
[2017-12-07 15:11:12,202 DEBUG root] Loading class: 'ConsoleStatusReporter' from <module 'bzt.modules.console' from '/usr/local/lib/python2.7/site-packages/bzt/modules/console.pyc'>
[2017-12-07 15:11:12,213 DEBUG Engine.Configuration] Dumping YAML config into /Users/daper01/Documents/OSLo/Selenium/2017-12-07_15-10-48.654868/effective.yml
[2017-12-07 15:11:12,245 DEBUG Engine.Configuration] Dumping JSON config into /Users/daper01/Documents/OSLo/Selenium/2017-12-07_15-10-48.654868/effective.json
[2017-12-07 15:11:12,246 INFO Engine] Starting...
[2017-12-07 15:11:12,247 DEBUG Engine] Startup <bzt.modules.aggregator.ConsolidatingAggregator object at 0x10df37b10>
[2017-12-07 15:11:12,247 DEBUG Engine] Startup <bzt.modules.reporting.FinalStatus object at 0x10edc09d0>
[2017-12-07 15:11:12,247 DEBUG Engine] Startup <bzt.modules.console.ConsoleStatusReporter object at 0x10edc0f50>
[2017-12-07 15:11:12,247 INFO Engine.console] Waiting for results...
[2017-12-07 15:11:12,247 DEBUG Engine] Startup <bzt.modules.blazemeter.CloudProvisioning object at 0x10e871a10>
[2017-12-07 15:11:12,247 INFO Engine.cloud.ProjectFinder.CloudTaurusTest] Initiating cloud test with https://a.blazemeter.com ...
[2017-12-07 15:11:12,247 DEBUG Engine.cloud] Request: POST https://a.blazemeter.com/api/v4/tests/5551396/start None
[2017-12-07 15:11:12,250 DEBUG urllib3.connectionpool] Starting new HTTPS connection (1): a.blazemeter.com
[2017-12-07 15:11:13,480 DEBUG urllib3.connectionpool] https://a.blazemeter.com:443 "POST /api/v4/tests/5551396/start HTTP/1.1" 202 485
[2017-12-07 15:11:13,488 DEBUG Engine.cloud] Response [202]: {
    "api_version": 4,
    "error": null,
    "result": {
        "id": 17003404,
        "name": "Taurus Cloud Test",
        "userId": 339612,
        "runnerUserId": 339612,
        "executorClientId": "Taurus",
        "secondsPerLabelDoc": 3600,
    
[2017-12-07 15:11:13,489 INFO Engine.cloud] Started cloud test: https://a.blazemeter.com/app/#/masters/17003404
[2017-12-07 15:11:14,094 DEBUG Engine.Configuration] Dumping YAML config into /Users/daper01/Documents/OSLo/Selenium/2017-12-07_15-10-48.654868/effective.yml
[2017-12-07 15:11:14,213 DEBUG Engine.Configuration] Dumping JSON config into /Users/daper01/Documents/OSLo/Selenium/2017-12-07_15-10-48.654868/effective.json
[2017-12-07 15:11:14,216 DEBUG root] Leveling down log file verbosity, use -v option to have DEBUG messages enabled
[2017-12-07 15:11:14,217 WARNING Engine.cloud] Detaching Taurus from started test...
[2017-12-07 15:11:14,220 INFO Engine.console] Waiting for finish...
[2017-12-07 15:11:14,616 WARNING Engine] Please wait for graceful shutdown...
[2017-12-07 15:11:14,623 DEBUG root] Leveled up log file verbosity
[2017-12-07 15:11:14,623 INFO Engine] Shutting down...
[2017-12-07 15:11:14,628 DEBUG Engine.console] Restoring logging streams, [<logging.StreamHandler object at 0x10d46f690>]/{<logging.StreamHandler object at 0x10d46f690>: <open file '<stdout>', mode 'w' at 0x10c4e2150>}
[2017-12-07 15:11:14,631 DEBUG Engine.Configuration] Dumping YAML config into /Users/daper01/Documents/OSLo/Selenium/2017-12-07_15-10-48.654868/effective.yml
[2017-12-07 15:11:14,701 DEBUG Engine.Configuration] Dumping JSON config into /Users/daper01/Documents/OSLo/Selenium/2017-12-07_15-10-48.654868/effective.json
[2017-12-07 15:11:14,704 INFO Engine] Post-processing...
[2017-12-07 15:11:14,704 DEBUG Engine.cloud] Request: GET https://a.blazemeter.com/api/v4/masters/17003404/full None
[2017-12-07 15:11:14,707 DEBUG urllib3.connectionpool] Starting new HTTPS connection (1): a.blazemeter.com
[2017-12-07 15:11:15,107 DEBUG urllib3.connectionpool] https://a.blazemeter.com:443 "GET /api/v4/masters/17003404/full HTTP/1.1" 200 777
[2017-12-07 15:11:15,110 DEBUG Engine.cloud] Response [200]: {
    "api_version": 4,
    "error": null,
    "result": {
        "id": 17003404,
        "name": "Taurus Cloud Test",
        "userId": 339612,
        "runnerUserId": 339612,
        "created": 1512688272,
        "updated": 1512688272,
        "executo
[2017-12-07 15:11:15,111 DEBUG Engine.cloud] Request: GET https://a.blazemeter.com/api/v4/masters/17003404/sessions None
[2017-12-07 15:11:15,113 DEBUG urllib3.connectionpool] Starting new HTTPS connection (1): a.blazemeter.com
[2017-12-07 15:11:15,548 DEBUG urllib3.connectionpool] https://a.blazemeter.com:443 "GET /api/v4/masters/17003404/sessions HTTP/1.1" 200 61
[2017-12-07 15:11:15,560 DEBUG Engine.cloud] Response [200]: {
    "api_version": 4,
    "error": null,
    "result": []
}
[2017-12-07 15:11:15,560 DEBUG Engine.consolidator] Consolidator buffer[0]: []
[2017-12-07 15:11:15,560 INFO Engine.final-stats] Test duration: 0:00:02
[2017-12-07 15:11:15,561 DEBUG Engine.console] No logger_handler or orig_stream was detected
[2017-12-07 15:11:15,566 DEBUG Engine.Configuration] Dumping YAML config into /Users/daper01/Documents/OSLo/Selenium/2017-12-07_15-10-48.654868/effective.yml
[2017-12-07 15:11:15,627 DEBUG Engine.Configuration] Dumping JSON config into /Users/daper01/Documents/OSLo/Selenium/2017-12-07_15-10-48.654868/effective.json
[2017-12-07 15:11:15,630 INFO root] Artifacts dir: /Users/daper01/Documents/OSLo/Selenium/2017-12-07_15-10-48.654868
[2017-12-07 15:11:15,630 INFO root] Done performing with code: 0
[2017-12-07 15:11:15,630 DEBUG root] Closing log handler: /Users/daper01/Documents/OSLo/Selenium/2017-12-07_15-10-48.654868/bzt.log
