[2018-01-11 13:23:52,763 INFO root] Taurus CLI Tool v1.10.3
[2018-01-11 13:23:52,763 DEBUG root] Command-line options: {'verbose': None, 'no_system_configs': None, 'quiet': None, 'log': '/var/folders/vq/xzrdy2lx047cst78f69v8z3xfzqz1q/T/bzt__xhzU3.log', 'option': None, 'aliases': []}
[2018-01-11 13:23:52,763 DEBUG root] Python: CPython 2.7.13
[2018-01-11 13:23:52,763 DEBUG root] OS: ('Darwin', 'daper01mac1124', '17.2.0', 'Darwin Kernel Version 17.2.0: Fri Sep 29 18:27:05 PDT 2017; root:xnu-4570.20.62~3/RELEASE_X86_64', 'x86_64', 'i386')
[2018-01-11 13:23:52,764 INFO root] Starting with configs: ['load_scenario_from_csv.yml', 'execution_jmeter.yml']
[2018-01-11 13:23:52,764 DEBUG root] Using personal config: /Users/daper01/.bzt-rc
[2018-01-11 13:23:52,764 INFO Engine] Configuring...
[2018-01-11 13:23:52,764 DEBUG Engine] Reading extension configs from: /usr/local/etc/bzt.d
[2018-01-11 13:23:52,764 DEBUG Engine.Configuration] Configs: ['/usr/local/lib/python2.7/site-packages/bzt/resources/base-config.yml', '/usr/local/etc/bzt.d/99-installID.yml']
[2018-01-11 13:23:52,772 DEBUG Engine.Configuration] Reading /usr/local/lib/python2.7/site-packages/bzt/resources/base-config.yml as YAML
[2018-01-11 13:23:52,806 DEBUG Engine.Configuration] Reading /usr/local/etc/bzt.d/99-installID.yml as YAML
[2018-01-11 13:23:52,806 DEBUG Engine.Configuration] Configs: ['/Users/daper01/.bzt-rc', 'load_scenario_from_csv.yml', 'execution_jmeter.yml']
[2018-01-11 13:23:52,807 DEBUG Engine.Configuration] Reading /Users/daper01/.bzt-rc as YAML
[2018-01-11 13:23:52,814 DEBUG Engine.Configuration] Reading load_scenario_from_csv.yml as YAML
[2018-01-11 13:23:52,825 DEBUG Engine.Configuration] Reading execution_jmeter.yml as YAML
[2018-01-11 13:23:52,830 DEBUG Engine.Configuration] Configs: ['/Users/daper01/.bzt-rc', 'load_scenario_from_csv.yml', 'execution_jmeter.yml']
[2018-01-11 13:23:52,830 DEBUG Engine.Configuration] Reading /Users/daper01/.bzt-rc as YAML
[2018-01-11 13:23:52,831 DEBUG Engine.Configuration] Reading load_scenario_from_csv.yml as YAML
[2018-01-11 13:23:52,835 DEBUG Engine.Configuration] Reading execution_jmeter.yml as YAML
[2018-01-11 13:23:52,846 DEBUG Engine] Requesting updates info: http://gettaurus.org/updates/?version=1.10.3&installID=784f43782a15
[2018-01-11 13:23:52,850 INFO Engine] Artifacts dir: /Users/daper01/Documents/OSLo/artifacts/2018-01-11_13-23-52.850652
[2018-01-11 13:23:52,851 DEBUG Engine] New artifact filename: /Users/daper01/Documents/OSLo/artifacts/2018-01-11_13-23-52.850652/effective
[2018-01-11 13:23:52,852 DEBUG Engine.Configuration] Dumping YAML config into /Users/daper01/Documents/OSLo/artifacts/2018-01-11_13-23-52.850652/effective.yml
[2018-01-11 13:23:52,880 DEBUG Engine.Configuration] Dumping JSON config into /Users/daper01/Documents/OSLo/artifacts/2018-01-11_13-23-52.850652/effective.json
[2018-01-11 13:23:52,881 DEBUG Engine] New artifact filename: /Users/daper01/Documents/OSLo/artifacts/2018-01-11_13-23-52.850652/merged.yml
[2018-01-11 13:23:52,882 DEBUG Engine.Configuration] Dumping YAML config into /Users/daper01/Documents/OSLo/artifacts/2018-01-11_13-23-52.850652/merged.yml
[2018-01-11 13:23:52,892 DEBUG Engine] New artifact filename: /Users/daper01/Documents/OSLo/artifacts/2018-01-11_13-23-52.850652/merged.json
[2018-01-11 13:23:52,892 DEBUG Engine.Configuration] Dumping JSON config into /Users/daper01/Documents/OSLo/artifacts/2018-01-11_13-23-52.850652/merged.json
[2018-01-11 13:23:52,893 DEBUG Engine] Add existing artifact (move=False): load_scenario_from_csv.yml
[2018-01-11 13:23:52,893 DEBUG Engine] Copying load_scenario_from_csv.yml to /Users/daper01/Documents/OSLo/artifacts/2018-01-11_13-23-52.850652/load_scenario_from_csv.yml
[2018-01-11 13:23:52,894 DEBUG Engine] Add existing artifact (move=False): execution_jmeter.yml
[2018-01-11 13:23:52,894 DEBUG Engine] Copying execution_jmeter.yml to /Users/daper01/Documents/OSLo/artifacts/2018-01-11_13-23-52.850652/execution_jmeter.yml
[2018-01-11 13:23:52,895 DEBUG root] Closing log handler: /var/folders/vq/xzrdy2lx047cst78f69v8z3xfzqz1q/T/bzt__xhzU3.log
[2018-01-11 13:23:52,909 DEBUG root] Switched writing logs to /Users/daper01/Documents/OSLo/artifacts/2018-01-11_13-23-52.850652/bzt.log
[2018-01-11 13:23:52,909 INFO Engine] Preparing...
[2018-01-11 13:23:52,910 DEBUG Engine] Module config: consolidator defaultdict(None, {'class': 'bzt.modules.aggregator.ConsolidatingAggregator'})
[2018-01-11 13:23:52,910 DEBUG root] Importing module: bzt.modules.aggregator
[2018-01-11 13:23:53,096 DEBUG root] Loading class: 'ConsolidatingAggregator' from <module 'bzt.modules.aggregator' from '/usr/local/lib/python2.7/site-packages/bzt/modules/aggregator.pyc'>
[2018-01-11 13:23:53,096 DEBUG Engine.consolidator] Exception in dehumanize_time(inf)
[2018-01-11 13:23:53,096 DEBUG Engine.consolidator] Buffer scaling setup: percentile 95.0 from [0.0, 50.0, 90.0, 95.0, 99.0, 99.9, 100.0] selected
[2018-01-11 13:23:53,096 DEBUG Engine] Module config: monitoring defaultdict(None, {'class': 'bzt.modules.monitoring.Monitoring'})
[2018-01-11 13:23:53,097 DEBUG root] Importing module: bzt.modules.monitoring
[2018-01-11 13:23:53,121 DEBUG root] Loading class: 'Monitoring' from <module 'bzt.modules.monitoring' from '/usr/local/lib/python2.7/site-packages/bzt/modules/monitoring.pyc'>
[2018-01-11 13:23:53,121 DEBUG Engine] Module config: local defaultdict(None, {'class': 'bzt.modules.provisioning.Local'})
[2018-01-11 13:23:53,121 DEBUG root] Importing module: bzt.modules.provisioning
[2018-01-11 13:23:53,121 DEBUG root] Loading class: 'Local' from <module 'bzt.modules.provisioning' from '/usr/local/lib/python2.7/site-packages/bzt/modules/provisioning.pyc'>
[2018-01-11 13:23:53,121 DEBUG Engine] Module config: jmeter defaultdict(None, {'properties': defaultdict(None, {'jmeter.save.saveservice.autoflush': 'true', 'jmeter.save.saveservice.connect_time': 'true', 'summariser.name': '', 'jmeterengine.force.system.exit': 'true'}), 'class': 'bzt.modules.jmeter.JMeterExecutor', 'plugins': ['jpgc-casutg', 'jpgc-dummy', 'jpgc-ffw', 'jpgc-fifo', 'jpgc-functions', 'jpgc-json', 'jpgc-perfmon', 'jpgc-prmctl', 'jpgc-tst']})
[2018-01-11 13:23:53,121 DEBUG root] Importing module: bzt.modules.jmeter
[2018-01-11 13:23:53,229 DEBUG root] Loading class: 'JMeterExecutor' from <module 'bzt.modules.jmeter' from '/usr/local/lib/python2.7/site-packages/bzt/modules/jmeter.pyc'>
[2018-01-11 13:23:53,229 DEBUG Engine.local] Preparing executor: jmeter/4528258000
[2018-01-11 13:23:53,229 DEBUG Engine] New artifact filename: /Users/daper01/Documents/OSLo/artifacts/2018-01-11_13-23-52.850652/jmeter.log
[2018-01-11 13:23:53,229 DEBUG Engine.jmeter] Checking if port 4445 is free
[2018-01-11 13:23:53,230 DEBUG Engine.jmeter] Port 4445 is free
[2018-01-11 13:23:53,230 DEBUG Engine.jmeter] Using port 4445 for management
[2018-01-11 13:23:53,230 DEBUG Engine.jmeter.JavaVM] Trying JavaVM: ['java', '-version']
[2018-01-11 13:23:53,426 DEBUG Engine.jmeter.JavaVM] JavaVM output: java version "1.8.0_121"
Java(TM) SE Runtime Environment (build 1.8.0_121-b13)
Java HotSpot(TM) 64-Bit Server VM (build 25.121-b13, mixed mode)

[2018-01-11 13:23:53,427 DEBUG Engine.jmeter.TclLibrary] We don't need to check tcl library on this platform
[2018-01-11 13:23:53,427 DEBUG Engine.jmeter.JMeter] Trying jmeter: /Users/daper01/.bzt/jmeter-taurus/3.3/bin/jmeter.sh
[2018-01-11 13:23:53,427 DEBUG bzt.utils] Executing shell: ['/Users/daper01/.bzt/jmeter-taurus/3.3/bin/jmeter.sh', '-j', '/var/folders/vq/xzrdy2lx047cst78f69v8z3xfzqz1q/T/jmeterKqRY1Blog', '--version'] at .
[2018-01-11 13:23:53,672 DEBUG Engine] Taurus updates info: {"latest":"1.10.4","needsUpgrade":true}
[2018-01-11 13:23:53,673 WARNING Engine] There is newer version of Taurus 1.10.4 available, consider upgrading. What's new: http://gettaurus.org/docs/Changelog/
[2018-01-11 13:23:55,645 DEBUG Engine.jmeter.JMeter] JMeter check:     _    ____   _    ____ _   _ _____       _ __  __ _____ _____ _____ ____     
   / \  |  _ \ / \  / ___| | | | ____|     | |  \/  | ____|_   _| ____|  _ \   
  / _ \ | |_) / _ \| |   | |_| |  _|    _  | | |\/| |  _|   | | |  _| | |_) | 
 / ___ \|  __/ ___ \ |___|  _  | |___  | |_| | |  | | |___  | | | |___|  _ <  
/_/   \_\_| /_/   \_\____|_| |_|_____|  \___/|_|  |_|_____| |_| |_____|_| \_\ 3.3 r1808647  

Copyright (c) 1999-2017 The Apache Software Foundation

 / None
[2018-01-11 13:23:55,646 DEBUG Engine] New artifact filename: /Users/daper01/Documents/OSLo/artifacts/2018-01-11_13-23-52.850652/requests.jmx
[2018-01-11 13:23:55,650 DEBUG JMeterScenarioBuilder] Saving JMX to: /Users/daper01/Documents/OSLo/artifacts/2018-01-11_13-23-52.850652/requests.jmx
[2018-01-11 13:23:55,651 DEBUG bzt.utils] Executing shell: ['/Users/daper01/.bzt/jmeter-taurus/3.3/bin/PluginsManagerCMD.sh', 'install-for-jmx', '/Users/daper01/Documents/OSLo/artifacts/2018-01-11_13-23-52.850652/requests.jmx'] at .
[2018-01-11 13:23:58,883 DEBUG Engine.jmeter.JMeter] Try to detect plugins for /Users/daper01/Documents/OSLo/artifacts/2018-01-11_13-23-52.850652/requests.jmx
13:23:57.587 [main] INFO  org.jmeterplugins.repository.PluginManager - Plugins Status: [jpgc-functions=2.0, jpgc-casutg=2.1, jpgc-dummy=0.2, jpgc-ffw=2.0, jpgc-fifo=0.2, jpgc-json=2.6, jpgc-prmctl=0.3, jpgc-perfmon=2.1, jpgc-plugins-manager=0.16, jpgc-tst=2.1, jmeter-core=3.3, jmeter-ftp=3.3, jmeter-http=3.3, jmeter-jdbc=3.3, jmeter-jms=3.3, jmeter-junit=3.3, jmeter-java=3.3, jmeter-ldap=3.3, jmeter-mail=3.3, jmeter-mongodb=3.3, jmeter-native=3.3, jmeter-tcp=3.3, jmeter-components=3.3]
2018-01-11 13:23:57,587 INFO o.j.r.PluginManager: Plugins Status: [jpgc-functions=2.0, jpgc-casutg=2.1, jpgc-dummy=0.2, jpgc-ffw=2.0, jpgc-fifo=0.2, jpgc-json=2.6, jpgc-prmctl=0.3, jpgc-perfmon=2.1, jpgc-plugins-manager=0.16, jpgc-tst=2.1, jmeter-core=3.3, jmeter-ftp=3.3, jmeter-http=3.3, jmeter-jdbc=3.3, jmeter-jms=3.3, jmeter-junit=3.3, jmeter-java=3.3, jmeter-ldap=3.3, jmeter-mail=3.3, jmeter-mongodb=3.3, jmeter-native=3.3, jmeter-tcp=3.3, jmeter-components=3.3]
13:23:58.138 [main] INFO  org.apache.jmeter.save.SaveService - Testplan (JMX) version: 2.2. Testlog (JTL) version: 2.2
2018-01-11 13:23:58,138 INFO o.a.j.s.SaveService: Testplan (JMX) version: 2.2. Testlog (JTL) version: 2.2
13:23:58.169 [main] INFO  org.apache.jmeter.save.SaveService - Using SaveService properties file encoding UTF-8
2018-01-11 13:23:58,169 INFO o.a.j.s.SaveService: Using SaveService properties file encoding UTF-8
13:23:58.175 [main] INFO  org.apache.jmeter.save.SaveService - Using SaveService properties version 3.2
2018-01-11 13:23:58,175 INFO o.a.j.s.SaveService: Using SaveService properties version 3.2
13:23:58.299 [main] INFO  org.apache.jmeter.protocol.http.control.CacheManager - Will only cache the following methods: [GET]
2018-01-11 13:23:58,299 INFO o.a.j.p.h.c.CacheManager: Will only cache the following methods: [GET]
13:23:58.303 [main] INFO  org.apache.jmeter.protocol.http.control.CookieManager - Settings: Delete null: true Check: true Allow variable: true Save: false Prefix: COOKIE_
2018-01-11 13:23:58,303 INFO o.a.j.p.h.c.CookieManager: Settings: Delete null: true Check: true Allow variable: true Save: false Prefix: COOKIE_
13:23:58.434 [main] INFO  org.jmeterplugins.repository.PluginManager - Restarting JMeter...
2018-01-11 13:23:58,434 INFO o.j.r.PluginManager: Restarting JMeter...
13:23:58.440 [Thread-1] INFO  org.jmeterplugins.repository.PluginManager - Starting JMeter Plugins modifications
2018-01-11 13:23:58,440 INFO o.j.r.PluginManager: Starting JMeter Plugins modifications

ERROR StatusLogger No log4j2 configuration file found. Using default configuration: logging only errors to the console. Set system property 'org.apache.logging.log4j.simplelog.StatusLogger.level' to TRACE to show Log4j2 internal initialization logging.

[2018-01-11 13:23:58,884 DEBUG Engine.jmeter] Load: LoadSpec(concurrency=50, throughput=None, ramp_up=30.0, hold=120.0, iterations=0, duration=150.0, steps=None)
[2018-01-11 13:23:58,889 DEBUG Engine.jmeter.LoadSettingsProcessor.ThreadGroupHandler] Converting ThreadGroup (blazedemo) to ConcurrencyThreadGroup and apply load parameters
[2018-01-11 13:23:58,889 DEBUG Engine] New artifact filename: /Users/daper01/Documents/OSLo/artifacts/2018-01-11_13-23-52.850652/kpi.jtl
[2018-01-11 13:23:58,890 DEBUG Engine] New artifact filename: /Users/daper01/Documents/OSLo/artifacts/2018-01-11_13-23-52.850652/error.jtl
[2018-01-11 13:23:58,891 DEBUG Engine] New artifact filename: /Users/daper01/Documents/OSLo/artifacts/2018-01-11_13-23-52.850652/modified_requests.jmx
[2018-01-11 13:23:58,891 DEBUG JMX] Saving JMX to: /Users/daper01/Documents/OSLo/artifacts/2018-01-11_13-23-52.850652/modified_requests.jmx
[2018-01-11 13:23:58,891 DEBUG Engine.jmeter] Additional properties: defaultdict(None, {'jmeter.save.saveservice.autoflush': 'true', 'jmeter.save.saveservice.connect_time': 'true', 'user.classpath': '/Users/daper01/Documents/OSLo/artifacts/2018-01-11_13-23-52.850652:/Users/daper01/Documents/OSLo/artifacts/2018-01-11_13-23-52.850652', 'sampleresult.default.encoding': 'UTF-8', 'summariser.name': '', 'jmeterengine.force.system.exit': 'true', 'jmeter.save.saveservice.timestamp_format': 'ms', 'jmeterengine.nongui.maxport': 4445, 'jmeterengine.nongui.port': 4445})
[2018-01-11 13:23:58,892 DEBUG Engine] New artifact filename: /Users/daper01/Documents/OSLo/artifacts/2018-01-11_13-23-52.850652/jmeter-bzt.properties
[2018-01-11 13:23:58,892 DEBUG Engine.jmeter] Additional system properties defaultdict(None, {'sun.net.inetaddr.ttl': 0})
[2018-01-11 13:23:58,892 DEBUG Engine] New artifact filename: /Users/daper01/Documents/OSLo/artifacts/2018-01-11_13-23-52.850652/system.properties
[2018-01-11 13:23:58,893 DEBUG Engine] New artifact filename: /Users/daper01/Documents/OSLo/artifacts/2018-01-11_13-23-52.850652/jmeter.out
[2018-01-11 13:23:58,894 DEBUG Engine] New artifact filename: /Users/daper01/Documents/OSLo/artifacts/2018-01-11_13-23-52.850652/jmeter.err
[2018-01-11 13:23:58,895 DEBUG Engine.local] Preparing executor: jmeter/4528258064
[2018-01-11 13:23:58,895 DEBUG Engine] New artifact filename: /Users/daper01/Documents/OSLo/artifacts/2018-01-11_13-23-52.850652/jmeter-1.log
[2018-01-11 13:23:58,896 DEBUG Engine.jmeter] Checking if port 4446 is free
[2018-01-11 13:23:58,896 DEBUG Engine.jmeter] Port 4446 is free
[2018-01-11 13:23:58,896 DEBUG Engine.jmeter] Using port 4446 for management
[2018-01-11 13:23:58,897 DEBUG Engine.jmeter.JavaVM] Trying JavaVM: ['java', '-version']
[2018-01-11 13:23:59,042 DEBUG Engine.jmeter.JavaVM] JavaVM output: java version "1.8.0_121"
Java(TM) SE Runtime Environment (build 1.8.0_121-b13)
Java HotSpot(TM) 64-Bit Server VM (build 25.121-b13, mixed mode)

[2018-01-11 13:23:59,042 DEBUG Engine.jmeter.TclLibrary] We don't need to check tcl library on this platform
[2018-01-11 13:23:59,043 DEBUG Engine.jmeter.JMeter] Trying jmeter: /Users/daper01/.bzt/jmeter-taurus/3.3/bin/jmeter.sh
[2018-01-11 13:23:59,043 DEBUG bzt.utils] Executing shell: ['/Users/daper01/.bzt/jmeter-taurus/3.3/bin/jmeter.sh', '-j', '/var/folders/vq/xzrdy2lx047cst78f69v8z3xfzqz1q/T/jmeterF3Wgvdlog', '--version'] at .
[2018-01-11 13:24:00,437 DEBUG Engine.jmeter.JMeter] JMeter check:     _    ____   _    ____ _   _ _____       _ __  __ _____ _____ _____ ____     
   / \  |  _ \ / \  / ___| | | | ____|     | |  \/  | ____|_   _| ____|  _ \   
  / _ \ | |_) / _ \| |   | |_| |  _|    _  | | |\/| |  _|   | | |  _| | |_) | 
 / ___ \|  __/ ___ \ |___|  _  | |___  | |_| | |  | | |___  | | | |___|  _ <  
/_/   \_\_| /_/   \_\____|_| |_|_____|  \___/|_|  |_|_____| |_| |_____|_| \_\ 3.3 r1808647  

Copyright (c) 1999-2017 The Apache Software Foundation

 / None
[2018-01-11 13:24:00,438 DEBUG Engine] New artifact filename: /Users/daper01/Documents/OSLo/artifacts/2018-01-11_13-23-52.850652/requests-1.jmx
[2018-01-11 13:24:00,441 DEBUG JMeterScenarioBuilder] Saving JMX to: /Users/daper01/Documents/OSLo/artifacts/2018-01-11_13-23-52.850652/requests-1.jmx
[2018-01-11 13:24:00,442 DEBUG bzt.utils] Executing shell: ['/Users/daper01/.bzt/jmeter-taurus/3.3/bin/PluginsManagerCMD.sh', 'install-for-jmx', '/Users/daper01/Documents/OSLo/artifacts/2018-01-11_13-23-52.850652/requests-1.jmx'] at .
[2018-01-11 13:24:03,098 DEBUG Engine.jmeter.JMeter] Try to detect plugins for /Users/daper01/Documents/OSLo/artifacts/2018-01-11_13-23-52.850652/requests-1.jmx
13:24:02.085 [main] INFO  org.jmeterplugins.repository.PluginManager - Plugins Status: [jpgc-functions=2.0, jpgc-casutg=2.1, jpgc-dummy=0.2, jpgc-ffw=2.0, jpgc-fifo=0.2, jpgc-json=2.6, jpgc-prmctl=0.3, jpgc-perfmon=2.1, jpgc-plugins-manager=0.16, jpgc-tst=2.1, jmeter-core=3.3, jmeter-ftp=3.3, jmeter-http=3.3, jmeter-jdbc=3.3, jmeter-jms=3.3, jmeter-junit=3.3, jmeter-java=3.3, jmeter-ldap=3.3, jmeter-mail=3.3, jmeter-mongodb=3.3, jmeter-native=3.3, jmeter-tcp=3.3, jmeter-components=3.3]
2018-01-11 13:24:02,085 INFO o.j.r.PluginManager: Plugins Status: [jpgc-functions=2.0, jpgc-casutg=2.1, jpgc-dummy=0.2, jpgc-ffw=2.0, jpgc-fifo=0.2, jpgc-json=2.6, jpgc-prmctl=0.3, jpgc-perfmon=2.1, jpgc-plugins-manager=0.16, jpgc-tst=2.1, jmeter-core=3.3, jmeter-ftp=3.3, jmeter-http=3.3, jmeter-jdbc=3.3, jmeter-jms=3.3, jmeter-junit=3.3, jmeter-java=3.3, jmeter-ldap=3.3, jmeter-mail=3.3, jmeter-mongodb=3.3, jmeter-native=3.3, jmeter-tcp=3.3, jmeter-components=3.3]
13:24:02.501 [main] INFO  org.apache.jmeter.save.SaveService - Testplan (JMX) version: 2.2. Testlog (JTL) version: 2.2
2018-01-11 13:24:02,501 INFO o.a.j.s.SaveService: Testplan (JMX) version: 2.2. Testlog (JTL) version: 2.2
13:24:02.519 [main] INFO  org.apache.jmeter.save.SaveService - Using SaveService properties file encoding UTF-8
2018-01-11 13:24:02,519 INFO o.a.j.s.SaveService: Using SaveService properties file encoding UTF-8
13:24:02.524 [main] INFO  org.apache.jmeter.save.SaveService - Using SaveService properties version 3.2
2018-01-11 13:24:02,524 INFO o.a.j.s.SaveService: Using SaveService properties version 3.2
13:24:02.565 [main] INFO  org.apache.jmeter.protocol.http.control.CacheManager - Will only cache the following methods: [GET]
2018-01-11 13:24:02,565 INFO o.a.j.p.h.c.CacheManager: Will only cache the following methods: [GET]
13:24:02.569 [main] INFO  org.apache.jmeter.protocol.http.control.CookieManager - Settings: Delete null: true Check: true Allow variable: true Save: false Prefix: COOKIE_
2018-01-11 13:24:02,569 INFO o.a.j.p.h.c.CookieManager: Settings: Delete null: true Check: true Allow variable: true Save: false Prefix: COOKIE_
13:24:02.679 [main] INFO  org.jmeterplugins.repository.PluginManager - Restarting JMeter...
2018-01-11 13:24:02,679 INFO o.j.r.PluginManager: Restarting JMeter...
13:24:02.682 [Thread-1] INFO  org.jmeterplugins.repository.PluginManager - Starting JMeter Plugins modifications
2018-01-11 13:24:02,682 INFO o.j.r.PluginManager: Starting JMeter Plugins modifications

ERROR StatusLogger No log4j2 configuration file found. Using default configuration: logging only errors to the console. Set system property 'org.apache.logging.log4j.simplelog.StatusLogger.level' to TRACE to show Log4j2 internal initialization logging.

[2018-01-11 13:24:03,099 DEBUG Engine.jmeter] Load: LoadSpec(concurrency=50, throughput=None, ramp_up=120.0, hold=30.0, iterations=0, duration=150.0, steps=None)
[2018-01-11 13:24:03,105 DEBUG Engine.jmeter.LoadSettingsProcessor.ThreadGroupHandler] Converting ThreadGroup (blazedemo) to ConcurrencyThreadGroup and apply load parameters
[2018-01-11 13:24:03,105 DEBUG Engine] New artifact filename: /Users/daper01/Documents/OSLo/artifacts/2018-01-11_13-23-52.850652/kpi-1.jtl
[2018-01-11 13:24:03,106 DEBUG Engine] New artifact filename: /Users/daper01/Documents/OSLo/artifacts/2018-01-11_13-23-52.850652/error-1.jtl
[2018-01-11 13:24:03,108 DEBUG Engine] New artifact filename: /Users/daper01/Documents/OSLo/artifacts/2018-01-11_13-23-52.850652/modified_requests-1.jmx
[2018-01-11 13:24:03,109 DEBUG JMX] Saving JMX to: /Users/daper01/Documents/OSLo/artifacts/2018-01-11_13-23-52.850652/modified_requests-1.jmx
[2018-01-11 13:24:03,110 DEBUG Engine.jmeter] Additional properties: defaultdict(None, {'jmeter.save.saveservice.autoflush': 'true', 'jmeter.save.saveservice.connect_time': 'true', 'user.classpath': '/Users/daper01/Documents/OSLo/artifacts/2018-01-11_13-23-52.850652:/Users/daper01/Documents/OSLo/artifacts/2018-01-11_13-23-52.850652', 'sampleresult.default.encoding': 'UTF-8', 'summariser.name': '', 'jmeterengine.force.system.exit': 'true', 'jmeter.save.saveservice.timestamp_format': 'ms', 'jmeterengine.nongui.maxport': 4446, 'jmeterengine.nongui.port': 4446})
[2018-01-11 13:24:03,110 DEBUG Engine] New artifact filename: /Users/daper01/Documents/OSLo/artifacts/2018-01-11_13-23-52.850652/jmeter-bzt-1.properties
[2018-01-11 13:24:03,111 DEBUG Engine.jmeter] Additional system properties defaultdict(None, {'sun.net.inetaddr.ttl': 0})
[2018-01-11 13:24:03,111 DEBUG Engine] New artifact filename: /Users/daper01/Documents/OSLo/artifacts/2018-01-11_13-23-52.850652/system-1.properties
[2018-01-11 13:24:03,111 DEBUG Engine] New artifact filename: /Users/daper01/Documents/OSLo/artifacts/2018-01-11_13-23-52.850652/jmeter-1.out
[2018-01-11 13:24:03,112 DEBUG Engine] New artifact filename: /Users/daper01/Documents/OSLo/artifacts/2018-01-11_13-23-52.850652/jmeter-1.err
[2018-01-11 13:24:03,113 DEBUG Engine] Module config: final-stats defaultdict(None, {'class': 'bzt.modules.reporting.FinalStatus'})
[2018-01-11 13:24:03,113 DEBUG root] Importing module: bzt.modules.reporting
[2018-01-11 13:24:04,746 DEBUG easyprocess] version=0.2.3
[2018-01-11 13:24:04,815 DEBUG pyvirtualdisplay] version=0.2.1
[2018-01-11 13:24:04,829 DEBUG root] Loading class: 'FinalStatus' from <module 'bzt.modules.reporting' from '/usr/local/lib/python2.7/site-packages/bzt/modules/reporting.pyc'>
[2018-01-11 13:24:04,830 DEBUG Engine] Module config: console defaultdict(None, {'class': 'bzt.modules.console.ConsoleStatusReporter'})
[2018-01-11 13:24:04,830 DEBUG root] Importing module: bzt.modules.console
[2018-01-11 13:24:04,830 DEBUG root] Loading class: 'ConsoleStatusReporter' from <module 'bzt.modules.console' from '/usr/local/lib/python2.7/site-packages/bzt/modules/console.pyc'>
[2018-01-11 13:24:04,839 DEBUG Engine.Configuration] Dumping YAML config into /Users/daper01/Documents/OSLo/artifacts/2018-01-11_13-23-52.850652/effective.yml
[2018-01-11 13:24:04,879 DEBUG Engine.Configuration] Dumping JSON config into /Users/daper01/Documents/OSLo/artifacts/2018-01-11_13-23-52.850652/effective.json
[2018-01-11 13:24:04,881 INFO Engine] Starting...
[2018-01-11 13:24:04,881 DEBUG Engine] Startup <bzt.modules.monitoring.Monitoring object at 0x10d5393d0>
[2018-01-11 13:24:04,881 DEBUG Engine] Startup <bzt.modules.aggregator.ConsolidatingAggregator object at 0x10d108fd0>
[2018-01-11 13:24:04,882 DEBUG Engine] Startup <bzt.modules.reporting.FinalStatus object at 0x10d559a90>
[2018-01-11 13:24:04,882 DEBUG Engine] Startup <bzt.modules.console.ConsoleStatusReporter object at 0x10dffa610>
[2018-01-11 13:24:04,882 INFO Engine.console] Waiting for results...
[2018-01-11 13:24:04,882 DEBUG Engine] Startup <bzt.modules.reporting.FinalStatus object at 0x10e014a90>
[2018-01-11 13:24:04,882 DEBUG Engine] Startup <bzt.modules.provisioning.Local object at 0x10d1201d0>
[2018-01-11 13:24:04,882 DEBUG Engine.local] Delay setup for jmeter/blazedemo: 0(start-at) + 0(delay) = 0
[2018-01-11 13:24:04,882 DEBUG Engine.local] Delay setup for jmeter/blazedemo: 0(start-at) + 0(delay) = 0
[2018-01-11 13:24:04,886 DEBUG Engine.Configuration] Dumping YAML config into /Users/daper01/Documents/OSLo/artifacts/2018-01-11_13-23-52.850652/effective.yml
[2018-01-11 13:24:04,929 DEBUG Engine.Configuration] Dumping JSON config into /Users/daper01/Documents/OSLo/artifacts/2018-01-11_13-23-52.850652/effective.json
[2018-01-11 13:24:04,931 DEBUG root] Leveling down log file verbosity, use -v option to have DEBUG messages enabled
[2018-01-11 13:24:04,931 DEBUG root] Leveled up log file verbosity
[2018-01-11 13:24:04,931 DEBUG Engine.jmeter] Executing shell from /Users/daper01/Documents/OSLo: ['/Users/daper01/.bzt/jmeter-taurus/3.3/bin/jmeter.sh', '-n', '-t', '/Users/daper01/Documents/OSLo/artifacts/2018-01-11_13-23-52.850652/modified_requests.jmx', '-j', '/Users/daper01/Documents/OSLo/artifacts/2018-01-11_13-23-52.850652/jmeter.log', '-q', '/Users/daper01/Documents/OSLo/artifacts/2018-01-11_13-23-52.850652/jmeter-bzt.properties', '-S', '/Users/daper01/Documents/OSLo/artifacts/2018-01-11_13-23-52.850652/system.properties']
[2018-01-11 13:24:04,931 DEBUG bzt.utils] Executing shell: ['/Users/daper01/.bzt/jmeter-taurus/3.3/bin/jmeter.sh', '-n', '-t', '/Users/daper01/Documents/OSLo/artifacts/2018-01-11_13-23-52.850652/modified_requests.jmx', '-j', '/Users/daper01/Documents/OSLo/artifacts/2018-01-11_13-23-52.850652/jmeter.log', '-q', '/Users/daper01/Documents/OSLo/artifacts/2018-01-11_13-23-52.850652/jmeter-bzt.properties', '-S', '/Users/daper01/Documents/OSLo/artifacts/2018-01-11_13-23-52.850652/system.properties'] at /Users/daper01/Documents/OSLo
[2018-01-11 13:24:04,938 DEBUG root] Leveling down log file verbosity, use -v option to have DEBUG messages enabled
[2018-01-11 13:24:04,939 DEBUG root] Leveled up log file verbosity
[2018-01-11 13:24:04,939 DEBUG Engine.jmeter] Executing shell from /Users/daper01/Documents/OSLo: ['/Users/daper01/.bzt/jmeter-taurus/3.3/bin/jmeter.sh', '-n', '-t', '/Users/daper01/Documents/OSLo/artifacts/2018-01-11_13-23-52.850652/modified_requests-1.jmx', '-j', '/Users/daper01/Documents/OSLo/artifacts/2018-01-11_13-23-52.850652/jmeter-1.log', '-q', '/Users/daper01/Documents/OSLo/artifacts/2018-01-11_13-23-52.850652/jmeter-bzt-1.properties', '-S', '/Users/daper01/Documents/OSLo/artifacts/2018-01-11_13-23-52.850652/system-1.properties']
[2018-01-11 13:24:04,939 DEBUG bzt.utils] Executing shell: ['/Users/daper01/.bzt/jmeter-taurus/3.3/bin/jmeter.sh', '-n', '-t', '/Users/daper01/Documents/OSLo/artifacts/2018-01-11_13-23-52.850652/modified_requests-1.jmx', '-j', '/Users/daper01/Documents/OSLo/artifacts/2018-01-11_13-23-52.850652/jmeter-1.log', '-q', '/Users/daper01/Documents/OSLo/artifacts/2018-01-11_13-23-52.850652/jmeter-bzt-1.properties', '-S', '/Users/daper01/Documents/OSLo/artifacts/2018-01-11_13-23-52.850652/system-1.properties'] at /Users/daper01/Documents/OSLo
[2018-01-11 13:24:04,947 DEBUG root] Leveling down log file verbosity, use -v option to have DEBUG messages enabled
[2018-01-11 13:24:05,157 INFO Engine.console] Waiting for finish...
[2018-01-11 13:26:41,335 WARNING Engine] Please wait for graceful shutdown...
[2018-01-11 13:26:41,343 DEBUG root] Leveled up log file verbosity
[2018-01-11 13:26:41,344 INFO Engine] Shutting down...
[2018-01-11 13:26:41,349 DEBUG Engine.local] Shutdown jmeter/blazedemo
[2018-01-11 13:26:41,349 DEBUG Engine.local] Shutdown jmeter/blazedemo
[2018-01-11 13:26:41,349 DEBUG Engine.console] Restoring logging streams, [<logging.StreamHandler object at 0x10c572150>]/{<logging.StreamHandler object at 0x10c572150>: <open file '<stdout>', mode 'w' at 0x10bdb9150>}
[2018-01-11 13:26:41,352 DEBUG Engine.Configuration] Dumping YAML config into /Users/daper01/Documents/OSLo/artifacts/2018-01-11_13-23-52.850652/effective.yml
[2018-01-11 13:26:41,407 DEBUG Engine.Configuration] Dumping JSON config into /Users/daper01/Documents/OSLo/artifacts/2018-01-11_13-23-52.850652/effective.json
[2018-01-11 13:26:41,411 INFO Engine] Post-processing...
[2018-01-11 13:26:41,411 DEBUG Engine.local] Post-process jmeter/blazedemo
[2018-01-11 13:26:41,412 DEBUG Engine] Add existing artifact (move=True): /Users/daper01/Documents/OSLo/artifacts/2018-01-11_13-23-52.850652/modified_requests.jmx
[2018-01-11 13:26:41,412 DEBUG Engine] No need to copy /Users/daper01/Documents/OSLo/artifacts/2018-01-11_13-23-52.850652/modified_requests.jmx
[2018-01-11 13:26:41,412 DEBUG Engine.local] Post-process jmeter/blazedemo
[2018-01-11 13:26:41,412 DEBUG Engine] Add existing artifact (move=True): /Users/daper01/Documents/OSLo/artifacts/2018-01-11_13-23-52.850652/modified_requests-1.jmx
[2018-01-11 13:26:41,412 DEBUG Engine] No need to copy /Users/daper01/Documents/OSLo/artifacts/2018-01-11_13-23-52.850652/modified_requests-1.jmx
[2018-01-11 13:26:41,413 DEBUG Engine.jmeter.JTLReader.IncrementalCSVReader] Reading JTL: /Users/daper01/Documents/OSLo/artifacts/2018-01-11_13-23-52.850652/kpi.jtl
[2018-01-11 13:26:41,413 DEBUG Engine.jmeter.JTLReader.IncrementalCSVReader] Read lines: 0 / 0 bytes (at speed 1048576)
[2018-01-11 13:26:41,413 DEBUG Engine.jmeter.JTLReader] Buffer len: 2
[2018-01-11 13:26:41,413 DEBUG Engine.jmeter.JTLReader] Aggregating: 1515705998
[2018-01-11 13:26:41,432 DEBUG Engine.jmeter.JTLReader] Aggregating: 1515705999
[2018-01-11 13:26:41,447 DEBUG Engine.jmeter.JTLReader.IncrementalCSVReader] Reading JTL: /Users/daper01/Documents/OSLo/artifacts/2018-01-11_13-23-52.850652/kpi-1.jtl
[2018-01-11 13:26:41,447 DEBUG Engine.jmeter.JTLReader.IncrementalCSVReader] Read lines: 0 / 0 bytes (at speed 1048576)
[2018-01-11 13:26:41,447 DEBUG Engine.jmeter.JTLReader] Buffer len: 2
[2018-01-11 13:26:41,447 DEBUG Engine.jmeter.JTLReader] Aggregating: 1515705998
[2018-01-11 13:26:41,459 DEBUG Engine.jmeter.JTLReader] Aggregating: 1515705999
[2018-01-11 13:26:41,466 DEBUG Engine.consolidator] Consolidator buffer[4]: [1515705996, 1515705997, 1515705998, 1515705999]
[2018-01-11 13:26:41,466 DEBUG Engine.consolidator] Merging into 1515705996
[2018-01-11 13:26:41,466 DEBUG Engine.consolidator] Merging 1515705996
[2018-01-11 13:26:41,472 DEBUG Engine.consolidator] Merging 1515705996
[2018-01-11 13:26:41,495 DEBUG Engine.consolidator] Processed datapoint: 1515705996/None
[2018-01-11 13:26:41,495 DEBUG Engine.consolidator] Merging into 1515705997
[2018-01-11 13:26:41,495 DEBUG Engine.consolidator] Merging 1515705997
[2018-01-11 13:26:41,501 DEBUG Engine.consolidator] Merging 1515705997
[2018-01-11 13:26:41,524 DEBUG Engine.consolidator] Processed datapoint: 1515705997/None
[2018-01-11 13:26:41,524 DEBUG Engine.consolidator] Merging into 1515705998
[2018-01-11 13:26:41,524 DEBUG Engine.consolidator] Merging 1515705998
[2018-01-11 13:26:41,529 DEBUG Engine.consolidator] Merging 1515705998
[2018-01-11 13:26:41,552 DEBUG Engine.consolidator] Processed datapoint: 1515705998/None
[2018-01-11 13:26:41,552 DEBUG Engine.consolidator] Merging into 1515705999
[2018-01-11 13:26:41,552 DEBUG Engine.consolidator] Merging 1515705999
[2018-01-11 13:26:41,558 DEBUG Engine.consolidator] Merging 1515705999
[2018-01-11 13:26:41,580 DEBUG Engine.consolidator] Processed datapoint: 1515705999/None
[2018-01-11 13:26:41,580 INFO Engine.final-stats] Test duration: 0:02:37
[2018-01-11 13:26:41,580 INFO Engine.final-stats] Samples count: 48732, 0.00% failures
[2018-01-11 13:26:41,580 INFO Engine.final-stats] Average times: total 0.232, latency 0.215, connect 0.000
[2018-01-11 13:26:41,580 INFO Engine.final-stats] Percentile 0.0%: 0.167
[2018-01-11 13:26:41,580 INFO Engine.final-stats] Percentile 50.0%: 0.185
[2018-01-11 13:26:41,580 INFO Engine.final-stats] Percentile 90.0%: 0.346
[2018-01-11 13:26:41,581 INFO Engine.final-stats] Percentile 95.0%: 0.360
[2018-01-11 13:26:41,581 INFO Engine.final-stats] Percentile 99.0%: 0.738
[2018-01-11 13:26:41,581 INFO Engine.final-stats] Percentile 99.9%: 1.349
[2018-01-11 13:26:41,581 INFO Engine.final-stats] Percentile 100.0%: 23.753
[2018-01-11 13:26:41,581 DEBUG Engine.console] No logger_handler or orig_stream was detected
[2018-01-11 13:26:41,581 INFO Engine.final-stats] Test duration: 0:02:37
[2018-01-11 13:26:41,581 INFO Engine.final-stats] Samples count: 48732, 0.00% failures
[2018-01-11 13:26:41,582 INFO Engine.final-stats] Average times: total 0.232, latency 0.215, connect 0.000
[2018-01-11 13:26:41,582 INFO Engine.final-stats] Percentile 0.0%: 0.167
[2018-01-11 13:26:41,582 INFO Engine.final-stats] Percentile 50.0%: 0.185
[2018-01-11 13:26:41,582 INFO Engine.final-stats] Percentile 90.0%: 0.346
[2018-01-11 13:26:41,582 INFO Engine.final-stats] Percentile 95.0%: 0.360
[2018-01-11 13:26:41,582 INFO Engine.final-stats] Percentile 99.0%: 0.738
[2018-01-11 13:26:41,583 INFO Engine.final-stats] Percentile 99.9%: 1.349
[2018-01-11 13:26:41,583 INFO Engine.final-stats] Percentile 100.0%: 23.753
[2018-01-11 13:26:41,583 INFO Engine.final-stats] Dumping final status as XML: stats.xml
[2018-01-11 13:26:41,598 DEBUG Engine.Configuration] Dumping YAML config into /Users/daper01/Documents/OSLo/artifacts/2018-01-11_13-23-52.850652/effective.yml
[2018-01-11 13:26:41,641 DEBUG Engine.Configuration] Dumping JSON config into /Users/daper01/Documents/OSLo/artifacts/2018-01-11_13-23-52.850652/effective.json
[2018-01-11 13:26:41,643 INFO root] Artifacts dir: /Users/daper01/Documents/OSLo/artifacts/2018-01-11_13-23-52.850652
[2018-01-11 13:26:41,643 INFO root] Done performing with code: 0
[2018-01-11 13:26:41,643 DEBUG root] Closing log handler: /Users/daper01/Documents/OSLo/artifacts/2018-01-11_13-23-52.850652/bzt.log
