2018-01-11 13:24:06,497 INFO o.a.j.u.JMeterUtils: Setting Locale to en_US
2018-01-11 13:24:06,513 INFO o.a.j.JMeter: Loading user properties from: /Users/daper01/.bzt/jmeter-taurus/3.3/bin/user.properties
2018-01-11 13:24:06,516 INFO o.a.j.JMeter: Loading system properties from: /Users/daper01/.bzt/jmeter-taurus/3.3/bin/system.properties
2018-01-11 13:24:06,516 INFO o.a.j.JMeter: Setting System properties from file: /Users/daper01/Documents/OSLo/artifacts/2018-01-11_13-23-52.850652/system.properties
2018-01-11 13:24:06,522 INFO o.a.j.JMeter: Copyright (c) 1998-2017 The Apache Software Foundation
2018-01-11 13:24:06,522 INFO o.a.j.JMeter: Version 3.3 r1808647
2018-01-11 13:24:06,522 INFO o.a.j.JMeter: java.version=1.8.0_121
2018-01-11 13:24:06,522 INFO o.a.j.JMeter: java.vm.name=Java HotSpot(TM) 64-Bit Server VM
2018-01-11 13:24:06,522 INFO o.a.j.JMeter: os.name=Mac OS X
2018-01-11 13:24:06,522 INFO o.a.j.JMeter: os.arch=x86_64
2018-01-11 13:24:06,522 INFO o.a.j.JMeter: os.version=10.13.1
2018-01-11 13:24:06,522 INFO o.a.j.JMeter: file.encoding=UTF-8
2018-01-11 13:24:06,522 INFO o.a.j.JMeter: Max memory     =3817865216
2018-01-11 13:24:06,522 INFO o.a.j.JMeter: Available Processors =4
2018-01-11 13:24:06,526 INFO o.a.j.JMeter: Default Locale=English (United States)
2018-01-11 13:24:06,526 INFO o.a.j.JMeter: JMeter  Locale=English (United States)
2018-01-11 13:24:06,526 INFO o.a.j.JMeter: JMeterHome=/Users/daper01/.bzt/jmeter-taurus/3.3
2018-01-11 13:24:06,527 INFO o.a.j.JMeter: user.dir  =/Users/daper01/Documents/OSLo
2018-01-11 13:24:06,527 INFO o.a.j.JMeter: PWD       =/Users/daper01/Documents/OSLo
2018-01-11 13:24:06,529 INFO o.a.j.JMeter: IP: 10.137.176.131 Name: daper01mac1124 FullName: daper01mac1124.ca.com
2018-01-11 13:24:06,529 INFO o.a.j.JMeter: user.classpath=/Users/daper01/Documents/OSLo/artifacts/2018-01-11_13-23-52.850652:/Users/daper01/Documents/OSLo/artifacts/2018-01-11_13-23-52.850652
2018-01-11 13:24:06,529 INFO o.a.j.JMeter: Adding to classpath and loader: /Users/daper01/Documents/OSLo/artifacts/2018-01-11_13-23-52.850652
2018-01-11 13:24:06,530 INFO o.a.j.JMeter: Adding to classpath and loader: /Users/daper01/Documents/OSLo/artifacts/2018-01-11_13-23-52.850652
2018-01-11 13:24:06,534 INFO o.a.j.s.FileServer: Default base='/Users/daper01/Documents/OSLo'
2018-01-11 13:24:06,535 INFO o.a.j.s.FileServer: Set new base='/Users/daper01/Documents/OSLo/artifacts/2018-01-11_13-23-52.850652'
2018-01-11 13:24:06,787 INFO o.a.j.s.SaveService: Testplan (JMX) version: 2.2. Testlog (JTL) version: 2.2
2018-01-11 13:24:06,807 INFO o.a.j.s.SaveService: Using SaveService properties file encoding UTF-8
2018-01-11 13:24:06,814 INFO o.a.j.s.SaveService: Using SaveService properties version 3.2
2018-01-11 13:24:06,820 INFO o.a.j.s.SaveService: Loading file: /Users/daper01/Documents/OSLo/artifacts/2018-01-11_13-23-52.850652/modified_requests.jmx
2018-01-11 13:24:06,906 INFO o.a.j.p.h.c.CacheManager: Will only cache the following methods: [GET]
2018-01-11 13:24:06,908 INFO o.a.j.p.h.c.CookieManager: Settings: Delete null: true Check: true Allow variable: true Save: false Prefix: COOKIE_
2018-01-11 13:24:06,940 INFO o.a.j.p.h.s.HTTPSamplerBase: Parser for text/html is org.apache.jmeter.protocol.http.parser.LagartoBasedHtmlParser
2018-01-11 13:24:06,941 INFO o.a.j.p.h.s.HTTPSamplerBase: Parser for application/xhtml+xml is org.apache.jmeter.protocol.http.parser.LagartoBasedHtmlParser
2018-01-11 13:24:06,941 INFO o.a.j.p.h.s.HTTPSamplerBase: Parser for application/xml is org.apache.jmeter.protocol.http.parser.LagartoBasedHtmlParser
2018-01-11 13:24:06,941 INFO o.a.j.p.h.s.HTTPSamplerBase: Parser for text/xml is org.apache.jmeter.protocol.http.parser.LagartoBasedHtmlParser
2018-01-11 13:24:06,941 INFO o.a.j.p.h.s.HTTPSamplerBase: Parser for text/vnd.wap.wml is org.apache.jmeter.protocol.http.parser.RegexpHTMLParser
2018-01-11 13:24:06,941 INFO o.a.j.p.h.s.HTTPSamplerBase: Parser for text/css is org.apache.jmeter.protocol.http.parser.CssParser
2018-01-11 13:24:06,995 INFO o.a.j.e.StandardJMeterEngine: Running the test!
2018-01-11 13:24:06,996 INFO o.a.j.s.SampleEvent: List of sample_variables: []
2018-01-11 13:24:06,996 INFO o.a.j.s.SampleEvent: List of sample_variables: []
2018-01-11 13:24:07,001 INFO o.a.j.e.u.CompoundVariable: Note: Function class names must contain the string: '.functions.'
2018-01-11 13:24:07,001 INFO o.a.j.e.u.CompoundVariable: Note: Function class names must not contain the string: '.gui.'
2018-01-11 13:24:07,994 INFO o.a.j.JMeter: Running test (1515705847994)
2018-01-11 13:24:08,101 INFO o.a.j.e.StandardJMeterEngine: Starting ThreadGroup: 1 : blazedemo
2018-01-11 13:24:08,101 INFO o.a.j.e.StandardJMeterEngine: Starting 50 threads for group blazedemo.
2018-01-11 13:24:08,101 INFO o.a.j.e.StandardJMeterEngine: Thread will continue on error
2018-01-11 13:24:08,108 INFO c.b.j.t.c.ConcurrencyThreadStarter: Start supplying threads
2018-01-11 13:24:08,108 INFO o.a.j.e.StandardJMeterEngine: All thread groups have been started
2018-01-11 13:24:08,414 INFO o.a.j.t.JMeterThread: Thread started: blazedemo 1-1
2018-01-11 13:24:08,414 INFO o.a.j.s.SampleResult: Note: Sample TimeStamps are START times
2018-01-11 13:24:08,414 INFO o.a.j.s.SampleResult: sampleresult.default.encoding is set to UTF-8
2018-01-11 13:24:08,415 INFO o.a.j.s.SampleResult: sampleresult.useNanoTime=true
2018-01-11 13:24:08,415 INFO o.a.j.s.SampleResult: sampleresult.nanoThreadSleep=5000
2018-01-11 13:24:08,436 INFO o.a.j.p.h.s.HTTPHCAbstractImpl: Local host = daper01mac1124
2018-01-11 13:24:08,442 INFO o.a.j.p.h.s.HTTPHC4Impl: HTTP request retry count = 0
2018-01-11 13:24:09,460 INFO o.a.j.t.JMeterThread: Thread started: blazedemo 1-2
2018-01-11 13:24:10,469 INFO o.a.j.t.JMeterThread: Thread started: blazedemo 1-4
2018-01-11 13:24:10,469 INFO o.a.j.t.JMeterThread: Thread started: blazedemo 1-3
2018-01-11 13:24:11,475 INFO o.a.j.t.JMeterThread: Thread started: blazedemo 1-5
2018-01-11 13:24:11,476 INFO o.a.j.t.JMeterThread: Thread started: blazedemo 1-6
2018-01-11 13:24:12,480 INFO o.a.j.t.JMeterThread: Thread started: blazedemo 1-7
2018-01-11 13:24:13,483 INFO o.a.j.t.JMeterThread: Thread started: blazedemo 1-8
2018-01-11 13:24:13,483 INFO o.a.j.t.JMeterThread: Thread started: blazedemo 1-9
2018-01-11 13:24:14,485 INFO o.a.j.t.JMeterThread: Thread started: blazedemo 1-10
2018-01-11 13:24:14,486 INFO o.a.j.t.JMeterThread: Thread started: blazedemo 1-11
2018-01-11 13:24:15,489 INFO o.a.j.t.JMeterThread: Thread started: blazedemo 1-12
2018-01-11 13:24:16,497 INFO o.a.j.t.JMeterThread: Thread started: blazedemo 1-13
2018-01-11 13:24:16,499 INFO o.a.j.t.JMeterThread: Thread started: blazedemo 1-14
2018-01-11 13:24:17,504 INFO o.a.j.t.JMeterThread: Thread started: blazedemo 1-15
2018-01-11 13:24:17,506 INFO o.a.j.t.JMeterThread: Thread started: blazedemo 1-16
2018-01-11 13:24:18,510 INFO o.a.j.t.JMeterThread: Thread started: blazedemo 1-17
2018-01-11 13:24:19,516 INFO o.a.j.t.JMeterThread: Thread started: blazedemo 1-18
2018-01-11 13:24:19,517 INFO o.a.j.t.JMeterThread: Thread started: blazedemo 1-19
2018-01-11 13:24:20,518 INFO o.a.j.t.JMeterThread: Thread started: blazedemo 1-20
2018-01-11 13:24:20,520 INFO o.a.j.t.JMeterThread: Thread started: blazedemo 1-21
2018-01-11 13:24:21,521 INFO o.a.j.t.JMeterThread: Thread started: blazedemo 1-22
2018-01-11 13:24:22,524 INFO o.a.j.t.JMeterThread: Thread started: blazedemo 1-23
2018-01-11 13:24:22,524 INFO o.a.j.t.JMeterThread: Thread started: blazedemo 1-24
2018-01-11 13:24:23,525 INFO o.a.j.t.JMeterThread: Thread started: blazedemo 1-25
2018-01-11 13:24:23,526 INFO o.a.j.t.JMeterThread: Thread started: blazedemo 1-26
2018-01-11 13:24:24,527 INFO o.a.j.t.JMeterThread: Thread started: blazedemo 1-27
2018-01-11 13:24:25,530 INFO o.a.j.t.JMeterThread: Thread started: blazedemo 1-28
2018-01-11 13:24:25,530 INFO o.a.j.t.JMeterThread: Thread started: blazedemo 1-29
2018-01-11 13:24:26,540 INFO o.a.j.t.JMeterThread: Thread started: blazedemo 1-30
2018-01-11 13:24:26,541 INFO o.a.j.t.JMeterThread: Thread started: blazedemo 1-31
2018-01-11 13:24:27,541 INFO o.a.j.t.JMeterThread: Thread started: blazedemo 1-32
2018-01-11 13:24:28,543 INFO o.a.j.t.JMeterThread: Thread started: blazedemo 1-33
2018-01-11 13:24:28,544 INFO o.a.j.t.JMeterThread: Thread started: blazedemo 1-34
2018-01-11 13:24:29,545 INFO o.a.j.t.JMeterThread: Thread started: blazedemo 1-35
2018-01-11 13:24:29,546 INFO o.a.j.t.JMeterThread: Thread started: blazedemo 1-36
2018-01-11 13:24:30,549 INFO o.a.j.t.JMeterThread: Thread started: blazedemo 1-37
2018-01-11 13:24:31,555 INFO o.a.j.t.JMeterThread: Thread started: blazedemo 1-38
2018-01-11 13:24:31,556 INFO o.a.j.t.JMeterThread: Thread started: blazedemo 1-39
2018-01-11 13:24:32,560 INFO o.a.j.t.JMeterThread: Thread started: blazedemo 1-40
2018-01-11 13:24:32,560 INFO o.a.j.t.JMeterThread: Thread started: blazedemo 1-41
2018-01-11 13:24:33,562 INFO o.a.j.t.JMeterThread: Thread started: blazedemo 1-42
2018-01-11 13:24:34,568 INFO o.a.j.t.JMeterThread: Thread started: blazedemo 1-43
2018-01-11 13:24:34,568 INFO o.a.j.t.JMeterThread: Thread started: blazedemo 1-44
2018-01-11 13:24:35,570 INFO o.a.j.t.JMeterThread: Thread started: blazedemo 1-45
2018-01-11 13:24:35,570 INFO o.a.j.t.JMeterThread: Thread started: blazedemo 1-46
2018-01-11 13:24:36,575 INFO o.a.j.t.JMeterThread: Thread started: blazedemo 1-47
2018-01-11 13:24:37,579 INFO o.a.j.t.JMeterThread: Thread started: blazedemo 1-48
2018-01-11 13:24:37,580 INFO o.a.j.t.JMeterThread: Thread started: blazedemo 1-49
2018-01-11 13:24:38,583 INFO o.a.j.t.JMeterThread: Thread started: blazedemo 1-50
2018-01-11 13:26:38,883 INFO c.b.j.t.c.ConcurrencyThreadStarter: Done supplying threads
2018-01-11 13:26:38,929 INFO c.b.j.c.VirtualUserController: Test limit reached, thread is done: blazedemo 1-47
2018-01-11 13:26:38,929 INFO o.a.j.t.JMeterThread: Thread is done: blazedemo 1-47
2018-01-11 13:26:38,930 INFO o.a.j.t.JMeterThread: Thread finished: blazedemo 1-47
2018-01-11 13:26:38,945 INFO c.b.j.c.VirtualUserController: Test limit reached, thread is done: blazedemo 1-37
2018-01-11 13:26:38,945 INFO o.a.j.t.JMeterThread: Thread is done: blazedemo 1-37
2018-01-11 13:26:38,946 INFO o.a.j.t.JMeterThread: Thread finished: blazedemo 1-37
2018-01-11 13:26:38,974 INFO c.b.j.c.VirtualUserController: Test limit reached, thread is done: blazedemo 1-50
2018-01-11 13:26:38,974 INFO o.a.j.t.JMeterThread: Thread is done: blazedemo 1-50
2018-01-11 13:26:38,974 INFO o.a.j.t.JMeterThread: Thread finished: blazedemo 1-50
2018-01-11 13:26:38,983 INFO c.b.j.c.VirtualUserController: Test limit reached, thread is done: blazedemo 1-42
2018-01-11 13:26:38,983 INFO o.a.j.t.JMeterThread: Thread is done: blazedemo 1-42
2018-01-11 13:26:38,983 INFO o.a.j.t.JMeterThread: Thread finished: blazedemo 1-42
2018-01-11 13:26:38,998 INFO c.b.j.c.VirtualUserController: Test limit reached, thread is done: blazedemo 1-4
2018-01-11 13:26:38,998 INFO o.a.j.t.JMeterThread: Thread is done: blazedemo 1-4
2018-01-11 13:26:38,998 INFO o.a.j.t.JMeterThread: Thread finished: blazedemo 1-4
2018-01-11 13:26:39,012 INFO c.b.j.c.VirtualUserController: Test limit reached, thread is done: blazedemo 1-45
2018-01-11 13:26:39,012 INFO o.a.j.t.JMeterThread: Thread is done: blazedemo 1-45
2018-01-11 13:26:39,012 INFO o.a.j.t.JMeterThread: Thread finished: blazedemo 1-45
2018-01-11 13:26:39,015 INFO c.b.j.c.VirtualUserController: Test limit reached, thread is done: blazedemo 1-27
2018-01-11 13:26:39,016 INFO o.a.j.t.JMeterThread: Thread is done: blazedemo 1-27
2018-01-11 13:26:39,016 INFO o.a.j.t.JMeterThread: Thread finished: blazedemo 1-27
2018-01-11 13:26:39,029 INFO c.b.j.c.VirtualUserController: Test limit reached, thread is done: blazedemo 1-19
2018-01-11 13:26:39,030 INFO o.a.j.t.JMeterThread: Thread is done: blazedemo 1-19
2018-01-11 13:26:39,030 INFO o.a.j.t.JMeterThread: Thread finished: blazedemo 1-19
2018-01-11 13:26:39,040 INFO c.b.j.c.VirtualUserController: Test limit reached, thread is done: blazedemo 1-11
2018-01-11 13:26:39,040 INFO o.a.j.t.JMeterThread: Thread is done: blazedemo 1-11
2018-01-11 13:26:39,041 INFO o.a.j.t.JMeterThread: Thread finished: blazedemo 1-11
2018-01-11 13:26:39,078 INFO c.b.j.c.VirtualUserController: Test limit reached, thread is done: blazedemo 1-28
2018-01-11 13:26:39,079 INFO o.a.j.t.JMeterThread: Thread is done: blazedemo 1-28
2018-01-11 13:26:39,079 INFO o.a.j.t.JMeterThread: Thread finished: blazedemo 1-28
2018-01-11 13:26:39,120 INFO c.b.j.c.VirtualUserController: Test limit reached, thread is done: blazedemo 1-23
2018-01-11 13:26:39,120 INFO o.a.j.t.JMeterThread: Thread is done: blazedemo 1-23
2018-01-11 13:26:39,120 INFO o.a.j.t.JMeterThread: Thread finished: blazedemo 1-23
2018-01-11 13:26:39,123 INFO c.b.j.c.VirtualUserController: Test limit reached, thread is done: blazedemo 1-5
2018-01-11 13:26:39,123 INFO o.a.j.t.JMeterThread: Thread is done: blazedemo 1-5
2018-01-11 13:26:39,123 INFO o.a.j.t.JMeterThread: Thread finished: blazedemo 1-5
2018-01-11 13:26:39,172 INFO c.b.j.c.VirtualUserController: Test limit reached, thread is done: blazedemo 1-17
2018-01-11 13:26:39,172 INFO o.a.j.t.JMeterThread: Thread is done: blazedemo 1-17
2018-01-11 13:26:39,172 INFO o.a.j.t.JMeterThread: Thread finished: blazedemo 1-17
2018-01-11 13:26:39,192 INFO c.b.j.c.VirtualUserController: Test limit reached, thread is done: blazedemo 1-8
2018-01-11 13:26:39,192 INFO o.a.j.t.JMeterThread: Thread is done: blazedemo 1-8
2018-01-11 13:26:39,192 INFO o.a.j.t.JMeterThread: Thread finished: blazedemo 1-8
2018-01-11 13:26:39,194 INFO c.b.j.c.VirtualUserController: Test limit reached, thread is done: blazedemo 1-43
2018-01-11 13:26:39,194 INFO o.a.j.t.JMeterThread: Thread is done: blazedemo 1-43
2018-01-11 13:26:39,194 INFO o.a.j.t.JMeterThread: Thread finished: blazedemo 1-43
2018-01-11 13:26:39,198 INFO c.b.j.c.VirtualUserController: Test limit reached, thread is done: blazedemo 1-44
2018-01-11 13:26:39,198 INFO c.b.j.c.VirtualUserController: Test limit reached, thread is done: blazedemo 1-30
2018-01-11 13:26:39,198 INFO o.a.j.t.JMeterThread: Thread is done: blazedemo 1-44
2018-01-11 13:26:39,198 INFO o.a.j.t.JMeterThread: Thread is done: blazedemo 1-30
2018-01-11 13:26:39,198 INFO o.a.j.t.JMeterThread: Thread finished: blazedemo 1-44
2018-01-11 13:26:39,198 INFO o.a.j.t.JMeterThread: Thread finished: blazedemo 1-30
2018-01-11 13:26:39,203 INFO c.b.j.c.VirtualUserController: Test limit reached, thread is done: blazedemo 1-29
2018-01-11 13:26:39,203 INFO o.a.j.t.JMeterThread: Thread is done: blazedemo 1-29
2018-01-11 13:26:39,203 INFO o.a.j.t.JMeterThread: Thread finished: blazedemo 1-29
2018-01-11 13:26:39,207 INFO c.b.j.c.VirtualUserController: Test limit reached, thread is done: blazedemo 1-26
2018-01-11 13:26:39,207 INFO o.a.j.t.JMeterThread: Thread is done: blazedemo 1-26
2018-01-11 13:26:39,207 INFO o.a.j.t.JMeterThread: Thread finished: blazedemo 1-26
2018-01-11 13:26:39,215 INFO c.b.j.c.VirtualUserController: Test limit reached, thread is done: blazedemo 1-49
2018-01-11 13:26:39,215 INFO o.a.j.t.JMeterThread: Thread is done: blazedemo 1-49
2018-01-11 13:26:39,215 INFO o.a.j.t.JMeterThread: Thread finished: blazedemo 1-49
2018-01-11 13:26:39,228 INFO c.b.j.c.VirtualUserController: Test limit reached, thread is done: blazedemo 1-21
2018-01-11 13:26:39,229 INFO o.a.j.t.JMeterThread: Thread is done: blazedemo 1-21
2018-01-11 13:26:39,229 INFO o.a.j.t.JMeterThread: Thread finished: blazedemo 1-21
2018-01-11 13:26:39,238 INFO c.b.j.c.VirtualUserController: Test limit reached, thread is done: blazedemo 1-12
2018-01-11 13:26:39,239 INFO o.a.j.t.JMeterThread: Thread is done: blazedemo 1-12
2018-01-11 13:26:39,239 INFO o.a.j.t.JMeterThread: Thread finished: blazedemo 1-12
2018-01-11 13:26:39,249 INFO c.b.j.c.VirtualUserController: Test limit reached, thread is done: blazedemo 1-22
2018-01-11 13:26:39,249 INFO o.a.j.t.JMeterThread: Thread is done: blazedemo 1-22
2018-01-11 13:26:39,249 INFO o.a.j.t.JMeterThread: Thread finished: blazedemo 1-22
2018-01-11 13:26:39,265 INFO c.b.j.c.VirtualUserController: Test limit reached, thread is done: blazedemo 1-16
2018-01-11 13:26:39,265 INFO o.a.j.t.JMeterThread: Thread is done: blazedemo 1-16
2018-01-11 13:26:39,265 INFO o.a.j.t.JMeterThread: Thread finished: blazedemo 1-16
2018-01-11 13:26:39,286 INFO c.b.j.c.VirtualUserController: Test limit reached, thread is done: blazedemo 1-33
2018-01-11 13:26:39,286 INFO o.a.j.t.JMeterThread: Thread is done: blazedemo 1-33
2018-01-11 13:26:39,287 INFO o.a.j.t.JMeterThread: Thread finished: blazedemo 1-33
2018-01-11 13:26:39,370 INFO c.b.j.c.VirtualUserController: Test limit reached, thread is done: blazedemo 1-25
2018-01-11 13:26:39,370 INFO o.a.j.t.JMeterThread: Thread is done: blazedemo 1-25
2018-01-11 13:26:39,370 INFO o.a.j.t.JMeterThread: Thread finished: blazedemo 1-25
2018-01-11 13:26:39,375 INFO c.b.j.c.VirtualUserController: Test limit reached, thread is done: blazedemo 1-31
2018-01-11 13:26:39,376 INFO o.a.j.t.JMeterThread: Thread is done: blazedemo 1-31
2018-01-11 13:26:39,376 INFO o.a.j.t.JMeterThread: Thread finished: blazedemo 1-31
2018-01-11 13:26:39,380 INFO c.b.j.c.VirtualUserController: Test limit reached, thread is done: blazedemo 1-38
2018-01-11 13:26:39,380 INFO o.a.j.t.JMeterThread: Thread is done: blazedemo 1-38
2018-01-11 13:26:39,380 INFO o.a.j.t.JMeterThread: Thread finished: blazedemo 1-38
2018-01-11 13:26:39,401 INFO c.b.j.c.VirtualUserController: Test limit reached, thread is done: blazedemo 1-14
2018-01-11 13:26:39,401 INFO o.a.j.t.JMeterThread: Thread is done: blazedemo 1-14
2018-01-11 13:26:39,401 INFO o.a.j.t.JMeterThread: Thread finished: blazedemo 1-14
2018-01-11 13:26:39,408 INFO c.b.j.c.VirtualUserController: Test limit reached, thread is done: blazedemo 1-36
2018-01-11 13:26:39,409 INFO o.a.j.t.JMeterThread: Thread is done: blazedemo 1-36
2018-01-11 13:26:39,409 INFO o.a.j.t.JMeterThread: Thread finished: blazedemo 1-36
2018-01-11 13:26:39,414 INFO c.b.j.c.VirtualUserController: Test limit reached, thread is done: blazedemo 1-10
2018-01-11 13:26:39,414 INFO o.a.j.t.JMeterThread: Thread is done: blazedemo 1-10
2018-01-11 13:26:39,414 INFO o.a.j.t.JMeterThread: Thread finished: blazedemo 1-10
2018-01-11 13:26:39,537 INFO c.b.j.c.VirtualUserController: Test limit reached, thread is done: blazedemo 1-9
2018-01-11 13:26:39,537 INFO o.a.j.t.JMeterThread: Thread is done: blazedemo 1-9
2018-01-11 13:26:39,537 INFO o.a.j.t.JMeterThread: Thread finished: blazedemo 1-9
2018-01-11 13:26:39,540 INFO c.b.j.c.VirtualUserController: Test limit reached, thread is done: blazedemo 1-3
2018-01-11 13:26:39,540 INFO o.a.j.t.JMeterThread: Thread is done: blazedemo 1-3
2018-01-11 13:26:39,540 INFO o.a.j.t.JMeterThread: Thread finished: blazedemo 1-3
2018-01-11 13:26:39,541 INFO c.b.j.c.VirtualUserController: Test limit reached, thread is done: blazedemo 1-48
2018-01-11 13:26:39,542 INFO o.a.j.t.JMeterThread: Thread is done: blazedemo 1-48
2018-01-11 13:26:39,542 INFO o.a.j.t.JMeterThread: Thread finished: blazedemo 1-48
2018-01-11 13:26:39,542 INFO c.b.j.c.VirtualUserController: Test limit reached, thread is done: blazedemo 1-6
2018-01-11 13:26:39,542 INFO o.a.j.t.JMeterThread: Thread is done: blazedemo 1-6
2018-01-11 13:26:39,542 INFO o.a.j.t.JMeterThread: Thread finished: blazedemo 1-6
2018-01-11 13:26:39,542 INFO c.b.j.c.VirtualUserController: Test limit reached, thread is done: blazedemo 1-15
2018-01-11 13:26:39,542 INFO o.a.j.t.JMeterThread: Thread is done: blazedemo 1-15
2018-01-11 13:26:39,542 INFO o.a.j.t.JMeterThread: Thread finished: blazedemo 1-15
2018-01-11 13:26:39,543 INFO c.b.j.c.VirtualUserController: Test limit reached, thread is done: blazedemo 1-39
2018-01-11 13:26:39,544 INFO o.a.j.t.JMeterThread: Thread is done: blazedemo 1-39
2018-01-11 13:26:39,544 INFO o.a.j.t.JMeterThread: Thread finished: blazedemo 1-39
2018-01-11 13:26:39,563 INFO c.b.j.c.VirtualUserController: Test limit reached, thread is done: blazedemo 1-41
2018-01-11 13:26:39,564 INFO o.a.j.t.JMeterThread: Thread is done: blazedemo 1-41
2018-01-11 13:26:39,564 INFO o.a.j.t.JMeterThread: Thread finished: blazedemo 1-41
2018-01-11 13:26:39,565 INFO c.b.j.c.VirtualUserController: Test limit reached, thread is done: blazedemo 1-7
2018-01-11 13:26:39,565 INFO o.a.j.t.JMeterThread: Thread is done: blazedemo 1-7
2018-01-11 13:26:39,566 INFO o.a.j.t.JMeterThread: Thread finished: blazedemo 1-7
2018-01-11 13:26:39,578 INFO c.b.j.c.VirtualUserController: Test limit reached, thread is done: blazedemo 1-24
2018-01-11 13:26:39,578 INFO o.a.j.t.JMeterThread: Thread is done: blazedemo 1-24
2018-01-11 13:26:39,579 INFO o.a.j.t.JMeterThread: Thread finished: blazedemo 1-24
2018-01-11 13:26:39,605 INFO c.b.j.c.VirtualUserController: Test limit reached, thread is done: blazedemo 1-13
2018-01-11 13:26:39,605 INFO o.a.j.t.JMeterThread: Thread is done: blazedemo 1-13
2018-01-11 13:26:39,605 INFO o.a.j.t.JMeterThread: Thread finished: blazedemo 1-13
2018-01-11 13:26:39,611 INFO c.b.j.c.VirtualUserController: Test limit reached, thread is done: blazedemo 1-18
2018-01-11 13:26:39,612 INFO o.a.j.t.JMeterThread: Thread is done: blazedemo 1-18
2018-01-11 13:26:39,612 INFO o.a.j.t.JMeterThread: Thread finished: blazedemo 1-18
2018-01-11 13:26:39,646 INFO c.b.j.c.VirtualUserController: Test limit reached, thread is done: blazedemo 1-34
2018-01-11 13:26:39,646 INFO o.a.j.t.JMeterThread: Thread is done: blazedemo 1-34
2018-01-11 13:26:39,647 INFO o.a.j.t.JMeterThread: Thread finished: blazedemo 1-34
2018-01-11 13:26:39,693 INFO c.b.j.c.VirtualUserController: Test limit reached, thread is done: blazedemo 1-35
2018-01-11 13:26:39,693 INFO o.a.j.t.JMeterThread: Thread is done: blazedemo 1-35
2018-01-11 13:26:39,693 INFO o.a.j.t.JMeterThread: Thread finished: blazedemo 1-35
2018-01-11 13:26:39,700 INFO c.b.j.c.VirtualUserController: Test limit reached, thread is done: blazedemo 1-40
2018-01-11 13:26:39,700 INFO o.a.j.t.JMeterThread: Thread is done: blazedemo 1-40
2018-01-11 13:26:39,700 INFO o.a.j.t.JMeterThread: Thread finished: blazedemo 1-40
2018-01-11 13:26:39,731 INFO c.b.j.c.VirtualUserController: Test limit reached, thread is done: blazedemo 1-46
2018-01-11 13:26:39,732 INFO o.a.j.t.JMeterThread: Thread is done: blazedemo 1-46
2018-01-11 13:26:39,732 INFO o.a.j.t.JMeterThread: Thread finished: blazedemo 1-46
2018-01-11 13:26:39,743 INFO c.b.j.c.VirtualUserController: Test limit reached, thread is done: blazedemo 1-20
2018-01-11 13:26:39,744 INFO o.a.j.t.JMeterThread: Thread is done: blazedemo 1-20
2018-01-11 13:26:39,744 INFO o.a.j.t.JMeterThread: Thread finished: blazedemo 1-20
2018-01-11 13:26:39,808 INFO c.b.j.c.VirtualUserController: Test limit reached, thread is done: blazedemo 1-32
2018-01-11 13:26:39,809 INFO o.a.j.t.JMeterThread: Thread is done: blazedemo 1-32
2018-01-11 13:26:39,809 INFO o.a.j.t.JMeterThread: Thread finished: blazedemo 1-32
2018-01-11 13:26:39,860 INFO c.b.j.c.VirtualUserController: Test limit reached, thread is done: blazedemo 1-2
2018-01-11 13:26:39,861 INFO o.a.j.t.JMeterThread: Thread is done: blazedemo 1-2
2018-01-11 13:26:39,861 INFO o.a.j.t.JMeterThread: Thread finished: blazedemo 1-2
2018-01-11 13:26:39,883 INFO c.b.j.c.VirtualUserController: Test limit reached, thread is done: blazedemo 1-1
2018-01-11 13:26:39,884 INFO o.a.j.t.JMeterThread: Thread is done: blazedemo 1-1
2018-01-11 13:26:39,884 INFO o.a.j.t.JMeterThread: Thread finished: blazedemo 1-1
2018-01-11 13:26:39,884 INFO o.a.j.e.StandardJMeterEngine: Notifying test listeners of end of test
2018-01-11 13:26:39,888 INFO o.a.j.e.StandardJMeterEngine: Forced JVM shutdown requested at end of test
