[2017-12-14 11:48:40,013 INFO root] Taurus CLI Tool v1.9.6
[2017-12-14 11:48:40,013 DEBUG root] Command-line options: {'verbose': None, 'no_system_configs': None, 'quiet': None, 'log': '/var/folders/vq/xzrdy2lx047cst78f69v8z3xfzqz1q/T/bzt_4y6Oz3.log', 'option': None, 'aliases': []}
[2017-12-14 11:48:40,013 DEBUG root] Python: CPython 2.7.13
[2017-12-14 11:48:40,013 DEBUG root] OS: ('Darwin', 'daper01mac1124', '17.2.0', 'Darwin Kernel Version 17.2.0: Fri Sep 29 18:27:05 PDT 2017; root:xnu-4570.20.62~3/RELEASE_X86_64', 'x86_64', 'i386')
[2017-12-14 11:48:40,013 INFO root] Starting with configs: ['jmeter.yml']
[2017-12-14 11:48:40,014 DEBUG root] Using personal config: /Users/daper01/.bzt-rc
[2017-12-14 11:48:40,014 INFO Engine] Configuring...
[2017-12-14 11:48:40,014 DEBUG Engine] Reading extension configs from: /usr/local/etc/bzt.d
[2017-12-14 11:48:40,014 DEBUG Engine.Configuration] Configs: ['/usr/local/lib/python2.7/site-packages/bzt/resources/base-config.yml', '/usr/local/etc/bzt.d/99-installID.yml']
[2017-12-14 11:48:40,014 DEBUG Engine.Configuration] Reading /usr/local/lib/python2.7/site-packages/bzt/resources/base-config.yml as YAML
[2017-12-14 11:48:40,039 DEBUG Engine.Configuration] Reading /usr/local/etc/bzt.d/99-installID.yml as YAML
[2017-12-14 11:48:40,040 DEBUG Engine.Configuration] Configs: ['/Users/daper01/.bzt-rc', 'jmeter.yml']
[2017-12-14 11:48:40,041 DEBUG Engine.Configuration] Reading /Users/daper01/.bzt-rc as YAML
[2017-12-14 11:48:40,042 DEBUG Engine.Configuration] Reading jmeter.yml as YAML
[2017-12-14 11:48:40,045 DEBUG Engine.Configuration] Configs: ['/Users/daper01/.bzt-rc', 'jmeter.yml']
[2017-12-14 11:48:40,045 DEBUG Engine.Configuration] Reading /Users/daper01/.bzt-rc as YAML
[2017-12-14 11:48:40,046 DEBUG Engine.Configuration] Reading jmeter.yml as YAML
[2017-12-14 11:48:40,069 DEBUG Engine] Requesting updates info: http://gettaurus.org/updates/?version=1.9.6&installID=784f43782a15
[2017-12-14 11:48:40,076 INFO Engine] Artifacts dir: /Users/daper01/Documents/OSLo/JMeter/2017-12-14_11-48-40.069771
[2017-12-14 11:48:40,076 DEBUG Engine] New artifact filename: /Users/daper01/Documents/OSLo/JMeter/2017-12-14_11-48-40.069771/effective
[2017-12-14 11:48:40,080 DEBUG Engine.Configuration] Dumping YAML config into /Users/daper01/Documents/OSLo/JMeter/2017-12-14_11-48-40.069771/effective.yml
[2017-12-14 11:48:40,109 DEBUG Engine.Configuration] Dumping JSON config into /Users/daper01/Documents/OSLo/JMeter/2017-12-14_11-48-40.069771/effective.json
[2017-12-14 11:48:40,110 DEBUG Engine] New artifact filename: /Users/daper01/Documents/OSLo/JMeter/2017-12-14_11-48-40.069771/merged.yml
[2017-12-14 11:48:40,111 DEBUG Engine.Configuration] Dumping YAML config into /Users/daper01/Documents/OSLo/JMeter/2017-12-14_11-48-40.069771/merged.yml
[2017-12-14 11:48:40,116 DEBUG Engine] New artifact filename: /Users/daper01/Documents/OSLo/JMeter/2017-12-14_11-48-40.069771/merged.json
[2017-12-14 11:48:40,116 DEBUG Engine.Configuration] Dumping JSON config into /Users/daper01/Documents/OSLo/JMeter/2017-12-14_11-48-40.069771/merged.json
[2017-12-14 11:48:40,117 DEBUG Engine] Add existing artifact (move=False): jmeter.yml
[2017-12-14 11:48:40,117 DEBUG Engine] Copying jmeter.yml to /Users/daper01/Documents/OSLo/JMeter/2017-12-14_11-48-40.069771/jmeter.yml
[2017-12-14 11:48:40,118 DEBUG root] Closing log handler: /var/folders/vq/xzrdy2lx047cst78f69v8z3xfzqz1q/T/bzt_4y6Oz3.log
[2017-12-14 11:48:40,131 DEBUG root] Switched writing logs to /Users/daper01/Documents/OSLo/JMeter/2017-12-14_11-48-40.069771/bzt.log
[2017-12-14 11:48:40,132 INFO Engine] Preparing...
[2017-12-14 11:48:40,132 DEBUG Engine] Module config: consolidator defaultdict(None, {'class': 'bzt.modules.aggregator.ConsolidatingAggregator'})
[2017-12-14 11:48:40,132 DEBUG root] Importing module: bzt.modules.aggregator
[2017-12-14 11:48:40,144 DEBUG root] Loading class: 'ConsolidatingAggregator' from <module 'bzt.modules.aggregator' from '/usr/local/lib/python2.7/site-packages/bzt/modules/aggregator.pyc'>
[2017-12-14 11:48:40,145 DEBUG Engine.consolidator] Exception in dehumanize_time(inf)
[2017-12-14 11:48:40,145 DEBUG Engine.consolidator] Buffer scaling setup: percentile 95.0 from [0.0, 50.0, 90.0, 95.0, 99.0, 99.9, 100.0] selected
[2017-12-14 11:48:40,145 DEBUG Engine] Module config: monitoring defaultdict(None, {'class': 'bzt.modules.monitoring.Monitoring'})
[2017-12-14 11:48:40,145 DEBUG root] Importing module: bzt.modules.monitoring
[2017-12-14 11:48:40,197 DEBUG root] Loading class: 'Monitoring' from <module 'bzt.modules.monitoring' from '/usr/local/lib/python2.7/site-packages/bzt/modules/monitoring.pyc'>
[2017-12-14 11:48:40,198 DEBUG Engine] Module config: local defaultdict(None, {'class': 'bzt.modules.provisioning.Local'})
[2017-12-14 11:48:40,198 DEBUG root] Importing module: bzt.modules.provisioning
[2017-12-14 11:48:40,198 DEBUG root] Loading class: 'Local' from <module 'bzt.modules.provisioning' from '/usr/local/lib/python2.7/site-packages/bzt/modules/provisioning.pyc'>
[2017-12-14 11:48:40,198 DEBUG Engine] Module config: jmeter defaultdict(None, {'properties': defaultdict(None, {'jmeter.save.saveservice.autoflush': 'true', 'summariser.name': '', 'jmeter.save.saveservice.connect_time': 'true', 'mode': 'Stripped', 'jmeterengine.force.system.exit': 'true'}), 'class': 'bzt.modules.jmeter.JMeterExecutor', 'plugins': ['jpgc-casutg', 'jpgc-dummy', 'jpgc-ffw', 'jpgc-fifo', 'jpgc-functions', 'jpgc-json', 'jpgc-perfmon', 'jpgc-prmctl', 'jpgc-tst']})
[2017-12-14 11:48:40,198 DEBUG root] Importing module: bzt.modules.jmeter
[2017-12-14 11:48:40,227 DEBUG root] Loading class: 'JMeterExecutor' from <module 'bzt.modules.jmeter' from '/usr/local/lib/python2.7/site-packages/bzt/modules/jmeter.pyc'>
[2017-12-14 11:48:40,227 DEBUG Engine.local] Preparing executor: jmeter/4373437776
[2017-12-14 11:48:40,228 DEBUG Engine] New artifact filename: /Users/daper01/Documents/OSLo/JMeter/2017-12-14_11-48-40.069771/jmeter.log
[2017-12-14 11:48:40,229 DEBUG Engine.jmeter] Checking if port 4445 is free
[2017-12-14 11:48:40,230 DEBUG Engine.jmeter] Port 4445 is free
[2017-12-14 11:48:40,230 DEBUG Engine.jmeter] Using port 4445 for management
[2017-12-14 11:48:40,231 DEBUG Engine.jmeter.JavaVM] Trying JavaVM: ['java', '-version']
[2017-12-14 11:48:40,353 DEBUG Engine.jmeter.JavaVM] JavaVM output: java version "1.8.0_121"
Java(TM) SE Runtime Environment (build 1.8.0_121-b13)
Java HotSpot(TM) 64-Bit Server VM (build 25.121-b13, mixed mode)

[2017-12-14 11:48:40,353 DEBUG Engine.jmeter.TclLibrary] We don't need to check tcl library on this platform
[2017-12-14 11:48:40,354 DEBUG Engine.jmeter.JMeter] Trying jmeter: /Users/daper01/.bzt/jmeter-taurus/3.3/bin/jmeter.sh
[2017-12-14 11:48:40,354 DEBUG bzt.utils] Executing shell: ['/Users/daper01/.bzt/jmeter-taurus/3.3/bin/jmeter.sh', '-j', '/var/folders/vq/xzrdy2lx047cst78f69v8z3xfzqz1q/T/jmeterJvVo47log', '--version']
[2017-12-14 11:48:40,719 DEBUG Engine] Taurus updates info: {"latest":"1.10.3","needsUpgrade":true}
[2017-12-14 11:48:40,720 WARNING Engine] There is newer version of Taurus 1.10.3 available, consider upgrading. What's new: http://gettaurus.org/docs/Changelog/
[2017-12-14 11:48:41,813 DEBUG Engine.jmeter.JMeter] JMeter check:     _    ____   _    ____ _   _ _____       _ __  __ _____ _____ _____ ____     
   / \  |  _ \ / \  / ___| | | | ____|     | |  \/  | ____|_   _| ____|  _ \   
  / _ \ | |_) / _ \| |   | |_| |  _|    _  | | |\/| |  _|   | | |  _| | |_) | 
 / ___ \|  __/ ___ \ |___|  _  | |___  | |_| | |  | | |___  | | | |___|  _ <  
/_/   \_\_| /_/   \_\____|_| |_|_____|  \___/|_|  |_|_____| |_| |_____|_| \_\ 3.3 r1808647  

Copyright (c) 1999-2017 The Apache Software Foundation

 / None
[2017-12-14 11:48:41,814 DEBUG bzt.utils] Executing shell: ['/Users/daper01/.bzt/jmeter-taurus/3.3/bin/PluginsManagerCMD.sh', 'install-for-jmx', 'two_thread_groups.jmx']
[2017-12-14 11:48:44,436 DEBUG Engine.jmeter.JMeter] Try to detect plugins for two_thread_groups.jmx
11:48:43.366 [main] INFO  org.jmeterplugins.repository.PluginManager - Plugins Status: [jpgc-functions=2.0, jpgc-casutg=2.1, jpgc-dummy=0.2, jpgc-ffw=2.0, jpgc-fifo=0.2, jpgc-json=2.6, jpgc-prmctl=0.3, jpgc-perfmon=2.1, jpgc-plugins-manager=0.16, jpgc-tst=2.1, jmeter-core=3.3, jmeter-ftp=3.3, jmeter-http=3.3, jmeter-jdbc=3.3, jmeter-jms=3.3, jmeter-junit=3.3, jmeter-java=3.3, jmeter-ldap=3.3, jmeter-mail=3.3, jmeter-mongodb=3.3, jmeter-native=3.3, jmeter-tcp=3.3, jmeter-components=3.3]
2017-12-14 11:48:43,366 INFO o.j.r.PluginManager: Plugins Status: [jpgc-functions=2.0, jpgc-casutg=2.1, jpgc-dummy=0.2, jpgc-ffw=2.0, jpgc-fifo=0.2, jpgc-json=2.6, jpgc-prmctl=0.3, jpgc-perfmon=2.1, jpgc-plugins-manager=0.16, jpgc-tst=2.1, jmeter-core=3.3, jmeter-ftp=3.3, jmeter-http=3.3, jmeter-jdbc=3.3, jmeter-jms=3.3, jmeter-junit=3.3, jmeter-java=3.3, jmeter-ldap=3.3, jmeter-mail=3.3, jmeter-mongodb=3.3, jmeter-native=3.3, jmeter-tcp=3.3, jmeter-components=3.3]
11:48:43.841 [main] INFO  org.apache.jmeter.save.SaveService - Testplan (JMX) version: 2.2. Testlog (JTL) version: 2.2
2017-12-14 11:48:43,841 INFO o.a.j.s.SaveService: Testplan (JMX) version: 2.2. Testlog (JTL) version: 2.2
11:48:43.854 [main] INFO  org.apache.jmeter.save.SaveService - Using SaveService properties file encoding UTF-8
2017-12-14 11:48:43,854 INFO o.a.j.s.SaveService: Using SaveService properties file encoding UTF-8
11:48:43.862 [main] INFO  org.apache.jmeter.save.SaveService - Using SaveService properties version 3.2
2017-12-14 11:48:43,862 INFO o.a.j.s.SaveService: Using SaveService properties version 3.2
11:48:43.899 [main] INFO  org.apache.jmeter.protocol.http.control.CookieManager - Settings: Delete null: true Check: true Allow variable: true Save: false Prefix: COOKIE_
2017-12-14 11:48:43,899 INFO o.a.j.p.h.c.CookieManager: Settings: Delete null: true Check: true Allow variable: true Save: false Prefix: COOKIE_
11:48:43.942 [main] INFO  org.apache.jmeter.protocol.http.control.CacheManager - Will only cache the following methods: [GET]
2017-12-14 11:48:43,942 INFO o.a.j.p.h.c.CacheManager: Will only cache the following methods: [GET]
11:48:44.011 [main] INFO  org.jmeterplugins.repository.PluginManager - Restarting JMeter...
2017-12-14 11:48:44,011 INFO o.j.r.PluginManager: Restarting JMeter...
11:48:44.012 [Thread-1] INFO  org.jmeterplugins.repository.PluginManager - Starting JMeter Plugins modifications
2017-12-14 11:48:44,012 INFO o.j.r.PluginManager: Starting JMeter Plugins modifications

ERROR StatusLogger No log4j2 configuration file found. Using default configuration: logging only errors to the console. Set system property 'org.apache.logging.log4j.simplelog.StatusLogger.level' to TRACE to show Log4j2 internal initialization logging.

[2017-12-14 11:48:44,436 DEBUG Engine.jmeter] Load: LoadSpec(concurrency=50, throughput=100.0, ramp_up=30.0, hold=60.0, iterations=0, duration=90.0, steps=None)
[2017-12-14 11:48:44,450 DEBUG Engine.jmeter.LoadSettingsProcessor.ThreadGroupHandler] Converting ThreadGroup (Thread Group) to ConcurrencyThreadGroup and apply load parameters
[2017-12-14 11:48:44,451 DEBUG Engine.jmeter.LoadSettingsProcessor.ThreadGroupHandler] Converting ThreadGroup (Thread Group) to ConcurrencyThreadGroup and apply load parameters
[2017-12-14 11:48:44,452 DEBUG Engine] New artifact filename: /Users/daper01/Documents/OSLo/JMeter/2017-12-14_11-48-40.069771/kpi.jtl
[2017-12-14 11:48:44,452 DEBUG Engine] New artifact filename: /Users/daper01/Documents/OSLo/JMeter/2017-12-14_11-48-40.069771/error.jtl
[2017-12-14 11:48:44,453 DEBUG Engine.jmeter] Enforcing parent sample for transaction controller
[2017-12-14 11:48:44,454 INFO Engine.jmeter] 1 obsolete CookieManagers are found and fixed
[2017-12-14 11:48:44,455 DEBUG JMX] Saving JMX to: /Users/daper01/Documents/OSLo/JMeter/modified_two_thread_groups.jmx
[2017-12-14 11:48:44,457 DEBUG Engine.jmeter] Additional properties: defaultdict(None, {'jmeter.save.saveservice.autoflush': 'true', 'jmeter.save.saveservice.connect_time': 'true', 'user.classpath': '/Users/daper01/Documents/OSLo/JMeter/2017-12-14_11-48-40.069771', 'sampleresult.default.encoding': 'UTF-8', 'summariser.name': '', 'jmeterengine.force.system.exit': 'true', 'jmeter.save.saveservice.timestamp_format': 'ms', 'mode': 'Stripped', 'jmeterengine.nongui.maxport': 4445, 'jmeterengine.nongui.port': 4445})
[2017-12-14 11:48:44,457 DEBUG Engine] New artifact filename: /Users/daper01/Documents/OSLo/JMeter/2017-12-14_11-48-40.069771/jmeter-bzt.properties
[2017-12-14 11:48:44,457 DEBUG Engine] New artifact filename: /Users/daper01/Documents/OSLo/JMeter/2017-12-14_11-48-40.069771/jmeter.out
[2017-12-14 11:48:44,457 DEBUG Engine] New artifact filename: /Users/daper01/Documents/OSLo/JMeter/2017-12-14_11-48-40.069771/jmeter.err
[2017-12-14 11:48:44,458 DEBUG Engine] Module config: final-stats defaultdict(None, {'class': 'bzt.modules.reporting.FinalStatus'})
[2017-12-14 11:48:44,458 DEBUG root] Importing module: bzt.modules.reporting
[2017-12-14 11:48:44,562 DEBUG easyprocess] version=0.2.3
[2017-12-14 11:48:44,566 DEBUG pyvirtualdisplay] version=0.2.1
[2017-12-14 11:48:44,568 DEBUG root] Loading class: 'FinalStatus' from <module 'bzt.modules.reporting' from '/usr/local/lib/python2.7/site-packages/bzt/modules/reporting.pyc'>
[2017-12-14 11:48:44,568 DEBUG Engine] Module config: console defaultdict(None, {'class': 'bzt.modules.console.ConsoleStatusReporter'})
[2017-12-14 11:48:44,568 DEBUG root] Importing module: bzt.modules.console
[2017-12-14 11:48:44,568 DEBUG root] Loading class: 'ConsoleStatusReporter' from <module 'bzt.modules.console' from '/usr/local/lib/python2.7/site-packages/bzt/modules/console.pyc'>
[2017-12-14 11:48:44,568 DEBUG Engine] Module config: passfail defaultdict(None, {'class': 'bzt.modules.passfail.PassFailStatus'})
[2017-12-14 11:48:44,568 DEBUG root] Importing module: bzt.modules.passfail
[2017-12-14 11:48:44,568 DEBUG root] Loading class: 'PassFailStatus' from <module 'bzt.modules.passfail' from '/usr/local/lib/python2.7/site-packages/bzt/modules/passfail.pyc'>
[2017-12-14 11:48:44,575 DEBUG root] Importing module: bzt.modules.passfail
[2017-12-14 11:48:44,575 DEBUG root] Loading class: 'DataCriterion' from <module 'bzt.modules.passfail' from '/usr/local/lib/python2.7/site-packages/bzt/modules/passfail.pyc'>
[2017-12-14 11:48:44,577 DEBUG Engine.Configuration] Dumping YAML config into /Users/daper01/Documents/OSLo/JMeter/2017-12-14_11-48-40.069771/effective.yml
[2017-12-14 11:48:44,605 DEBUG Engine.Configuration] Dumping JSON config into /Users/daper01/Documents/OSLo/JMeter/2017-12-14_11-48-40.069771/effective.json
[2017-12-14 11:48:44,606 INFO Engine] Starting...
[2017-12-14 11:48:44,606 DEBUG Engine] Startup <bzt.modules.monitoring.Monitoring object at 0x1041604d0>
[2017-12-14 11:48:44,607 DEBUG Engine] Startup <bzt.modules.aggregator.ConsolidatingAggregator object at 0x1041436d0>
[2017-12-14 11:48:44,607 DEBUG Engine] Startup <bzt.modules.reporting.FinalStatus object at 0x104ad5d90>
[2017-12-14 11:48:44,607 DEBUG Engine] Startup <bzt.modules.console.ConsoleStatusReporter object at 0x104c51250>
[2017-12-14 11:48:44,607 INFO Engine.console] Waiting for results...
[2017-12-14 11:48:44,607 DEBUG Engine] Startup <bzt.modules.passfail.PassFailStatus object at 0x104c6f610>
[2017-12-14 11:48:44,608 DEBUG Engine] Startup <bzt.modules.provisioning.Local object at 0x104143510>
[2017-12-14 11:48:44,608 DEBUG Engine.local] Delay setup for jmeter/two_tg: 0(start-at) + 0(delay) = 0
[2017-12-14 11:48:44,610 DEBUG Engine.Configuration] Dumping YAML config into /Users/daper01/Documents/OSLo/JMeter/2017-12-14_11-48-40.069771/effective.yml
[2017-12-14 11:48:44,646 DEBUG Engine.Configuration] Dumping JSON config into /Users/daper01/Documents/OSLo/JMeter/2017-12-14_11-48-40.069771/effective.json
[2017-12-14 11:48:44,647 DEBUG root] Leveling down log file verbosity, use -v option to have DEBUG messages enabled
[2017-12-14 11:48:44,870 INFO Engine.console] Waiting for finish...
[2017-12-14 11:49:54,525 WARNING Engine] Please wait for graceful shutdown...
[2017-12-14 11:49:54,531 DEBUG root] Leveled up log file verbosity
[2017-12-14 11:49:54,531 INFO Engine] Shutting down...
[2017-12-14 11:49:54,538 DEBUG Engine.local] Shutdown jmeter/two_tg
[2017-12-14 11:49:55,541 INFO Engine.jmeter] Sending Shutdown command to JMeter on port 4445...
[2017-12-14 11:49:56,556 DEBUG Engine.jmeter] JMeter stopped on Shutdown command
[2017-12-14 11:49:56,557 DEBUG Engine.console] Restoring logging streams, [<logging.StreamHandler object at 0x10367b690>]/{<logging.StreamHandler object at 0x10367b690>: <open file '<stdout>', mode 'w' at 0x1026ed150>}
[2017-12-14 11:49:56,561 DEBUG Engine.Configuration] Dumping YAML config into /Users/daper01/Documents/OSLo/JMeter/2017-12-14_11-48-40.069771/effective.yml
[2017-12-14 11:49:56,593 DEBUG Engine.Configuration] Dumping JSON config into /Users/daper01/Documents/OSLo/JMeter/2017-12-14_11-48-40.069771/effective.json
[2017-12-14 11:49:56,597 WARNING root] Keyboard interrupt
[2017-12-14 11:49:56,598 DEBUG root] KeyboardInterrupt: 
Traceback (most recent call last):
  File "/usr/local/lib/python2.7/site-packages/bzt/cli.py", line 221, in perform
    self.engine.run()
  File "/usr/local/lib/python2.7/site-packages/bzt/engine.py", line 202, in run
    reraise(exc_info)
  File "/usr/local/lib/python2.7/site-packages/bzt/engine.py", line 184, in run
    self._wait()
  File "/usr/local/lib/python2.7/site-packages/bzt/engine.py", line 220, in _wait
    while not self._check_modules_list():
  File "/usr/local/lib/python2.7/site-packages/bzt/engine.py", line 210, in _check_modules_list
    finished |= bool(module.check())
  File "/usr/local/lib/python2.7/site-packages/bzt/modules/aggregator.py", line 678, in check
    for point in self.datapoints():
  File "/usr/local/lib/python2.7/site-packages/bzt/modules/aggregator.py", line 440, in datapoints
    for datapoint in self._calculate_datapoints(final_pass):
  File "/usr/local/lib/python2.7/site-packages/bzt/modules/aggregator.py", line 707, in _calculate_datapoints
    self._process_underlings(final_pass)
  File "/usr/local/lib/python2.7/site-packages/bzt/modules/aggregator.py", line 692, in _process_underlings
    for data in underling.datapoints(final_pass):
  File "/usr/local/lib/python2.7/site-packages/bzt/modules/aggregator.py", line 440, in datapoints
    for datapoint in self._calculate_datapoints(final_pass):
  File "/usr/local/lib/python2.7/site-packages/bzt/modules/jmeter.py", line 976, in _calculate_datapoints
    for point in super(JTLReader, self)._calculate_datapoints(final_pass):
  File "/usr/local/lib/python2.7/site-packages/bzt/modules/aggregator.py", line 539, in _calculate_datapoints
    self.__process_readers(final_pass)
  File "/usr/local/lib/python2.7/site-packages/bzt/modules/aggregator.py", line 485, in __process_readers
    for result in self._read(final_pass):
  File "/usr/local/lib/python2.7/site-packages/bzt/modules/jmeter.py", line 940, in _read
    self.errors_reader.read_file(last_pass)
  File "/usr/local/lib/python2.7/site-packages/bzt/modules/jmeter.py", line 1347, in read_file
    self.parser.feed(read)  # "Huge input lookup" error without capping :)
KeyboardInterrupt
[2017-12-14 11:49:56,598 INFO Engine] Post-processing...
[2017-12-14 11:49:56,598 DEBUG Engine.local] Post-process jmeter/two_tg
[2017-12-14 11:49:56,598 DEBUG Engine] Add existing artifact (move=True): /Users/daper01/Documents/OSLo/JMeter/modified_two_thread_groups.jmx
[2017-12-14 11:49:56,599 DEBUG Engine] Moving /Users/daper01/Documents/OSLo/JMeter/modified_two_thread_groups.jmx to /Users/daper01/Documents/OSLo/JMeter/2017-12-14_11-48-40.069771/modified_two_thread_groups.jmx
[2017-12-14 11:49:56,635 DEBUG Engine.jmeter.JTLReader.IncrementalCSVReader] Reading JTL: /Users/daper01/Documents/OSLo/JMeter/2017-12-14_11-48-40.069771/kpi.jtl
[2017-12-14 11:49:56,635 DEBUG Engine.jmeter.JTLReader.IncrementalCSVReader] Read lines: 226 / 21669 bytes (at speed 1048576)
[2017-12-14 11:49:56,639 DEBUG Engine.jmeter.JTLReader] Buffer len: 4
[2017-12-14 11:49:56,640 DEBUG Engine.jmeter.JTLReader] Aggregating: 1513280992
[2017-12-14 11:49:56,646 DEBUG Engine.jmeter.JTLReader] Aggregating: 1513280993
[2017-12-14 11:49:56,652 DEBUG Engine.jmeter.JTLReader] Aggregating: 1513280994
[2017-12-14 11:49:56,659 DEBUG Engine.jmeter.JTLReader] Aggregating: 1513280995
[2017-12-14 11:49:56,667 DEBUG Engine.consolidator] Consolidator buffer[6]: [1513280992, 1513280993, 1513280994, 1513280995, 1513280990, 1513280991]
[2017-12-14 11:49:56,667 DEBUG Engine.consolidator] Merging into 1513280990
[2017-12-14 11:49:56,667 DEBUG Engine.consolidator] Merging 1513280990
[2017-12-14 11:49:56,677 DEBUG Engine.consolidator] Processed datapoint: 1513280990/None
[2017-12-14 11:49:56,677 DEBUG Engine.consolidator] Merging into 1513280991
[2017-12-14 11:49:56,677 DEBUG Engine.consolidator] Merging 1513280991
[2017-12-14 11:49:56,687 DEBUG Engine.consolidator] Processed datapoint: 1513280991/None
[2017-12-14 11:49:56,687 DEBUG Engine.consolidator] Merging into 1513280992
[2017-12-14 11:49:56,687 DEBUG Engine.consolidator] Merging 1513280992
[2017-12-14 11:49:56,696 DEBUG Engine.consolidator] Processed datapoint: 1513280992/None
[2017-12-14 11:49:56,696 DEBUG Engine.consolidator] Merging into 1513280993
[2017-12-14 11:49:56,696 DEBUG Engine.consolidator] Merging 1513280993
[2017-12-14 11:49:56,705 DEBUG Engine.consolidator] Processed datapoint: 1513280993/None
[2017-12-14 11:49:56,706 DEBUG Engine.consolidator] Merging into 1513280994
[2017-12-14 11:49:56,706 DEBUG Engine.consolidator] Merging 1513280994
[2017-12-14 11:49:56,715 DEBUG Engine.consolidator] Processed datapoint: 1513280994/None
[2017-12-14 11:49:56,715 DEBUG Engine.consolidator] Merging into 1513280995
[2017-12-14 11:49:56,715 DEBUG Engine.consolidator] Merging 1513280995
[2017-12-14 11:49:56,725 DEBUG Engine.consolidator] Processed datapoint: 1513280995/None
[2017-12-14 11:49:56,725 INFO Engine.final-stats] Test duration: 0:01:12
[2017-12-14 11:49:56,726 INFO Engine.final-stats] Samples count: 5406, 25.58% failures
[2017-12-14 11:49:56,726 INFO Engine.final-stats] Average times: total 0.212, latency 0.210, connect 0.000
[2017-12-14 11:49:56,726 INFO Engine.final-stats] Percentile 0.0%: 0.013
[2017-12-14 11:49:56,726 INFO Engine.final-stats] Percentile 50.0%: 0.178
[2017-12-14 11:49:56,726 INFO Engine.final-stats] Percentile 90.0%: 0.339
[2017-12-14 11:49:56,726 INFO Engine.final-stats] Percentile 95.0%: 0.347
[2017-12-14 11:49:56,727 INFO Engine.final-stats] Percentile 99.0%: 0.358
[2017-12-14 11:49:56,727 INFO Engine.final-stats] Percentile 99.9%: 0.728
[2017-12-14 11:49:56,727 INFO Engine.final-stats] Percentile 100.0%: 2.443
[2017-12-14 11:49:56,727 DEBUG Engine.console] No logger_handler or orig_stream was detected
[2017-12-14 11:49:56,727 DEBUG root] No label "reserve page" in ['', u'purchase', u'confirmation', u'welcome_2', u'welcome', u'purchase_2', u'confirmation_2', u'reserve_2', u'reserve']
[2017-12-14 11:49:56,729 DEBUG Engine.Configuration] Dumping YAML config into /Users/daper01/Documents/OSLo/JMeter/2017-12-14_11-48-40.069771/effective.yml
[2017-12-14 11:49:56,767 DEBUG Engine.Configuration] Dumping JSON config into /Users/daper01/Documents/OSLo/JMeter/2017-12-14_11-48-40.069771/effective.json
[2017-12-14 11:49:56,769 INFO root] Artifacts dir: /Users/daper01/Documents/OSLo/JMeter/2017-12-14_11-48-40.069771
[2017-12-14 11:49:56,769 WARNING root] Done performing with code: 1
[2017-12-14 11:49:56,769 DEBUG root] Closing log handler: /Users/daper01/Documents/OSLo/JMeter/2017-12-14_11-48-40.069771/bzt.log
