2017-12-14 11:48:45,542 INFO o.a.j.u.JMeterUtils: Setting Locale to en_US
2017-12-14 11:48:45,554 INFO o.a.j.JMeter: Loading user properties from: /Users/daper01/.bzt/jmeter-taurus/3.3/bin/user.properties
2017-12-14 11:48:45,555 INFO o.a.j.JMeter: Loading system properties from: /Users/daper01/.bzt/jmeter-taurus/3.3/bin/system.properties
2017-12-14 11:48:45,560 INFO o.a.j.JMeter: Copyright (c) 1998-2017 The Apache Software Foundation
2017-12-14 11:48:45,561 INFO o.a.j.JMeter: Version 3.3 r1808647
2017-12-14 11:48:45,561 INFO o.a.j.JMeter: java.version=1.8.0_121
2017-12-14 11:48:45,561 INFO o.a.j.JMeter: java.vm.name=Java HotSpot(TM) 64-Bit Server VM
2017-12-14 11:48:45,561 INFO o.a.j.JMeter: os.name=Mac OS X
2017-12-14 11:48:45,561 INFO o.a.j.JMeter: os.arch=x86_64
2017-12-14 11:48:45,561 INFO o.a.j.JMeter: os.version=10.13.1
2017-12-14 11:48:45,561 INFO o.a.j.JMeter: file.encoding=UTF-8
2017-12-14 11:48:45,561 INFO o.a.j.JMeter: Max memory     =3817865216
2017-12-14 11:48:45,561 INFO o.a.j.JMeter: Available Processors =4
2017-12-14 11:48:45,565 INFO o.a.j.JMeter: Default Locale=English (United States)
2017-12-14 11:48:45,565 INFO o.a.j.JMeter: JMeter  Locale=English (United States)
2017-12-14 11:48:45,565 INFO o.a.j.JMeter: JMeterHome=/Users/daper01/.bzt/jmeter-taurus/3.3
2017-12-14 11:48:45,565 INFO o.a.j.JMeter: user.dir  =/Users/daper01/Documents/OSLo/JMeter
2017-12-14 11:48:45,566 INFO o.a.j.JMeter: PWD       =/Users/daper01/Documents/OSLo/JMeter
2017-12-14 11:48:45,568 INFO o.a.j.JMeter: IP: 10.137.176.213 Name: daper01mac1124 FullName: daper01mac1124.ca.com
2017-12-14 11:48:45,568 INFO o.a.j.JMeter: user.classpath=/Users/daper01/Documents/OSLo/JMeter/2017-12-14_11-48-40.069771
2017-12-14 11:48:45,568 INFO o.a.j.JMeter: Adding to classpath and loader: /Users/daper01/Documents/OSLo/JMeter/2017-12-14_11-48-40.069771
2017-12-14 11:48:45,571 INFO o.a.j.s.FileServer: Default base='/Users/daper01/Documents/OSLo/JMeter'
2017-12-14 11:48:45,572 INFO o.a.j.s.FileServer: Set new base='/Users/daper01/Documents/OSLo/JMeter'
2017-12-14 11:48:45,739 INFO o.a.j.s.SaveService: Testplan (JMX) version: 2.2. Testlog (JTL) version: 2.2
2017-12-14 11:48:45,757 INFO o.a.j.s.SaveService: Using SaveService properties file encoding UTF-8
2017-12-14 11:48:45,762 INFO o.a.j.s.SaveService: Using SaveService properties version 3.2
2017-12-14 11:48:45,768 INFO o.a.j.s.SaveService: Loading file: /Users/daper01/Documents/OSLo/JMeter/modified_two_thread_groups.jmx
2017-12-14 11:48:45,802 INFO o.a.j.p.h.c.CookieManager: Settings: Delete null: true Check: true Allow variable: true Save: false Prefix: COOKIE_
2017-12-14 11:48:45,821 INFO o.a.j.p.h.c.CacheManager: Will only cache the following methods: [GET]
2017-12-14 11:48:45,845 INFO o.a.j.p.h.s.HTTPSamplerBase: Parser for text/html is org.apache.jmeter.protocol.http.parser.LagartoBasedHtmlParser
2017-12-14 11:48:45,845 INFO o.a.j.p.h.s.HTTPSamplerBase: Parser for application/xhtml+xml is org.apache.jmeter.protocol.http.parser.LagartoBasedHtmlParser
2017-12-14 11:48:45,845 INFO o.a.j.p.h.s.HTTPSamplerBase: Parser for application/xml is org.apache.jmeter.protocol.http.parser.LagartoBasedHtmlParser
2017-12-14 11:48:45,845 INFO o.a.j.p.h.s.HTTPSamplerBase: Parser for text/xml is org.apache.jmeter.protocol.http.parser.LagartoBasedHtmlParser
2017-12-14 11:48:45,845 INFO o.a.j.p.h.s.HTTPSamplerBase: Parser for text/vnd.wap.wml is org.apache.jmeter.protocol.http.parser.RegexpHTMLParser
2017-12-14 11:48:45,845 INFO o.a.j.p.h.s.HTTPSamplerBase: Parser for text/css is org.apache.jmeter.protocol.http.parser.CssParser
2017-12-14 11:48:45,897 INFO o.a.j.e.StandardJMeterEngine: Running the test!
2017-12-14 11:48:45,898 INFO o.a.j.s.SampleEvent: List of sample_variables: []
2017-12-14 11:48:45,898 INFO o.a.j.s.SampleEvent: List of sample_variables: []
2017-12-14 11:48:45,902 INFO o.a.j.e.u.CompoundVariable: Note: Function class names must contain the string: '.functions.'
2017-12-14 11:48:45,902 INFO o.a.j.e.u.CompoundVariable: Note: Function class names must not contain the string: '.gui.'
2017-12-14 11:48:46,347 INFO o.a.j.JMeter: Running test (1513280926347)
2017-12-14 11:48:46,403 INFO o.a.j.e.StandardJMeterEngine: Starting ThreadGroup: 1 : Thread Group
2017-12-14 11:48:46,403 INFO o.a.j.e.StandardJMeterEngine: Starting 17 threads for group Thread Group.
2017-12-14 11:48:46,403 INFO o.a.j.e.StandardJMeterEngine: Thread will continue on error
2017-12-14 11:48:46,408 INFO o.a.j.e.StandardJMeterEngine: Starting ThreadGroup: 2 : Thread Group
2017-12-14 11:48:46,408 INFO o.a.j.e.StandardJMeterEngine: Starting 33 threads for group Thread Group.
2017-12-14 11:48:46,408 INFO o.a.j.e.StandardJMeterEngine: Thread will continue on error
2017-12-14 11:48:46,408 INFO c.b.j.t.c.ConcurrencyThreadStarter: Start supplying threads
2017-12-14 11:48:46,410 INFO o.a.j.e.StandardJMeterEngine: All thread groups have been started
2017-12-14 11:48:46,410 INFO c.b.j.t.c.ConcurrencyThreadStarter: Start supplying threads
2017-12-14 11:48:46,869 INFO o.a.j.t.JMeterThread: Thread started: Thread Group 2-1
2017-12-14 11:48:46,870 INFO o.a.j.s.SampleResult: Note: Sample TimeStamps are START times
2017-12-14 11:48:46,871 INFO o.a.j.s.SampleResult: sampleresult.default.encoding is set to UTF-8
2017-12-14 11:48:46,871 INFO o.a.j.s.SampleResult: sampleresult.useNanoTime=true
2017-12-14 11:48:46,871 INFO o.a.j.s.SampleResult: sampleresult.nanoThreadSleep=5000
2017-12-14 11:48:46,878 WARN k.a.j.t.VariableThroughputTimer: No free threads left in worker pool, made  0/1.0 samples
2017-12-14 11:48:46,901 INFO o.a.j.p.h.s.HTTPHCAbstractImpl: Local host = daper01mac1124
2017-12-14 11:48:46,908 INFO o.a.j.p.h.s.HTTPHC4Impl: HTTP request retry count = 0
2017-12-14 11:48:47,291 INFO o.a.j.t.JMeterThread: Thread started: Thread Group 1-1
2017-12-14 11:48:47,292 WARN k.a.j.t.VariableThroughputTimer: No free threads left in worker pool, made  1/4.3 samples
2017-12-14 11:48:47,884 INFO o.a.j.t.JMeterThread: Thread started: Thread Group 2-2
2017-12-14 11:48:48,889 INFO o.a.j.t.JMeterThread: Thread started: Thread Group 2-3
2017-12-14 11:48:49,296 INFO o.a.j.t.JMeterThread: Thread started: Thread Group 1-2
2017-12-14 11:48:49,892 INFO o.a.j.t.JMeterThread: Thread started: Thread Group 2-4
2017-12-14 11:48:50,898 INFO o.a.j.t.JMeterThread: Thread started: Thread Group 2-5
2017-12-14 11:48:51,306 INFO o.a.j.t.JMeterThread: Thread started: Thread Group 1-3
2017-12-14 11:48:51,901 INFO o.a.j.t.JMeterThread: Thread started: Thread Group 2-6
2017-12-14 11:48:52,907 INFO o.a.j.t.JMeterThread: Thread started: Thread Group 2-7
2017-12-14 11:48:53,317 INFO o.a.j.t.JMeterThread: Thread started: Thread Group 1-4
2017-12-14 11:48:53,909 INFO o.a.j.t.JMeterThread: Thread started: Thread Group 2-8
2017-12-14 11:48:54,912 INFO o.a.j.t.JMeterThread: Thread started: Thread Group 2-9
2017-12-14 11:48:55,328 INFO o.a.j.t.JMeterThread: Thread started: Thread Group 1-5
2017-12-14 11:48:55,915 INFO o.a.j.t.JMeterThread: Thread started: Thread Group 2-10
2017-12-14 11:48:56,335 INFO o.a.j.t.JMeterThread: Thread started: Thread Group 1-6
2017-12-14 11:48:56,918 INFO o.a.j.t.JMeterThread: Thread started: Thread Group 2-11
2017-12-14 11:48:56,918 INFO o.a.j.t.JMeterThread: Thread started: Thread Group 2-12
2017-12-14 11:48:57,923 INFO o.a.j.t.JMeterThread: Thread started: Thread Group 2-13
2017-12-14 11:48:58,343 INFO o.a.j.t.JMeterThread: Thread started: Thread Group 1-7
2017-12-14 11:48:58,925 INFO o.a.j.t.JMeterThread: Thread started: Thread Group 2-14
2017-12-14 11:48:59,927 INFO o.a.j.t.JMeterThread: Thread started: Thread Group 2-15
2017-12-14 11:49:00,352 INFO o.a.j.t.JMeterThread: Thread started: Thread Group 1-8
2017-12-14 11:49:00,930 INFO o.a.j.t.JMeterThread: Thread started: Thread Group 2-16
2017-12-14 11:49:01,935 INFO o.a.j.t.JMeterThread: Thread started: Thread Group 2-17
2017-12-14 11:49:02,353 INFO o.a.j.t.JMeterThread: Thread started: Thread Group 1-9
2017-12-14 11:49:02,940 INFO o.a.j.t.JMeterThread: Thread started: Thread Group 2-18
2017-12-14 11:49:03,354 INFO o.a.j.t.JMeterThread: Thread started: Thread Group 1-10
2017-12-14 11:49:03,945 INFO o.a.j.t.JMeterThread: Thread started: Thread Group 2-19
2017-12-14 11:49:04,950 INFO o.a.j.t.JMeterThread: Thread started: Thread Group 2-20
2017-12-14 11:49:05,362 INFO o.a.j.t.JMeterThread: Thread started: Thread Group 1-11
2017-12-14 11:49:05,954 INFO o.a.j.t.JMeterThread: Thread started: Thread Group 2-21
2017-12-14 11:49:06,960 INFO o.a.j.t.JMeterThread: Thread started: Thread Group 2-22
2017-12-14 11:49:06,961 INFO o.a.j.t.JMeterThread: Thread started: Thread Group 2-23
2017-12-14 11:49:07,370 INFO o.a.j.t.JMeterThread: Thread started: Thread Group 1-12
2017-12-14 11:49:07,964 INFO o.a.j.t.JMeterThread: Thread started: Thread Group 2-24
2017-12-14 11:49:08,969 INFO o.a.j.t.JMeterThread: Thread started: Thread Group 2-25
2017-12-14 11:49:09,378 INFO o.a.j.t.JMeterThread: Thread started: Thread Group 1-13
2017-12-14 11:49:09,972 INFO o.a.j.t.JMeterThread: Thread started: Thread Group 2-26
2017-12-14 11:49:10,379 INFO o.a.j.t.JMeterThread: Thread started: Thread Group 1-14
2017-12-14 11:49:10,975 INFO o.a.j.t.JMeterThread: Thread started: Thread Group 2-27
2017-12-14 11:49:11,979 INFO o.a.j.t.JMeterThread: Thread started: Thread Group 2-28
2017-12-14 11:49:12,384 INFO o.a.j.t.JMeterThread: Thread started: Thread Group 1-15
2017-12-14 11:49:12,982 INFO o.a.j.t.JMeterThread: Thread started: Thread Group 2-29
2017-12-14 11:49:13,983 INFO o.a.j.t.JMeterThread: Thread started: Thread Group 2-30
2017-12-14 11:49:14,391 INFO o.a.j.t.JMeterThread: Thread started: Thread Group 1-16
2017-12-14 11:49:14,988 INFO o.a.j.t.JMeterThread: Thread started: Thread Group 2-31
2017-12-14 11:49:15,994 INFO o.a.j.t.JMeterThread: Thread started: Thread Group 2-32
2017-12-14 11:49:15,995 INFO o.a.j.t.JMeterThread: Thread started: Thread Group 2-33
2017-12-14 11:49:16,398 INFO o.a.j.t.JMeterThread: Thread started: Thread Group 1-17
2017-12-14 11:49:55,552 INFO o.a.j.JMeter: Command: Shutdown received from /127.0.0.1
2017-12-14 11:49:55,554 INFO c.b.j.t.c.ConcurrencyThreadStarter: Done supplying threads
2017-12-14 11:49:55,554 WARN o.a.j.t.JMeterThread: Interrupting: Thread Group 1-16 sampler: purchase
2017-12-14 11:49:55,559 WARN o.a.j.t.JMeterThread: Interrupting: Thread Group 1-3 sampler: confirmation
2017-12-14 11:49:55,554 ERROR k.a.j.t.VariableThroughputTimer: Waiting thread was interrupted
java.lang.InterruptedException: null
	at java.lang.Object.wait(Native Method) ~[?:1.8.0_121]
	at kg.apc.jmeter.timers.VariableThroughputTimer.delay(VariableThroughputTimer.java:78) [jmeter-plugins-tst-2.1.jar:?]
	at org.apache.jmeter.threads.JMeterThread.delay(JMeterThread.java:851) [ApacheJMeter_core.jar:3.3 r1808647]
	at org.apache.jmeter.threads.JMeterThread.executeSamplePackage(JMeterThread.java:480) [ApacheJMeter_core.jar:3.3 r1808647]
	at org.apache.jmeter.threads.JMeterThread.processSampler(JMeterThread.java:424) [ApacheJMeter_core.jar:3.3 r1808647]
	at org.apache.jmeter.threads.JMeterThread.run(JMeterThread.java:255) [ApacheJMeter_core.jar:3.3 r1808647]
	at java.lang.Thread.run(Thread.java:745) [?:1.8.0_121]
2017-12-14 11:49:55,562 INFO o.a.j.t.JMeterThread: Thread is done: Thread Group 1-16
2017-12-14 11:49:55,562 INFO o.a.j.t.JMeterThread: Thread finished: Thread Group 1-16
2017-12-14 11:49:55,562 WARN o.a.j.t.JMeterThread: Interrupting: Thread Group 1-2 sampler: purchase
2017-12-14 11:49:55,563 ERROR k.a.j.t.VariableThroughputTimer: Waiting thread was interrupted
java.lang.InterruptedException: null
	at java.lang.Object.wait(Native Method) ~[?:1.8.0_121]
	at kg.apc.jmeter.timers.VariableThroughputTimer.delay(VariableThroughputTimer.java:78) [jmeter-plugins-tst-2.1.jar:?]
	at org.apache.jmeter.threads.JMeterThread.delay(JMeterThread.java:851) [ApacheJMeter_core.jar:3.3 r1808647]
	at org.apache.jmeter.threads.JMeterThread.executeSamplePackage(JMeterThread.java:480) [ApacheJMeter_core.jar:3.3 r1808647]
	at org.apache.jmeter.threads.JMeterThread.processSampler(JMeterThread.java:424) [ApacheJMeter_core.jar:3.3 r1808647]
	at org.apache.jmeter.threads.JMeterThread.run(JMeterThread.java:255) [ApacheJMeter_core.jar:3.3 r1808647]
	at java.lang.Thread.run(Thread.java:745) [?:1.8.0_121]
2017-12-14 11:49:55,564 WARN o.a.j.t.JMeterThread: Interrupting: Thread Group 1-12 sampler: confirmation
2017-12-14 11:49:55,564 ERROR k.a.j.t.VariableThroughputTimer: Waiting thread was interrupted
java.lang.InterruptedException: null
	at java.lang.Object.wait(Native Method) ~[?:1.8.0_121]
	at kg.apc.jmeter.timers.VariableThroughputTimer.delay(VariableThroughputTimer.java:78) [jmeter-plugins-tst-2.1.jar:?]
	at org.apache.jmeter.threads.JMeterThread.delay(JMeterThread.java:851) [ApacheJMeter_core.jar:3.3 r1808647]
	at org.apache.jmeter.threads.JMeterThread.executeSamplePackage(JMeterThread.java:480) [ApacheJMeter_core.jar:3.3 r1808647]
	at org.apache.jmeter.threads.JMeterThread.processSampler(JMeterThread.java:424) [ApacheJMeter_core.jar:3.3 r1808647]
	at org.apache.jmeter.threads.JMeterThread.run(JMeterThread.java:255) [ApacheJMeter_core.jar:3.3 r1808647]
	at java.lang.Thread.run(Thread.java:745) [?:1.8.0_121]
2017-12-14 11:49:55,565 ERROR k.a.j.t.VariableThroughputTimer: Waiting thread was interrupted
java.lang.InterruptedException: null
	at java.lang.Object.wait(Native Method) ~[?:1.8.0_121]
	at kg.apc.jmeter.timers.VariableThroughputTimer.delay(VariableThroughputTimer.java:78) [jmeter-plugins-tst-2.1.jar:?]
	at org.apache.jmeter.threads.JMeterThread.delay(JMeterThread.java:851) [ApacheJMeter_core.jar:3.3 r1808647]
	at org.apache.jmeter.threads.JMeterThread.executeSamplePackage(JMeterThread.java:480) [ApacheJMeter_core.jar:3.3 r1808647]
	at org.apache.jmeter.threads.JMeterThread.processSampler(JMeterThread.java:424) [ApacheJMeter_core.jar:3.3 r1808647]
	at org.apache.jmeter.threads.JMeterThread.run(JMeterThread.java:255) [ApacheJMeter_core.jar:3.3 r1808647]
	at java.lang.Thread.run(Thread.java:745) [?:1.8.0_121]
2017-12-14 11:49:55,567 INFO o.a.j.t.JMeterThread: Thread is done: Thread Group 1-3
2017-12-14 11:49:55,567 INFO o.a.j.t.JMeterThread: Thread finished: Thread Group 1-3
2017-12-14 11:49:55,567 ERROR k.a.j.t.VariableThroughputTimer: Waiting thread was interrupted
java.lang.InterruptedException: null
	at java.lang.Object.wait(Native Method) ~[?:1.8.0_121]
	at kg.apc.jmeter.timers.VariableThroughputTimer.delay(VariableThroughputTimer.java:78) [jmeter-plugins-tst-2.1.jar:?]
	at org.apache.jmeter.threads.JMeterThread.delay(JMeterThread.java:851) [ApacheJMeter_core.jar:3.3 r1808647]
	at org.apache.jmeter.threads.JMeterThread.executeSamplePackage(JMeterThread.java:480) [ApacheJMeter_core.jar:3.3 r1808647]
	at org.apache.jmeter.threads.JMeterThread.processSampler(JMeterThread.java:424) [ApacheJMeter_core.jar:3.3 r1808647]
	at org.apache.jmeter.threads.JMeterThread.run(JMeterThread.java:255) [ApacheJMeter_core.jar:3.3 r1808647]
	at java.lang.Thread.run(Thread.java:745) [?:1.8.0_121]
2017-12-14 11:49:55,568 WARN o.a.j.t.JMeterThread: Interrupting: Thread Group 1-7 sampler: confirmation
2017-12-14 11:49:55,568 INFO o.a.j.t.JMeterThread: Thread is done: Thread Group 1-2
2017-12-14 11:49:55,568 INFO o.a.j.t.JMeterThread: Thread finished: Thread Group 1-2
2017-12-14 11:49:55,568 ERROR k.a.j.t.VariableThroughputTimer: Waiting thread was interrupted
java.lang.InterruptedException: null
	at java.lang.Object.wait(Native Method) ~[?:1.8.0_121]
	at kg.apc.jmeter.timers.VariableThroughputTimer.delay(VariableThroughputTimer.java:78) [jmeter-plugins-tst-2.1.jar:?]
	at org.apache.jmeter.threads.JMeterThread.delay(JMeterThread.java:851) [ApacheJMeter_core.jar:3.3 r1808647]
	at org.apache.jmeter.threads.JMeterThread.executeSamplePackage(JMeterThread.java:480) [ApacheJMeter_core.jar:3.3 r1808647]
	at org.apache.jmeter.threads.JMeterThread.processSampler(JMeterThread.java:424) [ApacheJMeter_core.jar:3.3 r1808647]
	at org.apache.jmeter.threads.JMeterThread.run(JMeterThread.java:255) [ApacheJMeter_core.jar:3.3 r1808647]
	at java.lang.Thread.run(Thread.java:745) [?:1.8.0_121]
2017-12-14 11:49:55,569 INFO o.a.j.t.JMeterThread: Thread is done: Thread Group 1-12
2017-12-14 11:49:55,570 WARN o.a.j.t.JMeterThread: Interrupting: Thread Group 1-14 sampler: reserve
2017-12-14 11:49:55,570 INFO o.a.j.t.JMeterThread: Thread finished: Thread Group 1-12
2017-12-14 11:49:55,569 ERROR k.a.j.t.VariableThroughputTimer: Waiting thread was interrupted
java.lang.InterruptedException: null
	at java.lang.Object.wait(Native Method) ~[?:1.8.0_121]
	at kg.apc.jmeter.timers.VariableThroughputTimer.delay(VariableThroughputTimer.java:78) [jmeter-plugins-tst-2.1.jar:?]
	at org.apache.jmeter.threads.JMeterThread.delay(JMeterThread.java:851) [ApacheJMeter_core.jar:3.3 r1808647]
	at org.apache.jmeter.threads.JMeterThread.executeSamplePackage(JMeterThread.java:480) [ApacheJMeter_core.jar:3.3 r1808647]
	at org.apache.jmeter.threads.JMeterThread.processSampler(JMeterThread.java:424) [ApacheJMeter_core.jar:3.3 r1808647]
	at org.apache.jmeter.threads.JMeterThread.run(JMeterThread.java:255) [ApacheJMeter_core.jar:3.3 r1808647]
	at java.lang.Thread.run(Thread.java:745) [?:1.8.0_121]
2017-12-14 11:49:55,571 ERROR k.a.j.t.VariableThroughputTimer: Waiting thread was interrupted
java.lang.InterruptedException: null
	at java.lang.Object.wait(Native Method) ~[?:1.8.0_121]
	at kg.apc.jmeter.timers.VariableThroughputTimer.delay(VariableThroughputTimer.java:78) [jmeter-plugins-tst-2.1.jar:?]
	at org.apache.jmeter.threads.JMeterThread.delay(JMeterThread.java:851) [ApacheJMeter_core.jar:3.3 r1808647]
	at org.apache.jmeter.threads.JMeterThread.executeSamplePackage(JMeterThread.java:480) [ApacheJMeter_core.jar:3.3 r1808647]
	at org.apache.jmeter.threads.JMeterThread.processSampler(JMeterThread.java:424) [ApacheJMeter_core.jar:3.3 r1808647]
	at org.apache.jmeter.threads.JMeterThread.run(JMeterThread.java:255) [ApacheJMeter_core.jar:3.3 r1808647]
	at java.lang.Thread.run(Thread.java:745) [?:1.8.0_121]
2017-12-14 11:49:55,572 ERROR k.a.j.t.VariableThroughputTimer: Waiting thread was interrupted
java.lang.InterruptedException: null
	at java.lang.Object.wait(Native Method) ~[?:1.8.0_121]
	at kg.apc.jmeter.timers.VariableThroughputTimer.delay(VariableThroughputTimer.java:78) [jmeter-plugins-tst-2.1.jar:?]
	at org.apache.jmeter.threads.JMeterThread.delay(JMeterThread.java:851) [ApacheJMeter_core.jar:3.3 r1808647]
	at org.apache.jmeter.threads.JMeterThread.executeSamplePackage(JMeterThread.java:480) [ApacheJMeter_core.jar:3.3 r1808647]
	at org.apache.jmeter.threads.JMeterThread.processSampler(JMeterThread.java:424) [ApacheJMeter_core.jar:3.3 r1808647]
	at org.apache.jmeter.threads.JMeterThread.run(JMeterThread.java:255) [ApacheJMeter_core.jar:3.3 r1808647]
	at java.lang.Thread.run(Thread.java:745) [?:1.8.0_121]
2017-12-14 11:49:55,572 WARN o.a.j.t.JMeterThread: Interrupting: Thread Group 2-15 sampler: welcome_2
2017-12-14 11:49:55,572 INFO o.a.j.t.JMeterThread: Thread is done: Thread Group 1-7
2017-12-14 11:49:55,572 INFO o.a.j.t.JMeterThread: Thread finished: Thread Group 1-7
2017-12-14 11:49:55,572 INFO c.b.j.t.c.ConcurrencyThreadStarter: Done supplying threads
2017-12-14 11:49:55,572 ERROR k.a.j.t.VariableThroughputTimer: Waiting thread was interrupted
java.lang.InterruptedException: null
	at java.lang.Object.wait(Native Method) ~[?:1.8.0_121]
	at kg.apc.jmeter.timers.VariableThroughputTimer.delay(VariableThroughputTimer.java:78) [jmeter-plugins-tst-2.1.jar:?]
	at org.apache.jmeter.threads.JMeterThread.delay(JMeterThread.java:851) [ApacheJMeter_core.jar:3.3 r1808647]
	at org.apache.jmeter.threads.JMeterThread.executeSamplePackage(JMeterThread.java:480) [ApacheJMeter_core.jar:3.3 r1808647]
	at org.apache.jmeter.threads.JMeterThread.processSampler(JMeterThread.java:424) [ApacheJMeter_core.jar:3.3 r1808647]
	at org.apache.jmeter.threads.JMeterThread.run(JMeterThread.java:255) [ApacheJMeter_core.jar:3.3 r1808647]
	at java.lang.Thread.run(Thread.java:745) [?:1.8.0_121]
2017-12-14 11:49:55,574 ERROR k.a.j.t.VariableThroughputTimer: Waiting thread was interrupted
java.lang.InterruptedException: null
	at java.lang.Object.wait(Native Method) ~[?:1.8.0_121]
	at kg.apc.jmeter.timers.VariableThroughputTimer.delay(VariableThroughputTimer.java:78) [jmeter-plugins-tst-2.1.jar:?]
	at org.apache.jmeter.threads.JMeterThread.delay(JMeterThread.java:851) [ApacheJMeter_core.jar:3.3 r1808647]
	at org.apache.jmeter.threads.JMeterThread.executeSamplePackage(JMeterThread.java:480) [ApacheJMeter_core.jar:3.3 r1808647]
	at org.apache.jmeter.threads.JMeterThread.processSampler(JMeterThread.java:424) [ApacheJMeter_core.jar:3.3 r1808647]
	at org.apache.jmeter.threads.JMeterThread.run(JMeterThread.java:255) [ApacheJMeter_core.jar:3.3 r1808647]
	at java.lang.Thread.run(Thread.java:745) [?:1.8.0_121]
2017-12-14 11:49:55,575 WARN o.a.j.t.JMeterThread: Interrupting: Thread Group 2-23 sampler: purchase_2
2017-12-14 11:49:55,575 ERROR k.a.j.t.VariableThroughputTimer: Waiting thread was interrupted
java.lang.InterruptedException: null
	at java.lang.Object.wait(Native Method) ~[?:1.8.0_121]
	at kg.apc.jmeter.timers.VariableThroughputTimer.delay(VariableThroughputTimer.java:78) [jmeter-plugins-tst-2.1.jar:?]
	at org.apache.jmeter.threads.JMeterThread.delay(JMeterThread.java:851) [ApacheJMeter_core.jar:3.3 r1808647]
	at org.apache.jmeter.threads.JMeterThread.executeSamplePackage(JMeterThread.java:480) [ApacheJMeter_core.jar:3.3 r1808647]
	at org.apache.jmeter.threads.JMeterThread.processSampler(JMeterThread.java:424) [ApacheJMeter_core.jar:3.3 r1808647]
	at org.apache.jmeter.threads.JMeterThread.run(JMeterThread.java:255) [ApacheJMeter_core.jar:3.3 r1808647]
	at java.lang.Thread.run(Thread.java:745) [?:1.8.0_121]
2017-12-14 11:49:55,576 INFO o.a.j.t.JMeterThread: Thread is done: Thread Group 1-14
2017-12-14 11:49:55,576 INFO o.a.j.t.JMeterThread: Thread finished: Thread Group 1-14
2017-12-14 11:49:55,577 WARN o.a.j.t.JMeterThread: Interrupting: Thread Group 2-33 sampler: reserve_2
2017-12-14 11:49:55,578 INFO o.a.j.t.JMeterThread: Thread is done: Thread Group 2-15
2017-12-14 11:49:55,578 INFO o.a.j.t.JMeterThread: Thread finished: Thread Group 2-15
2017-12-14 11:49:55,579 WARN o.a.j.t.JMeterThread: Interrupting: Thread Group 2-5 sampler: reserve_2
2017-12-14 11:49:55,579 INFO o.a.j.t.JMeterThread: Thread is done: Thread Group 2-23
2017-12-14 11:49:55,579 INFO o.a.j.t.JMeterThread: Thread finished: Thread Group 2-23
2017-12-14 11:49:55,579 ERROR k.a.j.t.VariableThroughputTimer: Waiting thread was interrupted
java.lang.InterruptedException: null
	at java.lang.Object.wait(Native Method) ~[?:1.8.0_121]
	at kg.apc.jmeter.timers.VariableThroughputTimer.delay(VariableThroughputTimer.java:78) [jmeter-plugins-tst-2.1.jar:?]
	at org.apache.jmeter.threads.JMeterThread.delay(JMeterThread.java:851) [ApacheJMeter_core.jar:3.3 r1808647]
	at org.apache.jmeter.threads.JMeterThread.executeSamplePackage(JMeterThread.java:480) [ApacheJMeter_core.jar:3.3 r1808647]
	at org.apache.jmeter.threads.JMeterThread.processSampler(JMeterThread.java:424) [ApacheJMeter_core.jar:3.3 r1808647]
	at org.apache.jmeter.threads.JMeterThread.run(JMeterThread.java:255) [ApacheJMeter_core.jar:3.3 r1808647]
	at java.lang.Thread.run(Thread.java:745) [?:1.8.0_121]
2017-12-14 11:49:55,581 WARN o.a.j.t.JMeterThread: Interrupting: Thread Group 2-25 sampler: purchase_2
2017-12-14 11:49:55,581 INFO o.a.j.t.JMeterThread: Thread is done: Thread Group 2-33
2017-12-14 11:49:55,581 ERROR k.a.j.t.VariableThroughputTimer: Waiting thread was interrupted
java.lang.InterruptedException: null
	at java.lang.Object.wait(Native Method) ~[?:1.8.0_121]
	at kg.apc.jmeter.timers.VariableThroughputTimer.delay(VariableThroughputTimer.java:78) [jmeter-plugins-tst-2.1.jar:?]
	at org.apache.jmeter.threads.JMeterThread.delay(JMeterThread.java:851) [ApacheJMeter_core.jar:3.3 r1808647]
	at org.apache.jmeter.threads.JMeterThread.executeSamplePackage(JMeterThread.java:480) [ApacheJMeter_core.jar:3.3 r1808647]
	at org.apache.jmeter.threads.JMeterThread.processSampler(JMeterThread.java:424) [ApacheJMeter_core.jar:3.3 r1808647]
	at org.apache.jmeter.threads.JMeterThread.run(JMeterThread.java:255) [ApacheJMeter_core.jar:3.3 r1808647]
	at java.lang.Thread.run(Thread.java:745) [?:1.8.0_121]
2017-12-14 11:49:55,581 INFO o.a.j.t.JMeterThread: Thread finished: Thread Group 2-33
2017-12-14 11:49:55,583 WARN o.a.j.t.JMeterThread: Interrupting: Thread Group 2-26 sampler: welcome_2
2017-12-14 11:49:55,584 INFO o.a.j.t.JMeterThread: Thread is done: Thread Group 2-5
2017-12-14 11:49:55,584 INFO o.a.j.t.JMeterThread: Thread finished: Thread Group 2-5
2017-12-14 11:49:55,585 WARN o.a.j.t.JMeterThread: Interrupting: Thread Group 2-29 sampler: welcome_2
2017-12-14 11:49:55,585 INFO o.a.j.t.JMeterThread: Thread is done: Thread Group 2-2
2017-12-14 11:49:55,585 INFO o.a.j.t.JMeterThread: Thread finished: Thread Group 2-2
2017-12-14 11:49:55,587 WARN o.a.j.t.JMeterThread: Interrupting: Thread Group 2-18 sampler: welcome_2
2017-12-14 11:49:55,586 ERROR k.a.j.t.VariableThroughputTimer: Waiting thread was interrupted
java.lang.InterruptedException: null
	at java.lang.Object.wait(Native Method) ~[?:1.8.0_121]
	at kg.apc.jmeter.timers.VariableThroughputTimer.delay(VariableThroughputTimer.java:78) [jmeter-plugins-tst-2.1.jar:?]
	at org.apache.jmeter.threads.JMeterThread.delay(JMeterThread.java:851) [ApacheJMeter_core.jar:3.3 r1808647]
	at org.apache.jmeter.threads.JMeterThread.executeSamplePackage(JMeterThread.java:480) [ApacheJMeter_core.jar:3.3 r1808647]
	at org.apache.jmeter.threads.JMeterThread.processSampler(JMeterThread.java:424) [ApacheJMeter_core.jar:3.3 r1808647]
	at org.apache.jmeter.threads.JMeterThread.run(JMeterThread.java:255) [ApacheJMeter_core.jar:3.3 r1808647]
	at java.lang.Thread.run(Thread.java:745) [?:1.8.0_121]
2017-12-14 11:49:55,588 WARN o.a.j.t.JMeterThread: Interrupting: Thread Group 2-24 sampler: purchase_2
2017-12-14 11:49:55,588 INFO o.a.j.t.JMeterThread: Thread is done: Thread Group 2-25
2017-12-14 11:49:55,588 INFO o.a.j.t.JMeterThread: Thread finished: Thread Group 2-25
2017-12-14 11:49:55,588 ERROR k.a.j.t.VariableThroughputTimer: Waiting thread was interrupted
java.lang.InterruptedException: null
	at java.lang.Object.wait(Native Method) ~[?:1.8.0_121]
	at kg.apc.jmeter.timers.VariableThroughputTimer.delay(VariableThroughputTimer.java:78) [jmeter-plugins-tst-2.1.jar:?]
	at org.apache.jmeter.threads.JMeterThread.delay(JMeterThread.java:851) [ApacheJMeter_core.jar:3.3 r1808647]
	at org.apache.jmeter.threads.JMeterThread.executeSamplePackage(JMeterThread.java:480) [ApacheJMeter_core.jar:3.3 r1808647]
	at org.apache.jmeter.threads.JMeterThread.processSampler(JMeterThread.java:424) [ApacheJMeter_core.jar:3.3 r1808647]
	at org.apache.jmeter.threads.JMeterThread.run(JMeterThread.java:255) [ApacheJMeter_core.jar:3.3 r1808647]
	at java.lang.Thread.run(Thread.java:745) [?:1.8.0_121]
2017-12-14 11:49:55,588 INFO o.a.j.t.JMeterThread: Thread is done: Thread Group 2-29
2017-12-14 11:49:55,588 INFO o.a.j.t.JMeterThread: Thread finished: Thread Group 2-29
2017-12-14 11:49:55,588 ERROR k.a.j.t.VariableThroughputTimer: Waiting thread was interrupted
java.lang.InterruptedException: null
	at java.lang.Object.wait(Native Method) ~[?:1.8.0_121]
	at kg.apc.jmeter.timers.VariableThroughputTimer.delay(VariableThroughputTimer.java:78) [jmeter-plugins-tst-2.1.jar:?]
	at org.apache.jmeter.threads.JMeterThread.delay(JMeterThread.java:851) [ApacheJMeter_core.jar:3.3 r1808647]
	at org.apache.jmeter.threads.JMeterThread.executeSamplePackage(JMeterThread.java:480) [ApacheJMeter_core.jar:3.3 r1808647]
	at org.apache.jmeter.threads.JMeterThread.processSampler(JMeterThread.java:424) [ApacheJMeter_core.jar:3.3 r1808647]
	at org.apache.jmeter.threads.JMeterThread.run(JMeterThread.java:255) [ApacheJMeter_core.jar:3.3 r1808647]
	at java.lang.Thread.run(Thread.java:745) [?:1.8.0_121]
2017-12-14 11:49:55,589 ERROR k.a.j.t.VariableThroughputTimer: Waiting thread was interrupted
java.lang.InterruptedException: null
	at java.lang.Object.wait(Native Method) ~[?:1.8.0_121]
	at kg.apc.jmeter.timers.VariableThroughputTimer.delay(VariableThroughputTimer.java:78) [jmeter-plugins-tst-2.1.jar:?]
	at org.apache.jmeter.threads.JMeterThread.delay(JMeterThread.java:851) [ApacheJMeter_core.jar:3.3 r1808647]
	at org.apache.jmeter.threads.JMeterThread.executeSamplePackage(JMeterThread.java:480) [ApacheJMeter_core.jar:3.3 r1808647]
	at org.apache.jmeter.threads.JMeterThread.processSampler(JMeterThread.java:424) [ApacheJMeter_core.jar:3.3 r1808647]
	at org.apache.jmeter.threads.JMeterThread.run(JMeterThread.java:255) [ApacheJMeter_core.jar:3.3 r1808647]
	at java.lang.Thread.run(Thread.java:745) [?:1.8.0_121]
2017-12-14 11:49:55,589 INFO o.a.j.t.JMeterThread: Thread is done: Thread Group 2-26
2017-12-14 11:49:55,590 INFO o.a.j.t.JMeterThread: Thread finished: Thread Group 2-26
2017-12-14 11:49:55,590 INFO o.a.j.t.JMeterThread: Thread is done: Thread Group 2-18
2017-12-14 11:49:55,590 INFO o.a.j.t.JMeterThread: Thread finished: Thread Group 2-18
2017-12-14 11:49:55,590 WARN o.a.j.t.JMeterThread: Interrupting: Thread Group 2-9 sampler: confirmation_2
2017-12-14 11:49:55,590 ERROR k.a.j.t.VariableThroughputTimer: Waiting thread was interrupted
java.lang.InterruptedException: null
	at java.lang.Object.wait(Native Method) ~[?:1.8.0_121]
	at kg.apc.jmeter.timers.VariableThroughputTimer.delay(VariableThroughputTimer.java:78) [jmeter-plugins-tst-2.1.jar:?]
	at org.apache.jmeter.threads.JMeterThread.delay(JMeterThread.java:851) [ApacheJMeter_core.jar:3.3 r1808647]
	at org.apache.jmeter.threads.JMeterThread.executeSamplePackage(JMeterThread.java:480) [ApacheJMeter_core.jar:3.3 r1808647]
	at org.apache.jmeter.threads.JMeterThread.processSampler(JMeterThread.java:424) [ApacheJMeter_core.jar:3.3 r1808647]
	at org.apache.jmeter.threads.JMeterThread.run(JMeterThread.java:255) [ApacheJMeter_core.jar:3.3 r1808647]
	at java.lang.Thread.run(Thread.java:745) [?:1.8.0_121]
2017-12-14 11:49:55,592 WARN o.a.j.t.JMeterThread: Interrupting: Thread Group 2-11 sampler: reserve_2
2017-12-14 11:49:55,592 WARN o.a.j.t.JMeterThread: No operation pending
2017-12-14 11:49:55,592 INFO o.a.j.t.JMeterThread: Thread is done: Thread Group 2-11
2017-12-14 11:49:55,592 INFO o.a.j.t.JMeterThread: Thread finished: Thread Group 2-11
2017-12-14 11:49:55,592 INFO o.a.j.t.JMeterThread: Thread is done: Thread Group 2-24
2017-12-14 11:49:55,592 WARN o.a.j.t.JMeterThread: Interrupting: Thread Group 2-10 sampler: purchase_2
2017-12-14 11:49:55,592 ERROR k.a.j.t.VariableThroughputTimer: Waiting thread was interrupted
java.lang.InterruptedException: null
	at java.lang.Object.wait(Native Method) ~[?:1.8.0_121]
	at kg.apc.jmeter.timers.VariableThroughputTimer.delay(VariableThroughputTimer.java:78) [jmeter-plugins-tst-2.1.jar:?]
	at org.apache.jmeter.threads.JMeterThread.delay(JMeterThread.java:851) [ApacheJMeter_core.jar:3.3 r1808647]
	at org.apache.jmeter.threads.JMeterThread.executeSamplePackage(JMeterThread.java:480) [ApacheJMeter_core.jar:3.3 r1808647]
	at org.apache.jmeter.threads.JMeterThread.processSampler(JMeterThread.java:424) [ApacheJMeter_core.jar:3.3 r1808647]
	at org.apache.jmeter.threads.JMeterThread.run(JMeterThread.java:255) [ApacheJMeter_core.jar:3.3 r1808647]
	at java.lang.Thread.run(Thread.java:745) [?:1.8.0_121]
2017-12-14 11:49:55,592 INFO o.a.j.t.JMeterThread: Thread finished: Thread Group 2-24
2017-12-14 11:49:55,592 ERROR k.a.j.t.VariableThroughputTimer: Waiting thread was interrupted
java.lang.InterruptedException: null
	at java.lang.Object.wait(Native Method) ~[?:1.8.0_121]
	at kg.apc.jmeter.timers.VariableThroughputTimer.delay(VariableThroughputTimer.java:78) [jmeter-plugins-tst-2.1.jar:?]
	at org.apache.jmeter.threads.JMeterThread.delay(JMeterThread.java:851) [ApacheJMeter_core.jar:3.3 r1808647]
	at org.apache.jmeter.threads.JMeterThread.executeSamplePackage(JMeterThread.java:480) [ApacheJMeter_core.jar:3.3 r1808647]
	at org.apache.jmeter.threads.JMeterThread.processSampler(JMeterThread.java:424) [ApacheJMeter_core.jar:3.3 r1808647]
	at org.apache.jmeter.threads.JMeterThread.run(JMeterThread.java:255) [ApacheJMeter_core.jar:3.3 r1808647]
	at java.lang.Thread.run(Thread.java:745) [?:1.8.0_121]
2017-12-14 11:49:55,593 WARN o.a.j.t.JMeterThread: Interrupting: Thread Group 2-31 sampler: confirmation_2
2017-12-14 11:49:55,593 ERROR k.a.j.t.VariableThroughputTimer: Waiting thread was interrupted
java.lang.InterruptedException: null
	at java.lang.Object.wait(Native Method) ~[?:1.8.0_121]
	at kg.apc.jmeter.timers.VariableThroughputTimer.delay(VariableThroughputTimer.java:78) [jmeter-plugins-tst-2.1.jar:?]
	at org.apache.jmeter.threads.JMeterThread.delay(JMeterThread.java:851) [ApacheJMeter_core.jar:3.3 r1808647]
	at org.apache.jmeter.threads.JMeterThread.executeSamplePackage(JMeterThread.java:480) [ApacheJMeter_core.jar:3.3 r1808647]
	at org.apache.jmeter.threads.JMeterThread.processSampler(JMeterThread.java:424) [ApacheJMeter_core.jar:3.3 r1808647]
	at org.apache.jmeter.threads.JMeterThread.run(JMeterThread.java:255) [ApacheJMeter_core.jar:3.3 r1808647]
	at java.lang.Thread.run(Thread.java:745) [?:1.8.0_121]
2017-12-14 11:49:55,593 WARN o.a.j.t.JMeterThread: Interrupting: Thread Group 2-21 sampler: reserve_2
2017-12-14 11:49:55,593 INFO o.a.j.t.JMeterThread: Thread is done: Thread Group 2-9
2017-12-14 11:49:55,593 INFO o.a.j.t.JMeterThread: Thread finished: Thread Group 2-9
2017-12-14 11:49:55,593 ERROR k.a.j.t.VariableThroughputTimer: Waiting thread was interrupted
java.lang.InterruptedException: null
	at java.lang.Object.wait(Native Method) ~[?:1.8.0_121]
	at kg.apc.jmeter.timers.VariableThroughputTimer.delay(VariableThroughputTimer.java:78) [jmeter-plugins-tst-2.1.jar:?]
	at org.apache.jmeter.threads.JMeterThread.delay(JMeterThread.java:851) [ApacheJMeter_core.jar:3.3 r1808647]
	at org.apache.jmeter.threads.JMeterThread.executeSamplePackage(JMeterThread.java:480) [ApacheJMeter_core.jar:3.3 r1808647]
	at org.apache.jmeter.threads.JMeterThread.processSampler(JMeterThread.java:424) [ApacheJMeter_core.jar:3.3 r1808647]
	at org.apache.jmeter.threads.JMeterThread.run(JMeterThread.java:255) [ApacheJMeter_core.jar:3.3 r1808647]
	at java.lang.Thread.run(Thread.java:745) [?:1.8.0_121]
2017-12-14 11:49:55,594 INFO o.a.j.t.JMeterThread: Thread is done: Thread Group 2-10
2017-12-14 11:49:55,594 INFO o.a.j.t.JMeterThread: Thread finished: Thread Group 2-10
2017-12-14 11:49:55,594 ERROR k.a.j.t.VariableThroughputTimer: Waiting thread was interrupted
java.lang.InterruptedException: null
	at java.lang.Object.wait(Native Method) ~[?:1.8.0_121]
	at kg.apc.jmeter.timers.VariableThroughputTimer.delay(VariableThroughputTimer.java:78) [jmeter-plugins-tst-2.1.jar:?]
	at org.apache.jmeter.threads.JMeterThread.delay(JMeterThread.java:851) [ApacheJMeter_core.jar:3.3 r1808647]
	at org.apache.jmeter.threads.JMeterThread.executeSamplePackage(JMeterThread.java:480) [ApacheJMeter_core.jar:3.3 r1808647]
	at org.apache.jmeter.threads.JMeterThread.processSampler(JMeterThread.java:424) [ApacheJMeter_core.jar:3.3 r1808647]
	at org.apache.jmeter.threads.JMeterThread.run(JMeterThread.java:255) [ApacheJMeter_core.jar:3.3 r1808647]
	at java.lang.Thread.run(Thread.java:745) [?:1.8.0_121]
2017-12-14 11:49:55,595 ERROR k.a.j.t.VariableThroughputTimer: Waiting thread was interrupted
java.lang.InterruptedException: null
	at java.lang.Object.wait(Native Method) ~[?:1.8.0_121]
	at kg.apc.jmeter.timers.VariableThroughputTimer.delay(VariableThroughputTimer.java:78) [jmeter-plugins-tst-2.1.jar:?]
	at org.apache.jmeter.threads.JMeterThread.delay(JMeterThread.java:851) [ApacheJMeter_core.jar:3.3 r1808647]
	at org.apache.jmeter.threads.JMeterThread.executeSamplePackage(JMeterThread.java:480) [ApacheJMeter_core.jar:3.3 r1808647]
	at org.apache.jmeter.threads.JMeterThread.processSampler(JMeterThread.java:424) [ApacheJMeter_core.jar:3.3 r1808647]
	at org.apache.jmeter.threads.JMeterThread.run(JMeterThread.java:255) [ApacheJMeter_core.jar:3.3 r1808647]
	at java.lang.Thread.run(Thread.java:745) [?:1.8.0_121]
2017-12-14 11:49:55,595 ERROR k.a.j.t.VariableThroughputTimer: Waiting thread was interrupted
java.lang.InterruptedException: null
	at java.lang.Object.wait(Native Method) ~[?:1.8.0_121]
	at kg.apc.jmeter.timers.VariableThroughputTimer.delay(VariableThroughputTimer.java:78) [jmeter-plugins-tst-2.1.jar:?]
	at org.apache.jmeter.threads.JMeterThread.delay(JMeterThread.java:851) [ApacheJMeter_core.jar:3.3 r1808647]
	at org.apache.jmeter.threads.JMeterThread.executeSamplePackage(JMeterThread.java:480) [ApacheJMeter_core.jar:3.3 r1808647]
	at org.apache.jmeter.threads.JMeterThread.processSampler(JMeterThread.java:424) [ApacheJMeter_core.jar:3.3 r1808647]
	at org.apache.jmeter.threads.JMeterThread.run(JMeterThread.java:255) [ApacheJMeter_core.jar:3.3 r1808647]
	at java.lang.Thread.run(Thread.java:745) [?:1.8.0_121]
2017-12-14 11:49:55,596 INFO o.a.j.t.JMeterThread: Thread is done: Thread Group 2-31
2017-12-14 11:49:55,596 INFO o.a.j.t.JMeterThread: Thread finished: Thread Group 2-31
2017-12-14 11:49:55,596 INFO o.a.j.t.JMeterThread: Thread is done: Thread Group 2-21
2017-12-14 11:49:55,596 INFO o.a.j.t.JMeterThread: Thread finished: Thread Group 2-21
2017-12-14 11:49:55,596 ERROR k.a.j.t.VariableThroughputTimer: Waiting thread was interrupted
java.lang.InterruptedException: null
	at java.lang.Object.wait(Native Method) ~[?:1.8.0_121]
	at kg.apc.jmeter.timers.VariableThroughputTimer.delay(VariableThroughputTimer.java:78) [jmeter-plugins-tst-2.1.jar:?]
	at org.apache.jmeter.threads.JMeterThread.delay(JMeterThread.java:851) [ApacheJMeter_core.jar:3.3 r1808647]
	at org.apache.jmeter.threads.JMeterThread.executeSamplePackage(JMeterThread.java:480) [ApacheJMeter_core.jar:3.3 r1808647]
	at org.apache.jmeter.threads.JMeterThread.processSampler(JMeterThread.java:424) [ApacheJMeter_core.jar:3.3 r1808647]
	at org.apache.jmeter.threads.JMeterThread.run(JMeterThread.java:255) [ApacheJMeter_core.jar:3.3 r1808647]
	at java.lang.Thread.run(Thread.java:745) [?:1.8.0_121]
2017-12-14 11:49:55,596 ERROR k.a.j.t.VariableThroughputTimer: Waiting thread was interrupted
java.lang.InterruptedException: null
	at java.lang.Object.wait(Native Method) ~[?:1.8.0_121]
	at kg.apc.jmeter.timers.VariableThroughputTimer.delay(VariableThroughputTimer.java:78) [jmeter-plugins-tst-2.1.jar:?]
	at org.apache.jmeter.threads.JMeterThread.delay(JMeterThread.java:851) [ApacheJMeter_core.jar:3.3 r1808647]
	at org.apache.jmeter.threads.JMeterThread.executeSamplePackage(JMeterThread.java:480) [ApacheJMeter_core.jar:3.3 r1808647]
	at org.apache.jmeter.threads.JMeterThread.processSampler(JMeterThread.java:424) [ApacheJMeter_core.jar:3.3 r1808647]
	at org.apache.jmeter.threads.JMeterThread.run(JMeterThread.java:255) [ApacheJMeter_core.jar:3.3 r1808647]
	at java.lang.Thread.run(Thread.java:745) [?:1.8.0_121]
2017-12-14 11:49:55,597 ERROR k.a.j.t.VariableThroughputTimer: Waiting thread was interrupted
java.lang.InterruptedException: null
	at java.lang.Object.wait(Native Method) ~[?:1.8.0_121]
	at kg.apc.jmeter.timers.VariableThroughputTimer.delay(VariableThroughputTimer.java:78) [jmeter-plugins-tst-2.1.jar:?]
	at org.apache.jmeter.threads.JMeterThread.delay(JMeterThread.java:851) [ApacheJMeter_core.jar:3.3 r1808647]
	at org.apache.jmeter.threads.JMeterThread.executeSamplePackage(JMeterThread.java:480) [ApacheJMeter_core.jar:3.3 r1808647]
	at org.apache.jmeter.threads.JMeterThread.processSampler(JMeterThread.java:424) [ApacheJMeter_core.jar:3.3 r1808647]
	at org.apache.jmeter.threads.JMeterThread.run(JMeterThread.java:255) [ApacheJMeter_core.jar:3.3 r1808647]
	at java.lang.Thread.run(Thread.java:745) [?:1.8.0_121]
2017-12-14 11:49:55,767 INFO o.a.j.t.JMeterThread: Thread is done: Thread Group 2-13
2017-12-14 11:49:55,767 INFO o.a.j.t.JMeterThread: Thread finished: Thread Group 2-13
2017-12-14 11:49:55,903 INFO o.a.j.t.JMeterThread: Thread is done: Thread Group 1-6
2017-12-14 11:49:55,903 INFO o.a.j.t.JMeterThread: Thread finished: Thread Group 1-6
2017-12-14 11:49:55,903 INFO o.a.j.e.StandardJMeterEngine: Notifying test listeners of end of test
2017-12-14 11:49:55,904 INFO o.a.j.e.StandardJMeterEngine: Forced JVM shutdown requested at end of test
