[2017-11-08 16:33:57,466 INFO root] Taurus CLI Tool v1.9.6
[2017-11-08 16:33:57,466 DEBUG root] Command-line options: {'verbose': None, 'no_system_configs': None, 'quiet': None, 'log': '/var/folders/vq/xzrdy2lx047cst78f69v8z3xfzqz1q/T/bzt_hnrLby.log', 'option': None, 'aliases': []}
[2017-11-08 16:33:57,466 DEBUG root] Python: CPython 2.7.13
[2017-11-08 16:33:57,466 DEBUG root] OS: ('Darwin', 'daper01mac1124', '16.7.0', 'Darwin Kernel Version 16.7.0: Thu Jun 15 17:36:27 PDT 2017; root:xnu-3789.70.16~2/RELEASE_X86_64', 'x86_64', 'i386')
[2017-11-08 16:33:57,466 INFO root] Starting with configs: ['headless.yml']
[2017-11-08 16:33:57,466 DEBUG root] Using personal config: /Users/daper01/.bzt-rc
[2017-11-08 16:33:57,467 INFO Engine] Configuring...
[2017-11-08 16:33:57,467 DEBUG Engine] Reading extension configs from: /usr/local/etc/bzt.d
[2017-11-08 16:33:57,469 DEBUG Engine.Configuration] Configs: ['/usr/local/lib/python2.7/site-packages/bzt/resources/base-config.yml', '/usr/local/etc/bzt.d/99-installID.yml']
[2017-11-08 16:33:57,569 DEBUG Engine.Configuration] Reading /usr/local/lib/python2.7/site-packages/bzt/resources/base-config.yml as YAML
[2017-11-08 16:33:57,668 DEBUG Engine.Configuration] Reading /usr/local/etc/bzt.d/99-installID.yml as YAML
[2017-11-08 16:33:57,668 DEBUG Engine.Configuration] Configs: ['/Users/daper01/.bzt-rc', 'headless.yml']
[2017-11-08 16:33:57,671 DEBUG Engine.Configuration] Reading /Users/daper01/.bzt-rc as YAML
[2017-11-08 16:33:57,672 DEBUG Engine.Configuration] Reading headless.yml as YAML
[2017-11-08 16:33:57,673 DEBUG Engine.Configuration] Configs: ['/Users/daper01/.bzt-rc', 'headless.yml']
[2017-11-08 16:33:57,674 DEBUG Engine.Configuration] Reading /Users/daper01/.bzt-rc as YAML
[2017-11-08 16:33:57,674 DEBUG Engine.Configuration] Reading headless.yml as YAML
[2017-11-08 16:33:57,691 DEBUG Engine] Requesting updates info: http://gettaurus.org/updates/?version=1.9.6&installID=784f43782a15
[2017-11-08 16:33:57,696 INFO Engine] Artifacts dir: /Users/daper01/Documents/OSLo/Selenium/2017-11-08_16-33-57.691374
[2017-11-08 16:33:57,696 DEBUG Engine] New artifact filename: /Users/daper01/Documents/OSLo/Selenium/2017-11-08_16-33-57.691374/effective
[2017-11-08 16:33:57,698 DEBUG Engine.Configuration] Dumping YAML config into /Users/daper01/Documents/OSLo/Selenium/2017-11-08_16-33-57.691374/effective.yml
[2017-11-08 16:33:57,719 DEBUG Engine.Configuration] Dumping JSON config into /Users/daper01/Documents/OSLo/Selenium/2017-11-08_16-33-57.691374/effective.json
[2017-11-08 16:33:57,720 DEBUG Engine] New artifact filename: /Users/daper01/Documents/OSLo/Selenium/2017-11-08_16-33-57.691374/merged.yml
[2017-11-08 16:33:57,720 DEBUG Engine.Configuration] Dumping YAML config into /Users/daper01/Documents/OSLo/Selenium/2017-11-08_16-33-57.691374/merged.yml
[2017-11-08 16:33:57,722 DEBUG Engine] New artifact filename: /Users/daper01/Documents/OSLo/Selenium/2017-11-08_16-33-57.691374/merged.json
[2017-11-08 16:33:57,722 DEBUG Engine.Configuration] Dumping JSON config into /Users/daper01/Documents/OSLo/Selenium/2017-11-08_16-33-57.691374/merged.json
[2017-11-08 16:33:57,723 DEBUG Engine] Add existing artifact (move=False): headless.yml
[2017-11-08 16:33:57,723 DEBUG Engine] Copying headless.yml to /Users/daper01/Documents/OSLo/Selenium/2017-11-08_16-33-57.691374/headless.yml
[2017-11-08 16:33:57,723 DEBUG root] Closing log handler: /var/folders/vq/xzrdy2lx047cst78f69v8z3xfzqz1q/T/bzt_hnrLby.log
[2017-11-08 16:33:57,839 DEBUG root] Switched writing logs to /Users/daper01/Documents/OSLo/Selenium/2017-11-08_16-33-57.691374/bzt.log
[2017-11-08 16:33:57,840 INFO Engine] Preparing...
[2017-11-08 16:33:57,840 DEBUG Engine] Module config: consolidator defaultdict(None, {'class': 'bzt.modules.aggregator.ConsolidatingAggregator'})
[2017-11-08 16:33:57,840 DEBUG root] Importing module: bzt.modules.aggregator
[2017-11-08 16:33:58,412 DEBUG root] Loading class: 'ConsolidatingAggregator' from <module 'bzt.modules.aggregator' from '/usr/local/lib/python2.7/site-packages/bzt/modules/aggregator.pyc'>
[2017-11-08 16:33:58,412 DEBUG Engine.consolidator] Exception in dehumanize_time(inf)
[2017-11-08 16:33:58,412 DEBUG Engine.consolidator] Buffer scaling setup: percentile 95.0 from [0.0, 50.0, 90.0, 95.0, 99.0, 99.9, 100.0] selected
[2017-11-08 16:33:58,413 DEBUG Engine] Module config: monitoring defaultdict(None, {'class': 'bzt.modules.monitoring.Monitoring'})
[2017-11-08 16:33:58,413 DEBUG root] Importing module: bzt.modules.monitoring
[2017-11-08 16:34:00,440 DEBUG root] Loading class: 'Monitoring' from <module 'bzt.modules.monitoring' from '/usr/local/lib/python2.7/site-packages/bzt/modules/monitoring.pyc'>
[2017-11-08 16:34:00,440 DEBUG Engine] Module config: local defaultdict(None, {'class': 'bzt.modules.provisioning.Local'})
[2017-11-08 16:34:00,440 DEBUG root] Importing module: bzt.modules.provisioning
[2017-11-08 16:34:00,440 DEBUG root] Loading class: 'Local' from <module 'bzt.modules.provisioning' from '/usr/local/lib/python2.7/site-packages/bzt/modules/provisioning.pyc'>
[2017-11-08 16:34:00,440 DEBUG Engine] Module config: selenium defaultdict(None, {'class': 'bzt.modules.selenium.SeleniumExecutor'})
[2017-11-08 16:34:00,440 DEBUG root] Importing module: bzt.modules.selenium
[2017-11-08 16:34:00,441 DEBUG Engine] Taurus updates info: {"latest":"1.10.0","needsUpgrade":true}
[2017-11-08 16:34:01,831 DEBUG easyprocess] version=0.2.3
[2017-11-08 16:34:01,832 WARNING Engine] There is newer version of Taurus 1.10.0 available, consider upgrading. What's new: http://gettaurus.org/docs/Changelog/
[2017-11-08 16:34:02,644 DEBUG pyvirtualdisplay] version=0.2.1
[2017-11-08 16:34:02,807 DEBUG root] Loading class: 'SeleniumExecutor' from <module 'bzt.modules.selenium' from '/usr/local/lib/python2.7/site-packages/bzt/modules/selenium.pyc'>
[2017-11-08 16:34:02,807 DEBUG Engine.local] Preparing executor: selenium/4501830608
[2017-11-08 16:34:02,810 DEBUG Engine.selenium] Extract defaultdict(None, {'script': 'blazedemo_headless.py'}) into scenarios
[2017-11-08 16:34:02,810 DEBUG Engine.selenium] Detected script type: nose
[2017-11-08 16:34:02,810 DEBUG Engine] Module config: nose defaultdict(None, {'class': 'bzt.modules.python.NoseTester'})
[2017-11-08 16:34:02,810 DEBUG root] Importing module: bzt.modules.python
[2017-11-08 16:34:20,913 DEBUG root] Loading class: 'NoseTester' from <module 'bzt.modules.python' from '/usr/local/lib/python2.7/site-packages/bzt/modules/python.pyc'>
[2017-11-08 16:34:20,914 DEBUG Engine.nose.TclLibrary] We don't need to check tcl library on this platform
[2017-11-08 16:34:20,914 DEBUG Engine] New artifact filename: /Users/daper01/Documents/OSLo/Selenium/2017-11-08_16-33-57.691374/NoseTester.ldjson
[2017-11-08 16:34:20,914 DEBUG Engine] Module config: final-stats defaultdict(None, {'class': 'bzt.modules.reporting.FinalStatus'})
[2017-11-08 16:34:20,914 DEBUG root] Importing module: bzt.modules.reporting
[2017-11-08 16:34:21,589 DEBUG root] Loading class: 'FinalStatus' from <module 'bzt.modules.reporting' from '/usr/local/lib/python2.7/site-packages/bzt/modules/reporting.pyc'>
[2017-11-08 16:34:21,589 DEBUG Engine] Module config: console defaultdict(None, {'class': 'bzt.modules.console.ConsoleStatusReporter'})
[2017-11-08 16:34:21,589 DEBUG root] Importing module: bzt.modules.console
[2017-11-08 16:34:21,589 DEBUG root] Loading class: 'ConsoleStatusReporter' from <module 'bzt.modules.console' from '/usr/local/lib/python2.7/site-packages/bzt/modules/console.pyc'>
[2017-11-08 16:34:21,597 DEBUG Engine.Configuration] Dumping YAML config into /Users/daper01/Documents/OSLo/Selenium/2017-11-08_16-33-57.691374/effective.yml
[2017-11-08 16:34:21,621 DEBUG Engine.Configuration] Dumping JSON config into /Users/daper01/Documents/OSLo/Selenium/2017-11-08_16-33-57.691374/effective.json
[2017-11-08 16:34:21,622 INFO Engine] Starting...
[2017-11-08 16:34:21,622 DEBUG Engine] Startup <bzt.modules.monitoring.Monitoring object at 0x10bd90910>
[2017-11-08 16:34:21,622 DEBUG Engine] Startup <bzt.modules.aggregator.ConsolidatingAggregator object at 0x10bd73050>
[2017-11-08 16:34:21,623 DEBUG Engine] Startup <bzt.modules.reporting.FinalStatus object at 0x10d29ecd0>
[2017-11-08 16:34:21,623 DEBUG Engine] Startup <bzt.modules.console.ConsoleStatusReporter object at 0x10d2b48d0>
[2017-11-08 16:34:21,623 INFO Engine.console] Waiting for results...
[2017-11-08 16:34:21,623 DEBUG Engine] Startup <bzt.modules.provisioning.Local object at 0x10bd73550>
[2017-11-08 16:34:21,623 DEBUG Engine.local] Delay setup for selenium/blazedemo_headless.py: 0(start-at) + 0(delay) = 0
[2017-11-08 16:34:21,626 DEBUG Engine.Configuration] Dumping YAML config into /Users/daper01/Documents/OSLo/Selenium/2017-11-08_16-33-57.691374/effective.yml
[2017-11-08 16:34:21,661 DEBUG Engine.Configuration] Dumping JSON config into /Users/daper01/Documents/OSLo/Selenium/2017-11-08_16-33-57.691374/effective.json
[2017-11-08 16:34:21,662 DEBUG root] Leveling down log file verbosity, use -v option to have DEBUG messages enabled
[2017-11-08 16:34:21,881 INFO Engine.console] Waiting for finish...
[2017-11-08 16:35:06,778 INFO LoadSamplesReader] Changed data analysis delay to 17s
[2017-11-08 16:35:34,245 WARNING Engine] Please wait for graceful shutdown...
[2017-11-08 16:35:34,256 DEBUG root] Leveled up log file verbosity
[2017-11-08 16:35:34,256 INFO Engine] Shutting down...
[2017-11-08 16:35:34,264 DEBUG Engine.local] Shutdown selenium/blazedemo_headless.py
[2017-11-08 16:35:34,264 DEBUG Engine.selenium] Selenium tests ran for 72.6020429134 seconds
[2017-11-08 16:35:34,264 DEBUG Engine.console] Restoring logging streams, [<logging.StreamHandler object at 0x10b898690>]/{<logging.StreamHandler object at 0x10b898690>: <open file '<stdout>', mode 'w' at 0x10ad08150>}
[2017-11-08 16:35:34,267 DEBUG Engine.Configuration] Dumping YAML config into /Users/daper01/Documents/OSLo/Selenium/2017-11-08_16-33-57.691374/effective.yml
[2017-11-08 16:35:34,307 DEBUG Engine.Configuration] Dumping JSON config into /Users/daper01/Documents/OSLo/Selenium/2017-11-08_16-33-57.691374/effective.json
[2017-11-08 16:35:34,308 INFO Engine] Post-processing...
[2017-11-08 16:35:34,308 DEBUG Engine.local] Post-process selenium/blazedemo_headless.py
[2017-11-08 16:35:34,308 DEBUG LoadSamplesReader] Buffer len: 3
[2017-11-08 16:35:34,308 DEBUG LoadSamplesReader] Aggregating: 1510187712
[2017-11-08 16:35:34,309 DEBUG LoadSamplesReader] Aggregating: 1510187719
[2017-11-08 16:35:34,310 DEBUG LoadSamplesReader] Aggregating: 1510187726
[2017-11-08 16:35:34,311 DEBUG Engine.consolidator] Consolidator buffer[4]: [1510187712, 1510187705, 1510187726, 1510187719]
[2017-11-08 16:35:34,311 DEBUG Engine.consolidator] Merging into 1510187705
[2017-11-08 16:35:34,311 DEBUG Engine.consolidator] Merging 1510187705
[2017-11-08 16:35:34,317 DEBUG Engine.consolidator] Processed datapoint: 1510187705/None
[2017-11-08 16:35:34,317 DEBUG Engine.consolidator] Merging into 1510187712
[2017-11-08 16:35:34,317 DEBUG Engine.consolidator] Merging 1510187712
[2017-11-08 16:35:34,326 DEBUG Engine.consolidator] Processed datapoint: 1510187712/None
[2017-11-08 16:35:34,326 DEBUG Engine.consolidator] Merging into 1510187719
[2017-11-08 16:35:34,326 DEBUG Engine.consolidator] Merging 1510187719
[2017-11-08 16:35:34,330 DEBUG Engine.consolidator] Processed datapoint: 1510187719/None
[2017-11-08 16:35:34,330 DEBUG Engine.consolidator] Merging into 1510187726
[2017-11-08 16:35:34,331 DEBUG Engine.consolidator] Merging 1510187726
[2017-11-08 16:35:34,334 DEBUG Engine.consolidator] Processed datapoint: 1510187726/None
[2017-11-08 16:35:34,334 INFO Engine.final-stats] Test duration: 0:01:13
[2017-11-08 16:35:34,334 INFO Engine.final-stats] Samples count: 6, 0.00% failures
[2017-11-08 16:35:34,334 INFO Engine.final-stats] Average times: total 7.376, latency 0.000, connect 0.000
[2017-11-08 16:35:34,335 INFO Engine.final-stats] Percentile 0.0%: 6.980
[2017-11-08 16:35:34,335 INFO Engine.final-stats] Percentile 50.0%: 7.181
[2017-11-08 16:35:34,335 INFO Engine.final-stats] Percentile 90.0%: 8.727
[2017-11-08 16:35:34,335 INFO Engine.final-stats] Percentile 95.0%: 8.727
[2017-11-08 16:35:34,335 INFO Engine.final-stats] Percentile 99.0%: 8.727
[2017-11-08 16:35:34,335 INFO Engine.final-stats] Percentile 99.9%: 8.727
[2017-11-08 16:35:34,335 INFO Engine.final-stats] Percentile 100.0%: 8.727
[2017-11-08 16:35:34,335 DEBUG Engine.console] No logger_handler or orig_stream was detected
[2017-11-08 16:35:34,338 DEBUG Engine.Configuration] Dumping YAML config into /Users/daper01/Documents/OSLo/Selenium/2017-11-08_16-33-57.691374/effective.yml
[2017-11-08 16:35:34,381 DEBUG Engine.Configuration] Dumping JSON config into /Users/daper01/Documents/OSLo/Selenium/2017-11-08_16-33-57.691374/effective.json
[2017-11-08 16:35:34,382 INFO root] Artifacts dir: /Users/daper01/Documents/OSLo/Selenium/2017-11-08_16-33-57.691374
[2017-11-08 16:35:34,382 INFO root] Done performing with code: 0
[2017-11-08 16:35:34,383 DEBUG root] Closing log handler: /Users/daper01/Documents/OSLo/Selenium/2017-11-08_16-33-57.691374/bzt.log
