Welcome Page Reached
clicked
Reserve Page Reached
clicked
Purchase Page Reached
test_BlazeDemo,Total:1 Passed:1 Failed:0
Welcome Page Reached
clicked
Reserve Page Reached
clicked
Purchase Page Reached
test_BlazeDemo,Total:2 Passed:2 Failed:0
Welcome Page Reached
clicked
Reserve Page Reached
clicked
Purchase Page Reached
test_BlazeDemo,Total:3 Passed:3 Failed:0
Welcome Page Reached
clicked
Reserve Page Reached
clicked
Purchase Page Reached
test_BlazeDemo,Total:4 Passed:4 Failed:0
Welcome Page Reached
clicked
Reserve Page Reached
clicked
Purchase Page Reached
test_BlazeDemo,Total:5 Passed:5 Failed:0
Welcome Page Reached
clicked
Reserve Page Reached
clicked
Purchase Page Reached
test_BlazeDemo,Total:6 Passed:6 Failed:0
