[2017-10-16 12:00:48,447 INFO root] Taurus CLI Tool v1.9.5
[2017-10-16 12:00:48,447 DEBUG root] Command-line options: {'verbose': None, 'no_system_configs': None, 'quiet': None, 'log': '/var/folders/vq/xzrdy2lx047cst78f69v8z3xfzqz1q/T/bzt_Ju88eV.log', 'option': None, 'aliases': []}
[2017-10-16 12:00:48,447 DEBUG root] Python: CPython 2.7.13
[2017-10-16 12:00:48,447 DEBUG root] OS: ('Darwin', 'daper01mac1124', '16.7.0', 'Darwin Kernel Version 16.7.0: Thu Jun 15 17:36:27 PDT 2017; root:xnu-3789.70.16~2/RELEASE_X86_64', 'x86_64', 'i386')
[2017-10-16 12:00:48,448 INFO root] Starting with configs: ['gatling_sample.yml']
[2017-10-16 12:00:48,448 DEBUG root] Using personal config: /Users/daper01/.bzt-rc
[2017-10-16 12:00:48,448 INFO Engine] Configuring...
[2017-10-16 12:00:48,448 DEBUG Engine] Reading extension configs from: /usr/local/etc/bzt.d
[2017-10-16 12:00:48,449 DEBUG Engine.Configuration] Configs: ['/usr/local/lib/python2.7/site-packages/bzt/resources/base-config.yml', '/usr/local/etc/bzt.d/99-installID.yml']
[2017-10-16 12:00:48,492 DEBUG Engine.Configuration] Reading /usr/local/lib/python2.7/site-packages/bzt/resources/base-config.yml as YAML
[2017-10-16 12:00:48,565 DEBUG Engine.Configuration] Reading /usr/local/etc/bzt.d/99-installID.yml as YAML
[2017-10-16 12:00:48,566 DEBUG Engine.Configuration] Configs: ['/Users/daper01/.bzt-rc', 'gatling_sample.yml']
[2017-10-16 12:00:48,568 DEBUG Engine.Configuration] Reading /Users/daper01/.bzt-rc as YAML
[2017-10-16 12:00:48,569 DEBUG Engine.Configuration] Reading gatling_sample.yml as YAML
[2017-10-16 12:00:48,571 DEBUG Engine.Configuration] Configs: ['/Users/daper01/.bzt-rc', 'gatling_sample.yml']
[2017-10-16 12:00:48,571 DEBUG Engine.Configuration] Reading /Users/daper01/.bzt-rc as YAML
[2017-10-16 12:00:48,572 DEBUG Engine.Configuration] Reading gatling_sample.yml as YAML
[2017-10-16 12:00:48,585 DEBUG Engine] Requesting updates info: http://gettaurus.org/updates/?version=1.9.5&installID=784f43782a15
[2017-10-16 12:00:48,591 INFO Engine] Artifacts dir: /Users/daper01/Documents/OSLo/Gatling/2017-10-16_12-00-48.586016
[2017-10-16 12:00:48,592 DEBUG Engine] New artifact filename: /Users/daper01/Documents/OSLo/Gatling/2017-10-16_12-00-48.586016/effective
[2017-10-16 12:00:48,594 DEBUG Engine.Configuration] Dumping YAML config into /Users/daper01/Documents/OSLo/Gatling/2017-10-16_12-00-48.586016/effective.yml
[2017-10-16 12:00:48,666 DEBUG Engine.Configuration] Dumping JSON config into /Users/daper01/Documents/OSLo/Gatling/2017-10-16_12-00-48.586016/effective.json
[2017-10-16 12:00:48,698 DEBUG Engine] New artifact filename: /Users/daper01/Documents/OSLo/Gatling/2017-10-16_12-00-48.586016/merged.yml
[2017-10-16 12:00:48,699 DEBUG Engine.Configuration] Dumping YAML config into /Users/daper01/Documents/OSLo/Gatling/2017-10-16_12-00-48.586016/merged.yml
[2017-10-16 12:00:48,736 DEBUG Engine] New artifact filename: /Users/daper01/Documents/OSLo/Gatling/2017-10-16_12-00-48.586016/merged.json
[2017-10-16 12:00:48,737 DEBUG Engine.Configuration] Dumping JSON config into /Users/daper01/Documents/OSLo/Gatling/2017-10-16_12-00-48.586016/merged.json
[2017-10-16 12:00:48,772 DEBUG Engine] Add existing artifact (move=False): gatling_sample.yml
[2017-10-16 12:00:48,772 DEBUG Engine] Copying gatling_sample.yml to /Users/daper01/Documents/OSLo/Gatling/2017-10-16_12-00-48.586016/gatling_sample.yml
[2017-10-16 12:00:48,921 DEBUG root] Closing log handler: /var/folders/vq/xzrdy2lx047cst78f69v8z3xfzqz1q/T/bzt_Ju88eV.log
[2017-10-16 12:00:49,046 DEBUG root] Switched writing logs to /Users/daper01/Documents/OSLo/Gatling/2017-10-16_12-00-48.586016/bzt.log
[2017-10-16 12:00:49,046 INFO Engine] Preparing...
[2017-10-16 12:00:49,047 DEBUG Engine] Module config: consolidator defaultdict(None, {'class': 'bzt.modules.aggregator.ConsolidatingAggregator'})
[2017-10-16 12:00:49,047 DEBUG root] Importing module: bzt.modules.aggregator
[2017-10-16 12:00:49,250 DEBUG root] Loading class: 'ConsolidatingAggregator' from <module 'bzt.modules.aggregator' from '/usr/local/lib/python2.7/site-packages/bzt/modules/aggregator.pyc'>
[2017-10-16 12:00:49,250 DEBUG Engine.consolidator] Exception in dehumanize_time(inf)
[2017-10-16 12:00:49,250 DEBUG Engine.consolidator] Buffer scaling setup: percentile 95.0 from [0.0, 50.0, 90.0, 95.0, 99.0, 99.9, 100.0] selected
[2017-10-16 12:00:49,250 DEBUG Engine] Module config: monitoring defaultdict(None, {'class': 'bzt.modules.monitoring.Monitoring'})
[2017-10-16 12:00:49,250 DEBUG root] Importing module: bzt.modules.monitoring
[2017-10-16 12:00:50,268 DEBUG root] Loading class: 'Monitoring' from <module 'bzt.modules.monitoring' from '/usr/local/lib/python2.7/site-packages/bzt/modules/monitoring.pyc'>
[2017-10-16 12:00:50,269 DEBUG Engine] Taurus updates info: {"latest":"1.9.6","needsUpgrade":true}
[2017-10-16 12:00:50,269 DEBUG Engine] Module config: local defaultdict(None, {'class': 'bzt.modules.provisioning.Local'})
[2017-10-16 12:00:50,269 WARNING Engine] There is newer version of Taurus 1.9.6 available, consider upgrading. What's new: http://gettaurus.org/docs/Changelog/
[2017-10-16 12:00:50,269 DEBUG root] Importing module: bzt.modules.provisioning
[2017-10-16 12:00:50,270 DEBUG root] Loading class: 'Local' from <module 'bzt.modules.provisioning' from '/usr/local/lib/python2.7/site-packages/bzt/modules/provisioning.pyc'>
[2017-10-16 12:00:50,270 DEBUG Engine] Module config: gatling defaultdict(None, {'version': '2.2.4', 'class': 'bzt.modules.gatling.GatlingExecutor', 'properties': defaultdict(None, {'gatling.data.file.bufferSize': 256})})
[2017-10-16 12:00:50,270 DEBUG root] Importing module: bzt.modules.gatling
[2017-10-16 12:00:50,349 DEBUG root] Loading class: 'GatlingExecutor' from <module 'bzt.modules.gatling' from '/usr/local/lib/python2.7/site-packages/bzt/modules/gatling.pyc'>
[2017-10-16 12:00:50,349 DEBUG Engine.local] Preparing executor: gatling/4544629136
[2017-10-16 12:00:50,349 DEBUG Engine.gatling.TclLibrary] We don't need to check tcl library on this platform
[2017-10-16 12:00:50,349 DEBUG Engine.gatling.JavaVM] Trying JavaVM: ['java', '-version']
[2017-10-16 12:00:51,059 DEBUG Engine.gatling.JavaVM] JavaVM output: java version "1.8.0_121"
Java(TM) SE Runtime Environment (build 1.8.0_121-b13)
Java HotSpot(TM) 64-Bit Server VM (build 25.121-b13, mixed mode)

[2017-10-16 12:00:51,060 DEBUG Engine.gatling.Gatling] Trying Gatling: /Users/daper01/.bzt/gatling-taurus/bin/gatling.sh
[2017-10-16 12:00:51,060 DEBUG bzt.utils] Executing shell: ['/Users/daper01/.bzt/gatling-taurus/bin/gatling.sh', '--help']
[2017-10-16 12:00:52,987 DEBUG Engine.gatling.Gatling] Gatling check is successful: ("GATLING_HOME is set to /Users/daper01/.bzt/gatling-taurus\nUsage: compiler [options]\n\n  -h | --help\n        \n  -sf <value> | --simulations-folder <value>\n        \n  -ccp <value> | --compilerClasspath <value>\n        \nUsage: gatling [options]\n\n  -h | --help\n        Show help (this message) and exit\n  -nr | --no-reports\n        Runs simulation but does not generate reports\n  -m | --mute\n        Runs in mute mode: don't asks for run description nor simulation ID, use defaults\n  -ro <directoryName> | --reports-only <directoryName>\n        Generates the reports for the simulation in <directoryName>\n  -df <directoryPath> | --data-folder <directoryPath>\n        Uses <directoryPath> as the absolute path of the directory where feeders are stored\n  -rf <directoryPath> | --results-folder <directoryPath>\n        Uses <directoryPath> as the absolute path of the directory where results are stored\n  -bdf <directoryPath> | --bodies-folder <directoryPath>\n        Uses <directoryPath> as the absolute path of the directory where bodies are stored\n  -sf <directoryPath> | --simulations-folder <directoryPath>\n        Uses <directoryPath> to discover simulations that could be run\n  -bf <directoryPath> | --binaries-folder <directoryPath>\n        Uses <directoryPath> as the absolute path of the directory where Gatling should produce compiled binaries\n  -s <className> | --simulation <className>\n        Runs <className> simulation\n  -on <name> | --output-name <name>\n        Use <name> for the base name of the output directory\n  -rd <description> | --run-description <description>\n        A short <description> of the run to include in the report\n", None)
[2017-10-16 12:00:52,988 DEBUG Engine.gatling] Extract defaultdict(None, {'keepalive': True, 'simulation': 'BlazeDemo', 'script': './BlazeDemo.scala'}) into scenarios
[2017-10-16 12:00:52,988 DEBUG Engine.gatling] JAR files list for Gatling: []
[2017-10-16 12:00:52,988 DEBUG Engine.gatling] Will not build Gatling launcher
[2017-10-16 12:00:52,988 DEBUG Engine] Module config: final-stats defaultdict(None, {'class': 'bzt.modules.reporting.FinalStatus'})
[2017-10-16 12:00:52,988 DEBUG root] Importing module: bzt.modules.reporting
[2017-10-16 12:01:00,193 DEBUG easyprocess] version=0.2.3
[2017-10-16 12:01:00,513 DEBUG pyvirtualdisplay] version=0.2.1
[2017-10-16 12:01:00,580 DEBUG root] Loading class: 'FinalStatus' from <module 'bzt.modules.reporting' from '/usr/local/lib/python2.7/site-packages/bzt/modules/reporting.pyc'>
[2017-10-16 12:01:00,580 DEBUG Engine] Module config: console defaultdict(None, {'class': 'bzt.modules.console.ConsoleStatusReporter'})
[2017-10-16 12:01:00,580 DEBUG root] Importing module: bzt.modules.console
[2017-10-16 12:01:00,580 DEBUG root] Loading class: 'ConsoleStatusReporter' from <module 'bzt.modules.console' from '/usr/local/lib/python2.7/site-packages/bzt/modules/console.pyc'>
[2017-10-16 12:01:00,588 DEBUG Engine.Configuration] Dumping YAML config into /Users/daper01/Documents/OSLo/Gatling/2017-10-16_12-00-48.586016/effective.yml
[2017-10-16 12:01:00,647 DEBUG Engine.Configuration] Dumping JSON config into /Users/daper01/Documents/OSLo/Gatling/2017-10-16_12-00-48.586016/effective.json
[2017-10-16 12:01:00,681 INFO Engine] Starting...
[2017-10-16 12:01:00,681 DEBUG Engine] Startup <bzt.modules.monitoring.Monitoring object at 0x10e2280d0>
[2017-10-16 12:01:00,681 DEBUG Engine] Startup <bzt.modules.aggregator.ConsolidatingAggregator object at 0x10e228190>
[2017-10-16 12:01:00,681 DEBUG Engine] Startup <bzt.modules.reporting.FinalStatus object at 0x10ee18e90>
[2017-10-16 12:01:00,681 DEBUG Engine] Startup <bzt.modules.console.ConsoleStatusReporter object at 0x10ee2da90>
[2017-10-16 12:01:00,681 INFO Engine.console] Waiting for results...
[2017-10-16 12:01:00,682 DEBUG Engine] Startup <bzt.modules.provisioning.Local object at 0x10e228410>
[2017-10-16 12:01:00,682 DEBUG Engine.local] Delay setup for gatling/BlazeDemo.scala: 0(start-at) + 0(delay) = 0
[2017-10-16 12:01:00,683 DEBUG Engine.Configuration] Dumping YAML config into /Users/daper01/Documents/OSLo/Gatling/2017-10-16_12-00-48.586016/effective.yml
[2017-10-16 12:01:00,741 DEBUG Engine.Configuration] Dumping JSON config into /Users/daper01/Documents/OSLo/Gatling/2017-10-16_12-00-48.586016/effective.json
[2017-10-16 12:01:00,791 DEBUG root] Leveling down log file verbosity, use -v option to have DEBUG messages enabled
[2017-10-16 12:01:01,093 INFO Engine.console] Waiting for finish...
[2017-10-16 12:01:21,858 INFO Engine.gatling.DataLogReader] Changed data analysis delay to 3s
[2017-10-16 12:01:25,869 INFO Engine.gatling.DataLogReader] Changed data analysis delay to 2s
[2017-10-16 12:01:32,893 INFO Engine.gatling.DataLogReader] Changed data analysis delay to 3s
[2017-10-16 12:01:37,910 INFO Engine.gatling.DataLogReader] Changed data analysis delay to 2s
[2017-10-16 12:01:59,959 INFO Engine.gatling.DataLogReader] Changed data analysis delay to 3s
[2017-10-16 12:02:01,963 INFO Engine.gatling.DataLogReader] Changed data analysis delay to 2s
[2017-10-16 12:02:02,965 INFO Engine.gatling.DataLogReader] Changed data analysis delay to 3s
[2017-10-16 12:02:14,003 INFO Engine.gatling.DataLogReader] Changed data analysis delay to 2s
[2017-10-16 12:02:15,004 INFO Engine.gatling.DataLogReader] Changed data analysis delay to 3s
[2017-10-16 12:02:17,010 INFO Engine.gatling.DataLogReader] Changed data analysis delay to 6s
[2017-10-16 12:02:22,015 INFO Engine.gatling.DataLogReader] Changed data analysis delay to 9s
[2017-10-16 12:02:26,020 INFO Engine.gatling.DataLogReader] Changed data analysis delay to 10s
[2017-10-16 12:02:28,027 INFO Engine.gatling.DataLogReader] Changed data analysis delay to 11s
[2017-10-16 12:02:30,033 INFO Engine.gatling.DataLogReader] Changed data analysis delay to 12s
[2017-10-16 12:02:33,038 INFO Engine.gatling.DataLogReader] Changed data analysis delay to 13s
[2017-10-16 12:02:35,043 INFO Engine.gatling.DataLogReader] Changed data analysis delay to 15s
[2017-10-16 12:02:38,054 INFO Engine.gatling.DataLogReader] Changed data analysis delay to 17s
[2017-10-16 12:02:42,063 INFO Engine.gatling.DataLogReader] Changed data analysis delay to 23s
[2017-10-16 12:02:49,080 INFO Engine.gatling.DataLogReader] Changed data analysis delay to 24s
[2017-10-16 12:02:51,090 INFO Engine.gatling.DataLogReader] Changed data analysis delay to 25s
[2017-10-16 12:02:54,096 INFO Engine.gatling.DataLogReader] Changed data analysis delay to 27s
[2017-10-16 12:02:57,107 INFO Engine.gatling.DataLogReader] Changed data analysis delay to 30s
[2017-10-16 12:03:01,116 INFO Engine.gatling.DataLogReader] Changed data analysis delay to 31s
[2017-10-16 12:03:02,116 INFO Engine.gatling.DataLogReader] Changed data analysis delay to 32s
[2017-10-16 12:03:05,123 INFO Engine.gatling.DataLogReader] Changed data analysis delay to 36s
[2017-10-16 12:03:11,139 INFO Engine.gatling.DataLogReader] Changed data analysis delay to 40s
[2017-10-16 12:03:16,155 INFO Engine.gatling.DataLogReader] Changed data analysis delay to 42s
[2017-10-16 12:03:19,159 INFO Engine.gatling.DataLogReader] Changed data analysis delay to 43s
[2017-10-16 12:03:21,165 INFO Engine.gatling.DataLogReader] Changed data analysis delay to 45s
[2017-10-16 12:03:24,172 INFO Engine.gatling.DataLogReader] Changed data analysis delay to 48s
[2017-10-16 12:03:28,190 INFO Engine.gatling.DataLogReader] Changed data analysis delay to 50s
[2017-10-16 12:03:32,197 INFO Engine.gatling.DataLogReader] Changed data analysis delay to 53s
[2017-10-16 12:03:36,210 INFO Engine.gatling.DataLogReader] Changed data analysis delay to 54s
[2017-10-16 12:03:38,216 INFO Engine.gatling.DataLogReader] Changed data analysis delay to 56s
[2017-10-16 12:03:41,223 INFO Engine.gatling.DataLogReader] Changed data analysis delay to 58s
[2017-10-16 12:03:44,229 INFO Engine.gatling.DataLogReader] Changed data analysis delay to 60s
[2017-10-16 12:03:48,242 INFO Engine.gatling.DataLogReader] Changed data analysis delay to 62s
[2017-10-16 12:03:52,248 INFO Engine.gatling.DataLogReader] Changed data analysis delay to 65s
[2017-10-16 12:03:56,257 INFO Engine.gatling.DataLogReader] Changed data analysis delay to 68s
[2017-10-16 12:04:00,269 INFO Engine.gatling.DataLogReader] Changed data analysis delay to 70s
[2017-10-16 12:04:03,273 INFO Engine.gatling.DataLogReader] Changed data analysis delay to 71s
[2017-10-16 12:04:05,277 INFO Engine.gatling.DataLogReader] Changed data analysis delay to 72s
[2017-10-16 12:04:08,279 INFO Engine.gatling.DataLogReader] Changed data analysis delay to 73s
[2017-10-16 12:04:12,294 INFO Engine.gatling.DataLogReader] Changed data analysis delay to 74s
[2017-10-16 12:04:14,300 INFO Engine.gatling.DataLogReader] Changed data analysis delay to 75s
[2017-10-16 12:04:16,306 INFO Engine.gatling.DataLogReader] Changed data analysis delay to 76s
[2017-10-16 12:04:24,318 INFO Engine.gatling.DataLogReader] Changed data analysis delay to 78s
[2017-10-16 12:04:29,325 INFO Engine.gatling.DataLogReader] Changed data analysis delay to 82s
[2017-10-16 12:04:35,335 INFO Engine.gatling.DataLogReader] Changed data analysis delay to 98s
[2017-10-16 12:04:51,477 WARNING Engine] Please wait for graceful shutdown...
[2017-10-16 12:04:51,484 DEBUG root] Leveled up log file verbosity
[2017-10-16 12:04:51,484 INFO Engine] Shutting down...
[2017-10-16 12:04:51,492 DEBUG Engine.local] Shutdown gatling/BlazeDemo.scala
[2017-10-16 12:04:51,492 DEBUG Engine.gatling] Gatling worked for 230.700936079 seconds
[2017-10-16 12:04:51,493 DEBUG Engine.console] Restoring logging streams, [<logging.StreamHandler object at 0x10d7812d0>]/{<logging.StreamHandler object at 0x10d7812d0>: <open file '<stdout>', mode 'w' at 0x10cbec150>}
[2017-10-16 12:04:51,496 DEBUG Engine.Configuration] Dumping YAML config into /Users/daper01/Documents/OSLo/Gatling/2017-10-16_12-00-48.586016/effective.yml
[2017-10-16 12:04:51,549 DEBUG Engine.Configuration] Dumping JSON config into /Users/daper01/Documents/OSLo/Gatling/2017-10-16_12-00-48.586016/effective.json
[2017-10-16 12:04:51,584 INFO Engine] Post-processing...
[2017-10-16 12:04:51,584 DEBUG Engine.local] Post-process gatling/BlazeDemo.scala
[2017-10-16 12:04:51,584 DEBUG Engine] Add existing artifact (move=False): /Users/daper01/Documents/OSLo/Gatling/2017-10-16_12-00-48.586016/gatling-4544629136-1508169669083/simulation.log
[2017-10-16 12:04:51,584 DEBUG Engine] Copying /Users/daper01/Documents/OSLo/Gatling/2017-10-16_12-00-48.586016/gatling-4544629136-1508169669083/simulation.log to /Users/daper01/Documents/OSLo/Gatling/2017-10-16_12-00-48.586016/simulation.log
[2017-10-16 12:04:51,619 DEBUG Engine.gatling.DataLogReader] Reading gatling results
[2017-10-16 12:04:51,620 DEBUG Engine.gatling.DataLogReader] Buffer len: 88
[2017-10-16 12:04:51,620 DEBUG Engine.gatling.DataLogReader] Aggregating: 1508169792
[2017-10-16 12:04:51,627 DEBUG Engine.gatling.DataLogReader] Aggregating: 1508169793
[2017-10-16 12:04:51,633 DEBUG Engine.gatling.DataLogReader] Aggregating: 1508169794
[2017-10-16 12:04:51,634 DEBUG root] Compacting 1007 response timing into 1000
[2017-10-16 12:04:51,636 DEBUG root] Compacting 1007 response timing into 1000
[2017-10-16 12:04:51,645 DEBUG Engine.gatling.DataLogReader] Aggregating: 1508169795
[2017-10-16 12:04:51,646 DEBUG root] Compacting 1046 response timing into 1000
[2017-10-16 12:04:51,656 DEBUG root] Compacting 1046 response timing into 1000
[2017-10-16 12:04:51,670 DEBUG Engine.gatling.DataLogReader] Aggregating: 1508169796
[2017-10-16 12:04:51,673 DEBUG root] Compacting 1062 response timing into 1000
[2017-10-16 12:04:51,679 DEBUG root] Compacting 1062 response timing into 1000
[2017-10-16 12:04:51,694 DEBUG Engine.gatling.DataLogReader] Aggregating: 1508169797
[2017-10-16 12:04:51,696 DEBUG root] Compacting 1061 response timing into 1000
[2017-10-16 12:04:51,699 DEBUG root] Compacting 1061 response timing into 1000
[2017-10-16 12:04:51,708 DEBUG Engine.gatling.DataLogReader] Aggregating: 1508169798
[2017-10-16 12:04:51,709 DEBUG root] Compacting 1063 response timing into 1000
[2017-10-16 12:04:51,714 DEBUG root] Compacting 1063 response timing into 1000
[2017-10-16 12:04:51,723 DEBUG Engine.gatling.DataLogReader] Aggregating: 1508169799
[2017-10-16 12:04:51,725 DEBUG root] Compacting 1069 response timing into 1000
[2017-10-16 12:04:51,728 DEBUG root] Compacting 1069 response timing into 1000
[2017-10-16 12:04:51,737 DEBUG Engine.gatling.DataLogReader] Aggregating: 1508169800
[2017-10-16 12:04:51,739 DEBUG root] Compacting 1044 response timing into 1000
[2017-10-16 12:04:51,741 DEBUG root] Compacting 1044 response timing into 1000
[2017-10-16 12:04:51,749 DEBUG Engine.gatling.DataLogReader] Aggregating: 1508169801
[2017-10-16 12:04:51,750 DEBUG root] Compacting 1060 response timing into 1000
[2017-10-16 12:04:51,753 DEBUG root] Compacting 1060 response timing into 1000
[2017-10-16 12:04:51,760 DEBUG Engine.gatling.DataLogReader] Aggregating: 1508169802
[2017-10-16 12:04:51,761 DEBUG root] Compacting 1054 response timing into 1000
[2017-10-16 12:04:51,764 DEBUG root] Compacting 1054 response timing into 1000
[2017-10-16 12:04:51,771 DEBUG Engine.gatling.DataLogReader] Aggregating: 1508169803
[2017-10-16 12:04:51,773 DEBUG root] Compacting 1085 response timing into 1000
[2017-10-16 12:04:51,779 DEBUG root] Compacting 1085 response timing into 1000
[2017-10-16 12:04:51,789 DEBUG Engine.gatling.DataLogReader] Aggregating: 1508169804
[2017-10-16 12:04:51,790 DEBUG root] Compacting 1049 response timing into 1000
[2017-10-16 12:04:51,793 DEBUG root] Compacting 1049 response timing into 1000
[2017-10-16 12:04:51,801 DEBUG Engine.gatling.DataLogReader] Aggregating: 1508169805
[2017-10-16 12:04:51,802 DEBUG root] Compacting 1066 response timing into 1000
[2017-10-16 12:04:51,805 DEBUG root] Compacting 1066 response timing into 1000
[2017-10-16 12:04:51,816 DEBUG Engine.gatling.DataLogReader] Aggregating: 1508169806
[2017-10-16 12:04:51,818 DEBUG root] Compacting 1075 response timing into 1000
[2017-10-16 12:04:51,821 DEBUG root] Compacting 1075 response timing into 1000
[2017-10-16 12:04:51,832 DEBUG Engine.gatling.DataLogReader] Aggregating: 1508169807
[2017-10-16 12:04:51,834 DEBUG root] Compacting 1079 response timing into 1000
[2017-10-16 12:04:51,839 DEBUG root] Compacting 1079 response timing into 1000
[2017-10-16 12:04:51,848 DEBUG Engine.gatling.DataLogReader] Aggregating: 1508169808
[2017-10-16 12:04:51,850 DEBUG root] Compacting 1094 response timing into 1000
[2017-10-16 12:04:51,854 DEBUG root] Compacting 1094 response timing into 1000
[2017-10-16 12:04:51,863 DEBUG Engine.gatling.DataLogReader] Aggregating: 1508169809
[2017-10-16 12:04:51,864 DEBUG root] Compacting 1080 response timing into 1000
[2017-10-16 12:04:51,868 DEBUG root] Compacting 1080 response timing into 1000
[2017-10-16 12:04:51,875 DEBUG Engine.gatling.DataLogReader] Aggregating: 1508169810
[2017-10-16 12:04:51,877 DEBUG root] Compacting 1101 response timing into 1000
[2017-10-16 12:04:51,880 DEBUG root] Compacting 1101 response timing into 1000
[2017-10-16 12:04:51,887 DEBUG Engine.gatling.DataLogReader] Aggregating: 1508169811
[2017-10-16 12:04:51,888 DEBUG root] Compacting 1067 response timing into 1000
[2017-10-16 12:04:51,892 DEBUG root] Compacting 1067 response timing into 1000
[2017-10-16 12:04:51,899 DEBUG Engine.gatling.DataLogReader] Aggregating: 1508169812
[2017-10-16 12:04:51,900 DEBUG root] Compacting 1075 response timing into 1000
[2017-10-16 12:04:51,904 DEBUG root] Compacting 1075 response timing into 1000
[2017-10-16 12:04:51,912 DEBUG Engine.gatling.DataLogReader] Aggregating: 1508169813
[2017-10-16 12:04:51,913 DEBUG root] Compacting 1093 response timing into 1000
[2017-10-16 12:04:51,917 DEBUG root] Compacting 1093 response timing into 1000
[2017-10-16 12:04:51,925 DEBUG Engine.gatling.DataLogReader] Aggregating: 1508169814
[2017-10-16 12:04:51,926 DEBUG root] Compacting 1097 response timing into 1000
[2017-10-16 12:04:51,931 DEBUG root] Compacting 1097 response timing into 1000
[2017-10-16 12:04:51,941 DEBUG Engine.gatling.DataLogReader] Aggregating: 1508169815
[2017-10-16 12:04:51,945 DEBUG root] Compacting 1086 response timing into 1000
[2017-10-16 12:04:51,951 DEBUG root] Compacting 1086 response timing into 1000
[2017-10-16 12:04:51,961 DEBUG Engine.gatling.DataLogReader] Aggregating: 1508169816
[2017-10-16 12:04:51,962 DEBUG root] Compacting 1056 response timing into 1000
[2017-10-16 12:04:51,966 DEBUG root] Compacting 1056 response timing into 1000
[2017-10-16 12:04:51,977 DEBUG Engine.gatling.DataLogReader] Aggregating: 1508169817
[2017-10-16 12:04:51,978 DEBUG root] Compacting 1083 response timing into 1000
[2017-10-16 12:04:51,982 DEBUG root] Compacting 1083 response timing into 1000
[2017-10-16 12:04:51,990 DEBUG Engine.gatling.DataLogReader] Aggregating: 1508169818
[2017-10-16 12:04:51,991 DEBUG root] Compacting 1073 response timing into 1000
[2017-10-16 12:04:51,994 DEBUG root] Compacting 1073 response timing into 1000
[2017-10-16 12:04:52,002 DEBUG Engine.gatling.DataLogReader] Aggregating: 1508169819
[2017-10-16 12:04:52,003 DEBUG root] Compacting 1093 response timing into 1000
[2017-10-16 12:04:52,008 DEBUG root] Compacting 1093 response timing into 1000
[2017-10-16 12:04:52,018 DEBUG Engine.gatling.DataLogReader] Aggregating: 1508169820
[2017-10-16 12:04:52,019 DEBUG root] Compacting 1089 response timing into 1000
[2017-10-16 12:04:52,023 DEBUG root] Compacting 1089 response timing into 1000
[2017-10-16 12:04:52,031 DEBUG Engine.gatling.DataLogReader] Aggregating: 1508169821
[2017-10-16 12:04:52,032 DEBUG root] Compacting 1060 response timing into 1000
[2017-10-16 12:04:52,036 DEBUG root] Compacting 1060 response timing into 1000
[2017-10-16 12:04:52,044 DEBUG Engine.gatling.DataLogReader] Aggregating: 1508169822
[2017-10-16 12:04:52,045 DEBUG root] Compacting 1069 response timing into 1000
[2017-10-16 12:04:52,048 DEBUG root] Compacting 1069 response timing into 1000
[2017-10-16 12:04:52,056 DEBUG Engine.gatling.DataLogReader] Aggregating: 1508169823
[2017-10-16 12:04:52,058 DEBUG root] Compacting 1091 response timing into 1000
[2017-10-16 12:04:52,061 DEBUG root] Compacting 1091 response timing into 1000
[2017-10-16 12:04:52,070 DEBUG Engine.gatling.DataLogReader] Aggregating: 1508169824
[2017-10-16 12:04:52,071 DEBUG root] Compacting 1072 response timing into 1000
[2017-10-16 12:04:52,074 DEBUG root] Compacting 1072 response timing into 1000
[2017-10-16 12:04:52,081 DEBUG Engine.gatling.DataLogReader] Aggregating: 1508169825
[2017-10-16 12:04:52,083 DEBUG root] Compacting 1079 response timing into 1000
[2017-10-16 12:04:52,086 DEBUG root] Compacting 1079 response timing into 1000
[2017-10-16 12:04:52,094 DEBUG Engine.gatling.DataLogReader] Aggregating: 1508169826
[2017-10-16 12:04:52,095 DEBUG root] Compacting 1072 response timing into 1000
[2017-10-16 12:04:52,099 DEBUG root] Compacting 1072 response timing into 1000
[2017-10-16 12:04:52,108 DEBUG Engine.gatling.DataLogReader] Aggregating: 1508169827
[2017-10-16 12:04:52,109 DEBUG root] Compacting 1070 response timing into 1000
[2017-10-16 12:04:52,113 DEBUG root] Compacting 1070 response timing into 1000
[2017-10-16 12:04:52,121 DEBUG Engine.gatling.DataLogReader] Aggregating: 1508169828
[2017-10-16 12:04:52,123 DEBUG root] Compacting 1075 response timing into 1000
[2017-10-16 12:04:52,127 DEBUG root] Compacting 1075 response timing into 1000
[2017-10-16 12:04:52,135 DEBUG Engine.gatling.DataLogReader] Aggregating: 1508169829
[2017-10-16 12:04:52,137 DEBUG root] Compacting 1066 response timing into 1000
[2017-10-16 12:04:52,141 DEBUG root] Compacting 1066 response timing into 1000
[2017-10-16 12:04:52,150 DEBUG Engine.gatling.DataLogReader] Aggregating: 1508169830
[2017-10-16 12:04:52,151 DEBUG root] Compacting 1093 response timing into 1000
[2017-10-16 12:04:52,155 DEBUG root] Compacting 1093 response timing into 1000
[2017-10-16 12:04:52,164 DEBUG Engine.gatling.DataLogReader] Aggregating: 1508169831
[2017-10-16 12:04:52,165 DEBUG root] Compacting 1054 response timing into 1000
[2017-10-16 12:04:52,169 DEBUG root] Compacting 1054 response timing into 1000
[2017-10-16 12:04:52,177 DEBUG Engine.gatling.DataLogReader] Aggregating: 1508169832
[2017-10-16 12:04:52,178 DEBUG root] Compacting 1082 response timing into 1000
[2017-10-16 12:04:52,181 DEBUG root] Compacting 1082 response timing into 1000
[2017-10-16 12:04:52,194 DEBUG Engine.gatling.DataLogReader] Aggregating: 1508169833
[2017-10-16 12:04:52,195 DEBUG root] Compacting 1079 response timing into 1000
[2017-10-16 12:04:52,199 DEBUG root] Compacting 1079 response timing into 1000
[2017-10-16 12:04:52,211 DEBUG Engine.gatling.DataLogReader] Aggregating: 1508169834
[2017-10-16 12:04:52,213 DEBUG root] Compacting 1073 response timing into 1000
[2017-10-16 12:04:52,217 DEBUG root] Compacting 1073 response timing into 1000
[2017-10-16 12:04:52,226 DEBUG Engine.gatling.DataLogReader] Aggregating: 1508169835
[2017-10-16 12:04:52,227 DEBUG root] Compacting 1075 response timing into 1000
[2017-10-16 12:04:52,231 DEBUG root] Compacting 1075 response timing into 1000
[2017-10-16 12:04:52,242 DEBUG Engine.gatling.DataLogReader] Aggregating: 1508169836
[2017-10-16 12:04:52,244 DEBUG root] Compacting 1086 response timing into 1000
[2017-10-16 12:04:52,247 DEBUG root] Compacting 1086 response timing into 1000
[2017-10-16 12:04:52,256 DEBUG Engine.gatling.DataLogReader] Aggregating: 1508169837
[2017-10-16 12:04:52,257 DEBUG root] Compacting 1083 response timing into 1000
[2017-10-16 12:04:52,260 DEBUG root] Compacting 1083 response timing into 1000
[2017-10-16 12:04:52,268 DEBUG Engine.gatling.DataLogReader] Aggregating: 1508169838
[2017-10-16 12:04:52,269 DEBUG root] Compacting 1061 response timing into 1000
[2017-10-16 12:04:52,276 DEBUG root] Compacting 1061 response timing into 1000
[2017-10-16 12:04:52,284 DEBUG Engine.gatling.DataLogReader] Aggregating: 1508169839
[2017-10-16 12:04:52,286 DEBUG root] Compacting 1089 response timing into 1000
[2017-10-16 12:04:52,290 DEBUG root] Compacting 1089 response timing into 1000
[2017-10-16 12:04:52,304 DEBUG Engine.gatling.DataLogReader] Aggregating: 1508169840
[2017-10-16 12:04:52,305 DEBUG root] Compacting 1066 response timing into 1000
[2017-10-16 12:04:52,309 DEBUG root] Compacting 1066 response timing into 1000
[2017-10-16 12:04:52,319 DEBUG Engine.gatling.DataLogReader] Aggregating: 1508169841
[2017-10-16 12:04:52,320 DEBUG root] Compacting 1067 response timing into 1000
[2017-10-16 12:04:52,325 DEBUG root] Compacting 1067 response timing into 1000
[2017-10-16 12:04:52,334 DEBUG Engine.gatling.DataLogReader] Aggregating: 1508169842
[2017-10-16 12:04:52,335 DEBUG root] Compacting 1067 response timing into 1000
[2017-10-16 12:04:52,339 DEBUG root] Compacting 1067 response timing into 1000
[2017-10-16 12:04:52,349 DEBUG Engine.gatling.DataLogReader] Aggregating: 1508169843
[2017-10-16 12:04:52,350 DEBUG root] Compacting 1065 response timing into 1000
[2017-10-16 12:04:52,354 DEBUG root] Compacting 1065 response timing into 1000
[2017-10-16 12:04:52,363 DEBUG Engine.gatling.DataLogReader] Aggregating: 1508169844
[2017-10-16 12:04:52,365 DEBUG root] Compacting 1078 response timing into 1000
[2017-10-16 12:04:52,368 DEBUG root] Compacting 1078 response timing into 1000
[2017-10-16 12:04:52,375 DEBUG Engine.gatling.DataLogReader] Aggregating: 1508169845
[2017-10-16 12:04:52,377 DEBUG root] Compacting 1070 response timing into 1000
[2017-10-16 12:04:52,380 DEBUG root] Compacting 1070 response timing into 1000
[2017-10-16 12:04:52,388 DEBUG Engine.gatling.DataLogReader] Aggregating: 1508169846
[2017-10-16 12:04:52,389 DEBUG root] Compacting 1054 response timing into 1000
[2017-10-16 12:04:52,393 DEBUG root] Compacting 1054 response timing into 1000
[2017-10-16 12:04:52,401 DEBUG Engine.gatling.DataLogReader] Aggregating: 1508169847
[2017-10-16 12:04:52,402 DEBUG root] Compacting 1055 response timing into 1000
[2017-10-16 12:04:52,404 DEBUG root] Compacting 1055 response timing into 1000
[2017-10-16 12:04:52,412 DEBUG Engine.gatling.DataLogReader] Aggregating: 1508169848
[2017-10-16 12:04:52,413 DEBUG root] Compacting 1076 response timing into 1000
[2017-10-16 12:04:52,417 DEBUG root] Compacting 1076 response timing into 1000
[2017-10-16 12:04:52,425 DEBUG Engine.gatling.DataLogReader] Aggregating: 1508169849
[2017-10-16 12:04:52,425 DEBUG root] Compacting 1048 response timing into 1000
[2017-10-16 12:04:52,429 DEBUG root] Compacting 1048 response timing into 1000
[2017-10-16 12:04:52,437 DEBUG Engine.gatling.DataLogReader] Aggregating: 1508169850
[2017-10-16 12:04:52,437 DEBUG root] Compacting 1047 response timing into 1000
[2017-10-16 12:04:52,441 DEBUG root] Compacting 1047 response timing into 1000
[2017-10-16 12:04:52,448 DEBUG Engine.gatling.DataLogReader] Aggregating: 1508169851
[2017-10-16 12:04:52,449 DEBUG root] Compacting 1060 response timing into 1000
[2017-10-16 12:04:52,453 DEBUG root] Compacting 1060 response timing into 1000
[2017-10-16 12:04:52,461 DEBUG Engine.gatling.DataLogReader] Aggregating: 1508169852
[2017-10-16 12:04:52,461 DEBUG root] Compacting 1028 response timing into 1000
[2017-10-16 12:04:52,464 DEBUG root] Compacting 1028 response timing into 1000
[2017-10-16 12:04:52,473 DEBUG Engine.gatling.DataLogReader] Aggregating: 1508169853
[2017-10-16 12:04:52,473 DEBUG root] Compacting 1021 response timing into 1000
[2017-10-16 12:04:52,477 DEBUG root] Compacting 1021 response timing into 1000
[2017-10-16 12:04:52,485 DEBUG Engine.gatling.DataLogReader] Aggregating: 1508169854
[2017-10-16 12:04:52,486 DEBUG root] Compacting 1011 response timing into 1000
[2017-10-16 12:04:52,488 DEBUG root] Compacting 1011 response timing into 1000
[2017-10-16 12:04:52,495 DEBUG Engine.gatling.DataLogReader] Aggregating: 1508169855
[2017-10-16 12:04:52,496 DEBUG root] Compacting 1007 response timing into 1000
[2017-10-16 12:04:52,498 DEBUG root] Compacting 1007 response timing into 1000
[2017-10-16 12:04:52,504 DEBUG Engine.gatling.DataLogReader] Aggregating: 1508169856
[2017-10-16 12:04:52,505 DEBUG root] Compacting 1016 response timing into 1000
[2017-10-16 12:04:52,507 DEBUG root] Compacting 1016 response timing into 1000
[2017-10-16 12:04:52,518 DEBUG Engine.gatling.DataLogReader] Aggregating: 1508169857
[2017-10-16 12:04:52,518 DEBUG root] Compacting 1007 response timing into 1000
[2017-10-16 12:04:52,521 DEBUG root] Compacting 1007 response timing into 1000
[2017-10-16 12:04:52,528 DEBUG Engine.gatling.DataLogReader] Aggregating: 1508169858
[2017-10-16 12:04:52,528 DEBUG root] Compacting 1005 response timing into 1000
[2017-10-16 12:04:52,530 DEBUG root] Compacting 1005 response timing into 1000
[2017-10-16 12:04:52,539 DEBUG Engine.gatling.DataLogReader] Aggregating: 1508169859
[2017-10-16 12:04:52,539 DEBUG root] Compacting 1003 response timing into 1000
[2017-10-16 12:04:52,541 DEBUG root] Compacting 1003 response timing into 1000
[2017-10-16 12:04:52,548 DEBUG Engine.gatling.DataLogReader] Aggregating: 1508169861
[2017-10-16 12:04:52,548 DEBUG root] Compacting 1004 response timing into 1000
[2017-10-16 12:04:52,551 DEBUG root] Compacting 1004 response timing into 1000
[2017-10-16 12:04:52,558 DEBUG Engine.gatling.DataLogReader] Aggregating: 1508169862
[2017-10-16 12:04:52,558 DEBUG root] Compacting 1001 response timing into 1000
[2017-10-16 12:04:52,560 DEBUG root] Compacting 1001 response timing into 1000
[2017-10-16 12:04:52,566 DEBUG Engine.gatling.DataLogReader] Aggregating: 1508169863
[2017-10-16 12:04:52,566 DEBUG root] Compacting 1003 response timing into 1000
[2017-10-16 12:04:52,568 DEBUG root] Compacting 1003 response timing into 1000
[2017-10-16 12:04:52,575 DEBUG Engine.gatling.DataLogReader] Aggregating: 1508169864
[2017-10-16 12:04:52,575 DEBUG root] Compacting 1001 response timing into 1000
[2017-10-16 12:04:52,577 DEBUG root] Compacting 1001 response timing into 1000
[2017-10-16 12:04:52,583 DEBUG Engine.gatling.DataLogReader] Aggregating: 1508169865
[2017-10-16 12:04:52,584 DEBUG root] Compacting 1002 response timing into 1000
[2017-10-16 12:04:52,585 DEBUG root] Compacting 1002 response timing into 1000
[2017-10-16 12:04:52,592 DEBUG Engine.gatling.DataLogReader] Aggregating: 1508169866
[2017-10-16 12:04:52,592 DEBUG root] Compacting 1001 response timing into 1000
[2017-10-16 12:04:52,593 DEBUG root] Compacting 1001 response timing into 1000
[2017-10-16 12:04:52,599 DEBUG Engine.gatling.DataLogReader] Aggregating: 1508169867
[2017-10-16 12:04:52,600 DEBUG root] Compacting 1001 response timing into 1000
[2017-10-16 12:04:52,601 DEBUG root] Compacting 1001 response timing into 1000
[2017-10-16 12:04:52,608 DEBUG Engine.gatling.DataLogReader] Aggregating: 1508169868
[2017-10-16 12:04:52,608 DEBUG root] Compacting 1002 response timing into 1000
[2017-10-16 12:04:52,610 DEBUG root] Compacting 1002 response timing into 1000
[2017-10-16 12:04:52,617 DEBUG Engine.gatling.DataLogReader] Aggregating: 1508169869
[2017-10-16 12:04:52,624 DEBUG root] Compacting 1001 response timing into 1000
[2017-10-16 12:04:52,626 DEBUG root] Compacting 1001 response timing into 1000
[2017-10-16 12:04:52,633 DEBUG Engine.gatling.DataLogReader] Aggregating: 1508169870
[2017-10-16 12:04:52,633 DEBUG root] Compacting 1001 response timing into 1000
[2017-10-16 12:04:52,635 DEBUG root] Compacting 1001 response timing into 1000
[2017-10-16 12:04:52,642 DEBUG Engine.gatling.DataLogReader] Aggregating: 1508169871
[2017-10-16 12:04:52,642 DEBUG root] Compacting 1001 response timing into 1000
[2017-10-16 12:04:52,644 DEBUG root] Compacting 1001 response timing into 1000
[2017-10-16 12:04:52,652 DEBUG Engine.gatling.DataLogReader] Aggregating: 1508169873
[2017-10-16 12:04:52,652 DEBUG root] Compacting 1002 response timing into 1000
[2017-10-16 12:04:52,654 DEBUG root] Compacting 1002 response timing into 1000
[2017-10-16 12:04:52,661 DEBUG Engine.gatling.DataLogReader] Aggregating: 1508169875
[2017-10-16 12:04:52,661 DEBUG root] Compacting 1001 response timing into 1000
[2017-10-16 12:04:52,663 DEBUG root] Compacting 1001 response timing into 1000
[2017-10-16 12:04:52,670 DEBUG Engine.gatling.DataLogReader] Aggregating: 1508169879
[2017-10-16 12:04:52,670 DEBUG root] Compacting 1001 response timing into 1000
[2017-10-16 12:04:52,672 DEBUG root] Compacting 1001 response timing into 1000
[2017-10-16 12:04:52,678 DEBUG Engine.gatling.DataLogReader] Aggregating: 1508169880
[2017-10-16 12:04:52,678 DEBUG root] Compacting 1002 response timing into 1000
[2017-10-16 12:04:52,680 DEBUG root] Compacting 1002 response timing into 1000
[2017-10-16 12:04:52,686 DEBUG Engine.gatling.DataLogReader] Aggregating: 1508169882
[2017-10-16 12:04:52,686 DEBUG root] Compacting 1001 response timing into 1000
[2017-10-16 12:04:52,688 DEBUG root] Compacting 1001 response timing into 1000
[2017-10-16 12:04:52,694 DEBUG Engine.gatling.DataLogReader] Aggregating: 1508169884
[2017-10-16 12:04:52,694 DEBUG root] Compacting 1001 response timing into 1000
[2017-10-16 12:04:52,696 DEBUG root] Compacting 1001 response timing into 1000
[2017-10-16 12:04:52,702 DEBUG Engine.gatling.DataLogReader] Aggregating: 1508169887
[2017-10-16 12:04:52,702 DEBUG root] Compacting 1002 response timing into 1000
[2017-10-16 12:04:52,704 DEBUG root] Compacting 1002 response timing into 1000
[2017-10-16 12:04:52,711 DEBUG Engine.gatling.DataLogReader] Aggregating: 1508169888
[2017-10-16 12:04:52,711 DEBUG root] Compacting 1004 response timing into 1000
[2017-10-16 12:04:52,713 DEBUG root] Compacting 1004 response timing into 1000
[2017-10-16 12:04:52,719 DEBUG Engine.gatling.DataLogReader] Aggregating: 1508169889
[2017-10-16 12:04:52,720 DEBUG root] Compacting 1001 response timing into 1000
[2017-10-16 12:04:52,721 DEBUG root] Compacting 1001 response timing into 1000
[2017-10-16 12:04:52,728 DEBUG Engine.consolidator] Consolidator buffer[90]: [1508169790, 1508169791, 1508169792, 1508169793, 1508169794, 1508169795, 1508169796, 1508169797, 1508169798, 1508169799, 1508169800, 1508169801, 1508169802, 1508169803, 1508169804, 1508169805, 1508169806, 1508169807, 1508169808, 1508169809, 1508169810, 1508169811, 1508169812, 1508169813, 1508169814, 1508169815, 1508169816, 1508169817, 1508169818, 1508169819, 1508169820, 1508169821, 1508169822, 1508169823, 1508169824, 1508169825, 1508169826, 1508169827, 1508169828, 1508169829, 1508169830, 1508169831, 1508169832, 1508169833, 1508169834, 1508169835, 1508169836, 1508169837, 1508169838, 1508169839, 1508169840, 1508169841, 1508169842, 1508169843, 1508169844, 1508169845, 1508169846, 1508169847, 1508169848, 1508169849, 1508169850, 1508169851, 1508169852, 1508169853, 1508169854, 1508169855, 1508169856, 1508169857, 1508169858, 1508169859, 1508169861, 1508169862, 1508169863, 1508169864, 1508169865, 1508169866, 1508169867, 1508169868, 1508169869, 1508169870, 1508169871, 1508169873, 1508169875, 1508169879, 1508169880, 1508169882, 1508169884, 1508169887, 1508169888, 1508169889]
[2017-10-16 12:04:52,729 DEBUG Engine.consolidator] Merging into 1508169790
[2017-10-16 12:04:52,729 DEBUG Engine.consolidator] Merging 1508169790
[2017-10-16 12:04:52,743 DEBUG Engine.consolidator] Processed datapoint: 1508169790/None
[2017-10-16 12:04:52,744 DEBUG Engine.consolidator] Merging into 1508169791
[2017-10-16 12:04:52,744 DEBUG Engine.consolidator] Merging 1508169791
[2017-10-16 12:04:52,758 DEBUG Engine.consolidator] Processed datapoint: 1508169791/None
[2017-10-16 12:04:52,759 DEBUG Engine.consolidator] Merging into 1508169792
[2017-10-16 12:04:52,759 DEBUG Engine.consolidator] Merging 1508169792
[2017-10-16 12:04:52,772 DEBUG Engine.consolidator] Processed datapoint: 1508169792/None
[2017-10-16 12:04:52,772 DEBUG Engine.consolidator] Merging into 1508169793
[2017-10-16 12:04:52,772 DEBUG Engine.consolidator] Merging 1508169793
[2017-10-16 12:04:52,784 DEBUG Engine.consolidator] Processed datapoint: 1508169793/None
[2017-10-16 12:04:52,784 DEBUG Engine.consolidator] Merging into 1508169794
[2017-10-16 12:04:52,785 DEBUG Engine.consolidator] Merging 1508169794
[2017-10-16 12:04:52,792 DEBUG root] Compacting 1007 response timing into 1000
[2017-10-16 12:04:52,795 DEBUG root] Compacting 1007 response timing into 1000
[2017-10-16 12:04:52,803 DEBUG Engine.consolidator] Processed datapoint: 1508169794/None
[2017-10-16 12:04:52,803 DEBUG Engine.consolidator] Merging into 1508169795
[2017-10-16 12:04:52,803 DEBUG Engine.consolidator] Merging 1508169795
[2017-10-16 12:04:52,809 DEBUG root] Compacting 1046 response timing into 1000
[2017-10-16 12:04:52,812 DEBUG root] Compacting 1046 response timing into 1000
[2017-10-16 12:04:52,820 DEBUG Engine.consolidator] Processed datapoint: 1508169795/None
[2017-10-16 12:04:52,820 DEBUG Engine.consolidator] Merging into 1508169796
[2017-10-16 12:04:52,821 DEBUG Engine.consolidator] Merging 1508169796
[2017-10-16 12:04:52,826 DEBUG root] Compacting 1062 response timing into 1000
[2017-10-16 12:04:52,829 DEBUG root] Compacting 1062 response timing into 1000
[2017-10-16 12:04:52,838 DEBUG Engine.consolidator] Processed datapoint: 1508169796/None
[2017-10-16 12:04:52,838 DEBUG Engine.consolidator] Merging into 1508169797
[2017-10-16 12:04:52,838 DEBUG Engine.consolidator] Merging 1508169797
[2017-10-16 12:04:52,844 DEBUG root] Compacting 1061 response timing into 1000
[2017-10-16 12:04:52,847 DEBUG root] Compacting 1061 response timing into 1000
[2017-10-16 12:04:52,857 DEBUG Engine.consolidator] Processed datapoint: 1508169797/None
[2017-10-16 12:04:52,857 DEBUG Engine.consolidator] Merging into 1508169798
[2017-10-16 12:04:52,857 DEBUG Engine.consolidator] Merging 1508169798
[2017-10-16 12:04:52,864 DEBUG root] Compacting 1063 response timing into 1000
[2017-10-16 12:04:52,867 DEBUG root] Compacting 1063 response timing into 1000
[2017-10-16 12:04:52,879 DEBUG Engine.consolidator] Processed datapoint: 1508169798/None
[2017-10-16 12:04:52,880 DEBUG Engine.consolidator] Merging into 1508169799
[2017-10-16 12:04:52,880 DEBUG Engine.consolidator] Merging 1508169799
[2017-10-16 12:04:52,887 DEBUG root] Compacting 1069 response timing into 1000
[2017-10-16 12:04:52,890 DEBUG root] Compacting 1069 response timing into 1000
[2017-10-16 12:04:52,901 DEBUG Engine.consolidator] Processed datapoint: 1508169799/None
[2017-10-16 12:04:52,901 DEBUG Engine.consolidator] Merging into 1508169800
[2017-10-16 12:04:52,901 DEBUG Engine.consolidator] Merging 1508169800
[2017-10-16 12:04:52,908 DEBUG root] Compacting 1044 response timing into 1000
[2017-10-16 12:04:52,910 DEBUG root] Compacting 1044 response timing into 1000
[2017-10-16 12:04:52,920 DEBUG Engine.consolidator] Processed datapoint: 1508169800/None
[2017-10-16 12:04:52,920 DEBUG Engine.consolidator] Merging into 1508169801
[2017-10-16 12:04:52,920 DEBUG Engine.consolidator] Merging 1508169801
[2017-10-16 12:04:52,928 DEBUG root] Compacting 1060 response timing into 1000
[2017-10-16 12:04:52,931 DEBUG root] Compacting 1060 response timing into 1000
[2017-10-16 12:04:52,940 DEBUG Engine.consolidator] Processed datapoint: 1508169801/None
[2017-10-16 12:04:52,940 DEBUG Engine.consolidator] Merging into 1508169802
[2017-10-16 12:04:52,940 DEBUG Engine.consolidator] Merging 1508169802
[2017-10-16 12:04:52,947 DEBUG root] Compacting 1054 response timing into 1000
[2017-10-16 12:04:52,949 DEBUG root] Compacting 1054 response timing into 1000
[2017-10-16 12:04:52,958 DEBUG Engine.consolidator] Processed datapoint: 1508169802/None
[2017-10-16 12:04:52,958 DEBUG Engine.consolidator] Merging into 1508169803
[2017-10-16 12:04:52,959 DEBUG Engine.consolidator] Merging 1508169803
[2017-10-16 12:04:52,965 DEBUG root] Compacting 1085 response timing into 1000
[2017-10-16 12:04:52,969 DEBUG root] Compacting 1085 response timing into 1000
[2017-10-16 12:04:52,981 DEBUG Engine.consolidator] Processed datapoint: 1508169803/None
[2017-10-16 12:04:52,981 DEBUG Engine.consolidator] Merging into 1508169804
[2017-10-16 12:04:52,982 DEBUG Engine.consolidator] Merging 1508169804
[2017-10-16 12:04:52,990 DEBUG root] Compacting 1049 response timing into 1000
[2017-10-16 12:04:52,994 DEBUG root] Compacting 1049 response timing into 1000
[2017-10-16 12:04:53,004 DEBUG Engine.consolidator] Processed datapoint: 1508169804/None
[2017-10-16 12:04:53,004 DEBUG Engine.consolidator] Merging into 1508169805
[2017-10-16 12:04:53,004 DEBUG Engine.consolidator] Merging 1508169805
[2017-10-16 12:04:53,011 DEBUG root] Compacting 1066 response timing into 1000
[2017-10-16 12:04:53,014 DEBUG root] Compacting 1066 response timing into 1000
[2017-10-16 12:04:53,024 DEBUG Engine.consolidator] Processed datapoint: 1508169805/None
[2017-10-16 12:04:53,024 DEBUG Engine.consolidator] Merging into 1508169806
[2017-10-16 12:04:53,024 DEBUG Engine.consolidator] Merging 1508169806
[2017-10-16 12:04:53,030 DEBUG root] Compacting 1075 response timing into 1000
[2017-10-16 12:04:53,033 DEBUG root] Compacting 1075 response timing into 1000
[2017-10-16 12:04:53,042 DEBUG Engine.consolidator] Processed datapoint: 1508169806/None
[2017-10-16 12:04:53,042 DEBUG Engine.consolidator] Merging into 1508169807
[2017-10-16 12:04:53,043 DEBUG Engine.consolidator] Merging 1508169807
[2017-10-16 12:04:53,049 DEBUG root] Compacting 1079 response timing into 1000
[2017-10-16 12:04:53,052 DEBUG root] Compacting 1079 response timing into 1000
[2017-10-16 12:04:53,061 DEBUG Engine.consolidator] Processed datapoint: 1508169807/None
[2017-10-16 12:04:53,061 DEBUG Engine.consolidator] Merging into 1508169808
[2017-10-16 12:04:53,061 DEBUG Engine.consolidator] Merging 1508169808
[2017-10-16 12:04:53,067 DEBUG root] Compacting 1094 response timing into 1000
[2017-10-16 12:04:53,071 DEBUG root] Compacting 1094 response timing into 1000
[2017-10-16 12:04:53,081 DEBUG Engine.consolidator] Processed datapoint: 1508169808/None
[2017-10-16 12:04:53,081 DEBUG Engine.consolidator] Merging into 1508169809
[2017-10-16 12:04:53,081 DEBUG Engine.consolidator] Merging 1508169809
[2017-10-16 12:04:53,087 DEBUG root] Compacting 1080 response timing into 1000
[2017-10-16 12:04:53,090 DEBUG root] Compacting 1080 response timing into 1000
[2017-10-16 12:04:53,099 DEBUG Engine.consolidator] Processed datapoint: 1508169809/None
[2017-10-16 12:04:53,099 DEBUG Engine.consolidator] Merging into 1508169810
[2017-10-16 12:04:53,099 DEBUG Engine.consolidator] Merging 1508169810
[2017-10-16 12:04:53,105 DEBUG root] Compacting 1101 response timing into 1000
[2017-10-16 12:04:53,108 DEBUG root] Compacting 1101 response timing into 1000
[2017-10-16 12:04:53,118 DEBUG Engine.consolidator] Processed datapoint: 1508169810/None
[2017-10-16 12:04:53,119 DEBUG Engine.consolidator] Merging into 1508169811
[2017-10-16 12:04:53,119 DEBUG Engine.consolidator] Merging 1508169811
[2017-10-16 12:04:53,125 DEBUG root] Compacting 1067 response timing into 1000
[2017-10-16 12:04:53,128 DEBUG root] Compacting 1067 response timing into 1000
[2017-10-16 12:04:53,138 DEBUG Engine.consolidator] Processed datapoint: 1508169811/None
[2017-10-16 12:04:53,138 DEBUG Engine.consolidator] Merging into 1508169812
[2017-10-16 12:04:53,138 DEBUG Engine.consolidator] Merging 1508169812
[2017-10-16 12:04:53,144 DEBUG root] Compacting 1075 response timing into 1000
[2017-10-16 12:04:53,148 DEBUG root] Compacting 1075 response timing into 1000
[2017-10-16 12:04:53,158 DEBUG Engine.consolidator] Processed datapoint: 1508169812/None
[2017-10-16 12:04:53,158 DEBUG Engine.consolidator] Merging into 1508169813
[2017-10-16 12:04:53,158 DEBUG Engine.consolidator] Merging 1508169813
[2017-10-16 12:04:53,164 DEBUG root] Compacting 1093 response timing into 1000
[2017-10-16 12:04:53,168 DEBUG root] Compacting 1093 response timing into 1000
[2017-10-16 12:04:53,177 DEBUG Engine.consolidator] Processed datapoint: 1508169813/None
[2017-10-16 12:04:53,177 DEBUG Engine.consolidator] Merging into 1508169814
[2017-10-16 12:04:53,177 DEBUG Engine.consolidator] Merging 1508169814
[2017-10-16 12:04:53,184 DEBUG root] Compacting 1097 response timing into 1000
[2017-10-16 12:04:53,188 DEBUG root] Compacting 1097 response timing into 1000
[2017-10-16 12:04:53,198 DEBUG Engine.consolidator] Processed datapoint: 1508169814/None
[2017-10-16 12:04:53,198 DEBUG Engine.consolidator] Merging into 1508169815
[2017-10-16 12:04:53,198 DEBUG Engine.consolidator] Merging 1508169815
[2017-10-16 12:04:53,204 DEBUG root] Compacting 1086 response timing into 1000
[2017-10-16 12:04:53,211 DEBUG root] Compacting 1086 response timing into 1000
[2017-10-16 12:04:53,222 DEBUG Engine.consolidator] Processed datapoint: 1508169815/None
[2017-10-16 12:04:53,222 DEBUG Engine.consolidator] Merging into 1508169816
[2017-10-16 12:04:53,222 DEBUG Engine.consolidator] Merging 1508169816
[2017-10-16 12:04:53,229 DEBUG root] Compacting 1056 response timing into 1000
[2017-10-16 12:04:53,232 DEBUG root] Compacting 1056 response timing into 1000
[2017-10-16 12:04:53,242 DEBUG Engine.consolidator] Processed datapoint: 1508169816/None
[2017-10-16 12:04:53,242 DEBUG Engine.consolidator] Merging into 1508169817
[2017-10-16 12:04:53,242 DEBUG Engine.consolidator] Merging 1508169817
[2017-10-16 12:04:53,248 DEBUG root] Compacting 1083 response timing into 1000
[2017-10-16 12:04:53,251 DEBUG root] Compacting 1083 response timing into 1000
[2017-10-16 12:04:53,261 DEBUG Engine.consolidator] Processed datapoint: 1508169817/None
[2017-10-16 12:04:53,261 DEBUG Engine.consolidator] Merging into 1508169818
[2017-10-16 12:04:53,261 DEBUG Engine.consolidator] Merging 1508169818
[2017-10-16 12:04:53,267 DEBUG root] Compacting 1073 response timing into 1000
[2017-10-16 12:04:53,270 DEBUG root] Compacting 1073 response timing into 1000
[2017-10-16 12:04:53,279 DEBUG Engine.consolidator] Processed datapoint: 1508169818/None
[2017-10-16 12:04:53,279 DEBUG Engine.consolidator] Merging into 1508169819
[2017-10-16 12:04:53,279 DEBUG Engine.consolidator] Merging 1508169819
[2017-10-16 12:04:53,285 DEBUG root] Compacting 1093 response timing into 1000
[2017-10-16 12:04:53,289 DEBUG root] Compacting 1093 response timing into 1000
[2017-10-16 12:04:53,298 DEBUG Engine.consolidator] Processed datapoint: 1508169819/None
[2017-10-16 12:04:53,298 DEBUG Engine.consolidator] Merging into 1508169820
[2017-10-16 12:04:53,298 DEBUG Engine.consolidator] Merging 1508169820
[2017-10-16 12:04:53,305 DEBUG root] Compacting 1089 response timing into 1000
[2017-10-16 12:04:53,309 DEBUG root] Compacting 1089 response timing into 1000
[2017-10-16 12:04:53,319 DEBUG Engine.consolidator] Processed datapoint: 1508169820/None
[2017-10-16 12:04:53,319 DEBUG Engine.consolidator] Merging into 1508169821
[2017-10-16 12:04:53,319 DEBUG Engine.consolidator] Merging 1508169821
[2017-10-16 12:04:53,325 DEBUG root] Compacting 1060 response timing into 1000
[2017-10-16 12:04:53,328 DEBUG root] Compacting 1060 response timing into 1000
[2017-10-16 12:04:53,336 DEBUG Engine.consolidator] Processed datapoint: 1508169821/None
[2017-10-16 12:04:53,336 DEBUG Engine.consolidator] Merging into 1508169822
[2017-10-16 12:04:53,336 DEBUG Engine.consolidator] Merging 1508169822
[2017-10-16 12:04:53,343 DEBUG root] Compacting 1069 response timing into 1000
[2017-10-16 12:04:53,347 DEBUG root] Compacting 1069 response timing into 1000
[2017-10-16 12:04:53,358 DEBUG Engine.consolidator] Processed datapoint: 1508169822/None
[2017-10-16 12:04:53,358 DEBUG Engine.consolidator] Merging into 1508169823
[2017-10-16 12:04:53,358 DEBUG Engine.consolidator] Merging 1508169823
[2017-10-16 12:04:53,365 DEBUG root] Compacting 1091 response timing into 1000
[2017-10-16 12:04:53,370 DEBUG root] Compacting 1091 response timing into 1000
[2017-10-16 12:04:53,385 DEBUG Engine.consolidator] Processed datapoint: 1508169823/None
[2017-10-16 12:04:53,385 DEBUG Engine.consolidator] Merging into 1508169824
[2017-10-16 12:04:53,385 DEBUG Engine.consolidator] Merging 1508169824
[2017-10-16 12:04:53,393 DEBUG root] Compacting 1072 response timing into 1000
[2017-10-16 12:04:53,397 DEBUG root] Compacting 1072 response timing into 1000
[2017-10-16 12:04:53,408 DEBUG Engine.consolidator] Processed datapoint: 1508169824/None
[2017-10-16 12:04:53,408 DEBUG Engine.consolidator] Merging into 1508169825
[2017-10-16 12:04:53,408 DEBUG Engine.consolidator] Merging 1508169825
[2017-10-16 12:04:53,416 DEBUG root] Compacting 1079 response timing into 1000
[2017-10-16 12:04:53,420 DEBUG root] Compacting 1079 response timing into 1000
[2017-10-16 12:04:53,432 DEBUG Engine.consolidator] Processed datapoint: 1508169825/None
[2017-10-16 12:04:53,432 DEBUG Engine.consolidator] Merging into 1508169826
[2017-10-16 12:04:53,432 DEBUG Engine.consolidator] Merging 1508169826
[2017-10-16 12:04:53,439 DEBUG root] Compacting 1072 response timing into 1000
[2017-10-16 12:04:53,444 DEBUG root] Compacting 1072 response timing into 1000
[2017-10-16 12:04:53,455 DEBUG Engine.consolidator] Processed datapoint: 1508169826/None
[2017-10-16 12:04:53,455 DEBUG Engine.consolidator] Merging into 1508169827
[2017-10-16 12:04:53,455 DEBUG Engine.consolidator] Merging 1508169827
[2017-10-16 12:04:53,462 DEBUG root] Compacting 1070 response timing into 1000
[2017-10-16 12:04:53,466 DEBUG root] Compacting 1070 response timing into 1000
[2017-10-16 12:04:53,477 DEBUG Engine.consolidator] Processed datapoint: 1508169827/None
[2017-10-16 12:04:53,477 DEBUG Engine.consolidator] Merging into 1508169828
[2017-10-16 12:04:53,477 DEBUG Engine.consolidator] Merging 1508169828
[2017-10-16 12:04:53,485 DEBUG root] Compacting 1075 response timing into 1000
[2017-10-16 12:04:53,489 DEBUG root] Compacting 1075 response timing into 1000
[2017-10-16 12:04:53,500 DEBUG Engine.consolidator] Processed datapoint: 1508169828/None
[2017-10-16 12:04:53,500 DEBUG Engine.consolidator] Merging into 1508169829
[2017-10-16 12:04:53,500 DEBUG Engine.consolidator] Merging 1508169829
[2017-10-16 12:04:53,506 DEBUG root] Compacting 1066 response timing into 1000
[2017-10-16 12:04:53,511 DEBUG root] Compacting 1066 response timing into 1000
[2017-10-16 12:04:53,521 DEBUG Engine.consolidator] Processed datapoint: 1508169829/None
[2017-10-16 12:04:53,521 DEBUG Engine.consolidator] Merging into 1508169830
[2017-10-16 12:04:53,521 DEBUG Engine.consolidator] Merging 1508169830
[2017-10-16 12:04:53,528 DEBUG root] Compacting 1093 response timing into 1000
[2017-10-16 12:04:53,532 DEBUG root] Compacting 1093 response timing into 1000
[2017-10-16 12:04:53,543 DEBUG Engine.consolidator] Processed datapoint: 1508169830/None
[2017-10-16 12:04:53,543 DEBUG Engine.consolidator] Merging into 1508169831
[2017-10-16 12:04:53,543 DEBUG Engine.consolidator] Merging 1508169831
[2017-10-16 12:04:53,549 DEBUG root] Compacting 1054 response timing into 1000
[2017-10-16 12:04:53,553 DEBUG root] Compacting 1054 response timing into 1000
[2017-10-16 12:04:53,563 DEBUG Engine.consolidator] Processed datapoint: 1508169831/None
[2017-10-16 12:04:53,563 DEBUG Engine.consolidator] Merging into 1508169832
[2017-10-16 12:04:53,563 DEBUG Engine.consolidator] Merging 1508169832
[2017-10-16 12:04:53,569 DEBUG root] Compacting 1082 response timing into 1000
[2017-10-16 12:04:53,573 DEBUG root] Compacting 1082 response timing into 1000
[2017-10-16 12:04:53,587 DEBUG Engine.consolidator] Processed datapoint: 1508169832/None
[2017-10-16 12:04:53,587 DEBUG Engine.consolidator] Merging into 1508169833
[2017-10-16 12:04:53,587 DEBUG Engine.consolidator] Merging 1508169833
[2017-10-16 12:04:53,593 DEBUG root] Compacting 1079 response timing into 1000
[2017-10-16 12:04:53,597 DEBUG root] Compacting 1079 response timing into 1000
[2017-10-16 12:04:53,607 DEBUG Engine.consolidator] Processed datapoint: 1508169833/None
[2017-10-16 12:04:53,607 DEBUG Engine.consolidator] Merging into 1508169834
[2017-10-16 12:04:53,607 DEBUG Engine.consolidator] Merging 1508169834
[2017-10-16 12:04:53,613 DEBUG root] Compacting 1073 response timing into 1000
[2017-10-16 12:04:53,618 DEBUG root] Compacting 1073 response timing into 1000
[2017-10-16 12:04:53,628 DEBUG Engine.consolidator] Processed datapoint: 1508169834/None
[2017-10-16 12:04:53,628 DEBUG Engine.consolidator] Merging into 1508169835
[2017-10-16 12:04:53,628 DEBUG Engine.consolidator] Merging 1508169835
[2017-10-16 12:04:53,635 DEBUG root] Compacting 1075 response timing into 1000
[2017-10-16 12:04:53,640 DEBUG root] Compacting 1075 response timing into 1000
[2017-10-16 12:04:53,651 DEBUG Engine.consolidator] Processed datapoint: 1508169835/None
[2017-10-16 12:04:53,651 DEBUG Engine.consolidator] Merging into 1508169836
[2017-10-16 12:04:53,651 DEBUG Engine.consolidator] Merging 1508169836
[2017-10-16 12:04:53,658 DEBUG root] Compacting 1086 response timing into 1000
[2017-10-16 12:04:53,663 DEBUG root] Compacting 1086 response timing into 1000
[2017-10-16 12:04:53,673 DEBUG Engine.consolidator] Processed datapoint: 1508169836/None
[2017-10-16 12:04:53,673 DEBUG Engine.consolidator] Merging into 1508169837
[2017-10-16 12:04:53,673 DEBUG Engine.consolidator] Merging 1508169837
[2017-10-16 12:04:53,679 DEBUG root] Compacting 1083 response timing into 1000
[2017-10-16 12:04:53,683 DEBUG root] Compacting 1083 response timing into 1000
[2017-10-16 12:04:53,693 DEBUG Engine.consolidator] Processed datapoint: 1508169837/None
[2017-10-16 12:04:53,693 DEBUG Engine.consolidator] Merging into 1508169838
[2017-10-16 12:04:53,693 DEBUG Engine.consolidator] Merging 1508169838
[2017-10-16 12:04:53,699 DEBUG root] Compacting 1061 response timing into 1000
[2017-10-16 12:04:53,702 DEBUG root] Compacting 1061 response timing into 1000
[2017-10-16 12:04:53,712 DEBUG Engine.consolidator] Processed datapoint: 1508169838/None
[2017-10-16 12:04:53,712 DEBUG Engine.consolidator] Merging into 1508169839
[2017-10-16 12:04:53,712 DEBUG Engine.consolidator] Merging 1508169839
[2017-10-16 12:04:53,719 DEBUG root] Compacting 1089 response timing into 1000
[2017-10-16 12:04:53,723 DEBUG root] Compacting 1089 response timing into 1000
[2017-10-16 12:04:53,733 DEBUG Engine.consolidator] Processed datapoint: 1508169839/None
[2017-10-16 12:04:53,734 DEBUG Engine.consolidator] Merging into 1508169840
[2017-10-16 12:04:53,734 DEBUG Engine.consolidator] Merging 1508169840
[2017-10-16 12:04:53,741 DEBUG root] Compacting 1066 response timing into 1000
[2017-10-16 12:04:53,746 DEBUG root] Compacting 1066 response timing into 1000
[2017-10-16 12:04:53,756 DEBUG Engine.consolidator] Processed datapoint: 1508169840/None
[2017-10-16 12:04:53,756 DEBUG Engine.consolidator] Merging into 1508169841
[2017-10-16 12:04:53,756 DEBUG Engine.consolidator] Merging 1508169841
[2017-10-16 12:04:53,762 DEBUG root] Compacting 1067 response timing into 1000
[2017-10-16 12:04:53,766 DEBUG root] Compacting 1067 response timing into 1000
[2017-10-16 12:04:53,775 DEBUG Engine.consolidator] Processed datapoint: 1508169841/None
[2017-10-16 12:04:53,775 DEBUG Engine.consolidator] Merging into 1508169842
[2017-10-16 12:04:53,775 DEBUG Engine.consolidator] Merging 1508169842
[2017-10-16 12:04:53,781 DEBUG root] Compacting 1067 response timing into 1000
[2017-10-16 12:04:53,785 DEBUG root] Compacting 1067 response timing into 1000
[2017-10-16 12:04:53,794 DEBUG Engine.consolidator] Processed datapoint: 1508169842/None
[2017-10-16 12:04:53,794 DEBUG Engine.consolidator] Merging into 1508169843
[2017-10-16 12:04:53,794 DEBUG Engine.consolidator] Merging 1508169843
[2017-10-16 12:04:53,800 DEBUG root] Compacting 1065 response timing into 1000
[2017-10-16 12:04:53,804 DEBUG root] Compacting 1065 response timing into 1000
[2017-10-16 12:04:53,814 DEBUG Engine.consolidator] Processed datapoint: 1508169843/None
[2017-10-16 12:04:53,814 DEBUG Engine.consolidator] Merging into 1508169844
[2017-10-16 12:04:53,814 DEBUG Engine.consolidator] Merging 1508169844
[2017-10-16 12:04:53,822 DEBUG root] Compacting 1078 response timing into 1000
[2017-10-16 12:04:53,826 DEBUG root] Compacting 1078 response timing into 1000
[2017-10-16 12:04:53,836 DEBUG Engine.consolidator] Processed datapoint: 1508169844/None
[2017-10-16 12:04:53,836 DEBUG Engine.consolidator] Merging into 1508169845
[2017-10-16 12:04:53,836 DEBUG Engine.consolidator] Merging 1508169845
[2017-10-16 12:04:53,843 DEBUG root] Compacting 1070 response timing into 1000
[2017-10-16 12:04:53,846 DEBUG root] Compacting 1070 response timing into 1000
[2017-10-16 12:04:53,857 DEBUG Engine.consolidator] Processed datapoint: 1508169845/None
[2017-10-16 12:04:53,857 DEBUG Engine.consolidator] Merging into 1508169846
[2017-10-16 12:04:53,857 DEBUG Engine.consolidator] Merging 1508169846
[2017-10-16 12:04:53,864 DEBUG root] Compacting 1054 response timing into 1000
[2017-10-16 12:04:53,868 DEBUG root] Compacting 1054 response timing into 1000
[2017-10-16 12:04:53,878 DEBUG Engine.consolidator] Processed datapoint: 1508169846/None
[2017-10-16 12:04:53,878 DEBUG Engine.consolidator] Merging into 1508169847
[2017-10-16 12:04:53,878 DEBUG Engine.consolidator] Merging 1508169847
[2017-10-16 12:04:53,884 DEBUG root] Compacting 1055 response timing into 1000
[2017-10-16 12:04:53,887 DEBUG root] Compacting 1055 response timing into 1000
[2017-10-16 12:04:53,896 DEBUG Engine.consolidator] Processed datapoint: 1508169847/None
[2017-10-16 12:04:53,896 DEBUG Engine.consolidator] Merging into 1508169848
[2017-10-16 12:04:53,896 DEBUG Engine.consolidator] Merging 1508169848
[2017-10-16 12:04:53,902 DEBUG root] Compacting 1076 response timing into 1000
[2017-10-16 12:04:53,906 DEBUG root] Compacting 1076 response timing into 1000
[2017-10-16 12:04:53,916 DEBUG Engine.consolidator] Processed datapoint: 1508169848/None
[2017-10-16 12:04:53,916 DEBUG Engine.consolidator] Merging into 1508169849
[2017-10-16 12:04:53,916 DEBUG Engine.consolidator] Merging 1508169849
[2017-10-16 12:04:53,925 DEBUG root] Compacting 1048 response timing into 1000
[2017-10-16 12:04:53,928 DEBUG root] Compacting 1048 response timing into 1000
[2017-10-16 12:04:53,938 DEBUG Engine.consolidator] Processed datapoint: 1508169849/None
[2017-10-16 12:04:53,938 DEBUG Engine.consolidator] Merging into 1508169850
[2017-10-16 12:04:53,938 DEBUG Engine.consolidator] Merging 1508169850
[2017-10-16 12:04:53,944 DEBUG root] Compacting 1047 response timing into 1000
[2017-10-16 12:04:53,947 DEBUG root] Compacting 1047 response timing into 1000
[2017-10-16 12:04:53,956 DEBUG Engine.consolidator] Processed datapoint: 1508169850/None
[2017-10-16 12:04:53,956 DEBUG Engine.consolidator] Merging into 1508169851
[2017-10-16 12:04:53,956 DEBUG Engine.consolidator] Merging 1508169851
[2017-10-16 12:04:53,962 DEBUG root] Compacting 1060 response timing into 1000
[2017-10-16 12:04:53,966 DEBUG root] Compacting 1060 response timing into 1000
[2017-10-16 12:04:53,976 DEBUG Engine.consolidator] Processed datapoint: 1508169851/None
[2017-10-16 12:04:53,976 DEBUG Engine.consolidator] Merging into 1508169852
[2017-10-16 12:04:53,976 DEBUG Engine.consolidator] Merging 1508169852
[2017-10-16 12:04:53,983 DEBUG root] Compacting 1028 response timing into 1000
[2017-10-16 12:04:53,986 DEBUG root] Compacting 1028 response timing into 1000
[2017-10-16 12:04:53,996 DEBUG Engine.consolidator] Processed datapoint: 1508169852/None
[2017-10-16 12:04:53,996 DEBUG Engine.consolidator] Merging into 1508169853
[2017-10-16 12:04:53,996 DEBUG Engine.consolidator] Merging 1508169853
[2017-10-16 12:04:54,002 DEBUG root] Compacting 1021 response timing into 1000
[2017-10-16 12:04:54,005 DEBUG root] Compacting 1021 response timing into 1000
[2017-10-16 12:04:54,014 DEBUG Engine.consolidator] Processed datapoint: 1508169853/None
[2017-10-16 12:04:54,014 DEBUG Engine.consolidator] Merging into 1508169854
[2017-10-16 12:04:54,014 DEBUG Engine.consolidator] Merging 1508169854
[2017-10-16 12:04:54,019 DEBUG root] Compacting 1011 response timing into 1000
[2017-10-16 12:04:54,022 DEBUG root] Compacting 1011 response timing into 1000
[2017-10-16 12:04:54,031 DEBUG Engine.consolidator] Processed datapoint: 1508169854/None
[2017-10-16 12:04:54,031 DEBUG Engine.consolidator] Merging into 1508169855
[2017-10-16 12:04:54,031 DEBUG Engine.consolidator] Merging 1508169855
[2017-10-16 12:04:54,036 DEBUG root] Compacting 1007 response timing into 1000
[2017-10-16 12:04:54,039 DEBUG root] Compacting 1007 response timing into 1000
[2017-10-16 12:04:54,047 DEBUG Engine.consolidator] Processed datapoint: 1508169855/None
[2017-10-16 12:04:54,047 DEBUG Engine.consolidator] Merging into 1508169856
[2017-10-16 12:04:54,047 DEBUG Engine.consolidator] Merging 1508169856
[2017-10-16 12:04:54,053 DEBUG root] Compacting 1016 response timing into 1000
[2017-10-16 12:04:54,056 DEBUG root] Compacting 1016 response timing into 1000
[2017-10-16 12:04:54,064 DEBUG Engine.consolidator] Processed datapoint: 1508169856/None
[2017-10-16 12:04:54,064 DEBUG Engine.consolidator] Merging into 1508169857
[2017-10-16 12:04:54,064 DEBUG Engine.consolidator] Merging 1508169857
[2017-10-16 12:04:54,070 DEBUG root] Compacting 1007 response timing into 1000
[2017-10-16 12:04:54,072 DEBUG root] Compacting 1007 response timing into 1000
[2017-10-16 12:04:54,083 DEBUG Engine.consolidator] Processed datapoint: 1508169857/None
[2017-10-16 12:04:54,083 DEBUG Engine.consolidator] Merging into 1508169858
[2017-10-16 12:04:54,083 DEBUG Engine.consolidator] Merging 1508169858
[2017-10-16 12:04:54,089 DEBUG root] Compacting 1005 response timing into 1000
[2017-10-16 12:04:54,091 DEBUG root] Compacting 1005 response timing into 1000
[2017-10-16 12:04:54,098 DEBUG Engine.consolidator] Processed datapoint: 1508169858/None
[2017-10-16 12:04:54,098 DEBUG Engine.consolidator] Merging into 1508169859
[2017-10-16 12:04:54,098 DEBUG Engine.consolidator] Merging 1508169859
[2017-10-16 12:04:54,103 DEBUG root] Compacting 1003 response timing into 1000
[2017-10-16 12:04:54,105 DEBUG root] Compacting 1003 response timing into 1000
[2017-10-16 12:04:54,114 DEBUG Engine.consolidator] Processed datapoint: 1508169859/None
[2017-10-16 12:04:54,114 DEBUG Engine.consolidator] Merging into 1508169861
[2017-10-16 12:04:54,114 DEBUG Engine.consolidator] Merging 1508169861
[2017-10-16 12:04:54,120 DEBUG root] Compacting 1004 response timing into 1000
[2017-10-16 12:04:54,124 DEBUG root] Compacting 1004 response timing into 1000
[2017-10-16 12:04:54,133 DEBUG Engine.consolidator] Processed datapoint: 1508169861/None
[2017-10-16 12:04:54,133 DEBUG Engine.consolidator] Merging into 1508169862
[2017-10-16 12:04:54,133 DEBUG Engine.consolidator] Merging 1508169862
[2017-10-16 12:04:54,138 DEBUG root] Compacting 1001 response timing into 1000
[2017-10-16 12:04:54,140 DEBUG root] Compacting 1001 response timing into 1000
[2017-10-16 12:04:54,148 DEBUG Engine.consolidator] Processed datapoint: 1508169862/None
[2017-10-16 12:04:54,148 DEBUG Engine.consolidator] Merging into 1508169863
[2017-10-16 12:04:54,148 DEBUG Engine.consolidator] Merging 1508169863
[2017-10-16 12:04:54,154 DEBUG root] Compacting 1003 response timing into 1000
[2017-10-16 12:04:54,156 DEBUG root] Compacting 1003 response timing into 1000
[2017-10-16 12:04:54,163 DEBUG Engine.consolidator] Processed datapoint: 1508169863/None
[2017-10-16 12:04:54,163 DEBUG Engine.consolidator] Merging into 1508169864
[2017-10-16 12:04:54,163 DEBUG Engine.consolidator] Merging 1508169864
[2017-10-16 12:04:54,169 DEBUG root] Compacting 1001 response timing into 1000
[2017-10-16 12:04:54,171 DEBUG root] Compacting 1001 response timing into 1000
[2017-10-16 12:04:54,180 DEBUG Engine.consolidator] Processed datapoint: 1508169864/None
[2017-10-16 12:04:54,180 DEBUG Engine.consolidator] Merging into 1508169865
[2017-10-16 12:04:54,180 DEBUG Engine.consolidator] Merging 1508169865
[2017-10-16 12:04:54,186 DEBUG root] Compacting 1002 response timing into 1000
[2017-10-16 12:04:54,189 DEBUG root] Compacting 1002 response timing into 1000
[2017-10-16 12:04:54,196 DEBUG Engine.consolidator] Processed datapoint: 1508169865/None
[2017-10-16 12:04:54,197 DEBUG Engine.consolidator] Merging into 1508169866
[2017-10-16 12:04:54,197 DEBUG Engine.consolidator] Merging 1508169866
[2017-10-16 12:04:54,202 DEBUG root] Compacting 1001 response timing into 1000
[2017-10-16 12:04:54,204 DEBUG root] Compacting 1001 response timing into 1000
[2017-10-16 12:04:54,212 DEBUG Engine.consolidator] Processed datapoint: 1508169866/None
[2017-10-16 12:04:54,212 DEBUG Engine.consolidator] Merging into 1508169867
[2017-10-16 12:04:54,212 DEBUG Engine.consolidator] Merging 1508169867
[2017-10-16 12:04:54,217 DEBUG root] Compacting 1001 response timing into 1000
[2017-10-16 12:04:54,219 DEBUG root] Compacting 1001 response timing into 1000
[2017-10-16 12:04:54,226 DEBUG Engine.consolidator] Processed datapoint: 1508169867/None
[2017-10-16 12:04:54,226 DEBUG Engine.consolidator] Merging into 1508169868
[2017-10-16 12:04:54,226 DEBUG Engine.consolidator] Merging 1508169868
[2017-10-16 12:04:54,232 DEBUG root] Compacting 1002 response timing into 1000
[2017-10-16 12:04:54,234 DEBUG root] Compacting 1002 response timing into 1000
[2017-10-16 12:04:54,242 DEBUG Engine.consolidator] Processed datapoint: 1508169868/None
[2017-10-16 12:04:54,242 DEBUG Engine.consolidator] Merging into 1508169869
[2017-10-16 12:04:54,242 DEBUG Engine.consolidator] Merging 1508169869
[2017-10-16 12:04:54,248 DEBUG root] Compacting 1001 response timing into 1000
[2017-10-16 12:04:54,249 DEBUG root] Compacting 1001 response timing into 1000
[2017-10-16 12:04:54,257 DEBUG Engine.consolidator] Processed datapoint: 1508169869/None
[2017-10-16 12:04:54,257 DEBUG Engine.consolidator] Merging into 1508169870
[2017-10-16 12:04:54,257 DEBUG Engine.consolidator] Merging 1508169870
[2017-10-16 12:04:54,262 DEBUG root] Compacting 1001 response timing into 1000
[2017-10-16 12:04:54,264 DEBUG root] Compacting 1001 response timing into 1000
[2017-10-16 12:04:54,277 DEBUG Engine.consolidator] Processed datapoint: 1508169870/None
[2017-10-16 12:04:54,277 DEBUG Engine.consolidator] Merging into 1508169871
[2017-10-16 12:04:54,277 DEBUG Engine.consolidator] Merging 1508169871
[2017-10-16 12:04:54,283 DEBUG root] Compacting 1001 response timing into 1000
[2017-10-16 12:04:54,285 DEBUG root] Compacting 1001 response timing into 1000
[2017-10-16 12:04:54,292 DEBUG Engine.consolidator] Processed datapoint: 1508169871/None
[2017-10-16 12:04:54,292 DEBUG Engine.consolidator] Merging into 1508169873
[2017-10-16 12:04:54,292 DEBUG Engine.consolidator] Merging 1508169873
[2017-10-16 12:04:54,298 DEBUG root] Compacting 1002 response timing into 1000
[2017-10-16 12:04:54,299 DEBUG root] Compacting 1002 response timing into 1000
[2017-10-16 12:04:54,307 DEBUG Engine.consolidator] Processed datapoint: 1508169873/None
[2017-10-16 12:04:54,307 DEBUG Engine.consolidator] Merging into 1508169875
[2017-10-16 12:04:54,307 DEBUG Engine.consolidator] Merging 1508169875
[2017-10-16 12:04:54,314 DEBUG root] Compacting 1001 response timing into 1000
[2017-10-16 12:04:54,316 DEBUG root] Compacting 1001 response timing into 1000
[2017-10-16 12:04:54,323 DEBUG Engine.consolidator] Processed datapoint: 1508169875/None
[2017-10-16 12:04:54,323 DEBUG Engine.consolidator] Merging into 1508169879
[2017-10-16 12:04:54,323 DEBUG Engine.consolidator] Merging 1508169879
[2017-10-16 12:04:54,329 DEBUG root] Compacting 1001 response timing into 1000
[2017-10-16 12:04:54,331 DEBUG root] Compacting 1001 response timing into 1000
[2017-10-16 12:04:54,338 DEBUG Engine.consolidator] Processed datapoint: 1508169879/None
[2017-10-16 12:04:54,338 DEBUG Engine.consolidator] Merging into 1508169880
[2017-10-16 12:04:54,338 DEBUG Engine.consolidator] Merging 1508169880
[2017-10-16 12:04:54,344 DEBUG root] Compacting 1002 response timing into 1000
[2017-10-16 12:04:54,346 DEBUG root] Compacting 1002 response timing into 1000
[2017-10-16 12:04:54,354 DEBUG Engine.consolidator] Processed datapoint: 1508169880/None
[2017-10-16 12:04:54,354 DEBUG Engine.consolidator] Merging into 1508169882
[2017-10-16 12:04:54,354 DEBUG Engine.consolidator] Merging 1508169882
[2017-10-16 12:04:54,360 DEBUG root] Compacting 1001 response timing into 1000
[2017-10-16 12:04:54,361 DEBUG root] Compacting 1001 response timing into 1000
[2017-10-16 12:04:54,369 DEBUG Engine.consolidator] Processed datapoint: 1508169882/None
[2017-10-16 12:04:54,369 DEBUG Engine.consolidator] Merging into 1508169884
[2017-10-16 12:04:54,369 DEBUG Engine.consolidator] Merging 1508169884
[2017-10-16 12:04:54,374 DEBUG root] Compacting 1001 response timing into 1000
[2017-10-16 12:04:54,376 DEBUG root] Compacting 1001 response timing into 1000
[2017-10-16 12:04:54,384 DEBUG Engine.consolidator] Processed datapoint: 1508169884/None
[2017-10-16 12:04:54,384 DEBUG Engine.consolidator] Merging into 1508169887
[2017-10-16 12:04:54,384 DEBUG Engine.consolidator] Merging 1508169887
[2017-10-16 12:04:54,390 DEBUG root] Compacting 1002 response timing into 1000
[2017-10-16 12:04:54,392 DEBUG root] Compacting 1002 response timing into 1000
[2017-10-16 12:04:54,400 DEBUG Engine.consolidator] Processed datapoint: 1508169887/None
[2017-10-16 12:04:54,400 DEBUG Engine.consolidator] Merging into 1508169888
[2017-10-16 12:04:54,400 DEBUG Engine.consolidator] Merging 1508169888
[2017-10-16 12:04:54,406 DEBUG root] Compacting 1004 response timing into 1000
[2017-10-16 12:04:54,408 DEBUG root] Compacting 1004 response timing into 1000
[2017-10-16 12:04:54,416 DEBUG Engine.consolidator] Processed datapoint: 1508169888/None
[2017-10-16 12:04:54,416 DEBUG Engine.consolidator] Merging into 1508169889
[2017-10-16 12:04:54,416 DEBUG Engine.consolidator] Merging 1508169889
[2017-10-16 12:04:54,422 DEBUG root] Compacting 1001 response timing into 1000
[2017-10-16 12:04:54,423 DEBUG root] Compacting 1001 response timing into 1000
[2017-10-16 12:04:54,431 DEBUG Engine.consolidator] Processed datapoint: 1508169889/None
[2017-10-16 12:04:54,431 INFO Engine.final-stats] Test duration: 0:03:54
[2017-10-16 12:04:54,431 INFO Engine.final-stats] Samples count: 6100, 63.07% failures
[2017-10-16 12:04:54,431 INFO Engine.final-stats] Average times: total 54.628, latency 11.854, connect 5.343
[2017-10-16 12:04:54,431 INFO Engine.final-stats] Percentile 0.0%: 0.256
[2017-10-16 12:04:54,431 INFO Engine.final-stats] Percentile 50.0%: 60.210
[2017-10-16 12:04:54,431 INFO Engine.final-stats] Percentile 90.0%: 66.942
[2017-10-16 12:04:54,431 INFO Engine.final-stats] Percentile 95.0%: 70.915
[2017-10-16 12:04:54,431 INFO Engine.final-stats] Percentile 99.0%: 84.808
[2017-10-16 12:04:54,432 INFO Engine.final-stats] Percentile 99.9%: 105.200
[2017-10-16 12:04:54,432 INFO Engine.final-stats] Percentile 100.0%: 105.721
[2017-10-16 12:04:54,432 DEBUG Engine.console] No logger_handler or orig_stream was detected
[2017-10-16 12:04:54,433 DEBUG Engine.Configuration] Dumping YAML config into /Users/daper01/Documents/OSLo/Gatling/2017-10-16_12-00-48.586016/effective.yml
[2017-10-16 12:04:54,485 DEBUG Engine.Configuration] Dumping JSON config into /Users/daper01/Documents/OSLo/Gatling/2017-10-16_12-00-48.586016/effective.json
[2017-10-16 12:04:54,516 INFO root] Artifacts dir: /Users/daper01/Documents/OSLo/Gatling/2017-10-16_12-00-48.586016
[2017-10-16 12:04:54,516 INFO root] Done performing with code: 0
[2017-10-16 12:04:54,517 DEBUG root] Closing log handler: /Users/daper01/Documents/OSLo/Gatling/2017-10-16_12-00-48.586016/bzt.log
