[2018-02-05 13:34:01,415 INFO root] Taurus CLI Tool v1.10.3
[2018-02-05 13:34:01,416 DEBUG root] Command-line options: {'verbose': None, 'no_system_configs': None, 'quiet': None, 'log': '/var/folders/vq/xzrdy2lx047cst78f69v8z3xfzqz1q/T/bzt_KfY7x5.log', 'option': None, 'aliases': ['locations']}
[2018-02-05 13:34:01,416 DEBUG root] Python: CPython 2.7.13
[2018-02-05 13:34:01,416 DEBUG root] OS: ('Darwin', 'daper01mac1124', '17.2.0', 'Darwin Kernel Version 17.2.0: Fri Sep 29 18:27:05 PDT 2017; root:xnu-4570.20.62~3/RELEASE_X86_64', 'x86_64', 'i386')
[2018-02-05 13:34:01,416 INFO root] Starting with configs: []
[2018-02-05 13:34:01,416 DEBUG root] Using personal config: /Users/daper01/.bzt-rc
[2018-02-05 13:34:01,416 INFO Engine] Configuring...
[2018-02-05 13:34:01,417 DEBUG Engine] Reading extension configs from: /usr/local/etc/bzt.d
[2018-02-05 13:34:01,417 DEBUG Engine.Configuration] Configs: ['/usr/local/lib/python2.7/site-packages/bzt/resources/base-config.yml', '/usr/local/etc/bzt.d/99-installID.yml']
[2018-02-05 13:34:01,419 DEBUG Engine.Configuration] Reading /usr/local/lib/python2.7/site-packages/bzt/resources/base-config.yml as YAML
[2018-02-05 13:34:01,447 DEBUG Engine.Configuration] Reading /usr/local/etc/bzt.d/99-installID.yml as YAML
[2018-02-05 13:34:01,448 DEBUG Engine.Configuration] Configs: ['/Users/daper01/.bzt-rc']
[2018-02-05 13:34:01,448 DEBUG Engine.Configuration] Reading /Users/daper01/.bzt-rc as YAML
[2018-02-05 13:34:01,452 DEBUG Engine.Configuration] Configs: ['/Users/daper01/.bzt-rc']
[2018-02-05 13:34:01,452 DEBUG Engine.Configuration] Reading /Users/daper01/.bzt-rc as YAML
[2018-02-05 13:34:01,461 DEBUG Engine] Requesting updates info: http://gettaurus.org/updates/?version=1.10.3&installID=784f43782a15
[2018-02-05 13:34:01,470 INFO Engine] Artifacts dir: /Users/daper01/Documents/OSLo/2018-02-05_13-34-01.462130
[2018-02-05 13:34:01,471 DEBUG Engine] New artifact filename: /Users/daper01/Documents/OSLo/2018-02-05_13-34-01.462130/effective
[2018-02-05 13:34:01,473 DEBUG Engine.Configuration] Dumping YAML config into /Users/daper01/Documents/OSLo/2018-02-05_13-34-01.462130/effective.yml
[2018-02-05 13:34:01,505 DEBUG Engine.Configuration] Dumping JSON config into /Users/daper01/Documents/OSLo/2018-02-05_13-34-01.462130/effective.json
[2018-02-05 13:34:01,506 DEBUG Engine] New artifact filename: /Users/daper01/Documents/OSLo/2018-02-05_13-34-01.462130/merged.yml
[2018-02-05 13:34:01,507 DEBUG Engine.Configuration] Dumping YAML config into /Users/daper01/Documents/OSLo/2018-02-05_13-34-01.462130/merged.yml
[2018-02-05 13:34:01,509 DEBUG Engine] New artifact filename: /Users/daper01/Documents/OSLo/2018-02-05_13-34-01.462130/merged.json
[2018-02-05 13:34:01,510 DEBUG Engine.Configuration] Dumping JSON config into /Users/daper01/Documents/OSLo/2018-02-05_13-34-01.462130/merged.json
[2018-02-05 13:34:01,511 DEBUG root] Closing log handler: /var/folders/vq/xzrdy2lx047cst78f69v8z3xfzqz1q/T/bzt_KfY7x5.log
[2018-02-05 13:34:01,884 DEBUG root] Switched writing logs to /Users/daper01/Documents/OSLo/2018-02-05_13-34-01.462130/bzt.log
[2018-02-05 13:34:01,884 INFO Engine] Preparing...
[2018-02-05 13:34:01,885 DEBUG Engine] Module config: consolidator defaultdict(None, {'class': 'bzt.modules.aggregator.ConsolidatingAggregator'})
[2018-02-05 13:34:01,885 DEBUG root] Importing module: bzt.modules.aggregator
[2018-02-05 13:34:01,965 DEBUG root] Loading class: 'ConsolidatingAggregator' from <module 'bzt.modules.aggregator' from '/usr/local/lib/python2.7/site-packages/bzt/modules/aggregator.pyc'>
[2018-02-05 13:34:01,966 DEBUG Engine.consolidator] Exception in dehumanize_time(inf)
[2018-02-05 13:34:01,966 DEBUG Engine.consolidator] Buffer scaling setup: percentile 95.0 from [0.0, 50.0, 90.0, 95.0, 99.0, 99.9, 100.0] selected
[2018-02-05 13:34:01,967 DEBUG Engine] Module config: monitoring defaultdict(None, {'class': 'bzt.modules.monitoring.Monitoring'})
[2018-02-05 13:34:01,967 DEBUG root] Importing module: bzt.modules.monitoring
[2018-02-05 13:34:01,971 DEBUG root] Loading class: 'Monitoring' from <module 'bzt.modules.monitoring' from '/usr/local/lib/python2.7/site-packages/bzt/modules/monitoring.pyc'>
[2018-02-05 13:34:01,971 DEBUG Engine.monitoring] Should not run because of non-matching prov: cloud != local
[2018-02-05 13:34:01,972 DEBUG Engine] Module config: cloud defaultdict(None, {'class': 'bzt.modules.blazemeter.CloudProvisioning', 'default-location': 'us-central1-a', 'dump-locations': True})
[2018-02-05 13:34:01,972 DEBUG root] Importing module: bzt.modules.blazemeter
[2018-02-05 13:34:02,214 DEBUG easyprocess] version=0.2.3
[2018-02-05 13:34:02,215 DEBUG Engine] Taurus updates info: {"latest":"1.10.4","needsUpgrade":true}
[2018-02-05 13:34:02,221 DEBUG pyvirtualdisplay] version=0.2.1
[2018-02-05 13:34:02,221 WARNING Engine] There is newer version of Taurus 1.10.4 available, consider upgrading. What's new: http://gettaurus.org/docs/Changelog/
[2018-02-05 13:34:02,225 DEBUG root] Loading class: 'CloudProvisioning' from <module 'bzt.modules.blazemeter' from '/usr/local/lib/python2.7/site-packages/bzt/modules/blazemeter.pyc'>
[2018-02-05 13:34:02,226 DEBUG Engine] Module config: blazemeter defaultdict(None, {'token': '********', 'class': 'bzt.modules.blazemeter.BlazeMeterUploader'})
[2018-02-05 13:34:02,226 DEBUG root] Importing module: bzt.modules.blazemeter
[2018-02-05 13:34:02,226 DEBUG root] Loading class: 'BlazeMeterUploader' from <module 'bzt.modules.blazemeter' from '/usr/local/lib/python2.7/site-packages/bzt/modules/blazemeter.pyc'>
[2018-02-05 13:34:02,227 DEBUG Engine.cloud] Request: GET https://a.blazemeter.com/api/v4/accounts None
[2018-02-05 13:34:02,240 DEBUG urllib3.connectionpool] Starting new HTTPS connection (1): a.blazemeter.com
[2018-02-05 13:34:02,746 DEBUG urllib3.connectionpool] https://a.blazemeter.com:443 "GET /api/v4/accounts HTTP/1.1" 200 2726
[2018-02-05 13:34:02,756 DEBUG Engine.cloud] Response [200]: {
    "limit": 10,
    "skip": 0,
    "total": 3,
    "hidden": 0,
    "api_version": 4,
    "error": null,
    "result": [
        {
            "id": 153221,
            "name": "BlazeMeter Demo",
            "thumbnailUrl": "https://www.blazemeter.com/s
[2018-02-05 13:34:02,757 DEBUG Engine.cloud] Request: GET https://a.blazemeter.com/api/v4/workspaces?accountId=153221&enabled=true&limit=100 None
[2018-02-05 13:34:02,759 DEBUG urllib3.connectionpool] Starting new HTTPS connection (1): a.blazemeter.com
[2018-02-05 13:34:03,179 DEBUG urllib3.connectionpool] https://a.blazemeter.com:443 "GET /api/v4/workspaces?accountId=153221&enabled=true&limit=100 HTTP/1.1" 200 814
[2018-02-05 13:34:03,186 DEBUG Engine.cloud] Response [200]: {
    "limit": 100,
    "skip": 0,
    "total": 1,
    "hidden": 0,
    "api_version": 4,
    "error": null,
    "result": [
        {
            "id": 146738,
            "name": "Demo workspace",
            "userId": 368191,
            "created": 1498
[2018-02-05 13:34:03,186 DEBUG Engine.cloud] Request: GET https://a.blazemeter.com/api/v4/workspaces?accountId=125626&enabled=true&limit=100 None
[2018-02-05 13:34:03,189 DEBUG urllib3.connectionpool] Starting new HTTPS connection (1): a.blazemeter.com
[2018-02-05 13:34:03,632 DEBUG urllib3.connectionpool] https://a.blazemeter.com:443 "GET /api/v4/workspaces?accountId=125626&enabled=true&limit=100 HTTP/1.1" 200 4887
[2018-02-05 13:34:03,638 DEBUG Engine.cloud] Response [200]: {
    "limit": 100,
    "skip": 0,
    "total": 7,
    "hidden": 0,
    "api_version": 4,
    "error": null,
    "result": [
        {
            "id": 127984,
            "name": "Completely Irrelevant",
            "userId": 339612,
            "created
[2018-02-05 13:34:03,639 DEBUG Engine.cloud] Request: GET https://a.blazemeter.com/api/v4/workspaces?accountId=21166&enabled=true&limit=100 None
[2018-02-05 13:34:03,641 DEBUG urllib3.connectionpool] Starting new HTTPS connection (1): a.blazemeter.com
[2018-02-05 13:34:04,086 DEBUG urllib3.connectionpool] https://a.blazemeter.com:443 "GET /api/v4/workspaces?accountId=21166&enabled=true&limit=100 HTTP/1.1" 200 1482
[2018-02-05 13:34:04,092 DEBUG Engine.cloud] Response [200]: {
    "limit": 100,
    "skip": 0,
    "total": 2,
    "hidden": 0,
    "api_version": 4,
    "error": null,
    "result": [
        {
            "id": 7199,
            "name": "CA SE Workspace",
            "userId": 307773,
            "created": 14775
[2018-02-05 13:34:04,092 WARNING Engine.cloud] Dumping available locations instead of running the test
[2018-02-05 13:34:04,092 DEBUG Engine.cloud] Request: GET https://a.blazemeter.com/api/v4/workspaces/146738 None
[2018-02-05 13:34:04,095 DEBUG urllib3.connectionpool] Starting new HTTPS connection (1): a.blazemeter.com
[2018-02-05 13:34:04,729 DEBUG urllib3.connectionpool] https://a.blazemeter.com:443 "GET /api/v4/workspaces/146738 HTTP/1.1" 200 None
[2018-02-05 13:34:04,809 DEBUG Engine.cloud] Response [200]: {
    "api_version": 4,
    "error": null,
    "result": {
        "id": 146738,
        "name": "Demo workspace",
        "userId": 368191,
        "created": 1498856673,
        "updated": 1517347611,
        "enabled": true,
        "dedicatedIpsEnabled
[2018-02-05 13:34:04,815 DEBUG Engine.cloud] Request: GET https://a.blazemeter.com/api/v4/workspaces/127984 None
[2018-02-05 13:34:04,817 DEBUG urllib3.connectionpool] Starting new HTTPS connection (1): a.blazemeter.com
[2018-02-05 13:34:05,319 DEBUG urllib3.connectionpool] https://a.blazemeter.com:443 "GET /api/v4/workspaces/127984 HTTP/1.1" 200 None
[2018-02-05 13:34:05,398 DEBUG Engine.cloud] Response [200]: {
    "api_version": 4,
    "error": null,
    "result": {
        "id": 127984,
        "name": "Completely Irrelevant",
        "userId": 339612,
        "created": 1491261975,
        "updated": 1515790597,
        "enabled": true,
        "dedicatedIps
[2018-02-05 13:34:05,405 DEBUG Engine.cloud] Request: GET https://a.blazemeter.com/api/v4/workspaces/119008 None
[2018-02-05 13:34:05,408 DEBUG urllib3.connectionpool] Starting new HTTPS connection (1): a.blazemeter.com
[2018-02-05 13:34:05,948 DEBUG urllib3.connectionpool] https://a.blazemeter.com:443 "GET /api/v4/workspaces/119008 HTTP/1.1" 200 None
[2018-02-05 13:34:06,029 DEBUG Engine.cloud] Response [200]: {
    "api_version": 4,
    "error": null,
    "result": {
        "id": 119008,
        "name": "Default workspace",
        "userId": 339612,
        "created": 1486702692,
        "updated": 1486702692,
        "enabled": true,
        "dedicatedIpsEnab
[2018-02-05 13:34:06,036 DEBUG Engine.cloud] Request: GET https://a.blazemeter.com/api/v4/workspaces/127980 None
[2018-02-05 13:34:06,038 DEBUG urllib3.connectionpool] Starting new HTTPS connection (1): a.blazemeter.com
[2018-02-05 13:34:06,624 DEBUG urllib3.connectionpool] https://a.blazemeter.com:443 "GET /api/v4/workspaces/127980 HTTP/1.1" 200 None
[2018-02-05 13:34:06,704 DEBUG Engine.cloud] Response [200]: {
    "api_version": 4,
    "error": null,
    "result": {
        "id": 127980,
        "name": "Demo Workspace",
        "userId": 339612,
        "created": 1491255975,
        "updated": 1491255975,
        "enabled": true,
        "dedicatedIpsEnabled
[2018-02-05 13:34:06,710 DEBUG Engine.cloud] Request: GET https://a.blazemeter.com/api/v4/workspaces/132723 None
[2018-02-05 13:34:06,713 DEBUG urllib3.connectionpool] Starting new HTTPS connection (1): a.blazemeter.com
[2018-02-05 13:34:07,224 DEBUG urllib3.connectionpool] https://a.blazemeter.com:443 "GET /api/v4/workspaces/132723 HTTP/1.1" 200 None
[2018-02-05 13:34:07,306 DEBUG Engine.cloud] Response [200]: {
    "api_version": 4,
    "error": null,
    "result": {
        "id": 132723,
        "name": "Functional",
        "userId": 339612,
        "created": 1493312851,
        "updated": 1499734757,
        "enabled": true,
        "dedicatedIpsEnabled": t
[2018-02-05 13:34:07,312 DEBUG Engine.cloud] Request: GET https://a.blazemeter.com/api/v4/workspaces/153836 None
[2018-02-05 13:34:07,314 DEBUG urllib3.connectionpool] Starting new HTTPS connection (1): a.blazemeter.com
[2018-02-05 13:34:07,837 DEBUG urllib3.connectionpool] https://a.blazemeter.com:443 "GET /api/v4/workspaces/153836 HTTP/1.1" 200 None
[2018-02-05 13:34:07,916 DEBUG Engine.cloud] Response [200]: {
    "api_version": 4,
    "error": null,
    "result": {
        "id": 153836,
        "name": "blazedemo",
        "userId": 339612,
        "created": 1501870483,
        "updated": 1501870483,
        "enabled": true,
        "dedicatedIpsEnabled": tr
[2018-02-05 13:34:07,923 DEBUG Engine.cloud] Request: GET https://a.blazemeter.com/api/v4/workspaces/163251 None
[2018-02-05 13:34:07,925 DEBUG urllib3.connectionpool] Starting new HTTPS connection (1): a.blazemeter.com
[2018-02-05 13:34:08,472 DEBUG urllib3.connectionpool] https://a.blazemeter.com:443 "GET /api/v4/workspaces/163251 HTTP/1.1" 200 None
[2018-02-05 13:34:08,552 DEBUG Engine.cloud] Response [200]: {
    "api_version": 4,
    "error": null,
    "result": {
        "id": 163251,
        "name": "new opls",
        "userId": 339612,
        "created": 1505929373,
        "updated": 1505929373,
        "enabled": true,
        "dedicatedIpsEnabled": tru
[2018-02-05 13:34:08,558 DEBUG Engine.cloud] Request: GET https://a.blazemeter.com/api/v4/workspaces/135886 None
[2018-02-05 13:34:08,560 DEBUG urllib3.connectionpool] Starting new HTTPS connection (1): a.blazemeter.com
[2018-02-05 13:34:09,131 DEBUG urllib3.connectionpool] https://a.blazemeter.com:443 "GET /api/v4/workspaces/135886 HTTP/1.1" 200 None
[2018-02-05 13:34:09,209 DEBUG Engine.cloud] Response [200]: {
    "api_version": 4,
    "error": null,
    "result": {
        "id": 135886,
        "name": "scratch",
        "userId": 339612,
        "created": 1494801554,
        "updated": 1494801554,
        "enabled": true,
        "dedicatedIpsEnabled": true
[2018-02-05 13:34:09,215 DEBUG Engine.cloud] Request: GET https://a.blazemeter.com/api/v4/workspaces/7199 None
[2018-02-05 13:34:09,217 DEBUG urllib3.connectionpool] Starting new HTTPS connection (1): a.blazemeter.com
[2018-02-05 13:34:09,718 DEBUG urllib3.connectionpool] https://a.blazemeter.com:443 "GET /api/v4/workspaces/7199 HTTP/1.1" 200 None
[2018-02-05 13:34:09,798 DEBUG Engine.cloud] Response [200]: {
    "api_version": 4,
    "error": null,
    "result": {
        "id": 7199,
        "name": "CA SE Workspace",
        "userId": 307773,
        "created": 1477580960,
        "updated": 1507211353,
        "enabled": true,
        "dedicatedIpsEnabled"
[2018-02-05 13:34:09,804 DEBUG Engine.cloud] Request: GET https://a.blazemeter.com/api/v4/workspaces/133217 None
[2018-02-05 13:34:09,806 DEBUG urllib3.connectionpool] Starting new HTTPS connection (1): a.blazemeter.com
[2018-02-05 13:34:10,348 DEBUG urllib3.connectionpool] https://a.blazemeter.com:443 "GET /api/v4/workspaces/133217 HTTP/1.1" 200 None
[2018-02-05 13:34:10,429 DEBUG Engine.cloud] Response [200]: {
    "api_version": 4,
    "error": null,
    "result": {
        "id": 133217,
        "name": "SE DEMOs",
        "userId": 307773,
        "created": 1493664013,
        "updated": 1508256640,
        "enabled": true,
        "dedicatedIpsEnabled": tru
[2018-02-05 13:34:10,435 INFO Engine.cloud] Location: ap-northeast-1	Asia Pacific (Tokyo)
[2018-02-05 13:34:10,435 INFO Engine.cloud] Location: ap-northeast-2	Asia Pacific (Seoul)
[2018-02-05 13:34:10,435 INFO Engine.cloud] Location: ap-south-1	Asia Pacific (Mumbai)
[2018-02-05 13:34:10,435 INFO Engine.cloud] Location: ap-southeast-1	Asia Pacific (Singapore)
[2018-02-05 13:34:10,435 INFO Engine.cloud] Location: ap-southeast-2	Australia (Sydney)
[2018-02-05 13:34:10,436 INFO Engine.cloud] Location: asia-east1-a	Asia East (Taiwan, Google)
[2018-02-05 13:34:10,436 INFO Engine.cloud] Location: asia-northeast1-a	Asia Northeast (Japan, Google)
[2018-02-05 13:34:10,436 INFO Engine.cloud] Location: asia-south1-a	Asia South (Mumbai, Google)
[2018-02-05 13:34:10,436 INFO Engine.cloud] Location: asia-southeast1-a	Asia Southeast (Singapore, Google)
[2018-02-05 13:34:10,436 INFO Engine.cloud] Location: australia-southeast1-a	Australia (Sydney, Google)
[2018-02-05 13:34:10,436 INFO Engine.cloud] Location: azure-ap-northeast-1	Azure Korea Central (Seoul)
[2018-02-05 13:34:10,437 INFO Engine.cloud] Location: azure-ap-northeast-2	Azure Korea South (Busan)
[2018-02-05 13:34:10,437 INFO Engine.cloud] Location: azure-brazil-south-1	Azure Brazil South (Sao Paulo)
[2018-02-05 13:34:10,437 INFO Engine.cloud] Location: azure-central-asia-1	Azure Central India (Pune)
[2018-02-05 13:34:10,437 INFO Engine.cloud] Location: azure-central-asia-2	Azure West India (Mumbai)
[2018-02-05 13:34:10,437 INFO Engine.cloud] Location: azure-central-asia-3	Azure South India (Chennai)
[2018-02-05 13:34:10,437 INFO Engine.cloud] Location: azure-central-ca	Azure Canada Central (Toronto)
[2018-02-05 13:34:10,437 INFO Engine.cloud] Location: azure-central-us-1	Azure US Central (Iowa)
[2018-02-05 13:34:10,438 INFO Engine.cloud] Location: azure-east-asia-1	Azure East Asia (Hong Kong)
[2018-02-05 13:34:10,438 INFO Engine.cloud] Location: azure-east-au-1	Azure Australia East (New South Wales)
[2018-02-05 13:34:10,438 INFO Engine.cloud] Location: azure-east-ca	Azure Canada East (Quebec City)
[2018-02-05 13:34:10,438 INFO Engine.cloud] Location: azure-east-us-1	Azure US East (Virginia)
[2018-02-05 13:34:10,438 INFO Engine.cloud] Location: azure-east-us-2	Azure East US 2 (Virginia)
[2018-02-05 13:34:10,438 INFO Engine.cloud] Location: azure-eu-west-2	Azure UK South (London)
[2018-02-05 13:34:10,438 INFO Engine.cloud] Location: azure-eu-west-3	Azure UK West (Cardiff)
[2018-02-05 13:34:10,439 INFO Engine.cloud] Location: azure-japan-east-1	Azure Japan East (Tokyo, Saitama)
[2018-02-05 13:34:10,439 INFO Engine.cloud] Location: azure-japan-west-1	Azure Japan West (Osaka)
[2018-02-05 13:34:10,439 INFO Engine.cloud] Location: azure-north-central-us-1	Azure US North Central (Illinois)
[2018-02-05 13:34:10,439 INFO Engine.cloud] Location: azure-north-europe-1	Azure EU North (Ireland)
[2018-02-05 13:34:10,439 INFO Engine.cloud] Location: azure-south-central-us-1	Azure US South Central (Texas)
[2018-02-05 13:34:10,440 INFO Engine.cloud] Location: azure-southeast-asia-1	Azure Southeast Asia (Singapore)
[2018-02-05 13:34:10,440 INFO Engine.cloud] Location: azure-southeast-au-1	Azure Australia Southeast (Victoria)
[2018-02-05 13:34:10,440 INFO Engine.cloud] Location: azure-us-west-central	Azure US West Central (US West Central)
[2018-02-05 13:34:10,440 INFO Engine.cloud] Location: azure-west-europe-1	Azure EU West (Netherlands)
[2018-02-05 13:34:10,440 INFO Engine.cloud] Location: azure-west-us-1	Azure US West (California)
[2018-02-05 13:34:10,440 INFO Engine.cloud] Location: azure-west-us-2	Azure US East (US West 2)
[2018-02-05 13:34:10,441 INFO Engine.cloud] Location: ca-central-1	Canada (Central)
[2018-02-05 13:34:10,441 INFO Engine.cloud] Location: eu-central-1	EU Central (Frankfurt)
[2018-02-05 13:34:10,441 INFO Engine.cloud] Location: eu-west-1	EU West (Ireland)
[2018-02-05 13:34:10,441 INFO Engine.cloud] Location: eu-west-2	EU West (London)
[2018-02-05 13:34:10,441 INFO Engine.cloud] Location: eu-west-3	EU West (Paris) - New
[2018-02-05 13:34:10,441 INFO Engine.cloud] Location: europe-west1-b	EU West (Belgium, Google)
[2018-02-05 13:34:10,442 INFO Engine.cloud] Location: europe-west2-a	EU West (London, Google)
[2018-02-05 13:34:10,442 INFO Engine.cloud] Location: europe-west3-a	EU West (Frankfurt, Google)
[2018-02-05 13:34:10,442 INFO Engine.cloud] Location: sa-east-1	South America (Sao Paulo)
[2018-02-05 13:34:10,442 INFO Engine.cloud] Location: southamerica-east1-a	Brazil (Sao Paulo, Google)
[2018-02-05 13:34:10,442 INFO Engine.cloud] Location: us-central1-a	US Central (Iowa, Google)
[2018-02-05 13:34:10,442 INFO Engine.cloud] Location: us-east-1	US East (Virginia)
[2018-02-05 13:34:10,442 INFO Engine.cloud] Location: us-east-2	US East (Ohio)
[2018-02-05 13:34:10,443 INFO Engine.cloud] Location: us-east1-b	US East (South Carolina, Google)
[2018-02-05 13:34:10,443 INFO Engine.cloud] Location: us-east4-a	US East (Virginia, Google)
[2018-02-05 13:34:10,443 INFO Engine.cloud] Location: us-west-1	US West (N.California)
[2018-02-05 13:34:10,443 INFO Engine.cloud] Location: us-west-2	US West (Oregon)
[2018-02-05 13:34:10,443 INFO Engine.cloud] Location: us-west1-a	US West (Oregon, Google)
[2018-02-05 13:34:10,443 DEBUG root] Shutting down by request from code
[2018-02-05 13:34:10,447 DEBUG root] NormalShutdown: Done listing locations
Traceback (most recent call last):
  File "/usr/local/lib/python2.7/site-packages/bzt/cli.py", line 224, in perform
    self.engine.prepare()
  File "/usr/local/lib/python2.7/site-packages/bzt/engine.py", line 158, in prepare
    self.__prepare_provisioning()
  File "/usr/local/lib/python2.7/site-packages/bzt/engine.py", line 490, in __prepare_provisioning
    self.provisioning.prepare()
  File "/usr/local/lib/python2.7/site-packages/bzt/modules/blazemeter.py", line 1454, in prepare
    self.__dump_locations_if_needed()
  File "/usr/local/lib/python2.7/site-packages/bzt/modules/blazemeter.py", line 1508, in __dump_locations_if_needed
    raise NormalShutdown("Done listing locations")
NormalShutdown: Done listing locations
[2018-02-05 13:34:10,447 INFO Engine] Post-processing...
[2018-02-05 13:34:10,447 DEBUG Engine.consolidator] Consolidator buffer[0]: []
[2018-02-05 13:34:10,449 DEBUG Engine.Configuration] Dumping YAML config into /Users/daper01/Documents/OSLo/2018-02-05_13-34-01.462130/effective.yml
[2018-02-05 13:34:10,477 DEBUG Engine.Configuration] Dumping JSON config into /Users/daper01/Documents/OSLo/2018-02-05_13-34-01.462130/effective.json
[2018-02-05 13:34:10,478 INFO root] Artifacts dir: /Users/daper01/Documents/OSLo/2018-02-05_13-34-01.462130
[2018-02-05 13:34:10,479 INFO root] Done performing with code: 0
[2018-02-05 13:34:10,479 DEBUG root] Closing log handler: /Users/daper01/Documents/OSLo/2018-02-05_13-34-01.462130/bzt.log
