[2018-02-09 14:25:25,023 INFO root] Taurus CLI Tool v1.10.5
[2018-02-09 14:25:25,023 DEBUG root] Command-line options: {'verbose': None, 'no_system_configs': None, 'quiet': None, 'log': '/var/folders/vq/xzrdy2lx047cst78f69v8z3xfzqz1q/T/bzt_0phxr7.log', 'option': None, 'aliases': ['cloud']}
[2018-02-09 14:25:25,023 DEBUG root] Python: CPython 2.7.10
[2018-02-09 14:25:25,023 DEBUG root] OS: ('Darwin', 'daper01mac1124', '17.2.0', 'Darwin Kernel Version 17.2.0: Fri Sep 29 18:27:05 PDT 2017; root:xnu-4570.20.62~3/RELEASE_X86_64', 'x86_64', 'i386')
[2018-02-09 14:25:25,024 INFO root] Starting with configs: ['load_scenario_from_csv.yml', 'execution_jmeter.yml']
[2018-02-09 14:25:25,024 DEBUG root] Using personal config: /Users/daper01/.bzt-rc
[2018-02-09 14:25:25,024 INFO Engine] Configuring...
[2018-02-09 14:25:25,024 DEBUG Engine] No machine configs dir: /usr/local/Cellar/bzt/1.10.5/libexec/etc/bzt.d
[2018-02-09 14:25:25,024 DEBUG Engine] Base configs list: ['/usr/local/Cellar/bzt/1.10.5/libexec/lib/python2.7/site-packages/bzt/resources/base-config.yml']
[2018-02-09 14:25:25,024 DEBUG Engine.Configuration] Configs: ['/usr/local/Cellar/bzt/1.10.5/libexec/lib/python2.7/site-packages/bzt/resources/base-config.yml']
[2018-02-09 14:25:25,025 DEBUG Engine.Configuration] Reading /usr/local/Cellar/bzt/1.10.5/libexec/lib/python2.7/site-packages/bzt/resources/base-config.yml as YAML
[2018-02-09 14:25:25,050 DEBUG Engine] User configs list: ['/Users/daper01/.bzt-rc', 'load_scenario_from_csv.yml', 'execution_jmeter.yml']
[2018-02-09 14:25:25,050 DEBUG Engine.Configuration] Configs: ['/Users/daper01/.bzt-rc', 'load_scenario_from_csv.yml', 'execution_jmeter.yml']
[2018-02-09 14:25:25,051 DEBUG Engine.Configuration] Reading /Users/daper01/.bzt-rc as YAML
[2018-02-09 14:25:25,053 DEBUG Engine.Configuration] Reading load_scenario_from_csv.yml as YAML
[2018-02-09 14:25:25,057 DEBUG Engine.Configuration] Reading execution_jmeter.yml as YAML
[2018-02-09 14:25:25,062 DEBUG Engine.Configuration] Configs: ['/Users/daper01/.bzt-rc', 'load_scenario_from_csv.yml', 'execution_jmeter.yml']
[2018-02-09 14:25:25,063 DEBUG Engine.Configuration] Reading /Users/daper01/.bzt-rc as YAML
[2018-02-09 14:25:25,063 DEBUG Engine.Configuration] Reading load_scenario_from_csv.yml as YAML
[2018-02-09 14:25:25,068 DEBUG Engine.Configuration] Reading execution_jmeter.yml as YAML
[2018-02-09 14:25:25,089 DEBUG Engine] Requesting updates info: http://gettaurus.org/updates/?version=1.10.5&installID=macos-784f43782a15
[2018-02-09 14:25:25,093 INFO Engine] Artifacts dir: /Users/daper01/Documents/OSLo/artifacts/2018-02-09_14-25-25.089401
[2018-02-09 14:25:25,093 DEBUG Engine] New artifact filename: /Users/daper01/Documents/OSLo/artifacts/2018-02-09_14-25-25.089401/effective
[2018-02-09 14:25:25,096 DEBUG Engine.Configuration] Dumping YAML config into /Users/daper01/Documents/OSLo/artifacts/2018-02-09_14-25-25.089401/effective.yml
[2018-02-09 14:25:25,121 DEBUG Engine.Configuration] Dumping JSON config into /Users/daper01/Documents/OSLo/artifacts/2018-02-09_14-25-25.089401/effective.json
[2018-02-09 14:25:25,123 DEBUG Engine] New artifact filename: /Users/daper01/Documents/OSLo/artifacts/2018-02-09_14-25-25.089401/merged.yml
[2018-02-09 14:25:25,124 DEBUG Engine.Configuration] Dumping YAML config into /Users/daper01/Documents/OSLo/artifacts/2018-02-09_14-25-25.089401/merged.yml
[2018-02-09 14:25:25,133 DEBUG Engine] New artifact filename: /Users/daper01/Documents/OSLo/artifacts/2018-02-09_14-25-25.089401/merged.json
[2018-02-09 14:25:25,134 DEBUG Engine.Configuration] Dumping JSON config into /Users/daper01/Documents/OSLo/artifacts/2018-02-09_14-25-25.089401/merged.json
[2018-02-09 14:25:25,135 DEBUG Engine] Add existing artifact (move=False): load_scenario_from_csv.yml
[2018-02-09 14:25:25,135 DEBUG Engine] Copying load_scenario_from_csv.yml to /Users/daper01/Documents/OSLo/artifacts/2018-02-09_14-25-25.089401/load_scenario_from_csv.yml
[2018-02-09 14:25:25,135 DEBUG Engine] Add existing artifact (move=False): execution_jmeter.yml
[2018-02-09 14:25:25,135 DEBUG Engine] Copying execution_jmeter.yml to /Users/daper01/Documents/OSLo/artifacts/2018-02-09_14-25-25.089401/execution_jmeter.yml
[2018-02-09 14:25:25,136 DEBUG root] Closing log handler: /var/folders/vq/xzrdy2lx047cst78f69v8z3xfzqz1q/T/bzt_0phxr7.log
[2018-02-09 14:25:25,159 DEBUG root] Switched writing logs to /Users/daper01/Documents/OSLo/artifacts/2018-02-09_14-25-25.089401/bzt.log
[2018-02-09 14:25:25,159 DEBUG root] Linting config
[2018-02-09 14:25:25,162 INFO Engine] Preparing...
[2018-02-09 14:25:25,163 DEBUG Engine] Module config: consolidator defaultdict(None, {'class': 'bzt.modules.aggregator.ConsolidatingAggregator'})
[2018-02-09 14:25:25,163 DEBUG root] Importing module: bzt.modules.aggregator
[2018-02-09 14:25:25,188 DEBUG root] Loading class: 'ConsolidatingAggregator' from <module 'bzt.modules.aggregator' from '/usr/local/Cellar/bzt/1.10.5/libexec/lib/python2.7/site-packages/bzt/modules/aggregator.pyc'>
[2018-02-09 14:25:25,189 DEBUG Engine.consolidator] Buffer scaling setup: percentile 95.0 from [0.0, 50.0, 90.0, 95.0, 99.0, 99.9, 100.0] selected
[2018-02-09 14:25:25,190 DEBUG Engine] Module config: monitoring defaultdict(None, {'class': 'bzt.modules.monitoring.Monitoring'})
[2018-02-09 14:25:25,190 DEBUG root] Importing module: bzt.modules.monitoring
[2018-02-09 14:25:25,197 DEBUG root] Loading class: 'Monitoring' from <module 'bzt.modules.monitoring' from '/usr/local/Cellar/bzt/1.10.5/libexec/lib/python2.7/site-packages/bzt/modules/monitoring.pyc'>
[2018-02-09 14:25:25,197 DEBUG Engine.monitoring] Should not run because of non-matching prov: cloud != local
[2018-02-09 14:25:25,198 DEBUG Engine] Module config: cloud defaultdict(None, {'test': 'Taurus from Scenario', 'report-name': 'Taurus from Scenario', 'token': '********', 'class': 'bzt.modules.blazemeter.CloudProvisioning', 'default-location': 'us-central1-a'})
[2018-02-09 14:25:25,198 DEBUG root] Importing module: bzt.modules.blazemeter
[2018-02-09 14:25:25,311 DEBUG easyprocess] version=0.2.3
[2018-02-09 14:25:25,312 DEBUG pyvirtualdisplay] version=0.2.1
[2018-02-09 14:25:25,313 DEBUG root] Loading class: 'CloudProvisioning' from <module 'bzt.modules.blazemeter' from '/usr/local/Cellar/bzt/1.10.5/libexec/lib/python2.7/site-packages/bzt/modules/blazemeter.pyc'>
[2018-02-09 14:25:25,313 DEBUG Engine] Module config: blazemeter defaultdict(None, {'class': 'bzt.modules.blazemeter.BlazeMeterUploader'})
[2018-02-09 14:25:25,313 DEBUG root] Importing module: bzt.modules.blazemeter
[2018-02-09 14:25:25,313 DEBUG root] Loading class: 'BlazeMeterUploader' from <module 'bzt.modules.blazemeter' from '/usr/local/Cellar/bzt/1.10.5/libexec/lib/python2.7/site-packages/bzt/modules/blazemeter.pyc'>
[2018-02-09 14:25:25,313 DEBUG Engine.cloud] Request: GET https://a.blazemeter.com/api/v4/accounts None
[2018-02-09 14:25:25,357 DEBUG urllib3.connectionpool] Starting new HTTPS connection (1): a.blazemeter.com
[2018-02-09 14:25:25,869 DEBUG Engine] Taurus updates info: {"latest":"1.10.5","needsUpgrade":false}
[2018-02-09 14:25:25,870 DEBUG Engine] Installation is up-to-date
[2018-02-09 14:25:26,054 DEBUG urllib3.connectionpool] https://a.blazemeter.com:443 "GET /api/v4/accounts HTTP/1.1" 200 2726
[2018-02-09 14:25:26,056 DEBUG Engine.cloud] Response [200]: {
    "limit": 10,
    "skip": 0,
    "total": 3,
    "hidden": 0,
    "api_version": 4,
    "error": null,
    "result": [
        {
            "id": 153221,
            "name": "BlazeMeter Demo",
            "thumbnailUrl": "https://www.blazemeter.com/s
[2018-02-09 14:25:26,058 DEBUG Engine.cloud] Request: GET https://a.blazemeter.com/api/v4/workspaces?accountId=153221&enabled=true&limit=100 None
[2018-02-09 14:25:26,270 DEBUG urllib3.connectionpool] https://a.blazemeter.com:443 "GET /api/v4/workspaces?accountId=153221&enabled=true&limit=100 HTTP/1.1" 200 814
[2018-02-09 14:25:26,271 DEBUG Engine.cloud] Response [200]: {
    "limit": 100,
    "skip": 0,
    "total": 1,
    "hidden": 0,
    "api_version": 4,
    "error": null,
    "result": [
        {
            "id": 146738,
            "name": "Demo workspace",
            "userId": 368191,
            "created": 1498
[2018-02-09 14:25:26,272 DEBUG Engine.cloud] Request: GET https://a.blazemeter.com/api/v4/workspaces?accountId=125626&enabled=true&limit=100 None
[2018-02-09 14:25:26,689 DEBUG urllib3.connectionpool] https://a.blazemeter.com:443 "GET /api/v4/workspaces?accountId=125626&enabled=true&limit=100 HTTP/1.1" 200 4887
[2018-02-09 14:25:26,690 DEBUG Engine.cloud] Response [200]: {
    "limit": 100,
    "skip": 0,
    "total": 7,
    "hidden": 0,
    "api_version": 4,
    "error": null,
    "result": [
        {
            "id": 127984,
            "name": "Completely Irrelevant",
            "userId": 339612,
            "created
[2018-02-09 14:25:26,694 DEBUG Engine.cloud] Request: GET https://a.blazemeter.com/api/v4/workspaces?accountId=21166&enabled=true&limit=100 None
[2018-02-09 14:25:27,098 DEBUG urllib3.connectionpool] https://a.blazemeter.com:443 "GET /api/v4/workspaces?accountId=21166&enabled=true&limit=100 HTTP/1.1" 200 1482
[2018-02-09 14:25:27,100 DEBUG Engine.cloud] Response [200]: {
    "limit": 100,
    "skip": 0,
    "total": 2,
    "hidden": 0,
    "api_version": 4,
    "error": null,
    "result": [
        {
            "id": 7199,
            "name": "CA SE Workspace",
            "userId": 307773,
            "created": 14775
[2018-02-09 14:25:27,102 DEBUG Engine] Module config: jmeter defaultdict(None, {'properties': defaultdict(None, {'jmeter.save.saveservice.autoflush': 'true', 'jmeter.save.saveservice.connect_time': 'true', 'summariser.name': '', 'jmeterengine.force.system.exit': 'true'}), 'class': 'bzt.modules.jmeter.JMeterExecutor', 'plugins': ['jpgc-casutg', 'jpgc-dummy', 'jpgc-ffw', 'jpgc-fifo', 'jpgc-functions', 'jpgc-json', 'jpgc-perfmon', 'jpgc-prmctl', 'jpgc-tst']})
[2018-02-09 14:25:27,102 DEBUG root] Importing module: bzt.modules.jmeter
[2018-02-09 14:25:27,140 DEBUG root] Loading class: 'JMeterExecutor' from <module 'bzt.modules.jmeter' from '/usr/local/Cellar/bzt/1.10.5/libexec/lib/python2.7/site-packages/bzt/modules/jmeter.pyc'>
[2018-02-09 14:25:27,142 DEBUG Engine.cloud.ProjectFinder] Parsed test link: None
[2018-02-09 14:25:27,142 DEBUG Engine.cloud] Request: GET https://a.blazemeter.com/api/v4/accounts None
[2018-02-09 14:25:27,508 DEBUG urllib3.connectionpool] https://a.blazemeter.com:443 "GET /api/v4/accounts HTTP/1.1" 200 2726
[2018-02-09 14:25:27,509 DEBUG Engine.cloud] Response [200]: {
    "limit": 10,
    "skip": 0,
    "total": 3,
    "hidden": 0,
    "api_version": 4,
    "error": null,
    "result": [
        {
            "id": 153221,
            "name": "BlazeMeter Demo",
            "thumbnailUrl": "https://www.blazemeter.com/s
[2018-02-09 14:25:27,512 DEBUG Engine.cloud.ProjectFinder] Using first account: {u'updated': 1517347611, u'disclaimerMessage': None, u'appUrl': u'https://a.blazemeter.com', u'inviteUrl': u'https://a.blazemeter.com/app/sign-up', u'owner': {u'displayName': u'Dan Arad', u'id': 368191, u'email': u'dan.arad+demo@blazemeter.com'}, u'membersCount': 9, u'thumbnailUrl': u'https://www.blazemeter.com/sites/all/themes/blazemeter/images/blazemeter-logo-small.jpg', u'inviteContactEmail': None, u'apiKeyExpiration': -1, u'workspacesCount': 2, u'name': u'BlazeMeter Demo', u'created': 1498856673, u'legacyApiKeysDisabled': False, u'totangoId': None, u'id': 153221, u'inviteContactName': None, u'salesforceId': None, u'sessionDelayedStart': 180}
[2018-02-09 14:25:27,513 DEBUG Engine.cloud] Request: GET https://a.blazemeter.com/api/v4/workspaces?accountId=153221&enabled=true&limit=100 None
[2018-02-09 14:25:27,917 DEBUG urllib3.connectionpool] https://a.blazemeter.com:443 "GET /api/v4/workspaces?accountId=153221&enabled=true&limit=100 HTTP/1.1" 200 814
[2018-02-09 14:25:27,920 DEBUG Engine.cloud] Response [200]: {
    "limit": 100,
    "skip": 0,
    "total": 1,
    "hidden": 0,
    "api_version": 4,
    "error": null,
    "result": [
        {
            "id": 146738,
            "name": "Demo workspace",
            "userId": 368191,
            "created": 1498
[2018-02-09 14:25:27,921 DEBUG Engine.cloud.ProjectFinder] Using first workspace: {u'updated': 1517347611, u'name': u'Demo workspace', u'created': 1498856673, u'enabled': True, u'performanceLabsEnabled': False, u'userId': 368191, u'dedicatedIpsEnabled': True, u'privateLocationsEnabled': True, u'owner': {u'displayName': u'Dan Arad', u'id': 368191, u'email': u'dan.arad+demo@blazemeter.com'}, u'membersCount': 9, u'accountId': 153221, u'id': 146738, u'allowance': {u'amount': 999999, u'type': u'hours'}}
[2018-02-09 14:25:27,921 DEBUG Engine.cloud] Request: GET https://a.blazemeter.com/api/v4/user None
[2018-02-09 14:25:28,104 DEBUG urllib3.connectionpool] https://a.blazemeter.com:443 "GET /api/v4/user HTTP/1.1" 200 2347
[2018-02-09 14:25:28,105 DEBUG Engine.cloud] Response [200]: {
    "api_version": 4,
    "error": null,
    "result": {
        "id": 339612,
        "email": "eric.dapp@blazemeter.com",
        "access": 1518215125,
        "login": 1515090360,
        "firstName": "Eric",
        "lastName": "Dapp",
        "timez
[2018-02-09 14:25:28,105 DEBUG Engine.cloud] Request: GET https://a.blazemeter.com/api/v4/projects?workspaceId=146738&limit=99999 None
[2018-02-09 14:25:28,329 DEBUG urllib3.connectionpool] https://a.blazemeter.com:443 "GET /api/v4/projects?workspaceId=146738&limit=99999 HTTP/1.1" 200 1403
[2018-02-09 14:25:28,330 DEBUG Engine.cloud] Response [200]: {
    "limit": 50,
    "skip": 0,
    "total": 4,
    "hidden": 0,
    "api_version": 4,
    "error": null,
    "result": [
        {
            "id": 216192,
            "name": "API Stress Tests",
            "userId": null,
            "description": "
[2018-02-09 14:25:28,331 DEBUG Engine.cloud] Request: POST https://a.blazemeter.com/api/v4/projects {
 "workspaceId": 146738, 
 "name": "Taurus Tests Project"
}
[2018-02-09 14:25:28,509 DEBUG urllib3.connectionpool] https://a.blazemeter.com:443 "POST /api/v4/projects HTTP/1.1" 201 332
[2018-02-09 14:25:28,510 DEBUG Engine.cloud] Response [201]: {
    "api_version": 4,
    "error": null,
    "result": {
        "id": 252796,
        "name": "Taurus Tests Project",
        "userId": 339612,
        "description": null,
        "created": 1518215128,
        "updated": 1518215128,
        "organizat
[2018-02-09 14:25:28,511 DEBUG Engine.cloud] Request: GET https://a.blazemeter.com/api/v4/multi-tests?projectId=252796&name=Taurus+from+Scenario None
[2018-02-09 14:25:28,941 DEBUG urllib3.connectionpool] https://a.blazemeter.com:443 "GET /api/v4/multi-tests?projectId=252796&name=Taurus+from+Scenario HTTP/1.1" 200 126
[2018-02-09 14:25:28,942 DEBUG Engine.cloud] Response [200]: {
    "limit": 10,
    "skip": 0,
    "total": 0,
    "hidden": 0,
    "api_version": 4,
    "error": null,
    "result": []
}
[2018-02-09 14:25:28,943 DEBUG Engine.cloud] Request: GET https://a.blazemeter.com/api/v4/tests?projectId=252796&name=Taurus+from+Scenario None
[2018-02-09 14:25:29,127 DEBUG urllib3.connectionpool] https://a.blazemeter.com:443 "GET /api/v4/tests?projectId=252796&name=Taurus+from+Scenario HTTP/1.1" 200 126
[2018-02-09 14:25:29,128 DEBUG Engine.cloud] Response [200]: {
    "limit": 10,
    "skip": 0,
    "total": 0,
    "hidden": 0,
    "api_version": 4,
    "error": null,
    "result": []
}
[2018-02-09 14:25:29,129 DEBUG Engine.cloud.ProjectFinder] Will create standard test
[2018-02-09 14:25:29,130 DEBUG Engine.cloud] Request: GET https://a.blazemeter.com/api/v4/workspaces/146738 None
[2018-02-09 14:25:29,507 DEBUG urllib3.connectionpool] https://a.blazemeter.com:443 "GET /api/v4/workspaces/146738 HTTP/1.1" 200 None
[2018-02-09 14:25:29,578 DEBUG Engine.cloud] Response [200]: {
    "api_version": 4,
    "error": null,
    "result": {
        "id": 146738,
        "name": "Demo workspace",
        "userId": 368191,
        "created": 1498856673,
        "updated": 1517347611,
        "enabled": true,
        "dedicatedIpsEnabled
[2018-02-09 14:25:29,597 DEBUG Engine.cloud] All resource files are: ['./param.csv']
[2018-02-09 14:25:29,598 DEBUG Engine.cloud] Replace file names in config: ['./param.csv'] with ['param.csv']
[2018-02-09 14:25:29,598 DEBUG Engine.cloud] Replaced ./param.csv with param.csv
[2018-02-09 14:25:29,600 DEBUG Engine] New artifact filename: /Users/daper01/Documents/OSLo/artifacts/2018-02-09_14-25-25.089401/cloud
[2018-02-09 14:25:29,601 DEBUG root] Dumping YAML config into /Users/daper01/Documents/OSLo/artifacts/2018-02-09_14-25-25.089401/cloud.yml
[2018-02-09 14:25:29,613 DEBUG root] Dumping JSON config into /Users/daper01/Documents/OSLo/artifacts/2018-02-09_14-25-25.089401/cloud.json
[2018-02-09 14:25:29,614 DEBUG Engine.cloud] Creating new test
[2018-02-09 14:25:29,614 DEBUG Engine.cloud] Request: POST https://a.blazemeter.com/api/v4/tests {
 "projectId": 252796, 
 "configuration": {
  "type": "taurus", 
  "plugins": {
   "taurus": {
    "filename": ""
   }
  }
 }, 
 "name": "Taurus from Scenario"
}
[2018-02-09 14:25:29,983 DEBUG urllib3.connectionpool] https://a.blazemeter.com:443 "POST /api/v4/tests HTTP/1.1" 201 576
[2018-02-09 14:25:29,985 DEBUG Engine.cloud] Response [201]: {
    "api_version": 4,
    "error": null,
    "result": {
        "id": 5930581,
        "name": "Taurus from Scenario",
        "userId": 339612,
        "created": 1518215129,
        "updated": 1518215129,
        "creatorClientId": "Taurus",
        "
[2018-02-09 14:25:29,986 DEBUG Engine.cloud] Request: GET https://a.blazemeter.com/api/v4/web/elfinder/5930581?cmd=open&target=s1_Lw None
[2018-02-09 14:25:30,319 DEBUG urllib3.connectionpool] https://a.blazemeter.com:443 "GET /api/v4/web/elfinder/5930581?cmd=open&target=s1_Lw HTTP/1.1" 200 1276
[2018-02-09 14:25:30,320 DEBUG Engine.cloud] Response [200]: {"cwd":{"name":"data","size":0,"mime":"directory","read":1,"write":1,"parent_id":"users","hash":"s1_Lw","rootRev":"","options":{"path":"","url":"","tmbUrl":"","disabled":["mkdir","archive","extract","chmod"],"separator":"\/","copyOverwrite":1,"uploadOverwr
[2018-02-09 14:25:30,321 DEBUG Engine.cloud] Test files: []
[2018-02-09 14:25:30,334 DEBUG Engine.cloud] Uploading files into the test: ['/Users/daper01/Documents/OSLo/param.csv']
[2018-02-09 14:25:30,365 DEBUG Engine.cloud] Request: POST https://a.blazemeter.com/api/v4/tests/5930581/files --===============7612331693695683038==
Content-Disposition: file; name="script"; filename="taurus.yml"
Content-Type: application/octet-stream

---
execution:
- concurrency: 200
  executor: jmeter
  hold-for: 2m
  locations:
    us-east-1: 1
    us-west
[2018-02-09 14:25:30,913 DEBUG urllib3.connectionpool] https://a.blazemeter.com:443 "POST /api/v4/tests/5930581/files HTTP/1.1" 201 522
[2018-02-09 14:25:30,914 DEBUG Engine.cloud] Response [201]: {
    "api_version": 4,
    "error": null,
    "result": {
        "id": 5930581,
        "name": "Taurus from Scenario",
        "userId": 339612,
        "creatorClientId": "Taurus",
        "created": 1518215129,
        "updated": 1518215130,
        "
[2018-02-09 14:25:30,914 DEBUG Engine.cloud] Request: PATCH https://a.blazemeter.com/api/v4/tests/5930581 {
 "configuration": {
  "executionType": null
 }
}
[2018-02-09 14:25:31,399 DEBUG urllib3.connectionpool] https://a.blazemeter.com:443 "PATCH /api/v4/tests/5930581 HTTP/1.1" 200 1127
[2018-02-09 14:25:31,401 DEBUG Engine.cloud] Response [200]: {
    "api_version": 4,
    "error": null,
    "result": {
        "id": 5930581,
        "name": "Taurus from Scenario",
        "userId": 339612,
        "creatorClientId": "Taurus",
        "created": 1518215129,
        "updated": 1518215131,
        "
[2018-02-09 14:25:31,402 DEBUG Engine.cloud] Request: PATCH https://a.blazemeter.com/api/v4/tests/5930581 {
 "configuration": {
  "plugins": {
   "reportEmail": {
    "enabled": false
   }, 
   "functionalExecution": {
    "enabled": false
   }
  }
 }
}
[2018-02-09 14:25:32,013 DEBUG urllib3.connectionpool] https://a.blazemeter.com:443 "PATCH /api/v4/tests/5930581 HTTP/1.1" 200 1499
[2018-02-09 14:25:32,014 DEBUG Engine.cloud] Response [200]: {
    "api_version": 4,
    "error": null,
    "result": {
        "id": 5930581,
        "name": "Taurus from Scenario",
        "userId": 339612,
        "creatorClientId": "Taurus",
        "created": 1518215129,
        "updated": 1518215131,
        "
[2018-02-09 14:25:32,015 DEBUG Engine] Module config: final-stats defaultdict(None, {'class': 'bzt.modules.reporting.FinalStatus'})
[2018-02-09 14:25:32,015 DEBUG root] Importing module: bzt.modules.reporting
[2018-02-09 14:25:32,018 DEBUG root] Loading class: 'FinalStatus' from <module 'bzt.modules.reporting' from '/usr/local/Cellar/bzt/1.10.5/libexec/lib/python2.7/site-packages/bzt/modules/reporting.pyc'>
[2018-02-09 14:25:32,018 DEBUG Engine] Module config: console defaultdict(None, {'class': 'bzt.modules.console.ConsoleStatusReporter'})
[2018-02-09 14:25:32,019 DEBUG root] Importing module: bzt.modules.console
[2018-02-09 14:25:32,019 DEBUG root] Loading class: 'ConsoleStatusReporter' from <module 'bzt.modules.console' from '/usr/local/Cellar/bzt/1.10.5/libexec/lib/python2.7/site-packages/bzt/modules/console.pyc'>
[2018-02-09 14:25:32,033 DEBUG Engine.Configuration] Dumping YAML config into /Users/daper01/Documents/OSLo/artifacts/2018-02-09_14-25-25.089401/effective.yml
[2018-02-09 14:25:32,062 DEBUG Engine.Configuration] Dumping JSON config into /Users/daper01/Documents/OSLo/artifacts/2018-02-09_14-25-25.089401/effective.json
[2018-02-09 14:25:32,063 INFO Engine] Starting...
[2018-02-09 14:25:32,064 DEBUG Engine] Startup <bzt.modules.aggregator.ConsolidatingAggregator object at 0x1055a5c50>
[2018-02-09 14:25:32,064 DEBUG Engine] Startup <bzt.modules.reporting.FinalStatus object at 0x106143850>
[2018-02-09 14:25:32,064 DEBUG Engine] Startup <bzt.modules.console.ConsoleStatusReporter object at 0x106119690>
[2018-02-09 14:25:32,064 INFO Engine.console] Waiting for results...
[2018-02-09 14:25:32,064 DEBUG Engine] Startup <bzt.modules.reporting.FinalStatus object at 0x1061197d0>
[2018-02-09 14:25:32,064 DEBUG Engine] Startup <bzt.modules.blazemeter.CloudProvisioning object at 0x1054b0d90>
[2018-02-09 14:25:32,064 INFO Engine.cloud.ProjectFinder.CloudTaurusTest] Initiating cloud test with https://a.blazemeter.com ...
[2018-02-09 14:25:32,065 DEBUG Engine.cloud] Request: POST https://a.blazemeter.com/api/v4/tests/5930581/start None
[2018-02-09 14:25:32,628 DEBUG urllib3.connectionpool] https://a.blazemeter.com:443 "POST /api/v4/tests/5930581/start HTTP/1.1" 202 592
[2018-02-09 14:25:32,629 DEBUG Engine.cloud] Response [202]: {
    "api_version": 4,
    "error": null,
    "result": {
        "id": 17249365,
        "name": "Taurus from Scenario",
        "userId": 339612,
        "runnerUserId": 339612,
        "creatorClientId": "Taurus",
        "executorClientId": "Taurus",

[2018-02-09 14:25:32,630 INFO Engine.cloud] Started cloud test: https://a.blazemeter.com/app/#/masters/17249365
[2018-02-09 14:25:33,113 DEBUG Engine.cloud] Request: PATCH https://a.blazemeter.com/api/v4/masters/17249365 {
 "name": "Taurus from Scenario"
}
[2018-02-09 14:25:33,383 DEBUG urllib3.connectionpool] https://a.blazemeter.com:443 "PATCH /api/v4/masters/17249365 HTTP/1.1" 200 510
[2018-02-09 14:25:33,384 DEBUG Engine.cloud] Response [200]: {
    "api_version": 4,
    "error": null,
    "result": {
        "id": 17249365,
        "name": "Taurus from Scenario",
        "userId": 339612,
        "runnerUserId": 339612,
        "creatorClientId": "Taurus",
        "executorClientId": "Taurus",

[2018-02-09 14:25:33,389 DEBUG Engine.Configuration] Dumping YAML config into /Users/daper01/Documents/OSLo/artifacts/2018-02-09_14-25-25.089401/effective.yml
[2018-02-09 14:25:33,457 DEBUG Engine.Configuration] Dumping JSON config into /Users/daper01/Documents/OSLo/artifacts/2018-02-09_14-25-25.089401/effective.json
[2018-02-09 14:25:33,460 DEBUG root] Leveling down log file verbosity, use -v option to have DEBUG messages enabled
[2018-02-09 14:25:33,664 INFO Engine.cloud] Cloud test status: INIT
[2018-02-09 14:25:33,870 INFO Engine.console] Waiting for finish...
[2018-02-09 14:25:38,773 INFO Engine.cloud] Cloud test status: BOOT_STARTING
[2018-02-09 14:26:03,864 INFO Engine.cloud] Cloud test status: TAURUS_ENGINE_INIT
[2018-02-09 14:27:59,119 INFO Engine.cloud] Cloud test status: DATA_RECEIVED
[2018-02-09 14:30:43,913 INFO Engine.cloud] Cloud test status: ENDED
[2018-02-09 14:30:43,927 INFO Engine.cloud] Test was stopped in the cloud: ENDED
[2018-02-09 14:30:44,911 WARNING Engine] Please wait for graceful shutdown...
[2018-02-09 14:30:44,918 DEBUG root] Leveled up log file verbosity
[2018-02-09 14:30:44,919 INFO Engine] Shutting down...
[2018-02-09 14:30:44,925 DEBUG Engine.console] Restoring logging streams, [<logging.StreamHandler object at 0x10547e190>]/{<logging.StreamHandler object at 0x10547e190>: <open file '<stdout>', mode 'w' at 0x104044150>}
[2018-02-09 14:30:44,929 DEBUG Engine.Configuration] Dumping YAML config into /Users/daper01/Documents/OSLo/artifacts/2018-02-09_14-25-25.089401/effective.yml
[2018-02-09 14:30:44,961 DEBUG Engine.Configuration] Dumping JSON config into /Users/daper01/Documents/OSLo/artifacts/2018-02-09_14-25-25.089401/effective.json
[2018-02-09 14:30:44,962 INFO Engine] Post-processing...
[2018-02-09 14:30:44,962 DEBUG Engine.cloud] Request: GET https://a.blazemeter.com/api/v4/masters/17249365/full None
[2018-02-09 14:30:45,159 DEBUG urllib3.connectionpool] https://a.blazemeter.com:443 "GET /api/v4/masters/17249365/full HTTP/1.1" 200 7704
[2018-02-09 14:30:45,160 DEBUG Engine.cloud] Response [200]: {
    "api_version": 4,
    "error": null,
    "result": {
        "id": 17249365,
        "name": "Taurus from Scenario",
        "userId": 339612,
        "ended": 1518215442,
        "runnerUserId": 339612,
        "maxUsers": 200,
        "created": 15
[2018-02-09 14:30:45,161 DEBUG Engine.cloud] Request: GET https://a.blazemeter.com/api/v4/data/labels?master_id=17249365 None
[2018-02-09 14:30:45,390 DEBUG urllib3.connectionpool] https://a.blazemeter.com:443 "GET /api/v4/data/labels?master_id=17249365 HTTP/1.1" 200 1153
[2018-02-09 14:30:45,391 DEBUG Engine.cloud] Response [200]: {
    "api_version": 4,
    "error": null,
    "result": [
        {
            "id": "ALL",
            "name": "ALL",
            "sessions": [
                "r-t-5a7e1fde5ef10",
                "r-t-5a7e1fde64517"
            ]
        },
        {
 
[2018-02-09 14:30:45,392 DEBUG Engine.cloud] Request: GET https://a.blazemeter.com/api/v4/data/kpis?interval=1&from=1518215398&master_ids%5B%5D=17249365&kpis%5B%5D=t&kpis%5B%5D=lt&kpis%5B%5D=by&kpis%5B%5D=n&kpis%5B%5D=ec&kpis%5B%5D=ts&kpis%5B%5D=na&labels%5B%5D=ALL&labels%5B%5D=6e7d9dd12b9ae952b37645e2df1f99d0&labels%5B%5D=82abaa0ca2f497bd8da64a1297f0c6a9&labels%5B%5D=3337ac94558b1dc857a9cfeed95b8eb7&labels%5B%5D=02c795eb3dbabd7d6d13003efeb01507 None
[2018-02-09 14:30:45,608 DEBUG urllib3.connectionpool] https://a.blazemeter.com:443 "GET /api/v4/data/kpis?interval=1&from=1518215398&master_ids%5B%5D=17249365&kpis%5B%5D=t&kpis%5B%5D=lt&kpis%5B%5D=by&kpis%5B%5D=n&kpis%5B%5D=ec&kpis%5B%5D=ts&kpis%5B%5D=na&labels%5B%5D=ALL&labels%5B%5D=6e7d9dd12b9ae952b37645e2df1f99d0&labels%5B%5D=82abaa0ca2f497bd8da64a1297f0c6a9&labels%5B%5D=3337ac94558b1dc857a9cfeed95b8eb7&labels%5B%5D=02c795eb3dbabd7d6d13003efeb01507 HTTP/1.1" 200 1118
[2018-02-09 14:30:45,609 DEBUG Engine.cloud] Response [200]: {
    "api_version": 4,
    "error": null,
    "result": [
        {
            "labelId": "6e7d9dd12b9ae952b37645e2df1f99d0",
            "labelName": "Confirmation Page",
            "label": "Confirmation Page",
            "kpis": [
                {

[2018-02-09 14:30:45,609 DEBUG Engine.cloud] Request: GET https://a.blazemeter.com/api/v4/masters/17249365/reports/aggregatereport/data None
[2018-02-09 14:30:45,823 DEBUG urllib3.connectionpool] https://a.blazemeter.com:443 "GET /api/v4/masters/17249365/reports/aggregatereport/data HTTP/1.1" 200 3524
[2018-02-09 14:30:45,824 DEBUG Engine.cloud] Response [200]: {
    "api_version": 4,
    "error": null,
    "result": [
        {
            "labelId": "ALL",
            "labelName": "ALL",
            "samples": 39156,
            "avgResponseTime": 693.25,
            "90line": 975.04,
            "95line": 1054
[2018-02-09 14:30:45,824 DEBUG Engine.cloud] Request: GET https://a.blazemeter.com/api/v4/masters/17249365/reports/errorsreport/data?noDataError=false None
[2018-02-09 14:30:46,262 DEBUG urllib3.connectionpool] https://a.blazemeter.com:443 "GET /api/v4/masters/17249365/reports/errorsreport/data?noDataError=false HTTP/1.1" 200 61
[2018-02-09 14:30:46,263 DEBUG Engine.cloud] Response [200]: {
    "api_version": 4,
    "error": null,
    "result": []
}
[2018-02-09 14:30:46,265 DEBUG Engine.consolidator] Consolidator buffer[3]: [1518215396, 1518215397, 1518215398]
[2018-02-09 14:30:46,265 DEBUG Engine.consolidator] Merging into 1518215396
[2018-02-09 14:30:46,265 DEBUG Engine.consolidator] Merging 1518215396
[2018-02-09 14:30:46,270 DEBUG Engine.consolidator] Processed datapoint: 1518215396/None
[2018-02-09 14:30:46,270 DEBUG Engine.consolidator] Merging into 1518215397
[2018-02-09 14:30:46,271 DEBUG Engine.consolidator] Merging 1518215397
[2018-02-09 14:30:46,275 DEBUG Engine.consolidator] Processed datapoint: 1518215397/None
[2018-02-09 14:30:46,276 DEBUG Engine.consolidator] Merging into 1518215398
[2018-02-09 14:30:46,276 DEBUG Engine.consolidator] Merging 1518215398
[2018-02-09 14:30:46,280 DEBUG Engine.consolidator] Processed datapoint: 1518215398/None
[2018-02-09 14:30:46,281 INFO Engine.final-stats] Test duration: 0:05:12
[2018-02-09 14:30:46,281 INFO Engine.final-stats] Samples count: 23564, 0.00% failures
[2018-02-09 14:30:46,281 INFO Engine.final-stats] Average times: total 0.642, latency 0.566, connect 0.000
[2018-02-09 14:30:46,281 INFO Engine.final-stats] Percentile 90.0%: 0.629
[2018-02-09 14:30:46,281 INFO Engine.final-stats] Percentile 95.0%: 0.706
[2018-02-09 14:30:46,281 INFO Engine.final-stats] Percentile 99.0%: 0.913
[2018-02-09 14:30:46,281 DEBUG Engine.console] No logger_handler or orig_stream was detected
[2018-02-09 14:30:46,281 INFO Engine.final-stats] Test duration: 0:05:12
[2018-02-09 14:30:46,282 INFO Engine.final-stats] Samples count: 23564, 0.00% failures
[2018-02-09 14:30:46,282 INFO Engine.final-stats] Average times: total 0.642, latency 0.566, connect 0.000
[2018-02-09 14:30:46,282 INFO Engine.final-stats] Percentile 90.0%: 0.629
[2018-02-09 14:30:46,282 INFO Engine.final-stats] Percentile 95.0%: 0.706
[2018-02-09 14:30:46,282 INFO Engine.final-stats] Percentile 99.0%: 0.913
[2018-02-09 14:30:46,282 INFO Engine.final-stats] Dumping final status as XML: stats.xml
[2018-02-09 14:30:46,287 DEBUG Engine.Configuration] Dumping YAML config into /Users/daper01/Documents/OSLo/artifacts/2018-02-09_14-25-25.089401/effective.yml
[2018-02-09 14:30:46,321 DEBUG Engine.Configuration] Dumping JSON config into /Users/daper01/Documents/OSLo/artifacts/2018-02-09_14-25-25.089401/effective.json
[2018-02-09 14:30:46,322 INFO root] Artifacts dir: /Users/daper01/Documents/OSLo/artifacts/2018-02-09_14-25-25.089401
[2018-02-09 14:30:46,323 INFO root] Done performing with code: 0
[2018-02-09 14:30:46,323 DEBUG root] Closing log handler: /Users/daper01/Documents/OSLo/artifacts/2018-02-09_14-25-25.089401/bzt.log
