[2017-06-16 10:33:05,800 INFO root] Taurus CLI Tool v1.9.1
[2017-06-16 10:33:05,801 DEBUG root] Command-line options: {'verbose': None, 'no_system_configs': None, 'quiet': None, 'log': '/var/folders/vq/xzrdy2lx047cst78f69v8z3xfzqz1q/T/bzt_Y72kqn.log', 'option': None, 'aliases': ['cloud']}
[2017-06-16 10:33:05,801 DEBUG root] Python: CPython 2.7.13
[2017-06-16 10:33:05,801 DEBUG root] OS: ('Darwin', 'daper01mac1124', '16.4.0', 'Darwin Kernel Version 16.4.0: Thu Dec 22 22:53:21 PST 2016; root:xnu-3789.41.3~3/RELEASE_X86_64', 'x86_64', 'i386')
[2017-06-16 10:33:05,801 INFO root] Starting with configs: ['JM_from_scenario.yml']
[2017-06-16 10:33:05,801 DEBUG root] Adding personal config: /Users/daper01/.bzt-rc
[2017-06-16 10:33:05,801 INFO Engine] Configuring...
[2017-06-16 10:33:05,801 DEBUG Engine] Reading extension configs from: /usr/local/etc/bzt.d
[2017-06-16 10:33:05,802 DEBUG Engine.Configuration] Configs: ['/usr/local/lib/python2.7/site-packages/bzt/resources/base-config.yml', '/usr/local/etc/bzt.d/99-installID.yml']
[2017-06-16 10:33:05,802 DEBUG Engine.Configuration] Reading /usr/local/lib/python2.7/site-packages/bzt/resources/base-config.yml
[2017-06-16 10:33:05,802 DEBUG Engine.Configuration] Reading /usr/local/lib/python2.7/site-packages/bzt/resources/base-config.yml as YAML
[2017-06-16 10:33:05,827 DEBUG Engine.Configuration] Reading /usr/local/etc/bzt.d/99-installID.yml
[2017-06-16 10:33:05,827 DEBUG Engine.Configuration] Reading /usr/local/etc/bzt.d/99-installID.yml as YAML
[2017-06-16 10:33:05,827 DEBUG Engine.Configuration] Configs: ['/Users/daper01/.bzt-rc', 'JM_from_scenario.yml']
[2017-06-16 10:33:05,827 DEBUG Engine.Configuration] Reading /Users/daper01/.bzt-rc
[2017-06-16 10:33:05,827 DEBUG Engine.Configuration] Reading /Users/daper01/.bzt-rc as YAML
[2017-06-16 10:33:05,828 DEBUG Engine.Configuration] Reading JM_from_scenario.yml
[2017-06-16 10:33:05,828 DEBUG Engine.Configuration] Reading JM_from_scenario.yml as YAML
[2017-06-16 10:33:05,835 DEBUG root] Configs: ['/Users/daper01/.bzt-rc', 'JM_from_scenario.yml']
[2017-06-16 10:33:05,835 DEBUG root] Reading /Users/daper01/.bzt-rc
[2017-06-16 10:33:05,835 DEBUG root] Reading /Users/daper01/.bzt-rc as YAML
[2017-06-16 10:33:05,836 DEBUG root] Reading JM_from_scenario.yml
[2017-06-16 10:33:05,836 DEBUG root] Reading JM_from_scenario.yml as YAML
[2017-06-16 10:33:05,853 DEBUG Engine] Requesting updates info: http://gettaurus.org/updates/?version=1.9.1&installID=784f43782a15
[2017-06-16 10:33:05,858 INFO Engine] Artifacts dir: /Users/daper01/Documents/OSLo/from_scenario/2017-06-16_10-33-05.858421
[2017-06-16 10:33:05,858 DEBUG Engine] New artifact filename: /Users/daper01/Documents/OSLo/from_scenario/2017-06-16_10-33-05.858421/effective
[2017-06-16 10:33:05,861 DEBUG Engine.Configuration] Dumping YAML config into /Users/daper01/Documents/OSLo/from_scenario/2017-06-16_10-33-05.858421/effective.yml
[2017-06-16 10:33:05,883 DEBUG Engine.Configuration] Dumping JSON config into /Users/daper01/Documents/OSLo/from_scenario/2017-06-16_10-33-05.858421/effective.json
[2017-06-16 10:33:05,884 DEBUG Engine] New artifact filename: /Users/daper01/Documents/OSLo/from_scenario/2017-06-16_10-33-05.858421/merged.yml
[2017-06-16 10:33:05,884 DEBUG root] Dumping YAML config into /Users/daper01/Documents/OSLo/from_scenario/2017-06-16_10-33-05.858421/merged.yml
[2017-06-16 10:33:05,891 DEBUG Engine] New artifact filename: /Users/daper01/Documents/OSLo/from_scenario/2017-06-16_10-33-05.858421/merged.json
[2017-06-16 10:33:05,892 DEBUG root] Dumping JSON config into /Users/daper01/Documents/OSLo/from_scenario/2017-06-16_10-33-05.858421/merged.json
[2017-06-16 10:33:05,892 DEBUG Engine] Add existing artifact (move=False): JM_from_scenario.yml
[2017-06-16 10:33:05,892 DEBUG Engine] Copying JM_from_scenario.yml to /Users/daper01/Documents/OSLo/from_scenario/2017-06-16_10-33-05.858421/JM_from_scenario.yml
[2017-06-16 10:33:05,892 DEBUG root] Closing log handler: /var/folders/vq/xzrdy2lx047cst78f69v8z3xfzqz1q/T/bzt_Y72kqn.log
[2017-06-16 10:33:05,893 DEBUG root] Switched writing logs to /Users/daper01/Documents/OSLo/from_scenario/2017-06-16_10-33-05.858421/bzt.log
[2017-06-16 10:33:05,893 INFO Engine] Preparing...
[2017-06-16 10:33:05,893 DEBUG Engine] Module config: consolidator defaultdict(None, {'class': 'bzt.modules.aggregator.ConsolidatingAggregator'})
[2017-06-16 10:33:05,893 DEBUG root] Importing module: bzt.modules.aggregator
[2017-06-16 10:33:05,895 DEBUG root] Loading class: 'ConsolidatingAggregator' from <module 'bzt.modules.aggregator' from '/usr/local/lib/python2.7/site-packages/bzt/modules/aggregator.pyc'>
[2017-06-16 10:33:05,895 DEBUG Engine.consolidator] Exception in dehumanize_time(inf)
[2017-06-16 10:33:05,895 DEBUG Engine.consolidator] Buffer scaling setup: percentile 95.0 from [0.0, 50.0, 90.0, 95.0, 99.0, 99.9, 100.0] selected
[2017-06-16 10:33:05,895 DEBUG Engine] Module config: monitoring defaultdict(None, {'class': 'bzt.modules.monitoring.Monitoring'})
[2017-06-16 10:33:05,895 DEBUG root] Importing module: bzt.modules.monitoring
[2017-06-16 10:33:05,915 DEBUG root] Loading class: 'Monitoring' from <module 'bzt.modules.monitoring' from '/usr/local/lib/python2.7/site-packages/bzt/modules/monitoring.pyc'>
[2017-06-16 10:33:05,915 DEBUG Engine.monitoring] Should not run because of non-matching prov: cloud != local
[2017-06-16 10:33:05,915 DEBUG Engine] Module config: cloud defaultdict(None, {'class': 'bzt.modules.blazemeter.CloudProvisioning', 'default-location': 'us-central1-a'})
[2017-06-16 10:33:05,915 DEBUG root] Importing module: bzt.modules.blazemeter
[2017-06-16 10:33:05,941 DEBUG root] Loading class: 'CloudProvisioning' from <module 'bzt.modules.blazemeter' from '/usr/local/lib/python2.7/site-packages/bzt/modules/blazemeter.pyc'>
[2017-06-16 10:33:05,942 DEBUG Engine] Module config: blazemeter defaultdict(None, {'test': 'Test Test', 'report-name': 'Report name Test', 'token': '********', 'class': 'bzt.modules.blazemeter.BlazeMeterUploader', 'project': 'Project 1 Test'})
[2017-06-16 10:33:05,942 DEBUG root] Importing module: bzt.modules.blazemeter
[2017-06-16 10:33:05,942 DEBUG root] Loading class: 'BlazeMeterUploader' from <module 'bzt.modules.blazemeter' from '/usr/local/lib/python2.7/site-packages/bzt/modules/blazemeter.pyc'>
[2017-06-16 10:33:05,942 DEBUG Engine.cloud] Request: GET https://a.blazemeter.com/api/v4/accounts None
[2017-06-16 10:33:06,462 DEBUG Engine] Taurus updates info: {"latest":"1.9.3","needsUpgrade":true}
[2017-06-16 10:33:06,462 WARNING Engine] There is newer version of Taurus 1.9.3 available, consider upgrading. What's new: http://gettaurus.org/docs/Changelog/
[2017-06-16 10:33:06,603 DEBUG Engine.cloud] Response: {
    "limit": 10,
    "skip": 0,
    "total": 2,
    "api_version": 4,
    "error": null,
    "result": [
        {
            "id": 125626,
            "name": "Default Account",
            "thumbnailUrl": null,
            "salesforceId": null,
      
[2017-06-16 10:33:06,604 DEBUG Engine.cloud] Request: GET https://a.blazemeter.com/api/v4/workspaces?accountId=125626&enabled=true&limit=100 None
[2017-06-16 10:33:07,076 DEBUG Engine.cloud] Response: {
    "limit": 100,
    "skip": 0,
    "total": 5,
    "api_version": 4,
    "error": null,
    "result": [
        {
            "id": 119008,
            "name": "Default workspace",
            "userId": 339612,
            "created": 1486702692,
      
[2017-06-16 10:33:07,077 DEBUG Engine.cloud] Request: GET https://a.blazemeter.com/api/v4/workspaces?accountId=21166&enabled=true&limit=100 None
[2017-06-16 10:33:07,558 DEBUG Engine.cloud] Response: {
    "limit": 100,
    "skip": 0,
    "total": 1,
    "api_version": 4,
    "error": null,
    "result": [
        {
            "id": 133217,
            "name": "DEMOs",
            "userId": 307773,
            "created": 1493664013,
            "updat
[2017-06-16 10:33:07,558 DEBUG Engine] Module config: jmeter defaultdict(None, {'properties': defaultdict(None, {'jmeter.save.saveservice.autoflush': 'true', 'summariser.name': '', 'jmeter.save.saveservice.connect_time': 'true', 'mode': 'Stripped', 'jmeterengine.force.system.exit': 'true'}), 'class': 'bzt.modules.jmeter.JMeterExecutor', 'plugins': ['jpgc-casutg', 'jpgc-dummy', 'jpgc-ffw', 'jpgc-fifo', 'jpgc-functions', 'jpgc-json', 'jpgc-perfmon', 'jpgc-prmctl', 'jpgc-tst']})
[2017-06-16 10:33:07,558 DEBUG root] Importing module: bzt.modules.jmeter
[2017-06-16 10:33:07,567 DEBUG root] Loading class: 'JMeterExecutor' from <module 'bzt.modules.jmeter' from '/usr/local/lib/python2.7/site-packages/bzt/modules/jmeter.pyc'>
[2017-06-16 10:33:07,568 DEBUG Engine.cloud] Request: GET https://a.blazemeter.com/api/v4/projects?workspaceId=119008&limit=99999 None
[2017-06-16 10:33:08,000 DEBUG Engine.cloud] Response: {
    "limit": 99999,
    "skip": 0,
    "total": 6,
    "api_version": 4,
    "error": null,
    "result": [
        {
            "id": 163658,
            "name": "BlazeDemo Tests",
            "userId": null,
            "description": "",
            
[2017-06-16 10:33:08,000 DEBUG Engine.cloud] Request: GET https://a.blazemeter.com/api/v4/projects?workspaceId=127980&limit=99999 None
[2017-06-16 10:33:08,436 DEBUG Engine.cloud] Response: {
    "limit": 99999,
    "skip": 0,
    "total": 2,
    "api_version": 4,
    "error": null,
    "result": [
        {
            "id": 173138,
            "name": "Default project",
            "userId": null,
            "description": null,
          
[2017-06-16 10:33:08,436 DEBUG Engine.cloud] Request: GET https://a.blazemeter.com/api/v4/projects?workspaceId=127984&limit=99999 None
[2017-06-16 10:33:08,874 DEBUG Engine.cloud] Response: {
    "limit": 99999,
    "skip": 0,
    "total": 1,
    "api_version": 4,
    "error": null,
    "result": [
        {
            "id": 173143,
            "name": "Default project",
            "userId": null,
            "description": null,
          
[2017-06-16 10:33:08,874 DEBUG Engine.cloud] Request: GET https://a.blazemeter.com/api/v4/projects?workspaceId=132723&limit=99999 None
[2017-06-16 10:33:09,323 DEBUG Engine.cloud] Response: {
    "limit": 99999,
    "skip": 0,
    "total": 1,
    "api_version": 4,
    "error": null,
    "result": [
        {
            "id": 178588,
            "name": "Default project",
            "userId": null,
            "description": null,
          
[2017-06-16 10:33:09,323 DEBUG Engine.cloud] Request: GET https://a.blazemeter.com/api/v4/projects?workspaceId=135886&limit=99999 None
[2017-06-16 10:33:09,769 DEBUG Engine.cloud] Response: {
    "limit": 99999,
    "skip": 0,
    "total": 2,
    "api_version": 4,
    "error": null,
    "result": [
        {
            "id": 182182,
            "name": "Default project",
            "userId": null,
            "description": null,
          
[2017-06-16 10:33:09,769 DEBUG Engine.cloud] Request: GET https://a.blazemeter.com/api/v4/projects?workspaceId=133217&limit=99999 None
[2017-06-16 10:33:10,226 DEBUG Engine.cloud] Response: {
    "limit": 99999,
    "skip": 0,
    "total": 1,
    "api_version": 4,
    "error": null,
    "result": [
        {
            "id": 179141,
            "name": "Default project",
            "userId": null,
            "description": null,
          
[2017-06-16 10:33:10,226 DEBUG Engine.cloud] Request: GET https://a.blazemeter.com/api/v4/multi-tests?projectId=172145&name=Test+Test None
[2017-06-16 10:33:10,676 DEBUG Engine.cloud] Response: {
    "limit": 10,
    "skip": 0,
    "total": 0,
    "api_version": 4,
    "error": null,
    "result": []
}
[2017-06-16 10:33:10,677 DEBUG Engine.cloud.ProjectFinder] Looked for collection: None
[2017-06-16 10:33:10,677 DEBUG Engine.cloud] Request: GET https://a.blazemeter.com/api/v4/tests?projectId=172145&name=Test+Test None
[2017-06-16 10:33:11,122 DEBUG Engine.cloud] Response: {
    "limit": 10,
    "skip": 0,
    "total": 1,
    "api_version": 4,
    "error": null,
    "result": [
        {
            "id": 5577651,
            "name": "Test Test",
            "userId": 339612,
            "created": 1490887165,
            "u
[2017-06-16 10:33:11,122 DEBUG Engine.cloud.ProjectFinder] Looked for test: {u'updated': 1497547606, u'name': u'Test Test', u'created': 1490887165, u'projectId': 172145, u'userId': 339612, u'lastUpdatedById': 339612, u'configuration': {u'targetThreads': 0, u'type': u'taurus', u'canControlRampup': False, u'plugins': {u'taurus': {u'filename': u'taurus.yml'}}}, u'id': 5577651}
[2017-06-16 10:33:11,122 DEBUG Engine.cloud.ProjectFinder] Detected test type: old
[2017-06-16 10:33:11,122 DEBUG Engine.cloud] Request: GET https://a.blazemeter.com/api/v4/workspaces/119008 None
[2017-06-16 10:33:11,658 DEBUG Engine.cloud] Response: {
    "api_version": 4,
    "error": null,
    "result": {
        "id": 119008,
        "name": "Default workspace",
        "userId": 339612,
        "created": 1486702692,
        "updated": 1486702692,
        "enabled": true,
        "dedicatedIpsEnab
[2017-06-16 10:33:11,662 DEBUG Engine.cloud] Request: GET https://a.blazemeter.com/api/v4/workspaces/127980 None
[2017-06-16 10:33:12,207 DEBUG Engine.cloud] Response: {
    "api_version": 4,
    "error": null,
    "result": {
        "id": 127980,
        "name": "Demo Workspace",
        "userId": 339612,
        "created": 1491255975,
        "updated": 1491255975,
        "enabled": true,
        "dedicatedIpsEnabled
[2017-06-16 10:33:12,216 DEBUG Engine.cloud] Request: GET https://a.blazemeter.com/api/v4/workspaces/127984 None
[2017-06-16 10:33:12,768 DEBUG Engine.cloud] Response: {
    "api_version": 4,
    "error": null,
    "result": {
        "id": 127984,
        "name": "Demo Workspace 2",
        "userId": 339612,
        "created": 1491261975,
        "updated": 1491261975,
        "enabled": true,
        "dedicatedIpsEnabl
[2017-06-16 10:33:12,774 DEBUG Engine.cloud] Request: GET https://a.blazemeter.com/api/v4/workspaces/132723 None
[2017-06-16 10:33:13,339 DEBUG Engine.cloud] Response: {
    "api_version": 4,
    "error": null,
    "result": {
        "id": 132723,
        "name": "QA Workspace",
        "userId": 339612,
        "created": 1493312851,
        "updated": 1493312851,
        "enabled": true,
        "dedicatedIpsEnabled":
[2017-06-16 10:33:13,343 DEBUG Engine.cloud] Request: GET https://a.blazemeter.com/api/v4/workspaces/135886 None
[2017-06-16 10:33:13,879 DEBUG Engine.cloud] Response: {
    "api_version": 4,
    "error": null,
    "result": {
        "id": 135886,
        "name": "scratch",
        "userId": 339612,
        "created": 1494801554,
        "updated": 1494801554,
        "enabled": true,
        "dedicatedIpsEnabled": true
[2017-06-16 10:33:13,884 DEBUG Engine.cloud] Request: GET https://a.blazemeter.com/api/v4/workspaces/133217 None
[2017-06-16 10:33:14,436 DEBUG Engine.cloud] Response: {
    "api_version": 4,
    "error": null,
    "result": {
        "id": 133217,
        "name": "DEMOs",
        "userId": 307773,
        "created": 1493664013,
        "updated": 1493746137,
        "enabled": true,
        "dedicatedIpsEnabled": true,

[2017-06-16 10:33:14,442 DEBUG Engine.cloud] All resource files are: []
[2017-06-16 10:33:14,442 DEBUG Engine.cloud] Replace file names in config: [] with []
[2017-06-16 10:33:14,444 DEBUG Engine] New artifact filename: /Users/daper01/Documents/OSLo/from_scenario/2017-06-16_10-33-05.858421/cloud
[2017-06-16 10:33:14,445 DEBUG root] Dumping YAML config into /Users/daper01/Documents/OSLo/from_scenario/2017-06-16_10-33-05.858421/cloud.yml
[2017-06-16 10:33:14,458 DEBUG root] Dumping JSON config into /Users/daper01/Documents/OSLo/from_scenario/2017-06-16_10-33-05.858421/cloud.json
[2017-06-16 10:33:14,458 DEBUG Engine.cloud] Request: GET https://a.blazemeter.com/api/v4/web/elfinder/5577651?cmd=open&target=s1_Lw None
[2017-06-16 10:33:15,027 DEBUG Engine.cloud] Response: {"cwd":{"name":"data","size":0,"mime":"directory","read":1,"write":1,"parent_id":"users","hash":"s1_Lw","rootRev":"","options":{"path":"","url":"","tmbUrl":"","disabled":["mkdir","archive","extract","chmod"],"separator":"\/","copyOverwrite":1,"uploadOverwr
[2017-06-16 10:33:15,028 DEBUG Engine.cloud] Test files: [u'taurus.yml']
[2017-06-16 10:33:15,028 DEBUG Engine.cloud] Request: GET https://a.blazemeter.com/api/v4/web/elfinder/5577651?cmd=rm&targets[]=s1_dGF1cnVzLnltbA None
[2017-06-16 10:33:15,595 DEBUG Engine.cloud] Response: {"removed":["s1_dGF1cnVzLnltbA"],"changed":[{"name":"data","size":0,"mime":"directory","read":1,"write":1,"parent_id":"users","hash":"s1_Lw","rootRev":"","options":{"path":"","url":"","tmbUrl":"","disabled":["mkdir","archive","extract","chmod"],"separator"
[2017-06-16 10:33:15,595 DEBUG Engine.cloud] Successfully deleted 1 test files
[2017-06-16 10:33:15,607 DEBUG Engine.cloud] Uploading files into the test: []
[2017-06-16 10:33:15,614 DEBUG Engine.cloud] Request: POST https://a.blazemeter.com/api/v4/tests/5577651/files --===============6723877109248442762==
Content-Disposition: file; name="script"; filename="taurus.yml"
Content-Type: application/octet-stream

---
execution:
- concurrency: 500
  executor: jmeter
  hold-for: 5m
  locations:
    us-central1-a: 1
  ramp-
[2017-06-16 10:33:16,244 DEBUG Engine.cloud] Response: {
    "api_version": 4,
    "error": null,
    "result": {
        "id": 5577651,
        "name": "Test Test",
        "userId": 339612,
        "created": 1490887165,
        "updated": 1497634395,
        "configuration": {
            "type": "taurus",

[2017-06-16 10:33:16,244 DEBUG Engine.cloud] Request: PATCH https://a.blazemeter.com/api/v4/tests/5577651 {
 "configuration": {
  "executionType": null
 }
}
[2017-06-16 10:33:16,773 DEBUG Engine.cloud] Response: {
    "api_version": 4,
    "error": null,
    "result": {
        "id": 5577651,
        "name": "Test Test",
        "userId": 339612,
        "created": 1490887165,
        "updated": 1497634396,
        "projectId": 172145,
        "lastUpdatedById": 3
[2017-06-16 10:33:16,774 DEBUG Engine] Module config: final-stats defaultdict(None, {'class': 'bzt.modules.reporting.FinalStatus'})
[2017-06-16 10:33:16,774 DEBUG root] Importing module: bzt.modules.reporting
[2017-06-16 10:33:16,775 DEBUG root] Loading class: 'FinalStatus' from <module 'bzt.modules.reporting' from '/usr/local/lib/python2.7/site-packages/bzt/modules/reporting.pyc'>
[2017-06-16 10:33:16,775 DEBUG Engine] Module config: console defaultdict(None, {'class': 'bzt.modules.console.ConsoleStatusReporter'})
[2017-06-16 10:33:16,775 DEBUG root] Importing module: bzt.modules.console
[2017-06-16 10:33:16,775 DEBUG root] Loading class: 'ConsoleStatusReporter' from <module 'bzt.modules.console' from '/usr/local/lib/python2.7/site-packages/bzt/modules/console.pyc'>
[2017-06-16 10:33:16,783 DEBUG Engine.Configuration] Dumping YAML config into /Users/daper01/Documents/OSLo/from_scenario/2017-06-16_10-33-05.858421/effective.yml
[2017-06-16 10:33:16,813 DEBUG Engine.Configuration] Dumping JSON config into /Users/daper01/Documents/OSLo/from_scenario/2017-06-16_10-33-05.858421/effective.json
[2017-06-16 10:33:16,814 INFO Engine] Starting...
[2017-06-16 10:33:16,814 DEBUG Engine] Startup <bzt.modules.aggregator.ConsolidatingAggregator object at 0x1099327d0>
[2017-06-16 10:33:16,814 DEBUG Engine] Startup <bzt.modules.reporting.FinalStatus object at 0x10a7dc790>
[2017-06-16 10:33:16,814 DEBUG Engine] Startup <bzt.modules.console.ConsoleStatusReporter object at 0x10a7f9150>
[2017-06-16 10:33:16,814 INFO Engine.console] Waiting for results...
[2017-06-16 10:33:16,814 DEBUG Engine] Startup <bzt.modules.reporting.FinalStatus object at 0x10a7f9410>
[2017-06-16 10:33:16,814 DEBUG Engine] Startup <bzt.modules.blazemeter.CloudProvisioning object at 0x109932fd0>
[2017-06-16 10:33:16,815 INFO Engine.cloud.ProjectFinder.CloudTaurusTest] Initiating cloud test with https://a.blazemeter.com ...
[2017-06-16 10:33:16,815 DEBUG Engine.cloud] Request: POST https://a.blazemeter.com/api/v4/tests/5577651/start None
[2017-06-16 10:33:17,552 DEBUG Engine.cloud] Response: {
    "api_version": 4,
    "error": null,
    "result": {
        "id": 16324684,
        "name": "Test Test",
        "userId": 339612,
        "runnerUserId": 339612,
        "created": 1497634397,
        "updated": 1497634397,
        "testId": 557765
[2017-06-16 10:33:17,553 INFO Engine.cloud] Started cloud test: https://a.blazemeter.com/app/#/masters/16324684
[2017-06-16 10:33:17,685 DEBUG Engine.cloud] Request: PATCH https://a.blazemeter.com/api/v4/masters/16324684 {
 "name": "Report name Test"
}
[2017-06-16 10:33:18,213 DEBUG Engine.cloud] Response: {
    "api_version": 4,
    "error": null,
    "result": {
        "id": 16324684,
        "name": "Report name Test",
        "userId": 339612,
        "runnerUserId": 339612,
        "created": 1497634397,
        "updated": 1497634397,
        "taurusSe
[2017-06-16 10:33:18,217 DEBUG Engine.Configuration] Dumping YAML config into /Users/daper01/Documents/OSLo/from_scenario/2017-06-16_10-33-05.858421/effective.yml
[2017-06-16 10:33:18,264 DEBUG Engine.Configuration] Dumping JSON config into /Users/daper01/Documents/OSLo/from_scenario/2017-06-16_10-33-05.858421/effective.json
[2017-06-16 10:33:18,266 DEBUG root] Leveling down log file verbosity, use -v option to have DEBUG messages enabled
[2017-06-16 10:33:18,744 INFO Engine.cloud] Cloud test status: INIT
[2017-06-16 10:33:19,217 INFO Engine.console] Waiting for finish...
[2017-06-16 10:33:23,733 INFO Engine.cloud] Cloud test status: BOOT_STARTING
[2017-06-16 10:34:03,844 INFO Engine.cloud] Cloud test status: INIT_SCRIPT
[2017-06-16 10:34:08,876 INFO Engine.cloud] Cloud test status: TAURUS_ENGINE_INIT
[2017-06-16 10:35:14,055 INFO Engine.cloud] Cloud test status: DATA_RECIEVED
[2017-06-16 10:40:57,926 INFO Engine.cloud] Cloud test status: ENDED
[2017-06-16 10:40:57,938 INFO Engine.cloud] Test was stopped in the cloud: ENDED
[2017-06-16 10:40:59,345 WARNING Engine] Please wait for graceful shutdown...
[2017-06-16 10:40:59,356 DEBUG root] Leveled up log file verbosity
[2017-06-16 10:40:59,356 INFO Engine] Shutting down...
[2017-06-16 10:40:59,365 DEBUG Engine.console] Restoring logging streams, [<logging.StreamHandler object at 0x109932790>]/{<logging.StreamHandler object at 0x109932790>: <open file '<stdout>', mode 'w' at 0x1087f0150>}
[2017-06-16 10:40:59,367 DEBUG Engine.Configuration] Dumping YAML config into /Users/daper01/Documents/OSLo/from_scenario/2017-06-16_10-33-05.858421/effective.yml
[2017-06-16 10:40:59,401 DEBUG Engine.Configuration] Dumping JSON config into /Users/daper01/Documents/OSLo/from_scenario/2017-06-16_10-33-05.858421/effective.json
[2017-06-16 10:40:59,402 INFO Engine] Post-processing...
[2017-06-16 10:40:59,402 DEBUG Engine.cloud] Request: GET https://a.blazemeter.com/api/v4/masters/16324684/full None
[2017-06-16 10:40:59,842 DEBUG Engine.cloud] Response: {
    "api_version": 4,
    "error": null,
    "result": {
        "id": 16324684,
        "name": "Report name Test",
        "userId": 339612,
        "ended": 1497634855,
        "runnerUserId": 339612,
        "maxUsers": 500,
        "created": 149763
[2017-06-16 10:40:59,843 DEBUG Engine.cloud] Request: GET https://a.blazemeter.com/api/v4/data/labels?master_id=16324684 None
[2017-06-16 10:41:00,330 DEBUG Engine.cloud] Response: {
    "api_version": 4,
    "error": null,
    "result": [
        {
            "id": "ALL",
            "name": "ALL",
            "sessions": [
                "r-t-5944165e7eb0f"
            ]
        },
        {
            "id": "6e7d9dd12b9ae952b37
[2017-06-16 10:41:00,331 DEBUG Engine.cloud] Request: GET https://a.blazemeter.com/api/v4/data/kpis?interval=1&from=1497634810&master_ids%5B%5D=16324684&kpis%5B%5D=t&kpis%5B%5D=lt&kpis%5B%5D=by&kpis%5B%5D=n&kpis%5B%5D=ec&kpis%5B%5D=ts&kpis%5B%5D=na&labels%5B%5D=ALL&labels%5B%5D=6e7d9dd12b9ae952b37645e2df1f99d0&labels%5B%5D=82abaa0ca2f497bd8da64a1297f0c6a9&labels%5B%5D=3337ac94558b1dc857a9cfeed95b8eb7&labels%5B%5D=02c795eb3dbabd7d6d13003efeb01507 None
[2017-06-16 10:41:00,813 DEBUG Engine.cloud] Response: {
    "api_version": 4,
    "error": null,
    "result": [
        {
            "labelId": "02c795eb3dbabd7d6d13003efeb01507",
            "labelName": "Welcome Page",
            "label": "Welcome Page",
            "kpis": [
                {
          
[2017-06-16 10:41:00,813 DEBUG Engine.cloud] Request: GET https://a.blazemeter.com/api/v4/masters/16324684/reports/aggregatereport/data None
[2017-06-16 10:41:01,253 DEBUG Engine.cloud] Response: {
    "api_version": 4,
    "error": null,
    "result": [
        {
            "labelId": "ALL",
            "labelName": "ALL",
            "samples": 94697,
            "avgResponseTime": 1667,
            "90line": 2107,
            "95line": 2392,
  
[2017-06-16 10:41:01,255 DEBUG Engine.consolidator] Consolidator buffer[3]: [1497634808, 1497634809, 1497634810]
[2017-06-16 10:41:01,255 DEBUG Engine.consolidator] Merging into 1497634808
[2017-06-16 10:41:01,255 DEBUG Engine.consolidator] Merging 1497634808
[2017-06-16 10:41:01,260 DEBUG Engine.consolidator] Processed datapoint: 1497634808/None
[2017-06-16 10:41:01,260 DEBUG Engine.consolidator] Merging into 1497634809
[2017-06-16 10:41:01,260 DEBUG Engine.consolidator] Merging 1497634809
[2017-06-16 10:41:01,263 DEBUG Engine.consolidator] Processed datapoint: 1497634809/None
[2017-06-16 10:41:01,263 DEBUG Engine.consolidator] Merging into 1497634810
[2017-06-16 10:41:01,263 DEBUG Engine.consolidator] Merging 1497634810
[2017-06-16 10:41:01,266 DEBUG Engine.consolidator] Processed datapoint: 1497634810/None
[2017-06-16 10:41:01,266 INFO Engine.final-stats] Test duration: 0:07:45
[2017-06-16 10:41:01,266 INFO Engine.final-stats] Samples count: 94697, 0.00% failures
[2017-06-16 10:41:01,266 INFO Engine.final-stats] Average times: total 1.667, latency 1.523, connect 0.000
[2017-06-16 10:41:01,267 INFO Engine.final-stats] Percentile 90.0%: 1.217
[2017-06-16 10:41:01,267 INFO Engine.final-stats] Percentile 95.0%: 1.357
[2017-06-16 10:41:01,267 INFO Engine.final-stats] Percentile 99.0%: 3.752
[2017-06-16 10:41:01,268 DEBUG Engine.console] No logger_handler or orig_stream was detected
[2017-06-16 10:41:01,268 INFO Engine.final-stats] Test duration: 0:07:45
[2017-06-16 10:41:01,268 INFO Engine.final-stats] Samples count: 94697, 0.00% failures
[2017-06-16 10:41:01,268 INFO Engine.final-stats] Average times: total 1.667, latency 1.523, connect 0.000
[2017-06-16 10:41:01,268 INFO Engine.final-stats] Percentile 90.0%: 1.217
[2017-06-16 10:41:01,268 INFO Engine.final-stats] Percentile 95.0%: 1.357
[2017-06-16 10:41:01,268 INFO Engine.final-stats] Percentile 99.0%: 3.752
[2017-06-16 10:41:01,269 INFO Engine.final-stats] Dumping final status as XML: stats.xml
[2017-06-16 10:41:01,274 DEBUG Engine.Configuration] Dumping YAML config into /Users/daper01/Documents/OSLo/from_scenario/2017-06-16_10-33-05.858421/effective.yml
[2017-06-16 10:41:01,335 DEBUG Engine.Configuration] Dumping JSON config into /Users/daper01/Documents/OSLo/from_scenario/2017-06-16_10-33-05.858421/effective.json
[2017-06-16 10:41:01,338 INFO root] Artifacts dir: /Users/daper01/Documents/OSLo/from_scenario/2017-06-16_10-33-05.858421
[2017-06-16 10:41:01,338 INFO root] Done performing with code: 0
[2017-06-16 10:41:01,338 DEBUG root] Closing log handler: /Users/daper01/Documents/OSLo/from_scenario/2017-06-16_10-33-05.858421/bzt.log
