[2017-12-12 10:05:27,527 INFO root] Taurus CLI Tool v1.9.6
[2017-12-12 10:05:27,527 DEBUG root] Command-line options: {'verbose': None, 'no_system_configs': None, 'quiet': None, 'log': '/var/folders/vq/xzrdy2lx047cst78f69v8z3xfzqz1q/T/bzt_cHZYDZ.log', 'option': None, 'aliases': []}
[2017-12-12 10:05:27,528 DEBUG root] Python: CPython 2.7.13
[2017-12-12 10:05:27,528 DEBUG root] OS: ('Darwin', 'daper01mac1124', '17.2.0', 'Darwin Kernel Version 17.2.0: Fri Sep 29 18:27:05 PDT 2017; root:xnu-4570.20.62~3/RELEASE_X86_64', 'x86_64', 'i386')
[2017-12-12 10:05:27,528 INFO root] Starting with configs: ['load_scenario_from_csv.yml', 'execution_jmeter.yml']
[2017-12-12 10:05:27,528 DEBUG root] Using personal config: /Users/daper01/.bzt-rc
[2017-12-12 10:05:27,528 INFO Engine] Configuring...
[2017-12-12 10:05:27,528 DEBUG Engine] Reading extension configs from: /usr/local/etc/bzt.d
[2017-12-12 10:05:27,529 DEBUG Engine.Configuration] Configs: ['/usr/local/lib/python2.7/site-packages/bzt/resources/base-config.yml', '/usr/local/etc/bzt.d/99-installID.yml']
[2017-12-12 10:05:27,614 DEBUG Engine.Configuration] Reading /usr/local/lib/python2.7/site-packages/bzt/resources/base-config.yml as YAML
[2017-12-12 10:05:27,719 DEBUG Engine.Configuration] Reading /usr/local/etc/bzt.d/99-installID.yml as YAML
[2017-12-12 10:05:27,719 DEBUG Engine.Configuration] Configs: ['/Users/daper01/.bzt-rc', 'load_scenario_from_csv.yml', 'execution_jmeter.yml']
[2017-12-12 10:05:27,720 DEBUG Engine.Configuration] Reading /Users/daper01/.bzt-rc as YAML
[2017-12-12 10:05:27,803 DEBUG Engine.Configuration] Reading load_scenario_from_csv.yml as YAML
[2017-12-12 10:05:27,890 DEBUG Engine.Configuration] Reading execution_jmeter.yml as YAML
[2017-12-12 10:05:27,894 DEBUG Engine.Configuration] Configs: ['/Users/daper01/.bzt-rc', 'load_scenario_from_csv.yml', 'execution_jmeter.yml']
[2017-12-12 10:05:27,895 DEBUG Engine.Configuration] Reading /Users/daper01/.bzt-rc as YAML
[2017-12-12 10:05:27,896 DEBUG Engine.Configuration] Reading load_scenario_from_csv.yml as YAML
[2017-12-12 10:05:27,900 DEBUG Engine.Configuration] Reading execution_jmeter.yml as YAML
[2017-12-12 10:05:27,913 DEBUG Engine] Requesting updates info: http://gettaurus.org/updates/?version=1.9.6&installID=784f43782a15
[2017-12-12 10:05:27,919 INFO Engine] Artifacts dir: /Users/daper01/Documents/OSLo/artifacts/2017-12-12_10-05-27.913941
[2017-12-12 10:05:27,921 DEBUG Engine] New artifact filename: /Users/daper01/Documents/OSLo/artifacts/2017-12-12_10-05-27.913941/effective
[2017-12-12 10:05:27,923 DEBUG Engine.Configuration] Dumping YAML config into /Users/daper01/Documents/OSLo/artifacts/2017-12-12_10-05-27.913941/effective.yml
[2017-12-12 10:05:27,955 DEBUG Engine.Configuration] Dumping JSON config into /Users/daper01/Documents/OSLo/artifacts/2017-12-12_10-05-27.913941/effective.json
[2017-12-12 10:05:27,957 DEBUG Engine] New artifact filename: /Users/daper01/Documents/OSLo/artifacts/2017-12-12_10-05-27.913941/merged.yml
[2017-12-12 10:05:27,958 DEBUG Engine.Configuration] Dumping YAML config into /Users/daper01/Documents/OSLo/artifacts/2017-12-12_10-05-27.913941/merged.yml
[2017-12-12 10:05:27,970 DEBUG Engine] New artifact filename: /Users/daper01/Documents/OSLo/artifacts/2017-12-12_10-05-27.913941/merged.json
[2017-12-12 10:05:27,971 DEBUG Engine.Configuration] Dumping JSON config into /Users/daper01/Documents/OSLo/artifacts/2017-12-12_10-05-27.913941/merged.json
[2017-12-12 10:05:27,972 DEBUG Engine] Add existing artifact (move=False): load_scenario_from_csv.yml
[2017-12-12 10:05:27,972 DEBUG Engine] Copying load_scenario_from_csv.yml to /Users/daper01/Documents/OSLo/artifacts/2017-12-12_10-05-27.913941/load_scenario_from_csv.yml
[2017-12-12 10:05:27,972 DEBUG Engine] Add existing artifact (move=False): execution_jmeter.yml
[2017-12-12 10:05:27,972 DEBUG Engine] Copying execution_jmeter.yml to /Users/daper01/Documents/OSLo/artifacts/2017-12-12_10-05-27.913941/execution_jmeter.yml
[2017-12-12 10:05:27,973 DEBUG root] Closing log handler: /var/folders/vq/xzrdy2lx047cst78f69v8z3xfzqz1q/T/bzt_cHZYDZ.log
[2017-12-12 10:05:28,149 DEBUG root] Switched writing logs to /Users/daper01/Documents/OSLo/artifacts/2017-12-12_10-05-27.913941/bzt.log
[2017-12-12 10:05:28,149 INFO Engine] Preparing...
[2017-12-12 10:05:28,150 DEBUG Engine] Module config: consolidator defaultdict(None, {'class': 'bzt.modules.aggregator.ConsolidatingAggregator'})
[2017-12-12 10:05:28,150 DEBUG root] Importing module: bzt.modules.aggregator
[2017-12-12 10:05:28,688 DEBUG root] Loading class: 'ConsolidatingAggregator' from <module 'bzt.modules.aggregator' from '/usr/local/lib/python2.7/site-packages/bzt/modules/aggregator.pyc'>
[2017-12-12 10:05:28,688 DEBUG Engine.consolidator] Exception in dehumanize_time(inf)
[2017-12-12 10:05:28,688 DEBUG Engine.consolidator] Buffer scaling setup: percentile 95.0 from [0.0, 50.0, 90.0, 95.0, 99.0, 99.9, 100.0] selected
[2017-12-12 10:05:28,688 DEBUG Engine] Module config: monitoring defaultdict(None, {'class': 'bzt.modules.monitoring.Monitoring'})
[2017-12-12 10:05:28,688 DEBUG root] Importing module: bzt.modules.monitoring
[2017-12-12 10:05:30,617 DEBUG root] Loading class: 'Monitoring' from <module 'bzt.modules.monitoring' from '/usr/local/lib/python2.7/site-packages/bzt/modules/monitoring.pyc'>
[2017-12-12 10:05:30,618 DEBUG Engine] Module config: local defaultdict(None, {'class': 'bzt.modules.provisioning.Local'})
[2017-12-12 10:05:30,618 DEBUG Engine] Taurus updates info: {"latest":"1.10.3","needsUpgrade":true}
[2017-12-12 10:05:30,618 DEBUG root] Importing module: bzt.modules.provisioning
[2017-12-12 10:05:30,618 WARNING Engine] There is newer version of Taurus 1.10.3 available, consider upgrading. What's new: http://gettaurus.org/docs/Changelog/
[2017-12-12 10:05:30,619 DEBUG root] Loading class: 'Local' from <module 'bzt.modules.provisioning' from '/usr/local/lib/python2.7/site-packages/bzt/modules/provisioning.pyc'>
[2017-12-12 10:05:30,619 DEBUG Engine] Module config: jmeter defaultdict(None, {'properties': defaultdict(None, {'jmeter.save.saveservice.autoflush': 'true', 'summariser.name': '', 'jmeter.save.saveservice.connect_time': 'true', 'mode': 'Stripped', 'jmeterengine.force.system.exit': 'true'}), 'class': 'bzt.modules.jmeter.JMeterExecutor', 'plugins': ['jpgc-casutg', 'jpgc-dummy', 'jpgc-ffw', 'jpgc-fifo', 'jpgc-functions', 'jpgc-json', 'jpgc-perfmon', 'jpgc-prmctl', 'jpgc-tst']})
[2017-12-12 10:05:30,619 DEBUG root] Importing module: bzt.modules.jmeter
[2017-12-12 10:05:31,909 DEBUG root] Loading class: 'JMeterExecutor' from <module 'bzt.modules.jmeter' from '/usr/local/lib/python2.7/site-packages/bzt/modules/jmeter.pyc'>
[2017-12-12 10:05:31,909 DEBUG Engine.local] Preparing executor: jmeter/4342582416
[2017-12-12 10:05:31,910 DEBUG Engine] New artifact filename: /Users/daper01/Documents/OSLo/artifacts/2017-12-12_10-05-27.913941/jmeter.log
[2017-12-12 10:05:31,910 DEBUG Engine.jmeter] Checking if port 4445 is free
[2017-12-12 10:05:31,910 DEBUG Engine.jmeter] Port 4445 is free
[2017-12-12 10:05:31,910 DEBUG Engine.jmeter] Using port 4445 for management
[2017-12-12 10:05:31,911 DEBUG Engine.jmeter.JavaVM] Trying JavaVM: ['java', '-version']
[2017-12-12 10:05:33,333 DEBUG Engine.jmeter.JavaVM] JavaVM output: java version "1.8.0_121"
Java(TM) SE Runtime Environment (build 1.8.0_121-b13)
Java HotSpot(TM) 64-Bit Server VM (build 25.121-b13, mixed mode)

[2017-12-12 10:05:33,333 DEBUG Engine.jmeter.TclLibrary] We don't need to check tcl library on this platform
[2017-12-12 10:05:33,334 DEBUG Engine.jmeter.JMeter] Trying jmeter: /Users/daper01/.bzt/jmeter-taurus/3.3/bin/jmeter.sh
[2017-12-12 10:05:33,334 DEBUG bzt.utils] Executing shell: ['/Users/daper01/.bzt/jmeter-taurus/3.3/bin/jmeter.sh', '-j', '/var/folders/vq/xzrdy2lx047cst78f69v8z3xfzqz1q/T/jmeterupfl3rlog', '--version']
[2017-12-12 10:05:38,001 DEBUG Engine.jmeter.JMeter] JMeter check:     _    ____   _    ____ _   _ _____       _ __  __ _____ _____ _____ ____     
   / \  |  _ \ / \  / ___| | | | ____|     | |  \/  | ____|_   _| ____|  _ \   
  / _ \ | |_) / _ \| |   | |_| |  _|    _  | | |\/| |  _|   | | |  _| | |_) | 
 / ___ \|  __/ ___ \ |___|  _  | |___  | |_| | |  | | |___  | | | |___|  _ <  
/_/   \_\_| /_/   \_\____|_| |_|_____|  \___/|_|  |_|_____| |_| |_____|_| \_\ 3.3 r1808647  

Copyright (c) 1999-2017 The Apache Software Foundation

 / None
[2017-12-12 10:05:38,002 DEBUG Engine] New artifact filename: /Users/daper01/Documents/OSLo/artifacts/2017-12-12_10-05-27.913941/requests.jmx
[2017-12-12 10:05:38,010 DEBUG JMeterScenarioBuilder] Saving JMX to: /Users/daper01/Documents/OSLo/artifacts/2017-12-12_10-05-27.913941/requests.jmx
[2017-12-12 10:05:38,012 DEBUG bzt.utils] Executing shell: ['/Users/daper01/.bzt/jmeter-taurus/3.3/bin/PluginsManagerCMD.sh', 'install-for-jmx', '/Users/daper01/Documents/OSLo/artifacts/2017-12-12_10-05-27.913941/requests.jmx']
[2017-12-12 10:05:42,588 DEBUG Engine.jmeter.JMeter] Try to detect plugins for /Users/daper01/Documents/OSLo/artifacts/2017-12-12_10-05-27.913941/requests.jmx
10:05:40.383 [main] INFO  org.jmeterplugins.repository.PluginManager - Plugins Status: [jpgc-functions=2.0, jpgc-casutg=2.1, jpgc-dummy=0.2, jpgc-ffw=2.0, jpgc-fifo=0.2, jpgc-json=2.6, jpgc-prmctl=0.3, jpgc-perfmon=2.1, jpgc-plugins-manager=0.16, jpgc-tst=2.1, jmeter-core=3.3, jmeter-ftp=3.3, jmeter-http=3.3, jmeter-jdbc=3.3, jmeter-jms=3.3, jmeter-junit=3.3, jmeter-java=3.3, jmeter-ldap=3.3, jmeter-mail=3.3, jmeter-mongodb=3.3, jmeter-native=3.3, jmeter-tcp=3.3, jmeter-components=3.3]
2017-12-12 10:05:40,383 INFO o.j.r.PluginManager: Plugins Status: [jpgc-functions=2.0, jpgc-casutg=2.1, jpgc-dummy=0.2, jpgc-ffw=2.0, jpgc-fifo=0.2, jpgc-json=2.6, jpgc-prmctl=0.3, jpgc-perfmon=2.1, jpgc-plugins-manager=0.16, jpgc-tst=2.1, jmeter-core=3.3, jmeter-ftp=3.3, jmeter-http=3.3, jmeter-jdbc=3.3, jmeter-jms=3.3, jmeter-junit=3.3, jmeter-java=3.3, jmeter-ldap=3.3, jmeter-mail=3.3, jmeter-mongodb=3.3, jmeter-native=3.3, jmeter-tcp=3.3, jmeter-components=3.3]
10:05:40.930 [main] INFO  org.apache.jmeter.save.SaveService - Testplan (JMX) version: 2.2. Testlog (JTL) version: 2.2
2017-12-12 10:05:40,930 INFO o.a.j.s.SaveService: Testplan (JMX) version: 2.2. Testlog (JTL) version: 2.2
10:05:41.035 [main] INFO  org.apache.jmeter.save.SaveService - Using SaveService properties file encoding UTF-8
2017-12-12 10:05:41,035 INFO o.a.j.s.SaveService: Using SaveService properties file encoding UTF-8
10:05:41.040 [main] INFO  org.apache.jmeter.save.SaveService - Using SaveService properties version 3.2
2017-12-12 10:05:41,040 INFO o.a.j.s.SaveService: Using SaveService properties version 3.2
10:05:41.583 [main] INFO  org.apache.jmeter.protocol.http.control.CacheManager - Will only cache the following methods: [GET]
2017-12-12 10:05:41,583 INFO o.a.j.p.h.c.CacheManager: Will only cache the following methods: [GET]
10:05:41.585 [main] INFO  org.apache.jmeter.protocol.http.control.CookieManager - Settings: Delete null: true Check: true Allow variable: true Save: false Prefix: COOKIE_
2017-12-12 10:05:41,585 INFO o.a.j.p.h.c.CookieManager: Settings: Delete null: true Check: true Allow variable: true Save: false Prefix: COOKIE_
10:05:41.909 [main] INFO  org.jmeterplugins.repository.PluginManager - Restarting JMeter...
2017-12-12 10:05:41,909 INFO o.j.r.PluginManager: Restarting JMeter...
10:05:41.919 [Thread-1] INFO  org.jmeterplugins.repository.PluginManager - Starting JMeter Plugins modifications
2017-12-12 10:05:41,919 INFO o.j.r.PluginManager: Starting JMeter Plugins modifications

ERROR StatusLogger No log4j2 configuration file found. Using default configuration: logging only errors to the console. Set system property 'org.apache.logging.log4j.simplelog.StatusLogger.level' to TRACE to show Log4j2 internal initialization logging.

[2017-12-12 10:05:42,588 DEBUG Engine.jmeter] Load: LoadSpec(concurrency=50, throughput=None, ramp_up=30.0, hold=120.0, iterations=0, duration=150.0, steps=None)
[2017-12-12 10:05:42,598 DEBUG Engine.jmeter.LoadSettingsProcessor.ThreadGroupHandler] Converting ThreadGroup (blazedemo) to ConcurrencyThreadGroup and apply load parameters
[2017-12-12 10:05:42,598 DEBUG Engine] New artifact filename: /Users/daper01/Documents/OSLo/artifacts/2017-12-12_10-05-27.913941/kpi.jtl
[2017-12-12 10:05:42,599 DEBUG Engine] New artifact filename: /Users/daper01/Documents/OSLo/artifacts/2017-12-12_10-05-27.913941/error.jtl
[2017-12-12 10:05:42,600 DEBUG Engine] New artifact filename: /Users/daper01/Documents/OSLo/artifacts/2017-12-12_10-05-27.913941/modified_requests.jmx
[2017-12-12 10:05:42,600 DEBUG JMX] Saving JMX to: /Users/daper01/Documents/OSLo/artifacts/2017-12-12_10-05-27.913941/modified_requests.jmx
[2017-12-12 10:05:42,601 DEBUG Engine.jmeter] Additional properties: defaultdict(None, {'jmeter.save.saveservice.autoflush': 'true', 'jmeter.save.saveservice.connect_time': 'true', 'user.classpath': '/Users/daper01/Documents/OSLo/artifacts/2017-12-12_10-05-27.913941', 'sampleresult.default.encoding': 'UTF-8', 'summariser.name': '', 'jmeterengine.force.system.exit': 'true', 'jmeter.save.saveservice.timestamp_format': 'ms', 'mode': 'Stripped', 'jmeterengine.nongui.maxport': 4445, 'jmeterengine.nongui.port': 4445})
[2017-12-12 10:05:42,601 DEBUG Engine] New artifact filename: /Users/daper01/Documents/OSLo/artifacts/2017-12-12_10-05-27.913941/jmeter-bzt.properties
[2017-12-12 10:05:42,602 DEBUG Engine.jmeter] Additional system properties defaultdict(None, {'sun.net.inetaddr.ttl': 0})
[2017-12-12 10:05:42,602 DEBUG Engine] New artifact filename: /Users/daper01/Documents/OSLo/artifacts/2017-12-12_10-05-27.913941/system.properties
[2017-12-12 10:05:42,603 DEBUG Engine] New artifact filename: /Users/daper01/Documents/OSLo/artifacts/2017-12-12_10-05-27.913941/jmeter.out
[2017-12-12 10:05:42,603 DEBUG Engine] New artifact filename: /Users/daper01/Documents/OSLo/artifacts/2017-12-12_10-05-27.913941/jmeter.err
[2017-12-12 10:05:42,605 DEBUG Engine.local] Preparing executor: jmeter/4342582480
[2017-12-12 10:05:42,605 DEBUG Engine] New artifact filename: /Users/daper01/Documents/OSLo/artifacts/2017-12-12_10-05-27.913941/jmeter-1.log
[2017-12-12 10:05:42,606 DEBUG Engine.jmeter] Checking if port 4446 is free
[2017-12-12 10:05:42,607 DEBUG Engine.jmeter] Port 4446 is free
[2017-12-12 10:05:42,607 DEBUG Engine.jmeter] Using port 4446 for management
[2017-12-12 10:05:42,607 DEBUG Engine.jmeter.JavaVM] Trying JavaVM: ['java', '-version']
[2017-12-12 10:05:42,741 DEBUG Engine.jmeter.JavaVM] JavaVM output: java version "1.8.0_121"
Java(TM) SE Runtime Environment (build 1.8.0_121-b13)
Java HotSpot(TM) 64-Bit Server VM (build 25.121-b13, mixed mode)

[2017-12-12 10:05:42,742 DEBUG Engine.jmeter.TclLibrary] We don't need to check tcl library on this platform
[2017-12-12 10:05:42,742 DEBUG Engine.jmeter.JMeter] Trying jmeter: /Users/daper01/.bzt/jmeter-taurus/3.3/bin/jmeter.sh
[2017-12-12 10:05:42,742 DEBUG bzt.utils] Executing shell: ['/Users/daper01/.bzt/jmeter-taurus/3.3/bin/jmeter.sh', '-j', '/var/folders/vq/xzrdy2lx047cst78f69v8z3xfzqz1q/T/jmeter46a4KZlog', '--version']
[2017-12-12 10:05:43,820 DEBUG Engine.jmeter.JMeter] JMeter check:     _    ____   _    ____ _   _ _____       _ __  __ _____ _____ _____ ____     
   / \  |  _ \ / \  / ___| | | | ____|     | |  \/  | ____|_   _| ____|  _ \   
  / _ \ | |_) / _ \| |   | |_| |  _|    _  | | |\/| |  _|   | | |  _| | |_) | 
 / ___ \|  __/ ___ \ |___|  _  | |___  | |_| | |  | | |___  | | | |___|  _ <  
/_/   \_\_| /_/   \_\____|_| |_|_____|  \___/|_|  |_|_____| |_| |_____|_| \_\ 3.3 r1808647  

Copyright (c) 1999-2017 The Apache Software Foundation

 / None
[2017-12-12 10:05:43,821 DEBUG Engine] New artifact filename: /Users/daper01/Documents/OSLo/artifacts/2017-12-12_10-05-27.913941/requests-1.jmx
[2017-12-12 10:05:43,824 DEBUG JMeterScenarioBuilder] Saving JMX to: /Users/daper01/Documents/OSLo/artifacts/2017-12-12_10-05-27.913941/requests-1.jmx
[2017-12-12 10:05:43,825 DEBUG bzt.utils] Executing shell: ['/Users/daper01/.bzt/jmeter-taurus/3.3/bin/PluginsManagerCMD.sh', 'install-for-jmx', '/Users/daper01/Documents/OSLo/artifacts/2017-12-12_10-05-27.913941/requests-1.jmx']
[2017-12-12 10:05:49,881 DEBUG Engine.jmeter.JMeter] Try to detect plugins for /Users/daper01/Documents/OSLo/artifacts/2017-12-12_10-05-27.913941/requests-1.jmx
10:05:48.689 [main] INFO  org.jmeterplugins.repository.PluginManager - Plugins Status: [jpgc-functions=2.0, jpgc-casutg=2.1, jpgc-dummy=0.2, jpgc-ffw=2.0, jpgc-fifo=0.2, jpgc-json=2.6, jpgc-prmctl=0.3, jpgc-perfmon=2.1, jpgc-plugins-manager=0.16, jpgc-tst=2.1, jmeter-core=3.3, jmeter-ftp=3.3, jmeter-http=3.3, jmeter-jdbc=3.3, jmeter-jms=3.3, jmeter-junit=3.3, jmeter-java=3.3, jmeter-ldap=3.3, jmeter-mail=3.3, jmeter-mongodb=3.3, jmeter-native=3.3, jmeter-tcp=3.3, jmeter-components=3.3]
2017-12-12 10:05:48,689 INFO o.j.r.PluginManager: Plugins Status: [jpgc-functions=2.0, jpgc-casutg=2.1, jpgc-dummy=0.2, jpgc-ffw=2.0, jpgc-fifo=0.2, jpgc-json=2.6, jpgc-prmctl=0.3, jpgc-perfmon=2.1, jpgc-plugins-manager=0.16, jpgc-tst=2.1, jmeter-core=3.3, jmeter-ftp=3.3, jmeter-http=3.3, jmeter-jdbc=3.3, jmeter-jms=3.3, jmeter-junit=3.3, jmeter-java=3.3, jmeter-ldap=3.3, jmeter-mail=3.3, jmeter-mongodb=3.3, jmeter-native=3.3, jmeter-tcp=3.3, jmeter-components=3.3]
10:05:49.064 [main] INFO  org.apache.jmeter.save.SaveService - Testplan (JMX) version: 2.2. Testlog (JTL) version: 2.2
2017-12-12 10:05:49,064 INFO o.a.j.s.SaveService: Testplan (JMX) version: 2.2. Testlog (JTL) version: 2.2
10:05:49.082 [main] INFO  org.apache.jmeter.save.SaveService - Using SaveService properties file encoding UTF-8
2017-12-12 10:05:49,082 INFO o.a.j.s.SaveService: Using SaveService properties file encoding UTF-8
10:05:49.086 [main] INFO  org.apache.jmeter.save.SaveService - Using SaveService properties version 3.2
2017-12-12 10:05:49,086 INFO o.a.j.s.SaveService: Using SaveService properties version 3.2
10:05:49.125 [main] INFO  org.apache.jmeter.protocol.http.control.CacheManager - Will only cache the following methods: [GET]
2017-12-12 10:05:49,125 INFO o.a.j.p.h.c.CacheManager: Will only cache the following methods: [GET]
10:05:49.130 [main] INFO  org.apache.jmeter.protocol.http.control.CookieManager - Settings: Delete null: true Check: true Allow variable: true Save: false Prefix: COOKIE_
2017-12-12 10:05:49,130 INFO o.a.j.p.h.c.CookieManager: Settings: Delete null: true Check: true Allow variable: true Save: false Prefix: COOKIE_
10:05:49.223 [main] INFO  org.jmeterplugins.repository.PluginManager - Restarting JMeter...
2017-12-12 10:05:49,223 INFO o.j.r.PluginManager: Restarting JMeter...
10:05:49.224 [Thread-1] INFO  org.jmeterplugins.repository.PluginManager - Starting JMeter Plugins modifications
2017-12-12 10:05:49,224 INFO o.j.r.PluginManager: Starting JMeter Plugins modifications

ERROR StatusLogger No log4j2 configuration file found. Using default configuration: logging only errors to the console. Set system property 'org.apache.logging.log4j.simplelog.StatusLogger.level' to TRACE to show Log4j2 internal initialization logging.

[2017-12-12 10:05:49,882 DEBUG Engine.jmeter] Load: LoadSpec(concurrency=50, throughput=None, ramp_up=120.0, hold=30.0, iterations=0, duration=150.0, steps=None)
[2017-12-12 10:05:49,886 DEBUG Engine.jmeter.LoadSettingsProcessor.ThreadGroupHandler] Converting ThreadGroup (blazedemo) to ConcurrencyThreadGroup and apply load parameters
[2017-12-12 10:05:49,887 DEBUG Engine] New artifact filename: /Users/daper01/Documents/OSLo/artifacts/2017-12-12_10-05-27.913941/kpi-1.jtl
[2017-12-12 10:05:49,889 DEBUG Engine] New artifact filename: /Users/daper01/Documents/OSLo/artifacts/2017-12-12_10-05-27.913941/error-1.jtl
[2017-12-12 10:05:49,890 DEBUG Engine] New artifact filename: /Users/daper01/Documents/OSLo/artifacts/2017-12-12_10-05-27.913941/modified_requests-1.jmx
[2017-12-12 10:05:49,890 DEBUG JMX] Saving JMX to: /Users/daper01/Documents/OSLo/artifacts/2017-12-12_10-05-27.913941/modified_requests-1.jmx
[2017-12-12 10:05:49,891 DEBUG Engine.jmeter] Additional properties: defaultdict(None, {'jmeter.save.saveservice.autoflush': 'true', 'jmeter.save.saveservice.connect_time': 'true', 'user.classpath': '/Users/daper01/Documents/OSLo/artifacts/2017-12-12_10-05-27.913941', 'sampleresult.default.encoding': 'UTF-8', 'summariser.name': '', 'jmeterengine.force.system.exit': 'true', 'jmeter.save.saveservice.timestamp_format': 'ms', 'mode': 'Stripped', 'jmeterengine.nongui.maxport': 4446, 'jmeterengine.nongui.port': 4446})
[2017-12-12 10:05:49,891 DEBUG Engine] New artifact filename: /Users/daper01/Documents/OSLo/artifacts/2017-12-12_10-05-27.913941/jmeter-bzt-1.properties
[2017-12-12 10:05:49,892 DEBUG Engine.jmeter] Additional system properties defaultdict(None, {'sun.net.inetaddr.ttl': 0})
[2017-12-12 10:05:49,892 DEBUG Engine] New artifact filename: /Users/daper01/Documents/OSLo/artifacts/2017-12-12_10-05-27.913941/system-1.properties
[2017-12-12 10:05:49,893 DEBUG Engine] New artifact filename: /Users/daper01/Documents/OSLo/artifacts/2017-12-12_10-05-27.913941/jmeter-1.out
[2017-12-12 10:05:49,893 DEBUG Engine] New artifact filename: /Users/daper01/Documents/OSLo/artifacts/2017-12-12_10-05-27.913941/jmeter-1.err
[2017-12-12 10:05:49,894 DEBUG Engine] Module config: final-stats defaultdict(None, {'class': 'bzt.modules.reporting.FinalStatus'})
[2017-12-12 10:05:49,894 DEBUG root] Importing module: bzt.modules.reporting
[2017-12-12 10:06:06,766 DEBUG easyprocess] version=0.2.3
[2017-12-12 10:06:07,552 DEBUG pyvirtualdisplay] version=0.2.1
[2017-12-12 10:06:07,708 DEBUG root] Loading class: 'FinalStatus' from <module 'bzt.modules.reporting' from '/usr/local/lib/python2.7/site-packages/bzt/modules/reporting.pyc'>
[2017-12-12 10:06:07,708 DEBUG Engine] Module config: console defaultdict(None, {'class': 'bzt.modules.console.ConsoleStatusReporter'})
[2017-12-12 10:06:07,708 DEBUG root] Importing module: bzt.modules.console
[2017-12-12 10:06:07,708 DEBUG root] Loading class: 'ConsoleStatusReporter' from <module 'bzt.modules.console' from '/usr/local/lib/python2.7/site-packages/bzt/modules/console.pyc'>
[2017-12-12 10:06:07,717 DEBUG Engine.Configuration] Dumping YAML config into /Users/daper01/Documents/OSLo/artifacts/2017-12-12_10-05-27.913941/effective.yml
[2017-12-12 10:06:07,765 DEBUG Engine.Configuration] Dumping JSON config into /Users/daper01/Documents/OSLo/artifacts/2017-12-12_10-05-27.913941/effective.json
[2017-12-12 10:06:07,767 INFO Engine] Starting...
[2017-12-12 10:06:07,768 DEBUG Engine] Startup <bzt.modules.monitoring.Monitoring object at 0x102c1da50>
[2017-12-12 10:06:07,768 DEBUG Engine] Startup <bzt.modules.aggregator.ConsolidatingAggregator object at 0x102c1d410>
[2017-12-12 10:06:07,768 DEBUG Engine] Startup <bzt.modules.reporting.FinalStatus object at 0x102d68ad0>
[2017-12-12 10:06:07,768 DEBUG Engine] Startup <bzt.modules.console.ConsoleStatusReporter object at 0x103715750>
[2017-12-12 10:06:07,768 INFO Engine.console] Waiting for results...
[2017-12-12 10:06:07,769 DEBUG Engine] Startup <bzt.modules.reporting.FinalStatus object at 0x103732b10>
[2017-12-12 10:06:07,769 DEBUG Engine] Startup <bzt.modules.provisioning.Local object at 0x102c1d510>
[2017-12-12 10:06:07,769 DEBUG Engine.local] Delay setup for jmeter/blazedemo: 0(start-at) + 0(delay) = 0
[2017-12-12 10:06:07,769 DEBUG Engine.local] Delay setup for jmeter/blazedemo: 0(start-at) + 0(delay) = 0
[2017-12-12 10:06:07,771 DEBUG Engine.Configuration] Dumping YAML config into /Users/daper01/Documents/OSLo/artifacts/2017-12-12_10-05-27.913941/effective.yml
[2017-12-12 10:06:07,824 DEBUG Engine.Configuration] Dumping JSON config into /Users/daper01/Documents/OSLo/artifacts/2017-12-12_10-05-27.913941/effective.json
[2017-12-12 10:06:07,826 DEBUG root] Leveling down log file verbosity, use -v option to have DEBUG messages enabled
[2017-12-12 10:06:08,073 INFO Engine.console] Waiting for finish...
[2017-12-12 10:06:22,857 INFO Engine.jmeter.JTLReader] Changed data analysis delay to 3s
[2017-12-12 10:06:26,869 INFO Engine.jmeter.JTLReader] Changed data analysis delay to 2s
[2017-12-12 10:07:05,963 INFO Engine.jmeter.JTLReader] Changed data analysis delay to 3s
[2017-12-12 10:07:07,971 INFO Engine.jmeter.JTLReader] Changed data analysis delay to 2s
[2017-12-12 10:08:23,154 INFO Engine.jmeter.JTLReader] Changed data analysis delay to 3s
[2017-12-12 10:08:28,170 INFO Engine.jmeter.JTLReader] Changed data analysis delay to 2s
[2017-12-12 10:08:30,179 INFO Engine.jmeter.JTLReader] Changed data analysis delay to 3s
[2017-12-12 10:08:45,178 INFO Engine.jmeter.JTLReader] Changed data analysis delay to 3s
[2017-12-12 10:08:49,247 WARNING Engine] Please wait for graceful shutdown...
[2017-12-12 10:08:49,253 DEBUG root] Leveled up log file verbosity
[2017-12-12 10:08:49,253 INFO Engine] Shutting down...
[2017-12-12 10:08:49,262 DEBUG Engine.local] Shutdown jmeter/blazedemo
[2017-12-12 10:08:49,262 DEBUG Engine.local] Shutdown jmeter/blazedemo
[2017-12-12 10:08:49,262 DEBUG Engine.console] Restoring logging streams, [<logging.StreamHandler object at 0x10214b710>]/{<logging.StreamHandler object at 0x10214b710>: <open file '<stdout>', mode 'w' at 0x1011c1150>}
[2017-12-12 10:08:49,266 DEBUG Engine.Configuration] Dumping YAML config into /Users/daper01/Documents/OSLo/artifacts/2017-12-12_10-05-27.913941/effective.yml
[2017-12-12 10:08:49,327 DEBUG Engine.Configuration] Dumping JSON config into /Users/daper01/Documents/OSLo/artifacts/2017-12-12_10-05-27.913941/effective.json
[2017-12-12 10:08:49,329 INFO Engine] Post-processing...
[2017-12-12 10:08:49,330 DEBUG Engine.local] Post-process jmeter/blazedemo
[2017-12-12 10:08:49,330 DEBUG Engine] Add existing artifact (move=True): /Users/daper01/Documents/OSLo/artifacts/2017-12-12_10-05-27.913941/modified_requests.jmx
[2017-12-12 10:08:49,330 DEBUG Engine] No need to copy /Users/daper01/Documents/OSLo/artifacts/2017-12-12_10-05-27.913941/modified_requests.jmx
[2017-12-12 10:08:49,330 DEBUG Engine.local] Post-process jmeter/blazedemo
[2017-12-12 10:08:49,330 DEBUG Engine] Add existing artifact (move=True): /Users/daper01/Documents/OSLo/artifacts/2017-12-12_10-05-27.913941/modified_requests-1.jmx
[2017-12-12 10:08:49,331 DEBUG Engine] No need to copy /Users/daper01/Documents/OSLo/artifacts/2017-12-12_10-05-27.913941/modified_requests-1.jmx
[2017-12-12 10:08:49,331 DEBUG Engine.jmeter.JTLReader.IncrementalCSVReader] Reading JTL: /Users/daper01/Documents/OSLo/artifacts/2017-12-12_10-05-27.913941/kpi.jtl
[2017-12-12 10:08:49,331 DEBUG Engine.jmeter.JTLReader.IncrementalCSVReader] Read lines: 0 / 0 bytes (at speed 1048576)
[2017-12-12 10:08:49,331 DEBUG Engine.jmeter.JTLReader] Buffer len: 3
[2017-12-12 10:08:49,331 DEBUG Engine.jmeter.JTLReader] Aggregating: 1513102123
[2017-12-12 10:08:49,332 DEBUG root] Compacting 1008 response timing into 1000
[2017-12-12 10:08:49,363 DEBUG Engine.jmeter.JTLReader] Aggregating: 1513102124
[2017-12-12 10:08:49,363 DEBUG root] Compacting 1007 response timing into 1000
[2017-12-12 10:08:49,391 DEBUG Engine.jmeter.JTLReader] Aggregating: 1513102125
[2017-12-12 10:08:49,407 DEBUG Engine.jmeter.JTLReader.IncrementalCSVReader] Reading JTL: /Users/daper01/Documents/OSLo/artifacts/2017-12-12_10-05-27.913941/kpi-1.jtl
[2017-12-12 10:08:49,407 DEBUG Engine.jmeter.JTLReader.IncrementalCSVReader] Read lines: 0 / 0 bytes (at speed 1048576)
[2017-12-12 10:08:49,407 DEBUG Engine.jmeter.JTLReader] Buffer len: 1
[2017-12-12 10:08:49,407 DEBUG Engine.jmeter.JTLReader] Aggregating: 1513102127
[2017-12-12 10:08:49,408 DEBUG root] Compacting 1001 response timing into 1000
[2017-12-12 10:08:49,425 DEBUG Engine.consolidator] Consolidator buffer[4]: [1513102123, 1513102124, 1513102125, 1513102127]
[2017-12-12 10:08:49,425 DEBUG Engine.consolidator] Merging into 1513102123
[2017-12-12 10:08:49,426 DEBUG Engine.consolidator] Merging 1513102123
[2017-12-12 10:08:49,437 DEBUG Engine.consolidator] Merging 1513102123
[2017-12-12 10:08:49,453 DEBUG root] Compacting 1047 response timing into 1000
[2017-12-12 10:08:49,457 DEBUG root] Compacting 1001 response timing into 1000
[2017-12-12 10:08:49,475 DEBUG Engine.consolidator] Processed datapoint: 1513102123/None
[2017-12-12 10:08:49,475 DEBUG Engine.consolidator] Merging into 1513102124
[2017-12-12 10:08:49,475 DEBUG Engine.consolidator] Merging 1513102124
[2017-12-12 10:08:49,485 DEBUG Engine.consolidator] Merging 1513102124
[2017-12-12 10:08:49,501 DEBUG root] Compacting 1013 response timing into 1000
[2017-12-12 10:08:49,520 DEBUG Engine.consolidator] Processed datapoint: 1513102124/None
[2017-12-12 10:08:49,520 DEBUG Engine.consolidator] Merging into 1513102125
[2017-12-12 10:08:49,521 DEBUG Engine.consolidator] Merging 1513102125
[2017-12-12 10:08:49,534 DEBUG root] Compacting 1001 response timing into 1000
[2017-12-12 10:08:49,550 DEBUG Engine.consolidator] Processed datapoint: 1513102125/None
[2017-12-12 10:08:49,550 DEBUG Engine.consolidator] Merging into 1513102127
[2017-12-12 10:08:49,550 DEBUG Engine.consolidator] Merging 1513102127
[2017-12-12 10:08:49,562 DEBUG root] Compacting 1001 response timing into 1000
[2017-12-12 10:08:49,580 DEBUG Engine.consolidator] Processed datapoint: 1513102127/None
[2017-12-12 10:08:49,580 INFO Engine.final-stats] Test duration: 0:02:42
[2017-12-12 10:08:49,580 INFO Engine.final-stats] Samples count: 23932, 20.67% failures
[2017-12-12 10:08:49,580 INFO Engine.final-stats] Average times: total 0.481, latency 0.445, connect 0.000
[2017-12-12 10:08:49,580 INFO Engine.final-stats] Percentile 0.0%: 0.155
[2017-12-12 10:08:49,580 INFO Engine.final-stats] Percentile 50.0%: 0.354
[2017-12-12 10:08:49,580 INFO Engine.final-stats] Percentile 90.0%: 0.743
[2017-12-12 10:08:49,580 INFO Engine.final-stats] Percentile 95.0%: 1.280
[2017-12-12 10:08:49,581 INFO Engine.final-stats] Percentile 99.0%: 2.759
[2017-12-12 10:08:49,581 INFO Engine.final-stats] Percentile 99.9%: 10.562
[2017-12-12 10:08:49,581 INFO Engine.final-stats] Percentile 100.0%: 83.475
[2017-12-12 10:08:49,581 DEBUG Engine.console] No logger_handler or orig_stream was detected
[2017-12-12 10:08:49,581 INFO Engine.final-stats] Test duration: 0:02:42
[2017-12-12 10:08:49,581 INFO Engine.final-stats] Samples count: 23932, 20.67% failures
[2017-12-12 10:08:49,581 INFO Engine.final-stats] Average times: total 0.481, latency 0.445, connect 0.000
[2017-12-12 10:08:49,581 INFO Engine.final-stats] Percentile 0.0%: 0.155
[2017-12-12 10:08:49,581 INFO Engine.final-stats] Percentile 50.0%: 0.354
[2017-12-12 10:08:49,581 INFO Engine.final-stats] Percentile 90.0%: 0.743
[2017-12-12 10:08:49,581 INFO Engine.final-stats] Percentile 95.0%: 1.280
[2017-12-12 10:08:49,581 INFO Engine.final-stats] Percentile 99.0%: 2.759
[2017-12-12 10:08:49,581 INFO Engine.final-stats] Percentile 99.9%: 10.562
[2017-12-12 10:08:49,582 INFO Engine.final-stats] Percentile 100.0%: 83.475
[2017-12-12 10:08:49,582 INFO Engine.final-stats] Dumping final status as XML: stats.xml
[2017-12-12 10:08:49,599 DEBUG Engine.Configuration] Dumping YAML config into /Users/daper01/Documents/OSLo/artifacts/2017-12-12_10-05-27.913941/effective.yml
[2017-12-12 10:08:49,650 DEBUG Engine.Configuration] Dumping JSON config into /Users/daper01/Documents/OSLo/artifacts/2017-12-12_10-05-27.913941/effective.json
[2017-12-12 10:08:49,652 INFO root] Artifacts dir: /Users/daper01/Documents/OSLo/artifacts/2017-12-12_10-05-27.913941
[2017-12-12 10:08:49,652 INFO root] Done performing with code: 0
[2017-12-12 10:08:49,652 DEBUG root] Closing log handler: /Users/daper01/Documents/OSLo/artifacts/2017-12-12_10-05-27.913941/bzt.log
