2017-12-12 10:06:09,204 INFO o.a.j.u.JMeterUtils: Setting Locale to en_US
2017-12-12 10:06:09,222 INFO o.a.j.JMeter: Loading user properties from: /Users/daper01/.bzt/jmeter-taurus/3.3/bin/user.properties
2017-12-12 10:06:09,223 INFO o.a.j.JMeter: Loading system properties from: /Users/daper01/.bzt/jmeter-taurus/3.3/bin/system.properties
2017-12-12 10:06:09,224 INFO o.a.j.JMeter: Setting System properties from file: /Users/daper01/Documents/OSLo/artifacts/2017-12-12_10-05-27.913941/system-1.properties
2017-12-12 10:06:09,230 INFO o.a.j.JMeter: Copyright (c) 1998-2017 The Apache Software Foundation
2017-12-12 10:06:09,230 INFO o.a.j.JMeter: Version 3.3 r1808647
2017-12-12 10:06:09,230 INFO o.a.j.JMeter: java.version=1.8.0_121
2017-12-12 10:06:09,230 INFO o.a.j.JMeter: java.vm.name=Java HotSpot(TM) 64-Bit Server VM
2017-12-12 10:06:09,230 INFO o.a.j.JMeter: os.name=Mac OS X
2017-12-12 10:06:09,230 INFO o.a.j.JMeter: os.arch=x86_64
2017-12-12 10:06:09,230 INFO o.a.j.JMeter: os.version=10.13.1
2017-12-12 10:06:09,230 INFO o.a.j.JMeter: file.encoding=UTF-8
2017-12-12 10:06:09,230 INFO o.a.j.JMeter: Max memory     =3817865216
2017-12-12 10:06:09,230 INFO o.a.j.JMeter: Available Processors =4
2017-12-12 10:06:09,236 INFO o.a.j.JMeter: Default Locale=English (United States)
2017-12-12 10:06:09,236 INFO o.a.j.JMeter: JMeter  Locale=English (United States)
2017-12-12 10:06:09,236 INFO o.a.j.JMeter: JMeterHome=/Users/daper01/.bzt/jmeter-taurus/3.3
2017-12-12 10:06:09,236 INFO o.a.j.JMeter: user.dir  =/Users/daper01/Documents/OSLo
2017-12-12 10:06:09,237 INFO o.a.j.JMeter: PWD       =/Users/daper01/Documents/OSLo
2017-12-12 10:06:09,239 INFO o.a.j.JMeter: IP: 192.168.1.77 Name: daper01mac1124 FullName: daper01mac1124
2017-12-12 10:06:09,239 INFO o.a.j.JMeter: user.classpath=/Users/daper01/Documents/OSLo/artifacts/2017-12-12_10-05-27.913941
2017-12-12 10:06:09,239 INFO o.a.j.JMeter: Adding to classpath and loader: /Users/daper01/Documents/OSLo/artifacts/2017-12-12_10-05-27.913941
2017-12-12 10:06:09,244 INFO o.a.j.s.FileServer: Default base='/Users/daper01/Documents/OSLo'
2017-12-12 10:06:09,244 INFO o.a.j.s.FileServer: Set new base='/Users/daper01/Documents/OSLo/artifacts/2017-12-12_10-05-27.913941'
2017-12-12 10:06:09,510 INFO o.a.j.s.SaveService: Testplan (JMX) version: 2.2. Testlog (JTL) version: 2.2
2017-12-12 10:06:09,530 INFO o.a.j.s.SaveService: Using SaveService properties file encoding UTF-8
2017-12-12 10:06:09,536 INFO o.a.j.s.SaveService: Using SaveService properties version 3.2
2017-12-12 10:06:09,544 INFO o.a.j.s.SaveService: Loading file: /Users/daper01/Documents/OSLo/artifacts/2017-12-12_10-05-27.913941/modified_requests-1.jmx
2017-12-12 10:06:09,755 INFO o.a.j.p.h.c.CacheManager: Will only cache the following methods: [GET]
2017-12-12 10:06:09,758 INFO o.a.j.p.h.c.CookieManager: Settings: Delete null: true Check: true Allow variable: true Save: false Prefix: COOKIE_
2017-12-12 10:06:09,793 INFO o.a.j.p.h.s.HTTPSamplerBase: Parser for text/html is org.apache.jmeter.protocol.http.parser.LagartoBasedHtmlParser
2017-12-12 10:06:09,794 INFO o.a.j.p.h.s.HTTPSamplerBase: Parser for application/xhtml+xml is org.apache.jmeter.protocol.http.parser.LagartoBasedHtmlParser
2017-12-12 10:06:09,794 INFO o.a.j.p.h.s.HTTPSamplerBase: Parser for application/xml is org.apache.jmeter.protocol.http.parser.LagartoBasedHtmlParser
2017-12-12 10:06:09,794 INFO o.a.j.p.h.s.HTTPSamplerBase: Parser for text/xml is org.apache.jmeter.protocol.http.parser.LagartoBasedHtmlParser
2017-12-12 10:06:09,794 INFO o.a.j.p.h.s.HTTPSamplerBase: Parser for text/vnd.wap.wml is org.apache.jmeter.protocol.http.parser.RegexpHTMLParser
2017-12-12 10:06:09,794 INFO o.a.j.p.h.s.HTTPSamplerBase: Parser for text/css is org.apache.jmeter.protocol.http.parser.CssParser
2017-12-12 10:06:09,833 INFO o.a.j.e.StandardJMeterEngine: Running the test!
2017-12-12 10:06:09,834 INFO o.a.j.s.SampleEvent: List of sample_variables: []
2017-12-12 10:06:09,834 INFO o.a.j.s.SampleEvent: List of sample_variables: []
2017-12-12 10:06:09,838 INFO o.a.j.e.u.CompoundVariable: Note: Function class names must contain the string: '.functions.'
2017-12-12 10:06:09,839 INFO o.a.j.e.u.CompoundVariable: Note: Function class names must not contain the string: '.gui.'
2017-12-12 10:06:10,710 INFO o.a.j.JMeter: Running test (1513101970710)
2017-12-12 10:06:10,764 INFO o.a.j.e.StandardJMeterEngine: Starting ThreadGroup: 1 : blazedemo
2017-12-12 10:06:10,764 INFO o.a.j.e.StandardJMeterEngine: Starting 50 threads for group blazedemo.
2017-12-12 10:06:10,764 INFO o.a.j.e.StandardJMeterEngine: Thread will continue on error
2017-12-12 10:06:10,770 INFO c.b.j.t.c.ConcurrencyThreadStarter: Start supplying threads
2017-12-12 10:06:10,771 INFO o.a.j.e.StandardJMeterEngine: All thread groups have been started
2017-12-12 10:06:11,978 INFO o.a.j.s.SampleResult: Note: Sample TimeStamps are START times
2017-12-12 10:06:11,978 INFO o.a.j.s.SampleResult: sampleresult.default.encoding is set to UTF-8
2017-12-12 10:06:11,978 INFO o.a.j.s.SampleResult: sampleresult.useNanoTime=true
2017-12-12 10:06:11,978 INFO o.a.j.s.SampleResult: sampleresult.nanoThreadSleep=5000
2017-12-12 10:06:12,253 INFO o.a.j.t.JMeterThread: Thread started: blazedemo 1-1
2017-12-12 10:06:12,256 INFO o.a.j.s.FileServer: Stored: /Users/daper01/Documents/OSLo/param.csv
2017-12-12 10:06:12,274 INFO o.a.j.p.h.s.HTTPHCAbstractImpl: Local host = daper01mac1124
2017-12-12 10:06:12,281 INFO o.a.j.p.h.s.HTTPHC4Impl: HTTP request retry count = 0
2017-12-12 10:06:14,987 INFO o.a.j.t.JMeterThread: Thread started: blazedemo 1-2
2017-12-12 10:06:17,002 INFO o.a.j.t.JMeterThread: Thread started: blazedemo 1-3
2017-12-12 10:06:20,011 INFO o.a.j.t.JMeterThread: Thread started: blazedemo 1-4
2017-12-12 10:06:22,022 INFO o.a.j.t.JMeterThread: Thread started: blazedemo 1-5
2017-12-12 10:06:24,024 INFO o.a.j.t.JMeterThread: Thread started: blazedemo 1-6
2017-12-12 10:06:27,037 INFO o.a.j.t.JMeterThread: Thread started: blazedemo 1-7
2017-12-12 10:06:29,041 INFO o.a.j.t.JMeterThread: Thread started: blazedemo 1-8
2017-12-12 10:06:32,044 INFO o.a.j.t.JMeterThread: Thread started: blazedemo 1-9
2017-12-12 10:06:34,050 INFO o.a.j.t.JMeterThread: Thread started: blazedemo 1-10
2017-12-12 10:06:36,053 INFO o.a.j.t.JMeterThread: Thread started: blazedemo 1-11
2017-12-12 10:06:39,069 INFO o.a.j.t.JMeterThread: Thread started: blazedemo 1-12
2017-12-12 10:06:41,071 INFO o.a.j.t.JMeterThread: Thread started: blazedemo 1-13
2017-12-12 10:06:44,080 INFO o.a.j.t.JMeterThread: Thread started: blazedemo 1-14
2017-12-12 10:06:46,092 INFO o.a.j.t.JMeterThread: Thread started: blazedemo 1-15
2017-12-12 10:06:48,100 INFO o.a.j.t.JMeterThread: Thread started: blazedemo 1-16
2017-12-12 10:06:51,104 INFO o.a.j.t.JMeterThread: Thread started: blazedemo 1-17
2017-12-12 10:06:53,109 INFO o.a.j.t.JMeterThread: Thread started: blazedemo 1-18
2017-12-12 10:06:56,119 INFO o.a.j.t.JMeterThread: Thread started: blazedemo 1-19
2017-12-12 10:06:58,122 INFO o.a.j.t.JMeterThread: Thread started: blazedemo 1-20
2017-12-12 10:07:00,131 INFO o.a.j.t.JMeterThread: Thread started: blazedemo 1-21
2017-12-12 10:07:03,135 INFO o.a.j.t.JMeterThread: Thread started: blazedemo 1-22
2017-12-12 10:07:05,141 INFO o.a.j.t.JMeterThread: Thread started: blazedemo 1-23
2017-12-12 10:07:08,151 INFO o.a.j.t.JMeterThread: Thread started: blazedemo 1-24
2017-12-12 10:07:10,155 INFO o.a.j.t.JMeterThread: Thread started: blazedemo 1-25
2017-12-12 10:07:12,161 INFO o.a.j.t.JMeterThread: Thread started: blazedemo 1-26
2017-12-12 10:07:15,164 INFO o.a.j.t.JMeterThread: Thread started: blazedemo 1-27
2017-12-12 10:07:17,172 INFO o.a.j.t.JMeterThread: Thread started: blazedemo 1-28
2017-12-12 10:07:19,173 INFO o.a.j.t.JMeterThread: Thread started: blazedemo 1-29
2017-12-12 10:07:22,178 INFO o.a.j.t.JMeterThread: Thread started: blazedemo 1-30
2017-12-12 10:07:24,190 INFO o.a.j.t.JMeterThread: Thread started: blazedemo 1-31
2017-12-12 10:07:27,191 INFO o.a.j.t.JMeterThread: Thread started: blazedemo 1-32
2017-12-12 10:07:29,195 INFO o.a.j.t.JMeterThread: Thread started: blazedemo 1-33
2017-12-12 10:07:31,204 INFO o.a.j.t.JMeterThread: Thread started: blazedemo 1-34
2017-12-12 10:07:34,215 INFO o.a.j.t.JMeterThread: Thread started: blazedemo 1-35
2017-12-12 10:07:36,223 INFO o.a.j.t.JMeterThread: Thread started: blazedemo 1-36
2017-12-12 10:07:39,232 INFO o.a.j.t.JMeterThread: Thread started: blazedemo 1-37
2017-12-12 10:07:41,238 INFO o.a.j.t.JMeterThread: Thread started: blazedemo 1-38
2017-12-12 10:07:43,242 INFO o.a.j.t.JMeterThread: Thread started: blazedemo 1-39
2017-12-12 10:07:46,254 INFO o.a.j.t.JMeterThread: Thread started: blazedemo 1-40
2017-12-12 10:07:48,259 INFO o.a.j.t.JMeterThread: Thread started: blazedemo 1-41
2017-12-12 10:07:51,273 INFO o.a.j.t.JMeterThread: Thread started: blazedemo 1-42
2017-12-12 10:07:53,273 INFO o.a.j.t.JMeterThread: Thread started: blazedemo 1-43
2017-12-12 10:07:55,279 INFO o.a.j.t.JMeterThread: Thread started: blazedemo 1-44
2017-12-12 10:07:58,283 INFO o.a.j.t.JMeterThread: Thread started: blazedemo 1-45
2017-12-12 10:08:00,288 INFO o.a.j.t.JMeterThread: Thread started: blazedemo 1-46
2017-12-12 10:08:03,292 INFO o.a.j.t.JMeterThread: Thread started: blazedemo 1-47
2017-12-12 10:08:05,295 INFO o.a.j.t.JMeterThread: Thread started: blazedemo 1-48
2017-12-12 10:08:07,301 INFO o.a.j.t.JMeterThread: Thread started: blazedemo 1-49
2017-12-12 10:08:10,308 INFO o.a.j.t.JMeterThread: Thread started: blazedemo 1-50
2017-12-12 10:08:41,401 INFO c.b.j.t.c.ConcurrencyThreadStarter: Done supplying threads
2017-12-12 10:08:42,717 INFO c.b.j.c.VirtualUserController: Test limit reached, thread is done: blazedemo 1-33
2017-12-12 10:08:42,718 INFO o.a.j.t.JMeterThread: Thread is done: blazedemo 1-33
2017-12-12 10:08:42,718 INFO o.a.j.t.JMeterThread: Thread finished: blazedemo 1-33
2017-12-12 10:08:42,720 INFO c.b.j.c.VirtualUserController: Test limit reached, thread is done: blazedemo 1-49
2017-12-12 10:08:42,720 INFO o.a.j.t.JMeterThread: Thread is done: blazedemo 1-49
2017-12-12 10:08:42,720 INFO o.a.j.t.JMeterThread: Thread finished: blazedemo 1-49
2017-12-12 10:08:43,192 INFO c.b.j.c.VirtualUserController: Test limit reached, thread is done: blazedemo 1-50
2017-12-12 10:08:43,192 INFO o.a.j.t.JMeterThread: Thread is done: blazedemo 1-50
2017-12-12 10:08:43,193 INFO o.a.j.t.JMeterThread: Thread finished: blazedemo 1-50
2017-12-12 10:08:43,355 INFO c.b.j.c.VirtualUserController: Test limit reached, thread is done: blazedemo 1-13
2017-12-12 10:08:43,355 INFO o.a.j.t.JMeterThread: Thread is done: blazedemo 1-13
2017-12-12 10:08:43,356 INFO o.a.j.t.JMeterThread: Thread finished: blazedemo 1-13
2017-12-12 10:08:43,366 INFO c.b.j.c.VirtualUserController: Test limit reached, thread is done: blazedemo 1-18
2017-12-12 10:08:43,366 INFO o.a.j.t.JMeterThread: Thread is done: blazedemo 1-18
2017-12-12 10:08:43,367 INFO o.a.j.t.JMeterThread: Thread finished: blazedemo 1-18
2017-12-12 10:08:43,371 INFO c.b.j.c.VirtualUserController: Test limit reached, thread is done: blazedemo 1-46
2017-12-12 10:08:43,371 INFO o.a.j.t.JMeterThread: Thread is done: blazedemo 1-46
2017-12-12 10:08:43,371 INFO o.a.j.t.JMeterThread: Thread finished: blazedemo 1-46
2017-12-12 10:08:43,378 INFO c.b.j.c.VirtualUserController: Test limit reached, thread is done: blazedemo 1-39
2017-12-12 10:08:43,378 INFO o.a.j.t.JMeterThread: Thread is done: blazedemo 1-39
2017-12-12 10:08:43,378 INFO o.a.j.t.JMeterThread: Thread finished: blazedemo 1-39
2017-12-12 10:08:43,419 INFO c.b.j.c.VirtualUserController: Test limit reached, thread is done: blazedemo 1-35
2017-12-12 10:08:43,419 INFO c.b.j.c.VirtualUserController: Test limit reached, thread is done: blazedemo 1-31
2017-12-12 10:08:43,419 INFO o.a.j.t.JMeterThread: Thread is done: blazedemo 1-35
2017-12-12 10:08:43,420 INFO o.a.j.t.JMeterThread: Thread finished: blazedemo 1-35
2017-12-12 10:08:43,420 INFO o.a.j.t.JMeterThread: Thread is done: blazedemo 1-31
2017-12-12 10:08:43,420 INFO o.a.j.t.JMeterThread: Thread finished: blazedemo 1-31
2017-12-12 10:08:43,428 INFO c.b.j.c.VirtualUserController: Test limit reached, thread is done: blazedemo 1-9
2017-12-12 10:08:43,428 INFO o.a.j.t.JMeterThread: Thread is done: blazedemo 1-9
2017-12-12 10:08:43,428 INFO o.a.j.t.JMeterThread: Thread finished: blazedemo 1-9
2017-12-12 10:08:43,429 INFO c.b.j.c.VirtualUserController: Test limit reached, thread is done: blazedemo 1-12
2017-12-12 10:08:43,429 INFO o.a.j.t.JMeterThread: Thread is done: blazedemo 1-12
2017-12-12 10:08:43,429 INFO o.a.j.t.JMeterThread: Thread finished: blazedemo 1-12
2017-12-12 10:08:43,442 INFO c.b.j.c.VirtualUserController: Test limit reached, thread is done: blazedemo 1-16
2017-12-12 10:08:43,442 INFO o.a.j.t.JMeterThread: Thread is done: blazedemo 1-16
2017-12-12 10:08:43,443 INFO c.b.j.c.VirtualUserController: Test limit reached, thread is done: blazedemo 1-7
2017-12-12 10:08:43,443 INFO o.a.j.t.JMeterThread: Thread is done: blazedemo 1-7
2017-12-12 10:08:43,443 INFO o.a.j.t.JMeterThread: Thread finished: blazedemo 1-7
2017-12-12 10:08:43,444 INFO c.b.j.c.VirtualUserController: Test limit reached, thread is done: blazedemo 1-19
2017-12-12 10:08:43,444 INFO o.a.j.t.JMeterThread: Thread is done: blazedemo 1-19
2017-12-12 10:08:43,444 INFO o.a.j.t.JMeterThread: Thread finished: blazedemo 1-19
2017-12-12 10:08:43,447 INFO c.b.j.c.VirtualUserController: Test limit reached, thread is done: blazedemo 1-8
2017-12-12 10:08:43,447 INFO o.a.j.t.JMeterThread: Thread is done: blazedemo 1-8
2017-12-12 10:08:43,447 INFO o.a.j.t.JMeterThread: Thread finished: blazedemo 1-8
2017-12-12 10:08:43,443 INFO o.a.j.t.JMeterThread: Thread finished: blazedemo 1-16
2017-12-12 10:08:43,677 INFO c.b.j.c.VirtualUserController: Test limit reached, thread is done: blazedemo 1-22
2017-12-12 10:08:43,677 INFO o.a.j.t.JMeterThread: Thread is done: blazedemo 1-22
2017-12-12 10:08:43,677 INFO o.a.j.t.JMeterThread: Thread finished: blazedemo 1-22
2017-12-12 10:08:43,684 INFO c.b.j.c.VirtualUserController: Test limit reached, thread is done: blazedemo 1-21
2017-12-12 10:08:43,684 INFO o.a.j.t.JMeterThread: Thread is done: blazedemo 1-21
2017-12-12 10:08:43,684 INFO o.a.j.t.JMeterThread: Thread finished: blazedemo 1-21
2017-12-12 10:08:43,688 INFO c.b.j.c.VirtualUserController: Test limit reached, thread is done: blazedemo 1-15
2017-12-12 10:08:43,688 INFO o.a.j.t.JMeterThread: Thread is done: blazedemo 1-15
2017-12-12 10:08:43,688 INFO o.a.j.t.JMeterThread: Thread finished: blazedemo 1-15
2017-12-12 10:08:43,708 INFO c.b.j.c.VirtualUserController: Test limit reached, thread is done: blazedemo 1-43
2017-12-12 10:08:43,709 INFO o.a.j.t.JMeterThread: Thread is done: blazedemo 1-43
2017-12-12 10:08:43,709 INFO o.a.j.t.JMeterThread: Thread finished: blazedemo 1-43
2017-12-12 10:08:43,916 INFO c.b.j.c.VirtualUserController: Test limit reached, thread is done: blazedemo 1-26
2017-12-12 10:08:43,916 INFO o.a.j.t.JMeterThread: Thread is done: blazedemo 1-26
2017-12-12 10:08:43,916 INFO o.a.j.t.JMeterThread: Thread finished: blazedemo 1-26
2017-12-12 10:08:43,935 INFO c.b.j.c.VirtualUserController: Test limit reached, thread is done: blazedemo 1-37
2017-12-12 10:08:43,935 INFO o.a.j.t.JMeterThread: Thread is done: blazedemo 1-37
2017-12-12 10:08:43,935 INFO o.a.j.t.JMeterThread: Thread finished: blazedemo 1-37
2017-12-12 10:08:43,937 INFO c.b.j.c.VirtualUserController: Test limit reached, thread is done: blazedemo 1-41
2017-12-12 10:08:43,937 INFO o.a.j.t.JMeterThread: Thread is done: blazedemo 1-41
2017-12-12 10:08:43,937 INFO o.a.j.t.JMeterThread: Thread finished: blazedemo 1-41
2017-12-12 10:08:43,946 INFO c.b.j.c.VirtualUserController: Test limit reached, thread is done: blazedemo 1-6
2017-12-12 10:08:43,946 INFO o.a.j.t.JMeterThread: Thread is done: blazedemo 1-6
2017-12-12 10:08:43,946 INFO o.a.j.t.JMeterThread: Thread finished: blazedemo 1-6
2017-12-12 10:08:43,954 INFO c.b.j.c.VirtualUserController: Test limit reached, thread is done: blazedemo 1-2
2017-12-12 10:08:43,954 INFO o.a.j.t.JMeterThread: Thread is done: blazedemo 1-2
2017-12-12 10:08:43,954 INFO o.a.j.t.JMeterThread: Thread finished: blazedemo 1-2
2017-12-12 10:08:43,955 INFO c.b.j.c.VirtualUserController: Test limit reached, thread is done: blazedemo 1-11
2017-12-12 10:08:43,955 INFO o.a.j.t.JMeterThread: Thread is done: blazedemo 1-11
2017-12-12 10:08:43,956 INFO o.a.j.t.JMeterThread: Thread finished: blazedemo 1-11
2017-12-12 10:08:43,959 INFO c.b.j.c.VirtualUserController: Test limit reached, thread is done: blazedemo 1-14
2017-12-12 10:08:43,959 INFO o.a.j.t.JMeterThread: Thread is done: blazedemo 1-14
2017-12-12 10:08:43,959 INFO o.a.j.t.JMeterThread: Thread finished: blazedemo 1-14
2017-12-12 10:08:43,978 INFO c.b.j.c.VirtualUserController: Test limit reached, thread is done: blazedemo 1-1
2017-12-12 10:08:43,979 INFO o.a.j.t.JMeterThread: Thread is done: blazedemo 1-1
2017-12-12 10:08:43,979 INFO o.a.j.t.JMeterThread: Thread finished: blazedemo 1-1
2017-12-12 10:08:43,994 INFO c.b.j.c.VirtualUserController: Test limit reached, thread is done: blazedemo 1-24
2017-12-12 10:08:43,994 INFO o.a.j.t.JMeterThread: Thread is done: blazedemo 1-24
2017-12-12 10:08:43,994 INFO o.a.j.t.JMeterThread: Thread finished: blazedemo 1-24
2017-12-12 10:08:43,998 INFO c.b.j.c.VirtualUserController: Test limit reached, thread is done: blazedemo 1-45
2017-12-12 10:08:43,998 INFO o.a.j.t.JMeterThread: Thread is done: blazedemo 1-45
2017-12-12 10:08:43,998 INFO o.a.j.t.JMeterThread: Thread finished: blazedemo 1-45
2017-12-12 10:08:44,100 INFO c.b.j.c.VirtualUserController: Test limit reached, thread is done: blazedemo 1-5
2017-12-12 10:08:44,101 INFO o.a.j.t.JMeterThread: Thread is done: blazedemo 1-5
2017-12-12 10:08:44,101 INFO o.a.j.t.JMeterThread: Thread finished: blazedemo 1-5
2017-12-12 10:08:44,230 INFO c.b.j.c.VirtualUserController: Test limit reached, thread is done: blazedemo 1-4
2017-12-12 10:08:44,231 INFO c.b.j.c.VirtualUserController: Test limit reached, thread is done: blazedemo 1-47
2017-12-12 10:08:44,231 INFO o.a.j.t.JMeterThread: Thread is done: blazedemo 1-4
2017-12-12 10:08:44,231 INFO o.a.j.t.JMeterThread: Thread is done: blazedemo 1-47
2017-12-12 10:08:44,231 INFO o.a.j.t.JMeterThread: Thread finished: blazedemo 1-47
2017-12-12 10:08:44,231 INFO o.a.j.t.JMeterThread: Thread finished: blazedemo 1-4
2017-12-12 10:08:44,246 INFO c.b.j.c.VirtualUserController: Test limit reached, thread is done: blazedemo 1-34
2017-12-12 10:08:44,246 INFO o.a.j.t.JMeterThread: Thread is done: blazedemo 1-34
2017-12-12 10:08:44,246 INFO o.a.j.t.JMeterThread: Thread finished: blazedemo 1-34
2017-12-12 10:08:44,255 INFO c.b.j.c.VirtualUserController: Test limit reached, thread is done: blazedemo 1-3
2017-12-12 10:08:44,255 INFO o.a.j.t.JMeterThread: Thread is done: blazedemo 1-3
2017-12-12 10:08:44,255 INFO c.b.j.c.VirtualUserController: Test limit reached, thread is done: blazedemo 1-10
2017-12-12 10:08:44,255 INFO o.a.j.t.JMeterThread: Thread finished: blazedemo 1-3
2017-12-12 10:08:44,255 INFO o.a.j.t.JMeterThread: Thread is done: blazedemo 1-10
2017-12-12 10:08:44,255 INFO o.a.j.t.JMeterThread: Thread finished: blazedemo 1-10
2017-12-12 10:08:44,259 INFO c.b.j.c.VirtualUserController: Test limit reached, thread is done: blazedemo 1-17
2017-12-12 10:08:44,259 INFO o.a.j.t.JMeterThread: Thread is done: blazedemo 1-17
2017-12-12 10:08:44,259 INFO o.a.j.t.JMeterThread: Thread finished: blazedemo 1-17
2017-12-12 10:08:44,286 INFO c.b.j.c.VirtualUserController: Test limit reached, thread is done: blazedemo 1-36
2017-12-12 10:08:44,286 INFO o.a.j.t.JMeterThread: Thread is done: blazedemo 1-36
2017-12-12 10:08:44,286 INFO o.a.j.t.JMeterThread: Thread finished: blazedemo 1-36
2017-12-12 10:08:44,298 INFO c.b.j.c.VirtualUserController: Test limit reached, thread is done: blazedemo 1-27
2017-12-12 10:08:44,298 INFO o.a.j.t.JMeterThread: Thread is done: blazedemo 1-27
2017-12-12 10:08:44,298 INFO o.a.j.t.JMeterThread: Thread finished: blazedemo 1-27
2017-12-12 10:08:44,385 INFO c.b.j.c.VirtualUserController: Test limit reached, thread is done: blazedemo 1-29
2017-12-12 10:08:44,385 INFO o.a.j.t.JMeterThread: Thread is done: blazedemo 1-29
2017-12-12 10:08:44,385 INFO o.a.j.t.JMeterThread: Thread finished: blazedemo 1-29
2017-12-12 10:08:44,411 INFO c.b.j.c.VirtualUserController: Test limit reached, thread is done: blazedemo 1-38
2017-12-12 10:08:44,411 INFO o.a.j.t.JMeterThread: Thread is done: blazedemo 1-38
2017-12-12 10:08:44,411 INFO o.a.j.t.JMeterThread: Thread finished: blazedemo 1-38
2017-12-12 10:08:44,441 INFO c.b.j.c.VirtualUserController: Test limit reached, thread is done: blazedemo 1-48
2017-12-12 10:08:44,441 INFO c.b.j.c.VirtualUserController: Test limit reached, thread is done: blazedemo 1-23
2017-12-12 10:08:44,442 INFO o.a.j.t.JMeterThread: Thread is done: blazedemo 1-48
2017-12-12 10:08:44,442 INFO o.a.j.t.JMeterThread: Thread is done: blazedemo 1-23
2017-12-12 10:08:44,442 INFO o.a.j.t.JMeterThread: Thread finished: blazedemo 1-48
2017-12-12 10:08:44,442 INFO o.a.j.t.JMeterThread: Thread finished: blazedemo 1-23
2017-12-12 10:08:44,455 INFO c.b.j.c.VirtualUserController: Test limit reached, thread is done: blazedemo 1-42
2017-12-12 10:08:44,455 INFO o.a.j.t.JMeterThread: Thread is done: blazedemo 1-42
2017-12-12 10:08:44,455 INFO o.a.j.t.JMeterThread: Thread finished: blazedemo 1-42
2017-12-12 10:08:44,462 INFO c.b.j.c.VirtualUserController: Test limit reached, thread is done: blazedemo 1-25
2017-12-12 10:08:44,462 INFO c.b.j.c.VirtualUserController: Test limit reached, thread is done: blazedemo 1-28
2017-12-12 10:08:44,462 INFO o.a.j.t.JMeterThread: Thread is done: blazedemo 1-25
2017-12-12 10:08:44,462 INFO o.a.j.t.JMeterThread: Thread is done: blazedemo 1-28
2017-12-12 10:08:44,462 INFO o.a.j.t.JMeterThread: Thread finished: blazedemo 1-25
2017-12-12 10:08:44,462 INFO o.a.j.t.JMeterThread: Thread finished: blazedemo 1-28
2017-12-12 10:08:44,464 INFO c.b.j.c.VirtualUserController: Test limit reached, thread is done: blazedemo 1-30
2017-12-12 10:08:44,464 INFO o.a.j.t.JMeterThread: Thread is done: blazedemo 1-30
2017-12-12 10:08:44,465 INFO o.a.j.t.JMeterThread: Thread finished: blazedemo 1-30
2017-12-12 10:08:44,468 INFO c.b.j.c.VirtualUserController: Test limit reached, thread is done: blazedemo 1-40
2017-12-12 10:08:44,469 INFO o.a.j.t.JMeterThread: Thread is done: blazedemo 1-40
2017-12-12 10:08:44,469 INFO o.a.j.t.JMeterThread: Thread finished: blazedemo 1-40
2017-12-12 10:08:44,470 INFO c.b.j.c.VirtualUserController: Test limit reached, thread is done: blazedemo 1-32
2017-12-12 10:08:44,470 INFO o.a.j.t.JMeterThread: Thread is done: blazedemo 1-32
2017-12-12 10:08:44,470 INFO o.a.j.t.JMeterThread: Thread finished: blazedemo 1-32
2017-12-12 10:08:44,471 INFO c.b.j.c.VirtualUserController: Test limit reached, thread is done: blazedemo 1-44
2017-12-12 10:08:44,471 INFO o.a.j.t.JMeterThread: Thread is done: blazedemo 1-44
2017-12-12 10:08:44,471 INFO o.a.j.t.JMeterThread: Thread finished: blazedemo 1-44
2017-12-12 10:08:47,756 INFO c.b.j.c.VirtualUserController: Test limit reached, thread is done: blazedemo 1-20
2017-12-12 10:08:47,756 INFO o.a.j.t.JMeterThread: Thread is done: blazedemo 1-20
2017-12-12 10:08:47,756 INFO o.a.j.t.JMeterThread: Thread finished: blazedemo 1-20
2017-12-12 10:08:47,757 INFO o.a.j.e.StandardJMeterEngine: Notifying test listeners of end of test
2017-12-12 10:08:47,757 INFO o.a.j.s.FileServer: Close: /Users/daper01/Documents/OSLo/param.csv
2017-12-12 10:08:47,759 INFO o.a.j.e.StandardJMeterEngine: Forced JVM shutdown requested at end of test
