2017-12-12 10:06:09,220 INFO o.a.j.u.JMeterUtils: Setting Locale to en_US
2017-12-12 10:06:09,239 INFO o.a.j.JMeter: Loading user properties from: /Users/daper01/.bzt/jmeter-taurus/3.3/bin/user.properties
2017-12-12 10:06:09,242 INFO o.a.j.JMeter: Loading system properties from: /Users/daper01/.bzt/jmeter-taurus/3.3/bin/system.properties
2017-12-12 10:06:09,243 INFO o.a.j.JMeter: Setting System properties from file: /Users/daper01/Documents/OSLo/artifacts/2017-12-12_10-05-27.913941/system.properties
2017-12-12 10:06:09,248 INFO o.a.j.JMeter: Copyright (c) 1998-2017 The Apache Software Foundation
2017-12-12 10:06:09,248 INFO o.a.j.JMeter: Version 3.3 r1808647
2017-12-12 10:06:09,248 INFO o.a.j.JMeter: java.version=1.8.0_121
2017-12-12 10:06:09,249 INFO o.a.j.JMeter: java.vm.name=Java HotSpot(TM) 64-Bit Server VM
2017-12-12 10:06:09,249 INFO o.a.j.JMeter: os.name=Mac OS X
2017-12-12 10:06:09,249 INFO o.a.j.JMeter: os.arch=x86_64
2017-12-12 10:06:09,249 INFO o.a.j.JMeter: os.version=10.13.1
2017-12-12 10:06:09,249 INFO o.a.j.JMeter: file.encoding=UTF-8
2017-12-12 10:06:09,249 INFO o.a.j.JMeter: Max memory     =3817865216
2017-12-12 10:06:09,249 INFO o.a.j.JMeter: Available Processors =4
2017-12-12 10:06:09,252 INFO o.a.j.JMeter: Default Locale=English (United States)
2017-12-12 10:06:09,253 INFO o.a.j.JMeter: JMeter  Locale=English (United States)
2017-12-12 10:06:09,253 INFO o.a.j.JMeter: JMeterHome=/Users/daper01/.bzt/jmeter-taurus/3.3
2017-12-12 10:06:09,253 INFO o.a.j.JMeter: user.dir  =/Users/daper01/Documents/OSLo
2017-12-12 10:06:09,253 INFO o.a.j.JMeter: PWD       =/Users/daper01/Documents/OSLo
2017-12-12 10:06:09,254 INFO o.a.j.JMeter: IP: 192.168.1.77 Name: daper01mac1124 FullName: daper01mac1124
2017-12-12 10:06:09,254 INFO o.a.j.JMeter: user.classpath=/Users/daper01/Documents/OSLo/artifacts/2017-12-12_10-05-27.913941
2017-12-12 10:06:09,255 INFO o.a.j.JMeter: Adding to classpath and loader: /Users/daper01/Documents/OSLo/artifacts/2017-12-12_10-05-27.913941
2017-12-12 10:06:09,259 INFO o.a.j.s.FileServer: Default base='/Users/daper01/Documents/OSLo'
2017-12-12 10:06:09,259 INFO o.a.j.s.FileServer: Set new base='/Users/daper01/Documents/OSLo/artifacts/2017-12-12_10-05-27.913941'
2017-12-12 10:06:09,515 INFO o.a.j.s.SaveService: Testplan (JMX) version: 2.2. Testlog (JTL) version: 2.2
2017-12-12 10:06:09,537 INFO o.a.j.s.SaveService: Using SaveService properties file encoding UTF-8
2017-12-12 10:06:09,542 INFO o.a.j.s.SaveService: Using SaveService properties version 3.2
2017-12-12 10:06:09,550 INFO o.a.j.s.SaveService: Loading file: /Users/daper01/Documents/OSLo/artifacts/2017-12-12_10-05-27.913941/modified_requests.jmx
2017-12-12 10:06:09,752 INFO o.a.j.p.h.c.CacheManager: Will only cache the following methods: [GET]
2017-12-12 10:06:09,754 INFO o.a.j.p.h.c.CookieManager: Settings: Delete null: true Check: true Allow variable: true Save: false Prefix: COOKIE_
2017-12-12 10:06:09,786 INFO o.a.j.p.h.s.HTTPSamplerBase: Parser for text/html is org.apache.jmeter.protocol.http.parser.LagartoBasedHtmlParser
2017-12-12 10:06:09,786 INFO o.a.j.p.h.s.HTTPSamplerBase: Parser for application/xhtml+xml is org.apache.jmeter.protocol.http.parser.LagartoBasedHtmlParser
2017-12-12 10:06:09,786 INFO o.a.j.p.h.s.HTTPSamplerBase: Parser for application/xml is org.apache.jmeter.protocol.http.parser.LagartoBasedHtmlParser
2017-12-12 10:06:09,786 INFO o.a.j.p.h.s.HTTPSamplerBase: Parser for text/xml is org.apache.jmeter.protocol.http.parser.LagartoBasedHtmlParser
2017-12-12 10:06:09,786 INFO o.a.j.p.h.s.HTTPSamplerBase: Parser for text/vnd.wap.wml is org.apache.jmeter.protocol.http.parser.RegexpHTMLParser
2017-12-12 10:06:09,786 INFO o.a.j.p.h.s.HTTPSamplerBase: Parser for text/css is org.apache.jmeter.protocol.http.parser.CssParser
2017-12-12 10:06:09,829 INFO o.a.j.e.StandardJMeterEngine: Running the test!
2017-12-12 10:06:09,830 INFO o.a.j.s.SampleEvent: List of sample_variables: []
2017-12-12 10:06:09,830 INFO o.a.j.s.SampleEvent: List of sample_variables: []
2017-12-12 10:06:09,835 INFO o.a.j.e.u.CompoundVariable: Note: Function class names must contain the string: '.functions.'
2017-12-12 10:06:09,835 INFO o.a.j.e.u.CompoundVariable: Note: Function class names must not contain the string: '.gui.'
2017-12-12 10:06:10,690 INFO o.a.j.JMeter: Running test (1513101970690)
2017-12-12 10:06:10,733 INFO o.a.j.e.StandardJMeterEngine: Starting ThreadGroup: 1 : blazedemo
2017-12-12 10:06:10,733 INFO o.a.j.e.StandardJMeterEngine: Starting 50 threads for group blazedemo.
2017-12-12 10:06:10,733 INFO o.a.j.e.StandardJMeterEngine: Thread will continue on error
2017-12-12 10:06:10,738 INFO c.b.j.t.c.ConcurrencyThreadStarter: Start supplying threads
2017-12-12 10:06:10,738 INFO o.a.j.e.StandardJMeterEngine: All thread groups have been started
2017-12-12 10:06:11,058 INFO o.a.j.s.SampleResult: Note: Sample TimeStamps are START times
2017-12-12 10:06:11,058 INFO o.a.j.s.SampleResult: sampleresult.default.encoding is set to UTF-8
2017-12-12 10:06:11,058 INFO o.a.j.s.SampleResult: sampleresult.useNanoTime=true
2017-12-12 10:06:11,059 INFO o.a.j.s.SampleResult: sampleresult.nanoThreadSleep=5000
2017-12-12 10:06:11,712 INFO o.a.j.t.JMeterThread: Thread started: blazedemo 1-1
2017-12-12 10:06:11,714 INFO o.a.j.s.FileServer: Stored: /Users/daper01/Documents/OSLo/param.csv
2017-12-12 10:06:11,751 INFO o.a.j.p.h.s.HTTPHCAbstractImpl: Local host = daper01mac1124
2017-12-12 10:06:11,756 INFO o.a.j.p.h.s.HTTPHC4Impl: HTTP request retry count = 0
2017-12-12 10:06:12,065 INFO o.a.j.t.JMeterThread: Thread started: blazedemo 1-2
2017-12-12 10:06:13,068 INFO o.a.j.t.JMeterThread: Thread started: blazedemo 1-3
2017-12-12 10:06:13,071 INFO o.a.j.t.JMeterThread: Thread started: blazedemo 1-4
2017-12-12 10:06:14,071 INFO o.a.j.t.JMeterThread: Thread started: blazedemo 1-5
2017-12-12 10:06:14,076 INFO o.a.j.t.JMeterThread: Thread started: blazedemo 1-6
2017-12-12 10:06:15,075 INFO o.a.j.t.JMeterThread: Thread started: blazedemo 1-7
2017-12-12 10:06:16,079 INFO o.a.j.t.JMeterThread: Thread started: blazedemo 1-8
2017-12-12 10:06:16,081 INFO o.a.j.t.JMeterThread: Thread started: blazedemo 1-9
2017-12-12 10:06:17,084 INFO o.a.j.t.JMeterThread: Thread started: blazedemo 1-10
2017-12-12 10:06:17,084 INFO o.a.j.t.JMeterThread: Thread started: blazedemo 1-11
2017-12-12 10:06:18,087 INFO o.a.j.t.JMeterThread: Thread started: blazedemo 1-12
2017-12-12 10:06:19,089 INFO o.a.j.t.JMeterThread: Thread started: blazedemo 1-13
2017-12-12 10:06:19,090 INFO o.a.j.t.JMeterThread: Thread started: blazedemo 1-14
2017-12-12 10:06:20,098 INFO o.a.j.t.JMeterThread: Thread started: blazedemo 1-15
2017-12-12 10:06:20,104 INFO o.a.j.t.JMeterThread: Thread started: blazedemo 1-16
2017-12-12 10:06:21,108 INFO o.a.j.t.JMeterThread: Thread started: blazedemo 1-17
2017-12-12 10:06:22,110 INFO o.a.j.t.JMeterThread: Thread started: blazedemo 1-18
2017-12-12 10:06:22,113 INFO o.a.j.t.JMeterThread: Thread started: blazedemo 1-19
2017-12-12 10:06:23,118 INFO o.a.j.t.JMeterThread: Thread started: blazedemo 1-20
2017-12-12 10:06:23,118 INFO o.a.j.t.JMeterThread: Thread started: blazedemo 1-21
2017-12-12 10:06:24,120 INFO o.a.j.t.JMeterThread: Thread started: blazedemo 1-22
2017-12-12 10:06:25,123 INFO o.a.j.t.JMeterThread: Thread started: blazedemo 1-23
2017-12-12 10:06:25,124 INFO o.a.j.t.JMeterThread: Thread started: blazedemo 1-24
2017-12-12 10:06:26,129 INFO o.a.j.t.JMeterThread: Thread started: blazedemo 1-25
2017-12-12 10:06:26,130 INFO o.a.j.t.JMeterThread: Thread started: blazedemo 1-26
2017-12-12 10:06:27,134 INFO o.a.j.t.JMeterThread: Thread started: blazedemo 1-27
2017-12-12 10:06:28,137 INFO o.a.j.t.JMeterThread: Thread started: blazedemo 1-28
2017-12-12 10:06:28,138 INFO o.a.j.t.JMeterThread: Thread started: blazedemo 1-29
2017-12-12 10:06:29,139 INFO o.a.j.t.JMeterThread: Thread started: blazedemo 1-30
2017-12-12 10:06:29,140 INFO o.a.j.t.JMeterThread: Thread started: blazedemo 1-31
2017-12-12 10:06:30,141 INFO o.a.j.t.JMeterThread: Thread started: blazedemo 1-32
2017-12-12 10:06:31,160 INFO o.a.j.t.JMeterThread: Thread started: blazedemo 1-33
2017-12-12 10:06:31,166 INFO o.a.j.t.JMeterThread: Thread started: blazedemo 1-34
2017-12-12 10:06:32,162 INFO o.a.j.t.JMeterThread: Thread started: blazedemo 1-35
2017-12-12 10:06:32,163 INFO o.a.j.t.JMeterThread: Thread started: blazedemo 1-36
2017-12-12 10:06:33,171 INFO o.a.j.t.JMeterThread: Thread started: blazedemo 1-37
2017-12-12 10:06:34,172 INFO o.a.j.t.JMeterThread: Thread started: blazedemo 1-38
2017-12-12 10:06:34,174 INFO o.a.j.t.JMeterThread: Thread started: blazedemo 1-39
2017-12-12 10:06:35,175 INFO o.a.j.t.JMeterThread: Thread started: blazedemo 1-40
2017-12-12 10:06:35,176 INFO o.a.j.t.JMeterThread: Thread started: blazedemo 1-41
2017-12-12 10:06:36,178 INFO o.a.j.t.JMeterThread: Thread started: blazedemo 1-42
2017-12-12 10:06:37,181 INFO o.a.j.t.JMeterThread: Thread started: blazedemo 1-43
2017-12-12 10:06:37,181 INFO o.a.j.t.JMeterThread: Thread started: blazedemo 1-44
2017-12-12 10:06:38,189 INFO o.a.j.t.JMeterThread: Thread started: blazedemo 1-45
2017-12-12 10:06:38,191 INFO o.a.j.t.JMeterThread: Thread started: blazedemo 1-46
2017-12-12 10:06:39,194 INFO o.a.j.t.JMeterThread: Thread started: blazedemo 1-47
2017-12-12 10:06:40,200 INFO o.a.j.t.JMeterThread: Thread started: blazedemo 1-48
2017-12-12 10:06:40,200 INFO o.a.j.t.JMeterThread: Thread started: blazedemo 1-49
2017-12-12 10:06:41,204 INFO o.a.j.t.JMeterThread: Thread started: blazedemo 1-50
2017-12-12 10:08:41,491 INFO c.b.j.t.c.ConcurrencyThreadStarter: Done supplying threads
2017-12-12 10:08:42,717 INFO c.b.j.c.VirtualUserController: Test limit reached, thread is done: blazedemo 1-38
2017-12-12 10:08:42,718 INFO o.a.j.t.JMeterThread: Thread is done: blazedemo 1-38
2017-12-12 10:08:42,718 INFO o.a.j.t.JMeterThread: Thread finished: blazedemo 1-38
2017-12-12 10:08:42,720 INFO c.b.j.c.VirtualUserController: Test limit reached, thread is done: blazedemo 1-36
2017-12-12 10:08:42,720 INFO o.a.j.t.JMeterThread: Thread is done: blazedemo 1-36
2017-12-12 10:08:42,720 INFO o.a.j.t.JMeterThread: Thread finished: blazedemo 1-36
2017-12-12 10:08:43,179 INFO c.b.j.c.VirtualUserController: Test limit reached, thread is done: blazedemo 1-17
2017-12-12 10:08:43,179 INFO o.a.j.t.JMeterThread: Thread is done: blazedemo 1-17
2017-12-12 10:08:43,179 INFO o.a.j.t.JMeterThread: Thread finished: blazedemo 1-17
2017-12-12 10:08:43,192 INFO c.b.j.c.VirtualUserController: Test limit reached, thread is done: blazedemo 1-35
2017-12-12 10:08:43,192 INFO o.a.j.t.JMeterThread: Thread is done: blazedemo 1-35
2017-12-12 10:08:43,192 INFO o.a.j.t.JMeterThread: Thread finished: blazedemo 1-35
2017-12-12 10:08:43,334 INFO c.b.j.c.VirtualUserController: Test limit reached, thread is done: blazedemo 1-33
2017-12-12 10:08:43,335 INFO o.a.j.t.JMeterThread: Thread is done: blazedemo 1-33
2017-12-12 10:08:43,335 INFO o.a.j.t.JMeterThread: Thread finished: blazedemo 1-33
2017-12-12 10:08:43,341 INFO c.b.j.c.VirtualUserController: Test limit reached, thread is done: blazedemo 1-47
2017-12-12 10:08:43,341 INFO o.a.j.t.JMeterThread: Thread is done: blazedemo 1-47
2017-12-12 10:08:43,342 INFO o.a.j.t.JMeterThread: Thread finished: blazedemo 1-47
2017-12-12 10:08:43,351 INFO c.b.j.c.VirtualUserController: Test limit reached, thread is done: blazedemo 1-31
2017-12-12 10:08:43,351 INFO o.a.j.t.JMeterThread: Thread is done: blazedemo 1-31
2017-12-12 10:08:43,352 INFO o.a.j.t.JMeterThread: Thread finished: blazedemo 1-31
2017-12-12 10:08:43,427 INFO c.b.j.c.VirtualUserController: Test limit reached, thread is done: blazedemo 1-42
2017-12-12 10:08:43,428 INFO o.a.j.t.JMeterThread: Thread is done: blazedemo 1-42
2017-12-12 10:08:43,428 INFO o.a.j.t.JMeterThread: Thread finished: blazedemo 1-42
2017-12-12 10:08:43,443 INFO c.b.j.c.VirtualUserController: Test limit reached, thread is done: blazedemo 1-45
2017-12-12 10:08:43,443 INFO o.a.j.t.JMeterThread: Thread is done: blazedemo 1-45
2017-12-12 10:08:43,443 INFO o.a.j.t.JMeterThread: Thread finished: blazedemo 1-45
2017-12-12 10:08:43,444 INFO c.b.j.c.VirtualUserController: Test limit reached, thread is done: blazedemo 1-18
2017-12-12 10:08:43,444 INFO o.a.j.t.JMeterThread: Thread is done: blazedemo 1-18
2017-12-12 10:08:43,445 INFO c.b.j.c.VirtualUserController: Test limit reached, thread is done: blazedemo 1-24
2017-12-12 10:08:43,444 INFO o.a.j.t.JMeterThread: Thread finished: blazedemo 1-18
2017-12-12 10:08:43,445 INFO o.a.j.t.JMeterThread: Thread is done: blazedemo 1-24
2017-12-12 10:08:43,445 INFO o.a.j.t.JMeterThread: Thread finished: blazedemo 1-24
2017-12-12 10:08:43,446 INFO c.b.j.c.VirtualUserController: Test limit reached, thread is done: blazedemo 1-13
2017-12-12 10:08:43,446 INFO o.a.j.t.JMeterThread: Thread is done: blazedemo 1-13
2017-12-12 10:08:43,446 INFO o.a.j.t.JMeterThread: Thread finished: blazedemo 1-13
2017-12-12 10:08:43,446 INFO c.b.j.c.VirtualUserController: Test limit reached, thread is done: blazedemo 1-14
2017-12-12 10:08:43,446 INFO o.a.j.t.JMeterThread: Thread is done: blazedemo 1-14
2017-12-12 10:08:43,446 INFO c.b.j.c.VirtualUserController: Test limit reached, thread is done: blazedemo 1-11
2017-12-12 10:08:43,446 INFO o.a.j.t.JMeterThread: Thread finished: blazedemo 1-14
2017-12-12 10:08:43,446 INFO o.a.j.t.JMeterThread: Thread is done: blazedemo 1-11
2017-12-12 10:08:43,446 INFO o.a.j.t.JMeterThread: Thread finished: blazedemo 1-11
2017-12-12 10:08:43,447 INFO c.b.j.c.VirtualUserController: Test limit reached, thread is done: blazedemo 1-6
2017-12-12 10:08:43,447 INFO o.a.j.t.JMeterThread: Thread is done: blazedemo 1-6
2017-12-12 10:08:43,447 INFO o.a.j.t.JMeterThread: Thread finished: blazedemo 1-6
2017-12-12 10:08:43,448 INFO c.b.j.c.VirtualUserController: Test limit reached, thread is done: blazedemo 1-37
2017-12-12 10:08:43,448 INFO o.a.j.t.JMeterThread: Thread is done: blazedemo 1-37
2017-12-12 10:08:43,448 INFO o.a.j.t.JMeterThread: Thread finished: blazedemo 1-37
2017-12-12 10:08:43,459 INFO c.b.j.c.VirtualUserController: Test limit reached, thread is done: blazedemo 1-19
2017-12-12 10:08:43,459 INFO o.a.j.t.JMeterThread: Thread is done: blazedemo 1-19
2017-12-12 10:08:43,459 INFO c.b.j.c.VirtualUserController: Test limit reached, thread is done: blazedemo 1-30
2017-12-12 10:08:43,459 INFO o.a.j.t.JMeterThread: Thread finished: blazedemo 1-19
2017-12-12 10:08:43,459 INFO o.a.j.t.JMeterThread: Thread is done: blazedemo 1-30
2017-12-12 10:08:43,459 INFO c.b.j.c.VirtualUserController: Test limit reached, thread is done: blazedemo 1-48
2017-12-12 10:08:43,459 INFO o.a.j.t.JMeterThread: Thread finished: blazedemo 1-30
2017-12-12 10:08:43,460 INFO o.a.j.t.JMeterThread: Thread is done: blazedemo 1-48
2017-12-12 10:08:43,460 INFO o.a.j.t.JMeterThread: Thread finished: blazedemo 1-48
2017-12-12 10:08:43,694 INFO c.b.j.c.VirtualUserController: Test limit reached, thread is done: blazedemo 1-39
2017-12-12 10:08:43,694 INFO o.a.j.t.JMeterThread: Thread is done: blazedemo 1-39
2017-12-12 10:08:43,695 INFO o.a.j.t.JMeterThread: Thread finished: blazedemo 1-39
2017-12-12 10:08:43,799 INFO c.b.j.c.VirtualUserController: Test limit reached, thread is done: blazedemo 1-8
2017-12-12 10:08:43,799 INFO o.a.j.t.JMeterThread: Thread is done: blazedemo 1-8
2017-12-12 10:08:43,799 INFO o.a.j.t.JMeterThread: Thread finished: blazedemo 1-8
2017-12-12 10:08:43,943 INFO c.b.j.c.VirtualUserController: Test limit reached, thread is done: blazedemo 1-27
2017-12-12 10:08:43,944 INFO c.b.j.c.VirtualUserController: Test limit reached, thread is done: blazedemo 1-41
2017-12-12 10:08:43,944 INFO o.a.j.t.JMeterThread: Thread is done: blazedemo 1-41
2017-12-12 10:08:43,944 INFO o.a.j.t.JMeterThread: Thread is done: blazedemo 1-27
2017-12-12 10:08:43,944 INFO o.a.j.t.JMeterThread: Thread finished: blazedemo 1-41
2017-12-12 10:08:43,944 INFO o.a.j.t.JMeterThread: Thread finished: blazedemo 1-27
2017-12-12 10:08:43,954 INFO c.b.j.c.VirtualUserController: Test limit reached, thread is done: blazedemo 1-7
2017-12-12 10:08:43,954 INFO o.a.j.t.JMeterThread: Thread is done: blazedemo 1-7
2017-12-12 10:08:43,954 INFO o.a.j.t.JMeterThread: Thread finished: blazedemo 1-7
2017-12-12 10:08:43,959 INFO c.b.j.c.VirtualUserController: Test limit reached, thread is done: blazedemo 1-22
2017-12-12 10:08:43,960 INFO o.a.j.t.JMeterThread: Thread is done: blazedemo 1-22
2017-12-12 10:08:43,960 INFO o.a.j.t.JMeterThread: Thread finished: blazedemo 1-22
2017-12-12 10:08:43,968 INFO c.b.j.c.VirtualUserController: Test limit reached, thread is done: blazedemo 1-3
2017-12-12 10:08:43,968 INFO o.a.j.t.JMeterThread: Thread is done: blazedemo 1-3
2017-12-12 10:08:43,968 INFO o.a.j.t.JMeterThread: Thread finished: blazedemo 1-3
2017-12-12 10:08:43,992 INFO c.b.j.c.VirtualUserController: Test limit reached, thread is done: blazedemo 1-28
2017-12-12 10:08:43,992 INFO o.a.j.t.JMeterThread: Thread is done: blazedemo 1-28
2017-12-12 10:08:43,992 INFO o.a.j.t.JMeterThread: Thread finished: blazedemo 1-28
2017-12-12 10:08:44,000 INFO c.b.j.c.VirtualUserController: Test limit reached, thread is done: blazedemo 1-15
2017-12-12 10:08:44,000 INFO c.b.j.c.VirtualUserController: Test limit reached, thread is done: blazedemo 1-1
2017-12-12 10:08:44,000 INFO o.a.j.t.JMeterThread: Thread is done: blazedemo 1-15
2017-12-12 10:08:44,000 INFO o.a.j.t.JMeterThread: Thread is done: blazedemo 1-1
2017-12-12 10:08:44,001 INFO o.a.j.t.JMeterThread: Thread finished: blazedemo 1-15
2017-12-12 10:08:44,001 INFO o.a.j.t.JMeterThread: Thread finished: blazedemo 1-1
2017-12-12 10:08:44,004 INFO c.b.j.c.VirtualUserController: Test limit reached, thread is done: blazedemo 1-16
2017-12-12 10:08:44,004 INFO o.a.j.t.JMeterThread: Thread is done: blazedemo 1-16
2017-12-12 10:08:44,005 INFO c.b.j.c.VirtualUserController: Test limit reached, thread is done: blazedemo 1-50
2017-12-12 10:08:44,005 INFO o.a.j.t.JMeterThread: Thread is done: blazedemo 1-50
2017-12-12 10:08:44,005 INFO o.a.j.t.JMeterThread: Thread finished: blazedemo 1-50
2017-12-12 10:08:44,005 INFO o.a.j.t.JMeterThread: Thread finished: blazedemo 1-16
2017-12-12 10:08:44,113 INFO c.b.j.c.VirtualUserController: Test limit reached, thread is done: blazedemo 1-32
2017-12-12 10:08:44,114 INFO o.a.j.t.JMeterThread: Thread is done: blazedemo 1-32
2017-12-12 10:08:44,114 INFO o.a.j.t.JMeterThread: Thread finished: blazedemo 1-32
2017-12-12 10:08:44,248 INFO c.b.j.c.VirtualUserController: Test limit reached, thread is done: blazedemo 1-26
2017-12-12 10:08:44,248 INFO o.a.j.t.JMeterThread: Thread is done: blazedemo 1-26
2017-12-12 10:08:44,248 INFO o.a.j.t.JMeterThread: Thread finished: blazedemo 1-26
2017-12-12 10:08:44,257 INFO c.b.j.c.VirtualUserController: Test limit reached, thread is done: blazedemo 1-23
2017-12-12 10:08:44,258 INFO o.a.j.t.JMeterThread: Thread is done: blazedemo 1-23
2017-12-12 10:08:44,258 INFO o.a.j.t.JMeterThread: Thread finished: blazedemo 1-23
2017-12-12 10:08:44,258 INFO c.b.j.c.VirtualUserController: Test limit reached, thread is done: blazedemo 1-46
2017-12-12 10:08:44,258 INFO o.a.j.t.JMeterThread: Thread is done: blazedemo 1-46
2017-12-12 10:08:44,258 INFO o.a.j.t.JMeterThread: Thread finished: blazedemo 1-46
2017-12-12 10:08:44,306 INFO c.b.j.c.VirtualUserController: Test limit reached, thread is done: blazedemo 1-10
2017-12-12 10:08:44,306 INFO o.a.j.t.JMeterThread: Thread is done: blazedemo 1-10
2017-12-12 10:08:44,306 INFO o.a.j.t.JMeterThread: Thread finished: blazedemo 1-10
2017-12-12 10:08:44,386 INFO c.b.j.c.VirtualUserController: Test limit reached, thread is done: blazedemo 1-25
2017-12-12 10:08:44,386 INFO o.a.j.t.JMeterThread: Thread is done: blazedemo 1-25
2017-12-12 10:08:44,386 INFO o.a.j.t.JMeterThread: Thread finished: blazedemo 1-25
2017-12-12 10:08:44,401 INFO c.b.j.c.VirtualUserController: Test limit reached, thread is done: blazedemo 1-2
2017-12-12 10:08:44,401 INFO o.a.j.t.JMeterThread: Thread is done: blazedemo 1-2
2017-12-12 10:08:44,401 INFO o.a.j.t.JMeterThread: Thread finished: blazedemo 1-2
2017-12-12 10:08:44,407 INFO c.b.j.c.VirtualUserController: Test limit reached, thread is done: blazedemo 1-40
2017-12-12 10:08:44,408 INFO o.a.j.t.JMeterThread: Thread is done: blazedemo 1-40
2017-12-12 10:08:44,408 INFO o.a.j.t.JMeterThread: Thread finished: blazedemo 1-40
2017-12-12 10:08:44,437 INFO c.b.j.c.VirtualUserController: Test limit reached, thread is done: blazedemo 1-4
2017-12-12 10:08:44,437 INFO c.b.j.c.VirtualUserController: Test limit reached, thread is done: blazedemo 1-34
2017-12-12 10:08:44,437 INFO o.a.j.t.JMeterThread: Thread is done: blazedemo 1-4
2017-12-12 10:08:44,437 INFO o.a.j.t.JMeterThread: Thread finished: blazedemo 1-4
2017-12-12 10:08:44,437 INFO o.a.j.t.JMeterThread: Thread is done: blazedemo 1-34
2017-12-12 10:08:44,438 INFO o.a.j.t.JMeterThread: Thread finished: blazedemo 1-34
2017-12-12 10:08:44,439 INFO c.b.j.c.VirtualUserController: Test limit reached, thread is done: blazedemo 1-9
2017-12-12 10:08:44,439 INFO o.a.j.t.JMeterThread: Thread is done: blazedemo 1-9
2017-12-12 10:08:44,439 INFO o.a.j.t.JMeterThread: Thread finished: blazedemo 1-9
2017-12-12 10:08:44,455 INFO c.b.j.c.VirtualUserController: Test limit reached, thread is done: blazedemo 1-49
2017-12-12 10:08:44,455 INFO o.a.j.t.JMeterThread: Thread is done: blazedemo 1-49
2017-12-12 10:08:44,455 INFO o.a.j.t.JMeterThread: Thread finished: blazedemo 1-49
2017-12-12 10:08:44,468 INFO c.b.j.c.VirtualUserController: Test limit reached, thread is done: blazedemo 1-12
2017-12-12 10:08:44,468 INFO o.a.j.t.JMeterThread: Thread is done: blazedemo 1-12
2017-12-12 10:08:44,468 INFO o.a.j.t.JMeterThread: Thread finished: blazedemo 1-12
2017-12-12 10:08:44,472 INFO c.b.j.c.VirtualUserController: Test limit reached, thread is done: blazedemo 1-5
2017-12-12 10:08:44,472 INFO o.a.j.t.JMeterThread: Thread is done: blazedemo 1-5
2017-12-12 10:08:44,472 INFO o.a.j.t.JMeterThread: Thread finished: blazedemo 1-5
2017-12-12 10:08:44,474 INFO c.b.j.c.VirtualUserController: Test limit reached, thread is done: blazedemo 1-21
2017-12-12 10:08:44,474 INFO o.a.j.t.JMeterThread: Thread is done: blazedemo 1-21
2017-12-12 10:08:44,474 INFO o.a.j.t.JMeterThread: Thread finished: blazedemo 1-21
2017-12-12 10:08:44,476 INFO c.b.j.c.VirtualUserController: Test limit reached, thread is done: blazedemo 1-44
2017-12-12 10:08:44,477 INFO o.a.j.t.JMeterThread: Thread is done: blazedemo 1-44
2017-12-12 10:08:44,477 INFO o.a.j.t.JMeterThread: Thread finished: blazedemo 1-44
2017-12-12 10:08:44,491 INFO c.b.j.c.VirtualUserController: Test limit reached, thread is done: blazedemo 1-43
2017-12-12 10:08:44,491 INFO o.a.j.t.JMeterThread: Thread is done: blazedemo 1-43
2017-12-12 10:08:44,491 INFO o.a.j.t.JMeterThread: Thread finished: blazedemo 1-43
2017-12-12 10:08:44,493 INFO c.b.j.c.VirtualUserController: Test limit reached, thread is done: blazedemo 1-20
2017-12-12 10:08:44,493 INFO o.a.j.t.JMeterThread: Thread is done: blazedemo 1-20
2017-12-12 10:08:44,493 INFO o.a.j.t.JMeterThread: Thread finished: blazedemo 1-20
2017-12-12 10:08:46,582 INFO c.b.j.c.VirtualUserController: Test limit reached, thread is done: blazedemo 1-29
2017-12-12 10:08:46,582 INFO o.a.j.t.JMeterThread: Thread is done: blazedemo 1-29
2017-12-12 10:08:46,583 INFO o.a.j.t.JMeterThread: Thread finished: blazedemo 1-29
2017-12-12 10:08:46,583 INFO o.a.j.e.StandardJMeterEngine: Notifying test listeners of end of test
2017-12-12 10:08:46,583 INFO o.a.j.s.FileServer: Close: /Users/daper01/Documents/OSLo/param.csv
2017-12-12 10:08:46,585 INFO o.a.j.e.StandardJMeterEngine: Forced JVM shutdown requested at end of test
