2017/06/14 22:19:28 INFO  - jmeter.util.JMeterUtils: Setting Locale to en_US 
2017/06/14 22:19:28 INFO  - jmeter.JMeter: Loading user properties from: /Users/daper01/.bzt/jmeter-taurus/bin/user.properties 
2017/06/14 22:19:28 INFO  - jmeter.JMeter: Loading system properties from: /Users/daper01/.bzt/jmeter-taurus/bin/system.properties 
2017/06/14 22:19:28 INFO  - jmeter.JMeter: Setting System properties from file: /Users/daper01/Documents/OSLo/from_scenario/2017-06-14_22-19-27.880593/system.properties 
2017/06/14 22:19:28 INFO  - jmeter.JMeter: Copyright (c) 1998-2016 The Apache Software Foundation 
2017/06/14 22:19:28 INFO  - jmeter.JMeter: Version 3.1 r1770033 
2017/06/14 22:19:28 INFO  - jmeter.JMeter: java.version=1.8.0_121 
2017/06/14 22:19:28 INFO  - jmeter.JMeter: java.vm.name=Java HotSpot(TM) 64-Bit Server VM 
2017/06/14 22:19:28 INFO  - jmeter.JMeter: os.name=Mac OS X 
2017/06/14 22:19:28 INFO  - jmeter.JMeter: os.arch=x86_64 
2017/06/14 22:19:28 INFO  - jmeter.JMeter: os.version=10.12.3 
2017/06/14 22:19:28 INFO  - jmeter.JMeter: file.encoding=UTF-8 
2017/06/14 22:19:28 INFO  - jmeter.JMeter: Max memory     =3817865216 
2017/06/14 22:19:28 INFO  - jmeter.JMeter: Available Processors =4 
2017/06/14 22:19:28 INFO  - jmeter.JMeter: Default Locale=English (United States) 
2017/06/14 22:19:28 INFO  - jmeter.JMeter: JMeter  Locale=English (United States) 
2017/06/14 22:19:28 INFO  - jmeter.JMeter: JMeterHome=/Users/daper01/.bzt/jmeter-taurus 
2017/06/14 22:19:28 INFO  - jmeter.JMeter: user.dir  =/Users/daper01/Documents/OSLo/from_scenario 
2017/06/14 22:19:28 INFO  - jmeter.JMeter: PWD       =/Users/daper01/Documents/OSLo/from_scenario 
2017/06/14 22:19:28 INFO  - jmeter.JMeter: IP: 192.168.1.77 Name: daper01mac1124 FullName: daper01mac1124 
2017/06/14 22:19:28 INFO  - jmeter.JMeter: user.classpath=/Users/daper01/Documents/OSLo/from_scenario/2017-06-14_22-19-27.880593 
2017/06/14 22:19:28 INFO  - jmeter.JMeter: Adding to classpath and loader: /Users/daper01/Documents/OSLo/from_scenario/2017-06-14_22-19-27.880593 
2017/06/14 22:19:28 INFO  - jmeter.services.FileServer: Default base='/Users/daper01/Documents/OSLo/from_scenario' 
2017/06/14 22:19:28 INFO  - jmeter.services.FileServer: Set new base='/Users/daper01/Documents/OSLo/from_scenario/2017-06-14_22-19-27.880593' 
2017/06/14 22:19:29 INFO  - jmeter.save.SaveService: Testplan (JMX) version: 2.2. Testlog (JTL) version: 2.2 
2017/06/14 22:19:29 INFO  - jmeter.save.SaveService: Using SaveService properties file encoding UTF-8 
2017/06/14 22:19:29 INFO  - jmeter.save.SaveService: Using SaveService properties version 3.1 
2017/06/14 22:19:29 INFO  - jmeter.save.SaveService: All converter versions present and correct 
2017/06/14 22:19:29 INFO  - jmeter.save.SaveService: Loading file: /Users/daper01/Documents/OSLo/from_scenario/2017-06-14_22-19-27.880593/modified_requests.jmx 
2017/06/14 22:19:29 INFO  - jmeter.protocol.http.control.CacheManager: Will only cache the following methods: [GET] 
2017/06/14 22:19:29 INFO  - jmeter.protocol.http.control.CookieManager: Settings: Delete null: true Check: true Allow variable: true Save: false Prefix: COOKIE_ 
2017/06/14 22:19:29 INFO  - jmeter.protocol.http.sampler.HTTPSamplerBase: Parser for text/html is org.apache.jmeter.protocol.http.parser.LagartoBasedHtmlParser 
2017/06/14 22:19:29 INFO  - jmeter.protocol.http.sampler.HTTPSamplerBase: Parser for application/xhtml+xml is org.apache.jmeter.protocol.http.parser.LagartoBasedHtmlParser 
2017/06/14 22:19:29 INFO  - jmeter.protocol.http.sampler.HTTPSamplerBase: Parser for application/xml is org.apache.jmeter.protocol.http.parser.LagartoBasedHtmlParser 
2017/06/14 22:19:29 INFO  - jmeter.protocol.http.sampler.HTTPSamplerBase: Parser for text/xml is org.apache.jmeter.protocol.http.parser.LagartoBasedHtmlParser 
2017/06/14 22:19:29 INFO  - jmeter.protocol.http.sampler.HTTPSamplerBase: Parser for text/vnd.wap.wml is org.apache.jmeter.protocol.http.parser.RegexpHTMLParser 
2017/06/14 22:19:29 INFO  - jmeter.protocol.http.sampler.HTTPSamplerBase: Parser for text/css is org.apache.jmeter.protocol.http.parser.CssParser 
2017/06/14 22:19:29 INFO  - jmeter.engine.StandardJMeterEngine: Running the test! 
2017/06/14 22:19:29 INFO  - jmeter.samplers.SampleEvent: List of sample_variables: [] 
2017/06/14 22:19:29 INFO  - jmeter.samplers.SampleEvent: List of sample_variables: [] 
2017/06/14 22:19:29 INFO  - jmeter.engine.util.CompoundVariable: Note: Function class names must contain the string: '.functions.' 
2017/06/14 22:19:29 INFO  - jmeter.engine.util.CompoundVariable: Note: Function class names must not contain the string: '.gui.' 
2017/06/14 22:19:29 INFO  - jmeter.JMeter: Running test (1497503969281) 
2017/06/14 22:19:29 INFO  - jmeter.engine.StandardJMeterEngine: Starting ThreadGroup: 1 : ThreadGroup 
2017/06/14 22:19:29 INFO  - jmeter.engine.StandardJMeterEngine: Starting 1 threads for group ThreadGroup. 
2017/06/14 22:19:29 INFO  - jmeter.engine.StandardJMeterEngine: Thread will continue on error 
2017/06/14 22:19:29 INFO  - jmeter.threads.ThreadGroup: Starting thread group number 1 threads 1 ramp-up 0 perThread 0.0 delayedStart=false 
2017/06/14 22:19:29 INFO  - jmeter.threads.ThreadGroup: Started thread group number 1 
2017/06/14 22:19:29 INFO  - jmeter.engine.StandardJMeterEngine: All thread groups have been started 
2017/06/14 22:19:29 INFO  - jmeter.threads.JMeterThread: Thread started: ThreadGroup 1-1 
2017/06/14 22:19:29 INFO  - jmeter.protocol.http.sampler.HTTPHCAbstractImpl: Local host = daper01mac1124 
2017/06/14 22:19:29 INFO  - jmeter.protocol.http.sampler.HTTPHC4Impl: HTTP request retry count = 0 
2017/06/14 22:19:29 INFO  - jmeter.samplers.SampleResult: Note: Sample TimeStamps are START times 
2017/06/14 22:19:29 INFO  - jmeter.samplers.SampleResult: sampleresult.default.encoding is set to UTF-8 
2017/06/14 22:19:29 INFO  - jmeter.samplers.SampleResult: sampleresult.useNanoTime=true 
2017/06/14 22:19:29 INFO  - jmeter.samplers.SampleResult: sampleresult.nanoThreadSleep=5000 
2017/06/14 22:19:49 INFO  - jmeter.threads.JMeterThread: Stopping because end time detected by thread: ThreadGroup 1-1 
2017/06/14 22:19:49 INFO  - jmeter.threads.JMeterThread: Thread finished: ThreadGroup 1-1 
2017/06/14 22:19:49 INFO  - jmeter.engine.StandardJMeterEngine: Notifying test listeners of end of test 
2017/06/14 22:19:49 INFO  - jmeter.engine.StandardJMeterEngine: Forced JVM shutdown requested at end of test 
